<?xml version="1.0" encoding="utf-8"?>
<!-- edited with XMLSpy v2018 rel. 2 sp1 (x64) (http://www.altova.com) by Nakul (Zuken E3 GmbH) -->
<Harness xmlns:xsd="http://www.w3.org/2001/XMLSchema" xmlns:xsi="http://www.w3.org/2001/XMLSchema-instance" name="NL3T-14401-AAC_wires" schemaVersion="1.0.0" author="pgiorio" creationDate="2021-09-15T14:13:39.6543194-04:00" versionE3="1920" versionRoutingBridge="2.14.5.0">
	<Option id="OPTION_b4-3e-0-2f83e0" description="Non-Phantom" value="A1CAA"/>
	<Option id="OPTION_e9-3e-0-4c6e67" description="AWD - 1spd TOD" value="FMLAU"/>
	<Option id="OPTION_e9-3e-0-4c6e39" description="3.5l V6 Pfi" value="EN_KX"/>
	<Option id="OPTION_e9-3e-0-4c6e71" description="700W Brushed Fan" value="DAYAN"/>
	<Option id="OPTION_e9-3e-0-4c6e73" description="700W Brushless Fan" value="DAYAP"/>
	<Option id="OPTION_b4-3e-0-2f83e2" description="Phantom" value="A1CAF"/>
	<Option id="OPTION_b4-3e-0-2f82ed" description="Illuminated Scuff Plates" value="A1PBA"/>
	<Option id="OPTION_b4-3e-0-2f82ef" description="FRONT SCUFF PLATES-W/INSERT" value="A1PBB"/>
	<Option id="OPTION_b4-3e-0-2f82f1" description="Non-Illuminated Scuff Plates" value="A1PBN"/>
	<Option id="OPTION_66-3e-0-713b3a" description="Less Front Bumper Air Dam" value="A3KAA"/>
	<Option id="OPTION_e9-3e-0-4c6e9f" description="Less Outside Temp Display" value="HJEAA"/>
	<Option id="OPTION_66-3e-0-713b3c" description="Active Front Bumper Air Dam" value="A3KAD"/>
	<Option id="OPTION_8a-3e-0-33b39c" description="Less Manual Regen Initation" value="A6YAA"/>
	<Option id="OPTION_8a-3e-0-33b3a1" description="Manual Regen Initiation" value="A6YAB"/>
	<Option id="OPTION_8a-3e-0-33b3a6" description="Man Regen w/ Active Regen Inhib" value="A6YAC"/>
	<Option id="OPTION_b4-3e-0-2f82c5" description="Tailgate - Conventional" value="A7AAB"/>
	<Option id="OPTION_b4-3e-0-2f82c7" description="Tailgate - With Fleixible Step" value="A7AAC"/>
	<Option id="OPTION_89-3e-0-305b66" description="T/Gate Hi Series Flx Step w/AP" value="A7ABD"/>
	<Option id="OPTION_2-3e-0-4a5a5" description="8' Box" value="A9CBC"/>
	<Option id="OPTION_2-3e-0-4a5a3" description="5.5' Box" value="A9CBK"/>
	<Option id="OPTION_2-3e-0-4a5a4" description="6.5' Box" value="A9CBL"/>
	<Option id="OPTION_8a-3e-0-33b4c8" description="Less My Key" value="A64AA"/>
	<Option id="OPTION_8a-3e-0-33b4cd" description="My Key" value="A64AB"/>
	<Option id="OPTION_b4-3e-0-2f83f4" description="122.5&quot; Wheelbase" value="AA5F7"/>
	<Option id="OPTION_b4-3e-0-2f83f6" description="133&quot; Frame - Phantom Only" value="AA5G3"/>
	<Option id="OPTION_b4-3e-0-2f83f8" description="141&quot; Wheelbase" value="AA5H1"/>
	<Option id="OPTION_b4-3e-0-2f83fa" description="145&quot; Wheelbase" value="AA5H5"/>
	<Option id="OPTION_b4-3e-0-2f83fc" description="157&quot; Wheelbase" value="AA5I7"/>
	<Option id="OPTION_b4-3e-0-2f83fe" description="163&quot; Wheelbase" value="AA5J3"/>
	<Option id="OPTION_b4-3e-0-2f8398" description="2 SWITCH ECP" value="AAA02"/>
	<Option id="OPTION_b4-3e-0-2f839a" description="3 SWITCH ECP" value="AAA03"/>
	<Option id="OPTION_b4-3e-0-2f83e4" description="Lariat" value="AAAA5"/>
	<Option id="OPTION_b4-3e-0-2f83e6" description="Platinum" value="AAAA6"/>
	<Option id="OPTION_2e-3e-0-5a1d60" description="Ambient Scuffs" value="AAAAW"/>
	<Option id="OPTION_b4-3e-0-2f839c" description="Performance Version" value="AAAD8"/>
	<Option id="OPTION_b4-3e-0-2f839e" description="F-150" value="AAAET"/>
	<Option id="OPTION_89-3e-0-3056ef" description="F-150 BEV" value="AAAFC"/>
	<Option id="OPTION_b4-3e-0-2f83e8" description="XL" value="AAAHB"/>
	<Option id="OPTION_b4-3e-0-2f83ea" description="XLT" value="AAAHC"/>
	<Option id="OPTION_b4-3e-0-2f83ec" description="King Ranch" value="AAAKR"/>
	<Option id="OPTION_60-3e-0-95747" description="Phantom" value="AAAPN"/>
	<Option id="OPTION_2e-3e-0-5a1d62" description="Less Ambient Scuffs" value="AAAXX"/>
	<Option id="OPTION_89-3e-0-3056a5" description="Less Version Packages" value="AACAA"/>
	<Option id="OPTION_8a-3e-0-33b4d2" description="Appearance Pkg - Chrome" value="AACAX"/>
	<Option id="OPTION_8a-3e-0-33b4d7" description="Appearance Pkg - Chrome - Lariat" value="AACC3"/>
	<Option id="OPTION_8a-3e-0-33b4dc" description="Appearance Pkg - Chrome #2" value="AACFB"/>
	<Option id="OPTION_8a-3e-0-33b4e1" description="Appearance Pkg - Chrome #3" value="AACFC"/>
	<Option id="OPTION_8a-3e-0-33b4e6" description="Appearance Pkg - Chrome #4" value="AACFT"/>
	<Option id="OPTION_89-3e-0-3056aa" description="Sport Pkg - XLT" value="AACS2"/>
	<Option id="OPTION_8a-3e-0-33b4eb" description="Sport Pkg - Lariat" value="AACS3"/>
	<Option id="OPTION_8a-3e-0-33b4f0" description="Sport Pkg - Version" value="AACTG"/>
	<Option id="OPTION_b4-3e-0-2f83a0" description="LESS POLICE" value="AAEAA"/>
	<Option id="OPTION_b4-3e-0-2f83a2" description="POLICE" value="AAEAC"/>
	<Option id="OPTION_ac-3e-0-9c4dec" description="Plant Assigned at Order Rec" value="AAGAA"/>
	<Option id="OPTION_b4-3e-0-2f83a6" description="Dearborn Assy Plant" value="AAGAF"/>
	<Option id="OPTION_b4-3e-0-2f83a8" description="Kansas City Assy Plant" value="AAGAJ"/>
	<Option id="OPTION_b4-3e-0-2f83b2" description="Less Special Equipment Package" value="AALAA"/>
	<Option id="OPTION_b4-3e-0-2f83b4" description="Snowplow Package" value="AALAK"/>
	<Option id="OPTION_19-3e-0-b6fa2" description="LessTerrain Package - Raptor 4x4 sw" value="AAQAA"/>
	<Option id="OPTION_18-3e-0-20e104" description="Terrain Package - Raptor 4x4 sw" value="AAQAB"/>
	<Option id="OPTION_f2-3e-0-3260b7" description="Less Tractor/Trailer Equip Pkg" value="AATAA"/>
	<Option id="OPTION_f2-3e-0-3260b9" description="Trailer TPMS/Trailer Camper Prep Pack 1" value="AATAF"/>
	<Option id="OPTION_89-3e-0-3056af" description="Less Exterior Dress Up Package" value="AAXAA"/>
	<Option id="OPTION_8a-3e-0-33b4f5" description="Off Road Equipment Pkg" value="AAXAD"/>
	<Option id="OPTION_8a-3e-0-33b4fa" description="Less Appearance Group" value="AB2AA"/>
	<Option id="OPTION_8a-3e-0-33b4ff" description="Appearance Pkg" value="AB2AC"/>
	<Option id="OPTION_8a-3e-0-33b504" description="STX Pkg" value="AB2AU"/>
	<Option id="OPTION_a5-3e-0-354496" description="XLT Black Appearance Pkg" value="AB2AV"/>
	<Option id="OPTION_a5-3e-0-35449f" description="Lariat Black Appearance Pkg" value="AB2AW"/>
	<Option id="OPTION_a5-3e-0-3544a4" description="Platinum Black Appearance Pkg" value="AB2AX"/>
	<Option id="OPTION_a5-3e-0-3544a9" description="STX Black Appearance Pkg" value="AB2AY"/>
	<Option id="OPTION_ac-3e-0-9c4e34" description="Appearance Group #2" value="AB2BB"/>
	<Option id="OPTION_b4-3e-0-2f83ba" description="Less SSV Pkg" value="ABEAA"/>
	<Option id="OPTION_b4-3e-0-2f83bc" description="SSV Pkg" value="ABECH"/>
	<Option id="OPTION_89-3e-0-305af0" description="600A" value="ABMAB"/>
	<Option id="OPTION_89-3e-0-305af3" description="601A" value="ABMAC"/>
	<Option id="OPTION_89-3e-0-305afa" description="700A" value="ABMAD"/>
	<Option id="OPTION_89-3e-0-305afd" description="701A" value="ABMAE"/>
	<Option id="OPTION_89-3e-0-305b04" description="900A" value="ABMAF"/>
	<Option id="OPTION_89-3e-0-305b0b" description="800A" value="ABMAH"/>
	<Option id="OPTION_89-3e-0-305b0d" description="801A" value="ABMAJ"/>
	<Option id="OPTION_89-3e-0-305b0f" description="802A" value="ABMAK"/>
	<Option id="OPTION_ac-3e-0-9c4d81" description="400A" value="ABMAM"/>
	<Option id="OPTION_89-3e-0-305ad7" description="401A" value="ABMAN"/>
	<Option id="OPTION_89-3e-0-305ada" description="402A" value="ABMAP"/>
	<Option id="OPTION_89-3e-0-305b2c" description="110A - PRO BEV - Base" value="ABMBE"/>
	<Option id="OPTION_89-3e-0-305b2f" description="311A - XLT BEV - Mid" value="ABMBF"/>
	<Option id="OPTION_89-3e-0-305b32" description="312A - XLT BEV - Lux" value="ABMBG"/>
	<Option id="OPTION_89-3e-0-305b3b" description="510A Lariat BEV - Base" value="ABMBK"/>
	<Option id="OPTION_89-3e-0-305b3e" description="511A Lariat BEV - Mid" value="ABMBL"/>
	<Option id="OPTION_89-3e-0-305b45" description="710A - Platinum BEV - Base" value="ABMBR"/>
	<Option id="OPTION_ac-3e-0-9c4d95" description="140A SSV" value="ABMBT"/>
	<Option id="OPTION_89-3e-0-305abd" description="150A Police" value="ABMBU"/>
	<Option id="OPTION_89-3e-0-305ab9" description="100A" value="ABML1"/>
	<Option id="OPTION_89-3e-0-305abb" description="101A" value="ABML2"/>
	<Option id="OPTION_89-3e-0-305ac8" description="300A" value="ABML3"/>
	<Option id="OPTION_89-3e-0-305acb" description="301A" value="ABML4"/>
	<Option id="OPTION_89-3e-0-305ace" description="302A" value="ABML5"/>
	<Option id="OPTION_89-3e-0-305ae1" description="500A" value="ABML6"/>
	<Option id="OPTION_89-3e-0-305ae4" description="501A" value="ABML7"/>
	<Option id="OPTION_89-3e-0-305ae7" description="502A" value="ABML8"/>
	<Option id="OPTION_2-3e-0-4a557" description="Less High Ambient Temperature Cooling" value="ABTAA"/>
	<Option id="OPTION_2-3e-0-4a558" description="HI Ambient Temp/Speed Pack" value="ABTAB"/>
	<Option id="OPTION_8a-3e-0-33b518" description="Less Exterior Light Pack" value="ABWAA"/>
	<Option id="OPTION_8a-3e-0-33b51d" description="360 Lighting" value="ABWAT"/>
	<Option id="OPTION_2e-3e-0-5a1d24" description="Manual A/C" value="AC_B"/>
	<Option id="OPTION_2e-3e-0-5a1d26" description="Dual Zone Auto Temp Control A/C" value="AC_G"/>
	<Option id="OPTION_a5-3e-0-353a12" description="Less Toll Collect" value="ADFAA"/>
	<Option id="OPTION_a5-3e-0-353a16" description="Toll Collect" value="ADFAC"/>
	<Option id="OPTION_62-3e-0-9275ad" description="Less Smart Sense Pack" value="ADJAA"/>
	<Option id="OPTION_62-3e-0-9275af" description="Smart Hitch" value="ADJAD"/>
	<Option id="OPTION_b4-3e-0-2f83c6" description="XL Work" value="AFRAB"/>
	<Option id="OPTION_b4-3e-0-2f83c8" description="XL Base" value="AFRAC"/>
	<Option id="OPTION_b4-3e-0-2f83ca" description="XL Mid" value="AFRAD"/>
	<Option id="OPTION_b4-3e-0-2f83cc" description="XLT Work" value="AFRAE"/>
	<Option id="OPTION_b4-3e-0-2f83ce" description="XLT Base" value="AFRAF"/>
	<Option id="OPTION_b4-3e-0-2f83d0" description="XLT Mid" value="AFRAG"/>
	<Option id="OPTION_b4-3e-0-2f83d2" description="XLT Lux" value="AFRAH"/>
	<Option id="OPTION_b4-3e-0-2f83d4" description="Lariat Base" value="AFRAJ"/>
	<Option id="OPTION_b4-3e-0-2f83d6" description="Lariat Mid" value="AFRAK"/>
	<Option id="OPTION_b4-3e-0-2f83d8" description="Lariat Lux" value="AFRAL"/>
	<Option id="OPTION_b4-3e-0-2f83da" description="King Ranch Base" value="AFRAM"/>
	<Option id="OPTION_b4-3e-0-2f83dc" description="Platinum Base" value="AFRAN"/>
	<Option id="OPTION_2-3e-0-4a55e" description="Manual Front Windows" value="B2CAB"/>
	<Option id="OPTION_2-3e-0-4a55f" description="Power Front Windows" value="B2CAC"/>
	<Option id="OPTION_d-3e-0-5ae4a6" description="Less Rear Side Window" value="B2DAA"/>
	<Option id="OPTION_bb-3e-0-13d1fa" description="Non-power Rear Side Windows" value="B2DAB"/>
	<Option id="OPTION_2d-3e-0-ec77c" description="Power Rear Side Window" value="B2DAC"/>
	<Option id="OPTION_21-3e-0-100c64" description="Fixed Rear Side Window" value="B2DAF"/>
	<Option id="OPTION_b4-3e-0-2f8371" description="Less HTD WINDSH/WIPER PARK" value="B2UAA"/>
	<Option id="OPTION_ae-3e-0-51cc78" description="HTD WINSH/WIPER PARK" value="B2UAB"/>
	<Option id="OPTION_b4-3e-0-2f8377" description="Fixed Rear Window" value="B3HAC"/>
	<Option id="OPTION_b4-3e-0-2f8379" description="Sliding Rear Window" value="B3HAD"/>
	<Option id="OPTION_b4-3e-0-2f837b" description="Power Sliding Rear Window" value="B3HAE"/>
	<Option id="OPTION_b4-3e-0-2f837f" description="Less Rear Window Defroster" value="B3NAA"/>
	<Option id="OPTION_b4-3e-0-2f8381" description="Electric Rear Window Defroster" value="B3NAB"/>
	<Option id="OPTION_2e-3e-0-5a1d2a" description="Less Overhead Console" value="B5VAA"/>
	<Option id="OPTION_2e-3e-0-5a1d2c" description="Overhead Console - MID" value="B5VAB"/>
	<Option id="OPTION_2e-3e-0-5a1d2e" description="MINI OVERHEAD CONSOLE" value="B5VAC"/>
	<Option id="OPTION_2e-3e-0-5a1d30" description="Overhead Console - FULL" value="B5VAG"/>
	<Option id="OPTION_2e-3e-0-5a1d34" description="Less Floor Console / Column Shifter" value="B5WAA"/>
	<Option id="OPTION_2e-3e-0-5a1d36" description="King Ranch Flowthrough Console / Floor Shifter" value="B5WAZ"/>
	<Option id="OPTION_2e-3e-0-5a1d38" description="Platinum Flowthrough Console / Floor Shifter" value="B5WBF"/>
	<Option id="OPTION_2e-3e-0-5a1d3a" description="Flowthrough Console / Floor Shifter" value="B5WBG"/>
	<Option id="OPTION_2e-3e-0-5a1d3c" description="Flowthrough Console / Column Shifter" value="B5WBK"/>
	<Option id="OPTION_2-3e-0-4a524" description="Fixed Pedals" value="BB7AB"/>
	<Option id="OPTION_2-3e-0-4a525" description="Power Adjustable Pedals" value="BB7AC"/>
	<Option id="OPTION_2-3e-0-4a526" description="Memory Adjustable Pedals" value="BB7AD"/>
	<Option id="OPTION_2e-3e-0-5a1d80" description="Drv Non-illuminated, non-mirrored visor" value="BCAAB"/>
	<Option id="OPTION_2e-3e-0-5a1d82" description="Pass MR Insert" value="BCAAC"/>
	<Option id="OPTION_2e-3e-0-5a1d84" description="Drv Non-illum" value="BCAAD"/>
	<Option id="OPTION_2e-3e-0-5a1d86" description="Drv Illuminated Visor" value="BCAAE"/>
	<Option id="OPTION_2e-3e-0-5a1d88" description="SUNVISORSINGLE-PASS MR INSERT" value="BCBAC"/>
	<Option id="OPTION_2e-3e-0-5a1d8a" description="Pass Non-illum" value="BCBAD"/>
	<Option id="OPTION_2e-3e-0-5a1d8c" description="Pass Illuminated" value="BCBAE"/>
	<Option id="OPTION_89-3e-0-30569d" description="Less Fan - Electric Vehicle" value="BHMAA"/>
	<Option id="OPTION_89-3e-0-3056a1" description="Fan - Electric Vehicle" value="BHMAB"/>
	<Option id="OPTION_b4-3e-0-2f82c9" description="All Non-Power Running Boards" value="BLB03"/>
	<Option id="OPTION_b4-3e-0-2f82cb" description="RNG Board - Chrome Angular" value="BLBA8"/>
	<Option id="OPTION_b4-3e-0-2f82cd" description="No Running Boards" value="BLBAA"/>
	<Option id="OPTION_b4-3e-0-2f82cf" description="RNG Boards - Tremor" value="BLBAB"/>
	<Option id="OPTION_89-3e-0-305b6b" description="RNG Boards - Lighted - BEV" value="BLBAC"/>
	<Option id="OPTION_b4-3e-0-2f82d1" description="RNG Boards - Full Length" value="BLBAF"/>
	<Option id="OPTION_b4-3e-0-2f82d3" description="RNG Boards - Power  Deployable" value="BLBAL"/>
	<Option id="OPTION_b4-3e-0-2f82d5" description="RNG Boards - Tubular" value="BLBAP"/>
	<Option id="OPTION_b4-3e-0-2f82d7" description="RNG Boards - Platform Black" value="BLBAR"/>
	<Option id="OPTION_b4-3e-0-2f838b" value="BLBAU"/>
	<Option id="OPTION_b4-3e-0-2f82d9" description="RNG Boards - Tubular Chrome" value="BLBAV"/>
	<Option id="OPTION_b4-3e-0-2f82db" description="RNG Boards - Tubular Accent" value="BLBBB"/>
	<Option id="OPTION_b4-3e-0-2f82dd" description="RNG Boards - Pwr Deploy Level 2" value="BLBBE"/>
	<Option id="OPTION_b4-3e-0-2f82df" description="RNG Boards - Accent Color" value="BLBBF"/>
	<Option id="OPTION_b4-3e-0-2f82e1" description="RNG Boards - 6' Chrome Extended Length" value="BLBBL"/>
	<Option id="OPTION_b4-3e-0-2f838d" value="BLBBN"/>
	<Option id="OPTION_b4-3e-0-2f82e3" description="RNG Boards - Extended Lenght Accent color" value="BLBBS"/>
	<Option id="OPTION_fd-3e-0-9aa5c6" description="RNG Boards -  Pwr Deploy Level 3" value="BLBBT"/>
	<Option id="OPTION_b4-3e-0-2f82e5" description="LESS PWR RUNNING BOARDS" value="BLBXX"/>
	<Option id="OPTION_89-3e-0-305b70" description="Grille - Mold In Color" value="BLDA4"/>
	<Option id="OPTION_89-3e-0-305b73" description="Chrome Grille" value="BLDAB"/>
	<Option id="OPTION_89-3e-0-305b76" description="Paintedr Grille" value="BLDAC"/>
	<Option id="OPTION_89-3e-0-305b79" description="Unique Body Colored Grille" value="BLDAD"/>
	<Option id="OPTION_89-3e-0-305b7c" description="Bright Grille" value="BLDAE"/>
	<Option id="OPTION_89-3e-0-305b7f" description="Body Color/Slot #1 Grille" value="BLDAG"/>
	<Option id="OPTION_89-3e-0-305b82" description="Grille &amp; Bars - Body Color (w/ Light Bar - BEV)" value="BLDBH"/>
	<Option id="OPTION_89-3e-0-305b85" description="Painted Grille - Style #2" value="BLDBN"/>
	<Option id="OPTION_89-3e-0-305b88" description="Body Color Surface/Acc Color Insert Grille" value="BLDCD"/>
	<Option id="OPTION_89-3e-0-305b8b" description="Grille - Chrome (w/ Light Bar - BEV)" value="BLDCE"/>
	<Option id="OPTION_89-3e-0-305b8e" description="Chrome #1 Grille" value="BLDCU"/>
	<Option id="OPTION_89-3e-0-305b91" description="Chrome #3 Grille" value="BLDCW"/>
	<Option id="OPTION_89-3e-0-305b94" description="Chrome Sur/Mesh Insert Grille" value="BLDDA"/>
	<Option id="OPTION_89-3e-0-305b97" description="Painted Style #3 Grille" value="BLDEJ"/>
	<Option id="OPTION_89-3e-0-305b9a" description="Painted Style #4 Grille" value="BLDFE"/>
	<Option id="OPTION_89-3e-0-305b9d" description="Painted Grille (w/ Light Bar - BEV)" value="BLDFH"/>
	<Option id="OPTION_2e-3e-0-5a1d72" description="AutoDim RV Mir w/Lane Keeping" value="BSBA7"/>
	<Option id="OPTION_2e-3e-0-5a1d74" description="AutoDim RV Mir w/o Lane Keeping" value="BSBA8"/>
	<Option id="OPTION_2e-3e-0-5a1d76" description="Non E/C Mirror" value="BSBAB"/>
	<Option id="OPTION_2e-3e-0-5a1d78" description="E/C Mirror" value="BSBAC"/>
	<Option id="OPTION_2e-3e-0-5a1d7a" description="ELECTRON. DAY/NIGHT INSIDE MIR" value="BSBAF"/>
	<Option id="OPTION_2e-3e-0-5a1d7c" description="Rain Sense + E/C Mirror" value="BSBAQ"/>
	<Option id="OPTION_b4-3e-0-2f82fb" description="Power Adjustable Mirrors" value="BSHA6"/>
	<Option id="OPTION_b4-3e-0-2f82fd" description="Manual Mirrors" value="BSHA7"/>
	<Option id="OPTION_b4-3e-0-2f82ff" description="Manual Telescoping Trailer Tow Mirrors with Power and Signal and Heat" value="BSHBD"/>
	<Option id="OPTION_b4-3e-0-2f8301" description="Power Telescoping Trailer Tow Mirrors with Power and Signal and Heat and EC and Memory" value="BSHBE"/>
	<Option id="OPTION_b4-3e-0-2f8303" description="Manual Telescoping Trailer Tow Mirrors" value="BSHBN"/>
	<Option id="OPTION_b4-3e-0-2f8305" description="Power Adjustable Mirrors w/Signal and Heat and EC and Pwr Fold and Memory" value="BSHDF"/>
	<Option id="OPTION_b4-3e-0-2f8307" description="Power Adjustable Mirrors w/Signal and Heat and EC" value="BSHDJ"/>
	<Option id="OPTION_b4-3e-0-2f8309" description="DU PWR ADJ/HT/BLIND SPOT" value="BSHE1"/>
	<Option id="OPTION_b4-3e-0-2f830b" description="LESS DUALSAIL TELESC TT MIRROR PWR" value="BSHXX"/>
	<Option id="OPTION_2-3e-0-4a50b" description="L/ Rear Under Seat Stow Bin" value="BVKAA"/>
	<Option id="OPTION_2-3e-0-4a50c" description="Rear Under Seat Stow Bin" value="BVKAB"/>
	<Option id="OPTION_8a-3e-0-33b346" description="RR Underseat Stow Luxury Box" value="BVKAC"/>
	<Option id="OPTION_2-3e-0-4a511" description="Driver Seat Fixed Lumbar" value="BWRAA"/>
	<Option id="OPTION_2-3e-0-4a512" description="Driver Seat Manual Lumbar" value="BWRAB"/>
	<Option id="OPTION_2-3e-0-4a513" description="Driver Seat Power Lumbar" value="BWRAC"/>
	<Option id="OPTION_2-3e-0-4a515" description="Passenger Seat Fixed Lumbar" value="BWSAA"/>
	<Option id="OPTION_8a-3e-0-33b34a" description="Lumbar Seat Supt-Pass Seat" value="BWSAB"/>
	<Option id="OPTION_2-3e-0-4a516" description="Passenger Seat Power Lumbar" value="BWSAC"/>
	<Option id="OPTION_2-3e-0-4a51c" description="Less Multi-Contour Seat" value="BX2AA"/>
	<Option id="OPTION_2-3e-0-4a51d" description="Multi-Contour Seat" value="BX2AB"/>
	<Option id="OPTION_2-3e-0-4a518" description="Non-Temperature Controlled Seats" value="BY1AA"/>
	<Option id="OPTION_2-3e-0-4a519" description="Heated Seats" value="BY1AC"/>
	<Option id="OPTION_2-3e-0-4a51a" description="Heated/Cooled Seats" value="BY1AJ"/>
	<Option id="OPTION_2-3e-0-4a520" description="Less Rear Heated Seats" value="BY3AA"/>
	<Option id="OPTION_2-3e-0-4a521" description="Rear Heated Seats" value="BY3AB"/>
	<Option id="OPTION_2-3e-0-4a506" description="2-Way Manual Driver Seat" value="BYPAB"/>
	<Option id="OPTION_66-3e-0-4f5ed" description="8-Way Power Seat" value="BYPAK"/>
	<Option id="OPTION_2-3e-0-4a508" description="10-Way Power Driver Seat" value="BYPAM"/>
	<Option id="OPTION_2-3e-0-4a509" description="10-Way Power Driver Seat with Memory" value="BYPBC"/>
	<Option id="OPTION_ab-3e-0-17192b" description="10-Way Pwr Driver Seat Adjust #2 - Sleeper" value="BYPBL"/>
	<Option id="OPTION_2-3e-0-4a50e" description="2-Way Manual Passenger Seat" value="BYQAB"/>
	<Option id="OPTION_2-3e-0-4a50f" description="10-Way Power Passenger Seat" value="BYQAM"/>
	<Option id="OPTION_8a-3e-0-33b34f" description="8-Way Pwr Passenger Seat" value="BYQAP"/>
	<Option id="OPTION_8a-3e-0-33b354" description="8-Way Pwr Passenger Seat Adjust #2 - Sleeper" value="BYQAV"/>
	<Option id="OPTION_ce-3e-0-110771" description="PWR 10-WAY PASS SEAT ADJUST #2" value="BYQBL"/>
	<Option id="OPTION_2-3e-0-4a538" description="Less Trailer Tow Pkg" value="C1CAA"/>
	<Option id="OPTION_2-3e-0-4a53a" description="Trailer Tow - Heavy Duty" value="C1CAE"/>
	<Option id="OPTION_2-3e-0-4a539" description="Trailer Tow - Medium Duty" value="C1CAG"/>
	<Option id="OPTION_2-3e-0-4a53b" description="Trailer Tow - Max Duty" value="C1CAP"/>
	<Option id="OPTION_8a-3e-0-33b36d" description="Trailer Tow - Pack 11" value="C1CBA"/>
	<Option id="OPTION_8a-3e-0-33b372" description="Trailer Tow - Pack 13" value="C1CBC"/>
	<Option id="OPTION_46-3e-0-26e7a" description="Less Trailer Module" value="C2BAA"/>
	<Option id="OPTION_46-3e-0-26e7c" description="Trailer Tow Lighting Module" value="C2BAW"/>
	<Option id="OPTION_8a-3e-0-33b37c" description="Less Trailer Hitch Guide" value="C2FAA"/>
	<Option id="OPTION_8a-3e-0-33b381" description="Trailer Hitch Guide" value="C2FAB"/>
	<Option id="OPTION_b4-3e-0-2f83ac" description="Regular Cab" value="CA_BB"/>
	<Option id="OPTION_b4-3e-0-2f8392" description="Crew Cab" value="CA_BC"/>
	<Option id="OPTION_b4-3e-0-2f83ae" description="Super Cab" value="CA_BD"/>
	<Option id="OPTION_a1-3e-0-132068" description="Less Remote Tailgate Release" value="CAQAA"/>
	<Option id="OPTION_a1-3e-0-13206a" description="Remote Tailgate Release" value="CAQAB"/>
	<Option id="OPTION_b4-3e-0-2f83f0" value="CAQAJ"/>
	<Option id="OPTION_89-3e-0-305b52" description="Frequency 315 mhz" value="CB7AB"/>
	<Option id="OPTION_89-3e-0-305b55" description="Frequency 433 mhz" value="CB7AC"/>
	<Option id="OPTION_89-3e-0-305b58" description="Frequency 868 mhz" value="CB7AD"/>
	<Option id="OPTION_ac-3e-0-9c4dcc" description="Frequency 902 MHZ" value="CB7AE"/>
	<Option id="OPTION_89-3e-0-305b5b" description="Frequency 315/902 mhz" value="CB7AF"/>
	<Option id="OPTION_2-3e-0-4a594" description="Manual Door Locks" value="CBAAC"/>
	<Option id="OPTION_2-3e-0-4a595" description="Power Door Locks" value="CBAAF"/>
	<Option id="OPTION_20-3e-0-1c758" description="Less Door Entry Remote Ctrl Unit" value="CBFAA"/>
	<Option id="OPTION_20-3e-0-1c75e" description="Dr Entry Remote Cntr Unit - Flip Key" value="CBFAL"/>
	<Option id="OPTION_20-3e-0-1c760" description="Dr Entry Remote Cntr Unit - Spec Sys - PEPS" value="CBFAN"/>
	<Option id="OPTION_20-3e-0-1c75c" description="Door Entry Remote - Single Chnl" value="CBFAP"/>
	<Option id="OPTION_2-3e-0-4a597" description="Less Illuminated Keyless Entry Keypad / Less IKT" value="CBGAA"/>
	<Option id="OPTION_2-3e-0-4a598" description="Less Illuminated Keyless Entry Keypad / with IKT" value="CBGAD"/>
	<Option id="OPTION_2-3e-0-4a599" description="Illuminated Keyless Entry Keypad / with IKT" value="CBGAE"/>
	<Option id="OPTION_80-3e-0-85b723" description="KEYLESS START" value="CBGAJ"/>
	<Option id="OPTION_2-3e-0-4a59a" description="Illuminated Keyless Entry Keypad / with PEPS" value="CBGAL"/>
	<Option id="OPTION_80-3e-0-85b743" description="KEYLESS START/ILUM KEYPAD" value="CBGAU"/>
	<Option id="OPTION_b-3e-0-1169294" description="Keyless Entry System 2" value="CBGAV"/>
	<Option id="OPTION_b4-3e-0-2f836b" description="Intermittent Wipers" value="CFFAB"/>
	<Option id="OPTION_b4-3e-0-2f836d" description="Rain Sense Wipers" value="CFFAE"/>
	<Option id="OPTION_b4-3e-0-3723c5" description="Less Washer Fluid Level Warn Lamp" value="CFNAA"/>
	<Option id="OPTION_b4-3e-0-3723c7" description="WASHER FLUID LEVEL WARN LAMP" value="CFNAB"/>
	<Option id="OPTION_b4-3e-0-2f8385" description="Twin Panel Moon Roof" value="CHAA1"/>
	<Option id="OPTION_b4-3e-0-2f8387" description="Less Moon Roof" value="CHAAA"/>
	<Option id="OPTION_b4-3e-0-2f8389" description="Pwr Tilt/Slide Moonroof" value="CHAAL"/>
	<Option id="OPTION_8a-3e-0-33b4c0" description="Restraints 1st Row" value="CN7AE"/>
	<Option id="OPTION_8a-3e-0-33b4c4" description="Restraints 1st &amp; 2nd Row" value="CN7AF"/>
	<Option id="OPTION_2-3e-0-4a5c1" description="Common" value="COM"/>
	<Option id="OPTION_2-3e-0-4a590" description="Less Rear Seatbelts" value="CPCAA"/>
	<Option id="OPTION_73-3e-0-84e57" description="Rear NON-Inflatable Seat Belts" value="CPCAB"/>
	<Option id="OPTION_bf-3e-0-2dc3ef" description="Front Shocks - Dual H/D" value="D1DAC"/>
	<Option id="OPTION_8a-3e-0-33b35e" description="Front Shocks - Dual H/D #2" value="D1DAG"/>
	<Option id="OPTION_66-3e-0-7c4ca9" description="Front Shocks - Off Road" value="D1DAH"/>
	<Option id="OPTION_f7-3e-0-4dd87a" description="Front Shocks - CCD" value="D1DAJ"/>
	<Option id="OPTION_66-3e-0-7c4cab" description="Front Shocks - Sport Tuned #2" value="D1DAK"/>
	<Option id="OPTION_8a-3e-0-33b363" description="Front Shocks - Sport Tuned #3" value="D1DAL"/>
	<Option id="OPTION_bf-3e-0-2dc3fb" description="Front Shocks - Premium Off Road" value="D1DAV"/>
	<Option id="OPTION_bf-3e-0-2dc3f1" description="Front Performace Shocks" value="D1DAX"/>
	<Option id="OPTION_91-3e-0-2ab640" description="Front Shocks - Sport Tuned - Raptor" value="D1DBC"/>
	<Option id="OPTION_bf-3e-0-2dc3f3" description="Rear Shocks - H/D" value="D1GAC"/>
	<Option id="OPTION_bf-3e-0-2dc3f5" value="D1GAP"/>
	<Option id="OPTION_bf-3e-0-2dc3f7" description="Rear Shocks - Premium Off Road" value="D1GAV"/>
	<Option id="OPTION_91-3e-0-2ab646" description="Rear Shocks - Sport Tuned - Raptor" value="D1GBC"/>
	<Option id="OPTION_8a-3e-0-33b359" description="Rear Shocks - Dual H/D" value="D1GBF"/>
	<Option id="OPTION_e-3e-0-72b223" description="Rear Shocks - Off Road" value="D1GBG"/>
	<Option id="OPTION_f7-3e-0-4dd878" description="Rear Shocks -  CCD" value="D1GBH"/>
	<Option id="OPTION_66-3e-0-7c4cb3" description="Rear Shocks - Sport Tuned #2" value="D1GBJ"/>
	<Option id="OPTION_89-3e-0-3058cb" description="Tire Pressure Sensors 433 mhz" value="D19AG"/>
	<Option id="OPTION_8a-3e-0-33b386" description="Tire Pressure Sensors 315 mhz" value="D19AH"/>
	<Option id="OPTION_2-3e-0-4a5a7" description="Less Trailer Backup Assist" value="DAXAA"/>
	<Option id="OPTION_2-3e-0-4a5a8" description="Trailer Backup Assist" value="DAXAC"/>
	<Option id="OPTION_8a-3e-0-33b3c4" description="Engine Fan - Primary 715W" value="DAYAH"/>
	<Option id="OPTION_16-3e-0-e2fad" description="Engine Fan - Brushless 800W" value="DAYAQ"/>
	<Option id="OPTION_16-3e-0-e2faf" description="Engine Fan - Mechanical" value="DAYAR"/>
	<Option id="OPTION_b8-3e-0-22be5b" description="Engine Fan - Brushless 1.2KW - HEV" value="DAYAS"/>
	<Option id="OPTION_a5-3e-0-354455" description="Less Driver Assist Pkg" value="DBCAA"/>
	<Option id="OPTION_a5-3e-0-35445a" description="Driver Assist Pkg #3" value="DBCAD"/>
	<Option id="OPTION_a5-3e-0-35445f" description="Driver Assist Pkg #6" value="DBCAJ"/>
	<Option id="OPTION_a5-3e-0-354468" description="Driver Assist Pkg #10" value="DBCAN"/>
	<Option id="OPTION_a5-3e-0-354471" description="Driver Assist Pkg #3C" value="DBCAU"/>
	<Option id="OPTION_a5-3e-0-35447a" description="Driver Assist Pkg #3CT" value="DBCAX"/>
	<Option id="OPTION_a5-3e-0-35447f" description="Driver Assist Pkg #6T" value="DBCAY"/>
	<Option id="OPTION_a5-3e-0-354488" description="Driver Assist Pkg #10T" value="DBCAZ"/>
	<Option id="OPTION_a5-3e-0-35448d" description="Driver Assist Pkg #1B" value="DBCBB"/>
	<Option id="OPTION_2-3e-0-4a544" description="Less Engine Block Heater" value="DEBAA"/>
	<Option id="OPTION_2-3e-0-4a545" description="Engine Block Heater" value="DEBAJ"/>
	<Option id="OPTION_8a-3e-0-33b42e" description="Less Electric Starter" value="DECAA"/>
	<Option id="OPTION_2-3e-0-4a569" description="Starter - Stop/Start" value="DECAU"/>
	<Option id="OPTION_2-3e-0-4a56a" description="Less Remote Start" value="DEEAA"/>
	<Option id="OPTION_2-3e-0-4a56b" description="Remote Start" value="DEEAB"/>
	<Option id="OPTION_8a-3e-0-33b432" description="Remote Start w/ PAAK" value="DEEAD"/>
	<Option id="OPTION_e9-3e-0-4c6e93" description="49 State" value="DGAAB"/>
	<Option id="OPTION_e9-3e-0-4c6e95" description="California/Green State" value="DGAAC"/>
	<Option id="OPTION_2-3e-0-4a55c" description="Emmisions - 50 State" value="DGAAE"/>
	<Option id="OPTION_f5-3e-0-3ace37" description="Emmisions - Stage 5 Euro" value="DGABZ"/>
	<Option id="OPTION_8a-3e-0-33b422" description="Zero Evaporated Emissions (removed v34)" value="DGACA"/>
	<Option id="OPTION_f5-3e-0-3ace39" description="Emmisions - Stage 6 China" value="DGADD"/>
	<Option id="OPTION_ac-3e-0-9c4e1c" description="Proconve L7 Emissions" value="DGADM"/>
	<Option id="OPTION_ac-3e-0-9c4e20" description="Zero Emission Vehicle" value="DGAFG"/>
	<Option id="OPTION_2-3e-0-4a550" description="4x2" value="DR_B"/>
	<Option id="OPTION_2-3e-0-4a551" description="4x4" value="DR_E"/>
	<Option id="OPTION_a4-3e-0-1ad098" description="Standard Duty Suspension" value="DWAAF"/>
	<Option id="OPTION_a4-3e-0-1ad09f" description="Performance Susp - Raptor" value="DWAAN"/>
	<Option id="OPTION_3d-3e-0-5ab513" description="Off Road Susp" value="DWACG"/>
	<Option id="OPTION_8a-3e-0-33b509" description="Less Performance Pack" value="DWBAA"/>
	<Option id="OPTION_8a-3e-0-33b50e" description="Performance Pack" value="DWBAR"/>
	<Option id="OPTION_8a-3e-0-33b513" description="Performance Pack #2" value="DWBAS"/>
	<Option id="OPTION_d-3e-0-7f5dc7" description="3.15 FINAL DRIVE RATIO" value="EGAAY"/>
	<Option id="OPTION_d-3e-0-7f5dc1" description="3.31 FINAL DRIVE RATIO - SS" value="EGAFB"/>
	<Option id="OPTION_d-3e-0-7f5db5" description="3.55 FINAL DRIVE RATIO" value="EGAHD"/>
	<Option id="OPTION_d-3e-0-7f5dcd" description="3.73 FINAL DRIVE RATIO" value="EGAJB"/>
	<Option id="OPTION_d-3e-0-7f5d61" description="4.10 FINAL DRIVE RATIO" value="EGAMD"/>
	<Option id="OPTION_8a-3e-0-33b3ec" description="Electric Drive - BEV" value="EGAZZ"/>
	<Option id="OPTION_8a-3e-0-33b3d8" description="Less Rear Axle (removed v34)" value="EGJAA"/>
	<Option id="OPTION_2-3e-0-4a5ad" description="NON-Limited Slip" value="EGJAB"/>
	<Option id="OPTION_2-3e-0-4a5ae" description="Electronic Locking Differential" value="EGJAL"/>
	<Option id="OPTION_86-3e-0-2a4bc7" description="Electric Locking - 3/4 FLT" value="EGJAW"/>
	<Option id="OPTION_8a-3e-0-33b3dd" description="Less Front Axle Diff" value="EGKAA"/>
	<Option id="OPTION_8a-3e-0-33b3e2" description="Front Axle - Non-Limited Slip" value="EGKAB"/>
	<Option id="OPTION_8a-3e-0-33b3e7" description="Front Axle - Limited Slip Torque Bias" value="EGKAE"/>
	<Option id="OPTION_8a-3e-0-33b3ce" description="8.8&quot; Axle" value="EGPAE"/>
	<Option id="OPTION_8a-3e-0-33b3d3" description="9.75&quot; Axle" value="EGPAF"/>
	<Option id="OPTION_8a-3e-0-33b3c9" description="Electric Drive Axle" value="EGPZZ"/>
	<Option id="OPTION_92-3e-0-5942cc" description="ALL GAS" value="EN_0G"/>
	<Option id="OPTION_8a-3e-0-33b38a" description="Less Engine" value="EN_AA"/>
	<Option id="OPTION_65-3e-0-13aa8c" description="4.8L" value="EN_AV"/>
	<Option id="OPTION_65-3e-0-13aa8a" description="3.3L" value="EN_AX"/>
	<Option id="OPTION_98-3e-0-7fa5f" description="Diesel" value="EN_BF"/>
	<Option id="OPTION_2-3e-0-1a1033" description="3.5L Cyclon" value="EN_BM"/>
	<Option id="OPTION_d5-3e-0-3163f6" description="3.5L Engine (HEV)" value="EN_CN"/>
	<Option id="OPTION_8a-3e-0-33b38f" description="5.2L Preditor OHC SC PFI Gas" value="EN_H0"/>
	<Option id="OPTION_2-3e-0-4a549" description="5.0l V8 Pfi" value="EN_MF"/>
	<Option id="OPTION_2-3e-0-4a54a" description="3.5l V6 GTDI-DS" value="EN_UR"/>
	<Option id="OPTION_2-3e-0-4a548" description="2.7l DOHC 4V DI GT V6 Gas/FFV" value="EN_WQ"/>
	<Option id="OPTION_8a-3e-0-33b41e" description="Lessl Exhaust System" value="F2AAA"/>
	<Option id="OPTION_b4-3e-0-2f8408" description="Dual Exhaust Raptor" value="F2AAB"/>
	<Option id="OPTION_b4-3e-0-2f840a" description="Single Exhaust" value="F2AAC"/>
	<Option id="OPTION_b4-3e-0-2f840c" description="Dual Exhaust Tremor" value="F2ABV"/>
	<Option id="OPTION_a5-3e-0-3539e6" description="Dual Exhaust #3" value="F2ABY"/>
	<Option id="OPTION_a5-3e-0-3539ea" description="Dual Exhaust #4" value="F2ABZ"/>
	<Option id="OPTION_b-3e-0-11c4056" description="LESS EXHAUST PIPE EXTENSION" value="F5BAA"/>
	<Option id="OPTION_b-3e-0-11c4058" description="CHROME EXHAUST EXTENSION" value="F5BAC"/>
	<Option id="OPTION_b-3e-0-11c405a" description="BRIGHT EXHAUST EXTENSION" value="F5BAF"/>
	<Option id="OPTION_b-3e-0-11c405c" description="DUAL EXHAUST TAILPIPE" value="F5BAQ"/>
	<Option id="OPTION_b-3e-0-11c405e" description="DUAL EXHAUST TAILPIPE 2" value="F5BAV"/>
	<Option id="OPTION_e-3e-0-916aab" value="FAJAB"/>
	<Option id="OPTION_b8-3e-0-1aed9b" description="Parking Brake - Electric-Light" value="FAJAK"/>
	<Option id="OPTION_10-3e-0-289c71" description="Parking Brake - Electric-Medium" value="FAJAL"/>
	<Option id="OPTION_40-3e-0-2ff909" description="Parking Brake - Electric-Heavy" value="FAJAM"/>
	<Option id="OPTION_8a-3e-0-33b368" description="Park Brake - Electric #2" value="FAJAP"/>
	<Option id="OPTION_c5-3e-0-36d410" description="LESS COLLISION MITIGATION SYS" value="FBFAA"/>
	<Option id="OPTION_6e-3e-0-5dcc91" description="Collision Mitigation System" value="FBFAB"/>
	<Option id="OPTION_6e-3e-0-5dcc98" description="Collision Mitigation System #2" value="FBFAC"/>
	<Option id="OPTION_2-3e-0-4a5b0" description="Less Brake Control Valve ( Trailer Brake Controller Pre-Wire )" value="FDDAA"/>
	<Option id="OPTION_2-3e-0-4a5b1" description="Intergrated Brake Control ( Trailer Brake Controller )" value="FDDAD"/>
	<Option id="OPTION_ac-3e-0-9c4e01" description="Less 2nd Coll Mit/Post Impc Brk" value="FDPAA"/>
	<Option id="OPTION_ac-3e-0-9c4e06" description="2nd Coll Mit/Post Impc Brk" value="FDPAB"/>
	<Option id="OPTION_2-3e-0-4a52a" description="Less Hill Descent" value="FECAA"/>
	<Option id="OPTION_2-3e-0-4a52b" description="ABS - Hill Desent Ctrl" value="FECAB"/>
	<Option id="OPTION_ee-3e-0-1025ac" description="ABS - Trail Control" value="FECAD"/>
	<Option id="OPTION_dc-3e-0-3de0a7" value="FECAE"/>
	<Option id="OPTION_b4-3e-0-2f82f3" description="Less Tool Link" value="FJQAA"/>
	<Option id="OPTION_b4-3e-0-2f82f5" description="Tool Link" value="FJQAB"/>
	<Option id="OPTION_2-3e-0-4a5b3" description="Less Crew Chief" value="FJRAA"/>
	<Option id="OPTION_2-3e-0-4a5b4" description="Crew Chief" value="FJRAB"/>
	<Option id="OPTION_b6-3e-0-4ac374" description="Console Mounted E- Shift Link" value="FLLAD"/>
	<Option id="OPTION_b6-3e-0-4ac376" description="Column Mounted E- Shift Linkage" value="FLLAE"/>
	<Option id="OPTION_2-3e-0-4a54d" description="Less Select Shift" value="FLNAA"/>
	<Option id="OPTION_2-3e-0-4a54e" description="Select Shift" value="FLNAE"/>
	<Option id="OPTION_2-3e-0-4a553" description="Less Transfer Case" value="FMLAA"/>
	<Option id="OPTION_2-3e-0-4a554" description="Electric Transfer Case w/ We's" value="FMLAS"/>
	<Option id="OPTION_2-3e-0-4a555" description="4x4 2 Speed Transfer Case w/ TOD" value="FMLAT"/>
	<Option id="OPTION_a1-3e-0-132098" description="2 Speed TOD w/ 4HI -Loc" value="FMLAX"/>
	<Option id="OPTION_fc-3e-0-14ca25" description="Frt Drv/Pass Captain Chair" value="FS_D"/>
	<Option id="OPTION_fc-3e-0-14ca29" description="Frt Split Benck" value="FS_K"/>
	<Option id="OPTION_fc-3e-0-14ca27" description="Bucket 40-20 Bridge 40" value="FS_T"/>
	<Option id="OPTION_bf-3e-0-33b104" description="Less Air Purification Sensors" value="G1DAA"/>
	<Option id="OPTION_bf-3e-0-33b106" description="Auto Air Refresh" value="G1DAG"/>
	<Option id="OPTION_2-3e-0-4a5c0" description="Give Away" value="GA"/>
	<Option id="OPTION_8a-3e-0-33b3f1" description="Less Fuel Tank" value="GBAAA"/>
	<Option id="OPTION_8a-3e-0-33b3f4" description="Single Fuel Tank" value="GBAAB"/>
	<Option id="OPTION_8a-3e-0-33b3f7" description="Extended Range Single Fuel Tank" value="GBAAC"/>
	<Option id="OPTION_8a-3e-0-33b404" description="Unleaded" value="GBVAF"/>
	<Option id="OPTION_8a-3e-0-33b400" description="Diesel" value="GBVAJ"/>
	<Option id="OPTION_8a-3e-0-33b408" description="Flex" value="GBVAK"/>
	<Option id="OPTION_8a-3e-0-33b40c" description="Electric Powered - BEV" value="GBVAR"/>
	<Option id="OPTION_8a-3e-0-33b410" description="Less Gaseoue Prep Pack (removed v34)" value="GBXAA"/>
	<Option id="OPTION_8a-3e-0-33b414" description="Gaseous Prep Pack (removed v34)" value="GBXAB"/>
	<Option id="OPTION_6c-3e-0-3f3fd3" description="Electric Power Steering 1" value="GPAAJ"/>
	<Option id="OPTION_6c-3e-0-3f3fd5" description="Active Steering" value="GPAAW"/>
	<Option id="OPTION_2-3e-0-4a52e" description="Column Shift - Manual Tilt/Tele Column" value="GRAA2"/>
	<Option id="OPTION_2-3e-0-4a52f" description="Floor Shift - Manual Tilt/Tele Column" value="GRAA3"/>
	<Option id="OPTION_2-3e-0-4a530" description="Floor Shift - Power Tilt/Tele Column with Memory" value="GRAAP"/>
	<Option id="OPTION_2-3e-0-4a535" description="Less Heated Steering Wheel" value="GTBAA"/>
	<Option id="OPTION_2-3e-0-4a536" description="Heated Steering Wheel" value="GTBAB"/>
	<Option id="OPTION_2-3e-0-4a53d" description="Less Cruise Control" value="GTDAA"/>
	<Option id="OPTION_2-3e-0-4a53e" description="Cruise Control" value="GTDAB"/>
	<Option id="OPTION_2-3e-0-4a53f" description="Adaptive Cruise Control" value="GTDAH"/>
	<Option id="OPTION_aa-3e-0-a6fbb" description="ACC w/CADs" value="GTDAK"/>
	<Option id="OPTION_42-3e-0-180cdb2" description="Adp Spd Ctrl / Traffic Jam" value="GTDAT"/>
	<Option id="OPTION_4a-3e-0-2e919f" description="Cruise Ctrl and Highway Assist" value="GTDAW"/>
	<Option id="OPTION_86-3e-0-2a4bc9" description="Intell Adaptive Speed Control" value="GTDAX"/>
	<Option id="OPTION_8a-3e-0-33b436" description="Dual Note Elect Horn - LVL 2" value="HIAAE"/>
	<Option id="OPTION_8a-3e-0-33b43a" description="Dual Note Elect Horn - LVL 3 (removed v34)" value="HIAAF"/>
	<Option id="OPTION_2-3e-0-4a562" description="Outside Temperature Thermometer" value="HJEAB"/>
	<Option id="OPTION_2e-3e-0-5a1d42" description="Less Compass Display" value="HJFAA"/>
	<Option id="OPTION_2e-3e-0-5a1d44" description="Compass Display" value="HJFAB"/>
	<Option id="OPTION_2e-3e-0-5a1d4e" description="MFD4" value="HJGAF"/>
	<Option id="OPTION_2e-3e-0-5a1d50" description="DM8" value="HJGAJ"/>
	<Option id="OPTION_2e-3e-0-5a1d52" description="MULTI FUNCTION DISPLAY - 12&quot;" value="HJGAX"/>
	<Option id="OPTION_7a-3e-0-3633e6" description="Multifunction Display 15&quot;" value="HJGAY"/>
	<Option id="OPTION_2e-3e-0-5a1d56" description="Less Navigation Center" value="HKCAA"/>
	<Option id="OPTION_2e-3e-0-5a1d58" description="Navigation Center" value="HKCAB"/>
	<Option id="OPTION_2e-3e-0-5a1d5a" description="Connected Navigation" value="HKCBA"/>
	<Option id="OPTION_fd-3e-0-9aa5d4" description="Non-Connected Nav - GPS Capable" value="HKCNC"/>
	<Option id="OPTION_8a-3e-0-33b46b" description="Less Electronic Package" value="HKLAA"/>
	<Option id="OPTION_8a-3e-0-33b46f" description="Electronics Package" value="HKLAB"/>
	<Option id="OPTION_8a-3e-0-33b473" description="Electronics Package #2" value="HKLAE"/>
	<Option id="OPTION_8a-3e-0-33b477" description="Electronics Package #3" value="HKLAF"/>
	<Option id="OPTION_8a-3e-0-33b47b" description="Electronics Package #4" value="HKLAG"/>
	<Option id="OPTION_2e-3e-0-5a1d48" description="L0 CLUSTER" value="HKRAB"/>
	<Option id="OPTION_2e-3e-0-5a1d1e" description="L1 CLUSTER" value="HKRAC"/>
	<Option id="OPTION_2e-3e-0-5a1d4a" description="L2 CLUSTER" value="HKRAD"/>
	<Option id="OPTION_b4-3e-0-3723c9" description="LESS EMERGENCY ASSISTANCE" value="HKSAA"/>
	<Option id="OPTION_b4-3e-0-3723cb" description="EMERGENCY ASSISTANCE" value="HKSAB"/>
	<Option id="OPTION_b4-3e-0-3723cd" description="AECS NO SMS/ROLL DETECT 2G" value="HKSAD"/>
	<Option id="OPTION_8a-3e-0-33b498" description="Less Reverse Gear Alarm" value="HLDAA"/>
	<Option id="OPTION_8a-3e-0-33b49d" description="Reverse Gear Alarm" value="HLDAB"/>
	<Option id="OPTION_8a-3e-0-33b4a2" description="Less Lane Departure Warning (removed v34)" value="HLEAA"/>
	<Option id="OPTION_8a-3e-0-33b4a7" description="Lane Departure Warning (removed v34)" value="HLEAC"/>
	<Option id="OPTION_8a-3e-0-33b4ac" description="Less High Speed Chime" value="HLIAA"/>
	<Option id="OPTION_8a-3e-0-33b4b1" description="High Speed Warning Chime" value="HLIAC"/>
	<Option id="OPTION_f7-3e-0-4dd87e" description="Less Mass Movement Sensor" value="HLKAA"/>
	<Option id="OPTION_f7-3e-0-4dd880" description="On Board Scale" value="HLKAC"/>
	<Option id="OPTION_b4-3e-0-3723bf" description="Less BLIS" value="HLLAA"/>
	<Option id="OPTION_2-3e-0-4a58a" description="BLIS with CTA" value="HLLAD"/>
	<Option id="OPTION_b4-3e-0-3723c3" description="Blind Spt Mnitring W?Trailering" value="HLLAG"/>
	<Option id="OPTION_b4-3e-0-3723d1" description="Less Lane Keep Assist" value="HLNAA"/>
	<Option id="OPTION_b4-3e-0-3723d3" description="Lane Keep Assist" value="HLNAB"/>
	<Option id="OPTION_73-3e-0-858f5c" description="Lane Change Warning and Aid" value="HLNAC"/>
	<Option id="OPTION_73-3e-0-858f5e" description="Lane Change Warning" value="HLNAE"/>
	<Option id="OPTION_68-3e-0-342292" description="Highway Assist" value="HLNAF"/>
	<Option id="OPTION_e6-3e-0-89459a" description="DRIVER MONITOR- BEV (removed v34)" value="HLNAG"/>
	<Option id="OPTION_a5-3e-0-353a1c" description="Less Speed Sign Recognition" value="HLQAA"/>
	<Option id="OPTION_a5-3e-0-353a21" description="Speed Sign Recognition" value="HLQAC"/>
	<Option id="OPTION_c5-3e-0-36d412" description="LESS ANTI-THEFT SYSTEM" value="HNAAA"/>
	<Option id="OPTION_2-3e-0-4a59c" description="PATS" value="HNAAD"/>
	<Option id="OPTION_2-3e-0-4a59d" description="Perimeter Alarm / PATS" value="HNAAE"/>
	<Option id="OPTION_2-3e-0-4a59e" description="Enhanced Security / Perimeter Alarm / PATS" value="HNAAT"/>
	<Option id="OPTION_2-3e-0-4a56e" description="Less Rear Park Aid" value="HNKAA"/>
	<Option id="OPTION_2-3e-0-4a56f" description="Rear Park Aid" value="HNKAB"/>
	<Option id="OPTION_66-3e-0-14051b5" description="REV PRK AID W/TRAILER GUIDANCE" value="HNKAF"/>
	<Option id="OPTION_99-3e-0-34249e" description="Less Front Park Aid" value="HNLAA"/>
	<Option id="OPTION_99-3e-0-3424a0" description="Front Parking Aid" value="HNLAB"/>
	<Option id="OPTION_2-3e-0-4a571" description="Less AutoPark" value="HNSAA"/>
	<Option id="OPTION_2-3e-0-4a572" description="AutoPark" value="HNSAB"/>
	<Option id="OPTION_6a-3e-0-d8ec8" description="Advanced Automated Park System" value="HNSAC"/>
	<Option id="OPTION_7a-3e-0-3633ec" description="Remote Automated Parking System" value="HNSAD"/>
	<Option id="OPTION_6d-3e-0-3a9fd8" description="Less Reverse Brake Assist" value="HNYAA"/>
	<Option id="OPTION_6d-3e-0-3a9fda" description="Reverse Brake Assist" value="HNYAB"/>
	<Option id="OPTION_ac-3e-0-9c4e0b" description="Cross Traffic Brake Assist" value="HNYAC"/>
	<Option id="OPTION_7a-3e-0-3633e8" description="Less Electric Propulsion" value="HT2AA"/>
	<Option id="OPTION_7a-3e-0-3633e4" description="Electric Propulsion #2 PDU+SDU" value="HT2AC"/>
	<Option id="OPTION_8a-3e-0-33b3ab" description="Less Electric Battery" value="HTHAA"/>
	<Option id="OPTION_8a-3e-0-33b3b0" description="Traction Battery #1 (108kWh)" value="HTHAD"/>
	<Option id="OPTION_8a-3e-0-33b3b5" description="Traction Battery #2 (144kWh)" value="HTHAE"/>
	<Option id="OPTION_72-3e-0-576a34" description="Less Battery Range Extender" value="HTRAA"/>
	<Option id="OPTION_72-3e-0-576a36" description="Regenerative Battery" value="HTRAC"/>
	<Option id="OPTION_8a-3e-0-33b452" description="Less Electric Batt Charging" value="HTSAA"/>
	<Option id="OPTION_8a-3e-0-33b456" description="Electric Batt Charging - Charge Cord" value="HTSAB"/>
	<Option id="OPTION_2-3e-0-4a564" description="Less Power Converter" value="HUKAA"/>
	<Option id="OPTION_2-3e-0-4a565" description="110V Power Inverter" value="HUKAB"/>
	<Option id="OPTION_a1-3e-0-1320bc" description="Power Converter - 230V - Raptor Phantom China" value="HUKAD"/>
	<Option id="OPTION_76-3e-0-225701" description="POWER CONVERTOR" value="HUKAH"/>
	<Option id="OPTION_3a-3e-0-203cfd" description="Pwr Inverter #1 - 400w" value="HUKAJ"/>
	<Option id="OPTION_cb-3e-0-3e1bbc" description="Pwr Inverter #2 - 2kw" value="HUKAK"/>
	<Option id="OPTION_d7-3e-0-262401" description="Pwr Inverter #3 - 2.4kw" value="HUKAL"/>
	<Option id="OPTION_d7-3e-0-262403" description="Pwr Inverter #4 - 7.2kw" value="HUKAM"/>
	<Option id="OPTION_ab-3e-0-1746aa" description="Pwr Inverter #5 - 2.3 kw" value="HUKAN"/>
	<Option id="OPTION_7a-3e-0-3633ea" description="Twin Pwr Inverter - 2.4kw + 7.2kw" value="HUKAQ"/>
	<Option id="OPTION_8a-3e-0-33b426" description="Less Battery Charger" value="HVBAA"/>
	<Option id="OPTION_8a-3e-0-33b429" description="Battery Charger - Prem Wallbox" value="HVBAC"/>
	<Option id="OPTION_b4-3e-0-372367" description="Less Radio Reception Equipment" value="IBBAA"/>
	<Option id="OPTION_b4-3e-0-372369" description="SATELLITE RADIO RECEPT-AUDIO" value="IBBAB"/>
	<Option id="OPTION_b4-3e-0-372387" description="Export Segment Variant (DAB_397)" value="ICE01"/>
	<Option id="OPTION_b4-3e-0-372389" description="Export Segment Variant (SYNC_397)" value="ICE02"/>
	<Option id="OPTION_b4-3e-0-37238b" description="CD + AM/FM Radio" value="ICEEG"/>
	<Option id="OPTION_b4-3e-0-37238d" value="ICEF6"/>
	<Option id="OPTION_b4-3e-0-37238f" value="ICEF9"/>
	<Option id="OPTION_b4-3e-0-372391" description="AM/FM Radio" value="ICEFA"/>
	<Option id="OPTION_b4-3e-0-372393" description="SDARS + CD + AM/FM Radio" value="ICEFS"/>
	<Option id="OPTION_b4-3e-0-372395" description="HD + SDARS + CD + AM/FM Radio" value="ICEFT"/>
	<Option id="OPTION_b4-3e-0-372397" description="Phantom - China Radio" value="ICEGX"/>
	<Option id="OPTION_b4-3e-0-372399" value="ICEHD"/>
	<Option id="OPTION_b4-3e-0-37239b" value="ICEHE"/>
	<Option id="OPTION_b4-3e-0-37239d" description="Branded HD + SDARS" value="ICEHF"/>
	<Option id="OPTION_b4-3e-0-37239f" description="Base &amp; Phantom NA Only" value="ICEUU"/>
	<Option id="OPTION_b4-3e-0-3723a1" description="Phantom NA Only" value="ICEVV"/>
	<Option id="OPTION_b4-3e-0-3723a3" description="All NON-SONY Varients" value="ICEXX"/>
	<Option id="OPTION_8a-3e-0-33b48c" description="Less Ice Noise Reduction" value="ICQAA"/>
	<Option id="OPTION_8a-3e-0-33b490" description="Noise Reducton Mod #2" value="ICQAC"/>
	<Option id="OPTION_8a-3e-0-33b494" description="Noise Reduction Mod #3" value="ICQAE"/>
	<Option id="OPTION_51-3e-0-99bc69" description="6/7 Speakers" value="IDB67"/>
	<Option id="OPTION_2-3e-0-4a579" description="4 Speakers" value="IDBAC"/>
	<Option id="OPTION_2-3e-0-4a57a" description="6 Speakers" value="IDBAD"/>
	<Option id="OPTION_b4-3e-0-372371" description="5 Speakers" value="IDBAE"/>
	<Option id="OPTION_b4-3e-0-372373" description="8 RADIO SPEAKERS" value="IDBAF"/>
	<Option id="OPTION_2-3e-0-4a57c" description="10 Speaker Sony System" value="IDBAH"/>
	<Option id="OPTION_b4-3e-0-372377" description="7 Speakers" value="IDBAL"/>
	<Option id="OPTION_b4-3e-0-372379" description="18 RADIO SPEAKER" value="IDBBQ"/>
	<Option id="OPTION_b4-3e-0-37237b" description="LESS 10 RADIO SPEAKER" value="IDBXX"/>
	<Option id="OPTION_10-3e-0-43a1d" description="Less Radio Subwoofer" value="IDGAA"/>
	<Option id="OPTION_10-3e-0-43a21" description="Radio Subwoofer B (Kicker)" value="IDGAC"/>
	<Option id="OPTION_b4-3e-0-3723a7" description="Less Mobile Office Pack" value="IEDAA"/>
	<Option id="OPTION_b4-3e-0-3723a9" description="Mobile Office Pack" value="IEDAB"/>
	<Option id="OPTION_b4-3e-0-37237d" description="LESS CELLPHONE INTERFACE SYSTM" value="IEPAA"/>
	<Option id="OPTION_b4-3e-0-3723ab" description="Cell Phone Interface 2" value="IEPAC"/>
	<Option id="OPTION_b4-3e-0-37237f" description="EMM" value="IEPAF"/>
	<Option id="OPTION_b4-3e-0-372381" description="CELLPHONE INTERFACE SYSTEM 5" value="IEPAN"/>
	<Option id="OPTION_d5-3e-0-47654a" description="SYNC (14401)" value="IEV01"/>
	<Option id="OPTION_b4-3e-0-3723ad" description="Less Sync" value="IEVAA"/>
	<Option id="OPTION_b4-3e-0-3723af" description="Sync Gen I" value="IEVAB"/>
	<Option id="OPTION_b4-3e-0-3723b1" description="Sync Gen II" value="IEVAG"/>
	<Option id="OPTION_b4-3e-0-3723b3" description="Sync Gen III" value="IEVAL"/>
	<Option id="OPTION_b4-3e-0-3723b5" description="Sync Gen III Lite" value="IEVAP"/>
	<Option id="OPTION_b4-3e-0-3723b7" description="SYNC IV" value="IEVAQ"/>
	<Option id="OPTION_b4-3e-0-3723b9" description="SYNC IV #2" value="IEVAR"/>
	<Option id="OPTION_b4-3e-0-372361" description="DUER OS" value="IEVAT"/>
	<Option id="OPTION_57-3e-0-94e17" description="Less Wireless Charging" value="IEXAA"/>
	<Option id="OPTION_57-3e-0-94e1b" description="Wireless Charging" value="IEXAB"/>
	<Option id="OPTION_b4-3e-0-2f8402" description="Less Wiring Prep - Excludes China" value="J1AAA"/>
	<Option id="OPTION_b4-3e-0-2f8404" description="Wiring Prep - China Only" value="J1AAB"/>
	<Option id="OPTION_8a-3e-0-33b43e" description="Less Electrical Outlet" value="J3AAA"/>
	<Option id="OPTION_8a-3e-0-33b443" description="Electrical Outlet - #1" value="J3AAB"/>
	<Option id="OPTION_8a-3e-0-33b448" description="Electrical Outlet - #2" value="J3AAC"/>
	<Option id="OPTION_8a-3e-0-33b44d" description="Electrical Outlet - #3" value="J3AAD"/>
	<Option id="OPTION_d5-3e-0-4243fc" description="REAR VIEW CAMERA (14B562)" value="J3K01"/>
	<Option id="OPTION_d5-3e-0-476542" description="FRONT VIEW CAMERA (14405)" value="J3K02"/>
	<Option id="OPTION_d5-3e-0-476544" description="FRONT VIEW CAMERA (12A581)" value="J3K03"/>
	<Option id="OPTION_d5-3e-0-476546" description="FRONT VIEW CAMERA (12A581 DSL)" value="J3K04"/>
	<Option id="OPTION_d5-3e-0-476548" description="SIDE VIEW CAMERA (14630/1)" value="J3K05"/>
	<Option id="OPTION_2-3e-0-4a574" description="Less Camera" value="J3KAA"/>
	<Option id="OPTION_2-3e-0-4a575" description="Digital Rear Camera" value="J3KAB"/>
	<Option id="OPTION_2-3e-0-4a576" description="Removed from PDL" value="J3KAE"/>
	<Option id="OPTION_c9-3e-0-5cd" description="360 Camera" value="J3KAH"/>
	<Option id="OPTION_40-3e-0-300039" description="Rear View Camera - Level 2 (Analog)" value="J3KAR"/>
	<Option id="OPTION_8a-3e-0-33b522" description="Less Specialty Packages" value="J4WAA"/>
	<Option id="OPTION_8a-3e-0-33b527" description="Tow Tech Package" value="J4WAL"/>
	<Option id="OPTION_8a-3e-0-33b52c" description="Tow Tech Package #2" value="J4WBB"/>
	<Option id="OPTION_2-3e-0-4a5b9" description="Less Optional Equipment Pack" value="J4XAA"/>
	<Option id="OPTION_2-3e-0-4a5ba" description="LT Tire Capability Pkg" value="J4XAJ"/>
	<Option id="OPTION_8a-3e-0-33b4b6" description="Less Veh Data Recording Device" value="JACAA"/>
	<Option id="OPTION_8a-3e-0-33b4bb" description="Performance Data Acquistion System" value="JACAC"/>
	<Option id="OPTION_8a-3e-0-33b32b" description="Less Aux Lights" value="JB4AA"/>
	<Option id="OPTION_8a-3e-0-33b330" description="Aux Lights - 4 corner Amber/White" value="JB4AD"/>
	<Option id="OPTION_8a-3e-0-33b335" description="4-Corner Strobe - Amber" value="JB4AF"/>
	<Option id="OPTION_8a-3e-0-33b33a" description="4-Corner Strobe #2 - Red/Blue" value="JB4AG"/>
	<Option id="OPTION_b4-3e-0-2f831b" description="LED Headlamps" value="JBBA7"/>
	<Option id="OPTION_b4-3e-0-2f831d" description="Adaptive DSS Headlamps" value="JBBA8"/>
	<Option id="OPTION_b4-3e-0-2f831f" description="Base Headlamps" value="JBBAE"/>
	<Option id="OPTION_b4-3e-0-2f8321" description="HEADLAMPS LEVEL 3" value="JBBAK"/>
	<Option id="OPTION_b4-3e-0-2f8323" description="HEADLAMPS LEVEL 4" value="JBBAL"/>
	<Option id="OPTION_b4-3e-0-2f8325" description="HEADLAMPS LEVEL 5" value="JBBBH"/>
	<Option id="OPTION_b4-3e-0-2f8327" description="Phantom China Headlamps" value="JBBBJ"/>
	<Option id="OPTION_b4-3e-0-2f8329" description="CHINA LIMITED" value="JBBBK"/>
	<Option id="OPTION_89-3e-0-305bc0" description="Headlamps - Level 8 - Raptor" value="JBBBN"/>
	<Option id="OPTION_b4-3e-0-2f8311" description="Less Fog Lamps" value="JBKAA"/>
	<Option id="OPTION_b4-3e-0-2f8313" description="Fog Lamps" value="JBKAB"/>
	<Option id="OPTION_b4-3e-0-2f8315" description="Front Fog Lamps #2" value="JBKAF"/>
	<Option id="OPTION_b4-3e-0-2f8317" description="Front Fog Lamps - LED" value="JBKAK"/>
	<Option id="OPTION_2-3e-0-4a5bc" description="LHS Less Spotlight Mirror" value="JBMAA"/>
	<Option id="OPTION_2-3e-0-4a5bd" description="LHS Spotlight Mirror" value="JBMAB"/>
	<Option id="OPTION_b4-3e-0-2f833f" description="Less Roof Marker Lamps" value="JBPAA"/>
	<Option id="OPTION_b4-3e-0-2f8341" description="ROOF MARKER LAMPS" value="JBPAE"/>
	<Option id="OPTION_3c-3e-0-16596" description="RHS Less Spotlight Mirror" value="JBSAA"/>
	<Option id="OPTION_3c-3e-0-16594" description="RHS Spotlight Mirror" value="JBSAB"/>
	<Option id="OPTION_2e-3e-0-5a1d6c" description="Less Box Lights" value="JBWAA"/>
	<Option id="OPTION_2e-3e-0-5a1d6e" description="Box Lights" value="JBWAC"/>
	<Option id="OPTION_2e-3e-0-5a1d64" description="Less Illuminated Entry" value="JCBAA"/>
	<Option id="OPTION_2e-3e-0-5a1d66" description="Illuminated Entry" value="JCBAC"/>
	<Option id="OPTION_2e-3e-0-5a1d68" description="Ambient Lighting" value="JCBAD"/>
	<Option id="OPTION_68-3e-0-342299" description="Less Glove Box Lights" value="JCLAA"/>
	<Option id="OPTION_68-3e-0-3422a9" description="Glove Box Lights" value="JCLAB"/>
	<Option id="OPTION_b4-3e-0-2f834b" description="NO MS-CAN TO 13A409" value="JDAAA"/>
	<Option id="OPTION_b4-3e-0-2f834d" description="Base Taillamps" value="JDAAB"/>
	<Option id="OPTION_b4-3e-0-2f834f" description="PHANTOM - NA - LED" value="JDAAC"/>
	<Option id="OPTION_b4-3e-0-2f8351" description="Taillamps - Level 3" value="JDAAD"/>
	<Option id="OPTION_b4-3e-0-2f8353" description="PHANTOM - CHN - LED" value="JDAAG"/>
	<Option id="OPTION_b4-3e-0-2f8355" description="TAILLAMPS-LEVEL 5" value="JDAAH"/>
	<Option id="OPTION_b4-3e-0-2f8357" description="MS-CAN BACKBONE LOOP" value="JDAAL"/>
	<Option id="OPTION_b4-3e-0-2f8359" description="MS-CAN BACKBONE PASS THRU" value="JDAAP"/>
	<Option id="OPTION_b4-3e-0-2f835b" description="LED Taillamps" value="JDAAQ"/>
	<Option id="OPTION_b4-3e-0-2f835d" description="BLIS" value="JDAAS"/>
	<Option id="OPTION_b4-3e-0-2f835f" description="TAILLAMPS-LEVEL 6" value="JDAAU"/>
	<Option id="OPTION_89-3e-0-305bcb" description="Taillamps - Level 7 - BEV" value="JDAAW"/>
	<Option id="OPTION_89-3e-0-305bc8" description="Taillamps - Level 8 - BEV" value="JDAAX"/>
	<Option id="OPTION_b4-3e-0-2f8361" description="Taillamps-Level 9 - China Raptor" value="JDAAY"/>
	<Option id="OPTION_b4-3e-0-2f8335" description="Phantom - CHMSL" value="JDDAB"/>
	<Option id="OPTION_b4-3e-0-2f8337" description="CHMSL - INCAND" value="JDDAC"/>
	<Option id="OPTION_b4-3e-0-2f8339" description="CHMSL - LED" value="JDDAG"/>
	<Option id="OPTION_b4-3e-0-2f82bf" description="Phantom China - CHMSL" value="JDDAJ"/>
	<Option id="OPTION_b4-3e-0-2f833b" description="LED HI STP LMP W/CARGO LGHT #2" value="JDDAK"/>
	<Option id="OPTION_b4-3e-0-2f833d" description="High Mounted Stop Lamp #3 - China Raptor" value="JDDAL"/>
	<Option id="OPTION_b4-3e-0-2f8345" description="Less Rear Fog Lamps" value="JDJAA"/>
	<Option id="OPTION_b4-3e-0-2f8347" description="Rear Fog Lamps - Phantom China" value="JDJAB"/>
	<Option id="OPTION_b4-3e-0-2f8365" description="Less Trailer Hook-up Lamp" value="JDLAA"/>
	<Option id="OPTION_b4-3e-0-2f8367" description="Trailer Hook-up Light - Fixed" value="JDLAB"/>
	<Option id="OPTION_b4-3e-0-2f832d" description="Manual Headlamps" value="JEDAB"/>
	<Option id="OPTION_b4-3e-0-2f832f" description="Auto Headlamps" value="JEDAE"/>
	<Option id="OPTION_b4-3e-0-2f8331" description="Auto Headlamps with Auto Highbeams" value="JEDAF"/>
	<Option id="OPTION_8a-3e-0-33b326" description="Auto Highbeams - Adapt DR Beam" value="JEDAH"/>
	<Option id="OPTION_8a-3e-0-33b45c" description="Less Elect Vehicle Charger" value="JZCAA"/>
	<Option id="OPTION_8a-3e-0-33b460" description="Single Phase Charger (10.5kW)" value="JZCAD"/>
	<Option id="OPTION_8a-3e-0-33b464" description="Dual Charger (2-105kW Chargers)" value="JZCAF"/>
	<Option id="OPTION_46-3e-0-1711aab" description="Less Upfitter Switches" value="JZJAA"/>
	<Option id="OPTION_40-3e-0-30003b" description="Spare Accessory Switches - 6" value="JZJAG"/>
	<Option id="OPTION_2-3e-0-4a5bf" description="M1 max build" value="MAX"/>
	<Option id="OPTION_ac-3e-0-9c4d8a" description="2022_p702_WIP_V26_2021_JAN_28_184825UTC" value="PDL"/>
	<Option id="OPTION_6-3e-0-3769f2" description="JOB 1" value="S4PMAN"/>
	<Option id="OPTION_6-3e-0-376a00" description="JOB 2" value="S4PMBR"/>
	<Option id="OPTION_89-3e-0-305698" description="XL Series" value="SE-GB"/>
	<Option id="OPTION_89-3e-0-305a9b" description="XLT Series" value="SE-GJ"/>
	<Option id="OPTION_89-3e-0-305aa5" description="Lariat Series" value="SE-GR"/>
	<Option id="OPTION_89-3e-0-305aaf" description="Platinum Series" value="SE-GU"/>
	<Option id="OPTION_89-3e-0-305b1d" description="XLT Series" value="SE_GJ"/>
	<Option id="OPTION_89-3e-0-305b20" description="Lariat Series" value="SE_GR"/>
	<Option id="OPTION_89-3e-0-305aaa" description="King Ranch Series" value="SE_GT"/>
	<Option id="OPTION_89-3e-0-305b23" description="Platinum Series" value="SE_GU"/>
	<Option id="OPTION_89-3e-0-305b09" description="Raptor Series" value="SE_JC"/>
	<Option id="OPTION_89-3e-0-305aa0" description="Tremor Series" value="SE_JL"/>
	<Option id="OPTION_ac-3e-0-9c4d9d" description="Pro Series" value="SE_JV"/>
	<Option id="OPTION_89-3e-0-305ab4" description="Limited Series" value="SE_RE"/>
	<Option id="OPTION_8a-3e-0-33b3bf" description="Mod Hybrid Transaxle - A10R80-MHT-X" value="TR-GC"/>
	<Option id="OPTION_8a-3e-0-33b3ba" description="Less Transmission" value="TR_AA"/>
	<Option id="OPTION_d6-3e-0-10584f" description="10 Speed Auto - 10R80" value="TR_EU"/>
	<Option id="OPTION_b4-3e-0-2f82e7" value="VLTFC"/>
	<Option id="OPTION_b4-3e-0-2f82e9" description="P702 VEHICLE CODE" value="VLTFD"/>
	<Option id="OPTION_be-3e-0-5a057c" description="GVMT SRV ADMN-E &amp; G DIRECT SLS" value="WAFAB"/>
	<Option id="OPTION_be-3e-0-5a057e" description="MILITARY PERSONNEL SALES" value="WAFAC"/>
	<Option id="OPTION_89-3e-0-305b4a" description="USA" value="WANAB"/>
	<Option id="OPTION_89-3e-0-305b4d" description="CANADA" value="WANAC"/>
	<Option id="OPTION_be-3e-0-5a0580" description="MEXICO" value="WANAD"/>
	<Option id="OPTION_4b-3e-0-161925" description="CONNECTION TO BODY" value="WH005"/>
	<Option id="OPTION_4b-3e-0-161921" description="CONNECTION TO CONSOLE" value="WH079"/>
	<Option id="OPTION_4b-3e-0-161923" description="CONNECTION TO 20% SEAT" value="WH080"/>
	<Option id="OPTION_4b-3e-0-161927" description="CONNECTION TO HEADLINER" value="WH334"/>
	<Option id="OPTION_4b-3e-0-16191f" description="CONNECTION TO IP" value="WH401"/>
	<Option id="OPTION_4b-3e-0-16191b" description="CONNECTION TO FRAME" value="WH405"/>
	<Option id="OPTION_4b-3e-0-16191d" description="CONNECTION TO BOX" value="WH409"/>
	<Option id="OPTION_4b-3e-0-161919" description="CONNECTION TO COWL" value="WH581"/>
	<Option id="OPTION_e5-3e-0-11ed0e7" description="CONNECTION TO LHS" value="WH_LH"/>
	<Option id="OPTION_e5-3e-0-11ed0e9" description="CONNECTION TO RHS" value="WH_RH"/>
	<Option id="OPTION_d6-3e-0-105843" description="GCC" value="WSA02"/>
	<Option id="OPTION_d6-3e-0-105845" description="Non GCC" value="XSA02"/>
	<AppRef name="E3.Series" version="2.13.7.0" guid="c00bfaf5-2806-41fd-aae4-aedde19cc981"/>
	<HarnessItem xsi:type="Size" id="SIZE_1" height="416" width="44546"/>
	<Property id="PROPERTY_1" name="HRN_FAMILY" value="14401"/>
	<Property id="PROPERTY_2" name="PROJECT_NAME" value="NL3T-14401-AAC_wires"/>
	<Property id="PROPERTY_3" name="HRN_Level_Ref" value="AA/AB/AC/AD/AE/AF/AG/AH/AJ/AK/AL/AM/AN/AP/AR/BA/BB/BC/BD/BE/BF/BG/BH/BJ/CA/CB/CC/CD/CE/DA/DB/DC/DD"/>
	<Property id="PROPERTY_4" name="HRN_Level_Ref" value="HA/HB/HC/HD/TM/TP/TR/UA/UB/UC/UD/UE/UF/VA/XA/XB/XC/XD/XE/XF/XG/XH/XJ/XK/XL/XM/XN/XP/XR/XS/YA/YB/YC"/>
	<Property id="PROPERTY_5" name="HRN_Level_Ref" value="YD/YE/YF/YG/YH/YJ/YK/YL/YM/YN/YP/YR/YS/YT/YU/YV/ZA/ZB/ZC/ZD/ZE/ZF/ZG/ZH"/>
	<Property id="PROPERTY_6" name="HRN_HL_DerivatePN" value="AA:NL3T-14401-AAC:AC_B,GRAA2,HJGAJ,ABEAA,GPAAJ,HT2AA,G1DAA,B5WAA,AAEAA,IDBAC,IDBAD,HUKAA,CAQAA,HKSAA,HKSAB,J3KAR,CBGAA,CBGAD,DEEAA,AAAET,CBFAA,CBFAL,AATAA,BB7AB,AALAA,AALAK,BY1AA,DAXAA,GTBAA,DECAU,DECAA,EN_AV,EN_AX,EN_BM,EN_WQ,FDDAA,FDDAD"/>
	<Property id="PROPERTY_7" name="HRN_HL_DerivatePN" value="AA:NL3T-14401-AAC:GTDAA,GTDAB,HKRAB,HLNAA,HNSAA,ICEF6,ICEFA,ICEHE,IEPAA,IEPAN,IEVAQ,IEVAR,IEXAA,JBBAE,JBMAA,JBMAB,JBWAA,JCBAA"/>
	<Property id="PROPERTY_8" name="HRN_HL_DerivatePN" value="AB:NL3T-14401-ABC:AC_B,GRAA2,HJGAJ,ABEAA,GPAAJ,HT2AA,G1DAA,B5WAA,AAEAA,IDBAD,HUKAJ,HUKAK,CAQAA,HKSAA,HKSAB,J3KAR,CBGAD,DEEAA,AAAET,CBFAL,AATAA,BB7AB,AALAA,AALAK,BY1AA,DAXAA,GTBAA,DECAU,DECAA,EN_AV,EN_AX,EN_BM,EN_WQ,FDDAA,FDDAD,GTDAA,GTDAB"/>
	<Property id="PROPERTY_9" name="HRN_HL_DerivatePN" value="AB:NL3T-14401-ABC:HKRAB,HLNAA,HNSAA,ICEF6,ICEFA,ICEHE,IEPAA,IEPAN,IEVAQ,IEVAR,IEXAA,JBBAE,JBMAA,JBMAB,JBWAA,JCBAA"/>
	<Property id="PROPERTY_10" name="HRN_HL_DerivatePN" value="AC:NL3T-14401-ACC:AC_G,GRAA2,HJGAJ,ABEAA,GPAAJ,HT2AA,G1DAA,B5WAA,AAEAA,IDBAD,HUKAL,HUKAN,CAQAA,HKSAA,HKSAB,J3KAR,CBGAD,DEEAA,AAAET,CBFAL,AATAA,BB7AB,AALAA,BY1AA,DAXAA,GTBAA,DECAA,EN_CN,FDDAA,FDDAD,GTDAA,GTDAB,HKRAB,HLNAA,HNSAA,ICEF6,ICEFA"/>
	<Property id="PROPERTY_11" name="HRN_HL_DerivatePN" value="AC:NL3T-14401-ACC:ICEHE,IEPAA,IEPAN,IEVAQ,IEVAR,IEXAA,JBBAE,JBMAA,JBMAB,JBWAA,JCBAA"/>
	<Property id="PROPERTY_12" name="HRN_HL_DerivatePN" value="AD:NL3T-14401-ADC:AC_B,GRAA2,HJGAJ,ABEAA,GPAAJ,HT2AA,G1DAA,B5WAA,AAEAA,IDBAC,IDBAD,IDBAE,IDBAL,HUKAA,CAQAA,HKSAA,HKSAB,J3KAB,J3KAH,CBGAD,CBGAE,DEEAA,DEEAB,AAAET,CBFAL,CBFAP,AATAA,AATAF,BB7AB,AALAA,AALAK,BY1AA,DAXAA,DAXAC,GTBAA,DECAU,DECAA"/>
	<Property id="PROPERTY_13" name="HRN_HL_DerivatePN" value="AD:NL3T-14401-ADC:EN_AV,EN_AX,EN_BM,EN_WQ,FDDAA,FDDAD,GTDAB,HKRAB,HLNAA,HLNAB,HNSAA,ICEF6,ICEFA,ICEHE,IEPAA,IEPAN,IEVAQ,IEVAR,IEXAA,JBBAE,JBMAA,JBMAB,JBWAA,JBWAC,JCBAA"/>
	<Property id="PROPERTY_14" name="HRN_HL_DerivatePN" value="AE:NL3T-14401-AEC:AC_B,GRAA2,HJGAJ,ABEAA,GPAAJ,HT2AA,G1DAA,B5WAA,AAEAA,IDBAD,IDBAL,HUKAJ,HUKAK,CAQAA,HKSAA,HKSAB,J3KAB,J3KAH,CBGAD,CBGAE,DEEAA,DEEAB,AAAET,CBFAL,CBFAP,AATAA,AATAF,BB7AB,AALAA,AALAK,BY1AA,DAXAA,DAXAC,GTBAA,DECAU,DECAA,EN_AV"/>
	<Property id="PROPERTY_15" name="HRN_HL_DerivatePN" value="AE:NL3T-14401-AEC:EN_AX,EN_BM,EN_WQ,FDDAA,FDDAD,GTDAB,HKRAB,HLNAA,HLNAB,HNSAA,ICEF6,ICEFA,ICEHE,IEPAA,IEPAN,IEVAQ,IEVAR,IEXAA,JBBAE,JBMAA,JBMAB,JBWAA,JBWAC,JCBAA"/>
	<Property id="PROPERTY_16" name="HRN_HL_DerivatePN" value="AF:NL3T-14401-AFC:AC_G,GRAA2,HJGAJ,ABEAA,GPAAJ,HT2AA,G1DAA,B5WAA,AAEAA,IDBAE,IDBAL,HUKAA,CAQAA,HKSAA,HKSAB,J3KAB,J3KAH,CBGAE,DEEAA,DEEAB,AAAET,CBFAL,CBFAP,AATAA,AATAF,BB7AB,BB7AC,AALAA,AALAK,BY1AA,DAXAA,DAXAC,GTBAA,DECAU,DECAA,EN_AV,EN_AX"/>
	<Property id="PROPERTY_17" name="HRN_HL_DerivatePN" value="AF:NL3T-14401-AFC:EN_BM,EN_WQ,FDDAA,FDDAD,GTDAB,GTDAT,GTDAX,HKRAC,HLNAB,HNSAA,ICEF6,ICEHE,IEPAA,IEPAN,IEVAQ,IEXAA,JBBAE,JBMAA,JBMAB,JBWAA,JBWAC,JCBAA"/>
	<Property id="PROPERTY_18" name="HRN_HL_DerivatePN" value="AG:NL3T-14401-AGC:AC_G,GRAA2,HJGAJ,ABEAA,ABECH,GPAAJ,HT2AA,G1DAA,B5WAA,AAEAA,IDBAD,IDBAL,HUKAJ,HUKAK,HUKAL,HUKAN,CAQAA,HKSAA,HKSAB,J3KAB,J3KAH,CBGAD,CBGAE,DEEAA,DEEAB,AAAET,CBFAL,CBFAP,AATAA,AATAF,BB7AB,BB7AC,AALAA,AALAK,BY1AA,DAXAA,DAXAC"/>
	<Property id="PROPERTY_19" name="HRN_HL_DerivatePN" value="AG:NL3T-14401-AGC:GTBAA,DECAU,DECAA,EN_AV,EN_AX,EN_BM,EN_CN,EN_WQ,FDDAA,FDDAD,GTDAB,GTDAT,GTDAX,HKRAB,HKRAC,HLNAA,HLNAB,HNSAA,ICEF6,ICEFA,ICEHE,IEPAA,IEPAN,IEVAQ,IEVAR,IEXAA,JBBAE,JBMAA,JBMAB,JBWAA,JBWAC,JCBAA"/>
	<Property id="PROPERTY_20" name="HRN_HL_DerivatePN" value="AH:NL3T-14401-AHC:AC_G,GRAA2,HJGAX,ABEAA,GPAAJ,HT2AA,G1DAA,B5WAA,AAEAA,IDBAL,HUKAA,CAQAA,CAQAB,HKSAA,HKSAB,J3KAB,J3KAH,CBGAL,DEEAA,DEEAB,AAAET,CBFAN,AATAA,AATAF,BB7AD,AALAA,AALAK,BY1AJ,DAXAA,DAXAC,GTBAA,DECAU,DECAA,EN_AV,EN_BM,EN_WQ,FDDAA"/>
	<Property id="PROPERTY_21" name="HRN_HL_DerivatePN" value="AH:NL3T-14401-AHC:FDDAD,GTDAB,GTDAT,GTDAX,HKRAD,HLNAB,HNSAA,ICEHE,IEPAA,IEPAN,IEVAQ,IEXAA,IEXAB,JBBA7,JBMAB,JBWAA,JBWAC,JCBAD"/>
	<Property id="PROPERTY_22" name="HRN_HL_DerivatePN" value="AJ:NL3T-14401-AJC:AC_G,GRAA2,HJGAX,ABEAA,GPAAJ,HT2AA,G1DAA,B5WAA,AAEAA,IDBAL,HUKAJ,HUKAK,HUKAL,HUKAN,CAQAA,CAQAB,HKSAA,HKSAB,J3KAB,J3KAH,CBGAL,DEEAA,DEEAB,AAAET,CBFAN,AATAA,AATAF,BB7AB,BB7AC,BB7AD,AALAA,AALAK,BY1AC,BY1AJ,DAXAA,DAXAC,GTBAA"/>
	<Property id="PROPERTY_23" name="HRN_HL_DerivatePN" value="AJ:NL3T-14401-AJC:DECAU,DECAA,EN_AV,EN_AX,EN_BM,EN_CN,EN_WQ,FDDAA,FDDAD,GTDAB,GTDAT,GTDAX,HKRAC,HKRAD,HLNAB,HNSAA,ICEF6,ICEHE,IEPAA,IEPAN,IEVAQ,IEXAA,IEXAB,JBBA7,JBMAB,JBWAA,JBWAC,JCBAA,JCBAD"/>
	<Property id="PROPERTY_24" name="HRN_HL_DerivatePN" value="AK:NL3T-14401-AKC:AC_G,GRAA2,HJGAX,ABEAA,GPAAJ,HT2AA,G1DAA,B5WAA,AAEAA,IDBAF,HUKAA,CAQAA,CAQAB,HKSAA,HKSAB,J3KAB,J3KAH,CBGAL,DEEAA,DEEAB,AAAET,CBFAN,AATAA,AATAF,BB7AD,AALAA,AALAK,BY1AJ,DAXAA,DAXAC,GTBAA,DECAU,DECAA,EN_AV,EN_BM,EN_WQ,FDDAA"/>
	<Property id="PROPERTY_25" name="HRN_HL_DerivatePN" value="AK:NL3T-14401-AKC:FDDAD,GTDAB,GTDAT,GTDAX,HKRAD,HLNAB,HNSAA,ICEHD,IEPAA,IEPAN,IEVAQ,IEXAA,IEXAB,JBBA7,JBMAB,JBWAA,JBWAC,JCBAD"/>
	<Property id="PROPERTY_26" name="HRN_HL_DerivatePN" value="AL:NL3T-14401-ALC:AC_G,GRAA2,HJGAX,ABEAA,GPAAJ,HT2AA,G1DAA,B5WAA,AAEAA,IDBAF,HUKAJ,HUKAK,HUKAL,HUKAN,CAQAA,CAQAB,HKSAA,HKSAB,J3KAB,J3KAH,CBGAL,DEEAA,DEEAB,AAAET,CBFAN,AATAA,AATAF,BB7AB,BB7AC,BB7AD,AALAA,AALAK,BY1AC,BY1AJ,DAXAA,DAXAC,GTBAA"/>
	<Property id="PROPERTY_27" name="HRN_HL_DerivatePN" value="AL:NL3T-14401-ALC:DECAU,DECAA,EN_AV,EN_AX,EN_BM,EN_CN,EN_WQ,FDDAA,FDDAD,GTDAB,GTDAT,GTDAX,HKRAC,HKRAD,HLNAB,HNSAA,ICEHD,IEPAA,IEPAN,IEVAQ,IEXAA,IEXAB,JBBA7,JBMAB,JBWAA,JBWAC,JCBAA,JCBAD"/>
	<Property id="PROPERTY_28" name="HRN_HL_DerivatePN" value="AM:NL3T-14401-AMC:AC_G,GRAA2,HJGAX,ABEAA,GPAAJ,HT2AA,G1DAA,B5WAA,AAEAA,IDBAL,HUKAA,CAQAJ,HKSAA,HKSAB,J3KAB,J3KAH,CBGAL,DEEAB,AAAET,CBFAN,AATAA,AATAF,BB7AD,AALAA,AALAK,BY1AJ,DAXAA,DAXAC,GTBAA,DECAU,DECAA,EN_AV,EN_BM,EN_WQ,FDDAA,FDDAD,GTDAB"/>
	<Property id="PROPERTY_29" name="HRN_HL_DerivatePN" value="AM:NL3T-14401-AMC:GTDAT,GTDAX,HKRAD,HLNAB,HNSAA,ICEHE,IEPAA,IEPAN,IEVAQ,IEXAA,IEXAB,JBBA7,JBMAB,JBWAA,JBWAC,JCBAD"/>
	<Property id="PROPERTY_30" name="HRN_HL_DerivatePN" value="AN:NL3T-14401-ANC:AC_G,GRAA2,HJGAX,ABEAA,GPAAJ,HT2AA,G1DAA,B5WAA,AAEAA,IDBAL,HUKAJ,HUKAK,HUKAL,CAQAJ,HKSAA,HKSAB,J3KAB,J3KAH,CBGAL,DEEAB,AAAET,CBFAN,AATAA,AATAF,BB7AD,AALAA,AALAK,BY1AJ,DAXAA,DAXAC,GTBAA,DECAU,DECAA,EN_AV,EN_BM,EN_CN,EN_WQ"/>
	<Property id="PROPERTY_31" name="HRN_HL_DerivatePN" value="AN:NL3T-14401-ANC:FDDAA,FDDAD,GTDAB,GTDAT,GTDAX,HKRAD,HLNAB,HNSAA,ICEHE,IEPAA,IEPAN,IEVAQ,IEXAA,IEXAB,JBBA7,JBMAB,JBWAA,JBWAC,JCBAD"/>
	<Property id="PROPERTY_32" name="HRN_HL_DerivatePN" value="AP:NL3T-14401-APC:AC_G,GRAA2,HJGAX,ABEAA,GPAAJ,HT2AA,G1DAA,B5WAA,AAEAA,IDBAF,HUKAA,CAQAJ,HKSAA,HKSAB,J3KAB,J3KAH,CBGAL,DEEAB,AAAET,CBFAN,AATAA,AATAF,BB7AD,AALAA,AALAK,BY1AJ,DAXAA,DAXAC,GTBAA,DECAU,DECAA,EN_AV,EN_BM,EN_WQ,FDDAA,FDDAD,GTDAB"/>
	<Property id="PROPERTY_33" name="HRN_HL_DerivatePN" value="AP:NL3T-14401-APC:GTDAT,GTDAX,HKRAD,HLNAB,HNSAA,ICEHD,IEPAA,IEPAN,IEVAQ,IEXAA,IEXAB,JBBA7,JBMAB,JBWAA,JBWAC,JCBAD"/>
	<Property id="PROPERTY_34" name="HRN_HL_DerivatePN" value="AR:NL3T-14401-ARC:AC_G,GRAA2,HJGAX,ABEAA,GPAAJ,HT2AA,G1DAA,B5WAA,AAEAA,IDBAF,HUKAJ,HUKAK,HUKAL,CAQAJ,HKSAA,HKSAB,J3KAB,J3KAH,CBGAL,DEEAB,AAAET,CBFAN,AATAA,AATAF,BB7AD,AALAA,AALAK,BY1AJ,DAXAA,DAXAC,GTBAA,DECAU,DECAA,EN_AV,EN_BM,EN_CN,EN_WQ"/>
	<Property id="PROPERTY_35" name="HRN_HL_DerivatePN" value="AR:NL3T-14401-ARC:FDDAA,FDDAD,GTDAB,GTDAT,GTDAX,HKRAD,HLNAB,HNSAA,ICEHD,IEPAA,IEPAN,IEVAQ,IEXAA,IEXAB,JBBA7,JBMAB,JBWAA,JBWAC,JCBAD"/>
	<Property id="PROPERTY_36" name="HRN_HL_DerivatePN" value="BA:NL3T-14401-BAC:AC_B,GRAA2,HJGAJ,ABEAA,GPAAJ,HT2AA,G1DAA,B5WBK,AAEAA,IDBAD,HUKAA,CAQAA,HKSAA,HKSAB,J3KAR,CBGAA,CBGAD,DEEAA,AAAET,CBFAA,CBFAL,AATAA,BB7AB,AALAA,AALAK,BY1AA,DAXAA,GTBAA,DECAU,DECAA,EN_AV,EN_AX,EN_BM,EN_WQ,FDDAA,FDDAD,GTDAA"/>
	<Property id="PROPERTY_37" name="HRN_HL_DerivatePN" value="BA:NL3T-14401-BAC:GTDAB,HKRAB,HLNAA,HNSAA,ICEF6,ICEFA,ICEHE,IEPAA,IEPAN,IEVAQ,IEVAR,IEXAA,JBBAE,JBMAA,JBMAB,JBWAA,JCBAA"/>
	<Property id="PROPERTY_38" name="HRN_HL_DerivatePN" value="BB:NL3T-14401-BBC:AC_B,GRAA2,HJGAJ,ABEAA,GPAAJ,HT2AA,G1DAA,B5WBK,AAEAA,IDBAD,HUKAJ,HUKAK,CAQAA,HKSAA,HKSAB,J3KAR,CBGAD,DEEAA,AAAET,CBFAL,AATAA,BB7AB,AALAA,AALAK,BY1AA,DAXAA,GTBAA,DECAU,DECAA,EN_AV,EN_AX,EN_BM,EN_WQ,FDDAA,FDDAD,GTDAA,GTDAB"/>
	<Property id="PROPERTY_39" name="HRN_HL_DerivatePN" value="BB:NL3T-14401-BBC:HKRAB,HLNAA,HNSAA,ICEF6,ICEFA,ICEHE,IEPAA,IEPAN,IEVAQ,IEVAR,IEXAA,JBBAE,JBMAA,JBMAB,JBWAA,JCBAA"/>
	<Property id="PROPERTY_40" name="HRN_HL_DerivatePN" value="BC:NL3T-14401-BCC:AC_G,GRAA2,HJGAJ,ABEAA,GPAAJ,HT2AA,G1DAA,B5WBK,AAEAA,IDBAD,HUKAL,HUKAN,CAQAA,HKSAA,HKSAB,J3KAR,CBGAD,DEEAA,AAAET,CBFAL,AATAA,BB7AB,AALAA,BY1AA,DAXAA,GTBAA,DECAA,EN_CN,FDDAA,FDDAD,GTDAA,GTDAB,HKRAB,HLNAA,HNSAA,ICEF6,ICEFA"/>
	<Property id="PROPERTY_41" name="HRN_HL_DerivatePN" value="BC:NL3T-14401-BCC:ICEHE,IEPAA,IEPAN,IEVAQ,IEVAR,IEXAA,JBBAE,JBMAA,JBMAB,JBWAA,JCBAA"/>
	<Property id="PROPERTY_42" name="HRN_HL_DerivatePN" value="BD:NL3T-14401-BDC:AC_B,GRAA2,HJGAJ,ABEAA,GPAAJ,HT2AA,G1DAA,B5WBK,AAEAA,IDBAD,IDBAL,HUKAA,CAQAA,HKSAA,HKSAB,J3KAB,J3KAH,CBGAD,CBGAE,DEEAA,DEEAB,AAAET,CBFAL,CBFAP,AATAA,AATAF,BB7AB,AALAA,AALAK,BY1AA,DAXAA,DAXAC,GTBAA,DECAU,DECAA,EN_AV,EN_AX"/>
	<Property id="PROPERTY_43" name="HRN_HL_DerivatePN" value="BD:NL3T-14401-BDC:EN_BM,EN_WQ,FDDAA,FDDAD,GTDAB,HKRAB,HLNAA,HLNAB,HNSAA,ICEF6,ICEFA,ICEHE,IEPAA,IEPAN,IEVAQ,IEVAR,IEXAA,JBBAE,JBMAA,JBMAB,JBWAA,JBWAC,JCBAA"/>
	<Property id="PROPERTY_44" name="HRN_HL_DerivatePN" value="BE:NL3T-14401-BEC:AC_B,GRAA2,HJGAJ,ABEAA,GPAAJ,HT2AA,G1DAA,B5WBK,AAEAA,IDBAD,IDBAL,HUKAJ,HUKAK,CAQAA,HKSAA,HKSAB,J3KAB,J3KAH,CBGAD,CBGAE,DEEAA,DEEAB,AAAET,CBFAL,CBFAP,AATAA,AATAF,BB7AB,AALAA,AALAK,BY1AA,DAXAA,DAXAC,GTBAA,DECAU,DECAA,EN_AV"/>
	<Property id="PROPERTY_45" name="HRN_HL_DerivatePN" value="BE:NL3T-14401-BEC:EN_AX,EN_BM,EN_WQ,FDDAA,FDDAD,GTDAB,HKRAB,HLNAA,HLNAB,HNSAA,ICEF6,ICEFA,ICEHE,IEPAA,IEPAN,IEVAQ,IEVAR,IEXAA,JBBAE,JBMAA,JBMAB,JBWAA,JBWAC,JCBAA"/>
	<Property id="PROPERTY_46" name="HRN_HL_DerivatePN" value="BF:NL3T-14401-BFC:AC_G,GRAA2,HJGAJ,ABEAA,GPAAJ,HT2AA,G1DAA,B5WBK,AAEAA,IDBAL,HUKAA,CAQAA,HKSAA,HKSAB,J3KAB,J3KAH,CBGAE,DEEAA,DEEAB,AAAET,CBFAL,CBFAP,AATAA,AATAF,BB7AB,BB7AC,AALAA,AALAK,BY1AA,DAXAA,DAXAC,GTBAA,DECAU,DECAA,EN_AV,EN_AX,EN_BM"/>
	<Property id="PROPERTY_47" name="HRN_HL_DerivatePN" value="BF:NL3T-14401-BFC:EN_WQ,FDDAA,FDDAD,GTDAB,GTDAT,GTDAX,HKRAC,HLNAB,HNSAA,ICEF6,ICEHE,IEPAA,IEPAN,IEVAQ,IEXAA,JBBAE,JBMAA,JBMAB,JBWAA,JBWAC,JCBAA"/>
	<Property id="PROPERTY_48" name="HRN_HL_DerivatePN" value="BG:NL3T-14401-BGC:AC_G,GRAA2,HJGAJ,ABEAA,ABECH,GPAAJ,HT2AA,G1DAA,B5WBK,AAEAA,IDBAD,IDBAL,HUKAJ,HUKAK,HUKAL,HUKAN,CAQAA,HKSAA,HKSAB,J3KAB,J3KAH,CBGAD,CBGAE,DEEAA,DEEAB,AAAET,CBFAL,CBFAP,AATAA,AATAF,BB7AB,BB7AC,AALAA,AALAK,BY1AA,DAXAA,DAXAC"/>
	<Property id="PROPERTY_49" name="HRN_HL_DerivatePN" value="BG:NL3T-14401-BGC:GTBAA,DECAU,DECAA,EN_AV,EN_AX,EN_BM,EN_CN,EN_WQ,FDDAA,FDDAD,GTDAB,GTDAT,GTDAX,HKRAB,HKRAC,HLNAA,HLNAB,HNSAA,ICEF6,ICEFA,ICEHE,IEPAA,IEPAN,IEVAQ,IEVAR,IEXAA,JBBAE,JBMAA,JBMAB,JBWAA,JBWAC,JCBAA"/>
	<Property id="PROPERTY_50" name="HRN_HL_DerivatePN" value="BH:NL3T-14401-BHC:AC_G,GRAA2,HJGAX,ABEAA,GPAAJ,HT2AA,G1DAA,B5WBK,AAEAA,IDBAL,HUKAJ,HUKAK,HUKAL,HUKAN,CAQAB,HKSAA,HKSAB,J3KAB,J3KAH,CBGAL,DEEAB,AAAET,CBFAN,AATAA,AATAF,BB7AB,BB7AC,AALAA,AALAK,BY1AC,DAXAA,DAXAC,GTBAA,DECAU,DECAA,EN_AV,EN_AX"/>
	<Property id="PROPERTY_51" name="HRN_HL_DerivatePN" value="BH:NL3T-14401-BHC:EN_BM,EN_CN,EN_WQ,FDDAA,FDDAD,GTDAB,GTDAT,GTDAX,HKRAC,HLNAB,HNSAA,ICEF6,ICEHE,IEPAA,IEPAN,IEVAQ,IEXAA,JBBA7,JBMAB,JBWAA,JBWAC,JCBAA"/>
	<Property id="PROPERTY_52" name="HRN_HL_DerivatePN" value="BJ:NL3T-14401-BJC:AC_G,GRAA2,HJGAX,ABEAA,GPAAJ,HT2AA,G1DAA,B5WBK,AAEAA,IDBAF,HUKAJ,HUKAK,HUKAL,HUKAN,CAQAB,HKSAA,HKSAB,J3KAB,J3KAH,CBGAL,DEEAB,AAAET,CBFAN,AATAA,AATAF,BB7AB,BB7AC,AALAA,AALAK,BY1AC,DAXAA,DAXAC,GTBAA,DECAU,DECAA,EN_AV,EN_AX"/>
	<Property id="PROPERTY_53" name="HRN_HL_DerivatePN" value="BJ:NL3T-14401-BJC:EN_BM,EN_CN,EN_WQ,FDDAA,FDDAD,GTDAB,GTDAT,GTDAX,HKRAC,HLNAB,HNSAA,ICEHD,IEPAA,IEPAN,IEVAQ,IEXAA,JBBA7,JBMAB,JBWAA,JBWAC,JCBAA"/>
	<Property id="PROPERTY_54" name="HRN_HL_DerivatePN" value="CA:NL3T-14401-CAC:AC_G,GRAA3,HJGAJ,ABEAA,GPAAJ,HT2AA,G1DAA,B5WBG,AAEAA,IDBAL,HUKAJ,HUKAK,HUKAL,HUKAN,CAQAA,HKSAA,HKSAB,J3KAB,J3KAH,CBGAE,DEEAA,DEEAB,AAAET,CBFAL,CBFAP,AATAA,AATAF,BB7AB,BB7AC,AALAA,AALAK,BY1AA,DAXAA,DAXAC,GTBAA,DECAU,DECAA"/>
	<Property id="PROPERTY_55" name="HRN_HL_DerivatePN" value="CA:NL3T-14401-CAC:EN_AV,EN_BM,EN_CN,EN_WQ,FDDAA,FDDAD,GTDAB,GTDAT,GTDAX,HKRAC,HLNAB,HNSAA,ICEF6,ICEHE,IEPAA,IEPAN,IEVAQ,IEXAA,JBBAE,JBBAL,JBMAA,JBMAB,JBWAA,JBWAC,JCBAA"/>
	<Property id="PROPERTY_56" name="HRN_HL_DerivatePN" value="CB:NL3T-14401-CBC:AC_G,GRAA3,HJGAX,ABEAA,GPAAJ,HT2AA,G1DAA,B5WBG,AAEAA,IDBAL,HUKAJ,HUKAK,HUKAL,HUKAN,CAQAA,CAQAB,HKSAA,HKSAB,J3KAB,J3KAH,CBGAL,DEEAA,DEEAB,AAAD8,AAAET,CBFAN,AATAA,AATAF,BB7AB,BB7AC,BB7AD,AALAA,AALAK,BY1AC,BY1AJ,DAXAA,DAXAC"/>
	<Property id="PROPERTY_57" name="HRN_HL_DerivatePN" value="CB:NL3T-14401-CBC:GTBAA,DECAU,DECAA,EN_AV,EN_BM,EN_CN,EN_WQ,FDDAA,FDDAD,GTDAB,GTDAT,GTDAX,HKRAC,HKRAD,HLNAB,HNSAA,ICEF6,ICEHE,IEPAA,IEPAN,IEVAQ,IEXAA,IEXAB,JBBA7,JBBAK,JBBAL,JBMAB,JBWAA,JBWAC,JCBAA,JCBAD"/>
	<Property id="PROPERTY_58" name="HRN_HL_DerivatePN" value="CC:NL3T-14401-CCC:AC_G,GRAA3,HJGAX,ABEAA,GPAAJ,HT2AA,G1DAA,B5WBG,AAEAA,IDBAF,HUKAJ,HUKAK,HUKAL,HUKAN,CAQAA,CAQAB,HKSAA,HKSAB,J3KAB,J3KAH,CBGAL,DEEAA,DEEAB,AAAET,CBFAN,AATAA,AATAF,BB7AB,BB7AC,BB7AD,AALAA,AALAK,BY1AC,BY1AJ,DAXAA,DAXAC,GTBAA"/>
	<Property id="PROPERTY_59" name="HRN_HL_DerivatePN" value="CC:NL3T-14401-CCC:DECAU,DECAA,EN_AV,EN_BM,EN_CN,EN_WQ,FDDAA,FDDAD,GTDAB,GTDAT,GTDAX,HKRAC,HKRAD,HLNAB,HNSAA,ICEHD,IEPAA,IEPAN,IEVAQ,IEXAA,IEXAB,JBBA7,JBBAL,JBMAB,JBWAA,JBWAC,JCBAA,JCBAD"/>
	<Property id="PROPERTY_60" name="HRN_HL_DerivatePN" value="CD:NL3T-14401-CDC:AC_G,GRAA3,HJGAX,ABEAA,GPAAJ,HT2AA,G1DAA,B5WBG,AAEAA,IDBAF,HUKAJ,HUKAK,HUKAL,CAQAJ,HKSAA,HKSAB,J3KAB,J3KAH,CBGAL,DEEAB,AAAET,CBFAN,AATAA,AATAF,BB7AD,AALAA,AALAK,BY1AJ,DAXAA,DAXAC,GTBAA,DECAU,DECAA,EN_AV,EN_BM,EN_CN,EN_WQ"/>
	<Property id="PROPERTY_61" name="HRN_HL_DerivatePN" value="CD:NL3T-14401-CDC:FDDAA,FDDAD,GTDAB,GTDAT,GTDAX,HKRAD,HLNAB,HNSAA,ICEHD,IEPAA,IEPAN,IEVAQ,IEXAA,IEXAB,JBBA7,JBMAB,JBWAA,JBWAC,JCBAD"/>
	<Property id="PROPERTY_62" name="HRN_HL_DerivatePN" value="CE:NL3T-14401-CEC:AC_G,GRAA3,HJGAX,ABEAA,GPAAJ,HT2AA,G1DAA,B5WBG,AAEAA,IDBAL,HUKAJ,HUKAK,HUKAL,CAQAJ,HKSAA,HKSAB,J3KAB,J3KAH,CBGAL,DEEAB,AAAET,CBFAN,AATAA,AATAF,BB7AD,AALAA,AALAK,BY1AJ,DAXAA,DAXAC,GTBAA,DECAU,DECAA,EN_AV,EN_BM,EN_CN,EN_WQ"/>
	<Property id="PROPERTY_63" name="HRN_HL_DerivatePN" value="CE:NL3T-14401-CEC:FDDAA,FDDAD,GTDAB,GTDAT,GTDAX,HKRAD,HLNAB,HNSAA,ICEHE,IEPAA,IEPAN,IEVAQ,IEXAA,IEXAB,JBBA7,JBMAB,JBWAA,JBWAC,JCBAD"/>
	<Property id="PROPERTY_64" name="HRN_HL_DerivatePN" value="DA:NL3T-14401-DAC:AC_G,GRAAP,HJGAX,ABEAA,GPAAJ,HT2AA,G1DAA,B5WAZ,B5WBF,B5WBG,AAEAA,IDBAF,HUKAJ,HUKAK,HUKAL,HUKAN,CAQAB,HKSAA,HKSAB,J3KAB,J3KAH,CBGAL,DEEAA,DEEAB,AAAET,CBFAN,AATAA,AATAF,BB7AD,AALAA,BY1AJ,DAXAA,DAXAC,GTBAB,DECAU,DECAA,EN_AV"/>
	<Property id="PROPERTY_65" name="HRN_HL_DerivatePN" value="DA:NL3T-14401-DAC:EN_BM,EN_CN,EN_WQ,FDDAA,FDDAD,GTDAW,GTDAT,GTDAX,HKRAD,HLNAB,HNSAA,HNSAC,ICEF9,ICEHD,IEPAA,IEPAN,IEVAQ,IEXAB,JBBA8,JBBBH,JBMAB,JBWAA,JBWAC,JCBAD"/>
	<Property id="PROPERTY_66" name="HRN_HL_DerivatePN" value="DB:NL3T-14401-DBC:AC_G,GRAAP,HJGAX,ABEAA,GPAAJ,HT2AA,G1DAA,B5WAZ,B5WBF,B5WBG,AAEAA,IDBBQ,HUKAJ,HUKAK,HUKAL,CAQAB,HKSAA,HKSAB,J3KAB,J3KAH,CBGAL,DEEAA,DEEAB,AAAD8,AAAET,CBFAN,AATAA,AATAF,BB7AD,AALAA,BY1AJ,DAXAA,DAXAC,GTBAB,DECAU,DECAA,EN_AV"/>
	<Property id="PROPERTY_67" name="HRN_HL_DerivatePN" value="DB:NL3T-14401-DBC:EN_BM,EN_CN,EN_WQ,FDDAA,FDDAD,GTDAW,GTDAT,GTDAX,HKRAD,HLNAB,HNSAA,HNSAC,ICEF9,ICEHF,IEPAA,IEPAN,IEVAQ,IEXAB,JBBA8,JBBBJ,JBBBH,JBMAB,JBWAA,JBWAC,JCBAD"/>
	<Property id="PROPERTY_68" name="HRN_HL_DerivatePN" value="DC:NL3T-14401-DCC:AC_G,GRAAP,HJGAX,ABEAA,GPAAJ,HT2AA,G1DAA,B5WAZ,B5WBF,B5WBG,AAEAA,IDBAF,HUKAJ,HUKAK,HUKAL,HUKAN,CAQAJ,HKSAA,HKSAB,J3KAB,J3KAH,CBGAL,DEEAA,DEEAB,AAAET,CBFAN,AATAA,AATAF,BB7AD,AALAA,BY1AJ,DAXAA,DAXAC,GTBAB,DECAU,DECAA,EN_AV"/>
	<Property id="PROPERTY_69" name="HRN_HL_DerivatePN" value="DC:NL3T-14401-DCC:EN_BM,EN_CN,EN_WQ,FDDAA,FDDAD,GTDAW,GTDAT,GTDAX,HKRAD,HLNAB,HNSAA,HNSAC,ICEF9,ICEHD,IEPAA,IEPAN,IEVAQ,IEXAB,JBBA8,JBBBH,JBMAB,JBWAA,JBWAC,JCBAD"/>
	<Property id="PROPERTY_70" name="HRN_HL_DerivatePN" value="DD:NL3T-14401-DDC:AC_G,GRAAP,HJGAX,ABEAA,GPAAJ,HT2AA,G1DAA,B5WAZ,B5WBF,B5WBG,AAEAA,IDBBQ,HUKAJ,HUKAK,HUKAL,HUKAN,CAQAJ,HKSAA,HKSAB,J3KAB,J3KAH,CBGAL,DEEAA,DEEAB,AAAD8,AAAET,CBFAN,AATAA,AATAF,BB7AD,AALAA,BY1AJ,DAXAA,DAXAC,GTBAB,DECAU,DECAA"/>
	<Property id="PROPERTY_71" name="HRN_HL_DerivatePN" value="DD:NL3T-14401-DDC:EN_AV,EN_BM,EN_CN,EN_WQ,FDDAA,FDDAD,GTDAW,GTDAT,GTDAX,HKRAD,HLNAB,HNSAA,HNSAC,ICEF9,ICEHF,IEPAA,IEPAN,IEVAQ,IEXAB,JBBA8,JBBBJ,JBBBH,JBMAB,JBWAA,JBWAC,JCBAD"/>
	<Property id="PROPERTY_72" name="HRN_HL_DerivatePN" value="HA:NL3T-14401-HAC:AC_G,GRAAP,HJGAX,ABEAA,GPAAW,HT2AA,G1DAA,B5WAZ,B5WBF,AAEAA,IDBAF,HUKAJ,HUKAK,HUKAL,HUKAN,CAQAB,HKSAA,HKSAB,J3KAB,J3KAH,CBGAL,DEEAA,DEEAB,AAAET,CBFAN,AATAA,AATAF,BB7AD,AALAA,BY1AJ,DAXAA,DAXAC,GTBAB,DECAU,DECAA,EN_AV,EN_BM"/>
	<Property id="PROPERTY_73" name="HRN_HL_DerivatePN" value="HA:NL3T-14401-HAC:EN_CN,FDDAD,GTDAW,GTDAT,GTDAX,HKRAD,HLNAB,HNSAA,HNSAC,ICEF9,ICEHD,IEPAA,IEPAN,IEVAQ,IEXAB,JBBA8,JBBBH,JBMAB,JBWAA,JBWAC,JCBAD"/>
	<Property id="PROPERTY_74" name="HRN_HL_DerivatePN" value="HB:NL3T-14401-HBC:AC_G,GRAAP,HJGAX,ABEAA,GPAAW,HT2AA,G1DAA,B5WAZ,B5WBF,B5WBG,AAEAA,IDBBQ,HUKAJ,HUKAK,HUKAN,CAQAB,HKSAA,J3KAB,J3KAH,CBGAL,DEEAB,AAAET,CBFAN,AATAA,AATAF,BB7AD,AALAA,BY1AJ,DAXAA,DAXAC,GTBAB,DECAU,DECAA,EN_AV,EN_BM,EN_CN,FDDAA"/>
	<Property id="PROPERTY_75" name="HRN_HL_DerivatePN" value="HB:NL3T-14401-HBC:FDDAD,GTDAT,HKRAD,HLNAB,HNSAA,HNSAC,ICEF9,ICEHF,IEPAA,IEPAN,IEVAQ,IEXAB,JBBA8,JBMAB,JBWAA,JBWAC,JCBAD"/>
	<Property id="PROPERTY_76" name="HRN_HL_DerivatePN" value="HC:NL3T-14401-HCC:AC_G,GRAAP,HJGAX,ABEAA,GPAAW,HT2AA,G1DAA,B5WAZ,B5WBF,AAEAA,IDBAF,HUKAJ,HUKAK,HUKAL,HUKAN,CAQAJ,HKSAA,HKSAB,J3KAB,J3KAH,CBGAL,DEEAA,DEEAB,AAAET,CBFAN,AATAA,AATAF,BB7AD,AALAA,BY1AJ,DAXAA,DAXAC,GTBAB,DECAU,DECAA,EN_AV,EN_BM"/>
	<Property id="PROPERTY_77" name="HRN_HL_DerivatePN" value="HC:NL3T-14401-HCC:EN_CN,FDDAD,GTDAW,GTDAT,GTDAX,HKRAD,HLNAB,HNSAA,HNSAC,ICEF9,ICEHD,IEPAA,IEPAN,IEVAQ,IEXAB,JBBA8,JBBBH,JBMAB,JBWAA,JBWAC,JCBAD"/>
	<Property id="PROPERTY_78" name="HRN_HL_DerivatePN" value="HD:NL3T-14401-HDC:AC_G,GRAAP,HJGAX,ABEAA,GPAAW,HT2AA,G1DAA,B5WAZ,B5WBF,B5WBG,AAEAA,IDBBQ,HUKAJ,HUKAK,HUKAL,HUKAN,CAQAJ,HKSAA,HKSAB,J3KAB,J3KAH,CBGAL,DEEAA,DEEAB,AAAET,CBFAN,AATAA,AATAF,BB7AD,AALAA,BY1AJ,DAXAA,DAXAC,GTBAB,DECAU,DECAA,EN_AV"/>
	<Property id="PROPERTY_79" name="HRN_HL_DerivatePN" value="HD:NL3T-14401-HDC:EN_BM,EN_CN,FDDAA,FDDAD,GTDAW,GTDAT,GTDAX,HKRAD,HLNAB,HNSAA,HNSAC,ICEF9,ICEHF,IEPAA,IEPAN,IEVAQ,IEXAB,JBBA8,JBBBH,JBMAB,JBWAA,JBWAC,JCBAD"/>
	<Property id="PROPERTY_80" name="HRN_HL_DerivatePN" value="TM:NL3T-14401-TMC:AC_G,GRAAP,HJGAX,ABEAA,GPAAW,HT2AA,G1DAA,B5WAZ,B5WBF,AAEAA,IDBAF,HUKAM,CAQAB,HKSAB,J3KAB,J3KAH,CBGAL,DEEAB,AAAET,CBFAN,AATAA,AATAF,BB7AD,AALAA,BY1AJ,DAXAA,DAXAC,GTBAB,DECAA,EN_CN,FDDAD,GTDAW,GTDAT,GTDAX,HKRAD,HLNAB,HNSAA"/>
	<Property id="PROPERTY_81" name="HRN_HL_DerivatePN" value="TM:NL3T-14401-TMC:HNSAC,ICEHD,IEPAN,IEVAQ,IEXAB,JBBA8,JBBBH,JBMAB,JBWAA,JBWAC,JCBAD"/>
	<Property id="PROPERTY_82" name="HRN_HL_DerivatePN" value="TP:NL3T-14401-TPC:AC_G,GRAAP,HJGAX,ABEAA,GPAAW,HT2AA,G1DAA,B5WAZ,B5WBF,AAEAA,IDBBQ,HUKAM,CAQAJ,HKSAA,HKSAB,J3KAB,J3KAH,CBGAL,DEEAB,AAAET,CBFAN,AATAA,AATAF,BB7AD,AALAA,BY1AJ,DAXAA,DAXAC,GTBAB,DECAA,EN_CN,FDDAD,GTDAW,GTDAT,GTDAX,HKRAD,HLNAB"/>
	<Property id="PROPERTY_83" name="HRN_HL_DerivatePN" value="TP:NL3T-14401-TPC:HNSAA,HNSAC,ICEHF,IEPAA,IEPAN,IEVAQ,IEXAB,JBBA8,JBBBH,JBMAB,JBWAC,JCBAD"/>
	<Property id="PROPERTY_84" name="HRN_HL_DerivatePN" value="TR:NL3T-14401-TRC:AC_G,GRAAP,HJGAX,ABEAA,GPAAW,HT2AA,G1DAA,B5WAZ,B5WBF,AAEAA,IDBAF,HUKAM,CAQAJ,HKSAB,J3KAB,J3KAH,CBGAL,DEEAB,AAAET,CBFAN,AATAA,AATAF,BB7AD,AALAA,BY1AJ,DAXAA,DAXAC,GTBAB,DECAA,EN_CN,FDDAD,GTDAW,GTDAT,GTDAX,HKRAD,HLNAB,HNSAA"/>
	<Property id="PROPERTY_85" name="HRN_HL_DerivatePN" value="TR:NL3T-14401-TRC:HNSAC,ICEHD,IEPAN,IEVAQ,IEXAB,JBBA8,JBBBH,JBMAB,JBWAA,JBWAC,JCBAD"/>
	<Property id="PROPERTY_86" name="HRN_HL_DerivatePN" value="UA:NL3T-14401-UAC:AC_B,GRAA2,HJGAJ,ABECH,GPAAJ,HT2AA,G1DAA,B5WAA,AAEAC,IDBAD,HUKAH,CAQAA,HKSAA,HKSAB,J3KAB,J3KAH,CBGAA,CBGAV,DEEAA,AAAET,CBFAA,AATAA,AATAF,BB7AB,AALAA,BY1AA,DAXAA,DAXAC,GTBAA,DECAA,EN_BM,FDDAA,FDDAD,GTDAB,HKRAB,HLNAA,HNSAA"/>
	<Property id="PROPERTY_87" name="HRN_HL_DerivatePN" value="UA:NL3T-14401-UAC:ICEFA,ICEHE,IEPAN,IEVAQ,IEVAR,IEXAA,JBBAE,JBMAA,JBMAB,JBWAA,JCBAA"/>
	<Property id="PROPERTY_88" name="HRN_HL_DerivatePN" value="UB:NL3T-14401-UBC:AC_B,GRAA2,HJGAJ,ABECH,GPAAJ,HT2AA,G1DAA,B5WBK,AAEAC,IDBAD,HUKAH,CAQAA,HKSAA,HKSAB,J3KAB,J3KAH,CBGAA,CBGAV,DEEAA,AAAET,CBFAA,AATAA,AATAF,BB7AB,AALAA,BY1AA,DAXAA,DAXAC,GTBAA,DECAA,EN_BM,FDDAA,FDDAD,GTDAB,HKRAB,HLNAA,HNSAA"/>
	<Property id="PROPERTY_89" name="HRN_HL_DerivatePN" value="UB:NL3T-14401-UBC:ICEFA,ICEHE,IEPAN,IEVAQ,IEVAR,IEXAA,JBBAE,JBMAA,JBMAB,JBWAA,JCBAA"/>
	<Property id="PROPERTY_90" name="HRN_HL_DerivatePN" value="UC:NL3T-14401-UCC:AC_B,GRAA2,HJGAJ,ABECH,GPAAJ,HT2AA,G1DAA,B5WAA,AAEAA,IDBAD,HUKAH,CAQAA,HKSAA,HKSAB,J3KAB,J3KAH,CBGAA,CBGAV,DEEAA,AAAET,CBFAA,AATAA,AATAF,BB7AB,AALAA,AALAK,BY1AA,DAXAA,DAXAC,GTBAA,DECAU,DECAA,EN_AV,EN_BM,FDDAA,FDDAD,GTDAB"/>
	<Property id="PROPERTY_91" name="HRN_HL_DerivatePN" value="UC:NL3T-14401-UCC:HKRAB,HLNAA,HLNAB,HNSAA,ICEFA,ICEHE,IEPAN,IEVAQ,IEVAR,IEXAA,JBBAE,JBMAA,JBMAB,JBWAA,JCBAA"/>
	<Property id="PROPERTY_92" name="HRN_HL_DerivatePN" value="UD:NL3T-14401-UDC:AC_B,GRAA2,HJGAJ,ABECH,GPAAJ,HT2AA,G1DAA,B5WBK,AAEAA,IDBAD,HUKAH,CAQAA,HKSAA,HKSAB,J3KAB,J3KAH,CBGAA,CBGAV,DEEAA,AAAET,CBFAA,AATAA,AATAF,BB7AB,AALAA,AALAK,BY1AA,DAXAA,DAXAC,GTBAA,DECAU,DECAA,EN_AV,EN_BM,FDDAA,FDDAD,GTDAB"/>
	<Property id="PROPERTY_93" name="HRN_HL_DerivatePN" value="UD:NL3T-14401-UDC:HKRAB,HLNAA,HLNAB,HNSAA,ICEFA,ICEHE,IEPAN,IEVAQ,IEVAR,IEXAA,JBBAE,JBMAA,JBMAB,JBWAA,JCBAA"/>
	<Property id="PROPERTY_94" name="HRN_HL_DerivatePN" value="UE:NL3T-14401-UEC:AC_B,GRAA2,HJGAJ,ABECH,GPAAJ,HT2AA,G1DAA,B5WBK,AAEAA,IDBAD,HUKAJ,HUKAK,CAQAA,HKSAA,HKSAB,J3KAB,J3KAH,CBGAA,CBGAV,DEEAA,AAAET,CBFAA,AATAA,AATAF,BB7AB,AALAA,AALAK,BY1AA,DAXAA,DAXAC,GTBAA,DECAU,DECAA,EN_AV,EN_BM,FDDAA,FDDAD"/>
	<Property id="PROPERTY_95" name="HRN_HL_DerivatePN" value="UE:NL3T-14401-UEC:GTDAB,HKRAB,HLNAA,HLNAB,HNSAA,ICEFA,ICEHE,IEPAN,IEVAQ,IEVAR,IEXAA,JBBAE,JBMAA,JBMAB,JBWAA,JCBAA"/>
	<Property id="PROPERTY_96" name="HRN_HL_DerivatePN" value="UF:NL3T-14401-UFC:AC_B,GRAA2,HJGAJ,ABECH,GPAAJ,HT2AA,G1DAA,B5WAA,AAEAA,IDBAD,HUKAJ,HUKAK,CAQAA,HKSAA,HKSAB,J3KAB,J3KAH,CBGAA,CBGAV,DEEAA,AAAET,CBFAA,AATAA,AATAF,BB7AB,AALAA,AALAK,BY1AA,DAXAA,DAXAC,GTBAA,DECAU,DECAA,EN_AV,EN_BM,FDDAA,FDDAD"/>
	<Property id="PROPERTY_97" name="HRN_HL_DerivatePN" value="UF:NL3T-14401-UFC:GTDAB,HKRAB,HLNAA,HLNAB,HNSAA,ICEFA,ICEHE,IEPAN,IEVAQ,IEVAR,IEXAA,JBBAE,JBMAA,JBMAB,JBWAA,JCBAA"/>
	<Property id="PROPERTY_98" name="HRN_HL_DerivatePN" value="VA:NL3T-14401-VAC:AC_G,GRAAP,HJGAX,ABEAA,GPAAJ,HT2AA,G1DAG,B5WBG,AAEAA,IDBBQ,HUKAD,CAQAB,HKSAB,J3KAH,CBGAL,DEEAB,AAAD8,CBFAN,AATAA,BB7AD,AALAA,BY1AJ,DAXAA,GTBAB,DECAU,DECAA,EN_BM,FDDAD,GTDAT,HKRAD,HLNAB,HNSAA,ICEGX,IEPAN,IEVAT,IEXAB,JBBBN"/>
	<Property id="PROPERTY_99" name="HRN_HL_DerivatePN" value="VA:NL3T-14401-VAC:JBMAA,JBWAC,JCBAD"/>
	<Property id="PROPERTY_100" name="HRN_HL_DerivatePN" value="XA:NL3T-14401-XAC:AC_B,GRAA2,HJGAJ,ABEAA,GPAAJ,HT2AA,G1DAA,B5WAA,AAEAA,IDBAE,IDBAL,HUKAA,CAQAA,HKSAD,J3KAB,J3KAH,CBGAD,CBGAE,DEEAA,DEEAB,AAAET,CBFAL,CBFAP,AATAA,AATAF,BB7AB,AALAA,BY1AA,DAXAA,DAXAC,GTBAA,DECAU,DECAA,EN_AV,EN_AX,EN_BM,FDDAA"/>
	<Property id="PROPERTY_101" name="HRN_HL_DerivatePN" value="XA:NL3T-14401-XAC:FDDAD,GTDAB,HKRAB,HLNAB,HNSAA,ICEF6,IEPAN,IEVAQ,IEXAA,JBBAE,JBMAA,JBMAB,JBWAA,JBWAC,JCBAA"/>
	<Property id="PROPERTY_102" name="HRN_HL_DerivatePN" value="XB:NL3T-14401-XBC:AC_B,GRAA2,HJGAJ,ABEAA,GPAAJ,HT2AA,G1DAA,B5WAA,AAEAA,IDBAL,HUKAJ,HUKAK,CAQAA,HKSAD,J3KAB,J3KAH,CBGAD,CBGAE,DEEAA,DEEAB,AAAET,CBFAL,CBFAP,AATAA,AATAF,BB7AB,AALAA,BY1AA,DAXAA,DAXAC,GTBAA,DECAU,DECAA,EN_AV,EN_AX,EN_BM,FDDAA"/>
	<Property id="PROPERTY_103" name="HRN_HL_DerivatePN" value="XB:NL3T-14401-XBC:FDDAD,GTDAB,HKRAB,HLNAB,HNSAA,ICEF6,IEPAN,IEVAQ,IEXAA,JBBAE,JBMAA,JBMAB,JBWAA,JBWAC,JCBAA"/>
	<Property id="PROPERTY_104" name="HRN_HL_DerivatePN" value="XC:NL3T-14401-XCC:AC_G,GRAA2,HJGAJ,ABEAA,GPAAJ,HT2AA,G1DAA,B5WAA,AAEAA,IDBAE,IDBAL,HUKAA,CAQAA,HKSAD,J3KAB,J3KAH,CBGAE,DEEAA,DEEAB,AAAET,CBFAL,CBFAP,AATAA,AATAF,BB7AB,BB7AC,AALAA,BY1AA,DAXAA,DAXAC,GTBAA,DECAU,DECAA,EN_AV,EN_AX,EN_BM,FDDAA"/>
	<Property id="PROPERTY_105" name="HRN_HL_DerivatePN" value="XC:NL3T-14401-XCC:FDDAD,GTDAB,GTDAT,HKRAC,HLNAB,HNSAA,ICEF6,IEPAN,IEVAQ,IEXAA,JBBAE,JBMAA,JBMAB,JBWAA,JBWAC,JCBAA"/>
	<Property id="PROPERTY_106" name="HRN_HL_DerivatePN" value="XD:NL3T-14401-XDC:AC_G,GRAA2,HJGAJ,ABEAA,GPAAJ,HT2AA,G1DAA,B5WAA,AAEAA,IDBAL,HUKAJ,HUKAK,HUKAN,CAQAA,HKSAD,J3KAB,J3KAH,CBGAD,CBGAE,DEEAA,DEEAB,AAAET,CBFAL,CBFAP,AATAA,AATAF,BB7AB,BB7AC,AALAA,BY1AA,DAXAA,DAXAC,GTBAA,DECAU,DECAA,EN_AV,EN_AX"/>
	<Property id="PROPERTY_107" name="HRN_HL_DerivatePN" value="XD:NL3T-14401-XDC:EN_BM,EN_CN,FDDAA,FDDAD,GTDAB,GTDAT,HKRAB,HKRAC,HLNAB,HNSAA,ICEF6,IEPAN,IEVAQ,IEXAA,JBBAE,JBMAA,JBMAB,JBWAA,JBWAC,JCBAA"/>
	<Property id="PROPERTY_108" name="HRN_HL_DerivatePN" value="XE:NL3T-14401-XEC:AC_B,GRAA2,HJGAJ,ABEAA,GPAAJ,HT2AA,G1DAA,B5WBK,AAEAA,IDBAD,IDBAL,HUKAA,CAQAA,HKSAD,J3KAB,J3KAH,CBGAD,CBGAE,DEEAA,DEEAB,AAAET,CBFAL,CBFAP,AATAA,AATAF,BB7AB,AALAA,BY1AA,DAXAA,DAXAC,GTBAA,DECAU,DECAA,EN_AV,EN_AX,EN_BM,FDDAA"/>
	<Property id="PROPERTY_109" name="HRN_HL_DerivatePN" value="XE:NL3T-14401-XEC:FDDAD,GTDAB,HKRAB,HLNAB,HNSAA,ICEF6,IEPAN,IEVAQ,IEXAA,JBBAE,JBMAA,JBMAB,JBWAA,JBWAC,JCBAA"/>
	<Property id="PROPERTY_110" name="HRN_HL_DerivatePN" value="XF:NL3T-14401-XFC:AC_B,GRAA2,HJGAJ,ABEAA,GPAAJ,HT2AA,G1DAA,B5WBK,AAEAA,IDBAD,IDBAL,HUKAJ,HUKAK,CAQAA,HKSAD,J3KAB,J3KAH,CBGAD,CBGAE,DEEAA,DEEAB,AAAET,CBFAL,CBFAP,AATAA,AATAF,BB7AB,AALAA,BY1AA,DAXAA,DAXAC,GTBAA,DECAU,DECAA,EN_AV,EN_AX,EN_BM"/>
	<Property id="PROPERTY_111" name="HRN_HL_DerivatePN" value="XF:NL3T-14401-XFC:FDDAA,FDDAD,GTDAB,HKRAB,HLNAB,HNSAA,ICEF6,IEPAN,IEVAQ,IEXAA,JBBAE,JBMAA,JBMAB,JBWAA,JBWAC,JCBAA"/>
	<Property id="PROPERTY_112" name="HRN_HL_DerivatePN" value="XG:NL3T-14401-XGC:AC_G,GRAA2,HJGAJ,ABEAA,GPAAJ,HT2AA,G1DAA,B5WBK,AAEAA,IDBAL,HUKAA,CAQAA,HKSAD,J3KAB,J3KAH,CBGAE,DEEAA,DEEAB,AAAET,CBFAL,CBFAP,AATAA,AATAF,BB7AB,BB7AC,AALAA,BY1AA,DAXAA,DAXAC,GTBAA,DECAU,DECAA,EN_AV,EN_AX,EN_BM,FDDAA,FDDAD"/>
	<Property id="PROPERTY_113" name="HRN_HL_DerivatePN" value="XG:NL3T-14401-XGC:GTDAB,GTDAT,HKRAC,HLNAB,HNSAA,ICEF6,IEPAN,IEVAQ,IEXAA,JBBAE,JBMAA,JBMAB,JBWAA,JBWAC,JCBAA"/>
	<Property id="PROPERTY_114" name="HRN_HL_DerivatePN" value="XH:NL3T-14401-XHC:AC_G,GRAA2,HJGAJ,ABEAA,GPAAJ,HT2AA,G1DAA,B5WBK,AAEAA,IDBAL,HUKAJ,HUKAK,HUKAN,CAQAA,HKSAD,J3KAB,J3KAH,CBGAD,CBGAE,DEEAA,DEEAB,AAAET,CBFAL,CBFAP,AATAA,AATAF,BB7AB,BB7AC,AALAA,BY1AA,DAXAA,DAXAC,GTBAA,DECAU,DECAA,EN_AV,EN_AX"/>
	<Property id="PROPERTY_115" name="HRN_HL_DerivatePN" value="XH:NL3T-14401-XHC:EN_BM,EN_CN,FDDAA,FDDAD,GTDAB,GTDAT,HKRAB,HKRAC,HLNAB,HNSAA,ICEF6,IEPAN,IEVAQ,IEXAA,JBBAE,JBMAA,JBMAB,JBWAA,JBWAC,JCBAA"/>
	<Property id="PROPERTY_116" name="HRN_HL_DerivatePN" value="XJ:NL3T-14401-XJC:AC_G,GRAA2,HJGAX,ABEAA,GPAAJ,HT2AA,G1DAA,B5WBK,AAEAA,IDBAL,HUKAJ,HUKAK,HUKAN,CAQAB,HKSAD,J3KAB,J3KAH,CBGAL,DEEAB,AAAET,CBFAN,AATAA,AATAF,BB7AB,BB7AC,AALAA,BY1AC,DAXAA,DAXAC,GTBAA,DECAU,DECAA,EN_AV,EN_AX,EN_BM,EN_CN,FDDAA"/>
	<Property id="PROPERTY_117" name="HRN_HL_DerivatePN" value="XJ:NL3T-14401-XJC:FDDAD,GTDAB,GTDAT,HKRAC,HLNAB,HNSAA,ICEF6,IEPAN,IEVAQ,IEXAA,JBBA7,JBMAB,JBWAA,JBWAC,JCBAA"/>
	<Property id="PROPERTY_118" name="HRN_HL_DerivatePN" value="XK:NL3T-14401-XKC:AC_G,GRAA3,HJGAJ,ABEAA,GPAAJ,HT2AA,G1DAA,B5WBG,AAEAA,IDBAL,HUKAJ,HUKAK,HUKAN,CAQAA,HKSAD,J3KAB,J3KAH,CBGAE,DEEAA,DEEAB,AAAET,CBFAL,CBFAP,AATAA,AATAF,BB7AB,BB7AC,AALAA,BY1AA,DAXAA,DAXAC,GTBAA,DECAU,DECAA,EN_AV,EN_BM,EN_CN"/>
	<Property id="PROPERTY_119" name="HRN_HL_DerivatePN" value="XK:NL3T-14401-XKC:FDDAA,FDDAD,GTDAB,GTDAT,HKRAC,HLNAB,HNSAA,ICEF6,IEPAN,IEVAQ,IEXAA,JBBAE,JBMAA,JBMAB,JBWAA,JBWAC,JCBAA"/>
	<Property id="PROPERTY_120" name="HRN_HL_DerivatePN" value="XL:NL3T-14401-XLC:AC_G,GRAA3,HJGAX,ABEAA,GPAAJ,HT2AA,G1DAA,B5WBG,AAEAA,IDBAL,HUKAJ,HUKAK,HUKAN,CAQAB,HKSAD,J3KAB,J3KAH,CBGAL,DEEAB,AAAD8,AAAET,CBFAN,AATAA,AATAF,BB7AB,BB7AC,BB7AD,AALAA,BY1AC,BY1AJ,DAXAA,DAXAC,GTBAA,DECAU,DECAA,EN_AV,EN_BM"/>
	<Property id="PROPERTY_121" name="HRN_HL_DerivatePN" value="XL:NL3T-14401-XLC:EN_CN,FDDAA,FDDAD,GTDAB,GTDAT,HKRAC,HKRAD,HLNAB,HNSAA,ICEF6,IEPAN,IEVAQ,IEXAA,JBBA7,JBBAK,JBBAL,JBMAB,JBWAA,JBWAC,JCBAA,JCBAD"/>
	<Property id="PROPERTY_122" name="HRN_HL_DerivatePN" value="XM:NL3T-14401-XMC:AC_G,GRAAP,HJGAX,ABEAA,GPAAJ,HT2AA,G1DAA,B5WBG,AAEAA,IDBBQ,HUKAJ,HUKAK,CAQAB,HKSAD,J3KAB,J3KAH,CBGAL,DEEAB,AAAD8,AAAET,CBFAN,AATAA,AATAF,BB7AD,AALAA,BY1AJ,DAXAA,DAXAC,GTBAB,DECAU,DECAA,EN_BM,FDDAD,GTDAT,HKRAD,HLNAB,HNSAA"/>
	<Property id="PROPERTY_123" name="HRN_HL_DerivatePN" value="XM:NL3T-14401-XMC:HNSAC,ICEF9,IEPAN,IEVAQ,IEXAB,JBBBJ,JBBBH,JBMAB,JBWAA,JBWAC,JCBAD"/>
	<Property id="PROPERTY_124" name="HRN_HL_DerivatePN" value="XN:NL3T-14401-XNC:AC_G,GRAAP,HJGAX,ABEAA,GPAAW,HT2AA,G1DAA,B5WBG,AAEAA,IDBBQ,HUKAJ,HUKAK,HUKAN,CAQAB,HKSAD,J3KAB,J3KAH,CBGAL,DEEAB,AAAET,CBFAN,AATAA,AATAF,BB7AD,AALAA,BY1AJ,DAXAA,DAXAC,GTBAB,DECAU,DECAA,EN_AV,EN_BM,EN_CN,FDDAA,FDDAD,GTDAT"/>
	<Property id="PROPERTY_125" name="HRN_HL_DerivatePN" value="XN:NL3T-14401-XNC:HKRAD,HLNAB,HNSAA,HNSAC,ICEF9,IEPAN,IEVAQ,IEXAB,JBBA8,JBMAB,JBWAA,JBWAC,JCBAD"/>
	<Property id="PROPERTY_126" name="HRN_HL_DerivatePN" value="XP:NL3T-14401-XPC:AC_G,GRAAP,HJGAX,ABEAA,GPAAW,HT2AA,G1DAA,B5WAZ,B5WBF,B5WBG,AAEAA,IDBBQ,HUKAJ,HUKAK,HUKAN,CAQAJ,HKSAD,J3KAB,J3KAH,CBGAL,DEEAB,AAAET,CBFAN,AATAA,AATAF,BB7AD,AALAA,BY1AJ,DAXAA,DAXAC,GTBAB,DECAU,DECAA,EN_AV,EN_BM,EN_CN,FDDAA"/>
	<Property id="PROPERTY_127" name="HRN_HL_DerivatePN" value="XP:NL3T-14401-XPC:FDDAD,GTDAT,HKRAD,HLNAB,HNSAA,HNSAC,ICEF9,IEPAN,IEVAQ,IEXAB,JBBA8,JBMAB,JBWAA,JBWAC,JCBAD"/>
	<Property id="PROPERTY_128" name="HRN_HL_DerivatePN" value="XR:NL3T-14401-XRC:AC_G,GRAAP,HJGAX,ABEAA,GPAAJ,HT2AA,G1DAA,B5WAZ,B5WBF,B5WBG,AAEAA,IDBBQ,HUKAJ,HUKAK,HUKAN,CAQAJ,HKSAD,J3KAB,J3KAH,CBGAL,DEEAB,AAAD8,AAAET,CBFAN,AATAA,AATAF,BB7AD,AALAA,BY1AJ,DAXAA,DAXAC,GTBAB,DECAU,DECAA,EN_AV,EN_BM,EN_CN"/>
	<Property id="PROPERTY_129" name="HRN_HL_DerivatePN" value="XR:NL3T-14401-XRC:FDDAD,GTDAT,HKRAD,HLNAB,HNSAA,HNSAC,ICEF9,IEPAN,IEVAQ,IEXAB,JBBA8,JBBBJ,JBBBH,JBMAB,JBWAA,JBWAC,JCBAD"/>
	<Property id="PROPERTY_130" name="HRN_HL_DerivatePN" value="XS:NL3T-14401-XSC:AC_G,GRAA2,HJGAX,ABEAA,GPAAJ,HT2AA,G1DAA,B5WAA,AAEAA,IDBAL,HUKAJ,HUKAK,HUKAN,CAQAB,HKSAD,J3KAB,J3KAH,CBGAL,DEEAB,AAAET,CBFAN,AATAA,AATAF,BB7AB,BB7AC,AALAA,BY1AC,DAXAA,DAXAC,GTBAA,DECAU,DECAA,EN_AV,EN_AX,EN_BM,EN_CN,FDDAA"/>
	<Property id="PROPERTY_131" name="HRN_HL_DerivatePN" value="XS:NL3T-14401-XSC:FDDAD,GTDAB,GTDAT,HKRAC,HLNAB,HNSAA,ICEF6,IEPAN,IEVAQ,IEXAA,JBBA7,JBMAB,JBWAA,JBWAC,JCBAA"/>
	<Property id="PROPERTY_132" name="HRN_HL_DerivatePN" value="YA:NL3T-14401-YAC:AC_G,GRAA2,HJGAJ,ABEAA,GPAAJ,HT2AA,G1DAA,B5WAA,AAEAA,IDBAD,HUKAM,CAQAA,HKSAA,HKSAB,J3KAR,CBGAD,DEEAA,AAAET,CBFAL,AATAA,BB7AB,AALAA,BY1AA,DAXAA,GTBAA,DECAA,EN_CN,FDDAA,FDDAD,GTDAA,GTDAB,HKRAB,HLNAA,HNSAA,ICEFA,ICEHE,IEPAA"/>
	<Property id="PROPERTY_133" name="HRN_HL_DerivatePN" value="YA:NL3T-14401-YAC:IEPAN,IEVAQ,IEVAR,IEXAA,JBBAE,JBMAA,JBMAB,JBWAA,JCBAA"/>
	<Property id="PROPERTY_134" name="HRN_HL_DerivatePN" value="YB:NL3T-14401-YBC:AC_G,GRAA2,HJGAJ,ABEAA,ABECH,GPAAJ,HT2AA,G1DAA,B5WAA,AAEAA,IDBAD,IDBAL,HUKAM,CAQAA,HKSAA,HKSAB,J3KAB,J3KAH,CBGAD,CBGAE,DEEAA,DEEAB,AAAET,CBFAL,CBFAP,AATAA,AATAF,BB7AB,BB7AC,AALAA,BY1AA,DAXAA,DAXAC,GTBAA,DECAA,EN_CN,FDDAA"/>
	<Property id="PROPERTY_135" name="HRN_HL_DerivatePN" value="YB:NL3T-14401-YBC:FDDAD,GTDAB,GTDAT,GTDAX,HKRAB,HKRAC,HLNAA,HLNAB,HNSAA,ICEFA,ICEHE,IEPAA,IEPAN,IEVAQ,IEVAR,IEXAA,JBBAE,JBMAA,JBMAB,JBWAA,JBWAC,JCBAA"/>
	<Property id="PROPERTY_136" name="HRN_HL_DerivatePN" value="YC:NL3T-14401-YCC:AC_G,GRAA2,HJGAX,ABEAA,GPAAJ,HT2AA,G1DAA,B5WAA,AAEAA,IDBAL,HUKAM,CAQAA,CAQAB,HKSAA,HKSAB,J3KAB,J3KAH,CBGAL,DEEAA,DEEAB,AAAET,CBFAN,AATAA,AATAF,BB7AB,BB7AC,BB7AD,AALAA,BY1AC,BY1AJ,DAXAA,DAXAC,GTBAA,DECAA,EN_CN,FDDAA,FDDAD"/>
	<Property id="PROPERTY_137" name="HRN_HL_DerivatePN" value="YC:NL3T-14401-YCC:GTDAB,GTDAT,GTDAX,HKRAC,HKRAD,HLNAB,HNSAA,ICEHE,IEPAA,IEPAN,IEVAQ,IEXAA,IEXAB,JBBA7,JBMAB,JBWAA,JBWAC,JCBAA,JCBAD"/>
	<Property id="PROPERTY_138" name="HRN_HL_DerivatePN" value="YD:NL3T-14401-YDC:AC_G,GRAA2,HJGAX,ABEAA,GPAAJ,HT2AA,G1DAA,B5WAA,AAEAA,IDBAF,HUKAM,CAQAA,CAQAB,HKSAA,HKSAB,J3KAB,J3KAH,CBGAL,DEEAA,DEEAB,AAAET,CBFAN,AATAA,AATAF,BB7AB,BB7AC,BB7AD,AALAA,BY1AC,BY1AJ,DAXAA,DAXAC,GTBAA,DECAA,EN_CN,FDDAA,FDDAD"/>
	<Property id="PROPERTY_139" name="HRN_HL_DerivatePN" value="YD:NL3T-14401-YDC:GTDAB,GTDAT,GTDAX,HKRAC,HKRAD,HLNAB,HNSAA,ICEHD,IEPAA,IEPAN,IEVAQ,IEXAA,IEXAB,JBBA7,JBMAB,JBWAA,JBWAC,JCBAA,JCBAD"/>
	<Property id="PROPERTY_140" name="HRN_HL_DerivatePN" value="YE:NL3T-14401-YEC:AC_G,GRAA2,HJGAJ,ABEAA,GPAAJ,HT2AA,G1DAA,B5WBK,AAEAA,IDBAD,HUKAM,CAQAA,HKSAA,HKSAB,J3KAR,CBGAD,DEEAA,AAAET,CBFAL,AATAA,BB7AB,AALAA,BY1AA,DAXAA,GTBAA,DECAA,EN_CN,FDDAA,FDDAD,GTDAA,GTDAB,HKRAB,HLNAA,HNSAA,ICEFA,ICEHE,IEPAA"/>
	<Property id="PROPERTY_141" name="HRN_HL_DerivatePN" value="YE:NL3T-14401-YEC:IEPAN,IEVAQ,IEVAR,IEXAA,JBBAE,JBMAA,JBMAB,JBWAA,JCBAA"/>
	<Property id="PROPERTY_142" name="HRN_HL_DerivatePN" value="YF:NL3T-14401-YFC:AC_G,GRAA2,HJGAJ,ABEAA,ABECH,GPAAJ,HT2AA,G1DAA,B5WBK,AAEAA,IDBAD,IDBAL,HUKAM,CAQAA,HKSAA,HKSAB,J3KAB,J3KAH,CBGAD,CBGAE,DEEAA,DEEAB,AAAET,CBFAL,CBFAP,AATAA,AATAF,BB7AB,BB7AC,AALAA,BY1AA,DAXAA,DAXAC,GTBAA,DECAA,EN_CN,FDDAA"/>
	<Property id="PROPERTY_143" name="HRN_HL_DerivatePN" value="YF:NL3T-14401-YFC:FDDAD,GTDAB,GTDAT,GTDAX,HKRAB,HKRAC,HLNAA,HLNAB,HNSAA,ICEFA,ICEHE,IEPAA,IEPAN,IEVAQ,IEVAR,IEXAA,JBBAE,JBMAA,JBMAB,JBWAA,JBWAC,JCBAA"/>
	<Property id="PROPERTY_144" name="HRN_HL_DerivatePN" value="YG:NL3T-14401-YGC:AC_G,GRAA2,HJGAX,ABEAA,GPAAJ,HT2AA,G1DAA,B5WBK,AAEAA,IDBAL,HUKAM,CAQAB,HKSAB,J3KAB,J3KAH,CBGAL,DEEAB,AAAET,CBFAN,AATAA,AATAF,BB7AB,BB7AC,AALAA,BY1AC,DAXAA,DAXAC,GTBAA,DECAA,EN_CN,FDDAA,FDDAD,GTDAB,GTDAT,GTDAX,HKRAC,HLNAB"/>
	<Property id="PROPERTY_145" name="HRN_HL_DerivatePN" value="YG:NL3T-14401-YGC:HNSAA,ICEHE,IEPAN,IEVAQ,IEXAA,JBBA7,JBMAB,JBWAA,JBWAC,JCBAA"/>
	<Property id="PROPERTY_146" name="HRN_HL_DerivatePN" value="YH:NL3T-14401-YHC:AC_G,GRAA2,HJGAX,ABEAA,GPAAJ,HT2AA,G1DAA,B5WBK,AAEAA,IDBAF,HUKAM,CAQAB,HKSAB,J3KAB,J3KAH,CBGAL,DEEAB,AAAET,CBFAN,AATAA,AATAF,BB7AB,BB7AC,AALAA,BY1AC,DAXAA,DAXAC,GTBAA,DECAA,EN_CN,FDDAA,FDDAD,GTDAB,GTDAT,GTDAX,HKRAC,HLNAB"/>
	<Property id="PROPERTY_147" name="HRN_HL_DerivatePN" value="YH:NL3T-14401-YHC:HNSAA,ICEHD,IEPAN,IEVAQ,IEXAA,JBBA7,JBMAB,JBWAA,JBWAC,JCBAA"/>
	<Property id="PROPERTY_148" name="HRN_HL_DerivatePN" value="YJ:NL3T-14401-YJC:AC_G,GRAA3,HJGAJ,ABEAA,GPAAJ,HT2AA,G1DAA,B5WBG,AAEAA,IDBAL,HUKAM,CAQAA,HKSAA,HKSAB,J3KAB,J3KAH,CBGAE,DEEAA,DEEAB,AAAET,CBFAL,CBFAP,AATAA,AATAF,BB7AB,BB7AC,AALAA,BY1AA,DAXAA,DAXAC,GTBAA,DECAA,EN_CN,FDDAA,FDDAD,GTDAB,GTDAT"/>
	<Property id="PROPERTY_149" name="HRN_HL_DerivatePN" value="YJ:NL3T-14401-YJC:GTDAX,HKRAC,HLNAB,HNSAA,ICEHE,IEPAA,IEPAN,IEVAQ,IEXAA,JBBAE,JBBAL,JBMAA,JBMAB,JBWAA,JBWAC,JCBAA"/>
	<Property id="PROPERTY_150" name="HRN_HL_DerivatePN" value="YK:NL3T-14401-YKC:AC_G,GRAA3,HJGAX,ABEAA,GPAAJ,HT2AA,G1DAA,B5WBG,AAEAA,IDBAL,HUKAM,CAQAA,CAQAB,HKSAA,HKSAB,J3KAB,J3KAH,CBGAL,DEEAA,DEEAB,AAAET,CBFAN,AATAA,AATAF,BB7AB,BB7AC,BB7AD,AALAA,BY1AC,BY1AJ,DAXAA,DAXAC,GTBAA,DECAA,EN_CN,FDDAA,FDDAD"/>
	<Property id="PROPERTY_151" name="HRN_HL_DerivatePN" value="YK:NL3T-14401-YKC:GTDAB,GTDAT,GTDAX,HKRAC,HKRAD,HLNAB,HNSAA,ICEHE,IEPAA,IEPAN,IEVAQ,IEXAA,IEXAB,JBBA7,JBBAL,JBMAB,JBWAA,JBWAC,JCBAA,JCBAD"/>
	<Property id="PROPERTY_152" name="HRN_HL_DerivatePN" value="YL:NL3T-14401-YLC:AC_G,GRAA3,HJGAX,ABEAA,GPAAJ,HT2AA,G1DAA,B5WBG,AAEAA,IDBAF,HUKAM,CAQAA,CAQAB,HKSAA,HKSAB,J3KAB,J3KAH,CBGAL,DEEAA,DEEAB,AAAET,CBFAN,AATAA,AATAF,BB7AB,BB7AC,BB7AD,AALAA,BY1AC,BY1AJ,DAXAA,DAXAC,GTBAA,DECAA,EN_CN,FDDAA,FDDAD"/>
	<Property id="PROPERTY_153" name="HRN_HL_DerivatePN" value="YL:NL3T-14401-YLC:GTDAB,GTDAT,GTDAX,HKRAC,HKRAD,HLNAB,HNSAA,ICEHD,IEPAA,IEPAN,IEVAQ,IEXAA,IEXAB,JBBA7,JBBAL,JBMAB,JBWAA,JBWAC,JCBAA,JCBAD"/>
	<Property id="PROPERTY_154" name="HRN_HL_DerivatePN" value="YM:NL3T-14401-YMC:AC_G,GRAAP,HJGAX,ABEAA,GPAAJ,HT2AA,G1DAA,B5WAZ,B5WBF,B5WBG,AAEAA,IDBAF,HUKAM,CAQAB,HKSAB,J3KAB,J3KAH,CBGAL,DEEAB,AAAET,CBFAN,AATAA,AATAF,BB7AD,AALAA,BY1AJ,DAXAA,DAXAC,GTBAB,DECAA,EN_CN,FDDAA,FDDAD,GTDAW,GTDAT,GTDAX,HKRAD"/>
	<Property id="PROPERTY_155" name="HRN_HL_DerivatePN" value="YM:NL3T-14401-YMC:HLNAB,HNSAA,HNSAC,ICEHD,IEPAN,IEVAQ,IEXAB,JBBA8,JBBBH,JBMAB,JBWAA,JBWAC,JCBAD"/>
	<Property id="PROPERTY_156" name="HRN_HL_DerivatePN" value="YN:NL3T-14401-YNC:AC_G,GRAAP,HJGAX,ABEAA,GPAAJ,HT2AA,G1DAA,B5WBG,AAEAA,IDBBQ,HUKAM,CAQAB,HKSAB,J3KAB,J3KAH,CBGAL,DEEAB,AAAET,CBFAN,AATAA,AATAF,BB7AD,AALAA,BY1AJ,DAXAA,DAXAC,GTBAB,DECAA,EN_CN,FDDAA,FDDAD,GTDAW,GTDAT,GTDAX,HKRAD,HLNAB,HNSAA"/>
	<Property id="PROPERTY_157" name="HRN_HL_DerivatePN" value="YN:NL3T-14401-YNC:HNSAC,ICEHF,IEPAN,IEVAQ,IEXAB,JBBA8,JBBBH,JBMAB,JBWAA,JBWAC,JCBAD"/>
	<Property id="PROPERTY_158" name="HRN_HL_DerivatePN" value="YP:NL3T-14401-YPC:AC_G,GRAA3,HJGAX,ABEAA,GPAAJ,HT2AA,G1DAA,B5WBG,AAEAA,IDBAF,HUKAM,CAQAJ,HKSAB,J3KAB,J3KAH,CBGAL,DEEAB,AAAET,CBFAN,AATAA,AATAF,BB7AD,AALAA,BY1AJ,DAXAA,DAXAC,GTBAA,DECAA,EN_CN,FDDAA,FDDAD,GTDAB,GTDAT,GTDAX,HKRAD,HLNAB,HNSAA"/>
	<Property id="PROPERTY_159" name="HRN_HL_DerivatePN" value="YP:NL3T-14401-YPC:ICEHD,IEPAN,IEVAQ,IEXAA,IEXAB,JBBA7,JBMAB,JBWAA,JBWAC,JCBAD"/>
	<Property id="PROPERTY_160" name="HRN_HL_DerivatePN" value="YR:NL3T-14401-YRC:AC_G,GRAA3,HJGAX,ABEAA,GPAAJ,HT2AA,G1DAA,B5WBG,AAEAA,IDBAL,HUKAM,CAQAJ,HKSAB,J3KAB,J3KAH,CBGAL,DEEAB,AAAET,CBFAN,AATAA,AATAF,BB7AD,AALAA,BY1AJ,DAXAA,DAXAC,GTBAA,DECAA,EN_CN,FDDAA,FDDAD,GTDAB,GTDAT,GTDAX,HKRAD,HLNAB,HNSAA"/>
	<Property id="PROPERTY_161" name="HRN_HL_DerivatePN" value="YR:NL3T-14401-YRC:ICEHE,IEPAN,IEVAQ,IEXAA,IEXAB,JBBA7,JBMAB,JBWAA,JBWAC,JCBAD"/>
	<Property id="PROPERTY_162" name="HRN_HL_DerivatePN" value="YS:NL3T-14401-YSC:AC_G,GRAAP,HJGAX,ABEAA,GPAAJ,HT2AA,G1DAA,B5WAZ,B5WBF,B5WBG,AAEAA,IDBAF,HUKAM,CAQAJ,HKSAB,J3KAB,J3KAH,CBGAL,DEEAB,AAAET,CBFAN,AATAA,AATAF,BB7AD,AALAA,BY1AJ,DAXAA,DAXAC,GTBAB,DECAA,EN_CN,FDDAA,FDDAD,GTDAW,GTDAT,GTDAX,HKRAD"/>
	<Property id="PROPERTY_163" name="HRN_HL_DerivatePN" value="YS:NL3T-14401-YSC:HLNAB,HNSAA,HNSAC,ICEHD,IEPAN,IEVAQ,IEXAB,JBBA8,JBBBH,JBMAB,JBWAA,JBWAC,JCBAD"/>
	<Property id="PROPERTY_164" name="HRN_HL_DerivatePN" value="YT:NL3T-14401-YTC:AC_G,GRAAP,HJGAX,ABEAA,GPAAJ,HT2AA,G1DAA,B5WAZ,B5WBF,B5WBG,AAEAA,IDBBQ,HUKAM,CAQAJ,HKSAA,HKSAB,J3KAB,J3KAH,CBGAL,DEEAB,AAAET,CBFAN,AATAA,AATAF,BB7AD,AALAA,BY1AJ,DAXAA,DAXAC,GTBAB,DECAA,EN_CN,FDDAA,FDDAD,GTDAW,GTDAT,GTDAX"/>
	<Property id="PROPERTY_165" name="HRN_HL_DerivatePN" value="YT:NL3T-14401-YTC:HKRAD,HLNAB,HNSAA,HNSAC,ICEHF,IEPAA,IEPAN,IEVAQ,IEXAB,JBBA8,JBBBH,JBMAB,JBWAA,JBWAC,JCBAD"/>
	<Property id="PROPERTY_166" name="HRN_HL_DerivatePN" value="YU:NL3T-14401-YUC:AC_G,GRAA2,HJGAX,ABEAA,GPAAJ,HT2AA,G1DAA,B5WAA,AAEAA,IDBAL,HUKAM,CAQAJ,HKSAB,J3KAB,J3KAH,CBGAL,DEEAB,AAAET,CBFAN,AATAA,AATAF,BB7AD,AALAA,BY1AJ,DAXAA,DAXAC,GTBAA,DECAA,EN_CN,FDDAA,FDDAD,GTDAB,GTDAT,GTDAX,HKRAD,HLNAB,HNSAA"/>
	<Property id="PROPERTY_167" name="HRN_HL_DerivatePN" value="YU:NL3T-14401-YUC:ICEHE,IEPAN,IEVAQ,IEXAA,IEXAB,JBBA7,JBMAB,JBWAA,JBWAC,JCBAD"/>
	<Property id="PROPERTY_168" name="HRN_HL_DerivatePN" value="YV:NL3T-14401-YVC:AC_G,GRAA2,HJGAX,ABEAA,GPAAJ,HT2AA,G1DAA,B5WAA,AAEAA,IDBAF,HUKAM,CAQAJ,HKSAB,J3KAB,J3KAH,CBGAL,DEEAB,AAAET,CBFAN,AATAA,AATAF,BB7AD,AALAA,BY1AJ,DAXAA,DAXAC,GTBAA,DECAA,EN_CN,FDDAA,FDDAD,GTDAB,GTDAT,GTDAX,HKRAD,HLNAB,HNSAA"/>
	<Property id="PROPERTY_169" name="HRN_HL_DerivatePN" value="YV:NL3T-14401-YVC:ICEHD,IEPAN,IEVAQ,IEXAA,IEXAB,JBBA7,JBMAB,JBWAA,JBWAC,JCBAD"/>
	<Property id="PROPERTY_170" name="HRN_HL_DerivatePN" value="ZA:NL3T-14401-ZAC:AC_G,GRAAP,HJGAY,ABEAA,GPAAJ,HT2AC,G1DAA,B5WBG,AAEAA,IDBAF,HUKAQ,CAQAJ,HKSAB,J3KAH,CBGAL,DEEAD,AAAFC,CBFAN,AATAA,AATAF,BB7AD,AALAA,BY1AJ,DAXAC,GTBAB,DECAA,EN_AA,FDDAD,GTDAK,HKRAD,HLNAF,HNSAD,ICEHD,IEPAN,IEVAQ,IEXAB,JBBBK"/>
	<Property id="PROPERTY_171" name="HRN_HL_DerivatePN" value="ZA:NL3T-14401-ZAC:JBMAB,JBWAC,JCBAD"/>
	<Property id="PROPERTY_172" name="HRN_HL_DerivatePN" value="ZB:NL3T-14401-ZBC:AC_G,GRAAP,HJGAY,ABEAA,GPAAJ,HT2AC,G1DAA,B5WBF,AAEAA,IDBBQ,HUKAQ,CAQAJ,HKSAB,J3KAH,CBGAL,DEEAD,AAAFC,CBFAN,AATAA,AATAF,BB7AD,AALAA,BY1AJ,DAXAC,GTBAB,DECAA,EN_AA,FDDAD,GTDAK,HKRAD,HLNAF,HNSAD,ICEHF,IEPAN,IEVAQ,IEXAB,JBBBK"/>
	<Property id="PROPERTY_173" name="HRN_HL_DerivatePN" value="ZB:NL3T-14401-ZBC:JBMAB,JBWAC,JCBAD"/>
	<Property id="PROPERTY_174" name="HRN_HL_DerivatePN" value="ZC:NL3T-14401-ZCC:AC_G,GRAA3,HJGAY,ABEAA,GPAAJ,HT2AC,G1DAA,B5WBG,AAEAA,IDBAF,HUKAQ,CAQAJ,HKSAB,J3KAH,CBGAL,DEEAD,AAAFC,CBFAN,AATAA,AATAF,BB7AD,AALAA,BY1AJ,DAXAA,DAXAC,GTBAB,DECAA,EN_AA,FDDAA,FDDAD,GTDAK,HKRAD,HLNAF,HNSAD,ICEHD,IEPAN,IEVAQ"/>
	<Property id="PROPERTY_175" name="HRN_HL_DerivatePN" value="ZC:NL3T-14401-ZCC:IEXAB,JBBBK,JBMAB,JBWAC,JCBAD"/>
	<Property id="PROPERTY_176" name="HRN_HL_DerivatePN" value="ZD:NL3T-14401-ZDC:AC_G,GRAA3,HJGAX,ABEAA,GPAAJ,HT2AC,G1DAA,B5WBG,AAEAA,IDBAD,HUKAQ,CAQAB,HKSAB,J3KAH,CBGAL,DEEAA,AAAFC,CBFAN,AATAA,AATAF,BB7AC,AALAA,BY1AC,DAXAA,DAXAC,GTBAB,DECAA,EN_AA,FDDAA,FDDAD,GTDAK,HKRAD,HLNAE,HNSAA,ICEHE,IEPAN,IEVAQ"/>
	<Property id="PROPERTY_177" name="HRN_HL_DerivatePN" value="ZD:NL3T-14401-ZDC:IEXAA,JBBBK,JBMAB,JBWAC,JCBAA"/>
	<Property id="PROPERTY_178" name="HRN_HL_DerivatePN" value="ZE:NL3T-14401-ZEC:AC_G,GRAA3,HJGAX,ABEAA,GPAAJ,HT2AC,G1DAA,B5WBG,AAEAA,IDBAD,HUKAL,HUKAQ,CAQAA,HKSAB,J3KAH,CBGAU,DEEAA,AAAFC,CBFAN,AATAA,AATAF,BB7AC,AALAA,BY1AA,DAXAA,DAXAC,GTBAA,DECAA,EN_AA,FDDAA,FDDAD,GTDAB,HKRAD,HLNAC,HNSAA,ICEHE,IEPAN"/>
	<Property id="PROPERTY_179" name="HRN_HL_DerivatePN" value="ZE:NL3T-14401-ZEC:IEVAQ,IEXAA,JBBBK,JBMAB,JBWAA,JCBAA"/>
	<Property id="PROPERTY_180" name="HRN_HL_DerivatePN" value="ZF:NL3T-14401-ZFC:AC_G,GRAA3,HJGAY,ABEAA,GPAAJ,HT2AC,G1DAA,B5WBG,AAEAA,IDBAF,HUKAQ,CAQAJ,HKSAB,J3KAH,CBGAL,DEEAA,AAAFC,CBFAN,AATAA,AATAF,BB7AD,AALAA,BY1AJ,DAXAA,DAXAC,GTBAB,DECAA,EN_AA,FDDAA,FDDAD,GTDAK,HKRAD,HLNAE,HNSAA,ICEHD,IEPAN,IEVAQ"/>
	<Property id="PROPERTY_181" name="HRN_HL_DerivatePN" value="ZF:NL3T-14401-ZFC:IEXAB,JBBBK,JBMAB,JBWAC,JCBAD"/>
	<Property id="PROPERTY_182" name="HRN_HL_DerivatePN" value="ZG:NL3T-14401-ZGC:AC_G,GRAA3,HJGAX,ABEAA,GPAAJ,HT2AC,G1DAA,B5WBG,AAEAA,IDBAD,HUKAL,HUKAQ,CAQAA,HKSAB,J3KAB,J3KAH,CBGAJ,DEEAA,AAAFC,CBFAN,AATAA,AATAF,BB7AB,AALAA,BY1AA,DAXAA,DAXAC,GTBAA,DECAA,EN_AA,FDDAA,FDDAD,GTDAB,HKRAD,HLNAB,HLNAC,HNSAA"/>
	<Property id="PROPERTY_183" name="HRN_HL_DerivatePN" value="ZG:NL3T-14401-ZGC:ICEFA,IEPAN,IEVAQ,IEXAA,JBBBK,JBMAA,JBMAB,JBWAA,JCBAA"/>
	<Property id="PROPERTY_184" name="HRN_HL_DerivatePN" value="ZH:NL3T-14401-ZHC:AC_G,GRAA3,HJGAX,ABEAA,GPAAJ,HT2AC,G1DAA,B5WBG,AAEAA,IDBAD,HUKAQ,CAQAJ,HKSAB,J3KAH,CBGAL,DEEAA,AAAFC,CBFAN,AATAA,AATAF,BB7AC,AALAA,BY1AC,DAXAA,DAXAC,GTBAB,DECAA,EN_AA,FDDAA,FDDAD,GTDAK,HKRAD,HLNAE,HNSAA,ICEHE,IEPAN,IEVAQ"/>
	<Property id="PROPERTY_185" name="HRN_HL_DerivatePN" value="ZH:NL3T-14401-ZHC:IEXAA,JBBBK,JBMAB,JBWAC,JCBAA"/>
	<Property id="PROPERTY_186" name="SUB_PROJECT" value="HRN-14401"/>
	<Property id="PROPERTY_187" name="HRN_Level_Alias" value="(ALL),AA/AB/AC/AD/AE/AF/AG/AH/AJ/AK/AL/AM/AN/AP/AR/BA/BB/BC/BD/BE/BF/BG/BH/BJ/CA/CB/CC/CD/CE/DA/DB/DC/DD/HA/HB/HC/HD/TM/TP/TR/UA/UB/UC/UD/UE/UF/VA/XA/XB/XC/XD/XE/XF/XG/XH/XJ/XK/XL/XM/XN/XP/XR/XS/YA/YB/YC/YD/YE/YF/YG/YH/YJ/YK/YL/YM/YN/YP/YR"/>
	<Property id="PROPERTY_188" name="HRN_Level_Alias" value="(ALL),YS/YT/YU/YV/ZA/ZB/ZC/ZD/ZE/ZF/ZG/ZH"/>
	<Property id="PROPERTY_189" name="HRN_Level_Alias" value="(E-STR),AA/AB/AC/AD/AE/AF/AG/AH/AJ/AK/AL/AM/AN/AP/AR/BA/BB/BC/BD/BE/BF/BG/BH/BJ/CA/CB/CC/CD/CE/DA/DB/DC/DD/UA/UB/UC/UD/UE/UF/VA/XA/XB/XC/XD/XE/XF/XG/XH/XJ/XK/XL/XM/XR/XS/YA/YB/YC/YD/YE/YF/YG/YH/YJ/YK/YL/YM/YN/YP/YR/YS/YT/YU/YV/ZA/ZB/ZC/ZD"/>
	<Property id="PROPERTY_190" name="HRN_Level_Alias" value="(E-STR),ZE/ZF/ZG/ZH"/>
	<Property id="PROPERTY_191" name="HRN_Level_Alias" value="(A-STR),HA/HB/HC/HD/TM/TP/TR/XN/XP"/>
	<Property id="PROPERTY_192" name="HRN_Level_Alias" value="(C-SHF),AA/AB/AC/AD/AE/AF/AG/AH/AJ/AK/AL/AM/AN/AP/AR/BA/BB/BC/BD/BE/BF/BG/BH/BJ/UA/UB/UC/UD/UE/UF/XA/XB/XC/XD/XE/XF/XG/XH/XJ/XS/YA/YB/YC/YD/YE/YF/YG/YH/YU/YV"/>
	<Property id="PROPERTY_193" name="HRN_Level_Alias" value="(F-SHF),CA/CB/CC/CD/CE/XK/XL/YJ/YK/YL/YP/YR/ZC/ZD/ZE/ZF/ZG/ZH"/>
	<Property id="PROPERTY_194" name="HRN_Level_Alias" value="(P-COL),DA/DB/DC/DD/HA/HB/HC/HD/TM/TP/TR/VA/XM/XN/XP/XR/YM/YN/YS/YT/ZA/ZB"/>
	<Property id="PROPERTY_195" name="HRN_Level_Alias" value="(20-ST),AA/AB/AC/AD/AE/AF/AG/AH/AJ/AK/AL/AM/AN/AP/AR/UA/UC/UF/XA/XB/XC/XD/XS/YA/YB/YC/YD/YU/YV"/>
	<Property id="PROPERTY_196" name="HRN_Level_Alias" value="(CNSL-HI),DA/DB/DC/DD/HA/HB/HC/HD/TM/TP/TR/XP/XR/YM/YS/YT"/>
	<Property id="PROPERTY_197" name="HRN_Level_Alias" value="(CNSL-MID),CA/CB/CC/CD/CE/DA/DB/DC/DD/HB/HD/VA/XK/XL/XM/XN/XP/XR/YJ/YK/YL/YM/YN/YP/YR/YS/YT/ZA/ZC/ZD/ZE/ZF/ZG/ZH"/>
	<Property id="PROPERTY_198" name="HRN_Level_Alias" value="(CNSL-LO),BA/BB/BC/BD/BE/BF/BG/BH/BJ/UB/UD/UE/XE/XF/XG/XH/XJ/YE/YF/YG/YH"/>
	<Property id="PROPERTY_199" name="HRN_Level_Alias" value="(S-ZN),AA/AB/AD/AE/BA/BB/BD/BE/UA/UB/UC/UD/UE/UF/XA/XB/XE/XF"/>
	<Property id="PROPERTY_200" name="HRN_Level_Alias" value="(D-ZN),AC/AF/AG/AH/AJ/AK/AL/AM/AN/AP/AR/BC/BF/BG/BH/BJ/CA/CB/CC/CD/CE/DA/DB/DC/DD/HA/HB/HC/HD/TM/TP/TR/VA/XC/XD/XG/XH/XJ/XK/XL/XM/XN/XP/XR/XS/YA/YB/YC/YD/YE/YF/YG/YH/YJ/YK/YL/YM/YN/YP/YR/YS/YT/YU/YV/ZA/ZB/ZC/ZD/ZE/ZF/ZG/ZH"/>
	<Property id="PROPERTY_201" name="HRN_Level_Alias" value="(PEPS-12),AH/AJ/AK/AL/AM/AN/AP/AR/BH/BJ/CB/CC/CD/CE/DA/DB/DC/DD/HA/HB/HC/HD/TM/TP/TR/VA/XJ/XL/XM/XN/XP/XR/XS/YC/YD/YG/YH/YK/YL/YM/YN/YP/YR/YS/YT/YU/YV/ZA/ZB/ZC/ZD/ZF/ZH"/>
	<Property id="PROPERTY_202" name="HRN_Level_Alias" value="(8DSP),AA/AB/AC/AD/AE/AF/AG/BA/BB/BC/BD/BE/BF/BG/CA/UA/UB/UC/UD/UE/UF/XA/XB/XC/XD/XE/XF/XG/XH/XK/YA/YB/YE/YF/YJ"/>
	<Property id="PROPERTY_203" name="HRN_Level_Alias" value="(A-CAM),AA/AB/AC/BA/BB/BC/YA/YE"/>
	<Property id="PROPERTY_204" name="HRN_Level_Alias" value="(D-CAM),AD/AE/AF/AG/AH/AJ/AK/AL/AM/AN/AP/AR/BD/BE/BF/BG/BH/BJ/CA/CB/CC/CD/CE/DA/DB/DC/DD/HA/HB/HC/HD/TM/TP/TR/UA/UB/UC/UD/UE/UF/XA/XB/XC/XD/XE/XF/XG/XH/XJ/XK/XL/XM/XN/XP/XR/XS/YB/YC/YD/YF/YG/YH/YJ/YK/YL/YM/YN/YP/YR/YS/YT/YU/YV/ZG"/>
	<Property id="PROPERTY_205" name="HRN_Level_Alias" value="(8SPKR),AK/AL/AP/AR/BJ/CC/CD/DA/DC/HA/HC/TM/TR/YD/YH/YL/YM/YP/YS/YV/ZA/ZC/ZF"/>
	<Property id="PROPERTY_206" name="HRN_Level_Alias" value="(18SPKR),DB/DD/HB/HD/TP/VA/XM/XN/XP/XR/YN/YT/ZB"/>
	<Property id="PROPERTY_207" name="HRN_Level_Alias" value="(7SPKR),AD/AE/AF/AG/AH/AJ/AM/AN/BD/BE/BF/BG/BH/CA/CB/CE/XA/XB/XC/XD/XE/XF/XG/XH/XJ/XK/XL/XS/YB/YC/YF/YG/YJ/YK/YR/YU"/>
	<Property id="PROPERTY_208" name="HRN_Level_Alias" value="(N-INV),AA/AD/AF/AH/AK/AM/AP/BA/BD/BF/XA/XC/XE/XG"/>
	<Property id="PROPERTY_209" name="HRN_Level_Alias" value="(KWINV),AC/AG/AJ/AL/AN/AR/BC/BG/BH/BJ/CA/CB/CC/CD/CE/DA/DB/DC/DD/HA/HC/HD/ZE/ZG"/>
	<Property id="PROPERTY_210" name="HRN_Level_Alias" value="(400W),AB/AE/AG/AJ/AL/AN/AR/BB/BE/BG/BH/BJ/CA/CB/CC/CD/CE/DA/DB/DC/DD/HA/HB/HC/HD/UE/UF/XB/XD/XF/XH/XJ/XK/XL/XM/XN/XP/XR/XS"/>
	<Property id="PROPERTY_211" name="HRN_Level_Alias" value="(ACBRKR),TM/TP/TR/YA/YB/YC/YD/YE/YF/YG/YH/YJ/YK/YL/YM/YN/YP/YR/YS/YT/YU/YV"/>
	<Property id="PROPERTY_212" name="HRN_Level_Alias" value="(TACH-L0),AF/AG/AJ/AL/BF/BG/BH/BJ/CA/CB/CC/XC/XD/XG/XH/XJ/XK/XL/XS/YB/YC/YD/YF/YG/YH/YJ/YK/YL"/>
	<Property id="PROPERTY_213" name="HRN_Level_Alias" value="(SSV),AG/BG/UA/UB/UC/UD/UE/UF/YB/YF"/>
	<Property id="PROPERTY_214" name="HRN_Level_Alias" value="(EXPORT),XA/XB/XC/XD/XE/XF/XG/XH/XJ/XK/XL/XM/XN/XP/XR/XS"/>
	<Property id="PROPERTY_215" name="HRN_Level_Alias" value="(BEV),ZA/ZB/ZC/ZD/ZE/ZF/ZG/ZH"/>
	<Property id="PROPERTY_216" name="SHEET_WERS" value="AE00-E-14228386-000"/>
	<Property id="PROPERTY_217" name="SHEET_NAME" value="NL3T-14401-AAC::"/>
	<HarnessItem xsi:type="Branch" id="BRANCH_c2-4e-0-4c0e2c" startNodeId="BN_3127_9-374_058" endNodeId="BN_3127_9-222_058" length="120" diameter="3.6">
		<AppRef name="E3.Series" version="2.13.7.0" guid="940866c7-7013-47fe-b0a8-cbbbbacecfb0"/>
	</HarnessItem>
	<HarnessItem xsi:type="Branch" id="BRANCH_c2-4e-0-4c0e16" startNodeId="BN_8071_9-150_058" endNodeId="BN_8407_9-390_058" length="65" diameter="22.0045024084394">
		<AppRef name="E3.Series" version="2.13.7.0" guid="d8fd0ef5-eaf5-4fba-b9e2-34b0332b5b3e"/>
		<PassedWaypoint id="WP_c2-50-0-4c12c3" x="8119.8995647731108" y="150.05818694693102">
			<AppRef name="E3.Series" version="2.13.17.0" guid="a54b4621-ee6d-43b8-bc72-1618b34f1a37"/>
		</PassedWaypoint>
		<PassedWaypoint id="WP_c2-50-0-4c12c5" x="8119.8995647731108" y="390.058186946931">
			<AppRef name="E3.Series" version="2.13.17.0" guid="62dbcdf5-a377-4ef3-af59-68b6511e2946"/>
		</PassedWaypoint>
	</HarnessItem>
	<HarnessItem xsi:type="Branch" id="BRANCH_1a-4e-0-18e01d0" startNodeId="BN_21336-384" endNodeId="BN_21592-356" length="15" diameter="21.3275660356588">
		<AppRef name="E3.Series" version="2.13.7.0" guid="34749138-3d81-47c5-b6b0-06c2f980176b"/>
		<PassedWaypoint id="WP_c2-50-0-4c1330" x="21512" y="384">
			<AppRef name="E3.Series" version="2.13.7.0" guid="98aad26b-44c5-4a9d-ab79-9548aa89c403"/>
		</PassedWaypoint>
		<PassedWaypoint id="WP_c2-50-0-4c1331" x="21544" y="356">
			<AppRef name="E3.Series" version="2.13.7.0" guid="382e7397-c315-4ec2-b373-a56e9a08511d"/>
		</PassedWaypoint>
	</HarnessItem>
	<HarnessItem xsi:type="Branch" id="BRANCH_c2-4e-0-4c1012" startNodeId="BN_12094_25-142_156" endNodeId="BN_12094_25-114_156" length="10" diameter="2.6">
		<AppRef name="E3.Series" version="2.13.7.0" guid="42e83dc3-00bf-4899-afcb-98c74d2402de"/>
	</HarnessItem>
	<HarnessItem xsi:type="Branch" id="BRANCH_c2-4e-0-4c0e1c" startNodeId="BN_8391_9-374_058" endNodeId="BN_8407_9-390_058" length="50" diameter="2.5856406460551">
		<AppRef name="E3.Series" version="2.13.7.0" guid="2f08c853-48dd-4857-b246-a8b86bdf42cd"/>
		<Option id="OPTION_8" value="JBBA8"/>
		<PassedWaypoint id="WP_c2-50-0-4c1317" x="8399.89956477311" y="382.058186946931">
			<AppRef name="E3.Series" version="2.13.7.0" guid="d764fcf7-f6ed-4a1d-80a6-53173a25f73b"/>
		</PassedWaypoint>
	</HarnessItem>
	<HarnessItem xsi:type="Branch" id="BRANCH_1a-4e-0-1a7080e" startNodeId="BN_16144-368" endNodeId="BN_16112-272" diameter="4.57563075767775">
		<AppRef name="E3.Series" version="2.14.0.0" guid="c48ab072-6609-4a03-a500-61277afb8cc0"/>
	</HarnessItem>
	<HarnessItem xsi:type="Branch" id="BRANCH_c2-4e-0-4c0f57" startNodeId="BN_12206_25-358_156" endNodeId="BN_12206_25-278_156" length="30" diameter="3.79690683996165">
		<AppRef name="E3.Series" version="2.13.7.0" guid="7de1f5c4-82e1-42e9-b5b6-72f223c9a981"/>
	</HarnessItem>
	<HarnessItem xsi:type="Branch" id="BRANCH_1a-4e-0-1a72824" startNodeId="BN_15792-216" endNodeId="BN_16112-272" length="60" diameter="4.57563075767775">
		<AppRef name="E3.Series" version="2.14.0.0" guid="2c0bd19c-76a3-4691-8156-73ebea5581d6"/>
		<PassedWaypoint id="WP_1a-50-0-1a72828" x="15792" y="272">
			<AppRef name="E3.Series" version="2.14.0.0" guid="7f58dc58-bc4d-49c1-bc16-dfae7d570f94"/>
		</PassedWaypoint>
	</HarnessItem>
	<HarnessItem xsi:type="Branch" id="BRANCH_c2-4e-0-4c0e20" startNodeId="BN_8407_9-390_058" endNodeId="BN_8431_9-374_058" length="50" diameter="2.5856406460551">
		<AppRef name="E3.Series" version="2.13.7.0" guid="b5f819d0-a385-4799-b4b1-44bd33e16d9a"/>
		<Option id="OPTION_9" value="JBBA8"/>
		<PassedWaypoint id="WP_c2-50-0-4c1319" x="8423.89956477311" y="382.058186946931">
			<AppRef name="E3.Series" version="2.13.7.0" guid="78db6d62-0b50-4ff1-92b2-e19138940583"/>
		</PassedWaypoint>
	</HarnessItem>
	<HarnessItem xsi:type="Branch" id="BRANCH_1a-4e-0-1a74b21" startNodeId="BN_15792-216" endNodeId="BN_15880-216" length="55" diameter="2.89705627484771">
		<AppRef name="E3.Series" version="2.14.0.0" guid="e6d9edb5-1f81-48ad-9394-d658a43b8037"/>
	</HarnessItem>
	<HarnessItem xsi:type="Branch" id="BRANCH_c2-4e-0-4c0f5d" startNodeId="BN_12430_25-358_156" endNodeId="BN_12528-358" length="35" diameter="6.00719916161516">
		<AppRef name="E3.Series" version="2.13.7.0" guid="acdffb7c-c915-4f88-9054-37f847340d28"/>
	</HarnessItem>
	<HarnessItem xsi:type="Branch" id="BRANCH_1a-4e-0-1a76b0d" startNodeId="BN_15880-216" endNodeId="BN_15880-168" length="15" diameter="2.89705627484771">
		<AppRef name="E3.Series" version="2.14.0.0" guid="6b2aea26-7a8a-4872-9da3-fb77e56d5471"/>
	</HarnessItem>
	<HarnessItem xsi:type="Branch" id="BRANCH_c2-4e-0-4c0e21" startNodeId="BN_10856-360" endNodeId="BN_10856-224" length="50" diameter="4.86585134434251">
		<AppRef name="E3.Series" version="2.13.7.0" guid="85c413de-2362-4c7a-95c6-40aa5991ed89"/>
	</HarnessItem>
	<HarnessItem xsi:type="Branch" id="BRANCH_1a-4e-0-1a78dfd" startNodeId="BN_15792-216" endNodeId="BN_15712-216" length="55" diameter="3.6">
		<AppRef name="E3.Series" version="2.14.0.0" guid="b6769a74-0d32-4568-9d73-3de4c9a7c456"/>
	</HarnessItem>
	<HarnessItem xsi:type="Branch" id="BRANCH_c2-4e-0-4c1016" startNodeId="BN_9270_25-326_156" endNodeId="BN_9407-374" length="160" diameter="4.00367691296803">
		<AppRef name="E3.Series" version="2.13.7.0" guid="790cba2b-cf99-453b-8783-dedcbb7335e6"/>
		<PassedWaypoint id="WP_c2-50-0-4c12e8" x="9398.24952640012" y="326.156421789602">
			<AppRef name="E3.Series" version="2.13.7.0" guid="f143da45-2d91-446a-b171-d26765eb7793"/>
		</PassedWaypoint>
	</HarnessItem>
	<HarnessItem xsi:type="Branch" id="BRANCH_1a-4e-0-1a7ae35" startNodeId="BN_15712-216" endNodeId="BN_15712-168" length="15" diameter="3.6">
		<AppRef name="E3.Series" version="2.14.0.0" guid="db823d85-95fb-4462-99a4-21952ac28930"/>
	</HarnessItem>
	<HarnessItem xsi:type="Branch" id="BRANCH_c2-4e-0-4c0e24" startNodeId="BN_10880-224" endNodeId="BN_10856-224" diameter="1.1">
		<AppRef name="E3.Series" version="2.13.7.0" guid="a315a1ef-c3c4-435e-97dc-1ebba6340f5d"/>
	</HarnessItem>
	<HarnessItem xsi:type="Branch" id="BRANCH_c2-4e-0-4c0f60" startNodeId="BN_11744-320" endNodeId="BN_11744-376" length="170" diameter="16.4278055081003">
		<AppRef name="E3.Series" version="2.13.7.0" guid="d528da0c-3e4f-4353-9bff-3186d93ccc0f"/>
	</HarnessItem>
	<HarnessItem xsi:type="Branch" id="BRANCH_22-4e-0-2ca187b" startNodeId="BN_10856-360" endNodeId="BN_11056-360" length="40" diameter="13.9900702223432">
		<AppRef name="E3.Series" version="2.13.7.0" guid="090f000e-09b5-4ac7-bd8f-e4d738135b88"/>
	</HarnessItem>
	<HarnessItem xsi:type="Branch" id="BRANCH_c2-4e-0-4c1076" startNodeId="BN_17904-368" endNodeId="BN_21216-264" length="110" diameter="18.9383957588944">
		<AppRef name="E3.Series" version="2.13.17.0" guid="918e3881-4234-4953-a941-496ec2072fee"/>
		<PassedWaypoint id="WP_c2-50-0-4c1389" x="19424.249526400097" y="368.156421789602">
			<AppRef name="E3.Series" version="2.13.7.0" guid="aaef9665-68db-456b-9f22-2c58143cbe9a"/>
		</PassedWaypoint>
		<PassedWaypoint id="WP_c2-50-0-4c1362" x="19492" y="312">
			<AppRef name="E3.Series" version="2.13.7.0" guid="24b98657-a72f-4884-9f64-35a5f91de6ac"/>
		</PassedWaypoint>
		<PassedWaypoint id="WP_c2-50-0-4c1360" x="19875.750473599903" y="311.843578210398">
			<AppRef name="E3.Series" version="2.13.7.0" guid="c3fa8587-be87-4018-9cc8-b0f8e4581415"/>
		</PassedWaypoint>
		<PassedWaypoint id="WP_c2-50-0-4c13a8" x="19876" y="32">
			<AppRef name="E3.Series" version="2.13.7.0" guid="65dc335e-0853-4648-9182-28815d7dc5d1"/>
		</PassedWaypoint>
		<PassedWaypoint id="WP_c2-50-0-4c13a9" x="21192" y="32">
			<AppRef name="E3.Series" version="2.13.7.0" guid="b93ca44e-419e-4db7-8696-4d9d4f42a426"/>
		</PassedWaypoint>
		<PassedWaypoint id="WP_c2-50-0-4c13aa" x="21216" y="248">
			<AppRef name="E3.Series" version="2.13.7.0" guid="e0aeec11-8830-40b4-b722-eb7dfc1d8fc1"/>
		</PassedWaypoint>
	</HarnessItem>
	<HarnessItem xsi:type="Branch" id="BRANCH_22-4e-0-2caf4b6" startNodeId="BN_11056-360" endNodeId="BN_11056-272" length="65" diameter="4.2">
		<AppRef name="E3.Series" version="2.14.0.0" guid="b17fda62-28d0-459e-8b15-cd804093bdf8"/>
	</HarnessItem>
	<HarnessItem xsi:type="Branch" id="BRANCH_c2-4e-0-4c0f63" startNodeId="BN_11424-248" endNodeId="BN_11424-224" length="10" diameter="2.8">
		<AppRef name="E3.Series" version="2.13.7.0" guid="dafd8458-583e-40ad-ba73-b84b82cba26d"/>
	</HarnessItem>
	<HarnessItem xsi:type="Branch" id="BRANCH_c2-4e-0-4c0e2f" startNodeId="BN_3231_9-198_058" endNodeId="BN_3231_9-230_058" length="25" diameter="3.96571784515498">
		<AppRef name="E3.Series" version="2.13.7.0" guid="4145020e-dda9-4a99-937f-54719332884f"/>
	</HarnessItem>
	<HarnessItem xsi:type="Branch" id="BRANCH_34-4e-0-79528a" startNodeId="BN_11680-112" endNodeId="BN_11616-112" length="110" diameter="2.4">
		<AppRef name="E3.Series" version="2.14.0.0" guid="badf4a99-542c-4c03-856e-3e20e8dd3902"/>
	</HarnessItem>
	<HarnessItem xsi:type="Branch" id="BRANCH_c2-4e-0-4c0e33" startNodeId="BN_3870_25-374_156" endNodeId="BN_3870_25-230_156" length="120" diameter="3.96571784515498">
		<AppRef name="E3.Series" version="2.13.7.0" guid="825a3eee-ddd2-4888-b7fd-a10eb7f42b57"/>
	</HarnessItem>
	<HarnessItem xsi:type="Branch" id="BRANCH_c2-4e-0-4c0f66" startNodeId="BN_11248-359" endNodeId="BN_11472-358" length="50" diameter="14.8177354931305">
		<AppRef name="E3.Series" version="2.13.7.0" guid="e940a598-d9d3-41f6-bdaa-2fddfda25070"/>
	</HarnessItem>
	<HarnessItem xsi:type="Branch" id="BRANCH_34-4e-0-79f0aa" startNodeId="BN_11840-112" endNodeId="BN_11776-112" length="115" diameter="2.4">
		<AppRef name="E3.Series" version="2.14.0.0" guid="f820a4c9-8a3f-4935-95e3-a6427c3b747d"/>
	</HarnessItem>
	<HarnessItem xsi:type="Branch" id="BRANCH_c2-4e-0-4c0e37" startNodeId="BN_4567_9-294_058" endNodeId="BN_4567_9-230_058" length="45" diameter="7.4">
		<AppRef name="E3.Series" version="2.13.7.0" guid="a435ce42-2d9b-4d77-a389-7f0010054705"/>
	</HarnessItem>
	<HarnessItem xsi:type="Branch" id="BRANCH_c2-4e-0-4c0e3b" startNodeId="BN_5199_9-334_058" endNodeId="BN_5135_9-278_058" length="35" diameter="3.2">
		<AppRef name="E3.Series" version="2.13.7.0" guid="09342e7f-81f9-4691-be0b-8d9d07ffaa9c"/>
	</HarnessItem>
	<HarnessItem xsi:type="Branch" id="BRANCH_34-4e-0-814498" startNodeId="BN_9407-374" endNodeId="BN_9440-320" diameter="4.75353526705121">
		<AppRef name="E3.Series" version="2.14.0.0" guid="24ccf47b-6ffa-4534-8a2a-2d21c2aff6b9"/>
	</HarnessItem>
	<HarnessItem xsi:type="Branch" id="BRANCH_c2-4e-0-4c1017" startNodeId="BN_9040-280" endNodeId="BN_9270_25-326_156" length="30" diameter="2.1">
		<AppRef name="E3.Series" version="2.13.7.0" guid="757c27da-f0b3-4ac6-84da-1a394d197738"/>
		<Option id="OPTION_55" value="HKRAC"/>
		<Option id="OPTION_56" value="HKRAD"/>
		<PassedWaypoint id="WP_c2-50-0-4c12dc" x="9039.89956477311" y="310.05818694693096">
			<AppRef name="E3.Series" version="2.13.7.0" guid="b4089138-3420-467d-ab60-cc7014dd1a92"/>
		</PassedWaypoint>
		<PassedWaypoint id="WP_c2-50-0-4c12da" x="9247.89956477311" y="310.05818694693096">
			<AppRef name="E3.Series" version="2.13.7.0" guid="21621f6c-72cc-4e75-8260-4614b002d474"/>
		</PassedWaypoint>
	</HarnessItem>
	<HarnessItem xsi:type="Branch" id="BRANCH_34-4e-0-816744" startNodeId="BN_9440-320" endNodeId="BN_9440-32" diameter="4.75353526705121">
		<AppRef name="E3.Series" version="2.14.0.0" guid="d6d071ef-682f-4ae4-bd72-8957ed30dbba"/>
	</HarnessItem>
	<HarnessItem xsi:type="Branch" id="BRANCH_c2-4e-0-4c0e3e" startNodeId="BN_5263_9-198_058" endNodeId="BN_5263_9-230_058" length="20" diameter="4.7085652801957">
		<AppRef name="E3.Series" version="2.13.7.0" guid="a24e7361-2c14-40e4-9d9a-da2032ed700f"/>
	</HarnessItem>
	<HarnessItem xsi:type="Branch" id="BRANCH_34-4e-0-816749" startNodeId="BN_9440-32" endNodeId="BN_8848-32" diameter="4.75353526705121">
		<AppRef name="E3.Series" version="2.14.0.0" guid="c276ca19-e180-47a0-8ade-33ac243c7ec0"/>
	</HarnessItem>
	<HarnessItem xsi:type="Branch" id="BRANCH_c2-4e-0-4c0f69" startNodeId="BN_11592-280" endNodeId="BN_11592-248" length="15" diameter="2.73998695873498">
		<AppRef name="E3.Series" version="2.13.7.0" guid="db835fed-b3f0-4a97-893a-29867761846b"/>
	</HarnessItem>
	<HarnessItem xsi:type="Branch" id="BRANCH_c2-4e-0-4c0e41" startNodeId="BN_5623_9-334_058" endNodeId="BN_5623_9-254_058" length="30" diameter="3.2">
		<AppRef name="E3.Series" version="2.13.7.0" guid="6aa2166a-0ca3-4c64-89c7-b97c9899e8ff"/>
		<Property id="PROPERTY_218" name="ROUTEPATH_1" value="RTE-14401-GRAA2/3"/>
		<Option id="OPTION_10" value="GRAAP"/>
	</HarnessItem>
	<HarnessItem xsi:type="Branch" id="BRANCH_34-4e-0-81674d" startNodeId="BN_8848-128" endNodeId="BN_8848-168" length="20" diameter="4.75353526705121">
		<AppRef name="E3.Series" version="2.14.0.0" guid="2926cb8b-fe9f-42be-ba73-8f1849254cef"/>
	</HarnessItem>
	<HarnessItem xsi:type="Branch" id="BRANCH_34-4e-0-821a96" startNodeId="BN_8848-32" endNodeId="BN_8848-128" length="100" diameter="4.75353526705121">
		<AppRef name="E3.Series" version="2.14.0.0" guid="df3975e1-0cc1-401e-ab6f-bc222b067ab1"/>
	</HarnessItem>
	<HarnessItem xsi:type="Branch" id="BRANCH_c2-4e-0-4c0f6c" startNodeId="BN_11136-359" endNodeId="BN_11248-359" length="85" diameter="14.5733015309424">
		<AppRef name="E3.Series" version="2.13.7.0" guid="90f41d39-35f4-41e0-93b1-9c02288da7ea"/>
	</HarnessItem>
	<HarnessItem xsi:type="Branch" id="BRANCH_c2-4e-0-4c0e48" startNodeId="BN_9088-248" endNodeId="BN_9270_25-326_156" length="20" diameter="2.53492424049175">
		<AppRef name="E3.Series" version="2.13.7.0" guid="6b9b8f86-4fce-4c08-9528-3be56f2fd1ed"/>
		<PassedWaypoint id="WP_c2-50-0-4c12e0" x="9087.89956477311" y="302.05818694693096">
			<AppRef name="E3.Series" version="2.13.7.0" guid="8fef2ce8-c7e4-4d6a-b9c0-759f6f4bb8b1"/>
		</PassedWaypoint>
		<PassedWaypoint id="WP_c2-50-0-4c12de" x="9247.89956477311" y="302.05818694693096">
			<AppRef name="E3.Series" version="2.13.7.0" guid="8b44324a-f423-41db-a380-702e717e903e"/>
		</PassedWaypoint>
	</HarnessItem>
	<HarnessItem xsi:type="Branch" id="BRANCH_34-4e-0-83e07c" startNodeId="BN_11472-358" endNodeId="BN_11512-176" length="190" diameter="2.8">
		<AppRef name="E3.Series" version="2.14.0.0" guid="78555a8b-8100-4a5d-9207-69e33bd8ead8"/>
		<PassedWaypoint id="WP_34-50-0-840329" x="11512" y="328">
			<AppRef name="E3.Series" version="2.14.0.0" guid="09515138-0a7f-4d1a-8215-c7a3f4e1b388"/>
		</PassedWaypoint>
	</HarnessItem>
	<HarnessItem xsi:type="Branch" id="BRANCH_c2-4e-0-4c0f6f" startNodeId="BN_11056-360" endNodeId="BN_11136-359" length="20" diameter="14.3211880597253">
		<AppRef name="E3.Series" version="2.14.0.0" guid="69824a2d-a3d8-4228-8377-b81ddb5bdb04"/>
	</HarnessItem>
	<HarnessItem xsi:type="Branch" id="BRANCH_34-4e-0-84032a" startNodeId="BN_11512-176" endNodeId="BN_11512-148" length="10" diameter="2.8">
		<AppRef name="E3.Series" version="2.14.0.0" guid="919c95ab-5165-4e22-9377-22e5537996aa"/>
	</HarnessItem>
	<HarnessItem xsi:type="Branch" id="BRANCH_c2-4e-0-4c0e49" startNodeId="BN_9120-272" endNodeId="BN_9270_25-326_156" length="15" diameter="2.1">
		<AppRef name="E3.Series" version="2.13.7.0" guid="d44de273-cb8d-43cd-8692-882d8f890e39"/>
		<PassedWaypoint id="WP_c2-50-0-4c12e4" x="9119.89956477311" y="294.05818694693096">
			<AppRef name="E3.Series" version="2.13.7.0" guid="ebe4a140-e77e-4aba-a219-031938f29d73"/>
		</PassedWaypoint>
		<PassedWaypoint id="WP_c2-50-0-4c12e2" x="9263.89956477311" y="294.05818694693096">
			<AppRef name="E3.Series" version="2.13.7.0" guid="0db61789-959f-4e42-8448-38a96a5bb37a"/>
		</PassedWaypoint>
	</HarnessItem>
	<HarnessItem xsi:type="Branch" id="BRANCH_34-4e-0-886fc4" startNodeId="BN_11696-40" endNodeId="BN_11840-112" length="110" diameter="3.5">
		<AppRef name="E3.Series" version="2.14.0.0" guid="576ada16-ae21-458e-b616-3b1b1aedad1a"/>
		<PassedWaypoint id="WP_34-50-0-8892ab" x="11840" y="40">
			<AppRef name="E3.Series" version="2.14.0.0" guid="162da8b3-43c2-42ce-b90d-f965b669df50"/>
		</PassedWaypoint>
	</HarnessItem>
	<HarnessItem xsi:type="Branch" id="BRANCH_c2-4e-0-4c1078" startNodeId="BN_21116-320" endNodeId="BN_21240-384" length="155" diameter="6.74893309168934">
		<AppRef name="E3.Series" version="2.13.7.0" guid="1f9a4fa0-a196-42b4-986b-047a2b1c471e"/>
		<PassedWaypoint id="WP_c2-50-0-4c1385" x="21156" y="320">
			<AppRef name="E3.Series" version="2.13.7.0" guid="21a2aefc-96aa-4757-9253-21334395577d"/>
		</PassedWaypoint>
		<PassedWaypoint id="WP_c2-50-0-4c13ad" x="21200" y="344">
			<AppRef name="E3.Series" version="2.13.7.0" guid="afd5419a-5204-4a3e-a70a-628f30be8a0a"/>
		</PassedWaypoint>
	</HarnessItem>
	<HarnessItem xsi:type="Branch" id="BRANCH_34-4e-0-8892ac" startNodeId="BN_11696-40" endNodeId="BN_11660-40" length="50" diameter="3.5">
		<AppRef name="E3.Series" version="2.14.0.0" guid="aa71c5b2-64e4-470f-afa1-4ad49913b3de"/>
	</HarnessItem>
	<HarnessItem xsi:type="Branch" id="BRANCH_c2-4e-0-4c0e4d" startNodeId="BN_10856-224" endNodeId="BN_10856-152" length="25" diameter="4.3357511157033">
		<AppRef name="E3.Series" version="2.13.7.0" guid="cd9e7319-62c1-424d-bcd4-9ffa6cd72c0e"/>
	</HarnessItem>
	<HarnessItem xsi:type="Branch" id="BRANCH_c2-4e-0-4c0f72" startNodeId="BN_10856-152" endNodeId="BN_10856-120" length="25" diameter="4.3357511157033">
		<AppRef name="E3.Series" version="2.13.7.0" guid="65020c1e-51d0-4f9a-b4e2-f86662750fa2"/>
	</HarnessItem>
	<HarnessItem xsi:type="Branch" id="BRANCH_34-4e-0-8895a2" startNodeId="BN_20664-280" endNodeId="BN_21152-224" length="105" diameter="3.5">
		<AppRef name="E3.Series" version="2.14.0.0" guid="6b26330d-7b13-4368-833f-33638224827f"/>
		<PassedWaypoint id="WP_34-50-0-88b8d2" x="20664" y="240">
			<AppRef name="E3.Series" version="2.14.0.0" guid="861a6c76-879e-4af5-9aff-aa76a093a60c"/>
		</PassedWaypoint>
		<PassedWaypoint id="WP_34-50-0-88b8cd" x="21128" y="240">
			<AppRef name="E3.Series" version="2.14.0.0" guid="1ef1bd7f-a8e3-4744-8b8e-76789b4d88b6"/>
		</PassedWaypoint>
	</HarnessItem>
	<HarnessItem xsi:type="Branch" id="BRANCH_c2-4e-0-4c101a" startNodeId="BN_6806_25-210_156" endNodeId="BN_6814_25-174_156" length="45" diameter="12.8102646546361">
		<AppRef name="E3.Series" version="2.13.7.0" guid="2a1075ce-ad61-4421-92a4-ea3cced5c4c3"/>
	</HarnessItem>
	<HarnessItem xsi:type="Branch" id="BRANCH_34-4e-0-88b8d6" startNodeId="BN_20664-280" endNodeId="BN_20616-280" length="50" diameter="3.5">
		<AppRef name="E3.Series" version="2.14.0.0" guid="1302ddec-b3e1-458d-8f98-d07541abb133"/>
	</HarnessItem>
	<HarnessItem xsi:type="Branch" id="BRANCH_c2-4e-0-4c0e50" startNodeId="BN_11304-320" endNodeId="BN_11424-248" length="230" diameter="2.8">
		<AppRef name="E3.Series" version="2.13.7.0" guid="52a43425-3b99-4643-973e-f81880d29b19"/>
	</HarnessItem>
	<HarnessItem xsi:type="Branch" id="BRANCH_c2-4e-0-4c101d" startNodeId="BN_5623_9-334_058" endNodeId="BN_6814_25-174_156" length="150" diameter="12.6106752604289">
		<AppRef name="E3.Series" version="2.13.7.0" guid="f0fbe70c-a742-4a08-b79a-d881e48cc673"/>
		<PassedWaypoint id="WP_c2-50-0-4c12ec" x="5743.89956477311" y="334.058186946931">
			<AppRef name="E3.Series" version="2.13.7.0" guid="db9f4841-8320-470a-9747-cb336d57d4c5"/>
		</PassedWaypoint>
		<PassedWaypoint id="WP_c2-50-0-4c1395" x="5743.89956477311" y="94.0581869469311">
			<AppRef name="E3.Series" version="2.13.7.0" guid="3ef1750b-0ec2-4de1-867f-389fad77f1df"/>
		</PassedWaypoint>
		<PassedWaypoint id="WP_c2-50-0-4c1390" x="6774.2495264001209" y="94.156421789601907">
			<AppRef name="E3.Series" version="2.13.7.0" guid="6e3d615a-7687-43aa-afbe-0827f10f8edd"/>
		</PassedWaypoint>
	</HarnessItem>
	<HarnessItem xsi:type="Branch" id="BRANCH_35-4e-0-2efaf8" startNodeId="BN_6910_25-206_156" endNodeId="BN_6936-195" length="40" diameter="21.5654405632594">
		<AppRef name="E3.Series" version="2.14.0.0" guid="56dcd80d-876f-461f-8bcc-c979fc28f9eb"/>
	</HarnessItem>
	<HarnessItem xsi:type="Branch" id="BRANCH_c2-4e-0-4c0f76" startNodeId="BN_10584-168" endNodeId="BN_10584-132" length="25" diameter="9.2353232254329">
		<AppRef name="E3.Series" version="2.13.7.0" guid="f4e3fa46-10e7-4f06-8be8-9379c3f293c5"/>
	</HarnessItem>
	<HarnessItem xsi:type="Branch" id="BRANCH_35-4e-0-2f77d6" startNodeId="BN_6936-195" endNodeId="BN_6936-152" diameter="2.73998695873498">
		<AppRef name="E3.Series" version="2.14.0.0" guid="8221a60d-5244-4828-8429-ef3e337b0c82"/>
	</HarnessItem>
	<HarnessItem xsi:type="Branch" id="BRANCH_c2-4e-0-4c0e53" startNodeId="BN_11974_25-210_156" endNodeId="BN_11974_25-242_156" length="10" diameter="2.5856406460551">
		<AppRef name="E3.Series" version="2.13.7.0" guid="d494e089-2dcb-4cc0-8c66-b0da5cf8f1de"/>
	</HarnessItem>
	<HarnessItem xsi:type="Branch" id="BRANCH_c2-4e-0-4c0f79" startNodeId="BN_11974_25-242_156" endNodeId="BN_12206_25-358_156" length="105" diameter="2.5856406460551">
		<AppRef name="E3.Series" version="2.13.7.0" guid="6fa4411d-69e8-4241-9e0a-a342770302f3"/>
		<Option id="OPTION_48" value="CBGAA"/>
		<Option id="OPTION_49" value="CBGAD"/>
		<Option id="OPTION_50" value="CBGAE"/>
		<PassedWaypoint id="WP_c2-50-0-4c136c" x="11974.2495264001" y="358.156421789602">
			<AppRef name="E3.Series" version="2.13.7.0" guid="3bc3b2e8-7b65-43f9-afab-8885f26182ad"/>
		</PassedWaypoint>
	</HarnessItem>
	<HarnessItem xsi:type="Branch" id="BRANCH_35-4e-0-30adeb" startNodeId="BN_6806_25-210_156" endNodeId="BN_6847-313" length="100" diameter="7.79765779900101">
		<AppRef name="E3.Series" version="2.14.0.0" guid="c6d27abe-0f2a-41be-81df-973c55a347d2"/>
	</HarnessItem>
	<HarnessItem xsi:type="Branch" id="BRANCH_35-4e-0-350133" startNodeId="BN_11744-229_942" endNodeId="BN_11744-320" diameter="15.8635857498074">
		<AppRef name="E3.Series" version="2.14.0.0" guid="5a69b8bc-d3be-48e7-9917-09184498500a"/>
		<PassedWaypoint id="WP_c2-50-0-4c1370" x="11744.1004352269" y="229.941813053069">
			<AppRef name="E3.Series" version="2.13.7.0" guid="45332b4d-95e5-4ad0-97d9-65c80835ef98"/>
		</PassedWaypoint>
	</HarnessItem>
	<HarnessItem xsi:type="Branch" id="BRANCH_c2-4e-0-4c0e56" startNodeId="BN_12528-358" endNodeId="BN_12528-208" length="180" diameter="3.6">
		<AppRef name="E3.Series" version="2.13.7.0" guid="4d9b7fa5-7abf-4e19-8f34-df38c8b2e29c"/>
	</HarnessItem>
	<HarnessItem xsi:type="Branch" id="BRANCH_35-4e-0-32eeb3" startNodeId="BN_15344-272" endNodeId="BN_15248-272" length="90" diameter="7.43016560653649">
		<AppRef name="E3.Series" version="2.14.0.0" guid="b8c98f94-aa59-4a88-918b-8db7410b9ff3"/>
	</HarnessItem>
	<HarnessItem xsi:type="Branch" id="BRANCH_c2-4e-0-4c0e5c" startNodeId="BN_22204-304" endNodeId="BN_22204-208" length="90" diameter="9.84220671499166">
		<AppRef name="E3.Series" version="2.13.7.0" guid="3ecbe6ce-41a7-4f5b-ab32-a3a1d802bf0d"/>
	</HarnessItem>
	<HarnessItem xsi:type="Branch" id="BRANCH_35-4e-0-335d76" startNodeId="BN_15096-80" endNodeId="BN_15248-272" length="185" diameter="3">
		<AppRef name="E3.Series" version="2.14.0.0" guid="b5479d08-7ab8-4189-8128-8b178db5ef57"/>
		<PassedWaypoint id="WP_34-50-0-7b9e3c" x="15096" y="236">
			<AppRef name="E3.Series" version="2.14.0.0" guid="15ea02f6-6380-4a93-a198-97e05d2ccd15"/>
		</PassedWaypoint>
		<PassedWaypoint id="WP_34-50-0-7b9e3a" x="15248" y="236">
			<AppRef name="E3.Series" version="2.14.0.0" guid="77dce6ca-c656-4a12-9a5c-3d4bdcfcf7a7"/>
		</PassedWaypoint>
	</HarnessItem>
	<HarnessItem xsi:type="Branch" id="BRANCH_c2-4e-0-4c0e5f" startNodeId="BN_21996-304" endNodeId="BN_22028-256" length="35" diameter="9.48803316030836">
		<AppRef name="E3.Series" version="2.13.7.0" guid="16481b04-c762-44ea-bfc2-2a6bae580ef6"/>
		<PassedWaypoint id="WP_95-50-0-9cd0cc" x="21996" y="256">
			<AppRef name="E3.Series" version="2.14.0.0" guid="7f39e000-abdd-43ce-8f7f-b3aabbe551da"/>
		</PassedWaypoint>
	</HarnessItem>
	<HarnessItem xsi:type="Branch" id="BRANCH_c2-4e-0-4c0e62" startNodeId="BN_21712-332" endNodeId="BN_21712-216" length="35" diameter="9.63090336877587">
		<AppRef name="E3.Series" version="2.13.7.0" guid="22d8f4f4-9534-4e72-a189-78acda86b276"/>
	</HarnessItem>
	<HarnessItem xsi:type="Branch" id="BRANCH_35-4e-0-337f4f" startNodeId="BN_15056-80" endNodeId="BN_15012-80" length="15" diameter="3">
		<AppRef name="E3.Series" version="2.14.0.0" guid="de807ce4-72f7-49d2-bae5-dec724337e4d"/>
	</HarnessItem>
	<HarnessItem xsi:type="Branch" id="BRANCH_35-4e-0-33c53a" startNodeId="BN_15096-80" endNodeId="BN_15056-80" diameter="3">
		<AppRef name="E3.Series" version="2.14.0.0" guid="f33837fd-5bed-426c-9b4e-63d261ec4607"/>
	</HarnessItem>
	<HarnessItem xsi:type="Branch" id="BRANCH_c2-4e-0-4c0e66" startNodeId="BN_3231_9-230_058" endNodeId="BN_3398_25-334_156" length="50" diameter="3.96571784515498">
		<AppRef name="E3.Series" version="2.13.7.0" guid="4be1f1c8-a2c0-4800-8274-086f3c011ea9"/>
		<PassedWaypoint id="WP_c2-50-0-4c12fa" x="3231.8995647731103" y="334.058186946931">
			<AppRef name="E3.Series" version="2.13.7.0" guid="e7b95f19-b986-40b4-ac27-719fb531d83f"/>
		</PassedWaypoint>
	</HarnessItem>
	<HarnessItem xsi:type="Branch" id="BRANCH_c2-4e-0-4c105f" startNodeId="BN_6495_9-222_058" endNodeId="BN_6454_25-222_156" length="45" diameter="7.90165426743105">
		<AppRef name="E3.Series" version="2.13.7.0" guid="99ea7b97-36ce-4df1-9da6-c1173d0c3872"/>
	</HarnessItem>
	<HarnessItem xsi:type="Branch" id="BRANCH_c2-4e-0-4c0f7a" startNodeId="BN_11744-229_942" endNodeId="BN_11744-232" diameter="15.8635857498074">
		<AppRef name="E3.Series" version="2.14.0.0" guid="c6bdd400-d78b-4f22-b3e1-7c343405b0a1"/>
	</HarnessItem>
	<HarnessItem xsi:type="Branch" id="BRANCH_c2-4e-0-4c0e67" startNodeId="BN_3390_25-302_156" endNodeId="BN_3398_25-334_156" length="140" diameter="1.6">
		<AppRef name="E3.Series" version="2.13.7.0" guid="ef8724e5-5aa5-4c72-995f-0b3a25f881ed"/>
		<Option id="OPTION_11" value="AALAK"/>
		<PassedWaypoint id="WP_c2-50-0-4c1328" x="3454.24952640012" y="302.156421789602">
			<AppRef name="E3.Series" version="2.13.7.0" guid="d3bfad99-d34c-4458-a0d7-abb998b05d83"/>
		</PassedWaypoint>
		<PassedWaypoint id="WP_c2-50-0-4c1327" x="3454.24952640012" y="310.156421789602">
			<AppRef name="E3.Series" version="2.13.7.0" guid="3c713819-5fbd-4df0-aa7b-48adaa192caf"/>
		</PassedWaypoint>
		<PassedWaypoint id="WP_c2-50-0-4c1326" x="3390.24952640012" y="310.156421789602">
			<AppRef name="E3.Series" version="2.13.7.0" guid="386b2b3e-d2e6-4857-898a-e39a951c1243"/>
		</PassedWaypoint>
		<PassedWaypoint id="WP_c2-50-0-4c1325" x="3390.24952640012" y="318.156421789602">
			<AppRef name="E3.Series" version="2.13.7.0" guid="91ba9e49-cfb5-4b5c-9712-92154887f99f"/>
		</PassedWaypoint>
		<PassedWaypoint id="WP_c2-50-0-4c1324" x="3462.24952640012" y="318.156421789602">
			<AppRef name="E3.Series" version="2.13.7.0" guid="26b75089-bb54-49db-8467-14eeec867dcb"/>
		</PassedWaypoint>
		<PassedWaypoint id="WP_c2-50-0-4c1373" x="3462.24952640012" y="326.156421789602">
			<AppRef name="E3.Series" version="2.13.7.0" guid="0f5b85e0-896e-4c87-8ab9-889ff361bfa9"/>
		</PassedWaypoint>
		<PassedWaypoint id="WP_c2-50-0-4c1323" x="3398.24952640012" y="326.156421789602">
			<AppRef name="E3.Series" version="2.13.7.0" guid="db441c6d-9423-4544-849b-0ddbeb28af87"/>
		</PassedWaypoint>
	</HarnessItem>
	<HarnessItem xsi:type="Branch" id="BRANCH_35-4e-0-358d30" startNodeId="BN_11840-264" endNodeId="BN_11840-112" length="85" diameter="4.72578985068906">
		<AppRef name="E3.Series" version="2.14.0.0" guid="4e6ab24e-7b89-4447-869a-b41c79ae2244"/>
	</HarnessItem>
	<HarnessItem xsi:type="Branch" id="BRANCH_c2-4e-0-4c0f7e" startNodeId="BN_9524-374" endNodeId="BN_11744-376" length="50" diameter="10.3540204853126">
		<AppRef name="E3.Series" version="2.13.7.0" guid="cafc980f-1261-4f10-9ba9-2852d887f935"/>
	</HarnessItem>
	<HarnessItem xsi:type="Branch" id="BRANCH_35-4e-0-358d35" startNodeId="BN_11616-112" endNodeId="BN_11588-112" length="10" diameter="2.4">
		<AppRef name="E3.Series" version="2.14.0.0" guid="88a1b121-6f37-48c5-8059-aed8ee221412"/>
	</HarnessItem>
	<HarnessItem xsi:type="Branch" id="BRANCH_35-4e-0-3670c5" startNodeId="BN_11776-112" endNodeId="BN_11680-112" length="45" diameter="2.4">
		<AppRef name="E3.Series" version="2.14.0.0" guid="80b15f5f-6b91-4090-ac95-f1b349dcd7fe"/>
	</HarnessItem>
	<HarnessItem xsi:type="Branch" id="BRANCH_c2-4e-0-4c1020" startNodeId="BN_2311_9-390_058" endNodeId="BN_6610_25-134_156" length="55" diameter="16.4166162027624">
		<AppRef name="E3.Series" version="2.13.7.0" guid="d88dfea8-d7d4-4d9c-8e00-4940a2710c14"/>
		<PassedWaypoint id="WP_c2-50-0-4c13a2" x="2527.8166791246103" y="390.058186946931">
			<AppRef name="E3.Series" version="2.13.7.0" guid="a4127f17-f468-4940-9342-3a7a98ccffe6"/>
		</PassedWaypoint>
		<PassedWaypoint id="WP_c2-50-0-4c1305" x="2527.8166791246103" y="46.19019001677">
			<AppRef name="E3.Series" version="2.13.7.0" guid="94a023c7-6527-4f7a-bca4-a0fa59493e6e"/>
		</PassedWaypoint>
		<PassedWaypoint id="WP_c2-50-0-4c1307" x="4111.2088510355807" y="46.19019001677">
			<AppRef name="E3.Series" version="2.13.7.0" guid="209e466d-2ffe-41ea-8f70-8cac1a0cfa49"/>
		</PassedWaypoint>
		<PassedWaypoint id="WP_c2-50-0-4c1394" x="4111.2088510355807" y="374.06432662459804">
			<AppRef name="E3.Series" version="2.13.7.0" guid="cb996abe-0603-4ae9-9ad7-26cccdb0916a"/>
		</PassedWaypoint>
		<PassedWaypoint id="WP_c2-50-0-4c1393" x="5846.54269600872" y="374.06432662459804">
			<AppRef name="E3.Series" version="2.13.7.0" guid="9d5453b6-dbce-43ce-a1bd-b8b152415ad8"/>
		</PassedWaypoint>
		<PassedWaypoint id="WP_c2-50-0-4c1392" x="5846.54269600872" y="134.156421789602">
			<AppRef name="E3.Series" version="2.13.7.0" guid="e5c16c17-0a4e-479f-8046-959835003423"/>
		</PassedWaypoint>
	</HarnessItem>
	<HarnessItem xsi:type="Branch" id="BRANCH_35-4e-0-3ba590" startNodeId="BN_11840-264" endNodeId="BN_11840-320" diameter="4.72578985068906">
		<AppRef name="E3.Series" version="2.14.0.0" guid="e6cdcff0-167c-4f0a-9c9b-80d1eb4a198b"/>
	</HarnessItem>
	<HarnessItem xsi:type="Branch" id="BRANCH_c2-4e-0-4c0e6d" startNodeId="BN_23112-64" endNodeId="BN_23544-384" length="90" diameter="12.3475232875206">
		<AppRef name="E3.Series" version="2.13.7.0" guid="78d8391d-e951-495a-87cc-f24a808df74a"/>
		<PassedWaypoint id="WP_c2-50-0-4c1329" x="23104" y="40">
			<AppRef name="E3.Series" version="2.13.7.0" guid="715eba3d-5d5c-44bd-bad9-fa17ed2b1188"/>
		</PassedWaypoint>
		<PassedWaypoint id="WP_c2-50-0-4c1335" x="23440" y="40">
			<AppRef name="E3.Series" version="2.13.7.0" guid="06d1694e-c024-43e6-ac4b-517acc2ca2ad"/>
		</PassedWaypoint>
		<PassedWaypoint id="WP_c2-50-0-4c1336" x="23440" y="384">
			<AppRef name="E3.Series" version="2.13.7.0" guid="ac3ef6d2-ae7f-4263-a022-9bde8d64f01c"/>
		</PassedWaypoint>
	</HarnessItem>
	<HarnessItem xsi:type="Branch" id="BRANCH_35-4e-0-3ba598" startNodeId="BN_11744-320" endNodeId="BN_11840-320" length="80" diameter="4.72578985068906">
		<AppRef name="E3.Series" version="2.14.0.0" guid="d36761f2-e767-4bfb-9dd5-73d4c456666c"/>
	</HarnessItem>
	<HarnessItem xsi:type="Branch" id="BRANCH_c2-4e-0-4c0f82" startNodeId="BN_11248-279" endNodeId="BN_11248-244" length="15" diameter="2.73998695873498">
		<AppRef name="E3.Series" version="2.13.7.0" guid="6ab63921-ac3e-42d3-af6a-888cc9d5a432"/>
	</HarnessItem>
	<HarnessItem xsi:type="Branch" id="BRANCH_36-4e-0-65ae7f" startNodeId="BN_6856-336" endNodeId="BN_6847-313" diameter="7.79765779900101">
		<AppRef name="E3.Series" version="2.14.5.0" guid="fbb147b0-b85f-4b14-9225-6aa4e282d269"/>
	</HarnessItem>
	<HarnessItem xsi:type="Branch" id="BRANCH_c2-4e-0-4c0e70" startNodeId="BN_22204-304" endNodeId="BN_23072-176" length="20" diameter="18.0864581854816">
		<AppRef name="E3.Series" version="2.13.7.0" guid="796ccde3-4d25-46bf-88e3-fe6bb75ae603"/>
		<PassedWaypoint id="WP_c2-50-0-4c132d" x="22608" y="304">
			<AppRef name="E3.Series" version="2.13.7.0" guid="6f6417d3-e50c-4c70-b877-d395908591b7"/>
		</PassedWaypoint>
		<PassedWaypoint id="WP_c2-50-0-4c132b" x="22608" y="176">
			<AppRef name="E3.Series" version="2.13.7.0" guid="61dbc7c4-4c28-4e27-b26b-7516dbbc04ea"/>
		</PassedWaypoint>
	</HarnessItem>
	<HarnessItem xsi:type="Branch" id="BRANCH_c2-4e-0-4c1065" startNodeId="BN_22736-112" endNodeId="BN_23112-96" length="90" diameter="3.2">
		<AppRef name="E3.Series" version="2.13.7.0" guid="fc4b8066-b5f1-488d-9ef9-236df45dad5f"/>
		<AppRef name="E3.Series" version="2.13.7.0" guid="6dca7663-b977-4ba8-bb6c-bb35fd19ef17"/>
		<PassedWaypoint id="WP_c2-50-0-4c1396" x="22912" y="112">
			<AppRef name="E3.Series" version="2.13.7.0" guid="5837210c-c60b-4c25-aaa8-2698a2a3145a"/>
		</PassedWaypoint>
	</HarnessItem>
	<HarnessItem xsi:type="Branch" id="BRANCH_44-4e-0-253a04d" startNodeId="BN_11136-276" endNodeId="BN_11136-308" length="50" diameter="3.2">
		<AppRef name="E3.Series" version="2.14.0.0" guid="cea24611-98c9-4bf7-ba0c-705b149dc11f"/>
	</HarnessItem>
	<HarnessItem xsi:type="Branch" id="BRANCH_c2-4e-0-4c0f85" startNodeId="BN_7807_9-350_058" endNodeId="BN_7839_9-350_058" length="10" diameter="5.4160213618081">
		<AppRef name="E3.Series" version="2.13.12.0" guid="3320e613-3833-45e7-9a12-968291d3de17"/>
	</HarnessItem>
	<HarnessItem xsi:type="Branch" id="BRANCH_c2-4e-0-4c0e7f" startNodeId="BN_23048-288" endNodeId="BN_23104-184" length="175" diameter="20.7607737524838">
		<AppRef name="E3.Series" version="2.13.7.0" guid="95278a57-20db-47d6-9c36-1cd198a1b27c"/>
		<PassedWaypoint id="WP_c2-50-0-4c1333" x="23105.750473599903" y="277.843578210398">
			<AppRef name="E3.Series" version="2.13.7.0" guid="0734f076-1437-4ad7-85cb-f7b37a04bdab"/>
		</PassedWaypoint>
		<PassedWaypoint id="WP_c2-50-0-4c1334" x="23112" y="264">
			<AppRef name="E3.Series" version="2.13.7.0" guid="d19c2ed8-cd5e-47d4-bb06-ca4c3a2830e7"/>
		</PassedWaypoint>
		<PassedWaypoint id="WP_c2-50-0-4c1337" x="23112" y="232">
			<AppRef name="E3.Series" version="2.13.7.0" guid="11aec33f-65e7-41f3-ae9e-445c4bf606d6"/>
		</PassedWaypoint>
	</HarnessItem>
	<HarnessItem xsi:type="Branch" id="BRANCH_44-4e-0-255d041" startNodeId="BN_7807_9-350_058" endNodeId="BN_7808-264" length="195" diameter="2.1">
		<AppRef name="E3.Series" version="2.13.7.0" guid="3d5705e5-429e-4d7c-ba80-cec8b645cc3e"/>
	</HarnessItem>
	<HarnessItem xsi:type="Branch" id="BRANCH_c2-4e-0-4c0f88" startNodeId="BN_19410-256" endNodeId="BN_19512-296" length="105" diameter="15.2448699562608">
		<AppRef name="E3.Series" version="2.13.7.0" guid="b4f86811-187d-4af7-a9d5-0bb9291c1221"/>
		<PassedWaypoint id="WP_c2-50-0-4c133d" x="19468" y="272">
			<AppRef name="E3.Series" version="2.13.7.0" guid="9eb919e1-f073-4b72-a86e-996c6f7e1c0e"/>
		</PassedWaypoint>
	</HarnessItem>
	<HarnessItem xsi:type="Branch" id="BRANCH_c2-4e-0-4c1021" startNodeId="BN_6610_25-134_156" endNodeId="BN_6678_25-158_156" length="85" diameter="16.8149598048459">
		<AppRef name="E3.Series" version="2.13.7.0" guid="10cced59-aa2a-481a-9763-4289179dd5be"/>
	</HarnessItem>
	<HarnessItem xsi:type="Branch" id="BRANCH_62-4e-0-c92d63" startNodeId="BN_16856-288" endNodeId="BN_17064-352" length="75" diameter="3.5116843969807">
		<AppRef name="E3.Series" version="2.14.0.0" guid="48814a4b-d707-4dc4-b583-de433fa39d03"/>
		<PassedWaypoint id="WP_62-50-0-c9509d" x="16856" y="312">
			<AppRef name="E3.Series" version="2.14.0.0" guid="4ebbad57-7d4a-412c-a59b-5f83c82421c8"/>
		</PassedWaypoint>
		<PassedWaypoint id="WP_62-50-0-c95094" x="17004" y="312">
			<AppRef name="E3.Series" version="2.14.0.0" guid="8017469a-81b5-4bd2-9bc0-5bcfc58b69b5"/>
		</PassedWaypoint>
	</HarnessItem>
	<HarnessItem xsi:type="Branch" id="BRANCH_c2-4e-0-4c0e87" startNodeId="BN_22840-304" endNodeId="BN_22968-288" length="120" diameter="20.6223334007217">
		<AppRef name="E3.Series" version="2.13.7.0" guid="72742382-15e7-49ae-8b06-ac8973634b68"/>
		<PassedWaypoint id="WP_c2-50-0-4c1339" x="22856" y="296">
			<AppRef name="E3.Series" version="2.13.7.0" guid="7b77338e-38ea-4375-9e31-b908531d1e46"/>
		</PassedWaypoint>
		<PassedWaypoint id="WP_da-50-0-414023" x="22884" y="288">
			<AppRef name="E3.Series" version="2.14.0.0" guid="6bc6c846-e6f0-4a13-8bfe-a9ada7db512c"/>
		</PassedWaypoint>
		<PassedWaypoint id="WP_c2-50-0-4c13be" x="22907" y="288">
			<AppRef name="E3.Series" version="2.13.7.0" guid="8659af79-be10-447e-8124-5ec9371017c7"/>
		</PassedWaypoint>
	</HarnessItem>
	<HarnessItem xsi:type="Branch" id="BRANCH_62-4e-0-c9509e" startNodeId="BN_16856-288" endNodeId="BN_16856-268" length="20" diameter="3.5116843969807">
		<AppRef name="E3.Series" version="2.14.0.0" guid="3e8d7b17-4928-41fa-8450-b00c66924e5d"/>
	</HarnessItem>
	<HarnessItem xsi:type="Branch" id="BRANCH_c2-4e-0-4c0f89" startNodeId="BN_19800-296" endNodeId="BN_19656-296" length="85" diameter="15.2448699562608">
		<AppRef name="E3.Series" version="2.13.7.0" guid="e17d89e8-4924-4998-bf2e-d2806448dc84"/>
	</HarnessItem>
	<HarnessItem xsi:type="Branch" id="BRANCH_c2-4e-0-4c0e8b" startNodeId="BN_22496-360" endNodeId="BN_22840-304" length="90" diameter="4.2">
		<AppRef name="E3.Series" version="2.13.7.0" guid="d1a678ea-5389-4f0c-a2cc-98cb588a74e6"/>
		<PassedWaypoint id="WP_c2-50-0-4c133a" x="22840" y="360">
			<AppRef name="E3.Series" version="2.13.7.0" guid="20e93d2a-c8e4-4e1f-91e5-a8c6e1fb7bb8"/>
		</PassedWaypoint>
	</HarnessItem>
	<HarnessItem xsi:type="Branch" id="BRANCH_62-4e-0-cf88e3" startNodeId="BN_19664-396" endNodeId="BN_19692-384" length="50" diameter="3.6">
		<AppRef name="E3.Series" version="2.14.0.0" guid="619b0b32-7f78-4f2e-b472-f6d8f8b2f4c5"/>
		<PassedWaypoint id="WP_62-50-0-cf88e2" x="19680" y="396">
			<AppRef name="E3.Series" version="2.14.0.0" guid="b1c8c7dd-fe53-427c-a1b7-70afb5e13f3d"/>
		</PassedWaypoint>
	</HarnessItem>
	<HarnessItem xsi:type="Branch" id="BRANCH_c2-4e-0-4c0e8c" startNodeId="BN_22968-288" endNodeId="BN_23048-288" length="120" diameter="20.6882186013064">
		<AppRef name="E3.Series" version="2.13.7.0" guid="8b023781-902a-4b38-9aac-b8bf96afc535"/>
	</HarnessItem>
	<HarnessItem xsi:type="Branch" id="BRANCH_62-4e-0-d01852" startNodeId="BN_19692-384" endNodeId="BN_19712-396" length="50" diameter="3.6">
		<AppRef name="E3.Series" version="2.14.0.0" guid="d57a3a95-4086-49c6-8822-850fada25ebb"/>
		<PassedWaypoint id="WP_62-50-0-d01851" x="19700" y="396">
			<AppRef name="E3.Series" version="2.14.0.0" guid="b5a002c8-265c-4fd9-af7f-ca8b9d51c7e3"/>
		</PassedWaypoint>
	</HarnessItem>
	<HarnessItem xsi:type="Branch" id="BRANCH_c2-4e-0-4c107e" startNodeId="BN_20180-60" endNodeId="BN_21216-264" length="150" diameter="8.7921705006719">
		<AppRef name="E3.Series" version="2.13.7.0" guid="075631ae-1ac8-4c07-9966-0d94ef2f8237"/>
		<PassedWaypoint id="WP_c2-50-0-4c13ae" x="21176" y="60">
			<AppRef name="E3.Series" version="2.13.7.0" guid="b1e7f009-221b-45c7-9028-563d312ccab9"/>
		</PassedWaypoint>
		<PassedWaypoint id="WP_c2-50-0-4c13af" x="21176.349961627002" y="264.098234842671">
			<AppRef name="E3.Series" version="2.13.7.0" guid="077ba87f-4c49-40dc-9ab1-3dcfdd54f4f6"/>
		</PassedWaypoint>
	</HarnessItem>
	<HarnessItem xsi:type="Branch" id="BRANCH_a1-4e-0-b1b17d" startNodeId="BN_21592-356" endNodeId="BN_21592-376" diameter="6.64845551478086">
		<AppRef name="E3.Series" version="2.14.0.0" guid="9c8b1e10-e932-46ea-bd0b-563134406163"/>
	</HarnessItem>
	<HarnessItem xsi:type="Branch" id="BRANCH_c2-4e-0-4c0f8c" startNodeId="BN_1111_9-146_058" endNodeId="BN_1111_9-174_058" length="15" diameter="10.2">
		<AppRef name="E3.Series" version="2.13.7.0" guid="216385de-c391-45c4-9caf-8d633e686e16"/>
	</HarnessItem>
	<HarnessItem xsi:type="Branch" id="BRANCH_c2-4e-0-4c0e8f" startNodeId="BN_23224-360" endNodeId="BN_23060-360" length="190" diameter="3.2">
		<AppRef name="E3.Series" version="2.13.7.0" guid="3fc55baa-5b4a-477e-b006-41e5532c9da0"/>
	</HarnessItem>
	<HarnessItem xsi:type="Branch" id="BRANCH_c2-4e-0-4c0cf5" startNodeId="BN_6087_9-166_058" endNodeId="BN_6610_25-134_156" length="55" diameter="3.96571784515498">
		<AppRef name="E3.Series" version="2.13.7.0" guid="a3537b57-c586-4f87-b35c-942971d4bb5e"/>
		<PassedWaypoint id="WP_c2-50-0-4c12bb" x="6623.8995647731108" y="166.05818694693102">
			<AppRef name="E3.Series" version="2.13.7.0" guid="5b641db6-c88c-48f3-9dd4-c17e48597d7e"/>
		</PassedWaypoint>
	</HarnessItem>
	<HarnessItem xsi:type="Branch" id="BRANCH_c2-4e-0-4c0e92" startNodeId="BN_23060-360" endNodeId="BN_23048-288" diameter="3.2">
		<AppRef name="E3.Series" version="2.13.7.0" guid="8f1ed0b0-a6e6-4c3b-8c30-96554737e797"/>
	</HarnessItem>
	<HarnessItem xsi:type="Branch" id="BRANCH_c2-4e-0-4c1027" startNodeId="BN_6854_25-262_156" endNodeId="BN_6862_25-222_156" length="45" diameter="2.8">
		<AppRef name="E3.Series" version="2.13.7.0" guid="35f6622d-2f9e-48de-a50c-e9a6d8b3e0dc"/>
	</HarnessItem>
	<HarnessItem xsi:type="Branch" id="BRANCH_c2-4e-0-4c0cf9" startNodeId="BN_17720-304" endNodeId="BN_17632-304" length="95" diameter="2.1">
		<AppRef name="E3.Series" version="2.13.7.0" guid="3b355bfb-31cc-49b9-acb6-fb920d86471c"/>
	</HarnessItem>
	<HarnessItem xsi:type="Branch" id="BRANCH_c2-4e-0-4c0f94" startNodeId="BN_4919_9-254_058" endNodeId="BN_4919_9-294_058" diameter="3.6">
		<AppRef name="E3.Series" version="2.13.7.0" guid="e89dd299-2fb8-4063-b8f2-1bbd1fed2f06"/>
	</HarnessItem>
	<HarnessItem xsi:type="Branch" id="BRANCH_c2-4e-0-4c0cfc" startNodeId="BN_17632-304" endNodeId="BN_17632-280" length="50" diameter="2.1">
		<AppRef name="E3.Series" version="2.14.0.0" guid="cf50ffbf-d743-4151-9156-0ecfe8b653da"/>
	</HarnessItem>
	<HarnessItem xsi:type="Branch" id="BRANCH_c2-4e-0-4c0e97" startNodeId="BN_19088-184" endNodeId="BN_19410-256" length="315" diameter="15.2448699562608">
		<AppRef name="E3.Series" version="2.13.7.0" guid="00453798-a59b-4b8f-a7b5-22e1ddd057e8"/>
		<PassedWaypoint id="WP_c2-50-0-4c1341" x="19160" y="188">
			<AppRef name="E3.Series" version="2.13.7.0" guid="77d5ada0-60f9-4d2c-916a-130a52fc67d8"/>
		</PassedWaypoint>
		<PassedWaypoint id="WP_c2-50-0-4c133f" x="19216" y="248">
			<AppRef name="E3.Series" version="2.13.7.0" guid="3542534b-182d-4097-aeb0-cc4133b228cc"/>
		</PassedWaypoint>
	</HarnessItem>
	<HarnessItem xsi:type="Branch" id="BRANCH_c2-4e-0-4c102a" startNodeId="BN_6854_25-262_156" endNodeId="BN_7197_9-272_058" length="155" diameter="2.8">
		<AppRef name="E3.Series" version="2.13.7.0" guid="c92748c1-7000-4f7b-8be9-0b9b16a241a8"/>
		<Option id="OPTION_57" value="IDBBQ"/>
		<PassedWaypoint id="WP_c2-50-0-4c12d4" x="6856" y="268">
			<AppRef name="E3.Series" version="2.13.7.0" guid="cfa04cef-25b2-49f4-b510-66b5abc7ffad"/>
		</PassedWaypoint>
		<PassedWaypoint id="WP_c2-50-0-4c12d6" x="6912" y="272">
			<AppRef name="E3.Series" version="2.13.7.0" guid="c82f8330-7e3e-4438-afd2-33ce07f6c54a"/>
		</PassedWaypoint>
	</HarnessItem>
	<HarnessItem xsi:type="Branch" id="BRANCH_c2-4e-0-4c0d01" startNodeId="BN_8520-376" endNodeId="BN_8672-344" length="80" diameter="3.5">
		<AppRef name="E3.Series" version="2.13.7.0" guid="edf1e9c4-2349-4037-96b3-2854d72b6a6a"/>
	</HarnessItem>
	<HarnessItem xsi:type="Branch" id="BRANCH_c2-4e-0-4c0f96" startNodeId="BN_4919_9-294_058" endNodeId="BN_4983_9-294_058" length="40" diameter="3.6">
		<AppRef name="E3.Series" version="2.13.7.0" guid="437e6431-e63a-4d23-95c5-422f2106e855"/>
	</HarnessItem>
	<HarnessItem xsi:type="Branch" id="BRANCH_c2-4e-0-4c0d04" startNodeId="BN_8672-344" endNodeId="BN_8671_9-282_058" length="50" diameter="3.5">
		<AppRef name="E3.Series" version="2.14.0.0" guid="801d2ff1-58b9-4da5-9038-8a4238f180c6"/>
	</HarnessItem>
	<HarnessItem xsi:type="Branch" id="BRANCH_c2-4e-0-4c0e9b" startNodeId="BN_18848-336" endNodeId="BN_18520-336" length="160" diameter="15.2448699562608">
		<AppRef name="E3.Series" version="2.13.7.0" guid="e36752b9-e83f-4b0f-938a-6ca5f8db4958"/>
	</HarnessItem>
	<HarnessItem xsi:type="Branch" id="BRANCH_c2-4e-0-4c0f99" startNodeId="BN_4983_9-294_058" endNodeId="BN_5199_9-334_058" diameter="3.6">
		<AppRef name="E3.Series" version="2.13.7.0" guid="6dc117d2-6c6b-4268-a675-c25acd21645e"/>
	</HarnessItem>
	<HarnessItem xsi:type="Branch" id="BRANCH_c2-4e-0-4c0d05" startNodeId="BN_17720-368" endNodeId="BN_17904-368" length="40" diameter="18.9383957588944">
		<AppRef name="E3.Series" version="2.13.7.0" guid="5b3e32e9-b613-48aa-8198-f81593e868f7"/>
	</HarnessItem>
	<HarnessItem xsi:type="Branch" id="BRANCH_c2-4e-0-4c102b" startNodeId="BN_6446_25-78_156" endNodeId="BN_6814_25-174_156" length="70" diameter="2.89705627484771">
		<AppRef name="E3.Series" version="2.13.7.0" guid="44529b52-5758-4ac8-b4a5-c4dd2b2424a2"/>
		<Option id="OPTION_58" value="GRAAP"/>
		<PassedWaypoint id="WP_c2-50-0-4c131d" x="6814.2495264001209" y="78.156421789601907">
			<AppRef name="E3.Series" version="2.13.7.0" guid="4875e238-1a7f-4510-8509-7833e0fc06c5"/>
		</PassedWaypoint>
	</HarnessItem>
	<HarnessItem xsi:type="Branch" id="BRANCH_c2-4e-0-4c0d0c" startNodeId="BN_11056-272" endNodeId="BN_11056-136" length="75" diameter="3.37989898732233">
		<AppRef name="E3.Series" version="2.13.7.0" guid="524ae814-20bf-4635-98d3-e8a6311872f4"/>
	</HarnessItem>
	<HarnessItem xsi:type="Branch" id="BRANCH_c2-4e-0-4c0e9f" startNodeId="BN_8520-272" endNodeId="BN_8520-248" length="10" diameter="3.96571784515498">
		<AppRef name="E3.Series" version="2.13.7.0" guid="849a4e26-3cf3-4b4a-9ed1-568e9426a5aa"/>
	</HarnessItem>
	<HarnessItem xsi:type="Branch" id="BRANCH_c2-4e-0-4c0d0f" startNodeId="BN_10976-116" endNodeId="BN_11056-272" length="75" diameter="2.8">
		<AppRef name="E3.Series" version="2.13.7.0" guid="7b624c94-2672-4aa7-bb25-7aa0b34d0d98"/>
		<AppRef name="E3.Series" version="2.13.7.0" guid="54ceee3a-432c-410b-a2a9-0e1b5b298952"/>
		<PassedWaypoint id="WP_c2-50-0-4c12c7" x="10976" y="272">
			<AppRef name="E3.Series" version="2.13.7.0" guid="ab816aa7-73ad-43b8-9c9f-ee4dda7cfacf"/>
		</PassedWaypoint>
	</HarnessItem>
	<HarnessItem xsi:type="Branch" id="BRANCH_c2-4e-0-4c1066" startNodeId="BN_11056-136" endNodeId="BN_11056-108" length="10" diameter="3.37989898732233">
		<AppRef name="E3.Series" version="2.14.0.0" guid="4ad10075-3127-4d80-9da3-71765f72eb54"/>
	</HarnessItem>
	<HarnessItem xsi:type="Branch" id="BRANCH_c2-4e-0-4c0d17" startNodeId="BN_21152-224" endNodeId="BN_21152-160" length="165" diameter="4.57563075767775">
		<AppRef name="E3.Series" version="2.13.7.0" guid="13e6a0ca-f410-4b18-9833-a1174e9854b6"/>
	</HarnessItem>
	<HarnessItem xsi:type="Branch" id="BRANCH_c2-4e-0-4c0f9b" startNodeId="BN_5471_9-334_058" endNodeId="BN_5559_9-334_058" length="30" diameter="12.1427217309912">
		<AppRef name="E3.Series" version="2.13.7.0" guid="b73c21b7-b6f9-4334-be84-c114fbc5ac47"/>
	</HarnessItem>
	<HarnessItem xsi:type="Branch" id="BRANCH_c2-4e-0-4c0ea2" startNodeId="BN_12382_25-358_156" endNodeId="BN_12430_25-358_156" length="15" diameter="6.00719916161516">
		<AppRef name="E3.Series" version="2.13.7.0" guid="de2ebd08-e8a9-4e2e-809e-a0b2c009d8fa"/>
	</HarnessItem>
	<HarnessItem xsi:type="Branch" id="BRANCH_c2-4e-0-4c0d1a" startNodeId="BN_21096-160" endNodeId="BN_21064-160" length="30" diameter="4.57563075767775">
		<AppRef name="E3.Series" version="2.13.7.0" guid="d217ca50-7bc4-452d-9893-3738de59959e"/>
	</HarnessItem>
	<HarnessItem xsi:type="Branch" id="BRANCH_c2-4e-0-4c102d" startNodeId="BN_23104-184" endNodeId="BN_23112-96" length="110" diameter="12.6273421247828">
		<AppRef name="E3.Series" version="2.13.7.0" guid="af68ef9d-cf4b-4835-a2b7-94649278c185"/>
	</HarnessItem>
	<HarnessItem xsi:type="Branch" id="BRANCH_c2-4e-0-4c0d1d" startNodeId="BN_6862_25-222_156" endNodeId="BN_6910_25-206_156" length="45" diameter="21.5005453432014">
		<AppRef name="E3.Series" version="2.13.7.0" guid="98e0b990-58a9-41a3-a250-64bd768e633a"/>
	</HarnessItem>
	<HarnessItem xsi:type="Branch" id="BRANCH_c2-4e-0-4c0ea5" startNodeId="BN_12206_25-358_156" endNodeId="BN_12382_25-358_156" length="130" diameter="5.1381768651657">
		<AppRef name="E3.Series" version="2.13.7.0" guid="c5227e9f-b686-4b0d-a181-986204e2145a"/>
	</HarnessItem>
	<HarnessItem xsi:type="Branch" id="BRANCH_c2-4e-0-4c0d20" startNodeId="BN_6910_25-206_156" endNodeId="BN_6903_9-174_058" diameter="2.89705627484771">
		<AppRef name="E3.Series" version="2.13.7.0" guid="50b49041-8477-4af5-8cb1-c9df134126bf"/>
	</HarnessItem>
	<HarnessItem xsi:type="Branch" id="BRANCH_c2-4e-0-4c0f9e" startNodeId="BN_5447_9-334_058" endNodeId="BN_5471_9-334_058" length="5" diameter="11.9588288827434">
		<AppRef name="E3.Series" version="2.13.7.0" guid="f42673dc-85fa-45dc-911d-55967b7d00d4"/>
	</HarnessItem>
	<HarnessItem xsi:type="Branch" id="BRANCH_c2-4e-0-4c0d22" startNodeId="BN_6903_9-174_058" endNodeId="BN_6903_9-126_058" diameter="2.89705627484771">
		<AppRef name="E3.Series" version="2.13.7.0" guid="1749b272-b23b-463e-8ec7-ebab0e6b1102"/>
	</HarnessItem>
	<HarnessItem xsi:type="Branch" id="BRANCH_c2-4e-0-4c0ea8" startNodeId="BN_12382_25-230_156" endNodeId="BN_12382_25-358_156" length="180" diameter="3.6">
		<AppRef name="E3.Series" version="2.13.7.0" guid="5f5a3abe-ee28-49f5-a18d-493ad81cc852"/>
	</HarnessItem>
	<HarnessItem xsi:type="Branch" id="BRANCH_c2-4e-0-4c1030" startNodeId="BN_23112-96" endNodeId="BN_23112-64" length="30" diameter="12.4199121763794">
		<AppRef name="E3.Series" version="2.13.7.0" guid="94fb124c-91d6-465c-9859-af1dcbc21271"/>
	</HarnessItem>
	<HarnessItem xsi:type="Branch" id="BRANCH_c2-4e-0-4c0d24" startNodeId="BN_6966_25-182_156" endNodeId="BN_6967_9-126_058" diameter="2.89705627484771">
		<AppRef name="E3.Series" version="2.13.7.0" guid="0a8ff10a-c4ca-4407-b650-0dd1e8129926"/>
	</HarnessItem>
	<HarnessItem xsi:type="Branch" id="BRANCH_c2-4e-0-4c0eab" startNodeId="BN_12382_25-194_156" endNodeId="BN_12382_25-230_156" length="15" diameter="3.6">
		<AppRef name="E3.Series" version="2.13.7.0" guid="bbc0d831-fac5-4f3f-9a58-0974d39495da"/>
	</HarnessItem>
	<HarnessItem xsi:type="Branch" id="BRANCH_c2-4e-0-4c0d26" startNodeId="BN_6967_9-126_058" endNodeId="BN_6951_9-126_058" diameter="2.89705627484771">
		<AppRef name="E3.Series" version="2.13.7.0" guid="c02fb953-9f49-4d4c-b774-389bfd6a7238"/>
	</HarnessItem>
	<HarnessItem xsi:type="Branch" id="BRANCH_c2-4e-0-4c0d28" startNodeId="BN_21152-160" endNodeId="BN_21096-160" length="160" diameter="4.57563075767775">
		<AppRef name="E3.Series" version="2.13.7.0" guid="49684806-3b19-4347-ab32-d2e00d3d6006"/>
	</HarnessItem>
	<HarnessItem xsi:type="Branch" id="BRANCH_c2-4e-0-4c1038" startNodeId="BN_22848-48" endNodeId="BN_23112-64" length="215" diameter="2.89705627484771">
		<AppRef name="E3.Series" version="2.13.7.0" guid="783f2a1d-f348-4635-b240-339a0be44c52"/>
		<AppRef name="E3.Series" version="2.13.7.0" guid="f7653298-fed5-430d-a070-ba01cd9c3f38"/>
		<AppRef name="E3.Series" version="2.13.7.0" guid="ace9ed1e-5cfb-4a10-ba78-155ec4925aaa"/>
		<PassedWaypoint id="WP_c2-50-0-4c1399" x="22872" y="48">
			<AppRef name="E3.Series" version="2.13.7.0" guid="8ae86c9b-4c9e-4aad-9142-875779f525f0"/>
		</PassedWaypoint>
		<PassedWaypoint id="WP_c2-50-0-4c1398" x="23046.349961627002" y="48.098234842670806">
			<AppRef name="E3.Series" version="2.13.7.0" guid="f7306f92-1cbb-44aa-bd21-af2d2c74d98c"/>
		</PassedWaypoint>
	</HarnessItem>
	<HarnessItem xsi:type="Branch" id="BRANCH_c2-4e-0-4c0fa1" startNodeId="BN_5391-334" endNodeId="BN_5423_9-334_058" length="5" diameter="11.9588288827434">
		<AppRef name="E3.Series" version="2.13.17.0" guid="8cc19141-49f1-4ecb-ad0e-c27891448562"/>
	</HarnessItem>
	<HarnessItem xsi:type="Branch" id="BRANCH_c2-4e-0-4c0d2b" startNodeId="BN_11592_25-344_156" endNodeId="BN_11592-280" length="100" diameter="2.73998695873498">
		<AppRef name="E3.Series" version="2.13.7.0" guid="53ad55b3-6ce3-4a1e-8b22-53100f482284"/>
	</HarnessItem>
	<HarnessItem xsi:type="Branch" id="BRANCH_c2-4e-0-4c0eb2" startNodeId="BN_11304-168" endNodeId="BN_11304-132" length="20" diameter="3.99914600310291">
		<AppRef name="E3.Series" version="2.13.7.0" guid="84dcab2f-2392-4a44-a4af-030b9be6ecfb"/>
	</HarnessItem>
	<HarnessItem xsi:type="Branch" id="BRANCH_c2-4e-0-4c0eb5" startNodeId="BN_11304-320" endNodeId="BN_11304-168" length="220" diameter="3.99914600310291">
		<AppRef name="E3.Series" version="2.13.7.0" guid="8bfcbd85-8eb3-4b58-bb56-8812cace9d71"/>
		<Option id="OPTION_12" value="AC_G"/>
	</HarnessItem>
	<HarnessItem xsi:type="Branch" id="BRANCH_c2-4e-0-4c0d2e" startNodeId="BN_11248-359" endNodeId="BN_11248-279" length="95" diameter="2.73998695873498">
		<AppRef name="E3.Series" version="2.13.7.0" guid="e93c567d-86a1-4624-ad5b-22615c2844fc"/>
	</HarnessItem>
	<HarnessItem xsi:type="Branch" id="BRANCH_c2-4e-0-4c0fa4" startNodeId="BN_5471_9-334_058" endNodeId="BN_5623_9-254_058" length="55" diameter="3.2">
		<AppRef name="E3.Series" version="2.13.7.0" guid="e4c3738c-a246-4840-a4fe-21469a916d2b"/>
		<Property id="PROPERTY_219" name="ROUTEPATH_1" value="RTE-14401-GRAAP"/>
		<PassedWaypoint id="WP_c2-50-0-4c1377" x="5471.89956477311" y="270.05818694693096">
			<AppRef name="E3.Series" version="2.13.7.0" guid="fac035c4-41f0-4d22-8b0f-0f918b3462be"/>
		</PassedWaypoint>
		<PassedWaypoint id="WP_c2-50-0-4c1379" x="5582.24952640012" y="270.156421789602">
			<AppRef name="E3.Series" version="2.13.7.0" guid="e1229ce1-0780-4bf6-a33b-44a20cceed7f"/>
		</PassedWaypoint>
	</HarnessItem>
	<HarnessItem xsi:type="Branch" id="BRANCH_c2-4e-0-4c0eb6" startNodeId="BN_11400-320" endNodeId="BN_11472-358" length="45" diameter="4.7448741708039">
		<AppRef name="E3.Series" version="2.13.7.0" guid="3669bc09-418e-4ba5-a589-54fc2c7d7af3"/>
		<Option id="OPTION_13" value="AC_B"/>
		<Option id="OPTION_14" value="AC_G"/>
		<PassedWaypoint id="WP_c2-50-0-4c1345" x="11472.2495264001" y="320.156421789602">
			<AppRef name="E3.Series" version="2.13.7.0" guid="33299ea3-cf11-48d1-ba29-291365c9be5e"/>
		</PassedWaypoint>
	</HarnessItem>
	<HarnessItem xsi:type="Branch" id="BRANCH_c2-4e-0-4c0d31" startNodeId="BN_22848-48" endNodeId="BN_22812-48" length="10" diameter="2.89705627484771">
		<AppRef name="E3.Series" version="2.13.7.0" guid="e98a3d4d-450d-4236-912b-a4af3f839bf9"/>
	</HarnessItem>
	<HarnessItem xsi:type="Branch" id="BRANCH_c2-4e-0-4c0ebc" startNodeId="BN_11400-320" endNodeId="BN_11304-320" length="25" diameter="4.7448741708039">
		<AppRef name="E3.Series" version="2.13.7.0" guid="9bc6c6d7-a189-4182-bdab-e12e58cc4625"/>
		<Option id="OPTION_15" value="AC_B"/>
		<Option id="OPTION_16" value="AC_G"/>
	</HarnessItem>
	<HarnessItem xsi:type="Branch" id="BRANCH_c2-4e-0-4c0ebe" startNodeId="BN_16720-264" endNodeId="BN_17064-352" length="70" diameter="2.4">
		<AppRef name="E3.Series" version="2.13.7.0" guid="f75951f4-9642-4dcc-9b9e-e2f639ca286f"/>
		<Option id="OPTION_17" value="HUKAA"/>
		<PassedWaypoint id="WP_c2-50-0-4c135b" x="16720" y="336">
			<AppRef name="E3.Series" version="2.13.7.0" guid="bd0897a3-1a2b-4c3b-8d18-29ba36f96c6a"/>
		</PassedWaypoint>
		<PassedWaypoint id="WP_c2-50-0-4c1349" x="17032" y="336">
			<AppRef name="E3.Series" version="2.13.7.0" guid="fbd4d4ef-c95e-4cfd-add7-4f6f550744c1"/>
		</PassedWaypoint>
	</HarnessItem>
	<HarnessItem xsi:type="Branch" id="BRANCH_c2-4e-0-4c0d34" startNodeId="BN_18344-336" endNodeId="BN_18280-336" length="40" diameter="10.947853449875">
		<AppRef name="E3.Series" version="2.13.7.0" guid="d8d30d78-818e-4809-b581-5f6559ae209c"/>
	</HarnessItem>
	<HarnessItem xsi:type="Branch" id="BRANCH_c2-4e-0-4c0faa" startNodeId="BN_5623_9-254_058" endNodeId="BN_5623_9-190_058" length="50" diameter="3.86274169979695">
		<AppRef name="E3.Series" version="2.13.7.0" guid="56398dec-3e5c-4454-b9b7-ab6e636e5a0a"/>
	</HarnessItem>
	<HarnessItem xsi:type="Branch" id="BRANCH_c2-4e-0-4c0d37" startNodeId="BN_18232-120" endNodeId="BN_18280-336" length="80" diameter="6.4">
		<AppRef name="E3.Series" version="2.13.7.0" guid="814b54d9-f2f2-44f4-a6c5-25f93e89fb7c"/>
		<PassedWaypoint id="WP_c2-50-0-4c12ce" x="18232" y="248">
			<AppRef name="E3.Series" version="2.13.7.0" guid="711b8553-8667-4fc6-870c-7f479b142a9c"/>
		</PassedWaypoint>
	</HarnessItem>
	<HarnessItem xsi:type="Branch" id="BRANCH_c2-4e-0-4c1088" startNodeId="BN_19800-296" endNodeId="BN_19800-256" length="180" diameter="6.89831552860744">
		<AppRef name="E3.Series" version="2.13.7.0" guid="7e4e5e49-6028-4151-817e-fb390fa4a62a"/>
	</HarnessItem>
	<HarnessItem xsi:type="Branch" id="BRANCH_c2-4e-0-4c0ec1" startNodeId="BN_16936-188" endNodeId="BN_17064-352" length="110" diameter="2.73998695873498">
		<AppRef name="E3.Series" version="2.13.7.0" guid="dfb7c228-5127-4330-b30f-af186f80de34"/>
		<Option id="OPTION_18" value="HUKAK"/>
		<Option id="OPTION_19" value="HUKAL"/>
		<Option id="OPTION_20" value="HUKAM"/>
		<Option id="OPTION_21" value="HUKAN"/>
		<PassedWaypoint id="WP_c2-50-0-4c134d" x="16936" y="292">
			<AppRef name="E3.Series" version="2.13.7.0" guid="568185f2-fe3b-480f-b0ba-2103c60696bc"/>
		</PassedWaypoint>
		<PassedWaypoint id="WP_c2-50-0-4c134b" x="17004" y="292">
			<AppRef name="E3.Series" version="2.13.7.0" guid="25ec7b94-76b9-4352-a91d-65bac4e0a7da"/>
		</PassedWaypoint>
	</HarnessItem>
	<HarnessItem xsi:type="Branch" id="BRANCH_c2-4e-0-4c0d3b" startNodeId="BN_16720-264" endNodeId="BN_16720-240" length="20" diameter="2.4">
		<AppRef name="E3.Series" version="2.13.7.0" guid="03502e0e-d2e6-49d5-9b76-e30afa9d590e"/>
	</HarnessItem>
	<HarnessItem xsi:type="Branch" id="BRANCH_c2-4e-0-4c0fad" startNodeId="BN_695_9-226_058" endNodeId="BN_2223_9-390_058" length="60" diameter="9.24290057612764">
		<AppRef name="E3.Series" version="2.13.7.0" guid="28041cb4-2d58-4c76-945f-a0f374e952ac"/>
		<PassedWaypoint id="WP_c2-50-0-4c1300" x="695.899564773109" y="374.058186946931">
			<AppRef name="E3.Series" version="2.13.7.0" guid="8d3c49dd-0b44-4715-8b8f-fb8265e69a2c"/>
		</PassedWaypoint>
		<PassedWaypoint id="WP_c2-50-0-4c12fe" x="2167.8995647731103" y="374.058186946931">
			<AppRef name="E3.Series" version="2.13.12.0" guid="cab58a5a-4f5d-49de-ac61-86ee95c9a33a"/>
		</PassedWaypoint>
	</HarnessItem>
	<HarnessItem xsi:type="Branch" id="BRANCH_c2-4e-0-4c0ec5" startNodeId="BN_16936-188" endNodeId="BN_16936-148" length="15" diameter="2.73998695873498">
		<AppRef name="E3.Series" version="2.13.7.0" guid="e3d7b94a-5407-474e-a362-0273e81ef2e4"/>
	</HarnessItem>
	<HarnessItem xsi:type="Branch" id="BRANCH_c2-4e-0-4c0d3e" startNodeId="BN_3398_25-334_156" endNodeId="BN_3870_25-374_156" length="100" diameter="4.60223012031753">
		<AppRef name="E3.Series" version="2.13.7.0" guid="a3cf57a0-0c28-410b-8a2d-c91ff6e4241c"/>
		<PassedWaypoint id="WP_c2-50-0-4c12d3" x="3710.24952640012" y="334.156421789602">
			<AppRef name="E3.Series" version="2.13.7.0" guid="3b7bc12c-f779-44c6-8971-318a2fc22599"/>
		</PassedWaypoint>
		<PassedWaypoint id="WP_c2-50-0-4c12d2" x="3710.24952640012" y="358.156421789602">
			<AppRef name="E3.Series" version="2.13.7.0" guid="f1ccaf84-a072-4562-b914-51f9c488cb49"/>
		</PassedWaypoint>
		<PassedWaypoint id="WP_c2-50-0-4c12d0" x="3830.24952640012" y="358.156421789602">
			<AppRef name="E3.Series" version="2.13.7.0" guid="080e57e1-a7f7-46c2-bd1e-935ae777dead"/>
		</PassedWaypoint>
	</HarnessItem>
	<HarnessItem xsi:type="Branch" id="BRANCH_c2-4e-0-4c1068" startNodeId="BN_21152-224" endNodeId="BN_21240-384" length="85" diameter="8.73705162761489">
		<AppRef name="E3.Series" version="2.13.7.0" guid="0c3be350-d94c-4587-a3ba-056770db1fdf"/>
		<PassedWaypoint id="WP_c2-50-0-4c13a6" x="21152" y="304">
			<AppRef name="E3.Series" version="2.13.7.0" guid="931a4150-391b-4b02-ab89-2a7740000b2b"/>
		</PassedWaypoint>
		<PassedWaypoint id="WP_c2-50-0-4c13a5" x="21216" y="344">
			<AppRef name="E3.Series" version="2.13.7.0" guid="4bfb21f0-d843-4d5f-aae6-24446b50ab1f"/>
		</PassedWaypoint>
	</HarnessItem>
	<HarnessItem xsi:type="Branch" id="BRANCH_c2-4e-0-4c0ec8" startNodeId="BN_17032-96" endNodeId="BN_17064-352" length="65" diameter="7.32598183048946">
		<AppRef name="E3.Series" version="2.13.7.0" guid="b90348f2-3383-487a-aaf5-ab69e2b7758a"/>
		<Option id="OPTION_22" value="HUKAK"/>
		<Option id="OPTION_23" value="HUKAL"/>
		<Option id="OPTION_24" value="HUKAM"/>
		<Option id="OPTION_25" value="HUKAN"/>
		<PassedWaypoint id="WP_c2-50-0-4c134e" x="17032" y="304">
			<AppRef name="E3.Series" version="2.13.7.0" guid="3230e8b2-9420-4c59-a40d-44e26a3d2400"/>
		</PassedWaypoint>
	</HarnessItem>
	<HarnessItem xsi:type="Branch" id="BRANCH_c2-4e-0-4c0d43" startNodeId="BN_17136-200" endNodeId="BN_17104-200" length="20" diameter="6.8">
		<AppRef name="E3.Series" version="2.13.7.0" guid="46517211-fcbd-4a68-804d-31561c7b01a4"/>
	</HarnessItem>
	<HarnessItem xsi:type="Branch" id="BRANCH_c2-4e-0-4c103f" startNodeId="BN_9407-374" endNodeId="BN_9568_25-248_156" diameter="2.5856406460551">
		<AppRef name="E3.Series" version="2.13.7.0" guid="4b0492ee-2bc9-490f-b6dc-4a3d6d1d2d7e"/>
	</HarnessItem>
	<HarnessItem xsi:type="Branch" id="BRANCH_c2-4e-0-4c0d46" startNodeId="BN_17064-352" endNodeId="BN_17176-352" length="50" diameter="10.2">
		<AppRef name="E3.Series" version="2.13.7.0" guid="f9c3a38e-723a-49ba-bdfd-f48c85cc4729"/>
	</HarnessItem>
	<HarnessItem xsi:type="Branch" id="BRANCH_c2-4e-0-4c0ecc" startNodeId="BN_17032-96" endNodeId="BN_17032-72" length="30" diameter="7.32598183048946">
		<AppRef name="E3.Series" version="2.13.7.0" guid="b95cf955-18d0-4cb4-a86f-f3e6782b9436"/>
	</HarnessItem>
	<HarnessItem xsi:type="Branch" id="BRANCH_c2-4e-0-4c0d49" startNodeId="BN_17176-328" endNodeId="BN_17176-352" diameter="8.20832611206852">
		<AppRef name="E3.Series" version="2.13.7.0" guid="91d7ffff-0642-4a95-8654-50018270c697"/>
	</HarnessItem>
	<HarnessItem xsi:type="Branch" id="BRANCH_c2-4e-0-4c0ecf" startNodeId="BN_17064-352" endNodeId="BN_17104-200" length="65" diameter="6.8">
		<AppRef name="E3.Series" version="2.13.7.0" guid="9d0c4e92-0d05-47fd-98ab-45bb0813382c"/>
		<Option id="OPTION_26" value="HUKAK"/>
		<Option id="OPTION_27" value="HUKAL"/>
		<Option id="OPTION_28" value="HUKAM"/>
		<Option id="OPTION_29" value="HUKAN"/>
		<PassedWaypoint id="WP_c2-50-0-4c1351" x="17064" y="288">
			<AppRef name="E3.Series" version="2.13.7.0" guid="7ff5a98b-4a2c-48ea-9513-4cdf73dff7f8"/>
		</PassedWaypoint>
		<PassedWaypoint id="WP_c2-50-0-4c1353" x="17064" y="200">
			<AppRef name="E3.Series" version="2.13.7.0" guid="6d28bc38-316a-49b5-94a0-d8ecbf3b520a"/>
		</PassedWaypoint>
	</HarnessItem>
	<HarnessItem xsi:type="Branch" id="BRANCH_c2-4e-0-4c0fb1" startNodeId="BN_9568-152" endNodeId="BN_9568-200" length="10" diameter="2.5856406460551">
		<AppRef name="E3.Series" version="2.13.7.0" guid="b0945380-c63b-49f6-831a-125d71f57b56"/>
	</HarnessItem>
	<HarnessItem xsi:type="Branch" id="BRANCH_c2-4e-0-4c0d4e" startNodeId="BN_23304-360" endNodeId="BN_23304-284" length="10" diameter="3.2">
		<AppRef name="E3.Series" version="2.13.7.0" guid="b38bf545-0e47-4118-9c0d-5be4969250ac"/>
	</HarnessItem>
	<HarnessItem xsi:type="Branch" id="BRANCH_c2-4e-0-4c0ed7" startNodeId="BN_1111_9-174_058" endNodeId="BN_2223_9-390_058" length="60" diameter="10.2">
		<AppRef name="E3.Series" version="2.13.7.0" guid="4ffa9c0e-f8e7-4ef3-bfca-2f0334e5c605"/>
		<Option id="OPTION_30" value="HUKAK"/>
		<Option id="OPTION_31" value="HUKAL"/>
		<Option id="OPTION_32" value="HUKAM"/>
		<Option id="OPTION_33" value="HUKAN"/>
		<PassedWaypoint id="WP_c2-50-0-4c1354" x="1111.8995647731101" y="358.058186946931">
			<AppRef name="E3.Series" version="2.13.7.0" guid="ad6a4b56-f74d-4fd1-9230-aa437d9e0ab2"/>
		</PassedWaypoint>
		<PassedWaypoint id="WP_c2-50-0-4c1355" x="2191.8995647731103" y="358.058186946931">
			<AppRef name="E3.Series" version="2.13.7.0" guid="c7c7970a-d51e-4b0d-b043-494dd0864c23"/>
		</PassedWaypoint>
	</HarnessItem>
	<HarnessItem xsi:type="Branch" id="BRANCH_c2-4e-0-4c0edc" startNodeId="BN_4478_25-214_156" endNodeId="BN_4567_9-294_058" length="70" diameter="4.60957082942617">
		<AppRef name="E3.Series" version="2.13.7.0" guid="ca158516-8e44-4d59-bd3b-7803d10aec3d"/>
		<Option id="OPTION_34" value="GPAAW"/>
		<PassedWaypoint id="WP_c2-50-0-4c12f2" x="4478.24952640012" y="278.156421789602">
			<AppRef name="E3.Series" version="2.13.7.0" guid="3c254b89-8a70-4bc9-b8ac-88474cbacd63"/>
		</PassedWaypoint>
		<PassedWaypoint id="WP_c2-50-0-4c12f0" x="4543.89956477311" y="278.05818694693096">
			<AppRef name="E3.Series" version="2.13.7.0" guid="56349f88-1518-4edf-a514-0bc38b043c21"/>
		</PassedWaypoint>
	</HarnessItem>
	<HarnessItem xsi:type="Branch" id="BRANCH_c2-4e-0-4c0d51" startNodeId="BN_7301_9-272_058" endNodeId="BN_7253_9-272_058" length="10" diameter="2.8">
		<AppRef name="E3.Series" version="2.13.7.0" guid="83a55e32-5033-473c-b980-14ec4997b5bb"/>
	</HarnessItem>
	<HarnessItem xsi:type="Branch" id="BRANCH_c2-4e-0-4c0fb4" startNodeId="BN_9407-374" endNodeId="BN_9524-374" length="170" diameter="10.3540204853126">
		<AppRef name="E3.Series" version="2.13.7.0" guid="6a6d45c5-616c-4e11-88ee-b419173cb745"/>
	</HarnessItem>
	<HarnessItem xsi:type="Branch" id="BRANCH_c2-4e-0-4c0ee0" startNodeId="BN_4390_25-238_156" endNodeId="BN_4567_9-294_058" length="70" diameter="5.22938478313988">
		<AppRef name="E3.Series" version="2.13.7.0" guid="5df4705a-457e-4bdb-84ff-d08d9b609916"/>
		<PassedWaypoint id="WP_c2-50-0-4c1359" x="4390.24952640012" y="294.156421789602">
			<AppRef name="E3.Series" version="2.13.7.0" guid="c45212e8-6eb3-4760-8a76-3407f1235acd"/>
		</PassedWaypoint>
	</HarnessItem>
	<HarnessItem xsi:type="Branch" id="BRANCH_c2-4e-0-4c0d54" startNodeId="BN_21712-216" endNodeId="BN_21712-184" length="20" diameter="9.63090336877587">
		<AppRef name="E3.Series" version="2.13.7.0" guid="2fe5cfdd-29e9-43e7-8c3b-5d74d4cdf4fe"/>
	</HarnessItem>
	<HarnessItem xsi:type="Branch" id="BRANCH_c2-4e-0-4c1041" startNodeId="BN_9568_25-248_156" endNodeId="BN_9568-200" length="255" diameter="2.5856406460551">
		<AppRef name="E3.Series" version="2.13.7.0" guid="ea7e6b0d-c19b-4a2d-ab68-c07cef6c5c1c"/>
	</HarnessItem>
	<HarnessItem xsi:type="Branch" id="BRANCH_c2-4e-0-4c0ee1" startNodeId="BN_4390_25-206_156" endNodeId="BN_4390_25-238_156" length="20" diameter="5.22938478313988">
		<AppRef name="E3.Series" version="2.13.7.0" guid="12506f98-818a-4ed1-844f-0c6a1e2b049f"/>
	</HarnessItem>
	<HarnessItem xsi:type="Branch" id="BRANCH_c2-4e-0-4c0d57" startNodeId="BN_21404-220" endNodeId="BN_21712-332" length="55" diameter="8.54861572313175">
		<AppRef name="E3.Series" version="2.13.7.0" guid="136d82bd-0dec-4283-9462-0b6b1fb6dc1b"/>
		<PassedWaypoint id="WP_c2-50-0-4c12d8" x="21404" y="332">
			<AppRef name="E3.Series" version="2.13.7.0" guid="d9668d10-ab49-4bbc-aa95-5d90a1c293ec"/>
		</PassedWaypoint>
	</HarnessItem>
	<HarnessItem xsi:type="Branch" id="BRANCH_c2-4e-0-4c0fb7" startNodeId="BN_11472-358" endNodeId="BN_11558_25-358_156" length="50" diameter="15.6619374891894">
		<AppRef name="E3.Series" version="2.13.7.0" guid="dddab17d-0918-41ca-94bd-f3386afd6ea5"/>
	</HarnessItem>
	<HarnessItem xsi:type="Branch" id="BRANCH_c2-4e-0-4c0d5a" startNodeId="BN_21404-220" endNodeId="BN_21404-188" length="20" diameter="8.54861572313175">
		<AppRef name="E3.Series" version="2.13.7.0" guid="417b8907-523c-416d-a8b7-89d0c569ed51"/>
	</HarnessItem>
	<HarnessItem xsi:type="Branch" id="BRANCH_c2-4e-0-4c0ee4" startNodeId="BN_11136-308" endNodeId="BN_11136-359" length="60" diameter="3.2">
		<AppRef name="E3.Series" version="2.13.7.0" guid="1df4df49-c0e3-4c69-93b6-e783cadddc45"/>
	</HarnessItem>
	<HarnessItem xsi:type="Branch" id="BRANCH_c2-4e-0-4c0d5d" startNodeId="BN_21968-332" endNodeId="BN_21712-332" length="25" diameter="12.9173194304207">
		<AppRef name="E3.Series" version="2.13.7.0" guid="e9197453-3494-4697-a2b7-82fd793656dc"/>
	</HarnessItem>
	<HarnessItem xsi:type="Branch" id="BRANCH_c2-4e-0-4c0fba" startNodeId="BN_8520-376" endNodeId="BN_8520-272" length="125" diameter="3.96571784515498">
		<AppRef name="E3.Series" version="2.13.7.0" guid="256f84d5-680a-4035-9ab4-4481d9601e84"/>
	</HarnessItem>
	<HarnessItem xsi:type="Branch" id="BRANCH_c2-4e-0-4c0ee8" startNodeId="BN_10976-92" endNodeId="BN_10976-116" length="10" diameter="2.8">
		<AppRef name="E3.Series" version="2.13.7.0" guid="fca57636-4fed-4d56-85fb-f7d3df908f3c"/>
	</HarnessItem>
	<HarnessItem xsi:type="Branch" id="BRANCH_c2-4e-0-4c0d60" startNodeId="BN_22028-256" endNodeId="BN_22052-256" length="20" diameter="9.48803316030836">
		<AppRef name="E3.Series" version="2.13.7.0" guid="dc2249a5-b0b6-4daa-b514-a33a4114c622"/>
	</HarnessItem>
	<HarnessItem xsi:type="Branch" id="BRANCH_c2-4e-0-4c0fbd" startNodeId="BN_8352_25-185_156" endNodeId="BN_8520-376" length="170" diameter="3.2415619400449">
		<AppRef name="E3.Series" version="2.13.7.0" guid="694ebf8f-2864-41b6-bfe7-cac1bd57981e"/>
		<PassedWaypoint id="WP_c2-50-0-4c137f" x="8352" y="240">
			<AppRef name="E3.Series" version="2.13.7.0" guid="cf68f2e1-9c05-490d-97ce-cc62e4af3a67"/>
		</PassedWaypoint>
		<PassedWaypoint id="WP_c2-50-0-4c137d" x="8432" y="264">
			<AppRef name="E3.Series" version="2.13.7.0" guid="c2487e87-9b23-45e3-a061-c2de16028043"/>
		</PassedWaypoint>
	</HarnessItem>
	<HarnessItem xsi:type="Branch" id="BRANCH_c2-4e-0-4c0eeb" startNodeId="BN_16568_25-152_156" endNodeId="BN_17064-352" length="80" diameter="4.2">
		<AppRef name="E3.Series" version="2.13.7.0" guid="987e789f-4635-409a-9073-f4b1d05d3196"/>
		<PassedWaypoint id="WP_c2-50-0-4c135c" x="16568.249526400097" y="352.156421789602">
			<AppRef name="E3.Series" version="2.13.7.0" guid="60710abe-98ca-4529-96a5-8656781fe9ad"/>
		</PassedWaypoint>
	</HarnessItem>
	<HarnessItem xsi:type="Branch" id="BRANCH_c2-4e-0-4c0d63" startNodeId="BN_22204-208" endNodeId="BN_22204-180" length="20" diameter="9.84220671499166">
		<AppRef name="E3.Series" version="2.13.7.0" guid="7c0291c0-e888-4b41-a14c-1672cb2b9aae"/>
	</HarnessItem>
	<HarnessItem xsi:type="Branch" id="BRANCH_c2-4e-0-4c0fc2" startNodeId="BN_8520-376" endNodeId="BN_9151_9-374_058" length="20" diameter="6.79056885948013">
		<AppRef name="E3.Series" version="2.13.7.0" guid="f4d0e233-071c-4041-a617-d1dc6eef5bd0"/>
	</HarnessItem>
	<HarnessItem xsi:type="Branch" id="BRANCH_c2-4e-0-4c0eee" startNodeId="BN_16568_25-152_156" endNodeId="BN_16568_25-124_156" length="15" diameter="4.2">
		<AppRef name="E3.Series" version="2.13.7.0" guid="70f2f99b-e185-4a34-8e9d-47cee3a98838"/>
	</HarnessItem>
	<HarnessItem xsi:type="Branch" id="BRANCH_c2-4e-0-4c0d66" startNodeId="BN_22204-304" endNodeId="BN_21996-304" length="120" diameter="15.6644068701337">
		<AppRef name="E3.Series" version="2.13.7.0" guid="3d8e0e7c-b2c9-46cd-a9a3-9e771c05978c"/>
	</HarnessItem>
	<HarnessItem xsi:type="Branch" id="BRANCH_c2-4e-0-4c1087" startNodeId="BN_21216-264" endNodeId="BN_21248-192" length="80" diameter="16.4344729843412">
		<AppRef name="E3.Series" version="2.13.7.0" guid="2d530578-5eaa-471e-af7f-6da146c2ec2a"/>
		<PassedWaypoint id="WP_c2-50-0-4c13b4" x="21232.349961627002" y="264.098234842671">
			<AppRef name="E3.Series" version="2.13.7.0" guid="fea7fda5-24e5-41e2-b78c-5b1ff35cadce"/>
		</PassedWaypoint>
	</HarnessItem>
	<HarnessItem xsi:type="Branch" id="BRANCH_c2-4e-0-4c0fc5" startNodeId="BN_6734_25-182_156" endNodeId="BN_6806_25-210_156" length="75" diameter="19.2556335852425">
		<AppRef name="E3.Series" version="2.13.7.0" guid="4ff4ecbc-50e8-48b4-b682-01cbe79eebe0"/>
	</HarnessItem>
	<HarnessItem xsi:type="Branch" id="BRANCH_c2-4e-0-4c0d75" startNodeId="BN_8976-264" endNodeId="BN_9270_25-326_156" length="35" diameter="2.1">
		<AppRef name="E3.Series" version="2.13.7.0" guid="fa587d94-612c-409d-a6a4-3e29771195b0"/>
		<PassedWaypoint id="WP_c2-50-0-4c12e6" x="8975.89956477311" y="326.05818694693096">
			<AppRef name="E3.Series" version="2.13.7.0" guid="cc542dcc-57cf-4efe-9750-d7dd0889e085"/>
		</PassedWaypoint>
	</HarnessItem>
	<HarnessItem xsi:type="Branch" id="BRANCH_c2-4e-0-4c0ef6" startNodeId="BN_22736-112" endNodeId="BN_22712-112" length="10" diameter="3.2">
		<AppRef name="E3.Series" version="2.13.7.0" guid="f0857f01-5489-4bd7-b039-5898860d0a6f"/>
	</HarnessItem>
	<HarnessItem xsi:type="Branch" id="BRANCH_c2-4e-0-4c0d7c" startNodeId="BN_9407-374" endNodeId="BN_9151_9-374_058" length="20" diameter="6.79056885948013">
		<AppRef name="E3.Series" version="2.13.7.0" guid="effbde8a-8e07-4f45-b4f6-3dd4715bcab3"/>
	</HarnessItem>
	<HarnessItem xsi:type="Branch" id="BRANCH_c2-4e-0-4c0ef9" startNodeId="BN_23072-176" endNodeId="BN_23104-184" length="35" diameter="18.0864581854816">
		<AppRef name="E3.Series" version="2.13.7.0" guid="d8799d8b-7a3c-4983-b081-6a1b1b7ddc8d"/>
	</HarnessItem>
	<HarnessItem xsi:type="Branch" id="BRANCH_c2-4e-0-4c1044" startNodeId="BN_9407-374" endNodeId="BN_9422_25-326_156" diameter="4.83552231613942">
		<AppRef name="E3.Series" version="2.13.7.0" guid="6f2b8091-82a4-4dbe-98ae-468983af4c9b"/>
	</HarnessItem>
	<HarnessItem xsi:type="Branch" id="BRANCH_c2-4e-0-4c0d7f" startNodeId="BN_9256-216" endNodeId="BN_9256-192" length="20" diameter="4.83552231613942">
		<AppRef name="E3.Series" version="2.13.7.0" guid="7267c3d3-af4f-49c9-ac40-5e6b06dd50ad"/>
	</HarnessItem>
	<HarnessItem xsi:type="Branch" id="BRANCH_c2-4e-0-4c0efe" startNodeId="BN_23664-384" endNodeId="BN_23840-384" length="45" diameter="12.3475232875206">
		<AppRef name="E3.Series" version="2.13.7.0" guid="f2460127-968d-4b53-a9ac-30c1f3e6f3d5"/>
	</HarnessItem>
	<HarnessItem xsi:type="Branch" id="BRANCH_c2-4e-0-4c0fc8" startNodeId="BN_6966_25-182_156" endNodeId="BN_7014_25-158_156" length="50" diameter="21.5816605018348">
		<AppRef name="E3.Series" version="2.13.7.0" guid="7d741c33-a01e-4e6b-8061-b08cd27aa680"/>
	</HarnessItem>
	<HarnessItem xsi:type="Branch" id="BRANCH_c2-4e-0-4c0d82" startNodeId="BN_8352_25-185_156" endNodeId="BN_8352_25-141_156" length="10" diameter="3.2415619400449">
		<AppRef name="E3.Series" version="2.13.7.0" guid="dbfbae4f-d02e-420d-909f-2e8d5638fb38"/>
	</HarnessItem>
	<HarnessItem xsi:type="Branch" id="BRANCH_c2-4e-0-4c0f01" startNodeId="BN_23840-264" endNodeId="BN_23840-236" length="30" diameter="8.340385226132">
		<AppRef name="E3.Series" version="2.13.7.0" guid="5b096b36-3c63-4b4b-b9e2-3088676a6eaf"/>
	</HarnessItem>
	<HarnessItem xsi:type="Branch" id="BRANCH_c2-4e-0-4c0fcb" startNodeId="BN_8407_9-390_058" endNodeId="BN_12720-392" length="40" diameter="22.1983385387118">
		<AppRef name="E3.Series" version="2.13.7.0" guid="bb5b0f83-9d62-4848-8ab1-cfe8bdcb2c74"/>
	</HarnessItem>
	<HarnessItem xsi:type="Branch" id="BRANCH_c2-4e-0-4c0d85" startNodeId="BN_7258_25-62_156" endNodeId="BN_7290_25-62_156" length="10" diameter="2.89705627484771">
		<AppRef name="E3.Series" version="2.13.7.0" guid="8409e04e-6e44-4c52-be5c-3bdd07245a3a"/>
	</HarnessItem>
	<HarnessItem xsi:type="Branch" id="BRANCH_c2-4e-0-4c0fce" startNodeId="BN_6806_25-210_156" endNodeId="BN_6862_25-222_156" length="50" diameter="21.4886026599805">
		<AppRef name="E3.Series" version="2.13.7.0" guid="fb039c91-87ee-4811-be1d-5cc6b4ba9c9f"/>
	</HarnessItem>
	<HarnessItem xsi:type="Branch" id="BRANCH_c2-4e-0-4c0f05" startNodeId="BN_24512-304" endNodeId="BN_24512-276" length="40" diameter="9.42774657963357">
		<AppRef name="E3.Series" version="2.13.7.0" guid="eba48f31-f742-4b9d-b8a0-42fa68186265"/>
	</HarnessItem>
	<HarnessItem xsi:type="Branch" id="BRANCH_c2-4e-0-4c0d88" startNodeId="BN_7038_25-150_156" endNodeId="BN_7639_9-150_058" length="40" diameter="21.3536330028586">
		<AppRef name="E3.Series" version="2.13.7.0" guid="5df2636d-a4a3-4ca7-8369-dd0f0786376c"/>
		<PassedWaypoint id="WP_c2-50-0-4c138f" x="7454.2495264001209" y="150.156421789602">
			<AppRef name="E3.Series" version="2.13.7.0" guid="bfc79aff-c388-4a70-8996-4db1b73a2180"/>
		</PassedWaypoint>
		<PassedWaypoint id="WP_c2-50-0-4c12ea" x="7495.8995647731108" y="150.05818694693102">
			<AppRef name="E3.Series" version="2.13.7.0" guid="8c631204-0212-4cea-bbb3-adcc4bd04ae6"/>
		</PassedWaypoint>
	</HarnessItem>
	<HarnessItem xsi:type="Branch" id="BRANCH_c2-4e-0-4c1083" startNodeId="BN_19800-296" endNodeId="BN_21248-192" length="20" diameter="16.4344729843412">
		<AppRef name="E3.Series" version="2.13.7.0" guid="6b5b012c-91ed-487c-8077-cb13d1285fbc"/>
		<PassedWaypoint id="WP_c2-50-0-4c135f" x="19856" y="296">
			<AppRef name="E3.Series" version="2.13.7.0" guid="d06dfb44-d7a5-4597-919f-df247df5fb6b"/>
		</PassedWaypoint>
		<PassedWaypoint id="WP_c2-50-0-4c13b1" x="19856" y="25">
			<AppRef name="E3.Series" version="2.13.7.0" guid="f838af2e-d3d0-4459-af07-686b21a7c671"/>
		</PassedWaypoint>
		<PassedWaypoint id="WP_c2-50-0-4c13b2" x="21232" y="25">
			<AppRef name="E3.Series" version="2.13.7.0" guid="44b371d6-7ff8-4ed8-b2cf-23926df36ae8"/>
		</PassedWaypoint>
	</HarnessItem>
	<HarnessItem xsi:type="Branch" id="BRANCH_c2-4e-0-4c0fd1" startNodeId="BN_13261_9-390_058" endNodeId="BN_16376-392" length="30" diameter="26.2813475174989">
		<AppRef name="E3.Series" version="2.13.7.0" guid="8209108c-b9a8-43b6-b0bd-831ae0b75960"/>
	</HarnessItem>
	<HarnessItem xsi:type="Branch" id="BRANCH_c2-4e-0-4c0d8b" startNodeId="BN_6446_25-78_156" endNodeId="BN_6402_25-78_156" length="10" diameter="2.89705627484771">
		<AppRef name="E3.Series" version="2.13.7.0" guid="c217098e-57d2-42e7-a428-a01094bd2a22"/>
	</HarnessItem>
	<HarnessItem xsi:type="Branch" id="BRANCH_c2-4e-0-4c0f08" startNodeId="BN_22408-360" endNodeId="BN_22372-360" length="20" diameter="4.2">
		<AppRef name="E3.Series" version="2.13.7.0" guid="baab924b-dcd8-42c1-855b-4e94165225f0"/>
	</HarnessItem>
	<HarnessItem xsi:type="Branch" id="BRANCH_c2-4e-0-4c1046" startNodeId="BN_9422_25-326_156" endNodeId="BN_9422_25-262_156" length="80" diameter="4.83552231613942">
		<AppRef name="E3.Series" version="2.13.7.0" guid="9bb5dfed-c6c9-470e-aa20-f3300d44188b"/>
	</HarnessItem>
	<HarnessItem xsi:type="Branch" id="BRANCH_c2-4e-0-4c0d8f" startNodeId="BN_5623_9-190_058" endNodeId="BN_5623_9-162_058" length="10" diameter="3.86274169979695">
		<AppRef name="E3.Series" version="2.13.7.0" guid="7978d59b-3883-42b9-9c54-c5e82ee7a5d5"/>
	</HarnessItem>
	<HarnessItem xsi:type="Branch" id="BRANCH_c2-4e-0-4c0f0b" startNodeId="BN_20596-224" endNodeId="BN_20576-224" length="20" diameter="6.83427328059648">
		<AppRef name="E3.Series" version="2.13.7.0" guid="b67b8e9f-91e9-4c4b-974a-dfff8cefc65a"/>
	</HarnessItem>
	<HarnessItem xsi:type="Branch" id="BRANCH_c2-4e-0-4c0fd4" startNodeId="BN_16352-384" endNodeId="BN_16376-392" length="50" diameter="3.6">
		<AppRef name="E3.Series" version="2.13.7.0" guid="340b5980-4c2e-47bd-a664-41fe46303916"/>
		<PassedWaypoint id="WP_c2-50-0-4c1380" x="16368" y="384">
			<AppRef name="E3.Series" version="2.13.7.0" guid="a6885f52-d16f-4fdf-a3bb-99c2f837ce23"/>
		</PassedWaypoint>
	</HarnessItem>
	<HarnessItem xsi:type="Branch" id="BRANCH_c2-4e-0-4c0d92" startNodeId="BN_5263_9-230_058" endNodeId="BN_5263_9-334_058" length="35" diameter="4.7085652801957">
		<AppRef name="E3.Series" version="2.13.7.0" guid="6990bf28-db8c-4937-9238-8da8c919afff"/>
	</HarnessItem>
	<HarnessItem xsi:type="Branch" id="BRANCH_c2-4e-0-4c106f" startNodeId="BN_21216-264" endNodeId="BN_21232-312" length="60" diameter="24.817745969447">
		<AppRef name="E3.Series" version="2.13.7.0" guid="39f0372a-b3d4-471d-94c6-8f4c10f1fde1"/>
	</HarnessItem>
	<HarnessItem xsi:type="Branch" id="BRANCH_c2-4e-0-4c0f0e" startNodeId="BN_21116-320" endNodeId="BN_21072-320" length="45" diameter="6.74893309168934">
		<AppRef name="E3.Series" version="2.13.7.0" guid="9d9ba071-91ed-4bfd-bad0-e2f199d1f604"/>
	</HarnessItem>
	<HarnessItem xsi:type="Branch" id="BRANCH_c2-4e-0-4c0d95" startNodeId="BN_5591_9-334_058" endNodeId="BN_5623_9-334_058" length="5" diameter="12.1427217309912">
		<AppRef name="E3.Series" version="2.13.17.0" guid="9fbe2547-ee48-4164-a39e-fe86b390251d"/>
	</HarnessItem>
	<HarnessItem xsi:type="Branch" id="BRANCH_c2-4e-0-4c0fd8" startNodeId="BN_16376-392" endNodeId="BN_16400-384" length="50" diameter="3.6">
		<AppRef name="E3.Series" version="2.13.7.0" guid="ad2ecd77-0966-4561-8ae2-3e7399e790e7"/>
		<PassedWaypoint id="WP_c2-50-0-4c1382" x="16384" y="384">
			<AppRef name="E3.Series" version="2.13.7.0" guid="4284b2a5-11a2-4629-a9e5-097c21aeac15"/>
		</PassedWaypoint>
	</HarnessItem>
	<HarnessItem xsi:type="Branch" id="BRANCH_c2-4e-0-4c0fdc" startNodeId="BN_23544-384" endNodeId="BN_23664-384" length="95" diameter="12.3475232875206">
		<AppRef name="E3.Series" version="2.13.7.0" guid="61a57412-5da8-4cdd-941b-ff9f30f4b627"/>
	</HarnessItem>
	<HarnessItem xsi:type="Branch" id="BRANCH_c2-4e-0-4c0d98" startNodeId="BN_5135_9-278_058" endNodeId="BN_5135_9-222_058" length="15" diameter="3.2">
		<AppRef name="E3.Series" version="2.13.7.0" guid="15d80123-049c-4697-bd29-962a60c48f70"/>
	</HarnessItem>
	<HarnessItem xsi:type="Branch" id="BRANCH_c2-4e-0-4c0f12" startNodeId="BN_20180-60" endNodeId="BN_20144-60" length="25" diameter="8.7921705006719">
		<AppRef name="E3.Series" version="2.13.7.0" guid="717c6ec0-0a90-43bb-b0e2-4d8e7d7daa72"/>
	</HarnessItem>
	<HarnessItem xsi:type="Branch" id="BRANCH_c2-4e-0-4c0d9b" startNodeId="BN_5199_9-334_058" endNodeId="BN_5263_9-334_058" length="110" diameter="11.00877646925">
		<AppRef name="E3.Series" version="2.13.7.0" guid="b6d4c7e7-ccdc-4bb8-80cd-726d1fcef880"/>
	</HarnessItem>
	<HarnessItem xsi:type="Branch" id="BRANCH_c2-4e-0-4c0fdf" startNodeId="BN_23304-360" endNodeId="BN_23224-360" length="120" diameter="3.2">
		<AppRef name="E3.Series" version="2.13.7.0" guid="a4c98b13-83e1-4fc0-8642-582986b5ab7a"/>
	</HarnessItem>
	<HarnessItem xsi:type="Branch" id="BRANCH_c2-4e-0-4c0d9e" startNodeId="BN_4783_9-214_058" endNodeId="BN_5199_9-334_058" length="40" diameter="3.6">
		<AppRef name="E3.Series" version="2.13.7.0" guid="fbff63e8-5878-4cc2-8187-91cc3e4184e1"/>
		<Option id="OPTION_1" value="GPAAW"/>
		<PassedWaypoint id="WP_c2-50-0-4c12ef" x="4783.89956477311" y="318.05818694693096">
			<AppRef name="E3.Series" version="2.13.7.0" guid="e22eceeb-7f4d-436e-a914-0bdd48c67079"/>
		</PassedWaypoint>
		<PassedWaypoint id="WP_c2-50-0-4c12ed" x="5039.89956477311" y="318.05818694693096">
			<AppRef name="E3.Series" version="2.13.7.0" guid="80d34a5c-e7d2-42b3-a9e6-189f8fc4b4dc"/>
		</PassedWaypoint>
	</HarnessItem>
	<HarnessItem xsi:type="Branch" id="BRANCH_c2-4e-0-4c0fe2" startNodeId="BN_21996-304" endNodeId="BN_21968-332" length="25" diameter="12.9173194304207">
		<AppRef name="E3.Series" version="2.13.7.0" guid="036338cb-9c1a-41d4-b1c1-46bab3679884"/>
	</HarnessItem>
	<HarnessItem xsi:type="Branch" id="BRANCH_c2-4e-0-4c0f18" startNodeId="BN_19512-296" endNodeId="BN_19656-296" length="60" diameter="15.2448699562608">
		<AppRef name="E3.Series" version="2.13.7.0" guid="4596eaf9-340f-4d9e-aaaa-2cc015772ee6"/>
		<PassedWaypoint id="WP_c2-50-0-4c12c8" x="19560" y="296">
			<AppRef name="E3.Series" version="2.13.7.0" guid="2bda402d-7d46-4152-a497-19f873f5aba7"/>
		</PassedWaypoint>
	</HarnessItem>
	<HarnessItem xsi:type="Branch" id="BRANCH_c2-4e-0-4c0da2" startNodeId="BN_4919_9-254_058" endNodeId="BN_4919_9-222_058" length="20" diameter="3.6">
		<AppRef name="E3.Series" version="2.13.7.0" guid="bb68869a-6ec7-43bb-ab50-ffac9d3ec418"/>
	</HarnessItem>
	<HarnessItem xsi:type="Branch" id="BRANCH_c2-4e-0-4c0fe5" startNodeId="BN_22408-360" endNodeId="BN_22496-360" length="120" diameter="4.2">
		<AppRef name="E3.Series" version="2.13.7.0" guid="5eea280e-5a04-413c-937e-5967829279d8"/>
	</HarnessItem>
	<HarnessItem xsi:type="Branch" id="BRANCH_c2-4e-0-4c0da5" startNodeId="BN_4783_9-214_058" endNodeId="BN_4783_9-170_058" length="20" diameter="3.6">
		<AppRef name="E3.Series" version="2.13.7.0" guid="0f1c3d45-d853-4056-a2e6-3342e5fe7822"/>
	</HarnessItem>
	<HarnessItem xsi:type="Branch" id="BRANCH_c2-4e-0-4c0fe8" startNodeId="BN_16376-392" endNodeId="BN_19692-384" length="50" diameter="26.2813475174989">
		<AppRef name="E3.Series" version="2.13.7.0" guid="a0eba4ac-0234-4c61-8a16-85bb51e9ef09"/>
		<PassedWaypoint id="WP_c2-50-0-4c1384" x="19440" y="392">
			<AppRef name="E3.Series" version="2.13.7.0" guid="88a7edc7-6eb9-498a-b160-21c69b0ece6b"/>
		</PassedWaypoint>
		<PassedWaypoint id="WP_c2-50-0-4c138a" x="19456" y="384">
			<AppRef name="E3.Series" version="2.13.7.0" guid="9170f2c8-f5ab-48ad-bb14-d2124f3bcef0"/>
		</PassedWaypoint>
	</HarnessItem>
	<HarnessItem xsi:type="Branch" id="BRANCH_c2-4e-0-4c0f19" startNodeId="BN_19800-256" endNodeId="BN_19800-232" length="40" diameter="6.89831552860744">
		<AppRef name="E3.Series" version="2.13.7.0" guid="a508d855-4ae6-4661-b9e8-48daf18399c8"/>
	</HarnessItem>
	<HarnessItem xsi:type="Branch" id="BRANCH_c2-4e-0-4c0da8" startNodeId="BN_4567_9-230_058" endNodeId="BN_4567_9-178_058" length="20" diameter="7.4">
		<AppRef name="E3.Series" version="2.13.7.0" guid="eff8ece4-adf0-4e97-8bae-f305518edc5a"/>
	</HarnessItem>
	<HarnessItem xsi:type="Branch" id="BRANCH_c2-4e-0-4c0fef" startNodeId="BN_18520-336" endNodeId="BN_18344-336" length="50" diameter="10.947853449875">
		<AppRef name="E3.Series" version="2.13.7.0" guid="537883f6-95f0-444d-9498-a4840a150723"/>
	</HarnessItem>
	<HarnessItem xsi:type="Branch" id="BRANCH_c2-4e-0-4c0f1c" startNodeId="BN_18448-216" endNodeId="BN_18448-168" length="20" diameter="11.5485398268162">
		<AppRef name="E3.Series" version="2.13.7.0" guid="5de55201-d233-45fa-befe-6b98f3f42d47"/>
	</HarnessItem>
	<HarnessItem xsi:type="Branch" id="BRANCH_c2-4e-0-4c0dae" startNodeId="BN_4478_25-214_156" endNodeId="BN_4478_25-182_156" length="20" diameter="4.60957082942617">
		<AppRef name="E3.Series" version="2.13.7.0" guid="b3ee24e4-a8e3-48fa-8b3f-311858014dfc"/>
	</HarnessItem>
	<HarnessItem xsi:type="Branch" id="BRANCH_c2-4e-0-4c1049" startNodeId="BN_9422_25-262_156" endNodeId="BN_9256_25-262_156" length="100" diameter="4.83552231613942">
		<AppRef name="E3.Series" version="2.13.7.0" guid="fd81b306-0fad-4265-affa-1cf3d20ea7dc"/>
	</HarnessItem>
	<HarnessItem xsi:type="Branch" id="BRANCH_c2-4e-0-4c0db1" startNodeId="BN_4632-294" endNodeId="BN_5199_9-334_058" length="40" diameter="9.31765211050253">
		<AppRef name="E3.Series" version="2.13.12.0" guid="a1c118e4-4283-4f21-898a-3ffa6affe1fa"/>
		<Option id="OPTION_5" value="GPAAW"/>
		<PassedWaypoint id="WP_c2-50-0-4c12f4" x="4631.89956477311" y="334.058186946931">
			<AppRef name="E3.Series" version="2.13.7.0" guid="ed97263e-3ac1-468b-9c0c-70e565e39492"/>
		</PassedWaypoint>
	</HarnessItem>
	<HarnessItem xsi:type="Branch" id="BRANCH_c2-4e-0-4c0f1f" startNodeId="BN_18072-336" endNodeId="BN_17896-336" length="95" diameter="9.7631560390515">
		<AppRef name="E3.Series" version="2.13.7.0" guid="0d2bdedb-c0f8-406c-9537-8c9a2868cbb4"/>
	</HarnessItem>
	<HarnessItem xsi:type="Branch" id="BRANCH_c2-4e-0-4c0db4" startNodeId="BN_7197_9-272_058" endNodeId="BN_7253_9-272_058" length="100" diameter="2.8">
		<AppRef name="E3.Series" version="2.13.7.0" guid="8993d32a-94e0-40b9-ad15-ba2868c33ac0"/>
	</HarnessItem>
	<HarnessItem xsi:type="Branch" id="BRANCH_c2-4e-0-4c0ff2" startNodeId="BN_18280-336" endNodeId="BN_18216-336_1" length="120" diameter="9.7631560390515">
		<AppRef name="E3.Series" version="2.13.7.0" guid="1426222c-4d11-42c7-b3f8-fea53efea014"/>
	</HarnessItem>
	<HarnessItem xsi:type="Branch" id="BRANCH_c2-4e-0-4c0f20" startNodeId="BN_17896-264" endNodeId="BN_17896-236" length="35" diameter="9.7631560390515">
		<AppRef name="E3.Series" version="2.13.7.0" guid="1a33bc27-9c04-493d-950d-233a73f8bf09"/>
	</HarnessItem>
	<HarnessItem xsi:type="Branch" id="BRANCH_c2-4e-0-4c0db8" startNodeId="BN_3870_25-230_156" endNodeId="BN_3870_25-198_156" length="25" diameter="3.96571784515498">
		<AppRef name="E3.Series" version="2.13.7.0" guid="15525a71-604b-499f-ae22-fcd49023af99"/>
	</HarnessItem>
	<HarnessItem xsi:type="Branch" id="BRANCH_c2-4e-0-4c0f26" startNodeId="BN_17720-368" endNodeId="BN_17720-304" length="115" diameter="7.98263213507259">
		<AppRef name="E3.Series" version="2.13.7.0" guid="4331fd9e-09d5-4f12-9a3e-0849ab4cfa46"/>
	</HarnessItem>
	<HarnessItem xsi:type="Branch" id="BRANCH_c2-4e-0-4c0dbb" startNodeId="BN_3734_25-230_156" endNodeId="BN_3870_25-374_156" length="145" diameter="4.32602692211231">
		<AppRef name="E3.Series" version="2.13.7.0" guid="332247bc-e488-43be-9a30-d4431c9a85c5"/>
		<Option id="OPTION_6" value="BB7AC"/>
		<Option id="OPTION_7" value="BB7AD"/>
		<PassedWaypoint id="WP_c2-50-0-4c12f9" x="3734.24952640012" y="342.156421789602">
			<AppRef name="E3.Series" version="2.13.7.0" guid="2258d34f-c8b2-49c9-bd1f-b3f9891e5e34"/>
		</PassedWaypoint>
		<PassedWaypoint id="WP_c2-50-0-4c12f7" x="3846.24952640012" y="342.156421789602">
			<AppRef name="E3.Series" version="2.13.7.0" guid="c99aea69-6653-4af7-b2e6-22308a94bd69"/>
		</PassedWaypoint>
	</HarnessItem>
	<HarnessItem xsi:type="Branch" id="BRANCH_c2-4e-0-4c0ff5" startNodeId="BN_18216-336_1" endNodeId="BN_18072-336" length="170" diameter="9.7631560390515">
		<AppRef name="E3.Series" version="2.13.7.0" guid="a7321e77-0172-4cde-9583-f085078d51e3"/>
	</HarnessItem>
	<HarnessItem xsi:type="Branch" id="BRANCH_c2-4e-0-4c0dbf" startNodeId="BN_3734_25-230_156" endNodeId="BN_3734_25-198_156" length="15" diameter="4.32602692211231">
		<AppRef name="E3.Series" version="2.13.7.0" guid="047269e8-7220-40f0-8c4c-1344182612e9"/>
	</HarnessItem>
	<HarnessItem xsi:type="Branch" id="BRANCH_c2-4e-0-4c0f29" startNodeId="BN_17720-192" endNodeId="BN_17720-304" length="60" diameter="7.91420106496091">
		<AppRef name="E3.Series" version="2.13.7.0" guid="4d6be6bf-cc21-429e-9411-a0d0bca3492b"/>
		<PassedWaypoint id="WP_c2-50-0-4c130e" x="17720" y="248">
			<AppRef name="E3.Series" version="2.13.7.0" guid="8aa6e1ba-ad62-4f65-98fb-90e1e538369b"/>
		</PassedWaypoint>
	</HarnessItem>
	<HarnessItem xsi:type="Branch" id="BRANCH_c2-4e-0-4c0dc5" startNodeId="BN_3374_25-374_156" endNodeId="BN_3870_25-374_156" length="130" diameter="5.57943250395319">
		<AppRef name="E3.Series" version="2.13.7.0" guid="dd5c7fcc-6b64-4036-8826-38c808ed3253"/>
	</HarnessItem>
	<HarnessItem xsi:type="Branch" id="BRANCH_c2-4e-0-4c104c" startNodeId="BN_9256_25-262_156" endNodeId="BN_9256-216" diameter="4.83552231613942">
		<AppRef name="E3.Series" version="2.13.7.0" guid="39435791-fc9f-448f-941d-8a61bb7b5f89"/>
	</HarnessItem>
	<HarnessItem xsi:type="Branch" id="BRANCH_c2-4e-0-4c0f2a" startNodeId="BN_17720-192" endNodeId="BN_17720-164" length="35" diameter="7.91420106496091">
		<AppRef name="E3.Series" version="2.13.7.0" guid="a0d6da49-c35d-4bf0-af6d-9fa68922acbd"/>
	</HarnessItem>
	<HarnessItem xsi:type="Branch" id="BRANCH_c2-4e-0-4c0dc8" startNodeId="BN_3127_9-222_058" endNodeId="BN_3127_9-190_058" length="20" diameter="3.6">
		<AppRef name="E3.Series" version="2.13.7.0" guid="2ebeaadd-6763-4cbd-82d8-ba7c57bd27d4"/>
	</HarnessItem>
	<HarnessItem xsi:type="Branch" id="BRANCH_c2-4e-0-4c0f30" startNodeId="BN_17176-352" endNodeId="BN_17720-368" length="60" diameter="10.2">
		<AppRef name="E3.Series" version="2.13.7.0" guid="32306cfd-d44e-4af8-a894-985a1c96adff"/>
		<Option id="OPTION_38" value="HUKAA"/>
		<Option id="OPTION_39" value="HUKAJ"/>
		<Option id="OPTION_40" value="HUKAL"/>
		<Option id="OPTION_41" value="HUKAM"/>
		<Option id="OPTION_42" value="HUKAN"/>
		<PassedWaypoint id="WP_c2-50-0-4c1364" x="17688" y="352">
			<AppRef name="E3.Series" version="2.13.7.0" guid="686cb585-d81a-451d-9666-33f32af6d8f2"/>
		</PassedWaypoint>
	</HarnessItem>
	<HarnessItem xsi:type="Branch" id="BRANCH_c2-4e-0-4c0ff9" startNodeId="BN_16228-368" endNodeId="BN_16496-368" length="55" diameter="14.0577281322861">
		<AppRef name="E3.Series" version="2.13.7.0" guid="ed358a39-0568-4ab5-81ab-1ecb5a798586"/>
	</HarnessItem>
	<HarnessItem xsi:type="Branch" id="BRANCH_c2-4e-0-4c0dcb" startNodeId="BN_2863_9-229_058" endNodeId="BN_3127_9-374_058" length="120" diameter="3.90331323875324">
		<AppRef name="E3.Series" version="2.13.7.0" guid="6b02f1e4-8b67-4509-b0c2-59099ce57be6"/>
		<PassedWaypoint id="WP_c2-50-0-4c12fc" x="2863.8995647731103" y="374.058186946931">
			<AppRef name="E3.Series" version="2.13.7.0" guid="c724478f-f93a-463e-bc2e-b2003756a594"/>
		</PassedWaypoint>
	</HarnessItem>
	<HarnessItem xsi:type="Branch" id="BRANCH_c2-4e-0-4c0ffc" startNodeId="BN_16496-368" endNodeId="BN_16496-248" length="195" diameter="4.2">
		<AppRef name="E3.Series" version="2.13.7.0" guid="ca1132f1-c0ba-4dae-b5e3-729961ac21d8"/>
	</HarnessItem>
	<HarnessItem xsi:type="Branch" id="BRANCH_c2-4e-0-4c0dce" startNodeId="BN_2863_9-229_058" endNodeId="BN_2863_9-198_058" length="20" diameter="3.90331323875324">
		<AppRef name="E3.Series" version="2.13.7.0" guid="2d0c7d91-303d-4c28-8d18-b1a4eff43433"/>
	</HarnessItem>
	<HarnessItem xsi:type="Branch" id="BRANCH_c2-4e-0-4c0f31" startNodeId="BN_16496-248" endNodeId="BN_16496-216" length="15" diameter="4.2">
		<AppRef name="E3.Series" version="2.13.7.0" guid="f65e3723-46f7-4d6b-b55f-0a19f7c68111"/>
	</HarnessItem>
	<HarnessItem xsi:type="Branch" id="BRANCH_c2-4e-0-4c0fff" startNodeId="BN_12720-392" endNodeId="BN_12720-256" length="150" diameter="6.62744400299495">
		<AppRef name="E3.Series" version="2.13.7.0" guid="dc27ee9d-bc40-490b-8973-f18fd2bfe164"/>
	</HarnessItem>
	<HarnessItem xsi:type="Branch" id="BRANCH_c2-4e-0-4c0dd1" startNodeId="BN_12720-256" endNodeId="BN_12720-216" length="45" diameter="6.62744400299495">
		<AppRef name="E3.Series" version="2.13.7.0" guid="14f6b678-b363-43e9-99c5-225c47e8327a"/>
	</HarnessItem>
	<HarnessItem xsi:type="Branch" id="BRANCH_c2-4e-0-4c0f34" startNodeId="BN_16496-368" endNodeId="BN_17720-368" length="100" diameter="14.6168471344851">
		<AppRef name="E3.Series" version="2.13.7.0" guid="a0dde283-893a-41b1-9df4-1e156708d9a9"/>
	</HarnessItem>
	<HarnessItem xsi:type="Branch" id="BRANCH_c2-4e-0-4c0dd4" startNodeId="BN_6087_9-166_058" endNodeId="BN_6087_9-210_058" length="30" diameter="3.96571784515498">
		<AppRef name="E3.Series" version="2.13.7.0" guid="e1fa8993-8e6d-4caf-a09a-06b124e88d66"/>
	</HarnessItem>
	<HarnessItem xsi:type="Branch" id="BRANCH_c2-4e-0-4c104e" startNodeId="BN_11558_25-358_156" endNodeId="BN_11592_25-344_156" diameter="2.73998695873498">
		<AppRef name="E3.Series" version="2.13.7.0" guid="dcaa3690-cbef-40b1-a25a-219181e7bdab"/>
	</HarnessItem>
	<HarnessItem xsi:type="Branch" id="BRANCH_c2-4e-0-4c0f37" startNodeId="BN_16144-248" endNodeId="BN_16144-216" length="15" diameter="2.89705627484771">
		<AppRef name="E3.Series" version="2.13.7.0" guid="76846b79-908b-4f51-8534-c52620dccee5"/>
	</HarnessItem>
	<HarnessItem xsi:type="Branch" id="BRANCH_c2-4e-0-4c0dda" startNodeId="BN_695_9-226_058" endNodeId="BN_695_9-190_058" length="25" diameter="9.24290057612764">
		<AppRef name="E3.Series" version="2.13.7.0" guid="95cf0db0-eb01-4b47-9b14-2d00af013b32"/>
	</HarnessItem>
	<HarnessItem xsi:type="Branch" id="BRANCH_c2-4e-0-4c1002" startNodeId="BN_7839_9-350_058" endNodeId="BN_7911_9-350_058" length="50" diameter="5.4160213618081">
		<AppRef name="E3.Series" version="2.13.7.0" guid="2b7ab89f-aaaf-4739-98cd-0e5f5270a1a1"/>
	</HarnessItem>
	<HarnessItem xsi:type="Branch" id="BRANCH_c2-4e-0-4c1005" startNodeId="BN_11744-376" endNodeId="BN_11910_25-374_156" length="25" diameter="18.9793273122868">
		<AppRef name="E3.Series" version="2.13.7.0" guid="394c27f9-2d12-461a-b064-4d711dae56e0"/>
	</HarnessItem>
	<HarnessItem xsi:type="Branch" id="BRANCH_c2-4e-0-4c0ddd" startNodeId="BN_79_9-230_058" endNodeId="BN_2223_9-390_058" length="95" diameter="9.27471045493665">
		<AppRef name="E3.Series" version="2.13.7.0" guid="f28c3e42-007e-463f-a5ae-640a6ed306d9"/>
		<PassedWaypoint id="WP_c2-50-0-4c1304" x="79.899564773109" y="390.058186946931">
			<AppRef name="E3.Series" version="2.13.7.0" guid="7fd768e2-7e97-4f52-8e14-a75e2357a2c8"/>
		</PassedWaypoint>
		<PassedWaypoint id="WP_c2-50-0-4c1302" x="2183.8995647731103" y="390.058186946931">
			<AppRef name="E3.Series" version="2.13.7.0" guid="75e2696a-7752-498c-a849-35456a0e8fa1"/>
		</PassedWaypoint>
	</HarnessItem>
	<HarnessItem xsi:type="Branch" id="BRANCH_c2-4e-0-4c0f3d" startNodeId="BN_14728-255_961" endNodeId="BN_14728-219_961" length="30" diameter="7.78101434764733">
		<AppRef name="E3.Series" version="2.13.7.0" guid="5210d488-c262-4c37-bd9e-1369180fe3da"/>
	</HarnessItem>
	<HarnessItem xsi:type="Branch" id="BRANCH_c2-4e-0-4c0de1" startNodeId="BN_79_9-230_058" endNodeId="BN_79_9-190_058" length="25" diameter="9.27471045493665">
		<AppRef name="E3.Series" version="2.13.7.0" guid="8b79e723-5225-4d1e-9716-c9ffaf1ac56b"/>
	</HarnessItem>
	<HarnessItem xsi:type="Branch" id="BRANCH_c2-4e-0-4c1075" startNodeId="BN_21232-312" endNodeId="BN_21240-384" length="85" diameter="24.817745969447">
		<AppRef name="E3.Series" version="2.13.7.0" guid="ff035ee1-3d6c-4869-8786-12df24ef322c"/>
		<PassedWaypoint id="WP_c2-50-0-4c13ab" x="21239.650038372998" y="339.901765157329">
			<AppRef name="E3.Series" version="2.13.7.0" guid="5181e96c-d835-4573-9217-a00423e12f45"/>
		</PassedWaypoint>
	</HarnessItem>
	<HarnessItem xsi:type="Branch" id="BRANCH_c2-4e-0-4c0de4" startNodeId="BN_21240-384" endNodeId="BN_21336-384" length="75" diameter="21.3275660356588">
		<AppRef name="E3.Series" version="2.13.7.0" guid="a81891c7-3dde-4a44-b7f5-d383d830bfeb"/>
	</HarnessItem>
	<HarnessItem xsi:type="Branch" id="BRANCH_c2-4e-0-4c0f40" startNodeId="BN_13944-252" endNodeId="BN_16144-368" length="100" diameter="6.78199331011852">
		<AppRef name="E3.Series" version="2.13.7.0" guid="39c5b4c7-0996-4525-a339-edba68c55c5b"/>
		<PassedWaypoint id="WP_c2-50-0-4c1311" x="13944" y="372">
			<AppRef name="E3.Series" version="2.13.7.0" guid="9f040e49-81b8-436f-b48d-aabc211279ec"/>
		</PassedWaypoint>
	</HarnessItem>
	<HarnessItem xsi:type="Branch" id="BRANCH_c2-4e-0-4c1009" startNodeId="BN_19692-384" endNodeId="BN_19976-384" length="40" diameter="26.1537219343055">
		<AppRef name="E3.Series" version="2.14.0.0" guid="b4cd9a90-94dc-4f73-ad92-128becc2dc27"/>
	</HarnessItem>
	<HarnessItem xsi:type="Branch" id="BRANCH_c2-4e-0-4c0dea" startNodeId="BN_12720-392" endNodeId="BN_13261_9-390_058" length="50" diameter="26.2314603218396">
		<AppRef name="E3.Series" version="2.13.7.0" guid="5fbb9fc3-6811-40cb-b3d2-128143c40d71"/>
	</HarnessItem>
	<HarnessItem xsi:type="Branch" id="BRANCH_c2-4e-0-4c0f41" startNodeId="BN_13944-252" endNodeId="BN_13944-224" length="30" diameter="6.78199331011852">
		<AppRef name="E3.Series" version="2.13.7.0" guid="7555f52b-153a-4c0d-af3b-e80104ff39a2"/>
	</HarnessItem>
	<HarnessItem xsi:type="Branch" id="BRANCH_c2-4e-0-4c0ded" startNodeId="BN_13261_9-390_058" endNodeId="BN_13262_25-386_156" diameter="3.6">
		<AppRef name="E3.Series" version="2.13.7.0" guid="baaec793-03d5-4ecf-82ac-37696a928136"/>
	</HarnessItem>
	<HarnessItem xsi:type="Branch" id="BRANCH_c2-4e-0-4c0f44" startNodeId="BN_14728-255_961" endNodeId="BN_16144-368" length="55" diameter="7.78101434764733">
		<AppRef name="E3.Series" version="2.13.7.0" guid="5a846973-aed7-4f4e-af6f-294c3f9e725b"/>
		<PassedWaypoint id="WP_c2-50-0-4c1310" x="14728" y="356">
			<AppRef name="E3.Series" version="2.13.7.0" guid="2bdd9937-1cf8-4ef6-82d1-cd8047449048"/>
		</PassedWaypoint>
		<PassedWaypoint id="WP_c2-50-0-4c1366" x="16096" y="356">
			<AppRef name="E3.Series" version="2.13.7.0" guid="214594c7-4fa0-40be-a5e9-93398a668685"/>
		</PassedWaypoint>
	</HarnessItem>
	<HarnessItem xsi:type="Branch" id="BRANCH_c2-4e-0-4c0def" startNodeId="BN_7639_9-150_058" endNodeId="BN_7639_9-134_058" diameter="4.57563075767775">
		<AppRef name="E3.Series" version="2.13.7.0" guid="34c15df4-4d0a-4df6-895f-4e577b844b2f"/>
	</HarnessItem>
	<HarnessItem xsi:type="Branch" id="BRANCH_c2-4e-0-4c1055" startNodeId="BN_3870_25-374_156" endNodeId="BN_6646_25-206_156" length="50" diameter="8.96428310944608">
		<AppRef name="E3.Series" version="2.13.7.0" guid="ed28a504-cc14-4c5d-9711-f3340e1c65c7"/>
		<PassedWaypoint id="WP_c2-50-0-4c12f6" x="4094.24952640012" y="374.156421789602">
			<AppRef name="E3.Series" version="2.13.7.0" guid="cae227e2-9f9e-4b1a-945c-eea20e263e74"/>
		</PassedWaypoint>
		<PassedWaypoint id="WP_c2-50-0-4c139e" x="4094.24952640012" y="390.156421789602">
			<AppRef name="E3.Series" version="2.13.7.0" guid="cf279367-ef89-4a04-b82d-6678cba08f17"/>
		</PassedWaypoint>
		<PassedWaypoint id="WP_c2-50-0-4c139f" x="6422.24952640012" y="390.156421789602">
			<AppRef name="E3.Series" version="2.13.7.0" guid="415c5cf0-6ec4-48b0-ba13-f8fcdc29baa1"/>
		</PassedWaypoint>
		<PassedWaypoint id="WP_c2-50-0-4c13a0" x="6422.24952640012" y="206.156421789602">
			<AppRef name="E3.Series" version="2.13.7.0" guid="e4893812-466b-419f-982a-f15820b4deb5"/>
		</PassedWaypoint>
	</HarnessItem>
	<HarnessItem xsi:type="Branch" id="BRANCH_c2-4e-0-4c0f45" startNodeId="BN_11910_25-374_156" endNodeId="BN_12720-392" length="60" diameter="18.9793273122868">
		<AppRef name="E3.Series" version="2.13.7.0" guid="5bed7d6b-953b-4b4e-b86a-3eeb2c4c3702"/>
		<PassedWaypoint id="WP_c2-50-0-4c1368" x="12664" y="374">
			<AppRef name="E3.Series" version="2.13.7.0" guid="078b22e9-7ff3-4174-a999-c030584da820"/>
		</PassedWaypoint>
	</HarnessItem>
	<HarnessItem xsi:type="Branch" id="BRANCH_c2-4e-0-4c0df1" startNodeId="BN_23840-384" endNodeId="BN_23840-264" length="130" diameter="8.340385226132">
		<AppRef name="E3.Series" version="2.13.7.0" guid="dd92e95d-5de3-403f-b105-deb429a2d0dc"/>
	</HarnessItem>
	<HarnessItem xsi:type="Branch" id="BRANCH_c2-4e-0-4c0f4c" startNodeId="BN_12528-358" endNodeId="BN_12720-392" length="135" diameter="7.15530705250013">
		<AppRef name="E3.Series" version="2.13.7.0" guid="38ef771f-1bd7-417d-b7cd-ae37f2408d1b"/>
		<Option id="OPTION_43" value="CBGAA"/>
		<Option id="OPTION_44" value="CBGAD"/>
		<Option id="OPTION_45" value="CBGAE"/>
		<Option id="OPTION_46" value="CBGAL"/>
		<Option id="OPTION_47" value="DAXAC"/>
		<PassedWaypoint id="WP_c2-50-0-4c136a" x="12662" y="357">
			<AppRef name="E3.Series" version="2.13.7.0" guid="d3c22eb1-f08e-4238-aae3-beeeec839e9b"/>
		</PassedWaypoint>
	</HarnessItem>
	<HarnessItem xsi:type="Branch" id="BRANCH_c2-4e-0-4c0df7" startNodeId="BN_21152-224" endNodeId="BN_20596-224" length="110" diameter="6.83427328059648">
		<AppRef name="E3.Series" version="2.13.7.0" guid="20eec887-fa4b-46f8-8ceb-13ea8a3c891b"/>
	</HarnessItem>
	<HarnessItem xsi:type="Branch" id="BRANCH_c2-4e-0-4c100d" startNodeId="BN_12206_25-358_156" endNodeId="BN_12182_25-338_156" diameter="2.6">
		<AppRef name="E3.Series" version="2.13.7.0" guid="17750435-67e6-472d-a787-b38127fec069"/>
	</HarnessItem>
	<HarnessItem xsi:type="Branch" id="BRANCH_c2-4e-0-4c0f4d" startNodeId="BN_7808-264" endNodeId="BN_7807_9-226_058" length="50" diameter="2.1">
		<AppRef name="E3.Series" version="2.14.0.0" guid="618d7bd5-4bd9-460d-a186-62970311a74e"/>
	</HarnessItem>
	<HarnessItem xsi:type="Branch" id="BRANCH_c2-4e-0-4c0dfa" startNodeId="BN_18448_25-296_156" endNodeId="BN_18448-216" length="120" diameter="11.5485398268162">
		<AppRef name="E3.Series" version="2.13.7.0" guid="37545dd8-a649-4e23-8814-1b3b387f992e"/>
	</HarnessItem>
	<HarnessItem xsi:type="Branch" id="BRANCH_c2-4e-0-4c1056" startNodeId="BN_6646_25-206_156" endNodeId="BN_6678_25-158_156" length="45" diameter="8.96428310944608">
		<AppRef name="E3.Series" version="2.13.7.0" guid="c7b86f6e-eb0a-440c-8558-bdbdc7bc7596"/>
	</HarnessItem>
	<HarnessItem xsi:type="Branch" id="BRANCH_c2-4e-0-4c100f" startNodeId="BN_12094_25-142_156" endNodeId="BN_12182_25-338_156" length="80" diameter="2.6">
		<AppRef name="E3.Series" version="2.13.7.0" guid="c1b18c99-f756-4f43-b80f-74eb8104336d"/>
		<Option id="OPTION_52" value="CBGAA"/>
		<Option id="OPTION_53" value="CBGAD"/>
		<Option id="OPTION_54" value="CBGAE"/>
		<PassedWaypoint id="WP_c2-50-0-4c138d" x="12094.2495264001" y="338.156421789602">
			<AppRef name="E3.Series" version="2.13.7.0" guid="b566b423-370a-4c35-8ca9-628ab794d93d"/>
		</PassedWaypoint>
	</HarnessItem>
	<HarnessItem xsi:type="Branch" id="BRANCH_c2-4e-0-4c0dfd" startNodeId="BN_17896-336" endNodeId="BN_17896-264" length="60" diameter="9.7631560390515">
		<AppRef name="E3.Series" version="2.14.0.0" guid="323d98ec-e3e9-42d3-91ff-4952fb0e005d"/>
	</HarnessItem>
	<HarnessItem xsi:type="Branch" id="BRANCH_c2-4e-0-4c0f51" startNodeId="BN_7584-268" endNodeId="BN_7584-244" length="25" diameter="4.83552231613942">
		<AppRef name="E3.Series" version="2.13.7.0" guid="692bee20-ac07-4014-bb74-876255be83d3"/>
	</HarnessItem>
	<HarnessItem xsi:type="Branch" id="BRANCH_c2-4e-0-4c0e06" startNodeId="BN_16144-368" endNodeId="BN_16144-248" length="100" diameter="2.89705627484771">
		<AppRef name="E3.Series" version="2.13.7.0" guid="c9df04a4-61eb-412c-b33d-2b6788617cef"/>
	</HarnessItem>
	<HarnessItem xsi:type="Branch" id="BRANCH_c2-4e-0-4c105c" startNodeId="BN_3127_9-374_058" endNodeId="BN_3374_25-374_156" length="20" diameter="5.57943250395319">
		<AppRef name="E3.Series" version="2.13.7.0" guid="49ef8aab-bd31-4f76-aa0e-ecd46925929e"/>
	</HarnessItem>
	<HarnessItem xsi:type="Branch" id="BRANCH_c2-4e-0-4c0f54" startNodeId="BN_12528-208" endNodeId="BN_12528-176" length="15" diameter="3.6">
		<AppRef name="E3.Series" version="2.13.7.0" guid="9c838705-650a-4ae6-96e3-c549534f4c78"/>
	</HarnessItem>
	<HarnessItem xsi:type="Branch" id="BRANCH_c2-4e-0-4c108c" startNodeId="BN_6495_9-222_058" endNodeId="BN_6678_25-158_156" length="90" diameter="7.90165426743105">
		<AppRef name="E3.Series" version="2.13.7.0" guid="85c9d86b-1d49-4ed5-8ba9-f232be1c94d3"/>
		<PassedWaypoint id="WP_c2-50-0-4c13a3" x="6718.2495264001209" y="222.156421789602">
			<AppRef name="E3.Series" version="2.13.7.0" guid="c81952cd-d363-44cb-9b3d-ea1cafa5f009"/>
		</PassedWaypoint>
	</HarnessItem>
	<HarnessItem xsi:type="Branch" id="BRANCH_c2-4e-0-4c108d" startNodeId="BN_7014_25-158_156" endNodeId="BN_7038_25-150_156" length="30" diameter="21.3536330028586">
		<AppRef name="E3.Series" version="2.13.7.0" guid="b2ca3411-6e11-4f18-bc22-4d3a669a5d09"/>
	</HarnessItem>
	<HarnessItem xsi:type="Branch" id="BRANCH_c2-4e-0-4c1090" startNodeId="BN_7014_25-158_156" endNodeId="BN_7008-104" length="40" diameter="2.89705627484771">
		<AppRef name="E3.Series" version="2.13.7.0" guid="1671a09b-3a09-42d2-9cd4-b67dc6a93b00"/>
	</HarnessItem>
	<HarnessItem xsi:type="Branch" id="BRANCH_c2-4e-0-4c1093" startNodeId="BN_7008-104" endNodeId="BN_7202_25-62_156" length="105" diameter="2.89705627484771">
		<AppRef name="E3.Series" version="2.13.7.0" guid="a503580a-1217-4020-805a-871816a4fa0f"/>
		<Option id="OPTION_59" value="GRAAP"/>
		<PassedWaypoint id="WP_c2-50-0-4c13b6" x="7022.2495264001209" y="62.156421789601907">
			<AppRef name="E3.Series" version="2.13.7.0" guid="72b107dc-ec94-457a-ad43-71467306f42a"/>
		</PassedWaypoint>
	</HarnessItem>
	<HarnessItem xsi:type="Branch" id="BRANCH_c2-4e-0-4c1096" startNodeId="BN_7202_25-62_156" endNodeId="BN_7258_25-62_156" length="130" diameter="2.89705627484771">
		<AppRef name="E3.Series" version="2.13.7.0" guid="ba0998af-71aa-4c55-857a-4b80eacceddb"/>
	</HarnessItem>
	<HarnessItem xsi:type="Branch" id="BRANCH_c2-4e-0-4c109a" startNodeId="BN_7639_9-150_058" endNodeId="BN_8071_9-150_058" length="15" diameter="21.7486858296313">
		<AppRef name="E3.Series" version="2.13.7.0" guid="383a2b91-d646-4c7d-a937-05dfbb6160db"/>
	</HarnessItem>
	<HarnessItem xsi:type="Branch" id="BRANCH_c2-4e-0-4c109d" startNodeId="BN_7911_9-350_058" endNodeId="BN_8071_9-150_058" length="240" diameter="5.4160213618081">
		<AppRef name="E3.Series" version="2.13.7.0" guid="dfebc9a2-a7ce-4b2f-b900-f78726abe2a1"/>
		<AppRef name="E3.Series" version="2.13.7.0" guid="3bc52830-e09b-461d-987f-a951d1b2b697"/>
		<PassedWaypoint id="WP_c2-50-0-4c12bf" x="8071.8995647731108" y="350.058186946931">
			<AppRef name="E3.Series" version="2.13.7.0" guid="37016636-cec1-4bd1-a8fd-88a0e9f49d5e"/>
		</PassedWaypoint>
	</HarnessItem>
	<HarnessItem xsi:type="Branch" id="BRANCH_c2-4e-0-4c10a4" startNodeId="BN_11558_25-358_156" endNodeId="BN_11744-232" length="140" diameter="15.8635857498074">
		<AppRef name="E3.Series" version="2.13.7.0" guid="27e7d0fa-b2f4-43e3-b3ee-550ecdd65ec0"/>
		<AppRef name="E3.Series" version="2.13.7.0" guid="51a34f4a-4a77-456e-936a-ed3102fc7376"/>
		<PassedWaypoint id="WP_c2-50-0-4c1372" x="11654.2495264001" y="358.156421789602">
			<AppRef name="E3.Series" version="2.13.7.0" guid="b56e6ea3-e717-4316-b879-683a0cb13e08"/>
		</PassedWaypoint>
		<PassedWaypoint id="WP_c2-50-0-4c136e" x="11688" y="232">
			<AppRef name="E3.Series" version="2.13.7.0" guid="e9076602-02a6-455d-ab90-1c5ad20e7b83"/>
		</PassedWaypoint>
	</HarnessItem>
	<HarnessItem xsi:type="Branch" id="BRANCH_c2-4e-0-4c10a7" startNodeId="BN_18928-288" endNodeId="BN_18928-156" length="125" diameter="2.1">
		<AppRef name="E3.Series" version="2.13.7.0" guid="b3293a75-37e0-421b-8ef9-f353825e3881"/>
	</HarnessItem>
	<HarnessItem xsi:type="Branch" id="BRANCH_c2-4e-0-4c10aa" startNodeId="BN_6239_9-174_058" endNodeId="BN_6678_25-158_156" length="110" diameter="3.2">
		<AppRef name="E3.Series" version="2.13.7.0" guid="4ce3c3f8-5e25-46df-be79-26e8a5414e58"/>
		<PassedWaypoint id="WP_c2-50-0-4c13bc" x="6631.8995647731108" y="174.05818694693102">
			<AppRef name="E3.Series" version="2.13.7.0" guid="ccd05cf8-7fc2-496b-a621-588e355f25bb"/>
		</PassedWaypoint>
	</HarnessItem>
	<HarnessItem xsi:type="Branch" id="BRANCH_c2-4e-0-4c10ad" startNodeId="BN_4567_9-294_058" endNodeId="BN_4632-294" length="65" diameter="9.31765211050253">
		<AppRef name="E3.Series" version="2.13.7.0" guid="1348716e-3395-4fec-89fd-c8b9a8cb2221"/>
	</HarnessItem>
	<HarnessItem xsi:type="Branch" id="BRANCH_c2-4e-0-4c10ae" startNodeId="BN_5559_9-334_058" endNodeId="BN_5591_9-334_058" length="25" diameter="12.1427217309912">
		<AppRef name="E3.Series" version="2.13.7.0" guid="8a538533-0339-48ee-8645-c743a7e6beed"/>
	</HarnessItem>
	<HarnessItem xsi:type="Branch" id="BRANCH_c2-4e-0-4c10b1" startNodeId="BN_5423_9-334_058" endNodeId="BN_5447_9-334_058" length="25" diameter="11.9588288827434">
		<AppRef name="E3.Series" version="2.13.17.0" guid="5a131f09-647b-4acc-ab4a-2a40e3f517a4"/>
	</HarnessItem>
	<HarnessItem xsi:type="Branch" id="BRANCH_c2-4e-0-4c10b4" startNodeId="BN_5263_9-334_058" endNodeId="BN_5359_9-334_058" length="40" diameter="11.9588288827434">
		<AppRef name="E3.Series" version="2.13.7.0" guid="6236749d-97d4-49dd-9d59-cce6554f5d7e"/>
	</HarnessItem>
	<HarnessItem xsi:type="Branch" id="BRANCH_c2-4e-0-4c10b7" startNodeId="BN_5359_9-334_058" endNodeId="BN_5391-334" length="60" diameter="11.9588288827434">
		<AppRef name="E3.Series" version="2.13.17.0" guid="f5f9b672-9597-4888-a966-9fcb37f7ce43"/>
	</HarnessItem>
	<HarnessItem xsi:type="Branch" id="BRANCH_c2-4e-0-4c10be" startNodeId="BN_22968-320" endNodeId="BN_22968-288" diameter="2.5856406460551">
		<AppRef name="E3.Series" version="2.13.7.0" guid="98fd2830-4d57-4c62-b815-dc8b56f23110"/>
	</HarnessItem>
	<HarnessItem xsi:type="Branch" id="BRANCH_c2-4e-0-4c10c0" startNodeId="BN_6936-195" endNodeId="BN_6966_25-182_156" length="40" diameter="21.414938811243">
		<AppRef name="E3.Series" version="2.13.7.0" guid="1230429d-5039-413a-b70f-489dd24dbb13"/>
	</HarnessItem>
	<HarnessItem xsi:type="Branch" id="BRANCH_c2-4e-0-4c10c3" startNodeId="BN_16144-368" endNodeId="BN_16228-368" length="75" diameter="14.1771991167821">
		<AppRef name="E3.Series" version="2.13.7.0" guid="a4c4e51f-e341-47fd-9f7c-6242d49aace3"/>
	</HarnessItem>
	<HarnessItem xsi:type="Branch" id="BRANCH_c2-4e-0-4c10c6" startNodeId="BN_16228-360" endNodeId="BN_16228-368" diameter="5.47997391746997">
		<AppRef name="E3.Series" version="2.13.7.0" guid="d26543fc-b6e7-49b7-b6b6-302fa49bd8e7"/>
	</HarnessItem>
	<HarnessItem xsi:type="Branch" id="BRANCH_c2-4e-0-4c10c8" startNodeId="BN_21592-356" endNodeId="BN_22712-320" length="60" diameter="20.9792391458849">
		<AppRef name="E3.Series" version="2.14.0.0" guid="1acc67b4-65ca-4daa-bed4-5b7d6ee20192"/>
		<PassedWaypoint id="WP_46-50-0-3153674" x="21944" y="356">
			<AppRef name="E3.Series" version="2.14.0.0" guid="52f4b153-0f17-4669-a709-525fdd7e0f88"/>
		</PassedWaypoint>
		<PassedWaypoint id="WP_46-50-0-314e853" x="22024" y="320">
			<AppRef name="E3.Series" version="2.14.0.0" guid="99d3fe0d-95d7-4828-a4e9-0f5d258b9c98"/>
		</PassedWaypoint>
	</HarnessItem>
	<HarnessItem xsi:type="Branch" id="BRANCH_c2-4e-0-4c10cb" startNodeId="BN_19976-384" endNodeId="BN_21184-384" length="145" diameter="26.1537219343055">
		<AppRef name="E3.Series" version="2.13.7.0" guid="e4faf618-d12e-41b6-96dd-d1562f5a9ab3"/>
	</HarnessItem>
	<HarnessItem xsi:type="Branch" id="BRANCH_c2-4e-0-4c10ce" startNodeId="BN_18848-336" endNodeId="BN_19088-184" length="220" diameter="15.2448699562608">
		<AppRef name="E3.Series" version="2.13.7.0" guid="1e818635-7f05-4348-ba1b-e9f28edaebea"/>
		<PassedWaypoint id="WP_c2-50-0-4c1387" x="18952" y="336">
			<AppRef name="E3.Series" version="2.13.7.0" guid="87d30e1f-2175-4c6b-a0e4-961b99b1c238"/>
		</PassedWaypoint>
	</HarnessItem>
	<HarnessItem xsi:type="Branch" id="BRANCH_c2-4e-0-4c10d0" startNodeId="BN_6239_9-174_058" endNodeId="BN_6239_9-214_058" diameter="3.2">
		<AppRef name="E3.Series" version="2.13.7.0" guid="040903f7-26b7-467d-9f4b-5655c0ffa155"/>
	</HarnessItem>
	<HarnessItem xsi:type="Branch" id="BRANCH_c2-4e-0-4c10d2" startNodeId="BN_6239_9-214_058" endNodeId="BN_6239_9-242_058" length="25" diameter="3.2">
		<AppRef name="E3.Series" version="2.13.7.0" guid="64794d36-0ba1-4558-a94c-da2fcd4ff5e0"/>
	</HarnessItem>
	<HarnessItem xsi:type="Branch" id="BRANCH_c2-4e-0-4c10d5" startNodeId="BN_6350_25-262_156" endNodeId="BN_6678_25-158_156" length="130" diameter="2.5856406460551">
		<AppRef name="E3.Series" version="2.13.7.0" guid="e664dbed-7d85-4396-b303-fc8a5b8d4956"/>
		<Option id="OPTION_60" value="AC_G"/>
		<PassedWaypoint id="WP_c2-50-0-4c13c3" x="6350.24952640012" y="190.156421789602">
			<AppRef name="E3.Series" version="2.13.7.0" guid="0fbd5461-b43b-49ce-a0de-735d49204be0"/>
		</PassedWaypoint>
		<PassedWaypoint id="WP_c2-50-0-4c13c1" x="6615.8995647731108" y="190.05818694693102">
			<AppRef name="E3.Series" version="2.13.7.0" guid="545ebc39-e49e-48f0-a517-52b97d3d9905"/>
		</PassedWaypoint>
	</HarnessItem>
	<HarnessItem xsi:type="Branch" id="BRANCH_c2-4e-0-4c10da" startNodeId="BN_6350_25-262_156" endNodeId="BN_6350_25-298_156" length="20" diameter="2.5856406460551">
		<AppRef name="E3.Series" version="2.13.7.0" guid="ed509b2e-1472-493e-bbb4-c8a10744a7b1"/>
	</HarnessItem>
	<HarnessItem xsi:type="Branch" id="BRANCH_c2-4e-0-4c10dd" startNodeId="BN_2223_9-390_058" endNodeId="BN_2311_9-390_058" length="55" diameter="15.4484880446086">
		<AppRef name="E3.Series" version="2.13.7.0" guid="258cd772-9e78-44b2-8f07-a098f5f9ffc2"/>
	</HarnessItem>
	<HarnessItem xsi:type="Branch" id="BRANCH_c2-4e-0-4c10e0" startNodeId="BN_2107_9-214_058" endNodeId="BN_2311_9-390_058" length="75" diameter="2.1">
		<AppRef name="E3.Series" version="2.13.7.0" guid="264b9069-e7d4-410a-9dc3-158af8e576c3"/>
		<PassedWaypoint id="WP_c2-50-0-4c13c4" x="2311.8995647731103" y="214.058186946931">
			<AppRef name="E3.Series" version="2.13.7.0" guid="0e22740c-2256-4595-8162-071ff27979ba"/>
		</PassedWaypoint>
	</HarnessItem>
	<HarnessItem xsi:type="Branch" id="BRANCH_c2-4e-0-4c10e4" startNodeId="BN_1847_9-278_058" endNodeId="BN_2311_9-390_058" length="75" diameter="7">
		<AppRef name="E3.Series" version="2.13.7.0" guid="bea467cf-0c5f-4f26-9ef2-06138f1fd513"/>
		<Option id="OPTION_61" value="HJGAX"/>
		<PassedWaypoint id="WP_c2-50-0-4c137a" x="2239.8995647731103" y="278.05818694693096">
			<AppRef name="E3.Series" version="2.13.7.0" guid="1f3c6bfb-3a32-4dd8-8397-d3f4937b0b70"/>
		</PassedWaypoint>
	</HarnessItem>
	<HarnessItem xsi:type="Branch" id="BRANCH_c2-4e-0-4c10e5" startNodeId="BN_1847_9-278_058" endNodeId="BN_1847_9-134_058" diameter="7">
		<AppRef name="E3.Series" version="2.13.7.0" guid="fa75b79d-38d9-48fb-8789-cd50a653491f"/>
	</HarnessItem>
	<HarnessItem xsi:type="Branch" id="BRANCH_c2-4e-0-4c10e7" startNodeId="BN_6678_25-158_156" endNodeId="BN_6734_25-182_156" length="75" diameter="19.2256873192581">
		<AppRef name="E3.Series" version="2.13.7.0" guid="d56efc44-49d1-410c-a56a-7c9b741f8ca0"/>
	</HarnessItem>
	<HarnessItem xsi:type="Branch" id="BRANCH_c2-4e-0-4c10ea" startNodeId="BN_6734_25-182_156" endNodeId="BN_6734_25-230_156" diameter="3.6">
		<AppRef name="E3.Series" version="2.13.7.0" guid="ebba8115-7db9-47fa-ae0a-c04aad5c129e"/>
	</HarnessItem>
	<HarnessItem xsi:type="Branch" id="BRANCH_c2-4e-0-4c10ec" startNodeId="BN_21184-384" endNodeId="BN_21240-384" length="60" diameter="26.1537219343055">
		<AppRef name="E3.Series" version="2.13.7.0" guid="036c91d6-f92e-415d-a4ad-dfe1d92286da"/>
	</HarnessItem>
	<HarnessItem xsi:type="Branch" id="BRANCH_c2-4e-0-4c10f4" startNodeId="BN_18520-336" endNodeId="BN_18928-288" diameter="2.1">
		<AppRef name="E3.Series" version="2.13.7.0" guid="9fe23df5-c391-4d48-9792-bc4948df0fed"/>
		<PassedWaypoint id="WP_c2-50-0-4c13b9" x="18544" y="288">
			<AppRef name="E3.Series" version="2.13.7.0" guid="c9aa45ed-2dae-4e5e-bcd8-b4f4cfc29d24"/>
		</PassedWaypoint>
	</HarnessItem>
	<HarnessItem xsi:type="Branch" id="BRANCH_c2-4e-0-4c10f5" startNodeId="BN_18520-336" endNodeId="BN_18448_25-296_156" length="37.0588235" diameter="11.5485398268162">
		<AppRef name="E3.Series" version="2.13.7.0" guid="a290a863-c298-4c5a-b774-501a8b62006a"/>
	</HarnessItem>
	<HarnessItem xsi:type="Branch" id="BRANCH_da-4e-0-2503d5" startNodeId="BN_9776-328" endNodeId="BN_9728-328" length="50" diameter="7.07432997231328">
		<AppRef name="E3.Series" version="2.14.0.0" guid="4bb591e1-bd30-416c-8bc7-ab9dc9410aae"/>
	</HarnessItem>
	<HarnessItem xsi:type="Branch" id="BRANCH_da-4e-0-25068e" startNodeId="BN_9728-328" endNodeId="BN_9708-328" length="50" diameter="7.07432997231328">
		<AppRef name="E3.Series" version="2.14.0.0" guid="f5760f7e-1cbf-45ad-a2dc-5120b8ff68fd"/>
	</HarnessItem>
	<HarnessItem xsi:type="Branch" id="BRANCH_da-4e-0-30cfc6" startNodeId="BN_9800-28" endNodeId="BN_9872-48" length="50" diameter="6">
		<AppRef name="E3.Series" version="2.14.0.0" guid="0831d6a1-152e-43b4-ab79-1e640b0140b0"/>
		<AppRef name="E3.Series" version="2.14.0.0" guid="5d38a717-a37e-4c55-bf45-5a3e5b7eb6cd"/>
		<PassedWaypoint id="WP_da-50-0-30ee71" x="9872" y="28">
			<AppRef name="E3.Series" version="2.14.0.0" guid="f0052011-56b0-43d6-9fdd-e083052774df"/>
		</PassedWaypoint>
	</HarnessItem>
	<HarnessItem xsi:type="Branch" id="BRANCH_da-4e-0-30f11d" startNodeId="BN_9800-28" endNodeId="BN_9764-28" length="15" diameter="6">
		<AppRef name="E3.Series" version="2.14.0.0" guid="48b9af43-5ba7-4753-a837-f140aac4c162"/>
	</HarnessItem>
	<HarnessItem xsi:type="Branch" id="BRANCH_da-4e-0-31ad9e" startNodeId="BN_10128-48" endNodeId="BN_10240-128" length="65" diameter="3.5">
		<AppRef name="E3.Series" version="2.14.0.0" guid="ed99884f-78f4-4348-935c-8c63129e444a"/>
		<PassedWaypoint id="WP_da-50-0-31cc95" x="10240" y="48">
			<AppRef name="E3.Series" version="2.14.0.0" guid="701baad6-32f6-4f11-8469-8cf47a980a2e"/>
		</PassedWaypoint>
	</HarnessItem>
	<HarnessItem xsi:type="Branch" id="BRANCH_da-4e-0-320d5e" startNodeId="BN_9872-48" endNodeId="BN_9928-48" length="50" diameter="6.7">
		<AppRef name="E3.Series" version="2.14.0.0" guid="d4ddad5e-4937-449f-bd64-49d43af70f77"/>
	</HarnessItem>
	<HarnessItem xsi:type="Branch" id="BRANCH_da-4e-0-322c56" startNodeId="BN_9928-48" endNodeId="BN_10128-48" length="50" diameter="4.56786718517194">
		<AppRef name="E3.Series" version="2.14.0.0" guid="47a41a76-eba2-4ff8-8417-da19ffd75b13"/>
	</HarnessItem>
	<HarnessItem xsi:type="Branch" id="BRANCH_da-4e-0-329ead" startNodeId="BN_9928-48" endNodeId="BN_9928-112" length="65" diameter="3.2">
		<AppRef name="E3.Series" version="2.14.0.0" guid="7d020587-54de-4930-ad31-519ff132ec1b"/>
	</HarnessItem>
	<HarnessItem xsi:type="Branch" id="BRANCH_da-4e-0-32e079" startNodeId="BN_10128-48" endNodeId="BN_10128-128" length="65" diameter="2.1">
		<AppRef name="E3.Series" version="2.14.0.0" guid="dfa9a5de-a32c-4f1c-bc3b-3fa90ec4013f"/>
	</HarnessItem>
	<HarnessItem xsi:type="Branch" id="BRANCH_da-4e-0-346b13" startNodeId="BN_9776-328" endNodeId="BN_9792-312" diameter="2.40950945559592">
		<AppRef name="E3.Series" version="2.14.0.0" guid="23b5df22-0232-49b5-bae3-00d985f02a90"/>
	</HarnessItem>
	<HarnessItem xsi:type="Branch" id="BRANCH_da-4e-0-34ad0b" startNodeId="BN_9776-328" endNodeId="BN_9760-312" diameter="2.40950945559592">
		<AppRef name="E3.Series" version="2.14.0.0" guid="6c37de15-189a-4aaf-8b76-6d2fb7962fba"/>
	</HarnessItem>
	<HarnessItem xsi:type="Branch" id="BRANCH_e9-4e-0-33d393" startNodeId="BN_9872-48" endNodeId="BN_10856-360" length="90" diameter="8.38903121021935">
		<AppRef name="E3.Series" version="2.14.0.0" guid="4dac193f-8399-4cc7-8bdf-2722614e7c60"/>
		<PassedWaypoint id="WP_e9-50-0-33d392" x="9872" y="188">
			<AppRef name="E3.Series" version="2.14.0.0" guid="8cf8f05c-a419-4874-ba05-e3e115fd1cc2"/>
		</PassedWaypoint>
	</HarnessItem>
	<HarnessItem xsi:type="Branch" id="BRANCH_eb-4e-0-5dd6fd" startNodeId="BN_23840-384" endNodeId="BN_24512-304" length="165" diameter="9.42774657963357">
		<AppRef name="E3.Series" version="2.13.7.0" guid="41d7d287-a892-492b-96ad-26c471b3fc0d"/>
		<PassedWaypoint id="WP_c2-50-0-4c1309" x="24512" y="384">
			<AppRef name="E3.Series" version="2.13.7.0" guid="8e202772-edcd-48fe-b26b-19eb902c36e6"/>
		</PassedWaypoint>
	</HarnessItem>
	<HarnessItem xsi:type="Branch" id="BRANCH_eb-4e-0-678fca" startNodeId="BN_22712-320" endNodeId="BN_22840-304" length="150" diameter="20.9792391458849">
		<AppRef name="E3.Series" version="2.13.7.0" guid="001ace62-dc57-4c0b-8854-172e43d434b7"/>
		<PassedWaypoint id="WP_c2-50-0-4c132e" x="22800" y="320">
			<AppRef name="E3.Series" version="2.13.7.0" guid="60265236-a4c6-4714-b013-1dfcf0c6ca38"/>
		</PassedWaypoint>
	</HarnessItem>
	<HarnessItem xsi:type="Branch" id="BRANCH_ff-4e-0-936078" startNodeId="BN_16144-368" endNodeId="BN_16016-312" diameter="9.10849423993947">
		<AppRef name="E3.Series" version="2.14.0.0" guid="e04d98ca-3b97-4b38-bdfb-3ce4c7815e67"/>
	</HarnessItem>
	<HarnessItem xsi:type="Branch" id="BRANCH_ff-4e-0-93810b" startNodeId="BN_16016-312" endNodeId="BN_15544-312" diameter="9.10849423993947">
		<AppRef name="E3.Series" version="2.14.0.0" guid="af4e9f34-93e4-4f88-85d2-0b712bef14f0"/>
	</HarnessItem>
	<HarnessItem xsi:type="Branch" id="BRANCH_ff-4e-0-938110" startNodeId="BN_15544-312" endNodeId="BN_15544-208" length="220" diameter="9.10849423993947">
		<AppRef name="E3.Series" version="2.14.0.0" guid="3ee1fa2d-e492-47e2-a19e-8fe726e5af71"/>
	</HarnessItem>
	<HarnessItem xsi:type="Branch" id="BRANCH_ff-4e-0-938412" startNodeId="BN_15176-272" endNodeId="BN_15124-272" length="45" diameter="6.65424506708983">
		<AppRef name="E3.Series" version="2.14.0.0" guid="4f4c7e4a-997b-41d8-b00c-ee2437f2c04b"/>
	</HarnessItem>
	<HarnessItem xsi:type="Branch" id="BRANCH_ff-4e-0-93c7ce" startNodeId="BN_15544-208" endNodeId="BN_15544-136" length="130" diameter="5.60675299148715">
		<AppRef name="E3.Series" version="2.14.0.0" guid="473385f6-0470-4e61-9dbb-ee4b6fb899e1"/>
	</HarnessItem>
	<HarnessItem xsi:type="Branch" id="BRANCH_ff-4e-0-93e855" startNodeId="BN_15408-136" endNodeId="BN_15376-136" length="30" diameter="5.60675299148715">
		<AppRef name="E3.Series" version="2.14.0.0" guid="ec702123-477c-4e59-80b6-a50662ed85a0"/>
	</HarnessItem>
	<HarnessItem xsi:type="Branch" id="BRANCH_ff-4e-0-942c78" startNodeId="BN_15544-208" endNodeId="BN_15344-272" diameter="7.43016560653649">
		<AppRef name="E3.Series" version="2.14.0.0" guid="5ce5c0ac-1e37-4c5f-ac04-1b0f525353c3"/>
	</HarnessItem>
	<HarnessItem xsi:type="Branch" id="BRANCH_ff-4e-0-959c9b" startNodeId="BN_15248-272" endNodeId="BN_15176-272" length="60" diameter="6.65424506708983">
		<AppRef name="E3.Series" version="2.14.0.0" guid="53436dfc-67a5-4d27-b7ca-e13b4f94362f"/>
	</HarnessItem>
	<HarnessItem xsi:type="Branch" id="BRANCH_ff-4e-0-966b71" startNodeId="BN_15544-136" endNodeId="BN_15408-136" diameter="5.60675299148715">
		<AppRef name="E3.Series" version="2.14.0.0" guid="949d76ba-e597-452b-b999-4273197b05f4"/>
	</HarnessItem>
	<HarnessItem xsi:type="Branch" id="BRANCH_ff-4e-0-9b280f" startNodeId="BN_7584-268" endNodeId="BN_7807_9-350_058" length="300" diameter="4.83552231613942">
		<AppRef name="E3.Series" version="2.13.7.0" guid="2c8b2203-884b-4604-9228-c1e86138cf09"/>
		<PassedWaypoint id="WP_c2-50-0-4c1321" x="7584" y="351">
			<AppRef name="E3.Series" version="2.13.7.0" guid="33f6b118-143f-4e92-b25a-2d716d5ee91d"/>
		</PassedWaypoint>
	</HarnessItem>
	<HarnessItem xsi:type="Branch" id="BRANCH_ff-4e-0-9d2c5f" startNodeId="BN_9776-328" endNodeId="BN_10856-360" length="25" diameter="7.07432997231328">
		<AppRef name="E3.Series" version="2.14.0.0" guid="d1cb000a-2150-4d16-8496-9f00fda42647"/>
		<AppRef name="E3.Series" version="2.14.0.0" guid="b75ad48f-81d3-4f49-a6c7-534cb1aa425b"/>
		<PassedWaypoint id="WP_e9-50-0-34186b" x="9872" y="328">
			<AppRef name="E3.Series" version="2.14.0.0" guid="7be6cb6e-7fb8-4051-a24a-ada0ebd87227"/>
		</PassedWaypoint>
		<PassedWaypoint id="WP_da-50-0-2503d4" x="10240" y="360">
			<AppRef name="E3.Series" version="2.14.0.0" guid="7e79e2c3-794f-4d39-ba1c-9076904d2dbf"/>
		</PassedWaypoint>
		<PassedWaypoint id="WP_ff-50-0-9d2c5e" x="10808" y="360">
			<AppRef name="E3.Series" version="2.14.0.0" guid="665ced65-39db-4fb2-9856-a6478672b88b"/>
		</PassedWaypoint>
	</HarnessItem>
	<HarnessItem xsi:type="Branch" id="BRANCH_ff-4e-0-9d8f85" startNodeId="BN_10584-168" endNodeId="BN_10856-360" length="100" diameter="9.2353232254329">
		<AppRef name="E3.Series" version="2.13.7.0" guid="1feb65b3-64cd-4e9d-9a38-5962df19c627"/>
		<PassedWaypoint id="WP_c2-50-0-4c131f" x="10584" y="252">
			<AppRef name="E3.Series" version="2.13.7.0" guid="34b88e30-f730-42e3-b4c4-612221eb81d4"/>
		</PassedWaypoint>
		<PassedWaypoint id="WP_ff-50-0-9d8f84" x="10712" y="252">
			<AppRef name="E3.Series" version="2.14.0.0" guid="183a9e82-b4d5-48b2-84e7-24147029445f"/>
		</PassedWaypoint>
	</HarnessItem>
	<HarnessItem xsi:type="BranchNode" id="BN_17632-280" x="17632" y="280">
		<AppRef name="E3.Series" version="2.13.7.0" guid="a1a93ff7-4928-4adc-b1e8-c116ce71ca08"/>
	</HarnessItem>
	<HarnessItem xsi:type="BranchNode" id="BN_8520-376" x="8520" y="376">
		<AppRef name="E3.Series" version="2.14.0.0" guid="34438ed9-19fe-44f8-97b5-3b212f454eb1"/>
	</HarnessItem>
	<HarnessItem xsi:type="BranchNode" id="BN_8672-344" x="8672" y="344">
		<AppRef name="E3.Series" version="2.14.0.0" guid="76c2f5db-bb58-4b53-9ab3-77a17441120c"/>
	</HarnessItem>
	<HarnessItem xsi:type="BranchNode" id="BN_8671_9-282_058" x="8671.89956477311" y="282.05818694693096">
		<AppRef name="E3.Series" version="2.13.7.0" guid="89399df6-5f62-40e0-95f8-93632b1982bb"/>
	</HarnessItem>
	<HarnessItem xsi:type="BranchNode" id="BN_17720-368" x="17720" y="368">
		<AppRef name="E3.Series" version="2.14.0.0" guid="dc8a0f40-6c01-4247-b913-a71391098b03"/>
	</HarnessItem>
	<HarnessItem xsi:type="BranchNode" id="BN_17904-368" x="17904" y="368">
		<AppRef name="E3.Series" version="2.14.0.0" guid="5df239ee-f13f-4c0c-87b5-6987de25cbb6"/>
	</HarnessItem>
	<HarnessItem xsi:type="BranchNode" id="BN_11056-136" x="11056" y="136">
		<AppRef name="E3.Series" version="2.14.0.0" guid="fcf8975d-744f-46c9-a113-21125a1db257"/>
	</HarnessItem>
	<HarnessItem xsi:type="BranchNode" id="BN_10976-116" x="10976" y="116">
		<AppRef name="E3.Series" version="2.14.0.0" guid="a634c10d-70ad-479e-944b-dfc8d2cf9b1e"/>
	</HarnessItem>
	<HarnessItem xsi:type="BranchNode" id="BN_21152-160" x="21152" y="160">
		<AppRef name="E3.Series" version="2.13.7.0" guid="31a9565e-ebd5-485a-a205-91aec558baad"/>
	</HarnessItem>
	<HarnessItem xsi:type="BranchNode" id="BN_21096-160" x="21096" y="160">
		<AppRef name="E3.Series" version="2.14.0.0" guid="2675277f-39d9-40ad-b178-b334c849ebd1"/>
	</HarnessItem>
	<HarnessItem xsi:type="BranchNode" id="BN_21064-160" x="21064" y="160">
		<AppRef name="E3.Series" version="2.13.7.0" guid="0f5cfc15-8def-4f74-8676-687850bfe116"/>
	</HarnessItem>
	<HarnessItem xsi:type="BranchNode" id="BN_6862_25-222_156" x="6862.2495264001209" y="222.156421789602">
		<AppRef name="E3.Series" version="2.14.0.0" guid="569ef5e6-aa9b-4201-8d88-3ed2e681c55b"/>
	</HarnessItem>
	<HarnessItem xsi:type="BranchNode" id="BN_6903_9-174_058" x="6903.8995647731108" y="174.05818694693102">
		<AppRef name="E3.Series" version="2.13.7.0" guid="41005978-fb00-4f0c-a90e-d729207117d3"/>
	</HarnessItem>
	<HarnessItem xsi:type="BranchNode" id="BN_6903_9-126_058" x="6903.8995647731108" y="126.058186946931">
		<AppRef name="E3.Series" version="2.14.0.0" guid="fadc83e5-1b7b-4747-b0fb-9f24b994588c"/>
	</HarnessItem>
	<HarnessItem xsi:type="BranchNode" id="BN_6966_25-182_156" x="6966.2495264001209" y="182.156421789602">
		<AppRef name="E3.Series" version="2.14.0.0" guid="caf1e2ea-33e7-4960-be1f-01766b900e89"/>
	</HarnessItem>
	<HarnessItem xsi:type="BranchNode" id="BN_6967_9-126_058" x="6967.8995647731108" y="126.058186946931">
		<AppRef name="E3.Series" version="2.13.7.0" guid="6de4bdd3-fb9c-4650-b2e6-804a489272a3"/>
	</HarnessItem>
	<HarnessItem xsi:type="BranchNode" id="BN_6951_9-126_058" x="6951.8995647731108" y="126.058186946931">
		<AppRef name="E3.Series" version="2.14.0.0" guid="0f5a4e33-c372-4b02-ba46-ad8c2786d188"/>
	</HarnessItem>
	<HarnessItem xsi:type="BranchNode" id="BN_11592_25-344_156" x="11592.2495264001" y="344.156421789602">
		<AppRef name="E3.Series" version="2.13.7.0" guid="4fd91045-5782-4296-a784-767c36eee8f4"/>
	</HarnessItem>
	<HarnessItem xsi:type="BranchNode" id="BN_11592-280" x="11592" y="280">
		<AppRef name="E3.Series" version="2.14.0.0" guid="43952e08-6d29-4043-9b70-5560b85a1912"/>
	</HarnessItem>
	<HarnessItem xsi:type="BranchNode" id="BN_11248-359" x="11248" y="359">
		<AppRef name="E3.Series" version="2.14.0.0" guid="c638c9d6-6d88-4273-8fc0-1a473e8f40e7"/>
	</HarnessItem>
	<HarnessItem xsi:type="BranchNode" id="BN_11248-279" x="11248" y="279">
		<AppRef name="E3.Series" version="2.14.0.0" guid="11da1dec-6083-48a2-a435-eb187752c592"/>
	</HarnessItem>
	<HarnessItem xsi:type="BranchNode" id="BN_22848-48" x="22848" y="48">
		<AppRef name="E3.Series" version="2.14.0.0" guid="07e4f042-e856-467b-80d4-e95520aa2e90"/>
	</HarnessItem>
	<HarnessItem xsi:type="BranchNode" id="BN_22812-48" x="22812" y="48">
		<AppRef name="E3.Series" version="2.13.7.0" guid="c0327fda-dcdf-43f3-b7a1-9da4491fb627"/>
	</HarnessItem>
	<HarnessItem xsi:type="BranchNode" id="BN_18344-336" x="18344" y="336">
		<AppRef name="E3.Series" version="2.14.0.0" guid="1d6406e0-14e1-4045-8d31-92f2335bc736"/>
	</HarnessItem>
	<HarnessItem xsi:type="BranchNode" id="BN_18280-336" x="18280" y="336">
		<AppRef name="E3.Series" version="2.14.0.0" guid="abb1679d-ad12-4c44-be84-745fb48a4f06"/>
	</HarnessItem>
	<HarnessItem xsi:type="BranchNode" id="BN_18232-120" x="18232" y="120">
		<AppRef name="E3.Series" version="2.13.7.0" guid="208bea4a-382d-4d6d-9583-28d49bb9508c"/>
	</HarnessItem>
	<HarnessItem xsi:type="BranchNode" id="BN_16720-240" x="16720" y="240">
		<AppRef name="E3.Series" version="2.13.7.0" guid="2ca6c722-04f2-4aa4-b7f4-2f57681a31fb"/>
	</HarnessItem>
	<HarnessItem xsi:type="BranchNode" id="BN_3398_25-334_156" x="3398.24952640012" y="334.156421789602">
		<AppRef name="E3.Series" version="2.14.0.0" guid="34ccbfc9-a8e9-415a-9871-2df2f0e31458"/>
	</HarnessItem>
	<HarnessItem xsi:type="BranchNode" id="BN_3870_25-374_156" x="3870.24952640012" y="374.156421789602">
		<AppRef name="E3.Series" version="2.14.0.0" guid="0b3b7449-c868-4d4e-8413-205ebc92c579"/>
	</HarnessItem>
	<HarnessItem xsi:type="BranchNode" id="BN_17136-200" x="17136" y="200">
		<AppRef name="E3.Series" version="2.13.7.0" guid="188d320d-519d-41f5-8015-bc0d357c2072"/>
	</HarnessItem>
	<HarnessItem xsi:type="BranchNode" id="BN_17104-200" x="17104" y="200">
		<AppRef name="E3.Series" version="2.14.0.0" guid="df002055-67f7-41bc-bc9f-f635299a7008"/>
	</HarnessItem>
	<HarnessItem xsi:type="BranchNode" id="BN_17176-352" x="17176" y="352">
		<AppRef name="E3.Series" version="2.14.0.0" guid="94c52976-f267-464b-b703-fc994a576c4b"/>
	</HarnessItem>
	<HarnessItem xsi:type="BranchNode" id="BN_17176-328" x="17176" y="328">
		<AppRef name="E3.Series" version="2.14.0.0" guid="432245cc-7b57-4124-90a0-df36e78e3a87"/>
	</HarnessItem>
	<HarnessItem xsi:type="BranchNode" id="BN_23304-360" x="23304" y="360">
		<AppRef name="E3.Series" version="2.14.0.0" guid="61dde3f7-1fb8-4da0-bb74-0582ae2efe26"/>
	</HarnessItem>
	<HarnessItem xsi:type="BranchNode" id="BN_23304-284" x="23304" y="284">
		<AppRef name="E3.Series" version="2.13.7.0" guid="2928a175-4887-4e50-9a1e-c71b787e68f9"/>
	</HarnessItem>
	<HarnessItem xsi:type="BranchNode" id="BN_7301_9-272_058" x="7301.8995647731108" y="272.05818694693096">
		<AppRef name="E3.Series" version="2.13.7.0" guid="20c50176-345c-47bc-bfc2-45d438164702"/>
	</HarnessItem>
	<HarnessItem xsi:type="BranchNode" id="BN_7253_9-272_058" x="7253.8995647731108" y="272.05818694693096">
		<AppRef name="E3.Series" version="2.14.0.0" guid="d8791a88-f446-40ad-8e4f-5444019bf170"/>
	</HarnessItem>
	<HarnessItem xsi:type="BranchNode" id="BN_21712-216" x="21712" y="216">
		<AppRef name="E3.Series" version="2.14.0.0" guid="e8088e64-60e1-4b4c-b6a4-350b0f06aaf0"/>
	</HarnessItem>
	<HarnessItem xsi:type="BranchNode" id="BN_21712-184" x="21712" y="184">
		<AppRef name="E3.Series" version="2.13.7.0" guid="1fa46f7e-82b7-4e75-aa9e-8b51a1d4a4dc"/>
	</HarnessItem>
	<HarnessItem xsi:type="BranchNode" id="BN_21404-220" x="21404" y="220">
		<AppRef name="E3.Series" version="2.14.0.0" guid="7ee46922-1e8c-46ff-9d8c-4260ee89c1c5"/>
	</HarnessItem>
	<HarnessItem xsi:type="BranchNode" id="BN_21712-332" x="21712" y="332">
		<AppRef name="E3.Series" version="2.14.0.0" guid="e2826483-c94d-408d-9a77-ed12efc675dc"/>
	</HarnessItem>
	<HarnessItem xsi:type="BranchNode" id="BN_21404-188" x="21404" y="188">
		<AppRef name="E3.Series_branch_moved" version="1.0.0.0" guid="N275"/>
		<AppRef name="E3.Series" version="2.13.7.0" guid="ef490015-9436-484c-a844-82e016adeb0b"/>
	</HarnessItem>
	<HarnessItem xsi:type="BranchNode" id="BN_21968-332" x="21968" y="332">
		<AppRef name="E3.Series" version="2.14.0.0" guid="e5199fa3-c544-4e5b-9b2e-bec0a33f2c2c"/>
	</HarnessItem>
	<HarnessItem xsi:type="BranchNode" id="BN_22028-256" x="22028" y="256">
		<AppRef name="E3.Series" version="2.14.0.0" guid="2ded40c3-7a7b-4c38-876f-f09abd7c641f"/>
	</HarnessItem>
	<HarnessItem xsi:type="BranchNode" id="BN_22052-256" x="22052" y="256">
		<AppRef name="E3.Series_branch_moved" version="1.0.0.0" guid="N75"/>
		<AppRef name="E3.Series" version="2.13.7.0" guid="5e846117-c80c-4def-969b-228931a20be5"/>
	</HarnessItem>
	<HarnessItem xsi:type="BranchNode" id="BN_22204-208" x="22204" y="208">
		<AppRef name="E3.Series" version="2.14.0.0" guid="69b2b6cd-1124-44ef-a051-0dfa2736fc07"/>
	</HarnessItem>
	<HarnessItem xsi:type="BranchNode" id="BN_22204-180" x="22204" y="180">
		<AppRef name="E3.Series_branch_moved" version="1.0.0.0" guid="N77"/>
		<AppRef name="E3.Series" version="2.13.7.0" guid="b4a861f6-ece9-4d66-855d-2abf8a979104"/>
	</HarnessItem>
	<HarnessItem xsi:type="BranchNode" id="BN_22204-304" x="22204" y="304">
		<AppRef name="E3.Series" version="2.14.0.0" guid="105a046f-8924-4547-919c-ffde44c77e73"/>
	</HarnessItem>
	<HarnessItem xsi:type="BranchNode" id="BN_21996-304" x="21996" y="304">
		<AppRef name="E3.Series" version="2.14.0.0" guid="cdb71c82-298a-4047-a604-101624ed1c21"/>
	</HarnessItem>
	<HarnessItem xsi:type="BranchNode" id="BN_8976-264" x="8976" y="264">
		<AppRef name="E3.Series" version="2.13.7.0" guid="7097278b-4b5a-4796-921c-d03c5e532d87"/>
	</HarnessItem>
	<HarnessItem xsi:type="BranchNode" id="BN_9270_25-326_156" x="9270.24952640012" y="326.156421789602">
		<AppRef name="E3.Series" version="2.14.0.0" guid="478b3c94-b4b4-4d01-8522-c2463e85cb92"/>
	</HarnessItem>
	<HarnessItem xsi:type="BranchNode" id="BN_9151_9-374_058" x="9151.89956477311" y="374.058186946931">
		<AppRef name="E3.Series" version="2.14.0.0" guid="627c3f90-40cc-43e3-8de0-635bedf294ff"/>
	</HarnessItem>
	<HarnessItem xsi:type="BranchNode" id="BN_9256-216" x="9256" y="216">
		<AppRef name="E3.Series" version="2.14.0.0" guid="90f3e463-e6da-45d3-a73d-90d7156e4a72"/>
	</HarnessItem>
	<HarnessItem xsi:type="BranchNode" id="BN_9256-192" x="9256" y="192">
		<AppRef name="E3.Series" version="2.13.7.0" guid="d366abee-6db2-44d4-a407-38569702dfb4"/>
	</HarnessItem>
	<HarnessItem xsi:type="BranchNode" id="BN_8352_25-185_156" x="8352.24952640012" y="185.156421789602">
		<AppRef name="E3.Series" version="2.14.0.0" guid="ea4c2b40-12c4-4613-965e-6ab1447def44"/>
	</HarnessItem>
	<HarnessItem xsi:type="BranchNode" id="BN_8352_25-141_156" x="8352.24952640012" y="141.156421789602">
		<AppRef name="E3.Series" version="2.13.7.0" guid="f042b5c2-a552-4e36-9e27-2ebd69310e2a"/>
	</HarnessItem>
	<HarnessItem xsi:type="BranchNode" id="BN_7258_25-62_156" x="7258.2495264001209" y="62.156421789601907">
		<AppRef name="E3.Series" version="2.14.0.0" guid="8d079023-9aa7-4d0a-9d95-d253b430c98e"/>
	</HarnessItem>
	<HarnessItem xsi:type="BranchNode" id="BN_7290_25-62_156" x="7290.2495264001209" y="62.156421789601907">
		<AppRef name="E3.Series" version="2.13.7.0" guid="c67c3d2d-5c00-434c-a595-37a4e4c504af"/>
	</HarnessItem>
	<HarnessItem xsi:type="BranchNode" id="BN_7038_25-150_156" x="7038.2495264001209" y="150.156421789602">
		<AppRef name="E3.Series" version="2.14.0.0" guid="df0ae907-15d7-4884-b782-193f57c60944"/>
	</HarnessItem>
	<HarnessItem xsi:type="BranchNode" id="BN_7639_9-150_058" x="7639.8995647731108" y="150.05818694693102">
		<AppRef name="E3.Series" version="2.14.0.0" guid="37886124-fd28-4144-afd0-14a4e61c2e64"/>
	</HarnessItem>
	<HarnessItem xsi:type="BranchNode" id="BN_6446_25-78_156" x="6446.24952640012" y="78.156421789601907">
		<AppRef name="E3.Series" version="2.14.0.0" guid="fd574de3-8782-481e-952f-674f819f9b6b"/>
	</HarnessItem>
	<HarnessItem xsi:type="BranchNode" id="BN_6402_25-78_156" x="6402.24952640012" y="78.156421789601907">
		<AppRef name="E3.Series" version="2.13.7.0" guid="dab5bfe7-a71f-47dd-8ddd-c13a89c76c6b"/>
	</HarnessItem>
	<HarnessItem xsi:type="BranchNode" id="BN_5623_9-190_058" x="5623.89956477311" y="190.05818694693102">
		<AppRef name="E3.Series" version="2.14.0.0" guid="3da10494-2922-4e75-8cdd-b5b1730e0149"/>
	</HarnessItem>
	<HarnessItem xsi:type="BranchNode" id="BN_5623_9-162_058" x="5623.89956477311" y="162.05818694693102">
		<AppRef name="E3.Series" version="2.13.7.0" guid="d008c70a-3458-4ab5-a12c-0c275929de6a"/>
	</HarnessItem>
	<HarnessItem xsi:type="BranchNode" id="BN_5263_9-230_058" x="5263.89956477311" y="230.058186946931">
		<AppRef name="E3.Series" version="2.14.0.0" guid="f3a84b0d-608f-41ff-bf9d-8ee58590f1a0"/>
	</HarnessItem>
	<HarnessItem xsi:type="BranchNode" id="BN_5263_9-334_058" x="5263.89956477311" y="334.058186946931">
		<AppRef name="E3.Series" version="2.14.0.0" guid="11e96c1a-bec1-4274-b50e-160c35af63fc"/>
	</HarnessItem>
	<HarnessItem xsi:type="BranchNode" id="BN_5591_9-334_058" x="5591.89956477311" y="334.058186946931">
		<AppRef name="E3.Series" version="2.14.0.0" guid="c17fa26e-2703-4f47-a6b1-8222ce32792c"/>
	</HarnessItem>
	<HarnessItem xsi:type="BranchNode" id="BN_5623_9-334_058" x="5623.89956477311" y="334.058186946931">
		<AppRef name="E3.Series" version="2.14.0.0" guid="28a7ea5e-1000-402e-9ee2-366180f8d367"/>
	</HarnessItem>
	<HarnessItem xsi:type="BranchNode" id="BN_5135_9-278_058" x="5135.89956477311" y="278.05818694693096">
		<AppRef name="E3.Series" version="2.14.0.0" guid="2b3b84b7-c982-46c0-8c03-08f84e48dba8"/>
	</HarnessItem>
	<HarnessItem xsi:type="BranchNode" id="BN_5135_9-222_058" x="5135.89956477311" y="222.058186946931">
		<AppRef name="E3.Series" version="2.13.7.0" guid="02f21a74-cf6c-45b1-b0de-5898e317ce82"/>
	</HarnessItem>
	<HarnessItem xsi:type="BranchNode" id="BN_5199_9-334_058" x="5199.89956477311" y="334.058186946931">
		<AppRef name="E3.Series" version="2.14.0.0" guid="bcf5e19d-ee3f-42ad-a616-49a72b38e445"/>
	</HarnessItem>
	<HarnessItem xsi:type="BranchNode" id="BN_4783_9-214_058" x="4783.89956477311" y="214.058186946931">
		<AppRef name="E3.Series" version="2.14.0.0" guid="2be3683c-7f83-416f-8b8d-08ae91e3e8ad"/>
	</HarnessItem>
	<HarnessItem xsi:type="BranchNode" id="BN_4919_9-254_058" x="4919.89956477311" y="254.058186946931">
		<AppRef name="E3.Series" version="2.14.0.0" guid="1d77d55b-7195-4af4-bef1-4c86397bb0d1"/>
	</HarnessItem>
	<HarnessItem xsi:type="BranchNode" id="BN_4919_9-222_058" x="4919.89956477311" y="222.058186946931">
		<AppRef name="E3.Series" version="2.13.7.0" guid="7c9f4746-8d61-4ef2-94d5-90127cd79a33"/>
	</HarnessItem>
	<HarnessItem xsi:type="BranchNode" id="BN_4783_9-170_058" x="4783.89956477311" y="170.05818694693102">
		<AppRef name="E3.Series" version="2.13.7.0" guid="7fa6197d-7749-4831-8f7f-48f9e2975635"/>
	</HarnessItem>
	<HarnessItem xsi:type="BranchNode" id="BN_4567_9-230_058" x="4567.89956477311" y="230.058186946931">
		<AppRef name="E3.Series" version="2.14.0.0" guid="83ee8d4f-079f-49a9-87c7-0dcd7a9193cd"/>
	</HarnessItem>
	<HarnessItem xsi:type="BranchNode" id="BN_4567_9-178_058" x="4567.89956477311" y="178.05818694693102">
		<AppRef name="E3.Series" version="2.13.7.0" guid="880dd01b-d5f6-4f54-a03b-27b8dd4d585e"/>
	</HarnessItem>
	<HarnessItem xsi:type="BranchNode" id="BN_4478_25-214_156" x="4478.24952640012" y="214.156421789602">
		<AppRef name="E3.Series" version="2.14.0.0" guid="3f64b901-3cfd-4519-81e4-6bb3fa73e48f"/>
	</HarnessItem>
	<HarnessItem xsi:type="BranchNode" id="BN_4478_25-182_156" x="4478.24952640012" y="182.156421789602">
		<AppRef name="E3.Series" version="2.13.7.0" guid="9afd5160-b957-46c8-b3d0-792e6d38e545"/>
	</HarnessItem>
	<HarnessItem xsi:type="BranchNode" id="BN_4632-294" x="4632" y="294">
		<AppRef name="E3.Series" version="2.14.0.0" guid="bb6160cc-8cfb-4ccd-ac00-ea1046211750"/>
	</HarnessItem>
	<HarnessItem xsi:type="BranchNode" id="BN_7197_9-272_058" x="7197.8995647731108" y="272.05818694693096">
		<AppRef name="E3.Series" version="2.14.0.0" guid="eeff15b6-007e-4a16-bde7-3566c7a1e84a"/>
	</HarnessItem>
	<HarnessItem xsi:type="BranchNode" id="BN_3870_25-230_156" x="3870.24952640012" y="230.156421789602">
		<AppRef name="E3.Series" version="2.14.0.0" guid="0485a152-07f2-48c7-9a01-92ff76e73c1e"/>
	</HarnessItem>
	<HarnessItem xsi:type="BranchNode" id="BN_3870_25-198_156" x="3870.24952640012" y="198.156421789602">
		<AppRef name="E3.Series" version="2.13.7.0" guid="50eb0b1a-03e0-4a8d-941f-6cfcb65d4ffb"/>
	</HarnessItem>
	<HarnessItem xsi:type="BranchNode" id="BN_3734_25-230_156" x="3734.24952640012" y="230.156421789602">
		<AppRef name="E3.Series" version="2.14.0.0" guid="763341ca-8bc8-47f6-b51f-31a98c0cdf66"/>
	</HarnessItem>
	<HarnessItem xsi:type="BranchNode" id="BN_3734_25-198_156" x="3734.24952640012" y="198.156421789602">
		<AppRef name="E3.Series" version="2.13.7.0" guid="6431801b-5770-497b-af2b-edb6ab5ea236"/>
	</HarnessItem>
	<HarnessItem xsi:type="BranchNode" id="BN_3374_25-374_156" x="3374.24952640012" y="374.156421789602">
		<AppRef name="E3.Series" version="2.14.0.0" guid="14565a5c-37bb-42a8-96c7-b0a64c468530"/>
	</HarnessItem>
	<HarnessItem xsi:type="BranchNode" id="BN_3127_9-222_058" x="3127.8995647731103" y="222.058186946931">
		<AppRef name="E3.Series" version="2.14.0.0" guid="0cd54c6a-d8f8-44c0-877d-dada2fc67951"/>
	</HarnessItem>
	<HarnessItem xsi:type="BranchNode" id="BN_3127_9-190_058" x="3127.8995647731103" y="190.05818694693102">
		<AppRef name="E3.Series" version="2.13.7.0" guid="602aca6f-2d68-446a-96ec-a0d85ec5db1d"/>
	</HarnessItem>
	<HarnessItem xsi:type="BranchNode" id="BN_2863_9-229_058" x="2863.8995647731103" y="229.058186946931">
		<AppRef name="E3.Series" version="2.14.0.0" guid="8a8403ca-0780-4ef0-9f15-30bd055903be"/>
	</HarnessItem>
	<HarnessItem xsi:type="BranchNode" id="BN_3127_9-374_058" x="3127.8995647731103" y="374.058186946931">
		<AppRef name="E3.Series" version="2.14.0.0" guid="9fc90c39-b98f-4d8a-af95-0dfbacbbdbaa"/>
	</HarnessItem>
	<HarnessItem xsi:type="BranchNode" id="BN_2863_9-198_058" x="2863.8995647731103" y="198.05818694693102">
		<AppRef name="E3.Series" version="2.13.7.0" guid="d5d33d67-0479-4c48-a23e-4f26bc94ea5a"/>
	</HarnessItem>
	<HarnessItem xsi:type="BranchNode" id="BN_12720-256" x="12720" y="256">
		<AppRef name="E3.Series" version="2.14.0.0" guid="695a077d-0f78-46ce-b32d-49b6fe9fb2b4"/>
	</HarnessItem>
	<HarnessItem xsi:type="BranchNode" id="BN_12720-216" x="12720" y="216">
		<AppRef name="E3.Series" version="2.13.7.0" guid="719cb5ab-ea14-49d5-a6db-eb21586d3226"/>
	</HarnessItem>
	<HarnessItem xsi:type="BranchNode" id="BN_6087_9-210_058" x="6087.89956477311" y="210.058186946931">
		<AppRef name="E3.Series" version="2.13.7.0" guid="783843a8-b509-4f7b-b8db-4b7429abb649"/>
	</HarnessItem>
	<HarnessItem xsi:type="BranchNode" id="BN_695_9-226_058" x="695.899564773109" y="226.058186946931">
		<AppRef name="E3.Series" version="2.14.0.0" guid="7f389182-937a-444b-abac-90785af5de45"/>
	</HarnessItem>
	<HarnessItem xsi:type="BranchNode" id="BN_695_9-190_058" x="695.899564773109" y="190.05818694693102">
		<AppRef name="E3.Series" version="2.13.7.0" guid="b84d1229-526d-4406-9f61-96dbe8554cb5"/>
	</HarnessItem>
	<HarnessItem xsi:type="BranchNode" id="BN_79_9-230_058" x="79.899564773109" y="230.058186946931">
		<AppRef name="E3.Series" version="2.14.0.0" guid="06f37a96-6e42-42d3-9d94-3867c3f7730d"/>
	</HarnessItem>
	<HarnessItem xsi:type="BranchNode" id="BN_2223_9-390_058" x="2223.8995647731103" y="390.058186946931">
		<AppRef name="E3.Series" version="2.14.0.0" guid="4656811e-1c1c-4615-9fcc-0fc8d22153dc"/>
	</HarnessItem>
	<HarnessItem xsi:type="BranchNode" id="BN_79_9-190_058" x="79.899564773109" y="190.05818694693102">
		<AppRef name="E3.Series" version="2.13.7.0" guid="f4d3e5a0-d60a-4fb6-8fe1-92f78dbf797b"/>
	</HarnessItem>
	<HarnessItem xsi:type="BranchNode" id="BN_21240-384" x="21240" y="384">
		<AppRef name="E3.Series" version="2.14.0.0" guid="e7a4e692-ec13-4f8c-bbe2-8d8ee5b2c9dd"/>
	</HarnessItem>
	<HarnessItem xsi:type="BranchNode" id="BN_12720-392" x="12720" y="392">
		<AppRef name="E3.Series" version="2.14.0.0" guid="9f074633-c588-4166-a3da-a9097b9a7289"/>
	</HarnessItem>
	<HarnessItem xsi:type="BranchNode" id="BN_13261_9-390_058" x="13261.8995647731" y="390.058186946931">
		<AppRef name="E3.Series" version="2.14.0.0" guid="b1b42d4e-1d78-47dc-8490-1751e85fcfea"/>
	</HarnessItem>
	<HarnessItem xsi:type="BranchNode" id="BN_13262_25-386_156" x="13262.249526400099" y="386.156421789602">
		<AppRef name="E3.Series" version="2.14.0.0" guid="d1c87e77-38f3-4a6d-8d80-028efc6cbc5d"/>
	</HarnessItem>
	<HarnessItem xsi:type="BranchNode" id="BN_7639_9-134_058" x="7639.8995647731108" y="134.05818694693102">
		<AppRef name="E3.Series" version="2.14.0.0" guid="a5d7121c-57ed-4776-af05-c6373612fd02"/>
	</HarnessItem>
	<HarnessItem xsi:type="BranchNode" id="BN_23840-384" x="23840" y="384">
		<AppRef name="E3.Series" version="2.14.0.0" guid="c17bbdad-cc6d-48f2-b14f-d258a054cd72"/>
	</HarnessItem>
	<HarnessItem xsi:type="BranchNode" id="BN_23840-264" x="23840" y="264">
		<AppRef name="E3.Series" version="2.14.0.0" guid="d31b1131-2bef-410c-a4c7-1dca93affe12"/>
	</HarnessItem>
	<HarnessItem xsi:type="BranchNode" id="BN_20596-224" x="20596" y="224">
		<AppRef name="E3.Series" version="2.14.0.0" guid="4de58a8b-2e7e-4130-9538-8c0173c6cab7"/>
	</HarnessItem>
	<HarnessItem xsi:type="BranchNode" id="BN_18448_25-296_156" x="18448.249526400097" y="296.156421789602">
		<AppRef name="E3.Series" version="2.13.7.0" guid="5794e17f-3886-4a23-ad46-f430a613a9f3"/>
	</HarnessItem>
	<HarnessItem xsi:type="BranchNode" id="BN_18448-216" x="18448" y="216">
		<AppRef name="E3.Series" version="2.14.0.0" guid="d50d63df-9c2d-426d-b539-5d806597a965"/>
	</HarnessItem>
	<HarnessItem xsi:type="BranchNode" id="BN_17896-336" x="17896" y="336">
		<AppRef name="E3.Series" version="2.14.0.0" guid="6fffd9ed-8e62-4d7b-9f6f-560fa08e2eb0"/>
	</HarnessItem>
	<HarnessItem xsi:type="BranchNode" id="BN_17896-264" x="17896" y="264">
		<AppRef name="E3.Series" version="2.14.0.0" guid="f88886f2-7b15-43e3-9baf-41f96cae3c50"/>
	</HarnessItem>
	<HarnessItem xsi:type="BranchNode" id="BN_16144-248" x="16144" y="248">
		<AppRef name="E3.Series" version="2.14.0.0" guid="2bf2ba2d-ca07-429b-b315-854ef4d9527b"/>
	</HarnessItem>
	<HarnessItem xsi:type="BranchNode" id="BN_8071_9-150_058" x="8071.8995647731108" y="150.05818694693102">
		<AppRef name="E3.Series" version="2.14.0.0" guid="ce7a1e38-2ef1-4f9a-bfff-864800ce2e63"/>
	</HarnessItem>
	<HarnessItem xsi:type="BranchNode" id="BN_8407_9-390_058" x="8407.89956477311" y="390.058186946931">
		<AppRef name="E3.Series" version="2.14.0.0" guid="d5182aa9-5790-4a69-ae49-19685da15220"/>
	</HarnessItem>
	<HarnessItem xsi:type="BranchNode" id="BN_8391_9-374_058" x="8391.89956477311" y="374.058186946931">
		<AppRef name="E3.Series" version="2.14.0.0" guid="0bc48103-b810-435f-9ec7-22f84a665d74"/>
	</HarnessItem>
	<HarnessItem xsi:type="BranchNode" id="BN_8431_9-374_058" x="8431.89956477311" y="374.058186946931">
		<AppRef name="E3.Series" version="2.14.0.0" guid="b01942d4-7a79-4601-9ca0-49a4b09a659d"/>
	</HarnessItem>
	<HarnessItem xsi:type="BranchNode" id="BN_10856-224" x="10856" y="224">
		<AppRef name="E3.Series" version="2.14.0.0" guid="e1bb3a5b-92d5-4716-aca4-a4dd727c63ff"/>
	</HarnessItem>
	<HarnessItem xsi:type="BranchNode" id="BN_10880-224" x="10880" y="224">
		<AppRef name="E3.Series" version="2.14.0.0" guid="6c052a18-b229-45af-ac07-784239d08b6e"/>
	</HarnessItem>
	<HarnessItem xsi:type="BranchNode" id="BN_16720-264" x="16720" y="264">
		<AppRef name="E3.Series" version="2.14.0.0" guid="9f0cfbd3-991b-4f88-b3f6-3ac34111b6c1"/>
	</HarnessItem>
	<HarnessItem xsi:type="BranchNode" id="BN_3231_9-198_058" x="3231.8995647731103" y="198.05818694693102">
		<AppRef name="E3.Series" version="2.13.7.0" guid="11197590-e0ff-4c2a-8e86-ac721cd28b41"/>
	</HarnessItem>
	<HarnessItem xsi:type="BranchNode" id="BN_3231_9-230_058" x="3231.8995647731103" y="230.058186946931">
		<AppRef name="E3.Series" version="2.14.0.0" guid="3a816362-4051-488a-a1a2-b9706d0737f3"/>
	</HarnessItem>
	<HarnessItem xsi:type="BranchNode" id="BN_4567_9-294_058" x="4567.89956477311" y="294.05818694693096">
		<AppRef name="E3.Series" version="2.14.0.0" guid="103b1c53-886d-42e1-a9b5-1f422adbe7f9"/>
	</HarnessItem>
	<HarnessItem xsi:type="BranchNode" id="BN_5263_9-198_058" x="5263.89956477311" y="198.05818694693102">
		<AppRef name="E3.Series" version="2.13.7.0" guid="36bae867-a8b2-4987-bfa4-812e64df2946"/>
	</HarnessItem>
	<HarnessItem xsi:type="BranchNode" id="BN_5623_9-254_058" x="5623.89956477311" y="254.058186946931">
		<AppRef name="E3.Series" version="2.14.0.0" guid="f68dbd79-c65d-47d5-9dc1-b3cea9296beb"/>
	</HarnessItem>
	<HarnessItem xsi:type="BranchNode" id="BN_9088-248" x="9088" y="248">
		<AppRef name="E3.Series" version="2.13.7.0" guid="8433063e-72a4-48fc-b79d-057eb2806610"/>
	</HarnessItem>
	<HarnessItem xsi:type="BranchNode" id="BN_9120-272" x="9120" y="272">
		<AppRef name="E3.Series" version="2.13.7.0" guid="ebff705b-77bb-4aed-ad6e-97f0710b77cf"/>
	</HarnessItem>
	<HarnessItem xsi:type="BranchNode" id="BN_10856-152" x="10856" y="152">
		<AppRef name="E3.Series" version="2.14.0.0" guid="978f6fd9-45c1-4e0a-b0e4-61afc0ac153c"/>
	</HarnessItem>
	<HarnessItem xsi:type="BranchNode" id="BN_11304-320" x="11304" y="320">
		<AppRef name="E3.Series" version="2.14.0.0" guid="94f32e17-0b1f-4ddd-b015-ebb4e0a98317"/>
	</HarnessItem>
	<HarnessItem xsi:type="BranchNode" id="BN_11424-248" x="11424" y="248">
		<AppRef name="E3.Series" version="2.14.0.0" guid="e13c2312-d3f9-4ca5-9a24-f10995277f4f"/>
	</HarnessItem>
	<HarnessItem xsi:type="BranchNode" id="BN_11974_25-210_156" x="11974.2495264001" y="210.156421789602">
		<AppRef name="E3.Series" version="2.13.7.0" guid="67cb6087-4944-4132-ad5e-072f5a378bdd"/>
	</HarnessItem>
	<HarnessItem xsi:type="BranchNode" id="BN_11974_25-242_156" x="11974.2495264001" y="242.156421789602">
		<AppRef name="E3.Series" version="2.14.0.0" guid="a72b4bf0-f7a5-41c6-8006-41eaebfb253a"/>
	</HarnessItem>
	<HarnessItem xsi:type="BranchNode" id="BN_12528-358" x="12528" y="358">
		<AppRef name="E3.Series" version="2.14.0.0" guid="6b523db7-284c-48c2-9e48-a3b251ec67d3"/>
	</HarnessItem>
	<HarnessItem xsi:type="BranchNode" id="BN_12528-208" x="12528" y="208">
		<AppRef name="E3.Series" version="2.14.0.0" guid="991d545c-678a-4230-b343-589136bf6bc9"/>
	</HarnessItem>
	<HarnessItem xsi:type="BranchNode" id="BN_3390_25-302_156" x="3390.24952640012" y="302.156421789602">
		<AppRef name="E3.Series" version="2.14.0.0" guid="71f9e517-cb22-4b00-be44-5d3c455ffcc4"/>
	</HarnessItem>
	<HarnessItem xsi:type="BranchNode" id="BN_23112-64" x="23112" y="64">
		<AppRef name="E3.Series" version="2.14.0.0" guid="4b1077fd-8534-462d-9f10-a5d877b28e49"/>
	</HarnessItem>
	<HarnessItem xsi:type="BranchNode" id="BN_23544-384" x="23544" y="384">
		<AppRef name="E3.Series" version="2.13.7.0" guid="540c862c-60e3-414b-96c0-df5d63c2cd1c"/>
	</HarnessItem>
	<HarnessItem xsi:type="BranchNode" id="BN_23072-176" x="23072" y="176">
		<AppRef name="E3.Series" version="2.14.0.0" guid="c7b6c994-2b4b-4009-920d-ea1214a8180c"/>
	</HarnessItem>
	<HarnessItem xsi:type="BranchNode" id="BN_23048-288" x="23048" y="288">
		<AppRef name="E3.Series" version="2.14.0.0" guid="539a545f-7aaf-420d-b508-bf86f105ca98"/>
	</HarnessItem>
	<HarnessItem xsi:type="BranchNode" id="BN_23104-184" x="23104" y="184">
		<AppRef name="E3.Series" version="2.14.0.0" guid="7a96ccec-11d7-4d50-ad48-aebafc91f33c"/>
	</HarnessItem>
	<HarnessItem xsi:type="BranchNode" id="BN_22840-304" x="22840" y="304">
		<AppRef name="E3.Series" version="2.14.0.0" guid="08ad2f70-b7f7-4398-887a-ddc0dbef41d9"/>
	</HarnessItem>
	<HarnessItem xsi:type="BranchNode" id="BN_22968-288" x="22968" y="288">
		<AppRef name="E3.Series" version="2.14.0.0" guid="3480afaa-a076-46a5-9b51-e7cc72c20cef"/>
	</HarnessItem>
	<HarnessItem xsi:type="BranchNode" id="BN_22496-360" x="22496" y="360">
		<AppRef name="E3.Series" version="2.14.0.0" guid="6b0e2afb-30ea-4427-ac2e-cb6f1448442e"/>
	</HarnessItem>
	<HarnessItem xsi:type="BranchNode" id="BN_23224-360" x="23224" y="360">
		<AppRef name="E3.Series" version="2.14.0.0" guid="7ca8486f-96bb-4815-9c03-ccc015a61ce0"/>
	</HarnessItem>
	<HarnessItem xsi:type="BranchNode" id="BN_23060-360" x="23060" y="360">
		<AppRef name="E3.Series" version="2.13.7.0" guid="dc286a0d-882c-410a-b30c-ec24c3f06be8"/>
	</HarnessItem>
	<HarnessItem xsi:type="BranchNode" id="BN_19088-184" x="19088" y="184">
		<AppRef name="E3.Series" version="2.14.0.0" guid="47943beb-bd09-4363-8c45-c82ed27908da"/>
	</HarnessItem>
	<HarnessItem xsi:type="BranchNode" id="BN_19410-256" x="19410" y="256">
		<AppRef name="E3.Series" version="2.14.0.0" guid="d5b8a2f7-5779-4cdb-a4a6-2e97c18e43b3"/>
	</HarnessItem>
	<HarnessItem xsi:type="BranchNode" id="BN_18848-336" x="18848" y="336">
		<AppRef name="E3.Series" version="2.14.0.0" guid="7cfd5ac6-41ca-41a0-ae21-502abd3b9ba6"/>
	</HarnessItem>
	<HarnessItem xsi:type="BranchNode" id="BN_18520-336" x="18520" y="336">
		<AppRef name="E3.Series" version="2.14.0.0" guid="7192b0b3-3ff8-4fc7-bcf4-e8904be4c4a0"/>
	</HarnessItem>
	<HarnessItem xsi:type="BranchNode" id="BN_8520-272" x="8520" y="272">
		<AppRef name="E3.Series" version="2.14.0.0" guid="5372d075-d48b-4c9c-b849-a2b538740432"/>
	</HarnessItem>
	<HarnessItem xsi:type="BranchNode" id="BN_8520-248" x="8520" y="248">
		<AppRef name="E3.Series" version="2.13.7.0" guid="1db3efce-d418-44f3-8b8c-4f48f7451388"/>
	</HarnessItem>
	<HarnessItem xsi:type="BranchNode" id="BN_12382_25-358_156" x="12382.2495264001" y="358.156421789602">
		<AppRef name="E3.Series" version="2.14.0.0" guid="0086c009-a1ed-402a-a6a3-c1cba5a2bf1c"/>
	</HarnessItem>
	<HarnessItem xsi:type="BranchNode" id="BN_12430_25-358_156" x="12430.2495264001" y="358.156421789602">
		<AppRef name="E3.Series" version="2.14.0.0" guid="9d7cde95-621b-4044-a12e-7f2c2112801c"/>
	</HarnessItem>
	<HarnessItem xsi:type="BranchNode" id="BN_12206_25-358_156" x="12206.2495264001" y="358.156421789602">
		<AppRef name="E3.Series" version="2.14.0.0" guid="16e930e1-13cd-4a3c-bc0c-bef5e38650ad"/>
	</HarnessItem>
	<HarnessItem xsi:type="BranchNode" id="BN_12382_25-230_156" x="12382.2495264001" y="230.156421789602">
		<AppRef name="E3.Series" version="2.14.0.0" guid="f9002229-11f8-4580-8e9e-85a9acc092a5"/>
	</HarnessItem>
	<HarnessItem xsi:type="BranchNode" id="BN_12382_25-194_156" x="12382.2495264001" y="194.156421789602">
		<AppRef name="E3.Series" version="2.13.7.0" guid="38c92422-2478-49ce-9e06-d691fa6fe20e"/>
	</HarnessItem>
	<HarnessItem xsi:type="BranchNode" id="BN_11304-168" x="11304" y="168">
		<AppRef name="E3.Series" version="2.14.0.0" guid="569a2b69-8006-4624-b513-df35ef4c1174"/>
	</HarnessItem>
	<HarnessItem xsi:type="BranchNode" id="BN_11304-132" x="11304" y="132">
		<AppRef name="E3.Series" version="2.13.7.0" guid="b6f4cbdf-19c4-4618-839b-eda77078f7f2"/>
	</HarnessItem>
	<HarnessItem xsi:type="BranchNode" id="BN_11400-320" x="11400" y="320">
		<AppRef name="E3.Series" version="2.14.0.0" guid="69bc019a-5c24-446d-991a-ebb3c8be5ea7"/>
	</HarnessItem>
	<HarnessItem xsi:type="BranchNode" id="BN_16936-188" x="16936" y="188">
		<AppRef name="E3.Series" version="2.14.0.0" guid="5aa28b3f-18e1-4d6c-9f45-af58fe0c2080"/>
	</HarnessItem>
	<HarnessItem xsi:type="BranchNode" id="BN_16936-148" x="16936" y="148">
		<AppRef name="E3.Series" version="2.13.7.0" guid="b135b820-dd6c-4771-abad-a817a1ddffd9"/>
	</HarnessItem>
	<HarnessItem xsi:type="BranchNode" id="BN_17032-96" x="17032" y="96">
		<AppRef name="E3.Series" version="2.14.0.0" guid="e913f059-1c55-4174-95d5-9a0f8cd7b25a"/>
	</HarnessItem>
	<HarnessItem xsi:type="BranchNode" id="BN_17032-72" x="17032" y="72">
		<AppRef name="E3.Series" version="2.13.7.0" guid="813e362a-d603-490f-a7b0-99cdd880c747"/>
	</HarnessItem>
	<HarnessItem xsi:type="BranchNode" id="BN_1111_9-174_058" x="1111.8995647731101" y="174.05818694693102">
		<AppRef name="E3.Series" version="2.14.0.0" guid="79b34511-15aa-489f-995c-1ed26818634b"/>
	</HarnessItem>
	<HarnessItem xsi:type="BranchNode" id="BN_4390_25-238_156" x="4390.24952640012" y="238.156421789602">
		<AppRef name="E3.Series" version="2.14.0.0" guid="6b3a31c0-a901-4fb9-97a5-01526d2fcb68"/>
	</HarnessItem>
	<HarnessItem xsi:type="BranchNode" id="BN_4390_25-206_156" x="4390.24952640012" y="206.156421789602">
		<AppRef name="E3.Series" version="2.13.7.0" guid="db3e16a9-bd3a-4eaf-afc6-d04940917b18"/>
	</HarnessItem>
	<HarnessItem xsi:type="BranchNode" id="BN_11136-359" x="11136" y="359">
		<AppRef name="E3.Series" version="2.14.0.0" guid="07960c51-64dc-4434-b53d-d3e8e2e02dbd"/>
	</HarnessItem>
	<HarnessItem xsi:type="BranchNode" id="BN_10976-92" x="10976" y="92">
		<AppRef name="E3.Series" version="2.13.7.0" guid="42cec39d-67d4-402e-9d30-cf37ed0536c8"/>
	</HarnessItem>
	<HarnessItem xsi:type="BranchNode" id="BN_16568_25-152_156" x="16568.249526400097" y="152.156421789602">
		<AppRef name="E3.Series" version="2.14.0.0" guid="c62d4b2d-ed54-4e8c-a1f4-43663c6a9f3e"/>
	</HarnessItem>
	<HarnessItem xsi:type="BranchNode" id="BN_16568_25-124_156" x="16568.249526400097" y="124.15642178960199">
		<AppRef name="E3.Series" version="2.13.7.0" guid="caa05eca-064c-4bb4-956f-aabef7b660a2"/>
	</HarnessItem>
	<HarnessItem xsi:type="BranchNode" id="BN_22736-112" x="22736" y="112">
		<AppRef name="E3.Series" version="2.14.0.0" guid="61041c08-f900-4021-8dcc-bdf54a2354fd"/>
	</HarnessItem>
	<HarnessItem xsi:type="BranchNode" id="BN_22712-112" x="22712" y="112">
		<AppRef name="E3.Series" version="2.13.7.0" guid="e9c8a58b-84a8-4d8b-9345-8a38d43887b7"/>
	</HarnessItem>
	<HarnessItem xsi:type="BranchNode" id="BN_23664-384" x="23664" y="384">
		<AppRef name="E3.Series" version="2.14.0.0" guid="c014f124-aa80-472b-a688-d8edf58c6d93"/>
	</HarnessItem>
	<HarnessItem xsi:type="BranchNode" id="BN_23840-236" x="23840" y="236">
		<AppRef name="E3.Series" version="2.13.7.0" guid="ebb80428-e30a-4e32-befb-10559551e325"/>
	</HarnessItem>
	<HarnessItem xsi:type="BranchNode" id="BN_24512-304" x="24512" y="304">
		<AppRef name="E3.Series" version="2.14.0.0" guid="6b84db30-4d3d-4440-9b1d-922cfba58fb1"/>
	</HarnessItem>
	<HarnessItem xsi:type="BranchNode" id="BN_24512-276" x="24512" y="276">
		<AppRef name="E3.Series" version="2.13.7.0" guid="eabbd93c-55a9-4181-b2df-05de28317199"/>
	</HarnessItem>
	<HarnessItem xsi:type="BranchNode" id="BN_22408-360" x="22408" y="360">
		<AppRef name="E3.Series" version="2.14.0.0" guid="1f3e85b0-87d6-4251-8613-db28b310b195"/>
	</HarnessItem>
	<HarnessItem xsi:type="BranchNode" id="BN_22372-360" x="22372" y="360">
		<AppRef name="E3.Series" version="2.13.7.0" guid="57cd98a1-a0d5-41ed-8d6f-7431de4e13a9"/>
	</HarnessItem>
	<HarnessItem xsi:type="BranchNode" id="BN_20576-224" x="20576" y="224">
		<AppRef name="E3.Series" version="2.13.7.0" guid="d98aff07-0e45-4041-aedc-c79a9677eeb1"/>
	</HarnessItem>
	<HarnessItem xsi:type="BranchNode" id="BN_21116-320" x="21116" y="320">
		<AppRef name="E3.Series" version="2.14.0.0" guid="7229588c-65ab-4ec4-bcf1-7392eba454ed"/>
	</HarnessItem>
	<HarnessItem xsi:type="BranchNode" id="BN_21072-320" x="21072" y="320">
		<AppRef name="E3.Series" version="2.13.7.0" guid="cd41a8a9-1c8b-4889-83b5-c2df5ee05b94"/>
	</HarnessItem>
	<HarnessItem xsi:type="BranchNode" id="BN_20180-60" x="20180" y="60">
		<AppRef name="E3.Series" version="2.14.0.0" guid="89afec53-3ceb-4fbc-b31b-5d8ce7afb485"/>
	</HarnessItem>
	<HarnessItem xsi:type="BranchNode" id="BN_20144-60" x="20144" y="60">
		<AppRef name="E3.Series" version="2.13.7.0" guid="3f84ba69-0a91-41e4-853a-f34385bf41de"/>
	</HarnessItem>
	<HarnessItem xsi:type="BranchNode" id="BN_19512-296" x="19512" y="296">
		<AppRef name="E3.Series" version="2.14.0.0" guid="e48c96c5-3ba2-476e-91c8-d5a37c948e0e"/>
	</HarnessItem>
	<HarnessItem xsi:type="BranchNode" id="BN_19656-296" x="19656" y="296">
		<AppRef name="E3.Series" version="2.14.0.0" guid="b1626580-2830-439f-b8eb-04df9769d4c3"/>
	</HarnessItem>
	<HarnessItem xsi:type="BranchNode" id="BN_19800-256" x="19800" y="256">
		<AppRef name="E3.Series" version="2.14.0.0" guid="b97f237e-afc0-40a9-8117-a2c32d8f8c59"/>
	</HarnessItem>
	<HarnessItem xsi:type="BranchNode" id="BN_19800-232" x="19800" y="232">
		<AppRef name="E3.Series" version="2.13.7.0" guid="5f7e05ee-5c83-4d3e-a6e4-1e31926aff60"/>
	</HarnessItem>
	<HarnessItem xsi:type="BranchNode" id="BN_18448-168" x="18448" y="168">
		<AppRef name="E3.Series" version="2.13.7.0" guid="03ba6954-5306-4fda-82e0-2f0d44e16092"/>
	</HarnessItem>
	<HarnessItem xsi:type="BranchNode" id="BN_18072-336" x="18072" y="336">
		<AppRef name="E3.Series" version="2.14.0.0" guid="90458cc9-3a2e-4f71-b034-dac86d1b99b4"/>
	</HarnessItem>
	<HarnessItem xsi:type="BranchNode" id="BN_17896-236" x="17896" y="236">
		<AppRef name="E3.Series" version="2.13.7.0" guid="3d2bc72e-d76f-46af-9065-05432c1b9625"/>
	</HarnessItem>
	<HarnessItem xsi:type="BranchNode" id="BN_17720-192" x="17720" y="192">
		<AppRef name="E3.Series" version="2.14.0.0" guid="02a3b136-84ca-4113-8105-d847dee3e652"/>
	</HarnessItem>
	<HarnessItem xsi:type="BranchNode" id="BN_17720-164" x="17720" y="164">
		<AppRef name="E3.Series" version="2.13.7.0" guid="d5ea2089-b4ee-4527-92a2-a5842e2321ed"/>
	</HarnessItem>
	<HarnessItem xsi:type="BranchNode" id="BN_16496-248" x="16496" y="248">
		<AppRef name="E3.Series" version="2.14.0.0" guid="9bf8f658-ccc9-431d-bd27-618175bc5a2a"/>
	</HarnessItem>
	<HarnessItem xsi:type="BranchNode" id="BN_16496-216" x="16496" y="216">
		<AppRef name="E3.Series" version="2.13.7.0" guid="07ffe8ce-ae8a-4ce0-8601-ce1beee5db17"/>
	</HarnessItem>
	<HarnessItem xsi:type="BranchNode" id="BN_16496-368" x="16496" y="368">
		<AppRef name="E3.Series" version="2.14.0.0" guid="16c7ae52-8d1c-48b6-80b5-329f3a984ea7"/>
	</HarnessItem>
	<HarnessItem xsi:type="BranchNode" id="BN_16144-216" x="16144" y="216">
		<AppRef name="E3.Series" version="2.13.7.0" guid="a160634c-5596-40f8-b339-d0ac8d58a5ad"/>
	</HarnessItem>
	<HarnessItem xsi:type="BranchNode" id="BN_14728-255_961" x="14728.0000135541" y="255.96103770682504">
		<AppRef name="E3.Series" version="2.14.0.0" guid="b0de0778-11ef-422d-bd95-9bb73b19ca1d"/>
	</HarnessItem>
	<HarnessItem xsi:type="BranchNode" id="BN_14728-219_961" x="14728.0000135541" y="219.96103770682504">
		<AppRef name="E3.Series" version="2.13.7.0" guid="c16f5403-2194-4fe2-b7e8-4daf986bcd83"/>
	</HarnessItem>
	<HarnessItem xsi:type="BranchNode" id="BN_13944-252" x="13944" y="252">
		<AppRef name="E3.Series" version="2.14.0.0" guid="be7f0eee-8646-451a-8f05-be3abc50181e"/>
	</HarnessItem>
	<HarnessItem xsi:type="BranchNode" id="BN_13944-224" x="13944" y="224">
		<AppRef name="E3.Series" version="2.13.7.0" guid="082f9a7f-0eb9-4c5b-a68a-63d653e6dc56"/>
	</HarnessItem>
	<HarnessItem xsi:type="BranchNode" id="BN_11910_25-374_156" x="11910.2495264001" y="374.156421789602">
		<AppRef name="E3.Series" version="2.14.0.0" guid="ba698d56-53fa-4fee-a03f-f11fe1b39046"/>
	</HarnessItem>
	<HarnessItem xsi:type="BranchNode" id="BN_7807_9-226_058" x="7807.8995647731108" y="226.058186946931">
		<AppRef name="E3.Series" version="2.13.7.0" guid="401789f3-6d2f-40ae-98d9-02079073d500"/>
	</HarnessItem>
	<HarnessItem xsi:type="BranchNode" id="BN_7584-268" x="7584" y="268">
		<AppRef name="E3.Series" version="2.14.0.0" guid="4a877490-5d3a-47bc-9d8f-35632a8fde07"/>
	</HarnessItem>
	<HarnessItem xsi:type="BranchNode" id="BN_7584-244" x="7584" y="244">
		<AppRef name="E3.Series" version="2.13.7.0" guid="2a40db42-f644-42d3-b1ef-54572aa95d7b"/>
	</HarnessItem>
	<HarnessItem xsi:type="BranchNode" id="BN_12528-176" x="12528" y="176">
		<AppRef name="E3.Series" version="2.13.7.0" guid="132d000e-1aa1-45d7-9837-ac37b766269b"/>
	</HarnessItem>
	<HarnessItem xsi:type="BranchNode" id="BN_12206_25-278_156" x="12206.2495264001" y="278.156421789602">
		<AppRef name="E3.Series" version="2.13.7.0" guid="27a7cd1d-724c-4b71-a63c-0a768a40ce49"/>
	</HarnessItem>
	<HarnessItem xsi:type="BranchNode" id="BN_11744-376" x="11744" y="376">
		<AppRef name="E3.Series" version="2.14.0.0" guid="2f7db975-0164-47e2-8df1-259d5f660e52"/>
	</HarnessItem>
	<HarnessItem xsi:type="BranchNode" id="BN_11424-224" x="11424" y="224">
		<AppRef name="E3.Series" version="2.13.7.0" guid="33e83e72-e6e5-46ae-be90-c36637a0620f"/>
	</HarnessItem>
	<HarnessItem xsi:type="BranchNode" id="BN_11592-248" x="11592" y="248">
		<AppRef name="E3.Series" version="2.13.7.0" guid="87cd9d8e-beec-479b-8a75-1be46233c791"/>
	</HarnessItem>
	<HarnessItem xsi:type="BranchNode" id="BN_10856-120" x="10856" y="120">
		<AppRef name="E3.Series" version="2.13.7.0" guid="ef8bf730-3fba-4788-ac15-72f4dc3d454b"/>
	</HarnessItem>
	<HarnessItem xsi:type="BranchNode" id="BN_10584-168" x="10584" y="168">
		<AppRef name="E3.Series" version="2.14.0.0" guid="d15d7480-5fcb-4ea8-820b-6cddb18cf2e7"/>
	</HarnessItem>
	<HarnessItem xsi:type="BranchNode" id="BN_10584-132" x="10584" y="132">
		<AppRef name="E3.Series" version="2.13.7.0" guid="f30e9c5c-8604-4f27-9c9f-9eeddb7d4f2b"/>
	</HarnessItem>
	<HarnessItem xsi:type="BranchNode" id="BN_9524-374" x="9524" y="374">
		<AppRef name="E3.Series" version="2.14.0.0" guid="4de2110c-0af3-4c54-80d2-422ef6e31b39"/>
	</HarnessItem>
	<HarnessItem xsi:type="BranchNode" id="BN_11248-244" x="11248" y="244">
		<AppRef name="E3.Series" version="2.13.7.0" guid="de1e7120-3b3d-40d0-a463-19ec4561be61"/>
	</HarnessItem>
	<HarnessItem xsi:type="BranchNode" id="BN_7839_9-350_058" x="7839.8995647731108" y="350.058186946931">
		<AppRef name="E3.Series" version="2.14.0.0" guid="13c0fbd9-2fe8-4505-9649-9d82d71e9284"/>
	</HarnessItem>
	<HarnessItem xsi:type="BranchNode" id="BN_19800-296" x="19800" y="296">
		<AppRef name="E3.Series" version="2.14.0.0" guid="e8a93909-b6aa-4947-be70-0f85d0c4885c"/>
	</HarnessItem>
	<HarnessItem xsi:type="BranchNode" id="BN_1111_9-146_058" x="1111.8995647731101" y="146.05818694693102">
		<AppRef name="E3.Series" version="2.13.7.0" guid="0df8a224-7090-474d-90da-3a0c02c96bce"/>
	</HarnessItem>
	<HarnessItem xsi:type="BranchNode" id="BN_4919_9-294_058" x="4919.89956477311" y="294.05818694693096">
		<AppRef name="E3.Series" version="2.13.7.0" guid="ea31186b-f5e9-4c2f-b62c-a972e659b41e"/>
	</HarnessItem>
	<HarnessItem xsi:type="BranchNode" id="BN_4983_9-294_058" x="4983.89956477311" y="294.05818694693096">
		<AppRef name="E3.Series" version="2.13.7.0" guid="54198636-8c30-44f4-b698-c51385dd0e50"/>
	</HarnessItem>
	<HarnessItem xsi:type="BranchNode" id="BN_5471_9-334_058" x="5471.89956477311" y="334.058186946931">
		<AppRef name="E3.Series" version="2.14.0.0" guid="c9bbf8ae-b759-4054-b9cd-dda6dfefc7fa"/>
	</HarnessItem>
	<HarnessItem xsi:type="BranchNode" id="BN_5559_9-334_058" x="5559.89956477311" y="334.058186946931">
		<AppRef name="E3.Series" version="2.14.0.0" guid="1d3e78d6-6d70-4dc9-a345-ddc6ae2f89bd"/>
	</HarnessItem>
	<HarnessItem xsi:type="BranchNode" id="BN_5447_9-334_058" x="5447.89956477311" y="334.058186946931">
		<AppRef name="E3.Series" version="2.14.0.0" guid="42d935e8-e143-48ca-86f0-01d05b03c40c"/>
	</HarnessItem>
	<HarnessItem xsi:type="BranchNode" id="BN_5391-334" x="5391" y="334">
		<AppRef name="E3.Series" version="2.14.0.0" guid="96159a5e-2098-450e-b776-ae7b9c3f1881"/>
	</HarnessItem>
	<HarnessItem xsi:type="BranchNode" id="BN_5423_9-334_058" x="5423.89956477311" y="334.058186946931">
		<AppRef name="E3.Series" version="2.14.0.0" guid="b2241b07-3162-4735-bdd9-75814fb9f8f1"/>
	</HarnessItem>
	<HarnessItem xsi:type="BranchNode" id="BN_9568-152" x="9568" y="152">
		<AppRef name="E3.Series" version="2.13.7.0" guid="1f792538-2090-4247-85fe-9d74e7eecdf3"/>
	</HarnessItem>
	<HarnessItem xsi:type="BranchNode" id="BN_9568-200" x="9568" y="200">
		<AppRef name="E3.Series" version="2.14.0.0" guid="dc5f053e-7f3d-42ac-90b3-7831693d553f"/>
	</HarnessItem>
	<HarnessItem xsi:type="BranchNode" id="BN_11558_25-358_156" x="11558.2495264001" y="358.156421789602">
		<AppRef name="E3.Series" version="2.14.0.0" guid="abe861e3-8ee7-4981-b76e-e9d4a03abeec"/>
	</HarnessItem>
	<HarnessItem xsi:type="BranchNode" id="BN_6734_25-182_156" x="6734.2495264001209" y="182.156421789602">
		<AppRef name="E3.Series" version="2.14.0.0" guid="73d2858a-4596-46d1-be4b-000687c9244d"/>
	</HarnessItem>
	<HarnessItem xsi:type="BranchNode" id="BN_7014_25-158_156" x="7014.2495264001209" y="158.156421789602">
		<AppRef name="E3.Series" version="2.14.0.0" guid="1b4aa36a-926c-412b-a68b-e577ae35ec98"/>
	</HarnessItem>
	<HarnessItem xsi:type="BranchNode" id="BN_16376-392" x="16376" y="392">
		<AppRef name="E3.Series" version="2.14.0.0" guid="61279e66-cc10-482a-9a50-1dfba9534313"/>
	</HarnessItem>
	<HarnessItem xsi:type="BranchNode" id="BN_16352-384" x="16352" y="384">
		<AppRef name="E3.Series" version="2.14.0.0" guid="6bdecf19-a59d-4e8f-b1e6-cb9ff3580de8"/>
	</HarnessItem>
	<HarnessItem xsi:type="BranchNode" id="BN_16400-384" x="16400" y="384">
		<AppRef name="E3.Series" version="2.14.0.0" guid="3ebe8f16-59e8-4541-afee-bbcba078c60a"/>
	</HarnessItem>
	<HarnessItem xsi:type="BranchNode" id="BN_18216-336_1" x="18216.0001238719" y="336.09954767532304">
		<AppRef name="E3.Series" version="2.14.0.0" guid="d2008750-34ba-4871-aa4c-0f0e0a9614f7"/>
	</HarnessItem>
	<HarnessItem xsi:type="BranchNode" id="BN_16228-368" x="16228" y="368">
		<AppRef name="E3.Series" version="2.14.0.0" guid="e7041c2b-788f-44e2-ad60-71c6205f5215"/>
	</HarnessItem>
	<HarnessItem xsi:type="BranchNode" id="BN_7911_9-350_058" x="7911.8995647731108" y="350.058186946931">
		<AppRef name="E3.Series" version="2.14.0.0" guid="b937d215-eb8d-4e9c-bad9-218bc7199e45"/>
	</HarnessItem>
	<HarnessItem xsi:type="BranchNode" id="BN_19976-384" x="19976" y="384">
		<AppRef name="E3.Series" version="2.14.0.0" guid="ffd32cd4-0865-4c92-980a-7026a4783b20"/>
	</HarnessItem>
	<HarnessItem xsi:type="BranchNode" id="BN_12182_25-338_156" x="12182.2495264001" y="338.156421789602">
		<AppRef name="E3.Series" version="2.13.7.0" guid="719ca1dd-f9d5-4c4e-866a-fca7d1ff4c96"/>
	</HarnessItem>
	<HarnessItem xsi:type="BranchNode" id="BN_12094_25-142_156" x="12094.2495264001" y="142.156421789602">
		<AppRef name="E3.Series" version="2.14.0.0" guid="e7ae045e-ae93-4328-8acf-98061056a1a0"/>
	</HarnessItem>
	<HarnessItem xsi:type="BranchNode" id="BN_12094_25-114_156" x="12094.2495264001" y="114.15642178960199">
		<AppRef name="E3.Series" version="2.13.7.0" guid="12e78f47-8375-428e-a49b-8467aa9daf53"/>
	</HarnessItem>
	<HarnessItem xsi:type="BranchNode" id="BN_9040-280" x="9040" y="280">
		<AppRef name="E3.Series" version="2.13.7.0" guid="bc5ac8a6-b62c-4f2f-b231-4cdc52d359ec"/>
	</HarnessItem>
	<HarnessItem xsi:type="BranchNode" id="BN_6814_25-174_156" x="6814.2495264001209" y="174.156421789602">
		<AppRef name="E3.Series" version="2.14.0.0" guid="d22f7a54-95cc-43b8-a941-3776e814f235"/>
	</HarnessItem>
	<HarnessItem xsi:type="BranchNode" id="BN_2311_9-390_058" x="2311.8995647731103" y="390.058186946931">
		<AppRef name="E3.Series" version="2.14.0.0" guid="350b84a9-6ffe-470e-bcf2-36a2d9a04694"/>
	</HarnessItem>
	<HarnessItem xsi:type="BranchNode" id="BN_6678_25-158_156" x="6678.2495264001209" y="158.156421789602">
		<AppRef name="E3.Series" version="2.14.0.0" guid="d7b8234b-fa31-4705-b156-f9b0044c0add"/>
	</HarnessItem>
	<HarnessItem xsi:type="BranchNode" id="BN_6854_25-262_156" x="6854.2495264001209" y="262.156421789602">
		<AppRef name="E3.Series" version="2.14.0.0" guid="070150e8-4724-4214-994e-391663d52a26"/>
	</HarnessItem>
	<HarnessItem xsi:type="BranchNode" id="BN_23112-96" x="23112" y="96">
		<AppRef name="E3.Series" version="2.14.0.0" guid="c75cc260-d194-43aa-a3eb-8e5400ef3f00"/>
	</HarnessItem>
	<HarnessItem xsi:type="BranchNode" id="BN_9568_25-248_156" x="9568.24952640012" y="248.156421789602">
		<AppRef name="E3.Series" version="2.13.7.0" guid="4f10a474-61e5-4d04-8a6e-d884874dadff"/>
	</HarnessItem>
	<HarnessItem xsi:type="BranchNode" id="BN_9422_25-326_156" x="9422.24952640012" y="326.156421789602">
		<AppRef name="E3.Series" version="2.13.7.0" guid="630d11d4-3eba-4340-af0a-60a678e99810"/>
	</HarnessItem>
	<HarnessItem xsi:type="BranchNode" id="BN_9422_25-262_156" x="9422.24952640012" y="262.156421789602">
		<AppRef name="E3.Series" version="2.13.7.0" guid="17f46389-404f-4839-968e-5398c9d773c9"/>
	</HarnessItem>
	<HarnessItem xsi:type="BranchNode" id="BN_9256_25-262_156" x="9256.24952640012" y="262.156421789602">
		<AppRef name="E3.Series" version="2.13.7.0" guid="a9387b43-8f40-4449-8589-619777ffdde2"/>
	</HarnessItem>
	<HarnessItem xsi:type="BranchNode" id="BN_6646_25-206_156" x="6646.2495264001209" y="206.156421789602">
		<AppRef name="E3.Series" version="2.14.0.0" guid="1f408e4b-a341-41bc-8cdd-5a456215c648"/>
	</HarnessItem>
	<HarnessItem xsi:type="BranchNode" id="BN_6495_9-222_058" x="6495.89956477311" y="222.058186946931">
		<AppRef name="E3.Series" version="2.14.0.0" guid="483c6dce-5437-4efe-8f5f-f2bf991f3728"/>
	</HarnessItem>
	<HarnessItem xsi:type="BranchNode" id="BN_6454_25-222_156" x="6454.24952640013" y="222.156421789602">
		<AppRef name="E3.Series" version="2.13.7.0" guid="3def18e5-8a0b-4d13-9fc9-ccfc9168094c"/>
	</HarnessItem>
	<HarnessItem xsi:type="BranchNode" id="BN_11056-108" x="11056" y="108">
		<AppRef name="E3.Series" version="2.14.0.0" guid="2f8d1d85-c365-4b04-9f96-08b549eeaf47"/>
	</HarnessItem>
	<HarnessItem xsi:type="BranchNode" id="BN_21216-264" x="21216" y="264">
		<AppRef name="E3.Series" version="2.14.0.0" guid="2ac9e528-926a-42c9-8c7f-52f46362cbc8"/>
	</HarnessItem>
	<HarnessItem xsi:type="BranchNode" id="BN_21232-312" x="21232" y="312">
		<AppRef name="E3.Series" version="2.14.0.0" guid="eb8d7f5e-f34f-49dc-834b-bf1b1f7ff1c8"/>
	</HarnessItem>
	<HarnessItem xsi:type="BranchNode" id="BN_21248-192" x="21248" y="192">
		<AppRef name="E3.Series" version="2.14.0.0" guid="9bab46db-299b-48e7-a53d-862fb60a6b0c"/>
	</HarnessItem>
	<HarnessItem xsi:type="BranchNode" id="BN_21336-384" x="21336" y="384">
		<AppRef name="E3.Series" version="2.14.0.0" guid="ce1a0c0e-8337-4b88-ae57-88256ea2a7b2"/>
	</HarnessItem>
	<HarnessItem xsi:type="BranchNode" id="BN_21592-356" x="21592" y="356">
		<AppRef name="E3.Series" version="2.14.0.0" guid="18363ab8-c322-421f-9dc4-b83c1bf91d88"/>
	</HarnessItem>
	<HarnessItem xsi:type="BranchNode" id="BN_16144-368" x="16144" y="368">
		<AppRef name="E3.Series" version="2.14.0.0" guid="80a38516-6b23-4569-886c-5bffd1a831de"/>
	</HarnessItem>
	<HarnessItem xsi:type="BranchNode" id="BN_7008-104" x="7008" y="104">
		<AppRef name="E3.Series" version="2.14.0.0" guid="8cc0a7c9-36f9-4f4a-9132-5c860d578177"/>
	</HarnessItem>
	<HarnessItem xsi:type="BranchNode" id="BN_16112-272" x="16112" y="272">
		<AppRef name="E3.Series" version="2.14.0.0" guid="4258b8da-4856-42ea-bace-5e7623ee577e"/>
	</HarnessItem>
	<HarnessItem xsi:type="BranchNode" id="BN_7202_25-62_156" x="7202.2495264001209" y="62.156421789601907">
		<AppRef name="E3.Series" version="2.14.0.0" guid="d1d4260b-c3c5-46af-9972-e6759e2dcebb"/>
	</HarnessItem>
	<HarnessItem xsi:type="BranchNode" id="BN_15792-216" x="15792" y="216">
		<AppRef name="E3.Series" version="2.14.0.0" guid="fc8b06b1-e21c-451b-a691-9cdea9ae1f05"/>
	</HarnessItem>
	<HarnessItem xsi:type="BranchNode" id="BN_15880-216" x="15880" y="216">
		<AppRef name="E3.Series" version="2.14.0.0" guid="352308ea-7cbf-473a-a72e-b34f71d249ce"/>
	</HarnessItem>
	<HarnessItem xsi:type="BranchNode" id="BN_15880-168" x="15880" y="168">
		<AppRef name="E3.Series" version="2.14.0.0" guid="9af6644c-ac76-40d9-b131-f0c191e5c250"/>
	</HarnessItem>
	<HarnessItem xsi:type="BranchNode" id="BN_15712-216" x="15712" y="216">
		<AppRef name="E3.Series" version="2.14.0.0" guid="2ca6a34d-8622-4176-b5b2-f88884f799f8"/>
	</HarnessItem>
	<HarnessItem xsi:type="BranchNode" id="BN_15712-168" x="15712" y="168">
		<AppRef name="E3.Series" version="2.14.0.0" guid="7525ab08-ecc8-4125-b8c8-82a5f24d3739"/>
	</HarnessItem>
	<HarnessItem xsi:type="BranchNode" id="BN_18928-288" x="18928" y="288">
		<AppRef name="E3.Series" version="2.13.7.0" guid="88d7d291-4b75-4fb3-989c-600d91e4c5cd"/>
	</HarnessItem>
	<HarnessItem xsi:type="BranchNode" id="BN_18928-156" x="18928" y="156">
		<AppRef name="E3.Series" version="2.13.7.0" guid="7e2f76c9-ef8a-46d6-8161-087d9e603ba9"/>
	</HarnessItem>
	<HarnessItem xsi:type="BranchNode" id="BN_10856-360" x="10856" y="360">
		<AppRef name="E3.Series" version="2.14.0.0" guid="44910957-c0b7-4ff0-8b9f-49266d864647"/>
	</HarnessItem>
	<HarnessItem xsi:type="BranchNode" id="BN_6239_9-174_058" x="6239.89956477311" y="174.05818694693102">
		<AppRef name="E3.Series" version="2.13.7.0" guid="b57fa13e-21c2-4d4c-8873-3f94e0b24e6c"/>
	</HarnessItem>
	<HarnessItem xsi:type="BranchNode" id="BN_11056-360" x="11056" y="360">
		<AppRef name="E3.Series" version="2.14.0.0" guid="6f515a7c-b400-4e61-98c8-4c4273f6b008"/>
	</HarnessItem>
	<HarnessItem xsi:type="BranchNode" id="BN_11056-272" x="11056" y="272">
		<AppRef name="E3.Series" version="2.14.0.0" guid="cc48aa80-c29e-49d6-a3c1-484d57321f46"/>
	</HarnessItem>
	<HarnessItem xsi:type="BranchNode" id="BN_11680-112" x="11680" y="112">
		<AppRef name="E3.Series" version="2.14.0.0" guid="bd0d7cc3-a224-44b0-a0d5-babe00b30af6"/>
	</HarnessItem>
	<HarnessItem xsi:type="BranchNode" id="BN_11616-112" x="11616" y="112">
		<AppRef name="E3.Series" version="2.14.0.0" guid="d78db078-a03e-45d2-8c16-7ddabcf376a6"/>
	</HarnessItem>
	<HarnessItem xsi:type="BranchNode" id="BN_5359_9-334_058" x="5359.89956477311" y="334.058186946931">
		<AppRef name="E3.Series" version="2.14.0.0" guid="0655bd24-3242-4fc8-81f0-2e53e6f61082"/>
	</HarnessItem>
	<HarnessItem xsi:type="BranchNode" id="BN_11840-112" x="11840" y="112">
		<AppRef name="E3.Series" version="2.14.0.0" guid="f1813672-20c5-463a-9ecb-af8336260015"/>
	</HarnessItem>
	<HarnessItem xsi:type="BranchNode" id="BN_11776-112" x="11776" y="112">
		<AppRef name="E3.Series" version="2.14.0.0" guid="f8bf3e13-9c26-4803-979c-60fd44de26b6"/>
	</HarnessItem>
	<HarnessItem xsi:type="BranchNode" id="BN_22968-320" x="22968" y="320">
		<AppRef name="E3.Series" version="2.14.0.0" guid="071ec858-4aa6-49c5-8b39-8bd5c88ac430"/>
	</HarnessItem>
	<HarnessItem xsi:type="BranchNode" id="BN_9407-374" x="9407" y="374">
		<AppRef name="E3.Series" version="2.14.0.0" guid="dbbfb65e-a794-4114-9b72-11d8e7923a0a"/>
	</HarnessItem>
	<HarnessItem xsi:type="BranchNode" id="BN_9440-320" x="9440" y="320">
		<AppRef name="E3.Series" version="2.14.0.0" guid="68370d6f-8c25-47b7-944a-6262027ff864"/>
	</HarnessItem>
	<HarnessItem xsi:type="BranchNode" id="BN_9440-32" x="9440" y="32">
		<AppRef name="E3.Series" version="2.14.0.0" guid="e7d682c1-78fa-4191-8dc0-05a83df35732"/>
	</HarnessItem>
	<HarnessItem xsi:type="BranchNode" id="BN_16228-360" x="16228" y="360">
		<AppRef name="E3.Series" version="2.14.0.0" guid="26d66d90-867e-4ec6-9eaf-dd89b654b909"/>
	</HarnessItem>
	<HarnessItem xsi:type="BranchNode" id="BN_8848-32" x="8848" y="32">
		<AppRef name="E3.Series" version="2.14.0.0" guid="75dc0e3e-3126-4abb-9c96-3d5453beaa46"/>
	</HarnessItem>
	<HarnessItem xsi:type="BranchNode" id="BN_22712-320" x="22712" y="320">
		<AppRef name="E3.Series" version="2.14.0.0" guid="425c435c-979b-45ae-95fe-d2244b362a29"/>
	</HarnessItem>
	<HarnessItem xsi:type="BranchNode" id="BN_8848-128" x="8848" y="128">
		<AppRef name="E3.Series" version="2.14.0.0" guid="88c3ed10-a6a2-414e-828f-46496ef9e704"/>
	</HarnessItem>
	<HarnessItem xsi:type="BranchNode" id="BN_21184-384" x="21184" y="384">
		<AppRef name="E3.Series" version="2.14.0.0" guid="4d3964b4-8c1d-44e8-9de1-151251059db4"/>
	</HarnessItem>
	<HarnessItem xsi:type="BranchNode" id="BN_8848-168" x="8848" y="168">
		<AppRef name="E3.Series" version="2.14.0.0" guid="c50861d8-46be-4a5c-9f40-1e89c63b75a2"/>
	</HarnessItem>
	<HarnessItem xsi:type="BranchNode" id="BN_11472-358" x="11472" y="358">
		<AppRef name="E3.Series" version="2.14.0.0" guid="0641e1c9-485d-42f6-a797-247f73096bad"/>
	</HarnessItem>
	<HarnessItem xsi:type="BranchNode" id="BN_6239_9-214_058" x="6239.89956477311" y="214.058186946931">
		<AppRef name="E3.Series" version="2.14.0.0" guid="86bfc9c6-608a-4f71-a7de-59e515965c22"/>
	</HarnessItem>
	<HarnessItem xsi:type="BranchNode" id="BN_11512-176" x="11512" y="176">
		<AppRef name="E3.Series" version="2.14.0.0" guid="cf21b7f3-a02d-4839-9950-17bd5c006449"/>
	</HarnessItem>
	<HarnessItem xsi:type="BranchNode" id="BN_6239_9-242_058" x="6239.89956477311" y="242.058186946931">
		<AppRef name="E3.Series" version="2.13.7.0" guid="a0291c83-a453-4082-9e8f-24ea90be75cd"/>
	</HarnessItem>
	<HarnessItem xsi:type="BranchNode" id="BN_11512-148" x="11512" y="148">
		<AppRef name="E3.Series" version="2.14.0.0" guid="97b3716e-d4d1-49ad-8614-4bca8e6befba"/>
	</HarnessItem>
	<HarnessItem xsi:type="BranchNode" id="BN_6350_25-262_156" x="6350.24952640012" y="262.156421789602">
		<AppRef name="E3.Series" version="2.14.0.0" guid="d32c90e1-26a8-48fb-98ed-716120c1301c"/>
	</HarnessItem>
	<HarnessItem xsi:type="BranchNode" id="BN_11696-40" x="11696" y="40">
		<AppRef name="E3.Series" version="2.14.0.0" guid="2e43958a-975f-4d13-9eff-a16cccf53bac"/>
	</HarnessItem>
	<HarnessItem xsi:type="BranchNode" id="BN_6350_25-298_156" x="6350.24952640012" y="298.156421789602">
		<AppRef name="E3.Series" version="2.13.7.0" guid="7d31f586-99b5-411a-9dd1-6c2a14df132e"/>
	</HarnessItem>
	<HarnessItem xsi:type="BranchNode" id="BN_11660-40" x="11660" y="40">
		<AppRef name="E3.Series" version="2.14.0.0" guid="f0bb6d90-cf21-490f-ab08-21c29145288d"/>
	</HarnessItem>
	<HarnessItem xsi:type="BranchNode" id="BN_20664-280" x="20664" y="280">
		<AppRef name="E3.Series" version="2.14.0.0" guid="5ba9b553-a912-48e3-94a2-de409e7029a8"/>
	</HarnessItem>
	<HarnessItem xsi:type="BranchNode" id="BN_2107_9-214_058" x="2107.8995647731103" y="214.058186946931">
		<AppRef name="E3.Series" version="2.13.7.0" guid="43f0151d-21c7-47d9-9d6c-10a4c1dd334d"/>
	</HarnessItem>
	<HarnessItem xsi:type="BranchNode" id="BN_21152-224" x="21152" y="224">
		<AppRef name="E3.Series" version="2.14.0.0" guid="2b9f90db-ceae-4708-8f31-82d9e42bbc9e"/>
	</HarnessItem>
	<HarnessItem xsi:type="BranchNode" id="BN_1847_9-278_058" x="1847.8995647731103" y="278.05818694693096">
		<AppRef name="E3.Series" version="2.13.12.0" guid="39a14895-e3ae-4182-946a-6de32f77863a"/>
	</HarnessItem>
	<HarnessItem xsi:type="BranchNode" id="BN_20616-280" x="20616" y="280">
		<AppRef name="E3.Series" version="2.14.0.0" guid="9b339461-4e22-4911-b023-dc99df36de78"/>
	</HarnessItem>
	<HarnessItem xsi:type="BranchNode" id="BN_1847_9-134_058" x="1847.8995647731103" y="134.05818694693102">
		<AppRef name="E3.Series" version="2.13.7.0" guid="e1713e47-3057-457d-9174-556baac7d3f1"/>
	</HarnessItem>
	<HarnessItem xsi:type="BranchNode" id="BN_6910_25-206_156" x="6910.2495264001209" y="206.156421789602">
		<AppRef name="E3.Series" version="2.14.0.0" guid="2d12e426-5d4c-493f-8478-c47a34ca5881"/>
	</HarnessItem>
	<HarnessItem xsi:type="BranchNode" id="BN_6936-195" x="6936" y="195">
		<AppRef name="E3.Series" version="2.14.0.0" guid="079e3e8d-4613-4ffb-ae27-d7fa3a8a7583"/>
	</HarnessItem>
	<HarnessItem xsi:type="BranchNode" id="BN_6734_25-230_156" x="6734.2495264001209" y="230.156421789602">
		<AppRef name="E3.Series" version="2.14.0.0" guid="bf7a39d4-c1ad-484c-8ce8-af6cacfba4cc"/>
	</HarnessItem>
	<HarnessItem xsi:type="BranchNode" id="BN_6936-152" x="6936" y="152">
		<AppRef name="E3.Series" version="2.14.0.0" guid="75f937de-f51e-474b-85d2-3aeb4703013f"/>
	</HarnessItem>
	<HarnessItem xsi:type="BranchNode" id="BN_6806_25-210_156" x="6806.2495264001209" y="210.156421789602">
		<AppRef name="E3.Series" version="2.14.0.0" guid="48b7229e-0144-406e-997d-9e05b40ac5bf"/>
	</HarnessItem>
	<HarnessItem xsi:type="BranchNode" id="BN_6847-313" x="6847" y="313">
		<AppRef name="E3.Series" version="2.14.5.0" guid="1ea9ce4b-5ae9-4e1b-857e-5d26f0d4a7f1"/>
	</HarnessItem>
	<HarnessItem xsi:type="BranchNode" id="BN_15344-272" x="15344" y="272">
		<AppRef name="E3.Series" version="2.14.0.0" guid="17e60997-2250-4dca-b0c9-73a5210c1b01"/>
	</HarnessItem>
	<HarnessItem xsi:type="BranchNode" id="BN_9776-328" x="9776" y="328">
		<AppRef name="E3.Series" version="2.14.0.0" guid="7de95aa8-7906-4a5b-9f7e-4d36ff7e71e3"/>
	</HarnessItem>
	<HarnessItem xsi:type="BranchNode" id="BN_9728-328" x="9728" y="328">
		<AppRef name="E3.Series" version="2.14.0.0" guid="ba49d6b8-3ed5-491a-9f69-c2e3158fb902"/>
	</HarnessItem>
	<HarnessItem xsi:type="BranchNode" id="BN_15248-272" x="15248" y="272">
		<AppRef name="E3.Series" version="2.14.0.0" guid="11109522-2943-479b-80f2-dc58d373fdb2"/>
	</HarnessItem>
	<HarnessItem xsi:type="BranchNode" id="BN_9708-328" x="9708" y="328">
		<AppRef name="E3.Series" version="2.14.0.0" guid="283c2499-cd27-4235-96ae-c3c14b944f0c"/>
	</HarnessItem>
	<HarnessItem xsi:type="BranchNode" id="BN_15096-80" x="15096" y="80">
		<AppRef name="E3.Series" version="2.14.0.0" guid="5b5f7c5f-9909-4720-98e4-58f5ad1bc63a"/>
	</HarnessItem>
	<HarnessItem xsi:type="BranchNode" id="BN_9800-28" x="9800" y="28">
		<AppRef name="E3.Series" version="2.14.0.0" guid="0ff4edf7-e0e4-43d8-b950-59df6c246c99"/>
	</HarnessItem>
	<HarnessItem xsi:type="BranchNode" id="BN_9872-48" x="9872" y="48">
		<AppRef name="E3.Series" version="2.14.0.0" guid="1db06734-bd08-474c-bdeb-6952d0682de9"/>
	</HarnessItem>
	<HarnessItem xsi:type="BranchNode" id="BN_15056-80" x="15056" y="80">
		<AppRef name="E3.Series" version="2.14.0.0" guid="d0b54693-349c-4f85-a8c3-b38c21d741af"/>
	</HarnessItem>
	<HarnessItem xsi:type="BranchNode" id="BN_9764-28" x="9764" y="28">
		<AppRef name="E3.Series" version="2.14.0.0" guid="9bbfc143-65b9-4fdf-a526-a3241f0a3018"/>
	</HarnessItem>
	<HarnessItem xsi:type="BranchNode" id="BN_15012-80" x="15012" y="80">
		<AppRef name="E3.Series" version="2.14.0.0" guid="fd00a7f9-afbe-4a28-9945-d4fa6377a7f0"/>
	</HarnessItem>
	<HarnessItem xsi:type="BranchNode" id="BN_10128-48" x="10128" y="48">
		<AppRef name="E3.Series" version="2.14.0.0" guid="44f15e98-8ed6-4d87-b002-d909504930ea"/>
	</HarnessItem>
	<HarnessItem xsi:type="BranchNode" id="BN_10240-128" x="10240" y="128">
		<AppRef name="E3.Series" version="2.14.0.0" guid="1543d613-882f-4b13-bc53-78bfc471630e"/>
	</HarnessItem>
	<HarnessItem xsi:type="BranchNode" id="BN_11744-229_942" x="11744" y="229.941813053069">
		<AppRef name="E3.Series" version="2.14.0.0" guid="178a163b-ad95-4a54-8f6d-a87d9c672ca4"/>
	</HarnessItem>
	<HarnessItem xsi:type="BranchNode" id="BN_9928-48" x="9928" y="48">
		<AppRef name="E3.Series" version="2.14.0.0" guid="c37bf0c6-06b7-43ce-b617-1ecd0594b2aa"/>
	</HarnessItem>
	<HarnessItem xsi:type="BranchNode" id="BN_11744-232" x="11744" y="232">
		<AppRef name="E3.Series" version="2.14.0.0" guid="f05f1272-996d-474c-8512-d57deeb000a4"/>
	</HarnessItem>
	<HarnessItem xsi:type="BranchNode" id="BN_11840-264" x="11840" y="264">
		<AppRef name="E3.Series" version="2.14.0.0" guid="4e4e3ba9-ad7b-4ad2-8151-903106305324"/>
	</HarnessItem>
	<HarnessItem xsi:type="BranchNode" id="BN_9928-112" x="9928" y="112">
		<AppRef name="E3.Series" version="2.14.0.0" guid="5b3ce666-8a7d-4534-aa4c-2bafb9ef2f10"/>
	</HarnessItem>
	<HarnessItem xsi:type="BranchNode" id="BN_11588-112" x="11588" y="112">
		<AppRef name="E3.Series" version="2.14.0.0" guid="c2305c20-65b9-4127-9561-c213adb0a0a3"/>
	</HarnessItem>
	<HarnessItem xsi:type="BranchNode" id="BN_10128-128" x="10128" y="128">
		<AppRef name="E3.Series" version="2.14.0.0" guid="38037b73-2ba1-4189-aa50-58b9c566f235"/>
	</HarnessItem>
	<HarnessItem xsi:type="BranchNode" id="BN_11840-320" x="11840" y="320">
		<AppRef name="E3.Series" version="2.14.0.0" guid="04fb882b-6ce4-4859-a462-250fa6de89af"/>
	</HarnessItem>
	<HarnessItem xsi:type="BranchNode" id="BN_9792-312" x="9792" y="312">
		<AppRef name="E3.Series" version="2.14.0.0" guid="4fc059d2-02fb-4baf-b90d-a3db31f87505"/>
	</HarnessItem>
	<HarnessItem xsi:type="BranchNode" id="BN_11744-320" x="11744" y="320">
		<AppRef name="E3.Series" version="2.14.0.0" guid="86d2e870-6f65-40e9-bccb-70707685998f"/>
	</HarnessItem>
	<HarnessItem xsi:type="BranchNode" id="BN_9760-312" x="9760" y="312">
		<AppRef name="E3.Series" version="2.14.0.0" guid="f3d66a7f-1fb4-46c1-9247-0d92a2f19c1a"/>
	</HarnessItem>
	<HarnessItem xsi:type="BranchNode" id="BN_6856-336" x="6856" y="336">
		<AppRef name="E3.Series" version="2.14.0.0" guid="bf9f942c-e1a7-453a-adbe-37ec8f649092"/>
	</HarnessItem>
	<HarnessItem xsi:type="BranchNode" id="BN_11136-276" x="11136" y="276">
		<AppRef name="E3.Series" version="2.13.7.0" guid="1b5f84fe-61e0-4ca5-8e6d-cde3ba8a71bb"/>
	</HarnessItem>
	<HarnessItem xsi:type="BranchNode" id="BN_11136-308" x="11136" y="308">
		<AppRef name="E3.Series" version="2.14.0.0" guid="2046de8e-4c9e-4bb2-98b8-fb7f2c329a2a"/>
	</HarnessItem>
	<HarnessItem xsi:type="BranchNode" id="BN_7807_9-350_058" x="7807.8995647731108" y="350.058186946931">
		<AppRef name="E3.Series" version="2.14.0.0" guid="c7ac55a2-f9b3-465c-9eef-100b1e10fd92"/>
	</HarnessItem>
	<HarnessItem xsi:type="BranchNode" id="BN_16016-312" x="16016" y="312">
		<AppRef name="E3.Series" version="2.14.0.0" guid="cbe83b8a-411a-4013-ade8-4bf456d2050b"/>
	</HarnessItem>
	<HarnessItem xsi:type="BranchNode" id="BN_7808-264" x="7808" y="264">
		<AppRef name="E3.Series" version="2.14.0.0" guid="b571ac3c-b397-40bf-8c96-dd5c7c98ed29"/>
	</HarnessItem>
	<HarnessItem xsi:type="BranchNode" id="BN_15544-312" x="15544" y="312">
		<AppRef name="E3.Series" version="2.14.0.0" guid="a42e0e2a-5eb2-4f73-986e-67d2f7a23544"/>
	</HarnessItem>
	<HarnessItem xsi:type="BranchNode" id="BN_16856-288" x="16856" y="288">
		<AppRef name="E3.Series" version="2.14.0.0" guid="73efb7ed-3d48-4f20-9394-315ffea84824"/>
	</HarnessItem>
	<HarnessItem xsi:type="BranchNode" id="BN_15544-208" x="15544" y="208">
		<AppRef name="E3.Series" version="2.14.0.0" guid="5de7d745-d289-4b6c-9f16-102313131b44"/>
	</HarnessItem>
	<HarnessItem xsi:type="BranchNode" id="BN_17064-352" x="17064" y="352">
		<AppRef name="E3.Series" version="2.14.0.0" guid="643a3859-d05c-474e-ba04-4ecfeb415938"/>
	</HarnessItem>
	<HarnessItem xsi:type="BranchNode" id="BN_15176-272" x="15176" y="272">
		<AppRef name="E3.Series" version="2.14.0.0" guid="60085fa1-4e83-4a02-920e-354452f5789f"/>
	</HarnessItem>
	<HarnessItem xsi:type="BranchNode" id="BN_15124-272" x="15124" y="272">
		<AppRef name="E3.Series" version="2.14.0.0" guid="f6e3c161-1497-4ffe-8260-a638df414bf0"/>
	</HarnessItem>
	<HarnessItem xsi:type="BranchNode" id="BN_16856-268" x="16856" y="268">
		<AppRef name="E3.Series" version="2.14.0.0" guid="e4cff867-fd42-41e2-adcf-bfd928737189"/>
	</HarnessItem>
	<HarnessItem xsi:type="BranchNode" id="BN_15544-136" x="15544" y="136">
		<AppRef name="E3.Series" version="2.14.0.0" guid="ac3e1482-13af-47c9-9f81-267d386c9332"/>
	</HarnessItem>
	<HarnessItem xsi:type="BranchNode" id="BN_19664-396" x="19664" y="396">
		<AppRef name="E3.Series" version="2.14.0.0" guid="e4c896f5-de84-4a55-8550-9b2816f69fc0"/>
	</HarnessItem>
	<HarnessItem xsi:type="BranchNode" id="BN_15408-136" x="15408" y="136">
		<AppRef name="E3.Series" version="2.14.0.0" guid="0dfeffea-9d00-4a09-a97e-182aae9a9387"/>
	</HarnessItem>
	<HarnessItem xsi:type="BranchNode" id="BN_15376-136" x="15376" y="136">
		<AppRef name="E3.Series" version="2.14.0.0" guid="96c1c307-37ae-40ac-9b6e-6702999e7cc1"/>
	</HarnessItem>
	<HarnessItem xsi:type="BranchNode" id="BN_19692-384" x="19692" y="384">
		<AppRef name="E3.Series" version="2.14.0.0" guid="2169ea52-5b34-42f7-b983-44f6e60ed421"/>
	</HarnessItem>
	<HarnessItem xsi:type="BranchNode" id="BN_19712-396" x="19712" y="396">
		<AppRef name="E3.Series" version="2.14.0.0" guid="86cdb807-5055-4eea-8e84-c979a31a2e65"/>
	</HarnessItem>
	<HarnessItem xsi:type="BranchNode" id="BN_21592-376" x="21592" y="376">
		<AppRef name="E3.Series" version="2.14.0.0" guid="d4eef340-f1ae-48f4-ae45-4178f828387d"/>
	</HarnessItem>
	<HarnessItem xsi:type="BranchNode" id="BN_6087_9-166_058" x="6087.89956477311" y="166.05818694693102">
		<AppRef name="E3.Series" version="2.14.0.0" guid="d266c066-2d03-4610-b920-c58c0887e0b6"/>
	</HarnessItem>
	<HarnessItem xsi:type="BranchNode" id="BN_6610_25-134_156" x="6610.2495264001209" y="134.156421789602">
		<AppRef name="E3.Series" version="2.14.0.0" guid="bfaa8e7b-408c-4c70-a21d-661478cf28fa"/>
	</HarnessItem>
	<HarnessItem xsi:type="BranchNode" id="BN_17720-304" x="17720" y="304">
		<AppRef name="E3.Series" version="2.14.0.0" guid="3edb22ec-98cb-48df-949a-c832bb336e27"/>
	</HarnessItem>
	<HarnessItem xsi:type="BranchNode" id="BN_17632-304" x="17632" y="304">
		<AppRef name="E3.Series" version="2.14.0.0" guid="c150b601-53ed-4492-8922-87ee6397803c"/>
	</HarnessItem>
	<HarnessItem xsi:type="Device" id="DEV_b5-14-0-55d9" name="C22-A1" compType="DU5T-14489-EB" symbolName="F-Formboard_Conn_Symb" symbolCharacteristic="" rotation="90.000000" branchNodeId="BN_21404-188">
		<AppRef name="E3.Series" version="2.13.7.0" guid="d46aa128-9052-47c4-a08f-d47724db0676"/>
		<Property id="PROPERTY_220" name="HRN_FAMILY" value="14401"/>
		<Property id="PROPERTY_221" name="HRN_Level_Ref" value="(ALL)"/>
		<Property id="PROPERTY_222" name="CONN_TERM_SEAL_REQ" value="No"/>
		<Property id="PROPERTY_223" name="DESCRIPTION_COMPONENT" value="CAT.HYBRID 0.64/1.5/2.8MM_BLD"/>
		<Property id="PROPERTY_224" name="SUB_PROJECT" value="HRN-14401"/>
		<Property id="PROPERTY_225" name="DEVICE_NAME" value="C22-A1::"/>
		<Property id="PROPERTY_226" name="COMP_TYPE" value="CONN-INLINE"/>
		<Property id="PROPERTY_227" name="DESCRIPTION_DEVICE" value="TO INLINE 19F561 (HVAC)"/>
		<DeviceItem xsi:type="Pin" id="PIN_b5-18-0-55de" signalId="SIGNAL_42-36-0-18a61d1" name="1">
			<AppRef name="E3.Series" version="2.13.7.0" guid="6140abb2-3d76-4e86-9fe2-0c04900e4643"/>
			<PinItem xsi:type="ConnectorPinTerminal" id="CONNECTORPINTERMINAL_b5-18-0-55de" compType="WIRE-END-TERM:C22-A1:1"/>
		</DeviceItem>
		<DeviceItem xsi:type="Pin" id="PIN_b5-18-0-55df" signalId="SIGNAL_2-36-0-40cc" name="2">
			<AppRef name="E3.Series" version="2.13.7.0" guid="168575a0-eb51-432c-8c46-d357404ae22c"/>
			<PinItem xsi:type="ConnectorPinTerminal" id="CONNECTORPINTERMINAL_b5-18-0-55df" compType="WIRE-END-TERM:C22-A1:2"/>
		</DeviceItem>
		<DeviceItem xsi:type="Pin" id="PIN_b5-18-0-55e0" signalId="SIGNAL_2-36-0-3589" name="3">
			<AppRef name="E3.Series" version="2.13.7.0" guid="88b74044-970f-46ec-8211-21016317baca"/>
			<PinItem xsi:type="ConnectorPinTerminal" id="CONNECTORPINTERMINAL_b5-18-0-55e0" compType="WIRE-END-TERM:C22-A1:3"/>
		</DeviceItem>
		<DeviceItem xsi:type="Pin" id="PIN_b5-18-0-55e1" signalId="SIGNAL_2-36-0-3588" name="4">
			<AppRef name="E3.Series" version="2.13.7.0" guid="cf909f9c-6100-494d-a64c-b702466a1869"/>
			<PinItem xsi:type="ConnectorPinTerminal" id="CONNECTORPINTERMINAL_b5-18-0-55e1" compType="WIRE-END-TERM:C22-A1:4"/>
		</DeviceItem>
		<DeviceItem xsi:type="Pin" id="PIN_b5-18-0-55e2" signalId="SIGNAL_2-36-0-3568" name="5">
			<AppRef name="E3.Series" version="2.13.7.0" guid="18235b90-761d-4811-b57b-b1d984d89f51"/>
			<PinItem xsi:type="ConnectorPinTerminal" id="CONNECTORPINTERMINAL_b5-18-0-55e2" compType="WIRE-END-TERM:C22-A1:5"/>
		</DeviceItem>
		<DeviceItem xsi:type="Pin" id="PIN_b5-18-0-55e3" signalId="SIGNAL_2-36-0-3567" name="6">
			<AppRef name="E3.Series" version="2.13.7.0" guid="62b5232f-87bb-4ebd-a08c-310f73957e7b"/>
			<PinItem xsi:type="ConnectorPinTerminal" id="CONNECTORPINTERMINAL_b5-18-0-55e3" compType="WIRE-END-TERM:C22-A1:6"/>
		</DeviceItem>
		<DeviceItem xsi:type="Pin" id="PIN_b5-18-0-55e4" signalId="SIGNAL_2-36-0-40c8" name="7">
			<AppRef name="E3.Series" version="2.13.7.0" guid="d98046e4-1c6b-412e-8efd-59b489b566da"/>
			<PinItem xsi:type="ConnectorPinTerminal" id="CONNECTORPINTERMINAL_b5-18-0-55e4" compType="WIRE-END-TERM:C22-A1:7"/>
		</DeviceItem>
		<DeviceItem xsi:type="Pin" id="PIN_b5-18-0-55e5" signalId="SIGNAL_2-36-0-3b44" name="8">
			<AppRef name="E3.Series" version="2.13.7.0" guid="c354bcb9-6349-4f78-b1f1-834ef4fb965c"/>
			<PinItem xsi:type="ConnectorPinTerminal" id="CONNECTORPINTERMINAL_b5-18-0-55e5" compType="WIRE-END-TERM:C22-A1:8"/>
		</DeviceItem>
		<DeviceItem xsi:type="Pin" id="PIN_b5-18-0-55e6" signalId="SIGNAL_2-36-0-40be" name="9">
			<AppRef name="E3.Series" version="2.13.7.0" guid="90711080-d32b-4f4c-a3e4-3d8141299e9f"/>
			<PinItem xsi:type="ConnectorPinTerminal" id="CONNECTORPINTERMINAL_b5-18-0-55e6" compType="WIRE-END-TERM:C22-A1:9"/>
		</DeviceItem>
		<DeviceItem xsi:type="Pin" id="PIN_b5-18-0-55e7" signalId="SIGNAL_2-36-0-40ca" name="10">
			<AppRef name="E3.Series" version="2.13.7.0" guid="331c0add-3d97-4a39-83cc-b0bb79b404d0"/>
			<PinItem xsi:type="ConnectorPinTerminal" id="CONNECTORPINTERMINAL_b5-18-0-55e7" compType="WIRE-END-TERM:C22-A1:10"/>
		</DeviceItem>
		<DeviceItem xsi:type="Pin" id="PIN_b5-18-0-55e8" signalId="SIGNAL_42-36-0-18a6199" name="11">
			<AppRef name="E3.Series" version="2.13.7.0" guid="b9fc6821-7999-47cb-ae8a-9534d53c6df1"/>
			<PinItem xsi:type="ConnectorPinTerminal" id="CONNECTORPINTERMINAL_b5-18-0-55e8" compType="WIRE-END-TERM:C22-A1:11"/>
		</DeviceItem>
		<DeviceItem xsi:type="Pin" id="PIN_b5-18-0-55e9" signalId="SIGNAL_2-36-0-40ba" name="12">
			<AppRef name="E3.Series" version="2.13.7.0" guid="a65b650b-587c-404a-b291-f12f897b9d98"/>
			<PinItem xsi:type="ConnectorPinTerminal" id="CONNECTORPINTERMINAL_b5-18-0-55e9" compType="WIRE-END-TERM:C22-A1:12"/>
		</DeviceItem>
		<DeviceItem xsi:type="Pin" id="PIN_b5-18-0-55ea" signalId="SIGNAL_2-36-0-356d" name="13">
			<AppRef name="E3.Series" version="2.13.7.0" guid="739c8c96-b697-455a-8c16-3417708a09d3"/>
			<PinItem xsi:type="ConnectorPinTerminal" id="CONNECTORPINTERMINAL_b5-18-0-55ea" compType="WIRE-END-TERM:C22-A1:13"/>
		</DeviceItem>
		<DeviceItem xsi:type="Pin" id="PIN_b5-18-0-55eb" signalId="SIGNAL_2-36-0-3c37" name="14">
			<AppRef name="E3.Series" version="2.13.7.0" guid="4e80ff52-5498-425c-988f-1c7bf63725d0"/>
			<PinItem xsi:type="ConnectorPinTerminal" id="CONNECTORPINTERMINAL_b5-18-0-55eb" compType="WIRE-END-TERM:C22-A1:14"/>
		</DeviceItem>
		<DeviceItem xsi:type="Pin" id="PIN_b5-18-0-55ec" signalId="SIGNAL_2-36-0-356c" name="15">
			<AppRef name="E3.Series" version="2.13.7.0" guid="92e4e93f-0eba-491d-bef2-700c156e231e"/>
			<PinItem xsi:type="ConnectorPinTerminal" id="CONNECTORPINTERMINAL_b5-18-0-55ec" compType="WIRE-END-TERM:C22-A1:15"/>
		</DeviceItem>
		<DeviceItem xsi:type="Pin" id="PIN_b5-18-0-55ed" signalId="SIGNAL_EMPTY" name="16">
			<AppRef name="E3.Series" version="2.13.7.0" guid="d10adbe8-d964-489b-834f-dc84f48c308a"/>
		</DeviceItem>
		<DeviceItem xsi:type="Pin" id="PIN_b5-18-0-55ee" signalId="SIGNAL_2-36-0-3572" name="17">
			<AppRef name="E3.Series" version="2.13.7.0" guid="822cc0f8-000a-4ff9-8b76-c4bce471f43c"/>
			<PinItem xsi:type="ConnectorPinTerminal" id="CONNECTORPINTERMINAL_b5-18-0-55ee" compType="WIRE-END-TERM:C22-A1:17"/>
		</DeviceItem>
		<DeviceItem xsi:type="Pin" id="PIN_b5-18-0-55ef" signalId="SIGNAL_2-36-0-3571" name="18">
			<AppRef name="E3.Series" version="2.13.7.0" guid="07e1cbe2-58f5-4e02-a39b-0e0c9e9ca539"/>
			<PinItem xsi:type="ConnectorPinTerminal" id="CONNECTORPINTERMINAL_b5-18-0-55ef" compType="WIRE-END-TERM:C22-A1:18"/>
		</DeviceItem>
		<DeviceItem xsi:type="Pin" id="PIN_b5-18-0-55f0" signalId="SIGNAL_2-36-0-40cd" name="19">
			<AppRef name="E3.Series" version="2.13.7.0" guid="76640b69-959f-4bd0-b479-5a39d53bfe85"/>
			<PinItem xsi:type="ConnectorPinTerminal" id="CONNECTORPINTERMINAL_b5-18-0-55f0" compType="WIRE-END-TERM:C22-A1:19"/>
		</DeviceItem>
		<DeviceItem xsi:type="Pin" id="PIN_b5-18-0-55f1" signalId="SIGNAL_2-36-0-40c0" name="20">
			<AppRef name="E3.Series" version="2.13.7.0" guid="4cffbaf0-9db3-41f0-8b1c-8f5ca2f38b94"/>
			<PinItem xsi:type="ConnectorPinTerminal" id="CONNECTORPINTERMINAL_b5-18-0-55f1" compType="WIRE-END-TERM:C22-A1:20"/>
		</DeviceItem>
		<DeviceItem xsi:type="Pin" id="PIN_b5-18-0-55f2" signalId="SIGNAL_42-36-0-18a61a5" name="21">
			<AppRef name="E3.Series" version="2.13.7.0" guid="155b2ca9-5f8b-48bc-a645-c83d3842f45c"/>
			<PinItem xsi:type="ConnectorPinTerminal" id="CONNECTORPINTERMINAL_b5-18-0-55f2" compType="WIRE-END-TERM:C22-A1:21"/>
		</DeviceItem>
	</HarnessItem>
	<HarnessItem xsi:type="Device" id="DEV_b5-14-0-553c" name="C12-B2" compType="JU5T-14489-CA" symbolName="F-Formboard_Conn_Symb" symbolCharacteristic="" rotation="x90.000000" branchNodeId="BN_21712-184">
		<AppRef name="E3.Series" version="2.13.7.0" guid="66c8f3d7-e215-4cc1-be44-dd5d68df11c1"/>
		<Property id="PROPERTY_228" name="HRN_FAMILY" value="14401"/>
		<Property id="PROPERTY_229" name="HRN_Level_Ref" value="(ALL)"/>
		<Property id="PROPERTY_230" name="CONN_TERM_SEAL_REQ" value="No"/>
		<Property id="PROPERTY_231" name="DESCRIPTION_COMPONENT" value="CONNECTOR HYB UNSEALED (0.64,0.64 BLD)"/>
		<Property id="PROPERTY_232" name="SUB_PROJECT" value="HRN-14401"/>
		<Property id="PROPERTY_233" name="DEVICE_NAME" value="C12-B2::"/>
		<Property id="PROPERTY_234" name="COMP_TYPE" value="CONN-INLINE"/>
		<Property id="PROPERTY_235" name="DESCRIPTION_DEVICE" value="TO INLINE 12A581 30W RH"/>
		<DeviceItem xsi:type="Pin" id="PIN_b5-18-0-5541" signalId="SIGNAL_18-36-0-251cb5" name="1">
			<AppRef name="E3.Series" version="2.13.7.0" guid="5457278d-f52e-41d7-8caf-c11b192fb523"/>
			<PinItem xsi:type="ConnectorPinTerminal" id="CONNECTORPINTERMINAL_b5-18-0-5541" compType="WIRE-END-TERM:C12-B2:1"/>
		</DeviceItem>
		<DeviceItem xsi:type="Pin" id="PIN_b5-18-0-5543" signalId="SIGNAL_18-36-0-251cc2" name="2">
			<AppRef name="E3.Series" version="2.13.7.0" guid="ad4cea46-4288-4f6b-8ff9-43049d3b76b2"/>
			<PinItem xsi:type="ConnectorPinTerminal" id="CONNECTORPINTERMINAL_b5-18-0-5543" compType="WIRE-END-TERM:C12-B2:2"/>
		</DeviceItem>
		<DeviceItem xsi:type="Pin" id="PIN_b5-18-0-5545" signalId="SIGNAL_2-36-0-3fc1" name="3">
			<AppRef name="E3.Series" version="2.13.7.0" guid="4647fca7-5ad2-4479-a466-1d1762506385"/>
			<PinItem xsi:type="ConnectorPinTerminal" id="CONNECTORPINTERMINAL_b5-18-0-5545" compType="WIRE-END-TERM:C12-B2:3"/>
		</DeviceItem>
		<DeviceItem xsi:type="Pin" id="PIN_b5-18-0-5547" signalId="SIGNAL_2-36-0-3fc0" name="4">
			<AppRef name="E3.Series" version="2.13.7.0" guid="0b770049-96f7-4ca0-8f1f-295f27f9d663"/>
			<PinItem xsi:type="ConnectorPinTerminal" id="CONNECTORPINTERMINAL_b5-18-0-5547" compType="WIRE-END-TERM:C12-B2:4"/>
		</DeviceItem>
		<DeviceItem xsi:type="Pin" id="PIN_b5-18-0-5549" signalId="SIGNAL_56-36-0-8325b" name="5">
			<AppRef name="E3.Series" version="2.13.7.0" guid="170892bb-04c5-4045-9ade-6b2086491520"/>
			<PinItem xsi:type="ConnectorPinTerminal" id="CONNECTORPINTERMINAL_b5-18-0-5549" compType="WIRE-END-TERM:C12-B2:5"/>
		</DeviceItem>
		<DeviceItem xsi:type="Pin" id="PIN_b5-18-0-554b" signalId="SIGNAL_56-36-0-8325a" name="6">
			<AppRef name="E3.Series" version="2.13.7.0" guid="1365dca9-7417-4822-98c3-2d9f67406650"/>
			<PinItem xsi:type="ConnectorPinTerminal" id="CONNECTORPINTERMINAL_b5-18-0-554b" compType="WIRE-END-TERM:C12-B2:6"/>
		</DeviceItem>
		<DeviceItem xsi:type="Pin" id="PIN_b5-18-0-554d" signalId="SIGNAL_2-36-0-424b" name="7">
			<AppRef name="E3.Series" version="2.13.7.0" guid="737c447d-8bb5-4a00-89db-094d1596eb2a"/>
			<PinItem xsi:type="ConnectorPinTerminal" id="CONNECTORPINTERMINAL_b5-18-0-554d" compType="WIRE-END-TERM:C12-B2:7"/>
		</DeviceItem>
		<DeviceItem xsi:type="Pin" id="PIN_b5-18-0-554f" signalId="SIGNAL_2-36-0-3d53" name="8">
			<AppRef name="E3.Series" version="2.13.7.0" guid="de2d076a-d162-4024-9ab6-ddc2e51d7582"/>
			<PinItem xsi:type="ConnectorPinTerminal" id="CONNECTORPINTERMINAL_b5-18-0-554f" compType="WIRE-END-TERM:C12-B2:8"/>
		</DeviceItem>
		<DeviceItem xsi:type="Pin" id="PIN_b5-18-0-5551" signalId="SIGNAL_2-36-0-424a" name="9">
			<AppRef name="E3.Series" version="2.13.7.0" guid="6bda1bef-8225-49ae-80f9-de2717e182b4"/>
			<PinItem xsi:type="ConnectorPinTerminal" id="CONNECTORPINTERMINAL_b5-18-0-5551" compType="WIRE-END-TERM:C12-B2:9"/>
		</DeviceItem>
		<DeviceItem xsi:type="Pin" id="PIN_b5-18-0-5553" signalId="SIGNAL_2-36-0-3d52" name="10">
			<AppRef name="E3.Series" version="2.13.7.0" guid="c3d01bc6-3617-4e7d-a1cd-097ad0fde885"/>
			<PinItem xsi:type="ConnectorPinTerminal" id="CONNECTORPINTERMINAL_b5-18-0-5553" compType="WIRE-END-TERM:C12-B2:10"/>
		</DeviceItem>
		<DeviceItem xsi:type="Pin" id="PIN_b5-18-0-5555" signalId="SIGNAL_2-36-0-33cc" name="11">
			<AppRef name="E3.Series" version="2.13.7.0" guid="d933d50e-5a91-4c6b-a266-97e753fd38b6"/>
			<PinItem xsi:type="ConnectorPinTerminal" id="CONNECTORPINTERMINAL_b5-18-0-5555" compType="WIRE-END-TERM:C12-B2:11"/>
		</DeviceItem>
		<DeviceItem xsi:type="Pin" id="PIN_b5-18-0-5557" signalId="SIGNAL_99-36-0-15f7a1" name="12">
			<AppRef name="E3.Series" version="2.13.7.0" guid="b60946dd-11cf-4a23-9dd6-13b1fe6adf71"/>
			<PinItem xsi:type="ConnectorPinTerminal" id="CONNECTORPINTERMINAL_b5-18-0-5557" compType="WIRE-END-TERM:C12-B2:12"/>
		</DeviceItem>
		<DeviceItem xsi:type="Pin" id="PIN_b5-18-0-5559" signalId="SIGNAL_2-36-0-3549" name="13">
			<AppRef name="E3.Series" version="2.13.7.0" guid="7b73e6bf-deaf-4a8a-9e5d-55a6f7025d32"/>
			<PinItem xsi:type="ConnectorPinTerminal" id="CONNECTORPINTERMINAL_b5-18-0-5559" compType="WIRE-END-TERM:C12-B2:13"/>
		</DeviceItem>
		<DeviceItem xsi:type="Pin" id="PIN_b5-18-0-555b" signalId="SIGNAL_2-36-0-3548" name="14">
			<AppRef name="E3.Series" version="2.13.7.0" guid="b43734b9-487a-4e84-aa1d-22243fd0807d"/>
			<PinItem xsi:type="ConnectorPinTerminal" id="CONNECTORPINTERMINAL_b5-18-0-555b" compType="WIRE-END-TERM:C12-B2:14"/>
		</DeviceItem>
		<DeviceItem xsi:type="Pin" id="PIN_b5-18-0-555d" signalId="SIGNAL_18-36-0-2516c2" name="15">
			<AppRef name="E3.Series" version="2.13.7.0" guid="e88ccce4-0606-4b77-8d30-1d368b746794"/>
			<PinItem xsi:type="ConnectorPinTerminal" id="CONNECTORPINTERMINAL_b5-18-0-555d" compType="WIRE-END-TERM:C12-B2:15"/>
		</DeviceItem>
		<DeviceItem xsi:type="Pin" id="PIN_b5-18-0-555f" signalId="SIGNAL_d-36-0-e2d4f" name="16">
			<AppRef name="E3.Series" version="2.13.7.0" guid="17df45be-d3fc-4968-b689-6b088d0200d7"/>
			<PinItem xsi:type="ConnectorPinTerminal" id="CONNECTORPINTERMINAL_b5-18-0-555f" compType="WIRE-END-TERM:C12-B2:16"/>
		</DeviceItem>
		<DeviceItem xsi:type="Pin" id="PIN_b5-18-0-5561" signalId="SIGNAL_2-36-0-36e5" name="17">
			<AppRef name="E3.Series" version="2.13.7.0" guid="b19f2e03-f1e7-470b-ace7-ab4b5b71296d"/>
			<PinItem xsi:type="ConnectorPinTerminal" id="CONNECTORPINTERMINAL_b5-18-0-5561" compType="WIRE-END-TERM:C12-B2:17"/>
		</DeviceItem>
		<DeviceItem xsi:type="Pin" id="PIN_b5-18-0-5563" signalId="SIGNAL_2-36-0-4104" name="18">
			<AppRef name="E3.Series" version="2.13.7.0" guid="a957d1c0-9f45-4079-9288-6ebea4613407"/>
			<PinItem xsi:type="ConnectorPinTerminal" id="CONNECTORPINTERMINAL_b5-18-0-5563" compType="WIRE-END-TERM:C12-B2:18"/>
		</DeviceItem>
		<DeviceItem xsi:type="Pin" id="PIN_b5-18-0-5565" signalId="SIGNAL_42-36-0-18a6a3f" name="19">
			<AppRef name="E3.Series" version="2.13.7.0" guid="8215d226-051f-4fce-8f6d-db028b14feb1"/>
			<PinItem xsi:type="ConnectorPinTerminal" id="CONNECTORPINTERMINAL_b5-18-0-5565" compType="WIRE-END-TERM:C12-B2:19"/>
		</DeviceItem>
		<DeviceItem xsi:type="Pin" id="PIN_b5-18-0-5567" signalId="SIGNAL_18-36-0-253129" name="20">
			<AppRef name="E3.Series" version="2.13.7.0" guid="6b7fe053-b420-48e0-8f1e-7924b0cd8bd5"/>
			<PinItem xsi:type="ConnectorPinTerminal" id="CONNECTORPINTERMINAL_b5-18-0-5567" compType="WIRE-END-TERM:C12-B2:20"/>
		</DeviceItem>
		<DeviceItem xsi:type="Pin" id="PIN_13-18-0-2bb4d" signalId="SIGNAL_18-36-0-2532db" name="21">
			<AppRef name="E3.Series" version="2.13.7.0" guid="d6472e91-160e-446c-bb37-781ddd371948"/>
			<PinItem xsi:type="ConnectorPinTerminal" id="CONNECTORPINTERMINAL_13-18-0-2bb4d" compType="WIRE-END-TERM:C12-B2:21"/>
		</DeviceItem>
		<DeviceItem xsi:type="Pin" id="PIN_6a-18-0-f7b4a" signalId="SIGNAL_42-36-0-18a6a3f" name="22">
			<AppRef name="E3.Series" version="2.13.7.0" guid="693daf2a-dd24-4d77-aec1-2523917e0502"/>
			<PinItem xsi:type="ConnectorPinTerminal" id="CONNECTORPINTERMINAL_6a-18-0-f7b4a" compType="WIRE-END-TERM:C12-B2:22"/>
		</DeviceItem>
		<DeviceItem xsi:type="Pin" id="PIN_6a-18-0-f7b4e" signalId="SIGNAL_2-36-0-3215" name="23">
			<AppRef name="E3.Series" version="2.13.7.0" guid="46f38259-9361-41de-abf0-189bb7e08588"/>
			<PinItem xsi:type="ConnectorPinTerminal" id="CONNECTORPINTERMINAL_6a-18-0-f7b4e" compType="WIRE-END-TERM:C12-B2:23"/>
		</DeviceItem>
		<DeviceItem xsi:type="Pin" id="PIN_6a-18-0-f7b52" signalId="SIGNAL_EMPTY" name="24">
			<AppRef name="E3.Series" version="2.13.7.0" guid="3e4b6897-dbd2-4bbe-a2fd-6044b0193087"/>
		</DeviceItem>
		<DeviceItem xsi:type="Pin" id="PIN_6a-18-0-f7b56" signalId="SIGNAL_EMPTY" name="25">
			<AppRef name="E3.Series" version="2.13.7.0" guid="b1559fc2-63b6-49a7-814e-84538600e6dc"/>
		</DeviceItem>
		<DeviceItem xsi:type="Pin" id="PIN_6a-18-0-f7b5a" signalId="SIGNAL_EMPTY" name="26">
			<AppRef name="E3.Series" version="2.13.7.0" guid="dd312985-3de0-467f-b2af-2b991587e1c5"/>
		</DeviceItem>
		<DeviceItem xsi:type="Pin" id="PIN_6a-18-0-f7b5e" signalId="SIGNAL_EMPTY" name="27">
			<AppRef name="E3.Series" version="2.13.7.0" guid="38aacb07-283c-4297-b739-a986b0ca3368"/>
		</DeviceItem>
		<DeviceItem xsi:type="Pin" id="PIN_6a-18-0-f7b62" signalId="SIGNAL_EMPTY" name="28">
			<AppRef name="E3.Series" version="2.13.7.0" guid="4fe4bdd9-5b46-4a0c-95c1-14b278a864fa"/>
		</DeviceItem>
		<DeviceItem xsi:type="Pin" id="PIN_6a-18-0-f7b66" signalId="SIGNAL_EMPTY" name="29">
			<AppRef name="E3.Series" version="2.13.7.0" guid="1f0be076-646d-476a-b6fc-0fc0aaf460d4"/>
		</DeviceItem>
		<DeviceItem xsi:type="Pin" id="PIN_6a-18-0-f7b6a" signalId="SIGNAL_EMPTY" name="30">
			<AppRef name="E3.Series" version="2.13.7.0" guid="73a350d3-4d45-4611-97e4-2244f10733f6"/>
		</DeviceItem>
	</HarnessItem>
	<HarnessItem xsi:type="Device" id="DEV_b5-14-0-54fa" name="C12-A2" compType="FU5T-14489-GB" symbolName="F-Formboard_Conn_Symb" symbolCharacteristic="" rotation="180.000000" branchNodeId="BN_22052-256">
		<AppRef name="E3.Series" version="2.13.7.0" guid="3ce6f33d-2d30-4e89-97a4-1e782f8bec63"/>
		<Property id="PROPERTY_236" name="HRN_FAMILY" value="14401"/>
		<Property id="PROPERTY_237" name="HRN_Level_Ref" value="(ALL)"/>
		<Property id="PROPERTY_238" name="CONN_TERM_SEAL_REQ" value="No"/>
		<Property id="PROPERTY_239" name="DESCRIPTION_COMPONENT" value="CAT.HYBRID 0.64/1.5/2.8MM_BLD"/>
		<Property id="PROPERTY_240" name="SUB_PROJECT" value="HRN-14401"/>
		<Property id="PROPERTY_241" name="DEVICE_NAME" value="C12-A2::"/>
		<Property id="PROPERTY_242" name="COMP_TYPE" value="CONN-INLINE"/>
		<Property id="PROPERTY_243" name="DESCRIPTION_DEVICE" value="TO INLINE 12A581 17W RH"/>
		<DeviceItem xsi:type="Pin" id="PIN_b5-18-0-54ff" signalId="SIGNAL_18-36-0-253129" name="1">
			<AppRef name="E3.Series" version="2.13.7.0" guid="375a836c-10e1-4c31-9930-d4929cafdfaf"/>
			<PinItem xsi:type="ConnectorPinTerminal" id="CONNECTORPINTERMINAL_b5-18-0-54ff" compType="WIRE-END-TERM:C12-A2:1"/>
		</DeviceItem>
		<DeviceItem xsi:type="Pin" id="PIN_b5-18-0-5500" signalId="SIGNAL_18-36-0-25311d" name="2">
			<AppRef name="E3.Series" version="2.13.7.0" guid="3afcdc51-69eb-48a4-9be9-36e2c351b0ca"/>
			<PinItem xsi:type="ConnectorPinTerminal" id="CONNECTORPINTERMINAL_b5-18-0-5500" compType="WIRE-END-TERM:C12-A2:2"/>
		</DeviceItem>
		<DeviceItem xsi:type="Pin" id="PIN_b5-18-0-5501" signalId="SIGNAL_18-36-0-251a43" name="3">
			<AppRef name="E3.Series" version="2.13.7.0" guid="9526bb1f-0f6f-46ca-bc69-673b67aa58a0"/>
			<PinItem xsi:type="ConnectorPinTerminal" id="CONNECTORPINTERMINAL_b5-18-0-5501" compType="WIRE-END-TERM:C12-A2:3"/>
		</DeviceItem>
		<DeviceItem xsi:type="Pin" id="PIN_b5-18-0-5502" signalId="SIGNAL_2-36-0-4108" name="4">
			<AppRef name="E3.Series" version="2.13.7.0" guid="c3e285fc-d058-4e45-a9e7-9449634ac625"/>
			<PinItem xsi:type="ConnectorPinTerminal" id="CONNECTORPINTERMINAL_b5-18-0-5502" compType="WIRE-END-TERM:C12-A2:4"/>
		</DeviceItem>
		<DeviceItem xsi:type="Pin" id="PIN_b5-18-0-5503" signalId="SIGNAL_EMPTY" name="5">
			<AppRef name="E3.Series" version="2.13.7.0" guid="a1372c8d-79c7-4ef8-a73e-962a7d238bfb"/>
			<PinItem xsi:type="ConnectorPinTerminal" id="CONNECTORPINTERMINAL_b5-18-0-5503" compType="WIRE-END-TERM:C12-A2:5"/>
		</DeviceItem>
		<DeviceItem xsi:type="Pin" id="PIN_b5-18-0-5504" signalId="SIGNAL_2-36-0-4109" name="6">
			<AppRef name="E3.Series" version="2.13.7.0" guid="198d96b2-9853-4a1e-91a0-39de005c816c"/>
			<PinItem xsi:type="ConnectorPinTerminal" id="CONNECTORPINTERMINAL_b5-18-0-5504" compType="WIRE-END-TERM:C12-A2:6"/>
		</DeviceItem>
		<DeviceItem xsi:type="Pin" id="PIN_b5-18-0-5505" signalId="SIGNAL_EMPTY" name="7">
			<AppRef name="E3.Series" version="2.13.7.0" guid="e34417f0-d516-49cc-98fc-8c0f7bab973f"/>
			<PinItem xsi:type="ConnectorPinTerminal" id="CONNECTORPINTERMINAL_b5-18-0-5505" compType="WIRE-END-TERM:C12-A2:7"/>
		</DeviceItem>
		<DeviceItem xsi:type="Pin" id="PIN_b5-18-0-5506" signalId="SIGNAL_2-36-0-40b3" name="8">
			<AppRef name="E3.Series" version="2.13.7.0" guid="11050fcf-945b-4d83-8210-d31f76995044"/>
			<PinItem xsi:type="ConnectorPinTerminal" id="CONNECTORPINTERMINAL_b5-18-0-5506" compType="WIRE-END-TERM:C12-A2:8"/>
		</DeviceItem>
		<DeviceItem xsi:type="Pin" id="PIN_b5-18-0-5507" signalId="SIGNAL_2-36-0-34b9" name="9">
			<AppRef name="E3.Series" version="2.13.7.0" guid="4414c541-9252-467e-867a-820dfbf4158b"/>
			<PinItem xsi:type="ConnectorPinTerminal" id="CONNECTORPINTERMINAL_b5-18-0-5507" compType="WIRE-END-TERM:C12-A2:9"/>
		</DeviceItem>
		<DeviceItem xsi:type="Pin" id="PIN_b5-18-0-5508" signalId="SIGNAL_2-36-0-327d" name="10">
			<AppRef name="E3.Series" version="2.13.7.0" guid="e759b28c-f877-4515-a7d1-355f803acaa7"/>
			<PinItem xsi:type="ConnectorPinTerminal" id="CONNECTORPINTERMINAL_b5-18-0-5508" compType="WIRE-END-TERM:C12-A2:10"/>
		</DeviceItem>
		<DeviceItem xsi:type="Pin" id="PIN_b5-18-0-5509" signalId="SIGNAL_2-36-0-3565" name="11">
			<AppRef name="E3.Series" version="2.13.7.0" guid="59b4d698-1bae-4e53-86d8-dd8abf108143"/>
			<PinItem xsi:type="ConnectorPinTerminal" id="CONNECTORPINTERMINAL_b5-18-0-5509" compType="WIRE-END-TERM:C12-A2:11"/>
		</DeviceItem>
		<DeviceItem xsi:type="Pin" id="PIN_b5-18-0-550a" signalId="SIGNAL_2-36-0-410a" name="12">
			<AppRef name="E3.Series" version="2.13.7.0" guid="11fb6e05-56e4-4b38-b649-b15660df4858"/>
			<PinItem xsi:type="ConnectorPinTerminal" id="CONNECTORPINTERMINAL_b5-18-0-550a" compType="WIRE-END-TERM:C12-A2:12"/>
		</DeviceItem>
		<DeviceItem xsi:type="Pin" id="PIN_b5-18-0-550b" signalId="SIGNAL_2-36-0-410b" name="13">
			<AppRef name="E3.Series" version="2.13.7.0" guid="c7b2ef05-d502-42a2-83b6-10883627e72f"/>
			<PinItem xsi:type="ConnectorPinTerminal" id="CONNECTORPINTERMINAL_b5-18-0-550b" compType="WIRE-END-TERM:C12-A2:13"/>
		</DeviceItem>
		<DeviceItem xsi:type="Pin" id="PIN_b5-18-0-550c" signalId="SIGNAL_2-36-0-3e44" name="14">
			<AppRef name="E3.Series" version="2.13.7.0" guid="109efaa9-296d-43f6-8c49-941498256032"/>
			<PinItem xsi:type="ConnectorPinTerminal" id="CONNECTORPINTERMINAL_b5-18-0-550c" compType="WIRE-END-TERM:C12-A2:14"/>
		</DeviceItem>
		<DeviceItem xsi:type="Pin" id="PIN_b5-18-0-550d" signalId="SIGNAL_2-36-0-3220" name="15">
			<AppRef name="E3.Series" version="2.13.7.0" guid="32acc04f-0070-4427-8534-fc0132488b2c"/>
			<PinItem xsi:type="ConnectorPinTerminal" id="CONNECTORPINTERMINAL_b5-18-0-550d" compType="WIRE-END-TERM:C12-A2:15"/>
		</DeviceItem>
		<DeviceItem xsi:type="Pin" id="PIN_b5-18-0-550e" signalId="SIGNAL_2-36-0-3221" name="16">
			<AppRef name="E3.Series" version="2.13.7.0" guid="7b9720b8-e0e6-47d8-aec9-1f8eacf7bb07"/>
			<PinItem xsi:type="ConnectorPinTerminal" id="CONNECTORPINTERMINAL_b5-18-0-550e" compType="WIRE-END-TERM:C12-A2:16"/>
		</DeviceItem>
		<DeviceItem xsi:type="Pin" id="PIN_b5-18-0-550f" signalId="SIGNAL_2-36-0-3e87" name="17">
			<AppRef name="E3.Series" version="2.13.7.0" guid="8b9dbdae-814a-48d3-bd99-e86b29e43ded"/>
			<PinItem xsi:type="ConnectorPinTerminal" id="CONNECTORPINTERMINAL_b5-18-0-550f" compType="WIRE-END-TERM:C12-A2:17"/>
		</DeviceItem>
	</HarnessItem>
	<HarnessItem xsi:type="Device" id="DEV_b5-14-0-54a8" name="C23-B1" compType="JU5T-14489-DA" symbolName="F-Formboard_Conn_Symb" symbolCharacteristic="" rotation="90.000000" branchNodeId="BN_22204-180">
		<AppRef name="E3.Series" version="2.13.7.0" guid="031900ca-17b9-4c12-b560-79748f309eff"/>
		<Property id="PROPERTY_244" name="HRN_FAMILY" value="14401"/>
		<Property id="PROPERTY_245" name="HRN_Level_Ref" value="(ALL)"/>
		<Property id="PROPERTY_246" name="CONN_TERM_SEAL_REQ" value="No"/>
		<Property id="PROPERTY_247" name="DESCRIPTION_COMPONENT" value="CONNECTOR HYB UNSEALED (0.64,0.64 BLD)"/>
		<Property id="PROPERTY_248" name="SUB_PROJECT" value="HRN-14401"/>
		<Property id="PROPERTY_249" name="DEVICE_NAME" value="C23-B1::"/>
		<Property id="PROPERTY_250" name="COMP_TYPE" value="CONN-INLINE"/>
		<Property id="PROPERTY_251" name="DESCRIPTION_DEVICE" value="TO INLINE 14A005 30W RH"/>
		<DeviceItem xsi:type="Pin" id="PIN_b5-18-0-54ad" signalId="SIGNAL_EMPTY" name="1">
			<AppRef name="E3.Series" version="2.13.7.0" guid="3ec9387d-ae7d-43e4-9e88-80f94e5c47fc"/>
		</DeviceItem>
		<DeviceItem xsi:type="Pin" id="PIN_b5-18-0-54ae" signalId="SIGNAL_2-36-0-3ebd" name="2">
			<AppRef name="E3.Series" version="2.13.7.0" guid="4dca3a04-5e03-463d-9073-fb22ead74087"/>
			<PinItem xsi:type="ConnectorPinTerminal" id="CONNECTORPINTERMINAL_b5-18-0-54ae" compType="WIRE-END-TERM:C23-B1:2"/>
		</DeviceItem>
		<DeviceItem xsi:type="Pin" id="PIN_b5-18-0-54af" signalId="SIGNAL_2-36-0-377b" name="3">
			<AppRef name="E3.Series" version="2.13.7.0" guid="ef261997-1d67-4cda-9a30-8f35442fde0d"/>
			<PinItem xsi:type="ConnectorPinTerminal" id="CONNECTORPINTERMINAL_b5-18-0-54af" compType="WIRE-END-TERM:C23-B1:3"/>
		</DeviceItem>
		<DeviceItem xsi:type="Pin" id="PIN_b5-18-0-54b0" signalId="SIGNAL_2-36-0-3660" name="4">
			<AppRef name="E3.Series" version="2.13.7.0" guid="5be77753-4537-4891-9c80-09f89b906c24"/>
			<PinItem xsi:type="ConnectorPinTerminal" id="CONNECTORPINTERMINAL_b5-18-0-54b0" compType="WIRE-END-TERM:C23-B1:4"/>
		</DeviceItem>
		<DeviceItem xsi:type="Pin" id="PIN_b5-18-0-54b1" signalId="SIGNAL_2-36-0-3eb9" name="5">
			<AppRef name="E3.Series" version="2.13.7.0" guid="f3fe7eef-bc0b-4a83-b216-a1f997fb3300"/>
			<PinItem xsi:type="ConnectorPinTerminal" id="CONNECTORPINTERMINAL_b5-18-0-54b1" compType="WIRE-END-TERM:C23-B1:5"/>
		</DeviceItem>
		<DeviceItem xsi:type="Pin" id="PIN_b5-18-0-54b2" signalId="SIGNAL_2-36-0-32ab" name="6">
			<AppRef name="E3.Series" version="2.13.7.0" guid="c335a604-29c8-4463-9b08-def143c2ba6b"/>
			<PinItem xsi:type="ConnectorPinTerminal" id="CONNECTORPINTERMINAL_b5-18-0-54b2" compType="WIRE-END-TERM:C23-B1:6"/>
		</DeviceItem>
		<DeviceItem xsi:type="Pin" id="PIN_b5-18-0-54b3" signalId="SIGNAL_18-36-0-25311d" name="7">
			<AppRef name="E3.Series" version="2.13.7.0" guid="40e18c46-4675-42a8-8539-669a9b285f9c"/>
			<PinItem xsi:type="ConnectorPinTerminal" id="CONNECTORPINTERMINAL_b5-18-0-54b3" compType="WIRE-END-TERM:C23-B1:7"/>
		</DeviceItem>
		<DeviceItem xsi:type="Pin" id="PIN_b5-18-0-54b4" signalId="SIGNAL_18-36-0-253129" name="8">
			<AppRef name="E3.Series" version="2.13.7.0" guid="9b1b7df8-b342-4553-bfc2-91577605557d"/>
			<PinItem xsi:type="ConnectorPinTerminal" id="CONNECTORPINTERMINAL_b5-18-0-54b4" compType="WIRE-END-TERM:C23-B1:8"/>
		</DeviceItem>
		<DeviceItem xsi:type="Pin" id="PIN_b5-18-0-54b5" signalId="SIGNAL_2-36-0-37b5" name="9">
			<AppRef name="E3.Series" version="2.13.7.0" guid="09ff0bc4-0971-4746-973f-3f522b5b2859"/>
			<PinItem xsi:type="ConnectorPinTerminal" id="CONNECTORPINTERMINAL_b5-18-0-54b5" compType="WIRE-END-TERM:C23-B1:9"/>
		</DeviceItem>
		<DeviceItem xsi:type="Pin" id="PIN_b5-18-0-54b6" signalId="SIGNAL_2-36-0-3655" name="10">
			<AppRef name="E3.Series" version="2.13.7.0" guid="eaf7a7bb-e9d7-4709-9d30-3f9006c2decf"/>
			<PinItem xsi:type="ConnectorPinTerminal" id="CONNECTORPINTERMINAL_b5-18-0-54b6" compType="WIRE-END-TERM:C23-B1:10"/>
		</DeviceItem>
		<DeviceItem xsi:type="Pin" id="PIN_b5-18-0-54b7" signalId="SIGNAL_2-36-0-3656" name="11">
			<AppRef name="E3.Series" version="2.13.7.0" guid="8e1f3599-2a5a-4665-a6bd-dd0b743be303"/>
			<PinItem xsi:type="ConnectorPinTerminal" id="CONNECTORPINTERMINAL_b5-18-0-54b7" compType="WIRE-END-TERM:C23-B1:11"/>
		</DeviceItem>
		<DeviceItem xsi:type="Pin" id="PIN_b5-18-0-54b8" signalId="SIGNAL_18-36-0-2529b4" name="12">
			<AppRef name="E3.Series" version="2.13.7.0" guid="ccf36063-5536-49ef-bdec-cb1343272602"/>
			<PinItem xsi:type="ConnectorPinTerminal" id="CONNECTORPINTERMINAL_b5-18-0-54b8" compType="WIRE-END-TERM:C23-B1:12"/>
		</DeviceItem>
		<DeviceItem xsi:type="Pin" id="PIN_b5-18-0-54b9" signalId="SIGNAL_2-36-0-40c1" name="13">
			<AppRef name="E3.Series" version="2.13.7.0" guid="5d0b680f-e150-4f85-a7d1-31be3f2f53d7"/>
			<PinItem xsi:type="ConnectorPinTerminal" id="CONNECTORPINTERMINAL_b5-18-0-54b9" compType="WIRE-END-TERM:C23-B1:13"/>
		</DeviceItem>
		<DeviceItem xsi:type="Pin" id="PIN_b5-18-0-54ba" signalId="SIGNAL_2-36-0-3b44" name="14">
			<AppRef name="E3.Series" version="2.13.7.0" guid="f7780d59-3c64-40d7-96c0-33aab310b600"/>
			<PinItem xsi:type="ConnectorPinTerminal" id="CONNECTORPINTERMINAL_b5-18-0-54ba" compType="WIRE-END-TERM:C23-B1:14"/>
		</DeviceItem>
		<DeviceItem xsi:type="Pin" id="PIN_b5-18-0-54bb" signalId="SIGNAL_2-36-0-4216" name="15">
			<AppRef name="E3.Series" version="2.13.7.0" guid="648cb927-7fb9-4d96-bcdd-bc6b0d33c951"/>
			<PinItem xsi:type="ConnectorPinTerminal" id="CONNECTORPINTERMINAL_b5-18-0-54bb" compType="WIRE-END-TERM:C23-B1:15"/>
		</DeviceItem>
		<DeviceItem xsi:type="Pin" id="PIN_b5-18-0-54bc" signalId="SIGNAL_2-36-0-3cbd" name="16">
			<AppRef name="E3.Series" version="2.13.7.0" guid="cb8b16b3-41cf-407f-b1ef-37387c1fb4ec"/>
			<PinItem xsi:type="ConnectorPinTerminal" id="CONNECTORPINTERMINAL_b5-18-0-54bc" compType="WIRE-END-TERM:C23-B1:16"/>
		</DeviceItem>
		<DeviceItem xsi:type="Pin" id="PIN_b5-18-0-54bd" signalId="SIGNAL_2-36-0-3b4b" name="17">
			<AppRef name="E3.Series" version="2.13.7.0" guid="2c79c1a1-e5d8-4924-88a3-718fee415a29"/>
			<PinItem xsi:type="ConnectorPinTerminal" id="CONNECTORPINTERMINAL_b5-18-0-54bd" compType="WIRE-END-TERM:C23-B1:17"/>
		</DeviceItem>
		<DeviceItem xsi:type="Pin" id="PIN_b5-18-0-54be" signalId="SIGNAL_2-36-0-3652" name="18">
			<AppRef name="E3.Series" version="2.13.7.0" guid="cd4883e6-b7e7-4625-a506-cba70cfa3275"/>
			<PinItem xsi:type="ConnectorPinTerminal" id="CONNECTORPINTERMINAL_b5-18-0-54be" compType="WIRE-END-TERM:C23-B1:18"/>
		</DeviceItem>
		<DeviceItem xsi:type="Pin" id="PIN_b5-18-0-54bf" signalId="SIGNAL_2-36-0-3653" name="19">
			<AppRef name="E3.Series" version="2.13.7.0" guid="3cb1a144-ca20-4b2c-979a-8c7a9a4133d2"/>
			<PinItem xsi:type="ConnectorPinTerminal" id="CONNECTORPINTERMINAL_b5-18-0-54bf" compType="WIRE-END-TERM:C23-B1:19"/>
		</DeviceItem>
		<DeviceItem xsi:type="Pin" id="PIN_b5-18-0-54c0" signalId="SIGNAL_2-36-0-3c37" name="20">
			<AppRef name="E3.Series" version="2.13.7.0" guid="6ed8f32a-a358-4e83-a7b4-800824d9610d"/>
			<PinItem xsi:type="ConnectorPinTerminal" id="CONNECTORPINTERMINAL_b5-18-0-54c0" compType="WIRE-END-TERM:C23-B1:20"/>
		</DeviceItem>
		<DeviceItem xsi:type="Pin" id="PIN_b5-18-0-54c1" signalId="SIGNAL_2-36-0-40c2" name="21">
			<AppRef name="E3.Series" version="2.13.7.0" guid="e3e82827-647c-42b4-8155-470e560e602b"/>
			<PinItem xsi:type="ConnectorPinTerminal" id="CONNECTORPINTERMINAL_b5-18-0-54c1" compType="WIRE-END-TERM:C23-B1:21"/>
		</DeviceItem>
		<DeviceItem xsi:type="Pin" id="PIN_5f-18-0-126c23" signalId="SIGNAL_18-36-0-2529a8" name="22">
			<AppRef name="E3.Series" version="2.13.7.0" guid="bcc68e2e-6cc4-4678-b317-039e9f963484"/>
			<PinItem xsi:type="ConnectorPinTerminal" id="CONNECTORPINTERMINAL_5f-18-0-126c23" compType="WIRE-END-TERM:C23-B1:22"/>
		</DeviceItem>
		<DeviceItem xsi:type="Pin" id="PIN_5f-18-0-126c27" signalId="SIGNAL_2-36-0-3fc2" name="23">
			<AppRef name="E3.Series" version="2.13.7.0" guid="20652207-04e0-42d6-bde7-939dc949bf57"/>
			<PinItem xsi:type="ConnectorPinTerminal" id="CONNECTORPINTERMINAL_5f-18-0-126c27" compType="WIRE-END-TERM:C23-B1:23"/>
		</DeviceItem>
		<DeviceItem xsi:type="Pin" id="PIN_5f-18-0-126c2b" signalId="SIGNAL_2-36-0-3fc3" name="24">
			<AppRef name="E3.Series" version="2.13.7.0" guid="c078cce8-cf8a-4271-b5b0-4c1ac032dfec"/>
			<PinItem xsi:type="ConnectorPinTerminal" id="CONNECTORPINTERMINAL_5f-18-0-126c2b" compType="WIRE-END-TERM:C23-B1:24"/>
		</DeviceItem>
		<DeviceItem xsi:type="Pin" id="PIN_5f-18-0-126c2f" signalId="SIGNAL_4c-36-0-75879f" name="25">
			<AppRef name="E3.Series" version="2.13.7.0" guid="0e599a90-1db5-4b97-8221-e90d6e27ebb9"/>
			<PinItem xsi:type="ConnectorPinTerminal" id="CONNECTORPINTERMINAL_5f-18-0-126c2f" compType="WIRE-END-TERM:C23-B1:25"/>
		</DeviceItem>
		<DeviceItem xsi:type="Pin" id="PIN_5f-18-0-126c33" signalId="SIGNAL_4c-36-0-777d7f" name="26">
			<AppRef name="E3.Series" version="2.13.7.0" guid="2d8a0087-e8c5-4251-bc84-02fde2e3ee43"/>
			<PinItem xsi:type="ConnectorPinTerminal" id="CONNECTORPINTERMINAL_5f-18-0-126c33" compType="WIRE-END-TERM:C23-B1:26"/>
		</DeviceItem>
		<DeviceItem xsi:type="Pin" id="PIN_5f-18-0-126c37" signalId="SIGNAL_2-36-0-4148" name="27">
			<AppRef name="E3.Series" version="2.13.7.0" guid="b062f7bb-04dd-44a1-aa58-3a6dcbe1572b"/>
			<PinItem xsi:type="ConnectorPinTerminal" id="CONNECTORPINTERMINAL_5f-18-0-126c37" compType="WIRE-END-TERM:C23-B1:27"/>
		</DeviceItem>
		<DeviceItem xsi:type="Pin" id="PIN_5f-18-0-126c3b" signalId="SIGNAL_2-36-0-3c8b" name="28">
			<AppRef name="E3.Series" version="2.13.7.0" guid="89430ae8-c2dd-43f9-b66b-1610371949f4"/>
			<PinItem xsi:type="ConnectorPinTerminal" id="CONNECTORPINTERMINAL_5f-18-0-126c3b" compType="WIRE-END-TERM:C23-B1:28"/>
		</DeviceItem>
		<DeviceItem xsi:type="Pin" id="PIN_5f-18-0-126c3f" signalId="SIGNAL_2-36-0-4111" name="29">
			<AppRef name="E3.Series" version="2.13.7.0" guid="e6f3e29a-4e2e-488d-8753-0e8c8c6230b2"/>
			<PinItem xsi:type="ConnectorPinTerminal" id="CONNECTORPINTERMINAL_5f-18-0-126c3f" compType="WIRE-END-TERM:C23-B1:29"/>
		</DeviceItem>
		<DeviceItem xsi:type="Pin" id="PIN_5f-18-0-126c43" signalId="SIGNAL_2-36-0-3330" name="30">
			<AppRef name="E3.Series" version="2.13.7.0" guid="85d91d36-c450-4b54-af6d-f7009460fd7c"/>
			<PinItem xsi:type="ConnectorPinTerminal" id="CONNECTORPINTERMINAL_5f-18-0-126c43" compType="WIRE-END-TERM:C23-B1:30"/>
		</DeviceItem>
	</HarnessItem>
	<HarnessItem xsi:type="Device" id="DEV_8c-14-0-33832f" name="C2R169" compType="MU5T-14489-MB" symbolName="F-Formboard_Conn_Symb" symbolCharacteristic="" rotation="0.000000" branchNodeId="BN_22712-112">
		<AppRef name="E3.Series" version="2.13.7.0" guid="2b792b81-7ae9-45aa-8f90-f4fb3cbaf2b6"/>
		<Property id="PROPERTY_252" name="HRN_FAMILY" value="14401"/>
		<Property id="PROPERTY_253" name="HRN_Level_Ref" value="(ALL)"/>
		<Property id="PROPERTY_254" name="DESCRIPTION_COMPONENT" value="CONNECTOR-SQUIB TYPE"/>
		<Property id="PROPERTY_255" name="SUB_PROJECT" value="HRN-14401"/>
		<Property id="PROPERTY_256" name="DEVICE_NAME" value="C2R169::"/>
		<Property id="PROPERTY_257" name="COMP_TYPE" value="CONN-DEVICE"/>
		<Property id="PROPERTY_258" name="DESCRIPTION_DEVICE" value="TO AIR BAG (PASS KNEE)"/>
		<DeviceItem xsi:type="Pin" id="PIN_8c-18-0-33834c" signalId="SIGNAL_2-36-0-3927" name="1">
			<AppRef name="E3.Series" version="2.13.7.0" guid="94cc799d-1c40-42a8-8914-ddf912dbf045"/>
		</DeviceItem>
		<DeviceItem xsi:type="Pin" id="PIN_8c-18-0-338353" signalId="SIGNAL_2-36-0-3d75" name="2">
			<AppRef name="E3.Series" version="2.13.7.0" guid="e018ff93-b915-4878-8113-91847e9740a0"/>
		</DeviceItem>
	</HarnessItem>
	<HarnessItem xsi:type="Device" id="DEV_f-14-0-c8a3" name="C2AM02-B" compType="9U5T-14489-WA" symbolName="F-Formboard_Conn_Symb" symbolCharacteristic="" rotation="90.000000" branchNodeId="BN_23840-236">
		<AppRef name="E3.Series" version="2.13.7.0" guid="8c014e4b-1129-4b51-9546-285c301284de"/>
		<AdditionalPart id="ADDITIONALPART_c0-4-0-1b88" compType="9U5T-14488-DA"/>
		<AdditionalPart id="ADDITIONALPART_c0-4-0-1b89" compType="9U5T-14488-EA"/>
		<AdditionalPart id="ADDITIONALPART_95-4-0-5a685" compType="HU5T-14E047-MA"/>
		<Property id="PROPERTY_259" name="SUBMERGIBLE" value="NO"/>
		<Property id="PROPERTY_260" name="HRN_FAMILY" value="14401"/>
		<Property id="PROPERTY_261" name="HRN_Level_Ref" value="(ALL)"/>
		<Property id="PROPERTY_262" name="CONN_TERM_SEAL_REQ" value="No"/>
		<Property id="PROPERTY_263" name="DESCRIPTION_COMPONENT" value="CONNECTOR-CAT. 0 (.64MM BLADE)"/>
		<Property id="PROPERTY_264" name="SUB_PROJECT" value="HRN-14401"/>
		<Property id="PROPERTY_265" name="DEVICE_NAME" value="C2AM02-B::"/>
		<Property id="PROPERTY_266" name="COMP_TYPE" value="CONN-DEVICE"/>
		<Property id="PROPERTY_267" name="DESCRIPTION_DEVICE" value="TO BCM - B"/>
		<DeviceItem xsi:type="Pin" id="PIN_f-18-0-db9c" signalId="SIGNAL_2-36-0-3825" name="1">
			<AppRef name="E3.Series" version="2.13.7.0" guid="ee1ad96c-9fb8-4cd6-81fe-870d753e6dce"/>
			<PinItem xsi:type="ConnectorPinTerminal" id="CONNECTORPINTERMINAL_f-18-0-db9c" compType="WIRE-END-TERM:C2AM02-B:1"/>
		</DeviceItem>
		<DeviceItem xsi:type="Pin" id="PIN_f-18-0-db9f" signalId="SIGNAL_EMPTY" name="2">
			<AppRef name="E3.Series" version="2.13.7.0" guid="7d27e8b2-280c-4bc0-8fe3-edee37da6826"/>
		</DeviceItem>
		<DeviceItem xsi:type="Pin" id="PIN_f-18-0-dba2" signalId="SIGNAL_EMPTY" name="3">
			<AppRef name="E3.Series" version="2.13.7.0" guid="8dc97bc2-2f6b-4108-9299-fccb2d018c39"/>
		</DeviceItem>
		<DeviceItem xsi:type="Pin" id="PIN_f-18-0-dba5" signalId="SIGNAL_EMPTY" name="4">
			<AppRef name="E3.Series" version="2.13.7.0" guid="ef61674d-8a8a-40d6-8f81-cd449e969c4f"/>
		</DeviceItem>
		<DeviceItem xsi:type="Pin" id="PIN_f-18-0-dba8" signalId="SIGNAL_2-36-0-3758" name="5">
			<AppRef name="E3.Series" version="2.13.7.0" guid="7c540717-d773-4233-a977-f46f110907b1"/>
			<PinItem xsi:type="ConnectorPinTerminal" id="CONNECTORPINTERMINAL_f-18-0-dba8" compType="WIRE-END-TERM:C2AM02-B:5"/>
		</DeviceItem>
		<DeviceItem xsi:type="Pin" id="PIN_f-18-0-dbab" signalId="SIGNAL_EMPTY" name="6">
			<AppRef name="E3.Series" version="2.13.7.0" guid="ef0e6af5-9858-4bce-883b-c722ae31f04d"/>
		</DeviceItem>
		<DeviceItem xsi:type="Pin" id="PIN_f-18-0-dbae" signalId="SIGNAL_EMPTY" name="7">
			<AppRef name="E3.Series" version="2.13.7.0" guid="9902d71d-e2ca-4e68-81f2-fd383141f524"/>
		</DeviceItem>
		<DeviceItem xsi:type="Pin" id="PIN_f-18-0-dbb1" signalId="SIGNAL_EMPTY" name="8">
			<AppRef name="E3.Series" version="2.13.7.0" guid="2b0b029c-0d92-4245-8327-518d6a639202"/>
		</DeviceItem>
		<DeviceItem xsi:type="Pin" id="PIN_f-18-0-dbb4" signalId="SIGNAL_EMPTY" name="9">
			<AppRef name="E3.Series" version="2.13.7.0" guid="eede4423-0c78-4b17-9432-502198182ed4"/>
		</DeviceItem>
		<DeviceItem xsi:type="Pin" id="PIN_f-18-0-dbb7" signalId="SIGNAL_EMPTY" name="10">
			<AppRef name="E3.Series" version="2.13.7.0" guid="f363eb04-37fb-40f8-b8c5-7e9f6817f160"/>
		</DeviceItem>
		<DeviceItem xsi:type="Pin" id="PIN_f-18-0-dbba" signalId="SIGNAL_18-36-0-25383a" name="11">
			<AppRef name="E3.Series" version="2.13.7.0" guid="71e01e86-0ba7-455b-bed0-16aa64f9b1a2"/>
			<PinItem xsi:type="ConnectorPinTerminal" id="CONNECTORPINTERMINAL_f-18-0-dbba" compType="WIRE-END-TERM:C2AM02-B:11"/>
		</DeviceItem>
		<DeviceItem xsi:type="Pin" id="PIN_f-18-0-dbbd" signalId="SIGNAL_2-36-0-33c4" name="12">
			<AppRef name="E3.Series" version="2.13.7.0" guid="cda449ea-5300-4ded-90e8-0082cdfb9862"/>
			<PinItem xsi:type="ConnectorPinTerminal" id="CONNECTORPINTERMINAL_f-18-0-dbbd" compType="WIRE-END-TERM:C2AM02-B:12"/>
		</DeviceItem>
		<DeviceItem xsi:type="Pin" id="PIN_f-18-0-dbc0" signalId="SIGNAL_d-36-0-e2ad6" name="13">
			<AppRef name="E3.Series" version="2.13.7.0" guid="79171635-feed-4f70-a9e2-50c203869c40"/>
			<PinItem xsi:type="ConnectorPinTerminal" id="CONNECTORPINTERMINAL_f-18-0-dbc0" compType="WIRE-END-TERM:C2AM02-B:13"/>
		</DeviceItem>
		<DeviceItem xsi:type="Pin" id="PIN_f-18-0-dbc3" signalId="SIGNAL_EMPTY" name="14">
			<AppRef name="E3.Series" version="2.13.7.0" guid="5a62bf15-fe35-4746-84a0-9b5730cd0c40"/>
		</DeviceItem>
		<DeviceItem xsi:type="Pin" id="PIN_f-18-0-dbc6" signalId="SIGNAL_EMPTY" name="15">
			<AppRef name="E3.Series" version="2.13.7.0" guid="8b1aa70f-53bd-4e63-8dc2-ca3d881a65ee"/>
		</DeviceItem>
		<DeviceItem xsi:type="Pin" id="PIN_f-18-0-dbc9" signalId="SIGNAL_EMPTY" name="16">
			<AppRef name="E3.Series" version="2.13.7.0" guid="5b51051a-a9fc-429a-a57e-f1beaa75285b"/>
		</DeviceItem>
		<DeviceItem xsi:type="Pin" id="PIN_f-18-0-dbcc" signalId="SIGNAL_2-36-0-371d" name="17">
			<AppRef name="E3.Series" version="2.13.7.0" guid="e00a8940-c83b-4d44-9223-12b4f65f8e55"/>
		</DeviceItem>
		<DeviceItem xsi:type="Pin" id="PIN_f-18-0-dbcf" signalId="SIGNAL_2-36-0-3d8f" name="18">
			<AppRef name="E3.Series" version="2.13.7.0" guid="503363de-dba6-4b59-a704-e9d952077923"/>
			<PinItem xsi:type="ConnectorPinTerminal" id="CONNECTORPINTERMINAL_f-18-0-dbcf" compType="WIRE-END-TERM:C2AM02-B:18"/>
		</DeviceItem>
		<DeviceItem xsi:type="Pin" id="PIN_f-18-0-dbd2" signalId="SIGNAL_2-36-0-36b9" name="19">
			<AppRef name="E3.Series" version="2.13.7.0" guid="aef34b12-dc8f-4c22-a199-6be3a7ac7d65"/>
			<PinItem xsi:type="ConnectorPinTerminal" id="CONNECTORPINTERMINAL_f-18-0-dbd2" compType="WIRE-END-TERM:C2AM02-B:19"/>
		</DeviceItem>
		<DeviceItem xsi:type="Pin" id="PIN_f-18-0-dbd5" signalId="SIGNAL_EMPTY" name="20">
			<AppRef name="E3.Series" version="2.13.7.0" guid="91a084ae-d85e-4d88-a83d-1c6bfb7eac43"/>
		</DeviceItem>
		<DeviceItem xsi:type="Pin" id="PIN_f-18-0-dbd8" signalId="SIGNAL_EMPTY" name="21">
			<AppRef name="E3.Series" version="2.13.7.0" guid="fff65806-8754-4953-822f-e887f8b3d205"/>
		</DeviceItem>
		<DeviceItem xsi:type="Pin" id="PIN_f-18-0-dc35" signalId="SIGNAL_2-36-0-3c60" name="22">
			<AppRef name="E3.Series" version="2.13.7.0" guid="11735370-36cf-4f45-9db6-028c52e2497b"/>
			<PinItem xsi:type="ConnectorPinTerminal" id="CONNECTORPINTERMINAL_f-18-0-dc35" compType="WIRE-END-TERM:C2AM02-B:22"/>
		</DeviceItem>
		<DeviceItem xsi:type="Pin" id="PIN_f-18-0-dbdb" signalId="SIGNAL_EMPTY" name="23">
			<AppRef name="E3.Series" version="2.13.7.0" guid="ec0722d6-c0f6-4959-8b00-c01d6fd54370"/>
		</DeviceItem>
		<DeviceItem xsi:type="Pin" id="PIN_f-18-0-dbde" signalId="SIGNAL_2-36-0-4103" name="24">
			<AppRef name="E3.Series" version="2.13.7.0" guid="ec773b18-116d-45e9-b32f-8c62af3e8c9e"/>
			<PinItem xsi:type="ConnectorPinTerminal" id="CONNECTORPINTERMINAL_f-18-0-dbde" compType="WIRE-END-TERM:C2AM02-B:24"/>
		</DeviceItem>
		<DeviceItem xsi:type="Pin" id="PIN_f-18-0-dbe1" signalId="SIGNAL_2-36-0-3fe2" name="25">
			<AppRef name="E3.Series" version="2.13.7.0" guid="49a0d170-26b6-4208-855a-9c3506794900"/>
		</DeviceItem>
		<DeviceItem xsi:type="Pin" id="PIN_f-18-0-dbe4" signalId="SIGNAL_2-36-0-4216" name="26">
			<AppRef name="E3.Series" version="2.13.7.0" guid="6fd9ad63-9af3-498b-b5c0-5bc485ebe955"/>
			<PinItem xsi:type="ConnectorPinTerminal" id="CONNECTORPINTERMINAL_f-18-0-dbe4" compType="WIRE-END-TERM:C2AM02-B:26"/>
		</DeviceItem>
		<DeviceItem xsi:type="Pin" id="PIN_f-18-0-dbe7" signalId="SIGNAL_2-36-0-3cbd" name="27">
			<AppRef name="E3.Series" version="2.13.7.0" guid="0fa462ce-972f-44a6-9311-fc083c1b25c4"/>
			<PinItem xsi:type="ConnectorPinTerminal" id="CONNECTORPINTERMINAL_f-18-0-dbe7" compType="WIRE-END-TERM:C2AM02-B:27"/>
		</DeviceItem>
		<DeviceItem xsi:type="Pin" id="PIN_f-18-0-dbea" signalId="SIGNAL_EMPTY" name="28">
			<AppRef name="E3.Series" version="2.13.7.0" guid="fd98d703-a7c6-4dc2-bc80-ef33adf22cc3"/>
		</DeviceItem>
		<DeviceItem xsi:type="Pin" id="PIN_f-18-0-dbed" signalId="SIGNAL_EMPTY" name="29">
			<AppRef name="E3.Series" version="2.13.7.0" guid="319b7b0b-5f7a-4162-832e-57f17bec0264"/>
		</DeviceItem>
		<DeviceItem xsi:type="Pin" id="PIN_f-18-0-dbf0" signalId="SIGNAL_EMPTY" name="30">
			<AppRef name="E3.Series" version="2.13.7.0" guid="d8dace40-54e3-4983-9a07-31b4471e98f6"/>
		</DeviceItem>
		<DeviceItem xsi:type="Pin" id="PIN_f-18-0-dbf3" signalId="SIGNAL_EMPTY" name="31">
			<AppRef name="E3.Series" version="2.13.7.0" guid="0a63d20c-8af0-4767-a52d-6fb8695688b0"/>
		</DeviceItem>
		<DeviceItem xsi:type="Pin" id="PIN_f-18-0-dbf6" signalId="SIGNAL_2-36-0-4434" name="32">
			<AppRef name="E3.Series" version="2.13.7.0" guid="12445214-f9dc-4d60-9be3-ca6cc3b628ff"/>
		</DeviceItem>
		<DeviceItem xsi:type="Pin" id="PIN_f-18-0-dbf9" signalId="SIGNAL_18-36-0-25321b" name="33">
			<AppRef name="E3.Series" version="2.13.7.0" guid="788e7f9a-9fe3-4c54-8f38-efc44c517934"/>
			<PinItem xsi:type="ConnectorPinTerminal" id="CONNECTORPINTERMINAL_f-18-0-dbf9" compType="WIRE-END-TERM:C2AM02-B:33"/>
		</DeviceItem>
		<DeviceItem xsi:type="Pin" id="PIN_f-18-0-dbfc" signalId="SIGNAL_EMPTY" name="34">
			<AppRef name="E3.Series" version="2.13.7.0" guid="d7a9f54a-d04c-4602-99c4-f3314abdab32"/>
		</DeviceItem>
		<DeviceItem xsi:type="Pin" id="PIN_f-18-0-dbff" signalId="SIGNAL_EMPTY" name="35">
			<AppRef name="E3.Series" version="2.13.7.0" guid="7cfa66ab-6248-4c06-94a7-6f38c3b67ef7"/>
		</DeviceItem>
		<DeviceItem xsi:type="Pin" id="PIN_f-18-0-dc02" signalId="SIGNAL_EMPTY" name="36">
			<AppRef name="E3.Series" version="2.13.7.0" guid="6ba4cf4e-7773-44fe-9760-3e3ab6e4a672"/>
		</DeviceItem>
		<DeviceItem xsi:type="Pin" id="PIN_f-18-0-dc05" signalId="SIGNAL_2-36-0-33cb" name="37">
			<AppRef name="E3.Series" version="2.13.7.0" guid="b89064a7-eb5e-4f03-80ef-145ab40f242d"/>
			<PinItem xsi:type="ConnectorPinTerminal" id="CONNECTORPINTERMINAL_f-18-0-dc05" compType="WIRE-END-TERM:C2AM02-B:37"/>
		</DeviceItem>
		<DeviceItem xsi:type="Pin" id="PIN_f-18-0-dc08" signalId="SIGNAL_2-36-0-33c7" name="38">
			<AppRef name="E3.Series" version="2.13.7.0" guid="27c9da34-76e2-4ccb-933c-125de6107c97"/>
			<PinItem xsi:type="ConnectorPinTerminal" id="CONNECTORPINTERMINAL_f-18-0-dc08" compType="WIRE-END-TERM:C2AM02-B:38"/>
		</DeviceItem>
		<DeviceItem xsi:type="Pin" id="PIN_f-18-0-dc0b" signalId="SIGNAL_2-36-0-3759" name="39">
			<AppRef name="E3.Series" version="2.13.7.0" guid="723f8ad4-43f3-46a0-9b48-b24025398f0c"/>
			<PinItem xsi:type="ConnectorPinTerminal" id="CONNECTORPINTERMINAL_f-18-0-dc0b" compType="WIRE-END-TERM:C2AM02-B:39"/>
		</DeviceItem>
		<DeviceItem xsi:type="Pin" id="PIN_f-18-0-dc0e" signalId="SIGNAL_2-36-0-3b4b" name="40">
			<AppRef name="E3.Series" version="2.13.7.0" guid="d611543c-bbf3-41ba-bc05-98160174ef34"/>
			<PinItem xsi:type="ConnectorPinTerminal" id="CONNECTORPINTERMINAL_f-18-0-dc0e" compType="WIRE-END-TERM:C2AM02-B:40"/>
		</DeviceItem>
		<DeviceItem xsi:type="Pin" id="PIN_f-18-0-dc11" signalId="SIGNAL_EMPTY" name="41">
			<AppRef name="E3.Series" version="2.13.7.0" guid="4b6cf022-7a48-47aa-a337-2d7cd93cc452"/>
		</DeviceItem>
		<DeviceItem xsi:type="Pin" id="PIN_f-18-0-dc14" signalId="SIGNAL_18-36-0-1a6df6" name="42">
			<AppRef name="E3.Series" version="2.13.7.0" guid="0a0440d0-300b-4f87-965b-b7838b330592"/>
			<PinItem xsi:type="ConnectorPinTerminal" id="CONNECTORPINTERMINAL_f-18-0-dc14" compType="WIRE-END-TERM:C2AM02-B:42"/>
		</DeviceItem>
		<DeviceItem xsi:type="Pin" id="PIN_f-18-0-dc17" signalId="SIGNAL_EMPTY" name="43">
			<AppRef name="E3.Series" version="2.13.7.0" guid="43da500e-b567-48eb-9930-fdd586b75727"/>
		</DeviceItem>
		<DeviceItem xsi:type="Pin" id="PIN_f-18-0-dc1a" signalId="SIGNAL_cb-36-0-20ef6" name="44">
			<AppRef name="E3.Series" version="2.13.7.0" guid="1604e9f5-95ff-4d02-b439-fc98ebbb59bc"/>
			<PinItem xsi:type="ConnectorPinTerminal" id="CONNECTORPINTERMINAL_f-18-0-dc1a" compType="WIRE-END-TERM:C2AM02-B:44"/>
		</DeviceItem>
		<DeviceItem xsi:type="Pin" id="PIN_f-18-0-dc1d" signalId="SIGNAL_2-36-0-4111" name="45">
			<AppRef name="E3.Series" version="2.13.7.0" guid="a7123ef1-1f93-4a4e-9d27-e090cdfe261f"/>
			<PinItem xsi:type="ConnectorPinTerminal" id="CONNECTORPINTERMINAL_f-18-0-dc1d" compType="WIRE-END-TERM:C2AM02-B:45"/>
		</DeviceItem>
		<DeviceItem xsi:type="Pin" id="PIN_f-18-0-dc20" signalId="SIGNAL_2-36-0-3552" name="46">
			<AppRef name="E3.Series" version="2.13.7.0" guid="1b38c0ec-46c9-4599-9d5b-d9498e6274b0"/>
		</DeviceItem>
		<DeviceItem xsi:type="Pin" id="PIN_f-18-0-dc23" signalId="SIGNAL_2-36-0-34b9" name="47">
			<AppRef name="E3.Series" version="2.13.7.0" guid="01a62984-6e93-43e3-9740-5c66381ee40c"/>
			<PinItem xsi:type="ConnectorPinTerminal" id="CONNECTORPINTERMINAL_f-18-0-dc23" compType="WIRE-END-TERM:C2AM02-B:47"/>
		</DeviceItem>
		<DeviceItem xsi:type="Pin" id="PIN_f-18-0-dc26" signalId="SIGNAL_EMPTY" name="48">
			<AppRef name="E3.Series" version="2.13.7.0" guid="f4d74474-d86f-4491-8f16-dab701326045"/>
		</DeviceItem>
		<DeviceItem xsi:type="Pin" id="PIN_f-18-0-dc29" signalId="SIGNAL_99-36-0-15f6fe" name="49">
			<AppRef name="E3.Series" version="2.13.7.0" guid="ede03ab6-d540-4f44-abdb-56f03a1f0b18"/>
			<PinItem xsi:type="ConnectorPinTerminal" id="CONNECTORPINTERMINAL_f-18-0-dc29" compType="WIRE-END-TERM:C2AM02-B:49"/>
		</DeviceItem>
		<DeviceItem xsi:type="Pin" id="PIN_f-18-0-dc2c" signalId="SIGNAL_2-36-0-33ca" name="50">
			<AppRef name="E3.Series" version="2.13.7.0" guid="f30ecab3-8c59-4636-b6aa-256706bd031b"/>
			<PinItem xsi:type="ConnectorPinTerminal" id="CONNECTORPINTERMINAL_f-18-0-dc2c" compType="WIRE-END-TERM:C2AM02-B:50"/>
		</DeviceItem>
		<DeviceItem xsi:type="Pin" id="PIN_f-18-0-dc2f" signalId="SIGNAL_2-36-0-33cc" name="51">
			<AppRef name="E3.Series" version="2.13.7.0" guid="6c57e1f8-6c3e-4a50-ab43-ed2a8f950268"/>
			<PinItem xsi:type="ConnectorPinTerminal" id="CONNECTORPINTERMINAL_f-18-0-dc2f" compType="WIRE-END-TERM:C2AM02-B:51"/>
		</DeviceItem>
		<DeviceItem xsi:type="Pin" id="PIN_f-18-0-dc32" signalId="SIGNAL_2-36-0-3fe1" name="52">
			<AppRef name="E3.Series" version="2.13.7.0" guid="b5dc6077-ea66-47c5-8e30-48de81fab6b7"/>
			<PinItem xsi:type="ConnectorPinTerminal" id="CONNECTORPINTERMINAL_f-18-0-dc32" compType="WIRE-END-TERM:C2AM02-B:52"/>
		</DeviceItem>
	</HarnessItem>
	<HarnessItem xsi:type="Device" id="DEV_f-14-0-c894" name="C2AM02-A" compType="CU5T-14489-XA" symbolName="F-Formboard_Conn_Symb" symbolCharacteristic="" rotation="90.000000" branchNodeId="BN_24512-276">
		<AppRef name="E3.Series" version="2.13.7.0" guid="5ef74d81-5eaf-4b87-a653-a56312dd9be8"/>
		<AdditionalPart id="ADDITIONALPART_95-4-0-5a698" compType="HU5T-14E047-MA"/>
		<Property id="PROPERTY_268" name="ADDITIONAL_PART_MANDATORY" value="CU5T-14N003-EA"/>
		<Property id="PROPERTY_269" name="HRN_Level_Ref" value="(ALL)"/>
		<Property id="PROPERTY_270" name="CONN_TERM_SEAL_REQ" value="No"/>
		<Property id="PROPERTY_271" name="DESCRIPTION_COMPONENT" value="CONNECTOR-CAT.HYB(1.0,1.5,2.8,6.3MM BLD)"/>
		<Property id="PROPERTY_272" name="SUB_PROJECT" value="HRN-14401"/>
		<Property id="PROPERTY_273" name="DEVICE_NAME" value="C2AM02-A::"/>
		<Property id="PROPERTY_274" name="HRN_FAMILY" value="14401"/>
		<Property id="PROPERTY_275" name="COMP_TYPE" value="CONN-DEVICE"/>
		<Property id="PROPERTY_276" name="DESCRIPTION_DEVICE" value="TO BCM - A"/>
		<DeviceItem xsi:type="Pin" id="PIN_f-18-0-dadc" signalId="SIGNAL_18-36-0-251a43" name="1">
			<AppRef name="E3.Series" version="2.13.7.0" guid="b76ba780-6fa2-4c4c-aff7-e90929035724"/>
			<PinItem xsi:type="ConnectorPinTerminal" id="CONNECTORPINTERMINAL_f-18-0-dadc" compType="WIRE-END-TERM:C2AM02-A:1"/>
		</DeviceItem>
		<DeviceItem xsi:type="Pin" id="PIN_f-18-0-db3b" signalId="SIGNAL_13-36-0-2cb691" name="2">
			<AppRef name="E3.Series" version="2.13.7.0" guid="56ae0dbe-d9ca-49c5-b715-97d95a9b6ff6"/>
		</DeviceItem>
		<DeviceItem xsi:type="Pin" id="PIN_f-18-0-db2b" signalId="SIGNAL_EMPTY" name="3">
			<AppRef name="E3.Series" version="2.13.7.0" guid="9ced6639-08ad-4cff-bc75-edfe549797cd"/>
		</DeviceItem>
		<DeviceItem xsi:type="Pin" id="PIN_f-18-0-dae1" signalId="SIGNAL_2-36-0-32ab" name="4">
			<AppRef name="E3.Series" version="2.13.7.0" guid="caf77beb-1ae6-478f-9ac7-f416121dd013"/>
			<PinItem xsi:type="ConnectorPinTerminal" id="CONNECTORPINTERMINAL_f-18-0-dae1" compType="WIRE-END-TERM:C2AM02-A:4"/>
		</DeviceItem>
		<DeviceItem xsi:type="Pin" id="PIN_f-18-0-dae6" signalId="SIGNAL_2-36-0-3299" name="5">
			<AppRef name="E3.Series" version="2.13.7.0" guid="c6de27fd-95c0-413b-98d4-98d4f021a341"/>
			<PinItem xsi:type="ConnectorPinTerminal" id="CONNECTORPINTERMINAL_f-18-0-dae6" compType="WIRE-END-TERM:C2AM02-A:5"/>
		</DeviceItem>
		<DeviceItem xsi:type="Pin" id="PIN_f-18-0-daeb" signalId="SIGNAL_18-36-0-253129" name="6">
			<AppRef name="E3.Series" version="2.13.7.0" guid="84017a29-ad35-4410-ba09-655ffb7700f2"/>
			<PinItem xsi:type="ConnectorPinTerminal" id="CONNECTORPINTERMINAL_f-18-0-daeb" compType="WIRE-END-TERM:C2AM02-A:6"/>
		</DeviceItem>
		<DeviceItem xsi:type="Pin" id="PIN_f-18-0-daf0" signalId="SIGNAL_2-36-0-329a" name="7">
			<AppRef name="E3.Series" version="2.13.7.0" guid="7e3947fb-cf9b-4abb-b9c7-b78c81348428"/>
		</DeviceItem>
		<DeviceItem xsi:type="Pin" id="PIN_f-18-0-daf5" signalId="SIGNAL_2-36-0-3ec3" name="8">
			<AppRef name="E3.Series" version="2.13.7.0" guid="66dcd2dd-7b9a-4922-8676-7c0b61863120"/>
			<PinItem xsi:type="ConnectorPinTerminal" id="CONNECTORPINTERMINAL_f-18-0-daf5" compType="WIRE-END-TERM:C2AM02-A:8"/>
		</DeviceItem>
		<DeviceItem xsi:type="Pin" id="PIN_f-18-0-dafa" signalId="SIGNAL_2-36-0-3ed5" name="9">
			<AppRef name="E3.Series" version="2.13.7.0" guid="78f65d8b-9ff0-4efa-b21f-034e8570f846"/>
			<PinItem xsi:type="ConnectorPinTerminal" id="CONNECTORPINTERMINAL_f-18-0-dafa" compType="WIRE-END-TERM:C2AM02-A:9"/>
		</DeviceItem>
		<DeviceItem xsi:type="Pin" id="PIN_f-18-0-daff" signalId="SIGNAL_2-36-0-3ed6" name="10">
			<AppRef name="E3.Series" version="2.13.7.0" guid="7f076820-8b80-47ec-bcb4-8eba07120f55"/>
			<PinItem xsi:type="ConnectorPinTerminal" id="CONNECTORPINTERMINAL_f-18-0-daff" compType="WIRE-END-TERM:C2AM02-A:10"/>
		</DeviceItem>
		<DeviceItem xsi:type="Pin" id="PIN_f-18-0-db37" signalId="SIGNAL_2-36-0-3ccd" name="11">
			<AppRef name="E3.Series" version="2.13.7.0" guid="4d6d80af-c9e3-4feb-bdad-bf6174d549b4"/>
			<PinItem xsi:type="ConnectorPinTerminal" id="CONNECTORPINTERMINAL_f-18-0-db37" compType="WIRE-END-TERM:C2AM02-A:11"/>
		</DeviceItem>
		<DeviceItem xsi:type="Pin" id="PIN_f-18-0-db04" signalId="SIGNAL_2-36-0-3eca" name="12">
			<AppRef name="E3.Series" version="2.13.7.0" guid="9fe807e6-63d0-4264-8c77-6d5af699137d"/>
			<PinItem xsi:type="ConnectorPinTerminal" id="CONNECTORPINTERMINAL_f-18-0-db04" compType="WIRE-END-TERM:C2AM02-A:12"/>
		</DeviceItem>
		<DeviceItem xsi:type="Pin" id="PIN_f-18-0-db09" signalId="SIGNAL_2-36-0-328c" name="13">
			<AppRef name="E3.Series" version="2.13.7.0" guid="51bb7a95-ca9c-410e-a90f-ad933c0696ee"/>
		</DeviceItem>
		<DeviceItem xsi:type="Pin" id="PIN_f-18-0-db0e" signalId="SIGNAL_2-36-0-33cc" name="14">
			<AppRef name="E3.Series" version="2.13.7.0" guid="2274b5e1-22b2-4c5a-8a9e-6f539b44b6fc"/>
			<PinItem xsi:type="ConnectorPinTerminal" id="CONNECTORPINTERMINAL_f-18-0-db0e" compType="WIRE-END-TERM:C2AM02-A:14"/>
		</DeviceItem>
		<DeviceItem xsi:type="Pin" id="PIN_f-18-0-db27" signalId="SIGNAL_2-36-0-32ac" name="15">
			<AppRef name="E3.Series" version="2.13.7.0" guid="75c3b8e8-0962-4f3b-8956-87d7333b87ac"/>
			<PinItem xsi:type="ConnectorPinTerminal" id="CONNECTORPINTERMINAL_f-18-0-db27" compType="WIRE-END-TERM:C2AM02-A:15"/>
		</DeviceItem>
		<DeviceItem xsi:type="Pin" id="PIN_f-18-0-db13" signalId="SIGNAL_2-36-0-3225" name="16">
			<AppRef name="E3.Series" version="2.13.7.0" guid="0dff22bd-b2f1-4ad7-83bd-af7281b560c8"/>
			<PinItem xsi:type="ConnectorPinTerminal" id="CONNECTORPINTERMINAL_f-18-0-db13" compType="WIRE-END-TERM:C2AM02-A:16"/>
		</DeviceItem>
		<DeviceItem xsi:type="Pin" id="PIN_f-18-0-db33" signalId="SIGNAL_13-36-0-2cd34d" name="17">
			<AppRef name="E3.Series" version="2.13.7.0" guid="2af3021d-8589-48ce-818b-3429f6dfb516"/>
			<PinItem xsi:type="ConnectorPinTerminal" id="CONNECTORPINTERMINAL_f-18-0-db33" compType="WIRE-END-TERM:C2AM02-A:17"/>
		</DeviceItem>
		<DeviceItem xsi:type="Pin" id="PIN_f-18-0-db18" signalId="SIGNAL_EMPTY" name="18">
			<AppRef name="E3.Series" version="2.13.7.0" guid="5c2bc407-c115-4f9e-83a9-ab9dd538e8f1"/>
		</DeviceItem>
		<DeviceItem xsi:type="Pin" id="PIN_f-18-0-db1d" signalId="SIGNAL_2-36-0-3ec5" name="19">
			<AppRef name="E3.Series" version="2.13.7.0" guid="99f6d0c7-d3a3-4518-a8b8-c37755ad6c0b"/>
			<PinItem xsi:type="ConnectorPinTerminal" id="CONNECTORPINTERMINAL_f-18-0-db1d" compType="WIRE-END-TERM:C2AM02-A:19"/>
		</DeviceItem>
		<DeviceItem xsi:type="Pin" id="PIN_f-18-0-db3f" signalId="SIGNAL_2-36-0-3ec5" name="20">
			<AppRef name="E3.Series" version="2.13.7.0" guid="a1524d74-7a4f-47d4-93ec-1f8a17effc01"/>
			<PinItem xsi:type="ConnectorPinTerminal" id="CONNECTORPINTERMINAL_f-18-0-db3f" compType="WIRE-END-TERM:C2AM02-A:20"/>
		</DeviceItem>
		<DeviceItem xsi:type="Pin" id="PIN_f-18-0-db2f" signalId="SIGNAL_2-36-0-3ed5" name="21">
			<AppRef name="E3.Series" version="2.13.7.0" guid="6ab3d1fc-0950-445e-9ea9-457fe6ab1c8d"/>
			<PinItem xsi:type="ConnectorPinTerminal" id="CONNECTORPINTERMINAL_f-18-0-db2f" compType="WIRE-END-TERM:C2AM02-A:21"/>
		</DeviceItem>
		<DeviceItem xsi:type="Pin" id="PIN_f-18-0-db22" signalId="SIGNAL_2-36-0-3ed6" name="22">
			<AppRef name="E3.Series" version="2.13.7.0" guid="bfb7e311-06ca-4e6b-9978-973421b907dc"/>
			<PinItem xsi:type="ConnectorPinTerminal" id="CONNECTORPINTERMINAL_f-18-0-db22" compType="WIRE-END-TERM:C2AM02-A:22"/>
		</DeviceItem>
	</HarnessItem>
	<HarnessItem xsi:type="Device" id="DEV_64-14-0-1dfd77" name="C2ME15" compType="AU5T-14A464-PA" symbolName="F-Formboard_Conn_Symb" symbolCharacteristic="" rotation="180.000000" branchNodeId="BN_7301_9-272_058">
		<AppRef name="E3.Series" version="2.13.7.0" guid="29bc284e-a6eb-4d6d-a47e-de8e829b62f8"/>
		<Property id="PROPERTY_277" name="SUBMERGIBLE" value="Yes"/>
		<Property id="PROPERTY_278" name="HRN_FAMILY" value="14401"/>
		<Property id="PROPERTY_279" name="HRN_Level_Ref" value="(18SPKR)"/>
		<Property id="PROPERTY_280" name="CONN_TERM_SEAL_REQ" value="Yes"/>
		<Property id="PROPERTY_281" name="DESCRIPTION_COMPONENT" value="CONNECTOR-CAT. 2 (1.5MM SEALED BLADE)"/>
		<Property id="PROPERTY_282" name="SUB_PROJECT" value="HRN-14401"/>
		<Property id="PROPERTY_283" name="DEVICE_NAME" value="C2ME15::"/>
		<Property id="PROPERTY_284" name="COMP_TYPE" value="CONN-DEVICE"/>
		<Property id="PROPERTY_285" name="DESCRIPTION_DEVICE" value="TO SPKR (CNTR LT FRT)"/>
		<Option id="OPTION_64-14-0-1dfd77_1" value="IDBBQ"/>
		<DeviceItem xsi:type="Pin" id="PIN_64-18-0-1dfd91" signalId="SIGNAL_2-36-0-4147" name="1">
			<AppRef name="E3.Series" version="2.13.7.0" guid="1c7c0388-b99d-40a4-991b-af47bf2f658f"/>
			<PinItem xsi:type="ConnectorPinTerminal" id="CONNECTORPINTERMINAL_64-18-0-1dfd91" compType="WIRE-END-TERM:C2ME15:1"/>
		</DeviceItem>
		<DeviceItem xsi:type="Pin" id="PIN_64-18-0-1dfd9a" signalId="SIGNAL_2-36-0-3c8a" name="2">
			<AppRef name="E3.Series" version="2.13.7.0" guid="3f2d0570-b12c-4a4a-85b0-a86d1a85d43c"/>
			<PinItem xsi:type="ConnectorPinTerminal" id="CONNECTORPINTERMINAL_64-18-0-1dfd9a" compType="WIRE-END-TERM:C2ME15:2"/>
		</DeviceItem>
	</HarnessItem>
	<HarnessItem xsi:type="Device" id="DEV_41-14-0-67fe7" name="C22-D1" compType="6G9T-14489-AHB" symbolName="F-Formboard_Conn_Symb" symbolCharacteristic="" rotation="0.000000" branchNodeId="BN_22372-360">
		<AppRef name="E3.Series" version="2.13.7.0" guid="61fea6d6-4a10-4062-bc5a-13112eccad60"/>
		<Property id="PROPERTY_286" name="HRN_FAMILY" value="14401"/>
		<Property id="PROPERTY_287" name="HRN_Level_Ref" value="(ALL)"/>
		<Property id="PROPERTY_288" name="CONN_TERM_SEAL_REQ" value="No"/>
		<Property id="PROPERTY_289" name="DESCRIPTION_COMPONENT" value="CONNECTOR-CAT. 0 (.64MM BLADE)"/>
		<Property id="PROPERTY_290" name="SUB_PROJECT" value="HRN-14401"/>
		<Property id="PROPERTY_291" name="DEVICE_NAME" value="C22-D1::"/>
		<Property id="PROPERTY_292" name="COMP_TYPE" value="CONN-INLINE"/>
		<Property id="PROPERTY_293" name="DESCRIPTION_DEVICE" value="TO INLINE PAB 8W"/>
		<DeviceItem xsi:type="Pin" id="PIN_41-18-0-67fe9" signalId="SIGNAL_2-36-0-38f7" name="1">
			<AppRef name="E3.Series" version="2.13.7.0" guid="8905ce6d-fa05-4b04-9ec3-04212da26726"/>
			<PinItem xsi:type="ConnectorPinTerminal" id="CONNECTORPINTERMINAL_41-18-0-67fe9" compType="WIRE-END-TERM:C22-D1:1"/>
		</DeviceItem>
		<DeviceItem xsi:type="Pin" id="PIN_41-18-0-67fee" signalId="SIGNAL_2-36-0-3d3c" name="2">
			<AppRef name="E3.Series" version="2.13.7.0" guid="b5f8ac2e-b7c9-4079-a16d-c0903e070965"/>
			<PinItem xsi:type="ConnectorPinTerminal" id="CONNECTORPINTERMINAL_41-18-0-67fee" compType="WIRE-END-TERM:C22-D1:2"/>
		</DeviceItem>
		<DeviceItem xsi:type="Pin" id="PIN_41-18-0-67ff3" signalId="SIGNAL_EMPTY" name="3">
			<AppRef name="E3.Series" version="2.13.7.0" guid="07ac5490-81f1-4a2d-953f-450e87da1148"/>
		</DeviceItem>
		<DeviceItem xsi:type="Pin" id="PIN_41-18-0-67ff8" signalId="SIGNAL_2-36-0-38f8" name="4">
			<AppRef name="E3.Series" version="2.13.7.0" guid="0f805a14-4040-4a33-8a47-a0b4a1d20693"/>
			<PinItem xsi:type="ConnectorPinTerminal" id="CONNECTORPINTERMINAL_41-18-0-67ff8" compType="WIRE-END-TERM:C22-D1:4"/>
		</DeviceItem>
		<DeviceItem xsi:type="Pin" id="PIN_41-18-0-67ffd" signalId="SIGNAL_2-36-0-3d3d" name="5">
			<AppRef name="E3.Series" version="2.13.7.0" guid="c1f36eda-5bd6-4c37-9a3b-25e8ee829679"/>
			<PinItem xsi:type="ConnectorPinTerminal" id="CONNECTORPINTERMINAL_41-18-0-67ffd" compType="WIRE-END-TERM:C22-D1:5"/>
		</DeviceItem>
		<DeviceItem xsi:type="Pin" id="PIN_41-18-0-68002" signalId="SIGNAL_EMPTY" name="6">
			<AppRef name="E3.Series" version="2.13.7.0" guid="efa44fff-6e5d-46fe-bb42-25549adba260"/>
		</DeviceItem>
		<DeviceItem xsi:type="Pin" id="PIN_41-18-0-68007" signalId="SIGNAL_2-36-0-3916" name="7">
			<AppRef name="E3.Series" version="2.13.7.0" guid="8c7e4a9a-0a7f-4dbe-af3c-0f57848eeeca"/>
			<PinItem xsi:type="ConnectorPinTerminal" id="CONNECTORPINTERMINAL_41-18-0-68007" compType="WIRE-END-TERM:C22-D1:7"/>
		</DeviceItem>
		<DeviceItem xsi:type="Pin" id="PIN_41-18-0-6800c" signalId="SIGNAL_2-36-0-3d61" name="8">
			<AppRef name="E3.Series" version="2.13.7.0" guid="33625f4d-e8bf-4a8f-b4f0-3b89d738ccb1"/>
			<PinItem xsi:type="ConnectorPinTerminal" id="CONNECTORPINTERMINAL_41-18-0-6800c" compType="WIRE-END-TERM:C22-D1:8"/>
		</DeviceItem>
	</HarnessItem>
	<HarnessItem xsi:type="Device" id="DEV_ff-14-0-49201d" name="C22-SW1" compType="JU5T-14A459-ZA" symbolName="F-Formboard_Conn_Symb" symbolCharacteristic="" rotation="0.000000" branchNodeId="BN_20576-224">
		<AppRef name="E3.Series" version="2.13.7.0" guid="2ec0c7aa-c233-4276-a185-5af128c4bd71"/>
		<AdditionalPart id="ADDITIONALPART_90-4-0-3a998f" compType="DU5T-14E042-HA"/>
		<Property id="PROPERTY_294" name="HRN_FAMILY" value="14401"/>
		<Property id="PROPERTY_295" name="HRN_Level_Ref" value="(D-CAM)/(C-SHF)/(KWINV)/VA/ZD/ZH"/>
		<Property id="PROPERTY_296" name="CONN_TERM_SEAL_REQ" value="No"/>
		<Property id="PROPERTY_297" name="DESCRIPTION_COMPONENT" value="CONNECTOR, HYBRID, UNSEALED, 0.64 / 2.8"/>
		<Property id="PROPERTY_298" name="SUB_PROJECT" value="HRN-14401"/>
		<Property id="PROPERTY_299" name="DEVICE_NAME" value="C22-SW1::"/>
		<Property id="PROPERTY_300" name="COMP_TYPE" value="CONN-INLINE"/>
		<Property id="PROPERTY_301" name="DESCRIPTION_DEVICE" value="TO INLINE 14C210 CTR STACK"/>
		<Option id="OPTION_ff-14-0-49201d_1" value="HJGAJ | HJGAX"/>
		<DeviceItem xsi:type="Pin" id="PIN_ff-18-0-492020" signalId="SIGNAL_EMPTY" name="1">
			<AppRef name="E3.Series" version="2.13.7.0" guid="af433a64-bc17-4864-a616-76e35d92c239"/>
		</DeviceItem>
		<DeviceItem xsi:type="Pin" id="PIN_ff-18-0-492022" signalId="SIGNAL_2-36-0-34c9" name="2">
			<AppRef name="E3.Series" version="2.13.7.0" guid="4a55014f-1311-4d44-a949-2a2bc3defe6e"/>
			<PinItem xsi:type="ConnectorPinTerminal" id="CONNECTORPINTERMINAL_ff-18-0-492022" compType="WIRE-END-TERM:C22-SW1:2"/>
		</DeviceItem>
		<DeviceItem xsi:type="Pin" id="PIN_ff-18-0-492024" signalId="SIGNAL_2-36-0-4111" name="3">
			<AppRef name="E3.Series" version="2.13.7.0" guid="011d433b-571f-41c5-af98-d5641e72b783"/>
			<PinItem xsi:type="ConnectorPinTerminal" id="CONNECTORPINTERMINAL_ff-18-0-492024" compType="WIRE-END-TERM:C22-SW1:3"/>
		</DeviceItem>
		<DeviceItem xsi:type="Pin" id="PIN_ff-18-0-492026" signalId="SIGNAL_2-36-0-36b9" name="4">
			<AppRef name="E3.Series" version="2.13.7.0" guid="9d9a3e5a-33f9-4cda-9030-ff1f3df875e3"/>
			<PinItem xsi:type="ConnectorPinTerminal" id="CONNECTORPINTERMINAL_ff-18-0-492026" compType="WIRE-END-TERM:C22-SW1:4"/>
		</DeviceItem>
		<DeviceItem xsi:type="Pin" id="PIN_ff-18-0-492028" signalId="SIGNAL_EMPTY" name="5">
			<AppRef name="E3.Series" version="2.13.7.0" guid="47d25a4f-5783-4eb8-bfe4-256cba5a72a8"/>
		</DeviceItem>
		<DeviceItem xsi:type="Pin" id="PIN_ff-18-0-49202a" signalId="SIGNAL_2-36-0-3336" name="6">
			<AppRef name="E3.Series" version="2.13.7.0" guid="7415b1c5-f764-4895-be35-76438a060d52"/>
			<PinItem xsi:type="ConnectorPinTerminal" id="CONNECTORPINTERMINAL_ff-18-0-49202a" compType="WIRE-END-TERM:C22-SW1:6"/>
		</DeviceItem>
		<DeviceItem xsi:type="Pin" id="PIN_ff-18-0-49202c" signalId="SIGNAL_2-36-0-3336" name="7">
			<AppRef name="E3.Series" version="2.13.7.0" guid="804e6034-9423-4747-b6a0-cb4e03dad410"/>
			<PinItem xsi:type="ConnectorPinTerminal" id="CONNECTORPINTERMINAL_ff-18-0-49202c" compType="WIRE-END-TERM:C22-SW1:7"/>
		</DeviceItem>
		<DeviceItem xsi:type="Pin" id="PIN_ff-18-0-49202e" signalId="SIGNAL_EMPTY" name="8">
			<AppRef name="E3.Series" version="2.13.7.0" guid="7395534f-5888-439b-b0b0-92348beeace1"/>
		</DeviceItem>
		<DeviceItem xsi:type="Pin" id="PIN_ff-18-0-492030" signalId="SIGNAL_EMPTY" name="9">
			<AppRef name="E3.Series" version="2.13.7.0" guid="816441ab-1f4b-4418-a37f-dda4ff0dc585"/>
		</DeviceItem>
		<DeviceItem xsi:type="Pin" id="PIN_ff-18-0-492032" signalId="SIGNAL_2-36-0-371b" name="10">
			<AppRef name="E3.Series" version="2.13.7.0" guid="b9df4d26-525b-43a6-87b5-aa03e9f9a629"/>
			<PinItem xsi:type="ConnectorPinTerminal" id="CONNECTORPINTERMINAL_ff-18-0-492032" compType="WIRE-END-TERM:C22-SW1:10"/>
		</DeviceItem>
		<DeviceItem xsi:type="Pin" id="PIN_ff-18-0-492034" signalId="SIGNAL_d-36-0-e2d43" name="11">
			<AppRef name="E3.Series" version="2.13.7.0" guid="51ed2b9c-2f31-4834-b9e0-b00d89054d3c"/>
			<PinItem xsi:type="ConnectorPinTerminal" id="CONNECTORPINTERMINAL_ff-18-0-492034" compType="WIRE-END-TERM:C22-SW1:11"/>
		</DeviceItem>
		<DeviceItem xsi:type="Pin" id="PIN_ff-18-0-492036" signalId="SIGNAL_2-36-0-3554" name="12">
			<AppRef name="E3.Series" version="2.13.7.0" guid="46bb4a69-4cb7-439d-a111-bd0ffa01e74d"/>
			<PinItem xsi:type="ConnectorPinTerminal" id="CONNECTORPINTERMINAL_ff-18-0-492036" compType="WIRE-END-TERM:C22-SW1:12"/>
		</DeviceItem>
		<DeviceItem xsi:type="Pin" id="PIN_ff-18-0-492038" signalId="SIGNAL_10-36-0-3c9759" name="13">
			<AppRef name="E3.Series" version="2.13.7.0" guid="7d1474f6-a0f5-4efe-ae94-ff67dda35bdd"/>
			<PinItem xsi:type="ConnectorPinTerminal" id="CONNECTORPINTERMINAL_ff-18-0-492038" compType="WIRE-END-TERM:C22-SW1:13"/>
		</DeviceItem>
		<DeviceItem xsi:type="Pin" id="PIN_ff-18-0-49203a" signalId="SIGNAL_10-36-0-3c975a" name="14">
			<AppRef name="E3.Series" version="2.13.7.0" guid="5f869921-d9eb-4bc9-b676-330f05a0959a"/>
			<PinItem xsi:type="ConnectorPinTerminal" id="CONNECTORPINTERMINAL_ff-18-0-49203a" compType="WIRE-END-TERM:C22-SW1:14"/>
		</DeviceItem>
		<DeviceItem xsi:type="Pin" id="PIN_ff-18-0-49203c" signalId="SIGNAL_42-36-0-18a6a3f" name="15">
			<AppRef name="E3.Series" version="2.13.7.0" guid="fe69bbee-29a0-4c67-a72e-f7efe11f2d02"/>
			<PinItem xsi:type="ConnectorPinTerminal" id="CONNECTORPINTERMINAL_ff-18-0-49203c" compType="WIRE-END-TERM:C22-SW1:15"/>
		</DeviceItem>
		<DeviceItem xsi:type="Pin" id="PIN_ff-18-0-49203e" signalId="SIGNAL_13-36-0-2cd34d" name="16">
			<AppRef name="E3.Series" version="2.13.7.0" guid="0e09317a-41af-4d96-a4db-d1a2d6a0c2e3"/>
			<PinItem xsi:type="ConnectorPinTerminal" id="CONNECTORPINTERMINAL_ff-18-0-49203e" compType="WIRE-END-TERM:C22-SW1:16"/>
		</DeviceItem>
		<DeviceItem xsi:type="Pin" id="PIN_9f-18-0-51400d" signalId="SIGNAL_d-36-0-e2d43" name="17">
			<AppRef name="E3.Series" version="2.13.7.0" guid="475f8364-d8e8-4b10-b82e-ff392469a8c6"/>
			<PinItem xsi:type="ConnectorPinTerminal" id="CONNECTORPINTERMINAL_9f-18-0-51400d" compType="WIRE-END-TERM:C22-SW1:17"/>
		</DeviceItem>
		<DeviceItem xsi:type="Pin" id="PIN_9f-18-0-514011" signalId="SIGNAL_2-36-0-3ec5" name="18">
			<AppRef name="E3.Series" version="2.13.7.0" guid="c95c01cb-d0c0-4b89-9754-b7357a8ce415"/>
			<PinItem xsi:type="ConnectorPinTerminal" id="CONNECTORPINTERMINAL_9f-18-0-514011" compType="WIRE-END-TERM:C22-SW1:18"/>
		</DeviceItem>
		<DeviceItem xsi:type="Pin" id="PIN_9f-18-0-514015" signalId="SIGNAL_2-36-0-413c" name="19">
			<AppRef name="E3.Series" version="2.13.7.0" guid="2d55b988-c728-4bc9-8dc9-ab427104b488"/>
			<PinItem xsi:type="ConnectorPinTerminal" id="CONNECTORPINTERMINAL_9f-18-0-514015" compType="WIRE-END-TERM:C22-SW1:19"/>
		</DeviceItem>
		<DeviceItem xsi:type="Pin" id="PIN_9f-18-0-514019" signalId="SIGNAL_2-36-0-3a84" name="20">
			<AppRef name="E3.Series" version="2.13.7.0" guid="934c1c50-7e88-4003-a680-bbe0e4b08fd1"/>
			<PinItem xsi:type="ConnectorPinTerminal" id="CONNECTORPINTERMINAL_9f-18-0-514019" compType="WIRE-END-TERM:C22-SW1:20"/>
		</DeviceItem>
		<DeviceItem xsi:type="Pin" id="PIN_9f-18-0-51401d" signalId="SIGNAL_2-36-0-3a85" name="21">
			<AppRef name="E3.Series" version="2.13.7.0" guid="e3c8c014-d972-4bf5-b3b5-ba08aec00237"/>
			<PinItem xsi:type="ConnectorPinTerminal" id="CONNECTORPINTERMINAL_9f-18-0-51401d" compType="WIRE-END-TERM:C22-SW1:21"/>
		</DeviceItem>
		<DeviceItem xsi:type="Pin" id="PIN_9f-18-0-514021" signalId="SIGNAL_2-36-0-3a85" name="22">
			<AppRef name="E3.Series" version="2.13.7.0" guid="a88be993-e7bf-4190-9a0c-1a785f1711b1"/>
			<PinItem xsi:type="ConnectorPinTerminal" id="CONNECTORPINTERMINAL_9f-18-0-514021" compType="WIRE-END-TERM:C22-SW1:22"/>
		</DeviceItem>
		<DeviceItem xsi:type="Pin" id="PIN_93-18-0-2cc6f0" signalId="SIGNAL_2-36-0-3336" name="23">
			<AppRef name="E3.Series" version="2.13.7.0" guid="245bde47-97fb-4550-aab9-29274e17daf8"/>
			<PinItem xsi:type="ConnectorPinTerminal" id="CONNECTORPINTERMINAL_93-18-0-2cc6f0" compType="WIRE-END-TERM:C22-SW1:23"/>
		</DeviceItem>
		<DeviceItem xsi:type="Pin" id="PIN_93-18-0-2cc6f4" signalId="SIGNAL_2-36-0-3703" name="24">
			<AppRef name="E3.Series" version="2.13.7.0" guid="a0840a2e-9e29-49fc-8dcb-0d5fab390fd8"/>
			<PinItem xsi:type="ConnectorPinTerminal" id="CONNECTORPINTERMINAL_93-18-0-2cc6f4" compType="WIRE-END-TERM:C22-SW1:24"/>
		</DeviceItem>
		<DeviceItem xsi:type="Pin" id="PIN_93-18-0-2cc6f8" signalId="SIGNAL_2-36-0-3703" name="25">
			<AppRef name="E3.Series" version="2.13.7.0" guid="5f6bb1dc-ea3f-4463-8e65-2e595c4dcc8d"/>
			<PinItem xsi:type="ConnectorPinTerminal" id="CONNECTORPINTERMINAL_93-18-0-2cc6f8" compType="WIRE-END-TERM:C22-SW1:25"/>
		</DeviceItem>
	</HarnessItem>
	<HarnessItem xsi:type="Device" id="DEV_f-14-0-cc31" name="G2D215" compType="MU5T-14463-DB">
		<AppRef name="E3.Series" version="2.13.7.0" guid="8b73b286-868e-4200-9076-24761406eb4d"/>
		<Property id="PROPERTY_302" name="HRN_FAMILY" value="14401"/>
		<Property id="PROPERTY_303" name="HRN_Level_Ref" value="(ALL)"/>
		<Property id="PROPERTY_304" name="IDC_Terminal" value="1"/>
		<Property id="PROPERTY_305" name="DESCRIPTION_COMPONENT" value="EYELET, M6, ANTI-ROTATION, WELD"/>
		<Property id="PROPERTY_306" name="SUB_PROJECT" value="HRN-14401"/>
		<Property id="PROPERTY_307" name="DEVICE_NAME" value="G2D215::"/>
		<Property id="PROPERTY_308" name="COMP_TYPE" value="GROUNDS"/>
		<Property id="PROPERTY_309" name="DESCRIPTION_DEVICE" value="TO RH CTR STACK IP GND"/>
		<DeviceItem xsi:type="Pin" id="PIN_f-18-0-ecaa" signalId="SIGNAL_2-36-0-3a84" branchNodeId="BN_21072-320" name="1" symbolName="F-Formboard_Conn_Symb" symbolCharacteristic="" rotation="0.000000">
			<AppRef name="E3.Series" version="2.13.7.0" guid="2cb57835-e76d-4350-ac92-0948a446ba42"/>
		</DeviceItem>
	</HarnessItem>
	<HarnessItem xsi:type="Device" id="DEV_13-14-0-2ce9fc" name="C2DB02-A" compType="9U5T-14489-PA" symbolName="F-Formboard_Conn_Symb" symbolCharacteristic="" rotation="0.000000" branchNodeId="BN_20144-60">
		<AppRef name="E3.Series" version="2.13.7.0" guid="e78da8cf-52e4-49fc-a4ed-42f6811a7f12"/>
		<AdditionalPart id="ADDITIONALPART_4a-4-0-3d63be" compType="HU5T-14E047-MA"/>
		<Property id="PROPERTY_310" name="ADDITIONAL_PART_MANDATORY" value="9U5T-14488-CA"/>
		<Property id="PROPERTY_311" name="HRN_Level_Ref" value="(ALL)"/>
		<Property id="PROPERTY_312" name="CONN_TERM_SEAL_REQ" value="No"/>
		<Property id="PROPERTY_313" name="DESCRIPTION_COMPONENT" value="CONNECTOR-CAT. 0 (.64MM BLADE)"/>
		<Property id="PROPERTY_314" name="SUB_PROJECT" value="HRN-14401"/>
		<Property id="PROPERTY_315" name="DEVICE_NAME" value="C2DB02-A::"/>
		<Property id="PROPERTY_316" name="HRN_FAMILY" value="14401"/>
		<Property id="PROPERTY_317" name="COMP_TYPE" value="CONN-DEVICE"/>
		<Property id="PROPERTY_318" name="DESCRIPTION_DEVICE" value="TO ECG"/>
		<DeviceItem xsi:type="Pin" id="PIN_13-18-0-2ceaef" signalId="SIGNAL_EMPTY" name="1">
			<AppRef name="E3.Series" version="2.13.7.0" guid="eb1a5236-283d-4990-a379-0f4cd1e60793"/>
		</DeviceItem>
		<DeviceItem xsi:type="Pin" id="PIN_13-18-0-2ceaf3" signalId="SIGNAL_EMPTY" name="2">
			<AppRef name="E3.Series" version="2.13.7.0" guid="960087b8-1d81-4b0c-8e6a-57075335ec08"/>
		</DeviceItem>
		<DeviceItem xsi:type="Pin" id="PIN_13-18-0-2ceb2c" signalId="SIGNAL_2-36-0-3fc2" name="3">
			<AppRef name="E3.Series" version="2.13.7.0" guid="08c73199-cca7-4c78-a7f0-8b8d1e9e9ed4"/>
			<PinItem xsi:type="ConnectorPinTerminal" id="CONNECTORPINTERMINAL_13-18-0-2ceb2c" compType="WIRE-END-TERM:C2DB02-A:3"/>
		</DeviceItem>
		<DeviceItem xsi:type="Pin" id="PIN_13-18-0-2ceb0e" signalId="SIGNAL_18-36-0-251cb5" name="4">
			<AppRef name="E3.Series" version="2.13.7.0" guid="3304b6cb-902e-43da-ae65-36a838e122f2"/>
			<PinItem xsi:type="ConnectorPinTerminal" id="CONNECTORPINTERMINAL_13-18-0-2ceb0e" compType="WIRE-END-TERM:C2DB02-A:4"/>
		</DeviceItem>
		<DeviceItem xsi:type="Pin" id="PIN_13-18-0-2ceb6e" signalId="SIGNAL_18-36-0-251c05" name="5">
			<AppRef name="E3.Series" version="2.13.7.0" guid="cb022519-d6d9-4abc-9822-69829f034277"/>
			<PinItem xsi:type="ConnectorPinTerminal" id="CONNECTORPINTERMINAL_13-18-0-2ceb6e" compType="WIRE-END-TERM:C2DB02-A:5"/>
		</DeviceItem>
		<DeviceItem xsi:type="Pin" id="PIN_13-18-0-2ceb62" signalId="SIGNAL_18-36-0-251c1d" name="6">
			<AppRef name="E3.Series" version="2.13.7.0" guid="061797e9-9d66-48a7-b190-00eb7672f090"/>
			<PinItem xsi:type="ConnectorPinTerminal" id="CONNECTORPINTERMINAL_13-18-0-2ceb62" compType="WIRE-END-TERM:C2DB02-A:6"/>
		</DeviceItem>
		<DeviceItem xsi:type="Pin" id="PIN_13-18-0-2ceb14" signalId="SIGNAL_2-36-0-3fc0" name="7">
			<AppRef name="E3.Series" version="2.13.7.0" guid="9b3ab03c-8527-4075-ae83-fcad1631c0aa"/>
			<PinItem xsi:type="ConnectorPinTerminal" id="CONNECTORPINTERMINAL_13-18-0-2ceb14" compType="WIRE-END-TERM:C2DB02-A:7"/>
		</DeviceItem>
		<DeviceItem xsi:type="Pin" id="PIN_13-18-0-2ceb1a" signalId="SIGNAL_2-36-0-3fd3" name="8">
			<AppRef name="E3.Series" version="2.13.7.0" guid="72ebbb3f-8338-46fb-aa10-9919537c098a"/>
			<PinItem xsi:type="ConnectorPinTerminal" id="CONNECTORPINTERMINAL_13-18-0-2ceb1a" compType="WIRE-END-TERM:C2DB02-A:8"/>
		</DeviceItem>
		<DeviceItem xsi:type="Pin" id="PIN_13-18-0-2ceb20" signalId="SIGNAL_2-36-0-3fd7" name="9">
			<AppRef name="E3.Series" version="2.13.7.0" guid="57b309ac-b44a-462d-b137-511d1e61d164"/>
			<PinItem xsi:type="ConnectorPinTerminal" id="CONNECTORPINTERMINAL_13-18-0-2ceb20" compType="WIRE-END-TERM:C2DB02-A:9"/>
		</DeviceItem>
		<DeviceItem xsi:type="Pin" id="PIN_13-18-0-2ceb26" signalId="SIGNAL_18-36-0-251beb" name="10">
			<AppRef name="E3.Series" version="2.13.7.0" guid="66a4b413-ff8f-4dfa-8425-263e01778667"/>
			<PinItem xsi:type="ConnectorPinTerminal" id="CONNECTORPINTERMINAL_13-18-0-2ceb26" compType="WIRE-END-TERM:C2DB02-A:10"/>
		</DeviceItem>
		<DeviceItem xsi:type="Pin" id="PIN_13-18-0-2ceb56" signalId="SIGNAL_2-36-0-3fd5" name="11">
			<AppRef name="E3.Series" version="2.13.7.0" guid="41c8e530-2380-4cd9-bfab-15e9247398ab"/>
			<PinItem xsi:type="ConnectorPinTerminal" id="CONNECTORPINTERMINAL_13-18-0-2ceb56" compType="WIRE-END-TERM:C2DB02-A:11"/>
		</DeviceItem>
		<DeviceItem xsi:type="Pin" id="PIN_13-18-0-2ceaf7" signalId="SIGNAL_EMPTY" name="12">
			<AppRef name="E3.Series" version="2.13.7.0" guid="6ff865d0-62c9-4952-bd75-f4811fe16790"/>
		</DeviceItem>
		<DeviceItem xsi:type="Pin" id="PIN_13-18-0-2ceb5c" signalId="SIGNAL_2-36-0-3ed6" name="13">
			<AppRef name="E3.Series" version="2.13.7.0" guid="1e1e40c6-e79d-4595-96bc-2190db59bbcd"/>
			<PinItem xsi:type="ConnectorPinTerminal" id="CONNECTORPINTERMINAL_13-18-0-2ceb5c" compType="WIRE-END-TERM:C2DB02-A:13"/>
		</DeviceItem>
		<DeviceItem xsi:type="Pin" id="PIN_13-18-0-2ceb7a" signalId="SIGNAL_2-36-0-3a84" name="14">
			<AppRef name="E3.Series" version="2.13.7.0" guid="d97cb3f8-7b44-47ed-aafb-c437142b016e"/>
			<PinItem xsi:type="ConnectorPinTerminal" id="CONNECTORPINTERMINAL_13-18-0-2ceb7a" compType="WIRE-END-TERM:C2DB02-A:14"/>
		</DeviceItem>
		<DeviceItem xsi:type="Pin" id="PIN_13-18-0-2ceafb" signalId="SIGNAL_EMPTY" name="15">
			<AppRef name="E3.Series" version="2.13.7.0" guid="a9d0a50c-8c63-45aa-bc5b-cb4689fec381"/>
		</DeviceItem>
		<DeviceItem xsi:type="Pin" id="PIN_13-18-0-2ceb50" signalId="SIGNAL_2-36-0-3fc3" name="16">
			<AppRef name="E3.Series" version="2.13.7.0" guid="b26ad4e6-942b-4025-8a92-2f5118bec0a8"/>
			<PinItem xsi:type="ConnectorPinTerminal" id="CONNECTORPINTERMINAL_13-18-0-2ceb50" compType="WIRE-END-TERM:C2DB02-A:16"/>
		</DeviceItem>
		<DeviceItem xsi:type="Pin" id="PIN_13-18-0-2ceb32" signalId="SIGNAL_18-36-0-251cc2" name="17">
			<AppRef name="E3.Series" version="2.13.7.0" guid="77cf44f0-53a0-4ef3-a53d-4cb794810cdd"/>
			<PinItem xsi:type="ConnectorPinTerminal" id="CONNECTORPINTERMINAL_13-18-0-2ceb32" compType="WIRE-END-TERM:C2DB02-A:17"/>
		</DeviceItem>
		<DeviceItem xsi:type="Pin" id="PIN_13-18-0-2ceb74" signalId="SIGNAL_18-36-0-251c11" name="18">
			<AppRef name="E3.Series" version="2.13.7.0" guid="a1b20afb-67b9-4d73-a0ee-185c5ae473d5"/>
			<PinItem xsi:type="ConnectorPinTerminal" id="CONNECTORPINTERMINAL_13-18-0-2ceb74" compType="WIRE-END-TERM:C2DB02-A:18"/>
		</DeviceItem>
		<DeviceItem xsi:type="Pin" id="PIN_13-18-0-2ceb68" signalId="SIGNAL_18-36-0-251c29" name="19">
			<AppRef name="E3.Series" version="2.13.7.0" guid="9a16a47a-8942-4264-95ce-88c6db01c68a"/>
			<PinItem xsi:type="ConnectorPinTerminal" id="CONNECTORPINTERMINAL_13-18-0-2ceb68" compType="WIRE-END-TERM:C2DB02-A:19"/>
		</DeviceItem>
		<DeviceItem xsi:type="Pin" id="PIN_13-18-0-2ceb38" signalId="SIGNAL_2-36-0-3fc1" name="20">
			<AppRef name="E3.Series" version="2.13.7.0" guid="dde81f8e-31f2-4715-8c30-4044b792ce8d"/>
			<PinItem xsi:type="ConnectorPinTerminal" id="CONNECTORPINTERMINAL_13-18-0-2ceb38" compType="WIRE-END-TERM:C2DB02-A:20"/>
		</DeviceItem>
		<DeviceItem xsi:type="Pin" id="PIN_13-18-0-2ceb3e" signalId="SIGNAL_2-36-0-3fd4" name="21">
			<AppRef name="E3.Series" version="2.13.7.0" guid="2431e90d-87b8-4a31-91cc-7a579d9d3104"/>
			<PinItem xsi:type="ConnectorPinTerminal" id="CONNECTORPINTERMINAL_13-18-0-2ceb3e" compType="WIRE-END-TERM:C2DB02-A:21"/>
		</DeviceItem>
		<DeviceItem xsi:type="Pin" id="PIN_13-18-0-2ceb44" signalId="SIGNAL_2-36-0-3fd8" name="22">
			<AppRef name="E3.Series" version="2.13.7.0" guid="07e45db0-68df-4768-9c90-9eebab103de4"/>
			<PinItem xsi:type="ConnectorPinTerminal" id="CONNECTORPINTERMINAL_13-18-0-2ceb44" compType="WIRE-END-TERM:C2DB02-A:22"/>
		</DeviceItem>
		<DeviceItem xsi:type="Pin" id="PIN_13-18-0-2ceb4a" signalId="SIGNAL_18-36-0-251bf8" name="23">
			<AppRef name="E3.Series" version="2.13.7.0" guid="646f717e-32ad-4665-9c1f-1b8264a8c240"/>
			<PinItem xsi:type="ConnectorPinTerminal" id="CONNECTORPINTERMINAL_13-18-0-2ceb4a" compType="WIRE-END-TERM:C2DB02-A:23"/>
		</DeviceItem>
		<DeviceItem xsi:type="Pin" id="PIN_13-18-0-2ceb08" signalId="SIGNAL_2-36-0-3fd6" name="24">
			<AppRef name="E3.Series" version="2.13.7.0" guid="f24d0198-9271-4af2-881b-83236384fee2"/>
			<PinItem xsi:type="ConnectorPinTerminal" id="CONNECTORPINTERMINAL_13-18-0-2ceb08" compType="WIRE-END-TERM:C2DB02-A:24"/>
		</DeviceItem>
		<DeviceItem xsi:type="Pin" id="PIN_13-18-0-2ceaff" signalId="SIGNAL_EMPTY" name="25">
			<AppRef name="E3.Series" version="2.13.7.0" guid="f9b1121b-30b0-4bff-a6a3-3910a747cca9"/>
		</DeviceItem>
		<DeviceItem xsi:type="Pin" id="PIN_13-18-0-2ceb03" signalId="SIGNAL_EMPTY" name="26">
			<AppRef name="E3.Series" version="2.13.7.0" guid="964e2845-07ae-4704-9a71-77ef941c25a9"/>
		</DeviceItem>
	</HarnessItem>
	<HarnessItem xsi:type="Device" id="DEV_1e-14-0-1325d" name="C23-D1" compType="AU5T-14489-RAA" symbolName="F-Formboard_Conn_Symb" symbolCharacteristic="" rotation="90.000000" branchNodeId="BN_19800-232">
		<AppRef name="E3.Series" version="2.13.7.0" guid="1c339032-6306-4ba5-aad9-abed019759d2"/>
		<Property id="PROPERTY_319" name="HRN_FAMILY" value="14401"/>
		<Property id="PROPERTY_320" name="HRN_Level_Ref" value="(PEPS-12)/(CNSL-MID)"/>
		<Property id="PROPERTY_321" name="CONN_TERM_SEAL_REQ" value="No"/>
		<Property id="PROPERTY_322" name="DESCRIPTION_COMPONENT" value="CONN.(1,5/2,8 MM FLAT TERM.)"/>
		<Property id="PROPERTY_323" name="SUB_PROJECT" value="HRN-14401"/>
		<Property id="PROPERTY_324" name="DEVICE_NAME" value="C23-D1::"/>
		<Property id="PROPERTY_325" name="COMP_TYPE" value="CONN-INLINE"/>
		<Property id="PROPERTY_326" name="DESCRIPTION_DEVICE" value="TO INLINE 14B079 20W MID"/>
		<Option id="OPTION_1e-14-0-1325d_1" value="HJGAX|GRAA3|HT2AC"/>
		<DeviceItem xsi:type="Pin" id="PIN_1e-18-0-13262" signalId="SIGNAL_56-36-0-8325a" name="1">
			<AppRef name="E3.Series" version="2.13.7.0" guid="edff0ebb-0b6d-46d4-9839-8a3f87db0874"/>
			<PinItem xsi:type="ConnectorPinTerminal" id="CONNECTORPINTERMINAL_1e-18-0-13262" compType="WIRE-END-TERM:C23-D1:1"/>
		</DeviceItem>
		<DeviceItem xsi:type="Pin" id="PIN_1e-18-0-13263" signalId="SIGNAL_56-36-0-8325b" name="2">
			<AppRef name="E3.Series" version="2.13.7.0" guid="b4001982-bd5d-4bdf-86df-3954e13658b2"/>
			<PinItem xsi:type="ConnectorPinTerminal" id="CONNECTORPINTERMINAL_1e-18-0-13263" compType="WIRE-END-TERM:C23-D1:2"/>
		</DeviceItem>
		<DeviceItem xsi:type="Pin" id="PIN_1e-18-0-13264" signalId="SIGNAL_2-36-0-3fd3" name="3">
			<AppRef name="E3.Series" version="2.13.7.0" guid="e7872ee4-75a0-4aa3-a9e4-eafa17ef0581"/>
			<PinItem xsi:type="ConnectorPinTerminal" id="CONNECTORPINTERMINAL_1e-18-0-13264" compType="WIRE-END-TERM:C23-D1:3"/>
		</DeviceItem>
		<DeviceItem xsi:type="Pin" id="PIN_1e-18-0-13265" signalId="SIGNAL_2-36-0-3fd4" name="4">
			<AppRef name="E3.Series" version="2.13.7.0" guid="aa4ab0fb-9ffe-4185-a702-bb8006c61015"/>
			<PinItem xsi:type="ConnectorPinTerminal" id="CONNECTORPINTERMINAL_1e-18-0-13265" compType="WIRE-END-TERM:C23-D1:4"/>
		</DeviceItem>
		<DeviceItem xsi:type="Pin" id="PIN_1e-18-0-13266" signalId="SIGNAL_2-36-0-3549" name="5">
			<AppRef name="E3.Series" version="2.13.7.0" guid="52217f62-be30-41c0-b451-4ee5715f27d0"/>
			<PinItem xsi:type="ConnectorPinTerminal" id="CONNECTORPINTERMINAL_1e-18-0-13266" compType="WIRE-END-TERM:C23-D1:5"/>
		</DeviceItem>
		<DeviceItem xsi:type="Pin" id="PIN_1e-18-0-13267" signalId="SIGNAL_2-36-0-377b" name="6">
			<AppRef name="E3.Series" version="2.13.7.0" guid="dc98acf3-8022-4590-b113-f1b9996632b1"/>
			<PinItem xsi:type="ConnectorPinTerminal" id="CONNECTORPINTERMINAL_1e-18-0-13267" compType="WIRE-END-TERM:C23-D1:6"/>
		</DeviceItem>
		<DeviceItem xsi:type="Pin" id="PIN_1e-18-0-13268" signalId="SIGNAL_2-36-0-37b5" name="7">
			<AppRef name="E3.Series" version="2.13.7.0" guid="26b9907d-efd6-46cd-8ad6-6696d2b45a29"/>
			<PinItem xsi:type="ConnectorPinTerminal" id="CONNECTORPINTERMINAL_1e-18-0-13268" compType="WIRE-END-TERM:C23-D1:7"/>
		</DeviceItem>
		<DeviceItem xsi:type="Pin" id="PIN_1e-18-0-13269" signalId="SIGNAL_2-36-0-3eb9" name="8">
			<AppRef name="E3.Series" version="2.13.7.0" guid="addfba0b-d42d-418d-8c71-4b9b7988c2c8"/>
			<PinItem xsi:type="ConnectorPinTerminal" id="CONNECTORPINTERMINAL_1e-18-0-13269" compType="WIRE-END-TERM:C23-D1:8"/>
		</DeviceItem>
		<DeviceItem xsi:type="Pin" id="PIN_1e-18-0-1326a" signalId="SIGNAL_EMPTY" name="9">
			<AppRef name="E3.Series" version="2.13.7.0" guid="67df207b-ce0c-48f4-b65d-c8de8585c2f5"/>
		</DeviceItem>
		<DeviceItem xsi:type="Pin" id="PIN_1e-18-0-1326b" signalId="SIGNAL_EMPTY" name="10">
			<AppRef name="E3.Series" version="2.13.7.0" guid="b9957c10-716b-4bd1-bf7d-8bea4f116ba4"/>
		</DeviceItem>
		<DeviceItem xsi:type="Pin" id="PIN_1e-18-0-1326c" signalId="SIGNAL_2-36-0-3a83" name="11">
			<AppRef name="E3.Series" version="2.13.7.0" guid="eea9ec8f-6bf8-4b92-b40b-448bf9573648"/>
			<PinItem xsi:type="ConnectorPinTerminal" id="CONNECTORPINTERMINAL_1e-18-0-1326c" compType="WIRE-END-TERM:C23-D1:11"/>
		</DeviceItem>
		<DeviceItem xsi:type="Pin" id="PIN_1e-18-0-1326d" signalId="SIGNAL_2-36-0-3fd8" name="12">
			<AppRef name="E3.Series" version="2.13.7.0" guid="a56fdae2-e48f-4564-863c-2e35d67c2314"/>
			<PinItem xsi:type="ConnectorPinTerminal" id="CONNECTORPINTERMINAL_1e-18-0-1326d" compType="WIRE-END-TERM:C23-D1:12"/>
		</DeviceItem>
		<DeviceItem xsi:type="Pin" id="PIN_1e-18-0-1326e" signalId="SIGNAL_2-36-0-3fd7" name="13">
			<AppRef name="E3.Series" version="2.13.7.0" guid="54306736-6aa2-499a-8eec-957f4a353d3d"/>
			<PinItem xsi:type="ConnectorPinTerminal" id="CONNECTORPINTERMINAL_1e-18-0-1326e" compType="WIRE-END-TERM:C23-D1:13"/>
		</DeviceItem>
		<DeviceItem xsi:type="Pin" id="PIN_1e-18-0-1326f" signalId="SIGNAL_2-36-0-3548" name="14">
			<AppRef name="E3.Series" version="2.13.7.0" guid="393954f6-6193-47c1-a618-10c226fad311"/>
			<PinItem xsi:type="ConnectorPinTerminal" id="CONNECTORPINTERMINAL_1e-18-0-1326f" compType="WIRE-END-TERM:C23-D1:14"/>
		</DeviceItem>
		<DeviceItem xsi:type="Pin" id="PIN_1e-18-0-13270" signalId="SIGNAL_99-36-0-15f7a1" name="15">
			<AppRef name="E3.Series" version="2.13.7.0" guid="319b7371-01de-401e-aedb-c7cd9e3bd5cc"/>
			<PinItem xsi:type="ConnectorPinTerminal" id="CONNECTORPINTERMINAL_1e-18-0-13270" compType="WIRE-END-TERM:C23-D1:15"/>
		</DeviceItem>
		<DeviceItem xsi:type="Pin" id="PIN_1e-18-0-13271" signalId="SIGNAL_d-36-0-e2ad6" name="16">
			<AppRef name="E3.Series" version="2.13.7.0" guid="ecec9858-77e9-44d4-8a52-9fe11ebf8853"/>
		</DeviceItem>
		<DeviceItem xsi:type="Pin" id="PIN_1e-18-0-13272" signalId="SIGNAL_EMPTY" name="17">
			<AppRef name="E3.Series" version="2.13.7.0" guid="36dcef4c-a4c9-494d-9b7c-241e4b079585"/>
		</DeviceItem>
		<DeviceItem xsi:type="Pin" id="PIN_1e-18-0-13273" signalId="SIGNAL_2-36-0-3ebd" name="18">
			<AppRef name="E3.Series" version="2.13.7.0" guid="9a40aa49-cea8-4fa0-99ca-4d8b4393b572"/>
			<PinItem xsi:type="ConnectorPinTerminal" id="CONNECTORPINTERMINAL_1e-18-0-13273" compType="WIRE-END-TERM:C23-D1:18"/>
		</DeviceItem>
		<DeviceItem xsi:type="Pin" id="PIN_1e-18-0-13274" signalId="SIGNAL_18-36-0-25383a" name="19">
			<AppRef name="E3.Series" version="2.13.7.0" guid="726cf4ec-e2df-4d86-8a80-e73c1433f41f"/>
			<PinItem xsi:type="ConnectorPinTerminal" id="CONNECTORPINTERMINAL_1e-18-0-13274" compType="WIRE-END-TERM:C23-D1:19"/>
		</DeviceItem>
		<DeviceItem xsi:type="Pin" id="PIN_1e-18-0-13275" signalId="SIGNAL_2-36-0-3a85" name="20">
			<AppRef name="E3.Series" version="2.13.7.0" guid="e32aff93-6c13-4bce-a4f9-8baabe20f847"/>
			<PinItem xsi:type="ConnectorPinTerminal" id="CONNECTORPINTERMINAL_1e-18-0-13275" compType="WIRE-END-TERM:C23-D1:20"/>
		</DeviceItem>
	</HarnessItem>
	<HarnessItem xsi:type="Device" id="DEV_73-14-0-9bfe" name="C23-E1" compType="JU5T-14489-CA" symbolName="F-Formboard_Conn_Symb" symbolCharacteristic="" rotation="90.000000" branchNodeId="BN_18448-168">
		<AppRef name="E3.Series" version="2.13.7.0" guid="8be1d113-eb76-40d5-9728-5e465b33e42e"/>
		<Property id="PROPERTY_327" name="HRN_FAMILY" value="14401"/>
		<Property id="PROPERTY_328" name="HRN_Level_Ref" value="(ALL)"/>
		<Property id="PROPERTY_329" name="CONN_TERM_SEAL_REQ" value="No"/>
		<Property id="PROPERTY_330" name="DESCRIPTION_COMPONENT" value="CONNECTOR HYB UNSEALED (0.64,0.64 BLD)"/>
		<Property id="PROPERTY_331" name="SUB_PROJECT" value="HRN-14401"/>
		<Property id="PROPERTY_332" name="DEVICE_NAME" value="C23-E1::"/>
		<Property id="PROPERTY_333" name="COMP_TYPE" value="CONN-INLINE"/>
		<Property id="PROPERTY_334" name="DESCRIPTION_DEVICE" value="TO INLINE 14A005 30W MID"/>
		<DeviceItem xsi:type="Pin" id="PIN_73-18-0-9c00" signalId="SIGNAL_2-36-0-41ad" name="1">
			<AppRef name="E3.Series" version="2.13.7.0" guid="89a8483a-f9f5-4449-8b49-1c38f9164fb3"/>
			<PinItem xsi:type="ConnectorPinTerminal" id="CONNECTORPINTERMINAL_73-18-0-9c00" compType="WIRE-END-TERM:C23-E1:1"/>
		</DeviceItem>
		<DeviceItem xsi:type="Pin" id="PIN_73-18-0-9c05" signalId="SIGNAL_2-36-0-3ccd" name="2">
			<AppRef name="E3.Series" version="2.13.7.0" guid="6f362d5c-ed02-45f1-9a8d-ad39c4c8c842"/>
			<PinItem xsi:type="ConnectorPinTerminal" id="CONNECTORPINTERMINAL_73-18-0-9c05" compType="WIRE-END-TERM:C23-E1:2"/>
		</DeviceItem>
		<DeviceItem xsi:type="Pin" id="PIN_73-18-0-9c0a" signalId="SIGNAL_2-36-0-3ccd" name="3">
			<AppRef name="E3.Series" version="2.13.7.0" guid="4df631ca-e25d-4348-81f2-81f4e5fe015a"/>
			<PinItem xsi:type="ConnectorPinTerminal" id="CONNECTORPINTERMINAL_73-18-0-9c0a" compType="WIRE-END-TERM:C23-E1:3"/>
		</DeviceItem>
		<DeviceItem xsi:type="Pin" id="PIN_73-18-0-9c0f" signalId="SIGNAL_2-36-0-3fd7" name="4">
			<AppRef name="E3.Series" version="2.13.7.0" guid="23116288-aed9-41c3-8a7a-90bf28ef59ea"/>
			<PinItem xsi:type="ConnectorPinTerminal" id="CONNECTORPINTERMINAL_73-18-0-9c0f" compType="WIRE-END-TERM:C23-E1:4"/>
		</DeviceItem>
		<DeviceItem xsi:type="Pin" id="PIN_73-18-0-9c14" signalId="SIGNAL_2-36-0-3fd8" name="5">
			<AppRef name="E3.Series" version="2.13.7.0" guid="cfbd88a0-72ba-411b-910b-1e93a9d33880"/>
			<PinItem xsi:type="ConnectorPinTerminal" id="CONNECTORPINTERMINAL_73-18-0-9c14" compType="WIRE-END-TERM:C23-E1:5"/>
		</DeviceItem>
		<DeviceItem xsi:type="Pin" id="PIN_73-18-0-9c19" signalId="SIGNAL_d-36-0-e3067" name="6">
			<AppRef name="E3.Series" version="2.13.7.0" guid="24bb8737-5926-4a75-bdd1-d9d0dc7fc744"/>
			<PinItem xsi:type="ConnectorPinTerminal" id="CONNECTORPINTERMINAL_73-18-0-9c19" compType="WIRE-END-TERM:C23-E1:6"/>
		</DeviceItem>
		<DeviceItem xsi:type="Pin" id="PIN_3e-18-0-323bca" signalId="SIGNAL_2-36-0-3fd7" name="7">
			<AppRef name="E3.Series" version="2.13.7.0" guid="f0e3463b-8a8d-4437-947f-397ed66270fd"/>
			<PinItem xsi:type="ConnectorPinTerminal" id="CONNECTORPINTERMINAL_3e-18-0-323bca" compType="WIRE-END-TERM:C23-E1:7"/>
		</DeviceItem>
		<DeviceItem xsi:type="Pin" id="PIN_3e-18-0-323bcf" signalId="SIGNAL_2-36-0-3fd8" name="8">
			<AppRef name="E3.Series" version="2.13.7.0" guid="f6077157-c811-4ff8-8e51-5f6187e8a10f"/>
			<PinItem xsi:type="ConnectorPinTerminal" id="CONNECTORPINTERMINAL_3e-18-0-323bcf" compType="WIRE-END-TERM:C23-E1:8"/>
		</DeviceItem>
		<DeviceItem xsi:type="Pin" id="PIN_3e-18-0-323bd4" signalId="SIGNAL_2-36-0-36f5" name="9">
			<AppRef name="E3.Series" version="2.13.7.0" guid="d899dfa0-09a7-4062-ab1b-92e88ac46c26"/>
			<PinItem xsi:type="ConnectorPinTerminal" id="CONNECTORPINTERMINAL_3e-18-0-323bd4" compType="WIRE-END-TERM:C23-E1:9"/>
		</DeviceItem>
		<DeviceItem xsi:type="Pin" id="PIN_3e-18-0-323bd9" signalId="SIGNAL_2-36-0-3ccd" name="10">
			<AppRef name="E3.Series" version="2.13.7.0" guid="835ad8ee-c285-4d7d-8bbc-c16686181170"/>
			<PinItem xsi:type="ConnectorPinTerminal" id="CONNECTORPINTERMINAL_3e-18-0-323bd9" compType="WIRE-END-TERM:C23-E1:10"/>
		</DeviceItem>
		<DeviceItem xsi:type="Pin" id="PIN_3e-18-0-323bde" signalId="SIGNAL_99-36-0-15f9b2" name="11">
			<AppRef name="E3.Series" version="2.13.7.0" guid="ec50f145-229d-4a8c-85a2-bf0a5d2595b8"/>
			<PinItem xsi:type="ConnectorPinTerminal" id="CONNECTORPINTERMINAL_3e-18-0-323bde" compType="WIRE-END-TERM:C23-E1:11"/>
		</DeviceItem>
		<DeviceItem xsi:type="Pin" id="PIN_3e-18-0-323be3" signalId="SIGNAL_99-36-0-15f902" name="12">
			<AppRef name="E3.Series" version="2.13.7.0" guid="6398c345-6357-48f8-beb8-8e0a635841dd"/>
			<PinItem xsi:type="ConnectorPinTerminal" id="CONNECTORPINTERMINAL_3e-18-0-323be3" compType="WIRE-END-TERM:C23-E1:12"/>
		</DeviceItem>
		<DeviceItem xsi:type="Pin" id="PIN_3e-18-0-323be8" signalId="SIGNAL_2-36-0-3c46" name="13">
			<AppRef name="E3.Series" version="2.13.7.0" guid="43e5e871-044b-4eb8-9b0b-d9034af10749"/>
			<PinItem xsi:type="ConnectorPinTerminal" id="CONNECTORPINTERMINAL_3e-18-0-323be8" compType="WIRE-END-TERM:C23-E1:13"/>
		</DeviceItem>
		<DeviceItem xsi:type="Pin" id="PIN_3e-18-0-323bed" signalId="SIGNAL_2-36-0-3c4a" name="14">
			<AppRef name="E3.Series" version="2.13.7.0" guid="d45a0a93-6ce5-48e6-980a-481095a4b703"/>
			<PinItem xsi:type="ConnectorPinTerminal" id="CONNECTORPINTERMINAL_3e-18-0-323bed" compType="WIRE-END-TERM:C23-E1:14"/>
		</DeviceItem>
		<DeviceItem xsi:type="Pin" id="PIN_3e-18-0-323bf2" signalId="SIGNAL_2-36-0-32ab" name="15">
			<AppRef name="E3.Series" version="2.13.7.0" guid="41ae57f1-7a82-4173-926c-0498f037f2e8"/>
			<PinItem xsi:type="ConnectorPinTerminal" id="CONNECTORPINTERMINAL_3e-18-0-323bf2" compType="WIRE-END-TERM:C23-E1:15"/>
		</DeviceItem>
		<DeviceItem xsi:type="Pin" id="PIN_3e-18-0-323bf7" signalId="SIGNAL_2-36-0-3160" name="16">
			<AppRef name="E3.Series" version="2.13.7.0" guid="ad9b7966-b9e9-4353-a108-f87652132f31"/>
			<PinItem xsi:type="ConnectorPinTerminal" id="CONNECTORPINTERMINAL_3e-18-0-323bf7" compType="WIRE-END-TERM:C23-E1:16"/>
		</DeviceItem>
		<DeviceItem xsi:type="Pin" id="PIN_3e-18-0-323bfc" signalId="SIGNAL_2-36-0-3ccd" name="17">
			<AppRef name="E3.Series" version="2.13.7.0" guid="ff8cb6ac-05c0-414a-b23a-3a587eac5c29"/>
			<PinItem xsi:type="ConnectorPinTerminal" id="CONNECTORPINTERMINAL_3e-18-0-323bfc" compType="WIRE-END-TERM:C23-E1:17"/>
		</DeviceItem>
		<DeviceItem xsi:type="Pin" id="PIN_5f-18-0-d13c8" signalId="SIGNAL_2-36-0-41ad" name="18">
			<AppRef name="E3.Series" version="2.13.7.0" guid="89f37249-f356-40af-a910-db266f2e2c68"/>
			<PinItem xsi:type="ConnectorPinTerminal" id="CONNECTORPINTERMINAL_5f-18-0-d13c8" compType="WIRE-END-TERM:C23-E1:18"/>
		</DeviceItem>
		<DeviceItem xsi:type="Pin" id="PIN_5f-18-0-d13cc" signalId="SIGNAL_d-36-0-e3013" name="19">
			<AppRef name="E3.Series" version="2.13.7.0" guid="ed94337b-d05c-4b4d-8d90-cd5d2eed1a95"/>
			<PinItem xsi:type="ConnectorPinTerminal" id="CONNECTORPINTERMINAL_5f-18-0-d13cc" compType="WIRE-END-TERM:C23-E1:19"/>
		</DeviceItem>
		<DeviceItem xsi:type="Pin" id="PIN_5f-18-0-d13d0" signalId="SIGNAL_2-36-0-3a84" name="20">
			<AppRef name="E3.Series" version="2.13.7.0" guid="88d75681-b2f8-463b-84fa-e60c8c8c6f7f"/>
			<PinItem xsi:type="ConnectorPinTerminal" id="CONNECTORPINTERMINAL_5f-18-0-d13d0" compType="WIRE-END-TERM:C23-E1:20"/>
		</DeviceItem>
		<DeviceItem xsi:type="Pin" id="PIN_5f-18-0-d13d4" signalId="SIGNAL_d-36-0-e301f" name="21">
			<AppRef name="E3.Series" version="2.13.7.0" guid="a7ae187f-47a5-4694-87cd-371202b5ad68"/>
			<PinItem xsi:type="ConnectorPinTerminal" id="CONNECTORPINTERMINAL_5f-18-0-d13d4" compType="WIRE-END-TERM:C23-E1:21"/>
		</DeviceItem>
		<DeviceItem xsi:type="Pin" id="PIN_5f-18-0-d13d8" signalId="SIGNAL_51-36-0-126ccb" name="22">
			<AppRef name="E3.Series" version="2.13.7.0" guid="6ff85886-3fa0-4a12-b861-0dfa6ac2b9fc"/>
			<PinItem xsi:type="ConnectorPinTerminal" id="CONNECTORPINTERMINAL_5f-18-0-d13d8" compType="WIRE-END-TERM:C23-E1:22"/>
		</DeviceItem>
		<DeviceItem xsi:type="Pin" id="PIN_5f-18-0-d13dc" signalId="SIGNAL_18-36-0-251beb" name="23">
			<AppRef name="E3.Series" version="2.13.7.0" guid="ba0ec1e3-9e00-4464-9a34-1b38d957d2a1"/>
			<PinItem xsi:type="ConnectorPinTerminal" id="CONNECTORPINTERMINAL_5f-18-0-d13dc" compType="WIRE-END-TERM:C23-E1:23"/>
		</DeviceItem>
		<DeviceItem xsi:type="Pin" id="PIN_5f-18-0-d13e0" signalId="SIGNAL_18-36-0-251bf8" name="24">
			<AppRef name="E3.Series" version="2.13.7.0" guid="a1a37d93-484b-4c95-99c0-d91ba08c2d8b"/>
			<PinItem xsi:type="ConnectorPinTerminal" id="CONNECTORPINTERMINAL_5f-18-0-d13e0" compType="WIRE-END-TERM:C23-E1:24"/>
		</DeviceItem>
		<DeviceItem xsi:type="Pin" id="PIN_5f-18-0-d13e4" signalId="SIGNAL_4c-36-0-75879f" name="25">
			<AppRef name="E3.Series" version="2.13.7.0" guid="48be5e12-86b3-4a17-9fd8-1c4b7b6e5b44"/>
			<PinItem xsi:type="ConnectorPinTerminal" id="CONNECTORPINTERMINAL_5f-18-0-d13e4" compType="WIRE-END-TERM:C23-E1:25"/>
		</DeviceItem>
		<DeviceItem xsi:type="Pin" id="PIN_5f-18-0-d13e8" signalId="SIGNAL_4c-36-0-777d7f" name="26">
			<AppRef name="E3.Series" version="2.13.7.0" guid="f97e289c-d95b-4017-89d3-33b256c287f8"/>
			<PinItem xsi:type="ConnectorPinTerminal" id="CONNECTORPINTERMINAL_5f-18-0-d13e8" compType="WIRE-END-TERM:C23-E1:26"/>
		</DeviceItem>
		<DeviceItem xsi:type="Pin" id="PIN_5f-18-0-d13ec" signalId="SIGNAL_2-36-0-413f" name="27">
			<AppRef name="E3.Series" version="2.13.7.0" guid="29f3a690-218a-4d66-a3e6-e7a0842ac173"/>
			<PinItem xsi:type="ConnectorPinTerminal" id="CONNECTORPINTERMINAL_5f-18-0-d13ec" compType="WIRE-END-TERM:C23-E1:27"/>
		</DeviceItem>
		<DeviceItem xsi:type="Pin" id="PIN_5f-18-0-d13f0" signalId="SIGNAL_2-36-0-3c82" name="28">
			<AppRef name="E3.Series" version="2.13.7.0" guid="155cdc6d-ec15-4286-9744-966808fa87ce"/>
			<PinItem xsi:type="ConnectorPinTerminal" id="CONNECTORPINTERMINAL_5f-18-0-d13f0" compType="WIRE-END-TERM:C23-E1:28"/>
		</DeviceItem>
		<DeviceItem xsi:type="Pin" id="PIN_5f-18-0-d13f4" signalId="SIGNAL_4c-36-0-777d7f" name="29">
			<AppRef name="E3.Series" version="2.13.7.0" guid="854914ac-65de-4a50-b18c-4d5ef36546c1"/>
			<PinItem xsi:type="ConnectorPinTerminal" id="CONNECTORPINTERMINAL_5f-18-0-d13f4" compType="WIRE-END-TERM:C23-E1:29"/>
		</DeviceItem>
		<DeviceItem xsi:type="Pin" id="PIN_5f-18-0-d13f8" signalId="SIGNAL_4c-36-0-75879f" name="30">
			<AppRef name="E3.Series" version="2.13.7.0" guid="40f43d41-0166-495e-89b1-61e9d5c04c15"/>
			<PinItem xsi:type="ConnectorPinTerminal" id="CONNECTORPINTERMINAL_5f-18-0-d13f8" compType="WIRE-END-TERM:C23-E1:30"/>
		</DeviceItem>
	</HarnessItem>
	<HarnessItem xsi:type="Device" id="DEV_8-14-0-18bef" name="C2R114-A" compType="CU5T-14A464-AC" symbolName="F-Formboard_Conn_Symb" symbolCharacteristic="" rotation="90.000000" branchNodeId="BN_17896-236">
		<AppRef name="E3.Series" version="2.13.7.0" guid="20e66ae5-db4e-482f-a4aa-1f87f011ff33"/>
		<AdditionalPart id="ADDITIONALPART_1a-4-0-354ff" compType="HU5T-14E047-MA"/>
		<AdditionalPart id="ADDITIONALPART_55-4-0-13f5e1" compType="CU5T-14N003-MA"/>
		<Property id="PROPERTY_335" name="SUBMERGIBLE" value="Yes"/>
		<Property id="PROPERTY_336" name="HRN_FAMILY" value="14401"/>
		<Property id="PROPERTY_337" name="HRN_Level_Ref" value="(ALL)"/>
		<Property id="PROPERTY_338" name="CONN_TERM_SEAL_REQ" value="Yes"/>
		<Property id="PROPERTY_339" name="CONN_BCONN_PIN_PATTERN" value="(008) | 1,14,2,25,26,3,4"/>
		<Property id="PROPERTY_340" name="DESCRIPTION_COMPONENT" value="CONNECTOR, BLADE, 0.64 MM, SEALED"/>
		<Property id="PROPERTY_341" name="SUB_PROJECT" value="HRN-14401"/>
		<Property id="PROPERTY_342" name="DESCRIPTION_DEVICE" value="TO RCM"/>
		<Property id="PROPERTY_343" name="DEVICE_NAME" value="C2R114-A::"/>
		<Property id="PROPERTY_344" name="COMP_TYPE" value="CONN-DEVICE"/>
		<Property id="PROPERTY_345" name="CONN_BCONN" value="C2R114-A : CU5T-14A464-AC&#xD;(008) | (ALL)"/>
		<DeviceItem xsi:type="Pin" id="PIN_71-18-0-1fb440" signalId="SIGNAL_EMPTY" name="1">
			<AppRef name="E3.Series" version="2.13.7.0" guid="59d8200c-ce1c-4fbe-9811-fa198230499f"/>
		</DeviceItem>
		<DeviceItem xsi:type="Pin" id="PIN_71-18-0-1fb444" signalId="SIGNAL_EMPTY" name="2">
			<AppRef name="E3.Series" version="2.13.7.0" guid="349078e9-b18c-4ae6-9cc7-986002a37142"/>
		</DeviceItem>
		<DeviceItem xsi:type="Pin" id="PIN_71-18-0-1fb448" signalId="SIGNAL_EMPTY" name="3">
			<AppRef name="E3.Series" version="2.13.7.0" guid="77ceba71-0448-4f8f-be5c-c03e27226cb6"/>
		</DeviceItem>
		<DeviceItem xsi:type="Pin" id="PIN_71-18-0-1fb44c" signalId="SIGNAL_EMPTY" name="4">
			<AppRef name="E3.Series" version="2.13.7.0" guid="7a29eb9b-474f-40d0-a371-a776c6e53a4d"/>
		</DeviceItem>
		<DeviceItem xsi:type="Pin" id="PIN_71-18-0-1fb450" signalId="SIGNAL_2-36-0-3926" name="5">
			<AppRef name="E3.Series" version="2.13.7.0" guid="aa44faa5-54cb-4145-a9a3-721ce1426ef5"/>
			<PinItem xsi:type="ConnectorPinTerminal" id="CONNECTORPINTERMINAL_71-18-0-1fb450" compType="WIRE-END-TERM:C2R114-A:5"/>
		</DeviceItem>
		<DeviceItem xsi:type="Pin" id="PIN_71-18-0-1fb454" signalId="SIGNAL_2-36-0-3d74" name="6">
			<AppRef name="E3.Series" version="2.13.7.0" guid="ab940d03-6a73-444c-aada-ae3d58af82c9"/>
			<PinItem xsi:type="ConnectorPinTerminal" id="CONNECTORPINTERMINAL_71-18-0-1fb454" compType="WIRE-END-TERM:C2R114-A:6"/>
		</DeviceItem>
		<DeviceItem xsi:type="Pin" id="PIN_71-18-0-1fb458" signalId="SIGNAL_2-36-0-38f8" name="7">
			<AppRef name="E3.Series" version="2.13.7.0" guid="ca90605d-5694-4469-87f7-641eb2f914dc"/>
			<PinItem xsi:type="ConnectorPinTerminal" id="CONNECTORPINTERMINAL_71-18-0-1fb458" compType="WIRE-END-TERM:C2R114-A:7"/>
		</DeviceItem>
		<DeviceItem xsi:type="Pin" id="PIN_71-18-0-1fb45c" signalId="SIGNAL_2-36-0-3d3d" name="8">
			<AppRef name="E3.Series" version="2.13.7.0" guid="6c6ce8b7-3961-40a4-935c-734f8a46a7b6"/>
			<PinItem xsi:type="ConnectorPinTerminal" id="CONNECTORPINTERMINAL_71-18-0-1fb45c" compType="WIRE-END-TERM:C2R114-A:8"/>
		</DeviceItem>
		<DeviceItem xsi:type="Pin" id="PIN_8-18-0-18e45" signalId="SIGNAL_2-36-0-3d3b" name="9">
			<AppRef name="E3.Series" version="2.13.7.0" guid="ac7e5397-e933-4677-ae3f-0b228747b29e"/>
			<PinItem xsi:type="ConnectorPinTerminal" id="CONNECTORPINTERMINAL_8-18-0-18e45" compType="WIRE-END-TERM:C2R114-A:9"/>
		</DeviceItem>
		<DeviceItem xsi:type="Pin" id="PIN_8-18-0-18e3e" signalId="SIGNAL_2-36-0-38f6" name="10">
			<AppRef name="E3.Series" version="2.13.7.0" guid="2f1ca480-9d63-48d0-9fbd-e5dd31e50219"/>
			<PinItem xsi:type="ConnectorPinTerminal" id="CONNECTORPINTERMINAL_8-18-0-18e3e" compType="WIRE-END-TERM:C2R114-A:10"/>
		</DeviceItem>
		<DeviceItem xsi:type="Pin" id="PIN_8-18-0-18eb5" signalId="SIGNAL_2-36-0-3916" name="11">
			<AppRef name="E3.Series" version="2.13.7.0" guid="a6841df9-6655-4a66-91a7-cc9f4df332cd"/>
			<PinItem xsi:type="ConnectorPinTerminal" id="CONNECTORPINTERMINAL_8-18-0-18eb5" compType="WIRE-END-TERM:C2R114-A:11"/>
		</DeviceItem>
		<DeviceItem xsi:type="Pin" id="PIN_8-18-0-18ebd" signalId="SIGNAL_2-36-0-3d61" name="12">
			<AppRef name="E3.Series" version="2.13.7.0" guid="cefe210b-5989-44d9-926a-868dcddac640"/>
			<PinItem xsi:type="ConnectorPinTerminal" id="CONNECTORPINTERMINAL_8-18-0-18ebd" compType="WIRE-END-TERM:C2R114-A:12"/>
		</DeviceItem>
		<DeviceItem xsi:type="Pin" id="PIN_71-18-0-1fb470" signalId="SIGNAL_d-36-0-e301f" name="13">
			<AppRef name="E3.Series" version="2.13.7.0" guid="0356950a-a55c-4a53-a496-8ddcc5ac632c"/>
			<PinItem xsi:type="ConnectorPinTerminal" id="CONNECTORPINTERMINAL_71-18-0-1fb470" compType="WIRE-END-TERM:C2R114-A:13"/>
		</DeviceItem>
		<DeviceItem xsi:type="Pin" id="PIN_71-18-0-1fb474" signalId="SIGNAL_EMPTY" name="14">
			<AppRef name="E3.Series" version="2.13.7.0" guid="4b367500-c952-4442-a315-46b324b23de3"/>
		</DeviceItem>
		<DeviceItem xsi:type="Pin" id="PIN_8-18-0-18e55" signalId="SIGNAL_2-36-0-424b" name="15">
			<AppRef name="E3.Series" version="2.13.7.0" guid="93c5dfe1-4117-422c-9545-705a3f10ca02"/>
			<PinItem xsi:type="ConnectorPinTerminal" id="CONNECTORPINTERMINAL_8-18-0-18e55" compType="WIRE-END-TERM:C2R114-A:15"/>
		</DeviceItem>
		<DeviceItem xsi:type="Pin" id="PIN_8-18-0-18e4d" signalId="SIGNAL_2-36-0-3d53" name="16">
			<AppRef name="E3.Series" version="2.13.7.0" guid="dc0eb0df-405b-4d10-b837-fc4c110490a8"/>
			<PinItem xsi:type="ConnectorPinTerminal" id="CONNECTORPINTERMINAL_8-18-0-18e4d" compType="WIRE-END-TERM:C2R114-A:16"/>
		</DeviceItem>
		<DeviceItem xsi:type="Pin" id="PIN_8-18-0-18e5d" signalId="SIGNAL_2-36-0-3d52" name="17">
			<AppRef name="E3.Series" version="2.13.7.0" guid="f0e34db5-9dac-4067-a2f7-82a661e7cc60"/>
			<PinItem xsi:type="ConnectorPinTerminal" id="CONNECTORPINTERMINAL_8-18-0-18e5d" compType="WIRE-END-TERM:C2R114-A:17"/>
		</DeviceItem>
		<DeviceItem xsi:type="Pin" id="PIN_8-18-0-18e65" signalId="SIGNAL_2-36-0-424a" name="18">
			<AppRef name="E3.Series" version="2.13.7.0" guid="50f21880-068d-4b34-88d4-966cb73a1b90"/>
			<PinItem xsi:type="ConnectorPinTerminal" id="CONNECTORPINTERMINAL_8-18-0-18e65" compType="WIRE-END-TERM:C2R114-A:18"/>
		</DeviceItem>
		<DeviceItem xsi:type="Pin" id="PIN_8-18-0-18e8d" signalId="SIGNAL_18-36-0-1a6df6" name="19">
			<AppRef name="E3.Series" version="2.13.7.0" guid="8443de24-b989-4b76-95d4-6137d154130f"/>
			<PinItem xsi:type="ConnectorPinTerminal" id="CONNECTORPINTERMINAL_8-18-0-18e8d" compType="WIRE-END-TERM:C2R114-A:19"/>
		</DeviceItem>
		<DeviceItem xsi:type="Pin" id="PIN_71-18-0-1fb48c" signalId="SIGNAL_d-36-0-e3013" name="20">
			<AppRef name="E3.Series" version="2.13.7.0" guid="0bbb2309-25a6-4e99-bb67-2b0c8310da5a"/>
			<PinItem xsi:type="ConnectorPinTerminal" id="CONNECTORPINTERMINAL_71-18-0-1fb48c" compType="WIRE-END-TERM:C2R114-A:20"/>
		</DeviceItem>
		<DeviceItem xsi:type="Pin" id="PIN_8-18-0-18e85" signalId="SIGNAL_2-36-0-3d5c" name="21">
			<AppRef name="E3.Series" version="2.13.7.0" guid="97a31b31-9b94-4d55-b4c1-cf301ba8abaa"/>
			<PinItem xsi:type="ConnectorPinTerminal" id="CONNECTORPINTERMINAL_8-18-0-18e85" compType="WIRE-END-TERM:C2R114-A:21"/>
		</DeviceItem>
		<DeviceItem xsi:type="Pin" id="PIN_8-18-0-18e7d" signalId="SIGNAL_2-36-0-3912" name="22">
			<AppRef name="E3.Series" version="2.13.7.0" guid="821db6b4-46e6-4ec8-a16c-feb9420fb70d"/>
			<PinItem xsi:type="ConnectorPinTerminal" id="CONNECTORPINTERMINAL_8-18-0-18e7d" compType="WIRE-END-TERM:C2R114-A:22"/>
		</DeviceItem>
		<DeviceItem xsi:type="Pin" id="PIN_8-18-0-18ea5" signalId="SIGNAL_2-36-0-3927" name="23">
			<AppRef name="E3.Series" version="2.13.7.0" guid="3b8691b6-e580-4a9a-8e83-5583dfd1a749"/>
			<PinItem xsi:type="ConnectorPinTerminal" id="CONNECTORPINTERMINAL_8-18-0-18ea5" compType="WIRE-END-TERM:C2R114-A:23"/>
		</DeviceItem>
		<DeviceItem xsi:type="Pin" id="PIN_8-18-0-18ead" signalId="SIGNAL_2-36-0-3d75" name="24">
			<AppRef name="E3.Series" version="2.13.7.0" guid="d5f78490-9d8d-46a1-a39a-4116049375e5"/>
			<PinItem xsi:type="ConnectorPinTerminal" id="CONNECTORPINTERMINAL_8-18-0-18ead" compType="WIRE-END-TERM:C2R114-A:24"/>
		</DeviceItem>
		<DeviceItem xsi:type="Pin" id="PIN_71-18-0-1fb4a0" signalId="SIGNAL_EMPTY" name="25">
			<AppRef name="E3.Series" version="2.13.7.0" guid="e9b30632-418a-45bf-8eaf-eb5df77fdfaa"/>
		</DeviceItem>
		<DeviceItem xsi:type="Pin" id="PIN_71-18-0-1fb4a4" signalId="SIGNAL_EMPTY" name="26">
			<AppRef name="E3.Series" version="2.13.7.0" guid="93e11a90-d8db-48c4-bba8-81f05e0c86a1"/>
		</DeviceItem>
		<DeviceItem xsi:type="Pin" id="PIN_8-18-0-18e9d" signalId="SIGNAL_2-36-0-3d3c" name="27">
			<AppRef name="E3.Series" version="2.13.7.0" guid="7ffc4602-ae66-4109-a52c-c751032db5e3"/>
			<PinItem xsi:type="ConnectorPinTerminal" id="CONNECTORPINTERMINAL_8-18-0-18e9d" compType="WIRE-END-TERM:C2R114-A:27"/>
		</DeviceItem>
		<DeviceItem xsi:type="Pin" id="PIN_8-18-0-18e95" signalId="SIGNAL_2-36-0-38f7" name="28">
			<AppRef name="E3.Series" version="2.13.7.0" guid="76b614ff-e5ae-45a8-97a2-1b5f3b069d6b"/>
			<PinItem xsi:type="ConnectorPinTerminal" id="CONNECTORPINTERMINAL_8-18-0-18e95" compType="WIRE-END-TERM:C2R114-A:28"/>
		</DeviceItem>
		<DeviceItem xsi:type="Pin" id="PIN_8-18-0-18e6d" signalId="SIGNAL_2-36-0-38f5" name="29">
			<AppRef name="E3.Series" version="2.13.7.0" guid="0d6fd8c6-2dcb-47a6-9ec8-78bd3ebf8e1c"/>
			<PinItem xsi:type="ConnectorPinTerminal" id="CONNECTORPINTERMINAL_8-18-0-18e6d" compType="WIRE-END-TERM:C2R114-A:29"/>
		</DeviceItem>
		<DeviceItem xsi:type="Pin" id="PIN_8-18-0-18e75" signalId="SIGNAL_2-36-0-3d3a" name="30">
			<AppRef name="E3.Series" version="2.13.7.0" guid="9595fd9b-feeb-47f6-8717-f953dfd578d9"/>
			<PinItem xsi:type="ConnectorPinTerminal" id="CONNECTORPINTERMINAL_8-18-0-18e75" compType="WIRE-END-TERM:C2R114-A:30"/>
		</DeviceItem>
	</HarnessItem>
	<HarnessItem xsi:type="Device" id="DEV_87-14-0-15065" name="C2MM01-A" compType="9U5T-14489-TA" symbolName="F-Formboard_Conn_Symb" symbolCharacteristic="" rotation="90.000000" branchNodeId="BN_17720-164">
		<AppRef name="E3.Series" version="2.13.7.0" guid="00c7b6a8-ca41-404b-abd8-4ce1075b94ca"/>
		<AdditionalPart id="ADDITIONALPART_44-4-0-5cb5" compType="9U5T-14488-BA"/>
		<Property id="PROPERTY_346" name="ADDITIONAL_PART_MANDATORY" value="9U5T-14488-AA"/>
		<Property id="PROPERTY_347" name="HRN_Level_Ref" value="(D-CAM)/(C-SHF)/(KWINV)/(8SPKR)/(F-SHF)/(BEV)"/>
		<Property id="PROPERTY_348" name="CONN_TERM_SEAL_REQ" value="No"/>
		<Property id="PROPERTY_349" name="DESCRIPTION_COMPONENT" value="CONNECTOR-CAT. 0 (.64MM BLADE)"/>
		<Property id="PROPERTY_350" name="SUB_PROJECT" value="HRN-14401"/>
		<Property id="PROPERTY_351" name="DEVICE_NAME" value="C2MM01-A::"/>
		<Property id="PROPERTY_352" name="HRN_FAMILY" value="14401"/>
		<Property id="PROPERTY_353" name="COMP_TYPE" value="CONN-DEVICE"/>
		<Property id="PROPERTY_354" name="DESCRIPTION_DEVICE" value="TO SYNC GEN4 MOD"/>
		<Option id="OPTION_87-14-0-15065_1" value="IEVAQ | IEVAR"/>
		<DeviceItem xsi:type="Pin" id="PIN_87-18-0-152ea" signalId="SIGNAL_2-36-0-3ec5" name="1">
			<AppRef name="E3.Series" version="2.13.7.0" guid="0f5bb529-ea33-4784-8723-b321f3179b6d"/>
			<PinItem xsi:type="ConnectorPinTerminal" id="CONNECTORPINTERMINAL_87-18-0-152ea" compType="WIRE-END-TERM:C2MM01-A:1"/>
		</DeviceItem>
		<DeviceItem xsi:type="Pin" id="PIN_87-18-0-151ab" signalId="SIGNAL_EMPTY" name="2">
			<AppRef name="E3.Series" version="2.13.7.0" guid="8f8488a2-1e9e-4900-98c1-b6e3ffa71b2c"/>
		</DeviceItem>
		<DeviceItem xsi:type="Pin" id="PIN_87-18-0-152ce" signalId="SIGNAL_2-36-0-417e" name="3">
			<AppRef name="E3.Series" version="2.13.7.0" guid="96d03d08-31db-4c54-a2bb-8f3a03d12692"/>
			<PinItem xsi:type="ConnectorPinTerminal" id="CONNECTORPINTERMINAL_87-18-0-152ce" compType="WIRE-END-TERM:C2MM01-A:3"/>
		</DeviceItem>
		<DeviceItem xsi:type="Pin" id="PIN_87-18-0-152d5" signalId="SIGNAL_2-36-0-3cb6" name="4">
			<AppRef name="E3.Series" version="2.13.7.0" guid="7df7c793-6643-4434-98a3-a3ace881247e"/>
			<PinItem xsi:type="ConnectorPinTerminal" id="CONNECTORPINTERMINAL_87-18-0-152d5" compType="WIRE-END-TERM:C2MM01-A:4"/>
		</DeviceItem>
		<DeviceItem xsi:type="Pin" id="PIN_87-18-0-151b0" signalId="SIGNAL_EMPTY" name="5">
			<AppRef name="E3.Series" version="2.13.7.0" guid="250c6393-ca7f-4065-98c2-e4a0291260f9"/>
		</DeviceItem>
		<DeviceItem xsi:type="Pin" id="PIN_87-18-0-151b5" signalId="SIGNAL_EMPTY" name="6">
			<AppRef name="E3.Series" version="2.13.7.0" guid="89bc3695-55ed-4c55-acf6-6f06d5eb4f88"/>
		</DeviceItem>
		<DeviceItem xsi:type="Pin" id="PIN_87-18-0-151ba" signalId="SIGNAL_EMPTY" name="7">
			<AppRef name="E3.Series" version="2.13.7.0" guid="95534fa9-a977-48e3-af99-159a23e25cb8"/>
		</DeviceItem>
		<DeviceItem xsi:type="Pin" id="PIN_87-18-0-15226" signalId="SIGNAL_2-36-0-3b4b" name="8">
			<AppRef name="E3.Series" version="2.13.7.0" guid="b76d9536-3dbb-40c8-8686-b97fa97e1117"/>
			<PinItem xsi:type="ConnectorPinTerminal" id="CONNECTORPINTERMINAL_87-18-0-15226" compType="WIRE-END-TERM:C2MM01-A:8"/>
		</DeviceItem>
		<DeviceItem xsi:type="Pin" id="PIN_87-18-0-15249" signalId="SIGNAL_EMPTY" name="9">
			<AppRef name="E3.Series" version="2.13.7.0" guid="ab2daae6-dbcb-4ac8-be3f-9b224c26e2a5"/>
		</DeviceItem>
		<DeviceItem xsi:type="Pin" id="PIN_87-18-0-1522d" signalId="SIGNAL_EMPTY" name="10">
			<AppRef name="E3.Series" version="2.13.7.0" guid="aac402e9-8297-45c7-af17-75d812a7e3b2"/>
		</DeviceItem>
		<DeviceItem xsi:type="Pin" id="PIN_87-18-0-15234" signalId="SIGNAL_EMPTY" name="11">
			<AppRef name="E3.Series" version="2.13.7.0" guid="390a5658-615d-4c0b-b089-544c9086bfdb"/>
		</DeviceItem>
		<DeviceItem xsi:type="Pin" id="PIN_87-18-0-15257" signalId="SIGNAL_2-36-0-41ad" name="12">
			<AppRef name="E3.Series" version="2.13.7.0" guid="d67df8d9-3ee6-429d-828d-064be1fcef85"/>
			<PinItem xsi:type="ConnectorPinTerminal" id="CONNECTORPINTERMINAL_87-18-0-15257" compType="WIRE-END-TERM:C2MM01-A:12"/>
		</DeviceItem>
		<DeviceItem xsi:type="Pin" id="PIN_87-18-0-1525e" signalId="SIGNAL_2-36-0-3ccd" name="13">
			<AppRef name="E3.Series" version="2.13.7.0" guid="50786387-6d94-4df8-8834-66893e6e9040"/>
			<PinItem xsi:type="ConnectorPinTerminal" id="CONNECTORPINTERMINAL_87-18-0-1525e" compType="WIRE-END-TERM:C2MM01-A:13"/>
		</DeviceItem>
		<DeviceItem xsi:type="Pin" id="PIN_87-18-0-15265" signalId="SIGNAL_2-36-0-420b" name="14">
			<AppRef name="E3.Series" version="2.13.7.0" guid="bc8ab03b-26d1-4b83-ac85-3b5014658de9"/>
			<PinItem xsi:type="ConnectorPinTerminal" id="CONNECTORPINTERMINAL_87-18-0-15265" compType="WIRE-END-TERM:C2MM01-A:14"/>
		</DeviceItem>
		<DeviceItem xsi:type="Pin" id="PIN_87-18-0-1526c" signalId="SIGNAL_18-36-0-251462" name="15">
			<AppRef name="E3.Series" version="2.13.7.0" guid="54e4b93b-f446-4a95-82e5-ff56724fe0d8"/>
			<PinItem xsi:type="ConnectorPinTerminal" id="CONNECTORPINTERMINAL_87-18-0-1526c" compType="WIRE-END-TERM:C2MM01-A:15"/>
		</DeviceItem>
		<DeviceItem xsi:type="Pin" id="PIN_87-18-0-1527a" signalId="SIGNAL_EMPTY" name="16">
			<AppRef name="E3.Series" version="2.13.7.0" guid="17c3b50a-74ec-45e9-b3e1-6276a63b8818"/>
		</DeviceItem>
		<DeviceItem xsi:type="Pin" id="PIN_87-18-0-15281" signalId="SIGNAL_EMPTY" name="17">
			<AppRef name="E3.Series" version="2.13.7.0" guid="e51c9e10-642e-415e-bf0c-4218773a6177"/>
		</DeviceItem>
		<DeviceItem xsi:type="Pin" id="PIN_87-18-0-151bf" signalId="SIGNAL_EMPTY" name="18">
			<AppRef name="E3.Series" version="2.13.7.0" guid="6e5b2217-5ff7-4d81-b772-954376606813"/>
		</DeviceItem>
		<DeviceItem xsi:type="Pin" id="PIN_87-18-0-15296" signalId="SIGNAL_2-36-0-41d7" name="19">
			<AppRef name="E3.Series" version="2.13.7.0" guid="c55f7fbd-26a9-4e5b-bc3c-d87c0fe805da"/>
			<PinItem xsi:type="ConnectorPinTerminal" id="CONNECTORPINTERMINAL_87-18-0-15296" compType="WIRE-END-TERM:C2MM01-A:19"/>
		</DeviceItem>
		<DeviceItem xsi:type="Pin" id="PIN_87-18-0-1529d" signalId="SIGNAL_2-36-0-3fd8" name="20">
			<AppRef name="E3.Series" version="2.13.7.0" guid="0d380f8e-79af-4e5b-8e48-0ecc77662d30"/>
			<PinItem xsi:type="ConnectorPinTerminal" id="CONNECTORPINTERMINAL_87-18-0-1529d" compType="WIRE-END-TERM:C2MM01-A:20"/>
		</DeviceItem>
		<DeviceItem xsi:type="Pin" id="PIN_87-18-0-152e3" signalId="SIGNAL_2-36-0-39f2" name="21">
			<AppRef name="E3.Series" version="2.13.7.0" guid="9c975b99-8d8d-4d06-ab4d-4d5e72662610"/>
		</DeviceItem>
		<DeviceItem xsi:type="Pin" id="PIN_87-18-0-152dc" signalId="SIGNAL_2-36-0-3ec9" name="22">
			<AppRef name="E3.Series" version="2.13.7.0" guid="2e0e74e6-4d34-4cab-9dac-e79e86bdd8e9"/>
			<PinItem xsi:type="ConnectorPinTerminal" id="CONNECTORPINTERMINAL_87-18-0-152dc" compType="WIRE-END-TERM:C2MM01-A:22"/>
		</DeviceItem>
		<DeviceItem xsi:type="Pin" id="PIN_87-18-0-152b2" signalId="SIGNAL_2-36-0-4163" name="23">
			<AppRef name="E3.Series" version="2.13.7.0" guid="0a5ed05b-363c-4e93-b30e-2de38ab6da71"/>
			<PinItem xsi:type="ConnectorPinTerminal" id="CONNECTORPINTERMINAL_87-18-0-152b2" compType="WIRE-END-TERM:C2MM01-A:23"/>
		</DeviceItem>
		<DeviceItem xsi:type="Pin" id="PIN_87-18-0-152b9" signalId="SIGNAL_2-36-0-3c9f" name="24">
			<AppRef name="E3.Series" version="2.13.7.0" guid="4b369509-727f-47a6-abe4-b3577798bfe1"/>
			<PinItem xsi:type="ConnectorPinTerminal" id="CONNECTORPINTERMINAL_87-18-0-152b9" compType="WIRE-END-TERM:C2MM01-A:24"/>
		</DeviceItem>
		<DeviceItem xsi:type="Pin" id="PIN_87-18-0-152c0" signalId="SIGNAL_2-36-0-4164" name="25">
			<AppRef name="E3.Series" version="2.13.7.0" guid="e9a8c507-a52c-4a15-bb80-64da7bd71d3b"/>
			<PinItem xsi:type="ConnectorPinTerminal" id="CONNECTORPINTERMINAL_87-18-0-152c0" compType="WIRE-END-TERM:C2MM01-A:25"/>
		</DeviceItem>
		<DeviceItem xsi:type="Pin" id="PIN_87-18-0-152c7" signalId="SIGNAL_2-36-0-3ca0" name="26">
			<AppRef name="E3.Series" version="2.13.7.0" guid="dca0da16-be76-416f-ab52-548fabbac571"/>
			<PinItem xsi:type="ConnectorPinTerminal" id="CONNECTORPINTERMINAL_87-18-0-152c7" compType="WIRE-END-TERM:C2MM01-A:26"/>
		</DeviceItem>
		<DeviceItem xsi:type="Pin" id="PIN_87-18-0-151c4" signalId="SIGNAL_18-36-0-252ddc" name="27">
			<AppRef name="E3.Series" version="2.13.7.0" guid="0a854670-b1e8-4eeb-af27-59b3766fb3ef"/>
			<PinItem xsi:type="ConnectorPinTerminal" id="CONNECTORPINTERMINAL_87-18-0-151c4" compType="WIRE-END-TERM:C2MM01-A:27"/>
		</DeviceItem>
		<DeviceItem xsi:type="Pin" id="PIN_87-18-0-1523b" signalId="SIGNAL_18-36-0-252de8" name="28">
			<AppRef name="E3.Series" version="2.13.7.0" guid="d1c6d9f6-b18e-42d9-a1ce-e6acc3222563"/>
			<PinItem xsi:type="ConnectorPinTerminal" id="CONNECTORPINTERMINAL_87-18-0-1523b" compType="WIRE-END-TERM:C2MM01-A:28"/>
		</DeviceItem>
		<DeviceItem xsi:type="Pin" id="PIN_87-18-0-15242" signalId="SIGNAL_EMPTY" name="29">
			<AppRef name="E3.Series" version="2.13.7.0" guid="7303db26-eec5-41a0-a25b-d7c405235bbb"/>
		</DeviceItem>
		<DeviceItem xsi:type="Pin" id="PIN_87-18-0-151c9" signalId="SIGNAL_EMPTY" name="30">
			<AppRef name="E3.Series" version="2.13.7.0" guid="eab0b9c6-ae21-4082-9f90-bd5323d99ac0"/>
		</DeviceItem>
		<DeviceItem xsi:type="Pin" id="PIN_87-18-0-151ce" signalId="SIGNAL_2-36-0-3ccd" name="31">
			<AppRef name="E3.Series" version="2.13.7.0" guid="6371b2d5-f06d-4ae2-8bd7-59f69453e7b8"/>
			<PinItem xsi:type="ConnectorPinTerminal" id="CONNECTORPINTERMINAL_87-18-0-151ce" compType="WIRE-END-TERM:C2MM01-A:31"/>
		</DeviceItem>
		<DeviceItem xsi:type="Pin" id="PIN_87-18-0-151d3" signalId="SIGNAL_EMPTY" name="32">
			<AppRef name="E3.Series" version="2.13.7.0" guid="db96a9b3-52f5-4420-a74f-507c07864fd1"/>
		</DeviceItem>
		<DeviceItem xsi:type="Pin" id="PIN_87-18-0-15273" signalId="SIGNAL_2-36-0-3cf1" name="33">
			<AppRef name="E3.Series" version="2.13.7.0" guid="974ba681-0e44-4c5e-ac0b-376388b45f1c"/>
			<PinItem xsi:type="ConnectorPinTerminal" id="CONNECTORPINTERMINAL_87-18-0-15273" compType="WIRE-END-TERM:C2MM01-A:33"/>
		</DeviceItem>
		<DeviceItem xsi:type="Pin" id="PIN_87-18-0-1521f" signalId="SIGNAL_EMPTY" name="34">
			<AppRef name="E3.Series" version="2.13.7.0" guid="e6b2baa0-7e68-4b0e-bf5e-aee8cde818c8"/>
		</DeviceItem>
		<DeviceItem xsi:type="Pin" id="PIN_87-18-0-15219" signalId="SIGNAL_EMPTY" name="35">
			<AppRef name="E3.Series" version="2.13.7.0" guid="8099109b-6cad-4427-a697-c51419c26467"/>
		</DeviceItem>
		<DeviceItem xsi:type="Pin" id="PIN_87-18-0-151d8" signalId="SIGNAL_EMPTY" name="36">
			<AppRef name="E3.Series" version="2.13.7.0" guid="dd5c4141-1173-4be0-9b00-6be1a16d33e7"/>
		</DeviceItem>
		<DeviceItem xsi:type="Pin" id="PIN_87-18-0-152f1" signalId="SIGNAL_2-36-0-3a84" name="37">
			<AppRef name="E3.Series" version="2.13.7.0" guid="3f4879fc-7bbd-4e7d-83a4-593de8f4c104"/>
			<PinItem xsi:type="ConnectorPinTerminal" id="CONNECTORPINTERMINAL_87-18-0-152f1" compType="WIRE-END-TERM:C2MM01-A:37"/>
		</DeviceItem>
		<DeviceItem xsi:type="Pin" id="PIN_87-18-0-15250" signalId="SIGNAL_2-36-0-3cbd" name="38">
			<AppRef name="E3.Series" version="2.13.7.0" guid="069d3c34-1654-46bd-bc5b-5e4e6425d0f4"/>
			<PinItem xsi:type="ConnectorPinTerminal" id="CONNECTORPINTERMINAL_87-18-0-15250" compType="WIRE-END-TERM:C2MM01-A:38"/>
		</DeviceItem>
		<DeviceItem xsi:type="Pin" id="PIN_87-18-0-151dd" signalId="SIGNAL_EMPTY" name="39">
			<AppRef name="E3.Series" version="2.13.7.0" guid="791c3b6b-973b-4adf-937c-e610a65c1c80"/>
		</DeviceItem>
		<DeviceItem xsi:type="Pin" id="PIN_87-18-0-151e2" signalId="SIGNAL_EMPTY" name="40">
			<AppRef name="E3.Series" version="2.13.7.0" guid="6516e958-d982-46bc-8aa0-f7e371a6353a"/>
		</DeviceItem>
		<DeviceItem xsi:type="Pin" id="PIN_87-18-0-151e7" signalId="SIGNAL_EMPTY" name="41">
			<AppRef name="E3.Series" version="2.13.7.0" guid="1427bdae-e97f-49fb-a112-38c0e5feedb1"/>
		</DeviceItem>
		<DeviceItem xsi:type="Pin" id="PIN_87-18-0-151ec" signalId="SIGNAL_EMPTY" name="42">
			<AppRef name="E3.Series" version="2.13.7.0" guid="5d629919-be5d-467b-b448-55ddc9a09860"/>
		</DeviceItem>
		<DeviceItem xsi:type="Pin" id="PIN_87-18-0-151f1" signalId="SIGNAL_EMPTY" name="43">
			<AppRef name="E3.Series" version="2.13.7.0" guid="b95e7ce1-6b8f-4f73-a11b-fc761db7c270"/>
		</DeviceItem>
		<DeviceItem xsi:type="Pin" id="PIN_87-18-0-151f6" signalId="SIGNAL_2-36-0-413c" name="44">
			<AppRef name="E3.Series" version="2.13.7.0" guid="88b21a95-ec0a-46a3-a73f-bf76d07f23f3"/>
			<PinItem xsi:type="ConnectorPinTerminal" id="CONNECTORPINTERMINAL_87-18-0-151f6" compType="WIRE-END-TERM:C2MM01-A:44"/>
		</DeviceItem>
		<DeviceItem xsi:type="Pin" id="PIN_87-18-0-151fb" signalId="SIGNAL_EMPTY" name="45">
			<AppRef name="E3.Series" version="2.13.7.0" guid="e3564a50-abc4-413c-b9a7-6fdd4d2e1312"/>
		</DeviceItem>
		<DeviceItem xsi:type="Pin" id="PIN_87-18-0-15200" signalId="SIGNAL_EMPTY" name="46">
			<AppRef name="E3.Series" version="2.13.7.0" guid="4cdac0a5-be69-4381-97ca-e4f7d701f213"/>
		</DeviceItem>
		<DeviceItem xsi:type="Pin" id="PIN_87-18-0-15205" signalId="SIGNAL_EMPTY" name="47">
			<AppRef name="E3.Series" version="2.13.7.0" guid="920b82e7-c207-4dbe-9259-d8abe072250f"/>
		</DeviceItem>
		<DeviceItem xsi:type="Pin" id="PIN_87-18-0-1520a" signalId="SIGNAL_EMPTY" name="48">
			<AppRef name="E3.Series" version="2.13.7.0" guid="3b43122c-0c65-479a-af12-5262417a3f7b"/>
		</DeviceItem>
		<DeviceItem xsi:type="Pin" id="PIN_87-18-0-1520f" signalId="SIGNAL_EMPTY" name="49">
			<AppRef name="E3.Series" version="2.13.7.0" guid="805fa08a-e98a-45eb-8131-e038de1f8b95"/>
		</DeviceItem>
		<DeviceItem xsi:type="Pin" id="PIN_87-18-0-15214" signalId="SIGNAL_EMPTY" name="50">
			<AppRef name="E3.Series" version="2.13.7.0" guid="d9b78a28-53fa-4037-a065-58ceea4f9696"/>
		</DeviceItem>
		<DeviceItem xsi:type="Pin" id="PIN_87-18-0-152a4" signalId="SIGNAL_18-36-0-252dac" name="51">
			<AppRef name="E3.Series" version="2.13.7.0" guid="febbe7ee-c9cb-4611-908e-5e8b5c176051"/>
			<PinItem xsi:type="ConnectorPinTerminal" id="CONNECTORPINTERMINAL_87-18-0-152a4" compType="WIRE-END-TERM:C2MM01-A:51"/>
		</DeviceItem>
		<DeviceItem xsi:type="Pin" id="PIN_87-18-0-152ab" signalId="SIGNAL_18-36-0-252db8" name="52">
			<AppRef name="E3.Series" version="2.13.7.0" guid="521748ff-2c1c-4e28-8a17-940872572b5b"/>
			<PinItem xsi:type="ConnectorPinTerminal" id="CONNECTORPINTERMINAL_87-18-0-152ab" compType="WIRE-END-TERM:C2MM01-A:52"/>
		</DeviceItem>
		<DeviceItem xsi:type="Pin" id="PIN_87-18-0-15288" signalId="SIGNAL_EMPTY" name="53">
			<AppRef name="E3.Series" version="2.13.7.0" guid="a3330098-558f-42a0-a28c-6b63574e78d9"/>
		</DeviceItem>
		<DeviceItem xsi:type="Pin" id="PIN_87-18-0-1528f" signalId="SIGNAL_EMPTY" name="54">
			<AppRef name="E3.Series" version="2.13.7.0" guid="7ad374ce-609e-47c4-9e49-fbadb6df53a6"/>
		</DeviceItem>
	</HarnessItem>
	<HarnessItem xsi:type="Device" id="DEV_e8-14-0-3655" name="C2DC09" compType="HU5T-14489-AJA" symbolName="F-Formboard_Conn_Symb" symbolCharacteristic="" rotation="90.000000" branchNodeId="BN_16496-216">
		<AppRef name="E3.Series" version="2.13.7.0" guid="e3c60d82-7959-4c1e-8248-5ec3e50ae49c"/>
		<Property id="PROPERTY_355" name="HRN_FAMILY" value="14401"/>
		<Property id="PROPERTY_356" name="HRN_Level_Ref" value="YA/YB/YC/YD/YU/YV"/>
		<Property id="PROPERTY_357" name="CONN_TERM_SEAL_REQ" value="No"/>
		<Property id="PROPERTY_358" name="DESCRIPTION_COMPONENT" value="CONNECTOR 2.8MM UNSEALED"/>
		<Property id="PROPERTY_359" name="SUB_PROJECT" value="HRN-14401"/>
		<Property id="PROPERTY_360" name="DEVICE_NAME" value="C2DC09::"/>
		<Property id="PROPERTY_361" name="COMP_TYPE" value="CONN-DEVICE"/>
		<Property id="PROPERTY_362" name="DESCRIPTION_DEVICE" value="TO PWR PT (MEDIA BIN)"/>
		<Option id="OPTION_e8-14-0-3655_1" value="B5WAA &amp; HUKAM"/>
		<DeviceItem xsi:type="Pin" id="PIN_e8-18-0-36bf" signalId="SIGNAL_2-36-0-3221" name="A">
			<AppRef name="E3.Series" version="2.13.7.0" guid="026012c1-b361-40d8-ba92-ad43c2961a92"/>
			<PinItem xsi:type="ConnectorPinTerminal" id="CONNECTORPINTERMINAL_e8-18-0-36bf" compType="WIRE-END-TERM:C2DC09:A"/>
		</DeviceItem>
		<DeviceItem xsi:type="Pin" id="PIN_e8-18-0-36b8" signalId="SIGNAL_EMPTY" name="B">
			<AppRef name="E3.Series" version="2.13.7.0" guid="40bbd0a3-9f04-442c-a400-2ea3ac2778d8"/>
		</DeviceItem>
		<DeviceItem xsi:type="Pin" id="PIN_e8-18-0-36c7" signalId="SIGNAL_2-36-0-3a83" name="C">
			<AppRef name="E3.Series" version="2.13.7.0" guid="d732dbbb-8207-47c5-80be-a086b391e9cd"/>
			<PinItem xsi:type="ConnectorPinTerminal" id="CONNECTORPINTERMINAL_e8-18-0-36c7" compType="WIRE-END-TERM:C2DC09:C"/>
		</DeviceItem>
	</HarnessItem>
	<HarnessItem xsi:type="Device" id="DEV_33-14-0-2aa8a7" name="C2MC04-A" compType="1W8T-14489-AB" symbolName="F-Formboard_Conn_Symb" symbolCharacteristic="" rotation="90.000000" branchNodeId="BN_16144-216">
		<AppRef name="E3.Series" version="2.13.7.0" guid="a59c4138-b6d3-4917-b8c7-a7c0bf650a2a"/>
		<Property id="PROPERTY_363" name="HRN_FAMILY" value="14401"/>
		<Property id="PROPERTY_364" name="HRN_Level_Ref" value="(CNSL-HI)/(A-STR)/AH/AJ/AK/AL/AM/AN/AP/AR/BH/BJ/CB/CC/CD/CE/VA/XJ/XL/XM/XS/YC/YD/YG/YH/YK/YL/YN/YP/YR"/>
		<Property id="PROPERTY_365" name="HRN_Level_Ref" value="YU/YV/ZD/ZE/ZG/ZH"/>
		<Property id="PROPERTY_366" name="CONN_TERM_SEAL_REQ" value="No"/>
		<Property id="PROPERTY_367" name="DESCRIPTION_COMPONENT" value="CONNECTOR-CAT. 0 (.64MM BLADE)"/>
		<Property id="PROPERTY_368" name="SUB_PROJECT" value="HRN-14401"/>
		<Property id="PROPERTY_369" name="DEVICE_NAME" value="C2MC04-A::"/>
		<Property id="PROPERTY_370" name="COMP_TYPE" value="CONN-DEVICE"/>
		<Property id="PROPERTY_371" name="DESCRIPTION_DEVICE" value="TO INTGRTD CTRL PNL"/>
		<Option id="OPTION_33-14-0-2aa8a7_1" value="HJGAX"/>
		<DeviceItem xsi:type="Pin" id="PIN_33-18-0-2aa9c6" signalId="SIGNAL_2-36-0-3a85" name="1">
			<AppRef name="E3.Series" version="2.13.7.0" guid="76319de5-46f7-432e-b44d-cf91871cfb3b"/>
			<PinItem xsi:type="ConnectorPinTerminal" id="CONNECTORPINTERMINAL_33-18-0-2aa9c6" compType="WIRE-END-TERM:C2MC04-A:1"/>
		</DeviceItem>
		<DeviceItem xsi:type="Pin" id="PIN_33-18-0-2aa9a8" signalId="SIGNAL_2-36-0-413c" name="2">
			<AppRef name="E3.Series" version="2.13.7.0" guid="1266fba9-0c0f-404c-842b-d0d6c1f0be53"/>
			<PinItem xsi:type="ConnectorPinTerminal" id="CONNECTORPINTERMINAL_33-18-0-2aa9a8" compType="WIRE-END-TERM:C2MC04-A:2"/>
		</DeviceItem>
		<DeviceItem xsi:type="Pin" id="PIN_33-18-0-2aa9ae" signalId="SIGNAL_EMPTY" name="3">
			<AppRef name="E3.Series" version="2.13.7.0" guid="75c3b2d3-2d30-4e89-bdb0-d7443d94d394"/>
		</DeviceItem>
		<DeviceItem xsi:type="Pin" id="PIN_33-18-0-2aa9b4" signalId="SIGNAL_EMPTY" name="4">
			<AppRef name="E3.Series" version="2.13.7.0" guid="a522e9e5-debe-4a5e-bbcb-2fbe755d903d"/>
		</DeviceItem>
		<DeviceItem xsi:type="Pin" id="PIN_33-18-0-2aa9c0" signalId="SIGNAL_EMPTY" name="5">
			<AppRef name="E3.Series" version="2.13.7.0" guid="fcfb52b0-0657-4fba-bf57-1d48afff88de"/>
		</DeviceItem>
		<DeviceItem xsi:type="Pin" id="PIN_33-18-0-2aa992" signalId="SIGNAL_EMPTY" name="6">
			<AppRef name="E3.Series" version="2.13.7.0" guid="019b8840-30d4-4cc9-9c94-7c9260470e2c"/>
		</DeviceItem>
		<DeviceItem xsi:type="Pin" id="PIN_33-18-0-2aa9ba" signalId="SIGNAL_EMPTY" name="7">
			<AppRef name="E3.Series" version="2.13.7.0" guid="d730a6a4-800d-4766-8ae3-3434a345096d"/>
		</DeviceItem>
		<DeviceItem xsi:type="Pin" id="PIN_33-18-0-2aa997" signalId="SIGNAL_EMPTY" name="8">
			<AppRef name="E3.Series" version="2.13.7.0" guid="a15ecfcf-0c7f-49cb-bc15-cfb63c0acbff"/>
		</DeviceItem>
		<DeviceItem xsi:type="Pin" id="PIN_33-18-0-2aa99c" signalId="SIGNAL_2-36-0-3ec5" name="9">
			<AppRef name="E3.Series" version="2.13.7.0" guid="a3f21010-b076-46e1-a40f-bbe14fc5e9fa"/>
			<PinItem xsi:type="ConnectorPinTerminal" id="CONNECTORPINTERMINAL_33-18-0-2aa99c" compType="WIRE-END-TERM:C2MC04-A:9"/>
		</DeviceItem>
		<DeviceItem xsi:type="Pin" id="PIN_33-18-0-2aa9a2" signalId="SIGNAL_EMPTY" name="10">
			<AppRef name="E3.Series" version="2.13.7.0" guid="c4f1114e-2609-468d-9eb1-77d7a1e6cdfb"/>
		</DeviceItem>
	</HarnessItem>
	<HarnessItem xsi:type="Device" id="DEV_f-14-0-cddb" name="C2H101-B" compType="9U5T-14489-ZA" symbolName="F-Formboard_Conn_Symb" symbolCharacteristic="" rotation="90.000000" branchNodeId="BN_14728-219_961">
		<AppRef name="E3.Series" version="2.13.7.0" guid="4dfb9c76-f598-4b46-b909-7148b31a3028"/>
		<AdditionalPart id="ADDITIONALPART_df-4-0-5127d0" compType="FU5T-14N003-TA"/>
		<Property id="PROPERTY_372" name="HRN_FAMILY" value="14401"/>
		<Property id="PROPERTY_373" name="HRN_Level_Ref" value="(D-CAM)/(C-SHF)/(KWINV)/VA/ZD/ZH"/>
		<Property id="PROPERTY_374" name="CONN_TERM_SEAL_REQ" value="No"/>
		<Property id="PROPERTY_375" name="DESCRIPTION_COMPONENT" value="CONNECTOR-CAT.HYB(1.0,1.5,2.8,6.3MM BLD)"/>
		<Property id="PROPERTY_376" name="SUB_PROJECT" value="HRN-14401"/>
		<Property id="PROPERTY_377" name="DEVICE_NAME" value="C2H101-B::"/>
		<Property id="PROPERTY_378" name="COMP_TYPE" value="CONN-DEVICE"/>
		<Property id="PROPERTY_379" name="DESCRIPTION_DEVICE" value="CLIMATE CONTROL-CN2"/>
		<Option id="OPTION_f-14-0-cddb_1" value="HJGAJ | HJGAX"/>
		<DeviceItem xsi:type="Pin" id="PIN_f-18-0-f653" signalId="SIGNAL_2-36-0-3e44" name="1">
			<AppRef name="E3.Series" version="2.13.7.0" guid="79f1f520-31f6-4c4f-9896-7ef216840b37"/>
			<PinItem xsi:type="ConnectorPinTerminal" id="CONNECTORPINTERMINAL_f-18-0-f653" compType="WIRE-END-TERM:C2H101-B:1"/>
		</DeviceItem>
		<DeviceItem xsi:type="Pin" id="PIN_f-18-0-f655" signalId="SIGNAL_2-36-0-3e44" name="2">
			<AppRef name="E3.Series" version="2.13.7.0" guid="be59be60-ec09-43fd-a5dc-0424a986aec3"/>
			<PinItem xsi:type="ConnectorPinTerminal" id="CONNECTORPINTERMINAL_f-18-0-f655" compType="WIRE-END-TERM:C2H101-B:2"/>
		</DeviceItem>
		<DeviceItem xsi:type="Pin" id="PIN_f-18-0-f657" signalId="SIGNAL_EMPTY" name="3">
			<AppRef name="E3.Series" version="2.13.7.0" guid="424ffe63-11ad-48f7-aa18-a75d374c4764"/>
		</DeviceItem>
		<DeviceItem xsi:type="Pin" id="PIN_f-18-0-f691" signalId="SIGNAL_2-36-0-40bd" name="4">
			<AppRef name="E3.Series" version="2.13.7.0" guid="647ddeb8-d662-435d-811b-ab5b8d748595"/>
			<PinItem xsi:type="ConnectorPinTerminal" id="CONNECTORPINTERMINAL_f-18-0-f691" compType="WIRE-END-TERM:C2H101-B:4"/>
		</DeviceItem>
		<DeviceItem xsi:type="Pin" id="PIN_f-18-0-f6b6" signalId="SIGNAL_2-36-0-40be" name="5">
			<AppRef name="E3.Series" version="2.13.7.0" guid="80d23916-56f9-43e4-9c20-75e73320f5b9"/>
			<PinItem xsi:type="ConnectorPinTerminal" id="CONNECTORPINTERMINAL_f-18-0-f6b6" compType="WIRE-END-TERM:C2H101-B:5"/>
		</DeviceItem>
		<DeviceItem xsi:type="Pin" id="PIN_f-18-0-f659" signalId="SIGNAL_42-36-0-18a61a5" name="6">
			<AppRef name="E3.Series" version="2.13.7.0" guid="8807a7a9-dae1-4aba-969f-c59d0517457e"/>
			<PinItem xsi:type="ConnectorPinTerminal" id="CONNECTORPINTERMINAL_f-18-0-f659" compType="WIRE-END-TERM:C2H101-B:6"/>
		</DeviceItem>
		<DeviceItem xsi:type="Pin" id="PIN_f-18-0-f697" signalId="SIGNAL_42-36-0-18a6199" name="7">
			<AppRef name="E3.Series" version="2.13.7.0" guid="353c4ce0-d03f-4651-b3fd-def6eb32bd52"/>
			<PinItem xsi:type="ConnectorPinTerminal" id="CONNECTORPINTERMINAL_f-18-0-f697" compType="WIRE-END-TERM:C2H101-B:7"/>
		</DeviceItem>
		<DeviceItem xsi:type="Pin" id="PIN_f-18-0-f6a6" signalId="SIGNAL_42-36-0-18a61d1" name="8">
			<AppRef name="E3.Series" version="2.13.7.0" guid="b95394ad-bd16-44bd-ac7b-1ad9e53e8caf"/>
			<PinItem xsi:type="ConnectorPinTerminal" id="CONNECTORPINTERMINAL_f-18-0-f6a6" compType="WIRE-END-TERM:C2H101-B:8"/>
		</DeviceItem>
		<DeviceItem xsi:type="Pin" id="PIN_f-18-0-f6a3" signalId="SIGNAL_18-36-0-2529b4" name="9">
			<AppRef name="E3.Series" version="2.13.7.0" guid="e1111b3f-57dc-4660-8be9-32ac8cb9f31d"/>
			<PinItem xsi:type="ConnectorPinTerminal" id="CONNECTORPINTERMINAL_f-18-0-f6a3" compType="WIRE-END-TERM:C2H101-B:9"/>
		</DeviceItem>
		<DeviceItem xsi:type="Pin" id="PIN_f-18-0-f6a0" signalId="SIGNAL_2-36-0-40bf" name="10">
			<AppRef name="E3.Series" version="2.13.7.0" guid="93ca7f69-bcb7-4800-8d2e-7dfb3da4ba98"/>
			<PinItem xsi:type="ConnectorPinTerminal" id="CONNECTORPINTERMINAL_f-18-0-f6a0" compType="WIRE-END-TERM:C2H101-B:10"/>
		</DeviceItem>
		<DeviceItem xsi:type="Pin" id="PIN_f-18-0-f69d" signalId="SIGNAL_2-36-0-40c0" name="11">
			<AppRef name="E3.Series" version="2.13.7.0" guid="54c05bd9-95b3-4b8d-9273-d7c0cc883506"/>
			<PinItem xsi:type="ConnectorPinTerminal" id="CONNECTORPINTERMINAL_f-18-0-f69d" compType="WIRE-END-TERM:C2H101-B:11"/>
		</DeviceItem>
		<DeviceItem xsi:type="Pin" id="PIN_f-18-0-f65b" signalId="SIGNAL_EMPTY" name="12">
			<AppRef name="E3.Series" version="2.13.7.0" guid="120a0319-d172-41fc-ac01-b2879ae68c41"/>
		</DeviceItem>
		<DeviceItem xsi:type="Pin" id="PIN_f-18-0-f694" signalId="SIGNAL_2-36-0-3571" name="13">
			<AppRef name="E3.Series" version="2.13.7.0" guid="0a1687f2-ef78-4fb3-a7ca-1c43e2c3598a"/>
			<PinItem xsi:type="ConnectorPinTerminal" id="CONNECTORPINTERMINAL_f-18-0-f694" compType="WIRE-END-TERM:C2H101-B:13"/>
		</DeviceItem>
		<DeviceItem xsi:type="Pin" id="PIN_f-18-0-f69a" signalId="SIGNAL_2-36-0-3572" name="14">
			<AppRef name="E3.Series" version="2.13.7.0" guid="6270c11b-1b36-457d-8547-4d3764176760"/>
			<PinItem xsi:type="ConnectorPinTerminal" id="CONNECTORPINTERMINAL_f-18-0-f69a" compType="WIRE-END-TERM:C2H101-B:14"/>
		</DeviceItem>
		<DeviceItem xsi:type="Pin" id="PIN_f-18-0-f67f" signalId="SIGNAL_2-36-0-3c4a" name="15">
			<AppRef name="E3.Series" version="2.13.7.0" guid="4006a341-f8fe-4955-9f55-bc5213858048"/>
			<PinItem xsi:type="ConnectorPinTerminal" id="CONNECTORPINTERMINAL_f-18-0-f67f" compType="WIRE-END-TERM:C2H101-B:15"/>
		</DeviceItem>
		<DeviceItem xsi:type="Pin" id="PIN_f-18-0-f67c" signalId="SIGNAL_99-36-0-15f902" name="16">
			<AppRef name="E3.Series" version="2.13.7.0" guid="8ff94500-37c0-47bc-8cd3-e5240adf6cab"/>
			<PinItem xsi:type="ConnectorPinTerminal" id="CONNECTORPINTERMINAL_f-18-0-f67c" compType="WIRE-END-TERM:C2H101-B:16"/>
		</DeviceItem>
		<DeviceItem xsi:type="Pin" id="PIN_f-18-0-f682" signalId="SIGNAL_99-36-0-15f9b2" name="17">
			<AppRef name="E3.Series" version="2.13.7.0" guid="e9905f83-497f-4f01-ae3e-410d550faaf6"/>
			<PinItem xsi:type="ConnectorPinTerminal" id="CONNECTORPINTERMINAL_f-18-0-f682" compType="WIRE-END-TERM:C2H101-B:17"/>
		</DeviceItem>
		<DeviceItem xsi:type="Pin" id="PIN_f-18-0-f65d" signalId="SIGNAL_2-36-0-40cd" name="18">
			<AppRef name="E3.Series" version="2.13.7.0" guid="90846e24-4d1c-4ba0-a0cc-fdebdc0f7a90"/>
			<PinItem xsi:type="ConnectorPinTerminal" id="CONNECTORPINTERMINAL_f-18-0-f65d" compType="WIRE-END-TERM:C2H101-B:18"/>
		</DeviceItem>
		<DeviceItem xsi:type="Pin" id="PIN_f-18-0-f6ae" signalId="SIGNAL_2-36-0-40c1" name="19">
			<AppRef name="E3.Series" version="2.13.7.0" guid="5420136e-ece8-4e08-8dc0-3c149d79143b"/>
			<PinItem xsi:type="ConnectorPinTerminal" id="CONNECTORPINTERMINAL_f-18-0-f6ae" compType="WIRE-END-TERM:C2H101-B:19"/>
		</DeviceItem>
		<DeviceItem xsi:type="Pin" id="PIN_f-18-0-f68b" signalId="SIGNAL_EMPTY" name="20">
			<AppRef name="E3.Series" version="2.13.7.0" guid="6abd51fb-4e50-4ac7-b4de-b1c64f90b885"/>
		</DeviceItem>
		<DeviceItem xsi:type="Pin" id="PIN_f-18-0-f688" signalId="SIGNAL_2-36-0-40c4" name="21">
			<AppRef name="E3.Series" version="2.13.7.0" guid="703f4648-2212-4837-91e9-86f68cfe5b64"/>
			<PinItem xsi:type="ConnectorPinTerminal" id="CONNECTORPINTERMINAL_f-18-0-f688" compType="WIRE-END-TERM:C2H101-B:21"/>
		</DeviceItem>
		<DeviceItem xsi:type="Pin" id="PIN_f-18-0-f685" signalId="SIGNAL_2-36-0-40c5" name="22">
			<AppRef name="E3.Series" version="2.13.7.0" guid="5dc0bd06-af60-490a-be02-3cd52fca1a6e"/>
			<PinItem xsi:type="ConnectorPinTerminal" id="CONNECTORPINTERMINAL_f-18-0-f685" compType="WIRE-END-TERM:C2H101-B:22"/>
		</DeviceItem>
		<DeviceItem xsi:type="Pin" id="PIN_f-18-0-f68e" signalId="SIGNAL_EMPTY" name="23">
			<AppRef name="E3.Series" version="2.13.7.0" guid="99113b95-ab37-4139-a2ae-351eb2ff62d0"/>
		</DeviceItem>
		<DeviceItem xsi:type="Pin" id="PIN_f-18-0-f6ba" signalId="SIGNAL_EMPTY" name="24">
			<AppRef name="E3.Series" version="2.13.7.0" guid="769bd86e-c2dc-4912-8b99-5c1bd8bb72a2"/>
		</DeviceItem>
		<DeviceItem xsi:type="Pin" id="PIN_f-18-0-f65f" signalId="SIGNAL_EMPTY" name="25">
			<AppRef name="E3.Series" version="2.13.7.0" guid="c319d6dc-7453-4d58-97cb-6084e1d50083"/>
		</DeviceItem>
		<DeviceItem xsi:type="Pin" id="PIN_f-18-0-f661" signalId="SIGNAL_EMPTY" name="26">
			<AppRef name="E3.Series" version="2.13.7.0" guid="29375885-da92-4c75-9002-df85a5f4e201"/>
		</DeviceItem>
		<DeviceItem xsi:type="Pin" id="PIN_f-18-0-f6b2" signalId="SIGNAL_18-36-0-2529a8" name="27">
			<AppRef name="E3.Series" version="2.13.7.0" guid="85c9fcac-7ad2-4fc5-8916-7c70b8a6088e"/>
			<PinItem xsi:type="ConnectorPinTerminal" id="CONNECTORPINTERMINAL_f-18-0-f6b2" compType="WIRE-END-TERM:C2H101-B:27"/>
		</DeviceItem>
		<DeviceItem xsi:type="Pin" id="PIN_f-18-0-f663" signalId="SIGNAL_EMPTY" name="28">
			<AppRef name="E3.Series" version="2.13.7.0" guid="8af58e8f-c5ae-4093-9554-dca5fbbfde81"/>
		</DeviceItem>
		<DeviceItem xsi:type="Pin" id="PIN_f-18-0-f6aa" signalId="SIGNAL_2-36-0-40c2" name="29">
			<AppRef name="E3.Series" version="2.13.7.0" guid="f599c56c-3224-43bc-a400-96ee5e64cb0f"/>
			<PinItem xsi:type="ConnectorPinTerminal" id="CONNECTORPINTERMINAL_f-18-0-f6aa" compType="WIRE-END-TERM:C2H101-B:29"/>
		</DeviceItem>
		<DeviceItem xsi:type="Pin" id="PIN_f-18-0-f679" signalId="SIGNAL_2-36-0-3c46" name="30">
			<AppRef name="E3.Series" version="2.13.7.0" guid="5199a60b-5a46-44ba-8b81-a31fcc9aa82b"/>
			<PinItem xsi:type="ConnectorPinTerminal" id="CONNECTORPINTERMINAL_f-18-0-f679" compType="WIRE-END-TERM:C2H101-B:30"/>
		</DeviceItem>
	</HarnessItem>
	<HarnessItem xsi:type="Device" id="DEV_f-14-0-cdcb" name="C2H101-A" compType="9U5T-14489-PA" symbolName="F-Formboard_Conn_Symb" symbolCharacteristic="" rotation="90.000000" branchNodeId="BN_13944-224">
		<AppRef name="E3.Series" version="2.13.7.0" guid="76464bf4-5d15-421d-b3e9-d13de3fb7901"/>
		<AdditionalPart id="ADDITIONALPART_1a-4-0-61148" compType="HU5T-14E047-MA"/>
		<Property id="PROPERTY_380" name="ADDITIONAL_PART_MANDATORY" value="9U5T-14488-CA"/>
		<Property id="PROPERTY_381" name="HRN_Level_Ref" value="(D-CAM)/(C-SHF)/(KWINV)/VA/ZD/ZH"/>
		<Property id="PROPERTY_382" name="CONN_TERM_SEAL_REQ" value="No"/>
		<Property id="PROPERTY_383" name="DESCRIPTION_COMPONENT" value="CONNECTOR-CAT. 0 (.64MM BLADE)"/>
		<Property id="PROPERTY_384" name="SUB_PROJECT" value="HRN-14401"/>
		<Property id="PROPERTY_385" name="DEVICE_NAME" value="C2H101-A::"/>
		<Property id="PROPERTY_386" name="HRN_FAMILY" value="14401"/>
		<Property id="PROPERTY_387" name="COMP_TYPE" value="CONN-DEVICE"/>
		<Property id="PROPERTY_388" name="DESCRIPTION_DEVICE" value="CLIMATE CONTROL-CN1"/>
		<Option id="OPTION_f-14-0-cdcb_1" value="HJGAJ | HJGAX"/>
		<DeviceItem xsi:type="Pin" id="PIN_f-18-0-f5c9" signalId="SIGNAL_2-36-0-3a85" name="1">
			<AppRef name="E3.Series" version="2.13.7.0" guid="71856948-494f-4482-828c-78907b98cf01"/>
			<PinItem xsi:type="ConnectorPinTerminal" id="CONNECTORPINTERMINAL_f-18-0-f5c9" compType="WIRE-END-TERM:C2H101-A:1"/>
		</DeviceItem>
		<DeviceItem xsi:type="Pin" id="PIN_f-18-0-f5e4" signalId="SIGNAL_2-36-0-3c37" name="2">
			<AppRef name="E3.Series" version="2.13.7.0" guid="bb89d2ba-e54c-4770-a0d8-9e98e0b443f7"/>
			<PinItem xsi:type="ConnectorPinTerminal" id="CONNECTORPINTERMINAL_f-18-0-f5e4" compType="WIRE-END-TERM:C2H101-A:2"/>
		</DeviceItem>
		<DeviceItem xsi:type="Pin" id="PIN_f-18-0-f5d5" signalId="SIGNAL_2-36-0-3b44" name="3">
			<AppRef name="E3.Series" version="2.13.7.0" guid="06906d0f-096d-42c7-b3f7-4370dc189220"/>
			<PinItem xsi:type="ConnectorPinTerminal" id="CONNECTORPINTERMINAL_f-18-0-f5d5" compType="WIRE-END-TERM:C2H101-A:3"/>
		</DeviceItem>
		<DeviceItem xsi:type="Pin" id="PIN_f-18-0-f592" signalId="SIGNAL_EMPTY" name="4">
			<AppRef name="E3.Series" version="2.13.7.0" guid="bee2aff4-fddf-48e8-8356-3c2ea050014d"/>
		</DeviceItem>
		<DeviceItem xsi:type="Pin" id="PIN_f-18-0-f594" signalId="SIGNAL_2-36-0-3703" name="5">
			<AppRef name="E3.Series" version="2.13.7.0" guid="7ee9e581-8b23-48a5-aee0-d40f8a93b047"/>
			<PinItem xsi:type="ConnectorPinTerminal" id="CONNECTORPINTERMINAL_f-18-0-f594" compType="WIRE-END-TERM:C2H101-A:5"/>
		</DeviceItem>
		<DeviceItem xsi:type="Pin" id="PIN_f-18-0-f596" signalId="SIGNAL_2-36-0-3336" name="6">
			<AppRef name="E3.Series" version="2.13.7.0" guid="7183328f-bfbd-4ffd-918f-faa0418868aa"/>
			<PinItem xsi:type="ConnectorPinTerminal" id="CONNECTORPINTERMINAL_f-18-0-f596" compType="WIRE-END-TERM:C2H101-A:6"/>
		</DeviceItem>
		<DeviceItem xsi:type="Pin" id="PIN_f-18-0-f598" signalId="SIGNAL_18-36-0-25311d" name="7">
			<AppRef name="E3.Series" version="2.13.7.0" guid="bf10523a-d8c5-43da-8c99-93eec6c0112c"/>
			<PinItem xsi:type="ConnectorPinTerminal" id="CONNECTORPINTERMINAL_f-18-0-f598" compType="WIRE-END-TERM:C2H101-A:7"/>
		</DeviceItem>
		<DeviceItem xsi:type="Pin" id="PIN_f-18-0-f5f0" signalId="SIGNAL_2-36-0-3589" name="8">
			<AppRef name="E3.Series" version="2.13.7.0" guid="3e7a4abe-ca2c-423c-9d1e-b713ce23a630"/>
			<PinItem xsi:type="ConnectorPinTerminal" id="CONNECTORPINTERMINAL_f-18-0-f5f0" compType="WIRE-END-TERM:C2H101-A:8"/>
		</DeviceItem>
		<DeviceItem xsi:type="Pin" id="PIN_f-18-0-f5f4" signalId="SIGNAL_2-36-0-3588" name="9">
			<AppRef name="E3.Series" version="2.13.7.0" guid="2e279432-c684-4063-911d-dafb87aed154"/>
			<PinItem xsi:type="ConnectorPinTerminal" id="CONNECTORPINTERMINAL_f-18-0-f5f4" compType="WIRE-END-TERM:C2H101-A:9"/>
		</DeviceItem>
		<DeviceItem xsi:type="Pin" id="PIN_f-18-0-f59a" signalId="SIGNAL_2-36-0-40cc" name="10">
			<AppRef name="E3.Series" version="2.13.7.0" guid="f25fe20c-8928-4ded-90c4-2e1c3af1aa6c"/>
			<PinItem xsi:type="ConnectorPinTerminal" id="CONNECTORPINTERMINAL_f-18-0-f59a" compType="WIRE-END-TERM:C2H101-A:10"/>
		</DeviceItem>
		<DeviceItem xsi:type="Pin" id="PIN_f-18-0-f5c6" signalId="SIGNAL_2-36-0-3565" name="11">
			<AppRef name="E3.Series" version="2.13.7.0" guid="ab7af06c-b9df-453c-a26d-9b8bd1c8358c"/>
			<PinItem xsi:type="ConnectorPinTerminal" id="CONNECTORPINTERMINAL_f-18-0-f5c6" compType="WIRE-END-TERM:C2H101-A:11"/>
		</DeviceItem>
		<DeviceItem xsi:type="Pin" id="PIN_f-18-0-f59c" signalId="SIGNAL_EMPTY" name="12">
			<AppRef name="E3.Series" version="2.13.7.0" guid="6bb2db74-bf9b-4a60-8447-b4111d05828b"/>
		</DeviceItem>
		<DeviceItem xsi:type="Pin" id="PIN_f-18-0-f59e" signalId="SIGNAL_2-36-0-34c9" name="13">
			<AppRef name="E3.Series" version="2.13.7.0" guid="9242080f-02ca-4aa9-af6b-b15e5036c6e9"/>
			<PinItem xsi:type="ConnectorPinTerminal" id="CONNECTORPINTERMINAL_f-18-0-f59e" compType="WIRE-END-TERM:C2H101-A:13"/>
		</DeviceItem>
		<DeviceItem xsi:type="Pin" id="PIN_f-18-0-f5a0" signalId="SIGNAL_d-36-0-e2d43" name="14">
			<AppRef name="E3.Series" version="2.13.7.0" guid="98f719e4-8786-4c02-b875-a94452b515c9"/>
			<PinItem xsi:type="ConnectorPinTerminal" id="CONNECTORPINTERMINAL_f-18-0-f5a0" compType="WIRE-END-TERM:C2H101-A:14"/>
		</DeviceItem>
		<DeviceItem xsi:type="Pin" id="PIN_f-18-0-f5c0" signalId="SIGNAL_18-36-0-25311d" name="15">
			<AppRef name="E3.Series" version="2.13.7.0" guid="49accf7b-a299-4fa9-a8b6-bc19fb7aa1ee"/>
			<PinItem xsi:type="ConnectorPinTerminal" id="CONNECTORPINTERMINAL_f-18-0-f5c0" compType="WIRE-END-TERM:C2H101-A:15"/>
		</DeviceItem>
		<DeviceItem xsi:type="Pin" id="PIN_f-18-0-f5a2" signalId="SIGNAL_2-36-0-40ca" name="16">
			<AppRef name="E3.Series" version="2.13.7.0" guid="d1531a94-793c-4283-9d94-db148b48578b"/>
			<PinItem xsi:type="ConnectorPinTerminal" id="CONNECTORPINTERMINAL_f-18-0-f5a2" compType="WIRE-END-TERM:C2H101-A:16"/>
		</DeviceItem>
		<DeviceItem xsi:type="Pin" id="PIN_f-18-0-f5cc" signalId="SIGNAL_2-36-0-3fc2" name="17">
			<AppRef name="E3.Series" version="2.13.7.0" guid="d76b1c3f-a1ad-41bd-ba1d-bf3dc77217c0"/>
			<PinItem xsi:type="ConnectorPinTerminal" id="CONNECTORPINTERMINAL_f-18-0-f5cc" compType="WIRE-END-TERM:C2H101-A:17"/>
		</DeviceItem>
		<DeviceItem xsi:type="Pin" id="PIN_f-18-0-f5dc" signalId="SIGNAL_2-36-0-3fc3" name="18">
			<AppRef name="E3.Series" version="2.13.7.0" guid="0c5bf11a-0820-4f01-be6f-497893586a7f"/>
			<PinItem xsi:type="ConnectorPinTerminal" id="CONNECTORPINTERMINAL_f-18-0-f5dc" compType="WIRE-END-TERM:C2H101-A:18"/>
		</DeviceItem>
		<DeviceItem xsi:type="Pin" id="PIN_f-18-0-f5d2" signalId="SIGNAL_2-36-0-40ba" name="19">
			<AppRef name="E3.Series" version="2.13.7.0" guid="4643a050-1c09-437d-ae27-52d70aea364a"/>
			<PinItem xsi:type="ConnectorPinTerminal" id="CONNECTORPINTERMINAL_f-18-0-f5d2" compType="WIRE-END-TERM:C2H101-A:19"/>
		</DeviceItem>
		<DeviceItem xsi:type="Pin" id="PIN_f-18-0-f5cf" signalId="SIGNAL_2-36-0-3567" name="20">
			<AppRef name="E3.Series" version="2.13.7.0" guid="b844eb20-0b61-494c-a527-0614671de7b4"/>
			<PinItem xsi:type="ConnectorPinTerminal" id="CONNECTORPINTERMINAL_f-18-0-f5cf" compType="WIRE-END-TERM:C2H101-A:20"/>
		</DeviceItem>
		<DeviceItem xsi:type="Pin" id="PIN_f-18-0-f5d8" signalId="SIGNAL_2-36-0-3568" name="21">
			<AppRef name="E3.Series" version="2.13.7.0" guid="50896d55-18ba-47ad-bdb6-b619918c23db"/>
			<PinItem xsi:type="ConnectorPinTerminal" id="CONNECTORPINTERMINAL_f-18-0-f5d8" compType="WIRE-END-TERM:C2H101-A:21"/>
		</DeviceItem>
		<DeviceItem xsi:type="Pin" id="PIN_f-18-0-f5f8" signalId="SIGNAL_2-36-0-40c8" name="22">
			<AppRef name="E3.Series" version="2.13.7.0" guid="915e507d-0449-47c8-b732-9187fbb96c72"/>
			<PinItem xsi:type="ConnectorPinTerminal" id="CONNECTORPINTERMINAL_f-18-0-f5f8" compType="WIRE-END-TERM:C2H101-A:22"/>
		</DeviceItem>
		<DeviceItem xsi:type="Pin" id="PIN_f-18-0-f5e0" signalId="SIGNAL_2-36-0-40b3" name="23">
			<AppRef name="E3.Series" version="2.13.7.0" guid="8cbefcd5-9ca1-4f47-918a-575f92b10f2c"/>
			<PinItem xsi:type="ConnectorPinTerminal" id="CONNECTORPINTERMINAL_f-18-0-f5e0" compType="WIRE-END-TERM:C2H101-A:23"/>
		</DeviceItem>
		<DeviceItem xsi:type="Pin" id="PIN_f-18-0-f5e8" signalId="SIGNAL_2-36-0-356d" name="24">
			<AppRef name="E3.Series" version="2.13.7.0" guid="c2d50129-4f82-484c-87e8-c2358b9f46cf"/>
			<PinItem xsi:type="ConnectorPinTerminal" id="CONNECTORPINTERMINAL_f-18-0-f5e8" compType="WIRE-END-TERM:C2H101-A:24"/>
		</DeviceItem>
		<DeviceItem xsi:type="Pin" id="PIN_f-18-0-f5ec" signalId="SIGNAL_2-36-0-356c" name="25">
			<AppRef name="E3.Series" version="2.13.7.0" guid="b57c08b6-db79-440e-ac70-7d397187e573"/>
			<PinItem xsi:type="ConnectorPinTerminal" id="CONNECTORPINTERMINAL_f-18-0-f5ec" compType="WIRE-END-TERM:C2H101-A:25"/>
		</DeviceItem>
		<DeviceItem xsi:type="Pin" id="PIN_f-18-0-f5c3" signalId="SIGNAL_2-36-0-3ed6" name="26">
			<AppRef name="E3.Series" version="2.13.7.0" guid="d684831e-58e2-49b1-87cf-ad27070b2bff"/>
			<PinItem xsi:type="ConnectorPinTerminal" id="CONNECTORPINTERMINAL_f-18-0-f5c3" compType="WIRE-END-TERM:C2H101-A:26"/>
		</DeviceItem>
	</HarnessItem>
	<HarnessItem xsi:type="Device" id="DEV_33-14-0-2ba7a0" name="C2MC01-B" compType="MU5T-14489-AEA" symbolName="F-Formboard_Conn_Symb" symbolCharacteristic="" rotation="89.737740" branchNodeId="BN_7807_9-226_058">
		<AppRef name="E3.Series" version="2.13.7.0" guid="ec451969-0489-4274-afa9-329e845f63df"/>
		<AdditionalPart id="ADDITIONALPART_33-4-0-2ba7a2" compType="MU5T-14A468-AA"/>
		<Property id="PROPERTY_389" name="EXCLUDE_FROM_BOM" value="1"/>
		<Property id="PROPERTY_390" name="HRN_FAMILY" value="14401"/>
		<Property id="PROPERTY_391" name="HRN_Level_Ref" value="(PEPS-12)/(CNSL-MID)/(TACH-L0)"/>
		<Property id="PROPERTY_392" name="CONN_TERM_SEAL_REQ" value="No"/>
		<Property id="PROPERTY_393" name="DESCRIPTION_COMPONENT" value="SLV WIR CONN FEM ETHERNET"/>
		<Property id="PROPERTY_394" name="SUB_PROJECT" value="HRN-14401"/>
		<Property id="PROPERTY_395" name="DEVICE_NAME" value="C2MC01-B::"/>
		<Property id="PROPERTY_396" name="COMP_TYPE" value="CONN-DEVICE"/>
		<Property id="PROPERTY_397" name="DESCRIPTION_DEVICE" value="TO CLUSTER (ETHERNET)"/>
		<Option id="OPTION_33-14-0-2ba7a0_1" value="HKRAC | HKRAD"/>
		<DeviceItem xsi:type="Pin" id="PIN_33-18-0-2ba7ae" signalId="SIGNAL_18-36-0-251c4d" name="1">
			<AppRef name="E3.Series" version="2.13.7.0" guid="f9c9ad15-a0eb-4591-b215-a9958c70567a"/>
			<PinItem xsi:type="ConnectorPinTerminal" id="CONNECTORPINTERMINAL_33-18-0-2ba7ae" compType="WIRE-END-TERM:C2MC01-B:1"/>
		</DeviceItem>
		<DeviceItem xsi:type="Pin" id="PIN_33-18-0-2ba7b5" signalId="SIGNAL_18-36-0-251c5a" name="2">
			<AppRef name="E3.Series" version="2.13.7.0" guid="d017a9f7-ac11-4a75-977a-203b38316db5"/>
			<PinItem xsi:type="ConnectorPinTerminal" id="CONNECTORPINTERMINAL_33-18-0-2ba7b5" compType="WIRE-END-TERM:C2MC01-B:2"/>
		</DeviceItem>
	</HarnessItem>
	<HarnessItem xsi:type="Device" id="DEV_c4-14-0-10c0" name="C2MC01-A" compType="CU5T-14489-HA" symbolName="F-Formboard_Conn_Symb" symbolCharacteristic="" rotation="90.000000" branchNodeId="BN_7584-244">
		<AppRef name="E3.Series" version="2.13.7.0" guid="db145677-864e-4e8e-99a5-68d6dd50e1c1"/>
		<AdditionalPart id="ADDITIONALPART_9b-4-0-2271e6" compType="FU5T-14N003-SA"/>
		<Property id="PROPERTY_398" name="HRN_FAMILY" value="14401"/>
		<Property id="PROPERTY_399" name="HRN_Level_Ref" value="(ALL)"/>
		<Property id="PROPERTY_400" name="CONN_TERM_SEAL_REQ" value="No"/>
		<Property id="PROPERTY_401" name="DESCRIPTION_COMPONENT" value="CONNECTOR-CAT. 0 (.64MM BLADE)"/>
		<Property id="PROPERTY_402" name="SUB_PROJECT" value="HRN-14401"/>
		<Property id="PROPERTY_403" name="DEVICE_NAME" value="C2MC01-A::"/>
		<Property id="PROPERTY_404" name="COMP_TYPE" value="CONN-DEVICE"/>
		<Property id="PROPERTY_405" name="DESCRIPTION_DEVICE" value="TO CLUSTER"/>
		<DeviceItem xsi:type="Pin" id="PIN_c4-18-0-122c" signalId="SIGNAL_EMPTY" name="1">
			<AppRef name="E3.Series" version="2.13.7.0" guid="12e3f37f-4aaf-4857-a7db-684831a1be0a"/>
		</DeviceItem>
		<DeviceItem xsi:type="Pin" id="PIN_c4-18-0-124b" signalId="SIGNAL_2-36-0-3c79" name="2">
			<AppRef name="E3.Series" version="2.13.7.0" guid="3293712a-c3cf-48b8-b2a9-c6b004aab0ec"/>
			<PinItem xsi:type="ConnectorPinTerminal" id="CONNECTORPINTERMINAL_c4-18-0-124b" compType="WIRE-END-TERM:C2MC01-A:2"/>
		</DeviceItem>
		<DeviceItem xsi:type="Pin" id="PIN_c4-18-0-1267" signalId="SIGNAL_2-36-0-3a85" name="3">
			<AppRef name="E3.Series" version="2.13.7.0" guid="3cda231c-d6af-4373-bf00-1fdc01fbd10e"/>
			<PinItem xsi:type="ConnectorPinTerminal" id="CONNECTORPINTERMINAL_c4-18-0-1267" compType="WIRE-END-TERM:C2MC01-A:3"/>
		</DeviceItem>
		<DeviceItem xsi:type="Pin" id="PIN_c4-18-0-1283" signalId="SIGNAL_EMPTY" name="4">
			<AppRef name="E3.Series" version="2.13.7.0" guid="d207932e-9a63-4a68-aa31-11fcee231f52"/>
		</DeviceItem>
		<DeviceItem xsi:type="Pin" id="PIN_c4-18-0-1222" signalId="SIGNAL_EMPTY" name="5">
			<AppRef name="E3.Series" version="2.13.7.0" guid="80637f72-da09-4232-a011-077d804ea1f2"/>
		</DeviceItem>
		<DeviceItem xsi:type="Pin" id="PIN_c4-18-0-1275" signalId="SIGNAL_2-36-0-3336" name="6">
			<AppRef name="E3.Series" version="2.13.7.0" guid="40502442-1068-4aa5-8e27-2607657e75a0"/>
			<PinItem xsi:type="ConnectorPinTerminal" id="CONNECTORPINTERMINAL_c4-18-0-1275" compType="WIRE-END-TERM:C2MC01-A:6"/>
		</DeviceItem>
		<DeviceItem xsi:type="Pin" id="PIN_c4-18-0-126e" signalId="SIGNAL_2-36-0-3554" name="7">
			<AppRef name="E3.Series" version="2.13.7.0" guid="9bf76173-7037-4b9d-a60d-80d965cb560c"/>
			<PinItem xsi:type="ConnectorPinTerminal" id="CONNECTORPINTERMINAL_c4-18-0-126e" compType="WIRE-END-TERM:C2MC01-A:7"/>
		</DeviceItem>
		<DeviceItem xsi:type="Pin" id="PIN_c4-18-0-1252" signalId="SIGNAL_2-36-0-3ec3" name="8">
			<AppRef name="E3.Series" version="2.13.7.0" guid="c019f90c-18dd-43b7-910c-8d3e22df7378"/>
			<PinItem xsi:type="ConnectorPinTerminal" id="CONNECTORPINTERMINAL_c4-18-0-1252" compType="WIRE-END-TERM:C2MC01-A:8"/>
		</DeviceItem>
		<DeviceItem xsi:type="Pin" id="PIN_c4-18-0-1232" signalId="SIGNAL_EMPTY" name="9">
			<AppRef name="E3.Series" version="2.13.7.0" guid="81631aa8-0323-4398-8dc2-77e165fea354"/>
		</DeviceItem>
		<DeviceItem xsi:type="Pin" id="PIN_c4-18-0-127c" signalId="SIGNAL_2-36-0-4128" name="10">
			<AppRef name="E3.Series" version="2.13.7.0" guid="332c2907-41bd-47c0-aa0d-da1f569d1895"/>
			<PinItem xsi:type="ConnectorPinTerminal" id="CONNECTORPINTERMINAL_c4-18-0-127c" compType="WIRE-END-TERM:C2MC01-A:10"/>
		</DeviceItem>
		<DeviceItem xsi:type="Pin" id="PIN_c4-18-0-1227" signalId="SIGNAL_2-36-0-36e5" name="11">
			<AppRef name="E3.Series" version="2.13.7.0" guid="83e3d931-e3c1-42ba-a407-6dac2e05860e"/>
			<PinItem xsi:type="ConnectorPinTerminal" id="CONNECTORPINTERMINAL_c4-18-0-1227" compType="WIRE-END-TERM:C2MC01-A:11"/>
		</DeviceItem>
		<DeviceItem xsi:type="Pin" id="PIN_c4-18-0-1259" signalId="SIGNAL_2-36-0-41d7" name="12">
			<AppRef name="E3.Series" version="2.13.7.0" guid="93ee22cb-cb6f-4dfa-936f-bab72de3147e"/>
			<PinItem xsi:type="ConnectorPinTerminal" id="CONNECTORPINTERMINAL_c4-18-0-1259" compType="WIRE-END-TERM:C2MC01-A:12"/>
		</DeviceItem>
		<DeviceItem xsi:type="Pin" id="PIN_c4-18-0-1260" signalId="SIGNAL_2-36-0-3fd8" name="13">
			<AppRef name="E3.Series" version="2.13.7.0" guid="37986ca9-52ca-4c8f-93d5-61479af18626"/>
			<PinItem xsi:type="ConnectorPinTerminal" id="CONNECTORPINTERMINAL_c4-18-0-1260" compType="WIRE-END-TERM:C2MC01-A:13"/>
		</DeviceItem>
		<DeviceItem xsi:type="Pin" id="PIN_c4-18-0-1238" signalId="SIGNAL_EMPTY" name="14">
			<AppRef name="E3.Series" version="2.13.7.0" guid="1643ba1e-410b-4959-b0fe-f3ee11212c32"/>
		</DeviceItem>
		<DeviceItem xsi:type="Pin" id="PIN_c4-18-0-123e" signalId="SIGNAL_EMPTY" name="15">
			<AppRef name="E3.Series" version="2.13.7.0" guid="200ae47b-7416-469c-b95f-c00669ac3781"/>
		</DeviceItem>
		<DeviceItem xsi:type="Pin" id="PIN_c4-18-0-1244" signalId="SIGNAL_EMPTY" name="16">
			<AppRef name="E3.Series" version="2.13.7.0" guid="a9db2e55-c0bb-4c6a-9a4b-2e3393cecbe3"/>
		</DeviceItem>
	</HarnessItem>
	<HarnessItem xsi:type="Device" id="DEV_95-14-0-e2494" name="C2AT30" compType="9U5T-14489-XB" symbolName="F-Formboard_Conn_Symb" symbolCharacteristic="" rotation="90.000000" branchNodeId="BN_12528-176">
		<AppRef name="E3.Series" version="2.13.7.0" guid="3cb377b9-cf0f-4bf1-9b31-165e520cad2b"/>
		<Property id="PROPERTY_406" name="HRN_FAMILY" value="14401"/>
		<Property id="PROPERTY_407" name="HRN_Level_Ref" value="(D-CAM)/(8SPKR)/(F-SHF)/(BEV)"/>
		<Property id="PROPERTY_408" name="CONN_TERM_SEAL_REQ" value="No"/>
		<Property id="PROPERTY_409" name="DESCRIPTION_COMPONENT" value="CONNECTOR-CAT. 0 (.64MM BLADE)"/>
		<Property id="PROPERTY_410" name="SUB_PROJECT" value="HRN-14401"/>
		<Property id="PROPERTY_411" name="DEVICE_NAME" value="C2AT30::"/>
		<Property id="PROPERTY_412" name="COMP_TYPE" value="CONN-DEVICE"/>
		<Property id="PROPERTY_413" name="DESCRIPTION_DEVICE" value="TO TBA SWITCH"/>
		<Option id="OPTION_95-14-0-e2494_1" value="DAXAC"/>
		<DeviceItem xsi:type="Pin" id="PIN_95-18-0-e3edc" signalId="SIGNAL_2-36-0-3afb" name="1">
			<AppRef name="E3.Series" version="2.13.7.0" guid="774e061f-7305-4020-8178-f30cd4278bd2"/>
			<PinItem xsi:type="ConnectorPinTerminal" id="CONNECTORPINTERMINAL_95-18-0-e3edc" compType="WIRE-END-TERM:C2AT30:1"/>
		</DeviceItem>
		<DeviceItem xsi:type="Pin" id="PIN_95-18-0-e3ee3" signalId="SIGNAL_2-36-0-3f80" name="2">
			<AppRef name="E3.Series" version="2.13.7.0" guid="f778ffeb-ba04-48f1-abd1-2d77bc6b4492"/>
			<PinItem xsi:type="ConnectorPinTerminal" id="CONNECTORPINTERMINAL_95-18-0-e3ee3" compType="WIRE-END-TERM:C2AT30:2"/>
		</DeviceItem>
		<DeviceItem xsi:type="Pin" id="PIN_95-18-0-e3eea" signalId="SIGNAL_2-36-0-3b7e" name="3">
			<AppRef name="E3.Series" version="2.13.7.0" guid="b9ce049b-4c58-4dda-8dec-dab3bb479128"/>
			<PinItem xsi:type="ConnectorPinTerminal" id="CONNECTORPINTERMINAL_95-18-0-e3eea" compType="WIRE-END-TERM:C2AT30:3"/>
		</DeviceItem>
		<DeviceItem xsi:type="Pin" id="PIN_95-18-0-e3ef8" signalId="SIGNAL_2-36-0-4111" name="4">
			<AppRef name="E3.Series" version="2.13.7.0" guid="770bf53d-3a4d-4ca7-998e-605980704561"/>
			<PinItem xsi:type="ConnectorPinTerminal" id="CONNECTORPINTERMINAL_95-18-0-e3ef8" compType="WIRE-END-TERM:C2AT30:4"/>
		</DeviceItem>
		<DeviceItem xsi:type="Pin" id="PIN_95-18-0-e3f06" signalId="SIGNAL_99-36-0-15f16c" name="5">
			<AppRef name="E3.Series" version="2.13.7.0" guid="caf05c0c-1f68-4f8b-93b2-640acaba4cdf"/>
			<PinItem xsi:type="ConnectorPinTerminal" id="CONNECTORPINTERMINAL_95-18-0-e3f06" compType="WIRE-END-TERM:C2AT30:5"/>
		</DeviceItem>
		<DeviceItem xsi:type="Pin" id="PIN_95-18-0-e3eff" signalId="SIGNAL_2-36-0-3a85" name="6">
			<AppRef name="E3.Series" version="2.13.7.0" guid="1719a16e-84a4-4ac4-9141-fc39dbae472c"/>
			<PinItem xsi:type="ConnectorPinTerminal" id="CONNECTORPINTERMINAL_95-18-0-e3eff" compType="WIRE-END-TERM:C2AT30:6"/>
		</DeviceItem>
		<DeviceItem xsi:type="Pin" id="PIN_95-18-0-e3ef1" signalId="SIGNAL_99-36-0-15f160" name="7">
			<AppRef name="E3.Series" version="2.13.7.0" guid="5afb7e5e-9f28-42f6-95a2-ad1abf2708f5"/>
			<PinItem xsi:type="ConnectorPinTerminal" id="CONNECTORPINTERMINAL_95-18-0-e3ef1" compType="WIRE-END-TERM:C2AT30:7"/>
		</DeviceItem>
		<DeviceItem xsi:type="Pin" id="PIN_95-18-0-e3ed6" signalId="SIGNAL_EMPTY" name="8">
			<AppRef name="E3.Series" version="2.13.7.0" guid="11ee49ff-8951-453c-844d-c9a99bdd546d"/>
		</DeviceItem>
	</HarnessItem>
	<HarnessItem xsi:type="Device" id="DEV_f-14-0-c8fc" name="C2DC32" compType="DU5T-14489-LA" symbolName="F-Formboard_Conn_Symb" symbolCharacteristic="" rotation="90.000000" branchNodeId="BN_12206_25-278_156">
		<AppRef name="E3.Series" version="2.13.7.0" guid="7fc0f4c5-fc15-47f4-8337-50c7299bd1c2"/>
		<Property id="PROPERTY_414" name="HRN_FAMILY" value="14401"/>
		<Property id="PROPERTY_415" name="HRN_Level_Ref" value="(8DSP)"/>
		<Property id="PROPERTY_416" name="CONN_TERM_SEAL_REQ" value="No"/>
		<Property id="PROPERTY_417" name="DESCRIPTION_COMPONENT" value="CONNECTOR-CAT. 0 (.64MM BLADE)"/>
		<Property id="PROPERTY_418" name="SUB_PROJECT" value="HRN-14401"/>
		<Property id="PROPERTY_419" name="DEVICE_NAME" value="C2DC32::"/>
		<Property id="PROPERTY_420" name="COMP_TYPE" value="CONN-DEVICE"/>
		<Property id="PROPERTY_421" name="DESCRIPTION_DEVICE" value="TO IGNITION SWITCH"/>
		<Option id="OPTION_f-14-0-c8fc_1" value="CBGAA | CBGAD | CBGAE"/>
		<DeviceItem xsi:type="Pin" id="PIN_f-18-0-df23" signalId="SIGNAL_2-36-0-33cc" name="1">
			<AppRef name="E3.Series" version="2.13.7.0" guid="ef59f2ec-9e9c-48d3-aea0-427a835153b3"/>
			<PinItem xsi:type="ConnectorPinTerminal" id="CONNECTORPINTERMINAL_f-18-0-df23" compType="WIRE-END-TERM:C2DC32:1"/>
		</DeviceItem>
		<DeviceItem xsi:type="Pin" id="PIN_f-18-0-df2b" signalId="SIGNAL_2-36-0-33cb" name="2">
			<AppRef name="E3.Series" version="2.13.7.0" guid="43664fa9-68ef-4ffd-a1e9-74738e9dbb86"/>
			<PinItem xsi:type="ConnectorPinTerminal" id="CONNECTORPINTERMINAL_f-18-0-df2b" compType="WIRE-END-TERM:C2DC32:2"/>
		</DeviceItem>
		<DeviceItem xsi:type="Pin" id="PIN_f-18-0-df17" signalId="SIGNAL_2-36-0-33c7" name="3">
			<AppRef name="E3.Series" version="2.13.7.0" guid="8759c324-96db-44a9-9648-373342903ac6"/>
			<PinItem xsi:type="ConnectorPinTerminal" id="CONNECTORPINTERMINAL_f-18-0-df17" compType="WIRE-END-TERM:C2DC32:3"/>
		</DeviceItem>
		<DeviceItem xsi:type="Pin" id="PIN_f-18-0-df13" signalId="SIGNAL_2-36-0-3eca" name="4">
			<AppRef name="E3.Series" version="2.13.7.0" guid="c4ce11a5-e400-4be1-a1ba-3454e90e8053"/>
			<PinItem xsi:type="ConnectorPinTerminal" id="CONNECTORPINTERMINAL_f-18-0-df13" compType="WIRE-END-TERM:C2DC32:4"/>
		</DeviceItem>
		<DeviceItem xsi:type="Pin" id="PIN_f-18-0-df1b" signalId="SIGNAL_EMPTY" name="5">
			<AppRef name="E3.Series" version="2.13.7.0" guid="9a7208f8-f800-4164-a30a-7257a83908f4"/>
		</DeviceItem>
		<DeviceItem xsi:type="Pin" id="PIN_f-18-0-df27" signalId="SIGNAL_2-36-0-33ca" name="6">
			<AppRef name="E3.Series" version="2.13.7.0" guid="2876ed97-aed8-4907-901e-337d256ccc4f"/>
			<PinItem xsi:type="ConnectorPinTerminal" id="CONNECTORPINTERMINAL_f-18-0-df27" compType="WIRE-END-TERM:C2DC32:6"/>
		</DeviceItem>
	</HarnessItem>
	<HarnessItem xsi:type="Device" id="DEV_dc-14-0-716d" name="C2RT03" compType="1L2T-14489-GC" symbolName="F-Formboard_Conn_Symb" symbolCharacteristic="" rotation="90.000000" branchNodeId="BN_11974_25-210_156">
		<AppRef name="E3.Series" version="2.13.7.0" guid="b8e5c913-eea0-4a85-b699-7ea54af36247"/>
		<Property id="PROPERTY_422" name="HRN_FAMILY" value="14401"/>
		<Property id="PROPERTY_423" name="HRN_Level_Ref" value="(A-CAM)/AD/AE/AF/AG/BD/BE/BF/BG/CA/XA/XB/XC/XD/XE/XF/XG/XH/XK/YB/YF/YJ"/>
		<Property id="PROPERTY_424" name="CONN_TERM_SEAL_REQ" value="No"/>
		<Property id="PROPERTY_425" name="DESCRIPTION_COMPONENT" value="CONNECTOR-CAT. 0 (.64MM BLADE)"/>
		<Property id="PROPERTY_426" name="SUB_PROJECT" value="HRN-14401"/>
		<Property id="PROPERTY_427" name="DEVICE_NAME" value="C2RT03::"/>
		<Property id="PROPERTY_428" name="COMP_TYPE" value="CONN-DEVICE"/>
		<Property id="PROPERTY_429" name="DESCRIPTION_DEVICE" value="TO PATS"/>
		<Option id="OPTION_dc-14-0-716d_1" value="(CBGAA | CBGAD | CBGAE) &amp; ABEAA"/>
		<DeviceItem xsi:type="Pin" id="PIN_dc-18-0-71bc" signalId="SIGNAL_2-36-0-34b9" name="1">
			<AppRef name="E3.Series" version="2.13.7.0" guid="a5a39dc3-73da-40dd-a413-207eda44f290"/>
			<PinItem xsi:type="ConnectorPinTerminal" id="CONNECTORPINTERMINAL_dc-18-0-71bc" compType="WIRE-END-TERM:C2RT03:1"/>
		</DeviceItem>
		<DeviceItem xsi:type="Pin" id="PIN_dc-18-0-71ad" signalId="SIGNAL_EMPTY" name="2">
			<AppRef name="E3.Series" version="2.13.7.0" guid="d03f5d78-7aaa-4de5-a765-6537c01ed0d4"/>
		</DeviceItem>
		<DeviceItem xsi:type="Pin" id="PIN_dc-18-0-71b4" signalId="SIGNAL_2-36-0-3fe1" name="3">
			<AppRef name="E3.Series" version="2.13.7.0" guid="4d4c4361-f0db-4778-909f-7f46892ba342"/>
			<PinItem xsi:type="ConnectorPinTerminal" id="CONNECTORPINTERMINAL_dc-18-0-71b4" compType="WIRE-END-TERM:C2RT03:3"/>
		</DeviceItem>
		<DeviceItem xsi:type="Pin" id="PIN_dc-18-0-71c4" signalId="SIGNAL_2-36-0-3a85" name="4">
			<AppRef name="E3.Series" version="2.13.7.0" guid="06bc575d-0122-4d06-8b3d-d32b875d343a"/>
			<PinItem xsi:type="ConnectorPinTerminal" id="CONNECTORPINTERMINAL_dc-18-0-71c4" compType="WIRE-END-TERM:C2RT03:4"/>
		</DeviceItem>
	</HarnessItem>
	<HarnessItem xsi:type="Device" id="DEV_38-14-0-137f7" name="C2H411" compType="2L2T-14A464-BA" symbolName="F-Formboard_Conn_Symb" symbolCharacteristic="" rotation="90.000000" branchNodeId="BN_11248-244">
		<AppRef name="E3.Series" version="2.13.7.0" guid="b8e1edf9-883d-4d0a-ba9e-8fad283d02e3"/>
		<Property id="PROPERTY_430" name="HRN_FAMILY" value="14401"/>
		<Property id="PROPERTY_431" name="HRN_Level_Ref" value="(D-ZN)"/>
		<Property id="PROPERTY_432" name="CONN_TERM_SEAL_REQ" value="No"/>
		<Property id="PROPERTY_433" name="DESCRIPTION_COMPONENT" value="CONNECTOR-CAT. 0 (.64MM BLADE)"/>
		<Property id="PROPERTY_434" name="SUB_PROJECT" value="HRN-14401"/>
		<Property id="PROPERTY_435" name="DEVICE_NAME" value="C2H411::"/>
		<Property id="PROPERTY_436" name="COMP_TYPE" value="CONN-DEVICE"/>
		<Property id="PROPERTY_437" name="DESCRIPTION_DEVICE" value="TO PASSENGER DISCHARGE SENR"/>
		<Option id="OPTION_38-14-0-137f7_1" value="AC_G"/>
		<DeviceItem xsi:type="Pin" id="PIN_38-18-0-13c27" signalId="SIGNAL_2-36-0-40bf" name="1">
			<AppRef name="E3.Series" version="2.13.7.0" guid="c9688013-c23f-4422-b3e0-b3f4000b545d"/>
			<PinItem xsi:type="ConnectorPinTerminal" id="CONNECTORPINTERMINAL_38-18-0-13c27" compType="WIRE-END-TERM:C2H411:1"/>
		</DeviceItem>
		<DeviceItem xsi:type="Pin" id="PIN_38-18-0-13c2f" signalId="SIGNAL_EMPTY" name="2">
			<AppRef name="E3.Series" version="2.13.7.0" guid="75c474af-3f9e-4a6a-a44d-5d9fe68e3114"/>
		</DeviceItem>
		<DeviceItem xsi:type="Pin" id="PIN_2e-18-0-3066b6" signalId="SIGNAL_2-36-0-3c37" name="3">
			<AppRef name="E3.Series" version="2.13.7.0" guid="ac616d0f-1ddc-4ec7-9b86-e1a6b500142c"/>
			<PinItem xsi:type="ConnectorPinTerminal" id="CONNECTORPINTERMINAL_2e-18-0-3066b6" compType="WIRE-END-TERM:C2H411:3"/>
		</DeviceItem>
	</HarnessItem>
	<HarnessItem xsi:type="Device" id="DEV_3b-14-0-1d601" name="C2LF14" compType="4L3T-14A464-LA" symbolName="F-Formboard_Conn_Symb" symbolCharacteristic="" rotation="90.000000" branchNodeId="BN_11424-224">
		<AppRef name="E3.Series" version="2.13.7.0" guid="237094c0-7f4b-4585-b289-e53738026262"/>
		<Property id="PROPERTY_438" name="HRN_FAMILY" value="14401"/>
		<Property id="PROPERTY_439" name="HRN_Level_Ref" value="(S-ZN)"/>
		<Property id="PROPERTY_440" name="CONN_TERM_SEAL_REQ" value="No"/>
		<Property id="PROPERTY_441" name="DESCRIPTION_COMPONENT" value="CONNECTOR-CAT. 0 (.64MM BLADE)"/>
		<Property id="PROPERTY_442" name="SUB_PROJECT" value="HRN-14401"/>
		<Property id="PROPERTY_443" name="DEVICE_NAME" value="C2LF14::"/>
		<Property id="PROPERTY_444" name="COMP_TYPE" value="CONN-DEVICE"/>
		<Property id="PROPERTY_445" name="DESCRIPTION_DEVICE" value="TO AUTOLAMP"/>
		<Option id="OPTION_3b-14-0-1d601_1" value="AC_B"/>
		<DeviceItem xsi:type="Pin" id="PIN_3b-18-0-1d6f3" signalId="SIGNAL_EMPTY" name="1">
			<AppRef name="E3.Series" version="2.13.7.0" guid="f605e1ee-a2ad-468c-9503-ea55b55b172f"/>
		</DeviceItem>
		<DeviceItem xsi:type="Pin" id="PIN_3b-18-0-1d700" signalId="SIGNAL_2-36-0-4103" name="2">
			<AppRef name="E3.Series" version="2.13.7.0" guid="1c38dd21-f2f9-471a-b184-26a7a1b6f521"/>
			<PinItem xsi:type="ConnectorPinTerminal" id="CONNECTORPINTERMINAL_3b-18-0-1d700" compType="WIRE-END-TERM:C2LF14:2"/>
		</DeviceItem>
		<DeviceItem xsi:type="Pin" id="PIN_3b-18-0-1d6f9" signalId="SIGNAL_EMPTY" name="3">
			<AppRef name="E3.Series" version="2.13.7.0" guid="75120675-2688-4a53-be28-ca39d3c96a55"/>
		</DeviceItem>
		<DeviceItem xsi:type="Pin" id="PIN_3b-18-0-1d708" signalId="SIGNAL_2-36-0-3c60" name="4">
			<AppRef name="E3.Series" version="2.13.7.0" guid="0576d12c-2273-4f5a-ba2f-5fc17218b947"/>
			<PinItem xsi:type="ConnectorPinTerminal" id="CONNECTORPINTERMINAL_3b-18-0-1d708" compType="WIRE-END-TERM:C2LF14:4"/>
		</DeviceItem>
	</HarnessItem>
	<HarnessItem xsi:type="Device" id="DEV_38-14-0-137a8" name="C2H409" compType="2L2T-14A464-BA" symbolName="F-Formboard_Conn_Symb" symbolCharacteristic="" rotation="90.000000" branchNodeId="BN_11592-248">
		<AppRef name="E3.Series" version="2.13.7.0" guid="6917fb79-bf08-4ba2-8db0-a82195f86386"/>
		<Property id="PROPERTY_446" name="HRN_FAMILY" value="14401"/>
		<Property id="PROPERTY_447" name="HRN_Level_Ref" value="(ALL)"/>
		<Property id="PROPERTY_448" name="CONN_TERM_SEAL_REQ" value="No"/>
		<Property id="PROPERTY_449" name="DESCRIPTION_COMPONENT" value="CONNECTOR-CAT. 0 (.64MM BLADE)"/>
		<Property id="PROPERTY_450" name="SUB_PROJECT" value="HRN-14401"/>
		<Property id="PROPERTY_451" name="DEVICE_NAME" value="C2H409::"/>
		<Property id="PROPERTY_452" name="COMP_TYPE" value="CONN-DEVICE"/>
		<Property id="PROPERTY_453" name="DESCRIPTION_DEVICE" value="TO DRIVER DISCHARGE SENR"/>
		<Option id="OPTION_38-14-0-137a8_1" value="AC_B"/>
		<Option id="OPTION_38-14-0-137a8_2" value="AC_G"/>
		<DeviceItem xsi:type="Pin" id="PIN_38-18-0-13965" signalId="SIGNAL_2-36-0-40bd" name="1">
			<AppRef name="E3.Series" version="2.13.7.0" guid="c1f4c299-21de-4a55-9d66-1cb1742c27d2"/>
			<PinItem xsi:type="ConnectorPinTerminal" id="CONNECTORPINTERMINAL_38-18-0-13965" compType="WIRE-END-TERM:C2H409:1"/>
		</DeviceItem>
		<DeviceItem xsi:type="Pin" id="PIN_38-18-0-1395d" signalId="SIGNAL_EMPTY" name="2">
			<AppRef name="E3.Series" version="2.13.7.0" guid="e7f5f03f-9d0a-4d92-9c25-9403b985d92b"/>
		</DeviceItem>
		<DeviceItem xsi:type="Pin" id="PIN_2e-18-0-30616e" signalId="SIGNAL_2-36-0-3c37" name="3">
			<AppRef name="E3.Series" version="2.13.7.0" guid="d3e53d55-8569-44d7-89f7-cbabc6aadfcb"/>
			<PinItem xsi:type="ConnectorPinTerminal" id="CONNECTORPINTERMINAL_2e-18-0-30616e" compType="WIRE-END-TERM:C2H409:3"/>
		</DeviceItem>
	</HarnessItem>
	<HarnessItem xsi:type="Device" id="DEV_b-14-0-11646" name="C2ME03-B" compType="HU5T-14489-MB" symbolName="F-Formboard_Conn_Symb" symbolCharacteristic="" rotation="90.000000" branchNodeId="BN_10856-120">
		<AppRef name="E3.Series" version="2.13.7.0" guid="80a3688b-bfd2-44e8-a70a-81edc761f5a8"/>
		<Property id="PROPERTY_454" name="SUBMERGIBLE" value="No"/>
		<Property id="PROPERTY_455" name="HRN_FAMILY" value="14401"/>
		<Property id="PROPERTY_456" name="HRN_Level_Ref" value="(D-CAM)/(C-SHF)/(KWINV)/(8SPKR)/(F-SHF)/(BEV)"/>
		<Property id="PROPERTY_457" name="CONN_TERM_SEAL_REQ" value="No"/>
		<Property id="PROPERTY_458" name="DESCRIPTION_COMPONENT" value="CONNECTOR  0,64/1,5/2,8 MM FLAT TERM"/>
		<Property id="PROPERTY_459" name="SUB_PROJECT" value="HRN-14401"/>
		<Property id="PROPERTY_460" name="DEVICE_NAME" value="C2ME03-B::"/>
		<Property id="PROPERTY_461" name="COMP_TYPE" value="CONN-DEVICE"/>
		<Property id="PROPERTY_462" name="DESCRIPTION_DEVICE" value="TO RADIO J2"/>
		<Option id="OPTION_b-14-0-11646_1" value="IEVAQ | IEVAR"/>
		<DeviceItem xsi:type="Pin" id="PIN_b-18-0-117de" signalId="SIGNAL_EMPTY" name="1">
			<AppRef name="E3.Series" version="2.13.7.0" guid="d12e2a71-38f5-40ba-9154-22ddd83bb77b"/>
		</DeviceItem>
		<DeviceItem xsi:type="Pin" id="PIN_b-18-0-117ec" signalId="SIGNAL_EMPTY" name="2">
			<AppRef name="E3.Series" version="2.13.7.0" guid="776c8c02-87e7-4db2-9d71-9b8f312e0a9e"/>
		</DeviceItem>
		<DeviceItem xsi:type="Pin" id="PIN_b-18-0-117fa" signalId="SIGNAL_EMPTY" name="3">
			<AppRef name="E3.Series" version="2.13.7.0" guid="b709d744-3de2-40b6-b9e5-9c17401e74aa"/>
		</DeviceItem>
		<DeviceItem xsi:type="Pin" id="PIN_b-18-0-1184a" signalId="SIGNAL_EMPTY" name="4">
			<AppRef name="E3.Series" version="2.13.7.0" guid="f5f2f14a-4bff-4a49-9854-f497ddbc11db"/>
		</DeviceItem>
		<DeviceItem xsi:type="Pin" id="PIN_b-18-0-117a8" signalId="SIGNAL_EMPTY" name="5">
			<AppRef name="E3.Series" version="2.13.7.0" guid="6a7bb828-a6da-4637-991a-d9687bad4573"/>
		</DeviceItem>
		<DeviceItem xsi:type="Pin" id="PIN_b-18-0-11802" signalId="SIGNAL_EMPTY" name="6">
			<AppRef name="E3.Series" version="2.13.7.0" guid="d8d350f1-cf34-4a88-bddd-dfc91bf91a2e"/>
		</DeviceItem>
		<DeviceItem xsi:type="Pin" id="PIN_b-18-0-117ae" signalId="SIGNAL_EMPTY" name="7">
			<AppRef name="E3.Series" version="2.13.7.0" guid="6bcc28bd-1fb7-4420-b908-484631e38df2"/>
		</DeviceItem>
		<DeviceItem xsi:type="Pin" id="PIN_b-18-0-11832" signalId="SIGNAL_EMPTY" name="8">
			<AppRef name="E3.Series" version="2.13.7.0" guid="040c9a66-c56b-4daa-932e-ed07150e522d"/>
		</DeviceItem>
		<DeviceItem xsi:type="Pin" id="PIN_b-18-0-117b4" signalId="SIGNAL_EMPTY" name="9">
			<AppRef name="E3.Series" version="2.13.7.0" guid="3d803c6d-da1e-4acc-b0db-8fee485a1b45"/>
		</DeviceItem>
		<DeviceItem xsi:type="Pin" id="PIN_b-18-0-117ba" signalId="SIGNAL_EMPTY" name="10">
			<AppRef name="E3.Series" version="2.13.7.0" guid="13fbe8ff-3374-4cc9-a969-ad1f495f81dc"/>
		</DeviceItem>
		<DeviceItem xsi:type="Pin" id="PIN_b-18-0-117c0" signalId="SIGNAL_EMPTY" name="11">
			<AppRef name="E3.Series" version="2.13.7.0" guid="c3e7487c-36e3-4e30-94bb-3bd094a4cff2"/>
		</DeviceItem>
		<DeviceItem xsi:type="Pin" id="PIN_b-18-0-11812" signalId="SIGNAL_EMPTY" name="12">
			<AppRef name="E3.Series" version="2.13.7.0" guid="a66eeb3e-0697-456a-a407-3fed90482200"/>
		</DeviceItem>
		<DeviceItem xsi:type="Pin" id="PIN_b-18-0-11822" signalId="SIGNAL_EMPTY" name="13">
			<AppRef name="E3.Series" version="2.13.7.0" guid="cbfb36e3-3363-4d1a-a7ae-c169303e62cc"/>
		</DeviceItem>
		<DeviceItem xsi:type="Pin" id="PIN_b-18-0-117e5" signalId="SIGNAL_EMPTY" name="14">
			<AppRef name="E3.Series" version="2.13.7.0" guid="e04e18a4-75fb-48cb-924f-a4149e090c5a"/>
		</DeviceItem>
		<DeviceItem xsi:type="Pin" id="PIN_b-18-0-117f3" signalId="SIGNAL_EMPTY" name="15">
			<AppRef name="E3.Series" version="2.13.7.0" guid="ab9422c5-4283-4e59-a38b-a551d972a129"/>
		</DeviceItem>
		<DeviceItem xsi:type="Pin" id="PIN_b-18-0-1185a" signalId="SIGNAL_EMPTY" name="16">
			<AppRef name="E3.Series" version="2.13.7.0" guid="44322bb8-1196-4342-bb45-f66b4791ca50"/>
		</DeviceItem>
		<DeviceItem xsi:type="Pin" id="PIN_b-18-0-11852" signalId="SIGNAL_EMPTY" name="17">
			<AppRef name="E3.Series" version="2.13.7.0" guid="645fbeb9-e99e-4a24-8ede-3ed7b8633245"/>
		</DeviceItem>
		<DeviceItem xsi:type="Pin" id="PIN_b-18-0-11842" signalId="SIGNAL_18-36-0-252dac" name="18">
			<AppRef name="E3.Series" version="2.13.7.0" guid="51ad6273-677e-4c74-abba-7b234cb3886a"/>
			<PinItem xsi:type="ConnectorPinTerminal" id="CONNECTORPINTERMINAL_b-18-0-11842" compType="WIRE-END-TERM:C2ME03-B:18"/>
		</DeviceItem>
		<DeviceItem xsi:type="Pin" id="PIN_b-18-0-1180a" signalId="SIGNAL_2-36-0-417e" name="19">
			<AppRef name="E3.Series" version="2.13.7.0" guid="602c745d-0932-449e-ba54-b881639cd158"/>
			<PinItem xsi:type="ConnectorPinTerminal" id="CONNECTORPINTERMINAL_b-18-0-1180a" compType="WIRE-END-TERM:C2ME03-B:19"/>
		</DeviceItem>
		<DeviceItem xsi:type="Pin" id="PIN_b-18-0-117c6" signalId="SIGNAL_2-36-0-4163" name="20">
			<AppRef name="E3.Series" version="2.13.7.0" guid="0036323f-a349-45a0-a96e-7366e351282e"/>
			<PinItem xsi:type="ConnectorPinTerminal" id="CONNECTORPINTERMINAL_b-18-0-117c6" compType="WIRE-END-TERM:C2ME03-B:20"/>
		</DeviceItem>
		<DeviceItem xsi:type="Pin" id="PIN_b-18-0-1183a" signalId="SIGNAL_2-36-0-4164" name="21">
			<AppRef name="E3.Series" version="2.13.7.0" guid="e3b781f8-1d54-4ed3-8f36-ef7313a3dd12"/>
			<PinItem xsi:type="ConnectorPinTerminal" id="CONNECTORPINTERMINAL_b-18-0-1183a" compType="WIRE-END-TERM:C2ME03-B:21"/>
		</DeviceItem>
		<DeviceItem xsi:type="Pin" id="PIN_b-18-0-117cc" signalId="SIGNAL_EMPTY" name="22">
			<AppRef name="E3.Series" version="2.13.7.0" guid="8ac8b289-d1ca-42f5-b472-68676e9514a6"/>
		</DeviceItem>
		<DeviceItem xsi:type="Pin" id="PIN_b-18-0-117d2" signalId="SIGNAL_2-36-0-36f5" name="23">
			<AppRef name="E3.Series" version="2.13.7.0" guid="64666fc2-3671-41f5-a2b3-a450ea8d75d1"/>
			<PinItem xsi:type="ConnectorPinTerminal" id="CONNECTORPINTERMINAL_b-18-0-117d2" compType="WIRE-END-TERM:C2ME03-B:23"/>
		</DeviceItem>
		<DeviceItem xsi:type="Pin" id="PIN_b-18-0-117d8" signalId="SIGNAL_EMPTY" name="24">
			<AppRef name="E3.Series" version="2.13.7.0" guid="9858fdeb-ff32-4460-a956-c9de30412622"/>
		</DeviceItem>
		<DeviceItem xsi:type="Pin" id="PIN_b-18-0-1181a" signalId="SIGNAL_EMPTY" name="25">
			<AppRef name="E3.Series" version="2.13.7.0" guid="aefa8bf1-a40f-4dd0-ad89-2b1b3e2ed292"/>
		</DeviceItem>
		<DeviceItem xsi:type="Pin" id="PIN_b-18-0-1182a" signalId="SIGNAL_EMPTY" name="26">
			<AppRef name="E3.Series" version="2.13.7.0" guid="62d1c5f3-3585-492f-a3d2-8751e853c3b1"/>
		</DeviceItem>
		<DeviceItem xsi:type="Pin" id="PIN_58-18-0-f252e" signalId="SIGNAL_EMPTY" name="27">
			<AppRef name="E3.Series" version="2.13.7.0" guid="848716d9-3185-4e83-bd36-592697bcd323"/>
		</DeviceItem>
		<DeviceItem xsi:type="Pin" id="PIN_58-18-0-f2532" signalId="SIGNAL_EMPTY" name="28">
			<AppRef name="E3.Series" version="2.13.7.0" guid="57fecd19-1346-4871-a251-32d158899d92"/>
		</DeviceItem>
		<DeviceItem xsi:type="Pin" id="PIN_58-18-0-f2536" signalId="SIGNAL_18-36-0-252db8" name="29">
			<AppRef name="E3.Series" version="2.13.7.0" guid="8582a663-d3a7-48c3-88c4-67cd7f6a4718"/>
			<PinItem xsi:type="ConnectorPinTerminal" id="CONNECTORPINTERMINAL_58-18-0-f2536" compType="WIRE-END-TERM:C2ME03-B:29"/>
		</DeviceItem>
		<DeviceItem xsi:type="Pin" id="PIN_58-18-0-f253a" signalId="SIGNAL_2-36-0-3cb6" name="30">
			<AppRef name="E3.Series" version="2.13.7.0" guid="40119404-99a2-40ce-8ad5-79fb2709d4ae"/>
			<PinItem xsi:type="ConnectorPinTerminal" id="CONNECTORPINTERMINAL_58-18-0-f253a" compType="WIRE-END-TERM:C2ME03-B:30"/>
		</DeviceItem>
		<DeviceItem xsi:type="Pin" id="PIN_58-18-0-f253e" signalId="SIGNAL_2-36-0-3c9f" name="31">
			<AppRef name="E3.Series" version="2.13.7.0" guid="9d88ffb5-588a-4a56-a229-70d950c6fda7"/>
			<PinItem xsi:type="ConnectorPinTerminal" id="CONNECTORPINTERMINAL_58-18-0-f253e" compType="WIRE-END-TERM:C2ME03-B:31"/>
		</DeviceItem>
		<DeviceItem xsi:type="Pin" id="PIN_58-18-0-f2542" signalId="SIGNAL_2-36-0-3ca0" name="32">
			<AppRef name="E3.Series" version="2.13.7.0" guid="53942fae-b269-4817-b4c8-36b5471c27c8"/>
			<PinItem xsi:type="ConnectorPinTerminal" id="CONNECTORPINTERMINAL_58-18-0-f2542" compType="WIRE-END-TERM:C2ME03-B:32"/>
		</DeviceItem>
	</HarnessItem>
	<HarnessItem xsi:type="Device" id="DEV_b-14-0-1164e" name="C2ME03-A" compType="HU5T-14489-LB" symbolName="F-Formboard_Conn_Symb" symbolCharacteristic="" rotation="90.000000" branchNodeId="BN_10584-132">
		<AppRef name="E3.Series" version="2.13.7.0" guid="0de5b9f5-1451-4270-8aed-f373bf4de850"/>
		<Property id="PROPERTY_463" name="SUBMERGIBLE" value="No"/>
		<Property id="PROPERTY_464" name="HRN_FAMILY" value="14401"/>
		<Property id="PROPERTY_465" name="HRN_Level_Ref" value="(D-CAM)/(C-SHF)/(KWINV)/(8SPKR)/(F-SHF)/(BEV)"/>
		<Property id="PROPERTY_466" name="CONN_TERM_SEAL_REQ" value="No"/>
		<Property id="PROPERTY_467" name="DESCRIPTION_COMPONENT" value="CONNECTOR  0,64/1,5/2,8 MM FLAT TERM"/>
		<Property id="PROPERTY_468" name="SUB_PROJECT" value="HRN-14401"/>
		<Property id="PROPERTY_469" name="DEVICE_NAME" value="C2ME03-A::"/>
		<Property id="PROPERTY_470" name="COMP_TYPE" value="CONN-DEVICE"/>
		<Property id="PROPERTY_471" name="DESCRIPTION_DEVICE" value="TO RADIO J1"/>
		<Option id="OPTION_b-14-0-1164e_1" value="IEVAQ | IEVAR"/>
		<DeviceItem xsi:type="Pin" id="PIN_b-18-0-11905" signalId="SIGNAL_2-36-0-3ed6" name="1">
			<AppRef name="E3.Series" version="2.13.7.0" guid="5faa6417-c663-49d0-9baf-4c799f3c3497"/>
			<PinItem xsi:type="ConnectorPinTerminal" id="CONNECTORPINTERMINAL_b-18-0-11905" compType="WIRE-END-TERM:C2ME03-A:1"/>
		</DeviceItem>
		<DeviceItem xsi:type="Pin" id="PIN_b-18-0-11875" signalId="SIGNAL_4c-36-0-75879f" name="2">
			<AppRef name="E3.Series" version="2.13.7.0" guid="76ca8a39-689d-4f7e-bce2-d0bfd9eef689"/>
			<PinItem xsi:type="ConnectorPinTerminal" id="CONNECTORPINTERMINAL_b-18-0-11875" compType="WIRE-END-TERM:C2ME03-A:2"/>
		</DeviceItem>
		<DeviceItem xsi:type="Pin" id="PIN_b-18-0-118fd" signalId="SIGNAL_4c-36-0-777d7f" name="3">
			<AppRef name="E3.Series" version="2.13.7.0" guid="d1b1fbc5-ef2f-41cd-942e-b24aa6f6ef41"/>
			<PinItem xsi:type="ConnectorPinTerminal" id="CONNECTORPINTERMINAL_b-18-0-118fd" compType="WIRE-END-TERM:C2ME03-A:3"/>
		</DeviceItem>
		<DeviceItem xsi:type="Pin" id="PIN_b-18-0-11862" signalId="SIGNAL_2-36-0-3a84" name="4">
			<AppRef name="E3.Series" version="2.13.7.0" guid="b01a7ba4-c2e9-483b-be24-42db03012925"/>
			<PinItem xsi:type="ConnectorPinTerminal" id="CONNECTORPINTERMINAL_b-18-0-11862" compType="WIRE-END-TERM:C2ME03-A:4"/>
		</DeviceItem>
		<DeviceItem xsi:type="Pin" id="PIN_b-18-0-11868" signalId="SIGNAL_4c-36-0-75879f" name="5">
			<AppRef name="E3.Series" version="2.13.7.0" guid="43670579-4f41-442c-9a67-0b4252440201"/>
			<PinItem xsi:type="ConnectorPinTerminal" id="CONNECTORPINTERMINAL_b-18-0-11868" compType="WIRE-END-TERM:C2ME03-A:5"/>
		</DeviceItem>
		<DeviceItem xsi:type="Pin" id="PIN_b-18-0-118dd" signalId="SIGNAL_4c-36-0-777d7f" name="6">
			<AppRef name="E3.Series" version="2.13.7.0" guid="9d24d1cc-05da-4de1-bb8c-f508526a81fc"/>
			<PinItem xsi:type="ConnectorPinTerminal" id="CONNECTORPINTERMINAL_b-18-0-118dd" compType="WIRE-END-TERM:C2ME03-A:6"/>
		</DeviceItem>
		<DeviceItem xsi:type="Pin" id="PIN_b-18-0-1186e" signalId="SIGNAL_4c-36-0-75879f" name="7">
			<AppRef name="E3.Series" version="2.13.7.0" guid="4a07e6c6-0933-453a-b71f-e9c17de2e4c2"/>
			<PinItem xsi:type="ConnectorPinTerminal" id="CONNECTORPINTERMINAL_b-18-0-1186e" compType="WIRE-END-TERM:C2ME03-A:7"/>
		</DeviceItem>
		<DeviceItem xsi:type="Pin" id="PIN_b-18-0-118c5" signalId="SIGNAL_4c-36-0-777d7f" name="8">
			<AppRef name="E3.Series" version="2.13.7.0" guid="097d3399-d308-409c-a40c-19703760d76f"/>
			<PinItem xsi:type="ConnectorPinTerminal" id="CONNECTORPINTERMINAL_b-18-0-118c5" compType="WIRE-END-TERM:C2ME03-A:8"/>
		</DeviceItem>
		<DeviceItem xsi:type="Pin" id="PIN_b-18-0-118a5" signalId="SIGNAL_4c-36-0-75879f" name="9">
			<AppRef name="E3.Series" version="2.13.7.0" guid="08a84331-cf1c-4848-9053-6e1017b40846"/>
			<PinItem xsi:type="ConnectorPinTerminal" id="CONNECTORPINTERMINAL_b-18-0-118a5" compType="WIRE-END-TERM:C2ME03-A:9"/>
		</DeviceItem>
		<DeviceItem xsi:type="Pin" id="PIN_b-18-0-11885" signalId="SIGNAL_4c-36-0-777d7f" name="10">
			<AppRef name="E3.Series" version="2.13.7.0" guid="5c4cb529-09af-47a7-893c-0838e5788207"/>
			<PinItem xsi:type="ConnectorPinTerminal" id="CONNECTORPINTERMINAL_b-18-0-11885" compType="WIRE-END-TERM:C2ME03-A:10"/>
		</DeviceItem>
		<DeviceItem xsi:type="Pin" id="PIN_b-18-0-11895" signalId="SIGNAL_EMPTY" name="11">
			<AppRef name="E3.Series" version="2.13.7.0" guid="b96888e7-bcb5-4f51-89ed-e0d0b60d62d7"/>
		</DeviceItem>
		<DeviceItem xsi:type="Pin" id="PIN_b-18-0-118b5" signalId="SIGNAL_EMPTY" name="12">
			<AppRef name="E3.Series" version="2.13.7.0" guid="f64cf43c-1bc5-4702-8ae5-cf04e40e0e77"/>
		</DeviceItem>
		<DeviceItem xsi:type="Pin" id="PIN_b-18-0-1190d" signalId="SIGNAL_2-36-0-413f" name="13">
			<AppRef name="E3.Series" version="2.13.7.0" guid="526141fd-79d2-4426-8b33-5789bbd7cd60"/>
			<PinItem xsi:type="ConnectorPinTerminal" id="CONNECTORPINTERMINAL_b-18-0-1190d" compType="WIRE-END-TERM:C2ME03-A:13"/>
		</DeviceItem>
		<DeviceItem xsi:type="Pin" id="PIN_b-18-0-118e5" signalId="SIGNAL_18-36-0-252ddc" name="14">
			<AppRef name="E3.Series" version="2.13.7.0" guid="5cdf1b52-1883-4484-8251-8c0012bf3439"/>
			<PinItem xsi:type="ConnectorPinTerminal" id="CONNECTORPINTERMINAL_b-18-0-118e5" compType="WIRE-END-TERM:C2ME03-A:14"/>
		</DeviceItem>
		<DeviceItem xsi:type="Pin" id="PIN_b-18-0-118ed" signalId="SIGNAL_EMPTY" name="15">
			<AppRef name="E3.Series" version="2.13.7.0" guid="f0a09b1f-125e-49f8-b50a-7c5ebcbde613"/>
		</DeviceItem>
		<DeviceItem xsi:type="Pin" id="PIN_b-18-0-118f5" signalId="SIGNAL_EMPTY" name="16">
			<AppRef name="E3.Series" version="2.13.7.0" guid="55aa6fae-2c10-4cc1-b659-33ba41e3cd5f"/>
		</DeviceItem>
		<DeviceItem xsi:type="Pin" id="PIN_b-18-0-118cd" signalId="SIGNAL_EMPTY" name="17">
			<AppRef name="E3.Series" version="2.13.7.0" guid="d27ac3b2-8b49-4b7e-b377-b3916646512c"/>
		</DeviceItem>
		<DeviceItem xsi:type="Pin" id="PIN_b-18-0-118d5" signalId="SIGNAL_EMPTY" name="18">
			<AppRef name="E3.Series" version="2.13.7.0" guid="732d2102-5366-4866-a490-eda43de2b5d4"/>
		</DeviceItem>
		<DeviceItem xsi:type="Pin" id="PIN_b-18-0-11915" signalId="SIGNAL_2-36-0-3fd7" name="19">
			<AppRef name="E3.Series" version="2.13.7.0" guid="68d44f4c-0d30-4e96-810a-66a1c54988d8"/>
			<PinItem xsi:type="ConnectorPinTerminal" id="CONNECTORPINTERMINAL_b-18-0-11915" compType="WIRE-END-TERM:C2ME03-A:19"/>
		</DeviceItem>
		<DeviceItem xsi:type="Pin" id="PIN_b-18-0-118bd" signalId="SIGNAL_EMPTY" name="20">
			<AppRef name="E3.Series" version="2.13.7.0" guid="df8f1159-e9e2-4b2c-844f-05b03a9e3abf"/>
		</DeviceItem>
		<DeviceItem xsi:type="Pin" id="PIN_b-18-0-1189d" signalId="SIGNAL_EMPTY" name="21">
			<AppRef name="E3.Series" version="2.13.7.0" guid="feb897d0-efc7-4989-b101-a2be2fd88c4e"/>
		</DeviceItem>
		<DeviceItem xsi:type="Pin" id="PIN_b-18-0-1187d" signalId="SIGNAL_EMPTY" name="22">
			<AppRef name="E3.Series" version="2.13.7.0" guid="8ff42f97-b405-4f0e-9242-96d7ba8d4aaa"/>
		</DeviceItem>
		<DeviceItem xsi:type="Pin" id="PIN_b-18-0-1188d" signalId="SIGNAL_EMPTY" name="23">
			<AppRef name="E3.Series" version="2.13.7.0" guid="61295de4-8602-4a3e-949c-61dead24a8df"/>
		</DeviceItem>
		<DeviceItem xsi:type="Pin" id="PIN_b-18-0-118ad" signalId="SIGNAL_2-36-0-3c82" name="24">
			<AppRef name="E3.Series" version="2.13.7.0" guid="a0225404-39f5-4b42-ab38-17c6c07e53d6"/>
			<PinItem xsi:type="ConnectorPinTerminal" id="CONNECTORPINTERMINAL_b-18-0-118ad" compType="WIRE-END-TERM:C2ME03-A:24"/>
		</DeviceItem>
		<DeviceItem xsi:type="Pin" id="PIN_58-18-0-f2007" signalId="SIGNAL_18-36-0-252de8" name="25">
			<AppRef name="E3.Series" version="2.13.7.0" guid="454f63f4-9c93-4392-98d6-e91ddecca3aa"/>
			<PinItem xsi:type="ConnectorPinTerminal" id="CONNECTORPINTERMINAL_58-18-0-f2007" compType="WIRE-END-TERM:C2ME03-A:25"/>
		</DeviceItem>
		<DeviceItem xsi:type="Pin" id="PIN_58-18-0-f200b" signalId="SIGNAL_EMPTY" name="26">
			<AppRef name="E3.Series" version="2.13.7.0" guid="47ebe5fc-b78a-4c54-8922-f68f2bd360a2"/>
		</DeviceItem>
		<DeviceItem xsi:type="Pin" id="PIN_58-18-0-f200f" signalId="SIGNAL_EMPTY" name="27">
			<AppRef name="E3.Series" version="2.13.7.0" guid="15135625-bf34-49e2-b252-0a8c4aa63d55"/>
		</DeviceItem>
		<DeviceItem xsi:type="Pin" id="PIN_58-18-0-f2013" signalId="SIGNAL_EMPTY" name="28">
			<AppRef name="E3.Series" version="2.13.7.0" guid="753bd581-4541-4b78-b712-e871f505b07b"/>
		</DeviceItem>
		<DeviceItem xsi:type="Pin" id="PIN_58-18-0-f2017" signalId="SIGNAL_EMPTY" name="29">
			<AppRef name="E3.Series" version="2.13.7.0" guid="a0934285-6232-48a3-9075-694a906fb6cb"/>
		</DeviceItem>
		<DeviceItem xsi:type="Pin" id="PIN_58-18-0-f201b" signalId="SIGNAL_2-36-0-3fd8" name="30">
			<AppRef name="E3.Series" version="2.13.7.0" guid="b762a73a-a97b-41c1-8064-06a7dda55834"/>
			<PinItem xsi:type="ConnectorPinTerminal" id="CONNECTORPINTERMINAL_58-18-0-f201b" compType="WIRE-END-TERM:C2ME03-A:30"/>
		</DeviceItem>
		<DeviceItem xsi:type="Pin" id="PIN_58-18-0-f201f" signalId="SIGNAL_EMPTY" name="31">
			<AppRef name="E3.Series" version="2.13.7.0" guid="816184bb-bcb7-4df2-ba89-a7e76dc64798"/>
		</DeviceItem>
		<DeviceItem xsi:type="Pin" id="PIN_58-18-0-f2023" signalId="SIGNAL_EMPTY" name="32">
			<AppRef name="E3.Series" version="2.13.7.0" guid="69ecfa0c-0c36-48ff-91ad-089ad8d9c416"/>
		</DeviceItem>
	</HarnessItem>
	<HarnessItem xsi:type="Device" id="DEV_5d-14-0-a9d0b" name="C2DB02-C3A" compType="MU5T-14489-FA" symbolName="F-Formboard_Conn_Symb" symbolCharacteristic="" rotation="90.092728" branchNodeId="BN_8976-264">
		<AppRef name="E3.Series" version="2.13.7.0" guid="8b7284a6-8b66-406f-8289-cf6664b932ee"/>
		<AdditionalPart id="ADDITIONALPART_5d-4-0-a9d0c" compType="MU5T-14A468-AA"/>
		<Property id="PROPERTY_472" name="EXCLUDE_FROM_BOM" value="1"/>
		<Property id="PROPERTY_473" name="HRN_FAMILY" value="14401"/>
		<Property id="PROPERTY_474" name="HRN_Level_Ref" value="(ALL)"/>
		<Property id="PROPERTY_475" name="CONN_TERM_SEAL_REQ" value="No"/>
		<Property id="PROPERTY_476" name="DESCRIPTION_COMPONENT" value="SLV WIR CONN FEM ETHERNET"/>
		<Property id="PROPERTY_477" name="SUB_PROJECT" value="HRN-14401"/>
		<Property id="PROPERTY_478" name="DEVICE_NAME" value="C2DB02-C3A::"/>
		<Property id="PROPERTY_479" name="COMP_TYPE" value="CONN-DEVICE"/>
		<Property id="PROPERTY_480" name="DESCRIPTION_DEVICE" value="TO ECG"/>
		<DeviceItem xsi:type="Pin" id="PIN_5d-18-0-a9d15" signalId="SIGNAL_13-36-0-2cd25c" name="1">
			<AppRef name="E3.Series" version="2.13.7.0" guid="c67c2773-63f9-4531-a31f-a428f2ef8917"/>
			<PinItem xsi:type="ConnectorPinTerminal" id="CONNECTORPINTERMINAL_5d-18-0-a9d15" compType="WIRE-END-TERM:C2DB02-C3A:1"/>
		</DeviceItem>
		<DeviceItem xsi:type="Pin" id="PIN_5d-18-0-a9d19" signalId="SIGNAL_13-36-0-2cd271" name="2">
			<AppRef name="E3.Series" version="2.13.7.0" guid="9c8adf28-7940-45bc-af0a-58ab4c801666"/>
			<PinItem xsi:type="ConnectorPinTerminal" id="CONNECTORPINTERMINAL_5d-18-0-a9d19" compType="WIRE-END-TERM:C2DB02-C3A:2"/>
		</DeviceItem>
	</HarnessItem>
	<HarnessItem xsi:type="Device" id="DEV_5d-14-0-a8830" name="C2DB02-C3C" compType="MU5T-14489-HA" symbolName="F-Formboard_Conn_Symb" symbolCharacteristic="" rotation="90.260880" branchNodeId="BN_9120-272">
		<AppRef name="E3.Series" version="2.13.7.0" guid="9c72d72d-c6b7-4091-996b-728221ff6ba4"/>
		<AdditionalPart id="ADDITIONALPART_5d-4-0-a8831" compType="MU5T-14A468-AA"/>
		<Property id="PROPERTY_481" name="EXCLUDE_FROM_BOM" value="1"/>
		<Property id="PROPERTY_482" name="HRN_FAMILY" value="14401"/>
		<Property id="PROPERTY_483" name="HRN_Level_Ref" value="(ALL)"/>
		<Property id="PROPERTY_484" name="CONN_TERM_SEAL_REQ" value="No"/>
		<Property id="PROPERTY_485" name="DESCRIPTION_COMPONENT" value="SLV WIR CONN FEM ETHERNET"/>
		<Property id="PROPERTY_486" name="SUB_PROJECT" value="HRN-14401"/>
		<Property id="PROPERTY_487" name="DEVICE_NAME" value="C2DB02-C3C::"/>
		<Property id="PROPERTY_488" name="COMP_TYPE" value="CONN-DEVICE"/>
		<Property id="PROPERTY_489" name="DESCRIPTION_DEVICE" value="TO ECG"/>
		<DeviceItem xsi:type="Pin" id="PIN_5d-18-0-a883a" signalId="SIGNAL_18-36-0-251c8e" name="1">
			<AppRef name="E3.Series" version="2.13.7.0" guid="4435b0fb-afa6-4522-b1f2-5c164b3fb284"/>
			<PinItem xsi:type="ConnectorPinTerminal" id="CONNECTORPINTERMINAL_5d-18-0-a883a" compType="WIRE-END-TERM:C2DB02-C3C:1"/>
		</DeviceItem>
		<DeviceItem xsi:type="Pin" id="PIN_5d-18-0-a883e" signalId="SIGNAL_18-36-0-251c81" name="2">
			<AppRef name="E3.Series" version="2.13.7.0" guid="46d56e97-3fd0-4746-bde3-4b7fb858c7a6"/>
			<PinItem xsi:type="ConnectorPinTerminal" id="CONNECTORPINTERMINAL_5d-18-0-a883e" compType="WIRE-END-TERM:C2DB02-C3C:2"/>
		</DeviceItem>
	</HarnessItem>
	<HarnessItem xsi:type="Device" id="DEV_58-14-0-10c073" name="C2DB02-C3D" compType="MU5T-14489-JA" symbolName="F-Formboard_Conn_Symb" symbolCharacteristic="" rotation="90.106453" branchNodeId="BN_9088-248">
		<AppRef name="E3.Series" version="2.13.7.0" guid="87e3224b-0daa-4bcc-b852-2e77cc34a292"/>
		<AdditionalPart id="ADDITIONALPART_58-4-0-10c074" compType="MU5T-14A468-AA"/>
		<Property id="PROPERTY_490" name="EXCLUDE_FROM_BOM" value="1"/>
		<Property id="PROPERTY_491" name="HRN_FAMILY" value="14401"/>
		<Property id="PROPERTY_492" name="HRN_Level_Ref" value="(ALL)"/>
		<Property id="PROPERTY_493" name="CONN_TERM_SEAL_REQ" value="No"/>
		<Property id="PROPERTY_494" name="DESCRIPTION_COMPONENT" value="SLV WIR CONN FEM ETHERNET"/>
		<Property id="PROPERTY_495" name="SUB_PROJECT" value="HRN-14401"/>
		<Property id="PROPERTY_496" name="DEVICE_NAME" value="C2DB02-C3D::"/>
		<Property id="PROPERTY_497" name="COMP_TYPE" value="CONN-DEVICE"/>
		<Property id="PROPERTY_498" name="DESCRIPTION_DEVICE" value="TO ECG"/>
		<DeviceItem xsi:type="Pin" id="PIN_58-18-0-10c07d" signalId="SIGNAL_18-36-0-251c74" name="1">
			<AppRef name="E3.Series" version="2.13.7.0" guid="d386d9da-c040-4315-bffb-b4982c4b3d16"/>
			<PinItem xsi:type="ConnectorPinTerminal" id="CONNECTORPINTERMINAL_58-18-0-10c07d" compType="WIRE-END-TERM:C2DB02-C3D:1"/>
		</DeviceItem>
		<DeviceItem xsi:type="Pin" id="PIN_58-18-0-10c081" signalId="SIGNAL_18-36-0-251c67" name="2">
			<AppRef name="E3.Series" version="2.13.7.0" guid="783253f2-7c96-42b9-9c01-a09c7ef1bd53"/>
			<PinItem xsi:type="ConnectorPinTerminal" id="CONNECTORPINTERMINAL_58-18-0-10c081" compType="WIRE-END-TERM:C2DB02-C3D:2"/>
		</DeviceItem>
	</HarnessItem>
	<HarnessItem xsi:type="Device" id="DEV_5d-14-0-a9adb" name="C2DB02-C3E" compType="MU5T-14489-KA" symbolName="F-Formboard_Conn_Symb" symbolCharacteristic="" rotation="90.191444" branchNodeId="BN_9040-280">
		<AppRef name="E3.Series" version="2.13.7.0" guid="dbca5dee-efb7-4bb5-afc8-288edcce2f25"/>
		<AdditionalPart id="ADDITIONALPART_5d-4-0-a9adc" compType="MU5T-14A468-AA"/>
		<Property id="PROPERTY_499" name="EXCLUDE_FROM_BOM" value="1"/>
		<Property id="PROPERTY_500" name="HRN_FAMILY" value="14401"/>
		<Property id="PROPERTY_501" name="HRN_Level_Ref" value="(PEPS-12)/(CNSL-MID)/(TACH-L0)"/>
		<Property id="PROPERTY_502" name="CONN_TERM_SEAL_REQ" value="No"/>
		<Property id="PROPERTY_503" name="DESCRIPTION_COMPONENT" value="SLV WIR CONN FEM ETHERNET"/>
		<Property id="PROPERTY_504" name="SUB_PROJECT" value="HRN-14401"/>
		<Property id="PROPERTY_505" name="DEVICE_NAME" value="C2DB02-C3E::"/>
		<Property id="PROPERTY_506" name="COMP_TYPE" value="CONN-DEVICE"/>
		<Property id="PROPERTY_507" name="DESCRIPTION_DEVICE" value="TO ECG"/>
		<Option id="OPTION_5d-14-0-a9adb_1" value="HKRAC | HKRAD"/>
		<DeviceItem xsi:type="Pin" id="PIN_5d-18-0-a9ae5" signalId="SIGNAL_18-36-0-251c5a" name="1">
			<AppRef name="E3.Series" version="2.13.7.0" guid="3fd86de9-c3b7-4ecb-a0f9-bb6d7c285c30"/>
			<PinItem xsi:type="ConnectorPinTerminal" id="CONNECTORPINTERMINAL_5d-18-0-a9ae5" compType="WIRE-END-TERM:C2DB02-C3E:1"/>
		</DeviceItem>
		<DeviceItem xsi:type="Pin" id="PIN_5d-18-0-a9ae9" signalId="SIGNAL_18-36-0-251c4d" name="2">
			<AppRef name="E3.Series" version="2.13.7.0" guid="8f954c27-82fb-4d7b-a1e7-60c86c8161f9"/>
			<PinItem xsi:type="ConnectorPinTerminal" id="CONNECTORPINTERMINAL_5d-18-0-a9ae9" compType="WIRE-END-TERM:C2DB02-C3E:2"/>
		</DeviceItem>
	</HarnessItem>
	<HarnessItem xsi:type="Device" id="DEV_3b-14-0-1a84f" name="C2LN84" compType="2L2T-14A624-BA" symbolName="F-Formboard_Conn_Symb" symbolCharacteristic="" rotation="270.000000" branchNodeId="BN_6350_25-298_156">
		<AppRef name="E3.Series" version="2.13.7.0" guid="bfccb7e2-a8bb-4965-a96d-d65290345313"/>
		<AdditionalPart id="ADDITIONALPART_6e-4-0-eed2" compType="BU5T-14E042-EA"/>
		<Property id="PROPERTY_508" name="HRN_FAMILY" value="14401"/>
		<Property id="PROPERTY_509" name="HRN_Level_Ref" value="(P-COL)/AH/AJ/AK/AL/AM/AN/AP/AR/CB/CC/CD/CE/XL/YC/YD/YK/YL/YP/YR/YU/YV/ZC/ZF"/>
		<Property id="PROPERTY_510" name="CONN_TERM_SEAL_REQ" value="No"/>
		<Property id="PROPERTY_511" name="DESCRIPTION_COMPONENT" value="CONNECTOR-CAT. 0 (.64MM BLADE)"/>
		<Property id="PROPERTY_512" name="SUB_PROJECT" value="HRN-14401"/>
		<Property id="PROPERTY_513" name="DEVICE_NAME" value="C2LN84::"/>
		<Property id="PROPERTY_514" name="COMP_TYPE" value="CONN-DEVICE"/>
		<Property id="PROPERTY_515" name="DESCRIPTION_DEVICE" value="TO DRV AMB LGHT"/>
		<Option id="OPTION_3b-14-0-1a84f_1" value="JCBAD"/>
		<DeviceItem xsi:type="Pin" id="PIN_3b-18-0-1ae95" signalId="SIGNAL_2-36-0-3330" name="1">
			<AppRef name="E3.Series" version="2.13.7.0" guid="a7b1a043-31f5-4f90-8a44-d06ee70d0a04"/>
			<PinItem xsi:type="ConnectorPinTerminal" id="CONNECTORPINTERMINAL_3b-18-0-1ae95" compType="WIRE-END-TERM:C2LN84:1"/>
		</DeviceItem>
		<DeviceItem xsi:type="Pin" id="PIN_3b-18-0-1ae9d" signalId="SIGNAL_d-36-0-e2ad6" name="2">
			<AppRef name="E3.Series" version="2.13.7.0" guid="07a52f6f-89de-4b73-9159-21829bf89359"/>
			<PinItem xsi:type="ConnectorPinTerminal" id="CONNECTORPINTERMINAL_3b-18-0-1ae9d" compType="WIRE-END-TERM:C2LN84:2"/>
		</DeviceItem>
		<DeviceItem xsi:type="Pin" id="PIN_3b-18-0-1aea5" signalId="SIGNAL_2-36-0-3a83" name="3">
			<AppRef name="E3.Series" version="2.13.7.0" guid="f46a1365-a7f0-4b70-b2eb-f9d247592f73"/>
			<PinItem xsi:type="ConnectorPinTerminal" id="CONNECTORPINTERMINAL_3b-18-0-1aea5" compType="WIRE-END-TERM:C2LN84:3"/>
		</DeviceItem>
	</HarnessItem>
	<HarnessItem xsi:type="Device" id="DEV_7f-14-0-520c94" name="C2LF44" compType="LU5T-14489-BGA" symbolName="F-Formboard_Conn_Symb" symbolCharacteristic="" rotation="90.000000" branchNodeId="BN_9256-192">
		<AppRef name="E3.Series" version="2.13.7.0" guid="c0b32728-259b-4731-a248-6a9d8a0b875a"/>
		<Property id="PROPERTY_516" name="SUBMERGIBLE" value="No"/>
		<Property id="PROPERTY_517" name="HRN_FAMILY" value="14401"/>
		<Property id="PROPERTY_518" name="HRN_Level_Ref" value="(CNSL-HI)/(A-STR)/VA/XM/YN"/>
		<Property id="PROPERTY_519" name="CONN_TERM_SEAL_REQ" value="No"/>
		<Property id="PROPERTY_520" name="DESCRIPTION_COMPONENT" value="CONNECTOR, UNSEALED, FEMALE 0.5 MM"/>
		<Property id="PROPERTY_521" name="SUB_PROJECT" value="HRN-14401"/>
		<Property id="PROPERTY_522" name="DEVICE_NAME" value="C2LF44::"/>
		<Property id="PROPERTY_523" name="COMP_TYPE" value="CONN-DEVICE"/>
		<Property id="PROPERTY_524" name="DESCRIPTION_DEVICE" value="TO ADAPTIVE DSS HEADLAMP"/>
		<Option id="OPTION_7f-14-0-520c94_1" value="JBBA8 | JBBBH | JBBBJ | JBBBN"/>
		<DeviceItem xsi:type="Pin" id="PIN_7f-18-0-5212d2" signalId="SIGNAL_2-36-0-4108" name="1">
			<AppRef name="E3.Series" version="2.13.7.0" guid="c8b28081-97e1-46ba-9eec-bda6ef5c15dd"/>
			<PinItem xsi:type="ConnectorPinTerminal" id="CONNECTORPINTERMINAL_7f-18-0-5212d2" compType="WIRE-END-TERM:C2LF44:1"/>
		</DeviceItem>
		<DeviceItem xsi:type="Pin" id="PIN_7f-18-0-5212de" signalId="SIGNAL_2-36-0-3fd3" name="2">
			<AppRef name="E3.Series" version="2.13.7.0" guid="f37b15a9-8330-4485-ae29-5dfb074c123c"/>
			<PinItem xsi:type="ConnectorPinTerminal" id="CONNECTORPINTERMINAL_7f-18-0-5212de" compType="WIRE-END-TERM:C2LF44:2"/>
		</DeviceItem>
		<DeviceItem xsi:type="Pin" id="PIN_7f-18-0-5212e4" signalId="SIGNAL_2-36-0-3fd4" name="3">
			<AppRef name="E3.Series" version="2.13.7.0" guid="b31627aa-c69e-4c47-a83b-f5c57be7de61"/>
			<PinItem xsi:type="ConnectorPinTerminal" id="CONNECTORPINTERMINAL_7f-18-0-5212e4" compType="WIRE-END-TERM:C2LF44:3"/>
		</DeviceItem>
		<DeviceItem xsi:type="Pin" id="PIN_7f-18-0-5212c9" signalId="SIGNAL_EMPTY" name="4">
			<AppRef name="E3.Series" version="2.13.7.0" guid="a973cd8b-232e-480b-a561-6d19690e8a0e"/>
		</DeviceItem>
		<DeviceItem xsi:type="Pin" id="PIN_7f-18-0-5212cd" signalId="SIGNAL_EMPTY" name="5">
			<AppRef name="E3.Series" version="2.13.7.0" guid="60d6752c-8042-46a5-9a81-9aff62aa004c"/>
		</DeviceItem>
		<DeviceItem xsi:type="Pin" id="PIN_7f-18-0-521314" signalId="SIGNAL_2-36-0-4109" name="6">
			<AppRef name="E3.Series" version="2.13.7.0" guid="a0c4fd47-ffad-4b6c-8007-0fe061feeedf"/>
			<PinItem xsi:type="ConnectorPinTerminal" id="CONNECTORPINTERMINAL_7f-18-0-521314" compType="WIRE-END-TERM:C2LF44:6"/>
		</DeviceItem>
		<DeviceItem xsi:type="Pin" id="PIN_7f-18-0-5212d8" signalId="SIGNAL_2-36-0-39d6" name="7">
			<AppRef name="E3.Series" version="2.13.7.0" guid="49dbae96-4d9e-41ad-b160-499e6abf17b8"/>
		</DeviceItem>
		<DeviceItem xsi:type="Pin" id="PIN_7f-18-0-5212ea" signalId="SIGNAL_2-36-0-3b47" name="8">
			<AppRef name="E3.Series" version="2.13.7.0" guid="8b866864-6b30-4bdd-86c0-4e4ace3733b8"/>
			<PinItem xsi:type="ConnectorPinTerminal" id="CONNECTORPINTERMINAL_7f-18-0-5212ea" compType="WIRE-END-TERM:C2LF44:8"/>
		</DeviceItem>
		<DeviceItem xsi:type="Pin" id="PIN_7f-18-0-5212fc" signalId="SIGNAL_2-36-0-410a" name="9">
			<AppRef name="E3.Series" version="2.13.7.0" guid="c655910f-d42b-4b20-a830-83f2a1cd4797"/>
			<PinItem xsi:type="ConnectorPinTerminal" id="CONNECTORPINTERMINAL_7f-18-0-5212fc" compType="WIRE-END-TERM:C2LF44:9"/>
		</DeviceItem>
		<DeviceItem xsi:type="Pin" id="PIN_7f-18-0-52130e" signalId="SIGNAL_2-36-0-3299" name="10">
			<AppRef name="E3.Series" version="2.13.7.0" guid="5d7ff804-693b-4695-985b-87770f6e5267"/>
			<PinItem xsi:type="ConnectorPinTerminal" id="CONNECTORPINTERMINAL_7f-18-0-52130e" compType="WIRE-END-TERM:C2LF44:10"/>
		</DeviceItem>
		<DeviceItem xsi:type="Pin" id="PIN_7f-18-0-5212f0" signalId="SIGNAL_2-36-0-4105" name="11">
			<AppRef name="E3.Series" version="2.13.7.0" guid="14b4eb75-0608-49ba-8cce-7ccd854a7b74"/>
			<PinItem xsi:type="ConnectorPinTerminal" id="CONNECTORPINTERMINAL_7f-18-0-5212f0" compType="WIRE-END-TERM:C2LF44:11"/>
		</DeviceItem>
		<DeviceItem xsi:type="Pin" id="PIN_7f-18-0-521302" signalId="SIGNAL_2-36-0-4104" name="12">
			<AppRef name="E3.Series" version="2.13.7.0" guid="25b60460-7d68-4db6-a1ab-10dc75d19b2e"/>
			<PinItem xsi:type="ConnectorPinTerminal" id="CONNECTORPINTERMINAL_7f-18-0-521302" compType="WIRE-END-TERM:C2LF44:12"/>
		</DeviceItem>
		<DeviceItem xsi:type="Pin" id="PIN_7f-18-0-521320" signalId="SIGNAL_2-36-0-3a83" name="13">
			<AppRef name="E3.Series" version="2.13.7.0" guid="2422d009-1f9c-4372-b016-1962c6c8847a"/>
			<PinItem xsi:type="ConnectorPinTerminal" id="CONNECTORPINTERMINAL_7f-18-0-521320" compType="WIRE-END-TERM:C2LF44:13"/>
		</DeviceItem>
		<DeviceItem xsi:type="Pin" id="PIN_7f-18-0-5212f6" signalId="SIGNAL_2-36-0-3c62" name="14">
			<AppRef name="E3.Series" version="2.13.7.0" guid="91844932-5672-4b8c-9da0-4bc5eee1fd00"/>
			<PinItem xsi:type="ConnectorPinTerminal" id="CONNECTORPINTERMINAL_7f-18-0-5212f6" compType="WIRE-END-TERM:C2LF44:14"/>
		</DeviceItem>
		<DeviceItem xsi:type="Pin" id="PIN_7f-18-0-521308" signalId="SIGNAL_2-36-0-410b" name="15">
			<AppRef name="E3.Series" version="2.13.7.0" guid="0c487f07-fe5d-4cab-ac77-41e96b779dcc"/>
			<PinItem xsi:type="ConnectorPinTerminal" id="CONNECTORPINTERMINAL_7f-18-0-521308" compType="WIRE-END-TERM:C2LF44:15"/>
		</DeviceItem>
		<DeviceItem xsi:type="Pin" id="PIN_7f-18-0-52131a" signalId="SIGNAL_2-36-0-39d7" name="16">
			<AppRef name="E3.Series" version="2.13.7.0" guid="e1af8184-b773-47ee-bb5b-def68370acb5"/>
		</DeviceItem>
	</HarnessItem>
	<HarnessItem xsi:type="Device" id="DEV_49-14-0-350604" name="C2AT50" compType="DU5T-14489-CCA" symbolName="F-Formboard_Conn_Symb" symbolCharacteristic="" rotation="90.000000" branchNodeId="BN_8352_25-141_156">
		<AppRef name="E3.Series" version="2.13.7.0" guid="6a7fa582-7a20-451c-b0ea-c9612b655bbd"/>
		<Property id="PROPERTY_525" name="SUBMERGIBLE" value="No"/>
		<Property id="PROPERTY_526" name="HRN_FAMILY" value="14401"/>
		<Property id="PROPERTY_527" name="HRN_Level_Ref" value="(ALL)"/>
		<Property id="PROPERTY_528" name="CONN_TERM_SEAL_REQ" value="No"/>
		<Property id="PROPERTY_529" name="DESCRIPTION_COMPONENT" value="CONNECTOR,  0.64 MM, FEMALE, UNSEALED"/>
		<Property id="PROPERTY_530" name="SUB_PROJECT" value="HRN-14401"/>
		<Property id="PROPERTY_531" name="DEVICE_NAME" value="C2AT50::"/>
		<Property id="PROPERTY_532" name="COMP_TYPE" value="CONN-DEVICE"/>
		<Property id="PROPERTY_533" name="DESCRIPTION_DEVICE" value="TRLR TOW"/>
		<DeviceItem xsi:type="Pin" id="PIN_49-18-0-35061b" signalId="SIGNAL_18-36-0-253129" name="1">
			<AppRef name="E3.Series" version="2.13.7.0" guid="3df0d0f1-0d9e-4d62-bc35-f1ff47b93ede"/>
			<PinItem xsi:type="ConnectorPinTerminal" id="CONNECTORPINTERMINAL_49-18-0-35061b" compType="WIRE-END-TERM:C2AT50:1"/>
		</DeviceItem>
		<DeviceItem xsi:type="Pin" id="PIN_49-18-0-350622" signalId="SIGNAL_d-36-0-e26d9" name="2">
			<AppRef name="E3.Series" version="2.13.7.0" guid="ffede2a5-4089-4fb8-ba07-009662b3a128"/>
			<PinItem xsi:type="ConnectorPinTerminal" id="CONNECTORPINTERMINAL_49-18-0-350622" compType="WIRE-END-TERM:C2AT50:2"/>
		</DeviceItem>
		<DeviceItem xsi:type="Pin" id="PIN_49-18-0-350630" signalId="SIGNAL_2-36-0-4111" name="3">
			<AppRef name="E3.Series" version="2.13.7.0" guid="93f6d59b-ede2-49c5-8860-f688c39830c7"/>
			<PinItem xsi:type="ConnectorPinTerminal" id="CONNECTORPINTERMINAL_49-18-0-350630" compType="WIRE-END-TERM:C2AT50:3"/>
		</DeviceItem>
		<DeviceItem xsi:type="Pin" id="PIN_49-18-0-350629" signalId="SIGNAL_2-36-0-3a85" name="4">
			<AppRef name="E3.Series" version="2.13.7.0" guid="3d98956a-48a4-4137-9267-02988a0de339"/>
			<PinItem xsi:type="ConnectorPinTerminal" id="CONNECTORPINTERMINAL_49-18-0-350629" compType="WIRE-END-TERM:C2AT50:4"/>
		</DeviceItem>
	</HarnessItem>
	<HarnessItem xsi:type="Device" id="DEV_96-14-0-e1ed" name="C2PP04" compType="4S7T-14489-VDA" symbolName="F-Formboard_Conn_Symb" symbolCharacteristic="" rotation="180.000000" branchNodeId="BN_7290_25-62_156">
		<AppRef name="E3.Series" version="2.13.7.0" guid="bf8b0c9e-e0e6-4a35-8c38-b67004d4085a"/>
		<Property id="PROPERTY_534" name="HRN_FAMILY" value="14401"/>
		<Property id="PROPERTY_535" name="HRN_Level_Ref" value="(P-COL)"/>
		<Property id="PROPERTY_536" name="CONN_TERM_SEAL_REQ" value="No"/>
		<Property id="PROPERTY_537" name="DESCRIPTION_COMPONENT" value="CONN.(1,5 MM FLAT TERM.SYS.)- 2.0) 1,5 M"/>
		<Property id="PROPERTY_538" name="SUB_PROJECT" value="HRN-14401"/>
		<Property id="PROPERTY_539" name="DEVICE_NAME" value="C2PP04::"/>
		<Property id="PROPERTY_540" name="COMP_TYPE" value="CONN-DEVICE"/>
		<Property id="PROPERTY_541" name="DESCRIPTION_DEVICE" value="TO PWR COL MTR TILT"/>
		<Option id="OPTION_96-14-0-e1ed_1" value="GRAAP"/>
		<DeviceItem xsi:type="Pin" id="PIN_96-18-0-e59d" signalId="SIGNAL_2-36-0-37e4" name="1">
			<AppRef name="E3.Series" version="2.13.7.0" guid="cd4dd13d-793b-4e0b-9c08-f3f81e184244"/>
			<PinItem xsi:type="ConnectorPinTerminal" id="CONNECTORPINTERMINAL_96-18-0-e59d" compType="WIRE-END-TERM:C2PP04:1"/>
		</DeviceItem>
		<DeviceItem xsi:type="Pin" id="PIN_96-18-0-e5ad" signalId="SIGNAL_2-36-0-37f0" name="2">
			<AppRef name="E3.Series" version="2.13.7.0" guid="feb62698-243d-47be-84d8-3f57226d632e"/>
			<PinItem xsi:type="ConnectorPinTerminal" id="CONNECTORPINTERMINAL_96-18-0-e5ad" compType="WIRE-END-TERM:C2PP04:2"/>
		</DeviceItem>
		<DeviceItem xsi:type="Pin" id="PIN_96-18-0-e595" signalId="SIGNAL_2-36-0-3d0d" name="3">
			<AppRef name="E3.Series" version="2.13.7.0" guid="715de2db-10cd-4c37-a080-a4d93420b860"/>
			<PinItem xsi:type="ConnectorPinTerminal" id="CONNECTORPINTERMINAL_96-18-0-e595" compType="WIRE-END-TERM:C2PP04:3"/>
		</DeviceItem>
		<DeviceItem xsi:type="Pin" id="PIN_96-18-0-e5a5" signalId="SIGNAL_2-36-0-421b" name="4">
			<AppRef name="E3.Series" version="2.13.7.0" guid="d04856fc-5d92-4bc9-a3b4-6ad7a00a67bd"/>
			<PinItem xsi:type="ConnectorPinTerminal" id="CONNECTORPINTERMINAL_96-18-0-e5a5" compType="WIRE-END-TERM:C2PP04:4"/>
		</DeviceItem>
	</HarnessItem>
	<HarnessItem xsi:type="Device" id="DEV_96-14-0-e1e7" name="C2PP03" compType="4S7T-14489-VFA" symbolName="F-Formboard_Conn_Symb" symbolCharacteristic="" rotation="357.305725" branchNodeId="BN_6402_25-78_156">
		<AppRef name="E3.Series" version="2.13.7.0" guid="6409a738-04dd-4c3c-af16-b0ffde227113"/>
		<Property id="PROPERTY_542" name="HRN_FAMILY" value="14401"/>
		<Property id="PROPERTY_543" name="HRN_Level_Ref" value="(P-COL)"/>
		<Property id="PROPERTY_544" name="CONN_TERM_SEAL_REQ" value="No"/>
		<Property id="PROPERTY_545" name="DESCRIPTION_COMPONENT" value="CONN.(1,5 MM FLAT TERM.SYS.)- 2.0) 1,5 M"/>
		<Property id="PROPERTY_546" name="SUB_PROJECT" value="HRN-14401"/>
		<Property id="PROPERTY_547" name="DEVICE_NAME" value="C2PP03::"/>
		<Property id="PROPERTY_548" name="COMP_TYPE" value="CONN-DEVICE"/>
		<Property id="PROPERTY_549" name="DESCRIPTION_DEVICE" value="TO PWR COL MTR TELE"/>
		<Option id="OPTION_96-14-0-e1e7_1" value="GRAAP"/>
		<DeviceItem xsi:type="Pin" id="PIN_96-18-0-e57d" signalId="SIGNAL_2-36-0-37ef" name="1">
			<AppRef name="E3.Series" version="2.13.7.0" guid="09de5661-74ed-4e3a-a0a5-5392f91a72fd"/>
			<PinItem xsi:type="ConnectorPinTerminal" id="CONNECTORPINTERMINAL_96-18-0-e57d" compType="WIRE-END-TERM:C2PP03:1"/>
		</DeviceItem>
		<DeviceItem xsi:type="Pin" id="PIN_96-18-0-e58d" signalId="SIGNAL_2-36-0-37e3" name="2">
			<AppRef name="E3.Series" version="2.13.7.0" guid="c2497047-6434-45d3-a859-f5cd34143140"/>
			<PinItem xsi:type="ConnectorPinTerminal" id="CONNECTORPINTERMINAL_96-18-0-e58d" compType="WIRE-END-TERM:C2PP03:2"/>
		</DeviceItem>
		<DeviceItem xsi:type="Pin" id="PIN_96-18-0-e575" signalId="SIGNAL_2-36-0-3d0d" name="3">
			<AppRef name="E3.Series" version="2.13.7.0" guid="cdc79a0a-a44e-4ec7-917f-9a8a2c3e3325"/>
			<PinItem xsi:type="ConnectorPinTerminal" id="CONNECTORPINTERMINAL_96-18-0-e575" compType="WIRE-END-TERM:C2PP03:3"/>
		</DeviceItem>
		<DeviceItem xsi:type="Pin" id="PIN_96-18-0-e585" signalId="SIGNAL_2-36-0-421d" name="4">
			<AppRef name="E3.Series" version="2.13.7.0" guid="1611882e-faf8-4ace-b487-b3a67797acaf"/>
			<PinItem xsi:type="ConnectorPinTerminal" id="CONNECTORPINTERMINAL_96-18-0-e585" compType="WIRE-END-TERM:C2PP03:4"/>
		</DeviceItem>
	</HarnessItem>
	<HarnessItem xsi:type="Device" id="DEV_8-14-0-18c4c" name="C2R168" compType="7M5T-14489-BA" symbolName="F-Formboard_Conn_Symb" symbolCharacteristic="" rotation="90.000000" branchNodeId="BN_5623_9-162_058">
		<AppRef name="E3.Series" version="2.13.7.0" guid="062f0c1e-7d0a-400c-bf45-862a4c25c9ca"/>
		<Property id="PROPERTY_550" name="HRN_FAMILY" value="14401"/>
		<Property id="PROPERTY_551" name="HRN_Level_Ref" value="(ALL)"/>
		<Property id="PROPERTY_552" name="CONN_TERM_SEAL_REQ" value="No"/>
		<Property id="PROPERTY_553" name="DESCRIPTION_COMPONENT" value="CONNECTOR-SQUIB TYPE"/>
		<Property id="PROPERTY_554" name="SUB_PROJECT" value="HRN-14401"/>
		<Property id="PROPERTY_555" name="DEVICE_NAME" value="C2R168::"/>
		<Property id="PROPERTY_556" name="COMP_TYPE" value="CONN-DEVICE"/>
		<Property id="PROPERTY_557" name="DESCRIPTION_DEVICE" value="TO ACT ST COL PYRO"/>
		<Option id="OPTION_8-14-0-18c4c_1" value="GRAA2"/>
		<Option id="OPTION_8-14-0-18c4c_2" value="GRAA3"/>
		<Option id="OPTION_8-14-0-18c4c_3" value="GRAAP"/>
		<DeviceItem xsi:type="Pin" id="PIN_8-18-0-193d1" signalId="SIGNAL_2-36-0-3926" name="1">
			<AppRef name="E3.Series" version="2.13.7.0" guid="7bf0f849-0011-4727-b3f2-dece3b53144b"/>
			<PinItem xsi:type="ConnectorPinTerminal" id="CONNECTORPINTERMINAL_8-18-0-193d1" compType="P/O ASSY"/>
		</DeviceItem>
		<DeviceItem xsi:type="Pin" id="PIN_8-18-0-193d8" signalId="SIGNAL_2-36-0-3d74" name="2">
			<AppRef name="E3.Series" version="2.13.7.0" guid="f4f92c85-0e33-4bbb-af3d-975cd69c8012"/>
			<PinItem xsi:type="ConnectorPinTerminal" id="CONNECTORPINTERMINAL_8-18-0-193d8" compType="P/O ASSY"/>
		</DeviceItem>
	</HarnessItem>
	<HarnessItem xsi:type="Device" id="DEV_c0-14-0-5001bf" name="C2ET76-P" compType="HU5T-14489-UA" symbolName="F-Formboard_Conn_Symb" symbolCharacteristic="" rotation="90.000000" branchNodeId="BN_5263_9-198_058">
		<AppRef name="E3.Series" version="2.13.7.0" guid="8e9081cb-4adb-46f3-9ed5-87565aa8e473"/>
		<Property id="PROPERTY_558" name="SUBMERGIBLE" value="No"/>
		<Property id="PROPERTY_559" name="HRN_FAMILY" value="14401"/>
		<Property id="PROPERTY_560" name="HRN_Level_Ref" value="(C-SHF)"/>
		<Property id="PROPERTY_561" name="CONN_TERM_SEAL_REQ" value="No"/>
		<Property id="PROPERTY_562" name="DESCRIPTION_COMPONENT" value="CONNECTOR,  0.5 MM, FEMALE, UNSEALED"/>
		<Property id="PROPERTY_563" name="SUB_PROJECT" value="HRN-14401"/>
		<Property id="PROPERTY_564" name="DEVICE_NAME" value="C2ET76-P::"/>
		<Property id="PROPERTY_565" name="COMP_TYPE" value="CONN-DEVICE"/>
		<Property id="PROPERTY_566" name="DESCRIPTION_DEVICE" value="TO COLUMN GEAR SHIFT"/>
		<Option id="OPTION_c0-14-0-5001bf_1" value="GRAA2"/>
		<DeviceItem xsi:type="Pin" id="PIN_c0-18-0-500292" signalId="SIGNAL_2-36-0-3ebd" name="1">
			<AppRef name="E3.Series" version="2.13.7.0" guid="84a369db-afc6-49d0-808c-62dbc0bfa246"/>
			<PinItem xsi:type="ConnectorPinTerminal" id="CONNECTORPINTERMINAL_c0-18-0-500292" compType="WIRE-END-TERM:C2ET76-P:1"/>
		</DeviceItem>
		<DeviceItem xsi:type="Pin" id="PIN_c0-18-0-500298" signalId="SIGNAL_2-36-0-3fd3" name="2">
			<AppRef name="E3.Series" version="2.13.7.0" guid="0028ab58-c218-4879-b72f-f7c2c8778a1b"/>
			<PinItem xsi:type="ConnectorPinTerminal" id="CONNECTORPINTERMINAL_c0-18-0-500298" compType="WIRE-END-TERM:C2ET76-P:2"/>
		</DeviceItem>
		<DeviceItem xsi:type="Pin" id="PIN_c0-18-0-50029e" signalId="SIGNAL_2-36-0-3fd4" name="3">
			<AppRef name="E3.Series" version="2.13.7.0" guid="c139660d-4c08-44f8-89fc-5592d8c60939"/>
			<PinItem xsi:type="ConnectorPinTerminal" id="CONNECTORPINTERMINAL_c0-18-0-50029e" compType="WIRE-END-TERM:C2ET76-P:3"/>
		</DeviceItem>
		<DeviceItem xsi:type="Pin" id="PIN_c0-18-0-5002a4" signalId="SIGNAL_EMPTY" name="4">
			<AppRef name="E3.Series" version="2.13.7.0" guid="e55e14bf-e5c0-4727-b18b-66b25e317155"/>
		</DeviceItem>
		<DeviceItem xsi:type="Pin" id="PIN_c0-18-0-5002aa" signalId="SIGNAL_EMPTY" name="5">
			<AppRef name="E3.Series" version="2.13.7.0" guid="bbe64ae6-80d3-497f-a76a-03a4463e987a"/>
		</DeviceItem>
		<DeviceItem xsi:type="Pin" id="PIN_c0-18-0-5002b0" signalId="SIGNAL_EMPTY" name="6">
			<AppRef name="E3.Series" version="2.13.7.0" guid="431885b4-19fe-4413-a8a0-ae40cceecc10"/>
		</DeviceItem>
		<DeviceItem xsi:type="Pin" id="PIN_c0-18-0-5002ca" signalId="SIGNAL_EMPTY" name="7">
			<AppRef name="E3.Series" version="2.13.7.0" guid="b2d57b45-637a-4cd7-8248-13f6c363f051"/>
		</DeviceItem>
		<DeviceItem xsi:type="Pin" id="PIN_c0-18-0-5002d0" signalId="SIGNAL_EMPTY" name="8">
			<AppRef name="E3.Series" version="2.13.7.0" guid="225e4e27-5b11-40cd-8a98-dbf38b41f57c"/>
		</DeviceItem>
		<DeviceItem xsi:type="Pin" id="PIN_c0-18-0-5002b6" signalId="SIGNAL_99-36-0-15f7a1" name="9">
			<AppRef name="E3.Series" version="2.13.7.0" guid="9171d0aa-13ac-427a-909a-775bfe97f35a"/>
			<PinItem xsi:type="ConnectorPinTerminal" id="CONNECTORPINTERMINAL_c0-18-0-5002b6" compType="WIRE-END-TERM:C2ET76-P:9"/>
		</DeviceItem>
		<DeviceItem xsi:type="Pin" id="PIN_c0-18-0-500277" signalId="SIGNAL_2-36-0-37b5" name="10">
			<AppRef name="E3.Series" version="2.13.7.0" guid="728af5ca-b12c-435b-ab00-74beff57a723"/>
			<PinItem xsi:type="ConnectorPinTerminal" id="CONNECTORPINTERMINAL_c0-18-0-500277" compType="WIRE-END-TERM:C2ET76-P:10"/>
		</DeviceItem>
		<DeviceItem xsi:type="Pin" id="PIN_c0-18-0-50027c" signalId="SIGNAL_2-36-0-3549" name="11">
			<AppRef name="E3.Series" version="2.13.7.0" guid="8bb17cd6-dd30-4ee0-becc-4d8961e93f75"/>
			<PinItem xsi:type="ConnectorPinTerminal" id="CONNECTORPINTERMINAL_c0-18-0-50027c" compType="WIRE-END-TERM:C2ET76-P:11"/>
		</DeviceItem>
		<DeviceItem xsi:type="Pin" id="PIN_c0-18-0-500281" signalId="SIGNAL_2-36-0-3548" name="12">
			<AppRef name="E3.Series" version="2.13.7.0" guid="8940e498-3ca5-4b8f-85f9-842115b6ace4"/>
			<PinItem xsi:type="ConnectorPinTerminal" id="CONNECTORPINTERMINAL_c0-18-0-500281" compType="WIRE-END-TERM:C2ET76-P:12"/>
		</DeviceItem>
		<DeviceItem xsi:type="Pin" id="PIN_c0-18-0-5002bd" signalId="SIGNAL_56-36-0-8325a" name="13">
			<AppRef name="E3.Series" version="2.13.7.0" guid="c6d9b396-2d3d-4ed9-a90e-5352887d57d8"/>
			<PinItem xsi:type="ConnectorPinTerminal" id="CONNECTORPINTERMINAL_c0-18-0-5002bd" compType="WIRE-END-TERM:C2ET76-P:13"/>
		</DeviceItem>
		<DeviceItem xsi:type="Pin" id="PIN_c0-18-0-50028b" signalId="SIGNAL_56-36-0-8325b" name="14">
			<AppRef name="E3.Series" version="2.13.7.0" guid="a6dde134-a400-4256-aba3-9508bf6daa6f"/>
			<PinItem xsi:type="ConnectorPinTerminal" id="CONNECTORPINTERMINAL_c0-18-0-50028b" compType="WIRE-END-TERM:C2ET76-P:14"/>
		</DeviceItem>
		<DeviceItem xsi:type="Pin" id="PIN_c0-18-0-5002c4" signalId="SIGNAL_2-36-0-377b" name="15">
			<AppRef name="E3.Series" version="2.13.7.0" guid="e30cd699-9f6b-4453-9698-a43d57dbc5c6"/>
			<PinItem xsi:type="ConnectorPinTerminal" id="CONNECTORPINTERMINAL_c0-18-0-5002c4" compType="WIRE-END-TERM:C2ET76-P:15"/>
		</DeviceItem>
		<DeviceItem xsi:type="Pin" id="PIN_c0-18-0-500286" signalId="SIGNAL_2-36-0-3a83" name="16">
			<AppRef name="E3.Series" version="2.13.7.0" guid="cc3d43f2-0d40-44c7-9b67-52433681c471"/>
			<PinItem xsi:type="ConnectorPinTerminal" id="CONNECTORPINTERMINAL_c0-18-0-500286" compType="WIRE-END-TERM:C2ET76-P:16"/>
		</DeviceItem>
	</HarnessItem>
	<HarnessItem xsi:type="Device" id="DEV_48-14-0-85d77e" name="C2AM01-F" compType="4S7T-14489-VNA" symbolName="F-Formboard_Conn_Symb" symbolCharacteristic="" rotation="90.000000" branchNodeId="BN_5135_9-222_058">
		<AppRef name="E3.Series" version="2.13.7.0" guid="24ed3de2-987a-4684-bc7d-bb590b500da7"/>
		<Property id="PROPERTY_567" name="HRN_FAMILY" value="14401"/>
		<Property id="PROPERTY_568" name="HRN_Level_Ref" value="DA/DB/DC/DD/VA/XM/XR/YM/YN/YS/YT/ZA/ZB/ZC/ZD/ZF/ZH"/>
		<Property id="PROPERTY_569" name="CONN_TERM_SEAL_REQ" value="No"/>
		<Property id="PROPERTY_570" name="DESCRIPTION_COMPONENT" value="CONN.(2,8 MM FLAT TERM.SYS.)- 3) 2,8 MM"/>
		<Property id="PROPERTY_571" name="SUB_PROJECT" value="HRN-14401"/>
		<Property id="PROPERTY_572" name="DEVICE_NAME" value="C2AM01-F::"/>
		<Property id="PROPERTY_573" name="COMP_TYPE" value="CONN-DEVICE"/>
		<Property id="PROPERTY_574" name="DESCRIPTION_DEVICE" value="TO SCCM"/>
		<Option id="OPTION_48-14-0-85d77e_1" value="GTBAB &amp; GPAAJ"/>
		<DeviceItem xsi:type="Pin" id="PIN_48-18-0-85d781" signalId="SIGNAL_2-36-0-3a83" name="1">
			<AppRef name="E3.Series" version="2.13.7.0" guid="5084cfbb-cb76-45ab-9e80-ae9e44d86d5b"/>
			<PinItem xsi:type="ConnectorPinTerminal" id="CONNECTORPINTERMINAL_48-18-0-85d781" compType="WIRE-END-TERM:C2AM01-F:1"/>
		</DeviceItem>
		<DeviceItem xsi:type="Pin" id="PIN_48-18-0-85d785" signalId="SIGNAL_2-36-0-32ac" name="2">
			<AppRef name="E3.Series" version="2.13.7.0" guid="75a1598f-0f83-4dfe-b767-ee0715e1f3d0"/>
			<PinItem xsi:type="ConnectorPinTerminal" id="CONNECTORPINTERMINAL_48-18-0-85d785" compType="WIRE-END-TERM:C2AM01-F:2"/>
		</DeviceItem>
	</HarnessItem>
	<HarnessItem xsi:type="Device" id="DEV_48-14-0-85d563" name="C2AM01-B" compType="2L7T-14489-AB" symbolName="F-Formboard_Conn_Symb" symbolCharacteristic="" rotation="90.000000" branchNodeId="BN_4919_9-222_058">
		<AppRef name="E3.Series" version="2.13.7.0" guid="7744f42a-fddc-4b44-ae33-8b4e99616740"/>
		<Property id="PROPERTY_575" name="HRN_FAMILY" value="14401"/>
		<Property id="PROPERTY_576" name="HRN_Level_Ref" value="(E-STR)"/>
		<Property id="PROPERTY_577" name="CONN_TERM_SEAL_REQ" value="No"/>
		<Property id="PROPERTY_578" name="DESCRIPTION_COMPONENT" value="CONNECTOR-CAT. 0 (.64MM BLADE)"/>
		<Property id="PROPERTY_579" name="SUB_PROJECT" value="HRN-14401"/>
		<Property id="PROPERTY_580" name="DEVICE_NAME" value="C2AM01-B::"/>
		<Property id="PROPERTY_581" name="COMP_TYPE" value="CONN-DEVICE"/>
		<Property id="PROPERTY_582" name="DESCRIPTION_DEVICE" value="TO (SCCM/SWCM)"/>
		<Option id="OPTION_48-14-0-85d563_1" value="GPAAJ"/>
		<DeviceItem xsi:type="Pin" id="PIN_48-18-0-85d566" signalId="SIGNAL_EMPTY" name="1">
			<AppRef name="E3.Series" version="2.13.7.0" guid="f6bc1601-1d5d-4840-ba01-98e9cf3af475"/>
		</DeviceItem>
		<DeviceItem xsi:type="Pin" id="PIN_48-18-0-85d56a" signalId="SIGNAL_2-36-0-3ec3" name="2">
			<AppRef name="E3.Series" version="2.13.7.0" guid="17f7da19-546f-4d4a-bf60-1aeaf86ccf10"/>
			<PinItem xsi:type="ConnectorPinTerminal" id="CONNECTORPINTERMINAL_48-18-0-85d56a" compType="WIRE-END-TERM:C2AM01-B:2"/>
		</DeviceItem>
		<DeviceItem xsi:type="Pin" id="PIN_48-18-0-85d56e" signalId="SIGNAL_d-36-0-e3067" name="3">
			<AppRef name="E3.Series" version="2.13.7.0" guid="0d8ef155-112c-4170-8cee-511e6e28ce15"/>
			<PinItem xsi:type="ConnectorPinTerminal" id="CONNECTORPINTERMINAL_48-18-0-85d56e" compType="WIRE-END-TERM:C2AM01-B:3"/>
		</DeviceItem>
		<DeviceItem xsi:type="Pin" id="PIN_48-18-0-85d572" signalId="SIGNAL_2-36-0-3989" name="4">
			<AppRef name="E3.Series" version="2.13.7.0" guid="a7bd6a4a-28b2-4679-a0be-714d1c73cd1d"/>
			<PinItem xsi:type="ConnectorPinTerminal" id="CONNECTORPINTERMINAL_48-18-0-85d572" compType="WIRE-END-TERM:C2AM01-B:4"/>
		</DeviceItem>
		<DeviceItem xsi:type="Pin" id="PIN_48-18-0-85d576" signalId="SIGNAL_2-36-0-3fd3" name="5">
			<AppRef name="E3.Series" version="2.13.7.0" guid="e6c5161a-e876-494f-bb89-bd1d9f5e3fc7"/>
			<PinItem xsi:type="ConnectorPinTerminal" id="CONNECTORPINTERMINAL_48-18-0-85d576" compType="WIRE-END-TERM:C2AM01-B:5"/>
		</DeviceItem>
		<DeviceItem xsi:type="Pin" id="PIN_48-18-0-85d57a" signalId="SIGNAL_2-36-0-3fd4" name="6">
			<AppRef name="E3.Series" version="2.13.7.0" guid="0251c9a9-ffb5-4121-9b4d-15533465e75f"/>
			<PinItem xsi:type="ConnectorPinTerminal" id="CONNECTORPINTERMINAL_48-18-0-85d57a" compType="WIRE-END-TERM:C2AM01-B:6"/>
		</DeviceItem>
		<DeviceItem xsi:type="Pin" id="PIN_48-18-0-85d57e" signalId="SIGNAL_2-36-0-4111" name="7">
			<AppRef name="E3.Series" version="2.13.7.0" guid="0a3f5a24-d3f8-4d0c-a4c7-d469f1778a66"/>
			<PinItem xsi:type="ConnectorPinTerminal" id="CONNECTORPINTERMINAL_48-18-0-85d57e" compType="WIRE-END-TERM:C2AM01-B:7"/>
		</DeviceItem>
		<DeviceItem xsi:type="Pin" id="PIN_48-18-0-85d582" signalId="SIGNAL_2-36-0-3a83" name="8">
			<AppRef name="E3.Series" version="2.13.7.0" guid="88c9baa0-62e7-44b6-afd1-dcd832a914af"/>
			<PinItem xsi:type="ConnectorPinTerminal" id="CONNECTORPINTERMINAL_48-18-0-85d582" compType="WIRE-END-TERM:C2AM01-B:8"/>
		</DeviceItem>
	</HarnessItem>
	<HarnessItem xsi:type="Device" id="DEV_43-14-0-32b931" name="C2AM01-B3" compType="2L7T-14489-AB" symbolName="F-Formboard_Conn_Symb" symbolCharacteristic="" rotation="90.000000" branchNodeId="BN_4783_9-170_058">
		<AppRef name="E3.Series" version="2.13.7.0" guid="01709020-e77a-4cbe-86c8-fc4079f1ce79"/>
		<Property id="PROPERTY_583" name="HRN_FAMILY" value="14401"/>
		<Property id="PROPERTY_584" name="HRN_Level_Ref" value="(A-STR)"/>
		<Property id="PROPERTY_585" name="CONN_TERM_SEAL_REQ" value="No"/>
		<Property id="PROPERTY_586" name="DESCRIPTION_COMPONENT" value="CONNECTOR-CAT. 0 (.64MM BLADE)"/>
		<Property id="PROPERTY_587" name="SUB_PROJECT" value="HRN-14401"/>
		<Property id="PROPERTY_588" name="DEVICE_NAME" value="C2AM01-B3::"/>
		<Property id="PROPERTY_589" name="COMP_TYPE" value="CONN-DEVICE"/>
		<Property id="PROPERTY_590" name="DESCRIPTION_DEVICE" value="TO SCCM"/>
		<Option id="OPTION_43-14-0-32b931_1" value="GPAAW"/>
		<DeviceItem xsi:type="Pin" id="PIN_43-18-0-32bdea" signalId="SIGNAL_EMPTY" name="1">
			<AppRef name="E3.Series" version="2.13.7.0" guid="80e20338-c30a-41a2-acbf-1edb4d5a8937"/>
		</DeviceItem>
		<DeviceItem xsi:type="Pin" id="PIN_43-18-0-32be05" signalId="SIGNAL_2-36-0-3ec3" name="2">
			<AppRef name="E3.Series" version="2.13.7.0" guid="6828c338-84a9-4397-87d6-d5bb4ccaf9aa"/>
			<PinItem xsi:type="ConnectorPinTerminal" id="CONNECTORPINTERMINAL_43-18-0-32be05" compType="WIRE-END-TERM:C2AM01-B3:2"/>
		</DeviceItem>
		<DeviceItem xsi:type="Pin" id="PIN_43-18-0-32bdf5" signalId="SIGNAL_d-36-0-e3067" name="3">
			<AppRef name="E3.Series" version="2.13.7.0" guid="29c828f4-309f-4769-9f80-661d9f4e4918"/>
			<PinItem xsi:type="ConnectorPinTerminal" id="CONNECTORPINTERMINAL_43-18-0-32bdf5" compType="WIRE-END-TERM:C2AM01-B3:3"/>
		</DeviceItem>
		<DeviceItem xsi:type="Pin" id="PIN_43-18-0-32bdf9" signalId="SIGNAL_2-36-0-3989" name="4">
			<AppRef name="E3.Series" version="2.13.7.0" guid="53498c4e-0cd1-4a3d-a9b5-bd7befed2846"/>
			<PinItem xsi:type="ConnectorPinTerminal" id="CONNECTORPINTERMINAL_43-18-0-32bdf9" compType="WIRE-END-TERM:C2AM01-B3:4"/>
		</DeviceItem>
		<DeviceItem xsi:type="Pin" id="PIN_43-18-0-32bded" signalId="SIGNAL_2-36-0-3fd3" name="5">
			<AppRef name="E3.Series" version="2.13.7.0" guid="c1d5c426-792a-4309-a5de-f9281d81d076"/>
			<PinItem xsi:type="ConnectorPinTerminal" id="CONNECTORPINTERMINAL_43-18-0-32bded" compType="WIRE-END-TERM:C2AM01-B3:5"/>
		</DeviceItem>
		<DeviceItem xsi:type="Pin" id="PIN_43-18-0-32bdf1" signalId="SIGNAL_2-36-0-3fd4" name="6">
			<AppRef name="E3.Series" version="2.13.7.0" guid="7ac1c6e5-16bc-4054-b38d-f2749bbb8a7c"/>
			<PinItem xsi:type="ConnectorPinTerminal" id="CONNECTORPINTERMINAL_43-18-0-32bdf1" compType="WIRE-END-TERM:C2AM01-B3:6"/>
		</DeviceItem>
		<DeviceItem xsi:type="Pin" id="PIN_43-18-0-32be01" signalId="SIGNAL_EMPTY" name="7">
			<AppRef name="E3.Series" version="2.13.7.0" guid="6c52cfb7-82d5-4c78-bb7c-365a350309c8"/>
		</DeviceItem>
		<DeviceItem xsi:type="Pin" id="PIN_43-18-0-32bdfd" signalId="SIGNAL_2-36-0-3a83" name="8">
			<AppRef name="E3.Series" version="2.13.7.0" guid="894b4a23-efb3-4d08-8b3f-3ee093dde257"/>
			<PinItem xsi:type="ConnectorPinTerminal" id="CONNECTORPINTERMINAL_43-18-0-32bdfd" compType="WIRE-END-TERM:C2AM01-B3:8"/>
		</DeviceItem>
	</HarnessItem>
	<HarnessItem xsi:type="Device" id="DEV_43-14-0-32b8eb" name="C2R168-A" compType="DU5T-14489-CBA" symbolName="F-Formboard_Conn_Symb" symbolCharacteristic="" rotation="90.000000" branchNodeId="BN_4567_9-178_058">
		<AppRef name="E3.Series" version="2.13.7.0" guid="9c3abd48-9e20-49b4-a0ac-4f69901f4a4e"/>
		<Property id="PROPERTY_591" name="ADDITIONAL_PART_MANDATORY" value="4M5T-14A468-AA"/>
		<Property id="PROPERTY_592" name="HRN_Level_Ref" value="(A-STR)"/>
		<Property id="PROPERTY_593" name="CONN_TERM_SEAL_REQ" value="No"/>
		<Property id="PROPERTY_594" name="DESCRIPTION_COMPONENT" value="CONNECTOR, BLADE 0.64/2.8 MM"/>
		<Property id="PROPERTY_595" name="SUB_PROJECT" value="HRN-14401"/>
		<Property id="PROPERTY_596" name="DEVICE_NAME" value="C2R168-A::"/>
		<Property id="PROPERTY_597" name="HRN_FAMILY" value="14401"/>
		<Property id="PROPERTY_598" name="COMP_TYPE" value="CONN-DEVICE"/>
		<Property id="PROPERTY_599" name="DESCRIPTION_DEVICE" value="TO ADAPT FRT STRG"/>
		<Option id="OPTION_43-14-0-32b8eb_1" value="GPAAW"/>
		<DeviceItem xsi:type="Pin" id="PIN_43-18-0-32bbff" signalId="SIGNAL_2-36-0-3a83" name="1">
			<AppRef name="E3.Series" version="2.13.7.0" guid="ff2ea46f-1b62-484c-aa36-1c114399a090"/>
			<PinItem xsi:type="ConnectorPinTerminal" id="CONNECTORPINTERMINAL_43-18-0-32bbff" compType="WIRE-END-TERM:C2R168-A:1"/>
		</DeviceItem>
		<DeviceItem xsi:type="Pin" id="PIN_43-18-0-32bbef" signalId="SIGNAL_2-36-0-3fd3" name="2">
			<AppRef name="E3.Series" version="2.13.7.0" guid="a75d66ac-7307-4adf-8cea-1604eb5ccc30"/>
			<PinItem xsi:type="ConnectorPinTerminal" id="CONNECTORPINTERMINAL_43-18-0-32bbef" compType="WIRE-END-TERM:C2R168-A:2"/>
		</DeviceItem>
		<DeviceItem xsi:type="Pin" id="PIN_43-18-0-32bbf7" signalId="SIGNAL_2-36-0-3fd4" name="3">
			<AppRef name="E3.Series" version="2.13.7.0" guid="992e8039-b15a-4824-96d9-6826e73b6951"/>
			<PinItem xsi:type="ConnectorPinTerminal" id="CONNECTORPINTERMINAL_43-18-0-32bbf7" compType="WIRE-END-TERM:C2R168-A:3"/>
		</DeviceItem>
		<DeviceItem xsi:type="Pin" id="PIN_43-18-0-32bc07" signalId="SIGNAL_2-36-0-32ac" name="4">
			<AppRef name="E3.Series" version="2.13.7.0" guid="896fa808-3bf3-4ca4-a59b-8b0eedca19f9"/>
			<PinItem xsi:type="ConnectorPinTerminal" id="CONNECTORPINTERMINAL_43-18-0-32bc07" compType="WIRE-END-TERM:C2R168-A:4"/>
		</DeviceItem>
		<DeviceItem xsi:type="Pin" id="PIN_43-18-0-32bc0f" signalId="SIGNAL_2-36-0-3e87" name="5">
			<AppRef name="E3.Series" version="2.13.7.0" guid="a51a0f77-cd56-43f7-9053-5fa59f8b8b21"/>
			<PinItem xsi:type="ConnectorPinTerminal" id="CONNECTORPINTERMINAL_43-18-0-32bc0f" compType="WIRE-END-TERM:C2R168-A:5"/>
		</DeviceItem>
	</HarnessItem>
	<HarnessItem xsi:type="Device" id="DEV_8c-14-0-339880" name="C2R168-C" compType="2L1T-14A464-VA" symbolName="F-Formboard_Conn_Symb" symbolCharacteristic="" rotation="90.000000" branchNodeId="BN_4478_25-182_156">
		<AppRef name="E3.Series" version="2.13.7.0" guid="ef148203-68ae-4433-9364-02d2a961f2c1"/>
		<Property id="PROPERTY_600" name="HRN_FAMILY" value="14401"/>
		<Property id="PROPERTY_601" name="HRN_Level_Ref" value="(A-STR)"/>
		<Property id="PROPERTY_602" name="CONN_TERM_SEAL_REQ" value="No"/>
		<Property id="PROPERTY_603" name="DESCRIPTION_COMPONENT" value="CONNECTOR-CAT. 0 (.64MM BLADE)"/>
		<Property id="PROPERTY_604" name="SUB_PROJECT" value="HRN-14401"/>
		<Property id="PROPERTY_605" name="DEVICE_NAME" value="C2R168-C::"/>
		<Property id="PROPERTY_606" name="COMP_TYPE" value="CONN-DEVICE"/>
		<Property id="PROPERTY_607" name="DESCRIPTION_DEVICE" value="TO ADAPT FRT STRG"/>
		<Option id="OPTION_8c-14-0-339880_1" value="GPAAW"/>
		<DeviceItem xsi:type="Pin" id="PIN_8c-18-0-339889" signalId="SIGNAL_EMPTY" name="1">
			<AppRef name="E3.Series" version="2.13.7.0" guid="0cb937cf-1eb4-43e5-9dcf-c637b8dd863e"/>
		</DeviceItem>
		<DeviceItem xsi:type="Pin" id="PIN_8c-18-0-3398d2" signalId="SIGNAL_2-36-0-3a84" name="2">
			<AppRef name="E3.Series" version="2.13.7.0" guid="4a39d698-e680-4068-aa75-a0bf9c457c3a"/>
			<PinItem xsi:type="ConnectorPinTerminal" id="CONNECTORPINTERMINAL_8c-18-0-3398d2" compType="WIRE-END-TERM:C2R168-C:2"/>
		</DeviceItem>
		<DeviceItem xsi:type="Pin" id="PIN_8c-18-0-33988f" signalId="SIGNAL_EMPTY" name="3">
			<AppRef name="E3.Series" version="2.13.7.0" guid="85de3847-ceda-408e-b98f-31f299703ef7"/>
		</DeviceItem>
		<DeviceItem xsi:type="Pin" id="PIN_8c-18-0-3398a1" signalId="SIGNAL_EMPTY" name="4">
			<AppRef name="E3.Series" version="2.13.7.0" guid="bfe7617f-e263-4395-afaf-f6829ca803b5"/>
		</DeviceItem>
		<DeviceItem xsi:type="Pin" id="PIN_8c-18-0-3398a8" signalId="SIGNAL_2-36-0-3d8f" name="5">
			<AppRef name="E3.Series" version="2.13.7.0" guid="c82f3511-be13-4fff-b211-1b7daaac9710"/>
			<PinItem xsi:type="ConnectorPinTerminal" id="CONNECTORPINTERMINAL_8c-18-0-3398a8" compType="WIRE-END-TERM:C2R168-C:5"/>
		</DeviceItem>
		<DeviceItem xsi:type="Pin" id="PIN_8c-18-0-3398bd" signalId="SIGNAL_2-36-0-4111" name="6">
			<AppRef name="E3.Series" version="2.13.7.0" guid="afa1130c-4748-425a-9cea-abc021af2e47"/>
			<PinItem xsi:type="ConnectorPinTerminal" id="CONNECTORPINTERMINAL_8c-18-0-3398bd" compType="WIRE-END-TERM:C2R168-C:6"/>
		</DeviceItem>
		<DeviceItem xsi:type="Pin" id="PIN_8c-18-0-339895" signalId="SIGNAL_EMPTY" name="7">
			<AppRef name="E3.Series" version="2.13.7.0" guid="135d9ee7-5472-4b6c-89ab-e2820da3451b"/>
		</DeviceItem>
		<DeviceItem xsi:type="Pin" id="PIN_8c-18-0-33989b" signalId="SIGNAL_EMPTY" name="8">
			<AppRef name="E3.Series" version="2.13.7.0" guid="bb977e21-35c3-482b-b12f-467a83ea06d5"/>
		</DeviceItem>
		<DeviceItem xsi:type="Pin" id="PIN_8c-18-0-3398c4" signalId="SIGNAL_2-36-0-38f6" name="9">
			<AppRef name="E3.Series" version="2.13.7.0" guid="1629f2d8-b0fb-45ff-8f20-9c118591088e"/>
			<PinItem xsi:type="ConnectorPinTerminal" id="CONNECTORPINTERMINAL_8c-18-0-3398c4" compType="WIRE-END-TERM:C2R168-C:9"/>
		</DeviceItem>
		<DeviceItem xsi:type="Pin" id="PIN_8c-18-0-3398cb" signalId="SIGNAL_2-36-0-3d3b" name="10">
			<AppRef name="E3.Series" version="2.13.7.0" guid="872e8220-b119-4ad5-bf6e-8caafc4e6351"/>
			<PinItem xsi:type="ConnectorPinTerminal" id="CONNECTORPINTERMINAL_8c-18-0-3398cb" compType="WIRE-END-TERM:C2R168-C:10"/>
		</DeviceItem>
		<DeviceItem xsi:type="Pin" id="PIN_8c-18-0-3398af" signalId="SIGNAL_2-36-0-38f5" name="11">
			<AppRef name="E3.Series" version="2.13.7.0" guid="f8b4018f-8468-4e24-8ad6-73df1e62d6a5"/>
			<PinItem xsi:type="ConnectorPinTerminal" id="CONNECTORPINTERMINAL_8c-18-0-3398af" compType="WIRE-END-TERM:C2R168-C:11"/>
		</DeviceItem>
		<DeviceItem xsi:type="Pin" id="PIN_8c-18-0-3398b6" signalId="SIGNAL_2-36-0-3d3a" name="12">
			<AppRef name="E3.Series" version="2.13.7.0" guid="c3293532-c8d8-45ce-acb4-997f769db443"/>
			<PinItem xsi:type="ConnectorPinTerminal" id="CONNECTORPINTERMINAL_8c-18-0-3398b6" compType="WIRE-END-TERM:C2R168-C:12"/>
		</DeviceItem>
	</HarnessItem>
	<HarnessItem xsi:type="Device" id="DEV_64-14-0-1dfd70" name="C2ME16" compType="AU5T-14A464-PA" symbolName="F-Formboard_Conn_Symb" symbolCharacteristic="" rotation="90.000000" branchNodeId="BN_23304-284">
		<AppRef name="E3.Series" version="2.13.7.0" guid="76d7e2df-67d5-4894-99bc-3c9d4cf4f30e"/>
		<Property id="PROPERTY_608" name="SUBMERGIBLE" value="Yes"/>
		<Property id="PROPERTY_609" name="HRN_FAMILY" value="14401"/>
		<Property id="PROPERTY_610" name="HRN_Level_Ref" value="(18SPKR)"/>
		<Property id="PROPERTY_611" name="CONN_TERM_SEAL_REQ" value="Yes"/>
		<Property id="PROPERTY_612" name="DESCRIPTION_COMPONENT" value="CONNECTOR-CAT. 2 (1.5MM SEALED BLADE)"/>
		<Property id="PROPERTY_613" name="SUB_PROJECT" value="HRN-14401"/>
		<Property id="PROPERTY_614" name="DEVICE_NAME" value="C2ME16::"/>
		<Property id="PROPERTY_615" name="COMP_TYPE" value="CONN-DEVICE"/>
		<Property id="PROPERTY_616" name="DESCRIPTION_DEVICE" value="TO SPKR (CNTR RT FRT)"/>
		<Option id="OPTION_64-14-0-1dfd70_1" value="IDBBQ"/>
		<DeviceItem xsi:type="Pin" id="PIN_64-18-0-1dfd7f" signalId="SIGNAL_2-36-0-4148" name="1">
			<AppRef name="E3.Series" version="2.13.7.0" guid="31f57bee-715c-4217-b805-08dd93cfd5b2"/>
			<PinItem xsi:type="ConnectorPinTerminal" id="CONNECTORPINTERMINAL_64-18-0-1dfd7f" compType="WIRE-END-TERM:C2ME16:1"/>
		</DeviceItem>
		<DeviceItem xsi:type="Pin" id="PIN_64-18-0-1dfd88" signalId="SIGNAL_2-36-0-3c8b" name="2">
			<AppRef name="E3.Series" version="2.13.7.0" guid="d765ff2e-f40a-4ada-9726-bc779440209e"/>
			<PinItem xsi:type="ConnectorPinTerminal" id="CONNECTORPINTERMINAL_64-18-0-1dfd88" compType="WIRE-END-TERM:C2ME16:2"/>
		</DeviceItem>
	</HarnessItem>
	<HarnessItem xsi:type="Device" id="DEV_f-14-0-cd37" name="C2CB09" compType="1L2T-14A464-FB" symbolName="F-Formboard_Conn_Symb" symbolCharacteristic="" rotation="90.000000" branchNodeId="BN_3870_25-198_156">
		<AppRef name="E3.Series" version="2.13.7.0" guid="f1daab5a-8ae8-431c-9525-a9d4dfda8284"/>
		<Property id="PROPERTY_617" name="SUBMERGIBLE" value="Yes"/>
		<Property id="PROPERTY_618" name="HRN_FAMILY" value="14401"/>
		<Property id="PROPERTY_619" name="HRN_Level_Ref" value="(ALL)"/>
		<Property id="PROPERTY_620" name="CONN_TERM_SEAL_REQ" value="No"/>
		<Property id="PROPERTY_621" name="DESCRIPTION_COMPONENT" value="CONNECTOR-CAT. 0 (.64MM BLADE)"/>
		<Property id="PROPERTY_622" name="SUB_PROJECT" value="HRN-14401"/>
		<Property id="PROPERTY_623" name="DEVICE_NAME" value="C2CB09::"/>
		<Property id="PROPERTY_624" name="COMP_TYPE" value="CONN-DEVICE"/>
		<Property id="PROPERTY_625" name="DESCRIPTION_DEVICE" value="ELEC PARK BRAKE SWITCH"/>
		<DeviceItem xsi:type="Pin" id="PIN_f-18-0-f294" signalId="SIGNAL_2-36-0-4111" name="1">
			<AppRef name="E3.Series" version="2.13.7.0" guid="1155dfcb-86c5-43ca-a80f-1d05486c999a"/>
			<PinItem xsi:type="ConnectorPinTerminal" id="CONNECTORPINTERMINAL_f-18-0-f294" compType="WIRE-END-TERM:C2CB09:1"/>
		</DeviceItem>
		<DeviceItem xsi:type="Pin" id="PIN_f-18-0-f298" signalId="SIGNAL_2-36-0-3a85" name="2">
			<AppRef name="E3.Series" version="2.13.7.0" guid="efe61be2-f0fd-4c78-8785-d6a49a22ef3a"/>
			<PinItem xsi:type="ConnectorPinTerminal" id="CONNECTORPINTERMINAL_f-18-0-f298" compType="WIRE-END-TERM:C2CB09:2"/>
		</DeviceItem>
		<DeviceItem xsi:type="Pin" id="PIN_f-18-0-f288" signalId="SIGNAL_2-36-0-335b" name="3">
			<AppRef name="E3.Series" version="2.13.7.0" guid="bc15cc36-cef9-493e-92ba-8a89f965d53c"/>
			<PinItem xsi:type="ConnectorPinTerminal" id="CONNECTORPINTERMINAL_f-18-0-f288" compType="WIRE-END-TERM:C2CB09:3"/>
		</DeviceItem>
		<DeviceItem xsi:type="Pin" id="PIN_f-18-0-f27c" signalId="SIGNAL_2-36-0-335e" name="4">
			<AppRef name="E3.Series" version="2.13.7.0" guid="3e0c7555-99bf-4531-a9fe-b97c67eedd16"/>
			<PinItem xsi:type="ConnectorPinTerminal" id="CONNECTORPINTERMINAL_f-18-0-f27c" compType="WIRE-END-TERM:C2CB09:4"/>
		</DeviceItem>
		<DeviceItem xsi:type="Pin" id="PIN_f-18-0-f284" signalId="SIGNAL_2-36-0-3360" name="5">
			<AppRef name="E3.Series" version="2.13.7.0" guid="17d6fd9f-f0ca-487a-a815-3b215d816941"/>
			<PinItem xsi:type="ConnectorPinTerminal" id="CONNECTORPINTERMINAL_f-18-0-f284" compType="WIRE-END-TERM:C2CB09:5"/>
		</DeviceItem>
		<DeviceItem xsi:type="Pin" id="PIN_f-18-0-f280" signalId="SIGNAL_2-36-0-335f" name="6">
			<AppRef name="E3.Series" version="2.13.7.0" guid="50fa16ff-c3be-4da7-b002-1fbf36470e0b"/>
			<PinItem xsi:type="ConnectorPinTerminal" id="CONNECTORPINTERMINAL_f-18-0-f280" compType="WIRE-END-TERM:C2CB09:6"/>
		</DeviceItem>
		<DeviceItem xsi:type="Pin" id="PIN_f-18-0-f290" signalId="SIGNAL_2-36-0-335d" name="7">
			<AppRef name="E3.Series" version="2.13.7.0" guid="6910cce5-f244-4bfd-9b71-f2bc21a38f06"/>
			<PinItem xsi:type="ConnectorPinTerminal" id="CONNECTORPINTERMINAL_f-18-0-f290" compType="WIRE-END-TERM:C2CB09:7"/>
		</DeviceItem>
		<DeviceItem xsi:type="Pin" id="PIN_f-18-0-f28c" signalId="SIGNAL_2-36-0-335c" name="8">
			<AppRef name="E3.Series" version="2.13.7.0" guid="8ffe4fe9-d0aa-412f-b5ae-ecbf56e6595a"/>
			<PinItem xsi:type="ConnectorPinTerminal" id="CONNECTORPINTERMINAL_f-18-0-f28c" compType="WIRE-END-TERM:C2CB09:8"/>
		</DeviceItem>
	</HarnessItem>
	<HarnessItem xsi:type="Device" id="DEV_7b-14-0-1a065" name="C2PP09" compType="5F9T-14489-CA" symbolName="F-Formboard_Conn_Symb" symbolCharacteristic="" rotation="90.000000" branchNodeId="BN_3734_25-198_156">
		<AppRef name="E3.Series" version="2.13.7.0" guid="e4d9a562-e629-4111-9d76-2666880f35c8"/>
		<Property id="PROPERTY_626" name="HRN_FAMILY" value="14401"/>
		<Property id="PROPERTY_627" name="HRN_Level_Ref" value="(PEPS-12)/(TACH-L0)/ZE"/>
		<Property id="PROPERTY_628" name="CONN_TERM_SEAL_REQ" value="No"/>
		<Property id="PROPERTY_629" name="DESCRIPTION_COMPONENT" value="CONNECTOR-CAT. 3 (2.8MM BLADE)"/>
		<Property id="PROPERTY_630" name="SUB_PROJECT" value="HRN-14401"/>
		<Property id="PROPERTY_631" name="DEVICE_NAME" value="C2PP09::"/>
		<Property id="PROPERTY_632" name="COMP_TYPE" value="CONN-DEVICE"/>
		<Property id="PROPERTY_633" name="DESCRIPTION_DEVICE" value="TO ADJ PEDAL SW"/>
		<Option id="OPTION_7b-14-0-1a065_1" value="BB7AC | BB7AD"/>
		<DeviceItem xsi:type="Pin" id="PIN_7b-18-0-1a1ba" signalId="SIGNAL_2-36-0-37e6" name="1">
			<AppRef name="E3.Series" version="2.13.7.0" guid="29bf84ea-ff0d-4358-8594-2ab6b32dcf4c"/>
			<PinItem xsi:type="ConnectorPinTerminal" id="CONNECTORPINTERMINAL_7b-18-0-1a1ba" compType="WIRE-END-TERM:C2PP09:1"/>
		</DeviceItem>
		<DeviceItem xsi:type="Pin" id="PIN_7b-18-0-1a1aa" signalId="SIGNAL_2-36-0-3ed5" name="2">
			<AppRef name="E3.Series" version="2.13.7.0" guid="db6a6d1b-6efb-4b5e-88e0-666b9b554dff"/>
			<PinItem xsi:type="ConnectorPinTerminal" id="CONNECTORPINTERMINAL_7b-18-0-1a1aa" compType="WIRE-END-TERM:C2PP09:2"/>
		</DeviceItem>
		<DeviceItem xsi:type="Pin" id="PIN_7b-18-0-1a19a" signalId="SIGNAL_2-36-0-4111" name="3">
			<AppRef name="E3.Series" version="2.13.7.0" guid="50318862-ad26-40cb-a23f-21548b52feae"/>
			<PinItem xsi:type="ConnectorPinTerminal" id="CONNECTORPINTERMINAL_7b-18-0-1a19a" compType="WIRE-END-TERM:C2PP09:3"/>
		</DeviceItem>
		<DeviceItem xsi:type="Pin" id="PIN_7b-18-0-1a1a2" signalId="SIGNAL_2-36-0-3a83" name="4">
			<AppRef name="E3.Series" version="2.13.7.0" guid="c14022f6-d85f-46a7-825e-de5b2f3dca93"/>
			<PinItem xsi:type="ConnectorPinTerminal" id="CONNECTORPINTERMINAL_7b-18-0-1a1a2" compType="WIRE-END-TERM:C2PP09:4"/>
		</DeviceItem>
		<DeviceItem xsi:type="Pin" id="PIN_7b-18-0-1a1c2" signalId="SIGNAL_2-36-0-37e7" name="5">
			<AppRef name="E3.Series" version="2.13.7.0" guid="de9cc654-6115-431f-b579-42151c1a968e"/>
			<PinItem xsi:type="ConnectorPinTerminal" id="CONNECTORPINTERMINAL_7b-18-0-1a1c2" compType="WIRE-END-TERM:C2PP09:5"/>
		</DeviceItem>
		<DeviceItem xsi:type="Pin" id="PIN_7b-18-0-1a1b2" signalId="SIGNAL_2-36-0-3a83" name="6">
			<AppRef name="E3.Series" version="2.13.7.0" guid="fb08c97a-7363-400f-b49f-cceecefe50d8"/>
			<PinItem xsi:type="ConnectorPinTerminal" id="CONNECTORPINTERMINAL_7b-18-0-1a1b2" compType="WIRE-END-TERM:C2PP09:6"/>
		</DeviceItem>
	</HarnessItem>
	<HarnessItem xsi:type="Device" id="DEV_3b-14-0-1d608" name="C2LF23" compType="8U5T-14489-CA" symbolName="F-Formboard_Conn_Symb" symbolCharacteristic="" rotation="90.000000" branchNodeId="BN_3231_9-198_058">
		<AppRef name="E3.Series" version="2.13.7.0" guid="f77e6561-9580-4421-adf7-18d0faec7287"/>
		<Property id="PROPERTY_634" name="HRN_FAMILY" value="14401"/>
		<Property id="PROPERTY_635" name="HRN_Level_Ref" value="(ALL)"/>
		<Property id="PROPERTY_636" name="CONN_TERM_SEAL_REQ" value="No"/>
		<Property id="PROPERTY_637" name="DESCRIPTION_COMPONENT" value="CONNECTOR-CAT. 0 (.64MM BLADE)"/>
		<Property id="PROPERTY_638" name="SUB_PROJECT" value="HRN-14401"/>
		<Property id="PROPERTY_639" name="DEVICE_NAME" value="C2LF23::"/>
		<Property id="PROPERTY_640" name="COMP_TYPE" value="CONN-DEVICE"/>
		<Property id="PROPERTY_641" name="DESCRIPTION_DEVICE" value="TO HEADLAMP SW"/>
		<DeviceItem xsi:type="Pin" id="PIN_3b-18-0-1d710" signalId="SIGNAL_2-36-0-3a85" name="1">
			<AppRef name="E3.Series" version="2.13.7.0" guid="8aef241d-b974-4a56-bba8-faee62fb7c8c"/>
			<PinItem xsi:type="ConnectorPinTerminal" id="CONNECTORPINTERMINAL_3b-18-0-1d710" compType="WIRE-END-TERM:C2LF23:1"/>
		</DeviceItem>
		<DeviceItem xsi:type="Pin" id="PIN_3b-18-0-1d77f" signalId="SIGNAL_18-36-0-2532db" name="2">
			<AppRef name="E3.Series" version="2.13.7.0" guid="188d238e-fe8c-4320-a37d-12a330792221"/>
			<PinItem xsi:type="ConnectorPinTerminal" id="CONNECTORPINTERMINAL_3b-18-0-1d77f" compType="WIRE-END-TERM:C2LF23:2"/>
		</DeviceItem>
		<DeviceItem xsi:type="Pin" id="PIN_3b-18-0-1d737" signalId="SIGNAL_EMPTY" name="3">
			<AppRef name="E3.Series" version="2.13.7.0" guid="390c3e1e-4e9c-4a59-9f95-5e6b30787b46"/>
		</DeviceItem>
		<DeviceItem xsi:type="Pin" id="PIN_3b-18-0-1d767" signalId="SIGNAL_18-36-0-253129" name="4">
			<AppRef name="E3.Series" version="2.13.7.0" guid="44e305d1-45ed-471f-a062-dd940473e8ef"/>
			<PinItem xsi:type="ConnectorPinTerminal" id="CONNECTORPINTERMINAL_3b-18-0-1d767" compType="WIRE-END-TERM:C2LF23:4"/>
		</DeviceItem>
		<DeviceItem xsi:type="Pin" id="PIN_3b-18-0-1d76f" signalId="SIGNAL_EMPTY" name="5">
			<AppRef name="E3.Series" version="2.13.7.0" guid="87af7a2a-a491-4a3a-9d38-d1a754d0cc74"/>
		</DeviceItem>
		<DeviceItem xsi:type="Pin" id="PIN_3b-18-0-1d72f" signalId="SIGNAL_99-36-0-15f6fe" name="6">
			<AppRef name="E3.Series" version="2.13.7.0" guid="a38877e1-ecfb-408e-b0f7-9defbe331795"/>
			<PinItem xsi:type="ConnectorPinTerminal" id="CONNECTORPINTERMINAL_3b-18-0-1d72f" compType="WIRE-END-TERM:C2LF23:6"/>
		</DeviceItem>
		<DeviceItem xsi:type="Pin" id="PIN_3b-18-0-1d716" signalId="SIGNAL_EMPTY" name="7">
			<AppRef name="E3.Series" version="2.13.7.0" guid="dd4e28cd-ee1a-4427-9f75-b4a5083b01ff"/>
		</DeviceItem>
		<DeviceItem xsi:type="Pin" id="PIN_3b-18-0-1d71c" signalId="SIGNAL_2-36-0-3ccd" name="8">
			<AppRef name="E3.Series" version="2.13.7.0" guid="55f6abd8-1a0d-4eeb-9178-9dc1155ce124"/>
			<PinItem xsi:type="ConnectorPinTerminal" id="CONNECTORPINTERMINAL_3b-18-0-1d71c" compType="WIRE-END-TERM:C2LF23:8"/>
		</DeviceItem>
		<DeviceItem xsi:type="Pin" id="PIN_3b-18-0-1d722" signalId="SIGNAL_EMPTY" name="9">
			<AppRef name="E3.Series" version="2.13.7.0" guid="25da9b18-308b-478e-8889-4eeb0273acce"/>
		</DeviceItem>
		<DeviceItem xsi:type="Pin" id="PIN_3b-18-0-1d757" signalId="SIGNAL_EMPTY" name="10">
			<AppRef name="E3.Series" version="2.13.7.0" guid="365da05b-3077-45f6-a01c-19e00e011e69"/>
		</DeviceItem>
		<DeviceItem xsi:type="Pin" id="PIN_3b-18-0-1d74f" signalId="SIGNAL_EMPTY" name="11">
			<AppRef name="E3.Series" version="2.13.7.0" guid="062122c8-bdb6-4b7c-9170-941c66b357a3"/>
		</DeviceItem>
		<DeviceItem xsi:type="Pin" id="PIN_3b-18-0-1d747" signalId="SIGNAL_2-36-0-3664" name="12">
			<AppRef name="E3.Series" version="2.13.7.0" guid="3d55158a-e9be-4296-a49e-1aed5e1e873e"/>
			<PinItem xsi:type="ConnectorPinTerminal" id="CONNECTORPINTERMINAL_3b-18-0-1d747" compType="WIRE-END-TERM:C2LF23:12"/>
		</DeviceItem>
		<DeviceItem xsi:type="Pin" id="PIN_3b-18-0-1d73f" signalId="SIGNAL_EMPTY" name="13">
			<AppRef name="E3.Series" version="2.13.7.0" guid="5abb5367-dce9-4d54-b8f9-f524698fb843"/>
		</DeviceItem>
		<DeviceItem xsi:type="Pin" id="PIN_3b-18-0-1d777" signalId="SIGNAL_EMPTY" name="14">
			<AppRef name="E3.Series" version="2.13.7.0" guid="4dbae3b8-2fdb-458d-aa2c-af7103862f8f"/>
		</DeviceItem>
		<DeviceItem xsi:type="Pin" id="PIN_3b-18-0-1d75f" signalId="SIGNAL_EMPTY" name="15">
			<AppRef name="E3.Series" version="2.13.7.0" guid="6f35c1e5-394a-4de7-886d-68227b2203da"/>
		</DeviceItem>
		<DeviceItem xsi:type="Pin" id="PIN_3b-18-0-1d728" signalId="SIGNAL_EMPTY" name="16">
			<AppRef name="E3.Series" version="2.13.7.0" guid="785983d9-1754-4186-8bfc-ac3dbf7d1872"/>
		</DeviceItem>
	</HarnessItem>
	<HarnessItem xsi:type="Device" id="DEV_f5-14-0-3adba4" name="C2LF70" compType="4F1T-14489-AC" symbolName="F-Formboard_Conn_Symb" symbolCharacteristic="" rotation="90.000000" branchNodeId="BN_3127_9-190_058">
		<AppRef name="E3.Series" version="2.13.7.0" guid="4458edb1-dd58-40e6-9a3c-202e20590c30"/>
		<Property id="PROPERTY_642" name="HRN_FAMILY" value="14401"/>
		<Property id="PROPERTY_643" name="HRN_Level_Ref" value="(D-CAM)/(C-SHF)/(KWINV)/(8SPKR)/(F-SHF)/(BEV)"/>
		<Property id="PROPERTY_644" name="CONN_TERM_SEAL_REQ" value="No"/>
		<Property id="PROPERTY_645" name="DESCRIPTION_COMPONENT" value="CONNECTOR-CAT. 0 (.64MM BLADE)"/>
		<Property id="PROPERTY_646" name="SUB_PROJECT" value="HRN-14401"/>
		<Property id="PROPERTY_647" name="DEVICE_NAME" value="C2LF70::"/>
		<Property id="PROPERTY_648" name="COMP_TYPE" value="CONN-DEVICE"/>
		<Property id="PROPERTY_649" name="DESCRIPTION_DEVICE" value="TO SPOTLIGHT SW"/>
		<Option id="OPTION_f5-14-0-3adba4_1" value="JBMAB"/>
		<DeviceItem xsi:type="Pin" id="PIN_f5-18-0-3adbb8" signalId="SIGNAL_2-36-0-3653" name="1">
			<AppRef name="E3.Series" version="2.13.7.0" guid="9d2526fd-907d-4b0f-88fb-beb3af4009e8"/>
			<PinItem xsi:type="ConnectorPinTerminal" id="CONNECTORPINTERMINAL_f5-18-0-3adbb8" compType="WIRE-END-TERM:C2LF70:1"/>
		</DeviceItem>
		<DeviceItem xsi:type="Pin" id="PIN_f5-18-0-3adbb2" signalId="SIGNAL_2-36-0-3652" name="2">
			<AppRef name="E3.Series" version="2.13.7.0" guid="7548d6df-8cca-4b54-ba55-c14be8a04d63"/>
			<PinItem xsi:type="ConnectorPinTerminal" id="CONNECTORPINTERMINAL_f5-18-0-3adbb2" compType="WIRE-END-TERM:C2LF70:2"/>
		</DeviceItem>
		<DeviceItem xsi:type="Pin" id="PIN_f5-18-0-3adbca" signalId="SIGNAL_2-36-0-3d32" name="3">
			<AppRef name="E3.Series" version="2.13.7.0" guid="8c3d1359-f899-4c21-9536-16a3f6ed90a6"/>
			<PinItem xsi:type="ConnectorPinTerminal" id="CONNECTORPINTERMINAL_f5-18-0-3adbca" compType="WIRE-END-TERM:C2LF70:3"/>
		</DeviceItem>
		<DeviceItem xsi:type="Pin" id="PIN_f5-18-0-3adbbe" signalId="SIGNAL_2-36-0-3655" name="4">
			<AppRef name="E3.Series" version="2.13.7.0" guid="affddace-ecf3-4cd4-801f-c3e03c4ffa3c"/>
			<PinItem xsi:type="ConnectorPinTerminal" id="CONNECTORPINTERMINAL_f5-18-0-3adbbe" compType="WIRE-END-TERM:C2LF70:4"/>
		</DeviceItem>
		<DeviceItem xsi:type="Pin" id="PIN_f5-18-0-3adbac" signalId="SIGNAL_2-36-0-4111" name="5">
			<AppRef name="E3.Series" version="2.13.7.0" guid="d9b66656-efd4-446b-9e61-81f37d44801a"/>
			<PinItem xsi:type="ConnectorPinTerminal" id="CONNECTORPINTERMINAL_f5-18-0-3adbac" compType="WIRE-END-TERM:C2LF70:5"/>
		</DeviceItem>
		<DeviceItem xsi:type="Pin" id="PIN_f5-18-0-3adbc4" signalId="SIGNAL_2-36-0-3656" name="6">
			<AppRef name="E3.Series" version="2.13.7.0" guid="41636542-555a-46df-94b9-9a72381287fe"/>
			<PinItem xsi:type="ConnectorPinTerminal" id="CONNECTORPINTERMINAL_f5-18-0-3adbc4" compType="WIRE-END-TERM:C2LF70:6"/>
		</DeviceItem>
	</HarnessItem>
	<HarnessItem xsi:type="Device" id="DEV_5d-14-0-c8278" name="C2X212" compType="DU5T-14489-YAB" symbolName="F-Formboard_Conn_Symb" symbolCharacteristic="" rotation="90.000000" branchNodeId="BN_2863_9-198_058">
		<AppRef name="E3.Series" version="2.13.7.0" guid="77399e4d-cb7e-4a21-ad8d-d6cccf41d437"/>
		<Property id="PROPERTY_650" name="HRN_FAMILY" value="14401"/>
		<Property id="PROPERTY_651" name="HRN_Level_Ref" value="(ALL)"/>
		<Property id="PROPERTY_652" name="CONN_TERM_SEAL_REQ" value="No"/>
		<Property id="PROPERTY_653" name="DESCRIPTION_COMPONENT" value="CONNECTOR-CAT. 0 (.64MM BLADE)"/>
		<Property id="PROPERTY_654" name="SUB_PROJECT" value="HRN-14401"/>
		<Property id="PROPERTY_655" name="DEVICE_NAME" value="C2X212::"/>
		<Property id="PROPERTY_656" name="COMP_TYPE" value="CONN-DEVICE"/>
		<Property id="PROPERTY_657" name="DESCRIPTION_DEVICE" value="TO MULTIFUNCTION SW (PTTB-TG REL)"/>
		<DeviceItem xsi:type="Pin" id="PIN_5d-18-0-c82e8" signalId="SIGNAL_EMPTY" name="1">
			<AppRef name="E3.Series" version="2.13.7.0" guid="19cb6efc-bf73-494e-ad63-c7eb4cd01b34"/>
		</DeviceItem>
		<DeviceItem xsi:type="Pin" id="PIN_5d-18-0-c82f1" signalId="SIGNAL_2-36-0-3825" name="2">
			<AppRef name="E3.Series" version="2.13.7.0" guid="1c49c64e-d40f-41f0-82ee-1cbb4b646b9e"/>
			<PinItem xsi:type="ConnectorPinTerminal" id="CONNECTORPINTERMINAL_5d-18-0-c82f1" compType="WIRE-END-TERM:C2X212:2"/>
		</DeviceItem>
		<DeviceItem xsi:type="Pin" id="PIN_5d-18-0-c82f7" signalId="SIGNAL_2-36-0-3a85" name="3">
			<AppRef name="E3.Series" version="2.13.7.0" guid="d48e2a16-d21b-4ab4-b593-2e224e01a8ac"/>
			<PinItem xsi:type="ConnectorPinTerminal" id="CONNECTORPINTERMINAL_5d-18-0-c82f7" compType="WIRE-END-TERM:C2X212:3"/>
		</DeviceItem>
		<DeviceItem xsi:type="Pin" id="PIN_5d-18-0-c82fd" signalId="SIGNAL_5d-36-0-c7b94" name="4">
			<AppRef name="E3.Series" version="2.13.7.0" guid="91031a02-c534-4cda-9842-cdbe598fc5b6"/>
			<PinItem xsi:type="ConnectorPinTerminal" id="CONNECTORPINTERMINAL_5d-18-0-c82fd" compType="WIRE-END-TERM:C2X212:4"/>
		</DeviceItem>
		<DeviceItem xsi:type="Pin" id="PIN_5d-18-0-c8303" signalId="SIGNAL_2-36-0-4111" name="5">
			<AppRef name="E3.Series" version="2.13.7.0" guid="7bc95312-2997-48dd-ac38-afe9737ad4a1"/>
			<PinItem xsi:type="ConnectorPinTerminal" id="CONNECTORPINTERMINAL_5d-18-0-c8303" compType="WIRE-END-TERM:C2X212:5"/>
		</DeviceItem>
		<DeviceItem xsi:type="Pin" id="PIN_5d-18-0-c82ec" signalId="SIGNAL_EMPTY" name="6">
			<AppRef name="E3.Series" version="2.13.7.0" guid="059895af-1f0e-40be-b1f2-ee0608623915"/>
		</DeviceItem>
	</HarnessItem>
	<HarnessItem xsi:type="Device" id="DEV_f-14-0-caf1" name="G2D216" compType="MU5T-14463-DB">
		<AppRef name="E3.Series" version="2.13.7.0" guid="56fa2b42-1d64-47e7-9968-a4fecdd82767"/>
		<Property id="PROPERTY_658" name="HRN_FAMILY" value="14401"/>
		<Property id="PROPERTY_659" name="HRN_Level_Ref" value="(ALL)"/>
		<Property id="PROPERTY_660" name="IDC_Terminal" value="1"/>
		<Property id="PROPERTY_661" name="DESCRIPTION_COMPONENT" value="EYELET, M6, ANTI-ROTATION, WELD"/>
		<Property id="PROPERTY_662" name="SUB_PROJECT" value="HRN-14401"/>
		<Property id="PROPERTY_663" name="DEVICE_NAME" value="G2D216::"/>
		<Property id="PROPERTY_664" name="COMP_TYPE" value="GROUNDS"/>
		<Property id="PROPERTY_665" name="DESCRIPTION_DEVICE" value="TO LH CTR STACK IP GND"/>
		<DeviceItem xsi:type="Pin" id="PIN_f-18-0-e8f4" signalId="SIGNAL_2-36-0-3a85" branchNodeId="BN_12720-216" name="1" symbolName="F-Formboard_Conn_Symb" symbolCharacteristic="" rotation="90.000000">
			<AppRef name="E3.Series" version="2.13.7.0" guid="161d959a-675e-42af-ac60-a2db5df01a06"/>
		</DeviceItem>
	</HarnessItem>
	<HarnessItem xsi:type="Device" id="DEV_8c-14-0-338336" name="C2R139" compType="MU5T-14489-MB" symbolName="F-Formboard_Conn_Symb" symbolCharacteristic="" rotation="270.000000" branchNodeId="BN_6239_9-242_058">
		<AppRef name="E3.Series" version="2.13.7.0" guid="21496b1f-23b4-4883-9c0b-855620a877d4"/>
		<Property id="PROPERTY_666" name="HRN_FAMILY" value="14401"/>
		<Property id="PROPERTY_667" name="HRN_Level_Ref" value="(ALL)"/>
		<Property id="PROPERTY_668" name="DESCRIPTION_COMPONENT" value="CONNECTOR-SQUIB TYPE"/>
		<Property id="PROPERTY_669" name="SUB_PROJECT" value="HRN-14401"/>
		<Property id="PROPERTY_670" name="DEVICE_NAME" value="C2R139::"/>
		<Property id="PROPERTY_671" name="COMP_TYPE" value="CONN-DEVICE"/>
		<Property id="PROPERTY_672" name="DESCRIPTION_DEVICE" value="TO AIR BAG (DRV KNEE)"/>
		<DeviceItem xsi:type="Pin" id="PIN_8c-18-0-33835a" signalId="SIGNAL_2-36-0-3912" name="1">
			<AppRef name="E3.Series" version="2.13.7.0" guid="df89dee4-e0be-4501-ba31-2acbfeea26fa"/>
		</DeviceItem>
		<DeviceItem xsi:type="Pin" id="PIN_8c-18-0-338361" signalId="SIGNAL_2-36-0-3d5c" name="2">
			<AppRef name="E3.Series" version="2.13.7.0" guid="ac2e0b7d-d159-4db2-9811-912a819d9cca"/>
		</DeviceItem>
	</HarnessItem>
	<HarnessItem xsi:type="Device" id="DEV_13-14-0-2cea18" name="C2DB04" compType="8V5T-14489-APA" symbolName="F-Formboard_Conn_Symb" symbolCharacteristic="" rotation="270.000000" branchNodeId="BN_6087_9-210_058">
		<AppRef name="E3.Series" version="2.13.7.0" guid="a21e4fa1-9f49-40ab-800e-3f2a1c7ded4a"/>
		<Property id="PROPERTY_673" name="HRN_FAMILY" value="14401"/>
		<Property id="PROPERTY_674" name="HRN_Level_Ref" value="(ALL)"/>
		<Property id="PROPERTY_675" name="CONN_TERM_SEAL_REQ" value="No"/>
		<Property id="PROPERTY_676" name="DESCRIPTION_COMPONENT" value="CONNECTOR, BLADE, 1.5 MM"/>
		<Property id="PROPERTY_677" name="SUB_PROJECT" value="HRN-14401"/>
		<Property id="PROPERTY_678" name="DEVICE_NAME" value="C2DB04::"/>
		<Property id="PROPERTY_679" name="COMP_TYPE" value="CONN-DEVICE"/>
		<Property id="PROPERTY_680" name="DESCRIPTION_DEVICE" value="TO  DIAG"/>
		<DeviceItem xsi:type="Pin" id="PIN_13-18-0-2cecd4" signalId="SIGNAL_EMPTY" name="1">
			<AppRef name="E3.Series" version="2.13.7.0" guid="1cf1df0b-a59b-4cf7-ac5b-8b07c4a667ae"/>
		</DeviceItem>
		<DeviceItem xsi:type="Pin" id="PIN_13-18-0-2cecd8" signalId="SIGNAL_EMPTY" name="2">
			<AppRef name="E3.Series" version="2.13.7.0" guid="33aa1e5d-3a71-4045-a379-6e19dd1044e4"/>
		</DeviceItem>
		<DeviceItem xsi:type="Pin" id="PIN_13-18-0-2cecff" signalId="SIGNAL_18-36-0-251c1d" name="3">
			<AppRef name="E3.Series" version="2.13.7.0" guid="fbdb894f-8c30-450f-804b-93c35190d3a9"/>
			<PinItem xsi:type="ConnectorPinTerminal" id="CONNECTORPINTERMINAL_13-18-0-2cecff" compType="WIRE-END-TERM:C2DB04:3"/>
		</DeviceItem>
		<DeviceItem xsi:type="Pin" id="PIN_13-18-0-2ced17" signalId="SIGNAL_2-36-0-3a84" name="4">
			<AppRef name="E3.Series" version="2.13.7.0" guid="0f5e9a4b-6733-466f-8986-5e89a48a1687"/>
			<PinItem xsi:type="ConnectorPinTerminal" id="CONNECTORPINTERMINAL_13-18-0-2ced17" compType="WIRE-END-TERM:C2DB04:4"/>
		</DeviceItem>
		<DeviceItem xsi:type="Pin" id="PIN_13-18-0-2ced1d" signalId="SIGNAL_2-36-0-3a85" name="5">
			<AppRef name="E3.Series" version="2.13.7.0" guid="7220b151-19ea-4153-a5a2-602e3d153971"/>
			<PinItem xsi:type="ConnectorPinTerminal" id="CONNECTORPINTERMINAL_13-18-0-2ced1d" compType="WIRE-END-TERM:C2DB04:5"/>
		</DeviceItem>
		<DeviceItem xsi:type="Pin" id="PIN_13-18-0-2cecf9" signalId="SIGNAL_18-36-0-251c05" name="6">
			<AppRef name="E3.Series" version="2.13.7.0" guid="589f59d9-ec0f-41d0-897f-15a1a139cc94"/>
			<PinItem xsi:type="ConnectorPinTerminal" id="CONNECTORPINTERMINAL_13-18-0-2cecf9" compType="WIRE-END-TERM:C2DB04:6"/>
		</DeviceItem>
		<DeviceItem xsi:type="Pin" id="PIN_13-18-0-2cecdc" signalId="SIGNAL_EMPTY" name="7">
			<AppRef name="E3.Series" version="2.13.7.0" guid="3afc2851-f3b3-481a-8c49-bbb30a84f786"/>
		</DeviceItem>
		<DeviceItem xsi:type="Pin" id="PIN_13-18-0-2cece0" signalId="SIGNAL_EMPTY" name="8">
			<AppRef name="E3.Series" version="2.13.7.0" guid="442219bd-4272-4c2e-909c-df64c709d2e9"/>
		</DeviceItem>
		<DeviceItem xsi:type="Pin" id="PIN_13-18-0-2cece4" signalId="SIGNAL_EMPTY" name="9">
			<AppRef name="E3.Series" version="2.13.7.0" guid="8b9a228f-04b4-497d-8ddc-826420cb9384"/>
		</DeviceItem>
		<DeviceItem xsi:type="Pin" id="PIN_13-18-0-2cece8" signalId="SIGNAL_EMPTY" name="10">
			<AppRef name="E3.Series" version="2.13.7.0" guid="6351a181-2c80-42e9-8e7d-ff245390a738"/>
		</DeviceItem>
		<DeviceItem xsi:type="Pin" id="PIN_13-18-0-2ced05" signalId="SIGNAL_18-36-0-251c29" name="11">
			<AppRef name="E3.Series" version="2.13.7.0" guid="25e79302-d20c-4b12-848b-aafb1c8c754e"/>
			<PinItem xsi:type="ConnectorPinTerminal" id="CONNECTORPINTERMINAL_13-18-0-2ced05" compType="WIRE-END-TERM:C2DB04:11"/>
		</DeviceItem>
		<DeviceItem xsi:type="Pin" id="PIN_13-18-0-2cecec" signalId="SIGNAL_EMPTY" name="12">
			<AppRef name="E3.Series" version="2.13.7.0" guid="72a07315-e4bf-4bd2-bab1-510961dba493"/>
		</DeviceItem>
		<DeviceItem xsi:type="Pin" id="PIN_13-18-0-2cecf0" signalId="SIGNAL_EMPTY" name="13">
			<AppRef name="E3.Series" version="2.13.7.0" guid="f4071761-6549-45fc-8c14-8ea530ed344c"/>
		</DeviceItem>
		<DeviceItem xsi:type="Pin" id="PIN_13-18-0-2ced0b" signalId="SIGNAL_18-36-0-251c11" name="14">
			<AppRef name="E3.Series" version="2.13.7.0" guid="67af33b5-5545-4fa5-b6a1-5cf7f4bd9b85"/>
			<PinItem xsi:type="ConnectorPinTerminal" id="CONNECTORPINTERMINAL_13-18-0-2ced0b" compType="WIRE-END-TERM:C2DB04:14"/>
		</DeviceItem>
		<DeviceItem xsi:type="Pin" id="PIN_13-18-0-2cecf4" signalId="SIGNAL_EMPTY" name="15">
			<AppRef name="E3.Series" version="2.13.7.0" guid="4de66b40-0de2-4ab7-aa2e-948ba76840ab"/>
		</DeviceItem>
		<DeviceItem xsi:type="Pin" id="PIN_13-18-0-2ced11" signalId="SIGNAL_18-36-0-2516c2" name="16">
			<AppRef name="E3.Series" version="2.13.7.0" guid="3100b0c5-fa5b-4758-bca9-9bc3a103a978"/>
			<PinItem xsi:type="ConnectorPinTerminal" id="CONNECTORPINTERMINAL_13-18-0-2ced11" compType="WIRE-END-TERM:C2DB04:16"/>
		</DeviceItem>
	</HarnessItem>
	<HarnessItem xsi:type="Device" id="DEV_b5-14-0-5331" name="C23-C1" compType="JU5T-14489-CA" symbolName="F-Formboard_Conn_Symb" symbolCharacteristic="" rotation="90.000000" branchNodeId="BN_79_9-190_058">
		<AppRef name="E3.Series" version="2.13.7.0" guid="f68c9a1e-8222-46c8-ac9d-15d2569aeb60"/>
		<Property id="PROPERTY_681" name="HRN_FAMILY" value="14401"/>
		<Property id="PROPERTY_682" name="HRN_Level_Ref" value="(ALL)"/>
		<Property id="PROPERTY_683" name="CONN_TERM_SEAL_REQ" value="No"/>
		<Property id="PROPERTY_684" name="DESCRIPTION_COMPONENT" value="CONNECTOR HYB UNSEALED (0.64,0.64 BLD)"/>
		<Property id="PROPERTY_685" name="SUB_PROJECT" value="HRN-14401"/>
		<Property id="PROPERTY_686" name="DEVICE_NAME" value="C23-C1::"/>
		<Property id="PROPERTY_687" name="COMP_TYPE" value="CONN-INLINE"/>
		<Property id="PROPERTY_688" name="DESCRIPTION_DEVICE" value="TO INLINE 14A005 30W LH"/>
		<DeviceItem xsi:type="Pin" id="PIN_b5-18-0-5336" signalId="SIGNAL_2-36-0-3fc2" name="1">
			<AppRef name="E3.Series" version="2.13.7.0" guid="91a79e17-d4c7-4928-b52c-8fb2e5795e0d"/>
			<PinItem xsi:type="ConnectorPinTerminal" id="CONNECTORPINTERMINAL_b5-18-0-5336" compType="WIRE-END-TERM:C23-C1:1"/>
		</DeviceItem>
		<DeviceItem xsi:type="Pin" id="PIN_b5-18-0-5338" signalId="SIGNAL_2-36-0-3fc3" name="2">
			<AppRef name="E3.Series" version="2.13.7.0" guid="5c5e29b7-c265-4d27-9bcc-97d18505aff3"/>
			<PinItem xsi:type="ConnectorPinTerminal" id="CONNECTORPINTERMINAL_b5-18-0-5338" compType="WIRE-END-TERM:C23-C1:2"/>
		</DeviceItem>
		<DeviceItem xsi:type="Pin" id="PIN_b5-18-0-533a" signalId="SIGNAL_2-36-0-3c37" name="3">
			<AppRef name="E3.Series" version="2.13.7.0" guid="d833936b-a662-44a9-a4c9-866c9c53749f"/>
			<PinItem xsi:type="ConnectorPinTerminal" id="CONNECTORPINTERMINAL_b5-18-0-533a" compType="WIRE-END-TERM:C23-C1:3"/>
		</DeviceItem>
		<DeviceItem xsi:type="Pin" id="PIN_b5-18-0-533c" signalId="SIGNAL_2-36-0-3b47" name="4">
			<AppRef name="E3.Series" version="2.13.7.0" guid="61338b4e-8161-42d8-a011-3ced43545c93"/>
			<PinItem xsi:type="ConnectorPinTerminal" id="CONNECTORPINTERMINAL_b5-18-0-533c" compType="WIRE-END-TERM:C23-C1:4"/>
		</DeviceItem>
		<DeviceItem xsi:type="Pin" id="PIN_b5-18-0-533e" signalId="SIGNAL_2-36-0-4128" name="5">
			<AppRef name="E3.Series" version="2.13.7.0" guid="bb91a460-6ae1-468e-bf66-e743dc0e14a3"/>
			<PinItem xsi:type="ConnectorPinTerminal" id="CONNECTORPINTERMINAL_b5-18-0-533e" compType="WIRE-END-TERM:C23-C1:5"/>
		</DeviceItem>
		<DeviceItem xsi:type="Pin" id="PIN_b5-18-0-5340" signalId="SIGNAL_2-36-0-3cf1" name="6">
			<AppRef name="E3.Series" version="2.13.7.0" guid="a6092506-9a55-4961-ab82-0726ce151c31"/>
			<PinItem xsi:type="ConnectorPinTerminal" id="CONNECTORPINTERMINAL_b5-18-0-5340" compType="WIRE-END-TERM:C23-C1:6"/>
		</DeviceItem>
		<DeviceItem xsi:type="Pin" id="PIN_b5-18-0-5342" signalId="SIGNAL_2-36-0-3cbd" name="7">
			<AppRef name="E3.Series" version="2.13.7.0" guid="facaa4c9-caf9-4dca-b5ea-b6e1f552afde"/>
			<PinItem xsi:type="ConnectorPinTerminal" id="CONNECTORPINTERMINAL_b5-18-0-5342" compType="WIRE-END-TERM:C23-C1:7"/>
		</DeviceItem>
		<DeviceItem xsi:type="Pin" id="PIN_b5-18-0-5344" signalId="SIGNAL_2-36-0-3afb" name="8">
			<AppRef name="E3.Series" version="2.13.7.0" guid="6e6cd37e-24f0-47ce-ac12-954ee36d9f69"/>
			<PinItem xsi:type="ConnectorPinTerminal" id="CONNECTORPINTERMINAL_b5-18-0-5344" compType="WIRE-END-TERM:C23-C1:8"/>
		</DeviceItem>
		<DeviceItem xsi:type="Pin" id="PIN_b5-18-0-5346" signalId="SIGNAL_18-36-0-251cb5" name="9">
			<AppRef name="E3.Series" version="2.13.7.0" guid="f454419d-48f7-4c4b-a36a-101db3699edb"/>
			<PinItem xsi:type="ConnectorPinTerminal" id="CONNECTORPINTERMINAL_b5-18-0-5346" compType="WIRE-END-TERM:C23-C1:9"/>
		</DeviceItem>
		<DeviceItem xsi:type="Pin" id="PIN_b5-18-0-5348" signalId="SIGNAL_18-36-0-251cc2" name="10">
			<AppRef name="E3.Series" version="2.13.7.0" guid="2d514edc-4f55-406e-9b0f-86db7accfc8d"/>
			<PinItem xsi:type="ConnectorPinTerminal" id="CONNECTORPINTERMINAL_b5-18-0-5348" compType="WIRE-END-TERM:C23-C1:10"/>
		</DeviceItem>
		<DeviceItem xsi:type="Pin" id="PIN_b5-18-0-534a" signalId="SIGNAL_2-36-0-3225" name="11">
			<AppRef name="E3.Series" version="2.13.7.0" guid="4f6e278b-050c-47c9-b98e-1c493d65eb04"/>
			<PinItem xsi:type="ConnectorPinTerminal" id="CONNECTORPINTERMINAL_b5-18-0-534a" compType="WIRE-END-TERM:C23-C1:11"/>
		</DeviceItem>
		<DeviceItem xsi:type="Pin" id="PIN_b5-18-0-534c" signalId="SIGNAL_18-36-0-251462" name="12">
			<AppRef name="E3.Series" version="2.13.7.0" guid="37dde266-b563-456b-b23b-ef6061685bad"/>
			<PinItem xsi:type="ConnectorPinTerminal" id="CONNECTORPINTERMINAL_b5-18-0-534c" compType="WIRE-END-TERM:C23-C1:12"/>
		</DeviceItem>
		<DeviceItem xsi:type="Pin" id="PIN_b5-18-0-534e" signalId="SIGNAL_2-36-0-420b" name="13">
			<AppRef name="E3.Series" version="2.13.7.0" guid="e7bcfc0c-b31f-42cd-8cc8-2923950bc2c7"/>
			<PinItem xsi:type="ConnectorPinTerminal" id="CONNECTORPINTERMINAL_b5-18-0-534e" compType="WIRE-END-TERM:C23-C1:13"/>
		</DeviceItem>
		<DeviceItem xsi:type="Pin" id="PIN_b5-18-0-5350" signalId="SIGNAL_2-36-0-4105" name="14">
			<AppRef name="E3.Series" version="2.13.7.0" guid="253755a9-e654-45fb-9f2a-cf12fc850dc0"/>
			<PinItem xsi:type="ConnectorPinTerminal" id="CONNECTORPINTERMINAL_b5-18-0-5350" compType="WIRE-END-TERM:C23-C1:14"/>
		</DeviceItem>
		<DeviceItem xsi:type="Pin" id="PIN_b5-18-0-5352" signalId="SIGNAL_2-36-0-3c8a" name="15">
			<AppRef name="E3.Series" version="2.13.7.0" guid="e54979eb-91c6-403c-9311-42aa301e8b42"/>
			<PinItem xsi:type="ConnectorPinTerminal" id="CONNECTORPINTERMINAL_b5-18-0-5352" compType="WIRE-END-TERM:C23-C1:15"/>
		</DeviceItem>
		<DeviceItem xsi:type="Pin" id="PIN_b5-18-0-5354" signalId="SIGNAL_2-36-0-4147" name="16">
			<AppRef name="E3.Series" version="2.13.7.0" guid="309323d9-93d7-439c-8191-19ff44cf5218"/>
			<PinItem xsi:type="ConnectorPinTerminal" id="CONNECTORPINTERMINAL_b5-18-0-5354" compType="WIRE-END-TERM:C23-C1:16"/>
		</DeviceItem>
		<DeviceItem xsi:type="Pin" id="PIN_b5-18-0-5356" signalId="SIGNAL_18-36-0-25321b" name="17">
			<AppRef name="E3.Series" version="2.13.7.0" guid="f23fb831-ab5a-4633-9475-835694d43175"/>
			<PinItem xsi:type="ConnectorPinTerminal" id="CONNECTORPINTERMINAL_b5-18-0-5356" compType="WIRE-END-TERM:C23-C1:17"/>
		</DeviceItem>
		<DeviceItem xsi:type="Pin" id="PIN_b5-18-0-5358" signalId="SIGNAL_99-36-0-15f160" name="18">
			<AppRef name="E3.Series" version="2.13.7.0" guid="f1e49b45-7b38-4cd3-af01-624046c2e6f9"/>
			<PinItem xsi:type="ConnectorPinTerminal" id="CONNECTORPINTERMINAL_b5-18-0-5358" compType="WIRE-END-TERM:C23-C1:18"/>
		</DeviceItem>
		<DeviceItem xsi:type="Pin" id="PIN_b5-18-0-535a" signalId="SIGNAL_2-36-0-37e7" name="19">
			<AppRef name="E3.Series" version="2.13.7.0" guid="902ad452-5bfb-4beb-b762-d812dbffe355"/>
			<PinItem xsi:type="ConnectorPinTerminal" id="CONNECTORPINTERMINAL_b5-18-0-535a" compType="WIRE-END-TERM:C23-C1:19"/>
		</DeviceItem>
		<DeviceItem xsi:type="Pin" id="PIN_b5-18-0-535c" signalId="SIGNAL_2-36-0-37e6" name="20">
			<AppRef name="E3.Series" version="2.13.7.0" guid="2a23e007-7e04-486d-8e70-154eb089a90b"/>
			<PinItem xsi:type="ConnectorPinTerminal" id="CONNECTORPINTERMINAL_b5-18-0-535c" compType="WIRE-END-TERM:C23-C1:20"/>
		</DeviceItem>
		<DeviceItem xsi:type="Pin" id="PIN_b5-18-0-535e" signalId="SIGNAL_2-36-0-3c62" name="21">
			<AppRef name="E3.Series" version="2.13.7.0" guid="da4d6287-201e-45b8-b62a-07cdcc083ad1"/>
			<PinItem xsi:type="ConnectorPinTerminal" id="CONNECTORPINTERMINAL_b5-18-0-535e" compType="WIRE-END-TERM:C23-C1:21"/>
		</DeviceItem>
		<DeviceItem xsi:type="Pin" id="PIN_74-18-0-263b88" signalId="SIGNAL_2-36-0-3a84" name="22">
			<AppRef name="E3.Series" version="2.13.7.0" guid="56f4b042-2257-4203-b92a-be3787c6ca14"/>
			<PinItem xsi:type="ConnectorPinTerminal" id="CONNECTORPINTERMINAL_74-18-0-263b88" compType="WIRE-END-TERM:C23-C1:22"/>
		</DeviceItem>
		<DeviceItem xsi:type="Pin" id="PIN_74-18-0-263b8c" signalId="SIGNAL_2-36-0-3d0d" name="23">
			<AppRef name="E3.Series" version="2.13.7.0" guid="c1937c2d-7c8b-423b-8f84-cfd4cc8ceaa2"/>
			<PinItem xsi:type="ConnectorPinTerminal" id="CONNECTORPINTERMINAL_74-18-0-263b8c" compType="WIRE-END-TERM:C23-C1:23"/>
		</DeviceItem>
		<DeviceItem xsi:type="Pin" id="PIN_74-18-0-263b90" signalId="SIGNAL_2-36-0-3fd4" name="24">
			<AppRef name="E3.Series" version="2.13.7.0" guid="4b021042-581e-4f99-9369-c67f7e881f8c"/>
			<PinItem xsi:type="ConnectorPinTerminal" id="CONNECTORPINTERMINAL_74-18-0-263b90" compType="WIRE-END-TERM:C23-C1:24"/>
		</DeviceItem>
		<DeviceItem xsi:type="Pin" id="PIN_74-18-0-263b94" signalId="SIGNAL_2-36-0-3fd3" name="25">
			<AppRef name="E3.Series" version="2.13.7.0" guid="0e4d4ac0-479f-42b2-8053-4551259da9f1"/>
			<PinItem xsi:type="ConnectorPinTerminal" id="CONNECTORPINTERMINAL_74-18-0-263b94" compType="WIRE-END-TERM:C23-C1:25"/>
		</DeviceItem>
		<DeviceItem xsi:type="Pin" id="PIN_74-18-0-263b98" signalId="SIGNAL_2-36-0-3b4b" name="26">
			<AppRef name="E3.Series" version="2.13.7.0" guid="95daab41-f5c7-434b-a3b3-70bfb9f63287"/>
			<PinItem xsi:type="ConnectorPinTerminal" id="CONNECTORPINTERMINAL_74-18-0-263b98" compType="WIRE-END-TERM:C23-C1:26"/>
		</DeviceItem>
		<DeviceItem xsi:type="Pin" id="PIN_74-18-0-263b9c" signalId="SIGNAL_2-36-0-3825" name="27">
			<AppRef name="E3.Series" version="2.13.7.0" guid="614547ec-d281-48ae-9291-ac118b4fe816"/>
			<PinItem xsi:type="ConnectorPinTerminal" id="CONNECTORPINTERMINAL_74-18-0-263b9c" compType="WIRE-END-TERM:C23-C1:27"/>
		</DeviceItem>
		<DeviceItem xsi:type="Pin" id="PIN_74-18-0-263ba0" signalId="SIGNAL_2-36-0-3c79" name="28">
			<AppRef name="E3.Series" version="2.13.7.0" guid="17993a37-4f96-4e39-ab39-1a1d371bb1c5"/>
			<PinItem xsi:type="ConnectorPinTerminal" id="CONNECTORPINTERMINAL_74-18-0-263ba0" compType="WIRE-END-TERM:C23-C1:28"/>
		</DeviceItem>
		<DeviceItem xsi:type="Pin" id="PIN_74-18-0-263ba4" signalId="SIGNAL_10-36-0-3c975b" name="29">
			<AppRef name="E3.Series" version="2.13.7.0" guid="edad747d-13c5-41d7-8597-6449babf5eee"/>
			<PinItem xsi:type="ConnectorPinTerminal" id="CONNECTORPINTERMINAL_74-18-0-263ba4" compType="WIRE-END-TERM:C23-C1:29"/>
		</DeviceItem>
		<DeviceItem xsi:type="Pin" id="PIN_74-18-0-263ba8" signalId="SIGNAL_10-36-0-3c975c" name="30">
			<AppRef name="E3.Series" version="2.13.7.0" guid="ad7acba6-b56b-46b4-81f7-8b8c9e4742d6"/>
			<PinItem xsi:type="ConnectorPinTerminal" id="CONNECTORPINTERMINAL_74-18-0-263ba8" compType="WIRE-END-TERM:C23-C1:30"/>
		</DeviceItem>
	</HarnessItem>
	<HarnessItem xsi:type="Device" id="DEV_6e-14-0-cd4b" name="C23-A1" compType="JU5T-14489-DA" symbolName="F-Formboard_Conn_Symb" symbolCharacteristic="" rotation="90.000000" branchNodeId="BN_695_9-190_058">
		<AppRef name="E3.Series" version="2.13.7.0" guid="64787ea3-f57b-4d05-a583-f8214e8fb72e"/>
		<Property id="PROPERTY_689" name="HRN_FAMILY" value="14401"/>
		<Property id="PROPERTY_690" name="HRN_Level_Ref" value="(ALL)"/>
		<Property id="PROPERTY_691" name="CONN_TERM_SEAL_REQ" value="No"/>
		<Property id="PROPERTY_692" name="DESCRIPTION_COMPONENT" value="CONNECTOR HYB UNSEALED (0.64,0.64 BLD)"/>
		<Property id="PROPERTY_693" name="SUB_PROJECT" value="HRN-14401"/>
		<Property id="PROPERTY_694" name="DEVICE_NAME" value="C23-A1::"/>
		<Property id="PROPERTY_695" name="COMP_TYPE" value="CONN-INLINE"/>
		<Property id="PROPERTY_696" name="DESCRIPTION_DEVICE" value="TO INLINE 14A005 30W LH"/>
		<DeviceItem xsi:type="Pin" id="PIN_6e-18-0-dc09" signalId="SIGNAL_2-36-0-3d32" name="1">
			<AppRef name="E3.Series" version="2.13.7.0" guid="122e9999-ca21-4a32-905a-1ea7357cb47a"/>
			<PinItem xsi:type="ConnectorPinTerminal" id="CONNECTORPINTERMINAL_6e-18-0-dc09" compType="WIRE-END-TERM:C23-A1:1"/>
		</DeviceItem>
		<DeviceItem xsi:type="Pin" id="PIN_6e-18-0-dc0e" signalId="SIGNAL_2-36-0-3703" name="2">
			<AppRef name="E3.Series" version="2.13.7.0" guid="ecd40a18-d194-431b-a62f-4d3e8f153c0e"/>
			<PinItem xsi:type="ConnectorPinTerminal" id="CONNECTORPINTERMINAL_6e-18-0-dc0e" compType="WIRE-END-TERM:C23-A1:2"/>
		</DeviceItem>
		<DeviceItem xsi:type="Pin" id="PIN_6e-18-0-dc13" signalId="SIGNAL_d-36-0-e26d9" name="3">
			<AppRef name="E3.Series" version="2.13.7.0" guid="7234a9ef-3cf4-40f2-914c-7080ee7c2cac"/>
			<PinItem xsi:type="ConnectorPinTerminal" id="CONNECTORPINTERMINAL_6e-18-0-dc13" compType="WIRE-END-TERM:C23-A1:3"/>
		</DeviceItem>
		<DeviceItem xsi:type="Pin" id="PIN_6e-18-0-dc18" signalId="SIGNAL_2-36-0-3664" name="4">
			<AppRef name="E3.Series" version="2.13.7.0" guid="bab9e197-8508-4a7e-b4e8-6d97cfb035e9"/>
			<PinItem xsi:type="ConnectorPinTerminal" id="CONNECTORPINTERMINAL_6e-18-0-dc18" compType="WIRE-END-TERM:C23-A1:4"/>
		</DeviceItem>
		<DeviceItem xsi:type="Pin" id="PIN_6e-18-0-dc1d" signalId="SIGNAL_2-36-0-3336" name="5">
			<AppRef name="E3.Series" version="2.13.7.0" guid="de93f745-f140-4b89-bb79-1858283c2c83"/>
			<PinItem xsi:type="ConnectorPinTerminal" id="CONNECTORPINTERMINAL_6e-18-0-dc1d" compType="WIRE-END-TERM:C23-A1:5"/>
		</DeviceItem>
		<DeviceItem xsi:type="Pin" id="PIN_6e-18-0-dc22" signalId="SIGNAL_2-36-0-371b" name="6">
			<AppRef name="E3.Series" version="2.13.7.0" guid="d48bcfcd-274b-4318-b9cc-d0e67d09590f"/>
			<PinItem xsi:type="ConnectorPinTerminal" id="CONNECTORPINTERMINAL_6e-18-0-dc22" compType="WIRE-END-TERM:C23-A1:6"/>
		</DeviceItem>
		<DeviceItem xsi:type="Pin" id="PIN_6e-18-0-dc27" signalId="SIGNAL_2-36-0-37f0" name="7">
			<AppRef name="E3.Series" version="2.13.7.0" guid="9f009788-7aff-4ec2-9dd8-285cee2b1fa0"/>
			<PinItem xsi:type="ConnectorPinTerminal" id="CONNECTORPINTERMINAL_6e-18-0-dc27" compType="WIRE-END-TERM:C23-A1:7"/>
		</DeviceItem>
		<DeviceItem xsi:type="Pin" id="PIN_6e-18-0-dc2c" signalId="SIGNAL_2-36-0-37e4" name="8">
			<AppRef name="E3.Series" version="2.13.7.0" guid="41e8e6ac-8d9d-426d-aa5c-e742434bdefe"/>
			<PinItem xsi:type="ConnectorPinTerminal" id="CONNECTORPINTERMINAL_6e-18-0-dc2c" compType="WIRE-END-TERM:C23-A1:8"/>
		</DeviceItem>
		<DeviceItem xsi:type="Pin" id="PIN_6e-18-0-dc31" signalId="SIGNAL_2-36-0-421b" name="9">
			<AppRef name="E3.Series" version="2.13.7.0" guid="532a4fc9-b34c-42bc-99aa-1dfe60512eea"/>
			<PinItem xsi:type="ConnectorPinTerminal" id="CONNECTORPINTERMINAL_6e-18-0-dc31" compType="WIRE-END-TERM:C23-A1:9"/>
		</DeviceItem>
		<DeviceItem xsi:type="Pin" id="PIN_6e-18-0-dc36" signalId="SIGNAL_d-36-0-e2d43" name="10">
			<AppRef name="E3.Series" version="2.13.7.0" guid="30fa4b0e-f5e0-45f9-a583-3057ace8c08f"/>
			<PinItem xsi:type="ConnectorPinTerminal" id="CONNECTORPINTERMINAL_6e-18-0-dc36" compType="WIRE-END-TERM:C23-A1:10"/>
		</DeviceItem>
		<DeviceItem xsi:type="Pin" id="PIN_6e-18-0-dc3b" signalId="SIGNAL_2-36-0-3f80" name="11">
			<AppRef name="E3.Series" version="2.13.7.0" guid="d5b24e9c-2e02-4de3-80f0-1221c4808464"/>
			<PinItem xsi:type="ConnectorPinTerminal" id="CONNECTORPINTERMINAL_6e-18-0-dc3b" compType="WIRE-END-TERM:C23-A1:11"/>
		</DeviceItem>
		<DeviceItem xsi:type="Pin" id="PIN_6e-18-0-dc40" signalId="SIGNAL_2-36-0-3b7e" name="12">
			<AppRef name="E3.Series" version="2.13.7.0" guid="83165d45-ca66-491c-b2af-bbd253d16d63"/>
			<PinItem xsi:type="ConnectorPinTerminal" id="CONNECTORPINTERMINAL_6e-18-0-dc40" compType="WIRE-END-TERM:C23-A1:12"/>
		</DeviceItem>
		<DeviceItem xsi:type="Pin" id="PIN_6e-18-0-dc45" signalId="SIGNAL_99-36-0-15f16c" name="13">
			<AppRef name="E3.Series" version="2.13.7.0" guid="8a72dc51-81fb-4203-b5d8-eb9f993b3474"/>
			<PinItem xsi:type="ConnectorPinTerminal" id="CONNECTORPINTERMINAL_6e-18-0-dc45" compType="WIRE-END-TERM:C23-A1:13"/>
		</DeviceItem>
		<DeviceItem xsi:type="Pin" id="PIN_6e-18-0-dc4a" signalId="SIGNAL_cb-36-0-20ef6" name="14">
			<AppRef name="E3.Series" version="2.13.7.0" guid="aa8b9224-c635-419b-aede-e79c7d876ee9"/>
			<PinItem xsi:type="ConnectorPinTerminal" id="CONNECTORPINTERMINAL_6e-18-0-dc4a" compType="WIRE-END-TERM:C23-A1:14"/>
		</DeviceItem>
		<DeviceItem xsi:type="Pin" id="PIN_6e-18-0-dc4f" signalId="SIGNAL_2-36-0-37e3" name="15">
			<AppRef name="E3.Series" version="2.13.7.0" guid="9032a9a9-2ed8-49d9-85ca-037cc2659ce9"/>
			<PinItem xsi:type="ConnectorPinTerminal" id="CONNECTORPINTERMINAL_6e-18-0-dc4f" compType="WIRE-END-TERM:C23-A1:15"/>
		</DeviceItem>
		<DeviceItem xsi:type="Pin" id="PIN_6e-18-0-dc54" signalId="SIGNAL_2-36-0-421d" name="16">
			<AppRef name="E3.Series" version="2.13.7.0" guid="78981124-8276-458a-ac67-e08597bcbb65"/>
			<PinItem xsi:type="ConnectorPinTerminal" id="CONNECTORPINTERMINAL_6e-18-0-dc54" compType="WIRE-END-TERM:C23-A1:16"/>
		</DeviceItem>
		<DeviceItem xsi:type="Pin" id="PIN_6e-18-0-dc59" signalId="SIGNAL_2-36-0-37ef" name="17">
			<AppRef name="E3.Series" version="2.13.7.0" guid="4fd5c40c-4255-470f-ba64-1a989c661dca"/>
			<PinItem xsi:type="ConnectorPinTerminal" id="CONNECTORPINTERMINAL_6e-18-0-dc59" compType="WIRE-END-TERM:C23-A1:17"/>
		</DeviceItem>
		<DeviceItem xsi:type="Pin" id="PIN_6e-18-0-dc5e" signalId="SIGNAL_2-36-0-3989" name="18">
			<AppRef name="E3.Series" version="2.13.7.0" guid="d6752fd3-7881-4fb6-8500-e693de0f2400"/>
			<PinItem xsi:type="ConnectorPinTerminal" id="CONNECTORPINTERMINAL_6e-18-0-dc5e" compType="WIRE-END-TERM:C23-A1:18"/>
		</DeviceItem>
		<DeviceItem xsi:type="Pin" id="PIN_6e-18-0-dc63" signalId="SIGNAL_2-36-0-335b" name="19">
			<AppRef name="E3.Series" version="2.13.7.0" guid="48ee0098-45bc-4506-8836-6330827fd50c"/>
			<PinItem xsi:type="ConnectorPinTerminal" id="CONNECTORPINTERMINAL_6e-18-0-dc63" compType="WIRE-END-TERM:C23-A1:19"/>
		</DeviceItem>
		<DeviceItem xsi:type="Pin" id="PIN_6e-18-0-dc68" signalId="SIGNAL_2-36-0-335e" name="20">
			<AppRef name="E3.Series" version="2.13.7.0" guid="eaf3f906-1210-4e45-8273-ca6b3c66f1fd"/>
			<PinItem xsi:type="ConnectorPinTerminal" id="CONNECTORPINTERMINAL_6e-18-0-dc68" compType="WIRE-END-TERM:C23-A1:20"/>
		</DeviceItem>
		<DeviceItem xsi:type="Pin" id="PIN_6e-18-0-dc6d" signalId="SIGNAL_2-36-0-335c" name="21">
			<AppRef name="E3.Series" version="2.13.7.0" guid="17bcf6f0-ecdc-4209-9891-d69a41017e37"/>
			<PinItem xsi:type="ConnectorPinTerminal" id="CONNECTORPINTERMINAL_6e-18-0-dc6d" compType="WIRE-END-TERM:C23-A1:21"/>
		</DeviceItem>
		<DeviceItem xsi:type="Pin" id="PIN_43-18-0-192e3e" signalId="SIGNAL_2-36-0-335f" name="22">
			<AppRef name="E3.Series" version="2.13.7.0" guid="52248f45-3c75-4335-a6a5-a31ee715f323"/>
			<PinItem xsi:type="ConnectorPinTerminal" id="CONNECTORPINTERMINAL_43-18-0-192e3e" compType="WIRE-END-TERM:C23-A1:22"/>
		</DeviceItem>
		<DeviceItem xsi:type="Pin" id="PIN_43-18-0-192e42" signalId="SIGNAL_2-36-0-3fd3" name="23">
			<AppRef name="E3.Series" version="2.13.7.0" guid="47fd9b65-06d2-488c-9d6c-cf147e7682cd"/>
			<PinItem xsi:type="ConnectorPinTerminal" id="CONNECTORPINTERMINAL_43-18-0-192e42" compType="WIRE-END-TERM:C23-A1:23"/>
		</DeviceItem>
		<DeviceItem xsi:type="Pin" id="PIN_43-18-0-192e46" signalId="SIGNAL_2-36-0-3fd4" name="24">
			<AppRef name="E3.Series" version="2.13.7.0" guid="467e8d90-86a2-471e-a75e-74dbf1ffae3d"/>
			<PinItem xsi:type="ConnectorPinTerminal" id="CONNECTORPINTERMINAL_43-18-0-192e46" compType="WIRE-END-TERM:C23-A1:24"/>
		</DeviceItem>
		<DeviceItem xsi:type="Pin" id="PIN_43-18-0-192e4a" signalId="SIGNAL_2-36-0-3fd5" name="25">
			<AppRef name="E3.Series" version="2.13.7.0" guid="ef01a0b0-a345-4177-a56a-dd0743d77260"/>
			<PinItem xsi:type="ConnectorPinTerminal" id="CONNECTORPINTERMINAL_43-18-0-192e4a" compType="WIRE-END-TERM:C23-A1:25"/>
		</DeviceItem>
		<DeviceItem xsi:type="Pin" id="PIN_43-18-0-192e4e" signalId="SIGNAL_2-36-0-3fd6" name="26">
			<AppRef name="E3.Series" version="2.13.7.0" guid="b0943a43-5fde-425c-b412-e4909b88af4a"/>
			<PinItem xsi:type="ConnectorPinTerminal" id="CONNECTORPINTERMINAL_43-18-0-192e4e" compType="WIRE-END-TERM:C23-A1:26"/>
		</DeviceItem>
		<DeviceItem xsi:type="Pin" id="PIN_43-18-0-192e52" signalId="SIGNAL_2-36-0-335d" name="27">
			<AppRef name="E3.Series" version="2.13.7.0" guid="cbb540b4-a485-479a-9593-e3287944afc4"/>
			<PinItem xsi:type="ConnectorPinTerminal" id="CONNECTORPINTERMINAL_43-18-0-192e52" compType="WIRE-END-TERM:C23-A1:27"/>
		</DeviceItem>
		<DeviceItem xsi:type="Pin" id="PIN_43-18-0-192e56" signalId="SIGNAL_2-36-0-3360" name="28">
			<AppRef name="E3.Series" version="2.13.7.0" guid="6697d72e-1923-4332-b875-1dfb14383fde"/>
			<PinItem xsi:type="ConnectorPinTerminal" id="CONNECTORPINTERMINAL_43-18-0-192e56" compType="WIRE-END-TERM:C23-A1:28"/>
		</DeviceItem>
		<DeviceItem xsi:type="Pin" id="PIN_43-18-0-192e5a" signalId="SIGNAL_4c-36-0-777d7f" name="29">
			<AppRef name="E3.Series" version="2.13.7.0" guid="5b259e59-7d4c-451d-b9b8-4c702bba774e"/>
			<PinItem xsi:type="ConnectorPinTerminal" id="CONNECTORPINTERMINAL_43-18-0-192e5a" compType="WIRE-END-TERM:C23-A1:29"/>
		</DeviceItem>
		<DeviceItem xsi:type="Pin" id="PIN_43-18-0-192e5e" signalId="SIGNAL_4c-36-0-75879f" name="30">
			<AppRef name="E3.Series" version="2.13.7.0" guid="9cab4a09-ad99-451b-8baf-0f7576cf4620"/>
			<PinItem xsi:type="ConnectorPinTerminal" id="CONNECTORPINTERMINAL_43-18-0-192e5e" compType="WIRE-END-TERM:C23-A1:30"/>
		</DeviceItem>
	</HarnessItem>
	<HarnessItem xsi:type="Device" id="DEV_24-14-0-26787e" name="C23-PT1" compType="4S7T-14489-YLA" symbolName="F-Formboard_Conn_Symb" symbolCharacteristic="" rotation="90.000000" branchNodeId="BN_1111_9-146_058">
		<AppRef name="E3.Series" version="2.13.7.0" guid="d7514f4b-2caf-45e0-acfd-4c42d27022c7"/>
		<Property id="PROPERTY_697" name="HRN_FAMILY" value="14401"/>
		<Property id="PROPERTY_698" name="HRN_Level_Ref" value="(400W)/(CNSL-MID)/(KWINV)/(P-COL)/(ACBRKR)"/>
		<Property id="PROPERTY_699" name="CONN_TERM_SEAL_REQ" value="No"/>
		<Property id="PROPERTY_700" name="DESCRIPTION_COMPONENT" value="CONN.(6,3 MM FLAT TERM.SYS.)- 5) 6,3 MM"/>
		<Property id="PROPERTY_701" name="SUB_PROJECT" value="HRN-14401"/>
		<Property id="PROPERTY_702" name="DEVICE_NAME" value="C23-PT1::"/>
		<Property id="PROPERTY_703" name="COMP_TYPE" value="CONN-INLINE"/>
		<Property id="PROPERTY_704" name="DESCRIPTION_DEVICE" value="TO INLINE 14A005 4W (AC OUTLET)"/>
		<Option id="OPTION_24-14-0-26787e_1" value="HUKAN | HUKAL | HUKAM | HUKAJ | HUKAK | HUKAQ | HUKAD"/>
		<DeviceItem xsi:type="Pin" id="PIN_24-18-0-267881" signalId="SIGNAL_18-36-0-253f0a" name="1">
			<AppRef name="E3.Series" version="2.13.7.0" guid="5b470909-9eec-4bd0-9500-1da9190a5d55"/>
			<PinItem xsi:type="ConnectorPinTerminal" id="CONNECTORPINTERMINAL_24-18-0-267881" compType="WIRE-END-TERM:C23-PT1:1"/>
		</DeviceItem>
		<DeviceItem xsi:type="Pin" id="PIN_24-18-0-267883" signalId="SIGNAL_18-36-0-253f24" name="2">
			<AppRef name="E3.Series" version="2.13.7.0" guid="c717f350-7cdf-401f-b9e7-6c79dcf82cbd"/>
			<PinItem xsi:type="ConnectorPinTerminal" id="CONNECTORPINTERMINAL_24-18-0-267883" compType="WIRE-END-TERM:C23-PT1:2"/>
		</DeviceItem>
		<DeviceItem xsi:type="Pin" id="PIN_88-18-0-48d614" signalId="SIGNAL_2-36-0-3160" name="3">
			<AppRef name="E3.Series" version="2.13.7.0" guid="875547fd-b9a1-4901-a579-00e68e4ea0d7"/>
			<PinItem xsi:type="ConnectorPinTerminal" id="CONNECTORPINTERMINAL_88-18-0-48d614" compType="WIRE-END-TERM:C23-PT1:3"/>
		</DeviceItem>
		<DeviceItem xsi:type="Pin" id="PIN_88-18-0-48d618" signalId="SIGNAL_18-36-0-253f0a" name="4">
			<AppRef name="E3.Series" version="2.13.7.0" guid="b3a1b180-2ffe-4454-8ff7-85b14f1fa83c"/>
			<PinItem xsi:type="ConnectorPinTerminal" id="CONNECTORPINTERMINAL_88-18-0-48d618" compType="WIRE-END-TERM:C23-PT1:4"/>
		</DeviceItem>
	</HarnessItem>
	<HarnessItem xsi:type="Device" id="DEV_38-14-0-13805" name="C2H415" compType="5L8T-14A464-DA" symbolName="F-Formboard_Conn_Symb" symbolCharacteristic="" rotation="90.000000" branchNodeId="BN_11304-132">
		<AppRef name="E3.Series" version="2.13.7.0" guid="417e32ed-c274-43f9-9238-a7e36eb190f1"/>
		<Property id="PROPERTY_705" name="HRN_FAMILY" value="14401"/>
		<Property id="PROPERTY_706" name="HRN_Level_Ref" value="(D-ZN)"/>
		<Property id="PROPERTY_707" name="CONN_TERM_SEAL_REQ" value="No"/>
		<Property id="PROPERTY_708" name="DESCRIPTION_COMPONENT" value="CONNECTOR-CAT. 0 (.64MM BLADE)"/>
		<Property id="PROPERTY_709" name="SUB_PROJECT" value="HRN-14401"/>
		<Property id="PROPERTY_710" name="DEVICE_NAME" value="C2H415::"/>
		<Property id="PROPERTY_711" name="COMP_TYPE" value="CONN-DEVICE"/>
		<Property id="PROPERTY_712" name="DESCRIPTION_DEVICE" value="TO SUNLOAD SENR"/>
		<Option id="OPTION_38-14-0-13805_1" value="AC_G"/>
		<DeviceItem xsi:type="Pin" id="PIN_38-18-0-13c47" signalId="SIGNAL_2-36-0-40c5" name="1">
			<AppRef name="E3.Series" version="2.13.7.0" guid="8949650e-a122-4ec9-8f44-ac1764c8f03d"/>
			<PinItem xsi:type="ConnectorPinTerminal" id="CONNECTORPINTERMINAL_38-18-0-13c47" compType="WIRE-END-TERM:C2H415:1"/>
		</DeviceItem>
		<DeviceItem xsi:type="Pin" id="PIN_38-18-0-13c57" signalId="SIGNAL_2-36-0-4103" name="2">
			<AppRef name="E3.Series" version="2.13.7.0" guid="759b9eec-6c92-4374-accb-4ee72e356da5"/>
			<PinItem xsi:type="ConnectorPinTerminal" id="CONNECTORPINTERMINAL_38-18-0-13c57" compType="WIRE-END-TERM:C2H415:2"/>
		</DeviceItem>
		<DeviceItem xsi:type="Pin" id="PIN_38-18-0-13c4f" signalId="SIGNAL_2-36-0-40c4" name="3">
			<AppRef name="E3.Series" version="2.13.7.0" guid="526960cd-f492-44ff-8698-f0e1c871e939"/>
			<PinItem xsi:type="ConnectorPinTerminal" id="CONNECTORPINTERMINAL_38-18-0-13c4f" compType="WIRE-END-TERM:C2H415:3"/>
		</DeviceItem>
		<DeviceItem xsi:type="Pin" id="PIN_38-18-0-13c5f" signalId="SIGNAL_2-36-0-3c60" name="4">
			<AppRef name="E3.Series" version="2.13.7.0" guid="71b61a43-f408-4fab-9dc8-a27f5b5d1adf"/>
			<PinItem xsi:type="ConnectorPinTerminal" id="CONNECTORPINTERMINAL_38-18-0-13c5f" compType="WIRE-END-TERM:C2H415:4"/>
		</DeviceItem>
	</HarnessItem>
	<HarnessItem xsi:type="Device" id="DEV_e4-14-0-1032d6" name="C2CF40" compType="2L7T-14489-BB" symbolName="F-Formboard_Conn_Symb" symbolCharacteristic="" rotation="90.000000" branchNodeId="BN_8520-248">
		<AppRef name="E3.Series" version="2.13.7.0" guid="5601faf2-c114-4a3c-b1ea-882bdac8b958"/>
		<Property id="PROPERTY_713" name="HRN_FAMILY" value="14401"/>
		<Property id="PROPERTY_714" name="HRN_Level_Ref" value="(C-SHF)/(400W)/(7SPKR)/(TACH-L0)/(ACBRKR)/VA"/>
		<Property id="PROPERTY_715" name="CONN_TERM_SEAL_REQ" value="No"/>
		<Property id="PROPERTY_716" name="DESCRIPTION_COMPONENT" value="CONNECTOR-CAT. 0 (.64MM BLADE)"/>
		<Property id="PROPERTY_717" name="SUB_PROJECT" value="HRN-14401"/>
		<Property id="PROPERTY_718" name="DEVICE_NAME" value="C2CF40::"/>
		<Property id="PROPERTY_719" name="COMP_TYPE" value="CONN-DEVICE"/>
		<Property id="PROPERTY_720" name="DESCRIPTION_DEVICE" value="TO TERRAIN MGMT SW"/>
		<Option id="OPTION_e4-14-0-1032d6_1" value="HT2AA"/>
		<DeviceItem xsi:type="Pin" id="PIN_e4-18-0-103303" signalId="SIGNAL_2-36-0-3ed5" name="1">
			<AppRef name="E3.Series" version="2.13.7.0" guid="0d248ed7-fe1d-439d-bd7c-2453f9436ef4"/>
			<PinItem xsi:type="ConnectorPinTerminal" id="CONNECTORPINTERMINAL_e4-18-0-103303" compType="WIRE-END-TERM:C2CF40:1"/>
		</DeviceItem>
		<DeviceItem xsi:type="Pin" id="PIN_e4-18-0-10330f" signalId="SIGNAL_2-36-0-3fd4" name="2">
			<AppRef name="E3.Series" version="2.13.7.0" guid="e7fb01ee-290a-47c9-b7a6-0b83ec9af2c1"/>
			<PinItem xsi:type="ConnectorPinTerminal" id="CONNECTORPINTERMINAL_e4-18-0-10330f" compType="WIRE-END-TERM:C2CF40:2"/>
		</DeviceItem>
		<DeviceItem xsi:type="Pin" id="PIN_e4-18-0-103309" signalId="SIGNAL_2-36-0-3fd3" name="3">
			<AppRef name="E3.Series" version="2.13.7.0" guid="dc491370-9f80-4e47-91b9-8c69821869de"/>
			<PinItem xsi:type="ConnectorPinTerminal" id="CONNECTORPINTERMINAL_e4-18-0-103309" compType="WIRE-END-TERM:C2CF40:3"/>
		</DeviceItem>
		<DeviceItem xsi:type="Pin" id="PIN_e4-18-0-103315" signalId="SIGNAL_2-36-0-3a85" name="4">
			<AppRef name="E3.Series" version="2.13.7.0" guid="b0d13a67-21cd-440c-a86e-981a6656d578"/>
			<PinItem xsi:type="ConnectorPinTerminal" id="CONNECTORPINTERMINAL_e4-18-0-103315" compType="WIRE-END-TERM:C2CF40:4"/>
		</DeviceItem>
		<DeviceItem xsi:type="Pin" id="PIN_e4-18-0-1032ee" signalId="SIGNAL_EMPTY" name="5">
			<AppRef name="E3.Series" version="2.13.7.0" guid="fe6663f6-0564-451e-a475-94ad69bc54af"/>
		</DeviceItem>
		<DeviceItem xsi:type="Pin" id="PIN_e4-18-0-1032f3" signalId="SIGNAL_EMPTY" name="6">
			<AppRef name="E3.Series" version="2.13.7.0" guid="37e264bf-e10b-46d5-9676-1d041ef3df48"/>
		</DeviceItem>
		<DeviceItem xsi:type="Pin" id="PIN_e4-18-0-1032f8" signalId="SIGNAL_EMPTY" name="7">
			<AppRef name="E3.Series" version="2.13.7.0" guid="c2b948c5-7cc5-4b30-bd94-deebbac9c809"/>
		</DeviceItem>
		<DeviceItem xsi:type="Pin" id="PIN_e4-18-0-1032fd" signalId="SIGNAL_EMPTY" name="8">
			<AppRef name="E3.Series" version="2.13.7.0" guid="68fbde03-423c-451a-8697-dbdb95031ff8"/>
		</DeviceItem>
	</HarnessItem>
	<HarnessItem xsi:type="Device" id="DEV_29-14-0-82b6" name="C2DC38" compType="2L1T-14A464-KA" symbolName="F-Formboard_Conn_Symb" symbolCharacteristic="" rotation="90.000000" branchNodeId="BN_12382_25-194_156">
		<AppRef name="E3.Series" version="2.13.7.0" guid="aa12f0ad-8a8d-4ca2-8f35-659814a6a104"/>
		<Property id="PROPERTY_721" name="HRN_FAMILY" value="14401"/>
		<Property id="PROPERTY_722" name="HRN_Level_Ref" value="(PEPS-12)/(BEV)"/>
		<Property id="PROPERTY_723" name="CONN_TERM_SEAL_REQ" value="No"/>
		<Property id="PROPERTY_724" name="DESCRIPTION_COMPONENT" value="CONNECTOR-CAT. 0 (.64MM BLADE)"/>
		<Property id="PROPERTY_725" name="SUB_PROJECT" value="HRN-14401"/>
		<Property id="PROPERTY_726" name="DEVICE_NAME" value="C2DC38::"/>
		<Property id="PROPERTY_727" name="COMP_TYPE" value="CONN-DEVICE"/>
		<Property id="PROPERTY_728" name="DESCRIPTION_DEVICE" value="TO PUSH START SWITCH"/>
		<Option id="OPTION_29-14-0-82b6_1" value="CBGAL | CBGAJ | CBGAU | CBFAN"/>
		<DeviceItem xsi:type="Pin" id="PIN_29-18-0-82be" signalId="SIGNAL_2-36-0-33cc" name="1">
			<AppRef name="E3.Series" version="2.13.7.0" guid="e8b882ef-aa81-4a27-b3b4-16fdb8803c1c"/>
			<PinItem xsi:type="ConnectorPinTerminal" id="CONNECTORPINTERMINAL_29-18-0-82be" compType="WIRE-END-TERM:C2DC38:1"/>
		</DeviceItem>
		<DeviceItem xsi:type="Pin" id="PIN_29-18-0-82c6" signalId="SIGNAL_2-36-0-3759" name="2">
			<AppRef name="E3.Series" version="2.13.7.0" guid="986cc042-5350-4a40-949b-40cd350bff62"/>
			<PinItem xsi:type="ConnectorPinTerminal" id="CONNECTORPINTERMINAL_29-18-0-82c6" compType="WIRE-END-TERM:C2DC38:2"/>
		</DeviceItem>
		<DeviceItem xsi:type="Pin" id="PIN_29-18-0-82e6" signalId="SIGNAL_2-36-0-3a85" name="3">
			<AppRef name="E3.Series" version="2.13.7.0" guid="f0be006d-62f4-4c31-9385-ace9773ca550"/>
			<PinItem xsi:type="ConnectorPinTerminal" id="CONNECTORPINTERMINAL_29-18-0-82e6" compType="WIRE-END-TERM:C2DC38:3"/>
		</DeviceItem>
		<DeviceItem xsi:type="Pin" id="PIN_29-18-0-82ce" signalId="SIGNAL_2-36-0-3eca" name="4">
			<AppRef name="E3.Series" version="2.13.7.0" guid="da8b8940-8368-49bc-b701-26a61a1a1f45"/>
			<PinItem xsi:type="ConnectorPinTerminal" id="CONNECTORPINTERMINAL_29-18-0-82ce" compType="WIRE-END-TERM:C2DC38:4"/>
		</DeviceItem>
		<DeviceItem xsi:type="Pin" id="PIN_29-18-0-82de" signalId="SIGNAL_2-36-0-4111" name="5">
			<AppRef name="E3.Series" version="2.13.7.0" guid="a12451bc-47b8-490c-903c-add5f344e8fb"/>
			<PinItem xsi:type="ConnectorPinTerminal" id="CONNECTORPINTERMINAL_29-18-0-82de" compType="WIRE-END-TERM:C2DC38:5"/>
		</DeviceItem>
		<DeviceItem xsi:type="Pin" id="PIN_29-18-0-82d6" signalId="SIGNAL_2-36-0-3758" name="6">
			<AppRef name="E3.Series" version="2.13.7.0" guid="45583967-bf85-4c11-b13b-e74a0f8d0704"/>
			<PinItem xsi:type="ConnectorPinTerminal" id="CONNECTORPINTERMINAL_29-18-0-82d6" compType="WIRE-END-TERM:C2DC38:6"/>
		</DeviceItem>
	</HarnessItem>
	<HarnessItem xsi:type="Device" id="DEV_3b-14-0-125d1e1" name="C2YA02-C1" compType="DU5T-14489-FA" symbolName="F-Formboard_Conn_Symb" symbolCharacteristic="" rotation="90.000000" branchNodeId="BN_16936-148">
		<AppRef name="E3.Series" version="2.13.7.0" guid="37f15779-f94c-4572-a688-c98d9fcf2b19"/>
		<Property id="PROPERTY_729" name="HRN_FAMILY" value="14401"/>
		<Property id="PROPERTY_730" name="HRN_Level_Ref" value="(400W)/(KWINV)/(ACBRKR)/(F-SHF)/(BEV)"/>
		<Property id="PROPERTY_731" name="CONN_TERM_SEAL_REQ" value="No"/>
		<Property id="PROPERTY_732" name="DESCRIPTION_COMPONENT" value="CONNECTOR-CAT. 0 (.64MM BLADE)"/>
		<Property id="PROPERTY_733" name="SUB_PROJECT" value="HRN-14401"/>
		<Property id="PROPERTY_734" name="DEVICE_NAME" value="C2YA02-C1::"/>
		<Property id="PROPERTY_735" name="COMP_TYPE" value="CONN-DEVICE"/>
		<Property id="PROPERTY_736" name="DESCRIPTION_DEVICE" value="TO AC OUTLET (CONTROL)"/>
		<Option id="OPTION_3b-14-0-125d1e1_1" value="HUKAJ | HUKAK | HUKAL | HUKAM | HUKAN | HUKAQ"/>
		<DeviceItem xsi:type="Pin" id="PIN_3b-18-0-125d25b" signalId="SIGNAL_2-36-0-32ab" name="1">
			<AppRef name="E3.Series" version="2.13.7.0" guid="8ccf5597-020b-484b-9782-a793c1391432"/>
			<PinItem xsi:type="ConnectorPinTerminal" id="CONNECTORPINTERMINAL_3b-18-0-125d25b" compType="WIRE-END-TERM:C2YA02-C1:1"/>
		</DeviceItem>
		<DeviceItem xsi:type="Pin" id="PIN_3b-18-0-125d261" signalId="SIGNAL_51-36-0-126ccb" name="2">
			<AppRef name="E3.Series" version="2.13.7.0" guid="8c973468-f0fe-445e-847f-21b0eefe02a6"/>
			<PinItem xsi:type="ConnectorPinTerminal" id="CONNECTORPINTERMINAL_3b-18-0-125d261" compType="WIRE-END-TERM:C2YA02-C1:2"/>
		</DeviceItem>
		<DeviceItem xsi:type="Pin" id="PIN_3b-18-0-125d255" signalId="SIGNAL_EMPTY" name="3">
			<AppRef name="E3.Series" version="2.13.7.0" guid="48ccce1c-304a-41c8-a92b-7e1bed098f10"/>
		</DeviceItem>
		<DeviceItem xsi:type="Pin" id="PIN_3b-18-0-125d267" signalId="SIGNAL_2-36-0-3160" name="4">
			<AppRef name="E3.Series" version="2.13.7.0" guid="37a47df4-2967-4db1-a8c1-d66c9b4629a1"/>
			<PinItem xsi:type="ConnectorPinTerminal" id="CONNECTORPINTERMINAL_3b-18-0-125d267" compType="WIRE-END-TERM:C2YA02-C1:4"/>
		</DeviceItem>
	</HarnessItem>
	<HarnessItem xsi:type="Device" id="DEV_3b-14-0-125d1e8" name="C2YA02-C2" compType="4S7T-14489-YMA" symbolName="F-Formboard_Conn_Symb" symbolCharacteristic="" rotation="90.000000" branchNodeId="BN_17032-72">
		<AppRef name="E3.Series" version="2.13.7.0" guid="6ca63957-9464-4767-a952-01e0fba14102"/>
		<Property id="PROPERTY_737" name="HRN_FAMILY" value="14401"/>
		<Property id="PROPERTY_738" name="HRN_Level_Ref" value="(400W)/(KWINV)/(ACBRKR)/(F-SHF)/(BEV)"/>
		<Property id="PROPERTY_739" name="CONN_TERM_SEAL_REQ" value="No"/>
		<Property id="PROPERTY_740" name="DESCRIPTION_COMPONENT" value="CONN.(6,3 MM POSI.LOCK SYS.)- 5) 6,3 MM"/>
		<Property id="PROPERTY_741" name="SUB_PROJECT" value="HRN-14401"/>
		<Property id="PROPERTY_742" name="DEVICE_NAME" value="C2YA02-C2::"/>
		<Property id="PROPERTY_743" name="COMP_TYPE" value="CONN-DEVICE"/>
		<Property id="PROPERTY_744" name="DESCRIPTION_DEVICE" value="TO AC OUTLET (POWER)"/>
		<Option id="OPTION_3b-14-0-125d1e8_1" value="HUKAJ | HUKAK | HUKAL | HUKAM | HUKAN | HUKAQ"/>
		<DeviceItem xsi:type="Pin" id="PIN_3b-18-0-125d27c" signalId="SIGNAL_EMPTY" name="1">
			<AppRef name="E3.Series" version="2.13.7.0" guid="06063679-7ff7-4c5e-8769-af549f37e431"/>
		</DeviceItem>
		<DeviceItem xsi:type="Pin" id="PIN_3b-18-0-125d276" signalId="SIGNAL_EMPTY" name="2">
			<AppRef name="E3.Series" version="2.13.7.0" guid="51926994-d9b9-401d-bea4-cbf4b4b7f0b8"/>
		</DeviceItem>
		<DeviceItem xsi:type="Pin" id="PIN_3b-18-0-125d271" signalId="SIGNAL_18-36-0-253f0a" name="3">
			<AppRef name="E3.Series" version="2.13.7.0" guid="ca93bf69-e33a-4ddd-8f77-b61ea3122bd6"/>
			<PinItem xsi:type="ConnectorPinTerminal" id="CONNECTORPINTERMINAL_3b-18-0-125d271" compType="WIRE-END-TERM:C2YA02-C2:3"/>
		</DeviceItem>
		<DeviceItem xsi:type="Pin" id="PIN_3b-18-0-125d288" signalId="SIGNAL_18-36-0-253f24" name="4">
			<AppRef name="E3.Series" version="2.13.7.0" guid="ab369be1-0ee5-45f9-a63b-479eae9f90d8"/>
			<PinItem xsi:type="ConnectorPinTerminal" id="CONNECTORPINTERMINAL_3b-18-0-125d288" compType="WIRE-END-TERM:C2YA02-C2:4"/>
		</DeviceItem>
		<DeviceItem xsi:type="Pin" id="PIN_3b-18-0-125d26d" signalId="SIGNAL_EMPTY" name="5">
			<AppRef name="E3.Series" version="2.13.7.0" guid="decbd596-5e54-42bf-81d3-d3bf7f47cbe9"/>
		</DeviceItem>
		<DeviceItem xsi:type="Pin" id="PIN_3b-18-0-125d282" signalId="SIGNAL_2-36-0-3160" name="6">
			<AppRef name="E3.Series" version="2.13.7.0" guid="f1bd3d20-0d63-4a1e-bea7-f2c70df825ef"/>
			<PinItem xsi:type="ConnectorPinTerminal" id="CONNECTORPINTERMINAL_3b-18-0-125d282" compType="WIRE-END-TERM:C2YA02-C2:6"/>
		</DeviceItem>
	</HarnessItem>
	<HarnessItem xsi:type="Device" id="DEV_f7-14-0-1285aa" name="C23-VD1" compType="MU5T-19C041-FA">
		<AppRef name="E3.Series" version="2.13.7.0" guid="1be83c3e-6b12-435b-9fdb-9a6740b493de"/>
		<Property id="PROPERTY_745" name="EXCLUDE_FROM_BOM" value="1"/>
		<Property id="PROPERTY_746" name="HRN_FAMILY" value="14401"/>
		<Property id="PROPERTY_747" name="HRN_Level_Ref" value="(PEPS-12)/(BEV)"/>
		<Property id="PROPERTY_748" name="CONN_TERM_SEAL_REQ" value="No"/>
		<Property id="PROPERTY_749" name="DESCRIPTION_COMPONENT" value="CONNECTOR-MALE COAXIAL ASSY"/>
		<Property id="PROPERTY_750" name="SUB_PROJECT" value="HRN-14401"/>
		<Property id="PROPERTY_751" name="DEVICE_NAME" value="C23-VD1::"/>
		<Property id="PROPERTY_752" name="COMP_TYPE" value="CONN-INLINE"/>
		<Property id="PROPERTY_753" name="DESCRIPTION_DEVICE" value="TO INLINE 14A005 1W (SYNC)"/>
		<Option id="OPTION_f7-14-0-1285aa_1" value="HJGAX | HJGAY"/>
		<DeviceItem xsi:type="Pin" id="PIN_f7-18-0-1285ad" signalId="SIGNAL_33-36-0-2adb14" branchNodeId="BN_1847_9-134_058" name="1" symbolName="F-Formboard_Conn_Symb" symbolCharacteristic="" rotation="90.000000">
			<AppRef name="E3.Series" version="2.13.7.0" guid="cb49b07a-4e6f-4eee-993c-83427f7e9153"/>
			<PinItem xsi:type="ConnectorPinTerminal" id="CONNECTORPINTERMINAL_f7-18-0-1285ad" compType="*P/O ASSY"/>
		</DeviceItem>
	</HarnessItem>
	<HarnessItem xsi:type="Device" id="DEV_5d-14-0-a88c1" name="C23-ECG-TCU_IP" compType="MU5T-14489-ACA" symbolName="F-Formboard_Conn_Symb" symbolCharacteristic="" rotation="90.000000" branchNodeId="BN_18928-156">
		<AppRef name="E3.Series" version="2.13.7.0" guid="121678c7-dbc6-4ea8-a9ab-811b804632cc"/>
		<AdditionalPart id="ADDITIONALPART_5d-4-0-a88c2" compType="MU5T-14A468-AA"/>
		<Property id="PROPERTY_754" name="EXCLUDE_FROM_BOM" value="1"/>
		<Property id="PROPERTY_755" name="HRN_FAMILY" value="14401"/>
		<Property id="PROPERTY_756" name="HRN_Level_Ref" value="(ALL)"/>
		<Property id="PROPERTY_757" name="CONN_TERM_SEAL_REQ" value="No"/>
		<Property id="PROPERTY_758" name="DESCRIPTION_COMPONENT" value="SLV WIR CONN FEM ETHERNET"/>
		<Property id="PROPERTY_759" name="SUB_PROJECT" value="HRN-14401"/>
		<Property id="PROPERTY_760" name="DEVICE_NAME" value="C23-ECG-TCU_IP::"/>
		<Property id="PROPERTY_761" name="COMP_TYPE" value="CONN-INLINE"/>
		<Property id="PROPERTY_762" name="DESCRIPTION_DEVICE" value="TO INLINE 14A005 (ENET)"/>
		<DeviceItem xsi:type="Pin" id="PIN_5d-18-0-a88cb" signalId="SIGNAL_18-36-0-251c81" name="1">
			<AppRef name="E3.Series" version="2.13.7.0" guid="31b701f4-cfd1-4c5f-bdcf-830d5e8e10f1"/>
			<PinItem xsi:type="ConnectorPinTerminal" id="CONNECTORPINTERMINAL_5d-18-0-a88cb" compType="WIRE-END-TERM:C23-ECG-TCU_IP:1"/>
		</DeviceItem>
		<DeviceItem xsi:type="Pin" id="PIN_5d-18-0-a88cf" signalId="SIGNAL_18-36-0-251c8e" name="2">
			<AppRef name="E3.Series" version="2.13.7.0" guid="d35d1131-e2c9-4c4d-a8f1-8f5a6728814c"/>
			<PinItem xsi:type="ConnectorPinTerminal" id="CONNECTORPINTERMINAL_5d-18-0-a88cf" compType="WIRE-END-TERM:C23-ECG-TCU_IP:2"/>
		</DeviceItem>
	</HarnessItem>
	<HarnessItem xsi:type="Device" id="DEV_54-14-0-271acc" name="C2MM01-E" compType="MU5T-19C042-FA">
		<AppRef name="E3.Series" version="2.13.7.0" guid="fef6093a-0e96-4ac0-bb54-f96ab0236730"/>
		<Property id="PROPERTY_763" name="EXCLUDE_FROM_BOM" value="1"/>
		<Property id="PROPERTY_764" name="HRN_FAMILY" value="14401"/>
		<Property id="PROPERTY_765" name="HRN_Level_Ref" value="(8SPKR)/(CNSL-HI)/(A-STR)/(BEV)/AH/AJ/AM/AN/BH/CB/CE/XJ/XL/XM/XS/YC/YG/YK/YN/YR/YU"/>
		<Property id="PROPERTY_766" name="CONN_TERM_SEAL_REQ" value="No"/>
		<Property id="PROPERTY_767" name="DESCRIPTION_COMPONENT" value="CONNECTOR FEMALE COAXIAL ASSY"/>
		<Property id="PROPERTY_768" name="SUB_PROJECT" value="HRN-14401"/>
		<Property id="PROPERTY_769" name="DEVICE_NAME" value="C2MM01-E::"/>
		<Property id="PROPERTY_770" name="COMP_TYPE" value="CONN-DEVICE"/>
		<Property id="PROPERTY_771" name="DESCRIPTION_DEVICE" value="TO SYNC (CAMERA)"/>
		<Option id="OPTION_54-14-0-271acc_1" value="( IEVAQ | IEVAR ) &amp; ( HJGAX | HJGAY )"/>
		<DeviceItem xsi:type="Pin" id="PIN_54-18-0-271ad1" signalId="SIGNAL_33-36-0-2adb14" branchNodeId="BN_8671_9-282_058" name="1" symbolName="F-Formboard_Conn_Symb" symbolCharacteristic="" rotation="89.907097">
			<AppRef name="E3.Series" version="2.13.7.0" guid="21daedbd-febc-49be-a5a0-eb05fd75d184"/>
			<PinItem xsi:type="ConnectorPinTerminal" id="CONNECTORPINTERMINAL_54-18-0-271ad1" compType="WIRE-END-TERM:C2MM01-E:1"/>
		</DeviceItem>
	</HarnessItem>
	<HarnessItem xsi:type="Device" id="DEV_58-14-0-10bded" name="C2MM01-F" compType="MU5T-14489-ADA" symbolName="F-Formboard_Conn_Symb" symbolCharacteristic="" rotation="90.000000" branchNodeId="BN_17632-280">
		<AppRef name="E3.Series" version="2.13.7.0" guid="cfe86f92-f18f-4fe3-8471-b5d1a7c4e538"/>
		<AdditionalPart id="ADDITIONALPART_58-4-0-10bdee" compType="MU5T-14A468-AA"/>
		<Property id="PROPERTY_772" name="EXCLUDE_FROM_BOM" value="1"/>
		<Property id="PROPERTY_773" name="HRN_FAMILY" value="14401"/>
		<Property id="PROPERTY_774" name="HRN_Level_Ref" value="(D-CAM)/(C-SHF)/(KWINV)/(8SPKR)/(F-SHF)/(BEV)"/>
		<Property id="PROPERTY_775" name="CONN_TERM_SEAL_REQ" value="No"/>
		<Property id="PROPERTY_776" name="DESCRIPTION_COMPONENT" value="SLV WIR CONN FEM ETHERNET"/>
		<Property id="PROPERTY_777" name="SUB_PROJECT" value="HRN-14401"/>
		<Property id="PROPERTY_778" name="DEVICE_NAME" value="C2MM01-F::"/>
		<Property id="PROPERTY_779" name="COMP_TYPE" value="CONN-DEVICE"/>
		<Property id="PROPERTY_780" name="DESCRIPTION_DEVICE" value="ETHERNET"/>
		<Option id="OPTION_58-14-0-10bded_1" value="IEVAQ | IEVAR"/>
		<DeviceItem xsi:type="Pin" id="PIN_58-18-0-10bdf7" signalId="SIGNAL_18-36-0-251c67" name="1">
			<AppRef name="E3.Series" version="2.13.7.0" guid="2a6d44fa-b15a-4f0e-a115-d1d5fbf3a9d9"/>
			<PinItem xsi:type="ConnectorPinTerminal" id="CONNECTORPINTERMINAL_58-18-0-10bdf7" compType="WIRE-END-TERM:C2MM01-F:1"/>
		</DeviceItem>
		<DeviceItem xsi:type="Pin" id="PIN_58-18-0-10bdfb" signalId="SIGNAL_18-36-0-251c74" name="2">
			<AppRef name="E3.Series" version="2.13.7.0" guid="3b021bf0-4045-4918-9709-8ee199eff5f7"/>
			<PinItem xsi:type="ConnectorPinTerminal" id="CONNECTORPINTERMINAL_58-18-0-10bdfb" compType="WIRE-END-TERM:C2MM01-F:2"/>
		</DeviceItem>
	</HarnessItem>
	<HarnessItem xsi:type="Device" id="DEV_95-14-0-e249f" name="C2ME89-C" compType="JU5T-14489-BDA" symbolName="F-Formboard_Conn_Symb" symbolCharacteristic="" rotation="90.000000" branchNodeId="BN_9568-152">
		<AppRef name="E3.Series" version="2.13.7.0" guid="64ee49d9-b4cd-44b4-8e29-2e09a364c51b"/>
		<Property id="PROPERTY_781" name="HRN_FAMILY" value="14401"/>
		<Property id="PROPERTY_782" name="HRN_Level_Ref" value="(20-ST)"/>
		<Property id="PROPERTY_783" name="CONN_TERM_SEAL_REQ" value="No"/>
		<Property id="PROPERTY_784" name="DESCRIPTION_COMPONENT" value="CONNECTOR-CAT. 0 (.64MM BLADE)"/>
		<Property id="PROPERTY_785" name="SUB_PROJECT" value="HRN-14401"/>
		<Property id="PROPERTY_786" name="DEVICE_NAME" value="C2ME89-C::"/>
		<Property id="PROPERTY_787" name="COMP_TYPE" value="CONN-DEVICE"/>
		<Property id="PROPERTY_788" name="DESCRIPTION_DEVICE" value="TO MEDIA HUB"/>
		<Option id="OPTION_95-14-0-e249f_1" value="B5WAA &amp; IEVAQ"/>
		<Option id="OPTION_95-14-0-e249f_2" value="B5WAA &amp; IEVAR"/>
		<DeviceItem xsi:type="Pin" id="PIN_95-18-0-e3f18" signalId="SIGNAL_2-36-0-3b4b" name="1">
			<AppRef name="E3.Series" version="2.13.7.0" guid="bf9cbbfd-b1d8-4130-b24e-0006929e9db9"/>
			<PinItem xsi:type="ConnectorPinTerminal" id="CONNECTORPINTERMINAL_95-18-0-e3f18" compType="WIRE-END-TERM:C2ME89-C:1"/>
		</DeviceItem>
		<DeviceItem xsi:type="Pin" id="PIN_95-18-0-e3f0e" signalId="SIGNAL_EMPTY" name="2">
			<AppRef name="E3.Series" version="2.13.7.0" guid="a46d010f-c0cc-4384-9d9a-f4610cdd442c"/>
		</DeviceItem>
		<DeviceItem xsi:type="Pin" id="PIN_95-18-0-e3f13" signalId="SIGNAL_2-36-0-4111" name="3">
			<AppRef name="E3.Series" version="2.13.7.0" guid="4f50af23-5cad-4429-9831-c7d13c820f2c"/>
			<PinItem xsi:type="ConnectorPinTerminal" id="CONNECTORPINTERMINAL_95-18-0-e3f13" compType="WIRE-END-TERM:C2ME89-C:3"/>
		</DeviceItem>
		<DeviceItem xsi:type="Pin" id="PIN_95-18-0-e3f1f" signalId="SIGNAL_2-36-0-3cbd" name="4">
			<AppRef name="E3.Series" version="2.13.7.0" guid="9918b0ba-88cd-4b8a-9a87-13b73e51a6aa"/>
			<PinItem xsi:type="ConnectorPinTerminal" id="CONNECTORPINTERMINAL_95-18-0-e3f1f" compType="WIRE-END-TERM:C2ME89-C:4"/>
		</DeviceItem>
	</HarnessItem>
	<HarnessItem xsi:type="Device" id="DEV_48-14-0-85d4cb" name="C2AM01-A" compType="2C5T-14A464-CA" symbolName="F-Formboard_Conn_Symb" symbolCharacteristic="" rotation="90.000000" branchNodeId="BN_4390_25-206_156">
		<AppRef name="E3.Series" version="2.13.7.0" guid="13281d15-e364-44b8-924c-d3a0800aaf10"/>
		<Property id="PROPERTY_789" name="HRN_FAMILY" value="14401"/>
		<Property id="PROPERTY_790" name="HRN_Level_Ref" value="(E-STR)"/>
		<Property id="PROPERTY_791" name="CONN_TERM_SEAL_REQ" value="No"/>
		<Property id="PROPERTY_792" name="DESCRIPTION_COMPONENT" value="CONNECTOR-CAT. 0 (.64MM BLADE)"/>
		<Property id="PROPERTY_793" name="SUB_PROJECT" value="HRN-14401"/>
		<Property id="PROPERTY_794" name="DEVICE_NAME" value="C2AM01-A::"/>
		<Property id="PROPERTY_795" name="COMP_TYPE" value="CONN-DEVICE"/>
		<Property id="PROPERTY_796" name="DESCRIPTION_DEVICE" value="TO SCCM"/>
		<Option id="OPTION_48-14-0-85d4cb_1" value="GPAAJ"/>
		<DeviceItem xsi:type="Pin" id="PIN_48-18-0-85d4ce" signalId="SIGNAL_2-36-0-38f5" name="1">
			<AppRef name="E3.Series" version="2.13.7.0" guid="6d6814b0-74f2-4dc5-b6a8-ce072de28ca9"/>
			<PinItem xsi:type="ConnectorPinTerminal" id="CONNECTORPINTERMINAL_48-18-0-85d4ce" compType="WIRE-END-TERM:C2AM01-A:1"/>
		</DeviceItem>
		<DeviceItem xsi:type="Pin" id="PIN_48-18-0-85d4d2" signalId="SIGNAL_2-36-0-3d3a" name="2">
			<AppRef name="E3.Series" version="2.13.7.0" guid="4c9802fc-8b98-457f-91a1-2cb96cf82bd3"/>
			<PinItem xsi:type="ConnectorPinTerminal" id="CONNECTORPINTERMINAL_48-18-0-85d4d2" compType="WIRE-END-TERM:C2AM01-A:2"/>
		</DeviceItem>
		<DeviceItem xsi:type="Pin" id="PIN_48-18-0-85d4d6" signalId="SIGNAL_2-36-0-38f6" name="3">
			<AppRef name="E3.Series" version="2.13.7.0" guid="9a1f9b81-494b-4cda-b67d-667d974e5d69"/>
			<PinItem xsi:type="ConnectorPinTerminal" id="CONNECTORPINTERMINAL_48-18-0-85d4d6" compType="WIRE-END-TERM:C2AM01-A:3"/>
		</DeviceItem>
		<DeviceItem xsi:type="Pin" id="PIN_48-18-0-85d4da" signalId="SIGNAL_2-36-0-3d3b" name="4">
			<AppRef name="E3.Series" version="2.13.7.0" guid="3004b8b1-cfe5-48c0-a7a8-ee6ba7bb369c"/>
			<PinItem xsi:type="ConnectorPinTerminal" id="CONNECTORPINTERMINAL_48-18-0-85d4da" compType="WIRE-END-TERM:C2AM01-A:4"/>
		</DeviceItem>
		<DeviceItem xsi:type="Pin" id="PIN_48-18-0-85d4de" signalId="SIGNAL_2-36-0-3549" name="5">
			<AppRef name="E3.Series" version="2.13.7.0" guid="95777bae-ef15-4cbc-8bd3-264752a8855a"/>
			<PinItem xsi:type="ConnectorPinTerminal" id="CONNECTORPINTERMINAL_48-18-0-85d4de" compType="WIRE-END-TERM:C2AM01-A:5"/>
		</DeviceItem>
		<DeviceItem xsi:type="Pin" id="PIN_48-18-0-85d4e2" signalId="SIGNAL_2-36-0-3548" name="6">
			<AppRef name="E3.Series" version="2.13.7.0" guid="deea7366-efaf-42e4-aecb-e5efe76f74bf"/>
			<PinItem xsi:type="ConnectorPinTerminal" id="CONNECTORPINTERMINAL_48-18-0-85d4e2" compType="WIRE-END-TERM:C2AM01-A:6"/>
		</DeviceItem>
		<DeviceItem xsi:type="Pin" id="PIN_48-18-0-85d4e6" signalId="SIGNAL_99-36-0-15f7a1" name="7">
			<AppRef name="E3.Series" version="2.13.7.0" guid="0a8b9792-bb15-426f-b270-c7cebb0afe1d"/>
			<PinItem xsi:type="ConnectorPinTerminal" id="CONNECTORPINTERMINAL_48-18-0-85d4e6" compType="WIRE-END-TERM:C2AM01-A:7"/>
		</DeviceItem>
		<DeviceItem xsi:type="Pin" id="PIN_48-18-0-85d4ea" signalId="SIGNAL_2-36-0-3a84" name="8">
			<AppRef name="E3.Series" version="2.13.7.0" guid="cd91c686-1a22-4af6-9377-24bedd177517"/>
			<PinItem xsi:type="ConnectorPinTerminal" id="CONNECTORPINTERMINAL_48-18-0-85d4ea" compType="WIRE-END-TERM:C2AM01-A:8"/>
		</DeviceItem>
		<DeviceItem xsi:type="Pin" id="PIN_48-18-0-85d4ee" signalId="SIGNAL_2-36-0-3d8f" name="9">
			<AppRef name="E3.Series" version="2.13.7.0" guid="1ffe1c88-bead-4c5b-862c-5da06bf5c0aa"/>
			<PinItem xsi:type="ConnectorPinTerminal" id="CONNECTORPINTERMINAL_48-18-0-85d4ee" compType="WIRE-END-TERM:C2AM01-A:9"/>
		</DeviceItem>
		<DeviceItem xsi:type="Pin" id="PIN_48-18-0-85d4f2" signalId="SIGNAL_EMPTY" name="10">
			<AppRef name="E3.Series" version="2.13.7.0" guid="338d3f47-c17b-4f94-a0a1-fbc6fa90fe0f"/>
		</DeviceItem>
		<DeviceItem xsi:type="Pin" id="PIN_48-18-0-85d4f6" signalId="SIGNAL_EMPTY" name="11">
			<AppRef name="E3.Series" version="2.13.7.0" guid="7de7d8c9-f7ea-40a8-87b2-f1033e6361e8"/>
		</DeviceItem>
		<DeviceItem xsi:type="Pin" id="PIN_48-18-0-85d4fa" signalId="SIGNAL_EMPTY" name="12">
			<AppRef name="E3.Series" version="2.13.7.0" guid="9c8974d8-3648-4708-8ee3-94472a897200"/>
		</DeviceItem>
		<DeviceItem xsi:type="Pin" id="PIN_48-18-0-85d4fe" signalId="SIGNAL_EMPTY" name="13">
			<AppRef name="E3.Series" version="2.13.7.0" guid="e537c3ce-cb9d-422c-aeba-41b044ed0d64"/>
		</DeviceItem>
		<DeviceItem xsi:type="Pin" id="PIN_48-18-0-85d502" signalId="SIGNAL_EMPTY" name="14">
			<AppRef name="E3.Series" version="2.13.7.0" guid="485b9f8f-2018-42b3-8032-753004a2e847"/>
		</DeviceItem>
		<DeviceItem xsi:type="Pin" id="PIN_48-18-0-85d506" signalId="SIGNAL_EMPTY" name="15">
			<AppRef name="E3.Series" version="2.13.7.0" guid="2ddb6fc8-9b41-45dd-b430-568c17866305"/>
		</DeviceItem>
		<DeviceItem xsi:type="Pin" id="PIN_48-18-0-85d50a" signalId="SIGNAL_EMPTY" name="16">
			<AppRef name="E3.Series" version="2.13.7.0" guid="212dfd95-7d3b-4ef0-90bb-95847dc89e3a"/>
		</DeviceItem>
		<DeviceItem xsi:type="Pin" id="PIN_48-18-0-85d50e" signalId="SIGNAL_EMPTY" name="17">
			<AppRef name="E3.Series" version="2.13.7.0" guid="eeb56fdd-98b8-43ab-b86d-74e465d25dc8"/>
		</DeviceItem>
		<DeviceItem xsi:type="Pin" id="PIN_48-18-0-85d512" signalId="SIGNAL_EMPTY" name="18">
			<AppRef name="E3.Series" version="2.13.7.0" guid="b93ef370-965e-4f40-b7c0-77c9a9547763"/>
		</DeviceItem>
	</HarnessItem>
	<HarnessItem xsi:type="Device" id="DEV_52-14-0-16e06e2" name="C2ME03-J6" compType="TBD-001-F">
		<AppRef name="E3.Series" version="2.13.7.0" guid="3b199995-4ebd-48d2-9f0c-a403d54039de"/>
		<Property id="PROPERTY_797" name="HRN_FAMILY" value="14401"/>
		<Property id="PROPERTY_798" name="HRN_Level_Ref" value="(8SPKR)/(CNSL-HI)/(A-STR)/XM/YN/ZB"/>
		<Property id="PROPERTY_799" name="CONN_TERM_SEAL_REQ" value="No"/>
		<Property id="PROPERTY_800" name="DESCRIPTION_COMPONENT" value="TBD CONNECTOR, 1 PIN, FEMALE"/>
		<Property id="PROPERTY_801" name="SUB_PROJECT" value="HRN-14401"/>
		<Property id="PROPERTY_802" name="DEVICE_NAME" value="C2ME03-J6::"/>
		<Property id="PROPERTY_803" name="COMP_TYPE" value="CONN-DEVICE"/>
		<Property id="PROPERTY_804" name="DESCRIPTION_DEVICE" value="A2B LVDS"/>
		<Option id="OPTION_52-14-0-16e06e2_1" value="(IDBAF | IDBBQ) &amp; (IEVAQ | IEVAR)"/>
		<DeviceItem xsi:type="Pin" id="PIN_52-18-0-16e06e5" signalId="SIGNAL_99-36-0-15fd1f" branchNodeId="BN_11136-276" name="1" symbolName="F-Formboard_Conn_Symb" symbolCharacteristic="" rotation="90.000000">
			<AppRef name="E3.Series" version="2.13.7.0" guid="3bcc7f1c-9db8-42de-848e-9050e8afe345"/>
			<PinItem xsi:type="ConnectorPinTerminal" id="CONNECTORPINTERMINAL_52-18-0-16e06e5" compType="WIRE-END-TERM:C2ME03-J6:1"/>
		</DeviceItem>
	</HarnessItem>
	<HarnessItem xsi:type="Device" id="DEV_71-14-0-226a05" name="C23-A2B1" compType="TBD-001-M">
		<AppRef name="E3.Series" version="2.13.7.0" guid="d2e6f067-97b9-468f-8265-98ec656bb5d9"/>
		<AdditionalPart id="ADDITIONALPART_71-4-0-226a08" compType="111005-9012"/>
		<Property id="PROPERTY_805" name="EXCLUDE_FROM_BOM" value="1"/>
		<Property id="PROPERTY_806" name="HRN_FAMILY" value="14401"/>
		<Property id="PROPERTY_807" name="HRN_Level_Ref" value="(8SPKR)/(P-COL)"/>
		<Property id="PROPERTY_808" name="CONN_TERM_SEAL_REQ" value="No"/>
		<Property id="PROPERTY_809" name="DESCRIPTION_COMPONENT" value="TBD CONNECTOR, 1 PIN, MALE"/>
		<Property id="PROPERTY_810" name="SUB_PROJECT" value="HRN-14401"/>
		<Property id="PROPERTY_811" name="DEVICE_NAME" value="C23-A2B1::"/>
		<Property id="PROPERTY_812" name="COMP_TYPE" value="CONN-INLINE"/>
		<Property id="PROPERTY_813" name="DESCRIPTION_DEVICE" value="TO INLINE 14A005 (A2B LVDS)"/>
		<Option id="OPTION_71-14-0-226a05_1" value="IDBAF | IDBBQ"/>
		<DeviceItem xsi:type="Pin" id="PIN_71-18-0-226a11" signalId="SIGNAL_99-36-0-15fd1f" branchNodeId="BN_18232-120" name="1" symbolName="F-Formboard_Conn_Symb" symbolCharacteristic="" rotation="90.000000">
			<AppRef name="E3.Series" version="2.13.7.0" guid="e0fa7b10-10bf-46ed-955f-46c2b82a8ae7"/>
			<PinItem xsi:type="ConnectorPinTerminal" id="CONNECTORPINTERMINAL_71-18-0-226a11" compType="WIRE-END-TERM:C23-A2B1:1"/>
		</DeviceItem>
	</HarnessItem>
	<HarnessItem xsi:type="Device" id="DEV_e7-14-0-1f2e97" name="C2MT16-A" compType="AU5T-14A464-RA" symbolName="F-Formboard_Conn_Symb" symbolCharacteristic="" rotation="90.000000" branchNodeId="BN_10976-92">
		<AppRef name="E3.Series" version="2.13.7.0" guid="0fff414f-fede-466c-8321-8c2f17589881"/>
		<AdditionalPart id="ADDITIONALPART_c2-4-0-4cd47f" compType="2L1T-14A666-AA"/>
		<Property id="PROPERTY_814" name="SUBMERGIBLE" value="Yes"/>
		<Property id="PROPERTY_815" name="HRN_FAMILY" value="14401"/>
		<Property id="PROPERTY_816" name="HRN_Level_Ref" value="(EXPORT)"/>
		<Property id="PROPERTY_817" name="CONN_TERM_SEAL_REQ" value="Yes"/>
		<Property id="PROPERTY_818" name="DESCRIPTION_COMPONENT" value="CONNECTOR-CAT. 2 (1.5MM SEALED BLADE)"/>
		<Property id="PROPERTY_819" name="SUB_PROJECT" value="HRN-14401"/>
		<Property id="PROPERTY_820" name="DEVICE_NAME" value="C2MT16-A::"/>
		<Property id="PROPERTY_821" name="COMP_TYPE" value="CONN-DEVICE"/>
		<Property id="PROPERTY_822" name="DESCRIPTION_DEVICE" value="TO E-CALL SPKR"/>
		<Option id="OPTION_e7-14-0-1f2e97_1" value="HKSAD"/>
		<DeviceItem xsi:type="Pin" id="PIN_e7-18-0-1f2e9f" signalId="SIGNAL_2-36-0-41ad" name="1">
			<AppRef name="E3.Series" version="2.13.7.0" guid="0dfccfae-f773-4cfe-8ad2-000dc548a83c"/>
			<PinItem xsi:type="ConnectorPinTerminal" id="CONNECTORPINTERMINAL_e7-18-0-1f2e9f" compType="WIRE-END-TERM:C2MT16-A:1"/>
		</DeviceItem>
		<DeviceItem xsi:type="Pin" id="PIN_e7-18-0-1f2ea8" signalId="SIGNAL_2-36-0-3ccd" name="2">
			<AppRef name="E3.Series" version="2.13.7.0" guid="c6e2c80d-bdf1-4a7d-9277-c40a05c940f7"/>
			<PinItem xsi:type="ConnectorPinTerminal" id="CONNECTORPINTERMINAL_e7-18-0-1f2ea8" compType="WIRE-END-TERM:C2MT16-A:2"/>
		</DeviceItem>
	</HarnessItem>
	<HarnessItem xsi:type="Device" id="DEV_71-14-0-224737" name="C2DC08" compType="HU5T-14489-AJA" symbolName="F-Formboard_Conn_Symb" symbolCharacteristic="" rotation="90.000000" branchNodeId="BN_16568_25-124_156">
		<AppRef name="E3.Series" version="2.13.7.0" guid="b741ead5-1b1d-40e3-a50b-1989d93a2a06"/>
		<Property id="PROPERTY_823" name="HRN_FAMILY" value="14401"/>
		<Property id="PROPERTY_824" name="HRN_Level_Ref" value="(400W)/(KWINV)/(S-ZN)/(EXPORT)/(N-INV)/(BEV)/VA"/>
		<Property id="PROPERTY_825" name="CONN_TERM_SEAL_REQ" value="No"/>
		<Property id="PROPERTY_826" name="DESCRIPTION_COMPONENT" value="CONNECTOR 2.8MM UNSEALED"/>
		<Property id="PROPERTY_827" name="SUB_PROJECT" value="HRN-14401"/>
		<Property id="PROPERTY_828" name="DEVICE_NAME" value="C2DC08::"/>
		<Property id="PROPERTY_829" name="COMP_TYPE" value="CONN-DEVICE"/>
		<Property id="PROPERTY_830" name="DESCRIPTION_DEVICE" value="TO PWR PT (MEDIA BIN)"/>
		<Option id="OPTION_71-14-0-224737_1" value="HUKAA | HUKAJ | HUKAK | HUKAL | HUKAN | HUKAQ | HUKAD | HUKAH"/>
		<DeviceItem xsi:type="Pin" id="PIN_71-18-0-224750" signalId="SIGNAL_2-36-0-3220" name="A">
			<AppRef name="E3.Series" version="2.13.7.0" guid="822d001c-2981-4c6b-a2bf-16cb082b276f"/>
			<PinItem xsi:type="ConnectorPinTerminal" id="CONNECTORPINTERMINAL_71-18-0-224750" compType="WIRE-END-TERM:C2DC08:A"/>
		</DeviceItem>
		<DeviceItem xsi:type="Pin" id="PIN_71-18-0-224749" signalId="SIGNAL_EMPTY" name="B">
			<AppRef name="E3.Series" version="2.13.7.0" guid="3452d66e-53d8-4a08-8b73-cb29e1dcb728"/>
		</DeviceItem>
		<DeviceItem xsi:type="Pin" id="PIN_71-18-0-224759" signalId="SIGNAL_2-36-0-3a83" name="C">
			<AppRef name="E3.Series" version="2.13.7.0" guid="b059cc97-24a3-4ea4-affe-22a2737c2ef3"/>
			<PinItem xsi:type="ConnectorPinTerminal" id="CONNECTORPINTERMINAL_71-18-0-224759" compType="WIRE-END-TERM:C2DC08:C"/>
		</DeviceItem>
	</HarnessItem>
	<HarnessItem xsi:type="Device" id="DEV_96-14-0-364a06" name="C2DC41" compType="DU5T-14489-ABA" symbolName="F-Formboard_Conn_Symb" symbolCharacteristic="" rotation="90.000000" branchNodeId="BN_12094_25-114_156">
		<AppRef name="E3.Series" version="2.13.7.0" guid="9a3730c9-808d-4250-bb6e-52a658eab5eb"/>
		<Property id="PROPERTY_831" name="HRN_FAMILY" value="14401"/>
		<Property id="PROPERTY_832" name="HRN_Level_Ref" value="(8DSP)"/>
		<Property id="PROPERTY_833" name="CONN_TERM_SEAL_REQ" value="No"/>
		<Property id="PROPERTY_834" name="DESCRIPTION_COMPONENT" value="CONNECTOR-CAT. 0 (.64MM BLADE)"/>
		<Property id="PROPERTY_835" name="SUB_PROJECT" value="HRN-14401"/>
		<Property id="PROPERTY_836" name="DEVICE_NAME" value="C2DC41::"/>
		<Property id="PROPERTY_837" name="COMP_TYPE" value="CONN-DEVICE"/>
		<Property id="PROPERTY_838" name="DESCRIPTION_DEVICE" value="TO SOL_KEY_INHIBIT"/>
		<Option id="OPTION_96-14-0-364a06_1" value="CBGAA | CBGAD | CBGAE"/>
		<DeviceItem xsi:type="Pin" id="PIN_96-18-0-364a0e" signalId="SIGNAL_2-36-0-3eca" name="1">
			<AppRef name="E3.Series" version="2.13.7.0" guid="c996800b-8dc9-4ca4-a8a0-efa374afa510"/>
			<PinItem xsi:type="ConnectorPinTerminal" id="CONNECTORPINTERMINAL_96-18-0-364a0e" compType="WIRE-END-TERM:C2DC41:1"/>
		</DeviceItem>
		<DeviceItem xsi:type="Pin" id="PIN_96-18-0-364a15" signalId="SIGNAL_2-36-0-33c4" name="2">
			<AppRef name="E3.Series" version="2.13.7.0" guid="c13aac28-c8df-408b-9c51-92b53e3f3ac3"/>
			<PinItem xsi:type="ConnectorPinTerminal" id="CONNECTORPINTERMINAL_96-18-0-364a15" compType="WIRE-END-TERM:C2DC41:2"/>
		</DeviceItem>
	</HarnessItem>
	<HarnessItem xsi:type="Device" id="DEV_f-14-0-c8b2" name="G2D214" compType="MU5T-14463-DB">
		<AppRef name="E3.Series" version="2.13.7.0" guid="f219b36b-ef18-4a2f-b62a-70f75b377a53"/>
		<Property id="PROPERTY_839" name="HRN_FAMILY" value="14401"/>
		<Property id="PROPERTY_840" name="HRN_Level_Ref" value="(ALL)"/>
		<Property id="PROPERTY_841" name="IDC_Terminal" value="1"/>
		<Property id="PROPERTY_842" name="DESCRIPTION_COMPONENT" value="EYELET, M6, ANTI-ROTATION, WELD"/>
		<Property id="PROPERTY_843" name="SUB_PROJECT" value="HRN-14401"/>
		<Property id="PROPERTY_844" name="DEVICE_NAME" value="G2D214::"/>
		<Property id="PROPERTY_845" name="COMP_TYPE" value="GROUNDS"/>
		<Property id="PROPERTY_846" name="DESCRIPTION_DEVICE" value="TO LHS IP GND"/>
		<DeviceItem xsi:type="Pin" id="PIN_f-18-0-dd08" signalId="SIGNAL_2-36-0-3a83" branchNodeId="BN_6454_25-222_156" name="1" symbolName="F-Formboard_Conn_Symb" symbolCharacteristic="" rotation="0.000000">
			<AppRef name="E3.Series" version="2.13.7.0" guid="cc13e253-2938-48ff-92b3-970cf762c379"/>
		</DeviceItem>
	</HarnessItem>
	<HarnessItem xsi:type="Device" id="DEV_23-14-0-39b444" name="C2DC44-P" compType="DU5T-14489-CCA" symbolName="F-Formboard_Conn_Symb" symbolCharacteristic="" rotation="90.000000" branchNodeId="BN_16720-240">
		<AppRef name="E3.Series" version="2.13.7.0" guid="10712515-74b6-479c-8958-434c054a3307"/>
		<Property id="PROPERTY_847" name="SUBMERGIBLE" value="No"/>
		<Property id="PROPERTY_848" name="HRN_FAMILY" value="14401"/>
		<Property id="PROPERTY_849" name="HRN_Level_Ref" value="(N-INV)/UA/UB/UC/UD"/>
		<Property id="PROPERTY_850" name="CONN_TERM_SEAL_REQ" value="No"/>
		<Property id="PROPERTY_851" name="DESCRIPTION_COMPONENT" value="CONNECTOR,  0.64 MM, FEMALE, UNSEALED"/>
		<Property id="PROPERTY_852" name="SUB_PROJECT" value="HRN-14401"/>
		<Property id="PROPERTY_853" name="DEVICE_NAME" value="C2DC44-P::"/>
		<Property id="PROPERTY_854" name="COMP_TYPE" value="CONN-DEVICE"/>
		<Property id="PROPERTY_855" name="DESCRIPTION_DEVICE" value="TO USB CHARGER"/>
		<Option id="OPTION_23-14-0-39b444_1" value="HUKAA | HUKAH"/>
		<DeviceItem xsi:type="Pin" id="PIN_23-18-0-39b464" signalId="SIGNAL_2-36-0-327d" name="1">
			<AppRef name="E3.Series" version="2.13.7.0" guid="a1f7f237-3efd-40e3-afa8-a722145b4b0f"/>
			<PinItem xsi:type="ConnectorPinTerminal" id="CONNECTORPINTERMINAL_23-18-0-39b464" compType="WIRE-END-TERM:C2DC44-P:1"/>
		</DeviceItem>
		<DeviceItem xsi:type="Pin" id="PIN_23-18-0-39b455" signalId="SIGNAL_EMPTY" name="2">
			<AppRef name="E3.Series" version="2.13.7.0" guid="06263558-163c-4641-a97b-19f4fa5e8398"/>
		</DeviceItem>
		<DeviceItem xsi:type="Pin" id="PIN_23-18-0-39b45c" signalId="SIGNAL_EMPTY" name="3">
			<AppRef name="E3.Series" version="2.13.7.0" guid="72e75dbe-454f-46d5-9f7d-793ff96d800c"/>
		</DeviceItem>
		<DeviceItem xsi:type="Pin" id="PIN_23-18-0-39b46c" signalId="SIGNAL_2-36-0-3a83" name="4">
			<AppRef name="E3.Series" version="2.13.7.0" guid="a4a86f80-9999-435a-a351-bef1b12d52ee"/>
			<PinItem xsi:type="ConnectorPinTerminal" id="CONNECTORPINTERMINAL_23-18-0-39b46c" compType="WIRE-END-TERM:C2DC44-P:4"/>
		</DeviceItem>
	</HarnessItem>
	<HarnessItem xsi:type="Device" id="DEV_41-14-0-81fb65" name="C2YABK" compType="AV6N-14489-AAA" symbolName="F-Formboard_Conn_Symb" symbolCharacteristic="" rotation="180.000000" branchNodeId="BN_17136-200">
		<AppRef name="E3.Series" version="2.13.7.0" guid="a4206afd-90c4-465f-9669-ebf3199204c3"/>
		<Property id="PROPERTY_856" name="HRN_FAMILY" value="14401"/>
		<Property id="PROPERTY_857" name="HRN_Level_Ref" value="(ACBRKR)"/>
		<Property id="PROPERTY_858" name="CONN_TERM_SEAL_REQ" value="No"/>
		<Property id="PROPERTY_859" name="DESCRIPTION_COMPONENT" value="CONNECTOR, BLADE 9.5 MM"/>
		<Property id="PROPERTY_860" name="SUB_PROJECT" value="HRN-14401"/>
		<Property id="PROPERTY_861" name="DEVICE_NAME" value="C2YABK::"/>
		<Property id="PROPERTY_862" name="COMP_TYPE" value="CONN-DEVICE"/>
		<Property id="PROPERTY_863" name="DESCRIPTION_DEVICE" value="TO AC BREAKER"/>
		<Option id="OPTION_41-14-0-81fb65_1" value="HUKAM"/>
		<DeviceItem xsi:type="Pin" id="PIN_41-18-0-81fb7f" signalId="SIGNAL_18-36-0-253f0a" name="1">
			<AppRef name="E3.Series" version="2.13.7.0" guid="40ab03b7-5c3f-4c63-b829-481a385d3062"/>
			<PinItem xsi:type="ConnectorPinTerminal" id="CONNECTORPINTERMINAL_41-18-0-81fb7f" compType="WIRE-END-TERM:C2YABK:1"/>
		</DeviceItem>
		<DeviceItem xsi:type="Pin" id="PIN_41-18-0-81fb7a" signalId="SIGNAL_18-36-0-253f0a" name="2">
			<AppRef name="E3.Series" version="2.13.7.0" guid="d40bc762-a66e-4e54-8112-0ea3137efd1d"/>
			<PinItem xsi:type="ConnectorPinTerminal" id="CONNECTORPINTERMINAL_41-18-0-81fb7a" compType="WIRE-END-TERM:C2YABK:2"/>
		</DeviceItem>
	</HarnessItem>
	<HarnessItem xsi:type="Device" id="DEV_33-14-0-2b114e" name="C2MF03-G" compType="MU5T-14489-EA" symbolName="F-Formboard_Conn_Symb" symbolCharacteristic="" rotation="0.000000" branchNodeId="BN_2107_9-214_058">
		<AppRef name="E3.Series" version="2.13.7.0" guid="da3873fe-9993-44de-846b-c62ce18e078e"/>
		<AdditionalPart id="ADDITIONALPART_5d-4-0-aa0ea" compType="MU5T-14A468-AA"/>
		<Property id="PROPERTY_864" name="EXCLUDE_FROM_BOM" value="1"/>
		<Property id="PROPERTY_865" name="HRN_FAMILY" value="14401"/>
		<Property id="PROPERTY_866" name="HRN_Level_Ref" value="(ALL)"/>
		<Property id="PROPERTY_867" name="CONN_TERM_SEAL_REQ" value="No"/>
		<Property id="PROPERTY_868" name="DESCRIPTION_COMPONENT" value="SLV WIR CONN FEM ETHERNET"/>
		<Property id="PROPERTY_869" name="SUB_PROJECT" value="HRN-14401"/>
		<Property id="PROPERTY_870" name="DEVICE_NAME" value="C2MF03-G::"/>
		<Property id="PROPERTY_871" name="COMP_TYPE" value="CONN-DEVICE"/>
		<Property id="PROPERTY_872" name="DESCRIPTION_DEVICE" value="TO ADAS (ENET)"/>
		<DeviceItem xsi:type="Pin" id="PIN_33-18-0-2b1c35" signalId="SIGNAL_13-36-0-2cd271" name="1">
			<AppRef name="E3.Series" version="2.13.7.0" guid="9df38be9-7590-4e1b-9e40-b228d09a448e"/>
			<PinItem xsi:type="ConnectorPinTerminal" id="CONNECTORPINTERMINAL_33-18-0-2b1c35" compType="WIRE-END-TERM:C2MF03-G:1"/>
		</DeviceItem>
		<DeviceItem xsi:type="Pin" id="PIN_33-18-0-2b1c39" signalId="SIGNAL_13-36-0-2cd25c" name="2">
			<AppRef name="E3.Series" version="2.13.7.0" guid="799c46c4-821d-4285-9359-b10127a33c0c"/>
			<PinItem xsi:type="ConnectorPinTerminal" id="CONNECTORPINTERMINAL_33-18-0-2b1c39" compType="WIRE-END-TERM:C2MF03-G:2"/>
		</DeviceItem>
	</HarnessItem>
	<HarnessItem xsi:type="Device" id="DEV_10-14-0-3ca150" name="C2RC01-A" compType="FU5T-14489-AA" symbolName="F-Formboard_Conn_Symb" symbolCharacteristic="" rotation="0.000000" branchNodeId="BN_21064-160">
		<AppRef name="E3.Series" version="2.13.7.0" guid="bcafd0c6-35ca-456e-ae8b-aee10149afde"/>
		<Property id="PROPERTY_873" name="SUBMERGIBLE" value="No"/>
		<Property id="PROPERTY_874" name="HRN_FAMILY" value="14401"/>
		<Property id="PROPERTY_875" name="HRN_Level_Ref" value="(CNSL-HI)/(A-STR)/XM/YN/ZA/ZB/ZC"/>
		<Property id="PROPERTY_876" name="CONN_TERM_SEAL_REQ" value="No"/>
		<Property id="PROPERTY_877" name="DESCRIPTION_COMPONENT" value="CONNECTOR,  0.64 MM, FEMALE, UNSEALED"/>
		<Property id="PROPERTY_878" name="SUB_PROJECT" value="HRN-14401"/>
		<Property id="PROPERTY_879" name="DEVICE_NAME" value="C2RC01-A::"/>
		<Property id="PROPERTY_880" name="COMP_TYPE" value="CONN-DEVICE"/>
		<Property id="PROPERTY_881" name="DESCRIPTION_DEVICE" value="DRV STATUS MONITORING"/>
		<Option id="OPTION_10-14-0-3ca150_1" value="GTDAW | HNSAC | HLNAF"/>
		<DeviceItem xsi:type="Pin" id="PIN_10-18-0-3ca21d" signalId="SIGNAL_2-36-0-3ec5" name="1">
			<AppRef name="E3.Series" version="2.13.7.0" guid="a53bc087-4bcc-4299-9e9f-fcf4fa858db1"/>
			<PinItem xsi:type="ConnectorPinTerminal" id="CONNECTORPINTERMINAL_10-18-0-3ca21d" compType="WIRE-END-TERM:C2RC01-A:1"/>
		</DeviceItem>
		<DeviceItem xsi:type="Pin" id="PIN_10-18-0-3ca1d7" signalId="SIGNAL_EMPTY" name="2">
			<AppRef name="E3.Series" version="2.13.7.0" guid="aefd6977-3acf-4bab-b3ec-18f1b81430ff"/>
		</DeviceItem>
		<DeviceItem xsi:type="Pin" id="PIN_10-18-0-3ca208" signalId="SIGNAL_18-36-0-251cb5" name="3">
			<AppRef name="E3.Series" version="2.13.7.0" guid="7f91d74e-d3ab-4bf4-9297-26500ab68671"/>
			<PinItem xsi:type="ConnectorPinTerminal" id="CONNECTORPINTERMINAL_10-18-0-3ca208" compType="WIRE-END-TERM:C2RC01-A:3"/>
		</DeviceItem>
		<DeviceItem xsi:type="Pin" id="PIN_10-18-0-3ca20f" signalId="SIGNAL_18-36-0-251cc2" name="4">
			<AppRef name="E3.Series" version="2.13.7.0" guid="1ca3ef44-b6d8-4b6f-a619-6a30693df599"/>
			<PinItem xsi:type="ConnectorPinTerminal" id="CONNECTORPINTERMINAL_10-18-0-3ca20f" compType="WIRE-END-TERM:C2RC01-A:4"/>
		</DeviceItem>
		<DeviceItem xsi:type="Pin" id="PIN_10-18-0-3ca1dc" signalId="SIGNAL_EMPTY" name="5">
			<AppRef name="E3.Series" version="2.13.7.0" guid="59a40a04-2042-411d-bf81-2f9cdede0962"/>
		</DeviceItem>
		<DeviceItem xsi:type="Pin" id="PIN_10-18-0-3ca1ec" signalId="SIGNAL_10-36-0-3c9759" name="6">
			<AppRef name="E3.Series" version="2.13.7.0" guid="ebe86b9c-9aac-4a7d-a5b9-351eef62868e"/>
			<PinItem xsi:type="ConnectorPinTerminal" id="CONNECTORPINTERMINAL_10-18-0-3ca1ec" compType="WIRE-END-TERM:C2RC01-A:6"/>
		</DeviceItem>
		<DeviceItem xsi:type="Pin" id="PIN_10-18-0-3ca1f3" signalId="SIGNAL_10-36-0-3c975a" name="7">
			<AppRef name="E3.Series" version="2.13.7.0" guid="3c2f0508-78e4-445f-91eb-c6a791d1ef17"/>
			<PinItem xsi:type="ConnectorPinTerminal" id="CONNECTORPINTERMINAL_10-18-0-3ca1f3" compType="WIRE-END-TERM:C2RC01-A:7"/>
		</DeviceItem>
		<DeviceItem xsi:type="Pin" id="PIN_10-18-0-3ca201" signalId="SIGNAL_10-36-0-3c975c" name="8">
			<AppRef name="E3.Series" version="2.13.7.0" guid="28de2177-efe9-4085-b364-5853b55cc9ec"/>
			<PinItem xsi:type="ConnectorPinTerminal" id="CONNECTORPINTERMINAL_10-18-0-3ca201" compType="WIRE-END-TERM:C2RC01-A:8"/>
		</DeviceItem>
		<DeviceItem xsi:type="Pin" id="PIN_10-18-0-3ca1fa" signalId="SIGNAL_10-36-0-3c975b" name="9">
			<AppRef name="E3.Series" version="2.13.7.0" guid="4aa2e96c-2b48-448c-9580-c0bfa9b174a4"/>
			<PinItem xsi:type="ConnectorPinTerminal" id="CONNECTORPINTERMINAL_10-18-0-3ca1fa" compType="WIRE-END-TERM:C2RC01-A:9"/>
		</DeviceItem>
		<DeviceItem xsi:type="Pin" id="PIN_10-18-0-3ca1e1" signalId="SIGNAL_EMPTY" name="10">
			<AppRef name="E3.Series" version="2.13.7.0" guid="15fb9380-74ce-478a-8f89-0288cf333c5d"/>
		</DeviceItem>
		<DeviceItem xsi:type="Pin" id="PIN_10-18-0-3ca1e6" signalId="SIGNAL_EMPTY" name="11">
			<AppRef name="E3.Series" version="2.13.7.0" guid="a148512b-f408-4005-8c36-e1d8a592c88e"/>
		</DeviceItem>
		<DeviceItem xsi:type="Pin" id="PIN_10-18-0-3ca216" signalId="SIGNAL_2-36-0-3a83" name="12">
			<AppRef name="E3.Series" version="2.13.7.0" guid="690e7033-4fdf-4eb5-b7b1-8fd2d7c60e9b"/>
			<PinItem xsi:type="ConnectorPinTerminal" id="CONNECTORPINTERMINAL_10-18-0-3ca216" compType="WIRE-END-TERM:C2RC01-A:12"/>
		</DeviceItem>
	</HarnessItem>
	<HarnessItem xsi:type="Device" id="DEV_3b-14-0-1a848" name="C2LN85" compType="2L2T-14A464-BA" symbolName="F-Formboard_Conn_Symb" symbolCharacteristic="" rotation="0.000000" branchNodeId="BN_22812-48">
		<AppRef name="E3.Series" version="2.13.7.0" guid="0fbbe32d-2517-4674-a68f-170503768479"/>
		<Property id="PROPERTY_882" name="HRN_FAMILY" value="14401"/>
		<Property id="PROPERTY_883" name="HRN_Level_Ref" value="(P-COL)/AH/AJ/AK/AL/AM/AN/AP/AR/CB/CC/CD/CE/XL/YC/YD/YK/YL/YP/YR/YU/YV/ZC/ZF"/>
		<Property id="PROPERTY_884" name="CONN_TERM_SEAL_REQ" value="No"/>
		<Property id="PROPERTY_885" name="DESCRIPTION_COMPONENT" value="CONNECTOR-CAT. 0 (.64MM BLADE)"/>
		<Property id="PROPERTY_886" name="SUB_PROJECT" value="HRN-14401"/>
		<Property id="PROPERTY_887" name="DEVICE_NAME" value="C2LN85::"/>
		<Property id="PROPERTY_888" name="COMP_TYPE" value="CONN-DEVICE"/>
		<Property id="PROPERTY_889" name="DESCRIPTION_DEVICE" value="TO PASS AMB LGHT"/>
		<Option id="OPTION_3b-14-0-1a848_1" value="JCBAD"/>
		<DeviceItem xsi:type="Pin" id="PIN_3b-18-0-1ae7d" signalId="SIGNAL_2-36-0-3330" name="1">
			<AppRef name="E3.Series" version="2.13.7.0" guid="7d033dd4-d84b-424b-b3aa-aeb1740aecdc"/>
			<PinItem xsi:type="ConnectorPinTerminal" id="CONNECTORPINTERMINAL_3b-18-0-1ae7d" compType="WIRE-END-TERM:C2LN85:1"/>
		</DeviceItem>
		<DeviceItem xsi:type="Pin" id="PIN_3b-18-0-1ae85" signalId="SIGNAL_d-36-0-e2ad6" name="2">
			<AppRef name="E3.Series" version="2.13.7.0" guid="258f6970-1668-4a38-b197-8f34548d8fdb"/>
			<PinItem xsi:type="ConnectorPinTerminal" id="CONNECTORPINTERMINAL_3b-18-0-1ae85" compType="WIRE-END-TERM:C2LN85:2"/>
		</DeviceItem>
		<DeviceItem xsi:type="Pin" id="PIN_3b-18-0-1ae8d" signalId="SIGNAL_2-36-0-3a83" name="3">
			<AppRef name="E3.Series" version="2.13.7.0" guid="f754c270-7ec8-4210-bc5b-fcfcf84e2920"/>
			<PinItem xsi:type="ConnectorPinTerminal" id="CONNECTORPINTERMINAL_3b-18-0-1ae8d" compType="WIRE-END-TERM:C2LN85:3"/>
		</DeviceItem>
	</HarnessItem>
	<HarnessItem xsi:type="Device" id="DEV_b-14-0-1168f" name="C2ME06" compType="AU5T-14A464-PA" symbolName="F-Formboard_Conn_Symb" symbolCharacteristic="" rotation="90.000000" branchNodeId="BN_11056-108">
		<AppRef name="E3.Series" version="2.13.7.0" guid="c22a0e72-7b74-4d7a-88b9-a536d1e7125d"/>
		<Property id="PROPERTY_890" name="SUBMERGIBLE" value="Yes"/>
		<Property id="PROPERTY_891" name="HRN_FAMILY" value="14401"/>
		<Property id="PROPERTY_892" name="HRN_Level_Ref" value="(7SPKR)/(TACH-L0)/(8SPKR)/(CNSL-HI)/(EXPORT)/YN/ZB"/>
		<Property id="PROPERTY_893" name="CONN_TERM_SEAL_REQ" value="Yes"/>
		<Property id="PROPERTY_894" name="DESCRIPTION_COMPONENT" value="CONNECTOR-CAT. 2 (1.5MM SEALED BLADE)"/>
		<Property id="PROPERTY_895" name="SUB_PROJECT" value="HRN-14401"/>
		<Property id="PROPERTY_896" name="DEVICE_NAME" value="C2ME06::"/>
		<Property id="PROPERTY_897" name="COMP_TYPE" value="CONN-DEVICE"/>
		<Property id="PROPERTY_898" name="DESCRIPTION_DEVICE" value="TO CENTR SPKR"/>
		<Option id="OPTION_b-14-0-1168f_1" value="(IDBAE | IDBAL | IDBAF | IDBBQ) &amp; ! IEVAT"/>
		<DeviceItem xsi:type="Pin" id="PIN_b-18-0-11a82" signalId="SIGNAL_2-36-0-413f" name="1">
			<AppRef name="E3.Series" version="2.13.7.0" guid="826c9da5-223b-4801-998b-87aa510c5008"/>
			<PinItem xsi:type="ConnectorPinTerminal" id="CONNECTORPINTERMINAL_b-18-0-11a82" compType="WIRE-END-TERM:C2ME06:1"/>
		</DeviceItem>
		<DeviceItem xsi:type="Pin" id="PIN_b-18-0-11a8c" signalId="SIGNAL_2-36-0-3c82" name="2">
			<AppRef name="E3.Series" version="2.13.7.0" guid="ea73e166-a196-4eb3-a88d-ff8e7624ed60"/>
			<PinItem xsi:type="ConnectorPinTerminal" id="CONNECTORPINTERMINAL_b-18-0-11a8c" compType="WIRE-END-TERM:C2ME06:2"/>
		</DeviceItem>
	</HarnessItem>
	<HarnessItem xsi:type="Device" id="DEV_a8-14-0-e8ed74" name="C2MM01-DB" compType="9U5T-14489-TA" symbolName="F-Formboard_Conn_Symb" symbolCharacteristic="" rotation="0.000000" branchNodeId="BN_9708-328">
		<AppRef name="E3.Series" version="2.14.0.0" guid="0257df0f-2f98-4ce5-9253-7b02087ab929"/>
		<AdditionalPart id="ADDITIONALPART_a8-4-0-e8ed77" compType="9U5T-14488-BA"/>
		<Property id="PROPERTY_899" name="ADDITIONAL_PART_MANDATORY" value="9U5T-14488-AA"/>
		<Property id="PROPERTY_900" name="HRN_Level_Ref" value="VA"/>
		<Property id="PROPERTY_901" name="CONN_TERM_SEAL_REQ" value="No"/>
		<Property id="PROPERTY_902" name="DESCRIPTION_COMPONENT" value="CONNECTOR-CAT. 0 (.64MM BLADE)"/>
		<Property id="PROPERTY_903" name="SUB_PROJECT" value="HRN-14401"/>
		<Property id="PROPERTY_904" name="DEVICE_NAME" value="C2MM01-DB::"/>
		<Property id="PROPERTY_905" name="HRN_FAMILY" value="14401"/>
		<Property id="PROPERTY_906" name="COMP_TYPE" value="CONN-DEVICE"/>
		<Property id="PROPERTY_907" name="DESCRIPTION_DEVICE" value="DUER OS MODULE"/>
		<Option id="OPTION_a8-14-0-e8ed74_1" value="IEVAT"/>
		<DeviceItem xsi:type="Pin" id="PIN_a8-18-0-e8efb3" signalId="SIGNAL_EMPTY" name="1">
			<AppRef name="E3.Series" version="2.14.0.0" guid="00f14063-ffd0-4add-86a5-908b96610318"/>
		</DeviceItem>
		<DeviceItem xsi:type="Pin" id="PIN_a8-18-0-e8eed5" signalId="SIGNAL_EMPTY" name="2">
			<AppRef name="E3.Series" version="2.14.0.0" guid="bb528ac3-5819-4e74-9c83-5fb40875b13e"/>
		</DeviceItem>
		<DeviceItem xsi:type="Pin" id="PIN_a8-18-0-e8ef6d" signalId="SIGNAL_EMPTY" name="3">
			<AppRef name="E3.Series" version="2.14.0.0" guid="1f7f9343-9e69-4d49-b1a4-122c33a5cbc1"/>
		</DeviceItem>
		<DeviceItem xsi:type="Pin" id="PIN_a8-18-0-e8ef74" signalId="SIGNAL_EMPTY" name="4">
			<AppRef name="E3.Series" version="2.14.0.0" guid="9a579fd4-c379-4a71-b3d2-b153c3b8b812"/>
		</DeviceItem>
		<DeviceItem xsi:type="Pin" id="PIN_a8-18-0-e8eedb" signalId="SIGNAL_EMPTY" name="5">
			<AppRef name="E3.Series" version="2.14.0.0" guid="14737fb8-217e-47bc-9062-b5661df592a1"/>
		</DeviceItem>
		<DeviceItem xsi:type="Pin" id="PIN_a8-18-0-e8eee1" signalId="SIGNAL_EMPTY" name="6">
			<AppRef name="E3.Series" version="2.14.0.0" guid="4bd3a9b8-1960-4eb0-aa9b-1b778b8b5013"/>
		</DeviceItem>
		<DeviceItem xsi:type="Pin" id="PIN_a8-18-0-e8eee7" signalId="SIGNAL_EMPTY" name="7">
			<AppRef name="E3.Series" version="2.14.0.0" guid="fad33e6a-65f9-40f9-82ae-1d75d392f0a1"/>
		</DeviceItem>
		<DeviceItem xsi:type="Pin" id="PIN_a8-18-0-e8efbb" signalId="SIGNAL_2-36-0-3b4b" name="8">
			<AppRef name="E3.Series" version="2.14.0.0" guid="44f165bb-dea8-4f85-a3d6-aeb2ab1d2422"/>
			<PinItem xsi:type="ConnectorPinTerminal" id="CONNECTORPINTERMINAL_a8-18-0-e8efbb" compType="WIRE-END-TERM:C2MM01-DB:8"/>
		</DeviceItem>
		<DeviceItem xsi:type="Pin" id="PIN_a8-18-0-e8eeed" signalId="SIGNAL_EMPTY" name="9">
			<AppRef name="E3.Series" version="2.14.0.0" guid="bee25348-30d3-4a69-ac38-a3da658874e1"/>
		</DeviceItem>
		<DeviceItem xsi:type="Pin" id="PIN_a8-18-0-e8eef4" signalId="SIGNAL_EMPTY" name="10">
			<AppRef name="E3.Series" version="2.14.0.0" guid="9fd7f81d-f6d6-44b1-80c5-7cff724fdf9f"/>
		</DeviceItem>
		<DeviceItem xsi:type="Pin" id="PIN_a8-18-0-e8eefb" signalId="SIGNAL_EMPTY" name="11">
			<AppRef name="E3.Series" version="2.14.0.0" guid="f7bcc425-fb72-4972-af53-93765b0eb651"/>
		</DeviceItem>
		<DeviceItem xsi:type="Pin" id="PIN_a8-18-0-e8efcb" signalId="SIGNAL_2-36-0-41ad" name="12">
			<AppRef name="E3.Series" version="2.14.0.0" guid="d939145c-3396-4433-b8f4-527d12a144bc"/>
			<PinItem xsi:type="ConnectorPinTerminal" id="CONNECTORPINTERMINAL_a8-18-0-e8efcb" compType="WIRE-END-TERM:C2MM01-DB:12"/>
		</DeviceItem>
		<DeviceItem xsi:type="Pin" id="PIN_a8-18-0-e8efd3" signalId="SIGNAL_2-36-0-3ccd" name="13">
			<AppRef name="E3.Series" version="2.14.0.0" guid="fced98d1-cd69-46eb-8b69-bbff64ff4023"/>
			<PinItem xsi:type="ConnectorPinTerminal" id="CONNECTORPINTERMINAL_a8-18-0-e8efd3" compType="WIRE-END-TERM:C2MM01-DB:13"/>
		</DeviceItem>
		<DeviceItem xsi:type="Pin" id="PIN_a8-18-0-e8ef97" signalId="SIGNAL_EMPTY" name="14">
			<AppRef name="E3.Series" version="2.14.0.0" guid="b0b59c1c-bf42-4717-acc1-c73013514881"/>
		</DeviceItem>
		<DeviceItem xsi:type="Pin" id="PIN_a8-18-0-e8ef9e" signalId="SIGNAL_EMPTY" name="15">
			<AppRef name="E3.Series" version="2.14.0.0" guid="6390c0fa-3ddf-4d1e-bb7f-4cd19cacbe5d"/>
		</DeviceItem>
		<DeviceItem xsi:type="Pin" id="PIN_a8-18-0-e8ef02" signalId="SIGNAL_EMPTY" name="16">
			<AppRef name="E3.Series" version="2.14.0.0" guid="213e80bb-92ff-4c1b-a045-9d754331b07d"/>
		</DeviceItem>
		<DeviceItem xsi:type="Pin" id="PIN_a8-18-0-e8ef09" signalId="SIGNAL_EMPTY" name="17">
			<AppRef name="E3.Series" version="2.14.0.0" guid="2484bd19-e0b8-44f1-b866-f3f3d2bcbee4"/>
		</DeviceItem>
		<DeviceItem xsi:type="Pin" id="PIN_a8-18-0-e8ef10" signalId="SIGNAL_EMPTY" name="18">
			<AppRef name="E3.Series" version="2.14.0.0" guid="65ffb47c-7632-4120-9c50-e71a2d214ba2"/>
		</DeviceItem>
		<DeviceItem xsi:type="Pin" id="PIN_a8-18-0-e8efdb" signalId="SIGNAL_2-36-0-41d7" name="19">
			<AppRef name="E3.Series" version="2.14.0.0" guid="20fb9814-0d3b-4afa-a7c0-c4b8a7a7c4bb"/>
			<PinItem xsi:type="ConnectorPinTerminal" id="CONNECTORPINTERMINAL_a8-18-0-e8efdb" compType="WIRE-END-TERM:C2MM01-DB:19"/>
		</DeviceItem>
		<DeviceItem xsi:type="Pin" id="PIN_a8-18-0-e8efe3" signalId="SIGNAL_2-36-0-3fd8" name="20">
			<AppRef name="E3.Series" version="2.14.0.0" guid="3d9904a6-9b9b-4a00-9d91-84ca7165597b"/>
			<PinItem xsi:type="ConnectorPinTerminal" id="CONNECTORPINTERMINAL_a8-18-0-e8efe3" compType="WIRE-END-TERM:C2MM01-DB:20"/>
		</DeviceItem>
		<DeviceItem xsi:type="Pin" id="PIN_a8-18-0-e8ef82" signalId="SIGNAL_EMPTY" name="21">
			<AppRef name="E3.Series" version="2.14.0.0" guid="f98974bc-3770-45e0-beda-44dbceeb10b7"/>
		</DeviceItem>
		<DeviceItem xsi:type="Pin" id="PIN_a8-18-0-e8ef7b" signalId="SIGNAL_EMPTY" name="22">
			<AppRef name="E3.Series" version="2.14.0.0" guid="9af5aad1-19d4-4241-9f78-f2b0323753e6"/>
		</DeviceItem>
		<DeviceItem xsi:type="Pin" id="PIN_a8-18-0-e8f003" signalId="SIGNAL_2-36-0-36f5" name="23">
			<AppRef name="E3.Series" version="2.14.0.0" guid="bfbd47ba-5665-4d7f-b60d-8995c706bfc5"/>
			<PinItem xsi:type="ConnectorPinTerminal" id="CONNECTORPINTERMINAL_a8-18-0-e8f003" compType="WIRE-END-TERM:C2MM01-DB:23"/>
		</DeviceItem>
		<DeviceItem xsi:type="Pin" id="PIN_a8-18-0-e8ef58" signalId="SIGNAL_EMPTY" name="24">
			<AppRef name="E3.Series" version="2.14.0.0" guid="385e1b72-77e2-49ff-885d-e21da838e977"/>
		</DeviceItem>
		<DeviceItem xsi:type="Pin" id="PIN_a8-18-0-e8ef5f" signalId="SIGNAL_EMPTY" name="25">
			<AppRef name="E3.Series" version="2.14.0.0" guid="76d7f1da-b4c3-4576-9116-4fc5d50fd375"/>
		</DeviceItem>
		<DeviceItem xsi:type="Pin" id="PIN_a8-18-0-e8ef66" signalId="SIGNAL_EMPTY" name="26">
			<AppRef name="E3.Series" version="2.14.0.0" guid="52e4fb18-9e3b-460e-873c-3df8d9ec5805"/>
		</DeviceItem>
		<DeviceItem xsi:type="Pin" id="PIN_a8-18-0-e8ef89" signalId="SIGNAL_EMPTY" name="27">
			<AppRef name="E3.Series" version="2.14.0.0" guid="b425bf76-0352-489f-ad18-68f9efad5167"/>
		</DeviceItem>
		<DeviceItem xsi:type="Pin" id="PIN_a8-18-0-e8ef90" signalId="SIGNAL_EMPTY" name="28">
			<AppRef name="E3.Series" version="2.14.0.0" guid="bd5978a8-9b9b-49ba-ae84-b38078b3037c"/>
		</DeviceItem>
		<DeviceItem xsi:type="Pin" id="PIN_a8-18-0-e8efeb" signalId="SIGNAL_2-36-0-41ad" name="29">
			<AppRef name="E3.Series" version="2.14.0.0" guid="a36940ee-a5fe-4d9e-8c90-134e13dee132"/>
			<PinItem xsi:type="ConnectorPinTerminal" id="CONNECTORPINTERMINAL_a8-18-0-e8efeb" compType="WIRE-END-TERM:C2MM01-DB:29"/>
		</DeviceItem>
		<DeviceItem xsi:type="Pin" id="PIN_a8-18-0-e8f053" signalId="SIGNAL_2-36-0-3ccd" name="30">
			<AppRef name="E3.Series" version="2.14.0.0" guid="0db07a28-4645-4bd6-9d2a-141b2b2bbed7"/>
			<PinItem xsi:type="ConnectorPinTerminal" id="CONNECTORPINTERMINAL_a8-18-0-e8f053" compType="WIRE-END-TERM:C2MM01-DB:30"/>
		</DeviceItem>
		<DeviceItem xsi:type="Pin" id="PIN_a8-18-0-e8effb" signalId="SIGNAL_EMPTY" name="31">
			<AppRef name="E3.Series" version="2.14.0.0" guid="e839b057-30d3-4663-b157-7463a50cd724"/>
		</DeviceItem>
		<DeviceItem xsi:type="Pin" id="PIN_a8-18-0-e8eff3" signalId="SIGNAL_2-36-0-3ccd" name="32">
			<AppRef name="E3.Series" version="2.14.0.0" guid="af56fd4a-8c2e-46d2-9340-0576e11ffdbe"/>
		</DeviceItem>
		<DeviceItem xsi:type="Pin" id="PIN_a8-18-0-e8efa5" signalId="SIGNAL_EMPTY" name="33">
			<AppRef name="E3.Series" version="2.14.0.0" guid="e46daba1-a96c-413a-a60e-0f3191449051"/>
		</DeviceItem>
		<DeviceItem xsi:type="Pin" id="PIN_a8-18-0-e8ef16" signalId="SIGNAL_EMPTY" name="34">
			<AppRef name="E3.Series" version="2.14.0.0" guid="806d60f6-6dc1-410c-b6e4-bf432fe6adbd"/>
		</DeviceItem>
		<DeviceItem xsi:type="Pin" id="PIN_a8-18-0-e8ef1d" signalId="SIGNAL_EMPTY" name="35">
			<AppRef name="E3.Series" version="2.14.0.0" guid="aae1e449-fa29-49da-91fd-510c9069efa0"/>
		</DeviceItem>
		<DeviceItem xsi:type="Pin" id="PIN_a8-18-0-e8ef24" signalId="SIGNAL_EMPTY" name="36">
			<AppRef name="E3.Series" version="2.14.0.0" guid="68efb665-9b56-4d1b-9238-1b3ea74cedf8"/>
		</DeviceItem>
		<DeviceItem xsi:type="Pin" id="PIN_a8-18-0-e8efac" signalId="SIGNAL_EMPTY" name="37">
			<AppRef name="E3.Series" version="2.14.0.0" guid="80167aab-5fdb-4e5c-a049-39c5678fa8f5"/>
		</DeviceItem>
		<DeviceItem xsi:type="Pin" id="PIN_a8-18-0-e8efc3" signalId="SIGNAL_2-36-0-3cbd" name="38">
			<AppRef name="E3.Series" version="2.14.0.0" guid="e1597943-1b98-41e6-bd64-aae4a5436c90"/>
			<PinItem xsi:type="ConnectorPinTerminal" id="CONNECTORPINTERMINAL_a8-18-0-e8efc3" compType="WIRE-END-TERM:C2MM01-DB:38"/>
		</DeviceItem>
		<DeviceItem xsi:type="Pin" id="PIN_a8-18-0-e8ef2a" signalId="SIGNAL_EMPTY" name="39">
			<AppRef name="E3.Series" version="2.14.0.0" guid="2838ff2f-71ed-4b06-a29b-0157c306bfa2"/>
		</DeviceItem>
		<DeviceItem xsi:type="Pin" id="PIN_a8-18-0-e8f00b" signalId="SIGNAL_2-36-0-413c" name="40">
			<AppRef name="E3.Series" version="2.14.0.0" guid="781ce28d-fe67-4048-aea0-213810cb01fe"/>
			<PinItem xsi:type="ConnectorPinTerminal" id="CONNECTORPINTERMINAL_a8-18-0-e8f00b" compType="WIRE-END-TERM:C2MM01-DB:40"/>
		</DeviceItem>
		<DeviceItem xsi:type="Pin" id="PIN_a8-18-0-e8f03b" signalId="SIGNAL_4c-36-0-75879f" name="41">
			<AppRef name="E3.Series" version="2.14.0.0" guid="9e9ac56d-57c2-4d9f-98c4-37bfd0490910"/>
			<PinItem xsi:type="ConnectorPinTerminal" id="CONNECTORPINTERMINAL_a8-18-0-e8f03b" compType="WIRE-END-TERM:C2MM01-DB:41"/>
		</DeviceItem>
		<DeviceItem xsi:type="Pin" id="PIN_a8-18-0-e8f033" signalId="SIGNAL_4c-36-0-777d7f" name="42">
			<AppRef name="E3.Series" version="2.14.0.0" guid="38de2d6e-c91c-4764-bd76-552c48e90538"/>
			<PinItem xsi:type="ConnectorPinTerminal" id="CONNECTORPINTERMINAL_a8-18-0-e8f033" compType="WIRE-END-TERM:C2MM01-DB:42"/>
		</DeviceItem>
		<DeviceItem xsi:type="Pin" id="PIN_a8-18-0-e8f01b" signalId="SIGNAL_4c-36-0-75879f" name="43">
			<AppRef name="E3.Series" version="2.14.0.0" guid="f2398533-b3c3-4a1b-923a-49ed00d5394c"/>
			<PinItem xsi:type="ConnectorPinTerminal" id="CONNECTORPINTERMINAL_a8-18-0-e8f01b" compType="WIRE-END-TERM:C2MM01-DB:43"/>
		</DeviceItem>
		<DeviceItem xsi:type="Pin" id="PIN_a8-18-0-e8f013" signalId="SIGNAL_4c-36-0-777d7f" name="44">
			<AppRef name="E3.Series" version="2.14.0.0" guid="6a1d597e-542a-4aca-ab07-505676991a6c"/>
			<PinItem xsi:type="ConnectorPinTerminal" id="CONNECTORPINTERMINAL_a8-18-0-e8f013" compType="WIRE-END-TERM:C2MM01-DB:44"/>
		</DeviceItem>
		<DeviceItem xsi:type="Pin" id="PIN_a8-18-0-e8f04b" signalId="SIGNAL_4c-36-0-75879f" name="45">
			<AppRef name="E3.Series" version="2.14.0.0" guid="6abd880a-f57a-486c-8d1e-2277c3c5a36d"/>
			<PinItem xsi:type="ConnectorPinTerminal" id="CONNECTORPINTERMINAL_a8-18-0-e8f04b" compType="WIRE-END-TERM:C2MM01-DB:45"/>
		</DeviceItem>
		<DeviceItem xsi:type="Pin" id="PIN_a8-18-0-e8f043" signalId="SIGNAL_4c-36-0-777d7f" name="46">
			<AppRef name="E3.Series" version="2.14.0.0" guid="3fb7c697-824f-4653-b760-76eb4c85e896"/>
			<PinItem xsi:type="ConnectorPinTerminal" id="CONNECTORPINTERMINAL_a8-18-0-e8f043" compType="WIRE-END-TERM:C2MM01-DB:46"/>
		</DeviceItem>
		<DeviceItem xsi:type="Pin" id="PIN_a8-18-0-e8f02b" signalId="SIGNAL_4c-36-0-75879f" name="47">
			<AppRef name="E3.Series" version="2.14.0.0" guid="7b69dd0a-4ed6-46ac-8892-e490ce0692b3"/>
			<PinItem xsi:type="ConnectorPinTerminal" id="CONNECTORPINTERMINAL_a8-18-0-e8f02b" compType="WIRE-END-TERM:C2MM01-DB:47"/>
		</DeviceItem>
		<DeviceItem xsi:type="Pin" id="PIN_a8-18-0-e8f023" signalId="SIGNAL_4c-36-0-777d7f" name="48">
			<AppRef name="E3.Series" version="2.14.0.0" guid="85cc9a82-0ee9-4426-8957-51dcaaadf472"/>
			<PinItem xsi:type="ConnectorPinTerminal" id="CONNECTORPINTERMINAL_a8-18-0-e8f023" compType="WIRE-END-TERM:C2MM01-DB:48"/>
		</DeviceItem>
		<DeviceItem xsi:type="Pin" id="PIN_a8-18-0-e8ef30" signalId="SIGNAL_EMPTY" name="49">
			<AppRef name="E3.Series" version="2.14.0.0" guid="815aa5fd-1273-4c43-ba3e-147f3fd78e92"/>
		</DeviceItem>
		<DeviceItem xsi:type="Pin" id="PIN_a8-18-0-e8ef36" signalId="SIGNAL_EMPTY" name="50">
			<AppRef name="E3.Series" version="2.14.0.0" guid="f05ab36d-e3dd-4d50-812b-fff41b64e534"/>
		</DeviceItem>
		<DeviceItem xsi:type="Pin" id="PIN_a8-18-0-e8ef4a" signalId="SIGNAL_EMPTY" name="51">
			<AppRef name="E3.Series" version="2.14.0.0" guid="be5c8653-b91f-443f-a4f4-c7f9a23ec709"/>
		</DeviceItem>
		<DeviceItem xsi:type="Pin" id="PIN_a8-18-0-e8ef51" signalId="SIGNAL_EMPTY" name="52">
			<AppRef name="E3.Series" version="2.14.0.0" guid="325ac14e-32c0-48cd-9d2c-c0153b25e3ae"/>
		</DeviceItem>
		<DeviceItem xsi:type="Pin" id="PIN_a8-18-0-e8ef3c" signalId="SIGNAL_EMPTY" name="53">
			<AppRef name="E3.Series" version="2.14.0.0" guid="0ede4721-eca1-48bd-92d8-e0a23ce21c41"/>
		</DeviceItem>
		<DeviceItem xsi:type="Pin" id="PIN_a8-18-0-e8ef43" signalId="SIGNAL_EMPTY" name="54">
			<AppRef name="E3.Series" version="2.14.0.0" guid="b32341d7-fb36-4d1d-9162-63d708a9313f"/>
		</DeviceItem>
	</HarnessItem>
	<HarnessItem xsi:type="Device" id="DEV_a8-14-0-e8edab" name="C2MM01-DA" compType="4S7T-14489-VPA" symbolName="F-Formboard_Conn_Symb" symbolCharacteristic="" rotation="0.000000" branchNodeId="BN_9764-28">
		<AppRef name="E3.Series" version="2.14.0.0" guid="c9890a2c-94e5-4955-8250-7250dfe42e64"/>
		<Property id="PROPERTY_908" name="SUBMERGIBLE" value="No"/>
		<Property id="PROPERTY_909" name="HRN_FAMILY" value="14401"/>
		<Property id="PROPERTY_910" name="HRN_Level_Ref" value="VA"/>
		<Property id="PROPERTY_911" name="CONN_TERM_SEAL_REQ" value="No"/>
		<Property id="PROPERTY_912" name="DESCRIPTION_COMPONENT" value="CONNECTOR, UNSEALED, FEMALE 2.8 MM"/>
		<Property id="PROPERTY_913" name="SUB_PROJECT" value="HRN-14401"/>
		<Property id="PROPERTY_914" name="DEVICE_NAME" value="C2MM01-DA::"/>
		<Property id="PROPERTY_915" name="COMP_TYPE" value="CONN-DEVICE"/>
		<Property id="PROPERTY_916" name="DESCRIPTION_DEVICE" value="DUER OS MODULE"/>
		<Option id="OPTION_a8-14-0-e8edab_1" value="IEVAT"/>
		<DeviceItem xsi:type="Pin" id="PIN_a8-18-0-e8f0b2" signalId="SIGNAL_EMPTY" name="1">
			<AppRef name="E3.Series" version="2.14.0.0" guid="24df3a45-6d10-4bbf-91d0-aa54fc40b895"/>
		</DeviceItem>
		<DeviceItem xsi:type="Pin" id="PIN_a8-18-0-e8f0a4" signalId="SIGNAL_2-36-0-3ed6" name="2">
			<AppRef name="E3.Series" version="2.14.0.0" guid="9093edd8-391a-40e3-aa68-11fc5cebc99c"/>
			<PinItem xsi:type="ConnectorPinTerminal" id="CONNECTORPINTERMINAL_a8-18-0-e8f0a4" compType="WIRE-END-TERM:C2MM01-DA:2"/>
		</DeviceItem>
		<DeviceItem xsi:type="Pin" id="PIN_a8-18-0-e8f0aa" signalId="SIGNAL_EMPTY" name="3">
			<AppRef name="E3.Series" version="2.14.0.0" guid="f8444faf-c3b5-48b5-bffe-5d751f94badd"/>
		</DeviceItem>
		<DeviceItem xsi:type="Pin" id="PIN_a8-18-0-e8f0ba" signalId="SIGNAL_2-36-0-3a84" name="4">
			<AppRef name="E3.Series" version="2.14.0.0" guid="d6c80b93-003f-4170-b1f1-cea177fd9481"/>
			<PinItem xsi:type="ConnectorPinTerminal" id="CONNECTORPINTERMINAL_a8-18-0-e8f0ba" compType="WIRE-END-TERM:C2MM01-DA:4"/>
		</DeviceItem>
	</HarnessItem>
	<HarnessItem xsi:type="Device" id="DEV_a8-14-0-e8edb9" name="C2MM01-DA2B" compType="TBD-001-F">
		<AppRef name="E3.Series" version="2.14.0.0" guid="2734c3b5-196c-4a88-b3e5-b030864db37d"/>
		<Property id="PROPERTY_917" name="HRN_FAMILY" value="14401"/>
		<Property id="PROPERTY_918" name="HRN_Level_Ref" value="VA"/>
		<Property id="PROPERTY_919" name="CONN_TERM_SEAL_REQ" value="No"/>
		<Property id="PROPERTY_920" name="DESCRIPTION_COMPONENT" value="TBD CONNECTOR, 1 PIN, FEMALE"/>
		<Property id="PROPERTY_921" name="SUB_PROJECT" value="HRN-14401"/>
		<Property id="PROPERTY_922" name="DEVICE_NAME" value="C2MM01-DA2B::"/>
		<Property id="PROPERTY_923" name="COMP_TYPE" value="CONN-DEVICE"/>
		<Property id="PROPERTY_924" name="DESCRIPTION_DEVICE" value="DUER OS MODULE"/>
		<Option id="OPTION_a8-14-0-e8edb9_1" value="IEVAT &amp; IDBBQ"/>
		<DeviceItem xsi:type="Pin" id="PIN_a8-18-0-e8f0c2" signalId="SIGNAL_99-36-0-15fd1f" branchNodeId="BN_9928-112" name="1" symbolName="TBD_Connector_Side" symbolCharacteristic="" rotation="270.000000">
			<AppRef name="E3.Series" version="2.14.0.0" guid="79accfdf-aa3d-49ba-9525-b1fc5d128f83"/>
			<PinItem xsi:type="ConnectorPinTerminal" id="CONNECTORPINTERMINAL_a8-18-0-e8f0c2" compType="WIRE-END-TERM:C2MM01-DA2B:1"/>
		</DeviceItem>
	</HarnessItem>
	<HarnessItem xsi:type="Device" id="DEV_a8-14-0-e8ed98" name="C2MM01-DU" compType="MU5T-14489-ADA" symbolName="F-Formboard_Conn_Symb" symbolCharacteristic="" rotation="270.000000" branchNodeId="BN_10128-128">
		<AppRef name="E3.Series" version="2.14.0.0" guid="a515fc0b-e9e4-494e-8972-c35ef1388532"/>
		<AdditionalPart id="ADDITIONALPART_a8-4-0-e8ed9b" compType="MU5T-14A468-AA"/>
		<Property id="PROPERTY_925" name="EXCLUDE_FROM_BOM" value="1"/>
		<Property id="PROPERTY_926" name="HRN_FAMILY" value="14401"/>
		<Property id="PROPERTY_927" name="HRN_Level_Ref" value="VA"/>
		<Property id="PROPERTY_928" name="CONN_TERM_SEAL_REQ" value="No"/>
		<Property id="PROPERTY_929" name="DESCRIPTION_COMPONENT" value="SLV WIR CONN FEM ETHERNET"/>
		<Property id="PROPERTY_930" name="SUB_PROJECT" value="HRN-14401"/>
		<Property id="PROPERTY_931" name="DEVICE_NAME" value="C2MM01-DU::"/>
		<Property id="PROPERTY_932" name="COMP_TYPE" value="CONN-DEVICE"/>
		<Property id="PROPERTY_933" name="DESCRIPTION_DEVICE" value="DUER OS MODULE"/>
		<Option id="OPTION_a8-14-0-e8ed98_1" value="IEVAT"/>
		<DeviceItem xsi:type="Pin" id="PIN_a8-18-0-e8f06a" signalId="SIGNAL_18-36-0-251c67" name="1">
			<AppRef name="E3.Series" version="2.14.0.0" guid="bcc1d920-50a4-4db2-a36d-f9477de0bae4"/>
			<PinItem xsi:type="ConnectorPinTerminal" id="CONNECTORPINTERMINAL_a8-18-0-e8f06a" compType="WIRE-END-TERM:C2MM01-DU:1"/>
		</DeviceItem>
		<DeviceItem xsi:type="Pin" id="PIN_a8-18-0-e8f072" signalId="SIGNAL_18-36-0-251c74" name="2">
			<AppRef name="E3.Series" version="2.14.0.0" guid="5c079dc4-c833-437b-a871-788ea329c7fa"/>
			<PinItem xsi:type="ConnectorPinTerminal" id="CONNECTORPINTERMINAL_a8-18-0-e8f072" compType="WIRE-END-TERM:C2MM01-DU:2"/>
		</DeviceItem>
	</HarnessItem>
	<HarnessItem xsi:type="Device" id="DEV_a8-14-0-e8ed81" name="C2MM01-E1" compType="MU5T-19C042-BZA" symbolName="F-Formboard_Conn_Symb" symbolCharacteristic="" rotation="270.000000" branchNodeId="BN_10240-128">
		<AppRef name="E3.Series" version="2.14.0.0" guid="18f72e95-c7f4-4ecb-89d1-6a691c91f3bc"/>
		<Property id="PROPERTY_934" name="EXCLUDE_FROM_BOM" value="1"/>
		<Property id="PROPERTY_935" name="HRN_FAMILY" value="14401"/>
		<Property id="PROPERTY_936" name="HRN_Level_Ref" value="VA"/>
		<Property id="PROPERTY_937" name="CONN_TERM_SEAL_REQ" value="No"/>
		<Property id="PROPERTY_938" name="DESCRIPTION_COMPONENT" value="CONNECTOR-4 WAY FEMALE COAXIAL ASSY"/>
		<Property id="PROPERTY_939" name="SUB_PROJECT" value="HRN-14401"/>
		<Property id="PROPERTY_940" name="DEVICE_NAME" value="C2MM01-E1::"/>
		<Property id="PROPERTY_941" name="COMP_TYPE" value="CONN-DEVICE"/>
		<Property id="PROPERTY_942" name="DESCRIPTION_DEVICE" value="DUER OS MODULE"/>
		<Option id="OPTION_a8-14-0-e8ed81_1" value="IEVAT &amp; HJGAX"/>
		<DeviceItem xsi:type="Pin" id="PIN_a8-18-0-e8f05b" signalId="SIGNAL_33-36-0-2adb14" name="1">
			<AppRef name="E3.Series" version="2.14.0.0" guid="0cfb1d64-c8d3-4bb7-b840-b44dd75d809a"/>
			<PinItem xsi:type="ConnectorPinTerminal" id="CONNECTORPINTERMINAL_a8-18-0-e8f05b" compType="*P/O ASSY"/>
		</DeviceItem>
		<DeviceItem xsi:type="Pin" id="PIN_d8-18-0-363a2e" signalId="SIGNAL_EMPTY" name="2">
			<AppRef name="E3.Series" version="2.14.0.0" guid="b00b3773-1c4a-4023-8515-d3fedf6326dd"/>
		</DeviceItem>
		<DeviceItem xsi:type="Pin" id="PIN_d8-18-0-363a32" signalId="SIGNAL_EMPTY" name="3">
			<AppRef name="E3.Series" version="2.14.0.0" guid="b61d11a7-00a1-4a68-9ae8-5dc7117aec6b"/>
		</DeviceItem>
		<DeviceItem xsi:type="Pin" id="PIN_d8-18-0-363a36" signalId="SIGNAL_EMPTY" name="4">
			<AppRef name="E3.Series" version="2.14.0.0" guid="95736ac3-036b-45b6-acce-87e1bd67574c"/>
		</DeviceItem>
	</HarnessItem>
	<HarnessItem xsi:type="Device" id="DEV_ac-14-0-8bc07a" name="C2X212-EVC" compType="DU5T-14489-YAB" symbolName="F-Formboard_Conn_Symb" symbolCharacteristic="" rotation="90.000000" branchNodeId="BN_15880-168">
		<AppRef name="E3.Series" version="2.14.0.0" guid="497fe968-8c7a-4dde-b73f-774862721601"/>
		<Property id="PROPERTY_943" name="HRN_FAMILY" value="14401"/>
		<Property id="PROPERTY_944" name="HRN_Level_Ref" value="ZA/ZB/ZC/ZF"/>
		<Property id="PROPERTY_945" name="CONN_TERM_SEAL_REQ" value="No"/>
		<Property id="PROPERTY_946" name="DESCRIPTION_COMPONENT" value="CONNECTOR-CAT. 0 (.64MM BLADE)"/>
		<Property id="PROPERTY_947" name="SUB_PROJECT" value="HRN-14401"/>
		<Property id="PROPERTY_948" name="DEVICE_NAME" value="C2X212-EVC::"/>
		<Property id="PROPERTY_949" name="COMP_TYPE" value="CONN-DEVICE"/>
		<Property id="PROPERTY_950" name="DESCRIPTION_DEVICE" value="SW-MULTIFUNCT"/>
		<Option id="OPTION_ac-14-0-8bc07a_1" value="HT2AC &amp; HJGAY"/>
		<DeviceItem xsi:type="Pin" id="PIN_ac-18-0-8bc0fd" signalId="SIGNAL_EMPTY" name="1">
			<AppRef name="E3.Series" version="2.14.0.0" guid="b994355b-39f9-4c48-8841-5dbcdd8aaad3"/>
		</DeviceItem>
		<DeviceItem xsi:type="Pin" id="PIN_ac-18-0-8bc10f" signalId="SIGNAL_2-36-0-3336" name="2">
			<AppRef name="E3.Series" version="2.14.0.0" guid="04dd01ad-dad8-4e1b-879a-40cbafcdd59d"/>
			<PinItem xsi:type="ConnectorPinTerminal" id="CONNECTORPINTERMINAL_ac-18-0-8bc10f" compType="WIRE-END-TERM:C2X212-EVC:2"/>
		</DeviceItem>
		<DeviceItem xsi:type="Pin" id="PIN_ac-18-0-8bc109" signalId="SIGNAL_2-36-0-3a85" name="3">
			<AppRef name="E3.Series" version="2.14.0.0" guid="a4ed9491-f54e-47cb-9aaa-546c4b6f4c0b"/>
			<PinItem xsi:type="ConnectorPinTerminal" id="CONNECTORPINTERMINAL_ac-18-0-8bc109" compType="WIRE-END-TERM:C2X212-EVC:3"/>
		</DeviceItem>
		<DeviceItem xsi:type="Pin" id="PIN_ac-18-0-8bc115" signalId="SIGNAL_2-36-0-371b" name="4">
			<AppRef name="E3.Series" version="2.14.0.0" guid="90ea74e1-a6f0-4e97-b316-befb236a6f3a"/>
			<PinItem xsi:type="ConnectorPinTerminal" id="CONNECTORPINTERMINAL_ac-18-0-8bc115" compType="WIRE-END-TERM:C2X212-EVC:4"/>
		</DeviceItem>
		<DeviceItem xsi:type="Pin" id="PIN_ac-18-0-8bc103" signalId="SIGNAL_2-36-0-4111" name="5">
			<AppRef name="E3.Series" version="2.14.0.0" guid="47a09f48-e500-42ef-ab37-ad18be363a9d"/>
			<PinItem xsi:type="ConnectorPinTerminal" id="CONNECTORPINTERMINAL_ac-18-0-8bc103" compType="WIRE-END-TERM:C2X212-EVC:5"/>
		</DeviceItem>
		<DeviceItem xsi:type="Pin" id="PIN_ac-18-0-8bc0f9" signalId="SIGNAL_EMPTY" name="6">
			<AppRef name="E3.Series" version="2.14.0.0" guid="857c1d8c-d168-4897-b86c-b7c04a2e4b85"/>
		</DeviceItem>
	</HarnessItem>
	<HarnessItem xsi:type="Device" id="DEV_ac-14-0-8bc067" name="C2X212-EVB" compType="FU5T-14489-XB" symbolName="F-Formboard_Conn_Symb" symbolCharacteristic="" rotation="90.000000" branchNodeId="BN_15712-168">
		<AppRef name="E3.Series" version="2.14.0.0" guid="eeead749-579d-4577-8830-542304653bb1"/>
		<Property id="PROPERTY_951" name="HRN_FAMILY" value="14401"/>
		<Property id="PROPERTY_952" name="HRN_Level_Ref" value="ZA/ZB/ZC/ZF"/>
		<Property id="PROPERTY_953" name="CONN_TERM_SEAL_REQ" value="No"/>
		<Property id="PROPERTY_954" name="DESCRIPTION_COMPONENT" value="CONNECTOR-CAT. 0 (.64MM BLADE)"/>
		<Property id="PROPERTY_955" name="SUB_PROJECT" value="HRN-14401"/>
		<Property id="PROPERTY_956" name="DEVICE_NAME" value="C2X212-EVB::"/>
		<Property id="PROPERTY_957" name="COMP_TYPE" value="CONN-DEVICE"/>
		<Property id="PROPERTY_958" name="DESCRIPTION_DEVICE" value="SW-MULTIFUNCT"/>
		<Option id="OPTION_ac-14-0-8bc067_1" value="HT2AC &amp; HJGAY"/>
		<DeviceItem xsi:type="Pin" id="PIN_ac-18-0-8bc0ca" signalId="SIGNAL_2-36-0-32ab" name="1">
			<AppRef name="E3.Series" version="2.14.0.0" guid="22221c83-1af3-47cc-8b01-761720317ab4"/>
			<PinItem xsi:type="ConnectorPinTerminal" id="CONNECTORPINTERMINAL_ac-18-0-8bc0ca" compType="WIRE-END-TERM:C2X212-EVB:1"/>
		</DeviceItem>
		<DeviceItem xsi:type="Pin" id="PIN_ac-18-0-8bc0d0" signalId="SIGNAL_42-36-0-18a61de" name="2">
			<AppRef name="E3.Series" version="2.14.0.0" guid="a39a5293-2738-41c5-b085-98e74b5e8d73"/>
			<PinItem xsi:type="ConnectorPinTerminal" id="CONNECTORPINTERMINAL_ac-18-0-8bc0d0" compType="WIRE-END-TERM:C2X212-EVB:2"/>
		</DeviceItem>
		<DeviceItem xsi:type="Pin" id="PIN_ac-18-0-8bc0c4" signalId="SIGNAL_2-36-0-3a85" name="3">
			<AppRef name="E3.Series" version="2.14.0.0" guid="0fd4bb34-4b49-4f4f-b800-3ba6b1941ef8"/>
			<PinItem xsi:type="ConnectorPinTerminal" id="CONNECTORPINTERMINAL_ac-18-0-8bc0c4" compType="WIRE-END-TERM:C2X212-EVB:3"/>
		</DeviceItem>
		<DeviceItem xsi:type="Pin" id="PIN_ac-18-0-8bc0d6" signalId="SIGNAL_2-36-0-36b9" name="4">
			<AppRef name="E3.Series" version="2.14.0.0" guid="7e7a3d48-e896-46dc-8544-2f9b3b92632f"/>
			<PinItem xsi:type="ConnectorPinTerminal" id="CONNECTORPINTERMINAL_ac-18-0-8bc0d6" compType="WIRE-END-TERM:C2X212-EVB:4"/>
		</DeviceItem>
		<DeviceItem xsi:type="Pin" id="PIN_ac-18-0-8bc0be" signalId="SIGNAL_2-36-0-4111" name="5">
			<AppRef name="E3.Series" version="2.14.0.0" guid="5ea7834e-b69c-4035-967b-0a9d870efd4b"/>
			<PinItem xsi:type="ConnectorPinTerminal" id="CONNECTORPINTERMINAL_ac-18-0-8bc0be" compType="WIRE-END-TERM:C2X212-EVB:5"/>
		</DeviceItem>
		<DeviceItem xsi:type="Pin" id="PIN_ac-18-0-8bc0b9" signalId="SIGNAL_42-36-0-18a6161" name="6">
			<AppRef name="E3.Series" version="2.14.0.0" guid="47f75d84-4926-4e7f-856f-0003433c1254"/>
			<PinItem xsi:type="ConnectorPinTerminal" id="CONNECTORPINTERMINAL_ac-18-0-8bc0b9" compType="WIRE-END-TERM:C2X212-EVB:6"/>
		</DeviceItem>
	</HarnessItem>
	<HarnessItem xsi:type="Device" id="DEV_ce-14-0-2067af" name="C2H101-EVBA" compType="AU5T-14489-MAA" symbolName="F-Formboard_Conn_Symb" symbolCharacteristic="" rotation="0.000000" branchNodeId="BN_15124-272">
		<AppRef name="E3.Series" version="2.14.0.0" guid="8d177e20-4405-419a-b05b-c4fed4cffd2e"/>
		<AdditionalPart id="ADDITIONALPART_ce-4-0-2067b1" compType="HU5T-14E047-MA"/>
		<Property id="PROPERTY_959" name="ADDITIONAL_PART_MANDATORY" value="AU5T-14488-DA"/>
		<Property id="PROPERTY_960" name="HRN_Level_Ref" value="ZA/ZB/ZC/ZF"/>
		<Property id="PROPERTY_961" name="CONN_TERM_SEAL_REQ" value="No"/>
		<Property id="PROPERTY_962" name="DESCRIPTION_COMPONENT" value="CONNECTOR-CAT. 0 (.64MM BLADE)"/>
		<Property id="PROPERTY_963" name="SUB_PROJECT" value="HRN-14401"/>
		<Property id="PROPERTY_964" name="DEVICE_NAME" value="C2H101-EVBA::"/>
		<Property id="PROPERTY_965" name="HRN_FAMILY" value="14401"/>
		<Property id="PROPERTY_966" name="COMP_TYPE" value="CONN-DEVICE"/>
		<Property id="PROPERTY_967" name="DESCRIPTION_DEVICE" value="CLIMATE CONTROL-CN1"/>
		<Option id="OPTION_ce-14-0-2067af_1" value="AC_G &amp; HJGAY"/>
		<DeviceItem xsi:type="Pin" id="PIN_ce-18-0-206817" signalId="SIGNAL_2-36-0-3a85" name="1">
			<AppRef name="E3.Series" version="2.14.0.0" guid="2869cf2f-d4db-4aaf-9f58-cfe21eaefed7"/>
			<PinItem xsi:type="ConnectorPinTerminal" id="CONNECTORPINTERMINAL_ce-18-0-206817" compType="WIRE-END-TERM:C2H101-EVBA:1"/>
		</DeviceItem>
		<DeviceItem xsi:type="Pin" id="PIN_ce-18-0-20681f" signalId="SIGNAL_2-36-0-3c37" name="2">
			<AppRef name="E3.Series" version="2.14.0.0" guid="46d5d6c9-87de-4706-8d60-a283d006d22d"/>
			<PinItem xsi:type="ConnectorPinTerminal" id="CONNECTORPINTERMINAL_ce-18-0-20681f" compType="WIRE-END-TERM:C2H101-EVBA:2"/>
		</DeviceItem>
		<DeviceItem xsi:type="Pin" id="PIN_ce-18-0-206827" signalId="SIGNAL_2-36-0-3b44" name="3">
			<AppRef name="E3.Series" version="2.14.0.0" guid="d55f0345-2e42-440d-a464-057b789cfe30"/>
			<PinItem xsi:type="ConnectorPinTerminal" id="CONNECTORPINTERMINAL_ce-18-0-206827" compType="WIRE-END-TERM:C2H101-EVBA:3"/>
		</DeviceItem>
		<DeviceItem xsi:type="Pin" id="PIN_ce-18-0-2067de" signalId="SIGNAL_EMPTY" name="4">
			<AppRef name="E3.Series" version="2.14.0.0" guid="9fe9d3e6-61b2-4f5d-83e1-855e7f61f21e"/>
		</DeviceItem>
		<DeviceItem xsi:type="Pin" id="PIN_ce-18-0-20680f" signalId="SIGNAL_EMPTY" name="5">
			<AppRef name="E3.Series" version="2.14.0.0" guid="b47c8f92-e296-44c3-9358-fe2fb06235dc"/>
		</DeviceItem>
		<DeviceItem xsi:type="Pin" id="PIN_ce-18-0-2067fa" signalId="SIGNAL_EMPTY" name="6">
			<AppRef name="E3.Series" version="2.14.0.0" guid="2c4a40b2-858b-4fc7-8105-22c9899257bc"/>
		</DeviceItem>
		<DeviceItem xsi:type="Pin" id="PIN_ce-18-0-2067ec" signalId="SIGNAL_EMPTY" name="7">
			<AppRef name="E3.Series" version="2.14.0.0" guid="a6c6cbaf-8691-4259-a1a1-3614102d1867"/>
		</DeviceItem>
		<DeviceItem xsi:type="Pin" id="PIN_ce-18-0-20682f" signalId="SIGNAL_2-36-0-3589" name="8">
			<AppRef name="E3.Series" version="2.14.0.0" guid="3ee4f2ff-9e22-4588-8e25-eacd47b45f7e"/>
			<PinItem xsi:type="ConnectorPinTerminal" id="CONNECTORPINTERMINAL_ce-18-0-20682f" compType="WIRE-END-TERM:C2H101-EVBA:8"/>
		</DeviceItem>
		<DeviceItem xsi:type="Pin" id="PIN_ce-18-0-206837" signalId="SIGNAL_2-36-0-3588" name="9">
			<AppRef name="E3.Series" version="2.14.0.0" guid="ffa416e9-dcd1-48dc-8994-7a7d43a168d2"/>
			<PinItem xsi:type="ConnectorPinTerminal" id="CONNECTORPINTERMINAL_ce-18-0-206837" compType="WIRE-END-TERM:C2H101-EVBA:9"/>
		</DeviceItem>
		<DeviceItem xsi:type="Pin" id="PIN_ce-18-0-20683f" signalId="SIGNAL_2-36-0-40cc" name="10">
			<AppRef name="E3.Series" version="2.14.0.0" guid="40067e40-e640-4c17-acba-619614d76b69"/>
			<PinItem xsi:type="ConnectorPinTerminal" id="CONNECTORPINTERMINAL_ce-18-0-20683f" compType="WIRE-END-TERM:C2H101-EVBA:10"/>
		</DeviceItem>
		<DeviceItem xsi:type="Pin" id="PIN_ce-18-0-206847" signalId="SIGNAL_2-36-0-3565" name="11">
			<AppRef name="E3.Series" version="2.14.0.0" guid="04479b9e-6937-4024-b8ba-3b40b02d6b28"/>
			<PinItem xsi:type="ConnectorPinTerminal" id="CONNECTORPINTERMINAL_ce-18-0-206847" compType="WIRE-END-TERM:C2H101-EVBA:11"/>
		</DeviceItem>
		<DeviceItem xsi:type="Pin" id="PIN_ce-18-0-2067e5" signalId="SIGNAL_EMPTY" name="12">
			<AppRef name="E3.Series" version="2.14.0.0" guid="3dc52b81-b8e0-41f9-8f0b-4f6752ca8600"/>
		</DeviceItem>
		<DeviceItem xsi:type="Pin" id="PIN_ce-18-0-2067f3" signalId="SIGNAL_EMPTY" name="13">
			<AppRef name="E3.Series" version="2.14.0.0" guid="8accb416-a21a-422b-99e2-bca3ed44ff82"/>
		</DeviceItem>
		<DeviceItem xsi:type="Pin" id="PIN_ce-18-0-20686f" signalId="SIGNAL_42-36-0-18a61de" name="14">
			<AppRef name="E3.Series" version="2.14.0.0" guid="c5f7ff4c-b46b-45d0-a526-16e7213ae0f7"/>
			<PinItem xsi:type="ConnectorPinTerminal" id="CONNECTORPINTERMINAL_ce-18-0-20686f" compType="WIRE-END-TERM:C2H101-EVBA:14"/>
		</DeviceItem>
		<DeviceItem xsi:type="Pin" id="PIN_ce-18-0-20687d" signalId="SIGNAL_42-36-0-18a6161" name="15">
			<AppRef name="E3.Series" version="2.14.0.0" guid="84652a26-19cb-4991-a6dd-466a7896ef85"/>
			<PinItem xsi:type="ConnectorPinTerminal" id="CONNECTORPINTERMINAL_ce-18-0-20687d" compType="WIRE-END-TERM:C2H101-EVBA:15"/>
		</DeviceItem>
		<DeviceItem xsi:type="Pin" id="PIN_ce-18-0-2068a9" signalId="SIGNAL_42-36-0-18a61de" name="16">
			<AppRef name="E3.Series" version="2.14.0.0" guid="95bade25-7f0f-4a8b-996d-e67ed3d9f331"/>
		</DeviceItem>
		<DeviceItem xsi:type="Pin" id="PIN_ce-18-0-206808" signalId="SIGNAL_EMPTY" name="17">
			<AppRef name="E3.Series" version="2.14.0.0" guid="b3972732-e97b-466d-b580-694d341beeb3"/>
		</DeviceItem>
		<DeviceItem xsi:type="Pin" id="PIN_ce-18-0-206801" signalId="SIGNAL_EMPTY" name="18">
			<AppRef name="E3.Series" version="2.14.0.0" guid="5d3b3ba3-449f-4ed1-9e79-7ce32582eece"/>
		</DeviceItem>
		<DeviceItem xsi:type="Pin" id="PIN_ce-18-0-20684f" signalId="SIGNAL_2-36-0-40ca" name="19">
			<AppRef name="E3.Series" version="2.14.0.0" guid="eaa9319c-8d23-4b05-8fe0-64a5a67a4c41"/>
			<PinItem xsi:type="ConnectorPinTerminal" id="CONNECTORPINTERMINAL_ce-18-0-20684f" compType="WIRE-END-TERM:C2H101-EVBA:19"/>
		</DeviceItem>
		<DeviceItem xsi:type="Pin" id="PIN_ce-18-0-206857" signalId="SIGNAL_2-36-0-3fc2" name="20">
			<AppRef name="E3.Series" version="2.14.0.0" guid="c2333035-f774-4bbd-9d27-02f04903f00c"/>
			<PinItem xsi:type="ConnectorPinTerminal" id="CONNECTORPINTERMINAL_ce-18-0-206857" compType="WIRE-END-TERM:C2H101-EVBA:20"/>
		</DeviceItem>
		<DeviceItem xsi:type="Pin" id="PIN_ce-18-0-20685f" signalId="SIGNAL_2-36-0-3fc3" name="21">
			<AppRef name="E3.Series" version="2.14.0.0" guid="29ea5871-a454-426c-aaba-7f7c02c73027"/>
			<PinItem xsi:type="ConnectorPinTerminal" id="CONNECTORPINTERMINAL_ce-18-0-20685f" compType="WIRE-END-TERM:C2H101-EVBA:21"/>
		</DeviceItem>
		<DeviceItem xsi:type="Pin" id="PIN_ce-18-0-206867" signalId="SIGNAL_2-36-0-40ba" name="22">
			<AppRef name="E3.Series" version="2.14.0.0" guid="7bd13f66-0209-4509-989c-0556d7f434b5"/>
			<PinItem xsi:type="ConnectorPinTerminal" id="CONNECTORPINTERMINAL_ce-18-0-206867" compType="WIRE-END-TERM:C2H101-EVBA:22"/>
		</DeviceItem>
		<DeviceItem xsi:type="Pin" id="PIN_ce-18-0-206891" signalId="SIGNAL_2-36-0-3568" name="23">
			<AppRef name="E3.Series" version="2.14.0.0" guid="4b3bcc69-390a-4908-ba6a-0fc156de1076"/>
			<PinItem xsi:type="ConnectorPinTerminal" id="CONNECTORPINTERMINAL_ce-18-0-206891" compType="WIRE-END-TERM:C2H101-EVBA:23"/>
		</DeviceItem>
		<DeviceItem xsi:type="Pin" id="PIN_ce-18-0-206899" signalId="SIGNAL_2-36-0-3567" name="24">
			<AppRef name="E3.Series" version="2.14.0.0" guid="89cf43cc-9df2-47c5-9fb1-37f2d22b5bad"/>
			<PinItem xsi:type="ConnectorPinTerminal" id="CONNECTORPINTERMINAL_ce-18-0-206899" compType="WIRE-END-TERM:C2H101-EVBA:24"/>
		</DeviceItem>
		<DeviceItem xsi:type="Pin" id="PIN_ce-18-0-2068a1" signalId="SIGNAL_2-36-0-40c8" name="25">
			<AppRef name="E3.Series" version="2.14.0.0" guid="7f92aba8-f80b-4b01-a444-2dc3cd27d353"/>
			<PinItem xsi:type="ConnectorPinTerminal" id="CONNECTORPINTERMINAL_ce-18-0-2068a1" compType="WIRE-END-TERM:C2H101-EVBA:25"/>
		</DeviceItem>
		<DeviceItem xsi:type="Pin" id="PIN_ce-18-0-2068b1" signalId="SIGNAL_2-36-0-40b3" name="26">
			<AppRef name="E3.Series" version="2.14.0.0" guid="894a52cd-b5b2-443b-a624-399015cfb9ed"/>
			<PinItem xsi:type="ConnectorPinTerminal" id="CONNECTORPINTERMINAL_ce-18-0-2068b1" compType="WIRE-END-TERM:C2H101-EVBA:26"/>
		</DeviceItem>
		<DeviceItem xsi:type="Pin" id="PIN_ce-18-0-20688b" signalId="SIGNAL_2-36-0-356d" name="27">
			<AppRef name="E3.Series" version="2.14.0.0" guid="4aaedc7f-b369-40f3-a1a9-873f595e182c"/>
			<PinItem xsi:type="ConnectorPinTerminal" id="CONNECTORPINTERMINAL_ce-18-0-20688b" compType="WIRE-END-TERM:C2H101-EVBA:27"/>
		</DeviceItem>
		<DeviceItem xsi:type="Pin" id="PIN_ce-18-0-206885" signalId="SIGNAL_2-36-0-356c" name="28">
			<AppRef name="E3.Series" version="2.14.0.0" guid="a8abdab2-c705-4783-a6f7-28940dc3cb73"/>
			<PinItem xsi:type="ConnectorPinTerminal" id="CONNECTORPINTERMINAL_ce-18-0-206885" compType="WIRE-END-TERM:C2H101-EVBA:28"/>
		</DeviceItem>
		<DeviceItem xsi:type="Pin" id="PIN_ce-18-0-2068b9" signalId="SIGNAL_42-36-0-18a61a5" name="29">
			<AppRef name="E3.Series" version="2.14.0.0" guid="758fd6ce-293b-495a-9e0a-9943c79fb6d7"/>
			<PinItem xsi:type="ConnectorPinTerminal" id="CONNECTORPINTERMINAL_ce-18-0-2068b9" compType="WIRE-END-TERM:C2H101-EVBA:29"/>
		</DeviceItem>
		<DeviceItem xsi:type="Pin" id="PIN_ce-18-0-2068bf" signalId="SIGNAL_42-36-0-18a6199" name="30">
			<AppRef name="E3.Series" version="2.14.0.0" guid="63367718-c1d2-4186-8a00-aaeeb0e1bcb3"/>
			<PinItem xsi:type="ConnectorPinTerminal" id="CONNECTORPINTERMINAL_ce-18-0-2068bf" compType="WIRE-END-TERM:C2H101-EVBA:30"/>
		</DeviceItem>
		<DeviceItem xsi:type="Pin" id="PIN_ce-18-0-2068c5" signalId="SIGNAL_42-36-0-18a61d1" name="31">
			<AppRef name="E3.Series" version="2.14.0.0" guid="2bea2541-891d-4759-87ab-f9f28c1574a4"/>
			<PinItem xsi:type="ConnectorPinTerminal" id="CONNECTORPINTERMINAL_ce-18-0-2068c5" compType="WIRE-END-TERM:C2H101-EVBA:31"/>
		</DeviceItem>
		<DeviceItem xsi:type="Pin" id="PIN_ce-18-0-206877" signalId="SIGNAL_2-36-0-3ed6" name="32">
			<AppRef name="E3.Series" version="2.14.0.0" guid="18972edd-4629-46de-be1e-2595e15de580"/>
			<PinItem xsi:type="ConnectorPinTerminal" id="CONNECTORPINTERMINAL_ce-18-0-206877" compType="WIRE-END-TERM:C2H101-EVBA:32"/>
		</DeviceItem>
	</HarnessItem>
	<HarnessItem xsi:type="Device" id="DEV_ce-14-0-2067c2" name="C2H101-EVBB" compType="9U5T-14489-ZA" symbolName="F-Formboard_Conn_Symb" symbolCharacteristic="" rotation="0.000000" branchNodeId="BN_15376-136">
		<AppRef name="E3.Series" version="2.14.0.0" guid="e2e29c9b-6e7b-43e9-931f-084126d8b82c"/>
		<Property id="PROPERTY_968" name="HRN_FAMILY" value="14401"/>
		<Property id="PROPERTY_969" name="HRN_Level_Ref" value="ZA/ZB/ZC/ZF"/>
		<Property id="PROPERTY_970" name="CONN_TERM_SEAL_REQ" value="No"/>
		<Property id="PROPERTY_971" name="DESCRIPTION_COMPONENT" value="CONNECTOR-CAT.HYB(1.0,1.5,2.8,6.3MM BLD)"/>
		<Property id="PROPERTY_972" name="SUB_PROJECT" value="HRN-14401"/>
		<Property id="PROPERTY_973" name="DEVICE_NAME" value="C2H101-EVBB::"/>
		<Property id="PROPERTY_974" name="COMP_TYPE" value="CONN-DEVICE"/>
		<Property id="PROPERTY_975" name="DESCRIPTION_DEVICE" value="CLIMATE CONTROL-CN2"/>
		<Option id="OPTION_ce-14-0-2067c2_1" value="AC_G &amp; HJGAY"/>
		<DeviceItem xsi:type="Pin" id="PIN_ce-18-0-20698e" signalId="SIGNAL_2-36-0-3e44" name="1">
			<AppRef name="E3.Series" version="2.14.0.0" guid="3c447de8-8ec1-4311-af83-6469dd2765a5"/>
			<PinItem xsi:type="ConnectorPinTerminal" id="CONNECTORPINTERMINAL_ce-18-0-20698e" compType="WIRE-END-TERM:C2H101-EVBB:1"/>
		</DeviceItem>
		<DeviceItem xsi:type="Pin" id="PIN_ce-18-0-206996" signalId="SIGNAL_2-36-0-3e44" name="2">
			<AppRef name="E3.Series" version="2.14.0.0" guid="586cdfce-b15f-44da-9548-5834163ded2b"/>
			<PinItem xsi:type="ConnectorPinTerminal" id="CONNECTORPINTERMINAL_ce-18-0-206996" compType="WIRE-END-TERM:C2H101-EVBB:2"/>
		</DeviceItem>
		<DeviceItem xsi:type="Pin" id="PIN_ce-18-0-2068cb" signalId="SIGNAL_EMPTY" name="3">
			<AppRef name="E3.Series" version="2.14.0.0" guid="24302f36-9111-44c2-a7a4-9ec885759a8e"/>
		</DeviceItem>
		<DeviceItem xsi:type="Pin" id="PIN_ce-18-0-20690e" signalId="SIGNAL_2-36-0-40bd" name="4">
			<AppRef name="E3.Series" version="2.14.0.0" guid="9690358b-2891-438d-9982-5e78d93d9b26"/>
			<PinItem xsi:type="ConnectorPinTerminal" id="CONNECTORPINTERMINAL_ce-18-0-20690e" compType="WIRE-END-TERM:C2H101-EVBB:4"/>
		</DeviceItem>
		<DeviceItem xsi:type="Pin" id="PIN_ce-18-0-206916" signalId="SIGNAL_2-36-0-40be" name="5">
			<AppRef name="E3.Series" version="2.14.0.0" guid="3ee4d007-5daa-43a7-a842-de504b27ba49"/>
			<PinItem xsi:type="ConnectorPinTerminal" id="CONNECTORPINTERMINAL_ce-18-0-206916" compType="WIRE-END-TERM:C2H101-EVBB:5"/>
		</DeviceItem>
		<DeviceItem xsi:type="Pin" id="PIN_ce-18-0-2068d1" signalId="SIGNAL_EMPTY" name="6">
			<AppRef name="E3.Series" version="2.14.0.0" guid="f4c441c4-df68-403e-b769-ca9b94fa3bbb"/>
		</DeviceItem>
		<DeviceItem xsi:type="Pin" id="PIN_ce-18-0-2068f1" signalId="SIGNAL_EMPTY" name="7">
			<AppRef name="E3.Series" version="2.14.0.0" guid="4e7784de-34ca-4515-a427-69a580a2803c"/>
		</DeviceItem>
		<DeviceItem xsi:type="Pin" id="PIN_ce-18-0-2068ea" signalId="SIGNAL_EMPTY" name="8">
			<AppRef name="E3.Series" version="2.14.0.0" guid="8dd49ffa-4fa2-4c3b-8ac6-814cb194e385"/>
		</DeviceItem>
		<DeviceItem xsi:type="Pin" id="PIN_ce-18-0-20699e" signalId="SIGNAL_18-36-0-2529b4" name="9">
			<AppRef name="E3.Series" version="2.14.0.0" guid="6d7ae3cc-63f4-49d9-90f7-2e4edb9ee11b"/>
			<PinItem xsi:type="ConnectorPinTerminal" id="CONNECTORPINTERMINAL_ce-18-0-20699e" compType="WIRE-END-TERM:C2H101-EVBB:9"/>
		</DeviceItem>
		<DeviceItem xsi:type="Pin" id="PIN_ce-18-0-20691e" signalId="SIGNAL_2-36-0-40bf" name="10">
			<AppRef name="E3.Series" version="2.14.0.0" guid="27162ac8-a5ed-40a4-8ce0-33ec0f783df0"/>
			<PinItem xsi:type="ConnectorPinTerminal" id="CONNECTORPINTERMINAL_ce-18-0-20691e" compType="WIRE-END-TERM:C2H101-EVBB:10"/>
		</DeviceItem>
		<DeviceItem xsi:type="Pin" id="PIN_ce-18-0-206926" signalId="SIGNAL_2-36-0-40c0" name="11">
			<AppRef name="E3.Series" version="2.14.0.0" guid="4c3b0dd6-fe8e-4297-b599-1617adf9604b"/>
			<PinItem xsi:type="ConnectorPinTerminal" id="CONNECTORPINTERMINAL_ce-18-0-206926" compType="WIRE-END-TERM:C2H101-EVBB:11"/>
		</DeviceItem>
		<DeviceItem xsi:type="Pin" id="PIN_ce-18-0-2068d7" signalId="SIGNAL_EMPTY" name="12">
			<AppRef name="E3.Series" version="2.14.0.0" guid="678a3663-21d2-42f3-927c-67127d26fa4a"/>
		</DeviceItem>
		<DeviceItem xsi:type="Pin" id="PIN_ce-18-0-20692e" signalId="SIGNAL_2-36-0-3571" name="13">
			<AppRef name="E3.Series" version="2.14.0.0" guid="b71d61d8-a951-437f-89bf-9d8991688fad"/>
			<PinItem xsi:type="ConnectorPinTerminal" id="CONNECTORPINTERMINAL_ce-18-0-20692e" compType="WIRE-END-TERM:C2H101-EVBB:13"/>
		</DeviceItem>
		<DeviceItem xsi:type="Pin" id="PIN_ce-18-0-206936" signalId="SIGNAL_2-36-0-3572" name="14">
			<AppRef name="E3.Series" version="2.14.0.0" guid="ee647f72-f86d-44dc-aa55-976400d51e05"/>
			<PinItem xsi:type="ConnectorPinTerminal" id="CONNECTORPINTERMINAL_ce-18-0-206936" compType="WIRE-END-TERM:C2H101-EVBB:14"/>
		</DeviceItem>
		<DeviceItem xsi:type="Pin" id="PIN_ce-18-0-20693e" signalId="SIGNAL_2-36-0-3c4a" name="15">
			<AppRef name="E3.Series" version="2.14.0.0" guid="12b5ada4-561f-4305-bc56-95112ff3178d"/>
			<PinItem xsi:type="ConnectorPinTerminal" id="CONNECTORPINTERMINAL_ce-18-0-20693e" compType="WIRE-END-TERM:C2H101-EVBB:15"/>
		</DeviceItem>
		<DeviceItem xsi:type="Pin" id="PIN_ce-18-0-206946" signalId="SIGNAL_99-36-0-15f902" name="16">
			<AppRef name="E3.Series" version="2.14.0.0" guid="06616bec-bb21-4a37-95d9-26cb12d831c1"/>
			<PinItem xsi:type="ConnectorPinTerminal" id="CONNECTORPINTERMINAL_ce-18-0-206946" compType="WIRE-END-TERM:C2H101-EVBB:16"/>
		</DeviceItem>
		<DeviceItem xsi:type="Pin" id="PIN_ce-18-0-20694e" signalId="SIGNAL_99-36-0-15f9b2" name="17">
			<AppRef name="E3.Series" version="2.14.0.0" guid="6ffb934b-e000-4e99-b135-d21e4a28dcdf"/>
			<PinItem xsi:type="ConnectorPinTerminal" id="CONNECTORPINTERMINAL_ce-18-0-20694e" compType="WIRE-END-TERM:C2H101-EVBB:17"/>
		</DeviceItem>
		<DeviceItem xsi:type="Pin" id="PIN_ce-18-0-206956" signalId="SIGNAL_2-36-0-40cd" name="18">
			<AppRef name="E3.Series" version="2.14.0.0" guid="79229a40-ff5e-496d-8195-d2079336bc5c"/>
			<PinItem xsi:type="ConnectorPinTerminal" id="CONNECTORPINTERMINAL_ce-18-0-206956" compType="WIRE-END-TERM:C2H101-EVBB:18"/>
		</DeviceItem>
		<DeviceItem xsi:type="Pin" id="PIN_ce-18-0-20695e" signalId="SIGNAL_2-36-0-40c1" name="19">
			<AppRef name="E3.Series" version="2.14.0.0" guid="441a2fbd-b404-4190-a935-4f874c72b432"/>
			<PinItem xsi:type="ConnectorPinTerminal" id="CONNECTORPINTERMINAL_ce-18-0-20695e" compType="WIRE-END-TERM:C2H101-EVBB:19"/>
		</DeviceItem>
		<DeviceItem xsi:type="Pin" id="PIN_ce-18-0-2068dd" signalId="SIGNAL_EMPTY" name="20">
			<AppRef name="E3.Series" version="2.14.0.0" guid="5fc45230-9960-4247-8561-8d812119a143"/>
		</DeviceItem>
		<DeviceItem xsi:type="Pin" id="PIN_ce-18-0-206966" signalId="SIGNAL_2-36-0-40c4" name="21">
			<AppRef name="E3.Series" version="2.14.0.0" guid="f63de4d2-cec0-4e04-8da0-c016b8982f2a"/>
			<PinItem xsi:type="ConnectorPinTerminal" id="CONNECTORPINTERMINAL_ce-18-0-206966" compType="WIRE-END-TERM:C2H101-EVBB:21"/>
		</DeviceItem>
		<DeviceItem xsi:type="Pin" id="PIN_ce-18-0-20696e" signalId="SIGNAL_2-36-0-40c5" name="22">
			<AppRef name="E3.Series" version="2.14.0.0" guid="34da8037-6099-4454-b8c5-7603ee48520d"/>
			<PinItem xsi:type="ConnectorPinTerminal" id="CONNECTORPINTERMINAL_ce-18-0-20696e" compType="WIRE-END-TERM:C2H101-EVBB:22"/>
		</DeviceItem>
		<DeviceItem xsi:type="Pin" id="PIN_ce-18-0-206906" signalId="SIGNAL_2-36-0-3597" name="23">
			<AppRef name="E3.Series" version="2.14.0.0" guid="97f22fb2-b42c-4236-9a1f-514a5e0b50db"/>
		</DeviceItem>
		<DeviceItem xsi:type="Pin" id="PIN_ce-18-0-2068ff" signalId="SIGNAL_2-36-0-34c9" name="24">
			<AppRef name="E3.Series" version="2.14.0.0" guid="cbaad6f5-dc5a-42c1-9d68-0a65848f64ca"/>
		</DeviceItem>
		<DeviceItem xsi:type="Pin" id="PIN_ce-18-0-2068f8" signalId="SIGNAL_2-36-0-3336" name="25">
			<AppRef name="E3.Series" version="2.14.0.0" guid="b0475774-ed5d-4b18-8f53-d861af9b8777"/>
		</DeviceItem>
		<DeviceItem xsi:type="Pin" id="PIN_ce-18-0-2069a6" signalId="SIGNAL_d-36-0-e301f" name="26">
			<AppRef name="E3.Series" version="2.14.0.0" guid="bba2b10a-fed3-4c47-8085-b3ef5897d71c"/>
		</DeviceItem>
		<DeviceItem xsi:type="Pin" id="PIN_ce-18-0-206976" signalId="SIGNAL_18-36-0-2529a8" name="27">
			<AppRef name="E3.Series" version="2.14.0.0" guid="fbb48365-6305-40a1-aa68-b36d151f1dc7"/>
			<PinItem xsi:type="ConnectorPinTerminal" id="CONNECTORPINTERMINAL_ce-18-0-206976" compType="WIRE-END-TERM:C2H101-EVBB:27"/>
		</DeviceItem>
		<DeviceItem xsi:type="Pin" id="PIN_ce-18-0-2068e4" signalId="SIGNAL_EMPTY" name="28">
			<AppRef name="E3.Series" version="2.14.0.0" guid="a6af6e7e-4e91-45f7-a512-40d98ade0f37"/>
		</DeviceItem>
		<DeviceItem xsi:type="Pin" id="PIN_ce-18-0-20697e" signalId="SIGNAL_2-36-0-40c2" name="29">
			<AppRef name="E3.Series" version="2.14.0.0" guid="46ad0545-379a-4007-bf04-56ddf988fc13"/>
			<PinItem xsi:type="ConnectorPinTerminal" id="CONNECTORPINTERMINAL_ce-18-0-20697e" compType="WIRE-END-TERM:C2H101-EVBB:29"/>
		</DeviceItem>
		<DeviceItem xsi:type="Pin" id="PIN_ce-18-0-206986" signalId="SIGNAL_2-36-0-3c46" name="30">
			<AppRef name="E3.Series" version="2.14.0.0" guid="f7ba953f-3d33-45cc-8ccd-f5540e893cea"/>
			<PinItem xsi:type="ConnectorPinTerminal" id="CONNECTORPINTERMINAL_ce-18-0-206986" compType="WIRE-END-TERM:C2H101-EVBB:30"/>
		</DeviceItem>
	</HarnessItem>
	<HarnessItem xsi:type="Device" id="DEV_95-14-0-8c7600" name="C2DB05-EVA" compType="8V5T-14489-APA" symbolName="F-Formboard_Conn_Symb" symbolCharacteristic="" rotation="248.629379" branchNodeId="BN_6856-336">
		<AppRef name="E3.Series" version="2.14.0.0" guid="6eca2a7f-e85d-43a2-b1ce-f7b60a5b8ac9"/>
		<AdditionalPart id="ADDITIONALPART_95-4-0-8c7602" compType="ESKU5T-1A303-AA(A10Y00)"/>
		<Property id="PROPERTY_976" name="HRN_FAMILY" value="14401"/>
		<Property id="PROPERTY_977" name="HRN_Level_Ref" value="(BEV)"/>
		<Property id="PROPERTY_978" name="CONN_TERM_SEAL_REQ" value="No"/>
		<Property id="PROPERTY_979" name="DESCRIPTION_COMPONENT" value="CONNECTOR, BLADE, 1.5 MM"/>
		<Property id="PROPERTY_980" name="SUB_PROJECT" value="HRN-14401"/>
		<Property id="PROPERTY_981" name="DEVICE_NAME" value="C2DB05-EVA::"/>
		<Property id="PROPERTY_982" name="COMP_TYPE" value="CONN-DEVICE"/>
		<Property id="PROPERTY_983" name="DESCRIPTION_DEVICE" value="TO AUX DIAG"/>
		<Option id="OPTION_95-14-0-8c7600_1" value="HT2AC"/>
		<DeviceItem xsi:type="Pin" id="PIN_95-18-0-8c78a9" signalId="SIGNAL_2-36-0-3fd7" name="1">
			<AppRef name="E3.Series" version="2.14.0.0" guid="fb3a13cc-e7ff-40ac-ad03-aedd28b35a6e"/>
			<PinItem xsi:type="ConnectorPinTerminal" id="CONNECTORPINTERMINAL_95-18-0-8c78a9" compType="WIRE-END-TERM:C2DB05-EVA:1"/>
		</DeviceItem>
		<DeviceItem xsi:type="Pin" id="PIN_95-18-0-8c7890" signalId="SIGNAL_18-36-0-251cb5" name="2">
			<AppRef name="E3.Series" version="2.14.0.0" guid="a72216f3-c202-498d-867e-dfe161fae42e"/>
			<PinItem xsi:type="ConnectorPinTerminal" id="CONNECTORPINTERMINAL_95-18-0-8c7890" compType="WIRE-END-TERM:C2DB05-EVA:2"/>
		</DeviceItem>
		<DeviceItem xsi:type="Pin" id="PIN_95-18-0-8c789f" signalId="SIGNAL_2-36-0-3fd3" name="3">
			<AppRef name="E3.Series" version="2.14.0.0" guid="dfe1073b-9af2-493d-bcb6-e2743bc4199d"/>
			<PinItem xsi:type="ConnectorPinTerminal" id="CONNECTORPINTERMINAL_95-18-0-8c789f" compType="WIRE-END-TERM:C2DB05-EVA:3"/>
		</DeviceItem>
		<DeviceItem xsi:type="Pin" id="PIN_95-18-0-8c78cc" signalId="SIGNAL_2-36-0-3a84" name="4">
			<AppRef name="E3.Series" version="2.14.0.0" guid="3ea8d997-4289-4734-bda2-70b677b5cd7a"/>
			<PinItem xsi:type="ConnectorPinTerminal" id="CONNECTORPINTERMINAL_95-18-0-8c78cc" compType="WIRE-END-TERM:C2DB05-EVA:4"/>
		</DeviceItem>
		<DeviceItem xsi:type="Pin" id="PIN_95-18-0-8c78d1" signalId="SIGNAL_2-36-0-3a85" name="5">
			<AppRef name="E3.Series" version="2.14.0.0" guid="cbc4b782-920c-4e0c-b1fe-49e0f8c8e0d0"/>
			<PinItem xsi:type="ConnectorPinTerminal" id="CONNECTORPINTERMINAL_95-18-0-8c78d1" compType="WIRE-END-TERM:C2DB05-EVA:5"/>
		</DeviceItem>
		<DeviceItem xsi:type="Pin" id="PIN_95-18-0-8c7895" signalId="SIGNAL_2-36-0-3fc0" name="6">
			<AppRef name="E3.Series" version="2.14.0.0" guid="d2e0c5ad-51cb-4b5c-9ad3-0825d69a8a7f"/>
			<PinItem xsi:type="ConnectorPinTerminal" id="CONNECTORPINTERMINAL_95-18-0-8c7895" compType="WIRE-END-TERM:C2DB05-EVA:6"/>
		</DeviceItem>
		<DeviceItem xsi:type="Pin" id="PIN_95-18-0-8c7887" signalId="SIGNAL_EMPTY" name="7">
			<AppRef name="E3.Series" version="2.14.0.0" guid="b15ae2a5-5e1a-49be-9869-361e94cd97c7"/>
		</DeviceItem>
		<DeviceItem xsi:type="Pin" id="PIN_95-18-0-8c78ae" signalId="SIGNAL_2-36-0-3fd8" name="8">
			<AppRef name="E3.Series" version="2.14.0.0" guid="cff5ccb2-f442-4da4-977e-b579fd28296e"/>
			<PinItem xsi:type="ConnectorPinTerminal" id="CONNECTORPINTERMINAL_95-18-0-8c78ae" compType="WIRE-END-TERM:C2DB05-EVA:8"/>
		</DeviceItem>
		<DeviceItem xsi:type="Pin" id="PIN_95-18-0-8c78bd" signalId="SIGNAL_2-36-0-3fc2" name="9">
			<AppRef name="E3.Series" version="2.14.0.0" guid="2b5eebc0-3b97-4a85-9bc9-77e8e75ddb60"/>
			<PinItem xsi:type="ConnectorPinTerminal" id="CONNECTORPINTERMINAL_95-18-0-8c78bd" compType="WIRE-END-TERM:C2DB05-EVA:9"/>
		</DeviceItem>
		<DeviceItem xsi:type="Pin" id="PIN_95-18-0-8c788b" signalId="SIGNAL_18-36-0-251cc2" name="10">
			<AppRef name="E3.Series" version="2.14.0.0" guid="16a806ac-a404-4d85-90fc-143d419fa216"/>
			<PinItem xsi:type="ConnectorPinTerminal" id="CONNECTORPINTERMINAL_95-18-0-8c788b" compType="WIRE-END-TERM:C2DB05-EVA:10"/>
		</DeviceItem>
		<DeviceItem xsi:type="Pin" id="PIN_95-18-0-8c78a4" signalId="SIGNAL_2-36-0-3fd4" name="11">
			<AppRef name="E3.Series" version="2.14.0.0" guid="33936acc-3791-42af-b985-7b8c9613dd45"/>
			<PinItem xsi:type="ConnectorPinTerminal" id="CONNECTORPINTERMINAL_95-18-0-8c78a4" compType="WIRE-END-TERM:C2DB05-EVA:11"/>
		</DeviceItem>
		<DeviceItem xsi:type="Pin" id="PIN_95-18-0-8c78c2" signalId="SIGNAL_2-36-0-3fc3" name="12">
			<AppRef name="E3.Series" version="2.14.0.0" guid="945ea773-c120-4b47-8e52-357157af0322"/>
			<Option id="OPTION_95-18-0-8c78c2_1" value="EGAZZ"/>
			<PinItem xsi:type="ConnectorPinTerminal" id="CONNECTORPINTERMINAL_95-18-0-8c78c2" compType="WIRE-END-TERM:C2DB05-EVA:12"/>
		</DeviceItem>
		<DeviceItem xsi:type="Pin" id="PIN_95-18-0-8c78b3" signalId="SIGNAL_18-36-0-251beb" name="13">
			<AppRef name="E3.Series" version="2.14.0.0" guid="28a45ec1-95f6-425d-b17f-8628e55a9ca8"/>
			<PinItem xsi:type="ConnectorPinTerminal" id="CONNECTORPINTERMINAL_95-18-0-8c78b3" compType="WIRE-END-TERM:C2DB05-EVA:13"/>
		</DeviceItem>
		<DeviceItem xsi:type="Pin" id="PIN_95-18-0-8c789a" signalId="SIGNAL_2-36-0-3fc1" name="14">
			<AppRef name="E3.Series" version="2.14.0.0" guid="fe456961-6f10-45d5-abb6-72e42d0eed03"/>
			<PinItem xsi:type="ConnectorPinTerminal" id="CONNECTORPINTERMINAL_95-18-0-8c789a" compType="WIRE-END-TERM:C2DB05-EVA:14"/>
		</DeviceItem>
		<DeviceItem xsi:type="Pin" id="PIN_95-18-0-8c78b8" signalId="SIGNAL_18-36-0-251bf8" name="15">
			<AppRef name="E3.Series" version="2.14.0.0" guid="9f389c5b-4d19-4b21-bf54-736425f1b60c"/>
			<PinItem xsi:type="ConnectorPinTerminal" id="CONNECTORPINTERMINAL_95-18-0-8c78b8" compType="WIRE-END-TERM:C2DB05-EVA:15"/>
		</DeviceItem>
		<DeviceItem xsi:type="Pin" id="PIN_95-18-0-8c78c7" signalId="SIGNAL_18-36-0-2516c2" name="16">
			<AppRef name="E3.Series" version="2.14.0.0" guid="f2564c20-09ca-4643-8b9f-745e9413d8f0"/>
			<PinItem xsi:type="ConnectorPinTerminal" id="CONNECTORPINTERMINAL_95-18-0-8c78c7" compType="WIRE-END-TERM:C2DB05-EVA:16"/>
		</DeviceItem>
	</HarnessItem>
	<HarnessItem xsi:type="Device" id="DEV_f9-14-0-3e6534" name="C2MM08-EVB" compType="4L3T-14A464-LA" symbolName="F-Formboard_Conn_Symb" symbolCharacteristic="" rotation="0.000000" branchNodeId="BN_15012-80">
		<AppRef name="E3.Series" version="2.14.0.0" guid="629314fc-fba0-4952-80b7-8b66d8bfb498"/>
		<Property id="PROPERTY_984" name="HRN_FAMILY" value="14401"/>
		<Property id="PROPERTY_985" name="HRN_Level_Ref" value="ZA/ZB/ZC/ZF"/>
		<Property id="PROPERTY_986" name="CONN_TERM_SEAL_REQ" value="No"/>
		<Property id="PROPERTY_987" name="DESCRIPTION_COMPONENT" value="CONNECTOR-CAT. 0 (.64MM BLADE)"/>
		<Property id="PROPERTY_988" name="SUB_PROJECT" value="HRN-14401"/>
		<Property id="PROPERTY_989" name="DEVICE_NAME" value="C2MM08-EVB::"/>
		<Property id="PROPERTY_990" name="COMP_TYPE" value="CONN-DEVICE"/>
		<Property id="PROPERTY_991" name="DESCRIPTION_DEVICE" value="TO 15&quot; DISPLAY"/>
		<Option id="OPTION_f9-14-0-3e6534_1" value="HJGAY"/>
		<DeviceItem xsi:type="Pin" id="PIN_f9-18-0-3e6537" signalId="SIGNAL_13-36-0-2cd34d" name="1">
			<AppRef name="E3.Series" version="2.14.0.0" guid="d298204b-e964-474b-bed8-2f4ca79c7ceb"/>
			<PinItem xsi:type="ConnectorPinTerminal" id="CONNECTORPINTERMINAL_f9-18-0-3e6537" compType="WIRE-END-TERM:C2MM08-EVB:1"/>
		</DeviceItem>
		<DeviceItem xsi:type="Pin" id="PIN_f9-18-0-3e653b" signalId="SIGNAL_EMPTY" name="2">
			<AppRef name="E3.Series" version="2.14.0.0" guid="387e8f31-4edd-4333-8ff0-1ff85f1821a1"/>
		</DeviceItem>
		<DeviceItem xsi:type="Pin" id="PIN_f9-18-0-3e653f" signalId="SIGNAL_EMPTY" name="3">
			<AppRef name="E3.Series" version="2.14.0.0" guid="30cc5519-c689-41da-a136-d37f03e3a84b"/>
		</DeviceItem>
		<DeviceItem xsi:type="Pin" id="PIN_f9-18-0-3e6543" signalId="SIGNAL_2-36-0-3a84" name="4">
			<AppRef name="E3.Series" version="2.14.0.0" guid="196d7bbb-f7a0-4516-9ee5-cc6bd4d8ccac"/>
			<PinItem xsi:type="ConnectorPinTerminal" id="CONNECTORPINTERMINAL_f9-18-0-3e6543" compType="WIRE-END-TERM:C2MM08-EVB:4"/>
		</DeviceItem>
	</HarnessItem>
	<HarnessItem xsi:type="Device" id="DEV_aa-14-0-379ffd" name="C2RC08-EV" compType="DU5T-14489-BBA" symbolName="F-Formboard_Conn_Symb" symbolCharacteristic="" rotation="0.000000" branchNodeId="BN_11588-112">
		<AppRef name="E3.Series" version="2.14.0.0" guid="638a7889-de5b-4205-beea-bc80fdc255f7"/>
		<Property id="PROPERTY_992" name="HRN_FAMILY" value="14401"/>
		<Property id="PROPERTY_993" name="HRN_Level_Ref" value="ZA/ZB/ZC"/>
		<Property id="PROPERTY_994" name="CONN_TERM_SEAL_REQ" value="No"/>
		<Property id="PROPERTY_995" name="DESCRIPTION_COMPONENT" value="CONNECTOR-CAT. 0 (.64MM BLADE)"/>
		<Property id="PROPERTY_996" name="SUB_PROJECT" value="HRN-14401"/>
		<Property id="PROPERTY_997" name="DEVICE_NAME" value="C2RC08-EV::"/>
		<Property id="PROPERTY_998" name="COMP_TYPE" value="CONN-DEVICE"/>
		<Property id="PROPERTY_999" name="DESCRIPTION_DEVICE" value="TO HWY ASSIST IR"/>
		<Option id="OPTION_aa-14-0-379ffd_1" value="HJGAY &amp; HLNAF"/>
		<DeviceItem xsi:type="Pin" id="PIN_aa-18-0-37a000" signalId="SIGNAL_10-36-0-3c975a" name="1">
			<AppRef name="E3.Series" version="2.14.0.0" guid="f38ef3db-abcb-4b1f-9026-d8613a3b377e"/>
			<PinItem xsi:type="ConnectorPinTerminal" id="CONNECTORPINTERMINAL_aa-18-0-37a000" compType="WIRE-END-TERM:C2RC08-EV:1"/>
		</DeviceItem>
		<DeviceItem xsi:type="Pin" id="PIN_aa-18-0-37a004" signalId="SIGNAL_10-36-0-3c9759" name="2">
			<AppRef name="E3.Series" version="2.14.0.0" guid="714e4c64-908c-4b10-9930-3843d9e6c23c"/>
			<PinItem xsi:type="ConnectorPinTerminal" id="CONNECTORPINTERMINAL_aa-18-0-37a004" compType="WIRE-END-TERM:C2RC08-EV:2"/>
		</DeviceItem>
	</HarnessItem>
	<HarnessItem xsi:type="Device" id="DEV_c4-14-0-404963" name="C2LF44EV" compType="KU5T-14489-HA" symbolName="F-Formboard_Conn_Symb" symbolCharacteristic="" rotation="270.000000" branchNodeId="BN_8848-168">
		<AppRef name="E3.Series" version="2.14.0.0" guid="0dbb7bfb-23aa-41fd-92c4-9de387a1c2c0"/>
		<Property id="PROPERTY_1000" name="SUBMERGIBLE" value="No"/>
		<Property id="PROPERTY_1001" name="HRN_FAMILY" value="14401"/>
		<Property id="PROPERTY_1002" name="HRN_Level_Ref" value="(BEV)"/>
		<Property id="PROPERTY_1003" name="CONN_TERM_SEAL_REQ" value="No"/>
		<Property id="PROPERTY_1004" name="DESCRIPTION_COMPONENT" value="CONNECTOR, UNSEALED, FEMALE 0.5 MM"/>
		<Property id="PROPERTY_1005" name="SUB_PROJECT" value="HRN-14401"/>
		<Property id="PROPERTY_1006" name="DEVICE_NAME" value="C2LF44EV::"/>
		<Property id="PROPERTY_1007" name="COMP_TYPE" value="CONN-DEVICE"/>
		<Property id="PROPERTY_1008" name="DESCRIPTION_DEVICE" value="TO ADAPTIVE DSS HEADLAMP"/>
		<Option id="OPTION_c4-14-0-404963_1" value="HT2AC"/>
		<DeviceItem xsi:type="Pin" id="PIN_c4-18-0-404d02" signalId="SIGNAL_EMPTY" name="1">
			<AppRef name="E3.Series" version="2.14.0.0" guid="ad111188-fb16-4ce1-9fb7-5bd889926d39"/>
			<PinItem xsi:type="ConnectorPinTerminal" id="CONNECTORPINTERMINAL_c4-18-0-404d02" compType="WIRE-END-TERM:C2LF44EV:1"/>
		</DeviceItem>
		<DeviceItem xsi:type="Pin" id="PIN_c4-18-0-404cf2" signalId="SIGNAL_EMPTY" name="2">
			<AppRef name="E3.Series" version="2.14.0.0" guid="053ea549-3d6d-4ce4-add1-9569372a1c07"/>
		</DeviceItem>
		<DeviceItem xsi:type="Pin" id="PIN_c4-18-0-404d1f" signalId="SIGNAL_2-36-0-4108" name="3">
			<AppRef name="E3.Series" version="2.14.0.0" guid="8d24516f-9512-4c3a-97db-62ee4d7090a5"/>
			<PinItem xsi:type="ConnectorPinTerminal" id="CONNECTORPINTERMINAL_c4-18-0-404d1f" compType="WIRE-END-TERM:C2LF44EV:3"/>
		</DeviceItem>
		<DeviceItem xsi:type="Pin" id="PIN_c4-18-0-404d19" signalId="SIGNAL_18-36-0-251cb5" name="4">
			<AppRef name="E3.Series" version="2.14.0.0" guid="14ce643b-28f6-4ba1-a3de-10390d4fa63c"/>
			<PinItem xsi:type="ConnectorPinTerminal" id="CONNECTORPINTERMINAL_c4-18-0-404d19" compType="WIRE-END-TERM:C2LF44EV:4"/>
		</DeviceItem>
		<DeviceItem xsi:type="Pin" id="PIN_c4-18-0-404d2b" signalId="SIGNAL_2-36-0-410b" name="5">
			<AppRef name="E3.Series" version="2.14.0.0" guid="c99cd630-af93-4b1d-b182-6e45780e8004"/>
			<PinItem xsi:type="ConnectorPinTerminal" id="CONNECTORPINTERMINAL_c4-18-0-404d2b" compType="WIRE-END-TERM:C2LF44EV:5"/>
		</DeviceItem>
		<DeviceItem xsi:type="Pin" id="PIN_c4-18-0-404cf7" signalId="SIGNAL_EMPTY" name="6">
			<AppRef name="E3.Series" version="2.14.0.0" guid="8d2d790d-417a-49bb-b057-16a37f212d49"/>
		</DeviceItem>
		<DeviceItem xsi:type="Pin" id="PIN_c4-18-0-404cfc" signalId="SIGNAL_EMPTY" name="7">
			<AppRef name="E3.Series" version="2.14.0.0" guid="d1032ec5-413a-463a-9c48-f22323016f12"/>
		</DeviceItem>
		<DeviceItem xsi:type="Pin" id="PIN_c4-18-0-404cd2" signalId="SIGNAL_EMPTY" name="8">
			<AppRef name="E3.Series" version="2.14.0.0" guid="41d65256-57a8-49f0-89e4-0df939b050fb"/>
		</DeviceItem>
		<DeviceItem xsi:type="Pin" id="PIN_c4-18-0-404d08" signalId="SIGNAL_EMPTY" name="9">
			<AppRef name="E3.Series" version="2.14.0.0" guid="2998e8e0-c0aa-46c5-884b-f394162d2856"/>
			<PinItem xsi:type="ConnectorPinTerminal" id="CONNECTORPINTERMINAL_c4-18-0-404d08" compType="WIRE-END-TERM:C2LF44EV:9"/>
		</DeviceItem>
		<DeviceItem xsi:type="Pin" id="PIN_c4-18-0-404d25" signalId="SIGNAL_2-36-0-4109" name="10">
			<AppRef name="E3.Series" version="2.14.0.0" guid="3e2a01a2-3a7c-4647-b0c7-64f50231b256"/>
			<PinItem xsi:type="ConnectorPinTerminal" id="CONNECTORPINTERMINAL_c4-18-0-404d25" compType="WIRE-END-TERM:C2LF44EV:10"/>
		</DeviceItem>
		<DeviceItem xsi:type="Pin" id="PIN_c4-18-0-404cdc" signalId="SIGNAL_EMPTY" name="11">
			<AppRef name="E3.Series" version="2.14.0.0" guid="983792f6-ceac-4b9a-8a5d-94176440e681"/>
		</DeviceItem>
		<DeviceItem xsi:type="Pin" id="PIN_c4-18-0-404d36" signalId="SIGNAL_18-36-0-251cc2" name="12">
			<AppRef name="E3.Series" version="2.14.0.0" guid="cace8c1e-7007-4091-8d34-e3391534a43e"/>
			<PinItem xsi:type="ConnectorPinTerminal" id="CONNECTORPINTERMINAL_c4-18-0-404d36" compType="WIRE-END-TERM:C2LF44EV:12"/>
		</DeviceItem>
		<DeviceItem xsi:type="Pin" id="PIN_c4-18-0-404d13" signalId="SIGNAL_2-36-0-3215" name="13">
			<AppRef name="E3.Series" version="2.14.0.0" guid="d497448d-9d4f-44e5-b1e9-c88d483d18df"/>
			<PinItem xsi:type="ConnectorPinTerminal" id="CONNECTORPINTERMINAL_c4-18-0-404d13" compType="WIRE-END-TERM:C2LF44EV:13"/>
		</DeviceItem>
		<DeviceItem xsi:type="Pin" id="PIN_c4-18-0-404ced" signalId="SIGNAL_EMPTY" name="14">
			<AppRef name="E3.Series" version="2.14.0.0" guid="eede1021-e4aa-45a0-ba81-faa7919437c9"/>
		</DeviceItem>
		<DeviceItem xsi:type="Pin" id="PIN_c4-18-0-404cd7" signalId="SIGNAL_EMPTY" name="15">
			<AppRef name="E3.Series" version="2.14.0.0" guid="8f9835b7-97d3-446c-afad-f326447c2cf3"/>
		</DeviceItem>
		<DeviceItem xsi:type="Pin" id="PIN_c4-18-0-404d0d" signalId="SIGNAL_2-36-0-3a83" name="16">
			<AppRef name="E3.Series" version="2.14.0.0" guid="f7a12a15-7e12-47b9-9f24-4e0a53c800e5"/>
			<PinItem xsi:type="ConnectorPinTerminal" id="CONNECTORPINTERMINAL_c4-18-0-404d0d" compType="WIRE-END-TERM:C2LF44EV:16"/>
		</DeviceItem>
		<DeviceItem xsi:type="Pin" id="PIN_c4-18-0-404d31" signalId="SIGNAL_2-36-0-410a" name="17">
			<AppRef name="E3.Series" version="2.14.0.0" guid="ee5e76e5-2fda-48bb-89e7-9c983c426415"/>
			<PinItem xsi:type="ConnectorPinTerminal" id="CONNECTORPINTERMINAL_c4-18-0-404d31" compType="WIRE-END-TERM:C2LF44EV:17"/>
		</DeviceItem>
		<DeviceItem xsi:type="Pin" id="PIN_c4-18-0-404ce1" signalId="SIGNAL_EMPTY" name="18">
			<AppRef name="E3.Series" version="2.14.0.0" guid="00da027f-b12e-46b7-9a24-fa59b241f101"/>
		</DeviceItem>
		<DeviceItem xsi:type="Pin" id="PIN_c4-18-0-404ce5" signalId="SIGNAL_EMPTY" name="19">
			<AppRef name="E3.Series" version="2.14.0.0" guid="3cdd79df-5a68-483f-8d7c-b7c74f09a49c"/>
		</DeviceItem>
		<DeviceItem xsi:type="Pin" id="PIN_c4-18-0-404ce9" signalId="SIGNAL_EMPTY" name="20">
			<AppRef name="E3.Series" version="2.14.0.0" guid="58b141f9-6569-472d-b04c-2d5eec22d4a1"/>
		</DeviceItem>
	</HarnessItem>
	<HarnessItem xsi:type="Device" id="DEV_b3-14-0-2c840a" name="C2ME06-D" compType="AU5T-14A464-PA" symbolName="F-Formboard_Conn_Symb" symbolCharacteristic="" rotation="90.000000" branchNodeId="BN_11512-148">
		<AppRef name="E3.Series" version="2.14.0.0" guid="e6c7bc17-8613-448e-97b0-3ea1b3d656b2"/>
		<Property id="PROPERTY_1009" name="SUBMERGIBLE" value="Yes"/>
		<Property id="PROPERTY_1010" name="HRN_FAMILY" value="14401"/>
		<Property id="PROPERTY_1011" name="HRN_Level_Ref" value="VA"/>
		<Property id="PROPERTY_1012" name="CONN_TERM_SEAL_REQ" value="Yes"/>
		<Property id="PROPERTY_1013" name="DESCRIPTION_COMPONENT" value="CONNECTOR-CAT. 2 (1.5MM SEALED BLADE)"/>
		<Property id="PROPERTY_1014" name="SUB_PROJECT" value="HRN-14401"/>
		<Property id="PROPERTY_1015" name="DEVICE_NAME" value="C2ME06-D::"/>
		<Property id="PROPERTY_1016" name="COMP_TYPE" value="CONN-DEVICE"/>
		<Property id="PROPERTY_1017" name="DESCRIPTION_DEVICE" value="TO CENTR SPKR"/>
		<Option id="OPTION_b3-14-0-2c840a_1" value="( IDBAE | IDBAL | IDBAF | IDBBQ ) &amp; IEVAT"/>
		<DeviceItem xsi:type="Pin" id="PIN_b3-18-0-2c8421" signalId="SIGNAL_2-36-0-413f" name="1">
			<AppRef name="E3.Series" version="2.14.0.0" guid="9f01d88c-34a9-4b88-86b1-de6654d0130f"/>
			<PinItem xsi:type="ConnectorPinTerminal" id="CONNECTORPINTERMINAL_b3-18-0-2c8421" compType="WIRE-END-TERM:C2ME06-D:1"/>
		</DeviceItem>
		<DeviceItem xsi:type="Pin" id="PIN_b3-18-0-2c8417" signalId="SIGNAL_2-36-0-3c82" name="2">
			<AppRef name="E3.Series" version="2.14.0.0" guid="7e76ef26-a0d8-4141-902c-32af52289ac5"/>
			<PinItem xsi:type="ConnectorPinTerminal" id="CONNECTORPINTERMINAL_b3-18-0-2c8417" compType="WIRE-END-TERM:C2ME06-D:2"/>
		</DeviceItem>
	</HarnessItem>
	<HarnessItem xsi:type="Device" id="DEV_f9-14-0-3e826f" name="C2RC01-EVB" compType="MU5T-19C042-FA">
		<AppRef name="E3.Series" version="2.14.0.0" guid="6c9dd094-cb31-41e5-aa37-2081b2c33571"/>
		<Property id="PROPERTY_1018" name="HRN_FAMILY" value="14401"/>
		<Property id="PROPERTY_1019" name="HRN_Level_Ref" value="ZA/ZB/ZC"/>
		<Property id="PROPERTY_1020" name="DESCRIPTION_COMPONENT" value="CONNECTOR FEMALE COAXIAL ASSY"/>
		<Property id="PROPERTY_1021" name="SUB_PROJECT" value="HRN-14401"/>
		<Property id="PROPERTY_1022" name="DEVICE_NAME" value="C2RC01-EVB::"/>
		<Property id="PROPERTY_1023" name="COMP_TYPE" value="CONN-DEVICE"/>
		<Property id="PROPERTY_1024" name="DESCRIPTION_DEVICE" value="DRV STAT MNTR ECU"/>
		<Option id="OPTION_f9-14-0-3e826f_1" value="HLNAF | HNSAD"/>
		<DeviceItem xsi:type="Pin" id="PIN_f9-18-0-3e8272" signalId="SIGNAL_f9-36-0-3e82ec" branchNodeId="BN_20616-280" name="1" symbolName="F-Formboard_Conn_Symb" symbolCharacteristic="" rotation="0.000000">
			<AppRef name="E3.Series" version="2.14.0.0" guid="a51de6f6-3494-4f2c-846d-6d40cbd572be"/>
			<PinItem xsi:type="ConnectorPinTerminal" id="CONNECTORPINTERMINAL_f9-18-0-3e8272" compType="*P/O ASSY"/>
		</DeviceItem>
	</HarnessItem>
	<HarnessItem xsi:type="Device" id="DEV_f9-14-0-3e8249" name="C2RCO4-EVA" compType="MU5T-19C042-FA">
		<AppRef name="E3.Series" version="2.14.0.0" guid="84bbdffc-29e6-493f-b1c5-7eaf811f2245"/>
		<Property id="PROPERTY_1025" name="HRN_FAMILY" value="14401"/>
		<Property id="PROPERTY_1026" name="HRN_Level_Ref" value="ZA/ZB/ZC"/>
		<Property id="PROPERTY_1027" name="DESCRIPTION_COMPONENT" value="CONNECTOR FEMALE COAXIAL ASSY"/>
		<Property id="PROPERTY_1028" name="SUB_PROJECT" value="HRN-14401"/>
		<Property id="PROPERTY_1029" name="DEVICE_NAME" value="C2RCO4-EVA::"/>
		<Property id="PROPERTY_1030" name="COMP_TYPE" value="CONN-DEVICE"/>
		<Property id="PROPERTY_1031" name="DESCRIPTION_DEVICE" value="TO CAMERA"/>
		<Option id="OPTION_f9-14-0-3e8249_1" value="HLNAF | HNSAD"/>
		<DeviceItem xsi:type="Pin" id="PIN_f9-18-0-3e824c" signalId="SIGNAL_f9-36-0-3e82ec" branchNodeId="BN_11660-40" name="1" symbolName="F-Formboard_Conn_Symb" symbolCharacteristic="" rotation="0.000000">
			<AppRef name="E3.Series" version="2.14.0.0" guid="e51c1d9c-ce9c-4d46-a281-0034112508cc"/>
			<PinItem xsi:type="ConnectorPinTerminal" id="CONNECTORPINTERMINAL_f9-18-0-3e824c" compType="*P/O ASSY"/>
		</DeviceItem>
	</HarnessItem>
	<HarnessItem xsi:type="Device" id="DEV_93-14-0-3a0336" name="C2YA02-CR" compType="4S7T-14489-VGA" symbolName="F-Formboard_Conn_Symb" symbolCharacteristic="" rotation="90.000000" branchNodeId="BN_16856-268">
		<AppRef name="E3.Series" version="2.14.0.0" guid="9d4e813a-35b7-4ac8-b3f3-215825184665"/>
		<Property id="PROPERTY_1032" name="HRN_FAMILY" value="14401"/>
		<Property id="PROPERTY_1033" name="HRN_Level_Ref" value="VA"/>
		<Property id="PROPERTY_1034" name="CONN_TERM_SEAL_REQ" value="No"/>
		<Property id="PROPERTY_1035" name="DESCRIPTION_COMPONENT" value="CONN.(1,5 MM FLAT TERM.SYS.)- 2.0) 1,5 M"/>
		<Property id="PROPERTY_1036" name="SUB_PROJECT" value="HRN-14401"/>
		<Property id="PROPERTY_1037" name="DEVICE_NAME" value="C2YA02-CR::"/>
		<Property id="PROPERTY_1038" name="COMP_TYPE" value="CONN-DEVICE"/>
		<Property id="PROPERTY_1039" name="DESCRIPTION_DEVICE" value="TO 230V AC OUTLET (CHINA)"/>
		<Option id="OPTION_93-14-0-3a0336_1" value="HUKAD"/>
		<DeviceItem xsi:type="Pin" id="PIN_93-18-0-3a0342" signalId="SIGNAL_18-36-0-253f24" name="1">
			<AppRef name="E3.Series" version="2.14.0.0" guid="57d9490b-8ad5-4d62-90be-15456a6a0010"/>
			<PinItem xsi:type="ConnectorPinTerminal" id="CONNECTORPINTERMINAL_93-18-0-3a0342" compType="WIRE-END-TERM:C2YA02-CR:1"/>
		</DeviceItem>
		<DeviceItem xsi:type="Pin" id="PIN_93-18-0-3a0348" signalId="SIGNAL_EMPTY" name="2">
			<AppRef name="E3.Series" version="2.14.0.0" guid="47b58fc7-aca2-49c6-9cdc-0c936cff67f7"/>
		</DeviceItem>
		<DeviceItem xsi:type="Pin" id="PIN_93-18-0-3a035f" signalId="SIGNAL_18-36-0-253f0a" name="3">
			<AppRef name="E3.Series" version="2.14.0.0" guid="ac2a1c65-5c75-412e-ba86-c66efc9d6423"/>
			<PinItem xsi:type="ConnectorPinTerminal" id="CONNECTORPINTERMINAL_93-18-0-3a035f" compType="WIRE-END-TERM:C2YA02-CR:3"/>
		</DeviceItem>
		<DeviceItem xsi:type="Pin" id="PIN_93-18-0-3a0359" signalId="SIGNAL_2-36-0-3160" name="4">
			<AppRef name="E3.Series" version="2.14.0.0" guid="5938c8b8-ae24-4a15-aefe-99754b958cbc"/>
			<PinItem xsi:type="ConnectorPinTerminal" id="CONNECTORPINTERMINAL_93-18-0-3a0359" compType="WIRE-END-TERM:C2YA02-CR:4"/>
		</DeviceItem>
		<DeviceItem xsi:type="Pin" id="PIN_93-18-0-3a034e" signalId="SIGNAL_EMPTY" name="5">
			<AppRef name="E3.Series" version="2.14.0.0" guid="d7927db7-59cb-4642-b749-f574d1440312"/>
		</DeviceItem>
		<DeviceItem xsi:type="Pin" id="PIN_93-18-0-3a0353" signalId="SIGNAL_2-36-0-32ab" name="6">
			<AppRef name="E3.Series" version="2.14.0.0" guid="829fe1e5-3d37-4c3e-af00-71c9ad0c33a7"/>
			<PinItem xsi:type="ConnectorPinTerminal" id="CONNECTORPINTERMINAL_93-18-0-3a0353" compType="WIRE-END-TERM:C2YA02-CR:6"/>
		</DeviceItem>
	</HarnessItem>
	<HarnessItem xsi:type="Device" id="DEV_c2-1c-0-4bd280" name="CV1" compType="MU5T-14G661-AB" symbolName="MU5T-14G661-AB" symbolCharacteristic="" rotation="180.000000">
		<AppRef name="E3.Series" version="2.14.0.0" guid="ad4e8132-5cf3-4b70-9a06-bfc185c0e482"/>
		<Property id="PROPERTY_1040" name="DESCRIPTION" value="CARR, WIRE CONN FEM"/>
		<Property id="PROPERTY_1041" name="HRN_FAMILY" value="14401"/>
		<Property id="PROPERTY_1042" name="COMP_TYPE" value="CONN-DEVICE_OLD"/>
		<Property id="PROPERTY_1043" name="SUB_PROJECT" value="HRN-14401"/>
		<Property id="PROPERTY_1044" name="DEVICE_NAME" value="CV1::"/>
		<Property id="PROPERTY_1045" name="COLOR" value="BK"/>
	</HarnessItem>
	<HarnessItem xsi:type="Fixing" id="FIXING_c2-1c-0-4bd7e8" name="RT360" location="HRN-14401" compType="GU5T-14E047-FA" symbolName="GU5T-14E047-FA" symbolCharacteristic="" rotation="0.000000" BranchNode="BN_9524-374">
		<AppRef name="E3.Series" version="2.14.0.0" guid="94c2ece8-9ace-476b-939b-5f0a92ea4b70"/>
		<Property id="PROPERTY_5103" name="DESCRIPTION" value="RET WIR HRNS TIE STRP"/>
		<Property id="PROPERTY_5104" name="HRN_FAMILY" value="14401"/>
		<Property id="PROPERTY_5105" name="COMP_LOC_XY" value="XY_9524_374"/>
		<Property id="PROPERTY_5106" name="COMP_TYPE" value="RETAINER"/>
		<Property id="PROPERTY_5107" name="SUB_PROJECT" value="HRN-14401"/>
		<Property id="PROPERTY_5108" name="DEVICE_NAME" value="RT360:HRN-14401:"/>
		<Property id="PROPERTY_5109" name="HRN_Level_Ref" value="(ALL)"/>
		<Property id="PROPERTY_5110" name="COLOR" value="BK"/>
	</HarnessItem>
	<HarnessItem xsi:type="Fixing" id="FIXING_c2-1c-0-4bd737" name="RT220" location="HRN-14401" compType="AU5T-14E044-EA" symbolName="AU5T-14E044-EA" symbolCharacteristic="" rotation="0.000000" BranchNode="BN_18216-336_1">
		<AppRef name="E3.Series" version="2.14.0.0" guid="8fabc9df-71c3-406f-8154-7a41d3584e30"/>
		<Property id="PROPERTY_5087" name="DESCRIPTION" value="RET WIR HRNS TPE ON"/>
		<Property id="PROPERTY_5088" name="HRN_FAMILY" value="14401"/>
		<Property id="PROPERTY_5089" name="COMP_LOC_XY" value="XY_18216_336"/>
		<Property id="PROPERTY_5090" name="COMP_TYPE" value="RETAINER"/>
		<Property id="PROPERTY_5091" name="SUB_PROJECT" value="HRN-14401"/>
		<Property id="PROPERTY_5092" name="DEVICE_NAME" value="RT220:HRN-14401:"/>
		<Property id="PROPERTY_5093" name="HRN_Level_Ref" value="(ALL)"/>
		<Property id="PROPERTY_5094" name="COLOR" value="NATL"/>
	</HarnessItem>
	<HarnessItem xsi:type="Fixing" id="FIXING_c2-1c-0-4bd72e" name="RT320" location="HRN-14401" compType="CU5T-14E044-JA" symbolName="CU5T-14E044-JA" symbolCharacteristic="" rotation="0.000000" BranchNode="BN_11558_25-358_156">
		<AppRef name="E3.Series" version="2.14.0.0" guid="892e23d0-31cd-4b42-b281-7b094ef76e01"/>
		<AdditionalPart id="ADDITIONALPART_c2-4-0-4bd731" compType="ESKU5T-1A303-AA(B10Y21)"/>
		<Property id="PROPERTY_5079" name="DESCRIPTION" value="CLIP"/>
		<Property id="PROPERTY_5080" name="HRN_FAMILY" value="14401"/>
		<Property id="PROPERTY_5081" name="COMP_LOC_XY" value="XY_11558_358"/>
		<Property id="PROPERTY_5082" name="COMP_TYPE" value="RETAINER"/>
		<Property id="PROPERTY_5083" name="SUB_PROJECT" value="HRN-14401"/>
		<Property id="PROPERTY_5084" name="DEVICE_NAME" value="RT320:HRN-14401:"/>
		<Property id="PROPERTY_5085" name="HRN_Level_Ref" value="(ALL)"/>
		<Property id="PROPERTY_5086" name="COLOR" value="NATL"/>
	</HarnessItem>
	<HarnessItem xsi:type="Fixing" id="FIXING_c2-1c-0-4bd725" name="RT310" location="HRN-14401" compType="CU5T-14E044-JA" symbolName="CU5T-14E044-JA" symbolCharacteristic="" rotation="90.000000x" BranchNode="BN_11744-320">
		<AppRef name="E3.Series" version="2.14.0.0" guid="1afa3594-d602-46f6-aeae-822dbb4c086e"/>
		<AdditionalPart id="ADDITIONALPART_c2-4-0-4bd728" compType="ESKU5T-1A303-AA(B10Y21)"/>
		<Property id="PROPERTY_5071" name="DESCRIPTION" value="CLIP"/>
		<Property id="PROPERTY_5072" name="HRN_FAMILY" value="14401"/>
		<Property id="PROPERTY_5073" name="COMP_LOC_XY" value="XY_11744_320"/>
		<Property id="PROPERTY_5074" name="COMP_TYPE" value="RETAINER"/>
		<Property id="PROPERTY_5075" name="SUB_PROJECT" value="HRN-14401"/>
		<Property id="PROPERTY_5076" name="DEVICE_NAME" value="RT310:HRN-14401:"/>
		<Property id="PROPERTY_5077" name="HRN_Level_Ref" value="(ALL)"/>
		<Property id="PROPERTY_5078" name="COLOR" value="NATL"/>
	</HarnessItem>
	<HarnessItem xsi:type="Fixing" id="FIXING_c2-1c-0-4bd6df" name="RT440" location="HRN-14401" compType="CU5T-14E044-MA" symbolName="CU5T-14E044-MA" symbolCharacteristic="FRONT" rotation="180.000000" BranchNode="BN_5559_9-334_058">
		<AppRef name="E3.Series" version="2.14.0.0" guid="5f03a8a3-0973-435e-be46-cdbf3be80b00"/>
		<AdditionalPart id="ADDITIONALPART_c2-4-0-4bd6e2" compType="BU5T-14E042-EA"/>
		<AdditionalPart id="ADDITIONALPART_c2-4-0-4bd6e3" compType="ESKU5T-1A303-AA(B10Y21)"/>
		<AdditionalPart id="ADDITIONALPART_c2-4-0-4bd6e4" compType="ESKU5T-1A303-AA(B10Y21)"/>
		<Property id="PROPERTY_5063" name="DESCRIPTION" value="CLIP"/>
		<Property id="PROPERTY_5064" name="HRN_FAMILY" value="14401"/>
		<Property id="PROPERTY_5065" name="COMP_LOC_XY" value="XY_5560_334"/>
		<Property id="PROPERTY_5066" name="COMP_TYPE" value="RETAINER"/>
		<Property id="PROPERTY_5067" name="SUB_PROJECT" value="HRN-14401"/>
		<Property id="PROPERTY_5068" name="DEVICE_NAME" value="RT440:HRN-14401:"/>
		<Property id="PROPERTY_5069" name="HRN_Level_Ref" value="(C-SHF)/(7SPKR)/(TACH-L0)/(F-SHF)"/>
		<Property id="PROPERTY_5070" name="COLOR" value="BK"/>
		<Option id="OPTION_c2-1c-0-4bd6df_1" value="GRAA2"/>
		<Option id="OPTION_c2-1c-0-4bd6df_2" value="GRAA3"/>
	</HarnessItem>
	<HarnessItem xsi:type="Fixing" id="FIXING_c2-1c-0-4bd6d4" name="RT450" location="HRN-14401" compType="CU5T-14E044-MA" symbolName="CU5T-14E044-MA" symbolCharacteristic="FRONT" rotation="180.000000" BranchNode="BN_5423_9-334_058">
		<AppRef name="E3.Series" version="2.14.0.0" guid="5558a893-6765-4017-b715-ab24244be0bb"/>
		<AdditionalPart id="ADDITIONALPART_c2-4-0-4bd6d7" compType="BU5T-14E042-EA"/>
		<AdditionalPart id="ADDITIONALPART_c2-4-0-4bd6d8" compType="ESKU5T-1A303-AA(B10Y21)"/>
		<AdditionalPart id="ADDITIONALPART_c2-4-0-4bd6d9" compType="ESKU5T-1A303-AA(B10Y21)"/>
		<Property id="PROPERTY_5055" name="DESCRIPTION" value="CLIP"/>
		<Property id="PROPERTY_5056" name="HRN_FAMILY" value="14401"/>
		<Property id="PROPERTY_5057" name="COMP_LOC_XY" value="XY_5424_334"/>
		<Property id="PROPERTY_5058" name="COMP_TYPE" value="RETAINER"/>
		<Property id="PROPERTY_5059" name="SUB_PROJECT" value="HRN-14401"/>
		<Property id="PROPERTY_5060" name="DEVICE_NAME" value="RT450:HRN-14401:"/>
		<Property id="PROPERTY_5061" name="HRN_Level_Ref" value="(P-COL)"/>
		<Property id="PROPERTY_5062" name="COLOR" value="BK"/>
		<Option id="OPTION_c2-1c-0-4bd6d4_1" value="GRAAP"/>
	</HarnessItem>
	<HarnessItem xsi:type="Fixing" id="FIXING_c2-1c-0-4bd68b" name="RT150" location="HRN-14401" compType="DU5T-14E047-VA" symbolName="DU5T-14E047-VA" symbolCharacteristic="BOTTOM" rotation="0.000000" BranchNode="BN_21336-384">
		<AppRef name="E3.Series" version="2.14.0.0" guid="73004dcb-e380-4d1e-88a6-f1c382e8828a"/>
		<Property id="PROPERTY_5047" name="DESCRIPTION" value="RET WIR HRNS TIE STRP"/>
		<Property id="PROPERTY_5048" name="HRN_FAMILY" value="14401"/>
		<Property id="PROPERTY_5049" name="COMP_LOC_XY" value="XY_21336_384"/>
		<Property id="PROPERTY_5050" name="COMP_TYPE" value="RETAINER"/>
		<Property id="PROPERTY_5051" name="SUB_PROJECT" value="HRN-14401"/>
		<Property id="PROPERTY_5052" name="DEVICE_NAME" value="RT150:HRN-14401:"/>
		<Property id="PROPERTY_5053" name="HRN_Level_Ref" value="(ALL)"/>
		<Property id="PROPERTY_5054" name="COLOR" value="BK"/>
	</HarnessItem>
	<HarnessItem xsi:type="Fixing" id="FIXING_c2-1c-0-4bd582" name="RT210" location="HRN-14401" compType="AU5T-14E044-EA" symbolName="AU5T-14E044-EA" symbolCharacteristic="" rotation="0.000000" BranchNode="BN_18344-336">
		<AppRef name="E3.Series" version="2.14.0.0" guid="1e61173b-1268-43cb-a351-7eaab8f680ac"/>
		<Property id="PROPERTY_5039" name="DESCRIPTION" value="RET WIR HRNS TPE ON"/>
		<Property id="PROPERTY_5040" name="HRN_FAMILY" value="14401"/>
		<Property id="PROPERTY_5041" name="COMP_LOC_XY" value="XY_18344_336"/>
		<Property id="PROPERTY_5042" name="COMP_TYPE" value="RETAINER"/>
		<Property id="PROPERTY_5043" name="SUB_PROJECT" value="HRN-14401"/>
		<Property id="PROPERTY_5044" name="DEVICE_NAME" value="RT210:HRN-14401:"/>
		<Property id="PROPERTY_5045" name="HRN_Level_Ref" value="(ALL)"/>
		<Property id="PROPERTY_5046" name="COLOR" value="NATL"/>
	</HarnessItem>
	<HarnessItem xsi:type="Fixing" id="FIXING_c2-1c-0-4bd572" name="RT469" location="HRN-14401" compType="DU5T-14E047-SA" symbolName="DU5T-14E047-SA" symbolCharacteristic="FRONT" rotation="0.000000" BranchNode="BN_7839_9-350_058">
		<AppRef name="E3.Series" version="2.14.0.0" guid="e922806a-2f8e-4d24-a8db-653b4f346535"/>
		<AdditionalPart id="ADDITIONALPART_c2-4-0-4bd575" compType="MU5T-14A459-EA"/>
		<Property id="PROPERTY_5031" name="DESCRIPTION" value="RET WIR HRNS TIE STRP"/>
		<Property id="PROPERTY_5032" name="HRN_FAMILY" value="14401"/>
		<Property id="PROPERTY_5033" name="COMP_LOC_XY" value="XY_7840_350"/>
		<Property id="PROPERTY_5034" name="COMP_TYPE" value="RETAINER"/>
		<Property id="PROPERTY_5035" name="SUB_PROJECT" value="HRN-14401"/>
		<Property id="PROPERTY_5036" name="DEVICE_NAME" value="RT469:HRN-14401:"/>
		<Property id="PROPERTY_5037" name="HRN_Level_Ref" value="AD/AE/AG/BD/BE/BG/XA/XB/XD/XE/XF/XH/YB/YF"/>
		<Property id="PROPERTY_5038" name="COLOR" value="BK"/>
		<Option id="OPTION_c2-1c-0-4bd572_1" value="CBGAD&amp;DECAA&amp;HLNAB"/>
	</HarnessItem>
	<HarnessItem xsi:type="Fixing" id="FIXING_c2-1c-0-4bd56a" name="RT264" location="HRN-14401" compType="DU5T-14E047-PB" symbolName="8U5T-14E047-HA" symbolCharacteristic="BOTTOM" rotation="0.000000" BranchNode="BN_19976-384">
		<AppRef name="E3.Series" version="2.14.0.0" guid="41e753f9-1dc5-4524-92a9-3e723a168e28"/>
		<Property id="PROPERTY_5023" name="DESCRIPTION" value="RET WIR HRNS TIE STRP"/>
		<Property id="PROPERTY_5024" name="HRN_FAMILY" value="14401"/>
		<Property id="PROPERTY_5025" name="COMP_LOC_XY" value="XY_19976_384"/>
		<Property id="PROPERTY_5026" name="COMP_TYPE" value="RETAINER"/>
		<Property id="PROPERTY_5027" name="SUB_PROJECT" value="HRN-14401"/>
		<Property id="PROPERTY_5028" name="DEVICE_NAME" value="RT264:HRN-14401:"/>
		<Property id="PROPERTY_5029" name="HRN_Level_Ref" value="(ALL)"/>
		<Property id="PROPERTY_5030" name="COLOR" value="NATL"/>
	</HarnessItem>
	<HarnessItem xsi:type="Fixing" id="FIXING_c2-1c-0-4bd3ac" name="RT280" location="HRN-14401" compType="8U5T-14E044-HB" symbolName="AU5T-14E044-EA" symbolCharacteristic="" rotation="0.000000" BranchNode="BN_7911_9-350_058">
		<AppRef name="E3.Series" version="2.14.0.0" guid="c5db997c-5ae6-4f51-ad28-36bf85c122dd"/>
		<AdditionalPart id="ADDITIONALPART_c2-4-0-4bd3af" compType="ESKU5T-1A303-AA(B10Y21)"/>
		<AdditionalPart id="ADDITIONALPART_c2-4-0-4bd3b0" compType="ESKU5T-1A303-AA(B10Y21)"/>
		<Property id="PROPERTY_5007" name="DESCRIPTION" value="CLIP"/>
		<Property id="PROPERTY_5008" name="HRN_FAMILY" value="14401"/>
		<Property id="PROPERTY_5009" name="COMP_LOC_XY" value="XY_7912_350"/>
		<Property id="PROPERTY_5010" name="COMP_TYPE" value="RETAINER"/>
		<Property id="PROPERTY_5011" name="SUB_PROJECT" value="HRN-14401"/>
		<Property id="PROPERTY_5012" name="DEVICE_NAME" value="RT280:HRN-14401:"/>
		<Property id="PROPERTY_5013" name="HRN_Level_Ref" value="(ALL)"/>
		<Property id="PROPERTY_5014" name="COLOR" value="NATL"/>
	</HarnessItem>
	<HarnessItem xsi:type="Fixing" id="FIXING_c2-1c-0-4bd3a4" name="RT290" location="HRN-14401" compType="BU5T-14E047-UA" symbolName="BU5T-14E047-UA" symbolCharacteristic="" rotation="90.000000" BranchNode="BN_12430_25-358_156">
		<AppRef name="E3.Series" version="2.14.0.0" guid="2a805c75-c2cb-4e78-8f24-de839539e6f9"/>
		<Property id="PROPERTY_4999" name="DESCRIPTION" value="CLIP"/>
		<Property id="PROPERTY_5000" name="HRN_FAMILY" value="14401"/>
		<Property id="PROPERTY_5001" name="COMP_LOC_XY" value="XY_12430_358"/>
		<Property id="PROPERTY_5002" name="COMP_TYPE" value="RETAINER"/>
		<Property id="PROPERTY_5003" name="SUB_PROJECT" value="HRN-14401"/>
		<Property id="PROPERTY_5004" name="DEVICE_NAME" value="RT290:HRN-14401:"/>
		<Property id="PROPERTY_5005" name="HRN_Level_Ref" value="(ALL)"/>
		<Property id="PROPERTY_5006" name="COLOR" value="BK"/>
	</HarnessItem>
	<HarnessItem xsi:type="Fixing" id="FIXING_c2-1c-0-4bcfca" name="RT460" location="HRN-14401" compType="9U5T-14E044-CA" symbolName="9U5T-14E044-CA" symbolCharacteristic="" rotation="x90.000000" BranchNode="BN_4632-294">
		<AppRef name="E3.Series" version="2.14.0.0" guid="a26395d7-b2a7-46c8-8676-a2bfe0ad66dc"/>
		<AdditionalPart id="ADDITIONALPART_dd-4-0-893b19" compType="ESKU5T-1A303-AA(B10Y21)"/>
		<AdditionalPart id="ADDITIONALPART_dd-4-0-893b1a" compType="ESKU5T-1A303-AA(B10Y21)"/>
		<Property id="PROPERTY_4943" name="DESCRIPTION" value="RET WIR HRNS TPE ON"/>
		<Property id="PROPERTY_4944" name="HRN_FAMILY" value="14401"/>
		<Property id="PROPERTY_4945" name="COMP_LOC_XY" value="XY_4632_294"/>
		<Property id="PROPERTY_4946" name="COMP_TYPE" value="RETAINER"/>
		<Property id="PROPERTY_4947" name="SUB_PROJECT" value="HRN-14401"/>
		<Property id="PROPERTY_4948" name="DEVICE_NAME" value="RT460:HRN-14401:"/>
		<Property id="PROPERTY_4949" name="HRN_Level_Ref" value="(ALL)"/>
		<Property id="PROPERTY_4950" name="COLOR" value="BK"/>
	</HarnessItem>
	<HarnessItem xsi:type="Fixing" id="FIXING_c2-1c-0-4bcfb1" name="RT300" location="HRN-14401" compType="GU5T-14E047-FA" symbolName="GU5T-14E047-FA" symbolCharacteristic="" rotation="0.000000" BranchNode="BN_11910_25-374_156">
		<AppRef name="E3.Series" version="2.14.0.0" guid="23dfe050-9701-4f35-a28a-898559ccb15d"/>
		<Property id="PROPERTY_4935" name="DESCRIPTION" value="RET WIR HRNS TIE STRP"/>
		<Property id="PROPERTY_4936" name="HRN_FAMILY" value="14401"/>
		<Property id="PROPERTY_4937" name="COMP_LOC_XY" value="XY_11910_374"/>
		<Property id="PROPERTY_4938" name="COMP_TYPE" value="RETAINER"/>
		<Property id="PROPERTY_4939" name="SUB_PROJECT" value="HRN-14401"/>
		<Property id="PROPERTY_4940" name="DEVICE_NAME" value="RT300:HRN-14401:"/>
		<Property id="PROPERTY_4941" name="HRN_Level_Ref" value="(ALL)"/>
		<Property id="PROPERTY_4942" name="COLOR" value="BK"/>
	</HarnessItem>
	<HarnessItem xsi:type="Fixing" id="FIXING_c2-1c-0-4bcfa9" name="RT180" location="HRN-14401" compType="GU5T-14E047-FA" symbolName="GU5T-14E047-FA" symbolCharacteristic="" rotation="360.000000" BranchNode="BN_19656-296">
		<AppRef name="E3.Series" version="2.14.0.0" guid="de8a9757-b8b3-484b-b206-c33cb34bc869"/>
		<Property id="PROPERTY_4927" name="DESCRIPTION" value="RET WIR HRNS TIE STRP"/>
		<Property id="PROPERTY_4928" name="HRN_FAMILY" value="14401"/>
		<Property id="PROPERTY_4929" name="COMP_LOC_XY" value="XY_19656_296"/>
		<Property id="PROPERTY_4930" name="COMP_TYPE" value="RETAINER"/>
		<Property id="PROPERTY_4931" name="SUB_PROJECT" value="HRN-14401"/>
		<Property id="PROPERTY_4932" name="DEVICE_NAME" value="RT180:HRN-14401:"/>
		<Property id="PROPERTY_4933" name="HRN_Level_Ref" value="(ALL)"/>
		<Property id="PROPERTY_4934" name="COLOR" value="BK"/>
	</HarnessItem>
	<HarnessItem xsi:type="Fixing" id="FIXING_c2-1c-0-4bcdb0" name="RT265" location="HRN-14401" compType="8U5T-14E047-HA" symbolName="8U5T-14E047-HA" symbolCharacteristic="" rotation="0.000000" BranchNode="BN_7202_25-62_156">
		<AppRef name="E3.Series" version="2.14.0.0" guid="90315274-1c57-4eeb-a0d0-8ca0e2ebfdb4"/>
		<Property id="PROPERTY_4911" name="DESCRIPTION" value="CLIP"/>
		<Property id="PROPERTY_4912" name="HRN_FAMILY" value="14401"/>
		<Property id="PROPERTY_4913" name="COMP_LOC_XY" value="XY_7202_62"/>
		<Property id="PROPERTY_4914" name="COMP_TYPE" value="RETAINER"/>
		<Property id="PROPERTY_4915" name="SUB_PROJECT" value="HRN-14401"/>
		<Property id="PROPERTY_4916" name="DEVICE_NAME" value="RT265:HRN-14401:"/>
		<Property id="PROPERTY_4917" name="HRN_Level_Ref" value="(P-COL)"/>
		<Property id="PROPERTY_4918" name="COLOR" value="BK"/>
		<Option id="OPTION_c2-1c-0-4bcdb0_1" value="GRAAP"/>
	</HarnessItem>
	<HarnessItem xsi:type="Fixing" id="FIXING_c2-1c-0-4bcb2b" name="RT230" location="HRN-14401" compType="EU5T-14E047-FA" symbolName="CU5T-14E047-SC" symbolCharacteristic="" rotation="0.000000" BranchNode="BN_18072-336">
		<AppRef name="E3.Series" version="2.14.0.0" guid="832a8e9d-dbc8-48ad-b493-2d563a561f29"/>
		<Property id="PROPERTY_4886" name="DESCRIPTION" value="RET WIR HRNS TIE STRP"/>
		<Property id="PROPERTY_4887" name="HRN_FAMILY" value="14401"/>
		<Property id="PROPERTY_4888" name="COMP_LOC_XY" value="XY_18072_336"/>
		<Property id="PROPERTY_4889" name="COMP_TYPE" value="RETAINER"/>
		<Property id="PROPERTY_4890" name="SUB_PROJECT" value="HRN-14401"/>
		<Property id="PROPERTY_4891" name="DEVICE_NAME" value="RT230:HRN-14401:"/>
		<Property id="PROPERTY_4892" name="HRN_Level_Ref" value="(ALL)"/>
		<Property id="PROPERTY_4893" name="COLOR" value="BK"/>
	</HarnessItem>
	<HarnessItem xsi:type="Fixing" id="FIXING_c2-1c-0-4bcadd" name="RT130" location="HRN-14401" compType="CU5T-14E044-JA" symbolName="CU5T-14E044-JA" symbolCharacteristic="FRONT" rotation="x" BranchNode="BN_22496-360">
		<AppRef name="E3.Series" version="2.14.0.0" guid="aab44fba-c5f2-4485-ac99-9b27f0777614"/>
		<AdditionalPart id="ADDITIONALPART_c2-4-0-4bcae0" compType="ESKU5T-1A303-AA(B10Y21)"/>
		<Property id="PROPERTY_4870" name="DESCRIPTION" value="CLIP"/>
		<Property id="PROPERTY_4871" name="HRN_FAMILY" value="14401"/>
		<Property id="PROPERTY_4872" name="COMP_LOC_XY" value="XY_22496_360"/>
		<Property id="PROPERTY_4873" name="COMP_TYPE" value="RETAINER"/>
		<Property id="PROPERTY_4874" name="SUB_PROJECT" value="HRN-14401"/>
		<Property id="PROPERTY_4875" name="DEVICE_NAME" value="RT130:HRN-14401:"/>
		<Property id="PROPERTY_4876" name="HRN_Level_Ref" value="(ALL)"/>
		<Property id="PROPERTY_4877" name="COLOR" value="NATL"/>
	</HarnessItem>
	<HarnessItem xsi:type="Fixing" id="FIXING_c2-1c-0-4bd0bb" name="RT462" location="HRN-14401" compType="3M5T-14197-CB" symbolName="3M5T-14197-CB" symbolCharacteristic="TOP" rotation="180.000000" BranchNode="BN_9151_9-374_058">
		<AppRef name="E3.Series" version="2.14.0.0" guid="811e6362-cc6e-48a0-8664-09b16c5a778a"/>
		<Property id="PROPERTY_5207" name="DESCRIPTION" value="CLIP"/>
		<Property id="PROPERTY_5208" name="HRN_FAMILY" value="14401"/>
		<Property id="PROPERTY_5209" name="COMP_LOC_XY" value="XY_9152_374"/>
		<Property id="PROPERTY_5210" name="COMP_TYPE" value="RETAINER"/>
		<Property id="PROPERTY_5211" name="SUB_PROJECT" value="HRN-14401"/>
		<Property id="PROPERTY_5212" name="DEVICE_NAME" value="RT462:HRN-14401:"/>
		<Property id="PROPERTY_5213" name="HRN_Level_Ref" value="(ALL)"/>
		<Property id="PROPERTY_5214" name="COLOR" value="BK"/>
	</HarnessItem>
	<HarnessItem xsi:type="Fixing" id="FIXING_c2-1c-0-4bca38" name="RT500" location="HRN-14401" compType="FU5T-14E047-JA" symbolName="FU5T-14E047-JA" symbolCharacteristic="" rotation="90.000000" BranchNode="BN_7197_9-272_058">
		<AppRef name="E3.Series" version="2.14.0.0" guid="93c6bb28-0fb1-412f-99e0-bcb2341a9612"/>
		<Property id="PROPERTY_5191" name="DESCRIPTION" value="RET WIR HRNS TIE STRP"/>
		<Property id="PROPERTY_5192" name="HRN_FAMILY" value="14401"/>
		<Property id="PROPERTY_5193" name="COMP_LOC_XY" value="XY_7198_272"/>
		<Property id="PROPERTY_5194" name="COMP_TYPE" value="RETAINER"/>
		<Property id="PROPERTY_5195" name="SUB_PROJECT" value="HRN-14401"/>
		<Property id="PROPERTY_5196" name="DEVICE_NAME" value="RT500:HRN-14401:"/>
		<Property id="PROPERTY_5197" name="HRN_Level_Ref" value="(18SPKR)"/>
		<Property id="PROPERTY_5198" name="COLOR" value="BK"/>
		<Option id="OPTION_c2-1c-0-4bca38_1" value="IDBBQ"/>
	</HarnessItem>
	<HarnessItem xsi:type="Fixing" id="FIXING_c2-1c-0-4bcb93" name="RT541" location="HRN-14401" compType="GU5T-14E047-ZA" symbolName="GU5T-14E047-ZA" symbolCharacteristic="" rotation="0.000000" BranchNode="BN_3374_25-374_156">
		<AppRef name="E3.Series" version="2.14.0.0" guid="9a73ef54-00b1-4495-bd2e-5a54079cef05"/>
		<Property id="PROPERTY_5183" name="DESCRIPTION" value="RET WIR HRNS TIE STRP"/>
		<Property id="PROPERTY_5184" name="HRN_FAMILY" value="14401"/>
		<Property id="PROPERTY_5185" name="COMP_LOC_XY" value="XY_3374_374"/>
		<Property id="PROPERTY_5186" name="COMP_TYPE" value="RETAINER"/>
		<Property id="PROPERTY_5187" name="SUB_PROJECT" value="HRN-14401"/>
		<Property id="PROPERTY_5188" name="DEVICE_NAME" value="RT541:HRN-14401:"/>
		<Property id="PROPERTY_5189" name="HRN_Level_Ref" value="(ALL)"/>
		<Property id="PROPERTY_5190" name="COLOR" value="BK"/>
	</HarnessItem>
	<HarnessItem xsi:type="Fixing" id="FIXING_34-1c-0-7a3539" name="RT554" location="HRN-14401" compType="8U5T-14E047-HA" symbolName="8U5T-14E047-HA" symbolCharacteristic="BOTTOM" rotation="0.000000" BranchNode="BN_11776-112">
		<AppRef name="E3.Series" version="2.14.0.0" guid="d706d6d3-16ec-433a-bb16-c4529450830c"/>
		<Property id="PROPERTY_5127" name="DESCRIPTION" value="CLIP"/>
		<Property id="PROPERTY_5128" name="HRN_FAMILY" value="14401"/>
		<Property id="PROPERTY_5129" name="COMP_LOC_XY" value="XY_11776_112"/>
		<Property id="PROPERTY_5130" name="COMP_TYPE" value="RETAINER"/>
		<Property id="PROPERTY_5131" name="SUB_PROJECT" value="HRN-14401"/>
		<Property id="PROPERTY_5132" name="DEVICE_NAME" value="RT554:HRN-14401:"/>
		<Property id="PROPERTY_5133" name="HRN_Level_Ref" value="ZA/ZB/ZC"/>
		<Property id="PROPERTY_5134" name="COLOR" value="BK"/>
		<Option id="OPTION_34-1c-0-7a3539_1" value="DEEAD"/>
	</HarnessItem>
	<HarnessItem xsi:type="Fixing" id="FIXING_35-1c-0-364ec6" name="RT543" location="HRN-14401" compType="CU5T-14E044-JA" symbolName="CU5T-14E044-JA" symbolCharacteristic="FRONT" rotation="90.000000x" BranchNode="BN_11840-112">
		<AppRef name="E3.Series" version="2.14.0.0" guid="fed25a20-94ee-47a2-974e-c316ac301e77"/>
		<AdditionalPart id="ADDITIONALPART_35-4-0-364ec9" compType="ESKU5T-1A303-AA(B10Y21)"/>
		<Property id="PROPERTY_5119" name="DESCRIPTION" value="CLIP"/>
		<Property id="PROPERTY_5120" name="HRN_FAMILY" value="14401"/>
		<Property id="PROPERTY_5121" name="COMP_LOC_XY" value="XY_11840_112"/>
		<Property id="PROPERTY_5122" name="COMP_TYPE" value="RETAINER"/>
		<Property id="PROPERTY_5123" name="SUB_PROJECT" value="HRN-14401"/>
		<Property id="PROPERTY_5124" name="DEVICE_NAME" value="RT543:HRN-14401:"/>
		<Property id="PROPERTY_5125" name="HRN_Level_Ref" value="ZA/ZB/ZC"/>
		<Property id="PROPERTY_5126" name="COLOR" value="NATL"/>
		<Option id="OPTION_35-1c-0-364ec6_1" value="DEEAD"/>
	</HarnessItem>
	<HarnessItem xsi:type="Protection" id="PROT_c2-1c-0-4bd796" name="TASH01-SH02" compType="ESKU5T-1A303-AA(B10Y00)" symbolName="WIRETAPE" symbolCharacteristic="Spiral-horz" length="348.34904201348854">
		<AppRef name="E3.Series" version="2.14.0.0" guid="fa5262ab-de99-4ee6-9ef5-4cf9c9815bf0"/>
		<Property id="PROPERTY_2804" name="TAPE_Width" value="20"/>
		<Property id="PROPERTY_2805" name="DESCRIPTION" value="TAPE-100C-BK-ADH_TEAR-NO_NOISE-NO_WEAR"/>
		<Property id="PROPERTY_2806" name="BDL_BundleCoverLayer" value="20"/>
		<Property id="PROPERTY_2807" name="BDL_CoveringLength" value="643.0"/>
		<Property id="PROPERTY_2808" name="SYM_NAME" value="WIRETAPE¶Spiral-horz"/>
		<Property id="PROPERTY_2809" name="HRN_Level_Ref" value="AA/AB/AC/AD/AE/AF/AG/AH/AJ/AK/AL/AM/AN/AP/AR/BA/BB/BC/BD/BE/BF/BG/BH/BJ/CA/CB/CC/CD/CE/DA/DB/DC/DD"/>
		<Property id="PROPERTY_2810" name="HRN_Level_Ref" value="HA/HB/HC/HD/TM/TP/TR/UA/UB/UC/UD/UE/UF/VA/XA/XB/XC/XD/XE/XF/XG/XH/XJ/XK/XL/XM/XN/XP/XR/XS/YA/YB/YC"/>
		<Property id="PROPERTY_2811" name="HRN_Level_Ref" value="YD/YE/YF/YG/YH/YJ/YK/YL/YM/YN/YP/YR/YS/YT/YU/YV/ZA/ZB/ZC/ZD/ZE/ZF/ZG/ZH"/>
		<Property id="PROPERTY_2812" name="COLOR" value="BK"/>
		<Property id="PROPERTY_2813" name="SUB_PROJECT" value="HRN-14401"/>
		<Property id="PROPERTY_2814" name="DEVICE_NAME" value="TASH01-SH02::"/>
		<Property id="PROPERTY_2815" name="BDL_CoveringEndPoint" value="SH202"/>
		<Property id="PROPERTY_2816" name="TAPE_Thickness" value="0.1"/>
		<Property id="PROPERTY_2817" name="BDL_CoveringStartPoint" value="SH201"/>
		<Property id="PROPERTY_2818" name="HRN_FAMILY" value="14401"/>
		<Property id="PROPERTY_2819" name="COMP_TYPE" value="TAPE"/>
		<BranchRoute id="BRR_5">
			<StartBranchPosition id="BR_POS_257" branchId="BRANCH_c2-4e-0-4c0e97" branchNodeId="BN_19088-184" offset="0"/>
			<PassBranchId>BRANCH_c2-4e-0-4c0e97</PassBranchId>
			<EndBranchPosition id="BR_POS_258" branchId="BRANCH_c2-4e-0-4c0e97" branchNodeId="BN_19410-256" offset="0"/>
		</BranchRoute>
	</HarnessItem>
	<HarnessItem xsi:type="Protection" id="PROT_c2-1c-0-4bd7d8" name="TA_GD215" compType="ESKU5T-1A303-AA(C10N44)" symbolName="WIRETAPE" symbolCharacteristic="SpotTape" rotation="0" length="0">
		<AppRef name="E3.Series" version="2.14.0.0" guid="2c53afa6-d396-4109-8e2f-1508727760eb"/>
		<Property id="PROPERTY_2820" name="TAPE_Width" value="20"/>
		<Property id="PROPERTY_2821" name="DESCRIPTION" value="TAPE-125C-BK-ADH_NON-TEAR-V_HIGH_NOISE-V_HIGH_WEAR"/>
		<Property id="PROPERTY_2822" name="BDL_BundleCoverLayer" value="10"/>
		<Property id="PROPERTY_2823" name="BDL_CoveringLength" value="64.0"/>
		<Property id="PROPERTY_2824" name="SYM_NAME" value="WIRETAPE¶SpotTape"/>
		<Property id="PROPERTY_2825" name="HRN_Level_Ref" value="AA/AB/AC/AD/AE/AF/AG/AH/AJ/AK/AL/AM/AN/AP/AR/BA/BB/BC/BD/BE/BF/BG/BH/BJ/CA/CB/CC/CD/CE/DA/DB/DC/DD"/>
		<Property id="PROPERTY_2826" name="HRN_Level_Ref" value="HA/HB/HC/HD/TM/TP/TR/UA/UB/UC/UD/UE/UF/VA/XA/XB/XC/XD/XE/XF/XG/XH/XJ/XK/XL/XM/XN/XP/XR/XS/YA/YB/YC"/>
		<Property id="PROPERTY_2827" name="HRN_Level_Ref" value="YD/YE/YF/YG/YH/YJ/YK/YL/YM/YN/YP/YR/YS/YT/YU/YV/ZA/ZB/ZC/ZD/ZE/ZF/ZG/ZH"/>
		<Property id="PROPERTY_2828" name="COLOR" value="BK"/>
		<Property id="PROPERTY_2829" name="SUB_PROJECT" value="HRN-14401"/>
		<Property id="PROPERTY_2830" name="DEVICE_NAME" value="TA_GD215::"/>
		<Property id="PROPERTY_2831" name="BDL_CoveringEndPoint" value="TA_GD215"/>
		<Property id="PROPERTY_2832" name="TAPE_Thickness" value="0.1"/>
		<Property id="PROPERTY_2833" name="BDL_CoveringStartPoint" value="TA_GD215"/>
		<Property id="PROPERTY_2834" name="HRN_FAMILY" value="14401"/>
		<Property id="PROPERTY_2835" name="COMP_TYPE" value="TAPE"/>
		<BranchPosition id="BR_POS_259" branchId="BRANCH_c2-4e-0-4c0f0e" branchNodeId="BN_21116-320" offset="27.27272727272727"/>
	</HarnessItem>
	<HarnessItem xsi:type="Protection" id="PROT_c2-1c-0-4bd808" name="TA23B1_TEAR" location="HRN-14401" compType="ESKU5T-1A303-AA(100Y00)" symbolName="WIRETAPE" symbolCharacteristic="SpotTape" rotation="90" length="0">
		<AppRef name="E3.Series" version="2.14.0.0" guid="607dfbc2-fcec-42d8-b1c5-99e9f44620c7"/>
		<Property id="PROPERTY_2836" name="TAPE_Width" value="20"/>
		<Property id="PROPERTY_2837" name="DESCRIPTION" value="TAPE-85C-BK-ADH_TEAR-NO_NOISE-NO_WEAR"/>
		<Property id="PROPERTY_2838" name="BDL_BundleCoverLayer" value="40"/>
		<Property id="PROPERTY_2839" name="BDL_CoveringLength" value="93.0"/>
		<Property id="PROPERTY_2840" name="SYM_NAME" value="WIRETAPE¶SpotTape"/>
		<Property id="PROPERTY_2841" name="HRN_Level_Ref" value="AA/AB/AC/AD/AE/AF/AG/AH/AJ/AK/AL/AM/AN/AP/AR/BA/BB/BC/BD/BE/BF/BG/BH/BJ/CA/CB/CC/CD/CE/DA/DB/DC/DD"/>
		<Property id="PROPERTY_2842" name="HRN_Level_Ref" value="HA/HB/HC/HD/TM/TP/TR/UA/UB/UC/UD/UE/UF/VA/XA/XB/XC/XD/XE/XF/XG/XH/XJ/XK/XL/XM/XN/XP/XR/XS/YA/YB/YC"/>
		<Property id="PROPERTY_2843" name="HRN_Level_Ref" value="YD/YE/YF/YG/YH/YJ/YK/YL/YM/YN/YP/YR/YS/YT/YU/YV/ZA/ZB/ZC/ZD/ZE/ZF/ZG/ZH"/>
		<Property id="PROPERTY_2844" name="COLOR" value="BK"/>
		<Property id="PROPERTY_2845" name="SUB_PROJECT" value="HRN-14401"/>
		<Property id="PROPERTY_2846" name="DEVICE_NAME" value="TA23B1_TEAR:HRN-14401:"/>
		<Property id="PROPERTY_2847" name="BDL_CoveringEndPoint" value="TA23B1_TEAR"/>
		<Property id="PROPERTY_2848" name="TAPE_Thickness" value="0.1"/>
		<Property id="PROPERTY_2849" name="BDL_CoveringStartPoint" value="TA23B1_TEAR"/>
		<Property id="PROPERTY_2850" name="HRN_FAMILY" value="14401"/>
		<Property id="PROPERTY_2851" name="COMP_TYPE" value="TAPE"/>
		<BranchPosition id="BR_POS_260" branchId="BRANCH_c2-4e-0-4c0e5c" branchNodeId="BN_22204-208" offset="10.253727302497911"/>
	</HarnessItem>
	<HarnessItem xsi:type="Protection" id="PROT_34-1c-0-79231b" name="TA803" location="HRN-14401" compType="ESAC3T-1A303-AA(A18-00)" symbolName="WIRETAPE" symbolCharacteristic="SpotTape" rotation="0" length="0">
		<AppRef name="E3.Series" version="2.14.0.0" guid="ff28f2fd-ff1a-4f78-a0c6-55f2506233c3"/>
		<Property id="PROPERTY_2852" name="TAPE_Width" value="20"/>
		<Property id="PROPERTY_2853" name="DESCRIPTION" value="TAPE-85C-GY-ADH_YES"/>
		<Property id="PROPERTY_2854" name="BDL_BundleCoverLayer" value="25"/>
		<Property id="PROPERTY_2855" name="BDL_CoveringLength" value="28.0"/>
		<Property id="PROPERTY_2856" name="SYM_NAME" value="WIRETAPE¶SpotTape"/>
		<Property id="PROPERTY_2857" name="HRN_Level_Ref" value="ZA/ZB/ZC/ZF"/>
		<Property id="PROPERTY_2858" name="COLOR" value="GY"/>
		<Property id="PROPERTY_2859" name="SUB_PROJECT" value="HRN-14401"/>
		<Property id="PROPERTY_2860" name="DEVICE_NAME" value="TA803:HRN-14401:"/>
		<Property id="PROPERTY_2861" name="BDL_CoveringEndPoint" value="TA803"/>
		<Property id="PROPERTY_2862" name="TAPE_Thickness" value="0.1"/>
		<Property id="PROPERTY_2863" name="BDL_CoveringStartPoint" value="TA803"/>
		<Property id="PROPERTY_2864" name="HRN_FAMILY" value="14401"/>
		<Property id="PROPERTY_2865" name="COMP_TYPE" value="TAPE"/>
		<Option id="OPTION_34-1c-0-79231b_1" value="HJGAY"/>
		<BranchPosition id="BR_POS_261" branchId="BRANCH_1a-4e-0-1a74b21" branchNodeId="BN_15880-216" offset="9.0909090909090917"/>
	</HarnessItem>
	<HarnessItem xsi:type="Protection" id="PROT_34-1c-0-792dbb" name="TA804" location="HRN-14401" compType="ESAC3T-1A303-AA(A15-00)" symbolName="WIRETAPE" symbolCharacteristic="SpotTape" rotation="0" length="0">
		<AppRef name="E3.Series" version="2.14.0.0" guid="5d5d2988-9b36-4588-a1b2-18d80568dc2e"/>
		<Property id="PROPERTY_2866" name="TAPE_Width" value="20"/>
		<Property id="PROPERTY_2867" name="DESCRIPTION" value="TAPE-85C-GN-ADH_YES"/>
		<Property id="PROPERTY_2868" name="BDL_BundleCoverLayer" value="25"/>
		<Property id="PROPERTY_2869" name="BDL_CoveringLength" value="35.0"/>
		<Property id="PROPERTY_2870" name="SYM_NAME" value="WIRETAPE¶SpotTape"/>
		<Property id="PROPERTY_2871" name="HRN_Level_Ref" value="ZA/ZB/ZC/ZF"/>
		<Property id="PROPERTY_2872" name="COLOR" value="GN"/>
		<Property id="PROPERTY_2873" name="SUB_PROJECT" value="HRN-14401"/>
		<Property id="PROPERTY_2874" name="DEVICE_NAME" value="TA804:HRN-14401:"/>
		<Property id="PROPERTY_2875" name="BDL_CoveringEndPoint" value="TA804"/>
		<Property id="PROPERTY_2876" name="TAPE_Thickness" value="0.1"/>
		<Property id="PROPERTY_2877" name="BDL_CoveringStartPoint" value="TA804"/>
		<Property id="PROPERTY_2878" name="HRN_FAMILY" value="14401"/>
		<Property id="PROPERTY_2879" name="COMP_TYPE" value="TAPE"/>
		<Option id="OPTION_34-1c-0-792dbb_1" value="HJGAY"/>
		<BranchPosition id="BR_POS_262" branchId="BRANCH_1a-4e-0-1a78dfd" branchNodeId="BN_15712-216" offset="10"/>
	</HarnessItem>
	<HarnessItem xsi:type="Protection" id="PROT_c2-1c-0-4bcbdd" name="TA220-23D1" compType="ESKU5T-1A303-AA(C10N44)" symbolName="WIRETAPE" symbolCharacteristic="Overlap-horz" length="40">
		<AppRef name="E3.Series" version="2.14.0.0" guid="79b38178-884d-476c-9f51-4aed5ca99e7a"/>
		<Property id="PROPERTY_2896" name="TAPE_Width" value="20"/>
		<Property id="PROPERTY_2897" name="DESCRIPTION" value="TAPE-125C-BK-ADH_NON-TEAR-V_HIGH_NOISE-V_HIGH_WEAR"/>
		<Property id="PROPERTY_2898" name="BDL_BundleCoverLayer" value="10"/>
		<Property id="PROPERTY_2899" name="BDL_CoveringLength" value="426.0"/>
		<Property id="PROPERTY_2900" name="SYM_NAME" value="WIRETAPE¶Overlap-horz"/>
		<Property id="PROPERTY_2901" name="HRN_Level_Ref" value="AA/AB/AC/AD/AE/AF/AG/AH/AJ/AK/AL/AM/AN/AP/AR/BA/BB/BC/BD/BE/BF/BG/BH/BJ/CA/CB/CC/CD/CE/DA/DB/DC/DD"/>
		<Property id="PROPERTY_2902" name="HRN_Level_Ref" value="HA/HB/HC/HD/TM/TP/TR/UA/UB/UC/UD/UE/UF/VA/XA/XB/XC/XD/XE/XF/XG/XH/XJ/XK/XL/XM/XN/XP/XR/XS/YA/YB/YC"/>
		<Property id="PROPERTY_2903" name="HRN_Level_Ref" value="YD/YE/YF/YG/YH/YJ/YK/YL/YM/YN/YP/YR/YS/YT/YU/YV/ZA/ZB/ZC/ZD/ZE/ZF/ZG/ZH"/>
		<Property id="PROPERTY_2904" name="COLOR" value="BK"/>
		<Property id="PROPERTY_2905" name="SUB_PROJECT" value="HRN-14401"/>
		<Property id="PROPERTY_2906" name="DEVICE_NAME" value="TA220-23D1::"/>
		<Property id="PROPERTY_2907" name="BDL_CoveringEndPoint" value="N23-D1"/>
		<Property id="PROPERTY_2908" name="TAPE_Thickness" value="0.1"/>
		<Property id="PROPERTY_2909" name="BDL_CoveringStartPoint" value="TK220"/>
		<Property id="PROPERTY_2910" name="HRN_FAMILY" value="14401"/>
		<Property id="PROPERTY_2911" name="COMP_TYPE" value="TAPE"/>
		<BranchRoute id="BRR_7">
			<StartBranchPosition id="BR_POS_265" branchId="BRANCH_c2-4e-0-4c1088" branchNodeId="BN_19800-296" offset="0"/>
			<PassBranchId>BRANCH_c2-4e-0-4c1088</PassBranchId>
			<EndBranchPosition id="BR_POS_266" branchId="BRANCH_c2-4e-0-4c1088" branchNodeId="BN_19800-256" offset="0"/>
		</BranchRoute>
	</HarnessItem>
	<HarnessItem xsi:type="Protection" id="PROT_c2-1c-0-4bcbee" name="TA250-D2MM01" compType="ESKU5T-1A303-AA(B10Y21)" symbolName="WIRETAPE" symbolCharacteristic="Overlap-horz" length="176">
		<AppRef name="E3.Series" version="2.14.0.0" guid="d9846092-9663-42e2-b5f5-61164d2977a3"/>
		<Property id="PROPERTY_2912" name="TAPE_Width" value="20"/>
		<Property id="PROPERTY_2913" name="DESCRIPTION" value="TAPE-100C-BK-ADH_TEAR-MED_NOISE-LITTLE_WEAR"/>
		<Property id="PROPERTY_2914" name="BDL_BundleCoverLayer" value="10"/>
		<Property id="PROPERTY_2915" name="BDL_CoveringLength" value="466.0"/>
		<Property id="PROPERTY_2916" name="SYM_NAME" value="WIRETAPE¶Overlap-horz"/>
		<Property id="PROPERTY_2917" name="HRN_Level_Ref" value="ZA/ZB/ZC/ZD/ZE/ZF/ZG/ZH"/>
		<Property id="PROPERTY_2918" name="COLOR" value="BK"/>
		<Property id="PROPERTY_2919" name="SUB_PROJECT" value="HRN-14401"/>
		<Property id="PROPERTY_2920" name="DEVICE_NAME" value="TA250-D2MM01::"/>
		<Property id="PROPERTY_2921" name="BDL_CoveringEndPoint" value="TK250"/>
		<Property id="PROPERTY_2922" name="TAPE_Thickness" value="0.1"/>
		<Property id="PROPERTY_2923" name="BDL_CoveringStartPoint" value="DP2MM01-A"/>
		<Property id="PROPERTY_2924" name="HRN_FAMILY" value="14401"/>
		<Property id="PROPERTY_2925" name="COMP_TYPE" value="TAPE"/>
		<Option id="OPTION_c2-1c-0-4bcbee_1" value="HT2AC"/>
		<BranchRoute id="BRR_8">
			<StartBranchPosition id="BR_POS_267" branchId="BRANCH_c2-4e-0-4c0f26" branchNodeId="BN_17720-368" offset="0"/>
			<PassBranchId>BRANCH_c2-4e-0-4c0f26</PassBranchId>
			<PassBranchId>BRANCH_c2-4e-0-4c0f29</PassBranchId>
			<EndBranchPosition id="BR_POS_268" branchId="BRANCH_c2-4e-0-4c0f29" branchNodeId="BN_17720-192" offset="0"/>
		</BranchRoute>
	</HarnessItem>
	<HarnessItem xsi:type="Protection" id="PROT_c2-1c-0-4bcbff" name="TA260-N2YA03-C3" compType="ESKU5T-1A303-AA(B13Y21)" symbolName="WIRETAPE" symbolCharacteristic="Overlap-horz" length="192">
		<AppRef name="E3.Series" version="2.14.0.0" guid="d8330388-47ab-4264-b68c-d2fb75a21413"/>
		<Property id="PROPERTY_2926" name="TAPE_Width" value="19"/>
		<Property id="PROPERTY_2927" name="DESCRIPTION" value="TAPE-100C-OG-ADH_YES_NOISE_MED-WR-LITTLE"/>
		<Property id="PROPERTY_2928" name="BDL_BundleCoverLayer" value="10"/>
		<Property id="PROPERTY_2929" name="BDL_CoveringLength" value="201.0"/>
		<Property id="PROPERTY_2930" name="SYM_NAME" value="WIRETAPE¶Overlap-horz"/>
		<Property id="PROPERTY_2931" name="HRN_Level_Ref" value="AA/AB/AC/AD/AE/AF/AG/AH/AJ/AK/AL/AM/AN/AP/AR/BA/BB/BC/BD/BE/BF/BG/BH/BJ/CA/CB/CC/CD/CE/DA/DB/DC/DD"/>
		<Property id="PROPERTY_2932" name="HRN_Level_Ref" value="HA/HB/HC/HD/TM/TP/TR/UA/UB/UC/UD/UE/UF/VA/XA/XB/XC/XD/XE/XF/XG/XH/XJ/XK/XL/XM/XN/XP/XR/XS/YA/YB/YC"/>
		<Property id="PROPERTY_2933" name="HRN_Level_Ref" value="YD/YE/YF/YG/YH/YJ/YK/YL/YM/YN/YP/YR/YS/YT/YU/YV/ZA/ZB/ZC/ZD/ZE/ZF/ZG/ZH"/>
		<Property id="PROPERTY_2934" name="COLOR" value="OG"/>
		<Property id="PROPERTY_2935" name="SUB_PROJECT" value="HRN-14401"/>
		<Property id="PROPERTY_2936" name="DEVICE_NAME" value="TA260-N2YA03-C3::"/>
		<Property id="PROPERTY_2937" name="BDL_CoveringEndPoint" value="N2YA02-C3"/>
		<Property id="PROPERTY_2938" name="TAPE_Thickness" value="0.1"/>
		<Property id="PROPERTY_2939" name="BDL_CoveringStartPoint" value="TK260"/>
		<Property id="PROPERTY_2940" name="HRN_FAMILY" value="14401"/>
		<Property id="PROPERTY_2941" name="COMP_TYPE" value="TAPE"/>
		<BranchRoute id="BRR_9">
			<StartBranchPosition id="BR_POS_269" branchId="BRANCH_c2-4e-0-4c0ecf" branchNodeId="BN_17064-352" offset="0"/>
			<PassBranchId>BRANCH_c2-4e-0-4c0ecf</PassBranchId>
			<EndBranchPosition id="BR_POS_270" branchId="BRANCH_c2-4e-0-4c0ecf" branchNodeId="BN_17104-200" offset="0"/>
		</BranchRoute>
	</HarnessItem>
	<HarnessItem xsi:type="Protection" id="PROT_c2-1c-0-4bcc10" name="TA260-N2YA02-C2" compType="ESKU5T-1A303-AA(B13Y21)" symbolName="WIRETAPE" symbolCharacteristic="Overlap-horz" length="265.6888204074238">
		<AppRef name="E3.Series" version="2.14.0.0" guid="408488d1-00b5-4cd0-8244-5a442756f5c7"/>
		<Property id="PROPERTY_2942" name="TAPE_Width" value="19"/>
		<Property id="PROPERTY_2943" name="DESCRIPTION" value="TAPE-100C-OG-ADH_YES_NOISE_MED-WR-LITTLE"/>
		<Property id="PROPERTY_2944" name="BDL_BundleCoverLayer" value="10"/>
		<Property id="PROPERTY_2945" name="BDL_CoveringLength" value="213.0"/>
		<Property id="PROPERTY_2946" name="SYM_NAME" value="WIRETAPE¶Overlap-horz"/>
		<Property id="PROPERTY_2947" name="HRN_Level_Ref" value="AA/AB/AC/AD/AE/AF/AG/AH/AJ/AK/AL/AM/AN/AP/AR/BA/BB/BC/BD/BE/BF/BG/BH/BJ/CA/CB/CC/CD/CE/DA/DB/DC/DD"/>
		<Property id="PROPERTY_2948" name="HRN_Level_Ref" value="HA/HB/HC/HD/TM/TP/TR/UA/UB/UC/UD/UE/UF/VA/XA/XB/XC/XD/XE/XF/XG/XH/XJ/XK/XL/XM/XN/XP/XR/XS/YA/YB/YC"/>
		<Property id="PROPERTY_2949" name="HRN_Level_Ref" value="YD/YE/YF/YG/YH/YJ/YK/YL/YM/YN/YP/YR/YS/YT/YU/YV/ZA/ZB/ZC/ZD/ZE/ZF/ZG/ZH"/>
		<Property id="PROPERTY_2950" name="COLOR" value="OG"/>
		<Property id="PROPERTY_2951" name="SUB_PROJECT" value="HRN-14401"/>
		<Property id="PROPERTY_2952" name="DEVICE_NAME" value="TA260-N2YA02-C2::"/>
		<Property id="PROPERTY_2953" name="BDL_CoveringEndPoint" value="TK260"/>
		<Property id="PROPERTY_2954" name="TAPE_Thickness" value="0.1"/>
		<Property id="PROPERTY_2955" name="BDL_CoveringStartPoint" value="N2YA02-C2"/>
		<Property id="PROPERTY_2956" name="HRN_FAMILY" value="14401"/>
		<Property id="PROPERTY_2957" name="COMP_TYPE" value="TAPE"/>
		<BranchRoute id="BRR_10">
			<StartBranchPosition id="BR_POS_271" branchId="BRANCH_c2-4e-0-4c0ec8" branchNodeId="BN_17032-96" offset="0"/>
			<PassBranchId>BRANCH_c2-4e-0-4c0ec8</PassBranchId>
			<EndBranchPosition id="BR_POS_272" branchId="BRANCH_c2-4e-0-4c0ec8" branchNodeId="BN_17064-352" offset="0"/>
		</BranchRoute>
	</HarnessItem>
	<HarnessItem xsi:type="Protection" id="PROT_c2-1c-0-4bcc21" name="TA260-N2YA02-C1" compType="ESKU5T-1A303-AA(B10Y21)" symbolName="WIRETAPE" symbolCharacteristic="Overlap-horz" length="256.85281374238571">
		<AppRef name="E3.Series" version="2.14.0.0" guid="abded05c-7af7-422a-90e6-5a7bcb882e42"/>
		<Property id="PROPERTY_2958" name="TAPE_Width" value="20"/>
		<Property id="PROPERTY_2959" name="DESCRIPTION" value="TAPE-100C-BK-ADH_TEAR-MED_NOISE-LITTLE_WEAR"/>
		<Property id="PROPERTY_2960" name="BDL_BundleCoverLayer" value="10"/>
		<Property id="PROPERTY_2961" name="BDL_CoveringLength" value="165.0"/>
		<Property id="PROPERTY_2962" name="SYM_NAME" value="WIRETAPE¶Overlap-horz"/>
		<Property id="PROPERTY_2963" name="HRN_Level_Ref" value="AA/AB/AC/AD/AE/AF/AG/AH/AJ/AK/AL/AM/AN/AP/AR/BA/BB/BC/BD/BE/BF/BG/BH/BJ/CA/CB/CC/CD/CE/DA/DB/DC/DD"/>
		<Property id="PROPERTY_2964" name="HRN_Level_Ref" value="HA/HB/HC/HD/TM/TP/TR/UA/UB/UC/UD/UE/UF/VA/XA/XB/XC/XD/XE/XF/XG/XH/XJ/XK/XL/XM/XN/XP/XR/XS/YA/YB/YC"/>
		<Property id="PROPERTY_2965" name="HRN_Level_Ref" value="YD/YE/YF/YG/YH/YJ/YK/YL/YM/YN/YP/YR/YS/YT/YU/YV/ZA/ZB/ZC/ZD/ZE/ZF/ZG/ZH"/>
		<Property id="PROPERTY_2966" name="COLOR" value="BK"/>
		<Property id="PROPERTY_2967" name="SUB_PROJECT" value="HRN-14401"/>
		<Property id="PROPERTY_2968" name="DEVICE_NAME" value="TA260-N2YA02-C1::"/>
		<Property id="PROPERTY_2969" name="BDL_CoveringEndPoint" value="TK260"/>
		<Property id="PROPERTY_2970" name="TAPE_Thickness" value="0.1"/>
		<Property id="PROPERTY_2971" name="BDL_CoveringStartPoint" value="N2YA02-C1"/>
		<Property id="PROPERTY_2972" name="HRN_FAMILY" value="14401"/>
		<Property id="PROPERTY_2973" name="COMP_TYPE" value="TAPE"/>
		<BranchRoute id="BRR_11">
			<StartBranchPosition id="BR_POS_273" branchId="BRANCH_c2-4e-0-4c0ec1" branchNodeId="BN_16936-188" offset="0"/>
			<PassBranchId>BRANCH_c2-4e-0-4c0ec1</PassBranchId>
			<EndBranchPosition id="BR_POS_274" branchId="BRANCH_c2-4e-0-4c0ec1" branchNodeId="BN_17064-352" offset="0"/>
		</BranchRoute>
	</HarnessItem>
	<HarnessItem xsi:type="Protection" id="PROT_c2-1c-0-4bcc32" name="TA260-N2DC44-P" compType="ESKU5T-1A303-AA(B10Y21)" symbolName="WIRETAPE" symbolCharacteristic="Overlap-horz" length="419.77708763999664">
		<AppRef name="E3.Series" version="2.14.0.0" guid="f5471cb2-a0af-4670-ae29-d6c892d5cbb1"/>
		<Property id="PROPERTY_2974" name="TAPE_Width" value="20"/>
		<Property id="PROPERTY_2975" name="DESCRIPTION" value="TAPE-100C-BK-ADH_TEAR-MED_NOISE-LITTLE_WEAR"/>
		<Property id="PROPERTY_2976" name="BDL_BundleCoverLayer" value="10"/>
		<Property id="PROPERTY_2977" name="BDL_CoveringLength" value="109.0"/>
		<Property id="PROPERTY_2978" name="SYM_NAME" value="WIRETAPE¶Overlap-horz"/>
		<Property id="PROPERTY_2979" name="HRN_Level_Ref" value="AA/AB/AC/AD/AE/AF/AG/AH/AJ/AK/AL/AM/AN/AP/AR/BA/BB/BC/BD/BE/BF/BG/BH/BJ/CA/CB/CC/CD/CE/DA/DB/DC/DD"/>
		<Property id="PROPERTY_2980" name="HRN_Level_Ref" value="HA/HB/HC/HD/TM/TP/TR/UA/UB/UC/UD/UE/UF/VA/XA/XB/XC/XD/XE/XF/XG/XH/XJ/XK/XL/XM/XN/XP/XR/XS/YA/YB/YC"/>
		<Property id="PROPERTY_2981" name="HRN_Level_Ref" value="YD/YE/YF/YG/YH/YJ/YK/YL/YM/YN/YP/YR/YS/YT/YU/YV/ZA/ZB/ZC/ZD/ZE/ZF/ZG/ZH"/>
		<Property id="PROPERTY_2982" name="COLOR" value="BK"/>
		<Property id="PROPERTY_2983" name="SUB_PROJECT" value="HRN-14401"/>
		<Property id="PROPERTY_2984" name="DEVICE_NAME" value="TA260-N2DC44-P::"/>
		<Property id="PROPERTY_2985" name="BDL_CoveringEndPoint" value="TK260"/>
		<Property id="PROPERTY_2986" name="TAPE_Thickness" value="0.1"/>
		<Property id="PROPERTY_2987" name="BDL_CoveringStartPoint" value="N2DC44-P"/>
		<Property id="PROPERTY_2988" name="HRN_FAMILY" value="14401"/>
		<Property id="PROPERTY_2989" name="COMP_TYPE" value="TAPE"/>
		<BranchRoute id="BRR_12">
			<StartBranchPosition id="BR_POS_275" branchId="BRANCH_c2-4e-0-4c0ebe" branchNodeId="BN_16720-264" offset="0"/>
			<PassBranchId>BRANCH_c2-4e-0-4c0ebe</PassBranchId>
			<EndBranchPosition id="BR_POS_276" branchId="BRANCH_c2-4e-0-4c0ebe" branchNodeId="BN_17064-352" offset="0"/>
		</BranchRoute>
	</HarnessItem>
	<HarnessItem xsi:type="Protection" id="PROT_c2-1c-0-4bcc43" name="TA260-N2DC08" compType="ESKU5T-1A303-AA(B10Y21)" symbolName="WIRETAPE" symbolCharacteristic="Overlap-horz" length="695.75003993989435">
		<AppRef name="E3.Series" version="2.14.0.0" guid="952681df-3589-4999-b7ab-d176172b53a8"/>
		<Property id="PROPERTY_2990" name="TAPE_Width" value="20"/>
		<Property id="PROPERTY_2991" name="DESCRIPTION" value="TAPE-100C-BK-ADH_TEAR-MED_NOISE-LITTLE_WEAR"/>
		<Property id="PROPERTY_2992" name="BDL_BundleCoverLayer" value="10"/>
		<Property id="PROPERTY_2993" name="BDL_CoveringLength" value="160.0"/>
		<Property id="PROPERTY_2994" name="SYM_NAME" value="WIRETAPE¶Overlap-horz"/>
		<Property id="PROPERTY_2995" name="HRN_Level_Ref" value="AA/AB/AC/AD/AE/AF/AG/AH/AJ/AK/AL/AM/AN/AP/AR/BA/BB/BC/BD/BE/BF/BG/BH/BJ/CA/CB/CC/CD/CE/DA/DB/DC/DD"/>
		<Property id="PROPERTY_2996" name="HRN_Level_Ref" value="HA/HB/HC/HD/TM/TP/TR/UA/UB/UC/UD/UE/UF/VA/XA/XB/XC/XD/XE/XF/XG/XH/XJ/XK/XL/XM/XN/XP/XR/XS/YA/YB/YC"/>
		<Property id="PROPERTY_2997" name="HRN_Level_Ref" value="YD/YE/YF/YG/YH/YJ/YK/YL/YM/YN/YP/YR/YS/YT/YU/YV/ZA/ZB/ZC/ZD/ZE/ZF/ZG/ZH"/>
		<Property id="PROPERTY_2998" name="COLOR" value="BK"/>
		<Property id="PROPERTY_2999" name="SUB_PROJECT" value="HRN-14401"/>
		<Property id="PROPERTY_3000" name="DEVICE_NAME" value="TA260-N2DC08::"/>
		<Property id="PROPERTY_3001" name="BDL_CoveringEndPoint" value="TK260"/>
		<Property id="PROPERTY_3002" name="TAPE_Thickness" value="0.1"/>
		<Property id="PROPERTY_3003" name="BDL_CoveringStartPoint" value="N2DC08"/>
		<Property id="PROPERTY_3004" name="HRN_FAMILY" value="14401"/>
		<Property id="PROPERTY_3005" name="COMP_TYPE" value="TAPE"/>
		<BranchRoute id="BRR_13">
			<StartBranchPosition id="BR_POS_277" branchId="BRANCH_c2-4e-0-4c0eeb" branchNodeId="BN_16568_25-152_156" offset="0"/>
			<PassBranchId>BRANCH_c2-4e-0-4c0eeb</PassBranchId>
			<EndBranchPosition id="BR_POS_278" branchId="BRANCH_c2-4e-0-4c0eeb" branchNodeId="BN_17064-352" offset="0"/>
		</BranchRoute>
	</HarnessItem>
	<HarnessItem xsi:type="Protection" id="PROT_c2-1c-0-4bcc54" name="TA250-260" compType="ESKU5T-1A303-AA(B10Y21)" symbolName="WIRETAPE" symbolCharacteristic="Overlap-horz" length="659.77708763999658">
		<AppRef name="E3.Series" version="2.14.0.0" guid="55d8a3dc-5407-4dd4-b5e7-197244e01103"/>
		<Property id="PROPERTY_3006" name="TAPE_Width" value="20"/>
		<Property id="PROPERTY_3007" name="DESCRIPTION" value="TAPE-100C-BK-ADH_TEAR-MED_NOISE-LITTLE_WEAR"/>
		<Property id="PROPERTY_3008" name="BDL_BundleCoverLayer" value="10"/>
		<Property id="PROPERTY_3009" name="BDL_CoveringLength" value="397.0"/>
		<Property id="PROPERTY_3010" name="SYM_NAME" value="WIRETAPE¶Overlap-horz"/>
		<Property id="PROPERTY_3011" name="HRN_Level_Ref" value="AA/AD/AF/AH/AK/AM/AP/BA/BD/BF/XA/XC/XE/XG"/>
		<Property id="PROPERTY_3012" name="COLOR" value="BK"/>
		<Property id="PROPERTY_3013" name="SUB_PROJECT" value="HRN-14401"/>
		<Property id="PROPERTY_3014" name="DEVICE_NAME" value="TA250-260::"/>
		<Property id="PROPERTY_3015" name="BDL_CoveringEndPoint" value="TK250"/>
		<Property id="PROPERTY_3016" name="TAPE_Thickness" value="0.1"/>
		<Property id="PROPERTY_3017" name="BDL_CoveringStartPoint" value="TK260"/>
		<Property id="PROPERTY_3018" name="HRN_FAMILY" value="14401"/>
		<Property id="PROPERTY_3019" name="COMP_TYPE" value="TAPE"/>
		<Option id="OPTION_c2-1c-0-4bcc54_1" value="HUKAA"/>
		<BranchRoute id="BRR_14">
			<StartBranchPosition id="BR_POS_279" branchId="BRANCH_c2-4e-0-4c0d46" branchNodeId="BN_17064-352" offset="0"/>
			<PassBranchId>BRANCH_c2-4e-0-4c0d46</PassBranchId>
			<PassBranchId>BRANCH_c2-4e-0-4c0f30</PassBranchId>
			<EndBranchPosition id="BR_POS_280" branchId="BRANCH_c2-4e-0-4c0f30" branchNodeId="BN_17720-368" offset="0"/>
		</BranchRoute>
	</HarnessItem>
	<HarnessItem xsi:type="Protection" id="PROT_c2-1c-0-4bcc65" name="TA240-23E1" compType="ESKU5T-1A303-AA(B10Y00)" symbolName="WIRETAPE" symbolCharacteristic="Overlap-horz" length="162.22735557711638">
		<AppRef name="E3.Series" version="2.14.0.0" guid="729c6ec1-d429-4164-b6fa-6eab9b1a30d9"/>
		<Property id="PROPERTY_3020" name="TAPE_Width" value="20"/>
		<Property id="PROPERTY_3021" name="DESCRIPTION" value="TAPE-100C-BK-ADH_TEAR-NO_NOISE-NO_WEAR"/>
		<Property id="PROPERTY_3022" name="BDL_BundleCoverLayer" value="10"/>
		<Property id="PROPERTY_3023" name="BDL_CoveringLength" value="585.0"/>
		<Property id="PROPERTY_3024" name="SYM_NAME" value="WIRETAPE¶Overlap-horz"/>
		<Property id="PROPERTY_3025" name="HRN_Level_Ref" value="AA/AB/AC/AD/AE/AF/AG/AH/AJ/AK/AL/AM/AN/AP/AR/BA/BB/BC/BD/BE/BF/BG/BH/BJ/CA/CB/CC/CD/CE/DA/DB/DC/DD"/>
		<Property id="PROPERTY_3026" name="HRN_Level_Ref" value="HA/HB/HC/HD/TM/TP/TR/UA/UB/UC/UD/UE/UF/VA/XA/XB/XC/XD/XE/XF/XG/XH/XJ/XK/XL/XM/XN/XP/XR/XS/YA/YB/YC"/>
		<Property id="PROPERTY_3027" name="HRN_Level_Ref" value="YD/YE/YF/YG/YH/YJ/YK/YL/YM/YN/YP/YR/YS/YT/YU/YV/ZA/ZB/ZC/ZD/ZE/ZF/ZG/ZH"/>
		<Property id="PROPERTY_3028" name="COLOR" value="BK"/>
		<Property id="PROPERTY_3029" name="SUB_PROJECT" value="HRN-14401"/>
		<Property id="PROPERTY_3030" name="DEVICE_NAME" value="TA240-23E1::"/>
		<Property id="PROPERTY_3031" name="BDL_CoveringEndPoint" value="N23-E1"/>
		<Property id="PROPERTY_3032" name="TAPE_Thickness" value="0.1"/>
		<Property id="PROPERTY_3033" name="BDL_CoveringStartPoint" value="TK240"/>
		<Property id="PROPERTY_3034" name="HRN_FAMILY" value="14401"/>
		<Property id="PROPERTY_3035" name="COMP_TYPE" value="TAPE"/>
		<BranchRoute id="BRR_15">
			<StartBranchPosition id="BR_POS_281" branchId="BRANCH_c2-4e-0-4c0dfa" branchNodeId="BN_18448-216" offset="0"/>
			<PassBranchId>BRANCH_c2-4e-0-4c0dfa</PassBranchId>
			<PassBranchId>BRANCH_c2-4e-0-4c10f5</PassBranchId>
			<EndBranchPosition id="BR_POS_282" branchId="BRANCH_c2-4e-0-4c10f5" branchNodeId="BN_18520-336" offset="0"/>
		</BranchRoute>
	</HarnessItem>
	<HarnessItem xsi:type="Protection" id="PROT_c2-1c-0-4bcc87" name="TA250-270" compType="ESKU5T-1A303-AA(B10Y21)" symbolName="WIRETAPE" symbolCharacteristic="Overlap-horz" length="1224">
		<AppRef name="E3.Series" version="2.14.0.0" guid="8e8113f9-892b-417c-86a8-6b5bc53895b4"/>
		<Property id="PROPERTY_3036" name="TAPE_Width" value="20"/>
		<Property id="PROPERTY_3037" name="DESCRIPTION" value="TAPE-100C-BK-ADH_TEAR-MED_NOISE-LITTLE_WEAR"/>
		<Property id="PROPERTY_3038" name="BDL_BundleCoverLayer" value="10"/>
		<Property id="PROPERTY_3039" name="BDL_CoveringLength" value="513.0"/>
		<Property id="PROPERTY_3040" name="SYM_NAME" value="WIRETAPE¶Overlap-horz"/>
		<Property id="PROPERTY_3041" name="HRN_Level_Ref" value="AA/AB/AC/AD/AE/AF/AG/AH/AJ/AK/AL/AM/AN/AP/AR/BA/BB/BC/BD/BE/BF/BG/BH/BJ/CA/CB/CC/CD/CE/DA/DB/DC/DD"/>
		<Property id="PROPERTY_3042" name="HRN_Level_Ref" value="HA/HB/HC/HD/TM/TP/TR/UA/UB/UC/UD/UE/UF/VA/XA/XB/XC/XD/XE/XF/XG/XH/XJ/XK/XL/XM/XN/XP/XR/XS/YA/YB/YC"/>
		<Property id="PROPERTY_3043" name="HRN_Level_Ref" value="YD/YE/YF/YG/YH/YJ/YK/YL/YM/YN/YP/YR/YS/YT/YU/YV/ZA/ZB/ZC/ZD/ZE/ZF/ZG/ZH"/>
		<Property id="PROPERTY_3044" name="COLOR" value="BK"/>
		<Property id="PROPERTY_3045" name="SUB_PROJECT" value="HRN-14401"/>
		<Property id="PROPERTY_3046" name="DEVICE_NAME" value="TA250-270::"/>
		<Property id="PROPERTY_3047" name="BDL_CoveringEndPoint" value="TK250"/>
		<Property id="PROPERTY_3048" name="TAPE_Thickness" value="0.1"/>
		<Property id="PROPERTY_3049" name="BDL_CoveringStartPoint" value="TK270"/>
		<Property id="PROPERTY_3050" name="HRN_FAMILY" value="14401"/>
		<Property id="PROPERTY_3051" name="COMP_TYPE" value="TAPE"/>
		<BranchRoute id="BRR_16">
			<StartBranchPosition id="BR_POS_283" branchId="BRANCH_c2-4e-0-4c0f34" branchNodeId="BN_16496-368" offset="0"/>
			<PassBranchId>BRANCH_c2-4e-0-4c0f34</PassBranchId>
			<EndBranchPosition id="BR_POS_284" branchId="BRANCH_c2-4e-0-4c0f34" branchNodeId="BN_17720-368" offset="0"/>
		</BranchRoute>
	</HarnessItem>
	<HarnessItem xsi:type="Protection" id="PROT_c2-1c-0-4bcc98" name="TA270-2DC09" compType="ESKU5T-1A303-AA(B10Y21)" symbolName="WIRETAPE" symbolCharacteristic="Overlap-horz" length="120">
		<AppRef name="E3.Series" version="2.14.0.0" guid="cc778bb7-0abb-4b5d-a155-bc02e8753c36"/>
		<Property id="PROPERTY_3052" name="TAPE_Width" value="20"/>
		<Property id="PROPERTY_3053" name="DESCRIPTION" value="TAPE-100C-BK-ADH_TEAR-MED_NOISE-LITTLE_WEAR"/>
		<Property id="PROPERTY_3054" name="BDL_BundleCoverLayer" value="10"/>
		<Property id="PROPERTY_3055" name="BDL_CoveringLength" value="328.0"/>
		<Property id="PROPERTY_3056" name="SYM_NAME" value="WIRETAPE¶Overlap-horz"/>
		<Property id="PROPERTY_3057" name="HRN_Level_Ref" value="AA/AB/AC/AD/AE/AF/AG/AH/AJ/AK/AL/AM/AN/AP/AR/UA/UC/UF/XA/XB/XC/XD/XS/YA/YB/YC/YD/YU/YV"/>
		<Property id="PROPERTY_3058" name="COLOR" value="BK"/>
		<Property id="PROPERTY_3059" name="SUB_PROJECT" value="HRN-14401"/>
		<Property id="PROPERTY_3060" name="DEVICE_NAME" value="TA270-2DC09::"/>
		<Property id="PROPERTY_3061" name="BDL_CoveringEndPoint" value="N2DC09"/>
		<Property id="PROPERTY_3062" name="TAPE_Thickness" value="0.1"/>
		<Property id="PROPERTY_3063" name="BDL_CoveringStartPoint" value="TK270"/>
		<Property id="PROPERTY_3064" name="HRN_FAMILY" value="14401"/>
		<Property id="PROPERTY_3065" name="COMP_TYPE" value="TAPE"/>
		<Option id="OPTION_c2-1c-0-4bcc98_1" value="B5WAA"/>
		<BranchRoute id="BRR_17">
			<StartBranchPosition id="BR_POS_285" branchId="BRANCH_c2-4e-0-4c0ffc" branchNodeId="BN_16496-368" offset="0"/>
			<PassBranchId>BRANCH_c2-4e-0-4c0ffc</PassBranchId>
			<EndBranchPosition id="BR_POS_286" branchId="BRANCH_c2-4e-0-4c0ffc" branchNodeId="BN_16496-248" offset="0"/>
		</BranchRoute>
	</HarnessItem>
	<HarnessItem xsi:type="Protection" id="PROT_c2-1c-0-4bcca9" name="TA270-280" compType="ESKU5T-1A303-AA(B10Y21)" symbolName="WIRETAPE" symbolCharacteristic="Overlap-horz" length="352">
		<AppRef name="E3.Series" version="2.14.0.0" guid="d3909899-fd67-4c02-ba6c-c4d46a05e8ba"/>
		<Property id="PROPERTY_3066" name="TAPE_Width" value="20"/>
		<Property id="PROPERTY_3067" name="DESCRIPTION" value="TAPE-100C-BK-ADH_TEAR-MED_NOISE-LITTLE_WEAR"/>
		<Property id="PROPERTY_3068" name="BDL_BundleCoverLayer" value="10"/>
		<Property id="PROPERTY_3069" name="BDL_CoveringLength" value="605.0"/>
		<Property id="PROPERTY_3070" name="SYM_NAME" value="WIRETAPE¶Overlap-horz"/>
		<Property id="PROPERTY_3071" name="HRN_Level_Ref" value="AA/AB/AC/AD/AE/AF/AG/AH/AJ/AK/AL/AM/AN/AP/AR/BA/BB/BC/BD/BE/BF/BG/BH/BJ/CA/CB/CC/CD/CE/DA/DB/DC/DD"/>
		<Property id="PROPERTY_3072" name="HRN_Level_Ref" value="HA/HB/HC/HD/TM/TP/TR/UA/UB/UC/UD/UE/UF/VA/XA/XB/XC/XD/XE/XF/XG/XH/XJ/XK/XL/XM/XN/XP/XR/XS/YA/YB/YC"/>
		<Property id="PROPERTY_3073" name="HRN_Level_Ref" value="YD/YE/YF/YG/YH/YJ/YK/YL/YM/YN/YP/YR/YS/YT/YU/YV/ZA/ZB/ZC/ZD/ZE/ZF/ZG/ZH"/>
		<Property id="PROPERTY_3074" name="COLOR" value="BK"/>
		<Property id="PROPERTY_3075" name="SUB_PROJECT" value="HRN-14401"/>
		<Property id="PROPERTY_3076" name="DEVICE_NAME" value="TA270-280::"/>
		<Property id="PROPERTY_3077" name="BDL_CoveringEndPoint" value="TK270"/>
		<Property id="PROPERTY_3078" name="TAPE_Thickness" value="0.1"/>
		<Property id="PROPERTY_3079" name="BDL_CoveringStartPoint" value="TK280"/>
		<Property id="PROPERTY_3080" name="HRN_FAMILY" value="14401"/>
		<Property id="PROPERTY_3081" name="COMP_TYPE" value="TAPE"/>
		<BranchRoute id="BRR_18">
			<StartBranchPosition id="BR_POS_287" branchId="BRANCH_c2-4e-0-4c0ff9" branchNodeId="BN_16496-368" offset="0"/>
			<PassBranchId>BRANCH_c2-4e-0-4c0ff9</PassBranchId>
			<PassBranchId>BRANCH_c2-4e-0-4c10c3</PassBranchId>
			<EndBranchPosition id="BR_POS_288" branchId="BRANCH_c2-4e-0-4c10c3" branchNodeId="BN_16144-368" offset="0"/>
		</BranchRoute>
	</HarnessItem>
	<HarnessItem xsi:type="Protection" id="PROT_c2-1c-0-4bccba" name="TA280-2H101A" compType="ESKU5T-1A303-AA(B10Y21)" symbolName="WIRETAPE" symbolCharacteristic="Overlap-horz" length="2320.0036363606309">
		<AppRef name="E3.Series" version="2.14.0.0" guid="a875ce64-45d2-4087-915a-36fab30510e3"/>
		<Property id="PROPERTY_3082" name="TAPE_Width" value="20"/>
		<Property id="PROPERTY_3083" name="DESCRIPTION" value="TAPE-100C-BK-ADH_TEAR-MED_NOISE-LITTLE_WEAR"/>
		<Property id="PROPERTY_3084" name="BDL_BundleCoverLayer" value="10"/>
		<Property id="PROPERTY_3085" name="BDL_CoveringLength" value="264.0"/>
		<Property id="PROPERTY_3086" name="SYM_NAME" value="WIRETAPE¶Overlap-horz"/>
		<Property id="PROPERTY_3087" name="HRN_Level_Ref" value="AA/AB/AD/AE/AF/AG/AH/AJ/AK/AL/AM/AN/AP/AR/BA/BB/BD/BE/BF/BG/BH/BJ/CA/CB/CC/CD/CE/DA/DB/DC/DD/HA/HB"/>
		<Property id="PROPERTY_3088" name="HRN_Level_Ref" value="HC/HD/TM/TP/TR/UA/UB/UC/UD/UE/UF/VA/XA/XB/XC/XD/XE/XF/XG/XH/XJ/XK/XL/XM/XN/XP/XR/XS/YC/YD/YG/YH/YK"/>
		<Property id="PROPERTY_3089" name="HRN_Level_Ref" value="YL/YM/YN/YP/YR/YS/YT/YU/YV/ZD/ZE/ZG/ZH"/>
		<Property id="PROPERTY_3090" name="COLOR" value="BK"/>
		<Property id="PROPERTY_3091" name="SUB_PROJECT" value="HRN-14401"/>
		<Property id="PROPERTY_3092" name="DEVICE_NAME" value="TA280-2H101A::"/>
		<Property id="PROPERTY_3093" name="BDL_CoveringEndPoint" value="TK280"/>
		<Property id="PROPERTY_3094" name="TAPE_Thickness" value="0.1"/>
		<Property id="PROPERTY_3095" name="BDL_CoveringStartPoint" value="N2H101-A"/>
		<Property id="PROPERTY_3096" name="HRN_FAMILY" value="14401"/>
		<Property id="PROPERTY_3097" name="COMP_TYPE" value="TAPE"/>
		<Option id="OPTION_c2-1c-0-4bccba_1" value="HJGAX | EN_BM"/>
		<BranchRoute id="BRR_19">
			<StartBranchPosition id="BR_POS_289" branchId="BRANCH_c2-4e-0-4c0f40" branchNodeId="BN_13944-252" offset="0"/>
			<PassBranchId>BRANCH_c2-4e-0-4c0f40</PassBranchId>
			<EndBranchPosition id="BR_POS_290" branchId="BRANCH_c2-4e-0-4c0f40" branchNodeId="BN_16144-368" offset="0"/>
		</BranchRoute>
	</HarnessItem>
	<HarnessItem xsi:type="Protection" id="PROT_c2-1c-0-4bcce3" name="TA320-2DC38" compType="ESKU5T-1A303-AA(B10Y21)" symbolName="WIRETAPE" symbolCharacteristic="Overlap-horz" length="128.00001525878906">
		<AppRef name="E3.Series" version="2.14.0.0" guid="746aef53-2d6d-4eaf-b49e-533f3d0ab5b6"/>
		<Property id="PROPERTY_3098" name="TAPE_Width" value="20"/>
		<Property id="PROPERTY_3099" name="DESCRIPTION" value="TAPE-100C-BK-ADH_TEAR-MED_NOISE-LITTLE_WEAR"/>
		<Property id="PROPERTY_3100" name="BDL_BundleCoverLayer" value="10"/>
		<Property id="PROPERTY_3101" name="BDL_CoveringLength" value="282.0"/>
		<Property id="PROPERTY_3102" name="SYM_NAME" value="WIRETAPE¶Overlap-horz"/>
		<Property id="PROPERTY_3103" name="HRN_Level_Ref" value="AH/AJ/AK/AL/AM/AN/AP/AR/BH/BJ/CB/CC/CD/CE/DA/DB/DC/DD/HA/HB/HC/HD/TM/TP/TR/VA/XJ/XL/XM/XN/XP/XR/XS"/>
		<Property id="PROPERTY_3104" name="HRN_Level_Ref" value="YC/YD/YG/YH/YK/YL/YM/YN/YP/YR/YS/YT/YU/YV/ZA/ZB/ZC/ZD/ZF/ZH"/>
		<Property id="PROPERTY_3105" name="COLOR" value="BK"/>
		<Property id="PROPERTY_3106" name="SUB_PROJECT" value="HRN-14401"/>
		<Property id="PROPERTY_3107" name="DEVICE_NAME" value="TA320-2DC38::"/>
		<Property id="PROPERTY_3108" name="BDL_CoveringEndPoint" value="N2DC38"/>
		<Property id="PROPERTY_3109" name="TAPE_Thickness" value="0.1"/>
		<Property id="PROPERTY_3110" name="BDL_CoveringStartPoint" value="TK320"/>
		<Property id="PROPERTY_3111" name="HRN_FAMILY" value="14401"/>
		<Property id="PROPERTY_3112" name="COMP_TYPE" value="TAPE"/>
		<Option id="OPTION_c2-1c-0-4bcce3_1" value="CBGAL"/>
		<BranchRoute id="BRR_20">
			<StartBranchPosition id="BR_POS_291" branchId="BRANCH_c2-4e-0-4c0ea8" branchNodeId="BN_12382_25-230_156" offset="0"/>
			<PassBranchId>BRANCH_c2-4e-0-4c0ea8</PassBranchId>
			<EndBranchPosition id="BR_POS_292" branchId="BRANCH_c2-4e-0-4c0ea8" branchNodeId="BN_12382_25-358_156" offset="0"/>
		</BranchRoute>
	</HarnessItem>
	<HarnessItem xsi:type="Protection" id="PROT_c2-1c-0-4bccf5" name="TA330-2DC41" compType="ESKU5T-1A303-AA(B10Y21)" symbolName="WIRETAPE" symbolCharacteristic="Overlap-horz" length="315.24101396241565">
		<AppRef name="E3.Series" version="2.14.0.0" guid="40908564-4c92-4085-a570-535822c7e210"/>
		<Property id="PROPERTY_3113" name="TAPE_Width" value="20"/>
		<Property id="PROPERTY_3114" name="DESCRIPTION" value="TAPE-100C-BK-ADH_TEAR-MED_NOISE-LITTLE_WEAR"/>
		<Property id="PROPERTY_3115" name="BDL_BundleCoverLayer" value="10"/>
		<Property id="PROPERTY_3116" name="BDL_CoveringLength" value="125.0"/>
		<Property id="PROPERTY_3117" name="SYM_NAME" value="WIRETAPE¶Overlap-horz"/>
		<Property id="PROPERTY_3118" name="HRN_Level_Ref" value="AA/AB/AC/AD/AE/AG/BA/BB/BC/BD/BE/BG/XA/XB/XD/XE/XF/XH/YA/YB/YE/YF"/>
		<Property id="PROPERTY_3119" name="COLOR" value="BK"/>
		<Property id="PROPERTY_3120" name="SUB_PROJECT" value="HRN-14401"/>
		<Property id="PROPERTY_3121" name="DEVICE_NAME" value="TA330-2DC41::"/>
		<Property id="PROPERTY_3122" name="BDL_CoveringEndPoint" value="TK330"/>
		<Property id="PROPERTY_3123" name="TAPE_Thickness" value="0.1"/>
		<Property id="PROPERTY_3124" name="BDL_CoveringStartPoint" value="N2DC41"/>
		<Property id="PROPERTY_3125" name="HRN_FAMILY" value="14401"/>
		<Property id="PROPERTY_3126" name="COMP_TYPE" value="TAPE"/>
		<Option id="OPTION_c2-1c-0-4bccf5_1" value="CBGAD"/>
		<BranchRoute id="BRR_21">
			<StartBranchPosition id="BR_POS_293" branchId="BRANCH_c2-4e-0-4c100d" branchNodeId="BN_12206_25-358_156" offset="0"/>
			<PassBranchId>BRANCH_c2-4e-0-4c100d</PassBranchId>
			<PassBranchId>BRANCH_c2-4e-0-4c100f</PassBranchId>
			<EndBranchPosition id="BR_POS_294" branchId="BRANCH_c2-4e-0-4c100f" branchNodeId="BN_12094_25-142_156" offset="0"/>
		</BranchRoute>
	</HarnessItem>
	<HarnessItem xsi:type="Protection" id="PROT_c2-1c-0-4bcd06" name="TA290-420" compType="ESKU5T-1A303-AA(C10N44)" symbolName="WIRETAPE" symbolCharacteristic="Overlap-horz" length="3315.8329032700663">
		<AppRef name="E3.Series" version="2.14.0.0" guid="001f870a-73d9-4261-beb0-705cbb3e81d7"/>
		<Property id="PROPERTY_3127" name="TAPE_Width" value="20"/>
		<Property id="PROPERTY_3128" name="DESCRIPTION" value="TAPE-125C-BK-ADH_NON-TEAR-V_HIGH_NOISE-V_HIGH_WEAR"/>
		<Property id="PROPERTY_3129" name="BDL_BundleCoverLayer" value="10"/>
		<Property id="PROPERTY_3130" name="BDL_CoveringLength" value="1188.0"/>
		<Property id="PROPERTY_3131" name="SYM_NAME" value="WIRETAPE¶Overlap-horz"/>
		<Property id="PROPERTY_3132" name="HRN_Level_Ref" value="AA/AB/AC/AD/AE/AF/AG/AH/AJ/AK/AL/AM/AN/AP/AR/BA/BB/BC/BD/BE/BF/BG/BH/BJ/CA/CB/CC/CD/CE/DA/DB/DC/DD"/>
		<Property id="PROPERTY_3133" name="HRN_Level_Ref" value="HA/HB/HC/HD/TM/TP/TR/UA/UB/UC/UD/UE/UF/VA/XA/XB/XC/XD/XE/XF/XG/XH/XJ/XK/XL/XM/XN/XP/XR/XS/YA/YB/YC"/>
		<Property id="PROPERTY_3134" name="HRN_Level_Ref" value="YD/YE/YF/YG/YH/YJ/YK/YL/YM/YN/YP/YR/YS/YT/YU/YV/ZA/ZB/ZC/ZD/ZE/ZF/ZG/ZH"/>
		<Property id="PROPERTY_3135" name="COLOR" value="BK"/>
		<Property id="PROPERTY_3136" name="SUB_PROJECT" value="HRN-14401"/>
		<Property id="PROPERTY_3137" name="DEVICE_NAME" value="TA290-420::"/>
		<Property id="PROPERTY_3138" name="BDL_CoveringEndPoint" value="TK290"/>
		<Property id="PROPERTY_3139" name="TAPE_Thickness" value="0.1"/>
		<Property id="PROPERTY_3140" name="BDL_CoveringStartPoint" value="TK420"/>
		<Property id="PROPERTY_3141" name="HRN_FAMILY" value="14401"/>
		<Property id="PROPERTY_3142" name="COMP_TYPE" value="TAPE"/>
		<BranchRoute id="BRR_22">
			<StartBranchPosition id="BR_POS_295" branchId="BRANCH_c2-4e-0-4c0f45" branchNodeId="BN_12720-392" offset="0"/>
			<PassBranchId>BRANCH_c2-4e-0-4c0f45</PassBranchId>
			<PassBranchId>BRANCH_c2-4e-0-4c1005</PassBranchId>
			<PassBranchId>BRANCH_c2-4e-0-4c0f7e</PassBranchId>
			<PassBranchId>BRANCH_c2-4e-0-4c0fb4</PassBranchId>
			<EndBranchPosition id="BR_POS_296" branchId="BRANCH_c2-4e-0-4c0fb4" branchNodeId="BN_9407-374" offset="0"/>
		</BranchRoute>
	</HarnessItem>
	<HarnessItem xsi:type="Protection" id="PROT_c2-1c-0-4bcd17" name="TA450-2AT50" compType="ESKU5T-1A303-AA(B10Y21)" symbolName="WIRETAPE" symbolCharacteristic="Overlap-horz" length="280.80255454207725">
		<AppRef name="E3.Series" version="2.14.0.0" guid="1b5181cc-40e2-4d10-ad4c-bc34eb9bccda"/>
		<Property id="PROPERTY_3143" name="TAPE_Width" value="20"/>
		<Property id="PROPERTY_3144" name="DESCRIPTION" value="TAPE-100C-BK-ADH_TEAR-MED_NOISE-LITTLE_WEAR"/>
		<Property id="PROPERTY_3145" name="BDL_BundleCoverLayer" value="10"/>
		<Property id="PROPERTY_3146" name="BDL_CoveringLength" value="255.0"/>
		<Property id="PROPERTY_3147" name="SYM_NAME" value="WIRETAPE¶Overlap-horz"/>
		<Property id="PROPERTY_3148" name="HRN_Level_Ref" value="AA/AB/AC/AD/AE/AF/AG/AH/AJ/AK/AL/AM/AN/AP/AR/BA/BB/BC/BD/BE/BF/BG/BH/BJ/CA/CB/CC/CD/CE/DA/DB/DC/DD"/>
		<Property id="PROPERTY_3149" name="HRN_Level_Ref" value="HA/HB/HC/HD/TM/TP/TR/UA/UB/UC/UD/UE/UF/VA/XA/XB/XC/XD/XE/XF/XG/XH/XJ/XK/XL/XM/XN/XP/XR/XS/YA/YB/YC"/>
		<Property id="PROPERTY_3150" name="HRN_Level_Ref" value="YD/YE/YF/YG/YH/YJ/YK/YL/YM/YN/YP/YR/YS/YT/YU/YV/ZA/ZB/ZC/ZD/ZE/ZF/ZG/ZH"/>
		<Property id="PROPERTY_3151" name="COLOR" value="BK"/>
		<Property id="PROPERTY_3152" name="SUB_PROJECT" value="HRN-14401"/>
		<Property id="PROPERTY_3153" name="DEVICE_NAME" value="TA450-2AT50::"/>
		<Property id="PROPERTY_3154" name="BDL_CoveringEndPoint" value="TK450"/>
		<Property id="PROPERTY_3155" name="TAPE_Thickness" value="0.1"/>
		<Property id="PROPERTY_3156" name="BDL_CoveringStartPoint" value="N2AT50"/>
		<Property id="PROPERTY_3157" name="HRN_FAMILY" value="14401"/>
		<Property id="PROPERTY_3158" name="COMP_TYPE" value="TAPE"/>
		<BranchRoute id="BRR_23">
			<StartBranchPosition id="BR_POS_297" branchId="BRANCH_c2-4e-0-4c0fbd" branchNodeId="BN_8352_25-185_156" offset="0"/>
			<PassBranchId>BRANCH_c2-4e-0-4c0fbd</PassBranchId>
			<EndBranchPosition id="BR_POS_298" branchId="BRANCH_c2-4e-0-4c0fbd" branchNodeId="BN_8520-376" offset="0"/>
		</BranchRoute>
	</HarnessItem>
	<HarnessItem xsi:type="Protection" id="PROT_c2-1c-0-4bcd28" name="TA450-2CF40" compType="ESKU5T-1A303-AA(B10Y21)" symbolName="WIRETAPE" symbolCharacteristic="Overlap-horz" length="104">
		<AppRef name="E3.Series" version="2.14.0.0" guid="b1647609-8da1-47c5-bb92-acb09aebe39b"/>
		<Property id="PROPERTY_3159" name="TAPE_Width" value="20"/>
		<Property id="PROPERTY_3160" name="DESCRIPTION" value="TAPE-100C-BK-ADH_TEAR-MED_NOISE-LITTLE_WEAR"/>
		<Property id="PROPERTY_3161" name="BDL_BundleCoverLayer" value="10"/>
		<Property id="PROPERTY_3162" name="BDL_CoveringLength" value="219.0"/>
		<Property id="PROPERTY_3163" name="SYM_NAME" value="WIRETAPE¶Overlap-horz"/>
		<Property id="PROPERTY_3164" name="HRN_Level_Ref" value="AA/AB/AC/AD/AE/AF/AG/AH/AJ/AK/AL/AM/AN/AP/AR/BA/BB/BC/BD/BE/BF/BG/BH/BJ/CA/CB/CC/CD/CE/DA/DB/DC/DD"/>
		<Property id="PROPERTY_3165" name="HRN_Level_Ref" value="HA/HB/HC/HD/TM/TP/TR/UA/UB/UC/UD/UE/UF/VA/XA/XB/XC/XD/XE/XF/XG/XH/XJ/XK/XL/XM/XN/XP/XR/XS/YA/YB/YC"/>
		<Property id="PROPERTY_3166" name="HRN_Level_Ref" value="YD/YE/YF/YG/YH/YJ/YK/YL/YM/YN/YP/YR/YS/YT/YU/YV/ZA/ZB/ZC/ZD/ZE/ZF/ZG/ZH"/>
		<Property id="PROPERTY_3167" name="COLOR" value="BK"/>
		<Property id="PROPERTY_3168" name="SUB_PROJECT" value="HRN-14401"/>
		<Property id="PROPERTY_3169" name="DEVICE_NAME" value="TA450-2CF40::"/>
		<Property id="PROPERTY_3170" name="BDL_CoveringEndPoint" value="N2CF40"/>
		<Property id="PROPERTY_3171" name="TAPE_Thickness" value="0.1"/>
		<Property id="PROPERTY_3172" name="BDL_CoveringStartPoint" value="TK450"/>
		<Property id="PROPERTY_3173" name="HRN_FAMILY" value="14401"/>
		<Property id="PROPERTY_3174" name="COMP_TYPE" value="TAPE"/>
		<BranchRoute id="BRR_24">
			<StartBranchPosition id="BR_POS_299" branchId="BRANCH_c2-4e-0-4c0fba" branchNodeId="BN_8520-376" offset="0"/>
			<PassBranchId>BRANCH_c2-4e-0-4c0fba</PassBranchId>
			<EndBranchPosition id="BR_POS_300" branchId="BRANCH_c2-4e-0-4c0fba" branchNodeId="BN_8520-272" offset="0"/>
		</BranchRoute>
	</HarnessItem>
	<HarnessItem xsi:type="Protection" id="PROT_c2-1c-0-4bcd39" name="TA420-450" compType="ESKU5T-1A303-AA(B10Y21)" symbolName="WIRETAPE" symbolCharacteristic="Overlap-horz" length="887.00299017482769">
		<AppRef name="E3.Series" version="2.14.0.0" guid="14757c19-38e4-4efc-a02d-dccbe6718f56"/>
		<Property id="PROPERTY_3175" name="TAPE_Width" value="20"/>
		<Property id="PROPERTY_3176" name="DESCRIPTION" value="TAPE-100C-BK-ADH_TEAR-MED_NOISE-LITTLE_WEAR"/>
		<Property id="PROPERTY_3177" name="BDL_BundleCoverLayer" value="10"/>
		<Property id="PROPERTY_3178" name="BDL_CoveringLength" value="146.0"/>
		<Property id="PROPERTY_3179" name="SYM_NAME" value="WIRETAPE¶Overlap-horz"/>
		<Property id="PROPERTY_3180" name="HRN_Level_Ref" value="AA/AB/AC/AD/AE/AF/AG/AH/AJ/AK/AL/AM/AN/AP/AR/BA/BB/BC/BD/BE/BF/BG/BH/BJ/CA/CB/CC/CD/CE/DA/DB/DC/DD"/>
		<Property id="PROPERTY_3181" name="HRN_Level_Ref" value="HA/HB/HC/HD/TM/TP/TR/UA/UB/UC/UD/UE/UF/VA/XA/XB/XC/XD/XE/XF/XG/XH/XJ/XK/XL/XM/XN/XP/XR/XS/YA/YB/YC"/>
		<Property id="PROPERTY_3182" name="HRN_Level_Ref" value="YD/YE/YF/YG/YH/YJ/YK/YL/YM/YN/YP/YR/YS/YT/YU/YV/ZA/ZB/ZC/ZD/ZE/ZF/ZG/ZH"/>
		<Property id="PROPERTY_3183" name="COLOR" value="BK"/>
		<Property id="PROPERTY_3184" name="SUB_PROJECT" value="HRN-14401"/>
		<Property id="PROPERTY_3185" name="DEVICE_NAME" value="TA420-450::"/>
		<Property id="PROPERTY_3186" name="BDL_CoveringEndPoint" value="TK420"/>
		<Property id="PROPERTY_3187" name="TAPE_Thickness" value="0.1"/>
		<Property id="PROPERTY_3188" name="BDL_CoveringStartPoint" value="TK450"/>
		<Property id="PROPERTY_3189" name="HRN_FAMILY" value="14401"/>
		<Property id="PROPERTY_3190" name="COMP_TYPE" value="TAPE"/>
		<BranchRoute id="BRR_25">
			<StartBranchPosition id="BR_POS_301" branchId="BRANCH_c2-4e-0-4c0d7c" branchNodeId="BN_9407-374" offset="0"/>
			<PassBranchId>BRANCH_c2-4e-0-4c0d7c</PassBranchId>
			<PassBranchId>BRANCH_c2-4e-0-4c0fc2</PassBranchId>
			<EndBranchPosition id="BR_POS_302" branchId="BRANCH_c2-4e-0-4c0fc2" branchNodeId="BN_8520-376" offset="0"/>
		</BranchRoute>
	</HarnessItem>
	<HarnessItem xsi:type="Protection" id="PROT_c2-1c-0-4bcd4a" name="TA410-2ME03B" compType="ESKU5T-1A303-AA(B10Y21)" symbolName="WIRETAPE" symbolCharacteristic="Overlap-horz" length="208">
		<AppRef name="E3.Series" version="2.14.0.0" guid="499e2fc6-3c96-4461-8468-e7d655ae92a8"/>
		<Property id="PROPERTY_3191" name="TAPE_Width" value="20"/>
		<Property id="PROPERTY_3192" name="DESCRIPTION" value="TAPE-100C-BK-ADH_TEAR-MED_NOISE-LITTLE_WEAR"/>
		<Property id="PROPERTY_3193" name="BDL_BundleCoverLayer" value="10"/>
		<Property id="PROPERTY_3194" name="BDL_CoveringLength" value="161.0"/>
		<Property id="PROPERTY_3195" name="SYM_NAME" value="WIRETAPE¶Overlap-horz"/>
		<Property id="PROPERTY_3196" name="HRN_Level_Ref" value="ZA/ZB/ZC/ZD/ZE/ZF/ZG/ZH"/>
		<Property id="PROPERTY_3197" name="COLOR" value="BK"/>
		<Property id="PROPERTY_3198" name="SUB_PROJECT" value="HRN-14401"/>
		<Property id="PROPERTY_3199" name="DEVICE_NAME" value="TA410-2ME03B::"/>
		<Property id="PROPERTY_3200" name="BDL_CoveringEndPoint" value="N2ME03-B"/>
		<Property id="PROPERTY_3201" name="TAPE_Thickness" value="0.1"/>
		<Property id="PROPERTY_3202" name="BDL_CoveringStartPoint" value="TK410"/>
		<Property id="PROPERTY_3203" name="HRN_FAMILY" value="14401"/>
		<Property id="PROPERTY_3204" name="COMP_TYPE" value="TAPE"/>
		<Option id="OPTION_c2-1c-0-4bcd4a_1" value="HT2AC"/>
		<BranchRoute id="BRR_26">
			<StartBranchPosition id="BR_POS_303" branchId="BRANCH_c2-4e-0-4c0e21" branchNodeId="BN_10856-360" offset="0"/>
			<PassBranchId>BRANCH_c2-4e-0-4c0e21</PassBranchId>
			<PassBranchId>BRANCH_c2-4e-0-4c0e4d</PassBranchId>
			<EndBranchPosition id="BR_POS_304" branchId="BRANCH_c2-4e-0-4c0e4d" branchNodeId="BN_10856-152" offset="0"/>
		</BranchRoute>
	</HarnessItem>
	<HarnessItem xsi:type="Protection" id="PROT_c2-1c-0-4bcd6c" name="TA360-370" compType="ESKU5T-1A303-AA(B10Y21)" symbolName="WIRETAPE" symbolCharacteristic="Overlap-horz" length="206.0945620048218">
		<AppRef name="E3.Series" version="2.14.0.0" guid="5977add9-6ee2-4b5a-b87f-b608b8ba2935"/>
		<Property id="PROPERTY_3205" name="TAPE_Width" value="20"/>
		<Property id="PROPERTY_3206" name="DESCRIPTION" value="TAPE-100C-BK-ADH_TEAR-MED_NOISE-LITTLE_WEAR"/>
		<Property id="PROPERTY_3207" name="BDL_BundleCoverLayer" value="10"/>
		<Property id="PROPERTY_3208" name="BDL_CoveringLength" value="158.0"/>
		<Property id="PROPERTY_3209" name="SYM_NAME" value="WIRETAPE¶Overlap-horz"/>
		<Property id="PROPERTY_3210" name="HRN_Level_Ref" value="AA/AB/AC/AD/AE/AF/AG/AH/AJ/AK/AL/AM/AN/AP/AR/BA/BB/BC/BD/BE/BF/BG/BH/BJ/CA/CB/CC/CD/CE/DA/DB/DC/DD"/>
		<Property id="PROPERTY_3211" name="HRN_Level_Ref" value="HA/HB/HC/HD/TM/TP/TR/UA/UB/UC/UD/UE/UF/VA/XA/XB/XC/XD/XE/XF/XG/XH/XJ/XK/XL/XM/XN/XP/XR/XS/YA/YB/YC"/>
		<Property id="PROPERTY_3212" name="HRN_Level_Ref" value="YD/YE/YF/YG/YH/YJ/YK/YL/YM/YN/YP/YR/YS/YT/YU/YV/ZA/ZB/ZC/ZD/ZE/ZF/ZG/ZH"/>
		<Property id="PROPERTY_3213" name="COLOR" value="BK"/>
		<Property id="PROPERTY_3214" name="SUB_PROJECT" value="HRN-14401"/>
		<Property id="PROPERTY_3215" name="DEVICE_NAME" value="TA360-370::"/>
		<Property id="PROPERTY_3216" name="BDL_CoveringEndPoint" value="TK370"/>
		<Property id="PROPERTY_3217" name="TAPE_Thickness" value="0.1"/>
		<Property id="PROPERTY_3218" name="BDL_CoveringStartPoint" value="TK360"/>
		<Property id="PROPERTY_3219" name="HRN_FAMILY" value="14401"/>
		<Property id="PROPERTY_3220" name="COMP_TYPE" value="TAPE"/>
		<BranchRoute id="BRR_27">
			<StartBranchPosition id="BR_POS_305" branchId="BRANCH_c2-4e-0-4c0eb6" branchNodeId="BN_11472-358" offset="0"/>
			<PassBranchId>BRANCH_c2-4e-0-4c0eb6</PassBranchId>
			<PassBranchId>BRANCH_c2-4e-0-4c0ebc</PassBranchId>
			<EndBranchPosition id="BR_POS_306" branchId="BRANCH_c2-4e-0-4c0ebc" branchNodeId="BN_11304-320" offset="0"/>
		</BranchRoute>
	</HarnessItem>
	<HarnessItem xsi:type="Protection" id="PROT_c2-1c-0-4bcd7d" name="TA370-2H415" compType="ESKU5T-1A303-AA(B10Y21)" symbolName="WIRETAPE" symbolCharacteristic="Overlap-horz" length="152">
		<AppRef name="E3.Series" version="2.14.0.0" guid="22d65880-2cde-47c4-af0f-e6ddb6c09302"/>
		<Property id="PROPERTY_3221" name="TAPE_Width" value="20"/>
		<Property id="PROPERTY_3222" name="DESCRIPTION" value="TAPE-100C-BK-ADH_TEAR-MED_NOISE-LITTLE_WEAR"/>
		<Property id="PROPERTY_3223" name="BDL_BundleCoverLayer" value="10"/>
		<Property id="PROPERTY_3224" name="BDL_CoveringLength" value="355.0"/>
		<Property id="PROPERTY_3225" name="SYM_NAME" value="WIRETAPE¶Overlap-horz"/>
		<Property id="PROPERTY_3226" name="HRN_Level_Ref" value="AA/AB/AC/AD/AE/AF/AG/AH/AJ/AK/AL/AM/AN/AP/AR/BA/BB/BC/BD/BE/BF/BG/BH/BJ/CA/CB/CC/CD/CE/DA/DB/DC/DD"/>
		<Property id="PROPERTY_3227" name="HRN_Level_Ref" value="HA/HB/HC/HD/TM/TP/TR/UA/UB/UC/UD/UE/UF/VA/XA/XB/XC/XD/XE/XF/XG/XH/XJ/XK/XL/XM/XN/XP/XR/XS/YA/YB/YC"/>
		<Property id="PROPERTY_3228" name="HRN_Level_Ref" value="YD/YE/YF/YG/YH/YJ/YK/YL/YM/YN/YP/YR/YS/YT/YU/YV/ZA/ZB/ZC/ZD/ZE/ZF/ZG/ZH"/>
		<Property id="PROPERTY_3229" name="COLOR" value="BK"/>
		<Property id="PROPERTY_3230" name="SUB_PROJECT" value="HRN-14401"/>
		<Property id="PROPERTY_3231" name="DEVICE_NAME" value="TA370-2H415::"/>
		<Property id="PROPERTY_3232" name="BDL_CoveringEndPoint" value="N2H415"/>
		<Property id="PROPERTY_3233" name="TAPE_Thickness" value="0.1"/>
		<Property id="PROPERTY_3234" name="BDL_CoveringStartPoint" value="TK370"/>
		<Property id="PROPERTY_3235" name="HRN_FAMILY" value="14401"/>
		<Property id="PROPERTY_3236" name="COMP_TYPE" value="TAPE"/>
		<BranchRoute id="BRR_28">
			<StartBranchPosition id="BR_POS_307" branchId="BRANCH_c2-4e-0-4c0eb5" branchNodeId="BN_11304-320" offset="0"/>
			<PassBranchId>BRANCH_c2-4e-0-4c0eb5</PassBranchId>
			<EndBranchPosition id="BR_POS_308" branchId="BRANCH_c2-4e-0-4c0eb5" branchNodeId="BN_11304-168" offset="0"/>
		</BranchRoute>
	</HarnessItem>
	<HarnessItem xsi:type="Protection" id="PROT_c2-1c-0-4bcd8e" name="TA370-2LF14" compType="ESKU5T-1A303-AA(B10Y21)" symbolName="WIRETAPE" symbolCharacteristic="Overlap-horz" length="139.9428454762872">
		<AppRef name="E3.Series" version="2.14.0.0" guid="b71cd036-a1d5-47f4-9f8d-9d7ba6bcff39"/>
		<Property id="PROPERTY_3237" name="TAPE_Width" value="20"/>
		<Property id="PROPERTY_3238" name="DESCRIPTION" value="TAPE-100C-BK-ADH_TEAR-MED_NOISE-LITTLE_WEAR"/>
		<Property id="PROPERTY_3239" name="BDL_BundleCoverLayer" value="10"/>
		<Property id="PROPERTY_3240" name="BDL_CoveringLength" value="314.0"/>
		<Property id="PROPERTY_3241" name="SYM_NAME" value="WIRETAPE¶Overlap-horz"/>
		<Property id="PROPERTY_3242" name="HRN_Level_Ref" value="AA/AB/AC/AD/AE/AF/AG/AH/AJ/AK/AL/AM/AN/AP/AR/BA/BB/BC/BD/BE/BF/BG/BH/BJ/CA/CB/CC/CD/CE/DA/DB/DC/DD"/>
		<Property id="PROPERTY_3243" name="HRN_Level_Ref" value="HA/HB/HC/HD/TM/TP/TR/UA/UB/UC/UD/UE/UF/VA/XA/XB/XC/XD/XE/XF/XG/XH/XJ/XK/XL/XM/XN/XP/XR/XS/YA/YB/YC"/>
		<Property id="PROPERTY_3244" name="HRN_Level_Ref" value="YD/YE/YF/YG/YH/YJ/YK/YL/YM/YN/YP/YR/YS/YT/YU/YV/ZA/ZB/ZC/ZD/ZE/ZF/ZG/ZH"/>
		<Property id="PROPERTY_3245" name="COLOR" value="BK"/>
		<Property id="PROPERTY_3246" name="SUB_PROJECT" value="HRN-14401"/>
		<Property id="PROPERTY_3247" name="DEVICE_NAME" value="TA370-2LF14::"/>
		<Property id="PROPERTY_3248" name="BDL_CoveringEndPoint" value="N2LF14"/>
		<Property id="PROPERTY_3249" name="TAPE_Thickness" value="0.1"/>
		<Property id="PROPERTY_3250" name="BDL_CoveringStartPoint" value="TK370"/>
		<Property id="PROPERTY_3251" name="HRN_FAMILY" value="14401"/>
		<Property id="PROPERTY_3252" name="COMP_TYPE" value="TAPE"/>
		<BranchRoute id="BRR_29">
			<StartBranchPosition id="BR_POS_309" branchId="BRANCH_c2-4e-0-4c0e50" branchNodeId="BN_11304-320" offset="0"/>
			<PassBranchId>BRANCH_c2-4e-0-4c0e50</PassBranchId>
			<EndBranchPosition id="BR_POS_310" branchId="BRANCH_c2-4e-0-4c0e50" branchNodeId="BN_11424-248" offset="0"/>
		</BranchRoute>
	</HarnessItem>
	<HarnessItem xsi:type="Protection" id="PROT_c2-1c-0-4bcd9f" name="TA290-2D216" compType="ESKU5T-1A303-AA(C10N44)" symbolName="WIRETAPE" symbolCharacteristic="Overlap-horz" length="136">
		<AppRef name="E3.Series" version="2.14.0.0" guid="3ded738d-95fa-46ee-b1c8-37c6f9626408"/>
		<Property id="PROPERTY_3253" name="TAPE_Width" value="20"/>
		<Property id="PROPERTY_3254" name="DESCRIPTION" value="TAPE-125C-BK-ADH_NON-TEAR-V_HIGH_NOISE-V_HIGH_WEAR"/>
		<Property id="PROPERTY_3255" name="BDL_BundleCoverLayer" value="10"/>
		<Property id="PROPERTY_3256" name="BDL_CoveringLength" value="356.0"/>
		<Property id="PROPERTY_3257" name="SYM_NAME" value="WIRETAPE¶Overlap-horz"/>
		<Property id="PROPERTY_3258" name="HRN_Level_Ref" value="AA/AB/AC/AD/AE/AF/AG/AH/AJ/AK/AL/AM/AN/AP/AR/BA/BB/BC/BD/BE/BF/BG/BH/BJ/CA/CB/CC/CD/CE/DA/DB/DC/DD"/>
		<Property id="PROPERTY_3259" name="HRN_Level_Ref" value="HA/HB/HC/HD/TM/TP/TR/UA/UB/UC/UD/UE/UF/VA/XA/XB/XC/XD/XE/XF/XG/XH/XJ/XK/XL/XM/XN/XP/XR/XS/YA/YB/YC"/>
		<Property id="PROPERTY_3260" name="HRN_Level_Ref" value="YD/YE/YF/YG/YH/YJ/YK/YL/YM/YN/YP/YR/YS/YT/YU/YV/ZA/ZB/ZC/ZD/ZE/ZF/ZG/ZH"/>
		<Property id="PROPERTY_3261" name="COLOR" value="BK"/>
		<Property id="PROPERTY_3262" name="SUB_PROJECT" value="HRN-14401"/>
		<Property id="PROPERTY_3263" name="DEVICE_NAME" value="TA290-2D216::"/>
		<Property id="PROPERTY_3264" name="BDL_CoveringEndPoint" value="N2D216"/>
		<Property id="PROPERTY_3265" name="TAPE_Thickness" value="0.1"/>
		<Property id="PROPERTY_3266" name="BDL_CoveringStartPoint" value="TK290"/>
		<Property id="PROPERTY_3267" name="HRN_FAMILY" value="14401"/>
		<Property id="PROPERTY_3268" name="COMP_TYPE" value="TAPE"/>
		<BranchRoute id="BRR_30">
			<StartBranchPosition id="BR_POS_311" branchId="BRANCH_c2-4e-0-4c0fff" branchNodeId="BN_12720-392" offset="0"/>
			<PassBranchId>BRANCH_c2-4e-0-4c0fff</PassBranchId>
			<EndBranchPosition id="BR_POS_312" branchId="BRANCH_c2-4e-0-4c0fff" branchNodeId="BN_12720-256" offset="0"/>
		</BranchRoute>
	</HarnessItem>
	<HarnessItem xsi:type="Protection" id="PROT_c2-1c-0-4bcdb8" name="TA2PP04" compType="ESKU5T-1A303-AA(B10Y21)" symbolName="WIRETAPE" symbolCharacteristic="Overlap-horz" length="280.20332150872014">
		<AppRef name="E3.Series" version="2.14.0.0" guid="a23a9d77-8973-47f4-bced-63f2e9aaa4a5"/>
		<Property id="PROPERTY_3269" name="TAPE_Width" value="20"/>
		<Property id="PROPERTY_3270" name="DESCRIPTION" value="TAPE-100C-BK-ADH_TEAR-MED_NOISE-LITTLE_WEAR"/>
		<Property id="PROPERTY_3271" name="BDL_BundleCoverLayer" value="10"/>
		<Property id="PROPERTY_3272" name="BDL_CoveringLength" value="325.0"/>
		<Property id="PROPERTY_3273" name="SYM_NAME" value="WIRETAPE¶Overlap-horz"/>
		<Property id="PROPERTY_3274" name="HRN_Level_Ref" value="DA/DB/DC/DD/HA/HB/HC/HD/TM/TP/TR/VA/XM/XN/XP/XR/YM/YN/YS/YT/ZA/ZB"/>
		<Property id="PROPERTY_3275" name="COLOR" value="BK"/>
		<Property id="PROPERTY_3276" name="SUB_PROJECT" value="HRN-14401"/>
		<Property id="PROPERTY_3277" name="DEVICE_NAME" value="TA2PP04::"/>
		<Property id="PROPERTY_3278" name="BDL_CoveringEndPoint" value="N2PP04"/>
		<Property id="PROPERTY_3279" name="TAPE_Thickness" value="0.1"/>
		<Property id="PROPERTY_3280" name="BDL_CoveringStartPoint" value="N543"/>
		<Property id="PROPERTY_3281" name="HRN_FAMILY" value="14401"/>
		<Property id="PROPERTY_3282" name="COMP_TYPE" value="TAPE"/>
		<Option id="OPTION_c2-1c-0-4bcdb8_1" value="GRAAP"/>
		<BranchRoute id="BRR_31">
			<StartBranchPosition id="BR_POS_313" branchId="BRANCH_c2-4e-0-4c1093" branchNodeId="BN_7008-104" offset="0"/>
			<PassBranchId>BRANCH_c2-4e-0-4c1093</PassBranchId>
			<PassBranchId>BRANCH_c2-4e-0-4c1096</PassBranchId>
			<EndBranchPosition id="BR_POS_314" branchId="BRANCH_c2-4e-0-4c1096" branchNodeId="BN_7258_25-62_156" offset="0"/>
		</BranchRoute>
	</HarnessItem>
	<HarnessItem xsi:type="Protection" id="PROT_c2-1c-0-4bcdc9" name="TA250" compType="ESKU5T-1A303-AA(B10Y21)" symbolName="WIRETAPE" symbolCharacteristic="Overlap-horz" length="5921.7510566017754">
		<AppRef name="E3.Series" version="2.14.0.0" guid="f5432b94-ea56-48d8-a771-a7c7e16d813b"/>
		<Property id="PROPERTY_3283" name="TAPE_Width" value="20"/>
		<Property id="PROPERTY_3284" name="DESCRIPTION" value="TAPE-100C-BK-ADH_TEAR-MED_NOISE-LITTLE_WEAR"/>
		<Property id="PROPERTY_3285" name="BDL_BundleCoverLayer" value="10"/>
		<Property id="PROPERTY_3286" name="BDL_CoveringLength" value="1081.0"/>
		<Property id="PROPERTY_3287" name="SYM_NAME" value="WIRETAPE¶Overlap-horz"/>
		<Property id="PROPERTY_3288" name="HRN_Level_Ref" value="AA/AD/AF/AH/AK/AM/AP/BA/BD/BF/XA/XC/XE/XG"/>
		<Property id="PROPERTY_3289" name="COLOR" value="BK"/>
		<Property id="PROPERTY_3290" name="SUB_PROJECT" value="HRN-14401"/>
		<Property id="PROPERTY_3291" name="DEVICE_NAME" value="TA250::"/>
		<Property id="PROPERTY_3292" name="BDL_CoveringEndPoint" value="TK290"/>
		<Property id="PROPERTY_3293" name="TAPE_Thickness" value="0.1"/>
		<Property id="PROPERTY_3294" name="BDL_CoveringStartPoint" value="N544"/>
		<Property id="PROPERTY_3295" name="HRN_FAMILY" value="14401"/>
		<Property id="PROPERTY_3296" name="COMP_TYPE" value="TAPE"/>
		<Option id="OPTION_c2-1c-0-4bcdc9_1" value="HUKAA"/>
		<BranchRoute id="BRR_32">
			<StartBranchPosition id="BR_POS_315" branchId="BRANCH_c2-4e-0-4c0d88" branchNodeId="BN_7038_25-150_156" offset="0"/>
			<PassBranchId>BRANCH_c2-4e-0-4c0d88</PassBranchId>
			<PassBranchId>BRANCH_c2-4e-0-4c109a</PassBranchId>
			<PassBranchId>BRANCH_c2-4e-0-4c0e16</PassBranchId>
			<PassBranchId>BRANCH_c2-4e-0-4c0fcb</PassBranchId>
			<EndBranchPosition id="BR_POS_316" branchId="BRANCH_c2-4e-0-4c0fcb" branchNodeId="BN_12720-392" offset="0"/>
		</BranchRoute>
	</HarnessItem>
	<HarnessItem xsi:type="Protection" id="PROT_c2-1c-0-4bce06" name="TA2PP03" compType="ESKU5T-1A303-AA(B10Y21)" symbolName="WIRETAPE" symbolCharacteristic="Overlap-horz" length="463.99999237060547">
		<AppRef name="E3.Series" version="2.14.0.0" guid="1bd74110-0f26-406f-b1c5-1d5b9ec7675a"/>
		<Property id="PROPERTY_3297" name="TAPE_Width" value="20"/>
		<Property id="PROPERTY_3298" name="DESCRIPTION" value="TAPE-100C-BK-ADH_TEAR-MED_NOISE-LITTLE_WEAR"/>
		<Property id="PROPERTY_3299" name="BDL_BundleCoverLayer" value="10"/>
		<Property id="PROPERTY_3300" name="BDL_CoveringLength" value="119.0"/>
		<Property id="PROPERTY_3301" name="SYM_NAME" value="WIRETAPE¶Overlap-horz"/>
		<Property id="PROPERTY_3302" name="HRN_Level_Ref" value="DA/DB/DC/DD/HA/HB/HC/HD/TM/TP/TR/VA/XM/XN/XP/XR/YM/YN/YS/YT/ZA/ZB"/>
		<Property id="PROPERTY_3303" name="COLOR" value="BK"/>
		<Property id="PROPERTY_3304" name="SUB_PROJECT" value="HRN-14401"/>
		<Property id="PROPERTY_3305" name="DEVICE_NAME" value="TA2PP03::"/>
		<Property id="PROPERTY_3306" name="BDL_CoveringEndPoint" value="N2PP03"/>
		<Property id="PROPERTY_3307" name="TAPE_Thickness" value="0.1"/>
		<Property id="PROPERTY_3308" name="BDL_CoveringStartPoint" value="SN100"/>
		<Property id="PROPERTY_3309" name="HRN_FAMILY" value="14401"/>
		<Property id="PROPERTY_3310" name="COMP_TYPE" value="TAPE"/>
		<Option id="OPTION_c2-1c-0-4bce06_1" value="GRAAP"/>
		<BranchRoute id="BRR_33">
			<StartBranchPosition id="BR_POS_317" branchId="BRANCH_c2-4e-0-4c102b" branchNodeId="BN_6446_25-78_156" offset="0"/>
			<PassBranchId>BRANCH_c2-4e-0-4c102b</PassBranchId>
			<EndBranchPosition id="BR_POS_318" branchId="BRANCH_c2-4e-0-4c102b" branchNodeId="BN_6814_25-174_156" offset="0"/>
		</BranchRoute>
	</HarnessItem>
	<HarnessItem xsi:type="Protection" id="PROT_c2-1c-0-4bce17" name="TA2R139" compType="ESKU5T-1A303-AA(B10Y21)" symbolName="WIRETAPE" symbolCharacteristic="Overlap-horz" length="481.00201677874708">
		<AppRef name="E3.Series" version="2.14.0.0" guid="f55d947d-0e80-4d36-9de8-3696789a8fed"/>
		<Property id="PROPERTY_3311" name="TAPE_Width" value="20"/>
		<Property id="PROPERTY_3312" name="DESCRIPTION" value="TAPE-100C-BK-ADH_TEAR-MED_NOISE-LITTLE_WEAR"/>
		<Property id="PROPERTY_3313" name="BDL_BundleCoverLayer" value="10"/>
		<Property id="PROPERTY_3314" name="BDL_CoveringLength" value="176.0"/>
		<Property id="PROPERTY_3315" name="SYM_NAME" value="WIRETAPE¶Overlap-horz"/>
		<Property id="PROPERTY_3316" name="HRN_Level_Ref" value="AA/AB/AC/AD/AE/AF/AG/AH/AJ/AK/AL/AM/AN/AP/AR/BA/BB/BC/BD/BE/BF/BG/BH/BJ/CA/CB/CC/CD/CE/DA/DB/DC/DD"/>
		<Property id="PROPERTY_3317" name="HRN_Level_Ref" value="HA/HB/HC/HD/TM/TP/TR/UA/UB/UC/UD/UE/UF/VA/XA/XB/XC/XD/XE/XF/XG/XH/XJ/XK/XL/XM/XN/XP/XR/XS/YA/YB/YC"/>
		<Property id="PROPERTY_3318" name="HRN_Level_Ref" value="YD/YE/YF/YG/YH/YJ/YK/YL/YM/YN/YP/YR/YS/YT/YU/YV/ZA/ZB/ZC/ZD/ZE/ZF/ZG/ZH"/>
		<Property id="PROPERTY_3319" name="COLOR" value="BK"/>
		<Property id="PROPERTY_3320" name="SUB_PROJECT" value="HRN-14401"/>
		<Property id="PROPERTY_3321" name="DEVICE_NAME" value="TA2R139::"/>
		<Property id="PROPERTY_3322" name="BDL_CoveringEndPoint" value="TAS738"/>
		<Property id="PROPERTY_3323" name="TAPE_Thickness" value="0.1"/>
		<Property id="PROPERTY_3324" name="BDL_CoveringStartPoint" value="N2R139"/>
		<Property id="PROPERTY_3325" name="HRN_FAMILY" value="14401"/>
		<Property id="PROPERTY_3326" name="COMP_TYPE" value="TAPE"/>
		<BranchRoute id="BRR_34">
			<StartBranchPosition id="BR_POS_319" branchId="BRANCH_c2-4e-0-4c10aa" branchNodeId="BN_6678_25-158_156" offset="0"/>
			<PassBranchId>BRANCH_c2-4e-0-4c10aa</PassBranchId>
			<PassBranchId>BRANCH_c2-4e-0-4c10d0</PassBranchId>
			<EndBranchPosition id="BR_POS_320" branchId="BRANCH_c2-4e-0-4c10d0" branchNodeId="BN_6239_9-214_058" offset="0"/>
		</BranchRoute>
	</HarnessItem>
	<HarnessItem xsi:type="Protection" id="PROT_c2-1c-0-4bce28" name="TA604-605" compType="ESKU5T-1A303-AA(C10N44)" symbolName="WIRETAPE" symbolCharacteristic="Overlap-horz" length="5209.9999237060547">
		<AppRef name="E3.Series" version="2.14.0.0" guid="069491bf-3fb8-481e-afe9-5658a1f9a2f3"/>
		<Property id="PROPERTY_3327" name="TAPE_Width" value="20"/>
		<Property id="PROPERTY_3328" name="DESCRIPTION" value="TAPE-125C-BK-ADH_NON-TEAR-V_HIGH_NOISE-V_HIGH_WEAR"/>
		<Property id="PROPERTY_3329" name="BDL_BundleCoverLayer" value="10"/>
		<Property id="PROPERTY_3330" name="BDL_CoveringLength" value="386.0"/>
		<Property id="PROPERTY_3331" name="SYM_NAME" value="WIRETAPE¶Overlap-horz"/>
		<Property id="PROPERTY_3332" name="HRN_Level_Ref" value="AA/AB/AC/AD/AE/AF/AG/AH/AJ/AK/AL/AM/AN/AP/AR/BA/BB/BC/BD/BE/BF/BG/BH/BJ/CA/CB/CC/CD/CE/DA/DB/DC/DD"/>
		<Property id="PROPERTY_3333" name="HRN_Level_Ref" value="HA/HB/HC/HD/TM/TP/TR/UA/UB/UC/UD/UE/UF/VA/XA/XB/XC/XD/XE/XF/XG/XH/XJ/XK/XL/XM/XN/XP/XR/XS/YA/YB/YC"/>
		<Property id="PROPERTY_3334" name="HRN_Level_Ref" value="YD/YE/YF/YG/YH/YJ/YK/YL/YM/YN/YP/YR/YS/YT/YU/YV/ZA/ZB/ZC/ZD/ZE/ZF/ZG/ZH"/>
		<Property id="PROPERTY_3335" name="COLOR" value="BK"/>
		<Property id="PROPERTY_3336" name="SUB_PROJECT" value="HRN-14401"/>
		<Property id="PROPERTY_3337" name="DEVICE_NAME" value="TA604-605::"/>
		<Property id="PROPERTY_3338" name="BDL_CoveringEndPoint" value="TK604"/>
		<Property id="PROPERTY_3339" name="TAPE_Thickness" value="0.1"/>
		<Property id="PROPERTY_3340" name="BDL_CoveringStartPoint" value="TK605"/>
		<Property id="PROPERTY_3341" name="HRN_FAMILY" value="14401"/>
		<Property id="PROPERTY_3342" name="COMP_TYPE" value="TAPE"/>
		<BranchRoute id="BRR_35">
			<StartBranchPosition id="BR_POS_321" branchId="BRANCH_c2-4e-0-4c1020" branchNodeId="BN_2311_9-390_058" offset="0"/>
			<PassBranchId>BRANCH_c2-4e-0-4c1020</PassBranchId>
			<EndBranchPosition id="BR_POS_322" branchId="BRANCH_c2-4e-0-4c1020" branchNodeId="BN_6610_25-134_156" offset="0"/>
		</BranchRoute>
	</HarnessItem>
	<HarnessItem xsi:type="Protection" id="PROT_c2-1c-0-4bce39" name="TA490-RT430" compType="ESKU5T-1A303-AA(B10Y21)" symbolName="WIRETAPE" symbolCharacteristic="Overlap-horz" length="80.000015258789063">
		<AppRef name="E3.Series" version="2.14.0.0" guid="6eb84a50-3836-420c-bd35-7da0e8ba5528"/>
		<Property id="PROPERTY_3343" name="TAPE_Width" value="20"/>
		<Property id="PROPERTY_3344" name="DESCRIPTION" value="TAPE-100C-BK-ADH_TEAR-MED_NOISE-LITTLE_WEAR"/>
		<Property id="PROPERTY_3345" name="BDL_BundleCoverLayer" value="10"/>
		<Property id="PROPERTY_3346" name="BDL_CoveringLength" value="73.0"/>
		<Property id="PROPERTY_3347" name="SYM_NAME" value="WIRETAPE¶Overlap-horz"/>
		<Property id="PROPERTY_3348" name="HRN_Level_Ref" value="DA/DB/DC/DD/HA/HB/HC/HD/TM/TP/TR/VA/XM/XN/XP/XR/YM/YN/YS/YT/ZA/ZB"/>
		<Property id="PROPERTY_3349" name="COLOR" value="BK"/>
		<Property id="PROPERTY_3350" name="SUB_PROJECT" value="HRN-14401"/>
		<Property id="PROPERTY_3351" name="DEVICE_NAME" value="TA490-RT430::"/>
		<Property id="PROPERTY_3352" name="BDL_CoveringEndPoint" value="RT430"/>
		<Property id="PROPERTY_3353" name="TAPE_Thickness" value="0.1"/>
		<Property id="PROPERTY_3354" name="BDL_CoveringStartPoint" value="TK490"/>
		<Property id="PROPERTY_3355" name="HRN_FAMILY" value="14401"/>
		<Property id="PROPERTY_3356" name="COMP_TYPE" value="TAPE"/>
		<Option id="OPTION_c2-1c-0-4bce39_1" value="GRAAP"/>
		<BranchRoute id="BRR_36">
			<StartBranchPosition id="BR_POS_323" branchId="BRANCH_c2-4e-0-4c0e41" branchNodeId="BN_5623_9-334_058" offset="0"/>
			<PassBranchId>BRANCH_c2-4e-0-4c0e41</PassBranchId>
			<EndBranchPosition id="BR_POS_324" branchId="BRANCH_c2-4e-0-4c0e41" branchNodeId="BN_5623_9-254_058" offset="0"/>
		</BranchRoute>
	</HarnessItem>
	<HarnessItem xsi:type="Protection" id="PROT_c2-1c-0-4bce4a" name="TA500-RT430" compType="ESKU5T-1A303-AA(B10Y21)" symbolName="WIRETAPE" symbolCharacteristic="Overlap-horz" length="219.0028911467918">
		<AppRef name="E3.Series" version="2.14.0.0" guid="da931844-332a-42cf-9c0d-edc3ef0f0688"/>
		<Property id="PROPERTY_3357" name="TAPE_Width" value="20"/>
		<Property id="PROPERTY_3358" name="DESCRIPTION" value="TAPE-100C-BK-ADH_TEAR-MED_NOISE-LITTLE_WEAR"/>
		<Property id="PROPERTY_3359" name="BDL_BundleCoverLayer" value="10"/>
		<Property id="PROPERTY_3360" name="BDL_CoveringLength" value="105.0"/>
		<Property id="PROPERTY_3361" name="SYM_NAME" value="WIRETAPE¶Overlap-horz"/>
		<Property id="PROPERTY_3362" name="HRN_Level_Ref" value="AA/AB/AC/AD/AE/AF/AG/AH/AJ/AK/AL/AM/AN/AP/AR/BA/BB/BC/BD/BE/BF/BG/BH/BJ/CA/CB/CC/CD/CE/UA/UB/UC/UD"/>
		<Property id="PROPERTY_3363" name="HRN_Level_Ref" value="UE/UF/XA/XB/XC/XD/XE/XF/XG/XH/XJ/XK/XL/XS/YA/YB/YC/YD/YE/YF/YG/YH/YJ/YK/YL/YP/YR/YU/YV/ZC/ZD/ZE/ZF"/>
		<Property id="PROPERTY_3364" name="HRN_Level_Ref" value="ZG/ZH"/>
		<Property id="PROPERTY_3365" name="COLOR" value="BK"/>
		<Property id="PROPERTY_3366" name="SUB_PROJECT" value="HRN-14401"/>
		<Property id="PROPERTY_3367" name="DEVICE_NAME" value="TA500-RT430::"/>
		<Property id="PROPERTY_3368" name="BDL_CoveringEndPoint" value="RT430"/>
		<Property id="PROPERTY_3369" name="TAPE_Thickness" value="0.1"/>
		<Property id="PROPERTY_3370" name="BDL_CoveringStartPoint" value="TK500"/>
		<Property id="PROPERTY_3371" name="HRN_FAMILY" value="14401"/>
		<Property id="PROPERTY_3372" name="COMP_TYPE" value="TAPE"/>
		<Option id="OPTION_c2-1c-0-4bce4a_1" value="GRAA2|GRAA3"/>
		<BranchRoute id="BRR_37">
			<StartBranchPosition id="BR_POS_325" branchId="BRANCH_c2-4e-0-4c0fa4" branchNodeId="BN_5471_9-334_058" offset="0"/>
			<PassBranchId>BRANCH_c2-4e-0-4c0fa4</PassBranchId>
			<EndBranchPosition id="BR_POS_326" branchId="BRANCH_c2-4e-0-4c0fa4" branchNodeId="BN_5623_9-254_058" offset="0"/>
		</BranchRoute>
	</HarnessItem>
	<HarnessItem xsi:type="Protection" id="PROT_c2-1c-0-4bce5b" name="TART430-2R168" compType="ESKU5T-1A303-AA(B10Y21)" symbolName="WIRETAPE" symbolCharacteristic="Overlap-horz" length="64">
		<AppRef name="E3.Series" version="2.14.0.0" guid="9f96875b-3ea6-4121-8af0-f06fae9d7808"/>
		<Property id="PROPERTY_3373" name="TAPE_Width" value="20"/>
		<Property id="PROPERTY_3374" name="DESCRIPTION" value="TAPE-100C-BK-ADH_TEAR-MED_NOISE-LITTLE_WEAR"/>
		<Property id="PROPERTY_3375" name="BDL_BundleCoverLayer" value="10"/>
		<Property id="PROPERTY_3376" name="BDL_CoveringLength" value="110.0"/>
		<Property id="PROPERTY_3377" name="SYM_NAME" value="WIRETAPE¶Overlap-horz"/>
		<Property id="PROPERTY_3378" name="HRN_Level_Ref" value="AA/AB/AC/AD/AE/AF/AG/AH/AJ/AK/AL/AM/AN/AP/AR/BA/BB/BC/BD/BE/BF/BG/BH/BJ/CA/CB/CC/CD/CE/DA/DB/DC/DD"/>
		<Property id="PROPERTY_3379" name="HRN_Level_Ref" value="HA/HB/HC/HD/TM/TP/TR/UA/UB/UC/UD/UE/UF/VA/XA/XB/XC/XD/XE/XF/XG/XH/XJ/XK/XL/XM/XN/XP/XR/XS/YA/YB/YC"/>
		<Property id="PROPERTY_3380" name="HRN_Level_Ref" value="YD/YE/YF/YG/YH/YJ/YK/YL/YM/YN/YP/YR/YS/YT/YU/YV/ZA/ZB/ZC/ZD/ZE/ZF/ZG/ZH"/>
		<Property id="PROPERTY_3381" name="COLOR" value="BK"/>
		<Property id="PROPERTY_3382" name="SUB_PROJECT" value="HRN-14401"/>
		<Property id="PROPERTY_3383" name="DEVICE_NAME" value="TART430-2R168::"/>
		<Property id="PROPERTY_3384" name="BDL_CoveringEndPoint" value="N2R168"/>
		<Property id="PROPERTY_3385" name="TAPE_Thickness" value="0.1"/>
		<Property id="PROPERTY_3386" name="BDL_CoveringStartPoint" value="RT430"/>
		<Property id="PROPERTY_3387" name="HRN_FAMILY" value="14401"/>
		<Property id="PROPERTY_3388" name="COMP_TYPE" value="TAPE"/>
		<BranchRoute id="BRR_38">
			<StartBranchPosition id="BR_POS_327" branchId="BRANCH_c2-4e-0-4c0faa" branchNodeId="BN_5623_9-254_058" offset="0"/>
			<PassBranchId>BRANCH_c2-4e-0-4c0faa</PassBranchId>
			<EndBranchPosition id="BR_POS_328" branchId="BRANCH_c2-4e-0-4c0faa" branchNodeId="BN_5623_9-190_058" offset="0"/>
		</BranchRoute>
	</HarnessItem>
	<HarnessItem xsi:type="Protection" id="PROT_c2-1c-0-4bce6c" name="TA490-520" compType="ESKU5T-1A303-AA(B10Y21)" symbolName="WIRETAPE" symbolCharacteristic="Overlap-horz" length="424.00010592400656">
		<AppRef name="E3.Series" version="2.14.0.0" guid="665eaf3b-f90f-4611-9528-28c57adc4921"/>
		<Property id="PROPERTY_3389" name="TAPE_Width" value="20"/>
		<Property id="PROPERTY_3390" name="DESCRIPTION" value="TAPE-100C-BK-ADH_TEAR-MED_NOISE-LITTLE_WEAR"/>
		<Property id="PROPERTY_3391" name="BDL_BundleCoverLayer" value="10"/>
		<Property id="PROPERTY_3392" name="BDL_CoveringLength" value="1044.0"/>
		<Property id="PROPERTY_3393" name="SYM_NAME" value="WIRETAPE¶Overlap-horz"/>
		<Property id="PROPERTY_3394" name="HRN_Level_Ref" value="AA/AB/AC/AD/AE/AF/AG/AH/AJ/AK/AL/AM/AN/AP/AR/BA/BB/BC/BD/BE/BF/BG/BH/BJ/CA/CB/CC/CD/CE/DA/DB/DC/DD"/>
		<Property id="PROPERTY_3395" name="HRN_Level_Ref" value="HA/HB/HC/HD/TM/TP/TR/UA/UB/UC/UD/UE/UF/VA/XA/XB/XC/XD/XE/XF/XG/XH/XJ/XK/XL/XM/XN/XP/XR/XS/YA/YB/YC"/>
		<Property id="PROPERTY_3396" name="HRN_Level_Ref" value="YD/YE/YF/YG/YH/YJ/YK/YL/YM/YN/YP/YR/YS/YT/YU/YV/ZA/ZB/ZC/ZD/ZE/ZF/ZG/ZH"/>
		<Property id="PROPERTY_3397" name="COLOR" value="BK"/>
		<Property id="PROPERTY_3398" name="SUB_PROJECT" value="HRN-14401"/>
		<Property id="PROPERTY_3399" name="DEVICE_NAME" value="TA490-520::"/>
		<Property id="PROPERTY_3400" name="BDL_CoveringEndPoint" value="TK490"/>
		<Property id="PROPERTY_3401" name="TAPE_Thickness" value="0.1"/>
		<Property id="PROPERTY_3402" name="BDL_CoveringStartPoint" value="TK520"/>
		<Property id="PROPERTY_3403" name="HRN_FAMILY" value="14401"/>
		<Property id="PROPERTY_3404" name="COMP_TYPE" value="TAPE"/>
		<BranchRoute id="BRR_39">
			<StartBranchPosition id="BR_POS_329" branchId="BRANCH_c2-4e-0-4c0d95" branchNodeId="BN_5623_9-334_058" offset="0"/>
			<PassBranchId>BRANCH_c2-4e-0-4c0d95</PassBranchId>
			<PassBranchId>BRANCH_c2-4e-0-4c10ae</PassBranchId>
			<PassBranchId>BRANCH_c2-4e-0-4c0f9b</PassBranchId>
			<PassBranchId>BRANCH_c2-4e-0-4c0f9e</PassBranchId>
			<PassBranchId>BRANCH_c2-4e-0-4c10b1</PassBranchId>
			<PassBranchId>BRANCH_c2-4e-0-4c0fa1</PassBranchId>
			<PassBranchId>BRANCH_c2-4e-0-4c10b7</PassBranchId>
			<PassBranchId>BRANCH_c2-4e-0-4c10b4</PassBranchId>
			<PassBranchId>BRANCH_c2-4e-0-4c0d9b</PassBranchId>
			<EndBranchPosition id="BR_POS_330" branchId="BRANCH_c2-4e-0-4c0d9b" branchNodeId="BN_5199_9-334_058" offset="0"/>
		</BranchRoute>
	</HarnessItem>
	<HarnessItem xsi:type="Protection" id="PROT_c2-1c-0-4bce8e" name="TA520-530" compType="ESKU5T-1A303-AA(B10Y21)" symbolName="WIRETAPE" symbolCharacteristic="Overlap-horz" length="672.15893566276236">
		<AppRef name="E3.Series" version="2.14.0.0" guid="b8ddf8ac-6704-4977-a9e7-438b27a5e09e"/>
		<Property id="PROPERTY_3405" name="TAPE_Width" value="20"/>
		<Property id="PROPERTY_3406" name="DESCRIPTION" value="TAPE-100C-BK-ADH_TEAR-MED_NOISE-LITTLE_WEAR"/>
		<Property id="PROPERTY_3407" name="BDL_BundleCoverLayer" value="10"/>
		<Property id="PROPERTY_3408" name="BDL_CoveringLength" value="355.0"/>
		<Property id="PROPERTY_3409" name="SYM_NAME" value="WIRETAPE¶Overlap-horz"/>
		<Property id="PROPERTY_3410" name="HRN_Level_Ref" value="AA/AB/AC/AD/AE/AF/AG/AH/AJ/AK/AL/AM/AN/AP/AR/BA/BB/BC/BD/BE/BF/BG/BH/BJ/CA/CB/CC/CD/CE/DA/DB/DC/DD"/>
		<Property id="PROPERTY_3411" name="HRN_Level_Ref" value="HA/HB/HC/HD/TM/TP/TR/UA/UB/UC/UD/UE/UF/VA/XA/XB/XC/XD/XE/XF/XG/XH/XJ/XK/XL/XM/XN/XP/XR/XS/YA/YB/YC"/>
		<Property id="PROPERTY_3412" name="HRN_Level_Ref" value="YD/YE/YF/YG/YH/YJ/YK/YL/YM/YN/YP/YR/YS/YT/YU/YV/ZA/ZB/ZC/ZD/ZE/ZF/ZG/ZH"/>
		<Property id="PROPERTY_3413" name="COLOR" value="BK"/>
		<Property id="PROPERTY_3414" name="SUB_PROJECT" value="HRN-14401"/>
		<Property id="PROPERTY_3415" name="DEVICE_NAME" value="TA520-530::"/>
		<Property id="PROPERTY_3416" name="BDL_CoveringEndPoint" value="TK520"/>
		<Property id="PROPERTY_3417" name="TAPE_Thickness" value="0.1"/>
		<Property id="PROPERTY_3418" name="BDL_CoveringStartPoint" value="TK530"/>
		<Property id="PROPERTY_3419" name="HRN_FAMILY" value="14401"/>
		<Property id="PROPERTY_3420" name="COMP_TYPE" value="TAPE"/>
		<BranchRoute id="BRR_40">
			<StartBranchPosition id="BR_POS_331" branchId="BRANCH_c2-4e-0-4c0db1" branchNodeId="BN_5199_9-334_058" offset="0"/>
			<PassBranchId>BRANCH_c2-4e-0-4c0db1</PassBranchId>
			<PassBranchId>BRANCH_c2-4e-0-4c10ad</PassBranchId>
			<EndBranchPosition id="BR_POS_332" branchId="BRANCH_c2-4e-0-4c10ad" branchNodeId="BN_4567_9-294_058" offset="0"/>
		</BranchRoute>
	</HarnessItem>
	<HarnessItem xsi:type="Protection" id="PROT_c2-1c-0-4bce9f" name="TA530-2R168A" compType="ESKU5T-1A303-AA(B10Y21)" symbolName="WIRETAPE" symbolCharacteristic="Overlap-horz" length="64.000015258789063">
		<AppRef name="E3.Series" version="2.14.0.0" guid="f41716be-9288-4748-8910-c8723af8751b"/>
		<Property id="PROPERTY_3421" name="TAPE_Width" value="20"/>
		<Property id="PROPERTY_3422" name="DESCRIPTION" value="TAPE-100C-BK-ADH_TEAR-MED_NOISE-LITTLE_WEAR"/>
		<Property id="PROPERTY_3423" name="BDL_BundleCoverLayer" value="10"/>
		<Property id="PROPERTY_3424" name="BDL_CoveringLength" value="168.0"/>
		<Property id="PROPERTY_3425" name="SYM_NAME" value="WIRETAPE¶Overlap-horz"/>
		<Property id="PROPERTY_3426" name="HRN_Level_Ref" value="AA/AB/AC/AD/AE/AF/AG/AH/AJ/AK/AL/AM/AN/AP/AR/BA/BB/BC/BD/BE/BF/BG/BH/BJ/CA/CB/CC/CD/CE/DA/DB/DC/DD"/>
		<Property id="PROPERTY_3427" name="HRN_Level_Ref" value="HA/HB/HC/HD/TM/TP/TR/UA/UB/UC/UD/UE/UF/VA/XA/XB/XC/XD/XE/XF/XG/XH/XJ/XK/XL/XM/XN/XP/XR/XS/YA/YB/YC"/>
		<Property id="PROPERTY_3428" name="HRN_Level_Ref" value="YD/YE/YF/YG/YH/YJ/YK/YL/YM/YN/YP/YR/YS/YT/YU/YV/ZA/ZB/ZC/ZD/ZE/ZF/ZG/ZH"/>
		<Property id="PROPERTY_3429" name="COLOR" value="BK"/>
		<Property id="PROPERTY_3430" name="SUB_PROJECT" value="HRN-14401"/>
		<Property id="PROPERTY_3431" name="DEVICE_NAME" value="TA530-2R168A::"/>
		<Property id="PROPERTY_3432" name="BDL_CoveringEndPoint" value="N2R168-A"/>
		<Property id="PROPERTY_3433" name="TAPE_Thickness" value="0.1"/>
		<Property id="PROPERTY_3434" name="BDL_CoveringStartPoint" value="TK530"/>
		<Property id="PROPERTY_3435" name="HRN_FAMILY" value="14401"/>
		<Property id="PROPERTY_3436" name="COMP_TYPE" value="TAPE"/>
		<BranchRoute id="BRR_41">
			<StartBranchPosition id="BR_POS_333" branchId="BRANCH_c2-4e-0-4c0e37" branchNodeId="BN_4567_9-294_058" offset="0"/>
			<PassBranchId>BRANCH_c2-4e-0-4c0e37</PassBranchId>
			<EndBranchPosition id="BR_POS_334" branchId="BRANCH_c2-4e-0-4c0e37" branchNodeId="BN_4567_9-230_058" offset="0"/>
		</BranchRoute>
	</HarnessItem>
	<HarnessItem xsi:type="Protection" id="PROT_c2-1c-0-4bceb0" name="TA530-2R168C" compType="ESKU5T-1A303-AA(B10Y21)" symbolName="WIRETAPE" symbolCharacteristic="Overlap-horz" length="158.49440130462986">
		<AppRef name="E3.Series" version="2.14.0.0" guid="dd158e56-6ad4-41e3-a912-592f11c2278c"/>
		<Property id="PROPERTY_3437" name="TAPE_Width" value="20"/>
		<Property id="PROPERTY_3438" name="DESCRIPTION" value="TAPE-100C-BK-ADH_TEAR-MED_NOISE-LITTLE_WEAR"/>
		<Property id="PROPERTY_3439" name="BDL_BundleCoverLayer" value="10"/>
		<Property id="PROPERTY_3440" name="BDL_CoveringLength" value="155.0"/>
		<Property id="PROPERTY_3441" name="SYM_NAME" value="WIRETAPE¶Overlap-horz"/>
		<Property id="PROPERTY_3442" name="HRN_Level_Ref" value="AA/AB/AC/AD/AE/AF/AG/AH/AJ/AK/AL/AM/AN/AP/AR/BA/BB/BC/BD/BE/BF/BG/BH/BJ/CA/CB/CC/CD/CE/DA/DB/DC/DD"/>
		<Property id="PROPERTY_3443" name="HRN_Level_Ref" value="HA/HB/HC/HD/TM/TP/TR/UA/UB/UC/UD/UE/UF/VA/XA/XB/XC/XD/XE/XF/XG/XH/XJ/XK/XL/XM/XN/XP/XR/XS/YA/YB/YC"/>
		<Property id="PROPERTY_3444" name="HRN_Level_Ref" value="YD/YE/YF/YG/YH/YJ/YK/YL/YM/YN/YP/YR/YS/YT/YU/YV/ZA/ZB/ZC/ZD/ZE/ZF/ZG/ZH"/>
		<Property id="PROPERTY_3445" name="COLOR" value="BK"/>
		<Property id="PROPERTY_3446" name="SUB_PROJECT" value="HRN-14401"/>
		<Property id="PROPERTY_3447" name="DEVICE_NAME" value="TA530-2R168C::"/>
		<Property id="PROPERTY_3448" name="BDL_CoveringEndPoint" value="TK530"/>
		<Property id="PROPERTY_3449" name="TAPE_Thickness" value="0.1"/>
		<Property id="PROPERTY_3450" name="BDL_CoveringStartPoint" value="N2R168-C"/>
		<Property id="PROPERTY_3451" name="HRN_FAMILY" value="14401"/>
		<Property id="PROPERTY_3452" name="COMP_TYPE" value="TAPE"/>
		<BranchRoute id="BRR_42">
			<StartBranchPosition id="BR_POS_335" branchId="BRANCH_c2-4e-0-4c0edc" branchNodeId="BN_4478_25-214_156" offset="0"/>
			<PassBranchId>BRANCH_c2-4e-0-4c0edc</PassBranchId>
			<EndBranchPosition id="BR_POS_336" branchId="BRANCH_c2-4e-0-4c0edc" branchNodeId="BN_4567_9-294_058" offset="0"/>
		</BranchRoute>
	</HarnessItem>
	<HarnessItem xsi:type="Protection" id="PROT_c2-1c-0-4bcec1" name="TA530-2AM01A" compType="ESKU5T-1A303-AA(B10Y21)" symbolName="WIRETAPE" symbolCharacteristic="Overlap-horz" length="233.649944763622">
		<AppRef name="E3.Series" version="2.14.0.0" guid="4fdc7c72-b150-4a24-9845-8763c0e14476"/>
		<Property id="PROPERTY_3453" name="TAPE_Width" value="20"/>
		<Property id="PROPERTY_3454" name="DESCRIPTION" value="TAPE-100C-BK-ADH_TEAR-MED_NOISE-LITTLE_WEAR"/>
		<Property id="PROPERTY_3455" name="BDL_BundleCoverLayer" value="10"/>
		<Property id="PROPERTY_3456" name="BDL_CoveringLength" value="169.0"/>
		<Property id="PROPERTY_3457" name="SYM_NAME" value="WIRETAPE¶Overlap-horz"/>
		<Property id="PROPERTY_3458" name="HRN_Level_Ref" value="AA/AB/AC/AD/AE/AF/AG/AH/AJ/AK/AL/AM/AN/AP/AR/BA/BB/BC/BD/BE/BF/BG/BH/BJ/CA/CB/CC/CD/CE/DA/DB/DC/DD"/>
		<Property id="PROPERTY_3459" name="HRN_Level_Ref" value="HA/HB/HC/HD/TM/TP/TR/UA/UB/UC/UD/UE/UF/VA/XA/XB/XC/XD/XE/XF/XG/XH/XJ/XK/XL/XM/XN/XP/XR/XS/YA/YB/YC"/>
		<Property id="PROPERTY_3460" name="HRN_Level_Ref" value="YD/YE/YF/YG/YH/YJ/YK/YL/YM/YN/YP/YR/YS/YT/YU/YV/ZA/ZB/ZC/ZD/ZE/ZF/ZG/ZH"/>
		<Property id="PROPERTY_3461" name="COLOR" value="BK"/>
		<Property id="PROPERTY_3462" name="SUB_PROJECT" value="HRN-14401"/>
		<Property id="PROPERTY_3463" name="DEVICE_NAME" value="TA530-2AM01A::"/>
		<Property id="PROPERTY_3464" name="BDL_CoveringEndPoint" value="N2AM01-A"/>
		<Property id="PROPERTY_3465" name="TAPE_Thickness" value="0.1"/>
		<Property id="PROPERTY_3466" name="BDL_CoveringStartPoint" value="TK530"/>
		<Property id="PROPERTY_3467" name="HRN_FAMILY" value="14401"/>
		<Property id="PROPERTY_3468" name="COMP_TYPE" value="TAPE"/>
		<BranchRoute id="BRR_43">
			<StartBranchPosition id="BR_POS_337" branchId="BRANCH_c2-4e-0-4c0ee0" branchNodeId="BN_4390_25-238_156" offset="0"/>
			<PassBranchId>BRANCH_c2-4e-0-4c0ee0</PassBranchId>
			<EndBranchPosition id="BR_POS_338" branchId="BRANCH_c2-4e-0-4c0ee0" branchNodeId="BN_4567_9-294_058" offset="0"/>
		</BranchRoute>
	</HarnessItem>
	<HarnessItem xsi:type="Protection" id="PROT_c2-1c-0-4bced2" name="TA600-23PT1OG" compType="ESKU5T-1A303-AA(B13Y21)" symbolName="WIRETAPE" symbolCharacteristic="Overlap-horz" length="1309.2549713250405">
		<AppRef name="E3.Series" version="2.14.0.0" guid="d36a83a3-b5a4-4a14-b5e7-0ddb05df6e61"/>
		<Property id="PROPERTY_3469" name="TAPE_Width" value="19"/>
		<Property id="PROPERTY_3470" name="DESCRIPTION" value="TAPE-100C-OG-ADH_YES_NOISE_MED-WR-LITTLE"/>
		<Property id="PROPERTY_3471" name="BDL_BundleCoverLayer" value="10"/>
		<Property id="PROPERTY_3472" name="BDL_CoveringLength" value="270.0"/>
		<Property id="PROPERTY_3473" name="SYM_NAME" value="WIRETAPE¶Overlap-horz"/>
		<Property id="PROPERTY_3474" name="HRN_Level_Ref" value="AB/AC/AE/AG/AJ/AL/AN/AR/BB/BC/BE/BG/BH/BJ/CA/CB/CC/CD/CE/DA/DB/DC/DD/HA/HB/HC/HD/TM/TP/TR/UE/UF/VA"/>
		<Property id="PROPERTY_3475" name="HRN_Level_Ref" value="XB/XD/XF/XH/XJ/XK/XL/XM/XN/XP/XR/XS/YA/YB/YC/YD/YE/YF/YG/YH/YJ/YK/YL/YM/YN/YP/YR/YS/YT/YU/YV/ZA/ZB"/>
		<Property id="PROPERTY_3476" name="HRN_Level_Ref" value="ZC/ZD/ZE/ZF/ZG/ZH"/>
		<Property id="PROPERTY_3477" name="COLOR" value="OG"/>
		<Property id="PROPERTY_3478" name="SUB_PROJECT" value="HRN-14401"/>
		<Property id="PROPERTY_3479" name="DEVICE_NAME" value="TA600-23PT1OG::"/>
		<Property id="PROPERTY_3480" name="BDL_CoveringEndPoint" value="TK600"/>
		<Property id="PROPERTY_3481" name="TAPE_Thickness" value="0.1"/>
		<Property id="PROPERTY_3482" name="BDL_CoveringStartPoint" value="N23-PT1"/>
		<Property id="PROPERTY_3483" name="HRN_FAMILY" value="14401"/>
		<Property id="PROPERTY_3484" name="COMP_TYPE" value="TAPE"/>
		<Option id="OPTION_c2-1c-0-4bced2_1" value="HUKAJ | HUKAK | HUKAL | HUKAM | HUKAN | HUKAQ|HUKAD"/>
		<BranchRoute id="BRR_44">
			<StartBranchPosition id="BR_POS_339" branchId="BRANCH_c2-4e-0-4c0ed7" branchNodeId="BN_1111_9-174_058" offset="0"/>
			<PassBranchId>BRANCH_c2-4e-0-4c0ed7</PassBranchId>
			<EndBranchPosition id="BR_POS_340" branchId="BRANCH_c2-4e-0-4c0ed7" branchNodeId="BN_2223_9-390_058" offset="0"/>
		</BranchRoute>
	</HarnessItem>
	<HarnessItem xsi:type="Protection" id="PROT_c2-1c-0-4bcefb" name="TA-GD214" compType="ESKU5T-1A303-AA(B10Y21)" symbolName="WIRETAPE" symbolCharacteristic="Overlap-horz" length="297.82196841345274">
		<AppRef name="E3.Series" version="2.14.0.0" guid="39255a32-0fd6-41d2-82d6-a579f6cfcc56"/>
		<Property id="PROPERTY_3485" name="TAPE_Width" value="20"/>
		<Property id="PROPERTY_3486" name="DESCRIPTION" value="TAPE-100C-BK-ADH_TEAR-MED_NOISE-LITTLE_WEAR"/>
		<Property id="PROPERTY_3487" name="BDL_BundleCoverLayer" value="10"/>
		<Property id="PROPERTY_3488" name="BDL_CoveringLength" value="276.0"/>
		<Property id="PROPERTY_3489" name="SYM_NAME" value="WIRETAPE¶Overlap-horz"/>
		<Property id="PROPERTY_3490" name="HRN_Level_Ref" value="AA/AB/AC/AD/AE/AF/AG/AH/AJ/AK/AL/AM/AN/AP/AR/BA/BB/BC/BD/BE/BF/BG/BH/BJ/CA/CB/CC/CD/CE/DA/DB/DC/DD"/>
		<Property id="PROPERTY_3491" name="HRN_Level_Ref" value="HA/HB/HC/HD/TM/TP/TR/UA/UB/UC/UD/UE/UF/VA/XA/XB/XC/XD/XE/XF/XG/XH/XJ/XK/XL/XM/XN/XP/XR/XS/YA/YB/YC"/>
		<Property id="PROPERTY_3492" name="HRN_Level_Ref" value="YD/YE/YF/YG/YH/YJ/YK/YL/YM/YN/YP/YR/YS/YT/YU/YV/ZA/ZB/ZC/ZD/ZE/ZF/ZG/ZH"/>
		<Property id="PROPERTY_3493" name="COLOR" value="BK"/>
		<Property id="PROPERTY_3494" name="SUB_PROJECT" value="HRN-14401"/>
		<Property id="PROPERTY_3495" name="DEVICE_NAME" value="TA-GD214::"/>
		<Property id="PROPERTY_3496" name="BDL_CoveringEndPoint" value="TAS738"/>
		<Property id="PROPERTY_3497" name="TAPE_Thickness" value="0.1"/>
		<Property id="PROPERTY_3498" name="BDL_CoveringStartPoint" value="N2D214"/>
		<Property id="PROPERTY_3499" name="HRN_FAMILY" value="14401"/>
		<Property id="PROPERTY_3500" name="COMP_TYPE" value="TAPE"/>
		<BranchRoute id="BRR_45">
			<StartBranchPosition id="BR_POS_341" branchId="BRANCH_c2-4e-0-4c108c" branchNodeId="BN_6495_9-222_058" offset="0"/>
			<PassBranchId>BRANCH_c2-4e-0-4c108c</PassBranchId>
			<EndBranchPosition id="BR_POS_342" branchId="BRANCH_c2-4e-0-4c108c" branchNodeId="BN_6678_25-158_156" offset="0"/>
		</BranchRoute>
	</HarnessItem>
	<HarnessItem xsi:type="Protection" id="PROT_c2-1c-0-4bcf0d" name="TA580-2LF70" compType="ESKU5T-1A303-AA(B10Y21)" symbolName="WIRETAPE" symbolCharacteristic="Overlap-horz" length="894.34988836104594">
		<AppRef name="E3.Series" version="2.14.0.0" guid="17631125-15ef-413a-9315-09c1a559019e"/>
		<Property id="PROPERTY_3501" name="TAPE_Width" value="20"/>
		<Property id="PROPERTY_3502" name="DESCRIPTION" value="TAPE-100C-BK-ADH_TEAR-MED_NOISE-LITTLE_WEAR"/>
		<Property id="PROPERTY_3503" name="BDL_BundleCoverLayer" value="10"/>
		<Property id="PROPERTY_3504" name="BDL_CoveringLength" value="477.0"/>
		<Property id="PROPERTY_3505" name="SYM_NAME" value="WIRETAPE¶Overlap-horz"/>
		<Property id="PROPERTY_3506" name="HRN_Level_Ref" value="AA/AB/AC/AD/AE/AF/AG/AH/AJ/AK/AL/AM/AN/AP/AR/BA/BB/BC/BD/BE/BF/BG/BH/BJ/CA/CB/CC/CD/CE/DA/DB/DC/DD"/>
		<Property id="PROPERTY_3507" name="HRN_Level_Ref" value="HA/HB/HC/HD/TM/TP/TR/UA/UB/UC/UD/UE/UF/VA/XA/XB/XC/XD/XE/XF/XG/XH/XJ/XK/XL/XM/XN/XP/XR/XS/YA/YB/YC"/>
		<Property id="PROPERTY_3508" name="HRN_Level_Ref" value="YD/YE/YF/YG/YH/YJ/YK/YL/YM/YN/YP/YR/YS/YT/YU/YV/ZA/ZB/ZC/ZD/ZE/ZF/ZG/ZH"/>
		<Property id="PROPERTY_3509" name="COLOR" value="BK"/>
		<Property id="PROPERTY_3510" name="SUB_PROJECT" value="HRN-14401"/>
		<Property id="PROPERTY_3511" name="DEVICE_NAME" value="TA580-2LF70::"/>
		<Property id="PROPERTY_3512" name="BDL_CoveringEndPoint" value="TK560"/>
		<Property id="PROPERTY_3513" name="TAPE_Thickness" value="0.1"/>
		<Property id="PROPERTY_3514" name="BDL_CoveringStartPoint" value="N2LF70"/>
		<Property id="PROPERTY_3515" name="HRN_FAMILY" value="14401"/>
		<Property id="PROPERTY_3516" name="COMP_TYPE" value="TAPE"/>
		<BranchRoute id="BRR_46">
			<StartBranchPosition id="BR_POS_343" branchId="BRANCH_c2-4e-0-4c0dc5" branchNodeId="BN_3870_25-374_156" offset="0"/>
			<PassBranchId>BRANCH_c2-4e-0-4c0dc5</PassBranchId>
			<PassBranchId>BRANCH_c2-4e-0-4c105c</PassBranchId>
			<PassBranchId>BRANCH_c2-4e-0-4c0e2c</PassBranchId>
			<EndBranchPosition id="BR_POS_344" branchId="BRANCH_c2-4e-0-4c0e2c" branchNodeId="BN_3127_9-222_058" offset="0"/>
		</BranchRoute>
	</HarnessItem>
	<HarnessItem xsi:type="Protection" id="PROT_c2-1c-0-4bcf1e" name="TA580-2X212" compType="ESKU5T-1A303-AA(B10Y21)" symbolName="WIRETAPE" symbolCharacteristic="Overlap-horz" length="409.00001525878906">
		<AppRef name="E3.Series" version="2.14.0.0" guid="9850a4e2-1fe2-4e08-9e1f-1d49aad13721"/>
		<Property id="PROPERTY_3517" name="TAPE_Width" value="20"/>
		<Property id="PROPERTY_3518" name="DESCRIPTION" value="TAPE-100C-BK-ADH_TEAR-MED_NOISE-LITTLE_WEAR"/>
		<Property id="PROPERTY_3519" name="BDL_BundleCoverLayer" value="10"/>
		<Property id="PROPERTY_3520" name="BDL_CoveringLength" value="210.0"/>
		<Property id="PROPERTY_3521" name="SYM_NAME" value="WIRETAPE¶Overlap-horz"/>
		<Property id="PROPERTY_3522" name="HRN_Level_Ref" value="AA/AB/AC/AD/AE/AF/AG/AH/AJ/AK/AL/AM/AN/AP/AR/BA/BB/BC/BD/BE/BF/BG/BH/BJ/CA/CB/CC/CD/CE/DA/DB/DC/DD"/>
		<Property id="PROPERTY_3523" name="HRN_Level_Ref" value="HA/HB/HC/HD/TM/TP/TR/UA/UB/UC/UD/UE/UF/VA/XA/XB/XC/XD/XE/XF/XG/XH/XJ/XK/XL/XM/XN/XP/XR/XS/YA/YB/YC"/>
		<Property id="PROPERTY_3524" name="HRN_Level_Ref" value="YD/YE/YF/YG/YH/YJ/YK/YL/YM/YN/YP/YR/YS/YT/YU/YV/ZA/ZB/ZC/ZD/ZE/ZF/ZG/ZH"/>
		<Property id="PROPERTY_3525" name="COLOR" value="BK"/>
		<Property id="PROPERTY_3526" name="SUB_PROJECT" value="HRN-14401"/>
		<Property id="PROPERTY_3527" name="DEVICE_NAME" value="TA580-2X212::"/>
		<Property id="PROPERTY_3528" name="BDL_CoveringEndPoint" value="TK580"/>
		<Property id="PROPERTY_3529" name="TAPE_Thickness" value="0.1"/>
		<Property id="PROPERTY_3530" name="BDL_CoveringStartPoint" value="N2X212"/>
		<Property id="PROPERTY_3531" name="HRN_FAMILY" value="14401"/>
		<Property id="PROPERTY_3532" name="COMP_TYPE" value="TAPE"/>
		<BranchRoute id="BRR_47">
			<StartBranchPosition id="BR_POS_345" branchId="BRANCH_c2-4e-0-4c0dcb" branchNodeId="BN_2863_9-229_058" offset="0"/>
			<PassBranchId>BRANCH_c2-4e-0-4c0dcb</PassBranchId>
			<EndBranchPosition id="BR_POS_346" branchId="BRANCH_c2-4e-0-4c0dcb" branchNodeId="BN_3127_9-374_058" offset="0"/>
		</BranchRoute>
	</HarnessItem>
	<HarnessItem xsi:type="Protection" id="PROT_c2-1c-0-4bcf2f" name="TA560-2CB09" compType="ESKU5T-1A303-AA(B10Y21)" symbolName="WIRETAPE" symbolCharacteristic="Overlap-horz" length="144.00001525878906">
		<AppRef name="E3.Series" version="2.14.0.0" guid="4663cec3-d61e-4219-ab65-5b96b4715dca"/>
		<Property id="PROPERTY_3533" name="TAPE_Width" value="20"/>
		<Property id="PROPERTY_3534" name="DESCRIPTION" value="TAPE-100C-BK-ADH_TEAR-MED_NOISE-LITTLE_WEAR"/>
		<Property id="PROPERTY_3535" name="BDL_BundleCoverLayer" value="10"/>
		<Property id="PROPERTY_3536" name="BDL_CoveringLength" value="211.0"/>
		<Property id="PROPERTY_3537" name="SYM_NAME" value="WIRETAPE¶Overlap-horz"/>
		<Property id="PROPERTY_3538" name="HRN_Level_Ref" value="AA/AB/AC/AD/AE/AF/AG/AH/AJ/AK/AL/AM/AN/AP/AR/BA/BB/BC/BD/BE/BF/BG/BH/BJ/CA/CB/CC/CD/CE/DA/DB/DC/DD"/>
		<Property id="PROPERTY_3539" name="HRN_Level_Ref" value="HA/HB/HC/HD/TM/TP/TR/UA/UB/UC/UD/UE/UF/VA/XA/XB/XC/XD/XE/XF/XG/XH/XJ/XK/XL/XM/XN/XP/XR/XS/YA/YB/YC"/>
		<Property id="PROPERTY_3540" name="HRN_Level_Ref" value="YD/YE/YF/YG/YH/YJ/YK/YL/YM/YN/YP/YR/YS/YT/YU/YV/ZA/ZB/ZC/ZD/ZE/ZF/ZG/ZH"/>
		<Property id="PROPERTY_3541" name="COLOR" value="BK"/>
		<Property id="PROPERTY_3542" name="SUB_PROJECT" value="HRN-14401"/>
		<Property id="PROPERTY_3543" name="DEVICE_NAME" value="TA560-2CB09::"/>
		<Property id="PROPERTY_3544" name="BDL_CoveringEndPoint" value="N2CB09"/>
		<Property id="PROPERTY_3545" name="TAPE_Thickness" value="0.1"/>
		<Property id="PROPERTY_3546" name="BDL_CoveringStartPoint" value="TK560"/>
		<Property id="PROPERTY_3547" name="HRN_FAMILY" value="14401"/>
		<Property id="PROPERTY_3548" name="COMP_TYPE" value="TAPE"/>
		<BranchRoute id="BRR_48">
			<StartBranchPosition id="BR_POS_347" branchId="BRANCH_c2-4e-0-4c0e33" branchNodeId="BN_3870_25-374_156" offset="0"/>
			<PassBranchId>BRANCH_c2-4e-0-4c0e33</PassBranchId>
			<EndBranchPosition id="BR_POS_348" branchId="BRANCH_c2-4e-0-4c0e33" branchNodeId="BN_3870_25-230_156" offset="0"/>
		</BranchRoute>
	</HarnessItem>
	<HarnessItem xsi:type="Protection" id="PROT_c2-1c-0-4bcf40" name="TA560-2PP09" compType="ESKU5T-1A303-AA(B10Y21)" symbolName="WIRETAPE" symbolCharacteristic="Overlap-horz" length="264.00001525878906">
		<AppRef name="E3.Series" version="2.14.0.0" guid="afd4aafe-cc35-4673-8a7d-de29d90f8a1a"/>
		<Property id="PROPERTY_3549" name="TAPE_Width" value="20"/>
		<Property id="PROPERTY_3550" name="DESCRIPTION" value="TAPE-100C-BK-ADH_TEAR-MED_NOISE-LITTLE_WEAR"/>
		<Property id="PROPERTY_3551" name="BDL_BundleCoverLayer" value="10"/>
		<Property id="PROPERTY_3552" name="BDL_CoveringLength" value="259.0"/>
		<Property id="PROPERTY_3553" name="SYM_NAME" value="WIRETAPE¶Overlap-horz"/>
		<Property id="PROPERTY_3554" name="HRN_Level_Ref" value="AA/AB/AC/AD/AE/AF/AG/AH/AJ/AK/AL/AM/AN/AP/AR/BA/BB/BC/BD/BE/BF/BG/BH/BJ/CA/CB/CC/CD/CE/DA/DB/DC/DD"/>
		<Property id="PROPERTY_3555" name="HRN_Level_Ref" value="HA/HB/HC/HD/TM/TP/TR/UA/UB/UC/UD/UE/UF/VA/XA/XB/XC/XD/XE/XF/XG/XH/XJ/XK/XL/XM/XN/XP/XR/XS/YA/YB/YC"/>
		<Property id="PROPERTY_3556" name="HRN_Level_Ref" value="YD/YE/YF/YG/YH/YJ/YK/YL/YM/YN/YP/YR/YS/YT/YU/YV/ZA/ZB/ZC/ZD/ZE/ZF/ZG/ZH"/>
		<Property id="PROPERTY_3557" name="COLOR" value="BK"/>
		<Property id="PROPERTY_3558" name="SUB_PROJECT" value="HRN-14401"/>
		<Property id="PROPERTY_3559" name="DEVICE_NAME" value="TA560-2PP09::"/>
		<Property id="PROPERTY_3560" name="BDL_CoveringEndPoint" value="TK560"/>
		<Property id="PROPERTY_3561" name="TAPE_Thickness" value="0.1"/>
		<Property id="PROPERTY_3562" name="BDL_CoveringStartPoint" value="N2PP09"/>
		<Property id="PROPERTY_3563" name="HRN_FAMILY" value="14401"/>
		<Property id="PROPERTY_3564" name="COMP_TYPE" value="TAPE"/>
		<BranchRoute id="BRR_49">
			<StartBranchPosition id="BR_POS_349" branchId="BRANCH_c2-4e-0-4c0dbb" branchNodeId="BN_3734_25-230_156" offset="0"/>
			<PassBranchId>BRANCH_c2-4e-0-4c0dbb</PassBranchId>
			<EndBranchPosition id="BR_POS_350" branchId="BRANCH_c2-4e-0-4c0dbb" branchNodeId="BN_3870_25-374_156" offset="0"/>
		</BranchRoute>
	</HarnessItem>
	<HarnessItem xsi:type="Protection" id="PROT_c2-1c-0-4bcf98" name="TA2D215" compType="ESKU5T-1A303-AA(B10Y21)" symbolName="WIRETAPE" symbolCharacteristic="Overlap-horz" length="146.68839883949047">
		<AppRef name="E3.Series" version="2.14.0.0" guid="b51ee65a-ef8b-4e3b-a048-91062e84c8a0"/>
		<Property id="PROPERTY_3565" name="TAPE_Width" value="20"/>
		<Property id="PROPERTY_3566" name="DESCRIPTION" value="TAPE-100C-BK-ADH_TEAR-MED_NOISE-LITTLE_WEAR"/>
		<Property id="PROPERTY_3567" name="BDL_BundleCoverLayer" value="10"/>
		<Property id="PROPERTY_3568" name="BDL_CoveringLength" value="370.0"/>
		<Property id="PROPERTY_3569" name="SYM_NAME" value="WIRETAPE¶Overlap-horz"/>
		<Property id="PROPERTY_3570" name="HRN_Level_Ref" value="AA/AB/AC/AD/AE/AF/AG/AH/AJ/AK/AL/AM/AN/AP/AR/BA/BB/BC/BD/BE/BF/BG/BH/BJ/CA/CB/CC/CD/CE/DA/DB/DC/DD"/>
		<Property id="PROPERTY_3571" name="HRN_Level_Ref" value="HA/HB/HC/HD/TM/TP/TR/UA/UB/UC/UD/UE/UF/VA/XA/XB/XC/XD/XE/XF/XG/XH/XJ/XK/XL/XM/XN/XP/XR/XS/YA/YB/YC"/>
		<Property id="PROPERTY_3572" name="HRN_Level_Ref" value="YD/YE/YF/YG/YH/YJ/YK/YL/YM/YN/YP/YR/YS/YT/YU/YV/ZA/ZB/ZC/ZD/ZE/ZF/ZG/ZH"/>
		<Property id="PROPERTY_3573" name="COLOR" value="BK"/>
		<Property id="PROPERTY_3574" name="SUB_PROJECT" value="HRN-14401"/>
		<Property id="PROPERTY_3575" name="DEVICE_NAME" value="TA2D215::"/>
		<Property id="PROPERTY_3576" name="BDL_CoveringEndPoint" value="N2D215"/>
		<Property id="PROPERTY_3577" name="TAPE_Thickness" value="0.1"/>
		<Property id="PROPERTY_3578" name="BDL_CoveringStartPoint" value="TK190"/>
		<Property id="PROPERTY_3579" name="HRN_FAMILY" value="14401"/>
		<Property id="PROPERTY_3580" name="COMP_TYPE" value="TAPE"/>
		<BranchRoute id="BRR_50">
			<StartBranchPosition id="BR_POS_351" branchId="BRANCH_c2-4e-0-4c1078" branchNodeId="BN_21116-320" offset="0"/>
			<PassBranchId>BRANCH_c2-4e-0-4c1078</PassBranchId>
			<EndBranchPosition id="BR_POS_352" branchId="BRANCH_c2-4e-0-4c1078" branchNodeId="BN_21240-384" offset="0"/>
		</BranchRoute>
	</HarnessItem>
	<HarnessItem xsi:type="Protection" id="PROT_c2-1c-0-4bcfec" name="TA172-2RC01A" compType="ESKU5T-1A303-AA(B10Y21)" symbolName="WIRETAPE" symbolCharacteristic="Overlap-horz" length="120">
		<AppRef name="E3.Series" version="2.14.0.0" guid="4738cad8-b7f0-4637-a7b1-eb0096a9789d"/>
		<Property id="PROPERTY_3581" name="TAPE_Width" value="20"/>
		<Property id="PROPERTY_3582" name="DESCRIPTION" value="TAPE-100C-BK-ADH_TEAR-MED_NOISE-LITTLE_WEAR"/>
		<Property id="PROPERTY_3583" name="BDL_BundleCoverLayer" value="10"/>
		<Property id="PROPERTY_3584" name="BDL_CoveringLength" value="543.0"/>
		<Property id="PROPERTY_3585" name="SYM_NAME" value="WIRETAPE¶Overlap-horz"/>
		<Property id="PROPERTY_3586" name="HRN_Level_Ref" value="ZA/ZB/ZC/ZF"/>
		<Property id="PROPERTY_3587" name="COLOR" value="BK"/>
		<Property id="PROPERTY_3588" name="SUB_PROJECT" value="HRN-14401"/>
		<Property id="PROPERTY_3589" name="DEVICE_NAME" value="TA172-2RC01A::"/>
		<Property id="PROPERTY_3590" name="BDL_CoveringEndPoint" value="N172"/>
		<Property id="PROPERTY_3591" name="TAPE_Thickness" value="0.1"/>
		<Property id="PROPERTY_3592" name="BDL_CoveringStartPoint" value="N2RC01-A"/>
		<Property id="PROPERTY_3593" name="HRN_FAMILY" value="14401"/>
		<Property id="PROPERTY_3594" name="COMP_TYPE" value="TAPE"/>
		<Option id="OPTION_c2-1c-0-4bcfec_1" value="HJGAY"/>
		<BranchRoute id="BRR_51">
			<StartBranchPosition id="BR_POS_353" branchId="BRANCH_c2-4e-0-4c0d17" branchNodeId="BN_21152-224" offset="0"/>
			<PassBranchId>BRANCH_c2-4e-0-4c0d17</PassBranchId>
			<PassBranchId>BRANCH_c2-4e-0-4c0d28</PassBranchId>
			<EndBranchPosition id="BR_POS_354" branchId="BRANCH_c2-4e-0-4c0d28" branchNodeId="BN_21096-160" offset="0"/>
		</BranchRoute>
	</HarnessItem>
	<HarnessItem xsi:type="Protection" id="PROT_c2-1c-0-4bcffd" name="TA190-23SW1" compType="ESKU5T-1A303-AA(B10Y21)" symbolName="WIRETAPE" symbolCharacteristic="Overlap-horz" length="758.1194642152152">
		<AppRef name="E3.Series" version="2.14.0.0" guid="1f95d655-a747-4440-bfa7-8d98d8cbf13d"/>
		<Property id="PROPERTY_3595" name="TAPE_Width" value="20"/>
		<Property id="PROPERTY_3596" name="DESCRIPTION" value="TAPE-100C-BK-ADH_TEAR-MED_NOISE-LITTLE_WEAR"/>
		<Property id="PROPERTY_3597" name="BDL_BundleCoverLayer" value="10"/>
		<Property id="PROPERTY_3598" name="BDL_CoveringLength" value="487.0"/>
		<Property id="PROPERTY_3599" name="SYM_NAME" value="WIRETAPE¶Overlap-horz"/>
		<Property id="PROPERTY_3600" name="HRN_Level_Ref" value="AA/AB/AD/AE/AF/AG/AH/AJ/AK/AL/AM/AN/AP/AR/BA/BB/BD/BE/BF/BG/BH/BJ/CA/CB/CC/CD/CE/DA/DB/DC/DD/HA/HB"/>
		<Property id="PROPERTY_3601" name="HRN_Level_Ref" value="HC/HD/TM/TP/TR/UA/UB/UC/UD/UE/UF/VA/XA/XB/XC/XD/XE/XF/XG/XH/XJ/XK/XL/XM/XN/XP/XR/XS/YC/YD/YG/YH/YK"/>
		<Property id="PROPERTY_3602" name="HRN_Level_Ref" value="YL/YM/YN/YP/YR/YS/YT/YU/YV/ZD/ZE/ZG/ZH"/>
		<Property id="PROPERTY_3603" name="COLOR" value="BK"/>
		<Property id="PROPERTY_3604" name="SUB_PROJECT" value="HRN-14401"/>
		<Property id="PROPERTY_3605" name="DEVICE_NAME" value="TA190-23SW1::"/>
		<Property id="PROPERTY_3606" name="BDL_CoveringEndPoint" value="N23-SW1"/>
		<Property id="PROPERTY_3607" name="TAPE_Thickness" value="0.1"/>
		<Property id="PROPERTY_3608" name="BDL_CoveringStartPoint" value="TK190"/>
		<Property id="PROPERTY_3609" name="HRN_FAMILY" value="14401"/>
		<Property id="PROPERTY_3610" name="COMP_TYPE" value="TAPE"/>
		<Option id="OPTION_c2-1c-0-4bcffd_1" value="HJGAX | EN_BM"/>
		<BranchRoute id="BRR_52">
			<StartBranchPosition id="BR_POS_355" branchId="BRANCH_c2-4e-0-4c0df7" branchNodeId="BN_20596-224" offset="0"/>
			<PassBranchId>BRANCH_c2-4e-0-4c0df7</PassBranchId>
			<PassBranchId>BRANCH_c2-4e-0-4c1068</PassBranchId>
			<EndBranchPosition id="BR_POS_356" branchId="BRANCH_c2-4e-0-4c1068" branchNodeId="BN_21240-384" offset="0"/>
		</BranchRoute>
	</HarnessItem>
	<HarnessItem xsi:type="Protection" id="PROT_c2-1c-0-4bd041" name="TA150-22D1" compType="ESKU5T-1A303-AA(B10Y21)" symbolName="WIRETAPE" symbolCharacteristic="Overlap-horz" length="488">
		<AppRef name="E3.Series" version="2.14.0.0" guid="8d542abf-ca09-4fe2-9e1e-d4e2f7b58dff"/>
		<Property id="PROPERTY_3611" name="TAPE_Width" value="20"/>
		<Property id="PROPERTY_3612" name="DESCRIPTION" value="TAPE-100C-BK-ADH_TEAR-MED_NOISE-LITTLE_WEAR"/>
		<Property id="PROPERTY_3613" name="BDL_BundleCoverLayer" value="10"/>
		<Property id="PROPERTY_3614" name="BDL_CoveringLength" value="350.0"/>
		<Property id="PROPERTY_3615" name="SYM_NAME" value="WIRETAPE¶Overlap-horz"/>
		<Property id="PROPERTY_3616" name="HRN_Level_Ref" value="AA/AB/AC/AD/AE/AF/AG/AH/AJ/AK/AL/AM/AN/AP/AR/BA/BB/BC/BD/BE/BF/BG/BH/BJ/CA/CB/CC/CD/CE/DA/DB/DC/DD"/>
		<Property id="PROPERTY_3617" name="HRN_Level_Ref" value="HA/HB/HC/HD/TM/TP/TR/UA/UB/UC/UD/UE/UF/VA/XA/XB/XC/XD/XE/XF/XG/XH/XJ/XK/XL/XM/XN/XP/XR/XS/YA/YB/YC"/>
		<Property id="PROPERTY_3618" name="HRN_Level_Ref" value="YD/YE/YF/YG/YH/YJ/YK/YL/YM/YN/YP/YR/YS/YT/YU/YV/ZA/ZB/ZC/ZD/ZE/ZF/ZG/ZH"/>
		<Property id="PROPERTY_3619" name="COLOR" value="BK"/>
		<Property id="PROPERTY_3620" name="SUB_PROJECT" value="HRN-14401"/>
		<Property id="PROPERTY_3621" name="DEVICE_NAME" value="TA150-22D1::"/>
		<Property id="PROPERTY_3622" name="BDL_CoveringEndPoint" value="TK150"/>
		<Property id="PROPERTY_3623" name="TAPE_Thickness" value="0.1"/>
		<Property id="PROPERTY_3624" name="BDL_CoveringStartPoint" value="N22-D1"/>
		<Property id="PROPERTY_3625" name="HRN_FAMILY" value="14401"/>
		<Property id="PROPERTY_3626" name="COMP_TYPE" value="TAPE"/>
		<BranchRoute id="BRR_53">
			<StartBranchPosition id="BR_POS_357" branchId="BRANCH_c2-4e-0-4c0e8b" branchNodeId="BN_22840-304" offset="0"/>
			<PassBranchId>BRANCH_c2-4e-0-4c0e8b</PassBranchId>
			<PassBranchId>BRANCH_c2-4e-0-4c0fe5</PassBranchId>
			<EndBranchPosition id="BR_POS_358" branchId="BRANCH_c2-4e-0-4c0fe5" branchNodeId="BN_22408-360" offset="0"/>
		</BranchRoute>
	</HarnessItem>
	<HarnessItem xsi:type="Protection" id="PROT_c2-1c-0-4bd088" name="TA176-N2LN85" compType="ESKU5T-1A303-AA(B10Y21)" symbolName="WIRETAPE" symbolCharacteristic="Overlap-horz" length="265.8984333744753">
		<AppRef name="E3.Series" version="2.14.0.0" guid="c489f97f-a2d5-4928-9089-ceb856ffdb81"/>
		<Property id="PROPERTY_3627" name="TAPE_Width" value="20"/>
		<Property id="PROPERTY_3628" name="DESCRIPTION" value="TAPE-100C-BK-ADH_TEAR-MED_NOISE-LITTLE_WEAR"/>
		<Property id="PROPERTY_3629" name="BDL_BundleCoverLayer" value="10"/>
		<Property id="PROPERTY_3630" name="BDL_CoveringLength" value="300.0"/>
		<Property id="PROPERTY_3631" name="SYM_NAME" value="WIRETAPE¶Overlap-horz"/>
		<Property id="PROPERTY_3632" name="HRN_Level_Ref" value="AA/AB/AC/AD/AE/AF/AG/AH/AJ/AK/AL/AM/AN/AP/AR/BA/BB/BC/BD/BE/BF/BG/BH/BJ/CA/CB/CC/CD/CE/DA/DB/DC/DD"/>
		<Property id="PROPERTY_3633" name="HRN_Level_Ref" value="HA/HB/HC/HD/TM/TP/TR/UA/UB/UC/UD/UE/UF/VA/XA/XB/XC/XD/XE/XF/XG/XH/XJ/XK/XL/XM/XN/XP/XR/XS/YA/YB/YC"/>
		<Property id="PROPERTY_3634" name="HRN_Level_Ref" value="YD/YE/YF/YG/YH/YJ/YK/YL/YM/YN/YP/YR/YS/YT/YU/YV/ZA/ZB/ZC/ZD/ZE/ZF/ZG/ZH"/>
		<Property id="PROPERTY_3635" name="COLOR" value="BK"/>
		<Property id="PROPERTY_3636" name="SUB_PROJECT" value="HRN-14401"/>
		<Property id="PROPERTY_3637" name="DEVICE_NAME" value="TA176-N2LN85::"/>
		<Property id="PROPERTY_3638" name="BDL_CoveringEndPoint" value="TK176"/>
		<Property id="PROPERTY_3639" name="TAPE_Thickness" value="0.1"/>
		<Property id="PROPERTY_3640" name="BDL_CoveringStartPoint" value="N2LN85"/>
		<Property id="PROPERTY_3641" name="HRN_FAMILY" value="14401"/>
		<Property id="PROPERTY_3642" name="COMP_TYPE" value="TAPE"/>
		<BranchRoute id="BRR_54">
			<StartBranchPosition id="BR_POS_359" branchId="BRANCH_c2-4e-0-4c1038" branchNodeId="BN_22848-48" offset="0"/>
			<PassBranchId>BRANCH_c2-4e-0-4c1038</PassBranchId>
			<EndBranchPosition id="BR_POS_360" branchId="BRANCH_c2-4e-0-4c1038" branchNodeId="BN_23112-64" offset="0"/>
		</BranchRoute>
	</HarnessItem>
	<HarnessItem xsi:type="Protection" id="PROT_c2-1c-0-4bd099" name="TA420-2ME89C" compType="ESKU5T-1A303-AA(B10Y21)" symbolName="WIRETAPE" symbolCharacteristic="Overlap-horz" length="252.70087544896779">
		<AppRef name="E3.Series" version="2.14.0.0" guid="9abc6ab5-617a-4081-9170-d71e40ebfa11"/>
		<Property id="PROPERTY_3643" name="TAPE_Width" value="20"/>
		<Property id="PROPERTY_3644" name="DESCRIPTION" value="TAPE-100C-BK-ADH_TEAR-MED_NOISE-LITTLE_WEAR"/>
		<Property id="PROPERTY_3645" name="BDL_BundleCoverLayer" value="10"/>
		<Property id="PROPERTY_3646" name="BDL_CoveringLength" value="336.0"/>
		<Property id="PROPERTY_3647" name="SYM_NAME" value="WIRETAPE¶Overlap-horz"/>
		<Property id="PROPERTY_3648" name="HRN_Level_Ref" value="AA/AB/AC/AD/AE/AF/AG/AH/AJ/AK/AL/AM/AN/AP/AR/BA/BB/BC/BD/BE/BF/BG/BH/BJ/CA/CB/CC/CD/CE/DA/DB/DC/DD"/>
		<Property id="PROPERTY_3649" name="HRN_Level_Ref" value="HA/HB/HC/HD/TM/TP/TR/UA/UB/UC/UD/UE/UF/VA/XA/XB/XC/XD/XE/XF/XG/XH/XJ/XK/XL/XM/XN/XP/XR/XS/YA/YB/YC"/>
		<Property id="PROPERTY_3650" name="HRN_Level_Ref" value="YD/YE/YF/YG/YH/YJ/YK/YL/YM/YN/YP/YR/YS/YT/YU/YV/ZA/ZB/ZC/ZD/ZE/ZF/ZG/ZH"/>
		<Property id="PROPERTY_3651" name="COLOR" value="BK"/>
		<Property id="PROPERTY_3652" name="SUB_PROJECT" value="HRN-14401"/>
		<Property id="PROPERTY_3653" name="DEVICE_NAME" value="TA420-2ME89C::"/>
		<Property id="PROPERTY_3654" name="BDL_CoveringEndPoint" value="N2ME89-C"/>
		<Property id="PROPERTY_3655" name="TAPE_Thickness" value="0.1"/>
		<Property id="PROPERTY_3656" name="BDL_CoveringStartPoint" value="TK420"/>
		<Property id="PROPERTY_3657" name="HRN_FAMILY" value="14401"/>
		<Property id="PROPERTY_3658" name="COMP_TYPE" value="TAPE"/>
		<BranchRoute id="BRR_55">
			<StartBranchPosition id="BR_POS_361" branchId="BRANCH_c2-4e-0-4c103f" branchNodeId="BN_9407-374" offset="0"/>
			<PassBranchId>BRANCH_c2-4e-0-4c103f</PassBranchId>
			<PassBranchId>BRANCH_c2-4e-0-4c1041</PassBranchId>
			<EndBranchPosition id="BR_POS_362" branchId="BRANCH_c2-4e-0-4c1041" branchNodeId="BN_9568-200" offset="0"/>
		</BranchRoute>
	</HarnessItem>
	<HarnessItem xsi:type="Protection" id="PROT_c2-1c-0-4bd0aa" name="TA420-2LF44" compType="ESKU5T-1A303-AA(B10Y21)" symbolName="WIRETAPE" symbolCharacteristic="Overlap-horz" length="326.37234083530592">
		<AppRef name="E3.Series" version="2.14.0.0" guid="7570c0c9-ffe9-49df-8b2f-d744e460ca21"/>
		<Property id="PROPERTY_3659" name="TAPE_Width" value="20"/>
		<Property id="PROPERTY_3660" name="DESCRIPTION" value="TAPE-100C-BK-ADH_TEAR-MED_NOISE-LITTLE_WEAR"/>
		<Property id="PROPERTY_3661" name="BDL_BundleCoverLayer" value="10"/>
		<Property id="PROPERTY_3662" name="BDL_CoveringLength" value="333.0"/>
		<Property id="PROPERTY_3663" name="SYM_NAME" value="WIRETAPE¶Overlap-horz"/>
		<Property id="PROPERTY_3664" name="HRN_Level_Ref" value="AA/AB/AC/AD/AE/AF/AG/AH/AJ/AK/AL/AM/AN/AP/AR/BA/BB/BC/BD/BE/BF/BG/BH/BJ/CA/CB/CC/CD/CE/DA/DB/DC/DD"/>
		<Property id="PROPERTY_3665" name="HRN_Level_Ref" value="HA/HB/HC/HD/TM/TP/TR/UA/UB/UC/UD/UE/UF/VA/XA/XB/XC/XD/XE/XF/XG/XH/XJ/XK/XL/XM/XN/XP/XR/XS/YA/YB/YC"/>
		<Property id="PROPERTY_3666" name="HRN_Level_Ref" value="YD/YE/YF/YG/YH/YJ/YK/YL/YM/YN/YP/YR/YS/YT/YU/YV/ZA/ZB/ZC/ZD/ZE/ZF/ZG/ZH"/>
		<Property id="PROPERTY_3667" name="COLOR" value="BK"/>
		<Property id="PROPERTY_3668" name="SUB_PROJECT" value="HRN-14401"/>
		<Property id="PROPERTY_3669" name="DEVICE_NAME" value="TA420-2LF44::"/>
		<Property id="PROPERTY_3670" name="BDL_CoveringEndPoint" value="N2LF44"/>
		<Property id="PROPERTY_3671" name="TAPE_Thickness" value="0.1"/>
		<Property id="PROPERTY_3672" name="BDL_CoveringStartPoint" value="TK420"/>
		<Property id="PROPERTY_3673" name="HRN_FAMILY" value="14401"/>
		<Property id="PROPERTY_3674" name="COMP_TYPE" value="TAPE"/>
		<BranchRoute id="BRR_56">
			<StartBranchPosition id="BR_POS_363" branchId="BRANCH_c2-4e-0-4c1044" branchNodeId="BN_9407-374" offset="0"/>
			<PassBranchId>BRANCH_c2-4e-0-4c1044</PassBranchId>
			<PassBranchId>BRANCH_c2-4e-0-4c1046</PassBranchId>
			<PassBranchId>BRANCH_c2-4e-0-4c1049</PassBranchId>
			<PassBranchId>BRANCH_c2-4e-0-4c104c</PassBranchId>
			<EndBranchPosition id="BR_POS_364" branchId="BRANCH_c2-4e-0-4c104c" branchNodeId="BN_9256-216" offset="0"/>
		</BranchRoute>
	</HarnessItem>
	<HarnessItem xsi:type="Protection" id="PROT_c2-1c-0-4bd0da" name="TA370-2MT16A" compType="ESKU5T-1A303-AA(B10Y21)" symbolName="WIRETAPE" symbolCharacteristic="Overlap-horz" length="236">
		<AppRef name="E3.Series" version="2.14.0.0" guid="0ab20215-04a5-4cff-91b8-4990fa549f28"/>
		<Property id="PROPERTY_3675" name="TAPE_Width" value="20"/>
		<Property id="PROPERTY_3676" name="DESCRIPTION" value="TAPE-100C-BK-ADH_TEAR-MED_NOISE-LITTLE_WEAR"/>
		<Property id="PROPERTY_3677" name="BDL_BundleCoverLayer" value="10"/>
		<Property id="PROPERTY_3678" name="BDL_CoveringLength" value="123.0"/>
		<Property id="PROPERTY_3679" name="SYM_NAME" value="WIRETAPE¶Overlap-horz"/>
		<Property id="PROPERTY_3680" name="HRN_Level_Ref" value="AA/AB/AC/AD/AE/AF/AG/AH/AJ/AK/AL/AM/AN/AP/AR/BA/BB/BC/BD/BE/BF/BG/BH/BJ/CA/CB/CC/CD/CE/DA/DB/DC/DD"/>
		<Property id="PROPERTY_3681" name="HRN_Level_Ref" value="HA/HB/HC/HD/TM/TP/TR/UA/UB/UC/UD/UE/UF/VA/XA/XB/XC/XD/XE/XF/XG/XH/XJ/XK/XL/XM/XN/XP/XR/XS/YA/YB/YC"/>
		<Property id="PROPERTY_3682" name="HRN_Level_Ref" value="YD/YE/YF/YG/YH/YJ/YK/YL/YM/YN/YP/YR/YS/YT/YU/YV/ZA/ZB/ZC/ZD/ZE/ZF/ZG/ZH"/>
		<Property id="PROPERTY_3683" name="COLOR" value="BK"/>
		<Property id="PROPERTY_3684" name="SUB_PROJECT" value="HRN-14401"/>
		<Property id="PROPERTY_3685" name="DEVICE_NAME" value="TA370-2MT16A::"/>
		<Property id="PROPERTY_3686" name="BDL_CoveringEndPoint" value="N370"/>
		<Property id="PROPERTY_3687" name="TAPE_Thickness" value="0.1"/>
		<Property id="PROPERTY_3688" name="BDL_CoveringStartPoint" value="N2MT16-A"/>
		<Property id="PROPERTY_3689" name="HRN_FAMILY" value="14401"/>
		<Property id="PROPERTY_3690" name="COMP_TYPE" value="TAPE"/>
		<BranchRoute id="BRR_57">
			<StartBranchPosition id="BR_POS_365" branchId="BRANCH_c2-4e-0-4c0d0f" branchNodeId="BN_10976-116" offset="0"/>
			<PassBranchId>BRANCH_c2-4e-0-4c0d0f</PassBranchId>
			<EndBranchPosition id="BR_POS_366" branchId="BRANCH_c2-4e-0-4c0d0f" branchNodeId="BN_11056-272" offset="0"/>
		</BranchRoute>
	</HarnessItem>
	<HarnessItem xsi:type="Protection" id="PROT_c2-1c-0-4bd0eb" name="TA370-2ME06" compType="ESKU5T-1A303-AA(B10Y21)" symbolName="WIRETAPE" symbolCharacteristic="Overlap-horz" length="136">
		<AppRef name="E3.Series" version="2.14.0.0" guid="f6a9eba5-656d-4f47-a8e7-751018039d06"/>
		<Property id="PROPERTY_3691" name="TAPE_Width" value="20"/>
		<Property id="PROPERTY_3692" name="DESCRIPTION" value="TAPE-100C-BK-ADH_TEAR-MED_NOISE-LITTLE_WEAR"/>
		<Property id="PROPERTY_3693" name="BDL_BundleCoverLayer" value="10"/>
		<Property id="PROPERTY_3694" name="BDL_CoveringLength" value="135.0"/>
		<Property id="PROPERTY_3695" name="SYM_NAME" value="WIRETAPE¶Overlap-horz"/>
		<Property id="PROPERTY_3696" name="HRN_Level_Ref" value="ZA/ZB/ZC/ZD/ZE/ZF/ZG/ZH"/>
		<Property id="PROPERTY_3697" name="COLOR" value="BK"/>
		<Property id="PROPERTY_3698" name="SUB_PROJECT" value="HRN-14401"/>
		<Property id="PROPERTY_3699" name="DEVICE_NAME" value="TA370-2ME06::"/>
		<Property id="PROPERTY_3700" name="BDL_CoveringEndPoint" value="N2ME06"/>
		<Property id="PROPERTY_3701" name="TAPE_Thickness" value="0.1"/>
		<Property id="PROPERTY_3702" name="BDL_CoveringStartPoint" value="N370"/>
		<Property id="PROPERTY_3703" name="HRN_FAMILY" value="14401"/>
		<Property id="PROPERTY_3704" name="COMP_TYPE" value="TAPE"/>
		<Option id="OPTION_c2-1c-0-4bd0eb_1" value="HT2AC"/>
		<BranchRoute id="BRR_58">
			<StartBranchPosition id="BR_POS_367" branchId="BRANCH_c2-4e-0-4c0d0c" branchNodeId="BN_11056-272" offset="0"/>
			<PassBranchId>BRANCH_c2-4e-0-4c0d0c</PassBranchId>
			<EndBranchPosition id="BR_POS_368" branchId="BRANCH_c2-4e-0-4c0d0c" branchNodeId="BN_11056-136" offset="0"/>
		</BranchRoute>
	</HarnessItem>
	<HarnessItem xsi:type="Protection" id="PROT_c2-1c-0-4bd0fc" name="TA600-N23A1" compType="ESKU5T-1A303-AA(B10Y21)" symbolName="WIRETAPE" symbolCharacteristic="Overlap-horz" length="1766.2410164433456">
		<AppRef name="E3.Series" version="2.14.0.0" guid="7b7085f2-5a04-4813-8656-870be282db89"/>
		<Property id="PROPERTY_3705" name="TAPE_Width" value="20"/>
		<Property id="PROPERTY_3706" name="DESCRIPTION" value="TAPE-100C-BK-ADH_TEAR-MED_NOISE-LITTLE_WEAR"/>
		<Property id="PROPERTY_3707" name="BDL_BundleCoverLayer" value="10"/>
		<Property id="PROPERTY_3708" name="BDL_CoveringLength" value="514.0"/>
		<Property id="PROPERTY_3709" name="SYM_NAME" value="WIRETAPE¶Overlap-horz"/>
		<Property id="PROPERTY_3710" name="HRN_Level_Ref" value="AA/AB/AC/AD/AE/AF/AG/AH/AJ/AK/AL/AM/AN/AP/AR/BA/BB/BC/BD/BE/BF/BG/BH/BJ/CA/CB/CC/CD/CE/DA/DB/DC/DD"/>
		<Property id="PROPERTY_3711" name="HRN_Level_Ref" value="HA/HB/HC/HD/TM/TP/TR/UA/UB/UC/UD/UE/UF/VA/XA/XB/XC/XD/XE/XF/XG/XH/XJ/XK/XL/XM/XN/XP/XR/XS/YA/YB/YC"/>
		<Property id="PROPERTY_3712" name="HRN_Level_Ref" value="YD/YE/YF/YG/YH/YJ/YK/YL/YM/YN/YP/YR/YS/YT/YU/YV/ZA/ZB/ZC/ZD/ZE/ZF/ZG/ZH"/>
		<Property id="PROPERTY_3713" name="COLOR" value="BK"/>
		<Property id="PROPERTY_3714" name="SUB_PROJECT" value="HRN-14401"/>
		<Property id="PROPERTY_3715" name="DEVICE_NAME" value="TA600-N23A1::"/>
		<Property id="PROPERTY_3716" name="BDL_CoveringEndPoint" value="TK605"/>
		<Property id="PROPERTY_3717" name="TAPE_Thickness" value="0.1"/>
		<Property id="PROPERTY_3718" name="BDL_CoveringStartPoint" value="N23-A1"/>
		<Property id="PROPERTY_3719" name="HRN_FAMILY" value="14401"/>
		<Property id="PROPERTY_3720" name="COMP_TYPE" value="TAPE"/>
		<BranchRoute id="BRR_59">
			<StartBranchPosition id="BR_POS_369" branchId="BRANCH_c2-4e-0-4c0fad" branchNodeId="BN_695_9-226_058" offset="0"/>
			<PassBranchId>BRANCH_c2-4e-0-4c0fad</PassBranchId>
			<PassBranchId>BRANCH_c2-4e-0-4c10dd</PassBranchId>
			<EndBranchPosition id="BR_POS_370" branchId="BRANCH_c2-4e-0-4c10dd" branchNodeId="BN_2311_9-390_058" offset="0"/>
		</BranchRoute>
	</HarnessItem>
	<HarnessItem xsi:type="Protection" id="PROT_c2-1c-0-4bd10d" name="TA600-N23C1" compType="ESKU5T-1A303-AA(B10Y21)" symbolName="WIRETAPE" symbolCharacteristic="Overlap-horz" length="2304.0000152587891">
		<AppRef name="E3.Series" version="2.14.0.0" guid="d20bbf70-ae04-44c5-8d04-4ce73982e668"/>
		<Property id="PROPERTY_3721" name="TAPE_Width" value="20"/>
		<Property id="PROPERTY_3722" name="DESCRIPTION" value="TAPE-100C-BK-ADH_TEAR-MED_NOISE-LITTLE_WEAR"/>
		<Property id="PROPERTY_3723" name="BDL_BundleCoverLayer" value="10"/>
		<Property id="PROPERTY_3724" name="BDL_CoveringLength" value="329.0"/>
		<Property id="PROPERTY_3725" name="SYM_NAME" value="WIRETAPE¶Overlap-horz"/>
		<Property id="PROPERTY_3726" name="HRN_Level_Ref" value="AA/AB/AC/AD/AE/AF/AG/AH/AJ/AK/AL/AM/AN/AP/AR/BA/BB/BC/BD/BE/BF/BG/BH/BJ/CA/CB/CC/CD/CE/DA/DB/DC/DD"/>
		<Property id="PROPERTY_3727" name="HRN_Level_Ref" value="HA/HB/HC/HD/TM/TP/TR/UA/UB/UC/UD/UE/UF/VA/XA/XB/XC/XD/XE/XF/XG/XH/XJ/XK/XL/XM/XN/XP/XR/XS/YA/YB/YC"/>
		<Property id="PROPERTY_3728" name="HRN_Level_Ref" value="YD/YE/YF/YG/YH/YJ/YK/YL/YM/YN/YP/YR/YS/YT/YU/YV/ZA/ZB/ZC/ZD/ZE/ZF/ZG/ZH"/>
		<Property id="PROPERTY_3729" name="COLOR" value="BK"/>
		<Property id="PROPERTY_3730" name="SUB_PROJECT" value="HRN-14401"/>
		<Property id="PROPERTY_3731" name="DEVICE_NAME" value="TA600-N23C1::"/>
		<Property id="PROPERTY_3732" name="BDL_CoveringEndPoint" value="TK600"/>
		<Property id="PROPERTY_3733" name="TAPE_Thickness" value="0.1"/>
		<Property id="PROPERTY_3734" name="BDL_CoveringStartPoint" value="N23-C1"/>
		<Property id="PROPERTY_3735" name="HRN_FAMILY" value="14401"/>
		<Property id="PROPERTY_3736" name="COMP_TYPE" value="TAPE"/>
		<BranchRoute id="BRR_60">
			<StartBranchPosition id="BR_POS_371" branchId="BRANCH_c2-4e-0-4c0ddd" branchNodeId="BN_79_9-230_058" offset="0"/>
			<PassBranchId>BRANCH_c2-4e-0-4c0ddd</PassBranchId>
			<EndBranchPosition id="BR_POS_372" branchId="BRANCH_c2-4e-0-4c0ddd" branchNodeId="BN_2223_9-390_058" offset="0"/>
		</BranchRoute>
	</HarnessItem>
	<HarnessItem xsi:type="Protection" id="PROT_c2-1c-0-4bd11e" name="TA420-2LN84" compType="ESKU5T-1A303-AA(B10Y21)" symbolName="WIRETAPE" symbolCharacteristic="Overlap-horz" length="407.68747726139674">
		<AppRef name="E3.Series" version="2.14.0.0" guid="4f2bef14-fadf-49a8-a661-8a6cfac397d6"/>
		<Property id="PROPERTY_3737" name="TAPE_Width" value="20"/>
		<Property id="PROPERTY_3738" name="DESCRIPTION" value="TAPE-100C-BK-ADH_TEAR-MED_NOISE-LITTLE_WEAR"/>
		<Property id="PROPERTY_3739" name="BDL_BundleCoverLayer" value="10"/>
		<Property id="PROPERTY_3740" name="BDL_CoveringLength" value="185.0"/>
		<Property id="PROPERTY_3741" name="SYM_NAME" value="WIRETAPE¶Overlap-horz"/>
		<Property id="PROPERTY_3742" name="HRN_Level_Ref" value="AA/AB/AD/AE/AF/AG/AH/AJ/AK/AL/AM/AN/AP/AR/BA/BB/BD/BE/BF/BG/BH/BJ/CA/CB/CC/CD/CE/DA/DB/DC/DD/HA/HB"/>
		<Property id="PROPERTY_3743" name="HRN_Level_Ref" value="HC/HD/UA/UB/UC/UD/UE/UF/VA/XA/XB/XC/XD/XE/XF/XG/XH/XJ/XK/XL/XM/XN/XP/XR/XS/ZA/ZB/ZC/ZF"/>
		<Property id="PROPERTY_3744" name="COLOR" value="BK"/>
		<Property id="PROPERTY_3745" name="SUB_PROJECT" value="HRN-14401"/>
		<Property id="PROPERTY_3746" name="DEVICE_NAME" value="TA420-2LN84::"/>
		<Property id="PROPERTY_3747" name="BDL_CoveringEndPoint" value="TAS738"/>
		<Property id="PROPERTY_3748" name="TAPE_Thickness" value="0.1"/>
		<Property id="PROPERTY_3749" name="BDL_CoveringStartPoint" value="N2LN84"/>
		<Property id="PROPERTY_3750" name="HRN_FAMILY" value="14401"/>
		<Property id="PROPERTY_3751" name="COMP_TYPE" value="TAPE"/>
		<Option id="OPTION_c2-1c-0-4bd11e_1" value="EN_BM | HJGAY"/>
		<BranchRoute id="BRR_61">
			<StartBranchPosition id="BR_POS_373" branchId="BRANCH_c2-4e-0-4c10d5" branchNodeId="BN_6350_25-262_156" offset="0"/>
			<PassBranchId>BRANCH_c2-4e-0-4c10d5</PassBranchId>
			<EndBranchPosition id="BR_POS_374" branchId="BRANCH_c2-4e-0-4c10d5" branchNodeId="BN_6678_25-158_156" offset="0"/>
		</BranchRoute>
	</HarnessItem>
	<HarnessItem xsi:type="Protection" id="PROT_c2-1c-0-4bd12f" name="TA380-2H411" compType="ESKU5T-1A303-AA(B10Y21)" symbolName="WIRETAPE" symbolCharacteristic="Overlap-horz" length="80">
		<AppRef name="E3.Series" version="2.14.0.0" guid="2c0cd74b-cd56-4f2f-afc4-7dad9465516f"/>
		<Property id="PROPERTY_3752" name="TAPE_Width" value="20"/>
		<Property id="PROPERTY_3753" name="DESCRIPTION" value="TAPE-100C-BK-ADH_TEAR-MED_NOISE-LITTLE_WEAR"/>
		<Property id="PROPERTY_3754" name="BDL_BundleCoverLayer" value="10"/>
		<Property id="PROPERTY_3755" name="BDL_CoveringLength" value="146.0"/>
		<Property id="PROPERTY_3756" name="SYM_NAME" value="WIRETAPE¶Overlap-horz"/>
		<Property id="PROPERTY_3757" name="HRN_Level_Ref" value="AA/AB/AC/AD/AE/AF/AG/AH/AJ/AK/AL/AM/AN/AP/AR/BA/BB/BC/BD/BE/BF/BG/BH/BJ/CA/CB/CC/CD/CE/DA/DB/DC/DD"/>
		<Property id="PROPERTY_3758" name="HRN_Level_Ref" value="HA/HB/HC/HD/TM/TP/TR/UA/UB/UC/UD/UE/UF/VA/XA/XB/XC/XD/XE/XF/XG/XH/XJ/XK/XL/XM/XN/XP/XR/XS/YA/YB/YC"/>
		<Property id="PROPERTY_3759" name="HRN_Level_Ref" value="YD/YE/YF/YG/YH/YJ/YK/YL/YM/YN/YP/YR/YS/YT/YU/YV/ZA/ZB/ZC/ZD/ZE/ZF/ZG/ZH"/>
		<Property id="PROPERTY_3760" name="COLOR" value="BK"/>
		<Property id="PROPERTY_3761" name="SUB_PROJECT" value="HRN-14401"/>
		<Property id="PROPERTY_3762" name="DEVICE_NAME" value="TA380-2H411::"/>
		<Property id="PROPERTY_3763" name="BDL_CoveringEndPoint" value="N2H411"/>
		<Property id="PROPERTY_3764" name="TAPE_Thickness" value="0.1"/>
		<Property id="PROPERTY_3765" name="BDL_CoveringStartPoint" value="TK380"/>
		<Property id="PROPERTY_3766" name="HRN_FAMILY" value="14401"/>
		<Property id="PROPERTY_3767" name="COMP_TYPE" value="TAPE"/>
		<BranchRoute id="BRR_62">
			<StartBranchPosition id="BR_POS_375" branchId="BRANCH_c2-4e-0-4c0d2e" branchNodeId="BN_11248-359" offset="0"/>
			<PassBranchId>BRANCH_c2-4e-0-4c0d2e</PassBranchId>
			<EndBranchPosition id="BR_POS_376" branchId="BRANCH_c2-4e-0-4c0d2e" branchNodeId="BN_11248-279" offset="0"/>
		</BranchRoute>
	</HarnessItem>
	<HarnessItem xsi:type="Protection" id="PROT_c2-1c-0-4bd140" name="TA320-2H409" compType="ESKU5T-1A303-AA(B10Y21)" symbolName="WIRETAPE" symbolCharacteristic="Overlap-horz" length="100.92647281599039">
		<AppRef name="E3.Series" version="2.14.0.0" guid="c9872924-b9a5-48d4-8154-298309c8764b"/>
		<Property id="PROPERTY_3768" name="TAPE_Width" value="20"/>
		<Property id="PROPERTY_3769" name="DESCRIPTION" value="TAPE-100C-BK-ADH_TEAR-MED_NOISE-LITTLE_WEAR"/>
		<Property id="PROPERTY_3770" name="BDL_BundleCoverLayer" value="10"/>
		<Property id="PROPERTY_3771" name="BDL_CoveringLength" value="152.0"/>
		<Property id="PROPERTY_3772" name="SYM_NAME" value="WIRETAPE¶Overlap-horz"/>
		<Property id="PROPERTY_3773" name="HRN_Level_Ref" value="AA/AB/AC/AD/AE/AF/AG/AH/AJ/AK/AL/AM/AN/AP/AR/BA/BB/BC/BD/BE/BF/BG/BH/BJ/CA/CB/CC/CD/CE/DA/DB/DC/DD"/>
		<Property id="PROPERTY_3774" name="HRN_Level_Ref" value="HA/HB/HC/HD/TM/TP/TR/UA/UB/UC/UD/UE/UF/VA/XA/XB/XC/XD/XE/XF/XG/XH/XJ/XK/XL/XM/XN/XP/XR/XS/YA/YB/YC"/>
		<Property id="PROPERTY_3775" name="HRN_Level_Ref" value="YD/YE/YF/YG/YH/YJ/YK/YL/YM/YN/YP/YR/YS/YT/YU/YV/ZA/ZB/ZC/ZD/ZE/ZF/ZG/ZH"/>
		<Property id="PROPERTY_3776" name="COLOR" value="BK"/>
		<Property id="PROPERTY_3777" name="SUB_PROJECT" value="HRN-14401"/>
		<Property id="PROPERTY_3778" name="DEVICE_NAME" value="TA320-2H409::"/>
		<Property id="PROPERTY_3779" name="BDL_CoveringEndPoint" value="N2H409"/>
		<Property id="PROPERTY_3780" name="TAPE_Thickness" value="0.1"/>
		<Property id="PROPERTY_3781" name="BDL_CoveringStartPoint" value="RT320"/>
		<Property id="PROPERTY_3782" name="HRN_FAMILY" value="14401"/>
		<Property id="PROPERTY_3783" name="COMP_TYPE" value="TAPE"/>
		<BranchRoute id="BRR_63">
			<StartBranchPosition id="BR_POS_377" branchId="BRANCH_c2-4e-0-4c0d2b" branchNodeId="BN_11592-280" offset="0"/>
			<PassBranchId>BRANCH_c2-4e-0-4c0d2b</PassBranchId>
			<PassBranchId>BRANCH_c2-4e-0-4c104e</PassBranchId>
			<EndBranchPosition id="BR_POS_378" branchId="BRANCH_c2-4e-0-4c104e" branchNodeId="BN_11558_25-358_156" offset="0"/>
		</BranchRoute>
	</HarnessItem>
	<HarnessItem xsi:type="Protection" id="PROT_c2-1c-0-4bd2fd" name="TA170-12A2" compType="ESKU5T-1A303-AA(B10Y21)" symbolName="WIRETAPE" symbolCharacteristic="Overlap-horz" length="80">
		<AppRef name="E3.Series" version="2.14.0.0" guid="7759a48f-656e-4c1b-9589-d086c1795199"/>
		<Property id="PROPERTY_3784" name="TAPE_Width" value="20"/>
		<Property id="PROPERTY_3785" name="DESCRIPTION" value="TAPE-100C-BK-ADH_TEAR-MED_NOISE-LITTLE_WEAR"/>
		<Property id="PROPERTY_3786" name="BDL_BundleCoverLayer" value="10"/>
		<Property id="PROPERTY_3787" name="BDL_CoveringLength" value="182.0"/>
		<Property id="PROPERTY_3788" name="SYM_NAME" value="WIRETAPE¶Overlap-horz"/>
		<Property id="PROPERTY_3789" name="HRN_Level_Ref" value="AA/AB/AC/AD/AE/AF/AG/AH/AJ/AK/AL/AM/AN/AP/AR/BA/BB/BC/BD/BE/BF/BG/BH/BJ/CA/CB/CC/CD/CE/DA/DB/DC/DD"/>
		<Property id="PROPERTY_3790" name="HRN_Level_Ref" value="HA/HB/HC/HD/TM/TP/TR/UA/UB/UC/UD/UE/UF/VA/XA/XB/XC/XD/XE/XF/XG/XH/XJ/XK/XL/XM/XN/XP/XR/XS/YA/YB/YC"/>
		<Property id="PROPERTY_3791" name="HRN_Level_Ref" value="YD/YE/YF/YG/YH/YJ/YK/YL/YM/YN/YP/YR/YS/YT/YU/YV/ZA/ZB/ZC/ZD/ZE/ZF/ZG/ZH"/>
		<Property id="PROPERTY_3792" name="COLOR" value="BK"/>
		<Property id="PROPERTY_3793" name="SUB_PROJECT" value="HRN-14401"/>
		<Property id="PROPERTY_3794" name="DEVICE_NAME" value="TA170-12A2::"/>
		<Property id="PROPERTY_3795" name="BDL_CoveringEndPoint" value="N12-A2"/>
		<Property id="PROPERTY_3796" name="TAPE_Thickness" value="0.1"/>
		<Property id="PROPERTY_3797" name="BDL_CoveringStartPoint" value="TK170"/>
		<Property id="PROPERTY_3798" name="HRN_FAMILY" value="14401"/>
		<Property id="PROPERTY_3799" name="COMP_TYPE" value="TAPE"/>
		<BranchRoute id="BRR_64">
			<StartBranchPosition id="BR_POS_379" branchId="BRANCH_c2-4e-0-4c0e5f" branchNodeId="BN_21996-304" offset="0"/>
			<PassBranchId>BRANCH_c2-4e-0-4c0e5f</PassBranchId>
			<EndBranchPosition id="BR_POS_380" branchId="BRANCH_c2-4e-0-4c0e5f" branchNodeId="BN_22028-256" offset="0"/>
		</BranchRoute>
	</HarnessItem>
	<HarnessItem xsi:type="Protection" id="PROT_c2-1c-0-4bd30e" name="TA160-12B1" compType="ESKU5T-1A303-AA(B10Y21)" symbolName="WIRETAPE" symbolCharacteristic="Overlap-horz" length="96">
		<AppRef name="E3.Series" version="2.14.0.0" guid="da09c5ca-e646-488a-a8d3-c81ae275e53a"/>
		<Property id="PROPERTY_3800" name="TAPE_Width" value="20"/>
		<Property id="PROPERTY_3801" name="DESCRIPTION" value="TAPE-100C-BK-ADH_TEAR-MED_NOISE-LITTLE_WEAR"/>
		<Property id="PROPERTY_3802" name="BDL_BundleCoverLayer" value="10"/>
		<Property id="PROPERTY_3803" name="BDL_CoveringLength" value="333.0"/>
		<Property id="PROPERTY_3804" name="SYM_NAME" value="WIRETAPE¶Overlap-horz"/>
		<Property id="PROPERTY_3805" name="HRN_Level_Ref" value="AA/AB/AC/AD/AE/AF/AG/AH/AJ/AK/AL/AM/AN/AP/AR/BA/BB/BC/BD/BE/BF/BG/BH/BJ/CA/CB/CC/CD/CE/DA/DB/DC/DD"/>
		<Property id="PROPERTY_3806" name="HRN_Level_Ref" value="HA/HB/HC/HD/TM/TP/TR/UA/UB/UC/UD/UE/UF/VA/XA/XB/XC/XD/XE/XF/XG/XH/XJ/XK/XL/XM/XN/XP/XR/XS/YA/YB/YC"/>
		<Property id="PROPERTY_3807" name="HRN_Level_Ref" value="YD/YE/YF/YG/YH/YJ/YK/YL/YM/YN/YP/YR/YS/YT/YU/YV/ZA/ZB/ZC/ZD/ZE/ZF/ZG/ZH"/>
		<Property id="PROPERTY_3808" name="COLOR" value="BK"/>
		<Property id="PROPERTY_3809" name="SUB_PROJECT" value="HRN-14401"/>
		<Property id="PROPERTY_3810" name="DEVICE_NAME" value="TA160-12B1::"/>
		<Property id="PROPERTY_3811" name="BDL_CoveringEndPoint" value="N23-B1"/>
		<Property id="PROPERTY_3812" name="TAPE_Thickness" value="0.1"/>
		<Property id="PROPERTY_3813" name="BDL_CoveringStartPoint" value="TK160"/>
		<Property id="PROPERTY_3814" name="HRN_FAMILY" value="14401"/>
		<Property id="PROPERTY_3815" name="COMP_TYPE" value="TAPE"/>
		<BranchRoute id="BRR_65">
			<StartBranchPosition id="BR_POS_381" branchId="BRANCH_c2-4e-0-4c0e5c" branchNodeId="BN_22204-304" offset="0"/>
			<PassBranchId>BRANCH_c2-4e-0-4c0e5c</PassBranchId>
			<EndBranchPosition id="BR_POS_382" branchId="BRANCH_c2-4e-0-4c0e5c" branchNodeId="BN_22204-208" offset="0"/>
		</BranchRoute>
	</HarnessItem>
	<HarnessItem xsi:type="Protection" id="PROT_c2-1c-0-4bd31f" name="TA100-02A" location="HRN-14401" compType="ESKU5T-1A303-AA(B10Y21)" symbolName="WIRETAPE" symbolCharacteristic="Overlap-horz" length="752">
		<AppRef name="E3.Series" version="2.14.0.0" guid="7a381e79-35b4-4f1f-8f3e-b9b8d1c330bb"/>
		<Property id="PROPERTY_3816" name="TAPE_Width" value="20"/>
		<Property id="PROPERTY_3817" name="DESCRIPTION" value="TAPE-100C-BK-ADH_TEAR-MED_NOISE-LITTLE_WEAR"/>
		<Property id="PROPERTY_3818" name="BDL_BundleCoverLayer" value="20"/>
		<Property id="PROPERTY_3819" name="BDL_CoveringLength" value="510.0"/>
		<Property id="PROPERTY_3820" name="SYM_NAME" value="WIRETAPE¶Overlap-horz"/>
		<Property id="PROPERTY_3821" name="HRN_Level_Ref" value="AA/AB/AC/AD/AE/AF/AG/AH/AJ/AK/AL/AM/AN/AP/AR/BA/BB/BC/BD/BE/BF/BG/BH/BJ/CA/CB/CC/CD/CE/DA/DB/DC/DD"/>
		<Property id="PROPERTY_3822" name="HRN_Level_Ref" value="HA/HB/HC/HD/TM/TP/TR/UA/UB/UC/UD/UE/UF/VA/XA/XB/XC/XD/XE/XF/XG/XH/XJ/XK/XL/XM/XN/XP/XR/XS/YA/YB/YC"/>
		<Property id="PROPERTY_3823" name="HRN_Level_Ref" value="YD/YE/YF/YG/YH/YJ/YK/YL/YM/YN/YP/YR/YS/YT/YU/YV/ZA/ZB/ZC/ZD/ZE/ZF/ZG/ZH"/>
		<Property id="PROPERTY_3824" name="COLOR" value="BK"/>
		<Property id="PROPERTY_3825" name="SUB_PROJECT" value="HRN-14401"/>
		<Property id="PROPERTY_3826" name="DEVICE_NAME" value="TA100-02A:HRN-14401:"/>
		<Property id="PROPERTY_3827" name="BDL_CoveringEndPoint" value="TK100"/>
		<Property id="PROPERTY_3828" name="TAPE_Thickness" value="0.1"/>
		<Property id="PROPERTY_3829" name="BDL_CoveringStartPoint" value="N2AM02-A"/>
		<Property id="PROPERTY_3830" name="HRN_FAMILY" value="14401"/>
		<Property id="PROPERTY_3831" name="COMP_TYPE" value="TAPE"/>
		<BranchRoute id="BRR_66">
			<StartBranchPosition id="BR_POS_383" branchId="BRANCH_eb-4e-0-5dd6fd" branchNodeId="BN_23840-384" offset="0"/>
			<PassBranchId>BRANCH_eb-4e-0-5dd6fd</PassBranchId>
			<EndBranchPosition id="BR_POS_384" branchId="BRANCH_eb-4e-0-5dd6fd" branchNodeId="BN_24512-304" offset="0"/>
		</BranchRoute>
	</HarnessItem>
	<HarnessItem xsi:type="Protection" id="PROT_c2-1c-0-4bd330" name="TA100-02B" location="HRN-14401" compType="ESKU5T-1A303-AA(B10Y21)" symbolName="WIRETAPE" symbolCharacteristic="Overlap-horz" length="120">
		<AppRef name="E3.Series" version="2.14.0.0" guid="f9a85885-cbd1-473c-96bb-718ea823a40b"/>
		<Property id="PROPERTY_3832" name="TAPE_Width" value="20"/>
		<Property id="PROPERTY_3833" name="DESCRIPTION" value="TAPE-100C-BK-ADH_TEAR-MED_NOISE-LITTLE_WEAR"/>
		<Property id="PROPERTY_3834" name="BDL_BundleCoverLayer" value="20"/>
		<Property id="PROPERTY_3835" name="BDL_CoveringLength" value="381.0"/>
		<Property id="PROPERTY_3836" name="SYM_NAME" value="WIRETAPE¶Overlap-horz"/>
		<Property id="PROPERTY_3837" name="HRN_Level_Ref" value="AA/AB/AC/AD/AE/AF/AG/AH/AJ/AK/AL/AM/AN/AP/AR/BA/BB/BC/BD/BE/BF/BG/BH/BJ/CA/CB/CC/CD/CE/DA/DB/DC/DD"/>
		<Property id="PROPERTY_3838" name="HRN_Level_Ref" value="HA/HB/HC/HD/TM/TP/TR/UA/UB/UC/UD/UE/UF/VA/XA/XB/XC/XD/XE/XF/XG/XH/XJ/XK/XL/XM/XN/XP/XR/XS/YA/YB/YC"/>
		<Property id="PROPERTY_3839" name="HRN_Level_Ref" value="YD/YE/YF/YG/YH/YJ/YK/YL/YM/YN/YP/YR/YS/YT/YU/YV/ZA/ZB/ZC/ZD/ZE/ZF/ZG/ZH"/>
		<Property id="PROPERTY_3840" name="COLOR" value="BK"/>
		<Property id="PROPERTY_3841" name="SUB_PROJECT" value="HRN-14401"/>
		<Property id="PROPERTY_3842" name="DEVICE_NAME" value="TA100-02B:HRN-14401:"/>
		<Property id="PROPERTY_3843" name="BDL_CoveringEndPoint" value="N2AM02-B"/>
		<Property id="PROPERTY_3844" name="TAPE_Thickness" value="0.1"/>
		<Property id="PROPERTY_3845" name="BDL_CoveringStartPoint" value="TK100"/>
		<Property id="PROPERTY_3846" name="HRN_FAMILY" value="14401"/>
		<Property id="PROPERTY_3847" name="COMP_TYPE" value="TAPE"/>
		<BranchRoute id="BRR_67">
			<StartBranchPosition id="BR_POS_385" branchId="BRANCH_c2-4e-0-4c0df1" branchNodeId="BN_23840-384" offset="0"/>
			<PassBranchId>BRANCH_c2-4e-0-4c0df1</PassBranchId>
			<EndBranchPosition id="BR_POS_386" branchId="BRANCH_c2-4e-0-4c0df1" branchNodeId="BN_23840-264" offset="0"/>
		</BranchRoute>
	</HarnessItem>
	<HarnessItem xsi:type="Protection" id="PROT_c2-1c-0-4bd352" name="TA180-22A1" compType="ESKU5T-1A303-AA(B10Y21)" symbolName="WIRETAPE" symbolCharacteristic="Overlap-horz" length="420">
		<AppRef name="E3.Series" version="2.14.0.0" guid="13592be4-3f94-4465-ae61-942b4452e0fc"/>
		<Property id="PROPERTY_3848" name="TAPE_Width" value="20"/>
		<Property id="PROPERTY_3849" name="DESCRIPTION" value="TAPE-100C-BK-ADH_TEAR-MED_NOISE-LITTLE_WEAR"/>
		<Property id="PROPERTY_3850" name="BDL_BundleCoverLayer" value="10"/>
		<Property id="PROPERTY_3851" name="BDL_CoveringLength" value="213.0"/>
		<Property id="PROPERTY_3852" name="SYM_NAME" value="WIRETAPE¶Overlap-horz"/>
		<Property id="PROPERTY_3853" name="HRN_Level_Ref" value="AA/AB/AC/AD/AE/AF/AG/AH/AJ/AK/AL/AM/AN/AP/AR/BA/BB/BC/BD/BE/BF/BG/BH/BJ/CA/CB/CC/CD/CE/DA/DB/DC/DD"/>
		<Property id="PROPERTY_3854" name="HRN_Level_Ref" value="HA/HB/HC/HD/TM/TP/TR/UA/UB/UC/UD/UE/UF/VA/XA/XB/XC/XD/XE/XF/XG/XH/XJ/XK/XL/XM/XN/XP/XR/XS/YA/YB/YC"/>
		<Property id="PROPERTY_3855" name="HRN_Level_Ref" value="YD/YE/YF/YG/YH/YJ/YK/YL/YM/YN/YP/YR/YS/YT/YU/YV/ZA/ZB/ZC/ZD/ZE/ZF/ZG/ZH"/>
		<Property id="PROPERTY_3856" name="COLOR" value="BK"/>
		<Property id="PROPERTY_3857" name="SUB_PROJECT" value="HRN-14401"/>
		<Property id="PROPERTY_3858" name="DEVICE_NAME" value="TA180-22A1::"/>
		<Property id="PROPERTY_3859" name="BDL_CoveringEndPoint" value="N22-A1"/>
		<Property id="PROPERTY_3860" name="TAPE_Thickness" value="0.1"/>
		<Property id="PROPERTY_3861" name="BDL_CoveringStartPoint" value="TK180"/>
		<Property id="PROPERTY_3862" name="HRN_FAMILY" value="14401"/>
		<Property id="PROPERTY_3863" name="COMP_TYPE" value="TAPE"/>
		<BranchRoute id="BRR_68">
			<StartBranchPosition id="BR_POS_387" branchId="BRANCH_c2-4e-0-4c0d57" branchNodeId="BN_21404-220" offset="0"/>
			<PassBranchId>BRANCH_c2-4e-0-4c0d57</PassBranchId>
			<EndBranchPosition id="BR_POS_388" branchId="BRANCH_c2-4e-0-4c0d57" branchNodeId="BN_21712-332" offset="0"/>
		</BranchRoute>
	</HarnessItem>
	<HarnessItem xsi:type="Protection" id="PROT_c2-1c-0-4bd363" name="TA604-2DB04" compType="ESKU5T-1A303-AA(B10Y21)" symbolName="WIRETAPE" symbolCharacteristic="Overlap-horz" length="570.69931375325893">
		<AppRef name="E3.Series" version="2.14.0.0" guid="8823587a-5ac8-4a45-8677-d8a6a37c8d0a"/>
		<Property id="PROPERTY_3864" name="TAPE_Width" value="20"/>
		<Property id="PROPERTY_3865" name="DESCRIPTION" value="TAPE-100C-BK-ADH_TEAR-MED_NOISE-LITTLE_WEAR"/>
		<Property id="PROPERTY_3866" name="BDL_BundleCoverLayer" value="10"/>
		<Property id="PROPERTY_3867" name="BDL_CoveringLength" value="119.0"/>
		<Property id="PROPERTY_3868" name="SYM_NAME" value="WIRETAPE¶Overlap-horz"/>
		<Property id="PROPERTY_3869" name="HRN_Level_Ref" value="AA/AB/AC/AD/AE/AF/AG/AH/AJ/AK/AL/AM/AN/AP/AR/BA/BB/BC/BD/BE/BF/BG/BH/BJ/CA/CB/CC/CD/CE/DA/DB/DC/DD"/>
		<Property id="PROPERTY_3870" name="HRN_Level_Ref" value="HA/HB/HC/HD/TM/TP/TR/UA/UB/UC/UD/UE/UF/VA/XA/XB/XC/XD/XE/XF/XG/XH/XJ/XK/XL/XM/XN/XP/XR/XS/YA/YB/YC"/>
		<Property id="PROPERTY_3871" name="HRN_Level_Ref" value="YD/YE/YF/YG/YH/YJ/YK/YL/YM/YN/YP/YR/YS/YT/YU/YV/ZA/ZB/ZC/ZD/ZE/ZF/ZG/ZH"/>
		<Property id="PROPERTY_3872" name="COLOR" value="BK"/>
		<Property id="PROPERTY_3873" name="SUB_PROJECT" value="HRN-14401"/>
		<Property id="PROPERTY_3874" name="DEVICE_NAME" value="TA604-2DB04::"/>
		<Property id="PROPERTY_3875" name="BDL_CoveringEndPoint" value="TK604"/>
		<Property id="PROPERTY_3876" name="TAPE_Thickness" value="0.1"/>
		<Property id="PROPERTY_3877" name="BDL_CoveringStartPoint" value="N2DB04"/>
		<Property id="PROPERTY_3878" name="HRN_FAMILY" value="14401"/>
		<Property id="PROPERTY_3879" name="COMP_TYPE" value="TAPE"/>
		<BranchRoute id="BRR_69">
			<StartBranchPosition id="BR_POS_389" branchId="BRANCH_c2-4e-0-4c0cf5" branchNodeId="BN_6087_9-166_058" offset="0"/>
			<PassBranchId>BRANCH_c2-4e-0-4c0cf5</PassBranchId>
			<EndBranchPosition id="BR_POS_390" branchId="BRANCH_c2-4e-0-4c0cf5" branchNodeId="BN_6610_25-134_156" offset="0"/>
		</BranchRoute>
	</HarnessItem>
	<HarnessItem xsi:type="Protection" id="PROT_c2-1c-0-4bd374" name="TA140-16" compType="ESKU5T-1A303-AA(B10Y21)" symbolName="WIRETAPE" symbolCharacteristic="Overlap-horz" length="316.99315036357865">
		<AppRef name="E3.Series" version="2.14.0.0" guid="4b56b079-2206-4fa5-a01b-e57b4d823e4b"/>
		<Property id="PROPERTY_3880" name="TAPE_Width" value="20"/>
		<Property id="PROPERTY_3881" name="DESCRIPTION" value="TAPE-100C-BK-ADH_TEAR-MED_NOISE-LITTLE_WEAR"/>
		<Property id="PROPERTY_3882" name="BDL_BundleCoverLayer" value="10"/>
		<Property id="PROPERTY_3883" name="BDL_CoveringLength" value="435.0"/>
		<Property id="PROPERTY_3884" name="SYM_NAME" value="WIRETAPE¶Overlap-horz"/>
		<Property id="PROPERTY_3885" name="HRN_Level_Ref" value="DB/DD/HB/HD/TP/VA/XM/XN/XP/XR/YN/YT/ZB"/>
		<Property id="PROPERTY_3886" name="COLOR" value="BK"/>
		<Property id="PROPERTY_3887" name="SUB_PROJECT" value="HRN-14401"/>
		<Property id="PROPERTY_3888" name="DEVICE_NAME" value="TA140-16::"/>
		<Property id="PROPERTY_3889" name="BDL_CoveringEndPoint" value="TK140"/>
		<Property id="PROPERTY_3890" name="TAPE_Thickness" value="0.1"/>
		<Property id="PROPERTY_3891" name="BDL_CoveringStartPoint" value="N2ME16"/>
		<Property id="PROPERTY_3892" name="HRN_FAMILY" value="14401"/>
		<Property id="PROPERTY_3893" name="COMP_TYPE" value="TAPE"/>
		<Option id="OPTION_c2-1c-0-4bd374_1" value="IDBBQ"/>
		<BranchRoute id="BRR_70">
			<StartBranchPosition id="BR_POS_391" branchId="BRANCH_c2-4e-0-4c0e92" branchNodeId="BN_23048-288" offset="0"/>
			<PassBranchId>BRANCH_c2-4e-0-4c0e92</PassBranchId>
			<PassBranchId>BRANCH_c2-4e-0-4c0e8f</PassBranchId>
			<PassBranchId>BRANCH_c2-4e-0-4c0fdf</PassBranchId>
			<EndBranchPosition id="BR_POS_392" branchId="BRANCH_c2-4e-0-4c0fdf" branchNodeId="BN_23304-360" offset="0"/>
		</BranchRoute>
	</HarnessItem>
	<HarnessItem xsi:type="Protection" id="PROT_c2-1c-0-4bd38c" name="TASN201-2LF23" location="HRN-14401" compType="ESKU5T-1A303-AA(B10Y21)" symbolName="WIRETAPE" symbolCharacteristic="Overlap-horz" length="3745.4312314963981">
		<AppRef name="E3.Series" version="2.14.0.0" guid="15cbf7d0-c295-474b-b0d2-cc93598c8660"/>
		<Property id="PROPERTY_3894" name="TAPE_Width" value="20"/>
		<Property id="PROPERTY_3895" name="DESCRIPTION" value="TAPE-100C-BK-ADH_TEAR-MED_NOISE-LITTLE_WEAR"/>
		<Property id="PROPERTY_3896" name="BDL_BundleCoverLayer" value="10"/>
		<Property id="PROPERTY_3897" name="BDL_CoveringLength" value="434.0"/>
		<Property id="PROPERTY_3898" name="SYM_NAME" value="WIRETAPE¶Overlap-horz"/>
		<Property id="PROPERTY_3899" name="HRN_Level_Ref" value="AA/AB/AC/AD/AE/AF/AG/AH/AJ/AK/AL/AM/AN/AP/AR/BA/BB/BC/BD/BE/BF/BG/BH/BJ/CA/CB/CC/CD/CE/DA/DB/DC/DD"/>
		<Property id="PROPERTY_3900" name="HRN_Level_Ref" value="HA/HB/HC/HD/TM/TP/TR/UA/UB/UC/UD/UE/UF/VA/XA/XB/XC/XD/XE/XF/XG/XH/XJ/XK/XL/XM/XN/XP/XR/XS/YA/YB/YC"/>
		<Property id="PROPERTY_3901" name="HRN_Level_Ref" value="YD/YE/YF/YG/YH/YJ/YK/YL/YM/YN/YP/YR/YS/YT/YU/YV/ZA/ZB/ZC/ZD/ZE/ZF/ZG/ZH"/>
		<Property id="PROPERTY_3902" name="COLOR" value="BK"/>
		<Property id="PROPERTY_3903" name="SUB_PROJECT" value="HRN-14401"/>
		<Property id="PROPERTY_3904" name="DEVICE_NAME" value="TASN201-2LF23:HRN-14401:"/>
		<Property id="PROPERTY_3905" name="BDL_CoveringEndPoint" value="SN201"/>
		<Property id="PROPERTY_3906" name="TAPE_Thickness" value="0.1"/>
		<Property id="PROPERTY_3907" name="BDL_CoveringStartPoint" value="N2LF23"/>
		<Property id="PROPERTY_3908" name="HRN_FAMILY" value="14401"/>
		<Property id="PROPERTY_3909" name="COMP_TYPE" value="TAPE"/>
		<BranchRoute id="BRR_71">
			<StartBranchPosition id="BR_POS_393" branchId="BRANCH_c2-4e-0-4c0e66" branchNodeId="BN_3231_9-230_058" offset="0"/>
			<PassBranchId>BRANCH_c2-4e-0-4c0e66</PassBranchId>
			<PassBranchId>BRANCH_c2-4e-0-4c0d3e</PassBranchId>
			<PassBranchId>BRANCH_c2-4e-0-4c1055</PassBranchId>
			<EndBranchPosition id="BR_POS_394" branchId="BRANCH_c2-4e-0-4c1055" branchNodeId="BN_6646_25-206_156" offset="0"/>
		</BranchRoute>
	</HarnessItem>
	<HarnessItem xsi:type="Protection" id="PROT_c2-1c-0-4bd416" name="TA280-2MC04" compType="ESKU5T-1A303-AA(B10Y21)" symbolName="WIRETAPE" symbolCharacteristic="Overlap-horz" length="120">
		<AppRef name="E3.Series" version="2.14.0.0" guid="ad952f6b-e591-430c-a7f4-843d9961ba58"/>
		<Property id="PROPERTY_3910" name="TAPE_Width" value="20"/>
		<Property id="PROPERTY_3911" name="DESCRIPTION" value="TAPE-100C-BK-ADH_TEAR-MED_NOISE-LITTLE_WEAR"/>
		<Property id="PROPERTY_3912" name="BDL_BundleCoverLayer" value="10"/>
		<Property id="PROPERTY_3913" name="BDL_CoveringLength" value="156.0"/>
		<Property id="PROPERTY_3914" name="SYM_NAME" value="WIRETAPE¶Overlap-horz"/>
		<Property id="PROPERTY_3915" name="HRN_Level_Ref" value="AA/AB/AC/AD/AE/AF/AG/AH/AJ/AK/AL/AM/AN/AP/AR/BA/BB/BC/BD/BE/BF/BG/BH/BJ/CA/CB/CC/CD/CE/DA/DB/DC/DD"/>
		<Property id="PROPERTY_3916" name="HRN_Level_Ref" value="HA/HB/HC/HD/TM/TP/TR/UA/UB/UC/UD/UE/UF/VA/XA/XB/XC/XD/XE/XF/XG/XH/XJ/XK/XL/XM/XN/XP/XR/XS/YA/YB/YC"/>
		<Property id="PROPERTY_3917" name="HRN_Level_Ref" value="YD/YE/YF/YG/YH/YJ/YK/YL/YM/YN/YP/YR/YS/YT/YU/YV/ZA/ZB/ZC/ZD/ZE/ZF/ZG/ZH"/>
		<Property id="PROPERTY_3918" name="COLOR" value="BK"/>
		<Property id="PROPERTY_3919" name="SUB_PROJECT" value="HRN-14401"/>
		<Property id="PROPERTY_3920" name="DEVICE_NAME" value="TA280-2MC04::"/>
		<Property id="PROPERTY_3921" name="BDL_CoveringEndPoint" value="N2MC04"/>
		<Property id="PROPERTY_3922" name="TAPE_Thickness" value="0.1"/>
		<Property id="PROPERTY_3923" name="BDL_CoveringStartPoint" value="TK280"/>
		<Property id="PROPERTY_3924" name="HRN_FAMILY" value="14401"/>
		<Property id="PROPERTY_3925" name="COMP_TYPE" value="TAPE"/>
		<BranchRoute id="BRR_72">
			<StartBranchPosition id="BR_POS_395" branchId="BRANCH_c2-4e-0-4c0e06" branchNodeId="BN_16144-368" offset="0"/>
			<PassBranchId>BRANCH_c2-4e-0-4c0e06</PassBranchId>
			<EndBranchPosition id="BR_POS_396" branchId="BRANCH_c2-4e-0-4c0e06" branchNodeId="BN_16144-248" offset="0"/>
		</BranchRoute>
	</HarnessItem>
	<HarnessItem xsi:type="Protection" id="PROT_c2-1c-0-4bd526" name="TA290-310" location="HRN-14401" compType="ESKU5T-1A303-AA(C10N44)" symbolName="WIRETAPE" symbolCharacteristic="Overlap-horz" length="201.74588950909362">
		<AppRef name="E3.Series" version="2.14.0.0" guid="d51f399a-0664-45f4-9dda-6b352d32155f"/>
		<Property id="PROPERTY_3926" name="TAPE_Width" value="20"/>
		<Property id="PROPERTY_3927" name="DESCRIPTION" value="TAPE-125C-BK-ADH_NON-TEAR-V_HIGH_NOISE-V_HIGH_WEAR"/>
		<Property id="PROPERTY_3928" name="BDL_BundleCoverLayer" value="10"/>
		<Property id="PROPERTY_3929" name="BDL_CoveringLength" value="347.0"/>
		<Property id="PROPERTY_3930" name="SYM_NAME" value="WIRETAPE¶Overlap-horz"/>
		<Property id="PROPERTY_3931" name="HRN_Level_Ref" value="AA/AB/AC/AD/AE/AF/AG/AH/AJ/AK/AL/AM/AN/AP/AR/BA/BB/BC/BD/BE/BF/BG/BH/BJ/CA/CB/CC/CD/CE/DA/DB/DC/DD"/>
		<Property id="PROPERTY_3932" name="HRN_Level_Ref" value="HA/HB/HC/HD/TM/TP/TR/UA/UB/UC/UD/UE/UF/VA/XA/XB/XC/XD/XE/XF/XG/XH/XJ/XK/XL/XM/XN/XP/XR/XS/YA/YB/YC"/>
		<Property id="PROPERTY_3933" name="HRN_Level_Ref" value="YD/YE/YF/YG/YH/YJ/YK/YL/YM/YN/YP/YR/YS/YT/YU/YV/ZA/ZB/ZC/ZD/ZE/ZF/ZG/ZH"/>
		<Property id="PROPERTY_3934" name="COLOR" value="BK"/>
		<Property id="PROPERTY_3935" name="SUB_PROJECT" value="HRN-14401"/>
		<Property id="PROPERTY_3936" name="DEVICE_NAME" value="TA290-310:HRN-14401:"/>
		<Property id="PROPERTY_3937" name="BDL_CoveringEndPoint" value="TK290"/>
		<Property id="PROPERTY_3938" name="TAPE_Thickness" value="0.1"/>
		<Property id="PROPERTY_3939" name="BDL_CoveringStartPoint" value="TK310"/>
		<Property id="PROPERTY_3940" name="HRN_FAMILY" value="14401"/>
		<Property id="PROPERTY_3941" name="COMP_TYPE" value="TAPE"/>
		<BranchRoute id="BRR_73">
			<StartBranchPosition id="BR_POS_397" branchId="BRANCH_c2-4e-0-4c0f4c" branchNodeId="BN_12528-358" offset="0"/>
			<PassBranchId>BRANCH_c2-4e-0-4c0f4c</PassBranchId>
			<EndBranchPosition id="BR_POS_398" branchId="BRANCH_c2-4e-0-4c0f4c" branchNodeId="BN_12720-392" offset="0"/>
		</BranchRoute>
	</HarnessItem>
	<HarnessItem xsi:type="Protection" id="PROT_c2-1c-0-4bd537" name="TA310-330" location="HRN-14401" compType="ESKU5T-1A303-AA(B10Y21)" symbolName="WIRETAPE" symbolCharacteristic="Overlap-horz" length="321.75012517289423">
		<AppRef name="E3.Series" version="2.14.0.0" guid="4bcf7c0f-bf45-4b82-b091-f4be551e0dd2"/>
		<Property id="PROPERTY_3942" name="TAPE_Width" value="20"/>
		<Property id="PROPERTY_3943" name="DESCRIPTION" value="TAPE-100C-BK-ADH_TEAR-MED_NOISE-LITTLE_WEAR"/>
		<Property id="PROPERTY_3944" name="BDL_BundleCoverLayer" value="10"/>
		<Property id="PROPERTY_3945" name="BDL_CoveringLength" value="363.0"/>
		<Property id="PROPERTY_3946" name="SYM_NAME" value="WIRETAPE¶Overlap-horz"/>
		<Property id="PROPERTY_3947" name="HRN_Level_Ref" value="AA/AB/AC/AD/AE/AF/AG/AH/AJ/AK/AL/AM/AN/AP/AR/BA/BB/BC/BD/BE/BF/BG/BH/BJ/CA/CB/CC/CD/CE/DA/DB/DC/DD"/>
		<Property id="PROPERTY_3948" name="HRN_Level_Ref" value="HA/HB/HC/HD/TM/TP/TR/UA/UB/UC/UD/UE/UF/VA/XA/XB/XC/XD/XE/XF/XG/XH/XJ/XK/XL/XM/XN/XP/XR/XS/YA/YB/YC"/>
		<Property id="PROPERTY_3949" name="HRN_Level_Ref" value="YD/YE/YF/YG/YH/YJ/YK/YL/YM/YN/YP/YR/YS/YT/YU/YV/ZA/ZB/ZC/ZD/ZE/ZF/ZG/ZH"/>
		<Property id="PROPERTY_3950" name="COLOR" value="BK"/>
		<Property id="PROPERTY_3951" name="SUB_PROJECT" value="HRN-14401"/>
		<Property id="PROPERTY_3952" name="DEVICE_NAME" value="TA310-330:HRN-14401:"/>
		<Property id="PROPERTY_3953" name="BDL_CoveringEndPoint" value="TK310"/>
		<Property id="PROPERTY_3954" name="TAPE_Thickness" value="0.1"/>
		<Property id="PROPERTY_3955" name="BDL_CoveringStartPoint" value="TK330"/>
		<Property id="PROPERTY_3956" name="HRN_FAMILY" value="14401"/>
		<Property id="PROPERTY_3957" name="COMP_TYPE" value="TAPE"/>
		<BranchRoute id="BRR_74">
			<StartBranchPosition id="BR_POS_399" branchId="BRANCH_c2-4e-0-4c0ea5" branchNodeId="BN_12206_25-358_156" offset="0"/>
			<PassBranchId>BRANCH_c2-4e-0-4c0ea5</PassBranchId>
			<PassBranchId>BRANCH_c2-4e-0-4c0ea2</PassBranchId>
			<PassBranchId>BRANCH_c2-4e-0-4c0f5d</PassBranchId>
			<EndBranchPosition id="BR_POS_400" branchId="BRANCH_c2-4e-0-4c0f5d" branchNodeId="BN_12528-358" offset="0"/>
		</BranchRoute>
	</HarnessItem>
	<HarnessItem xsi:type="Protection" id="PROT_c2-1c-0-4bd548" name="TA340-RT310" location="HRN-14401" compType="ESKU5T-1A303-AA(C10N44)" symbolName="WIRETAPE" symbolCharacteristic="Overlap-horz" length="56">
		<AppRef name="E3.Series" version="2.14.0.0" guid="8a079eca-6367-4445-aff0-8cafc2726506"/>
		<Property id="PROPERTY_3958" name="TAPE_Width" value="20"/>
		<Property id="PROPERTY_3959" name="DESCRIPTION" value="TAPE-125C-BK-ADH_NON-TEAR-V_HIGH_NOISE-V_HIGH_WEAR"/>
		<Property id="PROPERTY_3960" name="BDL_BundleCoverLayer" value="10"/>
		<Property id="PROPERTY_3961" name="BDL_CoveringLength" value="863.0"/>
		<Property id="PROPERTY_3962" name="SYM_NAME" value="WIRETAPE¶Overlap-horz"/>
		<Property id="PROPERTY_3963" name="HRN_Level_Ref" value="AA/AB/AC/AD/AE/AF/AG/AH/AJ/AK/AL/AM/AN/AP/AR/BA/BB/BC/BD/BE/BF/BG/BH/BJ/CA/CB/CC/CD/CE/DA/DB/DC/DD"/>
		<Property id="PROPERTY_3964" name="HRN_Level_Ref" value="HA/HB/HC/HD/TM/TP/TR/UA/UB/UC/UD/UE/UF/VA/XA/XB/XC/XD/XE/XF/XG/XH/XJ/XK/XL/XM/XN/XP/XR/XS/YA/YB/YC"/>
		<Property id="PROPERTY_3965" name="HRN_Level_Ref" value="YD/YE/YF/YG/YH/YJ/YK/YL/YM/YN/YP/YR/YS/YT/YU/YV/ZA/ZB/ZC/ZD/ZE/ZF/ZG/ZH"/>
		<Property id="PROPERTY_3966" name="COLOR" value="BK"/>
		<Property id="PROPERTY_3967" name="SUB_PROJECT" value="HRN-14401"/>
		<Property id="PROPERTY_3968" name="DEVICE_NAME" value="TA340-RT310:HRN-14401:"/>
		<Property id="PROPERTY_3969" name="BDL_CoveringEndPoint" value="TK340"/>
		<Property id="PROPERTY_3970" name="TAPE_Thickness" value="0.1"/>
		<Property id="PROPERTY_3971" name="BDL_CoveringStartPoint" value="RT310"/>
		<Property id="PROPERTY_3972" name="HRN_FAMILY" value="14401"/>
		<Property id="PROPERTY_3973" name="COMP_TYPE" value="TAPE"/>
		<BranchRoute id="BRR_75">
			<StartBranchPosition id="BR_POS_401" branchId="BRANCH_c2-4e-0-4c0f60" branchNodeId="BN_11744-320" offset="0"/>
			<PassBranchId>BRANCH_c2-4e-0-4c0f60</PassBranchId>
			<EndBranchPosition id="BR_POS_402" branchId="BRANCH_c2-4e-0-4c0f60" branchNodeId="BN_11744-376" offset="0"/>
		</BranchRoute>
	</HarnessItem>
	<HarnessItem xsi:type="Protection" id="PROT_c2-1c-0-4bd559" name="TA330-2RTO3" compType="ESKU5T-1A303-AA(B10Y21)" symbolName="WIRETAPE" symbolCharacteristic="Overlap-horz" length="348.00001525878906">
		<AppRef name="E3.Series" version="2.14.0.0" guid="88a84081-ae58-4fcd-bdb4-92cd6db3d946"/>
		<Property id="PROPERTY_3974" name="TAPE_Width" value="20"/>
		<Property id="PROPERTY_3975" name="DESCRIPTION" value="TAPE-100C-BK-ADH_TEAR-MED_NOISE-LITTLE_WEAR"/>
		<Property id="PROPERTY_3976" name="BDL_BundleCoverLayer" value="10"/>
		<Property id="PROPERTY_3977" name="BDL_CoveringLength" value="155.0"/>
		<Property id="PROPERTY_3978" name="SYM_NAME" value="WIRETAPE¶Overlap-horz"/>
		<Property id="PROPERTY_3979" name="HRN_Level_Ref" value="AA/AB/AC/AD/AE/AF/AG/BA/BB/BC/BD/BE/BF/BG/CA/XA/XB/XC/XD/XE/XF/XG/XH/XK/YA/YB/YE/YF/YJ"/>
		<Property id="PROPERTY_3980" name="COLOR" value="BK"/>
		<Property id="PROPERTY_3981" name="SUB_PROJECT" value="HRN-14401"/>
		<Property id="PROPERTY_3982" name="DEVICE_NAME" value="TA330-2RTO3::"/>
		<Property id="PROPERTY_3983" name="BDL_CoveringEndPoint" value="N2RT03"/>
		<Property id="PROPERTY_3984" name="TAPE_Thickness" value="0.1"/>
		<Property id="PROPERTY_3985" name="BDL_CoveringStartPoint" value="TK330"/>
		<Property id="PROPERTY_3986" name="HRN_FAMILY" value="14401"/>
		<Property id="PROPERTY_3987" name="COMP_TYPE" value="TAPE"/>
		<Option id="OPTION_c2-1c-0-4bd559_1" value="(CBGAA | CBGAD | CBGAE) &amp; ABEAA"/>
		<BranchRoute id="BRR_76">
			<StartBranchPosition id="BR_POS_403" branchId="BRANCH_c2-4e-0-4c0f79" branchNodeId="BN_11974_25-242_156" offset="0"/>
			<PassBranchId>BRANCH_c2-4e-0-4c0f79</PassBranchId>
			<EndBranchPosition id="BR_POS_404" branchId="BRANCH_c2-4e-0-4c0f79" branchNodeId="BN_12206_25-358_156" offset="0"/>
		</BranchRoute>
	</HarnessItem>
	<HarnessItem xsi:type="Protection" id="PROT_c2-1c-0-4bd6ea" name="TASN100-490" compType="ESKU5T-1A303-AA(B10Y21)" symbolName="WIRETAPE" symbolCharacteristic="Overlap-horz" length="1479.7928146153372">
		<AppRef name="E3.Series" version="2.14.0.0" guid="73397fcc-5f96-445d-9b26-e6e31521db74"/>
		<Property id="PROPERTY_3988" name="TAPE_Width" value="20"/>
		<Property id="PROPERTY_3989" name="DESCRIPTION" value="TAPE-100C-BK-ADH_TEAR-MED_NOISE-LITTLE_WEAR"/>
		<Property id="PROPERTY_3990" name="BDL_BundleCoverLayer" value="10"/>
		<Property id="PROPERTY_3991" name="BDL_CoveringLength" value="611.0"/>
		<Property id="PROPERTY_3992" name="SYM_NAME" value="WIRETAPE¶Overlap-horz"/>
		<Property id="PROPERTY_3993" name="HRN_Level_Ref" value="AA/AB/AC/AD/AE/AF/AG/AH/AJ/AK/AL/AM/AN/AP/AR/BA/BB/BC/BD/BE/BF/BG/BH/BJ/CA/CB/CC/CD/CE/DA/DB/DC/DD"/>
		<Property id="PROPERTY_3994" name="HRN_Level_Ref" value="HA/HB/HC/HD/TM/TP/TR/UA/UB/UC/UD/UE/UF/VA/XA/XB/XC/XD/XE/XF/XG/XH/XJ/XK/XL/XM/XN/XP/XR/XS/YA/YB/YC"/>
		<Property id="PROPERTY_3995" name="HRN_Level_Ref" value="YD/YE/YF/YG/YH/YJ/YK/YL/YM/YN/YP/YR/YS/YT/YU/YV/ZA/ZB/ZC/ZD/ZE/ZF/ZG/ZH"/>
		<Property id="PROPERTY_3996" name="COLOR" value="BK"/>
		<Property id="PROPERTY_3997" name="SUB_PROJECT" value="HRN-14401"/>
		<Property id="PROPERTY_3998" name="DEVICE_NAME" value="TASN100-490::"/>
		<Property id="PROPERTY_3999" name="BDL_CoveringEndPoint" value="SN100"/>
		<Property id="PROPERTY_4000" name="TAPE_Thickness" value="0.1"/>
		<Property id="PROPERTY_4001" name="BDL_CoveringStartPoint" value="TK490"/>
		<Property id="PROPERTY_4002" name="HRN_FAMILY" value="14401"/>
		<Property id="PROPERTY_4003" name="COMP_TYPE" value="TAPE"/>
		<BranchRoute id="BRR_77">
			<StartBranchPosition id="BR_POS_405" branchId="BRANCH_c2-4e-0-4c101d" branchNodeId="BN_5623_9-334_058" offset="0"/>
			<PassBranchId>BRANCH_c2-4e-0-4c101d</PassBranchId>
			<EndBranchPosition id="BR_POS_406" branchId="BRANCH_c2-4e-0-4c101d" branchNodeId="BN_6814_25-174_156" offset="0"/>
		</BranchRoute>
	</HarnessItem>
	<HarnessItem xsi:type="Protection" id="PROT_c2-1c-0-4bd703" name="TA_RT320-ME03" compType="ESKU5T-1A303-AA(B10Y21)" symbolName="WIRETAPE" symbolCharacteristic="Overlap-horz" length="1094.2586237502019">
		<AppRef name="E3.Series" version="2.14.0.0" guid="5b85faf6-60cf-477e-ac73-92e6c31670cb"/>
		<Property id="PROPERTY_4004" name="TAPE_Width" value="20"/>
		<Property id="PROPERTY_4005" name="DESCRIPTION" value="TAPE-100C-BK-ADH_TEAR-MED_NOISE-LITTLE_WEAR"/>
		<Property id="PROPERTY_4006" name="BDL_BundleCoverLayer" value="10"/>
		<Property id="PROPERTY_4007" name="BDL_CoveringLength" value="1318.0"/>
		<Property id="PROPERTY_4008" name="SYM_NAME" value="WIRETAPE¶Overlap-horz"/>
		<Property id="PROPERTY_4009" name="HRN_Level_Ref" value="ZA/ZB/ZC/ZD/ZE/ZF/ZG/ZH"/>
		<Property id="PROPERTY_4010" name="COLOR" value="BK"/>
		<Property id="PROPERTY_4011" name="SUB_PROJECT" value="HRN-14401"/>
		<Property id="PROPERTY_4012" name="DEVICE_NAME" value="TA_RT320-ME03::"/>
		<Property id="PROPERTY_4013" name="BDL_CoveringEndPoint" value="RT320"/>
		<Property id="PROPERTY_4014" name="TAPE_Thickness" value="0.1"/>
		<Property id="PROPERTY_4015" name="BDL_CoveringStartPoint" value="N2ME03-A"/>
		<Property id="PROPERTY_4016" name="HRN_FAMILY" value="14401"/>
		<Property id="PROPERTY_4017" name="COMP_TYPE" value="TAPE"/>
		<Option id="OPTION_c2-1c-0-4bd703_1" value="HT2AC"/>
		<BranchRoute id="BRR_78">
			<StartBranchPosition id="BR_POS_407" branchId="BRANCH_c2-4e-0-4c0fb7" branchNodeId="BN_11558_25-358_156" offset="0"/>
			<PassBranchId>BRANCH_c2-4e-0-4c0fb7</PassBranchId>
			<PassBranchId>BRANCH_c2-4e-0-4c0f66</PassBranchId>
			<PassBranchId>BRANCH_c2-4e-0-4c0f6c</PassBranchId>
			<PassBranchId>BRANCH_c2-4e-0-4c0f6f</PassBranchId>
			<PassBranchId>BRANCH_22-4e-0-2ca187b</PassBranchId>
			<PassBranchId>BRANCH_ff-4e-0-9d8f85</PassBranchId>
			<EndBranchPosition id="BR_POS_408" branchId="BRANCH_ff-4e-0-9d8f85" branchNodeId="BN_10584-168" offset="0"/>
		</BranchRoute>
	</HarnessItem>
	<HarnessItem xsi:type="Protection" id="PROT_c2-1c-0-4bd741" name="TA2ME15" location="HRN-14401" compType="ESKU5T-1A303-AA(B10Y21)" symbolName="WIRETAPE" symbolCharacteristic="Overlap-horz" length="404.14221695479432">
		<AppRef name="E3.Series" version="2.14.0.0" guid="8a00a6d4-3e9d-4abc-9dc9-70a17cb3d748"/>
		<Property id="PROPERTY_4018" name="TAPE_Width" value="20"/>
		<Property id="PROPERTY_4019" name="DESCRIPTION" value="TAPE-100C-BK-ADH_TEAR-MED_NOISE-LITTLE_WEAR"/>
		<Property id="PROPERTY_4020" name="BDL_BundleCoverLayer" value="10"/>
		<Property id="PROPERTY_4021" name="BDL_CoveringLength" value="345.0"/>
		<Property id="PROPERTY_4022" name="SYM_NAME" value="WIRETAPE¶Overlap-horz"/>
		<Property id="PROPERTY_4023" name="HRN_Level_Ref" value="DB/DD/HB/HD/TP/VA/XM/XN/XP/XR/YN/YT/ZB"/>
		<Property id="PROPERTY_4024" name="COLOR" value="BK"/>
		<Property id="PROPERTY_4025" name="SUB_PROJECT" value="HRN-14401"/>
		<Property id="PROPERTY_4026" name="DEVICE_NAME" value="TA2ME15:HRN-14401:"/>
		<Property id="PROPERTY_4027" name="BDL_CoveringEndPoint" value="N2ME15"/>
		<Property id="PROPERTY_4028" name="TAPE_Thickness" value="0.1"/>
		<Property id="PROPERTY_4029" name="BDL_CoveringStartPoint" value="N490"/>
		<Property id="PROPERTY_4030" name="HRN_FAMILY" value="14401"/>
		<Property id="PROPERTY_4031" name="COMP_TYPE" value="TAPE"/>
		<Option id="OPTION_c2-1c-0-4bd741_1" value="IDBBQ"/>
		<BranchRoute id="BRR_79">
			<StartBranchPosition id="BR_POS_409" branchId="BRANCH_c2-4e-0-4c0db4" branchNodeId="BN_7253_9-272_058" offset="0"/>
			<PassBranchId>BRANCH_c2-4e-0-4c0db4</PassBranchId>
			<PassBranchId>BRANCH_c2-4e-0-4c102a</PassBranchId>
			<EndBranchPosition id="BR_POS_410" branchId="BRANCH_c2-4e-0-4c102a" branchNodeId="BN_6854_25-262_156" offset="0"/>
		</BranchRoute>
	</HarnessItem>
	<HarnessItem xsi:type="Protection" id="PROT_c2-1c-0-4bd76a" name="TA310-2AT30" compType="ESKU5T-1A303-AA(B10Y21)" symbolName="WIRETAPE" symbolCharacteristic="Overlap-horz" length="150">
		<AppRef name="E3.Series" version="2.14.0.0" guid="687b67a9-497b-4ec6-90a3-0237d256a114"/>
		<Property id="PROPERTY_4032" name="TAPE_Width" value="20"/>
		<Property id="PROPERTY_4033" name="DESCRIPTION" value="TAPE-100C-BK-ADH_TEAR-MED_NOISE-LITTLE_WEAR"/>
		<Property id="PROPERTY_4034" name="BDL_BundleCoverLayer" value="10"/>
		<Property id="PROPERTY_4035" name="BDL_CoveringLength" value="282.0"/>
		<Property id="PROPERTY_4036" name="SYM_NAME" value="WIRETAPE¶Overlap-horz"/>
		<Property id="PROPERTY_4037" name="HRN_Level_Ref" value="AA/AB/AC/AD/AE/AF/AG/AH/AJ/AK/AL/AM/AN/AP/AR/BA/BB/BC/BD/BE/BF/BG/BH/BJ/CA/CB/CC/CD/CE/DA/DB/DC/DD"/>
		<Property id="PROPERTY_4038" name="HRN_Level_Ref" value="HA/HB/HC/HD/TM/TP/TR/UA/UB/UC/UD/UE/UF/VA/XA/XB/XC/XD/XE/XF/XG/XH/XJ/XK/XL/XM/XN/XP/XR/XS/YA/YB/YC"/>
		<Property id="PROPERTY_4039" name="HRN_Level_Ref" value="YD/YE/YF/YG/YH/YJ/YK/YL/YM/YN/YP/YR/YS/YT/YU/YV/ZA/ZB/ZC/ZD/ZE/ZF/ZG/ZH"/>
		<Property id="PROPERTY_4040" name="COLOR" value="BK"/>
		<Property id="PROPERTY_4041" name="SUB_PROJECT" value="HRN-14401"/>
		<Property id="PROPERTY_4042" name="DEVICE_NAME" value="TA310-2AT30::"/>
		<Property id="PROPERTY_4043" name="BDL_CoveringEndPoint" value="N2AT30"/>
		<Property id="PROPERTY_4044" name="TAPE_Thickness" value="0.1"/>
		<Property id="PROPERTY_4045" name="BDL_CoveringStartPoint" value="TK310"/>
		<Property id="PROPERTY_4046" name="HRN_FAMILY" value="14401"/>
		<Property id="PROPERTY_4047" name="COMP_TYPE" value="TAPE"/>
		<BranchRoute id="BRR_80">
			<StartBranchPosition id="BR_POS_411" branchId="BRANCH_c2-4e-0-4c0e56" branchNodeId="BN_12528-358" offset="0"/>
			<PassBranchId>BRANCH_c2-4e-0-4c0e56</PassBranchId>
			<EndBranchPosition id="BR_POS_412" branchId="BRANCH_c2-4e-0-4c0e56" branchNodeId="BN_12528-208" offset="0"/>
		</BranchRoute>
	</HarnessItem>
	<HarnessItem xsi:type="Protection" id="PROT_c2-1c-0-4bd7b7" name="TA300-2MC01A" compType="ESKU5T-1A303-AA(B10Y21)" symbolName="WIRETAPE" symbolCharacteristic="Overlap-horz" length="306.90139483795349">
		<AppRef name="E3.Series" version="2.14.0.0" guid="4adda4e8-bb30-4da7-abae-f78ba96e07eb"/>
		<Property id="PROPERTY_4048" name="TAPE_Width" value="20"/>
		<Property id="PROPERTY_4049" name="DESCRIPTION" value="TAPE-100C-BK-ADH_TEAR-MED_NOISE-LITTLE_WEAR"/>
		<Property id="PROPERTY_4050" name="BDL_BundleCoverLayer" value="10"/>
		<Property id="PROPERTY_4051" name="BDL_CoveringLength" value="522.0"/>
		<Property id="PROPERTY_4052" name="SYM_NAME" value="WIRETAPE¶Overlap-horz"/>
		<Property id="PROPERTY_4053" name="HRN_Level_Ref" value="AA/AB/AC/AD/AE/AF/AG/AH/AJ/AK/AL/AM/AN/AP/AR/BA/BB/BC/BD/BE/BF/BG/BH/BJ/CA/CB/CC/CD/CE/DA/DB/DC/DD"/>
		<Property id="PROPERTY_4054" name="HRN_Level_Ref" value="HA/HB/HC/HD/TM/TP/TR/UA/UB/UC/UD/UE/UF/VA/XA/XB/XC/XD/XE/XF/XG/XH/XJ/XK/XL/XM/XN/XP/XR/XS/YA/YB/YC"/>
		<Property id="PROPERTY_4055" name="HRN_Level_Ref" value="YD/YE/YF/YG/YH/YJ/YK/YL/YM/YN/YP/YR/YS/YT/YU/YV/ZA/ZB/ZC/ZD/ZE/ZF/ZG/ZH"/>
		<Property id="PROPERTY_4056" name="COLOR" value="BK"/>
		<Property id="PROPERTY_4057" name="SUB_PROJECT" value="HRN-14401"/>
		<Property id="PROPERTY_4058" name="DEVICE_NAME" value="TA300-2MC01A::"/>
		<Property id="PROPERTY_4059" name="BDL_CoveringEndPoint" value="TK300"/>
		<Property id="PROPERTY_4060" name="TAPE_Thickness" value="0.1"/>
		<Property id="PROPERTY_4061" name="BDL_CoveringStartPoint" value="DP2MC01-A"/>
		<Property id="PROPERTY_4062" name="HRN_FAMILY" value="14401"/>
		<Property id="PROPERTY_4063" name="COMP_TYPE" value="TAPE"/>
		<BranchRoute id="BRR_81">
			<StartBranchPosition id="BR_POS_413" branchId="BRANCH_ff-4e-0-9b280f" branchNodeId="BN_7584-268" offset="0"/>
			<PassBranchId>BRANCH_ff-4e-0-9b280f</PassBranchId>
			<EndBranchPosition id="BR_POS_414" branchId="BRANCH_ff-4e-0-9b280f" branchNodeId="BN_7807_9-350_058" offset="0"/>
		</BranchRoute>
	</HarnessItem>
	<HarnessItem xsi:type="Protection" id="PROT_c2-1c-0-4bd7c8" name="TA611-300" compType="ESKU5T-1A303-AA(C10N44)" symbolName="WIRETAPE" symbolCharacteristic="Overlap-horz" length="464.00001525878906">
		<AppRef name="E3.Series" version="2.14.0.0" guid="959eabc1-2e0b-48e7-8bd7-ca7b64e8b236"/>
		<Property id="PROPERTY_4064" name="TAPE_Width" value="20"/>
		<Property id="PROPERTY_4065" name="DESCRIPTION" value="TAPE-125C-BK-ADH_NON-TEAR-V_HIGH_NOISE-V_HIGH_WEAR"/>
		<Property id="PROPERTY_4066" name="BDL_BundleCoverLayer" value="10"/>
		<Property id="PROPERTY_4067" name="BDL_CoveringLength" value="561.0"/>
		<Property id="PROPERTY_4068" name="SYM_NAME" value="WIRETAPE¶Overlap-horz"/>
		<Property id="PROPERTY_4069" name="HRN_Level_Ref" value="AA/AB/AC/AD/AE/AF/AG/AH/AJ/AK/AL/AM/AN/AP/AR/BA/BB/BC/BD/BE/BF/BG/BH/BJ/CA/CB/CC/CD/CE/DA/DB/DC/DD"/>
		<Property id="PROPERTY_4070" name="HRN_Level_Ref" value="HA/HB/HC/HD/TM/TP/TR/UA/UB/UC/UD/UE/UF/VA/XA/XB/XC/XD/XE/XF/XG/XH/XJ/XK/XL/XM/XN/XP/XR/XS/YA/YB/YC"/>
		<Property id="PROPERTY_4071" name="HRN_Level_Ref" value="YD/YE/YF/YG/YH/YJ/YK/YL/YM/YN/YP/YR/YS/YT/YU/YV/ZA/ZB/ZC/ZD/ZE/ZF/ZG/ZH"/>
		<Property id="PROPERTY_4072" name="COLOR" value="BK"/>
		<Property id="PROPERTY_4073" name="SUB_PROJECT" value="HRN-14401"/>
		<Property id="PROPERTY_4074" name="DEVICE_NAME" value="TA611-300::"/>
		<Property id="PROPERTY_4075" name="BDL_CoveringEndPoint" value="TK300"/>
		<Property id="PROPERTY_4076" name="TAPE_Thickness" value="0.1"/>
		<Property id="PROPERTY_4077" name="BDL_CoveringStartPoint" value="TK611"/>
		<Property id="PROPERTY_4078" name="HRN_FAMILY" value="14401"/>
		<Property id="PROPERTY_4079" name="COMP_TYPE" value="TAPE"/>
		<BranchRoute id="BRR_82">
			<StartBranchPosition id="BR_POS_415" branchId="BRANCH_c2-4e-0-4c0f85" branchNodeId="BN_7807_9-350_058" offset="0"/>
			<PassBranchId>BRANCH_c2-4e-0-4c0f85</PassBranchId>
			<PassBranchId>BRANCH_c2-4e-0-4c1002</PassBranchId>
			<PassBranchId>BRANCH_c2-4e-0-4c109d</PassBranchId>
			<EndBranchPosition id="BR_POS_416" branchId="BRANCH_c2-4e-0-4c109d" branchNodeId="BN_8071_9-150_058" offset="0"/>
		</BranchRoute>
	</HarnessItem>
	<HarnessItem xsi:type="Protection" id="PROT_c2-1c-0-4bd7f7" name="TA181-N2R169" location="HRN-14401" compType="ESKU5T-1A303-AA(B10Y21)" symbolName="WIRETAPE" symbolCharacteristic="Overlap-horz" length="376.63897926375125">
		<AppRef name="E3.Series" version="2.14.0.0" guid="d27562e1-70fd-47d7-ad2b-60af469361b0"/>
		<Property id="PROPERTY_4080" name="TAPE_Width" value="20"/>
		<Property id="PROPERTY_4081" name="DESCRIPTION" value="TAPE-100C-BK-ADH_TEAR-MED_NOISE-LITTLE_WEAR"/>
		<Property id="PROPERTY_4082" name="BDL_BundleCoverLayer" value="10"/>
		<Property id="PROPERTY_4083" name="BDL_CoveringLength" value="150.0"/>
		<Property id="PROPERTY_4084" name="SYM_NAME" value="WIRETAPE¶Overlap-horz"/>
		<Property id="PROPERTY_4085" name="HRN_Level_Ref" value="AA/AB/AC/AD/AE/AF/AG/AH/AJ/AK/AL/AM/AN/AP/AR/BA/BB/BC/BD/BE/BF/BG/BH/BJ/CA/CB/CC/CD/CE/DA/DB/DC/DD"/>
		<Property id="PROPERTY_4086" name="HRN_Level_Ref" value="HA/HB/HC/HD/TM/TP/TR/UA/UB/UC/UD/UE/UF/VA/XA/XB/XC/XD/XE/XF/XG/XH/XJ/XK/XL/XM/XN/XP/XR/XS/YA/YB/YC"/>
		<Property id="PROPERTY_4087" name="HRN_Level_Ref" value="YD/YE/YF/YG/YH/YJ/YK/YL/YM/YN/YP/YR/YS/YT/YU/YV/ZA/ZB/ZC/ZD/ZE/ZF/ZG/ZH"/>
		<Property id="PROPERTY_4088" name="COLOR" value="BK"/>
		<Property id="PROPERTY_4089" name="SUB_PROJECT" value="HRN-14401"/>
		<Property id="PROPERTY_4090" name="DEVICE_NAME" value="TA181-N2R169:HRN-14401:"/>
		<Property id="PROPERTY_4091" name="BDL_CoveringEndPoint" value="TK181"/>
		<Property id="PROPERTY_4092" name="TAPE_Thickness" value="0.1"/>
		<Property id="PROPERTY_4093" name="BDL_CoveringStartPoint" value="N2R169"/>
		<Property id="PROPERTY_4094" name="HRN_FAMILY" value="14401"/>
		<Property id="PROPERTY_4095" name="COMP_TYPE" value="TAPE"/>
		<BranchRoute id="BRR_83">
			<StartBranchPosition id="BR_POS_417" branchId="BRANCH_c2-4e-0-4c1065" branchNodeId="BN_22736-112" offset="0"/>
			<PassBranchId>BRANCH_c2-4e-0-4c1065</PassBranchId>
			<EndBranchPosition id="BR_POS_418" branchId="BRANCH_c2-4e-0-4c1065" branchNodeId="BN_23112-96" offset="0"/>
		</BranchRoute>
	</HarnessItem>
	<HarnessItem xsi:type="Protection" id="PROT_35-1c-0-31d466" name="TA740-N2DB05" compType="ESKU5T-1A303-AA(B10Y21)" symbolName="WIRETAPE" symbolCharacteristic="Overlap-horz" length="110.62280364051092">
		<AppRef name="E3.Series" version="2.14.0.0" guid="2185bb53-8843-466a-aa8c-3820ea414aba"/>
		<Property id="PROPERTY_4096" name="TAPE_Width" value="20"/>
		<Property id="PROPERTY_4097" name="DESCRIPTION" value="TAPE-100C-BK-ADH_TEAR-MED_NOISE-LITTLE_WEAR"/>
		<Property id="PROPERTY_4098" name="BDL_BundleCoverLayer" value="10"/>
		<Property id="PROPERTY_4099" name="BDL_CoveringLength" value="295.0"/>
		<Property id="PROPERTY_4100" name="SYM_NAME" value="WIRETAPE¶Overlap-horz"/>
		<Property id="PROPERTY_4101" name="HRN_Level_Ref" value="ZA/ZB/ZC/ZD/ZE/ZF/ZG/ZH"/>
		<Property id="PROPERTY_4102" name="COLOR" value="BK"/>
		<Property id="PROPERTY_4103" name="SUB_PROJECT" value="HRN-14401"/>
		<Property id="PROPERTY_4104" name="DEVICE_NAME" value="TA740-N2DB05::"/>
		<Property id="PROPERTY_4105" name="BDL_CoveringEndPoint" value="N102"/>
		<Property id="PROPERTY_4106" name="TAPE_Thickness" value="0.1"/>
		<Property id="PROPERTY_4107" name="BDL_CoveringStartPoint" value="N101"/>
		<Property id="PROPERTY_4108" name="HRN_FAMILY" value="14401"/>
		<Property id="PROPERTY_4109" name="COMP_TYPE" value="TAPE"/>
		<Option id="OPTION_35-1c-0-31d466_1" value="HT2AC"/>
		<BranchRoute id="BRR_84">
			<StartBranchPosition id="BR_POS_419" branchId="BRANCH_35-4e-0-30adeb" branchNodeId="BN_6806_25-210_156" offset="0"/>
			<PassBranchId>BRANCH_35-4e-0-30adeb</PassBranchId>
			<EndBranchPosition id="BR_POS_420" branchId="BRANCH_35-4e-0-30adeb" branchNodeId="BN_6847-313" offset="0"/>
		</BranchRoute>
	</HarnessItem>
	<HarnessItem xsi:type="Protection" id="PROT_34-1c-0-78af70" name="TA280-612" compType="ESKU5T-1A303-AA(B10Y21)" symbolName="WIRETAPE" symbolCharacteristic="Overlap-horz" length="477.19288512538816">
		<AppRef name="E3.Series" version="2.14.0.0" guid="d24fd1f8-3a2a-45c5-a8bc-769a88328a10"/>
		<Property id="PROPERTY_4110" name="TAPE_Width" value="20"/>
		<Property id="PROPERTY_4111" name="DESCRIPTION" value="TAPE-100C-BK-ADH_TEAR-MED_NOISE-LITTLE_WEAR"/>
		<Property id="PROPERTY_4112" name="BDL_BundleCoverLayer" value="10"/>
		<Property id="PROPERTY_4113" name="BDL_CoveringLength" value="139.0"/>
		<Property id="PROPERTY_4114" name="SYM_NAME" value="WIRETAPE¶Overlap-horz"/>
		<Property id="PROPERTY_4115" name="HRN_Level_Ref" value="ZA/ZB/ZC/ZF"/>
		<Property id="PROPERTY_4116" name="COLOR" value="BK"/>
		<Property id="PROPERTY_4117" name="SUB_PROJECT" value="HRN-14401"/>
		<Property id="PROPERTY_4118" name="DEVICE_NAME" value="TA280-612::"/>
		<Property id="PROPERTY_4119" name="BDL_CoveringEndPoint" value="TK280"/>
		<Property id="PROPERTY_4120" name="TAPE_Thickness" value="0.1"/>
		<Property id="PROPERTY_4121" name="BDL_CoveringStartPoint" value="TK612"/>
		<Property id="PROPERTY_4122" name="HRN_FAMILY" value="14401"/>
		<Property id="PROPERTY_4123" name="COMP_TYPE" value="TAPE"/>
		<Option id="OPTION_34-1c-0-78af70_1" value="HJGAY"/>
		<BranchRoute id="BRR_85">
			<StartBranchPosition id="BR_POS_421" branchId="BRANCH_1a-4e-0-1a7080e" branchNodeId="BN_16144-368" offset="0"/>
			<PassBranchId>BRANCH_1a-4e-0-1a7080e</PassBranchId>
			<PassBranchId>BRANCH_1a-4e-0-1a72824</PassBranchId>
			<EndBranchPosition id="BR_POS_422" branchId="BRANCH_1a-4e-0-1a72824" branchNodeId="BN_15792-216" offset="0"/>
		</BranchRoute>
	</HarnessItem>
	<HarnessItem xsi:type="Protection" id="PROT_34-1c-0-78d3bc" name="TA612-212EVB" compType="ESKU5T-1A303-AA(B10Y21)" symbolName="WIRETAPE" symbolCharacteristic="Overlap-horz" length="80">
		<AppRef name="E3.Series" version="2.14.0.0" guid="44cd2fb2-f05e-4c98-819b-883ec7762d80"/>
		<Property id="PROPERTY_4124" name="TAPE_Width" value="20"/>
		<Property id="PROPERTY_4125" name="DESCRIPTION" value="TAPE-100C-BK-ADH_TEAR-MED_NOISE-LITTLE_WEAR"/>
		<Property id="PROPERTY_4126" name="BDL_BundleCoverLayer" value="10"/>
		<Property id="PROPERTY_4127" name="BDL_CoveringLength" value="112.0"/>
		<Property id="PROPERTY_4128" name="SYM_NAME" value="WIRETAPE¶Overlap-horz"/>
		<Property id="PROPERTY_4129" name="HRN_Level_Ref" value="ZA/ZB/ZC/ZF"/>
		<Property id="PROPERTY_4130" name="COLOR" value="BK"/>
		<Property id="PROPERTY_4131" name="SUB_PROJECT" value="HRN-14401"/>
		<Property id="PROPERTY_4132" name="DEVICE_NAME" value="TA612-212EVB::"/>
		<Property id="PROPERTY_4133" name="BDL_CoveringEndPoint" value="TK612"/>
		<Property id="PROPERTY_4134" name="TAPE_Thickness" value="0.1"/>
		<Property id="PROPERTY_4135" name="BDL_CoveringStartPoint" value="N2X212EVB"/>
		<Property id="PROPERTY_4136" name="HRN_FAMILY" value="14401"/>
		<Property id="PROPERTY_4137" name="COMP_TYPE" value="TAPE"/>
		<Option id="OPTION_34-1c-0-78d3bc_1" value="HJGAY"/>
		<BranchRoute id="BRR_86">
			<StartBranchPosition id="BR_POS_423" branchId="BRANCH_1a-4e-0-1a78dfd" branchNodeId="BN_15792-216" offset="0"/>
			<PassBranchId>BRANCH_1a-4e-0-1a78dfd</PassBranchId>
			<EndBranchPosition id="BR_POS_424" branchId="BRANCH_1a-4e-0-1a78dfd" branchNodeId="BN_15712-216" offset="0"/>
		</BranchRoute>
	</HarnessItem>
	<HarnessItem xsi:type="Protection" id="PROT_34-1c-0-78f62a" name="TA612-212EVC" compType="ESKU5T-1A303-AA(B10Y21)" symbolName="WIRETAPE" symbolCharacteristic="Overlap-horz" length="88">
		<AppRef name="E3.Series" version="2.14.0.0" guid="3f99f91a-a0e1-46a7-aa55-350fc921f89a"/>
		<Property id="PROPERTY_4138" name="TAPE_Width" value="20"/>
		<Property id="PROPERTY_4139" name="DESCRIPTION" value="TAPE-100C-BK-ADH_TEAR-MED_NOISE-LITTLE_WEAR"/>
		<Property id="PROPERTY_4140" name="BDL_BundleCoverLayer" value="10"/>
		<Property id="PROPERTY_4141" name="BDL_CoveringLength" value="100.0"/>
		<Property id="PROPERTY_4142" name="SYM_NAME" value="WIRETAPE¶Overlap-horz"/>
		<Property id="PROPERTY_4143" name="HRN_Level_Ref" value="ZA/ZB/ZC/ZF"/>
		<Property id="PROPERTY_4144" name="COLOR" value="BK"/>
		<Property id="PROPERTY_4145" name="SUB_PROJECT" value="HRN-14401"/>
		<Property id="PROPERTY_4146" name="DEVICE_NAME" value="TA612-212EVC::"/>
		<Property id="PROPERTY_4147" name="BDL_CoveringEndPoint" value="N2X212EVC"/>
		<Property id="PROPERTY_4148" name="TAPE_Thickness" value="0.1"/>
		<Property id="PROPERTY_4149" name="BDL_CoveringStartPoint" value="TK612"/>
		<Property id="PROPERTY_4150" name="HRN_FAMILY" value="14401"/>
		<Property id="PROPERTY_4151" name="COMP_TYPE" value="TAPE"/>
		<Option id="OPTION_34-1c-0-78f62a_1" value="HJGAY"/>
		<BranchRoute id="BRR_87">
			<StartBranchPosition id="BR_POS_425" branchId="BRANCH_1a-4e-0-1a74b21" branchNodeId="BN_15792-216" offset="0"/>
			<PassBranchId>BRANCH_1a-4e-0-1a74b21</PassBranchId>
			<EndBranchPosition id="BR_POS_426" branchId="BRANCH_1a-4e-0-1a74b21" branchNodeId="BN_15880-216" offset="0"/>
		</BranchRoute>
	</HarnessItem>
	<HarnessItem xsi:type="Protection" id="PROT_34-1c-0-7b0e2c" name="TA280-613" compType="ESKU5T-1A303-AA(B10Y21)" symbolName="WIRETAPE" symbolCharacteristic="Overlap-horz" length="715.71399357258383">
		<AppRef name="E3.Series" version="2.14.0.0" guid="30e1ae1c-289c-4f33-89cf-476eb3269225"/>
		<Property id="PROPERTY_4152" name="TAPE_Width" value="20"/>
		<Property id="PROPERTY_4153" name="DESCRIPTION" value="TAPE-100C-BK-ADH_TEAR-MED_NOISE-LITTLE_WEAR"/>
		<Property id="PROPERTY_4154" name="BDL_BundleCoverLayer" value="10"/>
		<Property id="PROPERTY_4155" name="BDL_CoveringLength" value="631.0"/>
		<Property id="PROPERTY_4156" name="SYM_NAME" value="WIRETAPE¶Overlap-horz"/>
		<Property id="PROPERTY_4157" name="HRN_Level_Ref" value="ZA/ZB/ZC/ZF"/>
		<Property id="PROPERTY_4158" name="COLOR" value="BK"/>
		<Property id="PROPERTY_4159" name="SUB_PROJECT" value="HRN-14401"/>
		<Property id="PROPERTY_4160" name="DEVICE_NAME" value="TA280-613::"/>
		<Property id="PROPERTY_4161" name="BDL_CoveringEndPoint" value="TK280"/>
		<Property id="PROPERTY_4162" name="TAPE_Thickness" value="0.1"/>
		<Property id="PROPERTY_4163" name="BDL_CoveringStartPoint" value="TK613"/>
		<Property id="PROPERTY_4164" name="HRN_FAMILY" value="14401"/>
		<Property id="PROPERTY_4165" name="COMP_TYPE" value="TAPE"/>
		<Option id="OPTION_34-1c-0-7b0e2c_1" value="HJGAY"/>
		<BranchRoute id="BRR_88">
			<StartBranchPosition id="BR_POS_427" branchId="BRANCH_ff-4e-0-936078" branchNodeId="BN_16144-368" offset="0"/>
			<PassBranchId>BRANCH_ff-4e-0-936078</PassBranchId>
			<PassBranchId>BRANCH_ff-4e-0-93810b</PassBranchId>
			<PassBranchId>BRANCH_ff-4e-0-938110</PassBranchId>
			<EndBranchPosition id="BR_POS_428" branchId="BRANCH_ff-4e-0-938110" branchNodeId="BN_15544-208" offset="0"/>
		</BranchRoute>
	</HarnessItem>
	<HarnessItem xsi:type="Protection" id="PROT_34-1c-0-7b3354" name="TA613-H101EVBA" compType="ESKU5T-1A303-AA(B10Y21)" symbolName="WIRETAPE" symbolCharacteristic="Overlap-horz" length="377.99047597450704">
		<AppRef name="E3.Series" version="2.14.0.0" guid="4cc7deff-4d27-4c91-aec8-1722f3ab59a6"/>
		<Property id="PROPERTY_4166" name="TAPE_Width" value="20"/>
		<Property id="PROPERTY_4167" name="DESCRIPTION" value="TAPE-100C-BK-ADH_TEAR-MED_NOISE-LITTLE_WEAR"/>
		<Property id="PROPERTY_4168" name="BDL_BundleCoverLayer" value="10"/>
		<Property id="PROPERTY_4169" name="BDL_CoveringLength" value="379.0"/>
		<Property id="PROPERTY_4170" name="SYM_NAME" value="WIRETAPE¶Overlap-horz"/>
		<Property id="PROPERTY_4171" name="HRN_Level_Ref" value="ZA/ZB/ZC/ZF"/>
		<Property id="PROPERTY_4172" name="COLOR" value="BK"/>
		<Property id="PROPERTY_4173" name="SUB_PROJECT" value="HRN-14401"/>
		<Property id="PROPERTY_4174" name="DEVICE_NAME" value="TA613-H101EVBA::"/>
		<Property id="PROPERTY_4175" name="BDL_CoveringEndPoint" value="TK613"/>
		<Property id="PROPERTY_4176" name="TAPE_Thickness" value="0.1"/>
		<Property id="PROPERTY_4177" name="BDL_CoveringStartPoint" value="N2H101EVBA"/>
		<Property id="PROPERTY_4178" name="HRN_FAMILY" value="14401"/>
		<Property id="PROPERTY_4179" name="COMP_TYPE" value="TAPE"/>
		<Option id="OPTION_34-1c-0-7b3354_1" value="HJGAY"/>
		<BranchRoute id="BRR_89">
			<StartBranchPosition id="BR_POS_429" branchId="BRANCH_ff-4e-0-942c78" branchNodeId="BN_15544-208" offset="0"/>
			<PassBranchId>BRANCH_ff-4e-0-942c78</PassBranchId>
			<PassBranchId>BRANCH_35-4e-0-32eeb3</PassBranchId>
			<PassBranchId>BRANCH_ff-4e-0-959c9b</PassBranchId>
			<EndBranchPosition id="BR_POS_430" branchId="BRANCH_ff-4e-0-959c9b" branchNodeId="BN_15176-272" offset="0"/>
		</BranchRoute>
	</HarnessItem>
	<HarnessItem xsi:type="Protection" id="PROT_34-1c-0-7b5707" name="TA613-H101EVBB" compType="ESKU5T-1A303-AA(B10Y21)" symbolName="WIRETAPE" symbolCharacteristic="Overlap-horz" length="208">
		<AppRef name="E3.Series" version="2.14.0.0" guid="53a7a6be-ea8d-4653-8899-44de3e190283"/>
		<Property id="PROPERTY_4180" name="TAPE_Width" value="20"/>
		<Property id="PROPERTY_4181" name="DESCRIPTION" value="TAPE-100C-BK-ADH_TEAR-MED_NOISE-LITTLE_WEAR"/>
		<Property id="PROPERTY_4182" name="BDL_BundleCoverLayer" value="10"/>
		<Property id="PROPERTY_4183" name="BDL_CoveringLength" value="281.0"/>
		<Property id="PROPERTY_4184" name="SYM_NAME" value="WIRETAPE¶Overlap-horz"/>
		<Property id="PROPERTY_4185" name="HRN_Level_Ref" value="ZA/ZB/ZC/ZF"/>
		<Property id="PROPERTY_4186" name="COLOR" value="BK"/>
		<Property id="PROPERTY_4187" name="SUB_PROJECT" value="HRN-14401"/>
		<Property id="PROPERTY_4188" name="DEVICE_NAME" value="TA613-H101EVBB::"/>
		<Property id="PROPERTY_4189" name="BDL_CoveringEndPoint" value="TK613"/>
		<Property id="PROPERTY_4190" name="TAPE_Thickness" value="0.1"/>
		<Property id="PROPERTY_4191" name="BDL_CoveringStartPoint" value="N2H101EVBB"/>
		<Property id="PROPERTY_4192" name="HRN_FAMILY" value="14401"/>
		<Property id="PROPERTY_4193" name="COMP_TYPE" value="TAPE"/>
		<Option id="OPTION_34-1c-0-7b5707_1" value="HJGAY"/>
		<BranchRoute id="BRR_90">
			<StartBranchPosition id="BR_POS_431" branchId="BRANCH_ff-4e-0-93c7ce" branchNodeId="BN_15544-208" offset="0"/>
			<PassBranchId>BRANCH_ff-4e-0-93c7ce</PassBranchId>
			<PassBranchId>BRANCH_ff-4e-0-966b71</PassBranchId>
			<EndBranchPosition id="BR_POS_432" branchId="BRANCH_ff-4e-0-966b71" branchNodeId="BN_15408-136" offset="0"/>
		</BranchRoute>
	</HarnessItem>
	<HarnessItem xsi:type="Protection" id="PROT_34-1c-0-7b7a22" name="TA615-MM08EVB" compType="ESKU5T-1A303-AA(B10Y21)" symbolName="WIRETAPE" symbolCharacteristic="Overlap-horz" length="384">
		<AppRef name="E3.Series" version="2.14.0.0" guid="c787d175-dc2e-4675-8627-b52e624a0af6"/>
		<Property id="PROPERTY_4194" name="TAPE_Width" value="20"/>
		<Property id="PROPERTY_4195" name="DESCRIPTION" value="TAPE-100C-BK-ADH_TEAR-MED_NOISE-LITTLE_WEAR"/>
		<Property id="PROPERTY_4196" name="BDL_BundleCoverLayer" value="10"/>
		<Property id="PROPERTY_4197" name="BDL_CoveringLength" value="266.0"/>
		<Property id="PROPERTY_4198" name="SYM_NAME" value="WIRETAPE¶Overlap-horz"/>
		<Property id="PROPERTY_4199" name="HRN_Level_Ref" value="ZA/ZB/ZC/ZF"/>
		<Property id="PROPERTY_4200" name="COLOR" value="BK"/>
		<Property id="PROPERTY_4201" name="SUB_PROJECT" value="HRN-14401"/>
		<Property id="PROPERTY_4202" name="DEVICE_NAME" value="TA615-MM08EVB::"/>
		<Property id="PROPERTY_4203" name="BDL_CoveringEndPoint" value="TK615"/>
		<Property id="PROPERTY_4204" name="TAPE_Thickness" value="0.1"/>
		<Property id="PROPERTY_4205" name="BDL_CoveringStartPoint" value="N2MM08EVB"/>
		<Property id="PROPERTY_4206" name="HRN_FAMILY" value="14401"/>
		<Property id="PROPERTY_4207" name="COMP_TYPE" value="TAPE"/>
		<Option id="OPTION_34-1c-0-7b7a22_1" value="HJGAY"/>
		<BranchRoute id="BRR_91">
			<StartBranchPosition id="BR_POS_433" branchId="BRANCH_35-4e-0-335d76" branchNodeId="BN_15248-272" offset="0"/>
			<PassBranchId>BRANCH_35-4e-0-335d76</PassBranchId>
			<PassBranchId>BRANCH_35-4e-0-33c53a</PassBranchId>
			<EndBranchPosition id="BR_POS_434" branchId="BRANCH_35-4e-0-33c53a" branchNodeId="BN_15056-80" offset="0"/>
		</BranchRoute>
	</HarnessItem>
	<HarnessItem xsi:type="Protection" id="PROT_34-1c-0-7bc434" name="TA410-MM01DB" compType="ESKU5T-1A303-AA(B10Y21)" symbolName="WIRETAPE" symbolCharacteristic="Overlap-horz" length="1129.3886841796862">
		<AppRef name="E3.Series" version="2.14.0.0" guid="4d98539c-6ae7-4287-917d-17f9399749cb"/>
		<Property id="PROPERTY_4208" name="TAPE_Width" value="20"/>
		<Property id="PROPERTY_4209" name="DESCRIPTION" value="TAPE-100C-BK-ADH_TEAR-MED_NOISE-LITTLE_WEAR"/>
		<Property id="PROPERTY_4210" name="BDL_BundleCoverLayer" value="10"/>
		<Property id="PROPERTY_4211" name="BDL_CoveringLength" value="222.0"/>
		<Property id="PROPERTY_4212" name="SYM_NAME" value="WIRETAPE¶Overlap-horz"/>
		<Property id="PROPERTY_4213" name="HRN_Level_Ref" value="AA/AB/AD/AE/AF/AG/AH/AJ/AK/AL/AM/AN/AP/AR/BA/BB/BD/BE/BF/BG/BH/BJ/CA/CB/CC/CD/CE/DA/DB/DC/DD/HA/HB"/>
		<Property id="PROPERTY_4214" name="HRN_Level_Ref" value="HC/HD/UA/UB/UC/UD/UE/UF/VA/XA/XB/XC/XD/XE/XF/XG/XH/XJ/XK/XL/XM/XN/XP/XR/XS"/>
		<Property id="PROPERTY_4215" name="COLOR" value="BK"/>
		<Property id="PROPERTY_4216" name="SUB_PROJECT" value="HRN-14401"/>
		<Property id="PROPERTY_4217" name="DEVICE_NAME" value="TA410-MM01DB::"/>
		<Property id="PROPERTY_4218" name="BDL_CoveringEndPoint" value="TK410"/>
		<Property id="PROPERTY_4219" name="TAPE_Thickness" value="0.1"/>
		<Property id="PROPERTY_4220" name="BDL_CoveringStartPoint" value="N2MM01DB"/>
		<Property id="PROPERTY_4221" name="HRN_FAMILY" value="14401"/>
		<Property id="PROPERTY_4222" name="COMP_TYPE" value="TAPE"/>
		<Option id="OPTION_34-1c-0-7bc434_1" value="EN_BM"/>
		<BranchRoute id="BRR_92">
			<StartBranchPosition id="BR_POS_435" branchId="BRANCH_da-4e-0-2503d5" branchNodeId="BN_9728-328" offset="0"/>
			<PassBranchId>BRANCH_da-4e-0-2503d5</PassBranchId>
			<PassBranchId>BRANCH_ff-4e-0-9d2c5f</PassBranchId>
			<EndBranchPosition id="BR_POS_436" branchId="BRANCH_ff-4e-0-9d2c5f" branchNodeId="BN_10856-360" offset="0"/>
		</BranchRoute>
	</HarnessItem>
	<HarnessItem xsi:type="Protection" id="PROT_34-1c-0-7c0d86" name="TA100-MM01DA" compType="ESKU5T-1A303-AA(B10Y21)" symbolName="WIRETAPE" symbolCharacteristic="Overlap-horz" length="1230.9194161692924">
		<AppRef name="E3.Series" version="2.14.0.0" guid="eb7f4f9b-fec5-4ff4-ba0b-603dc158ff25"/>
		<Property id="PROPERTY_4223" name="TAPE_Width" value="20"/>
		<Property id="PROPERTY_4224" name="DESCRIPTION" value="TAPE-100C-BK-ADH_TEAR-MED_NOISE-LITTLE_WEAR"/>
		<Property id="PROPERTY_4225" name="BDL_BundleCoverLayer" value="10"/>
		<Property id="PROPERTY_4226" name="BDL_CoveringLength" value="358.0"/>
		<Property id="PROPERTY_4227" name="SYM_NAME" value="WIRETAPE¶Overlap-horz"/>
		<Property id="PROPERTY_4228" name="HRN_Level_Ref" value="AA/AB/AD/AE/AF/AG/AH/AJ/AK/AL/AM/AN/AP/AR/BA/BB/BD/BE/BF/BG/BH/BJ/CA/CB/CC/CD/CE/DA/DB/DC/DD/HA/HB"/>
		<Property id="PROPERTY_4229" name="HRN_Level_Ref" value="HC/HD/UA/UB/UC/UD/UE/UF/VA/XA/XB/XC/XD/XE/XF/XG/XH/XJ/XK/XL/XM/XN/XP/XR/XS"/>
		<Property id="PROPERTY_4230" name="COLOR" value="BK"/>
		<Property id="PROPERTY_4231" name="SUB_PROJECT" value="HRN-14401"/>
		<Property id="PROPERTY_4232" name="DEVICE_NAME" value="TA100-MM01DA::"/>
		<Property id="PROPERTY_4233" name="BDL_CoveringEndPoint" value="N2MM01DA"/>
		<Property id="PROPERTY_4234" name="TAPE_Thickness" value="0.1"/>
		<Property id="PROPERTY_4235" name="BDL_CoveringStartPoint" value="TK410"/>
		<Property id="PROPERTY_4236" name="HRN_FAMILY" value="14401"/>
		<Property id="PROPERTY_4237" name="COMP_TYPE" value="TAPE"/>
		<Option id="OPTION_34-1c-0-7c0d86_1" value="EN_BM"/>
		<BranchRoute id="BRR_93">
			<StartBranchPosition id="BR_POS_437" branchId="BRANCH_da-4e-0-30cfc6" branchNodeId="BN_9800-28" offset="0"/>
			<PassBranchId>BRANCH_da-4e-0-30cfc6</PassBranchId>
			<PassBranchId>BRANCH_e9-4e-0-33d393</PassBranchId>
			<EndBranchPosition id="BR_POS_438" branchId="BRANCH_e9-4e-0-33d393" branchNodeId="BN_10856-360" offset="0"/>
		</BranchRoute>
	</HarnessItem>
	<HarnessItem xsi:type="Protection" id="PROT_6a-1c-0-22ba1f" name="TA366-N2ME06D" compType="ESKU5T-1A303-AA(B10Y21)" symbolName="WIRETAPE" symbolCharacteristic="Overlap-horz" length="202">
		<AppRef name="E3.Series" version="2.14.0.0" guid="1c1fceaa-3ffc-4bb5-8d31-93f562deaaa8"/>
		<Property id="PROPERTY_4238" name="TAPE_Width" value="20"/>
		<Property id="PROPERTY_4239" name="DESCRIPTION" value="TAPE-100C-BK-ADH_TEAR-MED_NOISE-LITTLE_WEAR"/>
		<Property id="PROPERTY_4240" name="BDL_BundleCoverLayer" value="10"/>
		<Property id="PROPERTY_4241" name="BDL_CoveringLength" value="265.0"/>
		<Property id="PROPERTY_4242" name="SYM_NAME" value="WIRETAPE¶Overlap-horz"/>
		<Property id="PROPERTY_4243" name="HRN_Level_Ref" value="AA/AB/AD/AE/AF/AG/AH/AJ/AK/AL/AM/AN/AP/AR/BA/BB/BD/BE/BF/BG/BH/BJ/CA/CB/CC/CD/CE/DA/DB/DC/DD/HA/HB"/>
		<Property id="PROPERTY_4244" name="HRN_Level_Ref" value="HC/HD/UA/UB/UC/UD/UE/UF/VA/XA/XB/XC/XD/XE/XF/XG/XH/XJ/XK/XL/XM/XN/XP/XR/XS"/>
		<Property id="PROPERTY_4245" name="COLOR" value="BK"/>
		<Property id="PROPERTY_4246" name="SUB_PROJECT" value="HRN-14401"/>
		<Property id="PROPERTY_4247" name="DEVICE_NAME" value="TA366-N2ME06D::"/>
		<Property id="PROPERTY_4248" name="BDL_CoveringEndPoint" value="N2ME06D"/>
		<Property id="PROPERTY_4249" name="TAPE_Thickness" value="0.1"/>
		<Property id="PROPERTY_4250" name="BDL_CoveringStartPoint" value="TK360"/>
		<Property id="PROPERTY_4251" name="HRN_FAMILY" value="14401"/>
		<Property id="PROPERTY_4252" name="COMP_TYPE" value="TAPE"/>
		<Option id="OPTION_6a-1c-0-22ba1f_1" value="EN_BM"/>
		<BranchRoute id="BRR_94">
			<StartBranchPosition id="BR_POS_439" branchId="BRANCH_34-4e-0-83e07c" branchNodeId="BN_11472-358" offset="0"/>
			<PassBranchId>BRANCH_34-4e-0-83e07c</PassBranchId>
			<EndBranchPosition id="BR_POS_440" branchId="BRANCH_34-4e-0-83e07c" branchNodeId="BN_11512-176" offset="0"/>
		</BranchRoute>
	</HarnessItem>
	<HarnessItem xsi:type="Protection" id="PROT_6a-1c-0-2511c1" name="TA42-N2LF44EV" compType="ESKU5T-1A303-AA(B10Y21)" symbolName="WIRETAPE" symbolCharacteristic="Overlap-horz" length="1039.2850693291871">
		<AppRef name="E3.Series" version="2.14.0.0" guid="41b79b9f-664a-45aa-b82f-93eba4ad1360"/>
		<Property id="PROPERTY_4267" name="TAPE_Width" value="20"/>
		<Property id="PROPERTY_4268" name="DESCRIPTION" value="TAPE-100C-BK-ADH_TEAR-MED_NOISE-LITTLE_WEAR"/>
		<Property id="PROPERTY_4269" name="BDL_BundleCoverLayer" value="10"/>
		<Property id="PROPERTY_4270" name="BDL_CoveringLength" value="205.0"/>
		<Property id="PROPERTY_4271" name="SYM_NAME" value="WIRETAPE¶Overlap-horz"/>
		<Property id="PROPERTY_4272" name="HRN_Level_Ref" value="ZA/ZB/ZC/ZD/ZE/ZF/ZG/ZH"/>
		<Property id="PROPERTY_4273" name="COLOR" value="BK"/>
		<Property id="PROPERTY_4274" name="SUB_PROJECT" value="HRN-14401"/>
		<Property id="PROPERTY_4275" name="DEVICE_NAME" value="TA42-N2LF44EV::"/>
		<Property id="PROPERTY_4276" name="BDL_CoveringEndPoint" value="TK420"/>
		<Property id="PROPERTY_4277" name="TAPE_Thickness" value="0.1"/>
		<Property id="PROPERTY_4278" name="BDL_CoveringStartPoint" value="N2LF44EV"/>
		<Property id="PROPERTY_4279" name="HRN_FAMILY" value="14401"/>
		<Property id="PROPERTY_4280" name="COMP_TYPE" value="TAPE"/>
		<Option id="OPTION_6a-1c-0-2511c1_1" value="HT2AC"/>
		<BranchRoute id="BRR_96">
			<StartBranchPosition id="BR_POS_443" branchId="BRANCH_34-4e-0-814498" branchNodeId="BN_9407-374" offset="0"/>
			<PassBranchId>BRANCH_34-4e-0-814498</PassBranchId>
			<PassBranchId>BRANCH_34-4e-0-816744</PassBranchId>
			<PassBranchId>BRANCH_34-4e-0-816749</PassBranchId>
			<PassBranchId>BRANCH_34-4e-0-821a96</PassBranchId>
			<EndBranchPosition id="BR_POS_444" branchId="BRANCH_34-4e-0-821a96" branchNodeId="BN_8848-128" offset="0"/>
		</BranchRoute>
	</HarnessItem>
	<HarnessItem xsi:type="Protection" id="PROT_62-1c-0-cad9c5" name="TA260-N2YA02-CR" compType="ESKU5T-1A303-AA(B13Y21)" symbolName="WIRETAPE" symbolCharacteristic="Overlap-horz" length="244.11102550927978">
		<AppRef name="E3.Series" version="2.14.0.0" guid="e8d590fa-a91b-4937-ac9b-780d20bbf8d0"/>
		<Property id="PROPERTY_4281" name="TAPE_Width" value="19"/>
		<Property id="PROPERTY_4282" name="DESCRIPTION" value="TAPE-100C-OG-ADH_YES_NOISE_MED-WR-LITTLE"/>
		<Property id="PROPERTY_4283" name="BDL_BundleCoverLayer" value="10"/>
		<Property id="PROPERTY_4284" name="BDL_CoveringLength" value="140.0"/>
		<Property id="PROPERTY_4285" name="SYM_NAME" value="WIRETAPE¶Overlap-horz"/>
		<Property id="PROPERTY_4286" name="HRN_Level_Ref" value="VA"/>
		<Property id="PROPERTY_4287" name="COLOR" value="OG"/>
		<Property id="PROPERTY_4288" name="SUB_PROJECT" value="HRN-14401"/>
		<Property id="PROPERTY_4289" name="DEVICE_NAME" value="TA260-N2YA02-CR::"/>
		<Property id="PROPERTY_4290" name="BDL_CoveringEndPoint" value="TK260"/>
		<Property id="PROPERTY_4291" name="TAPE_Thickness" value="0.1"/>
		<Property id="PROPERTY_4292" name="BDL_CoveringStartPoint" value="N2YA02-CR"/>
		<Property id="PROPERTY_4293" name="HRN_FAMILY" value="14401"/>
		<Property id="PROPERTY_4294" name="COMP_TYPE" value="TAPE"/>
		<Option id="OPTION_62-1c-0-cad9c5_1" value="HUKAD"/>
		<BranchRoute id="BRR_97">
			<StartBranchPosition id="BR_POS_445" branchId="BRANCH_62-4e-0-c92d63" branchNodeId="BN_16856-288" offset="0"/>
			<PassBranchId>BRANCH_62-4e-0-c92d63</PassBranchId>
			<EndBranchPosition id="BR_POS_446" branchId="BRANCH_62-4e-0-c92d63" branchNodeId="BN_17064-352" offset="0"/>
		</BranchRoute>
	</HarnessItem>
	<HarnessItem xsi:type="Protection" id="PROT_c2-1c-0-4bd052" name="TA130-180" compType="ESKU5T-1A303-AA(B10Y21)" symbolName="WIRETAPE" symbolCharacteristic="Overlap-horz" length="1499.5979797464468">
		<AppRef name="E3.Series" version="2.14.0.0" guid="aa37d105-1367-411b-a1e6-b32821aa5aba"/>
		<Property id="PROPERTY_4295" name="TAPE_Width" value="20"/>
		<Property id="PROPERTY_4296" name="DESCRIPTION" value="TAPE-100C-BK-ADH_TEAR-MED_NOISE-LITTLE_WEAR"/>
		<Property id="PROPERTY_4297" name="BDL_BundleCoverLayer" value="10"/>
		<Property id="PROPERTY_4298" name="BDL_CoveringLength" value="858.0"/>
		<Property id="PROPERTY_4299" name="SYM_NAME" value="WIRETAPE¶Overlap-horz"/>
		<Property id="PROPERTY_4300" name="HRN_Level_Ref" value="AA/AB/AC/AD/AE/AF/AG/AH/AJ/AK/AL/AM/AN/AP/AR/BA/BB/BC/BD/BE/BF/BG/BH/BJ/CA/CB/CC/CD/CE/DA/DB/DC/DD"/>
		<Property id="PROPERTY_4301" name="HRN_Level_Ref" value="HA/HB/HC/HD/TM/TP/TR/UA/UB/UC/UD/UE/UF/VA/XA/XB/XC/XD/XE/XF/XG/XH/XJ/XK/XL/XM/XN/XP/XR/XS/YA/YB/YC"/>
		<Property id="PROPERTY_4302" name="HRN_Level_Ref" value="YD/YE/YF/YG/YH/YJ/YK/YL/YM/YN/YP/YR/YS/YT/YU/YV/ZA/ZB/ZC/ZD/ZE/ZF/ZG/ZH"/>
		<Property id="PROPERTY_4303" name="COLOR" value="BK"/>
		<Property id="PROPERTY_4304" name="SUB_PROJECT" value="HRN-14401"/>
		<Property id="PROPERTY_4305" name="DEVICE_NAME" value="TA130-180::"/>
		<Property id="PROPERTY_4306" name="BDL_CoveringEndPoint" value="TK180"/>
		<Property id="PROPERTY_4307" name="TAPE_Thickness" value="0.1"/>
		<Property id="PROPERTY_4308" name="BDL_CoveringStartPoint" value="SH203"/>
		<Property id="PROPERTY_4309" name="HRN_FAMILY" value="14401"/>
		<Property id="PROPERTY_4310" name="COMP_TYPE" value="TAPE"/>
		<BranchRoute id="BRR_98">
			<StartBranchPosition id="BR_POS_447" branchId="BRANCH_c2-4e-0-4c0d5d" branchNodeId="BN_21712-332" offset="0"/>
			<PassBranchId>BRANCH_c2-4e-0-4c0d5d</PassBranchId>
			<PassBranchId>BRANCH_c2-4e-0-4c0fe2</PassBranchId>
			<PassBranchId>BRANCH_c2-4e-0-4c0d66</PassBranchId>
			<PassBranchId>BRANCH_c2-4e-0-4c0e70</PassBranchId>
			<EndBranchPosition id="BR_POS_448" branchId="BRANCH_c2-4e-0-4c0e70" branchNodeId="BN_23072-176" offset="0"/>
		</BranchRoute>
	</HarnessItem>
	<HarnessItem xsi:type="Protection" id="PROT_c2-1c-0-4bd00e" name="TA23SW2-2DB02A" compType="ESKU5T-1A303-AA(B10Y21)" symbolName="WIRETAPE" symbolCharacteristic="Overlap-horz" length="1239.7490478323946">
		<AppRef name="E3.Series" version="2.14.0.0" guid="2585f335-040e-43b3-a203-639182553cbe"/>
		<Property id="PROPERTY_4311" name="TAPE_Width" value="20"/>
		<Property id="PROPERTY_4312" name="DESCRIPTION" value="TAPE-100C-BK-ADH_TEAR-MED_NOISE-LITTLE_WEAR"/>
		<Property id="PROPERTY_4313" name="BDL_BundleCoverLayer" value="10"/>
		<Property id="PROPERTY_4314" name="BDL_CoveringLength" value="445.0"/>
		<Property id="PROPERTY_4315" name="SYM_NAME" value="WIRETAPE¶Overlap-horz"/>
		<Property id="PROPERTY_4316" name="HRN_Level_Ref" value="AA/AB/AC/AD/AE/AF/AG/AH/AJ/AK/AL/AM/AN/AP/AR/BA/BB/BC/BD/BE/BF/BG/BH/BJ/CA/CB/CC/CD/CE/DA/DB/DC/DD"/>
		<Property id="PROPERTY_4317" name="HRN_Level_Ref" value="HA/HB/HC/HD/TM/TP/TR/UA/UB/UC/UD/UE/UF/VA/XA/XB/XC/XD/XE/XF/XG/XH/XJ/XK/XL/XM/XN/XP/XR/XS/YA/YB/YC"/>
		<Property id="PROPERTY_4318" name="HRN_Level_Ref" value="YD/YE/YF/YG/YH/YJ/YK/YL/YM/YN/YP/YR/YS/YT/YU/YV/ZA/ZB/ZC/ZD/ZE/ZF/ZG/ZH"/>
		<Property id="PROPERTY_4319" name="COLOR" value="BK"/>
		<Property id="PROPERTY_4320" name="SUB_PROJECT" value="HRN-14401"/>
		<Property id="PROPERTY_4321" name="DEVICE_NAME" value="TA23SW2-2DB02A::"/>
		<Property id="PROPERTY_4322" name="BDL_CoveringEndPoint" value="N2DB02-A"/>
		<Property id="PROPERTY_4323" name="TAPE_Thickness" value="0.1"/>
		<Property id="PROPERTY_4324" name="BDL_CoveringStartPoint" value="TK608"/>
		<Property id="PROPERTY_4325" name="HRN_FAMILY" value="14401"/>
		<Property id="PROPERTY_4326" name="COMP_TYPE" value="TAPE"/>
		<BranchRoute id="BRR_99">
			<StartBranchPosition id="BR_POS_449" branchId="BRANCH_c2-4e-0-4c107e" branchNodeId="BN_20180-60" offset="0"/>
			<PassBranchId>BRANCH_c2-4e-0-4c107e</PassBranchId>
			<EndBranchPosition id="BR_POS_450" branchId="BRANCH_c2-4e-0-4c107e" branchNodeId="BN_21216-264" offset="0"/>
		</BranchRoute>
	</HarnessItem>
	<HarnessItem xsi:type="Protection" id="PROT_c2-1c-0-4bd341" name="TA100-130" location="HRN-14401" compType="ESKU5T-1A303-AA(B10Y21)" symbolName="WIRETAPE" symbolCharacteristic="Overlap-horz" length="1225.6611094188452">
		<AppRef name="E3.Series" version="2.14.0.0" guid="47bfe188-a4a8-4643-a33f-1b71a2116ba2"/>
		<Property id="PROPERTY_4327" name="TAPE_Width" value="20"/>
		<Property id="PROPERTY_4328" name="DESCRIPTION" value="TAPE-100C-BK-ADH_TEAR-MED_NOISE-LITTLE_WEAR"/>
		<Property id="PROPERTY_4329" name="BDL_BundleCoverLayer" value="10"/>
		<Property id="PROPERTY_4330" name="BDL_CoveringLength" value="1312.0"/>
		<Property id="PROPERTY_4331" name="SYM_NAME" value="WIRETAPE¶Overlap-horz"/>
		<Property id="PROPERTY_4332" name="HRN_Level_Ref" value="AA/AB/AC/AD/AE/AF/AG/AH/AJ/AK/AL/AM/AN/AP/AR/BA/BB/BC/BD/BE/BF/BG/BH/BJ/CA/CB/CC/CD/CE/DA/DB/DC/DD"/>
		<Property id="PROPERTY_4333" name="HRN_Level_Ref" value="HA/HB/HC/HD/TM/TP/TR/UA/UB/UC/UD/UE/UF/VA/XA/XB/XC/XD/XE/XF/XG/XH/XJ/XK/XL/XM/XN/XP/XR/XS/YA/YB/YC"/>
		<Property id="PROPERTY_4334" name="HRN_Level_Ref" value="YD/YE/YF/YG/YH/YJ/YK/YL/YM/YN/YP/YR/YS/YT/YU/YV/ZA/ZB/ZC/ZD/ZE/ZF/ZG/ZH"/>
		<Property id="PROPERTY_4335" name="COLOR" value="BK"/>
		<Property id="PROPERTY_4336" name="SUB_PROJECT" value="HRN-14401"/>
		<Property id="PROPERTY_4337" name="DEVICE_NAME" value="TA100-130:HRN-14401:"/>
		<Property id="PROPERTY_4338" name="BDL_CoveringEndPoint" value="TK130"/>
		<Property id="PROPERTY_4339" name="TAPE_Thickness" value="0.1"/>
		<Property id="PROPERTY_4340" name="BDL_CoveringStartPoint" value="TK100"/>
		<Property id="PROPERTY_4341" name="HRN_FAMILY" value="14401"/>
		<Property id="PROPERTY_4342" name="COMP_TYPE" value="TAPE"/>
		<BranchRoute id="BRR_100">
			<StartBranchPosition id="BR_POS_451" branchId="BRANCH_c2-4e-0-4c0efe" branchNodeId="BN_23840-384" offset="0"/>
			<PassBranchId>BRANCH_c2-4e-0-4c0efe</PassBranchId>
			<PassBranchId>BRANCH_c2-4e-0-4c0fdc</PassBranchId>
			<PassBranchId>BRANCH_c2-4e-0-4c0e6d</PassBranchId>
			<PassBranchId>BRANCH_c2-4e-0-4c1030</PassBranchId>
			<PassBranchId>BRANCH_c2-4e-0-4c102d</PassBranchId>
			<EndBranchPosition id="BR_POS_452" branchId="BRANCH_c2-4e-0-4c102d" branchNodeId="BN_23104-184" offset="0"/>
		</BranchRoute>
	</HarnessItem>
	<HarnessItem xsi:type="Protection" id="PROT_a1-1c-0-b024fd" name="TAMF03_TEAR" location="HRN-14401" compType="ESKU5T-1A303-AA(100Y00)" symbolName="WIRETAPE" symbolCharacteristic="SpotTape" rotation="0" length="0">
		<AppRef name="E3.Series" version="2.14.0.0" guid="fdff989c-0901-4621-b8d0-f3e7cd62118e"/>
		<Property id="PROPERTY_4343" name="TAPE_Width" value="20"/>
		<Property id="PROPERTY_4344" name="DESCRIPTION" value="TAPE-85C-BK-ADH_TEAR-NO_NOISE-NO_WEAR"/>
		<Property id="PROPERTY_4345" name="BDL_BundleCoverLayer" value="40"/>
		<Property id="PROPERTY_4346" name="BDL_CoveringLength" value="146.0"/>
		<Property id="PROPERTY_4347" name="SYM_NAME" value="WIRETAPE¶SpotTape"/>
		<Property id="PROPERTY_4348" name="HRN_Level_Ref" value="AA/AB/AC/AD/AE/AF/AG/AH/AJ/AK/AL/AM/AN/AP/AR/BA/BB/BC/BD/BE/BF/BG/BH/BJ/CA/CB/CC/CD/CE/DA/DB/DC/DD"/>
		<Property id="PROPERTY_4349" name="HRN_Level_Ref" value="HA/HB/HC/HD/TM/TP/TR/UA/UB/UC/UD/UE/UF/VA/XA/XB/XC/XD/XE/XF/XG/XH/XJ/XK/XL/XM/XN/XP/XR/XS/YA/YB/YC"/>
		<Property id="PROPERTY_4350" name="HRN_Level_Ref" value="YD/YE/YF/YG/YH/YJ/YK/YL/YM/YN/YP/YR/YS/YT/YU/YV/ZA/ZB/ZC/ZD/ZE/ZF/ZG/ZH"/>
		<Property id="PROPERTY_4351" name="COLOR" value="BK"/>
		<Property id="PROPERTY_4352" name="SUB_PROJECT" value="HRN-14401"/>
		<Property id="PROPERTY_4353" name="DEVICE_NAME" value="TAMF03_TEAR:HRN-14401:"/>
		<Property id="PROPERTY_4354" name="BDL_CoveringEndPoint" value="TAMF03_TEAR"/>
		<Property id="PROPERTY_4355" name="TAPE_Thickness" value="0.1"/>
		<Property id="PROPERTY_4356" name="BDL_CoveringStartPoint" value="TAMF03_TEAR"/>
		<Property id="PROPERTY_4357" name="HRN_FAMILY" value="14401"/>
		<Property id="PROPERTY_4358" name="COMP_TYPE" value="TAPE"/>
		<BranchPosition id="BR_POS_453" branchId="BRANCH_c2-4e-0-4c10dd" branchNodeId="BN_2223_9-390_058" offset="4.659479314644746"/>
	</HarnessItem>
	<HarnessItem xsi:type="Protection" id="PROT_c2-1c-0-4bd030" name="TA190-101" compType="ESKU5T-1A303-AA(B10Y21)" symbolName="WIRETAPE" symbolCharacteristic="Overlap-horz" length="1490.247432048784">
		<AppRef name="E3.Series" version="2.14.0.0" guid="811ffecd-a595-48ac-8940-9f20f303b3fe"/>
		<Property id="PROPERTY_4359" name="TAPE_Width" value="20"/>
		<Property id="PROPERTY_4360" name="DESCRIPTION" value="TAPE-100C-BK-ADH_TEAR-MED_NOISE-LITTLE_WEAR"/>
		<Property id="PROPERTY_4361" name="BDL_BundleCoverLayer" value="10"/>
		<Property id="PROPERTY_4362" name="BDL_CoveringLength" value="991.0"/>
		<Property id="PROPERTY_4363" name="SYM_NAME" value="WIRETAPE¶Overlap-horz"/>
		<Property id="PROPERTY_4364" name="HRN_Level_Ref" value="AA/AB/AC/AD/AE/AF/AG/AH/AJ/AK/AL/AM/AN/AP/AR/BA/BB/BC/BD/BE/BF/BG/BH/BJ/CA/CB/CC/CD/CE/DA/DB/DC/DD"/>
		<Property id="PROPERTY_4365" name="HRN_Level_Ref" value="HA/HB/HC/HD/TM/TP/TR/UA/UB/UC/UD/UE/UF/VA/XA/XB/XC/XD/XE/XF/XG/XH/XJ/XK/XL/XM/XN/XP/XR/XS/YA/YB/YC"/>
		<Property id="PROPERTY_4366" name="HRN_Level_Ref" value="YD/YE/YF/YG/YH/YJ/YK/YL/YM/YN/YP/YR/YS/YT/YU/YV/ZA/ZB/ZC/ZD/ZE/ZF/ZG/ZH"/>
		<Property id="PROPERTY_4367" name="COLOR" value="BK"/>
		<Property id="PROPERTY_4368" name="SUB_PROJECT" value="HRN-14401"/>
		<Property id="PROPERTY_4369" name="DEVICE_NAME" value="TA190-101::"/>
		<Property id="PROPERTY_4370" name="BDL_CoveringEndPoint" value="SH101"/>
		<Property id="PROPERTY_4371" name="TAPE_Thickness" value="0.1"/>
		<Property id="PROPERTY_4372" name="BDL_CoveringStartPoint" value="TK190"/>
		<Property id="PROPERTY_4373" name="HRN_FAMILY" value="14401"/>
		<Property id="PROPERTY_4374" name="COMP_TYPE" value="TAPE"/>
		<BranchRoute id="BRR_101">
			<StartBranchPosition id="BR_POS_454" branchId="BRANCH_c2-4e-0-4c0de4" branchNodeId="BN_21240-384" offset="0"/>
			<PassBranchId>BRANCH_c2-4e-0-4c0de4</PassBranchId>
			<PassBranchId>BRANCH_1a-4e-0-18e01d0</PassBranchId>
			<PassBranchId>BRANCH_c2-4e-0-4c10c8</PassBranchId>
			<EndBranchPosition id="BR_POS_455" branchId="BRANCH_c2-4e-0-4c10c8" branchNodeId="BN_22712-320" offset="0"/>
		</BranchRoute>
	</HarnessItem>
	<HarnessItem xsi:type="Protection" id="PROT_c2-1c-0-4bd3bd" name="TA616-N2MT16" compType="ESKU5T-1A303-AA(B10Y21)" symbolName="WIRETAPE" symbolCharacteristic="Overlap-horz" length="88">
		<AppRef name="E3.Series" version="2.14.0.0" guid="277f51e2-5790-4273-80cb-a49d329117b1"/>
		<Property id="PROPERTY_4375" name="TAPE_Width" value="20"/>
		<Property id="PROPERTY_4376" name="DESCRIPTION" value="TAPE-100C-BK-ADH_TEAR-MED_NOISE-LITTLE_WEAR"/>
		<Property id="PROPERTY_4377" name="BDL_BundleCoverLayer" value="10"/>
		<Property id="PROPERTY_4378" name="BDL_CoveringLength" value="138.0"/>
		<Property id="PROPERTY_4379" name="SYM_NAME" value="WIRETAPE¶Overlap-horz"/>
		<Property id="PROPERTY_4380" name="HRN_Level_Ref" value="ZA/ZB/ZC/ZD/ZE/ZF/ZG/ZH"/>
		<Property id="PROPERTY_4381" name="COLOR" value="BK"/>
		<Property id="PROPERTY_4382" name="SUB_PROJECT" value="HRN-14401"/>
		<Property id="PROPERTY_4383" name="DEVICE_NAME" value="TA616-N2MT16::"/>
		<Property id="PROPERTY_4384" name="BDL_CoveringEndPoint" value="N370"/>
		<Property id="PROPERTY_4385" name="TAPE_Thickness" value="0.1"/>
		<Property id="PROPERTY_4386" name="BDL_CoveringStartPoint" value="TK616"/>
		<Property id="PROPERTY_4387" name="HRN_FAMILY" value="14401"/>
		<Property id="PROPERTY_4388" name="COMP_TYPE" value="TAPE"/>
		<Option id="OPTION_c2-1c-0-4bd3bd_1" value="HT2AC"/>
		<BranchRoute id="BRR_102">
			<StartBranchPosition id="BR_POS_456" branchId="BRANCH_22-4e-0-2caf4b6" branchNodeId="BN_11056-360" offset="0"/>
			<PassBranchId>BRANCH_22-4e-0-2caf4b6</PassBranchId>
			<EndBranchPosition id="BR_POS_457" branchId="BRANCH_22-4e-0-2caf4b6" branchNodeId="BN_11056-272" offset="0"/>
		</BranchRoute>
	</HarnessItem>
	<HarnessItem xsi:type="Protection" id="PROT_2e-1c-0-5a8185" name="TA806" location="HRN-14401" compType="ESKU5T-1A303-AA(100Y00)" symbolName="WIRETAPE" symbolCharacteristic="SpotTape" rotation="270" length="0">
		<AppRef name="E3.Series" version="2.14.0.0" guid="63e37758-96ac-443e-9f85-657a038ff165"/>
		<Property id="PROPERTY_4389" name="TAPE_Width" value="20"/>
		<Property id="PROPERTY_4390" name="DESCRIPTION" value="TAPE-85C-BK-ADH_TEAR-NO_NOISE-NO_WEAR"/>
		<Property id="PROPERTY_4391" name="BDL_BundleCoverLayer" value="40"/>
		<Property id="PROPERTY_4392" name="BDL_CoveringLength" value="46.0"/>
		<Property id="PROPERTY_4393" name="SYM_NAME" value="WIRETAPE¶SpotTape"/>
		<Property id="PROPERTY_4394" name="HRN_Level_Ref" value="AA/AB/AC/AD/AE/AF/AG/AH/AJ/AK/AL/AM/AN/AP/AR/BA/BB/BC/BD/BE/BF/BG/BH/BJ/CA/CB/CC/CD/CE/DA/DB/DC/DD"/>
		<Property id="PROPERTY_4395" name="HRN_Level_Ref" value="HA/HB/HC/HD/TM/TP/TR/UA/UB/UC/UD/UE/UF/VA/XA/XB/XC/XD/XE/XF/XG/XH/XJ/XK/XL/XM/XN/XP/XR/XS/YA/YB/YC"/>
		<Property id="PROPERTY_4396" name="HRN_Level_Ref" value="YD/YE/YF/YG/YH/YJ/YK/YL/YM/YN/YP/YR/YS/YT/YU/YV/ZA/ZB/ZC/ZD/ZE/ZF/ZG/ZH"/>
		<Property id="PROPERTY_4397" name="COLOR" value="BK"/>
		<Property id="PROPERTY_4398" name="SUB_PROJECT" value="HRN-14401"/>
		<Property id="PROPERTY_4399" name="DEVICE_NAME" value="TA806:HRN-14401:"/>
		<Property id="PROPERTY_4400" name="BDL_CoveringEndPoint" value="TA806"/>
		<Property id="PROPERTY_4401" name="TAPE_Thickness" value="0.1"/>
		<Property id="PROPERTY_4402" name="BDL_CoveringStartPoint" value="TA806"/>
		<Property id="PROPERTY_4403" name="HRN_FAMILY" value="14401"/>
		<Property id="PROPERTY_4404" name="COMP_TYPE" value="TAPE"/>
		<BranchPosition id="BR_POS_458" branchId="BRANCH_ff-4e-0-9b280f" branchNodeId="BN_7584-268" offset="22.156953506398072"/>
	</HarnessItem>
	<HarnessItem xsi:type="Protection" id="PROT_31-1c-0-2b00ab" name="TA250OG" compType="ESKU5T-1A303-AA(B13Y21)" symbolName="WIRETAPE" symbolCharacteristic="Overlap-horz" length="5921.7510566017754">
		<AppRef name="E3.Series" version="2.14.0.0" guid="1db57162-8a5d-470a-8eff-bead42f7196a"/>
		<Property id="PROPERTY_4405" name="TAPE_Width" value="19"/>
		<Property id="PROPERTY_4406" name="DESCRIPTION" value="TAPE-100C-OG-ADH_YES_NOISE_MED-WR-LITTLE"/>
		<Property id="PROPERTY_4407" name="BDL_BundleCoverLayer" value="10"/>
		<Property id="PROPERTY_4408" name="BDL_CoveringLength" value="1125.0"/>
		<Property id="PROPERTY_4409" name="SYM_NAME" value="WIRETAPE¶Overlap-horz"/>
		<Property id="PROPERTY_4410" name="HRN_Level_Ref" value="AB/AC/AE/AG/AJ/AL/AN/AR/BB/BC/BE/BG/BH/BJ/CA/CB/CC/CD/CE/DA/DB/DC/DD/HA/HB/HC/HD/TM/TP/TR/UA/UB/UE"/>
		<Property id="PROPERTY_4411" name="HRN_Level_Ref" value="UF/VA/XB/XD/XF/XH/XJ/XK/XL/XM/XN/XP/XR/XS/YA/YB/YC/YD/YE/YF/YG/YH/YJ/YK/YL/YM/YN/YP/YR/YS/YT/YU/YV"/>
		<Property id="PROPERTY_4412" name="HRN_Level_Ref" value="ZA/ZB/ZC/ZD/ZE/ZF/ZG/ZH"/>
		<Property id="PROPERTY_4413" name="COLOR" value="OG"/>
		<Property id="PROPERTY_4414" name="SUB_PROJECT" value="HRN-14401"/>
		<Property id="PROPERTY_4415" name="DEVICE_NAME" value="TA250OG::"/>
		<Property id="PROPERTY_4416" name="BDL_CoveringEndPoint" value="TK290"/>
		<Property id="PROPERTY_4417" name="TAPE_Thickness" value="0.1"/>
		<Property id="PROPERTY_4418" name="BDL_CoveringStartPoint" value="N544"/>
		<Property id="PROPERTY_4419" name="HRN_FAMILY" value="14401"/>
		<Property id="PROPERTY_4420" name="COMP_TYPE" value="TAPE"/>
		<Option id="OPTION_31-1c-0-2b00ab_1" value="HUKAJ | HUKAK | HUKAL | HUKAM | HUKAN | HUKAQ|HUKAD|AAEAC"/>
		<BranchRoute id="BRR_103">
			<StartBranchPosition id="BR_POS_459" branchId="BRANCH_c2-4e-0-4c0d88" branchNodeId="BN_7038_25-150_156" offset="0"/>
			<PassBranchId>BRANCH_c2-4e-0-4c0d88</PassBranchId>
			<PassBranchId>BRANCH_c2-4e-0-4c109a</PassBranchId>
			<PassBranchId>BRANCH_c2-4e-0-4c0e16</PassBranchId>
			<PassBranchId>BRANCH_c2-4e-0-4c0fcb</PassBranchId>
			<EndBranchPosition id="BR_POS_460" branchId="BRANCH_c2-4e-0-4c0fcb" branchNodeId="BN_12720-392" offset="0"/>
		</BranchRoute>
	</HarnessItem>
	<HarnessItem xsi:type="Protection" id="PROT_44-1c-0-24fb326" name="TADP2R114A-114B" compType="ESKU5T-1A303-AA(B10Y21)" symbolName="WIRETAPE" symbolCharacteristic="Overlap-horz" length="72">
		<AppRef name="E3.Series" version="2.14.0.0" guid="7ea7b132-385a-40ae-b61f-ad2a54ea0ab2"/>
		<Property id="PROPERTY_4421" name="TAPE_Width" value="20"/>
		<Property id="PROPERTY_4422" name="DESCRIPTION" value="TAPE-100C-BK-ADH_TEAR-MED_NOISE-LITTLE_WEAR"/>
		<Property id="PROPERTY_4423" name="BDL_BundleCoverLayer" value="10"/>
		<Property id="PROPERTY_4424" name="BDL_CoveringLength" value="252.0"/>
		<Property id="PROPERTY_4425" name="SYM_NAME" value="WIRETAPE¶Overlap-horz"/>
		<Property id="PROPERTY_4426" name="HRN_Level_Ref" value="AA/AB/AC/AD/AE/AF/AG/AH/AJ/AK/AL/AM/AN/AP/AR/BA/BB/BC/BD/BE/BF/BG/BH/BJ/CA/CB/CC/CD/CE/DA/DB/DC/DD"/>
		<Property id="PROPERTY_4427" name="HRN_Level_Ref" value="HA/HB/HC/HD/TM/TP/TR/UA/UB/UC/UD/UE/UF/VA/XA/XB/XC/XD/XE/XF/XG/XH/XJ/XK/XL/XM/XN/XP/XR/XS/YA/YB/YC"/>
		<Property id="PROPERTY_4428" name="HRN_Level_Ref" value="YD/YE/YF/YG/YH/YJ/YK/YL/YM/YN/YP/YR/YS/YT/YU/YV/ZA/ZB/ZC/ZD/ZE/ZF/ZG/ZH"/>
		<Property id="PROPERTY_4429" name="COLOR" value="BK"/>
		<Property id="PROPERTY_4430" name="SUB_PROJECT" value="HRN-14401"/>
		<Property id="PROPERTY_4431" name="DEVICE_NAME" value="TADP2R114A-114B::"/>
		<Property id="PROPERTY_4432" name="BDL_CoveringEndPoint" value="DP2R114-B"/>
		<Property id="PROPERTY_4433" name="TAPE_Thickness" value="0.1"/>
		<Property id="PROPERTY_4434" name="BDL_CoveringStartPoint" value="DP2R114-A"/>
		<Property id="PROPERTY_4435" name="HRN_FAMILY" value="14401"/>
		<Property id="PROPERTY_4436" name="COMP_TYPE" value="TAPE"/>
		<BranchRoute id="BRR_104">
			<StartBranchPosition id="BR_POS_461" branchId="BRANCH_c2-4e-0-4c0dfd" branchNodeId="BN_17896-336" offset="0"/>
			<PassBranchId>BRANCH_c2-4e-0-4c0dfd</PassBranchId>
			<EndBranchPosition id="BR_POS_462" branchId="BRANCH_c2-4e-0-4c0dfd" branchNodeId="BN_17896-264" offset="0"/>
		</BranchRoute>
	</HarnessItem>
	<HarnessItem xsi:type="Protection" id="PROT_44-1c-0-2503bbe" name="TA150_130" compType="ESKU5T-1A303-AA(A10Y00)" symbolName="WIRETAPE" symbolCharacteristic="Spiral-horz" length="365.49642022151818">
		<AppRef name="E3.Series" version="2.14.0.0" guid="b43116ab-1af8-4882-9a46-64f27519922d"/>
		<Property id="PROPERTY_4437" name="TAPE_Width" value="20"/>
		<Property id="PROPERTY_4438" name="DESCRIPTION" value="TAPE-85C-BK-ADH_TEAR-NO_NOISE-NO_WEAR"/>
		<Property id="PROPERTY_4439" name="BDL_BundleCoverLayer" value="10"/>
		<Property id="PROPERTY_4440" name="BDL_CoveringLength" value="997.0"/>
		<Property id="PROPERTY_4441" name="SYM_NAME" value="WIRETAPE¶Spiral-horz"/>
		<Property id="PROPERTY_4442" name="HRN_Level_Ref" value="AA/AB/AC/AD/AE/AF/AG/AH/AJ/AK/AL/AM/AN/AP/AR/BA/BB/BC/BD/BE/BF/BG/BH/BJ/CA/CB/CC/CD/CE/DA/DB/DC/DD"/>
		<Property id="PROPERTY_4443" name="HRN_Level_Ref" value="HA/HB/HC/HD/TM/TP/TR/UA/UB/UC/UD/UE/UF/VA/XA/XB/XC/XD/XE/XF/XG/XH/XJ/XK/XL/XM/XN/XP/XR/XS/YA/YB/YC"/>
		<Property id="PROPERTY_4444" name="HRN_Level_Ref" value="YD/YE/YF/YG/YH/YJ/YK/YL/YM/YN/YP/YR/YS/YT/YU/YV/ZA/ZB/ZC/ZD/ZE/ZF/ZG/ZH"/>
		<Property id="PROPERTY_4445" name="COLOR" value="BK"/>
		<Property id="PROPERTY_4446" name="SUB_PROJECT" value="HRN-14401"/>
		<Property id="PROPERTY_4447" name="DEVICE_NAME" value="TA150_130::"/>
		<Property id="PROPERTY_4448" name="BDL_CoveringEndPoint" value="TK130"/>
		<Property id="PROPERTY_4449" name="TAPE_Thickness" value="0.1"/>
		<Property id="PROPERTY_4450" name="BDL_CoveringStartPoint" value="TK150"/>
		<Property id="PROPERTY_4451" name="HRN_FAMILY" value="14401"/>
		<Property id="PROPERTY_4452" name="COMP_TYPE" value="TAPE"/>
		<BranchRoute id="BRR_105">
			<StartBranchPosition id="BR_POS_463" branchId="BRANCH_c2-4e-0-4c0e7f" branchNodeId="BN_23104-184" offset="0"/>
			<PassBranchId>BRANCH_c2-4e-0-4c0e7f</PassBranchId>
			<PassBranchId>BRANCH_c2-4e-0-4c0e8c</PassBranchId>
			<PassBranchId>BRANCH_c2-4e-0-4c0e87</PassBranchId>
			<EndBranchPosition id="BR_POS_464" branchId="BRANCH_c2-4e-0-4c0e87" branchNodeId="BN_22840-304" offset="0"/>
		</BranchRoute>
	</HarnessItem>
	<HarnessItem xsi:type="Protection" id="PROT_44-1c-0-250a4ea" name="TA190_608" compType="ESKU5T-1A303-AA(A10Y00)" symbolName="WIRETAPE" symbolCharacteristic="Spiral-horz" length="123.62765458156895">
		<AppRef name="E3.Series" version="2.14.0.0" guid="0012d434-4200-464c-8dfe-4469ece567a2"/>
		<Property id="PROPERTY_4453" name="TAPE_Width" value="20"/>
		<Property id="PROPERTY_4454" name="DESCRIPTION" value="TAPE-85C-BK-ADH_TEAR-NO_NOISE-NO_WEAR"/>
		<Property id="PROPERTY_4455" name="BDL_BundleCoverLayer" value="10"/>
		<Property id="PROPERTY_4456" name="BDL_CoveringLength" value="557.0"/>
		<Property id="PROPERTY_4457" name="SYM_NAME" value="WIRETAPE¶Spiral-horz"/>
		<Property id="PROPERTY_4458" name="HRN_Level_Ref" value="AA/AB/AC/AD/AE/AF/AG/AH/AJ/AK/AL/AM/AN/AP/AR/BA/BB/BC/BD/BE/BF/BG/BH/BJ/CA/CB/CC/CD/CE/DA/DB/DC/DD"/>
		<Property id="PROPERTY_4459" name="HRN_Level_Ref" value="HA/HB/HC/HD/TM/TP/TR/UA/UB/UC/UD/UE/UF/VA/XA/XB/XC/XD/XE/XF/XG/XH/XJ/XK/XL/XM/XN/XP/XR/XS/YA/YB/YC"/>
		<Property id="PROPERTY_4460" name="HRN_Level_Ref" value="YD/YE/YF/YG/YH/YJ/YK/YL/YM/YN/YP/YR/YS/YT/YU/YV/ZA/ZB/ZC/ZD/ZE/ZF/ZG/ZH"/>
		<Property id="PROPERTY_4461" name="COLOR" value="BK"/>
		<Property id="PROPERTY_4462" name="SUB_PROJECT" value="HRN-14401"/>
		<Property id="PROPERTY_4463" name="DEVICE_NAME" value="TA190_608::"/>
		<Property id="PROPERTY_4464" name="BDL_CoveringEndPoint" value="TK608"/>
		<Property id="PROPERTY_4465" name="TAPE_Thickness" value="0.1"/>
		<Property id="PROPERTY_4466" name="BDL_CoveringStartPoint" value="TK190"/>
		<Property id="PROPERTY_4467" name="HRN_FAMILY" value="14401"/>
		<Property id="PROPERTY_4468" name="COMP_TYPE" value="TAPE"/>
		<BranchRoute id="BRR_106">
			<StartBranchPosition id="BR_POS_465" branchId="BRANCH_c2-4e-0-4c106f" branchNodeId="BN_21216-264" offset="0"/>
			<PassBranchId>BRANCH_c2-4e-0-4c106f</PassBranchId>
			<PassBranchId>BRANCH_c2-4e-0-4c1075</PassBranchId>
			<EndBranchPosition id="BR_POS_466" branchId="BRANCH_c2-4e-0-4c1075" branchNodeId="BN_21240-384" offset="0"/>
		</BranchRoute>
	</HarnessItem>
	<HarnessItem xsi:type="Protection" id="PROT_44-1c-0-2517209" name="TA604_607" compType="ESKU5T-1A303-AA(A10Y00)" symbolName="WIRETAPE" symbolCharacteristic="Spiral-horz" length="432.74999030492279">
		<AppRef name="E3.Series" version="2.14.0.0" guid="2f65fedb-cbc8-47cb-9afa-3a6bf4e31073"/>
		<Property id="PROPERTY_4469" name="TAPE_Width" value="20"/>
		<Property id="PROPERTY_4470" name="DESCRIPTION" value="TAPE-85C-BK-ADH_TEAR-NO_NOISE-NO_WEAR"/>
		<Property id="PROPERTY_4471" name="BDL_BundleCoverLayer" value="10"/>
		<Property id="PROPERTY_4472" name="BDL_CoveringLength" value="1068.0"/>
		<Property id="PROPERTY_4473" name="SYM_NAME" value="WIRETAPE¶Spiral-horz"/>
		<Property id="PROPERTY_4474" name="HRN_Level_Ref" value="AA/AB/AC/AD/AE/AF/AG/AH/AJ/AK/AL/AM/AN/AP/AR/BA/BB/BC/BD/BE/BF/BG/BH/BJ/CA/CB/CC/CD/CE/DA/DB/DC/DD"/>
		<Property id="PROPERTY_4475" name="HRN_Level_Ref" value="HA/HB/HC/HD/TM/TP/TR/UA/UB/UC/UD/UE/UF/VA/XA/XB/XC/XD/XE/XF/XG/XH/XJ/XK/XL/XM/XN/XP/XR/XS/YA/YB/YC"/>
		<Property id="PROPERTY_4476" name="HRN_Level_Ref" value="YD/YE/YF/YG/YH/YJ/YK/YL/YM/YN/YP/YR/YS/YT/YU/YV/ZA/ZB/ZC/ZD/ZE/ZF/ZG/ZH"/>
		<Property id="PROPERTY_4477" name="COLOR" value="BK"/>
		<Property id="PROPERTY_4478" name="SUB_PROJECT" value="HRN-14401"/>
		<Property id="PROPERTY_4479" name="DEVICE_NAME" value="TA604_607::"/>
		<Property id="PROPERTY_4480" name="BDL_CoveringEndPoint" value="TK607"/>
		<Property id="PROPERTY_4481" name="TAPE_Thickness" value="0.1"/>
		<Property id="PROPERTY_4482" name="BDL_CoveringStartPoint" value="TK604"/>
		<Property id="PROPERTY_4483" name="HRN_FAMILY" value="14401"/>
		<Property id="PROPERTY_4484" name="COMP_TYPE" value="TAPE"/>
		<BranchRoute id="BRR_107">
			<StartBranchPosition id="BR_POS_467" branchId="BRANCH_c2-4e-0-4c0fc8" branchNodeId="BN_7014_25-158_156" offset="0"/>
			<PassBranchId>BRANCH_c2-4e-0-4c0fc8</PassBranchId>
			<PassBranchId>BRANCH_c2-4e-0-4c10c0</PassBranchId>
			<PassBranchId>BRANCH_35-4e-0-2efaf8</PassBranchId>
			<PassBranchId>BRANCH_c2-4e-0-4c0d1d</PassBranchId>
			<PassBranchId>BRANCH_c2-4e-0-4c0fce</PassBranchId>
			<PassBranchId>BRANCH_c2-4e-0-4c0fc5</PassBranchId>
			<PassBranchId>BRANCH_c2-4e-0-4c10e7</PassBranchId>
			<PassBranchId>BRANCH_c2-4e-0-4c1021</PassBranchId>
			<EndBranchPosition id="BR_POS_468" branchId="BRANCH_c2-4e-0-4c1021" branchNodeId="BN_6610_25-134_156" offset="0"/>
		</BranchRoute>
	</HarnessItem>
	<HarnessItem xsi:type="Protection" id="PROT_c2-1c-0-4bd714" name="TA_RT310-RT320" location="HRN-14401" compType="ESKU5T-1A303-AA(B10Y21)" symbolName="WIRETAPE" symbolCharacteristic="Spiral-horz" length="374.80991552643104">
		<AppRef name="E3.Series" version="2.14.0.0" guid="ec729bf0-7b27-47d2-93ce-03f922fec27f"/>
		<Property id="PROPERTY_2880" name="TAPE_Width" value="20"/>
		<Property id="PROPERTY_2881" name="DESCRIPTION" value="TAPE-100C-BK-ADH_TEAR-MED_NOISE-LITTLE_WEAR"/>
		<Property id="PROPERTY_2882" name="BDL_BundleCoverLayer" value="10"/>
		<Property id="PROPERTY_2883" name="BDL_CoveringLength" value="379.0"/>
		<Property id="PROPERTY_2884" name="SYM_NAME" value="WIRETAPE¶Spiral-horz"/>
		<Property id="PROPERTY_2885" name="HRN_Level_Ref" value="AA/AB/AC/AD/AE/AF/AG/AH/AJ/AK/AL/AM/AN/AP/AR/BA/BB/BC/BD/BE/BF/BG/BH/BJ/CA/CB/CC/CD/CE/DA/DB/DC/DD"/>
		<Property id="PROPERTY_2886" name="HRN_Level_Ref" value="HA/HB/HC/HD/TM/TP/TR/UA/UB/UC/UD/UE/UF/VA/XA/XB/XC/XD/XE/XF/XG/XH/XJ/XK/XL/XM/XN/XP/XR/XS/YA/YB/YC"/>
		<Property id="PROPERTY_2887" name="HRN_Level_Ref" value="YD/YE/YF/YG/YH/YJ/YK/YL/YM/YN/YP/YR/YS/YT/YU/YV/ZA/ZB/ZC/ZD/ZE/ZF/ZG/ZH"/>
		<Property id="PROPERTY_2888" name="COLOR" value="BK"/>
		<Property id="PROPERTY_2889" name="SUB_PROJECT" value="HRN-14401"/>
		<Property id="PROPERTY_2890" name="DEVICE_NAME" value="TA_RT310-RT320:HRN-14401:"/>
		<Property id="PROPERTY_2891" name="BDL_CoveringEndPoint" value="RT310"/>
		<Property id="PROPERTY_2892" name="TAPE_Thickness" value="0.1"/>
		<Property id="PROPERTY_2893" name="BDL_CoveringStartPoint" value="RT320"/>
		<Property id="PROPERTY_2894" name="HRN_FAMILY" value="14401"/>
		<Property id="PROPERTY_2895" name="COMP_TYPE" value="TAPE"/>
		<BranchRoute id="BRR_6">
			<StartBranchPosition id="BR_POS_263" branchId="BRANCH_35-4e-0-350133" branchNodeId="BN_11744-320" offset="0"/>
			<PassBranchId>BRANCH_35-4e-0-350133</PassBranchId>
			<PassBranchId>BRANCH_c2-4e-0-4c0f7a</PassBranchId>
			<PassBranchId>BRANCH_c2-4e-0-4c10a4</PassBranchId>
			<EndBranchPosition id="BR_POS_264" branchId="BRANCH_c2-4e-0-4c10a4" branchNodeId="BN_11558_25-358_156" offset="0"/>
		</BranchRoute>
	</HarnessItem>
	<HarnessItem xsi:type="Protection" id="PROT_c2-1c-0-4bd24c" name="TA_N2MM01F-F2" compType="ESKU5T-1A303-AA(B10Y21)" symbolName="WIRETAPE" symbolCharacteristic="Overlap-horz" length="88">
		<AppRef name="E3.Series" version="2.14.0.0" guid="2e1be21a-c6f9-4c6e-a364-1ab095b7e21f"/>
		<Property id="PROPERTY_4485" name="TAPE_Width" value="20"/>
		<Property id="PROPERTY_4486" name="DESCRIPTION" value="TAPE-100C-BK-ADH_TEAR-MED_NOISE-LITTLE_WEAR"/>
		<Property id="PROPERTY_4487" name="BDL_BundleCoverLayer" value="10"/>
		<Property id="PROPERTY_4488" name="BDL_CoveringLength" value="132.0"/>
		<Property id="PROPERTY_4489" name="SYM_NAME" value="WIRETAPE¶Overlap-horz"/>
		<Property id="PROPERTY_4490" name="HRN_Level_Ref" value="AA/AB/AC/AD/AE/AF/AG/AH/AJ/AK/AL/AM/AN/AP/AR/BA/BB/BC/BD/BE/BF/BG/BH/BJ/CA/CB/CC/CD/CE/DA/DB/DC/DD"/>
		<Property id="PROPERTY_4491" name="HRN_Level_Ref" value="HA/HB/HC/HD/TM/TP/TR/UA/UB/UC/UD/UE/UF/XA/XB/XC/XD/XE/XF/XG/XH/XJ/XK/XL/XM/XN/XP/XR/XS/YA/YB/YC/YD"/>
		<Property id="PROPERTY_4492" name="HRN_Level_Ref" value="YE/YF/YG/YH/YJ/YK/YL/YM/YN/YP/YR/YS/YT/YU/YV/ZA/ZB/ZC/ZD/ZE/ZF/ZG/ZH"/>
		<Property id="PROPERTY_4493" name="COLOR" value="BK"/>
		<Property id="PROPERTY_4494" name="SUB_PROJECT" value="HRN-14401"/>
		<Property id="PROPERTY_4495" name="DEVICE_NAME" value="TA_N2MM01F-F2::"/>
		<Property id="PROPERTY_4496" name="BDL_CoveringEndPoint" value="N2MM01F"/>
		<Property id="PROPERTY_4497" name="TAPE_Thickness" value="0.1"/>
		<Property id="PROPERTY_4498" name="BDL_CoveringStartPoint" value="N2MM01-F2"/>
		<Property id="PROPERTY_4499" name="HRN_FAMILY" value="14401"/>
		<Property id="PROPERTY_4500" name="COMP_TYPE" value="TAPE"/>
		<Option id="OPTION_c2-1c-0-4bd24c_1" value="IEVAQ | IEVAR"/>
		<BranchRoute id="BRR_108">
			<StartBranchPosition id="BR_POS_469" branchId="BRANCH_c2-4e-0-4c0cf9" branchNodeId="BN_17720-304" offset="0"/>
			<PassBranchId>BRANCH_c2-4e-0-4c0cf9</PassBranchId>
			<EndBranchPosition id="BR_POS_470" branchId="BRANCH_c2-4e-0-4c0cf9" branchNodeId="BN_17632-304" offset="0"/>
		</BranchRoute>
	</HarnessItem>
	<HarnessItem xsi:type="Protection" id="PROT_6a-1c-0-239ebc" name="TA_R543-N2RC04-EVA" compType="ESKU5T-1A303-AA(B10Y21)" symbolName="WIRETAPE" symbolCharacteristic="Overlap-horz" length="216">
		<AppRef name="E3.Series" version="2.14.0.0" guid="5327c8dd-52b4-4d35-8f15-ed32a2291107"/>
		<Property id="PROPERTY_4501" name="TAPE_Width" value="20"/>
		<Property id="PROPERTY_4502" name="DESCRIPTION" value="TAPE-100C-BK-ADH_TEAR-MED_NOISE-LITTLE_WEAR"/>
		<Property id="PROPERTY_4503" name="BDL_BundleCoverLayer" value="10"/>
		<Property id="PROPERTY_4504" name="BDL_CoveringLength" value="184.0"/>
		<Property id="PROPERTY_4505" name="SYM_NAME" value="WIRETAPE¶Overlap-horz"/>
		<Property id="PROPERTY_4506" name="HRN_Level_Ref" value="ZA/ZB/ZC"/>
		<Property id="PROPERTY_4507" name="COLOR" value="BK"/>
		<Property id="PROPERTY_4508" name="SUB_PROJECT" value="HRN-14401"/>
		<Property id="PROPERTY_4509" name="DEVICE_NAME" value="TA_R543-N2RC04-EVA::"/>
		<Property id="PROPERTY_4510" name="BDL_CoveringEndPoint" value="N2RC04-EVA"/>
		<Property id="PROPERTY_4511" name="TAPE_Thickness" value="0.1"/>
		<Property id="PROPERTY_4512" name="BDL_CoveringStartPoint" value="RT543"/>
		<Property id="PROPERTY_4513" name="HRN_FAMILY" value="14401"/>
		<Property id="PROPERTY_4514" name="COMP_TYPE" value="TAPE"/>
		<Option id="OPTION_6a-1c-0-239ebc_1" value="HLNAF | HNSAD"/>
		<BranchRoute id="BRR_109">
			<StartBranchPosition id="BR_POS_471" branchId="BRANCH_34-4e-0-886fc4" branchNodeId="BN_11696-40" offset="0"/>
			<PassBranchId>BRANCH_34-4e-0-886fc4</PassBranchId>
			<EndBranchPosition id="BR_POS_472" branchId="BRANCH_34-4e-0-886fc4" branchNodeId="BN_11840-112" offset="0"/>
		</BranchRoute>
	</HarnessItem>
	<HarnessItem xsi:type="Protection" id="PROT_d7-1c-0-745e05" name="TA_C2RC01EVB" compType="ESKU5T-1A303-AA(B10Y21)" symbolName="WIRETAPE" symbolCharacteristic="Overlap-horz" length="532.844410203712">
		<AppRef name="E3.Series" version="2.14.0.0" guid="1db95a1b-908b-4dfd-b469-7f61010aa8e9"/>
		<Property id="PROPERTY_4515" name="TAPE_Width" value="20"/>
		<Property id="PROPERTY_4516" name="DESCRIPTION" value="TAPE-100C-BK-ADH_TEAR-MED_NOISE-LITTLE_WEAR"/>
		<Property id="PROPERTY_4517" name="BDL_BundleCoverLayer" value="10"/>
		<Property id="PROPERTY_4518" name="BDL_CoveringLength" value="178.0"/>
		<Property id="PROPERTY_4519" name="SYM_NAME" value="WIRETAPE¶Overlap-horz"/>
		<Property id="PROPERTY_4520" name="HRN_Level_Ref" value="AA/AB/AC/AD/AE/AF/AG/AH/AJ/AK/AL/AM/AN/AP/AR/BA/BB/BC/BD/BE/BF/BG/BH/BJ/CA/CB/CC/CD/CE/DA/DB/DC/DD"/>
		<Property id="PROPERTY_4521" name="HRN_Level_Ref" value="HA/HB/HC/HD/TM/TP/TR/UA/UB/UC/UD/UE/UF/VA/XA/XB/XC/XD/XE/XF/XG/XH/XJ/XK/XL/XM/XN/XP/XR/XS/YA/YB/YC"/>
		<Property id="PROPERTY_4522" name="HRN_Level_Ref" value="YD/YE/YF/YG/YH/YJ/YK/YL/YM/YN/YP/YR/YS/YT/YU/YV/ZA/ZB/ZC/ZD/ZE/ZF/ZG/ZH"/>
		<Property id="PROPERTY_4523" name="COLOR" value="BK"/>
		<Property id="PROPERTY_4524" name="SUB_PROJECT" value="HRN-14401"/>
		<Property id="PROPERTY_4525" name="DEVICE_NAME" value="TA_C2RC01EVB::"/>
		<Property id="PROPERTY_4526" name="BDL_CoveringEndPoint" value="N172"/>
		<Property id="PROPERTY_4527" name="TAPE_Thickness" value="0.1"/>
		<Property id="PROPERTY_4528" name="BDL_CoveringStartPoint" value="N2RC01-A2"/>
		<Property id="PROPERTY_4529" name="HRN_FAMILY" value="14401"/>
		<Property id="PROPERTY_4530" name="COMP_TYPE" value="TAPE"/>
		<BranchRoute id="BRR_110">
			<StartBranchPosition id="BR_POS_473" branchId="BRANCH_34-4e-0-8895a2" branchNodeId="BN_20664-280" offset="0"/>
			<PassBranchId>BRANCH_34-4e-0-8895a2</PassBranchId>
			<EndBranchPosition id="BR_POS_474" branchId="BRANCH_34-4e-0-8895a2" branchNodeId="BN_21152-224" offset="0"/>
		</BranchRoute>
	</HarnessItem>
	<HarnessItem xsi:type="Protection" id="PROT_c2-1c-0-4bcd5b" name="TA390-2ME03J6" compType="ESKU5T-1A303-AA(B10Y21)" symbolName="WIRETAPE" symbolCharacteristic="Overlap-horz" length="51">
		<AppRef name="E3.Series" version="2.14.0.0" guid="a3532976-e216-4518-bac3-5aff1254dfd4"/>
		<Property id="PROPERTY_4531" name="TAPE_Width" value="20"/>
		<Property id="PROPERTY_4532" name="DESCRIPTION" value="TAPE-100C-BK-ADH_TEAR-MED_NOISE-LITTLE_WEAR"/>
		<Property id="PROPERTY_4533" name="BDL_BundleCoverLayer" value="10"/>
		<Property id="PROPERTY_4534" name="BDL_CoveringLength" value="112.0"/>
		<Property id="PROPERTY_4535" name="SYM_NAME" value="WIRETAPE¶Overlap-horz"/>
		<Property id="PROPERTY_4536" name="HRN_Level_Ref" value="AK/AL/AP/AR/BJ/CC/CD/DA/DB/DC/DD/HA/HB/HC/HD/TM/TP/TR/XM/XN/XP/XR/YD/YH/YL/YM/YN/YP/YS/YT/YV/ZA/ZB"/>
		<Property id="PROPERTY_4537" name="HRN_Level_Ref" value="ZC/ZF"/>
		<Property id="PROPERTY_4538" name="COLOR" value="BK"/>
		<Property id="PROPERTY_4539" name="SUB_PROJECT" value="HRN-14401"/>
		<Property id="PROPERTY_4540" name="DEVICE_NAME" value="TA390-2ME03J6::"/>
		<Property id="PROPERTY_4541" name="BDL_CoveringEndPoint" value="N2ME17"/>
		<Property id="PROPERTY_4542" name="TAPE_Thickness" value="0.1"/>
		<Property id="PROPERTY_4543" name="BDL_CoveringStartPoint" value="TK390"/>
		<Property id="PROPERTY_4544" name="HRN_FAMILY" value="14401"/>
		<Property id="PROPERTY_4545" name="COMP_TYPE" value="TAPE"/>
		<Option id="OPTION_c2-1c-0-4bcd5b_1" value="(IDBAF | IDBBQ) &amp; (IEVAQ | IEVAR)"/>
		<BranchRoute id="BRR_111">
			<StartBranchPosition id="BR_POS_475" branchId="BRANCH_c2-4e-0-4c0ee4" branchNodeId="BN_11136-308" offset="0"/>
			<PassBranchId>BRANCH_c2-4e-0-4c0ee4</PassBranchId>
			<EndBranchPosition id="BR_POS_476" branchId="BRANCH_c2-4e-0-4c0ee4" branchNodeId="BN_11136-359" offset="0"/>
		</BranchRoute>
	</HarnessItem>
	<HarnessItem xsi:type="Protection" id="PROT_34-1c-0-7c3179" name="TA545-N547" compType="ESKU5T-1A303-AA(B10Y21)" symbolName="WIRETAPE" symbolCharacteristic="Overlap-horz" length="256">
		<AppRef name="E3.Series" version="2.14.0.0" guid="6168b2ea-9b39-44d3-b0a4-3cc37ff2bc25"/>
		<Property id="PROPERTY_4546" name="TAPE_Width" value="20"/>
		<Property id="PROPERTY_4547" name="DESCRIPTION" value="TAPE-100C-BK-ADH_TEAR-MED_NOISE-LITTLE_WEAR"/>
		<Property id="PROPERTY_4548" name="BDL_BundleCoverLayer" value="10"/>
		<Property id="PROPERTY_4549" name="BDL_CoveringLength" value="220.0"/>
		<Property id="PROPERTY_4550" name="SYM_NAME" value="WIRETAPE¶Overlap-horz"/>
		<Property id="PROPERTY_4551" name="HRN_Level_Ref" value="AA/AB/AD/AE/AF/AG/AH/AJ/AK/AL/AM/AN/AP/AR/BA/BB/BD/BE/BF/BG/BH/BJ/CA/CB/CC/CD/CE/DA/DB/DC/DD/HA/HB"/>
		<Property id="PROPERTY_4552" name="HRN_Level_Ref" value="HC/HD/UA/UB/UC/UD/UE/UF/VA/XA/XB/XC/XD/XE/XF/XG/XH/XJ/XK/XL/XM/XN/XP/XR/XS"/>
		<Property id="PROPERTY_4553" name="COLOR" value="BK"/>
		<Property id="PROPERTY_4554" name="SUB_PROJECT" value="HRN-14401"/>
		<Property id="PROPERTY_4555" name="DEVICE_NAME" value="TA545-N547::"/>
		<Property id="PROPERTY_4556" name="BDL_CoveringEndPoint" value="N547"/>
		<Property id="PROPERTY_4557" name="TAPE_Thickness" value="0.1"/>
		<Property id="PROPERTY_4558" name="BDL_CoveringStartPoint" value="N545"/>
		<Property id="PROPERTY_4559" name="HRN_FAMILY" value="14401"/>
		<Property id="PROPERTY_4560" name="COMP_TYPE" value="TAPE"/>
		<Option id="OPTION_34-1c-0-7c3179_1" value="EN_BM"/>
		<BranchRoute id="BRR_112">
			<StartBranchPosition id="BR_POS_477" branchId="BRANCH_da-4e-0-320d5e" branchNodeId="BN_9872-48" offset="0"/>
			<PassBranchId>BRANCH_da-4e-0-320d5e</PassBranchId>
			<PassBranchId>BRANCH_da-4e-0-322c56</PassBranchId>
			<EndBranchPosition id="BR_POS_478" branchId="BRANCH_da-4e-0-322c56" branchNodeId="BN_10128-48" offset="0"/>
		</BranchRoute>
	</HarnessItem>
	<HarnessItem xsi:type="Protection" id="PROT_c2-1c-0-4bd26f" name="TA450-2MM01E" compType="ESKU5T-1A303-AA(B10Y21)" symbolName="WIRETAPE" symbolCharacteristic="Overlap-horz" length="155.3319027115808">
		<AppRef name="E3.Series" version="2.14.0.0" guid="2b49e99c-a24b-42a1-8617-4e1f192fec74"/>
		<Property id="PROPERTY_4561" name="TAPE_Width" value="20"/>
		<Property id="PROPERTY_4562" name="DESCRIPTION" value="TAPE-100C-BK-ADH_TEAR-MED_NOISE-LITTLE_WEAR"/>
		<Property id="PROPERTY_4563" name="BDL_BundleCoverLayer" value="10"/>
		<Property id="PROPERTY_4564" name="BDL_CoveringLength" value="144.0"/>
		<Property id="PROPERTY_4565" name="SYM_NAME" value="WIRETAPE¶Overlap-horz"/>
		<Property id="PROPERTY_4566" name="HRN_Level_Ref" value="AH/AJ/AK/AL/AM/AN/AP/AR/BH/BJ/CB/CC/CD/CE/DA/DB/DC/DD/HA/HB/HC/HD/TM/TP/TR/XJ/XL/XM/XN/XP/XR/XS/YC"/>
		<Property id="PROPERTY_4567" name="HRN_Level_Ref" value="YD/YG/YH/YK/YL/YM/YN/YP/YR/YS/YT/YU/YV/ZA/ZB/ZC/ZD/ZE/ZF/ZG/ZH"/>
		<Property id="PROPERTY_4568" name="COLOR" value="BK"/>
		<Property id="PROPERTY_4569" name="SUB_PROJECT" value="HRN-14401"/>
		<Property id="PROPERTY_4570" name="DEVICE_NAME" value="TA450-2MM01E::"/>
		<Property id="PROPERTY_4571" name="BDL_CoveringEndPoint" value="N2MM01E"/>
		<Property id="PROPERTY_4572" name="TAPE_Thickness" value="0.1"/>
		<Property id="PROPERTY_4573" name="BDL_CoveringStartPoint" value="TK450"/>
		<Property id="PROPERTY_4574" name="HRN_FAMILY" value="14401"/>
		<Property id="PROPERTY_4575" name="COMP_TYPE" value="TAPE"/>
		<Option id="OPTION_c2-1c-0-4bd26f_1" value="( IEVAQ | IEVAR ) &amp; ( HJGAX | HJGAY )"/>
		<BranchRoute id="BRR_113">
			<StartBranchPosition id="BR_POS_479" branchId="BRANCH_c2-4e-0-4c0d01" branchNodeId="BN_8520-376" offset="0"/>
			<PassBranchId>BRANCH_c2-4e-0-4c0d01</PassBranchId>
			<EndBranchPosition id="BR_POS_480" branchId="BRANCH_c2-4e-0-4c0d01" branchNodeId="BN_8672-344" offset="0"/>
		</BranchRoute>
	</HarnessItem>
	<HarnessItem xsi:type="Protection" id="PROT_c2-1c-0-4bccd2" name="TA300-2MC01B" compType="ESKU5T-1A303-AA(B10Y21)" symbolName="WIRETAPE" symbolCharacteristic="Overlap-horz" length="86.058255804538845">
		<AppRef name="E3.Series" version="2.14.0.0" guid="7930def3-4d2e-48ad-b7b3-3c4fcc3e577c"/>
		<Property id="PROPERTY_4576" name="TAPE_Width" value="20"/>
		<Property id="PROPERTY_4577" name="DESCRIPTION" value="TAPE-100C-BK-ADH_TEAR-MED_NOISE-LITTLE_WEAR"/>
		<Property id="PROPERTY_4578" name="BDL_BundleCoverLayer" value="10"/>
		<Property id="PROPERTY_4579" name="BDL_CoveringLength" value="247.0"/>
		<Property id="PROPERTY_4580" name="SYM_NAME" value="WIRETAPE¶Overlap-horz"/>
		<Property id="PROPERTY_4581" name="HRN_Level_Ref" value="AA/AB/AC/AD/AE/AF/AG/AH/AJ/AK/AL/AM/AN/AP/AR/BA/BB/BC/BD/BE/BF/BG/BH/BJ/CA/CB/CC/CD/CE/DA/DB/DC/DD"/>
		<Property id="PROPERTY_4582" name="HRN_Level_Ref" value="HA/HB/HC/HD/TM/TP/TR/UA/UB/UC/UD/UE/UF/VA/XA/XB/XC/XD/XE/XF/XG/XH/XJ/XK/XL/XM/XN/XP/XR/XS/YA/YB/YC"/>
		<Property id="PROPERTY_4583" name="HRN_Level_Ref" value="YD/YE/YF/YG/YH/YJ/YK/YL/YM/YN/YP/YR/YS/YT/YU/YV/ZA/ZB/ZC/ZD/ZE/ZF/ZG/ZH"/>
		<Property id="PROPERTY_4584" name="COLOR" value="BK"/>
		<Property id="PROPERTY_4585" name="SUB_PROJECT" value="HRN-14401"/>
		<Property id="PROPERTY_4586" name="DEVICE_NAME" value="TA300-2MC01B::"/>
		<Property id="PROPERTY_4587" name="BDL_CoveringEndPoint" value="TK617"/>
		<Property id="PROPERTY_4588" name="TAPE_Thickness" value="0.1"/>
		<Property id="PROPERTY_4589" name="BDL_CoveringStartPoint" value="TK300"/>
		<Property id="PROPERTY_4590" name="HRN_FAMILY" value="14401"/>
		<Property id="PROPERTY_4591" name="COMP_TYPE" value="TAPE"/>
		<BranchRoute id="BRR_114">
			<StartBranchPosition id="BR_POS_481" branchId="BRANCH_44-4e-0-255d041" branchNodeId="BN_7807_9-350_058" offset="0"/>
			<PassBranchId>BRANCH_44-4e-0-255d041</PassBranchId>
			<EndBranchPosition id="BR_POS_482" branchId="BRANCH_44-4e-0-255d041" branchNodeId="BN_7808-264" offset="0"/>
		</BranchRoute>
	</HarnessItem>
	<HarnessItem xsi:type="Protection" id="PROT_da-1c-0-3f8699" name="TA220-SH207" compType="ESKU5T-1A303-AA(C10N44)" symbolName="WIRETAPE" symbolCharacteristic="Overlap-horz" length="398.28629217053196">
		<AppRef name="E3.Series" version="2.14.0.0" guid="09f66186-74c4-4628-99e8-3239349d2a8a"/>
		<Property id="PROPERTY_4592" name="TAPE_Width" value="20"/>
		<Property id="PROPERTY_4593" name="DESCRIPTION" value="TAPE-125C-BK-ADH_NON-TEAR-V_HIGH_NOISE-V_HIGH_WEAR"/>
		<Property id="PROPERTY_4594" name="BDL_BundleCoverLayer" value="10"/>
		<Property id="PROPERTY_4595" name="BDL_CoveringLength" value="1113.0"/>
		<Property id="PROPERTY_4596" name="SYM_NAME" value="WIRETAPE¶Overlap-horz"/>
		<Property id="PROPERTY_4597" name="HRN_Level_Ref" value="AA/AB/AC/AD/AE/AF/AG/AH/AJ/AK/AL/AM/AN/AP/AR/BA/BB/BC/BD/BE/BF/BG/BH/BJ/CA/CB/CC/CD/CE/DA/DB/DC/DD"/>
		<Property id="PROPERTY_4598" name="HRN_Level_Ref" value="HA/HB/HC/HD/TM/TP/TR/UA/UB/UC/UD/UE/UF/VA/XA/XB/XC/XD/XE/XF/XG/XH/XJ/XK/XL/XM/XN/XP/XR/XS/YA/YB/YC"/>
		<Property id="PROPERTY_4599" name="HRN_Level_Ref" value="YD/YE/YF/YG/YH/YJ/YK/YL/YM/YN/YP/YR/YS/YT/YU/YV/ZA/ZB/ZC/ZD/ZE/ZF/ZG/ZH"/>
		<Property id="PROPERTY_4600" name="COLOR" value="BK"/>
		<Property id="PROPERTY_4601" name="SUB_PROJECT" value="HRN-14401"/>
		<Property id="PROPERTY_4602" name="DEVICE_NAME" value="TA220-SH207::"/>
		<Property id="PROPERTY_4603" name="BDL_CoveringEndPoint" value="TK220"/>
		<Property id="PROPERTY_4604" name="TAPE_Thickness" value="0.1"/>
		<Property id="PROPERTY_4605" name="BDL_CoveringStartPoint" value="SH202"/>
		<Property id="PROPERTY_4606" name="HRN_FAMILY" value="14401"/>
		<Property id="PROPERTY_4607" name="COMP_TYPE" value="TAPE"/>
		<BranchRoute id="BRR_115">
			<StartBranchPosition id="BR_POS_483" branchId="BRANCH_c2-4e-0-4c0f88" branchNodeId="BN_19410-256" offset="0"/>
			<PassBranchId>BRANCH_c2-4e-0-4c0f88</PassBranchId>
			<PassBranchId>BRANCH_c2-4e-0-4c0f18</PassBranchId>
			<PassBranchId>BRANCH_c2-4e-0-4c0f89</PassBranchId>
			<EndBranchPosition id="BR_POS_484" branchId="BRANCH_c2-4e-0-4c0f89" branchNodeId="BN_19800-296" offset="0"/>
		</BranchRoute>
	</HarnessItem>
	<HarnessItem xsi:type="Protection" id="PROT_da-1c-0-40ec64" name="TA240-DP2R114B" compType="ESKU5T-1A303-AA(B10Y00)" symbolName="WIRETAPE" symbolCharacteristic="Overlap-horz" length="624.00011183010145">
		<AppRef name="E3.Series" version="2.14.0.0" guid="a0b0c212-baaa-446c-b304-8ace57c0af9e"/>
		<Property id="PROPERTY_4608" name="TAPE_Width" value="20"/>
		<Property id="PROPERTY_4609" name="DESCRIPTION" value="TAPE-100C-BK-ADH_TEAR-NO_NOISE-NO_WEAR"/>
		<Property id="PROPERTY_4610" name="BDL_BundleCoverLayer" value="10"/>
		<Property id="PROPERTY_4611" name="BDL_CoveringLength" value="1369.0"/>
		<Property id="PROPERTY_4612" name="SYM_NAME" value="WIRETAPE¶Overlap-horz"/>
		<Property id="PROPERTY_4613" name="HRN_Level_Ref" value="AA/AB/AC/AD/AE/AF/AG/AH/AJ/AK/AL/AM/AN/AP/AR/BA/BB/BC/BD/BE/BF/BG/BH/BJ/CA/CB/CC/CD/CE/DA/DB/DC/DD"/>
		<Property id="PROPERTY_4614" name="HRN_Level_Ref" value="HA/HB/HC/HD/TM/TP/TR/UA/UB/UC/UD/UE/UF/VA/XA/XB/XC/XD/XE/XF/XG/XH/XJ/XK/XL/XM/XN/XP/XR/XS/YA/YB/YC"/>
		<Property id="PROPERTY_4615" name="HRN_Level_Ref" value="YD/YE/YF/YG/YH/YJ/YK/YL/YM/YN/YP/YR/YS/YT/YU/YV/ZA/ZB/ZC/ZD/ZE/ZF/ZG/ZH"/>
		<Property id="PROPERTY_4616" name="COLOR" value="BK"/>
		<Property id="PROPERTY_4617" name="SUB_PROJECT" value="HRN-14401"/>
		<Property id="PROPERTY_4618" name="DEVICE_NAME" value="TA240-DP2R114B::"/>
		<Property id="PROPERTY_4619" name="BDL_CoveringEndPoint" value="TK240"/>
		<Property id="PROPERTY_4620" name="TAPE_Thickness" value="0.1"/>
		<Property id="PROPERTY_4621" name="BDL_CoveringStartPoint" value="DP2R114-B"/>
		<Property id="PROPERTY_4622" name="HRN_FAMILY" value="14401"/>
		<Property id="PROPERTY_4623" name="COMP_TYPE" value="TAPE"/>
		<BranchRoute id="BRR_116">
			<StartBranchPosition id="BR_POS_485" branchId="BRANCH_c2-4e-0-4c0f1f" branchNodeId="BN_17896-336" offset="0"/>
			<PassBranchId>BRANCH_c2-4e-0-4c0f1f</PassBranchId>
			<PassBranchId>BRANCH_c2-4e-0-4c0ff5</PassBranchId>
			<PassBranchId>BRANCH_c2-4e-0-4c0ff2</PassBranchId>
			<PassBranchId>BRANCH_c2-4e-0-4c0d34</PassBranchId>
			<PassBranchId>BRANCH_c2-4e-0-4c0fef</PassBranchId>
			<EndBranchPosition id="BR_POS_486" branchId="BRANCH_c2-4e-0-4c0fef" branchNodeId="BN_18520-336" offset="0"/>
		</BranchRoute>
	</HarnessItem>
	<HarnessItem xsi:type="Protection" id="PROT_da-1c-0-41114d" name="TASH201-240" compType="ESKU5T-1A303-AA(B10Y00)" symbolName="WIRETAPE" symbolCharacteristic="Overlap-horz" length="635.96078054371139">
		<AppRef name="E3.Series" version="2.14.0.0" guid="cc00a21d-95c4-4e59-bd3c-b07dec5a4c2d"/>
		<Property id="PROPERTY_4624" name="TAPE_Width" value="20"/>
		<Property id="PROPERTY_4625" name="DESCRIPTION" value="TAPE-100C-BK-ADH_TEAR-NO_NOISE-NO_WEAR"/>
		<Property id="PROPERTY_4626" name="BDL_BundleCoverLayer" value="10"/>
		<Property id="PROPERTY_4627" name="BDL_CoveringLength" value="1616.0"/>
		<Property id="PROPERTY_4628" name="SYM_NAME" value="WIRETAPE¶Overlap-horz"/>
		<Property id="PROPERTY_4629" name="HRN_Level_Ref" value="AA/AB/AC/AD/AE/AF/AG/AH/AJ/AK/AL/AM/AN/AP/AR/BA/BB/BC/BD/BE/BF/BG/BH/BJ/CA/CB/CC/CD/CE/DA/DB/DC/DD"/>
		<Property id="PROPERTY_4630" name="HRN_Level_Ref" value="HA/HB/HC/HD/TM/TP/TR/UA/UB/UC/UD/UE/UF/VA/XA/XB/XC/XD/XE/XF/XG/XH/XJ/XK/XL/XM/XN/XP/XR/XS/YA/YB/YC"/>
		<Property id="PROPERTY_4631" name="HRN_Level_Ref" value="YD/YE/YF/YG/YH/YJ/YK/YL/YM/YN/YP/YR/YS/YT/YU/YV/ZA/ZB/ZC/ZD/ZE/ZF/ZG/ZH"/>
		<Property id="PROPERTY_4632" name="COLOR" value="BK"/>
		<Property id="PROPERTY_4633" name="SUB_PROJECT" value="HRN-14401"/>
		<Property id="PROPERTY_4634" name="DEVICE_NAME" value="TASH201-240::"/>
		<Property id="PROPERTY_4635" name="BDL_CoveringEndPoint" value="SH201"/>
		<Property id="PROPERTY_4636" name="TAPE_Thickness" value="0.1"/>
		<Property id="PROPERTY_4637" name="BDL_CoveringStartPoint" value="TK240"/>
		<Property id="PROPERTY_4638" name="HRN_FAMILY" value="14401"/>
		<Property id="PROPERTY_4639" name="COMP_TYPE" value="TAPE"/>
		<BranchRoute id="BRR_117">
			<StartBranchPosition id="BR_POS_487" branchId="BRANCH_c2-4e-0-4c0e9b" branchNodeId="BN_18520-336" offset="0"/>
			<PassBranchId>BRANCH_c2-4e-0-4c0e9b</PassBranchId>
			<PassBranchId>BRANCH_c2-4e-0-4c10ce</PassBranchId>
			<EndBranchPosition id="BR_POS_488" branchId="BRANCH_c2-4e-0-4c10ce" branchNodeId="BN_19088-184" offset="0"/>
		</BranchRoute>
	</HarnessItem>
	<HarnessItem xsi:type="Protection" id="PROT_e9-1c-0-3661c6" name="TA250-260OG" compType="ESKU5T-1A303-AA(B13Y21)" symbolName="WIRETAPE" symbolCharacteristic="Overlap-horz" length="659.77708763999658">
		<AppRef name="E3.Series" version="2.14.0.0" guid="73ce3358-5655-4d08-8e49-0565ac3e40ff"/>
		<Property id="PROPERTY_4640" name="TAPE_Width" value="19"/>
		<Property id="PROPERTY_4641" name="DESCRIPTION" value="TAPE-100C-OG-ADH_YES_NOISE_MED-WR-LITTLE"/>
		<Property id="PROPERTY_4642" name="BDL_BundleCoverLayer" value="10"/>
		<Property id="PROPERTY_4643" name="BDL_CoveringLength" value="411.0"/>
		<Property id="PROPERTY_4644" name="SYM_NAME" value="WIRETAPE¶Overlap-horz"/>
		<Property id="PROPERTY_4645" name="HRN_Level_Ref" value="AB/AC/AE/AG/AJ/AL/AN/AR/BB/BC/BE/BG/BH/BJ/CA/CB/CC/CD/CE/DA/DB/DC/DD/HA/HB/HC/HD/TM/TP/TR/UE/UF/XB"/>
		<Property id="PROPERTY_4646" name="HRN_Level_Ref" value="XD/XF/XH/XJ/XK/XL/XM/XN/XP/XR/XS/YA/YB/YC/YD/YE/YF/YG/YH/YJ/YK/YL/YM/YN/YP/YR/YS/YT/YU/YV/ZA/ZB/ZC"/>
		<Property id="PROPERTY_4647" name="HRN_Level_Ref" value="ZD/ZE/ZF/ZG/ZH"/>
		<Property id="PROPERTY_4648" name="COLOR" value="OG"/>
		<Property id="PROPERTY_4649" name="SUB_PROJECT" value="HRN-14401"/>
		<Property id="PROPERTY_4650" name="DEVICE_NAME" value="TA250-260OG::"/>
		<Property id="PROPERTY_4651" name="BDL_CoveringEndPoint" value="TK250"/>
		<Property id="PROPERTY_4652" name="TAPE_Thickness" value="0.1"/>
		<Property id="PROPERTY_4653" name="BDL_CoveringStartPoint" value="TK260"/>
		<Property id="PROPERTY_4654" name="HRN_FAMILY" value="14401"/>
		<Property id="PROPERTY_4655" name="COMP_TYPE" value="TAPE"/>
		<Option id="OPTION_e9-1c-0-3661c6_1" value="HUKAJ | HUKAK | HUKAL | HUKAM | HUKAN | HUKAQ"/>
		<BranchRoute id="BRR_118">
			<StartBranchPosition id="BR_POS_489" branchId="BRANCH_c2-4e-0-4c0d46" branchNodeId="BN_17064-352" offset="0"/>
			<PassBranchId>BRANCH_c2-4e-0-4c0d46</PassBranchId>
			<PassBranchId>BRANCH_c2-4e-0-4c0f30</PassBranchId>
			<EndBranchPosition id="BR_POS_490" branchId="BRANCH_c2-4e-0-4c0f30" branchNodeId="BN_17720-368" offset="0"/>
		</BranchRoute>
	</HarnessItem>
	<HarnessItem xsi:type="Protection" id="PROT_f4-1c-0-6ecc5c" name="TAS746" compType="ESKU5T-1A303-AA(A10Y00)" symbolName="WIRETAPE" symbolCharacteristic="SpotTape" rotation="180.000000" length="0">
		<AppRef name="E3.Series" version="2.14.0.0" guid="74247a55-8645-4d79-93bc-159f03fe80c3"/>
		<Property id="PROPERTY_4656" name="TAPE_Width" value="20"/>
		<Property id="PROPERTY_4657" name="DESCRIPTION" value="TAPE-85C-BK-ADH_TEAR-NO_NOISE-NO_WEAR"/>
		<Property id="PROPERTY_4658" name="BDL_BundleCoverLayer" value="10"/>
		<Property id="PROPERTY_4659" name="BDL_CoveringLength" value="198.0"/>
		<Property id="PROPERTY_4660" name="SYM_NAME" value="WIRETAPE¶SpotTape"/>
		<Property id="PROPERTY_4661" name="HRN_Level_Ref" value="AA/AB/AC/AD/AE/AF/AG/AH/AJ/AK/AL/AM/AN/AP/AR/BA/BB/BC/BD/BE/BF/BG/BH/BJ/CA/CB/CC/CD/CE/DA/DB/DC/DD"/>
		<Property id="PROPERTY_4662" name="HRN_Level_Ref" value="HA/HB/HC/HD/TM/TP/TR/UA/UB/UC/UD/UE/UF/VA/XA/XB/XC/XD/XE/XF/XG/XH/XJ/XK/XL/XM/XN/XP/XR/XS/YA/YB/YC"/>
		<Property id="PROPERTY_4663" name="HRN_Level_Ref" value="YD/YE/YF/YG/YH/YJ/YK/YL/YM/YN/YP/YR/YS/YT/YU/YV/ZA/ZB/ZC/ZD/ZE/ZF/ZG/ZH"/>
		<Property id="PROPERTY_4664" name="COLOR" value="BK"/>
		<Property id="PROPERTY_4665" name="SUB_PROJECT" value="HRN-14401"/>
		<Property id="PROPERTY_4666" name="DEVICE_NAME" value="TAS746::"/>
		<Property id="PROPERTY_4667" name="BDL_CoveringEndPoint" value="TAS746"/>
		<Property id="PROPERTY_4668" name="TAPE_Thickness" value="0.1"/>
		<Property id="PROPERTY_4669" name="BDL_CoveringStartPoint" value="TAS746"/>
		<Property id="PROPERTY_4670" name="HRN_FAMILY" value="14401"/>
		<Property id="PROPERTY_4671" name="COMP_TYPE" value="TAPE"/>
		<BranchPosition id="BR_POS_491" branchId="BRANCH_c2-4e-0-4c0e87" branchNodeId="BN_22840-304" offset="0"/>
	</HarnessItem>
	<HarnessItem xsi:type="Protection" id="PROT_f4-1c-0-6eeeed" name="TAS747" compType="ESKU5T-1A303-AA(A10Y00)" symbolName="WIRETAPE" symbolCharacteristic="SpotTape" rotation="0.000000" length="0">
		<AppRef name="E3.Series" version="2.14.0.0" guid="77e212b2-60d1-4810-8e6e-36b1b503f88f"/>
		<Property id="PROPERTY_4672" name="TAPE_Width" value="20"/>
		<Property id="PROPERTY_4673" name="DESCRIPTION" value="TAPE-85C-BK-ADH_TEAR-NO_NOISE-NO_WEAR"/>
		<Property id="PROPERTY_4674" name="BDL_BundleCoverLayer" value="10"/>
		<Property id="PROPERTY_4675" name="BDL_CoveringLength" value="196.0"/>
		<Property id="PROPERTY_4676" name="SYM_NAME" value="WIRETAPE¶SpotTape"/>
		<Property id="PROPERTY_4677" name="HRN_Level_Ref" value="DB/DD/HB/HD/TP/VA/XM/XN/XP/XR/YN/YT/ZB"/>
		<Property id="PROPERTY_4678" name="COLOR" value="BK"/>
		<Property id="PROPERTY_4679" name="SUB_PROJECT" value="HRN-14401"/>
		<Property id="PROPERTY_4680" name="DEVICE_NAME" value="TAS747::"/>
		<Property id="PROPERTY_4681" name="BDL_CoveringEndPoint" value="TAS747"/>
		<Property id="PROPERTY_4682" name="TAPE_Thickness" value="0.1"/>
		<Property id="PROPERTY_4683" name="BDL_CoveringStartPoint" value="TAS747"/>
		<Property id="PROPERTY_4684" name="HRN_FAMILY" value="14401"/>
		<Property id="PROPERTY_4685" name="COMP_TYPE" value="TAPE"/>
		<Option id="OPTION_f4-1c-0-6eeeed_1" value="IDBBQ"/>
		<BranchPosition id="BR_POS_492" branchId="BRANCH_c2-4e-0-4c0e7f" branchNodeId="BN_23048-288" offset="0"/>
	</HarnessItem>
	<HarnessItem xsi:type="Protection" id="PROT_f4-1c-0-6ef097" name="TAS748" compType="ESKU5T-1A303-AA(A10Y00)" symbolName="WIRETAPE" symbolCharacteristic="SpotTape" rotation="90.000000" length="0">
		<AppRef name="E3.Series" version="2.14.0.0" guid="33e8483c-def1-44f0-917a-5a8ea30a5e3f"/>
		<Property id="PROPERTY_4686" name="TAPE_Width" value="20"/>
		<Property id="PROPERTY_4687" name="DESCRIPTION" value="TAPE-85C-BK-ADH_TEAR-NO_NOISE-NO_WEAR"/>
		<Property id="PROPERTY_4688" name="BDL_BundleCoverLayer" value="10"/>
		<Property id="PROPERTY_4689" name="BDL_CoveringLength" value="196.0"/>
		<Property id="PROPERTY_4690" name="SYM_NAME" value="WIRETAPE¶SpotTape"/>
		<Property id="PROPERTY_4691" name="HRN_Level_Ref" value="AA/AB/AC/AD/AE/AF/AG/AH/AJ/AK/AL/AM/AN/AP/AR/BA/BB/BC/BD/BE/BF/BG/BH/BJ/CA/CB/CC/CD/CE/DA/DB/DC/DD"/>
		<Property id="PROPERTY_4692" name="HRN_Level_Ref" value="HA/HB/HC/HD/TM/TP/TR/UA/UB/UC/UD/UE/UF/VA/XA/XB/XC/XD/XE/XF/XG/XH/XJ/XK/XL/XM/XN/XP/XR/XS/YA/YB/YC"/>
		<Property id="PROPERTY_4693" name="HRN_Level_Ref" value="YD/YE/YF/YG/YH/YJ/YK/YL/YM/YN/YP/YR/YS/YT/YU/YV/ZA/ZB/ZC/ZD/ZE/ZF/ZG/ZH"/>
		<Property id="PROPERTY_4694" name="COLOR" value="BK"/>
		<Property id="PROPERTY_4695" name="SUB_PROJECT" value="HRN-14401"/>
		<Property id="PROPERTY_4696" name="DEVICE_NAME" value="TAS748::"/>
		<Property id="PROPERTY_4697" name="BDL_CoveringEndPoint" value="TAS748"/>
		<Property id="PROPERTY_4698" name="TAPE_Thickness" value="0.1"/>
		<Property id="PROPERTY_4699" name="BDL_CoveringStartPoint" value="TAS748"/>
		<Property id="PROPERTY_4700" name="HRN_FAMILY" value="14401"/>
		<Property id="PROPERTY_4701" name="COMP_TYPE" value="TAPE"/>
		<BranchPosition id="BR_POS_493" branchId="BRANCH_c2-4e-0-4c0e7f" branchNodeId="BN_23104-184" offset="0"/>
	</HarnessItem>
	<HarnessItem xsi:type="Protection" id="PROT_f4-1c-0-6f13de" name="TAS743" compType="ESKU5T-1A303-AA(A10Y00)" symbolName="WIRETAPE" symbolCharacteristic="SpotTape" rotation="0.000000" length="0">
		<AppRef name="E3.Series" version="2.14.0.0" guid="95fc4256-9c7d-46c1-b080-b5def998926d"/>
		<Property id="PROPERTY_4702" name="TAPE_Width" value="20"/>
		<Property id="PROPERTY_4703" name="DESCRIPTION" value="TAPE-85C-BK-ADH_TEAR-NO_NOISE-NO_WEAR"/>
		<Property id="PROPERTY_4704" name="BDL_BundleCoverLayer" value="10"/>
		<Property id="PROPERTY_4705" name="BDL_CoveringLength" value="158.0"/>
		<Property id="PROPERTY_4706" name="SYM_NAME" value="WIRETAPE¶SpotTape"/>
		<Property id="PROPERTY_4707" name="HRN_Level_Ref" value="AA/AB/AC/AD/AE/AF/AG/AH/AJ/AK/AL/AM/AN/AP/AR/BA/BB/BC/BD/BE/BF/BG/BH/BJ/CA/CB/CC/CD/CE/DA/DB/DC/DD"/>
		<Property id="PROPERTY_4708" name="HRN_Level_Ref" value="HA/HB/HC/HD/TM/TP/TR/UA/UB/UC/UD/UE/UF/VA/XA/XB/XC/XD/XE/XF/XG/XH/XJ/XK/XL/XM/XN/XP/XR/XS/YA/YB/YC"/>
		<Property id="PROPERTY_4709" name="HRN_Level_Ref" value="YD/YE/YF/YG/YH/YJ/YK/YL/YM/YN/YP/YR/YS/YT/YU/YV/ZA/ZB/ZC/ZD/ZE/ZF/ZG/ZH"/>
		<Property id="PROPERTY_4710" name="COLOR" value="BK"/>
		<Property id="PROPERTY_4711" name="SUB_PROJECT" value="HRN-14401"/>
		<Property id="PROPERTY_4712" name="DEVICE_NAME" value="TAS743::"/>
		<Property id="PROPERTY_4713" name="BDL_CoveringEndPoint" value="TAS743"/>
		<Property id="PROPERTY_4714" name="TAPE_Thickness" value="0.1"/>
		<Property id="PROPERTY_4715" name="BDL_CoveringStartPoint" value="TAS743"/>
		<Property id="PROPERTY_4716" name="HRN_FAMILY" value="14401"/>
		<Property id="PROPERTY_4717" name="COMP_TYPE" value="TAPE"/>
		<BranchPosition id="BR_POS_494" branchId="BRANCH_c2-4e-0-4c0cf5" branchNodeId="BN_6610_25-134_156" offset="0"/>
	</HarnessItem>
	<HarnessItem xsi:type="Protection" id="PROT_f4-1c-0-6f146e" name="TAS740" compType="ESKU5T-1A303-AA(A10Y00)" symbolName="WIRETAPE" symbolCharacteristic="SpotTape" rotation="0.000000" length="0">
		<AppRef name="E3.Series" version="2.14.0.0" guid="3c5a5294-9288-4550-aa85-d218af85f4e7"/>
		<Property id="PROPERTY_4718" name="TAPE_Width" value="20"/>
		<Property id="PROPERTY_4719" name="DESCRIPTION" value="TAPE-85C-BK-ADH_TEAR-NO_NOISE-NO_WEAR"/>
		<Property id="PROPERTY_4720" name="BDL_BundleCoverLayer" value="10"/>
		<Property id="PROPERTY_4721" name="BDL_CoveringLength" value="203.0"/>
		<Property id="PROPERTY_4722" name="SYM_NAME" value="WIRETAPE¶SpotTape"/>
		<Property id="PROPERTY_4723" name="HRN_Level_Ref" value="AA/AB/AC/AD/AE/AF/AG/AH/AJ/AK/AL/AM/AN/AP/AR/BA/BB/BC/BD/BE/BF/BG/BH/BJ/CA/CB/CC/CD/CE/DA/DB/DC/DD"/>
		<Property id="PROPERTY_4724" name="HRN_Level_Ref" value="HA/HB/HC/HD/TM/TP/TR/UA/UB/UC/UD/UE/UF/VA/XA/XB/XC/XD/XE/XF/XG/XH/XJ/XK/XL/XM/XN/XP/XR/XS/YA/YB/YC"/>
		<Property id="PROPERTY_4725" name="HRN_Level_Ref" value="YD/YE/YF/YG/YH/YJ/YK/YL/YM/YN/YP/YR/YS/YT/YU/YV/ZA/ZB/ZC/ZD/ZE/ZF/ZG/ZH"/>
		<Property id="PROPERTY_4726" name="COLOR" value="BK"/>
		<Property id="PROPERTY_4727" name="SUB_PROJECT" value="HRN-14401"/>
		<Property id="PROPERTY_4728" name="DEVICE_NAME" value="TAS740::"/>
		<Property id="PROPERTY_4729" name="BDL_CoveringEndPoint" value="TAS740"/>
		<Property id="PROPERTY_4730" name="TAPE_Thickness" value="0.1"/>
		<Property id="PROPERTY_4731" name="BDL_CoveringStartPoint" value="TAS740"/>
		<Property id="PROPERTY_4732" name="HRN_FAMILY" value="14401"/>
		<Property id="PROPERTY_4733" name="COMP_TYPE" value="TAPE"/>
		<BranchPosition id="BR_POS_495" branchId="BRANCH_35-4e-0-30adeb" branchNodeId="BN_6806_25-210_156" offset="0"/>
	</HarnessItem>
	<HarnessItem xsi:type="Protection" id="PROT_f4-1c-0-6f152a" name="TAS741" compType="ESKU5T-1A303-AA(A10Y00)" symbolName="WIRETAPE" symbolCharacteristic="SpotTape" rotation="0.000000" length="0">
		<AppRef name="E3.Series" version="2.14.0.0" guid="474ecf5c-779c-436d-a5a6-07f684e895f2"/>
		<Property id="PROPERTY_4734" name="TAPE_Width" value="20"/>
		<Property id="PROPERTY_4735" name="DESCRIPTION" value="TAPE-85C-BK-ADH_TEAR-NO_NOISE-NO_WEAR"/>
		<Property id="PROPERTY_4736" name="BDL_BundleCoverLayer" value="10"/>
		<Property id="PROPERTY_4737" name="BDL_CoveringLength" value="203.0"/>
		<Property id="PROPERTY_4738" name="SYM_NAME" value="WIRETAPE¶SpotTape"/>
		<Property id="PROPERTY_4739" name="HRN_Level_Ref" value="DB/DD/HB/HD/TP/VA/XM/XN/XP/XR/YN/YT/ZB"/>
		<Property id="PROPERTY_4740" name="COLOR" value="BK"/>
		<Property id="PROPERTY_4741" name="SUB_PROJECT" value="HRN-14401"/>
		<Property id="PROPERTY_4742" name="DEVICE_NAME" value="TAS741::"/>
		<Property id="PROPERTY_4743" name="BDL_CoveringEndPoint" value="TAS741"/>
		<Property id="PROPERTY_4744" name="TAPE_Thickness" value="0.1"/>
		<Property id="PROPERTY_4745" name="BDL_CoveringStartPoint" value="TAS741"/>
		<Property id="PROPERTY_4746" name="HRN_FAMILY" value="14401"/>
		<Property id="PROPERTY_4747" name="COMP_TYPE" value="TAPE"/>
		<Option id="OPTION_f4-1c-0-6f152a_1" value="IDBBQ"/>
		<BranchPosition id="BR_POS_496" branchId="BRANCH_c2-4e-0-4c0d1d" branchNodeId="BN_6862_25-222_156" offset="0"/>
	</HarnessItem>
	<HarnessItem xsi:type="Protection" id="PROT_f4-1c-0-6f155b" name="TAS742" compType="ESKU5T-1A303-AA(A10Y00)" symbolName="WIRETAPE" symbolCharacteristic="SpotTape" rotation="0.000000" length="0">
		<AppRef name="E3.Series" version="2.14.0.0" guid="65ed8e08-5181-46f9-9d2e-becd5397b80c"/>
		<Property id="PROPERTY_4748" name="TAPE_Width" value="20"/>
		<Property id="PROPERTY_4749" name="DESCRIPTION" value="TAPE-85C-BK-ADH_TEAR-NO_NOISE-NO_WEAR"/>
		<Property id="PROPERTY_4750" name="BDL_BundleCoverLayer" value="10"/>
		<Property id="PROPERTY_4751" name="BDL_CoveringLength" value="203.0"/>
		<Property id="PROPERTY_4752" name="SYM_NAME" value="WIRETAPE¶SpotTape"/>
		<Property id="PROPERTY_4753" name="HRN_Level_Ref" value="DA/DB/DC/DD/HA/HB/HC/HD/TM/TP/TR/VA/XM/XN/XP/XR/YM/YN/YS/YT/ZA/ZB"/>
		<Property id="PROPERTY_4754" name="COLOR" value="BK"/>
		<Property id="PROPERTY_4755" name="SUB_PROJECT" value="HRN-14401"/>
		<Property id="PROPERTY_4756" name="DEVICE_NAME" value="TAS742::"/>
		<Property id="PROPERTY_4757" name="BDL_CoveringEndPoint" value="TAS742"/>
		<Property id="PROPERTY_4758" name="TAPE_Thickness" value="0.1"/>
		<Property id="PROPERTY_4759" name="BDL_CoveringStartPoint" value="TAS742"/>
		<Property id="PROPERTY_4760" name="HRN_FAMILY" value="14401"/>
		<Property id="PROPERTY_4761" name="COMP_TYPE" value="TAPE"/>
		<Option id="OPTION_f4-1c-0-6f155b_1" value="GRAAP"/>
		<BranchPosition id="BR_POS_497" branchId="BRANCH_c2-4e-0-4c0fc8" branchNodeId="BN_7014_25-158_156" offset="0"/>
	</HarnessItem>
	<HarnessItem xsi:type="Protection" id="PROT_c2-1c-0-4bd01f" name="TA190-210" compType="ESKU5T-1A303-AA(B10Y21)" symbolName="WIRETAPE" symbolCharacteristic="Overlap-horz" length="4005.1707315517565">
		<AppRef name="E3.Series" version="2.14.0.0" guid="cd8635af-55a3-4fa0-94d0-f2f3c66262fa"/>
		<Property id="PROPERTY_4762" name="TAPE_Width" value="20"/>
		<Property id="PROPERTY_4763" name="DESCRIPTION" value="TAPE-100C-BK-ADH_TEAR-MED_NOISE-LITTLE_WEAR"/>
		<Property id="PROPERTY_4764" name="BDL_BundleCoverLayer" value="10"/>
		<Property id="PROPERTY_4765" name="BDL_CoveringLength" value="892.0"/>
		<Property id="PROPERTY_4766" name="SYM_NAME" value="WIRETAPE¶Overlap-horz"/>
		<Property id="PROPERTY_4767" name="HRN_Level_Ref" value="AA/AD/AF/AH/AK/AM/AP/BA/BD/BF/XA/XC/XE/XG"/>
		<Property id="PROPERTY_4768" name="COLOR" value="BK"/>
		<Property id="PROPERTY_4769" name="SUB_PROJECT" value="HRN-14401"/>
		<Property id="PROPERTY_4770" name="DEVICE_NAME" value="TA190-210::"/>
		<Property id="PROPERTY_4771" name="BDL_CoveringEndPoint" value="TK250"/>
		<Property id="PROPERTY_4772" name="TAPE_Thickness" value="0.1"/>
		<Property id="PROPERTY_4773" name="BDL_CoveringStartPoint" value="TK608"/>
		<Property id="PROPERTY_4774" name="HRN_FAMILY" value="14401"/>
		<Property id="PROPERTY_4775" name="COMP_TYPE" value="TAPE"/>
		<Option id="OPTION_c2-1c-0-4bd01f_1" value="HUKAA"/>
		<BranchRoute id="BRR_119">
			<StartBranchPosition id="BR_POS_498" branchId="BRANCH_c2-4e-0-4c0d05" branchNodeId="BN_17720-368" offset="0"/>
			<PassBranchId>BRANCH_c2-4e-0-4c0d05</PassBranchId>
			<PassBranchId>BRANCH_c2-4e-0-4c1076</PassBranchId>
			<EndBranchPosition id="BR_POS_499" branchId="BRANCH_c2-4e-0-4c1076" branchNodeId="BN_21216-264" offset="0"/>
		</BranchRoute>
	</HarnessItem>
	<HarnessItem xsi:type="Protection" id="PROT_e9-1c-0-360f42" name="TA190-210OG" compType="ESKU5T-1A303-AA(B13Y21)" symbolName="WIRETAPE" symbolCharacteristic="Overlap-horz" length="4005.1707315517565">
		<AppRef name="E3.Series" version="2.14.0.0" guid="10b80585-ea92-4f98-a5b8-a50d00d1bfe1"/>
		<Property id="PROPERTY_4776" name="TAPE_Width" value="19"/>
		<Property id="PROPERTY_4777" name="DESCRIPTION" value="TAPE-100C-OG-ADH_YES_NOISE_MED-WR-LITTLE"/>
		<Property id="PROPERTY_4778" name="BDL_BundleCoverLayer" value="10"/>
		<Property id="PROPERTY_4779" name="BDL_CoveringLength" value="928.0"/>
		<Property id="PROPERTY_4780" name="SYM_NAME" value="WIRETAPE¶Overlap-horz"/>
		<Property id="PROPERTY_4781" name="HRN_Level_Ref" value="AB/AC/AE/AG/AJ/AL/AN/AR/BB/BC/BE/BG/BH/BJ/CA/CB/CC/CD/CE/DA/DB/DC/DD/HA/HB/HC/HD/TM/TP/TR/UA/UB/UE"/>
		<Property id="PROPERTY_4782" name="HRN_Level_Ref" value="UF/VA/XB/XD/XF/XH/XJ/XK/XL/XM/XN/XP/XR/XS/YA/YB/YC/YD/YE/YF/YG/YH/YJ/YK/YL/YM/YN/YP/YR/YS/YT/YU/YV"/>
		<Property id="PROPERTY_4783" name="HRN_Level_Ref" value="ZA/ZB/ZC/ZD/ZE/ZF/ZG/ZH"/>
		<Property id="PROPERTY_4784" name="COLOR" value="OG"/>
		<Property id="PROPERTY_4785" name="SUB_PROJECT" value="HRN-14401"/>
		<Property id="PROPERTY_4786" name="DEVICE_NAME" value="TA190-210OG::"/>
		<Property id="PROPERTY_4787" name="BDL_CoveringEndPoint" value="TK250"/>
		<Property id="PROPERTY_4788" name="TAPE_Thickness" value="0.1"/>
		<Property id="PROPERTY_4789" name="BDL_CoveringStartPoint" value="TK608"/>
		<Property id="PROPERTY_4790" name="HRN_FAMILY" value="14401"/>
		<Property id="PROPERTY_4791" name="COMP_TYPE" value="TAPE"/>
		<Option id="OPTION_e9-1c-0-360f42_1" value="HUKAJ | HUKAK | HUKAL | HUKAM | HUKAN | HUKAQ|AAEAC"/>
		<Option id="OPTION_e9-1c-0-360f42_2" value="G1DAG"/>
		<BranchRoute id="BRR_120">
			<StartBranchPosition id="BR_POS_500" branchId="BRANCH_c2-4e-0-4c0d05" branchNodeId="BN_17720-368" offset="0"/>
			<PassBranchId>BRANCH_c2-4e-0-4c0d05</PassBranchId>
			<PassBranchId>BRANCH_c2-4e-0-4c1076</PassBranchId>
			<EndBranchPosition id="BR_POS_501" branchId="BRANCH_c2-4e-0-4c1076" branchNodeId="BN_21216-264" offset="0"/>
		</BranchRoute>
	</HarnessItem>
	<HarnessItem xsi:type="Protection" id="PROT_f4-1c-0-6ef106" name="TAS744" compType="ESKU5T-1A303-AA(A10Y00)" symbolName="WIRETAPE" symbolCharacteristic="DiaperWrap" rotation="0.000000" length="0">
		<AppRef name="E3.Series" version="2.14.0.0" guid="cb99c2a6-3442-4117-ba99-6bca5c34471f"/>
		<Property id="PROPERTY_4792" name="TAPE_Width" value="20"/>
		<Property id="PROPERTY_4793" name="DESCRIPTION" value="TAPE-85C-BK-ADH_TEAR-NO_NOISE-NO_WEAR"/>
		<Property id="PROPERTY_4794" name="BDL_BundleCoverLayer" value="10"/>
		<Property id="PROPERTY_4795" name="BDL_CoveringLength" value="493.0"/>
		<Property id="PROPERTY_4796" name="SYM_NAME" value="WIRETAPE¶DiaperWrap"/>
		<Property id="PROPERTY_4797" name="HRN_Level_Ref" value="AA/AB/AC/AD/AE/AF/AG/AH/AJ/AK/AL/AM/AN/AP/AR/BA/BB/BC/BD/BE/BF/BG/BH/BJ/CA/CB/CC/CD/CE/DA/DB/DC/DD"/>
		<Property id="PROPERTY_4798" name="HRN_Level_Ref" value="HA/HB/HC/HD/TM/TP/TR/UA/UB/UC/UD/UE/UF/VA/XA/XB/XC/XD/XE/XF/XG/XH/XJ/XK/XL/XM/XN/XP/XR/XS/YA/YB/YC"/>
		<Property id="PROPERTY_4799" name="HRN_Level_Ref" value="YD/YE/YF/YG/YH/YJ/YK/YL/YM/YN/YP/YR/YS/YT/YU/YV/ZA/ZB/ZC/ZD/ZE/ZF/ZG/ZH"/>
		<Property id="PROPERTY_4800" name="COLOR" value="BK"/>
		<Property id="PROPERTY_4801" name="SUB_PROJECT" value="HRN-14401"/>
		<Property id="PROPERTY_4802" name="DEVICE_NAME" value="TAS744::"/>
		<Property id="PROPERTY_4803" name="BDL_CoveringEndPoint" value="TAS744"/>
		<Property id="PROPERTY_4804" name="TAPE_Thickness" value="0.1"/>
		<Property id="PROPERTY_4805" name="BDL_CoveringStartPoint" value="TAS744"/>
		<Property id="PROPERTY_4806" name="HRN_FAMILY" value="14401"/>
		<Property id="PROPERTY_4807" name="COMP_TYPE" value="TAPE"/>
		<BranchPosition id="BR_POS_502" branchId="BRANCH_c2-4e-0-4c0de4" branchNodeId="BN_21240-384" offset="0"/>
	</HarnessItem>
	<HarnessItem xsi:type="Protection" id="PROT_f4-1c-0-6ef12c" name="TAS745" compType="ESKU5T-1A303-AA(A10Y00)" symbolName="WIRETAPE" symbolCharacteristic="DiaperWrap" rotation="90.000000" length="0">
		<AppRef name="E3.Series" version="2.14.0.0" guid="c4504734-04dc-4266-b845-1f6b7f099276"/>
		<Property id="PROPERTY_4808" name="TAPE_Width" value="20"/>
		<Property id="PROPERTY_4809" name="DESCRIPTION" value="TAPE-85C-BK-ADH_TEAR-NO_NOISE-NO_WEAR"/>
		<Property id="PROPERTY_4810" name="BDL_BundleCoverLayer" value="10"/>
		<Property id="PROPERTY_4811" name="BDL_CoveringLength" value="468.0"/>
		<Property id="PROPERTY_4812" name="SYM_NAME" value="WIRETAPE¶DiaperWrap"/>
		<Property id="PROPERTY_4813" name="HRN_Level_Ref" value="AA/AB/AC/AD/AE/AF/AG/AH/AJ/AK/AL/AM/AN/AP/AR/BA/BB/BC/BD/BE/BF/BG/BH/BJ/CA/CB/CC/CD/CE/DA/DB/DC/DD"/>
		<Property id="PROPERTY_4814" name="HRN_Level_Ref" value="HA/HB/HC/HD/TM/TP/TR/UA/UB/UC/UD/UE/UF/VA/XA/XB/XC/XD/XE/XF/XG/XH/XJ/XK/XL/XM/XN/XP/XR/XS/YA/YB/YC"/>
		<Property id="PROPERTY_4815" name="HRN_Level_Ref" value="YD/YE/YF/YG/YH/YJ/YK/YL/YM/YN/YP/YR/YS/YT/YU/YV/ZA/ZB/ZC/ZD/ZE/ZF/ZG/ZH"/>
		<Property id="PROPERTY_4816" name="COLOR" value="BK"/>
		<Property id="PROPERTY_4817" name="SUB_PROJECT" value="HRN-14401"/>
		<Property id="PROPERTY_4818" name="DEVICE_NAME" value="TAS745::"/>
		<Property id="PROPERTY_4819" name="BDL_CoveringEndPoint" value="TAS745"/>
		<Property id="PROPERTY_4820" name="TAPE_Thickness" value="0.1"/>
		<Property id="PROPERTY_4821" name="BDL_CoveringStartPoint" value="TAS745"/>
		<Property id="PROPERTY_4822" name="HRN_FAMILY" value="14401"/>
		<Property id="PROPERTY_4823" name="COMP_TYPE" value="TAPE"/>
		<BranchPosition id="BR_POS_503" branchId="BRANCH_c2-4e-0-4c106f" branchNodeId="BN_21216-264" offset="0"/>
	</HarnessItem>
	<HarnessItem xsi:type="Protection" id="PROT_f4-1c-0-6f140e" name="TAS738" compType="ESKU5T-1A303-AA(A10Y00)" symbolName="WIRETAPE" symbolCharacteristic="DiaperWrap" rotation="0.000000" length="0">
		<AppRef name="E3.Series" version="2.14.0.0" guid="860c2440-ba43-4aa2-85b1-be2677747e09"/>
		<Property id="PROPERTY_4824" name="TAPE_Width" value="20"/>
		<Property id="PROPERTY_4825" name="DESCRIPTION" value="TAPE-85C-BK-ADH_TEAR-NO_NOISE-NO_WEAR"/>
		<Property id="PROPERTY_4826" name="BDL_BundleCoverLayer" value="10"/>
		<Property id="PROPERTY_4827" name="BDL_CoveringLength" value="362.0"/>
		<Property id="PROPERTY_4828" name="SYM_NAME" value="WIRETAPE¶DiaperWrap"/>
		<Property id="PROPERTY_4829" name="HRN_Level_Ref" value="AA/AB/AC/AD/AE/AF/AG/AH/AJ/AK/AL/AM/AN/AP/AR/BA/BB/BC/BD/BE/BF/BG/BH/BJ/CA/CB/CC/CD/CE/DA/DB/DC/DD"/>
		<Property id="PROPERTY_4830" name="HRN_Level_Ref" value="HA/HB/HC/HD/TM/TP/TR/UA/UB/UC/UD/UE/UF/VA/XA/XB/XC/XD/XE/XF/XG/XH/XJ/XK/XL/XM/XN/XP/XR/XS/YA/YB/YC"/>
		<Property id="PROPERTY_4831" name="HRN_Level_Ref" value="YD/YE/YF/YG/YH/YJ/YK/YL/YM/YN/YP/YR/YS/YT/YU/YV/ZA/ZB/ZC/ZD/ZE/ZF/ZG/ZH"/>
		<Property id="PROPERTY_4832" name="COLOR" value="BK"/>
		<Property id="PROPERTY_4833" name="SUB_PROJECT" value="HRN-14401"/>
		<Property id="PROPERTY_4834" name="DEVICE_NAME" value="TAS738::"/>
		<Property id="PROPERTY_4835" name="BDL_CoveringEndPoint" value="TAS738"/>
		<Property id="PROPERTY_4836" name="TAPE_Thickness" value="0.1"/>
		<Property id="PROPERTY_4837" name="BDL_CoveringStartPoint" value="TAS738"/>
		<Property id="PROPERTY_4838" name="HRN_FAMILY" value="14401"/>
		<Property id="PROPERTY_4839" name="COMP_TYPE" value="TAPE"/>
		<BranchPosition id="BR_POS_504" branchId="BRANCH_c2-4e-0-4c1021" branchNodeId="BN_6678_25-158_156" offset="0"/>
	</HarnessItem>
	<HarnessItem xsi:type="Protection" id="PROT_95-1c-0-9c0b1a" name="TA600-23PT1" location="HRN-14401" compType="ESKU5T-1A303-AA(B10Y21)" symbolName="WIRETAPE" symbolCharacteristic="Overlap-horz" length="1309.2549713250405">
		<AppRef name="E3.Series" version="2.14.0.0" guid="247ae8f7-2639-4f9d-9f39-c05ad5961bf4"/>
		<Property id="PROPERTY_4840" name="TAPE_Width" value="20"/>
		<Property id="PROPERTY_4841" name="DESCRIPTION" value="TAPE-100C-BK-ADH_TEAR-MED_NOISE-LITTLE_WEAR"/>
		<Property id="PROPERTY_4842" name="BDL_BundleCoverLayer" value="10"/>
		<Property id="PROPERTY_4843" name="BDL_CoveringLength" value="262.0"/>
		<Property id="PROPERTY_4844" name="SYM_NAME" value="WIRETAPE¶Overlap-horz"/>
		<Property id="PROPERTY_4845" name="HRN_Level_Ref" value="AA/AD/AF/AH/AK/AM/AP/BA/BD/BF/XA/XC/XE/XG"/>
		<Property id="PROPERTY_4846" name="COLOR" value="BK"/>
		<Property id="PROPERTY_4847" name="SUB_PROJECT" value="HRN-14401"/>
		<Property id="PROPERTY_4848" name="DEVICE_NAME" value="TA600-23PT1:HRN-14401:"/>
		<Property id="PROPERTY_4849" name="BDL_CoveringEndPoint" value="TK600"/>
		<Property id="PROPERTY_4850" name="TAPE_Thickness" value="0.1"/>
		<Property id="PROPERTY_4851" name="BDL_CoveringStartPoint" value="N23-PT1"/>
		<Property id="PROPERTY_4852" name="HRN_FAMILY" value="14401"/>
		<Property id="PROPERTY_4853" name="COMP_TYPE" value="TAPE"/>
		<Option id="OPTION_95-1c-0-9c0b1a_1" value="HUKAA"/>
		<BranchRoute id="BRR_121">
			<StartBranchPosition id="BR_POS_505" branchId="BRANCH_c2-4e-0-4c0ed7" branchNodeId="BN_1111_9-174_058" offset="0"/>
			<PassBranchId>BRANCH_c2-4e-0-4c0ed7</PassBranchId>
			<EndBranchPosition id="BR_POS_506" branchId="BRANCH_c2-4e-0-4c0ed7" branchNodeId="BN_2223_9-390_058" offset="0"/>
		</BranchRoute>
	</HarnessItem>
	<HarnessItem xsi:type="Protection" id="PROT_20-1c-0-eb1553" name="TA190_608A" location="HRN-14401" compType="ESKU5T-1A303-AA(A10Y00)" symbolName="WIRETAPE" symbolCharacteristic="Spiral-horz" length="56">
		<AppRef name="E3.Series" version="2.14.5.0" guid="4389fbdb-661a-4bed-9a8b-003ed749029a"/>
		<Property id="PROPERTY_4854" name="TAPE_Width" value="20"/>
		<Property id="PROPERTY_4855" name="DESCRIPTION" value="TAPE-85C-BK-ADH_TEAR-NO_NOISE-NO_WEAR"/>
		<Property id="PROPERTY_4856" name="BDL_BundleCoverLayer" value="10"/>
		<Property id="PROPERTY_4857" name="BDL_CoveringLength" value="388.0"/>
		<Property id="PROPERTY_4858" name="SYM_NAME" value="WIRETAPE¶Spiral-horz"/>
		<Property id="PROPERTY_4859" name="HRN_Level_Ref" value="AA/AB/AC/AD/AE/AF/AG/AH/AJ/AK/AL/AM/AN/AP/AR/BA/BB/BC/BD/BE/BF/BG/BH/BJ/CA/CB/CC/CD/CE/DA/DB/DC/DD"/>
		<Property id="PROPERTY_4860" name="HRN_Level_Ref" value="HA/HB/HC/HD/TM/TP/TR/UA/UB/UC/UD/UE/UF/VA/XA/XB/XC/XD/XE/XF/XG/XH/XJ/XK/XL/XM/XN/XP/XR/XS/YA/YB/YC"/>
		<Property id="PROPERTY_4861" name="HRN_Level_Ref" value="YD/YE/YF/YG/YH/YJ/YK/YL/YM/YN/YP/YR/YS/YT/YU/YV/ZA/ZB/ZC/ZD/ZE/ZF/ZG/ZH"/>
		<Property id="PROPERTY_4862" name="COLOR" value="BK"/>
		<Property id="PROPERTY_4863" name="SUB_PROJECT" value="HRN-14401"/>
		<Property id="PROPERTY_4864" name="DEVICE_NAME" value="TA190_608A:HRN-14401:"/>
		<Property id="PROPERTY_4865" name="BDL_CoveringEndPoint" value="TK190"/>
		<Property id="PROPERTY_4866" name="TAPE_Thickness" value="0.1"/>
		<Property id="PROPERTY_4867" name="BDL_CoveringStartPoint" value="N-SH-1"/>
		<Property id="PROPERTY_4868" name="HRN_FAMILY" value="14401"/>
		<Property id="PROPERTY_4869" name="COMP_TYPE" value="TAPE"/>
		<BranchRoute id="BRR_122">
			<StartBranchPosition id="BR_POS_507" branchId="BRANCH_c2-4e-0-4c10ec" branchNodeId="BN_21184-384" offset="0"/>
			<PassBranchId>BRANCH_c2-4e-0-4c10ec</PassBranchId>
			<EndBranchPosition id="BR_POS_508" branchId="BRANCH_c2-4e-0-4c10ec" branchNodeId="BN_21240-384" offset="0"/>
		</BranchRoute>
	</HarnessItem>
	<HarnessItem xsi:type="Protection" id="PROT_6a-1c-0-2356ab" name="TAR310-N2CR08EV" compType="ESKU5T-1A303-AA(B10Y21)" symbolName="WIRETAPE" symbolCharacteristic="Overlap-horz" length="528">
		<AppRef name="E3.Series" version="2.14.0.0" guid="236251cf-9a3d-4356-8e8d-113dbfe6e0a3"/>
		<Property id="PROPERTY_4253" name="TAPE_Width" value="20"/>
		<Property id="PROPERTY_4254" name="DESCRIPTION" value="TAPE-100C-BK-ADH_TEAR-MED_NOISE-LITTLE_WEAR"/>
		<Property id="PROPERTY_4255" name="BDL_BundleCoverLayer" value="10"/>
		<Property id="PROPERTY_4256" name="BDL_CoveringLength" value="602.0"/>
		<Property id="PROPERTY_4257" name="SYM_NAME" value="WIRETAPE¶Overlap-horz"/>
		<Property id="PROPERTY_4258" name="HRN_Level_Ref" value="ZA/ZB/ZC/ZF"/>
		<Property id="PROPERTY_4259" name="COLOR" value="BK"/>
		<Property id="PROPERTY_4260" name="SUB_PROJECT" value="HRN-14401"/>
		<Property id="PROPERTY_4261" name="DEVICE_NAME" value="TAR310-N2CR08EV::"/>
		<Property id="PROPERTY_4262" name="BDL_CoveringEndPoint" value="N2RC08EV"/>
		<Property id="PROPERTY_4263" name="TAPE_Thickness" value="0.1"/>
		<Property id="PROPERTY_4264" name="BDL_CoveringStartPoint" value="RT310"/>
		<Property id="PROPERTY_4265" name="HRN_FAMILY" value="14401"/>
		<Property id="PROPERTY_4266" name="COMP_TYPE" value="TAPE"/>
		<Option id="OPTION_6a-1c-0-2356ab_1" value="HJGAY"/>
		<BranchRoute id="BRR_95">
			<StartBranchPosition id="BR_POS_441" branchId="BRANCH_34-4e-0-79528a" branchNodeId="BN_11616-112" offset="0"/>
			<PassBranchId>BRANCH_34-4e-0-79528a</PassBranchId>
			<PassBranchId>BRANCH_35-4e-0-3670c5</PassBranchId>
			<PassBranchId>BRANCH_34-4e-0-79f0aa</PassBranchId>
			<PassBranchId>BRANCH_35-4e-0-358d30</PassBranchId>
			<PassBranchId>BRANCH_35-4e-0-3ba590</PassBranchId>
			<PassBranchId>BRANCH_35-4e-0-3ba598</PassBranchId>
			<EndBranchPosition id="BR_POS_442" branchId="BRANCH_35-4e-0-3ba598" branchNodeId="BN_11744-320" offset="0"/>
		</BranchRoute>
	</HarnessItem>
	<HarnessItem xsi:type="Protection" id="PROT_c2-1c-0-4bce7d" name="TA-S100" compType="ESKU5T-1A303-AA(B10Y21)" symbolName="WIRETAPE" symbolCharacteristic="SpotTape" rotation="90" length="0">
		<AppRef name="E3.Series" version="2.14.0.0" guid="56079ca0-122d-46ab-a79f-80e131cdcce8"/>
		<Property id="PROPERTY_2420" name="TAPE_Width" value="20"/>
		<Property id="PROPERTY_2421" name="DESCRIPTION" value="TAPE-100C-BK-ADH_TEAR-MED_NOISE-LITTLE_WEAR"/>
		<Property id="PROPERTY_2422" name="BDL_BundleCoverLayer" value="10"/>
		<Property id="PROPERTY_2423" name="BDL_CoveringLength" value="44.0"/>
		<Property id="PROPERTY_2424" name="SYM_NAME" value="WIRETAPE¶SpotTape"/>
		<Property id="PROPERTY_2425" name="HRN_Level_Ref" value="AA/AB/AC/AD/AE/AF/AG/AH/AJ/AK/AL/AM/AN/AP/AR/BA/BB/BC/BD/BE/BF/BG/BH/BJ/UA/UB/UC/UD/UE/UF/XA/XB/XC"/>
		<Property id="PROPERTY_2426" name="HRN_Level_Ref" value="XD/XE/XF/XG/XH/XJ/XS/YA/YB/YC/YD/YE/YF/YG/YH/YU/YV"/>
		<Property id="PROPERTY_2427" name="COLOR" value="BK"/>
		<Property id="PROPERTY_2428" name="SUB_PROJECT" value="HRN-14401"/>
		<Property id="PROPERTY_2429" name="DEVICE_NAME" value="TA-S100::"/>
		<Property id="PROPERTY_2430" name="BDL_CoveringEndPoint" value="TA-S100"/>
		<Property id="PROPERTY_2431" name="TAPE_Thickness" value="0.1"/>
		<Property id="PROPERTY_2432" name="BDL_CoveringStartPoint" value="TA-S100"/>
		<Property id="PROPERTY_2433" name="HRN_FAMILY" value="14401"/>
		<Property id="PROPERTY_2434" name="COMP_TYPE" value="TAPE"/>
		<Option id="OPTION_c2-1c-0-4bce7d_1" value="GRAA2"/>
		<BranchPosition id="BR_POS_230" branchId="BRANCH_c2-4e-0-4c0d92" branchNodeId="BN_5263_9-334_058" offset="42.226340748911248"/>
	</HarnessItem>
	<HarnessItem xsi:type="Protection" id="PROT_c2-1c-0-4bcf51" name="TA520-2AM01B3" compType="ESKU5T-1A303-AA(B10Y21)" symbolName="WIRETAPE" symbolCharacteristic="SpotTape" rotation="90" length="0">
		<AppRef name="E3.Series" version="2.14.0.0" guid="cbf4cc8b-bc38-44c3-9cd6-74aacf56d32f"/>
		<Property id="PROPERTY_2435" name="TAPE_Width" value="20"/>
		<Property id="PROPERTY_2436" name="DESCRIPTION" value="TAPE-100C-BK-ADH_TEAR-MED_NOISE-LITTLE_WEAR"/>
		<Property id="PROPERTY_2437" name="BDL_BundleCoverLayer" value="10"/>
		<Property id="PROPERTY_2438" name="BDL_CoveringLength" value="34.0"/>
		<Property id="PROPERTY_2439" name="SYM_NAME" value="WIRETAPE¶SpotTape"/>
		<Property id="PROPERTY_2440" name="HRN_Level_Ref" value="HA/HB/HC/HD/TM/TP/TR/XN/XP"/>
		<Property id="PROPERTY_2441" name="COLOR" value="BK"/>
		<Property id="PROPERTY_2442" name="SUB_PROJECT" value="HRN-14401"/>
		<Property id="PROPERTY_2443" name="DEVICE_NAME" value="TA520-2AM01B3::"/>
		<Property id="PROPERTY_2444" name="BDL_CoveringEndPoint" value="TA520-2AM01B3"/>
		<Property id="PROPERTY_2445" name="TAPE_Thickness" value="0.1"/>
		<Property id="PROPERTY_2446" name="BDL_CoveringStartPoint" value="TA520-2AM01B3"/>
		<Property id="PROPERTY_2447" name="HRN_FAMILY" value="14401"/>
		<Property id="PROPERTY_2448" name="COMP_TYPE" value="TAPE"/>
		<Option id="OPTION_c2-1c-0-4bcf51_1" value="GPAAW"/>
		<BranchPosition id="BR_POS_231" branchId="BRANCH_c2-4e-0-4c0d9e" branchNodeId="BN_4783_9-214_058" offset="17.681545530974603"/>
	</HarnessItem>
	<HarnessItem xsi:type="Protection" id="PROT_c2-1c-0-4bcf62" name="TA520-2AM01B" compType="ESKU5T-1A303-AA(B10Y21)" symbolName="WIRETAPE" symbolCharacteristic="SpotTape" rotation="0" length="0">
		<AppRef name="E3.Series" version="2.14.0.0" guid="9b30a5d5-7edf-4f93-a303-4b69875e37e1"/>
		<Property id="PROPERTY_2449" name="TAPE_Width" value="20"/>
		<Property id="PROPERTY_2450" name="DESCRIPTION" value="TAPE-100C-BK-ADH_TEAR-MED_NOISE-LITTLE_WEAR"/>
		<Property id="PROPERTY_2451" name="BDL_BundleCoverLayer" value="10"/>
		<Property id="PROPERTY_2452" name="BDL_CoveringLength" value="34.0"/>
		<Property id="PROPERTY_2453" name="SYM_NAME" value="WIRETAPE¶SpotTape"/>
		<Property id="PROPERTY_2454" name="HRN_Level_Ref" value="AA/AB/AC/AD/AE/AF/AG/AH/AJ/AK/AL/AM/AN/AP/AR/BA/BB/BC/BD/BE/BF/BG/BH/BJ/CA/CB/CC/CD/CE/DA/DB/DC/DD"/>
		<Property id="PROPERTY_2455" name="HRN_Level_Ref" value="UA/UB/UC/UD/UE/UF/VA/XA/XB/XC/XD/XE/XF/XG/XH/XJ/XK/XL/XM/XR/XS/YA/YB/YC/YD/YE/YF/YG/YH/YJ/YK/YL/YM"/>
		<Property id="PROPERTY_2456" name="HRN_Level_Ref" value="YN/YP/YR/YS/YT/YU/YV/ZA/ZB/ZC/ZD/ZE/ZF/ZG/ZH"/>
		<Property id="PROPERTY_2457" name="COLOR" value="BK"/>
		<Property id="PROPERTY_2458" name="SUB_PROJECT" value="HRN-14401"/>
		<Property id="PROPERTY_2459" name="DEVICE_NAME" value="TA520-2AM01B::"/>
		<Property id="PROPERTY_2460" name="BDL_CoveringEndPoint" value="TA520-2AM01B"/>
		<Property id="PROPERTY_2461" name="TAPE_Thickness" value="0.1"/>
		<Property id="PROPERTY_2462" name="BDL_CoveringStartPoint" value="TA520-2AM01B"/>
		<Property id="PROPERTY_2463" name="HRN_FAMILY" value="14401"/>
		<Property id="PROPERTY_2464" name="COMP_TYPE" value="TAPE"/>
		<Option id="OPTION_c2-1c-0-4bcf62_1" value="GPAAJ"/>
		<BranchPosition id="BR_POS_232" branchId="BRANCH_c2-4e-0-4c0f96" branchNodeId="BN_4983_9-294_058" offset="43.1331247229551"/>
	</HarnessItem>
	<HarnessItem xsi:type="Protection" id="PROT_c2-1c-0-4bcf73" name="TA520-2AM01F" compType="ESKU5T-1A303-AA(B10Y21)" symbolName="WIRETAPE" symbolCharacteristic="SpotTape" rotation="0" length="0">
		<AppRef name="E3.Series" version="2.14.0.0" guid="3ee32586-b863-41eb-8b8d-53a059c791ad"/>
		<Property id="PROPERTY_2465" name="TAPE_Width" value="20"/>
		<Property id="PROPERTY_2466" name="DESCRIPTION" value="TAPE-100C-BK-ADH_TEAR-MED_NOISE-LITTLE_WEAR"/>
		<Property id="PROPERTY_2467" name="BDL_BundleCoverLayer" value="10"/>
		<Property id="PROPERTY_2468" name="BDL_CoveringLength" value="30.0"/>
		<Property id="PROPERTY_2469" name="SYM_NAME" value="WIRETAPE¶SpotTape"/>
		<Property id="PROPERTY_2470" name="HRN_Level_Ref" value="DA/DB/DC/DD/VA/XM/XR/YM/YN/YS/YT/ZA/ZB/ZC/ZD/ZF/ZH"/>
		<Property id="PROPERTY_2471" name="COLOR" value="BK"/>
		<Property id="PROPERTY_2472" name="SUB_PROJECT" value="HRN-14401"/>
		<Property id="PROPERTY_2473" name="DEVICE_NAME" value="TA520-2AM01F::"/>
		<Property id="PROPERTY_2474" name="BDL_CoveringEndPoint" value="TA520-2AM01F"/>
		<Property id="PROPERTY_2475" name="TAPE_Thickness" value="0.1"/>
		<Property id="PROPERTY_2476" name="BDL_CoveringStartPoint" value="TA520-2AM01F"/>
		<Property id="PROPERTY_2477" name="HRN_FAMILY" value="14401"/>
		<Property id="PROPERTY_2478" name="COMP_TYPE" value="TAPE"/>
		<Option id="OPTION_c2-1c-0-4bcf73_1" value="GTBAB &amp; GPAAJ"/>
		<BranchPosition id="BR_POS_233" branchId="BRANCH_c2-4e-0-4c0e3b" branchNodeId="BN_5199_9-334_058" offset="39.641266676994555"/>
	</HarnessItem>
	<HarnessItem xsi:type="Protection" id="PROT_c2-1c-0-4bd071" name="TA_ID" compType="ESHU5T-1289-AB" symbolName="ID_TAPE" symbolCharacteristic="" length="0">
		<AppRef name="E3.Series" version="2.14.0.0" guid="30c39f92-7ccd-49b3-a42c-4dd36028b2c3"/>
		<Property id="PROPERTY_2479" name="TAPE_Width" value="66"/>
		<Property id="PROPERTY_2480" name="DESCRIPTION" value="TAPE-IDENTIFICATION SPEC"/>
		<Property id="PROPERTY_2481" name="BDL_BundleCoverLayer" value="40"/>
		<Property id="PROPERTY_2482" name="BDL_CoveringLength" value="1.0"/>
		<Property id="PROPERTY_2483" name="SYM_NAME" value="ID_TAPE"/>
		<Property id="PROPERTY_2484" name="HRN_Level_Ref" value="AA/AB/AC/AD/AE/AF/AG/AH/AJ/AK/AL/AM/AN/AP/AR/BA/BB/BC/BD/BE/BF/BG/BH/BJ/CA/CB/CC/CD/CE/DA/DB/DC/DD"/>
		<Property id="PROPERTY_2485" name="HRN_Level_Ref" value="HA/HB/HC/HD/TM/TP/TR/UA/UB/UC/UD/UE/UF/VA/XA/XB/XC/XD/XE/XF/XG/XH/XJ/XK/XL/XM/XN/XP/XR/XS/YA/YB/YC"/>
		<Property id="PROPERTY_2486" name="HRN_Level_Ref" value="YD/YE/YF/YG/YH/YJ/YK/YL/YM/YN/YP/YR/YS/YT/YU/YV/ZA/ZB/ZC/ZD/ZE/ZF/ZG/ZH"/>
		<Property id="PROPERTY_2487" name="COLOR" value="TBDC"/>
		<Property id="PROPERTY_2488" name="SUB_PROJECT" value="HRN-14401"/>
		<Property id="PROPERTY_2489" name="DEVICE_NAME" value="TA_ID::"/>
		<Property id="PROPERTY_2490" name="BDL_CoveringEndPoint" value="TA_ID"/>
		<Property id="PROPERTY_2491" name="TAPE_Thickness" value="0.1"/>
		<Property id="PROPERTY_2492" name="BDL_CoveringStartPoint" value="TA_ID"/>
		<Property id="PROPERTY_2493" name="HRN_FAMILY" value="14401"/>
		<Property id="PROPERTY_2494" name="COMP_TYPE" value="TAPE"/>
	</HarnessItem>
	<HarnessItem xsi:type="Protection" id="PROT_c2-1c-0-4bd151" name="TA280-2H101B" compType="ESKU5T-1A303-AA(B10Y21)" symbolName="WIRETAPE" symbolCharacteristic="SpotTape" rotation="0" length="0">
		<AppRef name="E3.Series" version="2.14.0.0" guid="4c8300b0-52bf-4ded-a590-2b3d8870c21f"/>
		<Property id="PROPERTY_2495" name="TAPE_Width" value="20"/>
		<Property id="PROPERTY_2496" name="DESCRIPTION" value="TAPE-100C-BK-ADH_TEAR-MED_NOISE-LITTLE_WEAR"/>
		<Property id="PROPERTY_2497" name="BDL_BundleCoverLayer" value="10"/>
		<Property id="PROPERTY_2498" name="BDL_CoveringLength" value="73.0"/>
		<Property id="PROPERTY_2499" name="SYM_NAME" value="WIRETAPE¶SpotTape"/>
		<Property id="PROPERTY_2500" name="HRN_Level_Ref" value="AA/AB/AD/AE/AF/AG/AH/AJ/AK/AL/AM/AN/AP/AR/BA/BB/BD/BE/BF/BG/BH/BJ/CA/CB/CC/CD/CE/DA/DB/DC/DD/HA/HB"/>
		<Property id="PROPERTY_2501" name="HRN_Level_Ref" value="HC/HD/TM/TP/TR/UA/UB/UC/UD/UE/UF/VA/XA/XB/XC/XD/XE/XF/XG/XH/XJ/XK/XL/XM/XN/XP/XR/XS/YC/YD/YG/YH/YK"/>
		<Property id="PROPERTY_2502" name="HRN_Level_Ref" value="YL/YM/YN/YP/YR/YS/YT/YU/YV/ZD/ZE/ZG/ZH"/>
		<Property id="PROPERTY_2503" name="COLOR" value="BK"/>
		<Property id="PROPERTY_2504" name="SUB_PROJECT" value="HRN-14401"/>
		<Property id="PROPERTY_2505" name="DEVICE_NAME" value="TA280-2H101B::"/>
		<Property id="PROPERTY_2506" name="BDL_CoveringEndPoint" value="TA280-2H101B"/>
		<Property id="PROPERTY_2507" name="TAPE_Thickness" value="0.1"/>
		<Property id="PROPERTY_2508" name="BDL_CoveringStartPoint" value="TA280-2H101B"/>
		<Property id="PROPERTY_2509" name="HRN_FAMILY" value="14401"/>
		<Property id="PROPERTY_2510" name="COMP_TYPE" value="TAPE"/>
		<Option id="OPTION_c2-1c-0-4bd151_1" value="HJGAX | EN_BM"/>
		<BranchPosition id="BR_POS_234" branchId="BRANCH_c2-4e-0-4c0f44" branchNodeId="BN_14728-255_961" offset="11.336877522501302"/>
	</HarnessItem>
	<HarnessItem xsi:type="Protection" id="PROT_c2-1c-0-4bd169" name="TA180-12B2" compType="ESKU5T-1A303-AA(B10Y21)" symbolName="WIRETAPE" symbolCharacteristic="SpotTape" rotation="90" length="0">
		<AppRef name="E3.Series" version="2.14.0.0" guid="a85e86e6-dbea-4abf-8b29-427f9aaa580b"/>
		<Property id="PROPERTY_2511" name="TAPE_Width" value="20"/>
		<Property id="PROPERTY_2512" name="DESCRIPTION" value="TAPE-100C-BK-ADH_TEAR-MED_NOISE-LITTLE_WEAR"/>
		<Property id="PROPERTY_2513" name="BDL_BundleCoverLayer" value="10"/>
		<Property id="PROPERTY_2514" name="BDL_CoveringLength" value="91.0"/>
		<Property id="PROPERTY_2515" name="SYM_NAME" value="WIRETAPE¶SpotTape"/>
		<Property id="PROPERTY_2516" name="HRN_Level_Ref" value="AA/AB/AC/AD/AE/AF/AG/AH/AJ/AK/AL/AM/AN/AP/AR/BA/BB/BC/BD/BE/BF/BG/BH/BJ/CA/CB/CC/CD/CE/DA/DB/DC/DD"/>
		<Property id="PROPERTY_2517" name="HRN_Level_Ref" value="HA/HB/HC/HD/TM/TP/TR/UA/UB/UC/UD/UE/UF/VA/XA/XB/XC/XD/XE/XF/XG/XH/XJ/XK/XL/XM/XN/XP/XR/XS/YA/YB/YC"/>
		<Property id="PROPERTY_2518" name="HRN_Level_Ref" value="YD/YE/YF/YG/YH/YJ/YK/YL/YM/YN/YP/YR/YS/YT/YU/YV/ZA/ZB/ZC/ZD/ZE/ZF/ZG/ZH"/>
		<Property id="PROPERTY_2519" name="COLOR" value="BK"/>
		<Property id="PROPERTY_2520" name="SUB_PROJECT" value="HRN-14401"/>
		<Property id="PROPERTY_2521" name="DEVICE_NAME" value="TA180-12B2::"/>
		<Property id="PROPERTY_2522" name="BDL_CoveringEndPoint" value="TA180-12B2"/>
		<Property id="PROPERTY_2523" name="TAPE_Thickness" value="0.1"/>
		<Property id="PROPERTY_2524" name="BDL_CoveringStartPoint" value="TA180-12B2"/>
		<Property id="PROPERTY_2525" name="HRN_FAMILY" value="14401"/>
		<Property id="PROPERTY_2526" name="COMP_TYPE" value="TAPE"/>
		<BranchPosition id="BR_POS_235" branchId="BRANCH_c2-4e-0-4c0e62" branchNodeId="BN_21712-216" offset="31.03448275862069"/>
	</HarnessItem>
	<HarnessItem xsi:type="Protection" id="PROT_c2-1c-0-4bd192" name="TA737" location="HRN-14401" compType="ESKU5T-1A303-AA(B10Y21)" symbolName="WIRETAPE" symbolCharacteristic="SpotTape" rotation="90" length="0">
		<AppRef name="E3.Series" version="2.14.0.0" guid="0267e7ea-dd7a-4b67-8b9a-21fdf15ec249"/>
		<Property id="PROPERTY_2527" name="TAPE_Width" value="20"/>
		<Property id="PROPERTY_2528" name="DESCRIPTION" value="TAPE-100C-BK-ADH_TEAR-MED_NOISE-LITTLE_WEAR"/>
		<Property id="PROPERTY_2529" name="BDL_BundleCoverLayer" value="25"/>
		<Property id="PROPERTY_2530" name="BDL_CoveringLength" value="46.0"/>
		<Property id="PROPERTY_2531" name="SYM_NAME" value="WIRETAPE¶SpotTape"/>
		<Property id="PROPERTY_2532" name="HRN_Level_Ref" value="AA/AB/AC/AD/AE/AF/AG/AH/AJ/AK/AL/AM/AN/AP/AR/BA/BB/BC/BD/BE/BF/BG/BH/BJ/CA/CB/CC/CD/CE/DA/DB/DC/DD"/>
		<Property id="PROPERTY_2533" name="HRN_Level_Ref" value="HA/HB/HC/HD/TM/TP/TR/UA/UB/UC/UD/UE/UF/VA/XA/XB/XC/XD/XE/XF/XG/XH/XJ/XK/XL/XM/XN/XP/XR/XS/YA/YB/YC"/>
		<Property id="PROPERTY_2534" name="HRN_Level_Ref" value="YD/YE/YF/YG/YH/YJ/YK/YL/YM/YN/YP/YR/YS/YT/YU/YV/ZA/ZB/ZC/ZD/ZE/ZF/ZG/ZH"/>
		<Property id="PROPERTY_2535" name="COLOR" value="BK"/>
		<Property id="PROPERTY_2536" name="SUB_PROJECT" value="HRN-14401"/>
		<Property id="PROPERTY_2537" name="DEVICE_NAME" value="TA737:HRN-14401:"/>
		<Property id="PROPERTY_2538" name="BDL_CoveringEndPoint" value="TA737"/>
		<Property id="PROPERTY_2539" name="TAPE_Thickness" value="0.1"/>
		<Property id="PROPERTY_2540" name="BDL_CoveringStartPoint" value="TA737"/>
		<Property id="PROPERTY_2541" name="HRN_FAMILY" value="14401"/>
		<Property id="PROPERTY_2542" name="COMP_TYPE" value="TAPE"/>
		<BranchPosition id="BR_POS_236" branchId="BRANCH_ff-4e-0-9b280f" branchNodeId="BN_7584-268" offset="3.9100506187761308"/>
	</HarnessItem>
	<HarnessItem xsi:type="Protection" id="PROT_c2-1c-0-4bd43b" name="TA777" location="HRN-14401" compType="ESAC3T-1A303-AA(A18-00)" symbolName="WIRETAPE" symbolCharacteristic="SpotTape" rotation="90" length="0">
		<AppRef name="E3.Series" version="2.14.0.0" guid="aec4cf14-5421-47f9-9a42-15a8e28a920d"/>
		<Property id="PROPERTY_2543" name="TAPE_Width" value="20"/>
		<Property id="PROPERTY_2544" name="DESCRIPTION" value="TAPE-85C-GY-ADH_YES"/>
		<Property id="PROPERTY_2545" name="BDL_BundleCoverLayer" value="25"/>
		<Property id="PROPERTY_2546" name="BDL_CoveringLength" value="37.0"/>
		<Property id="PROPERTY_2547" name="SYM_NAME" value="WIRETAPE¶SpotTape"/>
		<Property id="PROPERTY_2548" name="HRN_Level_Ref" value="AA/AB/AC/AD/AE/AF/AG/AH/AJ/AK/AL/AM/AN/AP/AR/BA/BB/BC/BD/BE/BF/BG/BH/BJ/CA/CB/CC/CD/CE/DA/DB/DC/DD"/>
		<Property id="PROPERTY_2549" name="HRN_Level_Ref" value="HA/HB/HC/HD/TM/TP/TR/UA/UB/UC/UD/UE/UF/VA/XA/XB/XC/XD/XE/XF/XG/XH/XJ/XK/XL/XM/XN/XP/XR/XS/YA/YB/YC"/>
		<Property id="PROPERTY_2550" name="HRN_Level_Ref" value="YD/YE/YF/YG/YH/YJ/YK/YL/YM/YN/YP/YR/YS/YT/YU/YV/ZA/ZB/ZC/ZD/ZE/ZF/ZG/ZH"/>
		<Property id="PROPERTY_2551" name="COLOR" value="GY"/>
		<Property id="PROPERTY_2552" name="SUB_PROJECT" value="HRN-14401"/>
		<Property id="PROPERTY_2553" name="DEVICE_NAME" value="TA777:HRN-14401:"/>
		<Property id="PROPERTY_2554" name="BDL_CoveringEndPoint" value="TA777"/>
		<Property id="PROPERTY_2555" name="TAPE_Thickness" value="0.1"/>
		<Property id="PROPERTY_2556" name="BDL_CoveringStartPoint" value="TA777"/>
		<Property id="PROPERTY_2557" name="HRN_FAMILY" value="14401"/>
		<Property id="PROPERTY_2558" name="COMP_TYPE" value="TAPE"/>
		<BranchPosition id="BR_POS_237" branchId="BRANCH_c2-4e-0-4c0dcb" branchNodeId="BN_2863_9-229_058" offset="1.2055791605264177"/>
	</HarnessItem>
	<HarnessItem xsi:type="Protection" id="PROT_c2-1c-0-4bd44c" name="TA779" location="HRN-14401" compType="ESKU5T-1A303-AA(100Y00)" symbolName="WIRETAPE" symbolCharacteristic="SpotTape" rotation="0" length="0">
		<AppRef name="E3.Series" version="2.14.0.0" guid="e85cba06-90d2-46a3-a26b-9cae331d4670"/>
		<Property id="PROPERTY_2559" name="TAPE_Width" value="20"/>
		<Property id="PROPERTY_2560" name="DESCRIPTION" value="TAPE-85C-BK-ADH_TEAR-NO_NOISE-NO_WEAR"/>
		<Property id="PROPERTY_2561" name="BDL_BundleCoverLayer" value="40"/>
		<Property id="PROPERTY_2562" name="BDL_CoveringLength" value="133.0"/>
		<Property id="PROPERTY_2563" name="SYM_NAME" value="WIRETAPE¶SpotTape"/>
		<Property id="PROPERTY_2564" name="HRN_Level_Ref" value="AA/AB/AC/AD/AE/AF/AG/AH/AJ/AK/AL/AM/AN/AP/AR/BA/BB/BC/BD/BE/BF/BG/BH/BJ/CA/CB/CC/CD/CE/DA/DB/DC/DD"/>
		<Property id="PROPERTY_2565" name="HRN_Level_Ref" value="HA/HB/HC/HD/TM/TP/TR/UA/UB/UC/UD/UE/UF/VA/XA/XB/XC/XD/XE/XF/XG/XH/XJ/XK/XL/XM/XN/XP/XR/XS/YA/YB/YC"/>
		<Property id="PROPERTY_2566" name="HRN_Level_Ref" value="YD/YE/YF/YG/YH/YJ/YK/YL/YM/YN/YP/YR/YS/YT/YU/YV/ZA/ZB/ZC/ZD/ZE/ZF/ZG/ZH"/>
		<Property id="PROPERTY_2567" name="COLOR" value="BK"/>
		<Property id="PROPERTY_2568" name="SUB_PROJECT" value="HRN-14401"/>
		<Property id="PROPERTY_2569" name="DEVICE_NAME" value="TA779:HRN-14401:"/>
		<Property id="PROPERTY_2570" name="BDL_CoveringEndPoint" value="TA779"/>
		<Property id="PROPERTY_2571" name="TAPE_Thickness" value="0.1"/>
		<Property id="PROPERTY_2572" name="BDL_CoveringStartPoint" value="TA779"/>
		<Property id="PROPERTY_2573" name="HRN_FAMILY" value="14401"/>
		<Property id="PROPERTY_2574" name="COMP_TYPE" value="TAPE"/>
		<BranchPosition id="BR_POS_238" branchId="BRANCH_c2-4e-0-4c0ff9" branchNodeId="BN_16228-368" offset="28.35820895522388"/>
	</HarnessItem>
	<HarnessItem xsi:type="Protection" id="PROT_c2-1c-0-4bd45d" name="TA780" location="HRN-14401" compType="ESKU5T-1A303-AA(100Y00)" symbolName="WIRETAPE" symbolCharacteristic="SpotTape" rotation="0" length="0">
		<AppRef name="E3.Series" version="2.14.0.0" guid="f543644e-9caa-49b3-9002-96aadb7ee46d"/>
		<Property id="PROPERTY_2575" name="TAPE_Width" value="20"/>
		<Property id="PROPERTY_2576" name="DESCRIPTION" value="TAPE-85C-BK-ADH_TEAR-NO_NOISE-NO_WEAR"/>
		<Property id="PROPERTY_2577" name="BDL_BundleCoverLayer" value="40"/>
		<Property id="PROPERTY_2578" name="BDL_CoveringLength" value="98.0"/>
		<Property id="PROPERTY_2579" name="SYM_NAME" value="WIRETAPE¶SpotTape"/>
		<Property id="PROPERTY_2580" name="HRN_Level_Ref" value="AA/AB/AC/AD/AE/AF/AG/AH/AJ/AK/AL/AM/AN/AP/AR/BA/BB/BC/BD/BE/BF/BG/BH/BJ/CA/CB/CC/CD/CE/DA/DB/DC/DD"/>
		<Property id="PROPERTY_2581" name="HRN_Level_Ref" value="HA/HB/HC/HD/TM/TP/TR/UA/UB/UC/UD/UE/UF/VA/XA/XB/XC/XD/XE/XF/XG/XH/XJ/XK/XL/XM/XN/XP/XR/XS/YA/YB/YC"/>
		<Property id="PROPERTY_2582" name="HRN_Level_Ref" value="YD/YE/YF/YG/YH/YJ/YK/YL/YM/YN/YP/YR/YS/YT/YU/YV/ZA/ZB/ZC/ZD/ZE/ZF/ZG/ZH"/>
		<Property id="PROPERTY_2583" name="COLOR" value="BK"/>
		<Property id="PROPERTY_2584" name="SUB_PROJECT" value="HRN-14401"/>
		<Property id="PROPERTY_2585" name="DEVICE_NAME" value="TA780:HRN-14401:"/>
		<Property id="PROPERTY_2586" name="BDL_CoveringEndPoint" value="TA780"/>
		<Property id="PROPERTY_2587" name="TAPE_Thickness" value="0.1"/>
		<Property id="PROPERTY_2588" name="BDL_CoveringStartPoint" value="TA780"/>
		<Property id="PROPERTY_2589" name="HRN_FAMILY" value="14401"/>
		<Property id="PROPERTY_2590" name="COMP_TYPE" value="TAPE"/>
		<BranchPosition id="BR_POS_239" branchId="BRANCH_c2-4e-0-4c0fb4" branchNodeId="BN_9407-374" offset="47.220673704298235"/>
	</HarnessItem>
	<HarnessItem xsi:type="Protection" id="PROT_c2-1c-0-4bd46e" name="TA782" location="HRN-14401" compType="ESKU5T-1A303-AA(100Y00)" symbolName="WIRETAPE" symbolCharacteristic="SpotTape" rotation="0" length="0">
		<AppRef name="E3.Series" version="2.14.0.0" guid="5684f16c-c98b-480f-b910-79c9ccdfe3bd"/>
		<Property id="PROPERTY_2591" name="TAPE_Width" value="20"/>
		<Property id="PROPERTY_2592" name="DESCRIPTION" value="TAPE-85C-BK-ADH_TEAR-NO_NOISE-NO_WEAR"/>
		<Property id="PROPERTY_2593" name="BDL_BundleCoverLayer" value="40"/>
		<Property id="PROPERTY_2594" name="BDL_CoveringLength" value="31.0"/>
		<Property id="PROPERTY_2595" name="SYM_NAME" value="WIRETAPE¶SpotTape"/>
		<Property id="PROPERTY_2596" name="HRN_Level_Ref" value="DB/DD/HB/HD/TP/VA/XM/XN/XP/XR/YN/YT/ZB"/>
		<Property id="PROPERTY_2597" name="COLOR" value="BK"/>
		<Property id="PROPERTY_2598" name="SUB_PROJECT" value="HRN-14401"/>
		<Property id="PROPERTY_2599" name="DEVICE_NAME" value="TA782:HRN-14401:"/>
		<Property id="PROPERTY_2600" name="BDL_CoveringEndPoint" value="TA782"/>
		<Property id="PROPERTY_2601" name="TAPE_Thickness" value="0.1"/>
		<Property id="PROPERTY_2602" name="BDL_CoveringStartPoint" value="TA782"/>
		<Property id="PROPERTY_2603" name="HRN_FAMILY" value="14401"/>
		<Property id="PROPERTY_2604" name="COMP_TYPE" value="TAPE"/>
		<Option id="OPTION_c2-1c-0-4bd46e_1" value="IDBBQ"/>
		<BranchPosition id="BR_POS_240" branchId="BRANCH_c2-4e-0-4c0fdf" branchNodeId="BN_23224-360" offset="28.019609728125943"/>
	</HarnessItem>
	<HarnessItem xsi:type="Protection" id="PROT_c2-1c-0-4bd47f" name="TA783" location="HRN-14401" compType="ESKU5T-1A303-AA(100Y00)" symbolName="WIRETAPE" symbolCharacteristic="SpotTape" rotation="0" length="0">
		<AppRef name="E3.Series" version="2.14.0.0" guid="322b0a7a-cffa-4153-b9e9-8658c661d874"/>
		<Property id="PROPERTY_2605" name="TAPE_Width" value="20"/>
		<Property id="PROPERTY_2606" name="DESCRIPTION" value="TAPE-85C-BK-ADH_TEAR-NO_NOISE-NO_WEAR"/>
		<Property id="PROPERTY_2607" name="BDL_BundleCoverLayer" value="40"/>
		<Property id="PROPERTY_2608" name="BDL_CoveringLength" value="40.0"/>
		<Property id="PROPERTY_2609" name="SYM_NAME" value="WIRETAPE¶SpotTape"/>
		<Property id="PROPERTY_2610" name="HRN_Level_Ref" value="AA/AB/AC/AD/AE/AF/AG/AH/AJ/AK/AL/AM/AN/AP/AR/BA/BB/BC/BD/BE/BF/BG/BH/BJ/CA/CB/CC/CD/CE/DA/DB/DC/DD"/>
		<Property id="PROPERTY_2611" name="HRN_Level_Ref" value="HA/HB/HC/HD/TM/TP/TR/UA/UB/UC/UD/UE/UF/VA/XA/XB/XC/XD/XE/XF/XG/XH/XJ/XK/XL/XM/XN/XP/XR/XS/YA/YB/YC"/>
		<Property id="PROPERTY_2612" name="HRN_Level_Ref" value="YD/YE/YF/YG/YH/YJ/YK/YL/YM/YN/YP/YR/YS/YT/YU/YV/ZA/ZB/ZC/ZD/ZE/ZF/ZG/ZH"/>
		<Property id="PROPERTY_2613" name="COLOR" value="BK"/>
		<Property id="PROPERTY_2614" name="SUB_PROJECT" value="HRN-14401"/>
		<Property id="PROPERTY_2615" name="DEVICE_NAME" value="TA783:HRN-14401:"/>
		<Property id="PROPERTY_2616" name="BDL_CoveringEndPoint" value="TA783"/>
		<Property id="PROPERTY_2617" name="TAPE_Thickness" value="0.1"/>
		<Property id="PROPERTY_2618" name="BDL_CoveringStartPoint" value="TA783"/>
		<Property id="PROPERTY_2619" name="HRN_FAMILY" value="14401"/>
		<Property id="PROPERTY_2620" name="COMP_TYPE" value="TAPE"/>
		<BranchPosition id="BR_POS_241" branchId="BRANCH_c2-4e-0-4c0fe5" branchNodeId="BN_22408-360" offset="20.124466722046979"/>
	</HarnessItem>
	<HarnessItem xsi:type="Protection" id="PROT_c2-1c-0-4bd490" name="TA784" location="HRN-14401" compType="ESKU5T-1A303-AA(100Y00)" symbolName="WIRETAPE" symbolCharacteristic="SpotTape" rotation="0" length="0">
		<AppRef name="E3.Series" version="2.14.0.0" guid="1d837540-4396-401d-b301-6d2c90dc2bb8"/>
		<Property id="PROPERTY_2621" name="TAPE_Width" value="20"/>
		<Property id="PROPERTY_2622" name="DESCRIPTION" value="TAPE-85C-BK-ADH_TEAR-NO_NOISE-NO_WEAR"/>
		<Property id="PROPERTY_2623" name="BDL_BundleCoverLayer" value="40"/>
		<Property id="PROPERTY_2624" name="BDL_CoveringLength" value="117.0"/>
		<Property id="PROPERTY_2625" name="SYM_NAME" value="WIRETAPE¶SpotTape"/>
		<Property id="PROPERTY_2626" name="HRN_Level_Ref" value="AA/AB/AC/AD/AE/AF/AG/AH/AJ/AK/AL/AM/AN/AP/AR/BA/BB/BC/BD/BE/BF/BG/BH/BJ/CA/CB/CC/CD/CE/DA/DB/DC/DD"/>
		<Property id="PROPERTY_2627" name="HRN_Level_Ref" value="HA/HB/HC/HD/TM/TP/TR/UA/UB/UC/UD/UE/UF/VA/XA/XB/XC/XD/XE/XF/XG/XH/XJ/XK/XL/XM/XN/XP/XR/XS/YA/YB/YC"/>
		<Property id="PROPERTY_2628" name="HRN_Level_Ref" value="YD/YE/YF/YG/YH/YJ/YK/YL/YM/YN/YP/YR/YS/YT/YU/YV/ZA/ZB/ZC/ZD/ZE/ZF/ZG/ZH"/>
		<Property id="PROPERTY_2629" name="COLOR" value="BK"/>
		<Property id="PROPERTY_2630" name="SUB_PROJECT" value="HRN-14401"/>
		<Property id="PROPERTY_2631" name="DEVICE_NAME" value="TA784:HRN-14401:"/>
		<Property id="PROPERTY_2632" name="BDL_CoveringEndPoint" value="TA784"/>
		<Property id="PROPERTY_2633" name="TAPE_Thickness" value="0.1"/>
		<Property id="PROPERTY_2634" name="BDL_CoveringStartPoint" value="TA784"/>
		<Property id="PROPERTY_2635" name="HRN_FAMILY" value="14401"/>
		<Property id="PROPERTY_2636" name="COMP_TYPE" value="TAPE"/>
		<BranchPosition id="BR_POS_242" branchId="BRANCH_c2-4e-0-4c0efe" branchNodeId="BN_23664-384" offset="12.5"/>
	</HarnessItem>
	<HarnessItem xsi:type="Protection" id="PROT_c2-1c-0-4bd4a1" name="TU405" location="HRN-14401" compType="ESLU5T-14A099-BA(038-BK)" symbolName="Tube-FB" symbolCharacteristic="" length="8465.8926282739667">
		<AppRef name="E3.Series" version="2.14.0.0" guid="f8f432ac-b284-40c3-a47d-4a3f511d5614"/>
		<Property id="PROPERTY_2637" name="Min_OD" value="39.6"/>
		<Property id="PROPERTY_2638" name="TUBE_TubeBore" value="38.0"/>
		<Property id="PROPERTY_2639" name="DESCRIPTION" value="SHIELD, WIRING, WOVEN SLEEVE"/>
		<Property id="PROPERTY_2640" name="BDL_BundleCoverLayer" value="10"/>
		<Property id="PROPERTY_2641" name="BDL_CoveringLength" value="315.0"/>
		<Property id="PROPERTY_2642" name="SYM_NAME" value="Tube-FB"/>
		<Property id="PROPERTY_2643" name="Max_OD" value="39.6"/>
		<Property id="PROPERTY_2644" name="HRN_Level_Ref" value="AA/AB/AC/AD/AE/AF/AG/AH/AJ/AK/AL/AM/AN/AP/AR/BA/BB/BC/BD/BE/BF/BG/BH/BJ/CA/CB/CC/CD/CE/DA/DB/DC/DD"/>
		<Property id="PROPERTY_2645" name="HRN_Level_Ref" value="HA/HB/HC/HD/TM/TP/TR/UA/UB/UC/UD/UE/UF/VA/XA/XB/XC/XD/XE/XF/XG/XH/XJ/XK/XL/XM/XN/XP/XR/XS/YA/YB/YC"/>
		<Property id="PROPERTY_2646" name="HRN_Level_Ref" value="YD/YE/YF/YG/YH/YJ/YK/YL/YM/YN/YP/YR/YS/YT/YU/YV/ZA/ZB/ZC/ZD/ZE/ZF/ZG/ZH"/>
		<Property id="PROPERTY_2647" name="COLOR" value="BK"/>
		<Property id="PROPERTY_2648" name="SUB_PROJECT" value="HRN-14401"/>
		<Property id="PROPERTY_2649" name="DEVICE_NAME" value="TU405:HRN-14401:"/>
		<Property id="PROPERTY_2650" name="BDL_CoveringEndPoint" value="N-SH-1"/>
		<Property id="PROPERTY_2651" name="BDL_CoveringStartPoint" value="TK290"/>
		<Property id="PROPERTY_2652" name="HRN_FAMILY" value="14401"/>
		<Property id="PROPERTY_2653" name="COMP_TYPE" value="TUBE"/>
		<BranchRoute id="BRR_1">
			<StartBranchPosition id="BR_POS_243" branchId="BRANCH_c2-4e-0-4c0dea" branchNodeId="BN_12720-392" offset="0"/>
			<PassBranchId>BRANCH_c2-4e-0-4c0dea</PassBranchId>
			<PassBranchId>BRANCH_c2-4e-0-4c0fd1</PassBranchId>
			<PassBranchId>BRANCH_c2-4e-0-4c0fe8</PassBranchId>
			<PassBranchId>BRANCH_c2-4e-0-4c1009</PassBranchId>
			<PassBranchId>BRANCH_c2-4e-0-4c10cb</PassBranchId>
			<EndBranchPosition id="BR_POS_244" branchId="BRANCH_c2-4e-0-4c10cb" branchNodeId="BN_21184-384" offset="0"/>
		</BranchRoute>
	</HarnessItem>
	<HarnessItem xsi:type="Protection" id="PROT_c2-1c-0-4bd4b0" name="TA787" location="HRN-14401" compType="ESKU5T-1A303-AA(B10Y21)" symbolName="WIRETAPE" symbolCharacteristic="SpotTape" rotation="180" length="0">
		<AppRef name="E3.Series" version="2.14.0.0" guid="f5222398-d95c-4b8e-97f3-2f2512f215cb"/>
		<Property id="PROPERTY_2654" name="TAPE_Width" value="20"/>
		<Property id="PROPERTY_2655" name="DESCRIPTION" value="TAPE-100C-BK-ADH_TEAR-MED_NOISE-LITTLE_WEAR"/>
		<Property id="PROPERTY_2656" name="BDL_BundleCoverLayer" value="20"/>
		<Property id="PROPERTY_2657" name="BDL_CoveringLength" value="373.0"/>
		<Property id="PROPERTY_2658" name="SYM_NAME" value="WIRETAPE¶SpotTape"/>
		<Property id="PROPERTY_2659" name="HRN_Level_Ref" value="AA/AB/AC/AD/AE/AF/AG/AH/AJ/AK/AL/AM/AN/AP/AR/BA/BB/BC/BD/BE/BF/BG/BH/BJ/CA/CB/CC/CD/CE/DA/DB/DC/DD"/>
		<Property id="PROPERTY_2660" name="HRN_Level_Ref" value="HA/HB/HC/HD/TM/TP/TR/UA/UB/UC/UD/UE/UF/VA/XA/XB/XC/XD/XE/XF/XG/XH/XJ/XK/XL/XM/XN/XP/XR/XS/YA/YB/YC"/>
		<Property id="PROPERTY_2661" name="HRN_Level_Ref" value="YD/YE/YF/YG/YH/YJ/YK/YL/YM/YN/YP/YR/YS/YT/YU/YV/ZA/ZB/ZC/ZD/ZE/ZF/ZG/ZH"/>
		<Property id="PROPERTY_2662" name="COLOR" value="BK"/>
		<Property id="PROPERTY_2663" name="SUB_PROJECT" value="HRN-14401"/>
		<Property id="PROPERTY_2664" name="DEVICE_NAME" value="TA787:HRN-14401:"/>
		<Property id="PROPERTY_2665" name="BDL_CoveringEndPoint" value="TA787"/>
		<Property id="PROPERTY_2666" name="TAPE_Thickness" value="0.1"/>
		<Property id="PROPERTY_2667" name="BDL_CoveringStartPoint" value="TA787"/>
		<Property id="PROPERTY_2668" name="HRN_FAMILY" value="14401"/>
		<Property id="PROPERTY_2669" name="COMP_TYPE" value="TAPE"/>
		<BranchPosition id="BR_POS_245" branchId="BRANCH_c2-4e-0-4c0dea" branchNodeId="BN_12720-392" offset="19.911878167757664"/>
	</HarnessItem>
	<HarnessItem xsi:type="Protection" id="PROT_c2-1c-0-4bd4d2" name="TA790" location="HRN-14401" compType="ESKU5T-1A303-AA(B10Y21)" symbolName="WIRETAPE" symbolCharacteristic="SpotTape" rotation="0" length="0">
		<AppRef name="E3.Series" version="2.14.0.0" guid="348510ee-b59f-49f2-80f7-49e695d108a6"/>
		<Property id="PROPERTY_2670" name="TAPE_Width" value="20"/>
		<Property id="PROPERTY_2671" name="DESCRIPTION" value="TAPE-100C-BK-ADH_TEAR-MED_NOISE-LITTLE_WEAR"/>
		<Property id="PROPERTY_2672" name="BDL_BundleCoverLayer" value="20"/>
		<Property id="PROPERTY_2673" name="BDL_CoveringLength" value="38.0"/>
		<Property id="PROPERTY_2674" name="SYM_NAME" value="WIRETAPE¶SpotTape"/>
		<Property id="PROPERTY_2675" name="HRN_Level_Ref" value="AA/AB/AC/AD/AE/AF/AG/AH/AJ/AK/AL/AM/AN/AP/AR/BA/BB/BC/BD/BE/BF/BG/BH/BJ/CA/CB/CC/CD/CE/DA/DB/DC/DD"/>
		<Property id="PROPERTY_2676" name="HRN_Level_Ref" value="HA/HB/HC/HD/TM/TP/TR/UA/UB/UC/UD/UE/UF/VA/XA/XB/XC/XD/XE/XF/XG/XH/XJ/XK/XL/XM/XN/XP/XR/XS/YA/YB/YC"/>
		<Property id="PROPERTY_2677" name="HRN_Level_Ref" value="YD/YE/YF/YG/YH/YJ/YK/YL/YM/YN/YP/YR/YS/YT/YU/YV/ZA/ZB/ZC/ZD/ZE/ZF/ZG/ZH"/>
		<Property id="PROPERTY_2678" name="COLOR" value="BK"/>
		<Property id="PROPERTY_2679" name="SUB_PROJECT" value="HRN-14401"/>
		<Property id="PROPERTY_2680" name="DEVICE_NAME" value="TA790:HRN-14401:"/>
		<Property id="PROPERTY_2681" name="BDL_CoveringEndPoint" value="TA790"/>
		<Property id="PROPERTY_2682" name="TAPE_Thickness" value="0.1"/>
		<Property id="PROPERTY_2683" name="BDL_CoveringStartPoint" value="TA790"/>
		<Property id="PROPERTY_2684" name="HRN_FAMILY" value="14401"/>
		<Property id="PROPERTY_2685" name="COMP_TYPE" value="TAPE"/>
		<BranchPosition id="BR_POS_246" branchId="BRANCH_c2-4e-0-4c1016" branchNodeId="BN_9407-374" offset="6.5386295425645695"/>
	</HarnessItem>
	<HarnessItem xsi:type="Protection" id="PROT_c2-1c-0-4bd4e3" name="FEDERAL-MOGUL  1301203203M0160" location="HRN-14401" compType="TBD-ADD-PARTS-POINT" symbolName="TEMP_ADD_PARTS_PT" symbolCharacteristic="" length="0">
		<AppRef name="E3.Series" version="2.14.0.0" guid="47d24334-9640-4462-87ac-3573f053b08b"/>
		<Property id="PROPERTY_2686" name="DESCRIPTION" value="TEMP FOR ADDING ADDITIONAL PARTS"/>
		<Property id="PROPERTY_2687" name="HRN_FAMILY" value="14401"/>
		<Property id="PROPERTY_2688" name="COMP_LOC_XY" value="XY_9332_336"/>
		<Property id="PROPERTY_2689" name="COMP_TYPE" value="TUBE"/>
		<Property id="PROPERTY_2690" name="SUB_PROJECT" value="HRN-14401"/>
		<Property id="PROPERTY_2691" name="DEVICE_NAME" value="FEDERAL-MOGUL  1301203203M0160:HRN-14401:"/>
		<Property id="PROPERTY_2692" name="HRN_Level_Ref" value="(ALL)"/>
		<Property id="PROPERTY_2693" name="COLOR" value="TBDC"/>
	</HarnessItem>
	<HarnessItem xsi:type="Protection" id="PROT_c2-1c-0-4bd4f6" name="TA798" location="HRN-14401" compType="ESKU5T-1A303-AA(100Y00)" symbolName="WIRETAPE" symbolCharacteristic="SpotTape" rotation="0" length="0">
		<AppRef name="E3.Series" version="2.14.0.0" guid="8876e4c8-fc37-4f75-bb65-32825717d51f"/>
		<Property id="PROPERTY_2694" name="TAPE_Width" value="20"/>
		<Property id="PROPERTY_2695" name="DESCRIPTION" value="TAPE-85C-BK-ADH_TEAR-NO_NOISE-NO_WEAR"/>
		<Property id="PROPERTY_2696" name="BDL_BundleCoverLayer" value="40"/>
		<Property id="PROPERTY_2697" name="BDL_CoveringLength" value="49.0"/>
		<Property id="PROPERTY_2698" name="SYM_NAME" value="WIRETAPE¶SpotTape"/>
		<Property id="PROPERTY_2699" name="HRN_Level_Ref" value="AA/AB/AC/AD/AE/AG/BA/BB/BC/BD/BE/BG/XA/XB/XD/XE/XF/XH/YA/YB/YE/YF"/>
		<Property id="PROPERTY_2700" name="COLOR" value="BK"/>
		<Property id="PROPERTY_2701" name="SUB_PROJECT" value="HRN-14401"/>
		<Property id="PROPERTY_2702" name="DEVICE_NAME" value="TA798:HRN-14401:"/>
		<Property id="PROPERTY_2703" name="BDL_CoveringEndPoint" value="TA798"/>
		<Property id="PROPERTY_2704" name="TAPE_Thickness" value="0.1"/>
		<Property id="PROPERTY_2705" name="BDL_CoveringStartPoint" value="TA798"/>
		<Property id="PROPERTY_2706" name="HRN_FAMILY" value="14401"/>
		<Property id="PROPERTY_2707" name="COMP_TYPE" value="TAPE"/>
		<Option id="OPTION_c2-1c-0-4bd4f6_1" value="CBGAD"/>
		<BranchPosition id="BR_POS_247" branchId="BRANCH_c2-4e-0-4c0ea5" branchNodeId="BN_12206_25-358_156" offset="20.454276363694689"/>
	</HarnessItem>
	<HarnessItem xsi:type="Protection" id="PROT_c2-1c-0-4bd507" name="TA799" location="HRN-14401" compType="ESAC3T-1A303-AA(A14-00)" symbolName="WIRETAPE" symbolCharacteristic="SpotTape" rotation="180" length="0">
		<AppRef name="E3.Series" version="2.14.0.0" guid="fd4216b2-8eac-4672-982d-7ffe826033c5"/>
		<Property id="PROPERTY_2708" name="TAPE_Width" value="20"/>
		<Property id="PROPERTY_2709" name="DESCRIPTION" value="TAPE-85C-YE-ADH_YES"/>
		<Property id="PROPERTY_2710" name="BDL_BundleCoverLayer" value="20"/>
		<Property id="PROPERTY_2711" name="BDL_CoveringLength" value="28.0"/>
		<Property id="PROPERTY_2712" name="SYM_NAME" value="WIRETAPE¶SpotTape"/>
		<Property id="PROPERTY_2713" name="HRN_Level_Ref" value="AA/AB/AC/AD/AE/AF/AG/AH/AJ/AK/AL/AM/AN/AP/AR/BA/BB/BC/BD/BE/BF/BG/BH/BJ/CA/CB/CC/CD/CE/DA/DB/DC/DD"/>
		<Property id="PROPERTY_2714" name="HRN_Level_Ref" value="HA/HB/HC/HD/TM/TP/TR/UA/UB/UC/UD/UE/UF/VA/XA/XB/XC/XD/XE/XF/XG/XH/XJ/XK/XL/XM/XN/XP/XR/XS/YA/YB/YC"/>
		<Property id="PROPERTY_2715" name="HRN_Level_Ref" value="YD/YE/YF/YG/YH/YJ/YK/YL/YM/YN/YP/YR/YS/YT/YU/YV/ZA/ZB/ZC/ZD/ZE/ZF/ZG/ZH"/>
		<Property id="PROPERTY_2716" name="COLOR" value="YE"/>
		<Property id="PROPERTY_2717" name="SUB_PROJECT" value="HRN-14401"/>
		<Property id="PROPERTY_2718" name="DEVICE_NAME" value="TA799:HRN-14401:"/>
		<Property id="PROPERTY_2719" name="BDL_CoveringEndPoint" value="TA799"/>
		<Property id="PROPERTY_2720" name="TAPE_Thickness" value="0.1"/>
		<Property id="PROPERTY_2721" name="BDL_CoveringStartPoint" value="TA799"/>
		<Property id="PROPERTY_2722" name="HRN_FAMILY" value="14401"/>
		<Property id="PROPERTY_2723" name="COMP_TYPE" value="TAPE"/>
		<BranchPosition id="BR_POS_248" branchId="BRANCH_c2-4e-0-4c1038" branchNodeId="BN_22848-48" offset="1.5043337740561187"/>
	</HarnessItem>
	<HarnessItem xsi:type="Protection" id="PROT_c2-1c-0-4bd58c" name="VELCRO_175312" location="HRN-14401" compType="TBD-TAPE" symbolName="WIRETAPE" symbolCharacteristic="Overlap-horz-S3" length="256">
		<AppRef name="E3.Series" version="2.14.0.0" guid="086fb5fa-777c-4825-9bae-c96bb04ba72e"/>
		<Property id="PROPERTY_2724" name="TAPE_Width" value="20"/>
		<Property id="PROPERTY_2725" name="DESCRIPTION" value="TBD TAPE TEMP"/>
		<Property id="PROPERTY_2726" name="BDL_BundleCoverLayer" value="30"/>
		<Property id="PROPERTY_2727" name="BDL_CoveringLength" value="210.0"/>
		<Property id="PROPERTY_2728" name="SYM_NAME" value="WIRETAPE¶Overlap-horz-S3"/>
		<Property id="PROPERTY_2729" name="HRN_Level_Ref" value="AA/AB/AC/AD/AE/AF/AG/AH/AJ/AK/AL/AM/AN/AP/AR/BA/BB/BC/BD/BE/BF/BG/BH/BJ/CA/CB/CC/CD/CE/DA/DB/DC/DD"/>
		<Property id="PROPERTY_2730" name="HRN_Level_Ref" value="HA/HB/HC/HD/TM/TP/TR/UA/UB/UC/UD/UE/UF/VA/XA/XB/XC/XD/XE/XF/XG/XH/XJ/XK/XL/XM/XN/XP/XR/XS/YA/YB/YC"/>
		<Property id="PROPERTY_2731" name="HRN_Level_Ref" value="YD/YE/YF/YG/YH/YJ/YK/YL/YM/YN/YP/YR/YS/YT/YU/YV/ZA/ZB/ZC/ZD/ZE/ZF/ZG/ZH"/>
		<Property id="PROPERTY_2732" name="COLOR" value="BK"/>
		<Property id="PROPERTY_2733" name="SUB_PROJECT" value="HRN-14401"/>
		<Property id="PROPERTY_2734" name="DEVICE_NAME" value="VELCRO_175312:HRN-14401:"/>
		<Property id="PROPERTY_2735" name="BDL_CoveringEndPoint" value="TK180"/>
		<Property id="PROPERTY_2736" name="TAPE_Thickness" value="0.1"/>
		<Property id="PROPERTY_2737" name="BDL_CoveringStartPoint" value="RT140"/>
		<Property id="PROPERTY_2738" name="HRN_FAMILY" value="14401"/>
		<Property id="PROPERTY_2739" name="COMP_TYPE" value="TAPE"/>
		<BranchRoute id="BRR_2">
			<StartBranchPosition id="BR_POS_249" branchId="BRANCH_c2-4e-0-4c0d5d" branchNodeId="BN_21968-332" offset="0"/>
			<PassBranchId>BRANCH_c2-4e-0-4c0d5d</PassBranchId>
			<EndBranchPosition id="BR_POS_250" branchId="BRANCH_c2-4e-0-4c0d5d" branchNodeId="BN_21712-332" offset="0"/>
		</BranchRoute>
	</HarnessItem>
	<HarnessItem xsi:type="Protection" id="PROT_c2-1c-0-4bd67a" name="TA801" location="HRN-14401" compType="ESAC3T-1A303-AA(A14-00)" symbolName="WIRETAPE" symbolCharacteristic="SpotTape" rotation="0" length="0">
		<AppRef name="E3.Series" version="2.14.0.0" guid="9de20f50-a642-44a4-9476-cfd07d14ddae"/>
		<Property id="PROPERTY_2740" name="TAPE_Width" value="20"/>
		<Property id="PROPERTY_2741" name="DESCRIPTION" value="TAPE-85C-YE-ADH_YES"/>
		<Property id="PROPERTY_2742" name="BDL_BundleCoverLayer" value="25"/>
		<Property id="PROPERTY_2743" name="BDL_CoveringLength" value="20.0"/>
		<Property id="PROPERTY_2744" name="SYM_NAME" value="WIRETAPE¶SpotTape"/>
		<Property id="PROPERTY_2745" name="HRN_Level_Ref" value="AA/AB/AC/AD/AE/AF/AG/AH/AJ/AK/AL/AM/AN/AP/AR/BA/BB/BC/BD/BE/BF/BG/BH/BJ/CA/CB/CC/CD/CE/DA/DB/DC/DD"/>
		<Property id="PROPERTY_2746" name="HRN_Level_Ref" value="HA/HB/HC/HD/TM/TP/TR/UA/UB/UC/UD/UE/UF/VA/XA/XB/XC/XD/XE/XF/XG/XH/XJ/XK/XL/XM/XN/XP/XR/XS/YA/YB/YC"/>
		<Property id="PROPERTY_2747" name="HRN_Level_Ref" value="YD/YE/YF/YG/YH/YJ/YK/YL/YM/YN/YP/YR/YS/YT/YU/YV/ZA/ZB/ZC/ZD/ZE/ZF/ZG/ZH"/>
		<Property id="PROPERTY_2748" name="COLOR" value="YE"/>
		<Property id="PROPERTY_2749" name="SUB_PROJECT" value="HRN-14401"/>
		<Property id="PROPERTY_2750" name="DEVICE_NAME" value="TA801:HRN-14401:"/>
		<Property id="PROPERTY_2751" name="BDL_CoveringEndPoint" value="TA801"/>
		<Property id="PROPERTY_2752" name="TAPE_Thickness" value="0.1"/>
		<Property id="PROPERTY_2753" name="BDL_CoveringStartPoint" value="TA801"/>
		<Property id="PROPERTY_2754" name="HRN_FAMILY" value="14401"/>
		<Property id="PROPERTY_2755" name="COMP_TYPE" value="TAPE"/>
		<BranchPosition id="BR_POS_251" branchId="BRANCH_c2-4e-0-4c10e0" branchNodeId="BN_2107_9-214_058" offset="1.0790372716395411"/>
	</HarnessItem>
	<HarnessItem xsi:type="Protection" id="PROT_c2-1c-0-4bd6b6" name="TU100" compType="ESD0AB-14A099-A" symbolName="Tube-FB" symbolCharacteristic="" length="200.89946553591915">
		<AppRef name="E3.Series" version="2.14.0.0" guid="89894824-16ca-40d2-85da-a7c374eb4f93"/>
		<Property id="PROPERTY_2756" name="Min_OD" value="10.852"/>
		<Property id="PROPERTY_2757" name="TUBE_TubeBore" value="9.652"/>
		<Property id="PROPERTY_2758" name="DESCRIPTION" value="TUBE-SCROLL-SLIT-85C-BK (ID-9.65) (OD-10.85)"/>
		<Property id="PROPERTY_2759" name="BDL_BundleCoverLayer" value="5"/>
		<Property id="PROPERTY_2760" name="BDL_CoveringLength" value="90.0"/>
		<Property id="PROPERTY_2761" name="SYM_NAME" value="Tube-FB"/>
		<Property id="PROPERTY_2762" name="Max_OD" value="10.852"/>
		<Property id="PROPERTY_2763" name="HRN_Level_Ref" value="AA/AB/AC/AD/AE/AF/AG/AH/AJ/AK/AL/AM/AN/AP/AR/BA/BB/BC/BD/BE/BF/BG/BH/BJ/CA/CB/CC/CD/CE/UA/UB/UC/UD"/>
		<Property id="PROPERTY_2764" name="HRN_Level_Ref" value="UE/UF/XA/XB/XC/XD/XE/XF/XG/XH/XJ/XK/XL/XS/YA/YB/YC/YD/YE/YF/YG/YH/YJ/YK/YL/YP/YR/YU/YV/ZC/ZD/ZE/ZF"/>
		<Property id="PROPERTY_2765" name="HRN_Level_Ref" value="ZG/ZH"/>
		<Property id="PROPERTY_2766" name="COLOR" value="BK"/>
		<Property id="PROPERTY_2767" name="SUB_PROJECT" value="HRN-14401"/>
		<Property id="PROPERTY_2768" name="DEVICE_NAME" value="TU100::"/>
		<Property id="PROPERTY_2769" name="BDL_CoveringEndPoint" value="TU100-N1"/>
		<Property id="PROPERTY_2770" name="TUBE_TubeSlit" value="Yes"/>
		<Property id="PROPERTY_2771" name="BDL_CoveringStartPoint" value="TU100-N2"/>
		<Property id="PROPERTY_2772" name="HRN_FAMILY" value="14401"/>
		<Property id="PROPERTY_2773" name="COMP_TYPE" value="TUBE"/>
		<Option id="OPTION_c2-1c-0-4bd6b6_1" value="GRAA2|GRAA3"/>
		<BranchRoute id="BRR_3">
			<StartBranchPosition id="BR_POS_252" branchId="BRANCH_c2-4e-0-4c0fa1" branchNodeId="BN_5391-334" offset="0"/>
			<PassBranchId>BRANCH_c2-4e-0-4c0fa1</PassBranchId>
			<PassBranchId>BRANCH_c2-4e-0-4c10b1</PassBranchId>
			<PassBranchId>BRANCH_c2-4e-0-4c0f9e</PassBranchId>
			<PassBranchId>BRANCH_c2-4e-0-4c0f9b</PassBranchId>
			<PassBranchId>BRANCH_c2-4e-0-4c10ae</PassBranchId>
			<EndBranchPosition id="BR_POS_253" branchId="BRANCH_c2-4e-0-4c10ae" branchNodeId="BN_5591_9-334_058" offset="0"/>
		</BranchRoute>
	</HarnessItem>
	<HarnessItem xsi:type="Protection" id="PROT_c2-1c-0-4bd6c5" name="TU200" compType="ESD0AB-14A099-A" symbolName="Tube-FB" symbolCharacteristic="" length="88.000105924006547">
		<AppRef name="E3.Series" version="2.14.0.0" guid="3d76d5ea-083f-491b-a803-b468394769d6"/>
		<Property id="PROPERTY_2774" name="Min_OD" value="10.852"/>
		<Property id="PROPERTY_2775" name="TUBE_TubeBore" value="9.652"/>
		<Property id="PROPERTY_2776" name="DESCRIPTION" value="TUBE-SCROLL-SLIT-85C-BK (ID-9.65) (OD-10.85)"/>
		<Property id="PROPERTY_2777" name="BDL_BundleCoverLayer" value="5"/>
		<Property id="PROPERTY_2778" name="BDL_CoveringLength" value="90.0"/>
		<Property id="PROPERTY_2779" name="SYM_NAME" value="Tube-FB"/>
		<Property id="PROPERTY_2780" name="Max_OD" value="10.852"/>
		<Property id="PROPERTY_2781" name="HRN_Level_Ref" value="DA/DB/DC/DD/HA/HB/HC/HD/TM/TP/TR/VA/XM/XN/XP/XR/YM/YN/YS/YT/ZA/ZB"/>
		<Property id="PROPERTY_2782" name="COLOR" value="BK"/>
		<Property id="PROPERTY_2783" name="SUB_PROJECT" value="HRN-14401"/>
		<Property id="PROPERTY_2784" name="DEVICE_NAME" value="TU200::"/>
		<Property id="PROPERTY_2785" name="BDL_CoveringEndPoint" value="TU200-N1"/>
		<Property id="PROPERTY_2786" name="TUBE_TubeSlit" value="Yes"/>
		<Property id="PROPERTY_2787" name="BDL_CoveringStartPoint" value="TU200-N2"/>
		<Property id="PROPERTY_2788" name="HRN_FAMILY" value="14401"/>
		<Property id="PROPERTY_2789" name="COMP_TYPE" value="TUBE"/>
		<Option id="OPTION_c2-1c-0-4bd6c5_1" value="GRAAP"/>
		<BranchRoute id="BRR_4">
			<StartBranchPosition id="BR_POS_254" branchId="BRANCH_c2-4e-0-4c10b1" branchNodeId="BN_5447_9-334_058" offset="0"/>
			<PassBranchId>BRANCH_c2-4e-0-4c10b1</PassBranchId>
			<PassBranchId>BRANCH_c2-4e-0-4c0fa1</PassBranchId>
			<PassBranchId>BRANCH_c2-4e-0-4c10b7</PassBranchId>
			<EndBranchPosition id="BR_POS_255" branchId="BRANCH_c2-4e-0-4c10b7" branchNodeId="BN_5359_9-334_058" offset="0"/>
		</BranchRoute>
	</HarnessItem>
	<HarnessItem xsi:type="Protection" id="PROT_c2-1c-0-4bd77b" name="TA802" location="HRN-14401" compType="ESKU5T-1A303-AA(100Y00)" symbolName="WIRETAPE" symbolCharacteristic="SpotTape" rotation="0" length="0">
		<AppRef name="E3.Series" version="2.14.0.0" guid="6a46f502-75d9-45d0-bbaa-f15b85506565"/>
		<Property id="PROPERTY_2790" name="TAPE_Width" value="20"/>
		<Property id="PROPERTY_2791" name="DESCRIPTION" value="TAPE-85C-BK-ADH_TEAR-NO_NOISE-NO_WEAR"/>
		<Property id="PROPERTY_2792" name="BDL_BundleCoverLayer" value="40"/>
		<Property id="PROPERTY_2793" name="BDL_CoveringLength" value="28.0"/>
		<Property id="PROPERTY_2794" name="SYM_NAME" value="WIRETAPE¶SpotTape"/>
		<Property id="PROPERTY_2795" name="HRN_Level_Ref" value="DA/DB/DC/DD/HA/HB/HC/HD/TM/TP/TR/VA/XM/XN/XP/XR/YM/YN/YS/YT/ZA/ZB"/>
		<Property id="PROPERTY_2796" name="COLOR" value="BK"/>
		<Property id="PROPERTY_2797" name="SUB_PROJECT" value="HRN-14401"/>
		<Property id="PROPERTY_2798" name="DEVICE_NAME" value="TA802:HRN-14401:"/>
		<Property id="PROPERTY_2799" name="BDL_CoveringEndPoint" value="TA802"/>
		<Property id="PROPERTY_2800" name="TAPE_Thickness" value="0.1"/>
		<Property id="PROPERTY_2801" name="BDL_CoveringStartPoint" value="TA802"/>
		<Property id="PROPERTY_2802" name="HRN_FAMILY" value="14401"/>
		<Property id="PROPERTY_2803" name="COMP_TYPE" value="TAPE"/>
		<Option id="OPTION_c2-1c-0-4bd77b_1" value="GRAAP"/>
		<BranchPosition id="BR_POS_256" branchId="BRANCH_c2-4e-0-4c102b" branchNodeId="BN_6446_25-78_156" offset="2.0797528476364526"/>
	</HarnessItem>
	<HarnessItem xsi:type="Splice" id="SPLICE_c2-1c-0-4bc6fb" name="TK180" location="NODE-14401" compType="NODE" symbolName="NODE" symbolCharacteristic="" rotation="0.000000">
		<AppRef name="E3.Series" version="2.14.0.0" guid="b9d8ba7c-3140-4262-9e27-100330c967e8"/>
		<Property id="PROPERTY_1046" name="DESCRIPTION" value="NODE"/>
		<Property id="PROPERTY_1047" name="HRN_FAMILY" value="14401"/>
		<Property id="PROPERTY_1048" name="COMP_TYPE" value="NODE"/>
		<Property id="PROPERTY_1049" name="SUB_PROJECT" value="HRN-14401"/>
		<Property id="PROPERTY_1050" name="DEVICE_NAME" value="TK180:NODE-14401:"/>
		<Property id="PROPERTY_1051" name="EXCLUDE_FROM_BOM" value="1"/>
		<BranchPosition id="BR_POS_1" branchId="BRANCH_c2-4e-0-4c0d57" branchNodeId="BN_21712-332" offset="0"/>
		<DeviceItem xsi:type="Pin" id="PIN_c2-1e-0-4bd9a6" signalId="SIGNAL_6b-36-0-2702b2" name="1">
			<AppRef name="E3.Series" version="2.14.0.0" guid="06cbecfc-f115-4460-b906-b3b6394349e3"/>
		</DeviceItem>
	</HarnessItem>
	<HarnessItem xsi:type="Splice" id="SPLICE_c2-1c-0-4bc702" name="TK170" location="NODE-14401" compType="NODE" symbolName="NODE" symbolCharacteristic="" rotation="0.000000">
		<AppRef name="E3.Series" version="2.14.0.0" guid="51440268-d059-41c3-8a01-5861662e1bbb"/>
		<Property id="PROPERTY_1052" name="DESCRIPTION" value="NODE"/>
		<Property id="PROPERTY_1053" name="HRN_FAMILY" value="14401"/>
		<Property id="PROPERTY_1054" name="COMP_TYPE" value="NODE"/>
		<Property id="PROPERTY_1055" name="SUB_PROJECT" value="HRN-14401"/>
		<Property id="PROPERTY_1056" name="DEVICE_NAME" value="TK170:NODE-14401:"/>
		<Property id="PROPERTY_1057" name="EXCLUDE_FROM_BOM" value="1"/>
		<BranchPosition id="BR_POS_2" branchId="BRANCH_c2-4e-0-4c0d66" branchNodeId="BN_21996-304" offset="0"/>
		<DeviceItem xsi:type="Pin" id="PIN_c2-1e-0-4bd9a8" signalId="SIGNAL_6b-36-0-2702b2" name="1">
			<AppRef name="E3.Series" version="2.14.0.0" guid="f34e5896-928b-4a68-a5f8-34dd8c52069d"/>
		</DeviceItem>
	</HarnessItem>
	<HarnessItem xsi:type="Splice" id="SPLICE_c2-1c-0-4bc709" name="TK160" location="NODE-14401" compType="NODE" symbolName="NODE" symbolCharacteristic="" rotation="0.000000">
		<AppRef name="E3.Series" version="2.14.0.0" guid="2a7fb2aa-50f9-4ba9-bf97-a8352ce8f6b2"/>
		<Property id="PROPERTY_1058" name="DESCRIPTION" value="NODE"/>
		<Property id="PROPERTY_1059" name="HRN_FAMILY" value="14401"/>
		<Property id="PROPERTY_1060" name="COMP_TYPE" value="NODE"/>
		<Property id="PROPERTY_1061" name="SUB_PROJECT" value="HRN-14401"/>
		<Property id="PROPERTY_1062" name="DEVICE_NAME" value="TK160:NODE-14401:"/>
		<Property id="PROPERTY_1063" name="EXCLUDE_FROM_BOM" value="1"/>
		<BranchPosition id="BR_POS_3" branchId="BRANCH_c2-4e-0-4c0d66" branchNodeId="BN_22204-304" offset="0"/>
		<DeviceItem xsi:type="Pin" id="PIN_c2-1e-0-4bd9aa" signalId="SIGNAL_6b-36-0-2702b2" name="1">
			<AppRef name="E3.Series" version="2.14.0.0" guid="c3a59be9-57b2-4202-8bfe-fd90b16b089e"/>
		</DeviceItem>
	</HarnessItem>
	<HarnessItem xsi:type="Splice" id="SPLICE_c2-1c-0-4bc710" name="TK130" location="NODE-14401" compType="NODE" symbolName="NODE" symbolCharacteristic="" rotation="0.000000">
		<AppRef name="E3.Series" version="2.14.0.0" guid="a8525656-1973-445f-ae10-f1cebce9db59"/>
		<Property id="PROPERTY_1064" name="DESCRIPTION" value="NODE"/>
		<Property id="PROPERTY_1065" name="HRN_FAMILY" value="14401"/>
		<Property id="PROPERTY_1066" name="COMP_TYPE" value="NODE"/>
		<Property id="PROPERTY_1067" name="SUB_PROJECT" value="HRN-14401"/>
		<Property id="PROPERTY_1068" name="DEVICE_NAME" value="TK130:NODE-14401:"/>
		<Property id="PROPERTY_1069" name="EXCLUDE_FROM_BOM" value="1"/>
		<BranchPosition id="BR_POS_4" branchId="BRANCH_c2-4e-0-4c0e7f" branchNodeId="BN_23104-184" offset="0"/>
		<DeviceItem xsi:type="Pin" id="PIN_c2-1e-0-4bd9ac" signalId="SIGNAL_6b-36-0-2702b2" name="1">
			<AppRef name="E3.Series" version="2.14.0.0" guid="bec7ea85-b60b-470f-9e4c-d2ace6200d94"/>
		</DeviceItem>
	</HarnessItem>
	<HarnessItem xsi:type="Splice" id="SPLICE_c2-1c-0-4bc717" name="TK100" location="NODE-14401" compType="NODE" symbolName="NODE" symbolCharacteristic="" rotation="0.000000">
		<AppRef name="E3.Series" version="2.14.0.0" guid="7beed743-3a36-426e-970b-01c622fa330a"/>
		<Property id="PROPERTY_1070" name="DESCRIPTION" value="NODE"/>
		<Property id="PROPERTY_1071" name="HRN_FAMILY" value="14401"/>
		<Property id="PROPERTY_1072" name="COMP_TYPE" value="NODE"/>
		<Property id="PROPERTY_1073" name="SUB_PROJECT" value="HRN-14401"/>
		<Property id="PROPERTY_1074" name="DEVICE_NAME" value="TK100:NODE-14401:"/>
		<Property id="PROPERTY_1075" name="EXCLUDE_FROM_BOM" value="1"/>
		<BranchPosition id="BR_POS_5" branchId="BRANCH_c2-4e-0-4c0df1" branchNodeId="BN_23840-384" offset="0"/>
		<DeviceItem xsi:type="Pin" id="PIN_c2-1e-0-4bd9ae" signalId="SIGNAL_6b-36-0-2702b2" name="1">
			<AppRef name="E3.Series" version="2.14.0.0" guid="1ec3768f-18a3-456e-bac1-6eed611bda80"/>
		</DeviceItem>
	</HarnessItem>
	<HarnessItem xsi:type="Splice" id="SPLICE_c2-1c-0-4bc71e" name="TK190" location="NODE-14401" compType="NODE" symbolName="NODE" symbolCharacteristic="" rotation="0.000000">
		<AppRef name="E3.Series" version="2.14.0.0" guid="ac5859d8-d1de-4028-95dc-568e9f5094a3"/>
		<Property id="PROPERTY_1076" name="DESCRIPTION" value="NODE"/>
		<Property id="PROPERTY_1077" name="HRN_FAMILY" value="14401"/>
		<Property id="PROPERTY_1078" name="COMP_TYPE" value="NODE"/>
		<Property id="PROPERTY_1079" name="SUB_PROJECT" value="HRN-14401"/>
		<Property id="PROPERTY_1080" name="DEVICE_NAME" value="TK190:NODE-14401:"/>
		<Property id="PROPERTY_1081" name="EXCLUDE_FROM_BOM" value="1"/>
		<BranchPosition id="BR_POS_6" branchId="BRANCH_c2-4e-0-4c0de4" branchNodeId="BN_21240-384" offset="0"/>
		<DeviceItem xsi:type="Pin" id="PIN_c2-1e-0-4bd9b0" signalId="SIGNAL_6b-36-0-2702b2" name="1">
			<AppRef name="E3.Series" version="2.14.0.0" guid="ef1d35a2-ea02-46bb-ad39-47280ecf2171"/>
		</DeviceItem>
	</HarnessItem>
	<HarnessItem xsi:type="Splice" id="SPLICE_c2-1c-0-4bc725" name="TK290" location="NODE-14401" compType="NODE" symbolName="NODE" symbolCharacteristic="" rotation="0.000000">
		<AppRef name="E3.Series" version="2.14.0.0" guid="61be6a99-b72c-4b1b-8d70-c6eb6a5b62df"/>
		<Property id="PROPERTY_1082" name="DESCRIPTION" value="NODE"/>
		<Property id="PROPERTY_1083" name="HRN_FAMILY" value="14401"/>
		<Property id="PROPERTY_1084" name="COMP_TYPE" value="NODE"/>
		<Property id="PROPERTY_1085" name="SUB_PROJECT" value="HRN-14401"/>
		<Property id="PROPERTY_1086" name="DEVICE_NAME" value="TK290:NODE-14401:"/>
		<Property id="PROPERTY_1087" name="EXCLUDE_FROM_BOM" value="1"/>
		<BranchPosition id="BR_POS_7" branchId="BRANCH_c2-4e-0-4c0dea" branchNodeId="BN_12720-392" offset="0"/>
		<DeviceItem xsi:type="Pin" id="PIN_c2-1e-0-4bd9b2" signalId="SIGNAL_6b-36-0-2702b2" name="1">
			<AppRef name="E3.Series" version="2.14.0.0" guid="f245abd9-4220-4bef-8972-fc353174cc7d"/>
		</DeviceItem>
	</HarnessItem>
	<HarnessItem xsi:type="Splice" id="SPLICE_c2-1c-0-4bc72c" name="TK280" location="NODE-14401" compType="NODE" symbolName="NODE" symbolCharacteristic="" rotation="0.000000">
		<AppRef name="E3.Series" version="2.14.0.0" guid="d95ab38f-9716-4382-8ae3-aa4b3c416223"/>
		<Property id="PROPERTY_1088" name="DESCRIPTION" value="NODE"/>
		<Property id="PROPERTY_1089" name="HRN_FAMILY" value="14401"/>
		<Property id="PROPERTY_1090" name="COMP_TYPE" value="NODE"/>
		<Property id="PROPERTY_1091" name="SUB_PROJECT" value="HRN-14401"/>
		<Property id="PROPERTY_1092" name="DEVICE_NAME" value="TK280:NODE-14401:"/>
		<Property id="PROPERTY_1093" name="EXCLUDE_FROM_BOM" value="1"/>
		<BranchPosition id="BR_POS_8" branchId="BRANCH_1a-4e-0-1a7080e" branchNodeId="BN_16144-368" offset="0"/>
		<DeviceItem xsi:type="Pin" id="PIN_c2-1e-0-4bd9b4" signalId="SIGNAL_6b-36-0-2702b2" name="1">
			<AppRef name="E3.Series" version="2.14.0.0" guid="4cd6a251-ef6a-41f0-a8f9-7aaeff2c5471"/>
		</DeviceItem>
	</HarnessItem>
	<HarnessItem xsi:type="Splice" id="SPLICE_c2-1c-0-4bc733" name="TK220" location="NODE-14401" compType="NODE" symbolName="NODE" symbolCharacteristic="" rotation="0.000000">
		<AppRef name="E3.Series" version="2.14.0.0" guid="b05eb3b2-ff80-47a5-b616-29e91edadba7"/>
		<Property id="PROPERTY_1094" name="DESCRIPTION" value="NODE"/>
		<Property id="PROPERTY_1095" name="HRN_FAMILY" value="14401"/>
		<Property id="PROPERTY_1096" name="COMP_TYPE" value="NODE"/>
		<Property id="PROPERTY_1097" name="SUB_PROJECT" value="HRN-14401"/>
		<Property id="PROPERTY_1098" name="DEVICE_NAME" value="TK220:NODE-14401:"/>
		<Property id="PROPERTY_1099" name="EXCLUDE_FROM_BOM" value="1"/>
		<BranchPosition id="BR_POS_9" branchId="BRANCH_c2-4e-0-4c0f89" branchNodeId="BN_19800-296" offset="0"/>
		<DeviceItem xsi:type="Pin" id="PIN_c2-1e-0-4bd9b6" signalId="SIGNAL_6b-36-0-2702b2" name="1">
			<AppRef name="E3.Series" version="2.14.0.0" guid="3a36cbe6-f6e4-45df-bc00-5261baa46293"/>
		</DeviceItem>
	</HarnessItem>
	<HarnessItem xsi:type="Splice" id="SPLICE_c2-1c-0-4bc73a" name="TK240" location="NODE-14401" compType="NODE" symbolName="NODE" symbolCharacteristic="" rotation="0.000000">
		<AppRef name="E3.Series" version="2.14.0.0" guid="683a0a5b-59ee-47a8-8e29-18947633ddc2"/>
		<Property id="PROPERTY_1100" name="DESCRIPTION" value="NODE"/>
		<Property id="PROPERTY_1101" name="HRN_FAMILY" value="14401"/>
		<Property id="PROPERTY_1102" name="COMP_TYPE" value="NODE"/>
		<Property id="PROPERTY_1103" name="SUB_PROJECT" value="HRN-14401"/>
		<Property id="PROPERTY_1104" name="DEVICE_NAME" value="TK240:NODE-14401:"/>
		<Property id="PROPERTY_1105" name="EXCLUDE_FROM_BOM" value="1"/>
		<BranchPosition id="BR_POS_10" branchId="BRANCH_c2-4e-0-4c0e9b" branchNodeId="BN_18520-336" offset="0"/>
		<DeviceItem xsi:type="Pin" id="PIN_c2-1e-0-4bd9b8" signalId="SIGNAL_6b-36-0-2702b2" name="1">
			<AppRef name="E3.Series" version="2.14.0.0" guid="5cf020ca-89a2-4c31-b5fd-c598cd025eac"/>
		</DeviceItem>
	</HarnessItem>
	<HarnessItem xsi:type="Splice" id="SPLICE_c2-1c-0-4bc741" name="TK250" location="NODE-14401" compType="NODE" symbolName="NODE" symbolCharacteristic="" rotation="0.000000">
		<AppRef name="E3.Series" version="2.14.0.0" guid="0225e5d5-7504-427f-b4b4-78bb69eb955e"/>
		<Property id="PROPERTY_1106" name="DESCRIPTION" value="NODE"/>
		<Property id="PROPERTY_1107" name="HRN_FAMILY" value="14401"/>
		<Property id="PROPERTY_1108" name="COMP_TYPE" value="NODE"/>
		<Property id="PROPERTY_1109" name="SUB_PROJECT" value="HRN-14401"/>
		<Property id="PROPERTY_1110" name="DEVICE_NAME" value="TK250:NODE-14401:"/>
		<Property id="PROPERTY_1111" name="EXCLUDE_FROM_BOM" value="1"/>
		<BranchPosition id="BR_POS_11" branchId="BRANCH_c2-4e-0-4c0d05" branchNodeId="BN_17720-368" offset="0"/>
		<DeviceItem xsi:type="Pin" id="PIN_c2-1e-0-4bd9ba" signalId="SIGNAL_6b-36-0-2702b2" name="1">
			<AppRef name="E3.Series" version="2.14.0.0" guid="006e686e-0999-456b-83e5-7434bf054268"/>
		</DeviceItem>
	</HarnessItem>
	<HarnessItem xsi:type="Splice" id="SPLICE_c2-1c-0-4bc748" name="TK260" location="NODE-14401" compType="NODE" symbolName="NODE" symbolCharacteristic="" rotation="0.000000">
		<AppRef name="E3.Series" version="2.14.0.0" guid="12348f29-9e65-4443-b2ad-712e41d0a6d5"/>
		<Property id="PROPERTY_1112" name="DESCRIPTION" value="NODE"/>
		<Property id="PROPERTY_1113" name="HRN_FAMILY" value="14401"/>
		<Property id="PROPERTY_1114" name="COMP_TYPE" value="NODE"/>
		<Property id="PROPERTY_1115" name="SUB_PROJECT" value="HRN-14401"/>
		<Property id="PROPERTY_1116" name="DEVICE_NAME" value="TK260:NODE-14401:"/>
		<Property id="PROPERTY_1117" name="EXCLUDE_FROM_BOM" value="1"/>
		<BranchPosition id="BR_POS_12" branchId="BRANCH_62-4e-0-c92d63" branchNodeId="BN_17064-352" offset="0"/>
		<DeviceItem xsi:type="Pin" id="PIN_c2-1e-0-4bd9bc" signalId="SIGNAL_6b-36-0-2702b2" name="1">
			<AppRef name="E3.Series" version="2.14.0.0" guid="0c9116b2-4ac3-4763-a1a3-72220ae505e4"/>
		</DeviceItem>
	</HarnessItem>
	<HarnessItem xsi:type="Splice" id="SPLICE_c2-1c-0-4bc74f" name="TK340" location="NODE-14401" compType="NODE" symbolName="NODE" symbolCharacteristic="" rotation="0.000000">
		<AppRef name="E3.Series" version="2.14.0.0" guid="8dd9cda9-b400-4b7e-a93e-4964f420c33e"/>
		<Property id="PROPERTY_1118" name="DESCRIPTION" value="NODE"/>
		<Property id="PROPERTY_1119" name="HRN_FAMILY" value="14401"/>
		<Property id="PROPERTY_1120" name="COMP_TYPE" value="NODE"/>
		<Property id="PROPERTY_1121" name="SUB_PROJECT" value="HRN-14401"/>
		<Property id="PROPERTY_1122" name="DEVICE_NAME" value="TK340:NODE-14401:"/>
		<Property id="PROPERTY_1123" name="EXCLUDE_FROM_BOM" value="1"/>
		<BranchPosition id="BR_POS_13" branchId="BRANCH_c2-4e-0-4c0f60" branchNodeId="BN_11744-376" offset="0"/>
		<DeviceItem xsi:type="Pin" id="PIN_c2-1e-0-4bd9be" signalId="SIGNAL_6b-36-0-2702b2" name="1">
			<AppRef name="E3.Series" version="2.14.0.0" guid="e00ddb51-b462-40a1-a0c4-61c01276c39a"/>
		</DeviceItem>
	</HarnessItem>
	<HarnessItem xsi:type="Splice" id="SPLICE_c2-1c-0-4bc756" name="TK310" location="NODE-14401" compType="NODE" symbolName="NODE" symbolCharacteristic="" rotation="0.000000">
		<AppRef name="E3.Series" version="2.14.0.0" guid="40a43c4f-ba0b-4802-bd1b-5862e93d46c5"/>
		<Property id="PROPERTY_1124" name="DESCRIPTION" value="NODE"/>
		<Property id="PROPERTY_1125" name="HRN_FAMILY" value="14401"/>
		<Property id="PROPERTY_1126" name="COMP_TYPE" value="NODE"/>
		<Property id="PROPERTY_1127" name="SUB_PROJECT" value="HRN-14401"/>
		<Property id="PROPERTY_1128" name="DEVICE_NAME" value="TK310:NODE-14401:"/>
		<Property id="PROPERTY_1129" name="EXCLUDE_FROM_BOM" value="1"/>
		<BranchPosition id="BR_POS_14" branchId="BRANCH_c2-4e-0-4c0e56" branchNodeId="BN_12528-358" offset="0"/>
		<DeviceItem xsi:type="Pin" id="PIN_c2-1e-0-4bd9c0" signalId="SIGNAL_6b-36-0-2702b2" name="1">
			<AppRef name="E3.Series" version="2.14.0.0" guid="ac0b4cb2-89c8-4321-a53e-05ee0e6992b8"/>
		</DeviceItem>
	</HarnessItem>
	<HarnessItem xsi:type="Splice" id="SPLICE_c2-1c-0-4bc75d" name="TK300" location="NODE-14401" compType="NODE" symbolName="NODE" symbolCharacteristic="" rotation="0.000000">
		<AppRef name="E3.Series" version="2.14.0.0" guid="46f29d1d-4e50-43aa-835f-4a737a18f577"/>
		<Property id="PROPERTY_1130" name="DESCRIPTION" value="NODE"/>
		<Property id="PROPERTY_1131" name="HRN_FAMILY" value="14401"/>
		<Property id="PROPERTY_1132" name="COMP_TYPE" value="NODE"/>
		<Property id="PROPERTY_1133" name="SUB_PROJECT" value="HRN-14401"/>
		<Property id="PROPERTY_1134" name="DEVICE_NAME" value="TK300:NODE-14401:"/>
		<Property id="PROPERTY_1135" name="EXCLUDE_FROM_BOM" value="1"/>
		<BranchPosition id="BR_POS_15" branchId="BRANCH_44-4e-0-255d041" branchNodeId="BN_7807_9-350_058" offset="0"/>
		<DeviceItem xsi:type="Pin" id="PIN_c2-1e-0-4bd9c2" signalId="SIGNAL_6b-36-0-2702b2" name="1">
			<AppRef name="E3.Series" version="2.14.0.0" guid="cc9be688-b3af-4a3a-90e4-5d4b261cce7d"/>
		</DeviceItem>
	</HarnessItem>
	<HarnessItem xsi:type="Splice" id="SPLICE_c2-1c-0-4bc764" name="TK360" location="NODE-14401" compType="NODE" symbolName="NODE" symbolCharacteristic="" rotation="0.000000">
		<AppRef name="E3.Series" version="2.14.0.0" guid="67ed51c9-a8be-4d91-9240-c12de2997be4"/>
		<Property id="PROPERTY_1136" name="DESCRIPTION" value="NODE"/>
		<Property id="PROPERTY_1137" name="HRN_FAMILY" value="14401"/>
		<Property id="PROPERTY_1138" name="COMP_TYPE" value="NODE"/>
		<Property id="PROPERTY_1139" name="SUB_PROJECT" value="HRN-14401"/>
		<Property id="PROPERTY_1140" name="DEVICE_NAME" value="TK360:NODE-14401:"/>
		<Property id="PROPERTY_1141" name="EXCLUDE_FROM_BOM" value="1"/>
		<BranchPosition id="BR_POS_16" branchId="BRANCH_34-4e-0-83e07c" branchNodeId="BN_11472-358" offset="0"/>
		<DeviceItem xsi:type="Pin" id="PIN_c2-1e-0-4bd9c4" signalId="SIGNAL_6b-36-0-2702b2" name="1">
			<AppRef name="E3.Series" version="2.14.0.0" guid="1bf4d3c9-9222-4df7-8ea8-d51032765b0c"/>
		</DeviceItem>
	</HarnessItem>
	<HarnessItem xsi:type="Splice" id="SPLICE_c2-1c-0-4bc76b" name="TK370" location="NODE-14401" compType="NODE" symbolName="NODE" symbolCharacteristic="" rotation="0.000000">
		<AppRef name="E3.Series" version="2.14.0.0" guid="93660738-3511-412e-819c-13e2574bbe1e"/>
		<Property id="PROPERTY_1142" name="DESCRIPTION" value="NODE"/>
		<Property id="PROPERTY_1143" name="HRN_FAMILY" value="14401"/>
		<Property id="PROPERTY_1144" name="COMP_TYPE" value="NODE"/>
		<Property id="PROPERTY_1145" name="SUB_PROJECT" value="HRN-14401"/>
		<Property id="PROPERTY_1146" name="DEVICE_NAME" value="TK370:NODE-14401:"/>
		<Property id="PROPERTY_1147" name="EXCLUDE_FROM_BOM" value="1"/>
		<BranchPosition id="BR_POS_17" branchId="BRANCH_c2-4e-0-4c0e50" branchNodeId="BN_11304-320" offset="0"/>
		<DeviceItem xsi:type="Pin" id="PIN_c2-1e-0-4bd9c6" signalId="SIGNAL_6b-36-0-2702b2" name="1">
			<AppRef name="E3.Series" version="2.14.0.0" guid="10d236c2-aff4-4078-99ee-ba55a414e211"/>
		</DeviceItem>
	</HarnessItem>
	<HarnessItem xsi:type="Splice" id="SPLICE_c2-1c-0-4bc772" name="TK380" location="NODE-14401" compType="NODE" symbolName="NODE" symbolCharacteristic="" rotation="0.000000">
		<AppRef name="E3.Series" version="2.14.0.0" guid="1135a4c0-21e3-410c-b274-a27a42e8ba47"/>
		<Property id="PROPERTY_1148" name="DESCRIPTION" value="NODE"/>
		<Property id="PROPERTY_1149" name="HRN_FAMILY" value="14401"/>
		<Property id="PROPERTY_1150" name="COMP_TYPE" value="NODE"/>
		<Property id="PROPERTY_1151" name="SUB_PROJECT" value="HRN-14401"/>
		<Property id="PROPERTY_1152" name="DEVICE_NAME" value="TK380:NODE-14401:"/>
		<Property id="PROPERTY_1153" name="EXCLUDE_FROM_BOM" value="1"/>
		<BranchPosition id="BR_POS_18" branchId="BRANCH_c2-4e-0-4c0d2e" branchNodeId="BN_11248-359" offset="0"/>
		<DeviceItem xsi:type="Pin" id="PIN_c2-1e-0-4bd9c8" signalId="SIGNAL_6b-36-0-2702b2" name="1">
			<AppRef name="E3.Series" version="2.14.0.0" guid="b70bf6bb-3745-4858-89c3-1a30097d5812"/>
		</DeviceItem>
	</HarnessItem>
	<HarnessItem xsi:type="Splice" id="SPLICE_c2-1c-0-4bc779" name="TK390" location="NODE-14401" compType="NODE" symbolName="NODE" symbolCharacteristic="" rotation="0.000000">
		<AppRef name="E3.Series" version="2.14.0.0" guid="de7c1b81-0b03-4ccb-884f-80d48790aafc"/>
		<Property id="PROPERTY_1154" name="DESCRIPTION" value="NODE"/>
		<Property id="PROPERTY_1155" name="HRN_FAMILY" value="14401"/>
		<Property id="PROPERTY_1156" name="COMP_TYPE" value="NODE"/>
		<Property id="PROPERTY_1157" name="SUB_PROJECT" value="HRN-14401"/>
		<Property id="PROPERTY_1158" name="DEVICE_NAME" value="TK390:NODE-14401:"/>
		<Property id="PROPERTY_1159" name="EXCLUDE_FROM_BOM" value="1"/>
		<BranchPosition id="BR_POS_19" branchId="BRANCH_c2-4e-0-4c0ee4" branchNodeId="BN_11136-359" offset="0"/>
		<DeviceItem xsi:type="Pin" id="PIN_c2-1e-0-4bd9ca" signalId="SIGNAL_6b-36-0-2702b2" name="1">
			<AppRef name="E3.Series" version="2.14.0.0" guid="194a4a35-e627-4455-a809-79f7718d9914"/>
		</DeviceItem>
	</HarnessItem>
	<HarnessItem xsi:type="Splice" id="SPLICE_c2-1c-0-4bc780" name="TK410" location="NODE-14401" compType="NODE" symbolName="NODE" symbolCharacteristic="" rotation="0.000000">
		<AppRef name="E3.Series" version="2.14.0.0" guid="1404e1f1-4bee-4af7-8a99-010b80155e2d"/>
		<Property id="PROPERTY_1160" name="DESCRIPTION" value="NODE"/>
		<Property id="PROPERTY_1161" name="HRN_FAMILY" value="14401"/>
		<Property id="PROPERTY_1162" name="COMP_TYPE" value="NODE"/>
		<Property id="PROPERTY_1163" name="SUB_PROJECT" value="HRN-14401"/>
		<Property id="PROPERTY_1164" name="DEVICE_NAME" value="TK410:NODE-14401:"/>
		<Property id="PROPERTY_1165" name="EXCLUDE_FROM_BOM" value="1"/>
		<BranchPosition id="BR_POS_20" branchId="BRANCH_22-4e-0-2ca187b" branchNodeId="BN_10856-360" offset="0"/>
		<DeviceItem xsi:type="Pin" id="PIN_c2-1e-0-4bd9cc" signalId="SIGNAL_6b-36-0-2702b2" name="1">
			<AppRef name="E3.Series" version="2.14.0.0" guid="f4d626e2-2403-4933-ac12-496afc750b68"/>
		</DeviceItem>
	</HarnessItem>
	<HarnessItem xsi:type="Splice" id="SPLICE_c2-1c-0-4bc787" name="TK330" location="NODE-14401" compType="NODE" symbolName="NODE" symbolCharacteristic="" rotation="0.000000">
		<AppRef name="E3.Series" version="2.14.0.0" guid="8e03ae49-1ab1-491e-af17-0966f16bcbd9"/>
		<Property id="PROPERTY_1166" name="DESCRIPTION" value="NODE"/>
		<Property id="PROPERTY_1167" name="HRN_FAMILY" value="14401"/>
		<Property id="PROPERTY_1168" name="COMP_TYPE" value="NODE"/>
		<Property id="PROPERTY_1169" name="SUB_PROJECT" value="HRN-14401"/>
		<Property id="PROPERTY_1170" name="DEVICE_NAME" value="TK330:NODE-14401:"/>
		<Property id="PROPERTY_1171" name="EXCLUDE_FROM_BOM" value="1"/>
		<BranchPosition id="BR_POS_21" branchId="BRANCH_c2-4e-0-4c0ea5" branchNodeId="BN_12206_25-358_156" offset="0"/>
		<DeviceItem xsi:type="Pin" id="PIN_c2-1e-0-4bd9ce" signalId="SIGNAL_6b-36-0-2702b2" name="1">
			<AppRef name="E3.Series" version="2.14.0.0" guid="adf9933a-8ed7-4005-bfc3-350dda7dbb03"/>
		</DeviceItem>
	</HarnessItem>
	<HarnessItem xsi:type="Splice" id="SPLICE_c2-1c-0-4bc78e" name="TK420" location="NODE-14401" compType="NODE" symbolName="NODE" symbolCharacteristic="" rotation="0.000000">
		<AppRef name="E3.Series" version="2.14.0.0" guid="975af6d1-0ee1-49e3-a299-b8f1e90014c0"/>
		<Property id="PROPERTY_1172" name="DESCRIPTION" value="NODE"/>
		<Property id="PROPERTY_1173" name="HRN_FAMILY" value="14401"/>
		<Property id="PROPERTY_1174" name="COMP_TYPE" value="NODE"/>
		<Property id="PROPERTY_1175" name="SUB_PROJECT" value="HRN-14401"/>
		<Property id="PROPERTY_1176" name="DEVICE_NAME" value="TK420:NODE-14401:"/>
		<Property id="PROPERTY_1177" name="EXCLUDE_FROM_BOM" value="1"/>
		<BranchPosition id="BR_POS_22" branchId="BRANCH_34-4e-0-814498" branchNodeId="BN_9407-374" offset="0"/>
		<DeviceItem xsi:type="Pin" id="PIN_c2-1e-0-4bd9d0" signalId="SIGNAL_6b-36-0-2702b2" name="1">
			<AppRef name="E3.Series" version="2.14.0.0" guid="56b227f4-bbbf-4042-bc94-e87ad75d0a1d"/>
		</DeviceItem>
	</HarnessItem>
	<HarnessItem xsi:type="Splice" id="SPLICE_c2-1c-0-4bc795" name="TK430" location="NODE-14401" compType="NODE" symbolName="NODE" symbolCharacteristic="" rotation="0.000000">
		<AppRef name="E3.Series" version="2.14.0.0" guid="2367f598-5c0d-4203-aa39-21f10c583313"/>
		<Property id="PROPERTY_1178" name="DESCRIPTION" value="NODE"/>
		<Property id="PROPERTY_1179" name="HRN_FAMILY" value="14401"/>
		<Property id="PROPERTY_1180" name="COMP_TYPE" value="NODE"/>
		<Property id="PROPERTY_1181" name="SUB_PROJECT" value="HRN-14401"/>
		<Property id="PROPERTY_1182" name="DEVICE_NAME" value="TK430:NODE-14401:"/>
		<Property id="PROPERTY_1183" name="EXCLUDE_FROM_BOM" value="1"/>
		<BranchPosition id="BR_POS_23" branchId="BRANCH_c2-4e-0-4c0d75" branchNodeId="BN_9270_25-326_156" offset="0"/>
		<DeviceItem xsi:type="Pin" id="PIN_c2-1e-0-4bd9d2" signalId="SIGNAL_6b-36-0-2702b2" name="1">
			<AppRef name="E3.Series" version="2.14.0.0" guid="2caa977f-7422-4b04-8f51-dfd442aaecae"/>
		</DeviceItem>
	</HarnessItem>
	<HarnessItem xsi:type="Splice" id="SPLICE_c2-1c-0-4bc79c" name="TK490" location="NODE-14401" compType="NODE" symbolName="NODE" symbolCharacteristic="" rotation="0.000000">
		<AppRef name="E3.Series" version="2.14.0.0" guid="913074ac-de0d-4aa5-9c9e-6226921924ea"/>
		<Property id="PROPERTY_1184" name="DESCRIPTION" value="NODE"/>
		<Property id="PROPERTY_1185" name="HRN_FAMILY" value="14401"/>
		<Property id="PROPERTY_1186" name="COMP_TYPE" value="NODE"/>
		<Property id="PROPERTY_1187" name="SUB_PROJECT" value="HRN-14401"/>
		<Property id="PROPERTY_1188" name="DEVICE_NAME" value="TK490:NODE-14401:"/>
		<Property id="PROPERTY_1189" name="EXCLUDE_FROM_BOM" value="1"/>
		<BranchPosition id="BR_POS_24" branchId="BRANCH_c2-4e-0-4c0d95" branchNodeId="BN_5623_9-334_058" offset="0"/>
		<DeviceItem xsi:type="Pin" id="PIN_c2-1e-0-4bd9d4" signalId="SIGNAL_6b-36-0-2702b2" name="1">
			<AppRef name="E3.Series" version="2.14.0.0" guid="56369f5a-cfc2-413d-b335-9f17f6ec1d96"/>
		</DeviceItem>
	</HarnessItem>
	<HarnessItem xsi:type="Splice" id="SPLICE_c2-1c-0-4bc7a3" name="TK510" location="NODE-14401" compType="NODE" symbolName="NODE" symbolCharacteristic="" rotation="0.000000">
		<AppRef name="E3.Series" version="2.14.0.0" guid="bdb3e4ce-092e-40e6-a3de-348493b3a1f9"/>
		<Property id="PROPERTY_1190" name="DESCRIPTION" value="NODE"/>
		<Property id="PROPERTY_1191" name="HRN_FAMILY" value="14401"/>
		<Property id="PROPERTY_1192" name="COMP_TYPE" value="NODE"/>
		<Property id="PROPERTY_1193" name="SUB_PROJECT" value="HRN-14401"/>
		<Property id="PROPERTY_1194" name="DEVICE_NAME" value="TK510:NODE-14401:"/>
		<Property id="PROPERTY_1195" name="EXCLUDE_FROM_BOM" value="1"/>
		<BranchPosition id="BR_POS_25" branchId="BRANCH_c2-4e-0-4c0d92" branchNodeId="BN_5263_9-334_058" offset="0"/>
		<DeviceItem xsi:type="Pin" id="PIN_c2-1e-0-4bd9d6" signalId="SIGNAL_6b-36-0-2702b2" name="1">
			<AppRef name="E3.Series" version="2.14.0.0" guid="3806389b-1d5d-42ef-a1e3-b9d26ccf263c"/>
		</DeviceItem>
	</HarnessItem>
	<HarnessItem xsi:type="Splice" id="SPLICE_c2-1c-0-4bc7aa" name="TK520" location="NODE-14401" compType="NODE" symbolName="NODE" symbolCharacteristic="" rotation="0.000000">
		<AppRef name="E3.Series" version="2.14.0.0" guid="c5e08a2d-d1a6-4043-b1f1-04694dbc872f"/>
		<Property id="PROPERTY_1196" name="DESCRIPTION" value="NODE"/>
		<Property id="PROPERTY_1197" name="HRN_FAMILY" value="14401"/>
		<Property id="PROPERTY_1198" name="COMP_TYPE" value="NODE"/>
		<Property id="PROPERTY_1199" name="SUB_PROJECT" value="HRN-14401"/>
		<Property id="PROPERTY_1200" name="DEVICE_NAME" value="TK520:NODE-14401:"/>
		<Property id="PROPERTY_1201" name="EXCLUDE_FROM_BOM" value="1"/>
		<BranchPosition id="BR_POS_26" branchId="BRANCH_c2-4e-0-4c0d9b" branchNodeId="BN_5199_9-334_058" offset="0"/>
		<DeviceItem xsi:type="Pin" id="PIN_c2-1e-0-4bd9d8" signalId="SIGNAL_6b-36-0-2702b2" name="1">
			<AppRef name="E3.Series" version="2.14.0.0" guid="82f6dfa7-6f00-452b-b8c4-d5f69bf862d9"/>
		</DeviceItem>
	</HarnessItem>
	<HarnessItem xsi:type="Splice" id="SPLICE_c2-1c-0-4bc7b1" name="TK530" location="NODE-14401" compType="NODE" symbolName="NODE" symbolCharacteristic="" rotation="0.000000">
		<AppRef name="E3.Series" version="2.14.0.0" guid="85af2e86-2df6-4a01-a02b-5c6019e1b987"/>
		<Property id="PROPERTY_1202" name="DESCRIPTION" value="NODE"/>
		<Property id="PROPERTY_1203" name="HRN_FAMILY" value="14401"/>
		<Property id="PROPERTY_1204" name="COMP_TYPE" value="NODE"/>
		<Property id="PROPERTY_1205" name="SUB_PROJECT" value="HRN-14401"/>
		<Property id="PROPERTY_1206" name="DEVICE_NAME" value="TK530:NODE-14401:"/>
		<Property id="PROPERTY_1207" name="EXCLUDE_FROM_BOM" value="1"/>
		<BranchPosition id="BR_POS_27" branchId="BRANCH_c2-4e-0-4c0e37" branchNodeId="BN_4567_9-294_058" offset="0"/>
		<DeviceItem xsi:type="Pin" id="PIN_c2-1e-0-4bd9da" signalId="SIGNAL_6b-36-0-2702b2" name="1">
			<AppRef name="E3.Series" version="2.14.0.0" guid="0a6c005d-4419-4506-82e0-d9af873106d8"/>
		</DeviceItem>
	</HarnessItem>
	<HarnessItem xsi:type="Splice" id="SPLICE_c2-1c-0-4bc7b8" name="N2ME15" location="NODE-14401" compType="NODE" symbolName="NODE" symbolCharacteristic="" rotation="90.000000">
		<AppRef name="E3.Series" version="2.14.0.0" guid="bf6984bc-899f-42f1-9fde-5b444311880f"/>
		<Property id="PROPERTY_1208" name="DESCRIPTION" value="NODE"/>
		<Property id="PROPERTY_1209" name="HRN_FAMILY" value="14401"/>
		<Property id="PROPERTY_1210" name="COMP_TYPE" value="NODE"/>
		<Property id="PROPERTY_1211" name="SUB_PROJECT" value="HRN-14401"/>
		<Property id="PROPERTY_1212" name="DEVICE_NAME" value="N2ME15:NODE-14401:"/>
		<Property id="PROPERTY_1213" name="EXCLUDE_FROM_BOM" value="1"/>
		<BranchPosition id="BR_POS_28" branchId="BRANCH_c2-4e-0-4c0d51" branchNodeId="BN_7253_9-272_058" offset="0"/>
		<DeviceItem xsi:type="Pin" id="PIN_c2-1e-0-4bd9dc" signalId="SIGNAL_6b-36-0-2702b2" name="1">
			<AppRef name="E3.Series" version="2.14.0.0" guid="c62f9f2e-0986-4c39-a3ec-6f19bc1428f1"/>
		</DeviceItem>
	</HarnessItem>
	<HarnessItem xsi:type="Splice" id="SPLICE_c2-1c-0-4bc7bf" name="TK560" location="NODE-14401" compType="NODE" symbolName="NODE" symbolCharacteristic="" rotation="0.000000">
		<AppRef name="E3.Series" version="2.14.0.0" guid="6f82621f-9cd0-429a-b836-e24ec48adcaa"/>
		<Property id="PROPERTY_1214" name="DESCRIPTION" value="NODE"/>
		<Property id="PROPERTY_1215" name="HRN_FAMILY" value="14401"/>
		<Property id="PROPERTY_1216" name="COMP_TYPE" value="NODE"/>
		<Property id="PROPERTY_1217" name="SUB_PROJECT" value="HRN-14401"/>
		<Property id="PROPERTY_1218" name="DEVICE_NAME" value="TK560:NODE-14401:"/>
		<Property id="PROPERTY_1219" name="EXCLUDE_FROM_BOM" value="1"/>
		<BranchPosition id="BR_POS_29" branchId="BRANCH_c2-4e-0-4c0d3e" branchNodeId="BN_3870_25-374_156" offset="0"/>
		<DeviceItem xsi:type="Pin" id="PIN_c2-1e-0-4bd9de" signalId="SIGNAL_6b-36-0-2702b2" name="1">
			<AppRef name="E3.Series" version="2.14.0.0" guid="53a9a709-9f85-4254-9bb4-e5e849a5030f"/>
		</DeviceItem>
	</HarnessItem>
	<HarnessItem xsi:type="Splice" id="SPLICE_c2-1c-0-4bc7c6" name="TK580" location="NODE-14401" compType="NODE" symbolName="NODE" symbolCharacteristic="" rotation="0.000000">
		<AppRef name="E3.Series" version="2.14.0.0" guid="c927feea-9f51-47c2-ad4b-eaf0910de211"/>
		<Property id="PROPERTY_1220" name="DESCRIPTION" value="NODE"/>
		<Property id="PROPERTY_1221" name="HRN_FAMILY" value="14401"/>
		<Property id="PROPERTY_1222" name="COMP_TYPE" value="NODE"/>
		<Property id="PROPERTY_1223" name="SUB_PROJECT" value="HRN-14401"/>
		<Property id="PROPERTY_1224" name="DEVICE_NAME" value="TK580:NODE-14401:"/>
		<Property id="PROPERTY_1225" name="EXCLUDE_FROM_BOM" value="1"/>
		<BranchPosition id="BR_POS_30" branchId="BRANCH_c2-4e-0-4c0dcb" branchNodeId="BN_3127_9-374_058" offset="0"/>
		<DeviceItem xsi:type="Pin" id="PIN_c2-1e-0-4bd9e0" signalId="SIGNAL_6b-36-0-2702b2" name="1">
			<AppRef name="E3.Series" version="2.14.0.0" guid="dddfdfe5-3db8-4ea2-abe0-39e251838ae5"/>
		</DeviceItem>
	</HarnessItem>
	<HarnessItem xsi:type="Splice" id="SPLICE_c2-1c-0-4bc7cd" name="TK600" location="NODE-14401" compType="NODE" symbolName="NODE" symbolCharacteristic="" rotation="0.000000">
		<AppRef name="E3.Series" version="2.14.0.0" guid="1ece91bb-6ff7-4520-a108-c70590808ab1"/>
		<Property id="PROPERTY_1226" name="DESCRIPTION" value="NODE"/>
		<Property id="PROPERTY_1227" name="HRN_FAMILY" value="14401"/>
		<Property id="PROPERTY_1228" name="COMP_TYPE" value="NODE"/>
		<Property id="PROPERTY_1229" name="SUB_PROJECT" value="HRN-14401"/>
		<Property id="PROPERTY_1230" name="DEVICE_NAME" value="TK600:NODE-14401:"/>
		<Property id="PROPERTY_1231" name="EXCLUDE_FROM_BOM" value="1"/>
		<BranchPosition id="BR_POS_31" branchId="BRANCH_c2-4e-0-4c0ddd" branchNodeId="BN_2223_9-390_058" offset="0"/>
		<DeviceItem xsi:type="Pin" id="PIN_c2-1e-0-4bd9e2" signalId="SIGNAL_6b-36-0-2702b2" name="1">
			<AppRef name="E3.Series" version="2.14.0.0" guid="b05246eb-2cda-4723-b974-95f42e958d07"/>
		</DeviceItem>
	</HarnessItem>
	<HarnessItem xsi:type="Splice" id="SPLICE_c2-1c-0-4bc7d4" name="S2H111-RB" location="NODE-14401" compType="NODE" symbolName="NODE" symbolCharacteristic="" rotation="0.000000">
		<AppRef name="E3.Series" version="2.14.0.0" guid="f3a807a9-cdd7-48ba-9331-55c2e02c3819"/>
		<Property id="PROPERTY_1232" name="DESCRIPTION" value="NODE"/>
		<Property id="PROPERTY_1233" name="HRN_FAMILY" value="14401"/>
		<Property id="PROPERTY_1234" name="COMP_TYPE" value="NODE"/>
		<Property id="PROPERTY_1235" name="SUB_PROJECT" value="HRN-14401"/>
		<Property id="PROPERTY_1236" name="DEVICE_NAME" value="S2H111-RB:NODE-14401:"/>
		<Property id="PROPERTY_1237" name="EXCLUDE_FROM_BOM" value="1"/>
		<BranchPosition id="BR_POS_32" branchId="BRANCH_c2-4e-0-4c0dea" branchNodeId="BN_13261_9-390_058" offset="0"/>
		<DeviceItem xsi:type="Pin" id="PIN_c2-1e-0-4bd9e4" signalId="SIGNAL_6b-36-0-2702b2" name="1">
			<AppRef name="E3.Series" version="2.14.0.0" guid="b64f6e03-81c5-456a-b146-1e32ac7f96f2"/>
		</DeviceItem>
	</HarnessItem>
	<HarnessItem xsi:type="Splice" id="SPLICE_c2-1c-0-4bc7e4" name="S2LN04-A" location="NODE-14401" compType="NODE" symbolName="NODE" symbolCharacteristic="" rotation="0.000000">
		<AppRef name="E3.Series" version="2.14.0.0" guid="1ba11e23-40e9-41f8-af5e-8ef1407d3722"/>
		<Property id="PROPERTY_1238" name="DESCRIPTION" value="NODE"/>
		<Property id="PROPERTY_1239" name="HRN_FAMILY" value="14401"/>
		<Property id="PROPERTY_1240" name="COMP_TYPE" value="NODE"/>
		<Property id="PROPERTY_1241" name="SUB_PROJECT" value="HRN-14401"/>
		<Property id="PROPERTY_1242" name="DEVICE_NAME" value="S2LN04-A:NODE-14401:"/>
		<Property id="PROPERTY_1243" name="EXCLUDE_FROM_BOM" value="1"/>
		<BranchPosition id="BR_POS_33" branchId="BRANCH_c2-4e-0-4c0d88" branchNodeId="BN_7639_9-150_058" offset="0"/>
		<DeviceItem xsi:type="Pin" id="PIN_c2-1e-0-4bd9eb" signalId="SIGNAL_6b-36-0-2702b2" name="1">
			<AppRef name="E3.Series" version="2.14.0.0" guid="227296d8-01ce-48cc-8716-a59f97bd8e6e"/>
		</DeviceItem>
	</HarnessItem>
	<HarnessItem xsi:type="Splice" id="SPLICE_c2-1c-0-4bc7f4" name="N2ME16" location="NODE-14401" compType="NODE" symbolName="NODE" symbolCharacteristic="" rotation="0.000000">
		<AppRef name="E3.Series" version="2.14.0.0" guid="f796416b-6727-49e9-be10-dc685eb83853"/>
		<Property id="PROPERTY_1244" name="DESCRIPTION" value="NODE"/>
		<Property id="PROPERTY_1245" name="HRN_FAMILY" value="14401"/>
		<Property id="PROPERTY_1246" name="COMP_TYPE" value="NODE"/>
		<Property id="PROPERTY_1247" name="SUB_PROJECT" value="HRN-14401"/>
		<Property id="PROPERTY_1248" name="DEVICE_NAME" value="N2ME16:NODE-14401:"/>
		<Property id="PROPERTY_1249" name="EXCLUDE_FROM_BOM" value="1"/>
		<BranchPosition id="BR_POS_34" branchId="BRANCH_c2-4e-0-4c0d4e" branchNodeId="BN_23304-360" offset="0"/>
		<DeviceItem xsi:type="Pin" id="PIN_c2-1e-0-4bd9f2" signalId="SIGNAL_6b-36-0-2702b2" name="1">
			<AppRef name="E3.Series" version="2.14.0.0" guid="a44078a5-f634-4eee-a58c-b762cb46b538"/>
		</DeviceItem>
	</HarnessItem>
	<HarnessItem xsi:type="Splice" id="SPLICE_c2-1c-0-4bc7fb" name="N2AM02-B" location="NODE-14401" compType="NODE" symbolName="NODE" symbolCharacteristic="" rotation="0.000000">
		<AppRef name="E3.Series" version="2.14.0.0" guid="93e3cc7d-e03c-4668-890a-39be5f609999"/>
		<Property id="PROPERTY_1250" name="DESCRIPTION" value="NODE"/>
		<Property id="PROPERTY_1251" name="HRN_FAMILY" value="14401"/>
		<Property id="PROPERTY_1252" name="COMP_TYPE" value="NODE"/>
		<Property id="PROPERTY_1253" name="SUB_PROJECT" value="HRN-14401"/>
		<Property id="PROPERTY_1254" name="DEVICE_NAME" value="N2AM02-B:NODE-14401:"/>
		<Property id="PROPERTY_1255" name="EXCLUDE_FROM_BOM" value="1"/>
		<BranchPosition id="BR_POS_35" branchId="BRANCH_c2-4e-0-4c0df1" branchNodeId="BN_23840-264" offset="0"/>
		<DeviceItem xsi:type="Pin" id="PIN_c2-1e-0-4bd9f4" signalId="SIGNAL_6b-36-0-2702b2" name="1">
			<AppRef name="E3.Series" version="2.14.0.0" guid="10ad2510-6ab3-4436-b8e5-82a77823635e"/>
		</DeviceItem>
	</HarnessItem>
	<HarnessItem xsi:type="Splice" id="SPLICE_c2-1c-0-4bc802" name="N2AM02-A" location="NODE-14401" compType="NODE" symbolName="NODE" symbolCharacteristic="" rotation="0.000000">
		<AppRef name="E3.Series" version="2.14.0.0" guid="2d08d0ae-09de-4cb9-915a-ccdc56ccced0"/>
		<Property id="PROPERTY_1256" name="DESCRIPTION" value="NODE"/>
		<Property id="PROPERTY_1257" name="HRN_FAMILY" value="14401"/>
		<Property id="PROPERTY_1258" name="COMP_TYPE" value="NODE"/>
		<Property id="PROPERTY_1259" name="SUB_PROJECT" value="HRN-14401"/>
		<Property id="PROPERTY_1260" name="DEVICE_NAME" value="N2AM02-A:NODE-14401:"/>
		<Property id="PROPERTY_1261" name="EXCLUDE_FROM_BOM" value="1"/>
		<BranchPosition id="BR_POS_36" branchId="BRANCH_c2-4e-0-4c0f05" branchNodeId="BN_24512-304" offset="0"/>
		<DeviceItem xsi:type="Pin" id="PIN_c2-1e-0-4bd9f6" signalId="SIGNAL_6b-36-0-2702b2" name="1">
			<AppRef name="E3.Series" version="2.14.0.0" guid="ee6f02bd-7615-4703-99bc-ba2a2b6d39df"/>
		</DeviceItem>
	</HarnessItem>
	<HarnessItem xsi:type="Splice" id="SPLICE_c2-1c-0-4bc809" name="N22-D1" location="NODE-14401" compType="NODE" symbolName="NODE" symbolCharacteristic="" rotation="270.000000">
		<AppRef name="E3.Series" version="2.14.0.0" guid="dcd125dd-c718-4404-975b-fc953807a06c"/>
		<Property id="PROPERTY_1262" name="DESCRIPTION" value="NODE"/>
		<Property id="PROPERTY_1263" name="HRN_FAMILY" value="14401"/>
		<Property id="PROPERTY_1264" name="COMP_TYPE" value="NODE"/>
		<Property id="PROPERTY_1265" name="SUB_PROJECT" value="HRN-14401"/>
		<Property id="PROPERTY_1266" name="DEVICE_NAME" value="N22-D1:NODE-14401:"/>
		<Property id="PROPERTY_1267" name="EXCLUDE_FROM_BOM" value="1"/>
		<BranchPosition id="BR_POS_37" branchId="BRANCH_c2-4e-0-4c0f08" branchNodeId="BN_22408-360" offset="0"/>
		<DeviceItem xsi:type="Pin" id="PIN_c2-1e-0-4bd9f8" signalId="SIGNAL_6b-36-0-2702b2" name="1">
			<AppRef name="E3.Series" version="2.14.0.0" guid="65478e46-d01d-4827-9cfe-cfc8ab53417f"/>
		</DeviceItem>
	</HarnessItem>
	<HarnessItem xsi:type="Splice" id="SPLICE_c2-1c-0-4bc810" name="N23-SW1" location="NODE-14401" compType="NODE" symbolName="NODE" symbolCharacteristic="" rotation="0.000000">
		<AppRef name="E3.Series" version="2.14.0.0" guid="72b0a962-3934-403c-9a93-e57bc47f2958"/>
		<Property id="PROPERTY_1268" name="DESCRIPTION" value="NODE"/>
		<Property id="PROPERTY_1269" name="HRN_FAMILY" value="14401"/>
		<Property id="PROPERTY_1270" name="COMP_TYPE" value="NODE"/>
		<Property id="PROPERTY_1271" name="SUB_PROJECT" value="HRN-14401"/>
		<Property id="PROPERTY_1272" name="DEVICE_NAME" value="N23-SW1:NODE-14401:"/>
		<Property id="PROPERTY_1273" name="EXCLUDE_FROM_BOM" value="1"/>
		<BranchPosition id="BR_POS_38" branchId="BRANCH_c2-4e-0-4c0df7" branchNodeId="BN_20596-224" offset="0"/>
		<DeviceItem xsi:type="Pin" id="PIN_c2-1e-0-4bd9fa" signalId="SIGNAL_6b-36-0-2702b2" name="1">
			<AppRef name="E3.Series" version="2.14.0.0" guid="b5e6d003-ff09-486d-a53e-7ad488439842"/>
		</DeviceItem>
	</HarnessItem>
	<HarnessItem xsi:type="Splice" id="SPLICE_c2-1c-0-4bc817" name="N2DB02-A" location="NODE-14401" compType="NODE" symbolName="NODE" symbolCharacteristic="" rotation="0.000000">
		<AppRef name="E3.Series" version="2.14.0.0" guid="4d0f79bd-6c55-4bc7-91d1-95816c3114e6"/>
		<Property id="PROPERTY_1274" name="DESCRIPTION" value="NODE"/>
		<Property id="PROPERTY_1275" name="HRN_FAMILY" value="14401"/>
		<Property id="PROPERTY_1276" name="COMP_TYPE" value="NODE"/>
		<Property id="PROPERTY_1277" name="SUB_PROJECT" value="HRN-14401"/>
		<Property id="PROPERTY_1278" name="DEVICE_NAME" value="N2DB02-A:NODE-14401:"/>
		<Property id="PROPERTY_1279" name="EXCLUDE_FROM_BOM" value="1"/>
		<BranchPosition id="BR_POS_39" branchId="BRANCH_c2-4e-0-4c0f12" branchNodeId="BN_20180-60" offset="0"/>
		<DeviceItem xsi:type="Pin" id="PIN_c2-1e-0-4bd9fc" signalId="SIGNAL_6b-36-0-2702b2" name="1">
			<AppRef name="E3.Series" version="2.14.0.0" guid="2fdd289d-080f-4ddb-bd11-d168c9791d58"/>
		</DeviceItem>
	</HarnessItem>
	<HarnessItem xsi:type="Splice" id="SPLICE_c2-1c-0-4bc81e" name="N23-D1" location="NODE-14401" compType="NODE" symbolName="NODE" symbolCharacteristic="" rotation="0.000000">
		<AppRef name="E3.Series" version="2.14.0.0" guid="4bcef503-a00b-4155-a8bc-198601bfa2ce"/>
		<Property id="PROPERTY_1280" name="DESCRIPTION" value="NODE"/>
		<Property id="PROPERTY_1281" name="HRN_FAMILY" value="14401"/>
		<Property id="PROPERTY_1282" name="COMP_TYPE" value="NODE"/>
		<Property id="PROPERTY_1283" name="SUB_PROJECT" value="HRN-14401"/>
		<Property id="PROPERTY_1284" name="DEVICE_NAME" value="N23-D1:NODE-14401:"/>
		<Property id="PROPERTY_1285" name="EXCLUDE_FROM_BOM" value="1"/>
		<BranchPosition id="BR_POS_40" branchId="BRANCH_c2-4e-0-4c0f19" branchNodeId="BN_19800-256" offset="0"/>
		<DeviceItem xsi:type="Pin" id="PIN_c2-1e-0-4bd9fe" signalId="SIGNAL_6b-36-0-2702b2" name="1">
			<AppRef name="E3.Series" version="2.14.0.0" guid="19facc74-5326-4ab7-a70d-750b1a19fd1c"/>
		</DeviceItem>
	</HarnessItem>
	<HarnessItem xsi:type="Splice" id="SPLICE_c2-1c-0-4bc825" name="N23-E1" location="NODE-14401" compType="NODE" symbolName="NODE" symbolCharacteristic="" rotation="0.000000">
		<AppRef name="E3.Series" version="2.14.0.0" guid="f01d2c34-a92f-4eb3-8356-ed7cd346753d"/>
		<Property id="PROPERTY_1286" name="DESCRIPTION" value="NODE"/>
		<Property id="PROPERTY_1287" name="HRN_FAMILY" value="14401"/>
		<Property id="PROPERTY_1288" name="COMP_TYPE" value="NODE"/>
		<Property id="PROPERTY_1289" name="SUB_PROJECT" value="HRN-14401"/>
		<Property id="PROPERTY_1290" name="DEVICE_NAME" value="N23-E1:NODE-14401:"/>
		<Property id="PROPERTY_1291" name="EXCLUDE_FROM_BOM" value="1"/>
		<BranchPosition id="BR_POS_41" branchId="BRANCH_c2-4e-0-4c0dfa" branchNodeId="BN_18448-216" offset="0"/>
		<DeviceItem xsi:type="Pin" id="PIN_c2-1e-0-4bda00" signalId="SIGNAL_6b-36-0-2702b2" name="1">
			<AppRef name="E3.Series" version="2.14.0.0" guid="49d066a0-debd-4cf4-aa59-250cdb660b07"/>
		</DeviceItem>
	</HarnessItem>
	<HarnessItem xsi:type="Splice" id="SPLICE_c2-1c-0-4bc82c" name="DP2R114-A" location="NODE-14401" compType="NODE" symbolName="NODE" symbolCharacteristic="" rotation="0.000000">
		<AppRef name="E3.Series" version="2.14.0.0" guid="712706df-07d0-43c3-b815-30f2d21a4078"/>
		<Property id="PROPERTY_1292" name="DESCRIPTION" value="NODE"/>
		<Property id="PROPERTY_1293" name="HRN_FAMILY" value="14401"/>
		<Property id="PROPERTY_1294" name="COMP_TYPE" value="NODE"/>
		<Property id="PROPERTY_1295" name="SUB_PROJECT" value="HRN-14401"/>
		<Property id="PROPERTY_1296" name="DEVICE_NAME" value="DP2R114-A:NODE-14401:"/>
		<Property id="PROPERTY_1297" name="EXCLUDE_FROM_BOM" value="1"/>
		<BranchPosition id="BR_POS_42" branchId="BRANCH_c2-4e-0-4c0dfd" branchNodeId="BN_17896-264" offset="0"/>
		<DeviceItem xsi:type="Pin" id="PIN_c2-1e-0-4bda02" signalId="SIGNAL_6b-36-0-2702b2" name="1">
			<AppRef name="E3.Series" version="2.14.0.0" guid="b1d6eb07-eb07-4a89-bf8a-b89589ca4b26"/>
		</DeviceItem>
	</HarnessItem>
	<HarnessItem xsi:type="Splice" id="SPLICE_c2-1c-0-4bc83a" name="DP2MM01-A" location="NODE-14401" compType="NODE" symbolName="NODE" symbolCharacteristic="" rotation="0.000000">
		<AppRef name="E3.Series" version="2.14.0.0" guid="de6d3dae-24c2-426a-8dec-cfb6bcae14b1"/>
		<Property id="PROPERTY_1298" name="DESCRIPTION" value="NODE"/>
		<Property id="PROPERTY_1299" name="HRN_FAMILY" value="14401"/>
		<Property id="PROPERTY_1300" name="COMP_TYPE" value="NODE"/>
		<Property id="PROPERTY_1301" name="SUB_PROJECT" value="HRN-14401"/>
		<Property id="PROPERTY_1302" name="DEVICE_NAME" value="DP2MM01-A:NODE-14401:"/>
		<Property id="PROPERTY_1303" name="EXCLUDE_FROM_BOM" value="1"/>
		<BranchPosition id="BR_POS_43" branchId="BRANCH_c2-4e-0-4c0f29" branchNodeId="BN_17720-192" offset="0"/>
		<DeviceItem xsi:type="Pin" id="PIN_c2-1e-0-4bda06" signalId="SIGNAL_6b-36-0-2702b2" name="1">
			<AppRef name="E3.Series" version="2.14.0.0" guid="106081cb-46e1-4c88-a673-2cd5729afa7c"/>
		</DeviceItem>
	</HarnessItem>
	<HarnessItem xsi:type="Splice" id="SPLICE_c2-1c-0-4bc841" name="N2MC04" location="NODE-14401" compType="NODE" symbolName="NODE" symbolCharacteristic="" rotation="0.000000">
		<AppRef name="E3.Series" version="2.14.0.0" guid="999f6ea1-f1ac-4639-b03b-37cf6f5e8fa0"/>
		<Property id="PROPERTY_1304" name="DESCRIPTION" value="NODE"/>
		<Property id="PROPERTY_1305" name="HRN_FAMILY" value="14401"/>
		<Property id="PROPERTY_1306" name="COMP_TYPE" value="NODE"/>
		<Property id="PROPERTY_1307" name="SUB_PROJECT" value="HRN-14401"/>
		<Property id="PROPERTY_1308" name="DEVICE_NAME" value="N2MC04:NODE-14401:"/>
		<Property id="PROPERTY_1309" name="EXCLUDE_FROM_BOM" value="1"/>
		<BranchPosition id="BR_POS_44" branchId="BRANCH_c2-4e-0-4c0e06" branchNodeId="BN_16144-248" offset="0"/>
		<DeviceItem xsi:type="Pin" id="PIN_c2-1e-0-4bda08" signalId="SIGNAL_6b-36-0-2702b2" name="1">
			<AppRef name="E3.Series" version="2.14.0.0" guid="b84289b6-5dfa-4f94-be44-b8bb4fff2b5b"/>
		</DeviceItem>
	</HarnessItem>
	<HarnessItem xsi:type="Splice" id="SPLICE_c2-1c-0-4bc848" name="N2DC09" location="NODE-14401" compType="NODE" symbolName="NODE" symbolCharacteristic="" rotation="0.000000">
		<AppRef name="E3.Series" version="2.14.0.0" guid="751688dc-b4f9-4569-b0dd-416ff840d345"/>
		<Property id="PROPERTY_1310" name="DESCRIPTION" value="NODE"/>
		<Property id="PROPERTY_1311" name="HRN_FAMILY" value="14401"/>
		<Property id="PROPERTY_1312" name="COMP_TYPE" value="NODE"/>
		<Property id="PROPERTY_1313" name="SUB_PROJECT" value="HRN-14401"/>
		<Property id="PROPERTY_1314" name="DEVICE_NAME" value="N2DC09:NODE-14401:"/>
		<Property id="PROPERTY_1315" name="EXCLUDE_FROM_BOM" value="1"/>
		<BranchPosition id="BR_POS_45" branchId="BRANCH_c2-4e-0-4c0f31" branchNodeId="BN_16496-248" offset="0"/>
		<DeviceItem xsi:type="Pin" id="PIN_c2-1e-0-4bda0a" signalId="SIGNAL_6b-36-0-2702b2" name="1">
			<AppRef name="E3.Series" version="2.14.0.0" guid="087e32a1-fe6a-482b-a184-62497a35dd06"/>
		</DeviceItem>
	</HarnessItem>
	<HarnessItem xsi:type="Splice" id="SPLICE_c2-1c-0-4bc84f" name="N2H101-B" location="NODE-14401" compType="NODE" symbolName="NODE" symbolCharacteristic="" rotation="0.000000">
		<AppRef name="E3.Series" version="2.14.0.0" guid="b6cdd28b-11ec-474a-a4ce-a4163368237a"/>
		<Property id="PROPERTY_1316" name="DESCRIPTION" value="NODE"/>
		<Property id="PROPERTY_1317" name="HRN_FAMILY" value="14401"/>
		<Property id="PROPERTY_1318" name="COMP_TYPE" value="NODE"/>
		<Property id="PROPERTY_1319" name="SUB_PROJECT" value="HRN-14401"/>
		<Property id="PROPERTY_1320" name="DEVICE_NAME" value="N2H101-B:NODE-14401:"/>
		<Property id="PROPERTY_1321" name="EXCLUDE_FROM_BOM" value="1"/>
		<BranchPosition id="BR_POS_46" branchId="BRANCH_c2-4e-0-4c0f3d" branchNodeId="BN_14728-255_961" offset="0"/>
		<DeviceItem xsi:type="Pin" id="PIN_c2-1e-0-4bda0c" signalId="SIGNAL_6b-36-0-2702b2" name="1">
			<AppRef name="E3.Series" version="2.14.0.0" guid="a37ec5c8-2944-43cf-9795-177e344a1850"/>
		</DeviceItem>
	</HarnessItem>
	<HarnessItem xsi:type="Splice" id="SPLICE_c2-1c-0-4bc856" name="N2H101-A" location="NODE-14401" compType="NODE" symbolName="NODE" symbolCharacteristic="" rotation="0.000000">
		<AppRef name="E3.Series" version="2.14.0.0" guid="18700119-07b7-4215-99f9-87e89e7564e9"/>
		<Property id="PROPERTY_1322" name="DESCRIPTION" value="NODE"/>
		<Property id="PROPERTY_1323" name="HRN_FAMILY" value="14401"/>
		<Property id="PROPERTY_1324" name="COMP_TYPE" value="NODE"/>
		<Property id="PROPERTY_1325" name="SUB_PROJECT" value="HRN-14401"/>
		<Property id="PROPERTY_1326" name="DEVICE_NAME" value="N2H101-A:NODE-14401:"/>
		<Property id="PROPERTY_1327" name="EXCLUDE_FROM_BOM" value="1"/>
		<BranchPosition id="BR_POS_47" branchId="BRANCH_c2-4e-0-4c0f40" branchNodeId="BN_13944-252" offset="0"/>
		<DeviceItem xsi:type="Pin" id="PIN_c2-1e-0-4bda0e" signalId="SIGNAL_6b-36-0-2702b2" name="1">
			<AppRef name="E3.Series" version="2.14.0.0" guid="81f8fad3-b7a3-46fa-a24d-09c4511cc241"/>
		</DeviceItem>
	</HarnessItem>
	<HarnessItem xsi:type="Splice" id="SPLICE_c2-1c-0-4bc864" name="S2DB25-B" location="NODE-14401" compType="NODE" symbolName="NODE" symbolCharacteristic="" rotation="0.000000">
		<AppRef name="E3.Series" version="2.14.0.0" guid="8d6c5955-cfd5-46fb-9e59-0f7ce16e1d4a"/>
		<Property id="PROPERTY_1328" name="DESCRIPTION" value="NODE"/>
		<Property id="PROPERTY_1329" name="HRN_FAMILY" value="14401"/>
		<Property id="PROPERTY_1330" name="COMP_TYPE" value="NODE"/>
		<Property id="PROPERTY_1331" name="SUB_PROJECT" value="HRN-14401"/>
		<Property id="PROPERTY_1332" name="DEVICE_NAME" value="S2DB25-B:NODE-14401:"/>
		<Property id="PROPERTY_1333" name="EXCLUDE_FROM_BOM" value="1"/>
		<BranchPosition id="BR_POS_48" branchId="BRANCH_c2-4e-0-4c0e16" branchNodeId="BN_8407_9-390_058" offset="0"/>
		<DeviceItem xsi:type="Pin" id="PIN_c2-1e-0-4bda12" signalId="SIGNAL_6b-36-0-2702b2" name="1">
			<AppRef name="E3.Series" version="2.14.0.0" guid="3ba4eeab-e9cc-42fb-84ff-3ec2a6fd88a3"/>
		</DeviceItem>
	</HarnessItem>
	<HarnessItem xsi:type="Splice" id="SPLICE_c2-1c-0-4bc88d" name="BC2" location="NODE-14401" compType="NODE" symbolName="NODE" symbolCharacteristic="" rotation="0.000000">
		<AppRef name="E3.Series" version="2.14.0.0" guid="f6e7fe52-c538-4d7d-a3a6-f08ad71a50f6"/>
		<Property id="PROPERTY_1334" name="DESCRIPTION" value="NODE"/>
		<Property id="PROPERTY_1335" name="HRN_FAMILY" value="14401"/>
		<Property id="PROPERTY_1336" name="COMP_TYPE" value="NODE"/>
		<Property id="PROPERTY_1337" name="SUB_PROJECT" value="HRN-14401"/>
		<Property id="PROPERTY_1338" name="DEVICE_NAME" value="BC2:NODE-14401:"/>
		<Property id="PROPERTY_1339" name="EXCLUDE_FROM_BOM" value="1"/>
		<BranchPosition id="BR_POS_49" branchId="BRANCH_c2-4e-0-4c0e21" branchNodeId="BN_10856-224" offset="0"/>
		<DeviceItem xsi:type="Pin" id="PIN_c2-1e-0-4bda1c" signalId="SIGNAL_6b-36-0-2702b2" name="1">
			<AppRef name="E3.Series" version="2.14.0.0" guid="6c53347e-7c70-41e1-8e6f-83273b457139"/>
		</DeviceItem>
	</HarnessItem>
	<HarnessItem xsi:type="Splice" id="SPLICE_c2-1c-0-4bc8a4" name="N23-A1" location="NODE-14401" compType="NODE" symbolName="NODE" symbolCharacteristic="" rotation="0.000000">
		<AppRef name="E3.Series" version="2.14.0.0" guid="67bef2f9-47ed-4b55-8cb2-d4f32edd3163"/>
		<Property id="PROPERTY_1340" name="DESCRIPTION" value="NODE"/>
		<Property id="PROPERTY_1341" name="HRN_FAMILY" value="14401"/>
		<Property id="PROPERTY_1342" name="COMP_TYPE" value="NODE"/>
		<Property id="PROPERTY_1343" name="SUB_PROJECT" value="HRN-14401"/>
		<Property id="PROPERTY_1344" name="DEVICE_NAME" value="N23-A1:NODE-14401:"/>
		<Property id="PROPERTY_1345" name="EXCLUDE_FROM_BOM" value="1"/>
		<BranchPosition id="BR_POS_50" branchId="BRANCH_c2-4e-0-4c0dda" branchNodeId="BN_695_9-226_058" offset="0"/>
		<DeviceItem xsi:type="Pin" id="PIN_c2-1e-0-4bda22" signalId="SIGNAL_6b-36-0-2702b2" name="1">
			<AppRef name="E3.Series" version="2.14.0.0" guid="0b2b3c44-dfed-4350-912c-c4c6940f255d"/>
		</DeviceItem>
	</HarnessItem>
	<HarnessItem xsi:type="Splice" id="SPLICE_c2-1c-0-4bc8ab" name="N23-C1" location="NODE-14401" compType="NODE" symbolName="NODE" symbolCharacteristic="" rotation="0.000000">
		<AppRef name="E3.Series" version="2.14.0.0" guid="df05dca9-b914-4b52-b0f5-82f2048829f5"/>
		<Property id="PROPERTY_1346" name="DESCRIPTION" value="NODE"/>
		<Property id="PROPERTY_1347" name="HRN_FAMILY" value="14401"/>
		<Property id="PROPERTY_1348" name="COMP_TYPE" value="NODE"/>
		<Property id="PROPERTY_1349" name="SUB_PROJECT" value="HRN-14401"/>
		<Property id="PROPERTY_1350" name="DEVICE_NAME" value="N23-C1:NODE-14401:"/>
		<Property id="PROPERTY_1351" name="EXCLUDE_FROM_BOM" value="1"/>
		<BranchPosition id="BR_POS_51" branchId="BRANCH_c2-4e-0-4c0ddd" branchNodeId="BN_79_9-230_058" offset="0"/>
		<DeviceItem xsi:type="Pin" id="PIN_c2-1e-0-4bda24" signalId="SIGNAL_6b-36-0-2702b2" name="1">
			<AppRef name="E3.Series" version="2.14.0.0" guid="f479d969-e4d8-40be-835e-ca6df8550d3b"/>
		</DeviceItem>
	</HarnessItem>
	<HarnessItem xsi:type="Splice" id="SPLICE_c2-1c-0-4bc8b2" name="N2DB04" location="NODE-14401" compType="NODE" symbolName="NODE" symbolCharacteristic="" rotation="180.000000">
		<AppRef name="E3.Series" version="2.14.0.0" guid="6f5ca448-48bf-4ed8-86d0-70891f925b20"/>
		<Property id="PROPERTY_1352" name="DESCRIPTION" value="NODE"/>
		<Property id="PROPERTY_1353" name="HRN_FAMILY" value="14401"/>
		<Property id="PROPERTY_1354" name="COMP_TYPE" value="NODE"/>
		<Property id="PROPERTY_1355" name="SUB_PROJECT" value="HRN-14401"/>
		<Property id="PROPERTY_1356" name="DEVICE_NAME" value="N2DB04:NODE-14401:"/>
		<Property id="PROPERTY_1357" name="EXCLUDE_FROM_BOM" value="1"/>
		<BranchPosition id="BR_POS_52" branchId="BRANCH_c2-4e-0-4c0cf5" branchNodeId="BN_6087_9-166_058" offset="0"/>
		<DeviceItem xsi:type="Pin" id="PIN_c2-1e-0-4bda26" signalId="SIGNAL_6b-36-0-2702b2" name="1">
			<AppRef name="E3.Series" version="2.14.0.0" guid="9f4bec1e-693b-4e87-bff0-390a350a1e13"/>
		</DeviceItem>
	</HarnessItem>
	<HarnessItem xsi:type="Splice" id="SPLICE_c2-1c-0-4bc8b9" name="N2X212" location="NODE-14401" compType="NODE" symbolName="NODE" symbolCharacteristic="" rotation="0.000000">
		<AppRef name="E3.Series" version="2.14.0.0" guid="7c08621b-6487-41fe-a96c-5d12935ab232"/>
		<Property id="PROPERTY_1358" name="DESCRIPTION" value="NODE"/>
		<Property id="PROPERTY_1359" name="HRN_FAMILY" value="14401"/>
		<Property id="PROPERTY_1360" name="COMP_TYPE" value="NODE"/>
		<Property id="PROPERTY_1361" name="SUB_PROJECT" value="HRN-14401"/>
		<Property id="PROPERTY_1362" name="DEVICE_NAME" value="N2X212:NODE-14401:"/>
		<Property id="PROPERTY_1363" name="EXCLUDE_FROM_BOM" value="1"/>
		<BranchPosition id="BR_POS_53" branchId="BRANCH_c2-4e-0-4c0dcb" branchNodeId="BN_2863_9-229_058" offset="0"/>
		<DeviceItem xsi:type="Pin" id="PIN_c2-1e-0-4bda28" signalId="SIGNAL_6b-36-0-2702b2" name="1">
			<AppRef name="E3.Series" version="2.14.0.0" guid="85c40567-41f8-477d-a479-6d4b3f55256a"/>
		</DeviceItem>
	</HarnessItem>
	<HarnessItem xsi:type="Splice" id="SPLICE_c2-1c-0-4bc8c0" name="N2LF70" location="NODE-14401" compType="NODE" symbolName="NODE" symbolCharacteristic="" rotation="0.000000">
		<AppRef name="E3.Series" version="2.14.0.0" guid="66531da7-4edf-4c78-83a0-3084a4b673bc"/>
		<Property id="PROPERTY_1364" name="DESCRIPTION" value="NODE"/>
		<Property id="PROPERTY_1365" name="HRN_FAMILY" value="14401"/>
		<Property id="PROPERTY_1366" name="COMP_TYPE" value="NODE"/>
		<Property id="PROPERTY_1367" name="SUB_PROJECT" value="HRN-14401"/>
		<Property id="PROPERTY_1368" name="DEVICE_NAME" value="N2LF70:NODE-14401:"/>
		<Property id="PROPERTY_1369" name="EXCLUDE_FROM_BOM" value="1"/>
		<BranchPosition id="BR_POS_54" branchId="BRANCH_c2-4e-0-4c0dc8" branchNodeId="BN_3127_9-222_058" offset="0"/>
		<DeviceItem xsi:type="Pin" id="PIN_c2-1e-0-4bda2a" signalId="SIGNAL_6b-36-0-2702b2" name="1">
			<AppRef name="E3.Series" version="2.14.0.0" guid="a43fe0cb-f7c3-47b0-b88d-dd9960fb86b2"/>
		</DeviceItem>
	</HarnessItem>
	<HarnessItem xsi:type="Splice" id="SPLICE_c2-1c-0-4bc8c7" name="N2LF23" location="NODE-14401" compType="NODE" symbolName="NODE" symbolCharacteristic="" rotation="0.000000">
		<AppRef name="E3.Series" version="2.14.0.0" guid="3c8a582f-bdb6-4211-a26e-2f729939c08d"/>
		<Property id="PROPERTY_1370" name="DESCRIPTION" value="NODE"/>
		<Property id="PROPERTY_1371" name="HRN_FAMILY" value="14401"/>
		<Property id="PROPERTY_1372" name="COMP_TYPE" value="NODE"/>
		<Property id="PROPERTY_1373" name="SUB_PROJECT" value="HRN-14401"/>
		<Property id="PROPERTY_1374" name="DEVICE_NAME" value="N2LF23:NODE-14401:"/>
		<Property id="PROPERTY_1375" name="EXCLUDE_FROM_BOM" value="1"/>
		<BranchPosition id="BR_POS_55" branchId="BRANCH_c2-4e-0-4c0e2f" branchNodeId="BN_3231_9-230_058" offset="0"/>
		<DeviceItem xsi:type="Pin" id="PIN_c2-1e-0-4bda2c" signalId="SIGNAL_6b-36-0-2702b2" name="1">
			<AppRef name="E3.Series" version="2.14.0.0" guid="0324831d-b179-4a75-bfd9-3463098c144f"/>
		</DeviceItem>
	</HarnessItem>
	<HarnessItem xsi:type="Splice" id="SPLICE_c2-1c-0-4bc8ce" name="N2PP09" location="NODE-14401" compType="NODE" symbolName="NODE" symbolCharacteristic="" rotation="0.000000">
		<AppRef name="E3.Series" version="2.14.0.0" guid="3c5d3c7e-e6a7-409b-9972-8106a50f84ce"/>
		<Property id="PROPERTY_1376" name="DESCRIPTION" value="NODE"/>
		<Property id="PROPERTY_1377" name="HRN_FAMILY" value="14401"/>
		<Property id="PROPERTY_1378" name="COMP_TYPE" value="NODE"/>
		<Property id="PROPERTY_1379" name="SUB_PROJECT" value="HRN-14401"/>
		<Property id="PROPERTY_1380" name="DEVICE_NAME" value="N2PP09:NODE-14401:"/>
		<Property id="PROPERTY_1381" name="EXCLUDE_FROM_BOM" value="1"/>
		<BranchPosition id="BR_POS_56" branchId="BRANCH_c2-4e-0-4c0dbb" branchNodeId="BN_3734_25-230_156" offset="0"/>
		<DeviceItem xsi:type="Pin" id="PIN_c2-1e-0-4bda2e" signalId="SIGNAL_6b-36-0-2702b2" name="1">
			<AppRef name="E3.Series" version="2.14.0.0" guid="aefe8665-3a3a-407c-b843-a29f210a4236"/>
		</DeviceItem>
	</HarnessItem>
	<HarnessItem xsi:type="Splice" id="SPLICE_c2-1c-0-4bc8d5" name="N2CB09" location="NODE-14401" compType="NODE" symbolName="NODE" symbolCharacteristic="" rotation="0.000000">
		<AppRef name="E3.Series" version="2.14.0.0" guid="9b98b35c-23ef-44de-846f-56ce9b9f03ef"/>
		<Property id="PROPERTY_1382" name="DESCRIPTION" value="NODE"/>
		<Property id="PROPERTY_1383" name="HRN_FAMILY" value="14401"/>
		<Property id="PROPERTY_1384" name="COMP_TYPE" value="NODE"/>
		<Property id="PROPERTY_1385" name="SUB_PROJECT" value="HRN-14401"/>
		<Property id="PROPERTY_1386" name="DEVICE_NAME" value="N2CB09:NODE-14401:"/>
		<Property id="PROPERTY_1387" name="EXCLUDE_FROM_BOM" value="1"/>
		<BranchPosition id="BR_POS_57" branchId="BRANCH_c2-4e-0-4c0db8" branchNodeId="BN_3870_25-230_156" offset="0"/>
		<DeviceItem xsi:type="Pin" id="PIN_c2-1e-0-4bda30" signalId="SIGNAL_6b-36-0-2702b2" name="1">
			<AppRef name="E3.Series" version="2.14.0.0" guid="daf2e21b-8256-4841-93fd-97da3db6ac31"/>
		</DeviceItem>
	</HarnessItem>
	<HarnessItem xsi:type="Splice" id="SPLICE_c2-1c-0-4bc8dc" name="N2R168-C" location="NODE-14401" compType="NODE" symbolName="NODE" symbolCharacteristic="" rotation="0.000000">
		<AppRef name="E3.Series" version="2.14.0.0" guid="201f1c91-0c6e-4181-9925-31edc4888748"/>
		<Property id="PROPERTY_1388" name="DESCRIPTION" value="NODE"/>
		<Property id="PROPERTY_1389" name="HRN_FAMILY" value="14401"/>
		<Property id="PROPERTY_1390" name="COMP_TYPE" value="NODE"/>
		<Property id="PROPERTY_1391" name="SUB_PROJECT" value="HRN-14401"/>
		<Property id="PROPERTY_1392" name="DEVICE_NAME" value="N2R168-C:NODE-14401:"/>
		<Property id="PROPERTY_1393" name="EXCLUDE_FROM_BOM" value="1"/>
		<BranchPosition id="BR_POS_58" branchId="BRANCH_c2-4e-0-4c0dae" branchNodeId="BN_4478_25-214_156" offset="0"/>
		<DeviceItem xsi:type="Pin" id="PIN_c2-1e-0-4bda32" signalId="SIGNAL_6b-36-0-2702b2" name="1">
			<AppRef name="E3.Series" version="2.14.0.0" guid="793e2336-05e9-4f11-9a9f-bf83caeacf27"/>
		</DeviceItem>
	</HarnessItem>
	<HarnessItem xsi:type="Splice" id="SPLICE_c2-1c-0-4bc8e3" name="N2R168-A" location="NODE-14401" compType="NODE" symbolName="NODE" symbolCharacteristic="" rotation="0.000000">
		<AppRef name="E3.Series" version="2.14.0.0" guid="a5c267c2-1af7-4f30-b9ba-e582e9da98f1"/>
		<Property id="PROPERTY_1394" name="DESCRIPTION" value="NODE"/>
		<Property id="PROPERTY_1395" name="HRN_FAMILY" value="14401"/>
		<Property id="PROPERTY_1396" name="COMP_TYPE" value="NODE"/>
		<Property id="PROPERTY_1397" name="SUB_PROJECT" value="HRN-14401"/>
		<Property id="PROPERTY_1398" name="DEVICE_NAME" value="N2R168-A:NODE-14401:"/>
		<Property id="PROPERTY_1399" name="EXCLUDE_FROM_BOM" value="1"/>
		<BranchPosition id="BR_POS_59" branchId="BRANCH_c2-4e-0-4c0da8" branchNodeId="BN_4567_9-230_058" offset="0"/>
		<DeviceItem xsi:type="Pin" id="PIN_c2-1e-0-4bda34" signalId="SIGNAL_6b-36-0-2702b2" name="1">
			<AppRef name="E3.Series" version="2.14.0.0" guid="4c90fc5e-5b12-47bb-8770-ba4273b9c6de"/>
		</DeviceItem>
	</HarnessItem>
	<HarnessItem xsi:type="Splice" id="SPLICE_c2-1c-0-4bc8ea" name="N2AM01-B3" location="NODE-14401" compType="NODE" symbolName="NODE" symbolCharacteristic="" rotation="0.000000">
		<AppRef name="E3.Series" version="2.14.0.0" guid="36ca1ff4-72ee-41a3-a1db-899f9ba80097"/>
		<Property id="PROPERTY_1400" name="DESCRIPTION" value="NODE"/>
		<Property id="PROPERTY_1401" name="HRN_FAMILY" value="14401"/>
		<Property id="PROPERTY_1402" name="COMP_TYPE" value="NODE"/>
		<Property id="PROPERTY_1403" name="SUB_PROJECT" value="HRN-14401"/>
		<Property id="PROPERTY_1404" name="DEVICE_NAME" value="N2AM01-B3:NODE-14401:"/>
		<Property id="PROPERTY_1405" name="EXCLUDE_FROM_BOM" value="1"/>
		<BranchPosition id="BR_POS_60" branchId="BRANCH_c2-4e-0-4c0d9e" branchNodeId="BN_4783_9-214_058" offset="0"/>
		<DeviceItem xsi:type="Pin" id="PIN_c2-1e-0-4bda36" signalId="SIGNAL_6b-36-0-2702b2" name="1">
			<AppRef name="E3.Series" version="2.14.0.0" guid="9f7e5510-620d-4ff9-a1a7-fe36533ea212"/>
		</DeviceItem>
	</HarnessItem>
	<HarnessItem xsi:type="Splice" id="SPLICE_c2-1c-0-4bc8f1" name="N2AM01-B" location="NODE-14401" compType="NODE" symbolName="NODE" symbolCharacteristic="" rotation="0.000000">
		<AppRef name="E3.Series" version="2.14.0.0" guid="5ec28d94-0496-417d-a18b-66361a4d7325"/>
		<Property id="PROPERTY_1406" name="DESCRIPTION" value="NODE"/>
		<Property id="PROPERTY_1407" name="HRN_FAMILY" value="14401"/>
		<Property id="PROPERTY_1408" name="COMP_TYPE" value="NODE"/>
		<Property id="PROPERTY_1409" name="SUB_PROJECT" value="HRN-14401"/>
		<Property id="PROPERTY_1410" name="DEVICE_NAME" value="N2AM01-B:NODE-14401:"/>
		<Property id="PROPERTY_1411" name="EXCLUDE_FROM_BOM" value="1"/>
		<BranchPosition id="BR_POS_61" branchId="BRANCH_c2-4e-0-4c0da2" branchNodeId="BN_4919_9-254_058" offset="0"/>
		<DeviceItem xsi:type="Pin" id="PIN_c2-1e-0-4bda38" signalId="SIGNAL_6b-36-0-2702b2" name="1">
			<AppRef name="E3.Series" version="2.14.0.0" guid="b1e819df-990a-4375-99f0-f131635f528e"/>
		</DeviceItem>
	</HarnessItem>
	<HarnessItem xsi:type="Splice" id="SPLICE_c2-1c-0-4bc8f8" name="N2AM01-F" location="NODE-14401" compType="NODE" symbolName="NODE" symbolCharacteristic="" rotation="0.000000">
		<AppRef name="E3.Series" version="2.14.0.0" guid="a53642b9-b086-4e22-a246-9d4c061e7071"/>
		<Property id="PROPERTY_1412" name="DESCRIPTION" value="NODE"/>
		<Property id="PROPERTY_1413" name="HRN_FAMILY" value="14401"/>
		<Property id="PROPERTY_1414" name="COMP_TYPE" value="NODE"/>
		<Property id="PROPERTY_1415" name="SUB_PROJECT" value="HRN-14401"/>
		<Property id="PROPERTY_1416" name="DEVICE_NAME" value="N2AM01-F:NODE-14401:"/>
		<Property id="PROPERTY_1417" name="EXCLUDE_FROM_BOM" value="1"/>
		<BranchPosition id="BR_POS_62" branchId="BRANCH_c2-4e-0-4c0d98" branchNodeId="BN_5135_9-278_058" offset="0"/>
		<DeviceItem xsi:type="Pin" id="PIN_c2-1e-0-4bda3a" signalId="SIGNAL_6b-36-0-2702b2" name="1">
			<AppRef name="E3.Series" version="2.14.0.0" guid="7ef573c0-79c4-4c78-88ad-5fdc172d3067"/>
		</DeviceItem>
	</HarnessItem>
	<HarnessItem xsi:type="Splice" id="SPLICE_c2-1c-0-4bc8ff" name="N2ET76-P" location="NODE-14401" compType="NODE" symbolName="NODE" symbolCharacteristic="" rotation="0.000000">
		<AppRef name="E3.Series" version="2.14.0.0" guid="7bfd250d-3cd0-4773-8a40-52a61c111ecf"/>
		<Property id="PROPERTY_1418" name="DESCRIPTION" value="NODE"/>
		<Property id="PROPERTY_1419" name="HRN_FAMILY" value="14401"/>
		<Property id="PROPERTY_1420" name="COMP_TYPE" value="NODE"/>
		<Property id="PROPERTY_1421" name="SUB_PROJECT" value="HRN-14401"/>
		<Property id="PROPERTY_1422" name="DEVICE_NAME" value="N2ET76-P:NODE-14401:"/>
		<Property id="PROPERTY_1423" name="EXCLUDE_FROM_BOM" value="1"/>
		<BranchPosition id="BR_POS_63" branchId="BRANCH_c2-4e-0-4c0d92" branchNodeId="BN_5263_9-230_058" offset="0"/>
		<DeviceItem xsi:type="Pin" id="PIN_c2-1e-0-4bda3c" signalId="SIGNAL_6b-36-0-2702b2" name="1">
			<AppRef name="E3.Series" version="2.14.0.0" guid="52807d72-9adc-423b-95b9-0a2012bb04c0"/>
		</DeviceItem>
	</HarnessItem>
	<HarnessItem xsi:type="Splice" id="SPLICE_c2-1c-0-4bc906" name="RT430" location="NODE-14401" compType="NODE" symbolName="NODE" symbolCharacteristic="" rotation="0.000000">
		<AppRef name="E3.Series" version="2.14.0.0" guid="0acecb2c-47d6-4ee7-ba25-bf59ee9c5a40"/>
		<Property id="PROPERTY_1424" name="DESCRIPTION" value="NODE"/>
		<Property id="PROPERTY_1425" name="HRN_FAMILY" value="14401"/>
		<Property id="PROPERTY_1426" name="COMP_TYPE" value="NODE"/>
		<Property id="PROPERTY_1427" name="SUB_PROJECT" value="HRN-14401"/>
		<Property id="PROPERTY_1428" name="DEVICE_NAME" value="RT430:NODE-14401:"/>
		<Property id="PROPERTY_1429" name="EXCLUDE_FROM_BOM" value="1"/>
		<BranchPosition id="BR_POS_64" branchId="BRANCH_c2-4e-0-4c0e41" branchNodeId="BN_5623_9-254_058" offset="0"/>
		<DeviceItem xsi:type="Pin" id="PIN_c2-1e-0-4bda3e" signalId="SIGNAL_6b-36-0-2702b2" name="1">
			<AppRef name="E3.Series" version="2.14.0.0" guid="e45c9348-2001-486d-93b3-d029c7303a73"/>
		</DeviceItem>
	</HarnessItem>
	<HarnessItem xsi:type="Splice" id="SPLICE_c2-1c-0-4bc90d" name="N2PP03" location="NODE-14401" compType="NODE" symbolName="NODE" symbolCharacteristic="" rotation="0.000000">
		<AppRef name="E3.Series" version="2.14.0.0" guid="f2ca2c5a-70f2-4e41-940a-3e43a437ddfd"/>
		<Property id="PROPERTY_1430" name="DESCRIPTION" value="NODE"/>
		<Property id="PROPERTY_1431" name="HRN_FAMILY" value="14401"/>
		<Property id="PROPERTY_1432" name="COMP_TYPE" value="NODE"/>
		<Property id="PROPERTY_1433" name="SUB_PROJECT" value="HRN-14401"/>
		<Property id="PROPERTY_1434" name="DEVICE_NAME" value="N2PP03:NODE-14401:"/>
		<Property id="PROPERTY_1435" name="EXCLUDE_FROM_BOM" value="1"/>
		<BranchPosition id="BR_POS_65" branchId="BRANCH_c2-4e-0-4c0d8b" branchNodeId="BN_6446_25-78_156" offset="0"/>
		<DeviceItem xsi:type="Pin" id="PIN_c2-1e-0-4bda40" signalId="SIGNAL_6b-36-0-2702b2" name="1">
			<AppRef name="E3.Series" version="2.14.0.0" guid="90fbd667-ec77-4578-a00b-863bcf559976"/>
		</DeviceItem>
	</HarnessItem>
	<HarnessItem xsi:type="Splice" id="SPLICE_c2-1c-0-4bc914" name="N2PP04" location="NODE-14401" compType="NODE" symbolName="NODE" symbolCharacteristic="" rotation="90.000000">
		<AppRef name="E3.Series" version="2.14.0.0" guid="cab1a8e4-c7f1-4350-8133-515ffe99efa6"/>
		<Property id="PROPERTY_1436" name="DESCRIPTION" value="NODE"/>
		<Property id="PROPERTY_1437" name="HRN_FAMILY" value="14401"/>
		<Property id="PROPERTY_1438" name="COMP_TYPE" value="NODE"/>
		<Property id="PROPERTY_1439" name="SUB_PROJECT" value="HRN-14401"/>
		<Property id="PROPERTY_1440" name="DEVICE_NAME" value="N2PP04:NODE-14401:"/>
		<Property id="PROPERTY_1441" name="EXCLUDE_FROM_BOM" value="1"/>
		<BranchPosition id="BR_POS_66" branchId="BRANCH_c2-4e-0-4c0d85" branchNodeId="BN_7258_25-62_156" offset="0"/>
		<DeviceItem xsi:type="Pin" id="PIN_c2-1e-0-4bda42" signalId="SIGNAL_6b-36-0-2702b2" name="1">
			<AppRef name="E3.Series" version="2.14.0.0" guid="cefd621f-a15d-4f51-876a-0f652ae9d940"/>
		</DeviceItem>
	</HarnessItem>
	<HarnessItem xsi:type="Splice" id="SPLICE_c2-1c-0-4bc91b" name="N2AT50" location="NODE-14401" compType="NODE" symbolName="NODE" symbolCharacteristic="" rotation="0.000000">
		<AppRef name="E3.Series" version="2.14.0.0" guid="34c40557-9735-4e59-a13e-d19750294c61"/>
		<Property id="PROPERTY_1442" name="DESCRIPTION" value="NODE"/>
		<Property id="PROPERTY_1443" name="HRN_FAMILY" value="14401"/>
		<Property id="PROPERTY_1444" name="COMP_TYPE" value="NODE"/>
		<Property id="PROPERTY_1445" name="SUB_PROJECT" value="HRN-14401"/>
		<Property id="PROPERTY_1446" name="DEVICE_NAME" value="N2AT50:NODE-14401:"/>
		<Property id="PROPERTY_1447" name="EXCLUDE_FROM_BOM" value="1"/>
		<BranchPosition id="BR_POS_67" branchId="BRANCH_c2-4e-0-4c0d82" branchNodeId="BN_8352_25-185_156" offset="0"/>
		<DeviceItem xsi:type="Pin" id="PIN_c2-1e-0-4bda44" signalId="SIGNAL_6b-36-0-2702b2" name="1">
			<AppRef name="E3.Series" version="2.14.0.0" guid="f315e374-7871-4d90-960e-d342563cacae"/>
		</DeviceItem>
	</HarnessItem>
	<HarnessItem xsi:type="Splice" id="SPLICE_c2-1c-0-4bc922" name="N2LF44" location="NODE-14401" compType="NODE" symbolName="NODE" symbolCharacteristic="" rotation="0.000000">
		<AppRef name="E3.Series" version="2.14.0.0" guid="edb53f0e-14cb-467f-a9d4-d2287ca41d72"/>
		<Property id="PROPERTY_1448" name="DESCRIPTION" value="NODE"/>
		<Property id="PROPERTY_1449" name="HRN_FAMILY" value="14401"/>
		<Property id="PROPERTY_1450" name="COMP_TYPE" value="NODE"/>
		<Property id="PROPERTY_1451" name="SUB_PROJECT" value="HRN-14401"/>
		<Property id="PROPERTY_1452" name="DEVICE_NAME" value="N2LF44:NODE-14401:"/>
		<Property id="PROPERTY_1453" name="EXCLUDE_FROM_BOM" value="1"/>
		<BranchPosition id="BR_POS_68" branchId="BRANCH_c2-4e-0-4c0d7f" branchNodeId="BN_9256-216" offset="0"/>
		<DeviceItem xsi:type="Pin" id="PIN_c2-1e-0-4bda46" signalId="SIGNAL_6b-36-0-2702b2" name="1">
			<AppRef name="E3.Series" version="2.14.0.0" guid="2fdf5a48-f24a-448f-9a68-38cf8eb1640f"/>
		</DeviceItem>
	</HarnessItem>
	<HarnessItem xsi:type="Splice" id="SPLICE_c2-1c-0-4bc929" name="N2ME03-A" location="NODE-14401" compType="NODE" symbolName="NODE" symbolCharacteristic="" rotation="0.000000">
		<AppRef name="E3.Series" version="2.14.0.0" guid="599e281e-3f8a-4dfe-9376-71998a30d2b8"/>
		<Property id="PROPERTY_1454" name="DESCRIPTION" value="NODE"/>
		<Property id="PROPERTY_1455" name="HRN_FAMILY" value="14401"/>
		<Property id="PROPERTY_1456" name="COMP_TYPE" value="NODE"/>
		<Property id="PROPERTY_1457" name="SUB_PROJECT" value="HRN-14401"/>
		<Property id="PROPERTY_1458" name="DEVICE_NAME" value="N2ME03-A:NODE-14401:"/>
		<Property id="PROPERTY_1459" name="EXCLUDE_FROM_BOM" value="1"/>
		<BranchPosition id="BR_POS_69" branchId="BRANCH_c2-4e-0-4c0f76" branchNodeId="BN_10584-168" offset="0"/>
		<DeviceItem xsi:type="Pin" id="PIN_c2-1e-0-4bda48" signalId="SIGNAL_6b-36-0-2702b2" name="1">
			<AppRef name="E3.Series" version="2.14.0.0" guid="fd70ab0e-c442-4289-909f-f750299b3fc4"/>
		</DeviceItem>
	</HarnessItem>
	<HarnessItem xsi:type="Splice" id="SPLICE_c2-1c-0-4bc930" name="N2ME03-B" location="NODE-14401" compType="NODE" symbolName="NODE" symbolCharacteristic="" rotation="0.000000">
		<AppRef name="E3.Series" version="2.14.0.0" guid="4447ab2c-04f6-445f-baef-2b0aebc82301"/>
		<Property id="PROPERTY_1460" name="DESCRIPTION" value="NODE"/>
		<Property id="PROPERTY_1461" name="HRN_FAMILY" value="14401"/>
		<Property id="PROPERTY_1462" name="COMP_TYPE" value="NODE"/>
		<Property id="PROPERTY_1463" name="SUB_PROJECT" value="HRN-14401"/>
		<Property id="PROPERTY_1464" name="DEVICE_NAME" value="N2ME03-B:NODE-14401:"/>
		<Property id="PROPERTY_1465" name="EXCLUDE_FROM_BOM" value="1"/>
		<BranchPosition id="BR_POS_70" branchId="BRANCH_c2-4e-0-4c0e4d" branchNodeId="BN_10856-152" offset="0"/>
		<DeviceItem xsi:type="Pin" id="PIN_c2-1e-0-4bda4a" signalId="SIGNAL_6b-36-0-2702b2" name="1">
			<AppRef name="E3.Series" version="2.14.0.0" guid="79ecccb4-1db5-48c3-8b11-bce98f5a3616"/>
		</DeviceItem>
	</HarnessItem>
	<HarnessItem xsi:type="Splice" id="SPLICE_c2-1c-0-4bc937" name="N2H409" location="NODE-14401" compType="NODE" symbolName="NODE" symbolCharacteristic="" rotation="0.000000">
		<AppRef name="E3.Series" version="2.14.0.0" guid="b039efc7-7d2a-47ce-bc53-8d61456d637d"/>
		<Property id="PROPERTY_1466" name="DESCRIPTION" value="NODE"/>
		<Property id="PROPERTY_1467" name="HRN_FAMILY" value="14401"/>
		<Property id="PROPERTY_1468" name="COMP_TYPE" value="NODE"/>
		<Property id="PROPERTY_1469" name="SUB_PROJECT" value="HRN-14401"/>
		<Property id="PROPERTY_1470" name="DEVICE_NAME" value="N2H409:NODE-14401:"/>
		<Property id="PROPERTY_1471" name="EXCLUDE_FROM_BOM" value="1"/>
		<BranchPosition id="BR_POS_71" branchId="BRANCH_c2-4e-0-4c0d2b" branchNodeId="BN_11592-280" offset="0"/>
		<DeviceItem xsi:type="Pin" id="PIN_c2-1e-0-4bda4c" signalId="SIGNAL_6b-36-0-2702b2" name="1">
			<AppRef name="E3.Series" version="2.14.0.0" guid="7b86edb9-c2df-49e9-9c12-049b3967eb76"/>
		</DeviceItem>
	</HarnessItem>
	<HarnessItem xsi:type="Splice" id="SPLICE_c2-1c-0-4bc93e" name="N2ME06" location="NODE-14401" compType="NODE" symbolName="NODE" symbolCharacteristic="" rotation="0.000000">
		<AppRef name="E3.Series" version="2.14.0.0" guid="5c0e6b0e-2b43-4a8b-8e4b-8c6aaebe8c70"/>
		<Property id="PROPERTY_1472" name="DESCRIPTION" value="NODE"/>
		<Property id="PROPERTY_1473" name="HRN_FAMILY" value="14401"/>
		<Property id="PROPERTY_1474" name="COMP_TYPE" value="NODE"/>
		<Property id="PROPERTY_1475" name="SUB_PROJECT" value="HRN-14401"/>
		<Property id="PROPERTY_1476" name="DEVICE_NAME" value="N2ME06:NODE-14401:"/>
		<Property id="PROPERTY_1477" name="EXCLUDE_FROM_BOM" value="1"/>
		<BranchPosition id="BR_POS_72" branchId="BRANCH_c2-4e-0-4c0d0c" branchNodeId="BN_11056-136" offset="0"/>
		<DeviceItem xsi:type="Pin" id="PIN_c2-1e-0-4bda4e" signalId="SIGNAL_6b-36-0-2702b2" name="1">
			<AppRef name="E3.Series" version="2.14.0.0" guid="e1c25985-606e-4530-9e7d-f0dde70279a1"/>
		</DeviceItem>
	</HarnessItem>
	<HarnessItem xsi:type="Splice" id="SPLICE_c2-1c-0-4bc945" name="N2LF14" location="NODE-14401" compType="NODE" symbolName="NODE" symbolCharacteristic="" rotation="0.000000">
		<AppRef name="E3.Series" version="2.14.0.0" guid="9da02307-5350-4ec8-9172-ece7d6715db8"/>
		<Property id="PROPERTY_1478" name="DESCRIPTION" value="NODE"/>
		<Property id="PROPERTY_1479" name="HRN_FAMILY" value="14401"/>
		<Property id="PROPERTY_1480" name="COMP_TYPE" value="NODE"/>
		<Property id="PROPERTY_1481" name="SUB_PROJECT" value="HRN-14401"/>
		<Property id="PROPERTY_1482" name="DEVICE_NAME" value="N2LF14:NODE-14401:"/>
		<Property id="PROPERTY_1483" name="EXCLUDE_FROM_BOM" value="1"/>
		<BranchPosition id="BR_POS_73" branchId="BRANCH_c2-4e-0-4c0e50" branchNodeId="BN_11424-248" offset="0"/>
		<DeviceItem xsi:type="Pin" id="PIN_c2-1e-0-4bda50" signalId="SIGNAL_6b-36-0-2702b2" name="1">
			<AppRef name="E3.Series" version="2.14.0.0" guid="c8be4b76-b0cd-4b86-8f15-79e9822e755d"/>
		</DeviceItem>
	</HarnessItem>
	<HarnessItem xsi:type="Splice" id="SPLICE_c2-1c-0-4bc94c" name="N2H411" location="NODE-14401" compType="NODE" symbolName="NODE" symbolCharacteristic="" rotation="0.000000">
		<AppRef name="E3.Series" version="2.14.0.0" guid="4c4f089a-c701-4a8d-a297-3209a15e98b9"/>
		<Property id="PROPERTY_1484" name="DESCRIPTION" value="NODE"/>
		<Property id="PROPERTY_1485" name="HRN_FAMILY" value="14401"/>
		<Property id="PROPERTY_1486" name="COMP_TYPE" value="NODE"/>
		<Property id="PROPERTY_1487" name="SUB_PROJECT" value="HRN-14401"/>
		<Property id="PROPERTY_1488" name="DEVICE_NAME" value="N2H411:NODE-14401:"/>
		<Property id="PROPERTY_1489" name="EXCLUDE_FROM_BOM" value="1"/>
		<BranchPosition id="BR_POS_74" branchId="BRANCH_c2-4e-0-4c0d2e" branchNodeId="BN_11248-279" offset="0"/>
		<DeviceItem xsi:type="Pin" id="PIN_c2-1e-0-4bda52" signalId="SIGNAL_6b-36-0-2702b2" name="1">
			<AppRef name="E3.Series" version="2.14.0.0" guid="49ed30d3-05c3-4afd-a166-91046b19025e"/>
		</DeviceItem>
	</HarnessItem>
	<HarnessItem xsi:type="Splice" id="SPLICE_c2-1c-0-4bc953" name="N2RT03" location="NODE-14401" compType="NODE" symbolName="NODE" symbolCharacteristic="" rotation="0.000000">
		<AppRef name="E3.Series" version="2.14.0.0" guid="6712bdb7-7a51-4c9f-a585-9549a4a80e04"/>
		<Property id="PROPERTY_1490" name="DESCRIPTION" value="NODE"/>
		<Property id="PROPERTY_1491" name="HRN_FAMILY" value="14401"/>
		<Property id="PROPERTY_1492" name="COMP_TYPE" value="NODE"/>
		<Property id="PROPERTY_1493" name="SUB_PROJECT" value="HRN-14401"/>
		<Property id="PROPERTY_1494" name="DEVICE_NAME" value="N2RT03:NODE-14401:"/>
		<Property id="PROPERTY_1495" name="EXCLUDE_FROM_BOM" value="1"/>
		<Option id="OPTION_c2-1c-0-4bc953_1" value="(CBGAA | CBGAD | CBGAE) &amp; AAEAA"/>
		<BranchPosition id="BR_POS_75" branchId="BRANCH_c2-4e-0-4c0e53" branchNodeId="BN_11974_25-242_156" offset="0"/>
		<DeviceItem xsi:type="Pin" id="PIN_c2-1e-0-4bda54" signalId="SIGNAL_6b-36-0-2702b2" name="1">
			<AppRef name="E3.Series" version="2.14.0.0" guid="01003c9a-b773-488f-87af-3d380773db82"/>
		</DeviceItem>
	</HarnessItem>
	<HarnessItem xsi:type="Splice" id="SPLICE_c2-1c-0-4bc95a" name="N2AT30" location="NODE-14401" compType="NODE" symbolName="NODE" symbolCharacteristic="" rotation="0.000000">
		<AppRef name="E3.Series" version="2.14.0.0" guid="7e6d8fff-2400-47fd-9715-b810d9a9bc90"/>
		<Property id="PROPERTY_1496" name="DESCRIPTION" value="NODE"/>
		<Property id="PROPERTY_1497" name="HRN_FAMILY" value="14401"/>
		<Property id="PROPERTY_1498" name="COMP_TYPE" value="NODE"/>
		<Property id="PROPERTY_1499" name="SUB_PROJECT" value="HRN-14401"/>
		<Property id="PROPERTY_1500" name="DEVICE_NAME" value="N2AT30:NODE-14401:"/>
		<Property id="PROPERTY_1501" name="EXCLUDE_FROM_BOM" value="1"/>
		<BranchPosition id="BR_POS_76" branchId="BRANCH_c2-4e-0-4c0e56" branchNodeId="BN_12528-208" offset="0"/>
		<DeviceItem xsi:type="Pin" id="PIN_c2-1e-0-4bda56" signalId="SIGNAL_6b-36-0-2702b2" name="1">
			<AppRef name="E3.Series" version="2.14.0.0" guid="411d8133-ae52-4daf-86a0-8dfbb6c4b4da"/>
		</DeviceItem>
	</HarnessItem>
	<HarnessItem xsi:type="Splice" id="SPLICE_c2-1c-0-4bc961" name="DP2MC01-A" location="NODE-14401" compType="NODE" symbolName="NODE" symbolCharacteristic="" rotation="0.000000">
		<AppRef name="E3.Series" version="2.14.0.0" guid="ecf3e2cb-e554-449a-bf49-fe8624f8dd4e"/>
		<Property id="PROPERTY_1502" name="DESCRIPTION" value="NODE"/>
		<Property id="PROPERTY_1503" name="HRN_FAMILY" value="14401"/>
		<Property id="PROPERTY_1504" name="COMP_TYPE" value="NODE"/>
		<Property id="PROPERTY_1505" name="SUB_PROJECT" value="HRN-14401"/>
		<Property id="PROPERTY_1506" name="DEVICE_NAME" value="DP2MC01-A:NODE-14401:"/>
		<Property id="PROPERTY_1507" name="EXCLUDE_FROM_BOM" value="1"/>
		<BranchPosition id="BR_POS_77" branchId="BRANCH_c2-4e-0-4c0f51" branchNodeId="BN_7584-268" offset="0"/>
		<DeviceItem xsi:type="Pin" id="PIN_c2-1e-0-4bda58" signalId="SIGNAL_6b-36-0-2702b2" name="1">
			<AppRef name="E3.Series" version="2.14.0.0" guid="a0a7309c-2f6c-4943-821a-e89657434290"/>
		</DeviceItem>
	</HarnessItem>
	<HarnessItem xsi:type="Splice" id="SPLICE_c2-1c-0-4bc968" name="N2LN85" location="NODE-14401" compType="NODE" symbolName="NODE" symbolCharacteristic="" rotation="0.000000">
		<AppRef name="E3.Series" version="2.14.0.0" guid="32ba3560-dbe8-41df-9d9a-46a8f91854cf"/>
		<Property id="PROPERTY_1508" name="DESCRIPTION" value="NODE"/>
		<Property id="PROPERTY_1509" name="HRN_FAMILY" value="14401"/>
		<Property id="PROPERTY_1510" name="COMP_TYPE" value="NODE"/>
		<Property id="PROPERTY_1511" name="SUB_PROJECT" value="HRN-14401"/>
		<Property id="PROPERTY_1512" name="DEVICE_NAME" value="N2LN85:NODE-14401:"/>
		<Property id="PROPERTY_1513" name="EXCLUDE_FROM_BOM" value="1"/>
		<BranchPosition id="BR_POS_78" branchId="BRANCH_c2-4e-0-4c0d31" branchNodeId="BN_22848-48" offset="0"/>
		<DeviceItem xsi:type="Pin" id="PIN_c2-1e-0-4bda5a" signalId="SIGNAL_6b-36-0-2702b2" name="1">
			<AppRef name="E3.Series" version="2.14.0.0" guid="45fd4a14-b980-4237-bf10-d9db2e2acd34"/>
		</DeviceItem>
	</HarnessItem>
	<HarnessItem xsi:type="Splice" id="SPLICE_c2-1c-0-4bc96f" name="N2R169" location="NODE-14401" compType="NODE" symbolName="NODE" symbolCharacteristic="" rotation="270.000000">
		<AppRef name="E3.Series" version="2.14.0.0" guid="5b675d54-48c4-4f20-b1fb-107acffad247"/>
		<Property id="PROPERTY_1514" name="DESCRIPTION" value="NODE"/>
		<Property id="PROPERTY_1515" name="HRN_FAMILY" value="14401"/>
		<Property id="PROPERTY_1516" name="COMP_TYPE" value="NODE"/>
		<Property id="PROPERTY_1517" name="SUB_PROJECT" value="HRN-14401"/>
		<Property id="PROPERTY_1518" name="DEVICE_NAME" value="N2R169:NODE-14401:"/>
		<Property id="PROPERTY_1519" name="EXCLUDE_FROM_BOM" value="1"/>
		<BranchPosition id="BR_POS_79" branchId="BRANCH_c2-4e-0-4c0ef6" branchNodeId="BN_22736-112" offset="0"/>
		<DeviceItem xsi:type="Pin" id="PIN_c2-1e-0-4bda5c" signalId="SIGNAL_6b-36-0-2702b2" name="1">
			<AppRef name="E3.Series" version="2.14.0.0" guid="38fa4e69-b72f-4766-9422-0a063fc4a2d8"/>
		</DeviceItem>
	</HarnessItem>
	<HarnessItem xsi:type="Splice" id="SPLICE_c2-1c-0-4bc976" name="N23-B1" location="NODE-14401" compType="NODE" symbolName="NODE" symbolCharacteristic="" rotation="0.000000">
		<AppRef name="E3.Series" version="2.14.0.0" guid="145bc538-e0cf-4a94-9b56-b2e97a1c27fd"/>
		<Property id="PROPERTY_1520" name="DESCRIPTION" value="NODE"/>
		<Property id="PROPERTY_1521" name="HRN_FAMILY" value="14401"/>
		<Property id="PROPERTY_1522" name="COMP_TYPE" value="NODE"/>
		<Property id="PROPERTY_1523" name="SUB_PROJECT" value="HRN-14401"/>
		<Property id="PROPERTY_1524" name="DEVICE_NAME" value="N23-B1:NODE-14401:"/>
		<Property id="PROPERTY_1525" name="EXCLUDE_FROM_BOM" value="1"/>
		<BranchPosition id="BR_POS_80" branchId="BRANCH_c2-4e-0-4c0d63" branchNodeId="BN_22204-208" offset="0"/>
		<DeviceItem xsi:type="Pin" id="PIN_c2-1e-0-4bda5e" signalId="SIGNAL_6b-36-0-2702b2" name="1">
			<AppRef name="E3.Series" version="2.14.0.0" guid="f29a8c79-52c3-479f-8744-1b8fe146431e"/>
		</DeviceItem>
	</HarnessItem>
	<HarnessItem xsi:type="Splice" id="SPLICE_c2-1c-0-4bc97d" name="N12-A2" location="NODE-14401" compType="NODE" symbolName="NODE" symbolCharacteristic="" rotation="0.000000">
		<AppRef name="E3.Series" version="2.14.0.0" guid="da50fbd4-608f-4f87-8b24-87e35ed56aac"/>
		<Property id="PROPERTY_1526" name="DESCRIPTION" value="NODE"/>
		<Property id="PROPERTY_1527" name="HRN_FAMILY" value="14401"/>
		<Property id="PROPERTY_1528" name="COMP_TYPE" value="NODE"/>
		<Property id="PROPERTY_1529" name="SUB_PROJECT" value="HRN-14401"/>
		<Property id="PROPERTY_1530" name="DEVICE_NAME" value="N12-A2:NODE-14401:"/>
		<Property id="PROPERTY_1531" name="EXCLUDE_FROM_BOM" value="1"/>
		<BranchPosition id="BR_POS_81" branchId="BRANCH_c2-4e-0-4c0d60" branchNodeId="BN_22028-256" offset="0"/>
		<DeviceItem xsi:type="Pin" id="PIN_c2-1e-0-4bda60" signalId="SIGNAL_6b-36-0-2702b2" name="1">
			<AppRef name="E3.Series" version="2.14.0.0" guid="4f5403da-8dc8-4a8c-a46a-a6a79c5d7c99"/>
		</DeviceItem>
	</HarnessItem>
	<HarnessItem xsi:type="Splice" id="SPLICE_c2-1c-0-4bc984" name="N12-B2" location="NODE-14401" compType="NODE" symbolName="NODE" symbolCharacteristic="" rotation="0.000000">
		<AppRef name="E3.Series" version="2.14.0.0" guid="f126ad72-efcc-4f60-a2c3-cb97db6544e2"/>
		<Property id="PROPERTY_1532" name="DESCRIPTION" value="NODE"/>
		<Property id="PROPERTY_1533" name="HRN_FAMILY" value="14401"/>
		<Property id="PROPERTY_1534" name="COMP_TYPE" value="NODE"/>
		<Property id="PROPERTY_1535" name="SUB_PROJECT" value="HRN-14401"/>
		<Property id="PROPERTY_1536" name="DEVICE_NAME" value="N12-B2:NODE-14401:"/>
		<Property id="PROPERTY_1537" name="EXCLUDE_FROM_BOM" value="1"/>
		<BranchPosition id="BR_POS_82" branchId="BRANCH_c2-4e-0-4c0d54" branchNodeId="BN_21712-216" offset="0"/>
		<DeviceItem xsi:type="Pin" id="PIN_c2-1e-0-4bda62" signalId="SIGNAL_6b-36-0-2702b2" name="1">
			<AppRef name="E3.Series" version="2.14.0.0" guid="54538c84-bdec-46d2-8943-a5a7c03d3522"/>
		</DeviceItem>
	</HarnessItem>
	<HarnessItem xsi:type="Splice" id="SPLICE_c2-1c-0-4bc98b" name="N22-A1" location="NODE-14401" compType="NODE" symbolName="NODE" symbolCharacteristic="" rotation="0.000000">
		<AppRef name="E3.Series" version="2.14.0.0" guid="f10a9c35-ef6d-486a-972d-51783f0078a2"/>
		<Property id="PROPERTY_1538" name="DESCRIPTION" value="NODE"/>
		<Property id="PROPERTY_1539" name="HRN_FAMILY" value="14401"/>
		<Property id="PROPERTY_1540" name="COMP_TYPE" value="NODE"/>
		<Property id="PROPERTY_1541" name="SUB_PROJECT" value="HRN-14401"/>
		<Property id="PROPERTY_1542" name="DEVICE_NAME" value="N22-A1:NODE-14401:"/>
		<Property id="PROPERTY_1543" name="EXCLUDE_FROM_BOM" value="1"/>
		<BranchPosition id="BR_POS_83" branchId="BRANCH_c2-4e-0-4c0d57" branchNodeId="BN_21404-220" offset="0"/>
		<DeviceItem xsi:type="Pin" id="PIN_c2-1e-0-4bda64" signalId="SIGNAL_6b-36-0-2702b2" name="1">
			<AppRef name="E3.Series" version="2.14.0.0" guid="345bad18-49b3-4407-b5c6-b5d2e0d02c2d"/>
		</DeviceItem>
	</HarnessItem>
	<HarnessItem xsi:type="Splice" id="SPLICE_c2-1c-0-4bc992" name="TK570" location="NODE-14401" compType="NODE" symbolName="NODE" symbolCharacteristic="" rotation="0.000000">
		<AppRef name="E3.Series" version="2.14.0.0" guid="c892355a-f6cc-4dc7-818d-3b838e288f2b"/>
		<Property id="PROPERTY_1544" name="DESCRIPTION" value="NODE"/>
		<Property id="PROPERTY_1545" name="HRN_FAMILY" value="14401"/>
		<Property id="PROPERTY_1546" name="COMP_TYPE" value="NODE"/>
		<Property id="PROPERTY_1547" name="SUB_PROJECT" value="HRN-14401"/>
		<Property id="PROPERTY_1548" name="DEVICE_NAME" value="TK570:NODE-14401:"/>
		<Property id="PROPERTY_1549" name="EXCLUDE_FROM_BOM" value="1"/>
		<BranchPosition id="BR_POS_84" branchId="BRANCH_c2-4e-0-4c0d3e" branchNodeId="BN_3398_25-334_156" offset="0"/>
		<DeviceItem xsi:type="Pin" id="PIN_c2-1e-0-4bda66" signalId="SIGNAL_6b-36-0-2702b2" name="1">
			<AppRef name="E3.Series" version="2.14.0.0" guid="f01b6302-c052-4ac5-a3e0-9a31baf87a7c"/>
		</DeviceItem>
	</HarnessItem>
	<HarnessItem xsi:type="Splice" id="SPLICE_c2-1c-0-4bc9a2" name="SH101" location="NODE-14401" compType="NODE" symbolName="NODE" symbolCharacteristic="" rotation="0.000000">
		<AppRef name="E3.Series" version="2.14.0.0" guid="0e70a9ab-1628-4d3a-99eb-03f7ab1c0d91"/>
		<Property id="PROPERTY_1550" name="DESCRIPTION" value="NODE"/>
		<Property id="PROPERTY_1551" name="HRN_FAMILY" value="14401"/>
		<Property id="PROPERTY_1552" name="COMP_TYPE" value="NODE"/>
		<Property id="PROPERTY_1553" name="SUB_PROJECT" value="HRN-14401"/>
		<Property id="PROPERTY_1554" name="DEVICE_NAME" value="SH101:NODE-14401:"/>
		<Property id="PROPERTY_1555" name="EXCLUDE_FROM_BOM" value="1"/>
		<BranchPosition id="BR_POS_85" branchId="BRANCH_c2-4e-0-4c10c8" branchNodeId="BN_22712-320" offset="0"/>
		<DeviceItem xsi:type="Pin" id="PIN_c2-1e-0-4bda6a" signalId="SIGNAL_6b-36-0-2702b2" name="1">
			<AppRef name="E3.Series" version="2.14.0.0" guid="28d39ea5-1b9b-496a-93bc-0b831caaec22"/>
		</DeviceItem>
	</HarnessItem>
	<HarnessItem xsi:type="Splice" id="SPLICE_c2-1c-0-4bc9a9" name="TK150" location="NODE-14401" compType="NODE" symbolName="NODE" symbolCharacteristic="" rotation="0.000000">
		<AppRef name="E3.Series" version="2.14.0.0" guid="82feec05-481c-4870-81c8-cb7deb2ebe64"/>
		<Property id="PROPERTY_1556" name="DESCRIPTION" value="NODE"/>
		<Property id="PROPERTY_1557" name="HRN_FAMILY" value="14401"/>
		<Property id="PROPERTY_1558" name="COMP_TYPE" value="NODE"/>
		<Property id="PROPERTY_1559" name="SUB_PROJECT" value="HRN-14401"/>
		<Property id="PROPERTY_1560" name="DEVICE_NAME" value="TK150:NODE-14401:"/>
		<Property id="PROPERTY_1561" name="EXCLUDE_FROM_BOM" value="1"/>
		<BranchPosition id="BR_POS_86" branchId="BRANCH_c2-4e-0-4c0e87" branchNodeId="BN_22840-304" offset="0"/>
		<DeviceItem xsi:type="Pin" id="PIN_c2-1e-0-4bda6c" signalId="SIGNAL_EMPTY" name="1">
			<AppRef name="E3.Series" version="2.14.0.0" guid="d19dfc6e-2ca4-4365-934e-2abaa83f7c8d"/>
		</DeviceItem>
	</HarnessItem>
	<HarnessItem xsi:type="Splice" id="SPLICE_c2-1c-0-4bc9b0" name="TK140" location="NODE-14401" compType="NODE" symbolName="NODE" symbolCharacteristic="" rotation="0.000000">
		<AppRef name="E3.Series" version="2.14.0.0" guid="ca825bb8-a1f9-4a57-b632-db6a2f26b5cb"/>
		<Property id="PROPERTY_1562" name="DESCRIPTION" value="NODE"/>
		<Property id="PROPERTY_1563" name="HRN_FAMILY" value="14401"/>
		<Property id="PROPERTY_1564" name="COMP_TYPE" value="NODE"/>
		<Property id="PROPERTY_1565" name="SUB_PROJECT" value="HRN-14401"/>
		<Property id="PROPERTY_1566" name="DEVICE_NAME" value="TK140:NODE-14401:"/>
		<Property id="PROPERTY_1567" name="EXCLUDE_FROM_BOM" value="1"/>
		<BranchPosition id="BR_POS_87" branchId="BRANCH_c2-4e-0-4c0e7f" branchNodeId="BN_23048-288" offset="0"/>
		<DeviceItem xsi:type="Pin" id="PIN_c2-1e-0-4bda6e" signalId="SIGNAL_EMPTY" name="1">
			<AppRef name="E3.Series" version="2.14.0.0" guid="b1c1eb6b-7549-4b35-bfd1-228d365a0093"/>
		</DeviceItem>
	</HarnessItem>
	<HarnessItem xsi:type="Splice" id="SPLICE_c2-1c-0-4bc9b7" name="SH201" location="NODE-14401" compType="NODE" symbolName="NODE" symbolCharacteristic="" rotation="0.000000">
		<AppRef name="E3.Series" version="2.14.0.0" guid="21c041ae-f493-460d-9437-523cf47dff20"/>
		<AdditionalPart id="ADDITIONALPART_c2-4-0-4bc9b9" compType="ESAC3T-1A303-AA(A10-01)"/>
		<AdditionalPart id="ADDITIONALPART_c2-4-0-4bc9ba" compType="ESAC3T-1A303-AA(A10-01)"/>
		<AdditionalPart id="ADDITIONALPART_c2-4-0-4bc9bb" compType="EU5T-14E042-BA"/>
		<Property id="PROPERTY_1568" name="DESCRIPTION" value="NODE"/>
		<Property id="PROPERTY_1569" name="HRN_FAMILY" value="14401"/>
		<Property id="PROPERTY_1570" name="COMP_TYPE" value="NODE"/>
		<Property id="PROPERTY_1571" name="SUB_PROJECT" value="HRN-14401"/>
		<Property id="PROPERTY_1572" name="DEVICE_NAME" value="SH201:NODE-14401:"/>
		<Property id="PROPERTY_1573" name="EXCLUDE_FROM_BOM" value="1"/>
		<BranchPosition id="BR_POS_88" branchId="BRANCH_c2-4e-0-4c0e97" branchNodeId="BN_19088-184" offset="0"/>
		<DeviceItem xsi:type="Pin" id="PIN_c2-1e-0-4bda70" signalId="SIGNAL_6b-36-0-2702b2" name="1">
			<AppRef name="E3.Series" version="2.14.0.0" guid="dbab2015-9d0a-49a5-a15a-a19527611027"/>
		</DeviceItem>
	</HarnessItem>
	<HarnessItem xsi:type="Splice" id="SPLICE_c2-1c-0-4bc9c1" name="RT290" location="NODE-14401" compType="NODE" symbolName="NODE" symbolCharacteristic="" rotation="0.000000">
		<AppRef name="E3.Series" version="2.14.0.0" guid="9ca1ed29-3629-4e97-a465-0456f29ab108"/>
		<Property id="PROPERTY_1574" name="DESCRIPTION" value="NODE"/>
		<Property id="PROPERTY_1575" name="HRN_FAMILY" value="14401"/>
		<Property id="PROPERTY_1576" name="COMP_TYPE" value="NODE"/>
		<Property id="PROPERTY_1577" name="SUB_PROJECT" value="HRN-14401"/>
		<Property id="PROPERTY_1578" name="DEVICE_NAME" value="RT290:NODE-14401:"/>
		<Property id="PROPERTY_1579" name="EXCLUDE_FROM_BOM" value="1"/>
		<BranchPosition id="BR_POS_89" branchId="BRANCH_c2-4e-0-4c0ea2" branchNodeId="BN_12430_25-358_156" offset="0"/>
		<DeviceItem xsi:type="Pin" id="PIN_c2-1e-0-4bda72" signalId="SIGNAL_6b-36-0-2702b2" name="1">
			<AppRef name="E3.Series" version="2.14.0.0" guid="301a79d5-926c-4c75-925f-c222d1a4219d"/>
		</DeviceItem>
	</HarnessItem>
	<HarnessItem xsi:type="Splice" id="SPLICE_c2-1c-0-4bc9c8" name="TK320" location="NODE-14401" compType="NODE" symbolName="NODE" symbolCharacteristic="" rotation="0.000000">
		<AppRef name="E3.Series" version="2.14.0.0" guid="f0c7acd8-2727-4175-b33f-1501319af4d5"/>
		<Property id="PROPERTY_1580" name="DESCRIPTION" value="NODE"/>
		<Property id="PROPERTY_1581" name="HRN_FAMILY" value="14401"/>
		<Property id="PROPERTY_1582" name="COMP_TYPE" value="NODE"/>
		<Property id="PROPERTY_1583" name="SUB_PROJECT" value="HRN-14401"/>
		<Property id="PROPERTY_1584" name="DEVICE_NAME" value="TK320:NODE-14401:"/>
		<Property id="PROPERTY_1585" name="EXCLUDE_FROM_BOM" value="1"/>
		<BranchPosition id="BR_POS_90" branchId="BRANCH_c2-4e-0-4c0ea2" branchNodeId="BN_12382_25-358_156" offset="0"/>
		<DeviceItem xsi:type="Pin" id="PIN_c2-1e-0-4bda74" signalId="SIGNAL_6b-36-0-2702b2" name="1">
			<AppRef name="E3.Series" version="2.14.0.0" guid="44c26c2e-1e4c-42c5-a68a-040622861de3"/>
		</DeviceItem>
	</HarnessItem>
	<HarnessItem xsi:type="Splice" id="SPLICE_c2-1c-0-4bc9cf" name="N2DC38" location="NODE-14401" compType="NODE" symbolName="NODE" symbolCharacteristic="" rotation="0.000000">
		<AppRef name="E3.Series" version="2.14.0.0" guid="ceb10cfe-87a7-4266-9035-03958a6823d3"/>
		<Property id="PROPERTY_1586" name="DESCRIPTION" value="NODE"/>
		<Property id="PROPERTY_1587" name="HRN_FAMILY" value="14401"/>
		<Property id="PROPERTY_1588" name="COMP_TYPE" value="NODE"/>
		<Property id="PROPERTY_1589" name="SUB_PROJECT" value="HRN-14401"/>
		<Property id="PROPERTY_1590" name="DEVICE_NAME" value="N2DC38:NODE-14401:"/>
		<Property id="PROPERTY_1591" name="EXCLUDE_FROM_BOM" value="1"/>
		<BranchPosition id="BR_POS_91" branchId="BRANCH_c2-4e-0-4c0ea8" branchNodeId="BN_12382_25-230_156" offset="0"/>
		<DeviceItem xsi:type="Pin" id="PIN_c2-1e-0-4bda76" signalId="SIGNAL_6b-36-0-2702b2" name="1">
			<AppRef name="E3.Series" version="2.14.0.0" guid="62474d30-2610-4557-b9a2-b4b055a59694"/>
		</DeviceItem>
	</HarnessItem>
	<HarnessItem xsi:type="Splice" id="SPLICE_c2-1c-0-4bc9d6" name="N2H415" location="NODE-14401" compType="NODE" symbolName="NODE" symbolCharacteristic="" rotation="0.000000">
		<AppRef name="E3.Series" version="2.14.0.0" guid="83ddbbbe-42b1-4863-8830-4900e461dcaf"/>
		<Property id="PROPERTY_1592" name="DESCRIPTION" value="NODE"/>
		<Property id="PROPERTY_1593" name="HRN_FAMILY" value="14401"/>
		<Property id="PROPERTY_1594" name="COMP_TYPE" value="NODE"/>
		<Property id="PROPERTY_1595" name="SUB_PROJECT" value="HRN-14401"/>
		<Property id="PROPERTY_1596" name="DEVICE_NAME" value="N2H415:NODE-14401:"/>
		<Property id="PROPERTY_1597" name="EXCLUDE_FROM_BOM" value="1"/>
		<BranchPosition id="BR_POS_92" branchId="BRANCH_c2-4e-0-4c0eb2" branchNodeId="BN_11304-168" offset="0"/>
		<DeviceItem xsi:type="Pin" id="PIN_c2-1e-0-4bda78" signalId="SIGNAL_6b-36-0-2702b2" name="1">
			<AppRef name="E3.Series" version="2.14.0.0" guid="8dd452e8-338e-4b06-b392-25d6af0e65e5"/>
		</DeviceItem>
	</HarnessItem>
	<HarnessItem xsi:type="Splice" id="SPLICE_c2-1c-0-4bc9dd" name="RT330" location="NODE-14401" compType="NODE" symbolName="NODE" symbolCharacteristic="" rotation="0.000000">
		<AppRef name="E3.Series" version="2.14.0.0" guid="334293f0-3de4-42e6-8110-b7902edbadab"/>
		<Property id="PROPERTY_1598" name="DESCRIPTION" value="NODE"/>
		<Property id="PROPERTY_1599" name="HRN_FAMILY" value="14401"/>
		<Property id="PROPERTY_1600" name="COMP_TYPE" value="NODE"/>
		<Property id="PROPERTY_1601" name="SUB_PROJECT" value="HRN-14401"/>
		<Property id="PROPERTY_1602" name="DEVICE_NAME" value="RT330:NODE-14401:"/>
		<Property id="PROPERTY_1603" name="EXCLUDE_FROM_BOM" value="1"/>
		<BranchPosition id="BR_POS_93" branchId="BRANCH_c2-4e-0-4c0eb6" branchNodeId="BN_11400-320" offset="0"/>
		<DeviceItem xsi:type="Pin" id="PIN_c2-1e-0-4bda7a" signalId="SIGNAL_6b-36-0-2702b2" name="1">
			<AppRef name="E3.Series" version="2.14.0.0" guid="6e4b8e41-16f3-44a5-b0e0-46738ad65c84"/>
		</DeviceItem>
	</HarnessItem>
	<HarnessItem xsi:type="Splice" id="SPLICE_c2-1c-0-4bc9e4" name="N2AM01-A" location="NODE-14401" compType="NODE" symbolName="NODE" symbolCharacteristic="" rotation="0.000000">
		<AppRef name="E3.Series" version="2.14.0.0" guid="9aabd08f-69fd-44ee-9d1b-2ffd8b0a3731"/>
		<Property id="PROPERTY_1604" name="DESCRIPTION" value="NODE"/>
		<Property id="PROPERTY_1605" name="HRN_FAMILY" value="14401"/>
		<Property id="PROPERTY_1606" name="COMP_TYPE" value="NODE"/>
		<Property id="PROPERTY_1607" name="SUB_PROJECT" value="HRN-14401"/>
		<Property id="PROPERTY_1608" name="DEVICE_NAME" value="N2AM01-A:NODE-14401:"/>
		<Property id="PROPERTY_1609" name="EXCLUDE_FROM_BOM" value="1"/>
		<BranchPosition id="BR_POS_94" branchId="BRANCH_c2-4e-0-4c0ee0" branchNodeId="BN_4390_25-238_156" offset="0"/>
		<DeviceItem xsi:type="Pin" id="PIN_c2-1e-0-4bda7c" signalId="SIGNAL_6b-36-0-2702b2" name="1">
			<AppRef name="E3.Series" version="2.14.0.0" guid="af6def44-53f3-4ded-9110-bf53a65f069f"/>
		</DeviceItem>
	</HarnessItem>
	<HarnessItem xsi:type="Splice" id="SPLICE_c2-1c-0-4bc9eb" name="N2MT16-A" location="NODE-14401" compType="NODE" symbolName="NODE" symbolCharacteristic="" rotation="0.000000">
		<AppRef name="E3.Series" version="2.14.0.0" guid="298c1646-0b4f-4b69-8ff0-b4c14973953c"/>
		<Property id="PROPERTY_1610" name="DESCRIPTION" value="NODE"/>
		<Property id="PROPERTY_1611" name="HRN_FAMILY" value="14401"/>
		<Property id="PROPERTY_1612" name="COMP_TYPE" value="NODE"/>
		<Property id="PROPERTY_1613" name="SUB_PROJECT" value="HRN-14401"/>
		<Property id="PROPERTY_1614" name="DEVICE_NAME" value="N2MT16-A:NODE-14401:"/>
		<Property id="PROPERTY_1615" name="EXCLUDE_FROM_BOM" value="1"/>
		<BranchPosition id="BR_POS_95" branchId="BRANCH_c2-4e-0-4c0d0f" branchNodeId="BN_10976-116" offset="0"/>
		<DeviceItem xsi:type="Pin" id="PIN_c2-1e-0-4bda7e" signalId="SIGNAL_6b-36-0-2702b2" name="1">
			<AppRef name="E3.Series" version="2.14.0.0" guid="d35fe8b4-403a-40b2-8d5a-58ca349f2d62"/>
		</DeviceItem>
	</HarnessItem>
	<HarnessItem xsi:type="Splice" id="SPLICE_c2-1c-0-4bc9f2" name="N2DC08" location="NODE-14401" compType="NODE" symbolName="NODE" symbolCharacteristic="" rotation="0.000000">
		<AppRef name="E3.Series" version="2.14.0.0" guid="24c5b149-366b-4beb-acb1-fb997ac5bc81"/>
		<Property id="PROPERTY_1616" name="DESCRIPTION" value="NODE"/>
		<Property id="PROPERTY_1617" name="HRN_FAMILY" value="14401"/>
		<Property id="PROPERTY_1618" name="COMP_TYPE" value="NODE"/>
		<Property id="PROPERTY_1619" name="SUB_PROJECT" value="HRN-14401"/>
		<Property id="PROPERTY_1620" name="DEVICE_NAME" value="N2DC08:NODE-14401:"/>
		<Property id="PROPERTY_1621" name="EXCLUDE_FROM_BOM" value="1"/>
		<BranchPosition id="BR_POS_96" branchId="BRANCH_c2-4e-0-4c0eeb" branchNodeId="BN_16568_25-152_156" offset="0"/>
		<DeviceItem xsi:type="Pin" id="PIN_c2-1e-0-4bda80" signalId="SIGNAL_6b-36-0-2702b2" name="1">
			<AppRef name="E3.Series" version="2.14.0.0" guid="2d7a98fd-95a8-4907-a433-05100eb9278d"/>
		</DeviceItem>
	</HarnessItem>
	<HarnessItem xsi:type="Splice" id="SPLICE_c2-1c-0-4bc9f9" name="N2DC44-P" location="NODE-14401" compType="NODE" symbolName="NODE" symbolCharacteristic="" rotation="0.000000">
		<AppRef name="E3.Series" version="2.14.0.0" guid="15af8ddb-a758-4d5e-a2b0-4011f8d351e4"/>
		<Property id="PROPERTY_1622" name="DESCRIPTION" value="NODE"/>
		<Property id="PROPERTY_1623" name="HRN_FAMILY" value="14401"/>
		<Property id="PROPERTY_1624" name="COMP_TYPE" value="NODE"/>
		<Property id="PROPERTY_1625" name="SUB_PROJECT" value="HRN-14401"/>
		<Property id="PROPERTY_1626" name="DEVICE_NAME" value="N2DC44-P:NODE-14401:"/>
		<Property id="PROPERTY_1627" name="EXCLUDE_FROM_BOM" value="1"/>
		<BranchPosition id="BR_POS_97" branchId="BRANCH_c2-4e-0-4c0d3b" branchNodeId="BN_16720-264" offset="0"/>
		<DeviceItem xsi:type="Pin" id="PIN_c2-1e-0-4bda82" signalId="SIGNAL_6b-36-0-2702b2" name="1">
			<AppRef name="E3.Series" version="2.14.0.0" guid="dede520c-f544-4edc-8f5c-30ca60f640b3"/>
		</DeviceItem>
	</HarnessItem>
	<HarnessItem xsi:type="Splice" id="SPLICE_c2-1c-0-4bca00" name="N2YA02-C1" location="NODE-14401" compType="NODE" symbolName="NODE" symbolCharacteristic="" rotation="0.000000">
		<AppRef name="E3.Series" version="2.14.0.0" guid="2543cdf2-9bf1-4d4f-8da5-58c8276d30df"/>
		<Property id="PROPERTY_1628" name="DESCRIPTION" value="NODE"/>
		<Property id="PROPERTY_1629" name="HRN_FAMILY" value="14401"/>
		<Property id="PROPERTY_1630" name="COMP_TYPE" value="NODE"/>
		<Property id="PROPERTY_1631" name="SUB_PROJECT" value="HRN-14401"/>
		<Property id="PROPERTY_1632" name="DEVICE_NAME" value="N2YA02-C1:NODE-14401:"/>
		<Property id="PROPERTY_1633" name="EXCLUDE_FROM_BOM" value="1"/>
		<BranchPosition id="BR_POS_98" branchId="BRANCH_c2-4e-0-4c0ec1" branchNodeId="BN_16936-188" offset="0"/>
		<DeviceItem xsi:type="Pin" id="PIN_c2-1e-0-4bda84" signalId="SIGNAL_6b-36-0-2702b2" name="1">
			<AppRef name="E3.Series" version="2.14.0.0" guid="3aa16efd-8f65-425d-891b-2c4fa187a2b0"/>
		</DeviceItem>
	</HarnessItem>
	<HarnessItem xsi:type="Splice" id="SPLICE_c2-1c-0-4bca07" name="N2YA02-C2" location="NODE-14401" compType="NODE" symbolName="NODE" symbolCharacteristic="" rotation="0.000000">
		<AppRef name="E3.Series" version="2.14.0.0" guid="8a1995ae-2752-4fdf-9dd5-8f4a2fd16514"/>
		<Property id="PROPERTY_1634" name="DESCRIPTION" value="NODE"/>
		<Property id="PROPERTY_1635" name="HRN_FAMILY" value="14401"/>
		<Property id="PROPERTY_1636" name="COMP_TYPE" value="NODE"/>
		<Property id="PROPERTY_1637" name="SUB_PROJECT" value="HRN-14401"/>
		<Property id="PROPERTY_1638" name="DEVICE_NAME" value="N2YA02-C2:NODE-14401:"/>
		<Property id="PROPERTY_1639" name="EXCLUDE_FROM_BOM" value="1"/>
		<BranchPosition id="BR_POS_99" branchId="BRANCH_c2-4e-0-4c0ec8" branchNodeId="BN_17032-96" offset="0"/>
		<DeviceItem xsi:type="Pin" id="PIN_c2-1e-0-4bda86" signalId="SIGNAL_6b-36-0-2702b2" name="1">
			<AppRef name="E3.Series" version="2.14.0.0" guid="a692b295-a6a6-467c-ab2b-dbab4bc06f8a"/>
		</DeviceItem>
	</HarnessItem>
	<HarnessItem xsi:type="Splice" id="SPLICE_c2-1c-0-4bca0e" name="N2YA02-C3" location="NODE-14401" compType="NODE" symbolName="NODE" symbolCharacteristic="" rotation="0.000000">
		<AppRef name="E3.Series" version="2.14.0.0" guid="24bd7983-3c0a-40e9-91d8-8a2a748efc24"/>
		<Property id="PROPERTY_1640" name="DESCRIPTION" value="NODE"/>
		<Property id="PROPERTY_1641" name="HRN_FAMILY" value="14401"/>
		<Property id="PROPERTY_1642" name="COMP_TYPE" value="NODE"/>
		<Property id="PROPERTY_1643" name="SUB_PROJECT" value="HRN-14401"/>
		<Property id="PROPERTY_1644" name="DEVICE_NAME" value="N2YA02-C3:NODE-14401:"/>
		<Property id="PROPERTY_1645" name="EXCLUDE_FROM_BOM" value="1"/>
		<BranchPosition id="BR_POS_100" branchId="BRANCH_c2-4e-0-4c0d43" branchNodeId="BN_17104-200" offset="0"/>
		<DeviceItem xsi:type="Pin" id="PIN_c2-1e-0-4bda88" signalId="SIGNAL_6b-36-0-2702b2" name="1">
			<AppRef name="E3.Series" version="2.14.0.0" guid="9d4367f4-3542-473a-a33b-6886589d96c1"/>
		</DeviceItem>
	</HarnessItem>
	<HarnessItem xsi:type="Splice" id="SPLICE_c2-1c-0-4bca15" name="SH202" location="NODE-14401" compType="NODE" symbolName="NODE" symbolCharacteristic="" rotation="0.000000">
		<AppRef name="E3.Series" version="2.14.0.0" guid="c9dfc79a-6488-41be-b07d-a16b2dcda400"/>
		<Property id="PROPERTY_1646" name="DESCRIPTION" value="NODE"/>
		<Property id="PROPERTY_1647" name="HRN_FAMILY" value="14401"/>
		<Property id="PROPERTY_1648" name="COMP_TYPE" value="NODE"/>
		<Property id="PROPERTY_1649" name="SUB_PROJECT" value="HRN-14401"/>
		<Property id="PROPERTY_1650" name="DEVICE_NAME" value="SH202:NODE-14401:"/>
		<Property id="PROPERTY_1651" name="EXCLUDE_FROM_BOM" value="1"/>
		<BranchPosition id="BR_POS_101" branchId="BRANCH_c2-4e-0-4c0e97" branchNodeId="BN_19410-256" offset="0"/>
		<DeviceItem xsi:type="Pin" id="PIN_c2-1e-0-4bda8a" signalId="SIGNAL_6b-36-0-2702b2" name="1">
			<AppRef name="E3.Series" version="2.14.0.0" guid="6efc03aa-70ed-4f95-95d8-ce04c68a3eae"/>
		</DeviceItem>
	</HarnessItem>
	<HarnessItem xsi:type="Splice" id="SPLICE_c2-1c-0-4bca1c" name="RT180" location="NODE-14401" compType="NODE" symbolName="NODE" symbolCharacteristic="" rotation="0.000000">
		<AppRef name="E3.Series" version="2.14.0.0" guid="c85f1ebe-ba36-415b-96b4-4213ffa0eabd"/>
		<Property id="PROPERTY_1652" name="DESCRIPTION" value="NODE"/>
		<Property id="PROPERTY_1653" name="HRN_FAMILY" value="14401"/>
		<Property id="PROPERTY_1654" name="COMP_TYPE" value="NODE"/>
		<Property id="PROPERTY_1655" name="SUB_PROJECT" value="HRN-14401"/>
		<Property id="PROPERTY_1656" name="DEVICE_NAME" value="RT180:NODE-14401:"/>
		<Property id="PROPERTY_1657" name="EXCLUDE_FROM_BOM" value="1"/>
		<BranchPosition id="BR_POS_102" branchId="BRANCH_c2-4e-0-4c0f18" branchNodeId="BN_19656-296" offset="0"/>
		<DeviceItem xsi:type="Pin" id="PIN_c2-1e-0-4bda8c" signalId="SIGNAL_6b-36-0-2702b2" name="1">
			<AppRef name="E3.Series" version="2.14.0.0" guid="e80a0fb0-1f25-4c7c-809c-6b72e17558cf"/>
		</DeviceItem>
	</HarnessItem>
	<HarnessItem xsi:type="Splice" id="SPLICE_c2-1c-0-4bca23" name="N23-PT1" location="NODE-14401" compType="NODE" symbolName="NODE" symbolCharacteristic="" rotation="0.000000">
		<AppRef name="E3.Series" version="2.14.0.0" guid="4e80d754-6bad-449f-b7d2-a2763d71079f"/>
		<Property id="PROPERTY_1658" name="DESCRIPTION" value="NODE"/>
		<Property id="PROPERTY_1659" name="HRN_FAMILY" value="14401"/>
		<Property id="PROPERTY_1660" name="COMP_TYPE" value="NODE"/>
		<Property id="PROPERTY_1661" name="SUB_PROJECT" value="HRN-14401"/>
		<Property id="PROPERTY_1662" name="DEVICE_NAME" value="N23-PT1:NODE-14401:"/>
		<Property id="PROPERTY_1663" name="EXCLUDE_FROM_BOM" value="1"/>
		<BranchPosition id="BR_POS_103" branchId="BRANCH_c2-4e-0-4c0ed7" branchNodeId="BN_1111_9-174_058" offset="0"/>
		<DeviceItem xsi:type="Pin" id="PIN_c2-1e-0-4bda8e" signalId="SIGNAL_6b-36-0-2702b2" name="1">
			<AppRef name="E3.Series" version="2.14.0.0" guid="b61b847b-4e92-4be9-a871-86346c933783"/>
		</DeviceItem>
	</HarnessItem>
	<HarnessItem xsi:type="Splice" id="SPLICE_c2-1c-0-4bca2a" name="N490" location="NODE-14401" compType="NODE" symbolName="NODE" symbolCharacteristic="" rotation="270.000000">
		<AppRef name="E3.Series" version="2.14.0.0" guid="6d293b7f-5248-44a3-a888-66adb8a54f9e"/>
		<Property id="PROPERTY_1664" name="DESCRIPTION" value="NODE"/>
		<Property id="PROPERTY_1665" name="HRN_FAMILY" value="14401"/>
		<Property id="PROPERTY_1666" name="COMP_TYPE" value="NODE"/>
		<Property id="PROPERTY_1667" name="SUB_PROJECT" value="HRN-14401"/>
		<Property id="PROPERTY_1668" name="DEVICE_NAME" value="N490:NODE-14401:"/>
		<Property id="PROPERTY_1669" name="EXCLUDE_FROM_BOM" value="1"/>
		<BranchPosition id="BR_POS_104" branchId="BRANCH_c2-4e-0-4c1027" branchNodeId="BN_6854_25-262_156" offset="0"/>
		<DeviceItem xsi:type="Pin" id="PIN_c2-1e-0-4bda90" signalId="SIGNAL_6b-36-0-2702b2" name="1">
			<AppRef name="E3.Series" version="2.14.0.0" guid="eb8cca41-7f15-4e1c-9a3b-ca4ba9256619"/>
		</DeviceItem>
	</HarnessItem>
	<HarnessItem xsi:type="Splice" id="SPLICE_c2-1c-0-4bca31" name="RT500" location="NODE-14401" compType="NODE" symbolName="NODE" symbolCharacteristic="" rotation="90.000000">
		<AppRef name="E3.Series" version="2.14.0.0" guid="383e2c4f-3c98-42ce-aff2-01c45c9b3c81"/>
		<Property id="PROPERTY_1670" name="DESCRIPTION" value="NODE"/>
		<Property id="PROPERTY_1671" name="HRN_FAMILY" value="14401"/>
		<Property id="PROPERTY_1672" name="COMP_TYPE" value="NODE"/>
		<Property id="PROPERTY_1673" name="SUB_PROJECT" value="HRN-14401"/>
		<Property id="PROPERTY_1674" name="DEVICE_NAME" value="RT500:NODE-14401:"/>
		<Property id="PROPERTY_1675" name="EXCLUDE_FROM_BOM" value="1"/>
		<BranchPosition id="BR_POS_105" branchId="BRANCH_c2-4e-0-4c0db4" branchNodeId="BN_7197_9-272_058" offset="0"/>
		<DeviceItem xsi:type="Pin" id="PIN_c2-1e-0-4bda92" signalId="SIGNAL_6b-36-0-2702b2" name="1">
			<AppRef name="E3.Series" version="2.14.0.0" guid="f50e1204-d7c9-45bf-9c7c-7b489c7be829"/>
		</DeviceItem>
	</HarnessItem>
	<HarnessItem xsi:type="Splice" id="SPLICE_c2-1c-0-4bca40" name="RT440" location="NODE-14401" compType="NODE" symbolName="NODE" symbolCharacteristic="" rotation="0.000000">
		<AppRef name="E3.Series" version="2.14.0.0" guid="a5102af8-580a-4aea-a9e3-69f8ae38a1bc"/>
		<Property id="PROPERTY_1676" name="DESCRIPTION" value="NODE"/>
		<Property id="PROPERTY_1677" name="HRN_FAMILY" value="14401"/>
		<Property id="PROPERTY_1678" name="COMP_TYPE" value="NODE"/>
		<Property id="PROPERTY_1679" name="SUB_PROJECT" value="HRN-14401"/>
		<Property id="PROPERTY_1680" name="DEVICE_NAME" value="RT440:NODE-14401:"/>
		<Property id="PROPERTY_1681" name="EXCLUDE_FROM_BOM" value="1"/>
		<BranchPosition id="BR_POS_106" branchId="BRANCH_c2-4e-0-4c0f9b" branchNodeId="BN_5559_9-334_058" offset="0"/>
		<DeviceItem xsi:type="Pin" id="PIN_c2-1e-0-4bda94" signalId="SIGNAL_6b-36-0-2702b2" name="1">
			<AppRef name="E3.Series" version="2.14.0.0" guid="514acc0d-4629-4245-9cab-7a321ea62939"/>
		</DeviceItem>
	</HarnessItem>
	<HarnessItem xsi:type="Splice" id="SPLICE_c2-1c-0-4bca47" name="TK500" location="NODE-14401" compType="NODE" symbolName="NODE" symbolCharacteristic="" rotation="0.000000">
		<AppRef name="E3.Series" version="2.14.0.0" guid="89eed944-ced7-4688-9266-01f7ec2d2f2f"/>
		<Property id="PROPERTY_1682" name="DESCRIPTION" value="NODE"/>
		<Property id="PROPERTY_1683" name="HRN_FAMILY" value="14401"/>
		<Property id="PROPERTY_1684" name="COMP_TYPE" value="NODE"/>
		<Property id="PROPERTY_1685" name="SUB_PROJECT" value="HRN-14401"/>
		<Property id="PROPERTY_1686" name="DEVICE_NAME" value="TK500:NODE-14401:"/>
		<Property id="PROPERTY_1687" name="EXCLUDE_FROM_BOM" value="1"/>
		<BranchPosition id="BR_POS_107" branchId="BRANCH_c2-4e-0-4c0f9b" branchNodeId="BN_5471_9-334_058" offset="0"/>
		<DeviceItem xsi:type="Pin" id="PIN_c2-1e-0-4bda96" signalId="SIGNAL_6b-36-0-2702b2" name="1">
			<AppRef name="E3.Series" version="2.14.0.0" guid="9f2577ed-285e-4df4-9eb4-b38cfc22115b"/>
		</DeviceItem>
	</HarnessItem>
	<HarnessItem xsi:type="Splice" id="SPLICE_c2-1c-0-4bca55" name="N2R168" location="NODE-14401" compType="NODE" symbolName="NODE" symbolCharacteristic="" rotation="0.000000">
		<AppRef name="E3.Series" version="2.14.0.0" guid="d06573fa-c953-4567-bec6-27498cb30922"/>
		<Property id="PROPERTY_1694" name="DESCRIPTION" value="NODE"/>
		<Property id="PROPERTY_1695" name="HRN_FAMILY" value="14401"/>
		<Property id="PROPERTY_1696" name="COMP_TYPE" value="NODE"/>
		<Property id="PROPERTY_1697" name="SUB_PROJECT" value="HRN-14401"/>
		<Property id="PROPERTY_1698" name="DEVICE_NAME" value="N2R168:NODE-14401:"/>
		<Property id="PROPERTY_1699" name="EXCLUDE_FROM_BOM" value="1"/>
		<BranchPosition id="BR_POS_109" branchId="BRANCH_c2-4e-0-4c0d8f" branchNodeId="BN_5623_9-190_058" offset="0"/>
		<DeviceItem xsi:type="Pin" id="PIN_c2-1e-0-4bda9a" signalId="SIGNAL_6b-36-0-2702b2" name="1">
			<AppRef name="E3.Series" version="2.14.0.0" guid="ca26f0df-6385-428d-ac1a-44fd9c51f465"/>
		</DeviceItem>
	</HarnessItem>
	<HarnessItem xsi:type="Splice" id="SPLICE_c2-1c-0-4bca5c" name="N2CF40" location="NODE-14401" compType="NODE" symbolName="NODE" symbolCharacteristic="" rotation="0.000000">
		<AppRef name="E3.Series" version="2.14.0.0" guid="e78381af-bd5b-4997-8f86-8b2709df1baa"/>
		<Property id="PROPERTY_1700" name="DESCRIPTION" value="NODE"/>
		<Property id="PROPERTY_1701" name="HRN_FAMILY" value="14401"/>
		<Property id="PROPERTY_1702" name="COMP_TYPE" value="NODE"/>
		<Property id="PROPERTY_1703" name="SUB_PROJECT" value="HRN-14401"/>
		<Property id="PROPERTY_1704" name="DEVICE_NAME" value="N2CF40:NODE-14401:"/>
		<Property id="PROPERTY_1705" name="EXCLUDE_FROM_BOM" value="1"/>
		<BranchPosition id="BR_POS_110" branchId="BRANCH_c2-4e-0-4c0e9f" branchNodeId="BN_8520-272" offset="0"/>
		<DeviceItem xsi:type="Pin" id="PIN_c2-1e-0-4bda9c" signalId="SIGNAL_6b-36-0-2702b2" name="1">
			<AppRef name="E3.Series" version="2.14.0.0" guid="11d53702-cfc1-452d-bb7c-fabfbf6f5698"/>
		</DeviceItem>
	</HarnessItem>
	<HarnessItem xsi:type="Splice" id="SPLICE_c2-1c-0-4bca63" name="N2ME89-C" location="NODE-14401" compType="NODE" symbolName="NODE" symbolCharacteristic="" rotation="0.000000">
		<AppRef name="E3.Series" version="2.14.0.0" guid="f018dd69-af01-480c-a2b7-8e3c1cfb03e1"/>
		<Property id="PROPERTY_1706" name="DESCRIPTION" value="NODE"/>
		<Property id="PROPERTY_1707" name="HRN_FAMILY" value="14401"/>
		<Property id="PROPERTY_1708" name="COMP_TYPE" value="NODE"/>
		<Property id="PROPERTY_1709" name="SUB_PROJECT" value="HRN-14401"/>
		<Property id="PROPERTY_1710" name="DEVICE_NAME" value="N2ME89-C:NODE-14401:"/>
		<Property id="PROPERTY_1711" name="EXCLUDE_FROM_BOM" value="1"/>
		<BranchPosition id="BR_POS_111" branchId="BRANCH_c2-4e-0-4c0fb1" branchNodeId="BN_9568-200" offset="0"/>
		<DeviceItem xsi:type="Pin" id="PIN_c2-1e-0-4bda9e" signalId="SIGNAL_6b-36-0-2702b2" name="1">
			<AppRef name="E3.Series" version="2.14.0.0" guid="318d6ac2-d468-428f-9b88-b8ae5d4cc91e"/>
		</DeviceItem>
	</HarnessItem>
	<HarnessItem xsi:type="Splice" id="SPLICE_c2-1c-0-4bca6a" name="RT360" location="NODE-14401" compType="NODE" symbolName="NODE" symbolCharacteristic="" rotation="0.000000">
		<AppRef name="E3.Series" version="2.14.0.0" guid="cd5e9890-71dd-48cb-b592-738ed4a4ffc3"/>
		<Property id="PROPERTY_1712" name="DESCRIPTION" value="NODE"/>
		<Property id="PROPERTY_1713" name="HRN_FAMILY" value="14401"/>
		<Property id="PROPERTY_1714" name="COMP_TYPE" value="NODE"/>
		<Property id="PROPERTY_1715" name="SUB_PROJECT" value="HRN-14401"/>
		<Property id="PROPERTY_1716" name="DEVICE_NAME" value="RT360:NODE-14401:"/>
		<Property id="PROPERTY_1717" name="EXCLUDE_FROM_BOM" value="1"/>
		<BranchPosition id="BR_POS_112" branchId="BRANCH_c2-4e-0-4c0f7e" branchNodeId="BN_9524-374" offset="0"/>
		<DeviceItem xsi:type="Pin" id="PIN_c2-1e-0-4bdaa0" signalId="SIGNAL_6b-36-0-2702b2" name="1">
			<AppRef name="E3.Series" version="2.14.0.0" guid="80ec3d56-d6dc-432e-a1f0-06448275ccf5"/>
		</DeviceItem>
	</HarnessItem>
	<HarnessItem xsi:type="Splice" id="SPLICE_c2-1c-0-4bca71" name="RT320" location="NODE-14401" compType="NODE" symbolName="NODE" symbolCharacteristic="" rotation="0.000000">
		<AppRef name="E3.Series" version="2.14.0.0" guid="69e25c82-8872-4bfd-8c0b-c0bbdc33da15"/>
		<Property id="PROPERTY_1718" name="DESCRIPTION" value="NODE"/>
		<Property id="PROPERTY_1719" name="HRN_FAMILY" value="14401"/>
		<Property id="PROPERTY_1720" name="COMP_TYPE" value="NODE"/>
		<Property id="PROPERTY_1721" name="SUB_PROJECT" value="HRN-14401"/>
		<Property id="PROPERTY_1722" name="DEVICE_NAME" value="RT320:NODE-14401:"/>
		<Property id="PROPERTY_1723" name="EXCLUDE_FROM_BOM" value="1"/>
		<BranchPosition id="BR_POS_113" branchId="BRANCH_c2-4e-0-4c0fb7" branchNodeId="BN_11558_25-358_156" offset="0"/>
		<DeviceItem xsi:type="Pin" id="PIN_c2-1e-0-4bdaa2" signalId="SIGNAL_6b-36-0-2702b2" name="1">
			<AppRef name="E3.Series" version="2.14.0.0" guid="977363f4-58ad-4948-9980-0c1f83c1413a"/>
		</DeviceItem>
	</HarnessItem>
	<HarnessItem xsi:type="Splice" id="SPLICE_c2-1c-0-4bca78" name="TK450" location="NODE-14401" compType="NODE" symbolName="NODE" symbolCharacteristic="" rotation="0.000000">
		<AppRef name="E3.Series" version="2.14.0.0" guid="7f406581-518c-49e4-b681-18a0e61589da"/>
		<Property id="PROPERTY_1724" name="DESCRIPTION" value="NODE"/>
		<Property id="PROPERTY_1725" name="HRN_FAMILY" value="14401"/>
		<Property id="PROPERTY_1726" name="COMP_TYPE" value="NODE"/>
		<Property id="PROPERTY_1727" name="SUB_PROJECT" value="HRN-14401"/>
		<Property id="PROPERTY_1728" name="DEVICE_NAME" value="TK450:NODE-14401:"/>
		<Property id="PROPERTY_1729" name="EXCLUDE_FROM_BOM" value="1"/>
		<BranchPosition id="BR_POS_114" branchId="BRANCH_c2-4e-0-4c0d01" branchNodeId="BN_8520-376" offset="0"/>
		<DeviceItem xsi:type="Pin" id="PIN_c2-1e-0-4bdaa4" signalId="SIGNAL_6b-36-0-2702b2" name="1">
			<AppRef name="E3.Series" version="2.14.0.0" guid="bf1581ab-d708-472f-a6c1-15a021acdbcb"/>
		</DeviceItem>
	</HarnessItem>
	<HarnessItem xsi:type="Splice" id="SPLICE_c2-1c-0-4bca7f" name="RT462" location="NODE-14401" compType="NODE" symbolName="NODE" symbolCharacteristic="" rotation="90.000000">
		<AppRef name="E3.Series" version="2.14.0.0" guid="c858e5f3-704b-4b38-9016-46df5f45c50d"/>
		<Property id="PROPERTY_1730" name="DESCRIPTION" value="NODE"/>
		<Property id="PROPERTY_1731" name="HRN_FAMILY" value="14401"/>
		<Property id="PROPERTY_1732" name="COMP_TYPE" value="NODE"/>
		<Property id="PROPERTY_1733" name="SUB_PROJECT" value="HRN-14401"/>
		<Property id="PROPERTY_1734" name="DEVICE_NAME" value="RT462:NODE-14401:"/>
		<Property id="PROPERTY_1735" name="EXCLUDE_FROM_BOM" value="1"/>
		<BranchPosition id="BR_POS_115" branchId="BRANCH_c2-4e-0-4c0d7c" branchNodeId="BN_9151_9-374_058" offset="0"/>
		<DeviceItem xsi:type="Pin" id="PIN_c2-1e-0-4bdaa6" signalId="SIGNAL_6b-36-0-2702b2" name="1">
			<AppRef name="E3.Series" version="2.14.0.0" guid="c6d8772e-e458-48c8-94b6-4bab561190dd"/>
		</DeviceItem>
	</HarnessItem>
	<HarnessItem xsi:type="Splice" id="SPLICE_c2-1c-0-4bca86" name="N102" location="NODE-14401" compType="NODE" symbolName="NODE" symbolCharacteristic="" rotation="0.000000">
		<AppRef name="E3.Series" version="2.14.0.0" guid="761831d5-0fc7-4cda-9e8d-6fd808f63bae"/>
		<Property id="PROPERTY_1736" name="DESCRIPTION" value="NODE"/>
		<Property id="PROPERTY_1737" name="HRN_FAMILY" value="14401"/>
		<Property id="PROPERTY_1738" name="COMP_TYPE" value="NODE"/>
		<Property id="PROPERTY_1739" name="SUB_PROJECT" value="HRN-14401"/>
		<Property id="PROPERTY_1740" name="DEVICE_NAME" value="N102:NODE-14401:"/>
		<Property id="PROPERTY_1741" name="EXCLUDE_FROM_BOM" value="1"/>
		<BranchPosition id="BR_POS_116" branchId="BRANCH_35-4e-0-30adeb" branchNodeId="BN_6806_25-210_156" offset="0"/>
		<DeviceItem xsi:type="Pin" id="PIN_c2-1e-0-4bdaa8" signalId="SIGNAL_6b-36-0-2702b2" name="1">
			<AppRef name="E3.Series" version="2.14.0.0" guid="dd20a6bf-cf7c-4608-b053-901f8e30a78e"/>
		</DeviceItem>
	</HarnessItem>
	<HarnessItem xsi:type="Splice" id="SPLICE_c2-1c-0-4bca8d" name="TK607" location="NODE-14401" compType="NODE" symbolName="NODE" symbolCharacteristic="" rotation="0.000000">
		<AppRef name="E3.Series" version="2.14.0.0" guid="15da174c-2dbc-49ba-b08e-bb3e2b1a3073"/>
		<Property id="PROPERTY_1742" name="DESCRIPTION" value="NODE"/>
		<Property id="PROPERTY_1743" name="HRN_FAMILY" value="14401"/>
		<Property id="PROPERTY_1744" name="COMP_TYPE" value="NODE"/>
		<Property id="PROPERTY_1745" name="SUB_PROJECT" value="HRN-14401"/>
		<Property id="PROPERTY_1746" name="DEVICE_NAME" value="TK607:NODE-14401:"/>
		<Property id="PROPERTY_1747" name="EXCLUDE_FROM_BOM" value="1"/>
		<BranchPosition id="BR_POS_117" branchId="BRANCH_c2-4e-0-4c0fc8" branchNodeId="BN_7014_25-158_156" offset="0"/>
		<DeviceItem xsi:type="Pin" id="PIN_c2-1e-0-4bdaaa" signalId="SIGNAL_6b-36-0-2702b2" name="1">
			<AppRef name="E3.Series" version="2.14.0.0" guid="5e6d456d-656a-4524-a7f9-3b92d5343e0c"/>
		</DeviceItem>
	</HarnessItem>
	<HarnessItem xsi:type="Splice" id="SPLICE_c2-1c-0-4bca94" name="RT410" location="NODE-14401" compType="NODE" symbolName="NODE" symbolCharacteristic="" rotation="0.000000">
		<AppRef name="E3.Series" version="2.14.0.0" guid="6c17a8e4-d18c-45ae-9caf-e5101d84b2b3"/>
		<Property id="PROPERTY_1748" name="DESCRIPTION" value="NODE"/>
		<Property id="PROPERTY_1749" name="HRN_FAMILY" value="14401"/>
		<Property id="PROPERTY_1750" name="COMP_TYPE" value="NODE"/>
		<Property id="PROPERTY_1751" name="SUB_PROJECT" value="HRN-14401"/>
		<Property id="PROPERTY_1752" name="DEVICE_NAME" value="RT410:NODE-14401:"/>
		<Property id="PROPERTY_1753" name="EXCLUDE_FROM_BOM" value="1"/>
		<BranchPosition id="BR_POS_118" branchId="BRANCH_c2-4e-0-4c0d1d" branchNodeId="BN_6862_25-222_156" offset="0"/>
		<DeviceItem xsi:type="Pin" id="PIN_c2-1e-0-4bdaac" signalId="SIGNAL_6b-36-0-2702b2" name="1">
			<AppRef name="E3.Series" version="2.14.0.0" guid="e2088756-66b9-45a8-b404-40e49b89e715"/>
		</DeviceItem>
	</HarnessItem>
	<HarnessItem xsi:type="Splice" id="SPLICE_c2-1c-0-4bca9b" name="S1DB49-X" location="NODE-14401" compType="NODE" symbolName="NODE" symbolCharacteristic="" rotation="0.000000">
		<AppRef name="E3.Series" version="2.14.0.0" guid="be26a6da-90eb-49e3-a574-a84f5facffe9"/>
		<Property id="PROPERTY_1754" name="DESCRIPTION" value="NODE"/>
		<Property id="PROPERTY_1755" name="HRN_FAMILY" value="14401"/>
		<Property id="PROPERTY_1756" name="COMP_TYPE" value="NODE"/>
		<Property id="PROPERTY_1757" name="SUB_PROJECT" value="HRN-14401"/>
		<Property id="PROPERTY_1758" name="DEVICE_NAME" value="S1DB49-X:NODE-14401:"/>
		<Property id="PROPERTY_1759" name="EXCLUDE_FROM_BOM" value="1"/>
		<BranchPosition id="BR_POS_119" branchId="BRANCH_c2-4e-0-4c0fd1" branchNodeId="BN_16376-392" offset="0"/>
		<DeviceItem xsi:type="Pin" id="PIN_c2-1e-0-4bdaae" signalId="SIGNAL_6b-36-0-2702b2" name="1">
			<AppRef name="E3.Series" version="2.14.0.0" guid="2bce10ad-9aaa-49ed-a262-cb69983f37d0"/>
		</DeviceItem>
	</HarnessItem>
	<HarnessItem xsi:type="Splice" id="SPLICE_c2-1c-0-4bcab6" name="RT100" location="NODE-14401" compType="NODE" symbolName="NODE" symbolCharacteristic="" rotation="0.000000">
		<AppRef name="E3.Series" version="2.14.0.0" guid="56cc4332-cb42-4c15-a87c-80da62cd918f"/>
		<Property id="PROPERTY_1760" name="DESCRIPTION" value="NODE"/>
		<Property id="PROPERTY_1761" name="HRN_FAMILY" value="14401"/>
		<Property id="PROPERTY_1762" name="COMP_TYPE" value="NODE"/>
		<Property id="PROPERTY_1763" name="SUB_PROJECT" value="HRN-14401"/>
		<Property id="PROPERTY_1764" name="DEVICE_NAME" value="RT100:NODE-14401:"/>
		<Property id="PROPERTY_1765" name="EXCLUDE_FROM_BOM" value="1"/>
		<BranchPosition id="BR_POS_120" branchId="BRANCH_c2-4e-0-4c0efe" branchNodeId="BN_23664-384" offset="0"/>
		<DeviceItem xsi:type="Pin" id="PIN_c2-1e-0-4bdaba" signalId="SIGNAL_6b-36-0-2702b2" name="1">
			<AppRef name="E3.Series" version="2.14.0.0" guid="f048c253-5da6-4688-a39d-1aeccad637ec"/>
		</DeviceItem>
	</HarnessItem>
	<HarnessItem xsi:type="Splice" id="SPLICE_c2-1c-0-4bcac7" name="RT120" location="NODE-14401" compType="NODE" symbolName="NODE" symbolCharacteristic="" rotation="0.000000">
		<AppRef name="E3.Series" version="2.14.0.0" guid="e36d0795-9956-4604-839c-cc8e1a2a9a59"/>
		<Property id="PROPERTY_1766" name="DESCRIPTION" value="NODE"/>
		<Property id="PROPERTY_1767" name="HRN_FAMILY" value="14401"/>
		<Property id="PROPERTY_1768" name="COMP_TYPE" value="NODE"/>
		<Property id="PROPERTY_1769" name="SUB_PROJECT" value="HRN-14401"/>
		<Property id="PROPERTY_1770" name="DEVICE_NAME" value="RT120:NODE-14401:"/>
		<Property id="PROPERTY_1771" name="EXCLUDE_FROM_BOM" value="1"/>
		<BranchPosition id="BR_POS_121" branchId="BRANCH_c2-4e-0-4c0e8f" branchNodeId="BN_23224-360" offset="0"/>
		<DeviceItem xsi:type="Pin" id="PIN_c2-1e-0-4bdabc" signalId="SIGNAL_6b-36-0-2702b2" name="1">
			<AppRef name="E3.Series" version="2.14.0.0" guid="5475cf37-835e-4ee9-a7ed-5ae50a9d97e7"/>
		</DeviceItem>
	</HarnessItem>
	<HarnessItem xsi:type="Splice" id="SPLICE_c2-1c-0-4bcad6" name="RT140" location="NODE-14401" compType="NODE" symbolName="NODE" symbolCharacteristic="" rotation="0.000000">
		<AppRef name="E3.Series" version="2.14.0.0" guid="3eb5809e-4e34-4fcd-acf5-e3a7ef12b405"/>
		<Property id="PROPERTY_1772" name="DESCRIPTION" value="NODE"/>
		<Property id="PROPERTY_1773" name="HRN_FAMILY" value="14401"/>
		<Property id="PROPERTY_1774" name="COMP_TYPE" value="NODE"/>
		<Property id="PROPERTY_1775" name="SUB_PROJECT" value="HRN-14401"/>
		<Property id="PROPERTY_1776" name="DEVICE_NAME" value="RT140:NODE-14401:"/>
		<Property id="PROPERTY_1777" name="EXCLUDE_FROM_BOM" value="1"/>
		<BranchPosition id="BR_POS_122" branchId="BRANCH_c2-4e-0-4c0d5d" branchNodeId="BN_21968-332" offset="0"/>
		<DeviceItem xsi:type="Pin" id="PIN_c2-1e-0-4bdabe" signalId="SIGNAL_6b-36-0-2702b2" name="1">
			<AppRef name="E3.Series" version="2.14.0.0" guid="7d3c62ca-13fc-4fde-a466-e9179d39f99e"/>
		</DeviceItem>
	</HarnessItem>
	<HarnessItem xsi:type="Splice" id="SPLICE_c2-1c-0-4bcae6" name="RT130" location="NODE-14401" compType="NODE" symbolName="NODE" symbolCharacteristic="" rotation="0.000000">
		<AppRef name="E3.Series" version="2.14.0.0" guid="abdbadce-3d34-48e1-8d26-3dfdd6f2c6c0"/>
		<Property id="PROPERTY_1778" name="DESCRIPTION" value="NODE"/>
		<Property id="PROPERTY_1779" name="HRN_FAMILY" value="14401"/>
		<Property id="PROPERTY_1780" name="COMP_TYPE" value="NODE"/>
		<Property id="PROPERTY_1781" name="SUB_PROJECT" value="HRN-14401"/>
		<Property id="PROPERTY_1782" name="DEVICE_NAME" value="RT130:NODE-14401:"/>
		<Property id="PROPERTY_1783" name="EXCLUDE_FROM_BOM" value="1"/>
		<BranchPosition id="BR_POS_123" branchId="BRANCH_c2-4e-0-4c0e8b" branchNodeId="BN_22496-360" offset="0"/>
		<DeviceItem xsi:type="Pin" id="PIN_c2-1e-0-4bdac0" signalId="SIGNAL_6b-36-0-2702b2" name="1">
			<AppRef name="E3.Series" version="2.14.0.0" guid="1fcb29bb-9aaf-4fd8-a626-0d1753100c21"/>
		</DeviceItem>
	</HarnessItem>
	<HarnessItem xsi:type="Splice" id="SPLICE_c2-1c-0-4bcaf6" name="RT150" location="NODE-14401" compType="NODE" symbolName="NODE" symbolCharacteristic="" rotation="0.000000">
		<AppRef name="E3.Series" version="2.14.0.0" guid="847505e9-2270-497d-b9a2-747b4abfc46f"/>
		<Property id="PROPERTY_1784" name="DESCRIPTION" value="NODE"/>
		<Property id="PROPERTY_1785" name="HRN_FAMILY" value="14401"/>
		<Property id="PROPERTY_1786" name="COMP_TYPE" value="NODE"/>
		<Property id="PROPERTY_1787" name="SUB_PROJECT" value="HRN-14401"/>
		<Property id="PROPERTY_1788" name="DEVICE_NAME" value="RT150:NODE-14401:"/>
		<Property id="PROPERTY_1789" name="EXCLUDE_FROM_BOM" value="1"/>
		<BranchPosition id="BR_POS_124" branchId="BRANCH_1a-4e-0-18e01d0" branchNodeId="BN_21336-384" offset="0"/>
		<DeviceItem xsi:type="Pin" id="PIN_c2-1e-0-4bdac4" signalId="SIGNAL_6b-36-0-2702b2" name="1">
			<AppRef name="E3.Series" version="2.14.0.0" guid="f8d4e2d4-5dca-43b9-8145-4b4c69654b5a"/>
		</DeviceItem>
	</HarnessItem>
	<HarnessItem xsi:type="Splice" id="SPLICE_c2-1c-0-4bcafd" name="N2D215" location="NODE-14401" compType="NODE" symbolName="NODE" symbolCharacteristic="" rotation="0.000000">
		<AppRef name="E3.Series" version="2.14.0.0" guid="4701f697-6088-46f1-a748-db7d40121729"/>
		<Property id="PROPERTY_1790" name="DESCRIPTION" value="NODE"/>
		<Property id="PROPERTY_1791" name="HRN_FAMILY" value="14401"/>
		<Property id="PROPERTY_1792" name="COMP_TYPE" value="NODE"/>
		<Property id="PROPERTY_1793" name="SUB_PROJECT" value="HRN-14401"/>
		<Property id="PROPERTY_1794" name="DEVICE_NAME" value="N2D215:NODE-14401:"/>
		<Property id="PROPERTY_1795" name="EXCLUDE_FROM_BOM" value="1"/>
		<BranchPosition id="BR_POS_125" branchId="BRANCH_c2-4e-0-4c0f0e" branchNodeId="BN_21116-320" offset="0"/>
		<DeviceItem xsi:type="Pin" id="PIN_c2-1e-0-4bdac6" signalId="SIGNAL_6b-36-0-2702b2" name="1">
			<AppRef name="E3.Series" version="2.14.0.0" guid="80faa517-1fa9-4b5b-9b0e-fadf5cdd3bf1"/>
		</DeviceItem>
	</HarnessItem>
	<HarnessItem xsi:type="Splice" id="SPLICE_c2-1c-0-4bcb04" name="RT200" location="NODE-14401" compType="NODE" symbolName="NODE" symbolCharacteristic="" rotation="0.000000">
		<AppRef name="E3.Series" version="2.14.0.0" guid="c053b895-ccfc-4e89-8fde-18ee0d6f2241"/>
		<Property id="PROPERTY_1796" name="DESCRIPTION" value="NODE"/>
		<Property id="PROPERTY_1797" name="HRN_FAMILY" value="14401"/>
		<Property id="PROPERTY_1798" name="COMP_TYPE" value="NODE"/>
		<Property id="PROPERTY_1799" name="SUB_PROJECT" value="HRN-14401"/>
		<Property id="PROPERTY_1800" name="DEVICE_NAME" value="RT200:NODE-14401:"/>
		<Property id="PROPERTY_1801" name="EXCLUDE_FROM_BOM" value="1"/>
		<BranchPosition id="BR_POS_126" branchId="BRANCH_c2-4e-0-4c0e9b" branchNodeId="BN_18848-336" offset="0"/>
		<DeviceItem xsi:type="Pin" id="PIN_c2-1e-0-4bdac8" signalId="SIGNAL_6b-36-0-2702b2" name="1">
			<AppRef name="E3.Series" version="2.14.0.0" guid="6d921cd5-9f26-4673-bb49-9866c3b33d00"/>
		</DeviceItem>
	</HarnessItem>
	<HarnessItem xsi:type="Splice" id="SPLICE_c2-1c-0-4bcb16" name="RT210" location="NODE-14401" compType="NODE" symbolName="NODE" symbolCharacteristic="" rotation="0.000000">
		<AppRef name="E3.Series" version="2.14.0.0" guid="dc2f6474-3f45-4287-be1c-53d4dc7b01db"/>
		<Property id="PROPERTY_1802" name="DESCRIPTION" value="NODE"/>
		<Property id="PROPERTY_1803" name="HRN_FAMILY" value="14401"/>
		<Property id="PROPERTY_1804" name="COMP_TYPE" value="NODE"/>
		<Property id="PROPERTY_1805" name="SUB_PROJECT" value="HRN-14401"/>
		<Property id="PROPERTY_1806" name="DEVICE_NAME" value="RT210:NODE-14401:"/>
		<Property id="PROPERTY_1807" name="EXCLUDE_FROM_BOM" value="1"/>
		<BranchPosition id="BR_POS_127" branchId="BRANCH_c2-4e-0-4c0d34" branchNodeId="BN_18344-336" offset="0"/>
		<DeviceItem xsi:type="Pin" id="PIN_c2-1e-0-4bdaca" signalId="SIGNAL_6b-36-0-2702b2" name="1">
			<AppRef name="E3.Series" version="2.14.0.0" guid="a681bfd9-f1a2-4b3c-bde8-0297b8f2a109"/>
		</DeviceItem>
	</HarnessItem>
	<HarnessItem xsi:type="Splice" id="SPLICE_c2-1c-0-4bcb1d" name="RT220" location="NODE-14401" compType="NODE" symbolName="NODE" symbolCharacteristic="" rotation="0.000000">
		<AppRef name="E3.Series" version="2.14.0.0" guid="e46a2d99-4512-4d4c-bbe0-7c114b7f4312"/>
		<Property id="PROPERTY_1808" name="DESCRIPTION" value="NODE"/>
		<Property id="PROPERTY_1809" name="HRN_FAMILY" value="14401"/>
		<Property id="PROPERTY_1810" name="COMP_TYPE" value="NODE"/>
		<Property id="PROPERTY_1811" name="SUB_PROJECT" value="HRN-14401"/>
		<Property id="PROPERTY_1812" name="DEVICE_NAME" value="RT220:NODE-14401:"/>
		<Property id="PROPERTY_1813" name="EXCLUDE_FROM_BOM" value="1"/>
		<BranchPosition id="BR_POS_128" branchId="BRANCH_c2-4e-0-4c0ff2" branchNodeId="BN_18216-336_1" offset="0"/>
		<DeviceItem xsi:type="Pin" id="PIN_c2-1e-0-4bdacc" signalId="SIGNAL_6b-36-0-2702b2" name="1">
			<AppRef name="E3.Series" version="2.14.0.0" guid="40697a86-ce52-4c1a-9f57-515024d9a056"/>
		</DeviceItem>
	</HarnessItem>
	<HarnessItem xsi:type="Splice" id="SPLICE_c2-1c-0-4bcb24" name="RT230" location="NODE-14401" compType="NODE" symbolName="NODE" symbolCharacteristic="" rotation="0.000000">
		<AppRef name="E3.Series" version="2.14.0.0" guid="0d01dec3-f8c3-4e70-85d6-201f6e4c35c4"/>
		<Property id="PROPERTY_1814" name="DESCRIPTION" value="NODE"/>
		<Property id="PROPERTY_1815" name="HRN_FAMILY" value="14401"/>
		<Property id="PROPERTY_1816" name="COMP_TYPE" value="NODE"/>
		<Property id="PROPERTY_1817" name="SUB_PROJECT" value="HRN-14401"/>
		<Property id="PROPERTY_1818" name="DEVICE_NAME" value="RT230:NODE-14401:"/>
		<Property id="PROPERTY_1819" name="EXCLUDE_FROM_BOM" value="1"/>
		<BranchPosition id="BR_POS_129" branchId="BRANCH_c2-4e-0-4c0f1f" branchNodeId="BN_18072-336" offset="0"/>
		<DeviceItem xsi:type="Pin" id="PIN_c2-1e-0-4bdace" signalId="SIGNAL_6b-36-0-2702b2" name="1">
			<AppRef name="E3.Series" version="2.14.0.0" guid="7a147451-e347-4f50-9254-628806cfc0ab"/>
		</DeviceItem>
	</HarnessItem>
	<HarnessItem xsi:type="Splice" id="SPLICE_c2-1c-0-4bcb33" name="TK270" location="NODE-14401" compType="NODE" symbolName="NODE" symbolCharacteristic="" rotation="0.000000">
		<AppRef name="E3.Series" version="2.14.0.0" guid="24712f82-a3c5-4be1-ad55-bc66d114ec40"/>
		<Property id="PROPERTY_1820" name="DESCRIPTION" value="NODE"/>
		<Property id="PROPERTY_1821" name="HRN_FAMILY" value="14401"/>
		<Property id="PROPERTY_1822" name="COMP_TYPE" value="NODE"/>
		<Property id="PROPERTY_1823" name="SUB_PROJECT" value="HRN-14401"/>
		<Property id="PROPERTY_1824" name="DEVICE_NAME" value="TK270:NODE-14401:"/>
		<Property id="PROPERTY_1825" name="EXCLUDE_FROM_BOM" value="1"/>
		<Option id="OPTION_c2-1c-0-4bcb33_1" value="B5WAA"/>
		<BranchPosition id="BR_POS_130" branchId="BRANCH_c2-4e-0-4c0f34" branchNodeId="BN_16496-368" offset="0"/>
		<DeviceItem xsi:type="Pin" id="PIN_c2-1e-0-4bdad0" signalId="SIGNAL_6b-36-0-2702b2" name="1">
			<AppRef name="E3.Series" version="2.14.0.0" guid="41b30875-2e57-44d8-b185-d145ba76a46a"/>
		</DeviceItem>
	</HarnessItem>
	<HarnessItem xsi:type="Splice" id="SPLICE_c2-1c-0-4bcb3a" name="N2D216" location="NODE-14401" compType="NODE" symbolName="NODE" symbolCharacteristic="" rotation="0.000000">
		<AppRef name="E3.Series" version="2.14.0.0" guid="01df46e1-2009-4f74-9248-b59314c91dd3"/>
		<Property id="PROPERTY_1826" name="DESCRIPTION" value="NODE"/>
		<Property id="PROPERTY_1827" name="HRN_FAMILY" value="14401"/>
		<Property id="PROPERTY_1828" name="COMP_TYPE" value="NODE"/>
		<Property id="PROPERTY_1829" name="SUB_PROJECT" value="HRN-14401"/>
		<Property id="PROPERTY_1830" name="DEVICE_NAME" value="N2D216:NODE-14401:"/>
		<Property id="PROPERTY_1831" name="EXCLUDE_FROM_BOM" value="1"/>
		<BranchPosition id="BR_POS_131" branchId="BRANCH_c2-4e-0-4c0dd1" branchNodeId="BN_12720-256" offset="0"/>
		<DeviceItem xsi:type="Pin" id="PIN_c2-1e-0-4bdad2" signalId="SIGNAL_6b-36-0-2702b2" name="1">
			<AppRef name="E3.Series" version="2.14.0.0" guid="31f0dfd2-ef64-4615-a74c-3a8ac861f084"/>
		</DeviceItem>
	</HarnessItem>
	<HarnessItem xsi:type="Splice" id="SPLICE_c2-1c-0-4bcb41" name="RT280" location="NODE-14401" compType="NODE" symbolName="NODE" symbolCharacteristic="" rotation="0.000000">
		<AppRef name="E3.Series" version="2.14.0.0" guid="c617ca3c-a32e-4765-acf1-f15540edf66a"/>
		<Property id="PROPERTY_1832" name="DESCRIPTION" value="NODE"/>
		<Property id="PROPERTY_1833" name="HRN_FAMILY" value="14401"/>
		<Property id="PROPERTY_1834" name="COMP_TYPE" value="NODE"/>
		<Property id="PROPERTY_1835" name="SUB_PROJECT" value="HRN-14401"/>
		<Property id="PROPERTY_1836" name="DEVICE_NAME" value="RT280:NODE-14401:"/>
		<Property id="PROPERTY_1837" name="EXCLUDE_FROM_BOM" value="1"/>
		<BranchPosition id="BR_POS_132" branchId="BRANCH_c2-4e-0-4c1002" branchNodeId="BN_7911_9-350_058" offset="0"/>
		<DeviceItem xsi:type="Pin" id="PIN_c2-1e-0-4bdad4" signalId="SIGNAL_6b-36-0-2702b2" name="1">
			<AppRef name="E3.Series" version="2.14.0.0" guid="784c430b-caf0-4356-8f9e-63350d4c7689"/>
		</DeviceItem>
	</HarnessItem>
	<HarnessItem xsi:type="Splice" id="SPLICE_c2-1c-0-4bcb48" name="RT300" location="NODE-14401" compType="NODE" symbolName="NODE" symbolCharacteristic="" rotation="0.000000">
		<AppRef name="E3.Series" version="2.14.0.0" guid="c8058c32-f915-4caf-83d4-49a6dfaff3a2"/>
		<Property id="PROPERTY_1838" name="DESCRIPTION" value="NODE"/>
		<Property id="PROPERTY_1839" name="HRN_FAMILY" value="14401"/>
		<Property id="PROPERTY_1840" name="COMP_TYPE" value="NODE"/>
		<Property id="PROPERTY_1841" name="SUB_PROJECT" value="HRN-14401"/>
		<Property id="PROPERTY_1842" name="DEVICE_NAME" value="RT300:NODE-14401:"/>
		<Property id="PROPERTY_1843" name="EXCLUDE_FROM_BOM" value="1"/>
		<BranchPosition id="BR_POS_133" branchId="BRANCH_c2-4e-0-4c0f45" branchNodeId="BN_11910_25-374_156" offset="0"/>
		<DeviceItem xsi:type="Pin" id="PIN_c2-1e-0-4bdad6" signalId="SIGNAL_6b-36-0-2702b2" name="1">
			<AppRef name="E3.Series" version="2.14.0.0" guid="abcd5edb-04f7-4b86-8003-d1d863083184"/>
		</DeviceItem>
	</HarnessItem>
	<HarnessItem xsi:type="Splice" id="SPLICE_c2-1c-0-4bd69a" name="TU100-N1" location="NODE-14401" compType="NODE" symbolName="NODE" symbolCharacteristic="" rotation="0.000000">
		<AppRef name="E3.Series" version="2.14.0.0" guid="da29f46f-484e-4653-894d-36b1f6281532"/>
		<Property id="PROPERTY_2060" name="DESCRIPTION" value="NODE"/>
		<Property id="PROPERTY_2061" name="HRN_FAMILY" value="14401"/>
		<Property id="PROPERTY_2062" name="COMP_TYPE" value="NODE"/>
		<Property id="PROPERTY_2063" name="SUB_PROJECT" value="HRN-14401"/>
		<Property id="PROPERTY_2064" name="DEVICE_NAME" value="TU100-N1:NODE-14401:"/>
		<Property id="PROPERTY_2065" name="EXCLUDE_FROM_BOM" value="1"/>
		<BranchPosition id="BR_POS_170" branchId="BRANCH_c2-4e-0-4c0d95" branchNodeId="BN_5591_9-334_058" offset="0"/>
		<DeviceItem xsi:type="Pin" id="PIN_c2-1e-0-4bdb41" signalId="SIGNAL_6b-36-0-2702b2" name="1">
			<AppRef name="E3.Series" version="2.14.0.0" guid="1a8d8b19-dd90-43c5-a5f7-d42a0a386abb"/>
		</DeviceItem>
	</HarnessItem>
	<HarnessItem xsi:type="Splice" id="SPLICE_c2-1c-0-4bd6a1" name="TU200-N1" compType="NODE" symbolName="NODE" symbolCharacteristic="" rotation="0.000000">
		<AppRef name="E3.Series" version="2.14.0.0" guid="5bcb53ec-2326-4c3c-a2a6-0a3676528ab3"/>
		<Property id="PROPERTY_2066" name="DESCRIPTION" value="NODE"/>
		<Property id="PROPERTY_2067" name="HRN_FAMILY" value="14401"/>
		<Property id="PROPERTY_2068" name="COMP_TYPE" value="NODE"/>
		<Property id="PROPERTY_2069" name="SUB_PROJECT" value="HRN-14401"/>
		<Property id="PROPERTY_2070" name="DEVICE_NAME" value="TU200-N1::"/>
		<Property id="PROPERTY_2071" name="EXCLUDE_FROM_BOM" value="1"/>
		<BranchPosition id="BR_POS_171" branchId="BRANCH_c2-4e-0-4c0f9e" branchNodeId="BN_5447_9-334_058" offset="0"/>
		<DeviceItem xsi:type="Pin" id="PIN_c2-1e-0-4bdb43" signalId="SIGNAL_EMPTY" name="1">
			<AppRef name="E3.Series" version="2.14.0.0" guid="2ab04c22-c619-431e-b673-8dfafb0600b3"/>
		</DeviceItem>
	</HarnessItem>
	<HarnessItem xsi:type="Splice" id="SPLICE_c2-1c-0-4bd6a8" name="TU100-N2" compType="NODE" symbolName="NODE" symbolCharacteristic="" rotation="0.000000">
		<AppRef name="E3.Series" version="2.14.0.0" guid="1a5b3d1b-26f1-44ca-9eb0-045891836651"/>
		<Property id="PROPERTY_2072" name="DESCRIPTION" value="NODE"/>
		<Property id="PROPERTY_2073" name="HRN_FAMILY" value="14401"/>
		<Property id="PROPERTY_2074" name="COMP_TYPE" value="NODE"/>
		<Property id="PROPERTY_2075" name="SUB_PROJECT" value="HRN-14401"/>
		<Property id="PROPERTY_2076" name="DEVICE_NAME" value="TU100-N2::"/>
		<Property id="PROPERTY_2077" name="EXCLUDE_FROM_BOM" value="1"/>
		<BranchPosition id="BR_POS_172" branchId="BRANCH_c2-4e-0-4c0fa1" branchNodeId="BN_5391-334" offset="0"/>
		<DeviceItem xsi:type="Pin" id="PIN_c2-1e-0-4bdb45" signalId="SIGNAL_EMPTY" name="1">
			<AppRef name="E3.Series" version="2.14.0.0" guid="15bb478f-2aef-4f4a-b71d-e0be1b353012"/>
		</DeviceItem>
	</HarnessItem>
	<HarnessItem xsi:type="Splice" id="SPLICE_c2-1c-0-4bd6af" name="TU200-N2" compType="NODE" symbolName="NODE" symbolCharacteristic="" rotation="0.000000">
		<AppRef name="E3.Series" version="2.14.0.0" guid="454cae6e-1a78-4059-b422-86f3a9436204"/>
		<Property id="PROPERTY_2078" name="DESCRIPTION" value="NODE"/>
		<Property id="PROPERTY_2079" name="HRN_FAMILY" value="14401"/>
		<Property id="PROPERTY_2080" name="COMP_TYPE" value="NODE"/>
		<Property id="PROPERTY_2081" name="SUB_PROJECT" value="HRN-14401"/>
		<Property id="PROPERTY_2082" name="DEVICE_NAME" value="TU200-N2::"/>
		<Property id="PROPERTY_2083" name="EXCLUDE_FROM_BOM" value="1"/>
		<BranchPosition id="BR_POS_173" branchId="BRANCH_c2-4e-0-4c10b4" branchNodeId="BN_5359_9-334_058" offset="0"/>
		<DeviceItem xsi:type="Pin" id="PIN_c2-1e-0-4bdb47" signalId="SIGNAL_EMPTY" name="1">
			<AppRef name="E3.Series" version="2.14.0.0" guid="93558fcb-7563-425d-85be-442b194330ee"/>
		</DeviceItem>
	</HarnessItem>
	<HarnessItem xsi:type="Splice" id="SPLICE_c2-1c-0-4bd752" name="RT240" location="NODE-14401" compType="NODE" symbolName="NODE" symbolCharacteristic="" rotation="0.000000">
		<AppRef name="E3.Series" version="2.14.0.0" guid="09af9b05-f4d4-4ca9-9e8e-38baf3c1a622"/>
		<Property id="PROPERTY_2084" name="DESCRIPTION" value="NODE"/>
		<Property id="PROPERTY_2085" name="HRN_FAMILY" value="14401"/>
		<Property id="PROPERTY_2086" name="COMP_TYPE" value="NODE"/>
		<Property id="PROPERTY_2087" name="SUB_PROJECT" value="HRN-14401"/>
		<Property id="PROPERTY_2088" name="DEVICE_NAME" value="RT240:NODE-14401:"/>
		<Property id="PROPERTY_2089" name="EXCLUDE_FROM_BOM" value="1"/>
		<BranchPosition id="BR_POS_174" branchId="BRANCH_c2-4e-0-4c0d05" branchNodeId="BN_17904-368" offset="0"/>
		<DeviceItem xsi:type="Pin" id="PIN_c2-1e-0-4bdb49" signalId="SIGNAL_6b-36-0-2702b2" name="1">
			<AppRef name="E3.Series" version="2.14.0.0" guid="b57240c6-e172-4deb-8951-4f7897f9b723"/>
		</DeviceItem>
	</HarnessItem>
	<HarnessItem xsi:type="Splice" id="SPLICE_c2-1c-0-4bd7f0" name="TK181" compType="NODE" symbolName="NODE" symbolCharacteristic="" rotation="0.000000">
		<AppRef name="E3.Series" version="2.14.0.0" guid="828ccaa1-5421-46a4-a1ef-222dc37e3240"/>
		<Property id="PROPERTY_2090" name="DESCRIPTION" value="NODE"/>
		<Property id="PROPERTY_2091" name="HRN_FAMILY" value="14401"/>
		<Property id="PROPERTY_2092" name="COMP_TYPE" value="NODE"/>
		<Property id="PROPERTY_2093" name="SUB_PROJECT" value="HRN-14401"/>
		<Property id="PROPERTY_2094" name="DEVICE_NAME" value="TK181::"/>
		<Property id="PROPERTY_2095" name="EXCLUDE_FROM_BOM" value="1"/>
		<BranchPosition id="BR_POS_175" branchId="BRANCH_c2-4e-0-4c102d" branchNodeId="BN_23112-96" offset="0"/>
		<DeviceItem xsi:type="Pin" id="PIN_c2-1e-0-4bdb4b" signalId="SIGNAL_EMPTY" name="1">
			<AppRef name="E3.Series" version="2.14.0.0" guid="c7bd9e94-529c-42d6-a5a9-155e156f1349"/>
		</DeviceItem>
	</HarnessItem>
	<HarnessItem xsi:type="Splice" id="SPLICE_da-1c-0-24a7af" name="N2MM01DB" location="NODE-14401" compType="NODE" symbolName="NODE" symbolCharacteristic="" rotation="0.000000">
		<AppRef name="E3.Series" version="2.14.0.0" guid="a176b392-04c5-430e-8070-a40f3809e46b"/>
		<Property id="PROPERTY_2096" name="DESCRIPTION" value="NODE"/>
		<Property id="PROPERTY_2097" name="HRN_FAMILY" value="14401"/>
		<Property id="PROPERTY_2098" name="COMP_TYPE" value="NODE"/>
		<Property id="PROPERTY_2099" name="SUB_PROJECT" value="HRN-14401"/>
		<Property id="PROPERTY_2100" name="DEVICE_NAME" value="N2MM01DB:NODE-14401:"/>
		<Property id="PROPERTY_2101" name="EXCLUDE_FROM_BOM" value="1"/>
		<BranchPosition id="BR_POS_176" branchId="BRANCH_da-4e-0-2503d5" branchNodeId="BN_9728-328" offset="0"/>
		<DeviceItem xsi:type="Pin" id="PIN_da-1e-0-24a7b8" signalId="SIGNAL_6b-36-0-2702b2" name="1">
			<AppRef name="E3.Series" version="2.14.0.0" guid="6c0721f9-c56e-4c42-966a-727410c7e4ed"/>
		</DeviceItem>
	</HarnessItem>
	<HarnessItem xsi:type="Splice" id="SPLICE_da-1c-0-30cf83" name="N2MM01DA" location="NODE-14401" compType="NODE" symbolName="NODE" symbolCharacteristic="" rotation="0.000000">
		<AppRef name="E3.Series" version="2.14.0.0" guid="6a225e23-81ba-4c2f-b760-c27053507c6f"/>
		<Property id="PROPERTY_2102" name="DESCRIPTION" value="NODE"/>
		<Property id="PROPERTY_2103" name="HRN_FAMILY" value="14401"/>
		<Property id="PROPERTY_2104" name="COMP_TYPE" value="NODE"/>
		<Property id="PROPERTY_2105" name="SUB_PROJECT" value="HRN-14401"/>
		<Property id="PROPERTY_2106" name="DEVICE_NAME" value="N2MM01DA:NODE-14401:"/>
		<Property id="PROPERTY_2107" name="EXCLUDE_FROM_BOM" value="1"/>
		<BranchPosition id="BR_POS_177" branchId="BRANCH_da-4e-0-30cfc6" branchNodeId="BN_9800-28" offset="0"/>
		<DeviceItem xsi:type="Pin" id="PIN_da-1e-0-30cf8c" signalId="SIGNAL_6b-36-0-2702b2" name="1">
			<AppRef name="E3.Series" version="2.14.0.0" guid="c891a9e3-fc2a-43fb-9c4e-accbad1e9814"/>
		</DeviceItem>
	</HarnessItem>
	<HarnessItem xsi:type="Splice" id="SPLICE_da-1c-0-318e73" name="N545" location="NODE-14401" compType="NODE" symbolName="NODE" symbolCharacteristic="" rotation="0.000000">
		<AppRef name="E3.Series" version="2.14.0.0" guid="743c2d8c-c5bc-4be4-b669-11b0fc3fe75b"/>
		<Property id="PROPERTY_2108" name="DESCRIPTION" value="NODE"/>
		<Property id="PROPERTY_2109" name="HRN_FAMILY" value="14401"/>
		<Property id="PROPERTY_2110" name="COMP_TYPE" value="NODE"/>
		<Property id="PROPERTY_2111" name="SUB_PROJECT" value="HRN-14401"/>
		<Property id="PROPERTY_2112" name="DEVICE_NAME" value="N545:NODE-14401:"/>
		<Property id="PROPERTY_2113" name="EXCLUDE_FROM_BOM" value="1"/>
		<BranchPosition id="BR_POS_178" branchId="BRANCH_da-4e-0-30cfc6" branchNodeId="BN_9872-48" offset="0"/>
		<DeviceItem xsi:type="Pin" id="PIN_da-1e-0-318e7c" signalId="SIGNAL_6b-36-0-2702b2" name="1">
			<AppRef name="E3.Series" version="2.14.0.0" guid="41dfd272-3802-43ad-a8ec-5981edc0f938"/>
		</DeviceItem>
	</HarnessItem>
	<HarnessItem xsi:type="Splice" id="SPLICE_da-1c-0-3255ab" name="N546" location="NODE-14401" compType="NODE" symbolName="NODE" symbolCharacteristic="" rotation="0.000000">
		<AppRef name="E3.Series" version="2.14.0.0" guid="d89a07c9-3fd4-434a-a6e8-080ced57a302"/>
		<Property id="PROPERTY_2114" name="DESCRIPTION" value="NODE"/>
		<Property id="PROPERTY_2115" name="HRN_FAMILY" value="14401"/>
		<Property id="PROPERTY_2116" name="COMP_TYPE" value="NODE"/>
		<Property id="PROPERTY_2117" name="SUB_PROJECT" value="HRN-14401"/>
		<Property id="PROPERTY_2118" name="DEVICE_NAME" value="N546:NODE-14401:"/>
		<Property id="PROPERTY_2119" name="EXCLUDE_FROM_BOM" value="1"/>
		<BranchPosition id="BR_POS_179" branchId="BRANCH_da-4e-0-320d5e" branchNodeId="BN_9928-48" offset="0"/>
		<DeviceItem xsi:type="Pin" id="PIN_da-1e-0-3255b4" signalId="SIGNAL_6b-36-0-2702b2" name="1">
			<AppRef name="E3.Series" version="2.14.0.0" guid="3f69b398-8d14-4bbb-977d-8cc16c8fa8c4"/>
		</DeviceItem>
	</HarnessItem>
	<HarnessItem xsi:type="Splice" id="SPLICE_da-1c-0-327f3e" name="N547" location="NODE-14401" compType="NODE" symbolName="NODE" symbolCharacteristic="" rotation="0.000000">
		<AppRef name="E3.Series" version="2.14.0.0" guid="77685a92-1628-4a4f-a6ee-70d564220d01"/>
		<Property id="PROPERTY_2120" name="DESCRIPTION" value="NODE"/>
		<Property id="PROPERTY_2121" name="HRN_FAMILY" value="14401"/>
		<Property id="PROPERTY_2122" name="COMP_TYPE" value="NODE"/>
		<Property id="PROPERTY_2123" name="SUB_PROJECT" value="HRN-14401"/>
		<Property id="PROPERTY_2124" name="DEVICE_NAME" value="N547:NODE-14401:"/>
		<Property id="PROPERTY_2125" name="EXCLUDE_FROM_BOM" value="1"/>
		<BranchPosition id="BR_POS_180" branchId="BRANCH_da-4e-0-31ad9e" branchNodeId="BN_10128-48" offset="0"/>
		<DeviceItem xsi:type="Pin" id="PIN_da-1e-0-327f47" signalId="SIGNAL_6b-36-0-2702b2" name="1">
			<AppRef name="E3.Series" version="2.14.0.0" guid="a06b2e83-147c-4aa6-84dd-299a4385927b"/>
		</DeviceItem>
	</HarnessItem>
	<HarnessItem xsi:type="Splice" id="SPLICE_1a-1c-0-1a7074e" name="TK612" location="NODE-14401" compType="NODE" symbolName="NODE" symbolCharacteristic="" rotation="0.000000">
		<AppRef name="E3.Series" version="2.14.0.0" guid="31a73504-08b9-4b30-a32e-5e2d5cc3c500"/>
		<Property id="PROPERTY_2126" name="DESCRIPTION" value="NODE"/>
		<Property id="PROPERTY_2127" name="HRN_FAMILY" value="14401"/>
		<Property id="PROPERTY_2128" name="COMP_TYPE" value="NODE"/>
		<Property id="PROPERTY_2129" name="SUB_PROJECT" value="HRN-14401"/>
		<Property id="PROPERTY_2130" name="DEVICE_NAME" value="TK612:NODE-14401:"/>
		<Property id="PROPERTY_2131" name="EXCLUDE_FROM_BOM" value="1"/>
		<BranchPosition id="BR_POS_181" branchId="BRANCH_1a-4e-0-1a72824" branchNodeId="BN_15792-216" offset="0"/>
		<DeviceItem xsi:type="Pin" id="PIN_1a-1e-0-1a70757" signalId="SIGNAL_6b-36-0-2702b2" name="1">
			<AppRef name="E3.Series" version="2.14.0.0" guid="08362c89-28cd-47f3-8561-3e811d2d93f0"/>
		</DeviceItem>
	</HarnessItem>
	<HarnessItem xsi:type="Splice" id="SPLICE_ff-1c-0-935ffb" name="TK613" location="NODE-14401" compType="NODE" symbolName="NODE" symbolCharacteristic="" rotation="0.000000">
		<AppRef name="E3.Series" version="2.14.0.0" guid="2c1336f3-e476-4c40-bd70-51fcb84e5e64"/>
		<Property id="PROPERTY_2132" name="DESCRIPTION" value="NODE"/>
		<Property id="PROPERTY_2133" name="HRN_FAMILY" value="14401"/>
		<Property id="PROPERTY_2134" name="COMP_TYPE" value="NODE"/>
		<Property id="PROPERTY_2135" name="SUB_PROJECT" value="HRN-14401"/>
		<Property id="PROPERTY_2136" name="DEVICE_NAME" value="TK613:NODE-14401:"/>
		<Property id="PROPERTY_2137" name="EXCLUDE_FROM_BOM" value="1"/>
		<BranchPosition id="BR_POS_182" branchId="BRANCH_ff-4e-0-938110" branchNodeId="BN_15544-208" offset="0"/>
		<DeviceItem xsi:type="Pin" id="PIN_ff-1e-0-936004" signalId="SIGNAL_6b-36-0-2702b2" name="1">
			<AppRef name="E3.Series" version="2.14.0.0" guid="4552fbfa-7ad8-4b3e-af89-b1953b596357"/>
		</DeviceItem>
	</HarnessItem>
	<HarnessItem xsi:type="Splice" id="SPLICE_ff-1c-0-95e858" name="N2H101EVBA" location="NODE-14401" compType="NODE" symbolName="NODE" symbolCharacteristic="" rotation="0.000000">
		<AppRef name="E3.Series" version="2.14.0.0" guid="8b5255c8-29f4-44ca-b475-7352720df33a"/>
		<Property id="PROPERTY_2138" name="DESCRIPTION" value="NODE"/>
		<Property id="PROPERTY_2139" name="HRN_FAMILY" value="14401"/>
		<Property id="PROPERTY_2140" name="COMP_TYPE" value="NODE"/>
		<Property id="PROPERTY_2141" name="SUB_PROJECT" value="HRN-14401"/>
		<Property id="PROPERTY_2142" name="DEVICE_NAME" value="N2H101EVBA:NODE-14401:"/>
		<Property id="PROPERTY_2143" name="EXCLUDE_FROM_BOM" value="1"/>
		<BranchPosition id="BR_POS_183" branchId="BRANCH_ff-4e-0-938412" branchNodeId="BN_15176-272" offset="0"/>
		<DeviceItem xsi:type="Pin" id="PIN_ff-1e-0-95e861" signalId="SIGNAL_6b-36-0-2702b2" name="1">
			<AppRef name="E3.Series" version="2.14.0.0" guid="de37d73e-b224-4a3c-860f-f8163c08aa4a"/>
		</DeviceItem>
	</HarnessItem>
	<HarnessItem xsi:type="Splice" id="SPLICE_ff-1c-0-969669" name="N2H101EVBB" location="NODE-14401" compType="NODE" symbolName="NODE" symbolCharacteristic="" rotation="0.000000">
		<AppRef name="E3.Series" version="2.14.0.0" guid="35cbadcf-c321-42d6-90c7-2067328920ff"/>
		<Property id="PROPERTY_2144" name="DESCRIPTION" value="NODE"/>
		<Property id="PROPERTY_2145" name="HRN_FAMILY" value="14401"/>
		<Property id="PROPERTY_2146" name="COMP_TYPE" value="NODE"/>
		<Property id="PROPERTY_2147" name="SUB_PROJECT" value="HRN-14401"/>
		<Property id="PROPERTY_2148" name="DEVICE_NAME" value="N2H101EVBB:NODE-14401:"/>
		<Property id="PROPERTY_2149" name="EXCLUDE_FROM_BOM" value="1"/>
		<BranchPosition id="BR_POS_184" branchId="BRANCH_ff-4e-0-93e855" branchNodeId="BN_15408-136" offset="0"/>
		<DeviceItem xsi:type="Pin" id="PIN_ff-1e-0-969672" signalId="SIGNAL_6b-36-0-2702b2" name="1">
			<AppRef name="E3.Series" version="2.14.0.0" guid="9f205112-b2da-4a44-877c-faf4d145ef3f"/>
		</DeviceItem>
	</HarnessItem>
	<HarnessItem xsi:type="Splice" id="SPLICE_ff-1c-0-96e28f" name="N2X212EVB" location="NODE-14401" compType="NODE" symbolName="NODE" symbolCharacteristic="" rotation="0.000000">
		<AppRef name="E3.Series" version="2.14.0.0" guid="12bf84dd-d0b4-4b09-9421-08f522ab2c31"/>
		<Property id="PROPERTY_2150" name="DESCRIPTION" value="NODE"/>
		<Property id="PROPERTY_2151" name="HRN_FAMILY" value="14401"/>
		<Property id="PROPERTY_2152" name="COMP_TYPE" value="NODE"/>
		<Property id="PROPERTY_2153" name="SUB_PROJECT" value="HRN-14401"/>
		<Property id="PROPERTY_2154" name="DEVICE_NAME" value="N2X212EVB:NODE-14401:"/>
		<Property id="PROPERTY_2155" name="EXCLUDE_FROM_BOM" value="1"/>
		<BranchPosition id="BR_POS_185" branchId="BRANCH_1a-4e-0-1a78dfd" branchNodeId="BN_15712-216" offset="0"/>
		<DeviceItem xsi:type="Pin" id="PIN_ff-1e-0-96e298" signalId="SIGNAL_6b-36-0-2702b2" name="1">
			<AppRef name="E3.Series" version="2.14.0.0" guid="57851ac5-43b4-4c16-a453-f3fc0ed087f4"/>
		</DeviceItem>
	</HarnessItem>
	<HarnessItem xsi:type="Splice" id="SPLICE_ff-1c-0-972ead" name="N2X212EVC" location="NODE-14401" compType="NODE" symbolName="NODE" symbolCharacteristic="" rotation="0.000000">
		<AppRef name="E3.Series" version="2.14.0.0" guid="7c3353e6-031c-4226-a2ae-9cb92ed50880"/>
		<Property id="PROPERTY_2156" name="DESCRIPTION" value="NODE"/>
		<Property id="PROPERTY_2157" name="HRN_FAMILY" value="14401"/>
		<Property id="PROPERTY_2158" name="COMP_TYPE" value="NODE"/>
		<Property id="PROPERTY_2159" name="SUB_PROJECT" value="HRN-14401"/>
		<Property id="PROPERTY_2160" name="DEVICE_NAME" value="N2X212EVC:NODE-14401:"/>
		<Property id="PROPERTY_2161" name="EXCLUDE_FROM_BOM" value="1"/>
		<BranchPosition id="BR_POS_186" branchId="BRANCH_1a-4e-0-1a74b21" branchNodeId="BN_15880-216" offset="0"/>
		<DeviceItem xsi:type="Pin" id="PIN_ff-1e-0-972eb6" signalId="SIGNAL_6b-36-0-2702b2" name="1">
			<AppRef name="E3.Series" version="2.14.0.0" guid="2d0b9490-a259-4033-ad5f-98128a35985e"/>
		</DeviceItem>
	</HarnessItem>
	<HarnessItem xsi:type="Splice" id="SPLICE_35-1c-0-2f565e" name="S2BBG0-A" location="NODE-14401" compType="NODE" symbolName="NODE" symbolCharacteristic="" rotation="0.000000">
		<AppRef name="E3.Series" version="2.14.0.0" guid="90d98445-5e41-4689-be60-8a166931782b"/>
		<Property id="PROPERTY_2162" name="DESCRIPTION" value="NODE"/>
		<Property id="PROPERTY_2163" name="HRN_FAMILY" value="14401"/>
		<Property id="PROPERTY_2164" name="COMP_TYPE" value="NODE"/>
		<Property id="PROPERTY_2165" name="SUB_PROJECT" value="HRN-14401"/>
		<Property id="PROPERTY_2166" name="DEVICE_NAME" value="S2BBG0-A:NODE-14401:"/>
		<Property id="PROPERTY_2167" name="EXCLUDE_FROM_BOM" value="1"/>
		<BranchPosition id="BR_POS_187" branchId="BRANCH_35-4e-0-2efaf8" branchNodeId="BN_6936-195" offset="0"/>
		<DeviceItem xsi:type="Pin" id="PIN_35-1e-0-2f5667" signalId="SIGNAL_EMPTY" name="1">
			<AppRef name="E3.Series" version="2.14.0.0" guid="c79e9545-6daa-4b02-874a-38ca5f1301db"/>
		</DeviceItem>
	</HarnessItem>
	<HarnessItem xsi:type="Splice" id="SPLICE_c2-1c-0-4bca4e" name="RT450" location="NODE-14401" compType="NODE" symbolName="NODE" symbolCharacteristic="" rotation="0.000000">
		<AppRef name="E3.Series" version="2.14.0.0" guid="b732981c-80f5-47b2-8864-254d25635031"/>
		<Property id="PROPERTY_1688" name="DESCRIPTION" value="NODE"/>
		<Property id="PROPERTY_1689" name="HRN_FAMILY" value="14401"/>
		<Property id="PROPERTY_1690" name="COMP_TYPE" value="NODE"/>
		<Property id="PROPERTY_1691" name="SUB_PROJECT" value="HRN-14401"/>
		<Property id="PROPERTY_1692" name="DEVICE_NAME" value="RT450:NODE-14401:"/>
		<Property id="PROPERTY_1693" name="EXCLUDE_FROM_BOM" value="1"/>
		<BranchPosition id="BR_POS_108" branchId="BRANCH_c2-4e-0-4c0fa1" branchNodeId="BN_5423_9-334_058" offset="0"/>
		<DeviceItem xsi:type="Pin" id="PIN_c2-1e-0-4bda98" signalId="SIGNAL_6b-36-0-2702b2" name="1">
			<AppRef name="E3.Series" version="2.14.0.0" guid="7a76f538-09cb-445b-96ba-bf91eb48fb72"/>
		</DeviceItem>
	</HarnessItem>
	<HarnessItem xsi:type="Splice" id="SPLICE_35-1c-0-333be4" name="TK615" location="NODE-14401" compType="NODE" symbolName="NODE" symbolCharacteristic="" rotation="0.000000">
		<AppRef name="E3.Series" version="2.14.0.0" guid="c78b5400-2a91-44ce-8a53-b64bc80c4649"/>
		<Property id="PROPERTY_2168" name="DESCRIPTION" value="NODE"/>
		<Property id="PROPERTY_2169" name="HRN_FAMILY" value="14401"/>
		<Property id="PROPERTY_2170" name="COMP_TYPE" value="NODE"/>
		<Property id="PROPERTY_2171" name="SUB_PROJECT" value="HRN-14401"/>
		<Property id="PROPERTY_2172" name="DEVICE_NAME" value="TK615:NODE-14401:"/>
		<Property id="PROPERTY_2173" name="EXCLUDE_FROM_BOM" value="1"/>
		<BranchPosition id="BR_POS_188" branchId="BRANCH_35-4e-0-32eeb3" branchNodeId="BN_15248-272" offset="0"/>
		<DeviceItem xsi:type="Pin" id="PIN_35-1e-0-333bed" signalId="SIGNAL_6b-36-0-2702b2" name="1">
			<AppRef name="E3.Series" version="2.14.0.0" guid="9bc89d84-2a96-455e-9682-a1ec75deb29d"/>
		</DeviceItem>
	</HarnessItem>
	<HarnessItem xsi:type="Splice" id="SPLICE_35-1c-0-3412bf" name="N2MM08EVB" location="NODE-14401" compType="NODE" symbolName="NODE" symbolCharacteristic="" rotation="0.000000">
		<AppRef name="E3.Series" version="2.14.0.0" guid="c73b7c4f-1918-4317-924f-fd95ebd28a2c"/>
		<Property id="PROPERTY_2174" name="DESCRIPTION" value="NODE"/>
		<Property id="PROPERTY_2175" name="HRN_FAMILY" value="14401"/>
		<Property id="PROPERTY_2176" name="COMP_TYPE" value="NODE"/>
		<Property id="PROPERTY_2177" name="SUB_PROJECT" value="HRN-14401"/>
		<Property id="PROPERTY_2178" name="DEVICE_NAME" value="N2MM08EVB:NODE-14401:"/>
		<Property id="PROPERTY_2179" name="EXCLUDE_FROM_BOM" value="1"/>
		<BranchPosition id="BR_POS_189" branchId="BRANCH_35-4e-0-337f4f" branchNodeId="BN_15056-80" offset="0"/>
		<DeviceItem xsi:type="Pin" id="PIN_35-1e-0-3412c8" signalId="SIGNAL_6b-36-0-2702b2" name="1">
			<AppRef name="E3.Series" version="2.14.0.0" guid="ebfa2c6f-f13f-438b-8bb4-a1a6d28ca2ef"/>
		</DeviceItem>
	</HarnessItem>
	<HarnessItem xsi:type="Splice" id="SPLICE_35-1c-0-360022" name="RT542" location="NODE-14401" compType="NODE" symbolName="NODE" symbolCharacteristic="" rotation="0.000000">
		<AppRef name="E3.Series" version="2.14.0.0" guid="cae34f93-c813-4907-b76c-3785593b15ba"/>
		<Property id="PROPERTY_2180" name="DESCRIPTION" value="NODE"/>
		<Property id="PROPERTY_2181" name="HRN_FAMILY" value="14401"/>
		<Property id="PROPERTY_2182" name="COMP_TYPE" value="NODE"/>
		<Property id="PROPERTY_2183" name="SUB_PROJECT" value="HRN-14401"/>
		<Property id="PROPERTY_2184" name="DEVICE_NAME" value="RT542:NODE-14401:"/>
		<Property id="PROPERTY_2185" name="EXCLUDE_FROM_BOM" value="1"/>
		<BranchPosition id="BR_POS_190" branchId="BRANCH_35-4e-0-358d30" branchNodeId="BN_11840-264" offset="0"/>
		<DeviceItem xsi:type="Pin" id="PIN_35-1e-0-360034" signalId="SIGNAL_6b-36-0-2702b2" name="1">
			<AppRef name="E3.Series" version="2.14.0.0" guid="5d41ec3a-6b23-406c-a1b0-ae4f9e172e11"/>
		</DeviceItem>
	</HarnessItem>
	<HarnessItem xsi:type="Splice" id="SPLICE_35-1c-0-364ebf" name="RT543" location="NODE-14401" compType="NODE" symbolName="NODE" symbolCharacteristic="" rotation="0.000000">
		<AppRef name="E3.Series" version="2.14.0.0" guid="c7e98f26-1428-4dfa-a07b-0b1ebde1193b"/>
		<Property id="PROPERTY_2186" name="DESCRIPTION" value="NODE"/>
		<Property id="PROPERTY_2187" name="HRN_FAMILY" value="14401"/>
		<Property id="PROPERTY_2188" name="COMP_TYPE" value="NODE"/>
		<Property id="PROPERTY_2189" name="SUB_PROJECT" value="HRN-14401"/>
		<Property id="PROPERTY_2190" name="DEVICE_NAME" value="RT543:NODE-14401:"/>
		<Property id="PROPERTY_2191" name="EXCLUDE_FROM_BOM" value="1"/>
		<BranchPosition id="BR_POS_191" branchId="BRANCH_34-4e-0-79f0aa" branchNodeId="BN_11840-112" offset="0"/>
		<DeviceItem xsi:type="Pin" id="PIN_35-1e-0-364ed1" signalId="SIGNAL_6b-36-0-2702b2" name="1">
			<AppRef name="E3.Series" version="2.14.0.0" guid="14421d89-a723-4823-92c2-1d0a0c23dc24"/>
		</DeviceItem>
	</HarnessItem>
	<HarnessItem xsi:type="Splice" id="SPLICE_35-1c-0-37a481" name="RT549" location="NODE-14401-ZA" compType="NODE" symbolName="NODE" symbolCharacteristic="" rotation="0.000000">
		<AppRef name="E3.Series" version="2.14.0.0" guid="3fd51235-1676-40d3-a3ea-27bb7fd54b75"/>
		<Property id="PROPERTY_2192" name="DESCRIPTION" value="NODE"/>
		<Property id="PROPERTY_2193" name="HRN_FAMILY" value="14401"/>
		<Property id="PROPERTY_2194" name="COMP_TYPE" value="NODE"/>
		<Property id="PROPERTY_2195" name="SUB_PROJECT" value="HRN-14401"/>
		<Property id="PROPERTY_2196" name="DEVICE_NAME" value="RT549:NODE-14401-ZA:"/>
		<Property id="PROPERTY_2197" name="EXCLUDE_FROM_BOM" value="1"/>
		<BranchPosition id="BR_POS_192" branchId="BRANCH_34-4e-0-79528a" branchNodeId="BN_11680-112" offset="0"/>
		<DeviceItem xsi:type="Pin" id="PIN_35-1e-0-37a484" signalId="SIGNAL_EMPTY" name="1">
			<AppRef name="E3.Series" version="2.14.0.0" guid="d34ed87a-5b6d-4c8c-b170-98c41b9eb6cc"/>
		</DeviceItem>
	</HarnessItem>
	<HarnessItem xsi:type="Splice" id="SPLICE_34-1c-0-7996ab" name="N2RC08EV" compType="NODE" symbolName="NODE" symbolCharacteristic="" rotation="0.000000">
		<AppRef name="E3.Series" version="2.14.0.0" guid="97c41f01-2ccf-4039-be7b-7428b6e41a9f"/>
		<Property id="PROPERTY_2198" name="DESCRIPTION" value="NODE"/>
		<Property id="PROPERTY_2199" name="HRN_FAMILY" value="14401"/>
		<Property id="PROPERTY_2200" name="COMP_TYPE" value="NODE"/>
		<Property id="PROPERTY_2201" name="SUB_PROJECT" value="HRN-14401"/>
		<Property id="PROPERTY_2202" name="DEVICE_NAME" value="N2RC08EV::"/>
		<Property id="PROPERTY_2203" name="EXCLUDE_FROM_BOM" value="1"/>
		<BranchPosition id="BR_POS_193" branchId="BRANCH_34-4e-0-79528a" branchNodeId="BN_11616-112" offset="0"/>
		<DeviceItem xsi:type="Pin" id="PIN_34-1e-0-7996ae" signalId="SIGNAL_EMPTY" name="1">
			<AppRef name="E3.Series" version="2.14.0.0" guid="d7e60cc5-d757-4c76-b33d-4779f284489b"/>
		</DeviceItem>
	</HarnessItem>
	<HarnessItem xsi:type="Splice" id="SPLICE_34-1c-0-7a3550" name="RT554" location="NODE-14401-ZA" compType="NODE" symbolName="NODE" symbolCharacteristic="" rotation="0.000000">
		<AppRef name="E3.Series" version="2.14.0.0" guid="d88eba4a-cbcd-45db-bbf1-423c4a7b5431"/>
		<Property id="PROPERTY_2204" name="DESCRIPTION" value="NODE"/>
		<Property id="PROPERTY_2205" name="HRN_FAMILY" value="14401"/>
		<Property id="PROPERTY_2206" name="COMP_TYPE" value="NODE"/>
		<Property id="PROPERTY_2207" name="SUB_PROJECT" value="HRN-14401"/>
		<Property id="PROPERTY_2208" name="DEVICE_NAME" value="RT554:NODE-14401-ZA:"/>
		<Property id="PROPERTY_2209" name="EXCLUDE_FROM_BOM" value="1"/>
		<BranchPosition id="BR_POS_194" branchId="BRANCH_34-4e-0-79f0aa" branchNodeId="BN_11776-112" offset="0"/>
		<DeviceItem xsi:type="Pin" id="PIN_34-1e-0-7a3553" signalId="SIGNAL_EMPTY" name="1">
			<AppRef name="E3.Series" version="2.14.0.0" guid="eb814f6e-2d54-4532-9510-44b8cdb489c2"/>
		</DeviceItem>
	</HarnessItem>
	<HarnessItem xsi:type="Splice" id="SPLICE_34-1c-0-825fd0" name="N2LF44EV" compType="NODE" symbolName="NODE" symbolCharacteristic="" rotation="0.000000">
		<AppRef name="E3.Series" version="2.14.0.0" guid="82fa8ea1-28d7-4e89-b40b-2fc17db7036e"/>
		<Property id="PROPERTY_2210" name="DESCRIPTION" value="NODE"/>
		<Property id="PROPERTY_2211" name="HRN_FAMILY" value="14401"/>
		<Property id="PROPERTY_2212" name="COMP_TYPE" value="NODE"/>
		<Property id="PROPERTY_2213" name="SUB_PROJECT" value="HRN-14401"/>
		<Property id="PROPERTY_2214" name="DEVICE_NAME" value="N2LF44EV::"/>
		<Property id="PROPERTY_2215" name="EXCLUDE_FROM_BOM" value="1"/>
		<BranchPosition id="BR_POS_195" branchId="BRANCH_34-4e-0-81674d" branchNodeId="BN_8848-128" offset="0"/>
		<DeviceItem xsi:type="Pin" id="PIN_34-1e-0-825fd3" signalId="SIGNAL_EMPTY" name="1">
			<AppRef name="E3.Series" version="2.14.0.0" guid="979d2569-cf2a-4468-98e7-94b80efe955b"/>
		</DeviceItem>
	</HarnessItem>
	<HarnessItem xsi:type="Splice" id="SPLICE_34-1c-0-846e44" name="N2ME06D" compType="NODE" symbolName="NODE" symbolCharacteristic="" rotation="0.000000">
		<AppRef name="E3.Series" version="2.14.0.0" guid="9dea7bc9-b9be-485c-af7f-afd56850ab67"/>
		<Property id="PROPERTY_2216" name="DESCRIPTION" value="NODE"/>
		<Property id="PROPERTY_2217" name="HRN_FAMILY" value="14401"/>
		<Property id="PROPERTY_2218" name="COMP_TYPE" value="NODE"/>
		<Property id="PROPERTY_2219" name="SUB_PROJECT" value="HRN-14401"/>
		<Property id="PROPERTY_2220" name="DEVICE_NAME" value="N2ME06D::"/>
		<Property id="PROPERTY_2221" name="EXCLUDE_FROM_BOM" value="1"/>
		<BranchPosition id="BR_POS_196" branchId="BRANCH_34-4e-0-83e07c" branchNodeId="BN_11512-176" offset="0"/>
		<DeviceItem xsi:type="Pin" id="PIN_34-1e-0-846e47" signalId="SIGNAL_EMPTY" name="1">
			<AppRef name="E3.Series" version="2.14.0.0" guid="ed5a2bbb-58e6-4e5e-b0a6-b443c6978afd"/>
		</DeviceItem>
	</HarnessItem>
	<HarnessItem xsi:type="Splice" id="SPLICE_62-1c-0-c9f86e" name="N2YA02-CR" location="NODE-14401" compType="NODE" symbolName="NODE" symbolCharacteristic="" rotation="0.000000">
		<AppRef name="E3.Series" version="2.14.0.0" guid="5c2e1e92-5125-42f9-a6d4-1b786048dacb"/>
		<Property id="PROPERTY_2222" name="DESCRIPTION" value="NODE"/>
		<Property id="PROPERTY_2223" name="HRN_FAMILY" value="14401"/>
		<Property id="PROPERTY_2224" name="COMP_TYPE" value="NODE"/>
		<Property id="PROPERTY_2225" name="SUB_PROJECT" value="HRN-14401"/>
		<Property id="PROPERTY_2226" name="DEVICE_NAME" value="N2YA02-CR:NODE-14401:"/>
		<Property id="PROPERTY_2227" name="EXCLUDE_FROM_BOM" value="1"/>
		<BranchPosition id="BR_POS_197" branchId="BRANCH_62-4e-0-c92d63" branchNodeId="BN_16856-288" offset="0"/>
		<DeviceItem xsi:type="Pin" id="PIN_62-1e-0-c9f877" signalId="SIGNAL_6b-36-0-2702b2" name="1">
			<AppRef name="E3.Series" version="2.14.0.0" guid="82d6fc2a-c912-4b32-b43c-4ce5de2aff45"/>
		</DeviceItem>
	</HarnessItem>
	<HarnessItem xsi:type="Splice" id="SPLICE_a1-1c-0-b20723" name="S2BP32-A" location="NODE-14401" compType="NODE" symbolName="NODE" symbolCharacteristic="" rotation="0.000000">
		<AppRef name="E3.Series" version="2.14.0.0" guid="5013b0cb-4e23-4a7f-8e50-5dace79fe416"/>
		<Property id="PROPERTY_2228" name="DESCRIPTION" value="NODE"/>
		<Property id="PROPERTY_2229" name="HRN_FAMILY" value="14401"/>
		<Property id="PROPERTY_2230" name="COMP_TYPE" value="NODE"/>
		<Property id="PROPERTY_2231" name="SUB_PROJECT" value="HRN-14401"/>
		<Property id="PROPERTY_2232" name="DEVICE_NAME" value="S2BP32-A:NODE-14401:"/>
		<Property id="PROPERTY_2233" name="EXCLUDE_FROM_BOM" value="1"/>
		<BranchPosition id="BR_POS_198" branchId="BRANCH_1a-4e-0-18e01d0" branchNodeId="BN_21592-356" offset="0"/>
		<DeviceItem xsi:type="Pin" id="PIN_a1-1e-0-b2072c" signalId="SIGNAL_6b-36-0-2702b2" name="1">
			<AppRef name="E3.Series" version="2.14.0.0" guid="ae2f9c8c-885c-4c7b-ae6f-99c57e809cb5"/>
		</DeviceItem>
	</HarnessItem>
	<HarnessItem xsi:type="Splice" id="SPLICE_22-1c-0-2ca9032" name="TK616" location="NODE-14401" compType="NODE" symbolName="NODE" symbolCharacteristic="" rotation="0.000000">
		<AppRef name="E3.Series" version="2.14.0.0" guid="ed1f4516-c29a-4521-9f1b-e3c3d6dcec64"/>
		<Property id="PROPERTY_2234" name="DESCRIPTION" value="NODE"/>
		<Property id="PROPERTY_2235" name="HRN_FAMILY" value="14401"/>
		<Property id="PROPERTY_2236" name="COMP_TYPE" value="NODE"/>
		<Property id="PROPERTY_2237" name="SUB_PROJECT" value="HRN-14401"/>
		<Property id="PROPERTY_2238" name="DEVICE_NAME" value="TK616:NODE-14401:"/>
		<Property id="PROPERTY_2239" name="EXCLUDE_FROM_BOM" value="1"/>
		<BranchPosition id="BR_POS_199" branchId="BRANCH_22-4e-0-2ca187b" branchNodeId="BN_11056-360" offset="0"/>
		<DeviceItem xsi:type="Pin" id="PIN_22-1e-0-2ca903b" signalId="SIGNAL_6b-36-0-2702b2" name="1">
			<AppRef name="E3.Series" version="2.14.0.0" guid="040f977d-36e2-42c9-9ea3-bbad05c4e1c8"/>
		</DeviceItem>
	</HarnessItem>
	<HarnessItem xsi:type="Splice" id="SPLICE_44-1c-0-24ed7e4" name="DP2R114-B" location="NODE-14401" compType="NODE" symbolName="NODE" symbolCharacteristic="" rotation="0.000000">
		<AppRef name="E3.Series" version="2.14.0.0" guid="bb9d2d8d-bca6-4f57-8b41-ad2aff9b2af1"/>
		<Property id="PROPERTY_2240" name="DESCRIPTION" value="NODE"/>
		<Property id="PROPERTY_2241" name="HRN_FAMILY" value="14401"/>
		<Property id="PROPERTY_2242" name="COMP_TYPE" value="NODE"/>
		<Property id="PROPERTY_2243" name="SUB_PROJECT" value="HRN-14401"/>
		<Property id="PROPERTY_2244" name="DEVICE_NAME" value="DP2R114-B:NODE-14401:"/>
		<Property id="PROPERTY_2245" name="EXCLUDE_FROM_BOM" value="1"/>
		<BranchPosition id="BR_POS_200" branchId="BRANCH_c2-4e-0-4c0dfd" branchNodeId="BN_17896-336" offset="0"/>
		<DeviceItem xsi:type="Pin" id="PIN_44-1e-0-24ed7ed" signalId="SIGNAL_6b-36-0-2702b2" name="1">
			<AppRef name="E3.Series" version="2.14.0.0" guid="0b40fb8c-c428-45b4-b54a-396422fa7ccf"/>
		</DeviceItem>
	</HarnessItem>
	<HarnessItem xsi:type="Splice" id="SPLICE_44-1c-0-251ac25" name="N2MM01-F2" location="NODE-14401" compType="NODE" symbolName="NODE" symbolCharacteristic="" rotation="0.000000">
		<AppRef name="E3.Series" version="2.14.0.0" guid="cf6b1f7d-b451-41b2-bc1a-5228b0357851"/>
		<Property id="PROPERTY_2246" name="DESCRIPTION" value="NODE"/>
		<Property id="PROPERTY_2247" name="HRN_FAMILY" value="14401"/>
		<Property id="PROPERTY_2248" name="COMP_TYPE" value="NODE"/>
		<Property id="PROPERTY_2249" name="SUB_PROJECT" value="HRN-14401"/>
		<Property id="PROPERTY_2250" name="DEVICE_NAME" value="N2MM01-F2:NODE-14401:"/>
		<Property id="PROPERTY_2251" name="EXCLUDE_FROM_BOM" value="1"/>
		<BranchPosition id="BR_POS_201" branchId="BRANCH_c2-4e-0-4c0cf9" branchNodeId="BN_17632-304" offset="0"/>
		<DeviceItem xsi:type="Pin" id="PIN_44-1e-0-251ac2e" signalId="SIGNAL_6b-36-0-2702b2" name="1">
			<AppRef name="E3.Series" version="2.14.0.0" guid="c19ed58c-b60c-4bdf-88e3-5e7246f7ce33"/>
		</DeviceItem>
	</HarnessItem>
	<HarnessItem xsi:type="Splice" id="SPLICE_44-1c-0-2529811" name="N2RC04-EVA" compType="NODE" symbolName="NODE" symbolCharacteristic="" rotation="0.000000">
		<AppRef name="E3.Series" version="2.14.0.0" guid="34e6ab7b-2191-4bfa-bac2-476e2d59088a"/>
		<Property id="PROPERTY_2252" name="DESCRIPTION" value="NODE"/>
		<Property id="PROPERTY_2253" name="HRN_FAMILY" value="14401"/>
		<Property id="PROPERTY_2254" name="COMP_TYPE" value="NODE"/>
		<Property id="PROPERTY_2255" name="SUB_PROJECT" value="HRN-14401"/>
		<Property id="PROPERTY_2256" name="DEVICE_NAME" value="N2RC04-EVA::"/>
		<Property id="PROPERTY_2257" name="EXCLUDE_FROM_BOM" value="1"/>
		<BranchPosition id="BR_POS_202" branchId="BRANCH_34-4e-0-886fc4" branchNodeId="BN_11696-40" offset="0"/>
		<DeviceItem xsi:type="Pin" id="PIN_44-1e-0-252981a" signalId="SIGNAL_EMPTY" name="1">
			<AppRef name="E3.Series" version="2.14.0.0" guid="a469900b-70b9-4c3e-a004-77b8f9260383"/>
		</DeviceItem>
	</HarnessItem>
	<HarnessItem xsi:type="Splice" id="SPLICE_c2-1c-0-4bd162" name="TK606" location="NODE-14401" compType="NODE" symbolName="NODE" symbolCharacteristic="" rotation="0.000000">
		<AppRef name="E3.Series" version="2.14.0.0" guid="314004b7-10fa-4f3a-9344-03300e0c9eb9"/>
		<Property id="PROPERTY_1982" name="DESCRIPTION" value="NODE"/>
		<Property id="PROPERTY_1983" name="HRN_FAMILY" value="14401"/>
		<Property id="PROPERTY_1984" name="COMP_TYPE" value="NODE"/>
		<Property id="PROPERTY_1985" name="SUB_PROJECT" value="HRN-14401"/>
		<Property id="PROPERTY_1986" name="DEVICE_NAME" value="TK606:NODE-14401:"/>
		<Property id="PROPERTY_1987" name="EXCLUDE_FROM_BOM" value="1"/>
		<BranchPosition id="BR_POS_157" branchId="BRANCH_c2-4e-0-4c0d34" branchNodeId="BN_18280-336" offset="0"/>
		<DeviceItem xsi:type="Pin" id="PIN_c2-1e-0-4bdb1c" signalId="SIGNAL_6b-36-0-2702b2" name="1">
			<AppRef name="E3.Series" version="2.14.0.0" guid="39f11cb2-c613-449f-b757-744c6506e32a"/>
		</DeviceItem>
	</HarnessItem>
	<HarnessItem xsi:type="Splice" id="SPLICE_44-1c-0-25309d5" name="N2RC01-A2" location="NODE-14401" compType="NODE" symbolName="NODE" symbolCharacteristic="" rotation="0.000000">
		<AppRef name="E3.Series" version="2.14.0.0" guid="222fe99c-befb-4561-a698-a6acf6a81866"/>
		<Property id="PROPERTY_2258" name="DESCRIPTION" value="NODE"/>
		<Property id="PROPERTY_2259" name="HRN_FAMILY" value="14401"/>
		<Property id="PROPERTY_2260" name="COMP_TYPE" value="NODE"/>
		<Property id="PROPERTY_2261" name="SUB_PROJECT" value="HRN-14401"/>
		<Property id="PROPERTY_2262" name="DEVICE_NAME" value="N2RC01-A2:NODE-14401:"/>
		<Property id="PROPERTY_2263" name="EXCLUDE_FROM_BOM" value="1"/>
		<BranchPosition id="BR_POS_203" branchId="BRANCH_34-4e-0-8895a2" branchNodeId="BN_20664-280" offset="0"/>
		<DeviceItem xsi:type="Pin" id="PIN_44-1e-0-25309de" signalId="SIGNAL_6b-36-0-2702b2" name="1">
			<AppRef name="E3.Series" version="2.14.0.0" guid="929029b0-a758-433b-bcd1-5c24ed7c06e4"/>
		</DeviceItem>
	</HarnessItem>
	<HarnessItem xsi:type="Splice" id="SPLICE_44-1c-0-253ef09" name="N2ME17" location="NODE-14401" compType="NODE" symbolName="NODE" symbolCharacteristic="" rotation="0.000000">
		<AppRef name="E3.Series" version="2.14.0.0" guid="d4d62596-ac36-4ba1-9522-8cfae1fce209"/>
		<Property id="PROPERTY_2264" name="DESCRIPTION" value="NODE"/>
		<Property id="PROPERTY_2265" name="HRN_FAMILY" value="14401"/>
		<Property id="PROPERTY_2266" name="COMP_TYPE" value="NODE"/>
		<Property id="PROPERTY_2267" name="SUB_PROJECT" value="HRN-14401"/>
		<Property id="PROPERTY_2268" name="DEVICE_NAME" value="N2ME17:NODE-14401:"/>
		<Property id="PROPERTY_2269" name="EXCLUDE_FROM_BOM" value="1"/>
		<BranchPosition id="BR_POS_204" branchId="BRANCH_44-4e-0-253a04d" branchNodeId="BN_11136-308" offset="0"/>
		<DeviceItem xsi:type="Pin" id="PIN_44-1e-0-253ef12" signalId="SIGNAL_6b-36-0-2702b2" name="1">
			<AppRef name="E3.Series" version="2.14.0.0" guid="e9a04c4c-c09e-413f-a2ca-d0a2e91f5633"/>
		</DeviceItem>
	</HarnessItem>
	<HarnessItem xsi:type="Splice" id="SPLICE_44-1c-0-2554518" name="N2MM01E" location="NODE-14401" compType="NODE" symbolName="NODE" symbolCharacteristic="" rotation="0.000000">
		<AppRef name="E3.Series" version="2.14.0.0" guid="4bb975f7-03e4-4fb9-b707-1c2a4ef95d74"/>
		<Property id="PROPERTY_2270" name="DESCRIPTION" value="NODE"/>
		<Property id="PROPERTY_2271" name="HRN_FAMILY" value="14401"/>
		<Property id="PROPERTY_2272" name="COMP_TYPE" value="NODE"/>
		<Property id="PROPERTY_2273" name="SUB_PROJECT" value="HRN-14401"/>
		<Property id="PROPERTY_2274" name="DEVICE_NAME" value="N2MM01E:NODE-14401:"/>
		<Property id="PROPERTY_2275" name="EXCLUDE_FROM_BOM" value="1"/>
		<BranchPosition id="BR_POS_205" branchId="BRANCH_c2-4e-0-4c0d01" branchNodeId="BN_8672-344" offset="0"/>
		<DeviceItem xsi:type="Pin" id="PIN_44-1e-0-2554521" signalId="SIGNAL_6b-36-0-2702b2" name="1">
			<AppRef name="E3.Series" version="2.14.0.0" guid="0572320f-e531-4336-aec4-4c9db1c89463"/>
		</DeviceItem>
	</HarnessItem>
	<HarnessItem xsi:type="Splice" id="SPLICE_44-1c-0-2561f68" name="TK617" location="NODE-14401" compType="NODE" symbolName="NODE" symbolCharacteristic="" rotation="0.000000">
		<AppRef name="E3.Series" version="2.14.0.0" guid="5b7cdf5e-7835-4484-b310-3281a39e890b"/>
		<Property id="PROPERTY_2276" name="DESCRIPTION" value="NODE"/>
		<Property id="PROPERTY_2277" name="HRN_FAMILY" value="14401"/>
		<Property id="PROPERTY_2278" name="COMP_TYPE" value="NODE"/>
		<Property id="PROPERTY_2279" name="SUB_PROJECT" value="HRN-14401"/>
		<Property id="PROPERTY_2280" name="DEVICE_NAME" value="TK617:NODE-14401:"/>
		<Property id="PROPERTY_2281" name="EXCLUDE_FROM_BOM" value="1"/>
		<BranchPosition id="BR_POS_206" branchId="BRANCH_44-4e-0-255d041" branchNodeId="BN_7808-264" offset="0"/>
		<DeviceItem xsi:type="Pin" id="PIN_44-1e-0-2561f71" signalId="SIGNAL_6b-36-0-2702b2" name="1">
			<AppRef name="E3.Series" version="2.14.0.0" guid="591407ff-4370-48be-bf16-e281ccbc1bd5"/>
		</DeviceItem>
	</HarnessItem>
	<HarnessItem xsi:type="Splice" id="SPLICE_f4-1c-0-6faf67" name="S2DMM15_13" location="NODE-14401" compType="NODE" symbolName="NODE" symbolCharacteristic="" rotation="0.000000">
		<AppRef name="E3.Series" version="2.14.0.0" guid="6933c5c9-cbb4-4c5a-b315-8f612e64d107"/>
		<Property id="PROPERTY_2282" name="DESCRIPTION" value="NODE"/>
		<Property id="PROPERTY_2283" name="HRN_FAMILY" value="14401"/>
		<Property id="PROPERTY_2284" name="COMP_TYPE" value="NODE"/>
		<Property id="PROPERTY_2285" name="SUB_PROJECT" value="HRN-14401"/>
		<Property id="PROPERTY_2286" name="DEVICE_NAME" value="S2DMM15_13:NODE-14401:"/>
		<Property id="PROPERTY_2287" name="EXCLUDE_FROM_BOM" value="1"/>
		<BranchPosition id="BR_POS_207" branchId="BRANCH_da-4e-0-2503d5" branchNodeId="BN_9776-328" offset="0"/>
		<DeviceItem xsi:type="Pin" id="PIN_f4-1e-0-6faf6a" signalId="SIGNAL_EMPTY" name="1">
			<AppRef name="E3.Series" version="2.14.0.0" guid="258b1142-7559-4af1-b313-d062f2876ec9"/>
		</DeviceItem>
	</HarnessItem>
	<HarnessItem xsi:type="Splice" id="SPLICE_f4-1c-0-6fd1d8" name="S2DB25-A" location="NODE-14401" compType="NODE" symbolName="NODE" symbolCharacteristic="" rotation="0.000000">
		<AppRef name="E3.Series" version="2.14.0.0" guid="5a2e618e-1000-4025-9a0c-63ec5de498a2"/>
		<Property id="PROPERTY_2288" name="DESCRIPTION" value="NODE"/>
		<Property id="PROPERTY_2289" name="HRN_FAMILY" value="14401"/>
		<Property id="PROPERTY_2290" name="COMP_TYPE" value="NODE"/>
		<Property id="PROPERTY_2291" name="SUB_PROJECT" value="HRN-14401"/>
		<Property id="PROPERTY_2292" name="DEVICE_NAME" value="S2DB25-A:NODE-14401:"/>
		<Property id="PROPERTY_2293" name="EXCLUDE_FROM_BOM" value="1"/>
		<BranchPosition id="BR_POS_208" branchId="BRANCH_62-4e-0-cf88e3" branchNodeId="BN_19692-384" offset="0"/>
		<DeviceItem xsi:type="Pin" id="PIN_f4-1e-0-6fd1db" signalId="SIGNAL_EMPTY" name="1">
			<AppRef name="E3.Series" version="2.14.0.0" guid="1e38b444-4376-4fe3-ba86-e13c05e6939a"/>
		</DeviceItem>
	</HarnessItem>
	<HarnessItem xsi:type="Splice" id="SPLICE_36-1c-0-6545a7" name="N101" location="HRN-14401" compType="NODE" symbolName="NODE" symbolCharacteristic="" rotation="0.000000">
		<AppRef name="E3.Series" version="2.14.5.0" guid="172ff430-2f77-462b-bf0d-d5b4b2443743"/>
		<Property id="PROPERTY_2294" name="DESCRIPTION" value="NODE"/>
		<Property id="PROPERTY_2295" name="HRN_FAMILY" value="14401"/>
		<Property id="PROPERTY_2296" name="COMP_TYPE" value="NODE"/>
		<Property id="PROPERTY_2297" name="SUB_PROJECT" value="HRN-14401"/>
		<Property id="PROPERTY_2298" name="DEVICE_NAME" value="N101:HRN-14401:"/>
		<Property id="PROPERTY_2299" name="EXCLUDE_FROM_BOM" value="1"/>
		<BranchPosition id="BR_POS_209" branchId="BRANCH_35-4e-0-30adeb" branchNodeId="BN_6847-313" offset="0"/>
		<DeviceItem xsi:type="Pin" id="PIN_36-1e-0-6545aa" signalId="SIGNAL_EMPTY" name="1">
			<AppRef name="E3.Series" version="2.14.5.0" guid="636d845b-c950-46ed-83ba-70901c43aec2"/>
		</DeviceItem>
	</HarnessItem>
	<HarnessItem xsi:type="Splice" id="SPLICE_10-1c-0-3d9d55" name="S2DB49-DM" compType="Splice-1" symbolName="splice" symbolCharacteristic="FormBoard" rotation="0.000000">
		<AppRef name="E3.Series" version="2.13.7.0" guid="a0ff49da-defd-49ea-b2a7-39059cde7d52"/>
		<AdditionalPart id="ADDITIONALPART_36-4-0-5566bb" compType="WSS-M99D69-A2"/>
		<Property id="PROPERTY_2300" name="DESCRIPTION" value="Splice 1 pin"/>
		<Property id="PROPERTY_2301" name="HRN_FAMILY" value="14401"/>
		<Property id="PROPERTY_2302" name="HRN_Level_Ref" value="(CNSL-HI)/(A-STR)/XM/YN/ZA/ZB/ZC"/>
		<Property id="PROPERTY_2303" name="SUB_PROJECT" value="HRN-14401"/>
		<Property id="PROPERTY_2304" name="DEVICE_NAME" value="S2DB49-DM::"/>
		<Property id="PROPERTY_2305" name="COMP_TYPE" value="SPLICE"/>
		<Option id="OPTION_10-1c-0-3d9d55_1" value="GTDAW | HNSAC | HLNAF"/>
		<BranchPosition id="BR_POS_210" branchId="BRANCH_c2-4e-0-4c0d22" branchNodeId="BN_6903_9-126_058" offset="0"/>
		<DeviceItem xsi:type="Pin" id="PIN_10-1e-0-3d9d6b" signalId="SIGNAL_18-36-0-251cb5" name="1">
			<AppRef name="E3.Series" version="2.13.7.0" guid="8014e79a-4a53-40de-bac3-bb471b967931"/>
			<PinItem xsi:type="ConnectorPinTerminal" id="CONNECTORPINTERMINAL_10-1e-0-3d9d6b" compType="SPLICE"/>
		</DeviceItem>
	</HarnessItem>
	<HarnessItem xsi:type="Splice" id="SPLICE_10-1c-0-3d9d5e" name="S2DB50-DM" compType="Splice-1" symbolName="splice" symbolCharacteristic="FormBoard" rotation="0.000000">
		<AppRef name="E3.Series" version="2.13.7.0" guid="c35fbec2-197f-47c1-8bf3-28c6cda10e91"/>
		<AdditionalPart id="ADDITIONALPART_36-4-0-55679e" compType="WSS-M99D69-A2"/>
		<Property id="PROPERTY_2306" name="DESCRIPTION" value="Splice 1 pin"/>
		<Property id="PROPERTY_2307" name="HRN_FAMILY" value="14401"/>
		<Property id="PROPERTY_2308" name="HRN_Level_Ref" value="(CNSL-HI)/(A-STR)/XM/YN/ZA/ZB/ZC"/>
		<Property id="PROPERTY_2309" name="SUB_PROJECT" value="HRN-14401"/>
		<Property id="PROPERTY_2310" name="DEVICE_NAME" value="S2DB50-DM::"/>
		<Property id="PROPERTY_2311" name="COMP_TYPE" value="SPLICE"/>
		<Option id="OPTION_10-1c-0-3d9d5e_1" value="GTDAW | HNSAC | HLNAF"/>
		<BranchPosition id="BR_POS_211" branchId="BRANCH_c2-4e-0-4c0d26" branchNodeId="BN_6951_9-126_058" offset="0"/>
		<DeviceItem xsi:type="Pin" id="PIN_10-1e-0-3d9d6f" signalId="SIGNAL_18-36-0-251cc2" name="1">
			<AppRef name="E3.Series" version="2.13.7.0" guid="c9f05763-4077-4fe5-aa48-d7a19b5e5e94"/>
			<PinItem xsi:type="ConnectorPinTerminal" id="CONNECTORPINTERMINAL_10-1e-0-3d9d6f" compType="SPLICE"/>
		</DeviceItem>
	</HarnessItem>
	<HarnessItem xsi:type="Splice" id="SPLICE_32-1c-0-dae5" name="S2LN04-B" compType="Splice-1" symbolName="splice" symbolCharacteristic="FormBoard" rotation="0.000000">
		<AppRef name="E3.Series" version="2.13.7.0" guid="f63f820b-4493-4801-9409-e58cc0b9c2b6"/>
		<AdditionalPart id="ADDITIONALPART_51-4-0-27293" compType="WSS-M99D69-A2"/>
		<Property id="PROPERTY_2312" name="DESCRIPTION" value="Splice 1 pin"/>
		<Property id="PROPERTY_2313" name="HRN_FAMILY" value="14401"/>
		<Property id="PROPERTY_2314" name="HRN_Level_Ref" value="(ALL)"/>
		<Property id="PROPERTY_2315" name="SUB_PROJECT" value="HRN-14401"/>
		<Property id="PROPERTY_2316" name="DEVICE_NAME" value="S2LN04-B::"/>
		<Property id="PROPERTY_2317" name="COMP_TYPE" value="SPLICE"/>
		<BranchPosition id="BR_POS_212" branchId="BRANCH_c2-4e-0-4c10ea" branchNodeId="BN_6734_25-230_156" offset="0"/>
		<DeviceItem xsi:type="Pin" id="PIN_42-1e-0-8eb69" signalId="SIGNAL_2-36-0-4111" name="1">
			<AppRef name="E3.Series" version="2.13.7.0" guid="ebfd208e-82df-45ed-afe5-70ce4f626a4b"/>
			<PinItem xsi:type="ConnectorPinTerminal" id="CONNECTORPINTERMINAL_42-1e-0-8eb69" compType="SPLICE"/>
		</DeviceItem>
	</HarnessItem>
	<HarnessItem xsi:type="Splice" id="SPLICE_3b-1c-0-12f5e" name="S2H111-RB" compType="Splice-1" symbolName="splice" symbolCharacteristic="FormBoard" rotation="0.000000">
		<AppRef name="E3.Series" version="2.13.7.0" guid="5761de7e-d1f0-460f-8a9c-5811ad38acf7"/>
		<AdditionalPart id="ADDITIONALPART_51-4-0-2728a" compType="WSS-M99D69-A2"/>
		<Property id="PROPERTY_2318" name="DESCRIPTION" value="Splice 1 pin"/>
		<Property id="PROPERTY_2319" name="HRN_FAMILY" value="14401"/>
		<Property id="PROPERTY_2320" name="HRN_Level_Ref" value="(ALL)"/>
		<Property id="PROPERTY_2321" name="SUB_PROJECT" value="HRN-14401"/>
		<Property id="PROPERTY_2322" name="DEVICE_NAME" value="S2H111-RB::"/>
		<Property id="PROPERTY_2323" name="COMP_TYPE" value="SPLICE"/>
		<Option id="OPTION_3b-1c-0-12f5e_1" value="AC_B"/>
		<Option id="OPTION_3b-1c-0-12f5e_2" value="AC_G"/>
		<Option id="OPTION_3b-1c-0-12f5e_3" value="BY1AC"/>
		<BranchPosition id="BR_POS_213" branchId="BRANCH_c2-4e-0-4c0ded" branchNodeId="BN_13262_25-386_156" offset="0"/>
		<DeviceItem xsi:type="Pin" id="PIN_42-1e-0-8eba1" signalId="SIGNAL_2-36-0-3c37" name="1">
			<AppRef name="E3.Series" version="2.13.7.0" guid="42697bb3-d1a9-4198-97f7-a2fc597affe4"/>
			<PinItem xsi:type="ConnectorPinTerminal" id="CONNECTORPINTERMINAL_42-1e-0-8eba1" compType="SPLICE"/>
		</DeviceItem>
	</HarnessItem>
	<HarnessItem xsi:type="Splice" id="SPLICE_3f-1c-0-7a836" name="S2BX07-B" compType="Splice-1" symbolName="splice" symbolCharacteristic="FormBoard" rotation="0.000000">
		<AppRef name="E3.Series" version="2.13.7.0" guid="349a1c32-a3dc-4e51-8673-8a564eae3d18"/>
		<AdditionalPart id="ADDITIONALPART_51-4-0-272f0" compType="WSS-M99D69-A2"/>
		<Property id="PROPERTY_2324" name="DESCRIPTION" value="Splice 1 pin"/>
		<Property id="PROPERTY_2325" name="HRN_FAMILY" value="14401"/>
		<Property id="PROPERTY_2326" name="HRN_Level_Ref" value="(P-COL)/AH/AJ/AK/AL/AM/AN/AP/AR/CB/CC/CD/CE/XL/YC/YD/YK/YL/YP/YR/YU/YV/ZC/ZF"/>
		<Property id="PROPERTY_2327" name="SUB_PROJECT" value="HRN-14401"/>
		<Property id="PROPERTY_2328" name="DEVICE_NAME" value="S2BX07-B::"/>
		<Property id="PROPERTY_2329" name="COMP_TYPE" value="SPLICE"/>
		<Option id="OPTION_3f-1c-0-7a836_1" value="JCBAD"/>
		<BranchPosition id="BR_POS_214" branchId="BRANCH_c2-4e-0-4c10be" branchNodeId="BN_22968-320" offset="0"/>
		<DeviceItem xsi:type="Pin" id="PIN_42-1e-0-8ebd7" signalId="SIGNAL_2-36-0-3330" name="1">
			<AppRef name="E3.Series" version="2.13.7.0" guid="150150cf-6d66-424d-b3dc-06e7772df4dc"/>
			<PinItem xsi:type="ConnectorPinTerminal" id="CONNECTORPINTERMINAL_42-1e-0-8ebd7" compType="SPLICE"/>
		</DeviceItem>
	</HarnessItem>
	<HarnessItem xsi:type="Splice" id="SPLICE_41-1c-0-8206e7" name="S2YA10-BK" compType="Splice-1" symbolName="splice" symbolCharacteristic="FormBoard" rotation="0.000000">
		<AppRef name="E3.Series" version="2.13.7.0" guid="1bda52fe-a177-4f6d-8e2c-7ab7772eb3e4"/>
		<AdditionalPart id="ADDITIONALPART_41-4-0-8206e9" compType="ESKU5T-1A303-AA(B10Y00)"/>
		<Property id="PROPERTY_2330" name="DESCRIPTION" value="Splice 1 pin"/>
		<Property id="PROPERTY_2331" name="HRN_FAMILY" value="14401"/>
		<Property id="PROPERTY_2332" name="HRN_Level_Ref" value="(400W)/(KWINV)/(ACBRKR)/(F-SHF)/(BEV)"/>
		<Property id="PROPERTY_2333" name="SUB_PROJECT" value="HRN-14401"/>
		<Property id="PROPERTY_2334" name="DEVICE_NAME" value="S2YA10-BK::"/>
		<Property id="PROPERTY_2335" name="COMP_TYPE" value="SPLICE"/>
		<Option id="OPTION_41-1c-0-8206e7_1" value="HUKAJ | HUKAK | HUKAL | HUKAM | HUKAN | HUKAQ"/>
		<BranchPosition id="BR_POS_215" branchId="BRANCH_c2-4e-0-4c0d49" branchNodeId="BN_17176-328" offset="0"/>
		<DeviceItem xsi:type="Pin" id="PIN_41-1e-0-8206f2" signalId="SIGNAL_18-36-0-253f0a" name="1">
			<AppRef name="E3.Series" version="2.13.7.0" guid="b72eb9b7-e278-4f4f-9785-d1bb49de3a99"/>
			<PinItem xsi:type="ConnectorPinTerminal" id="CONNECTORPINTERMINAL_41-1e-0-8206f2" compType="SPLICE"/>
		</DeviceItem>
	</HarnessItem>
	<HarnessItem xsi:type="Splice" id="SPLICE_47-1c-0-2b7e" name="S2LN04-A" compType="Splice-1" symbolName="splice" symbolCharacteristic="FormBoard" rotation="0.000000">
		<AppRef name="E3.Series" version="2.13.7.0" guid="a13530e3-68e2-4658-9178-83267afe6d7d"/>
		<AdditionalPart id="ADDITIONALPART_5c-4-0-7ca2" compType="WSS-M99D69-A2"/>
		<Property id="PROPERTY_2336" name="DESCRIPTION" value="Splice 1 pin"/>
		<Property id="PROPERTY_2337" name="HRN_FAMILY" value="14401"/>
		<Property id="PROPERTY_2338" name="HRN_Level_Ref" value="(ALL)"/>
		<Property id="PROPERTY_2339" name="SUB_PROJECT" value="HRN-14401"/>
		<Property id="PROPERTY_2340" name="DEVICE_NAME" value="S2LN04-A::"/>
		<Property id="PROPERTY_2341" name="COMP_TYPE" value="SPLICE"/>
		<BranchPosition id="BR_POS_216" branchId="BRANCH_c2-4e-0-4c0def" branchNodeId="BN_7639_9-134_058" offset="0"/>
		<DeviceItem xsi:type="Pin" id="PIN_42-1e-0-8eb55" signalId="SIGNAL_2-36-0-4111" name="1">
			<AppRef name="E3.Series" version="2.13.7.0" guid="949ad77e-764d-4e02-b8d2-c5c36f858676"/>
			<PinItem xsi:type="ConnectorPinTerminal" id="CONNECTORPINTERMINAL_42-1e-0-8eb55" compType="SPLICE"/>
		</DeviceItem>
	</HarnessItem>
	<HarnessItem xsi:type="Splice" id="SPLICE_4a-1c-0-49cb10" name="S2BP32-A" compType="Splice-1" symbolName="splice" symbolCharacteristic="FormBoard" rotation="0.000000">
		<AppRef name="E3.Series" version="2.14.0.0" guid="107c88f5-08d7-4a94-9fd6-f970c798180e"/>
		<AdditionalPart id="ADDITIONALPART_22-4-0-2c7da7d" compType="ESKU5T-1A303-AA(B10Y00)"/>
		<Property id="PROPERTY_2342" name="DESCRIPTION" value="Splice 1 pin"/>
		<Property id="PROPERTY_2343" name="HRN_FAMILY" value="14401"/>
		<Property id="PROPERTY_2344" name="HRN_Level_Ref" value="(ALL)"/>
		<Property id="PROPERTY_2345" name="SUB_PROJECT" value="HRN-14401"/>
		<Property id="PROPERTY_2346" name="DEVICE_NAME" value="S2BP32-A::"/>
		<Property id="PROPERTY_2347" name="COMP_TYPE" value="SPLICE"/>
		<BranchPosition id="BR_POS_217" branchId="BRANCH_a1-4e-0-b1b17d" branchNodeId="BN_21592-376" offset="0"/>
		<DeviceItem xsi:type="Pin" id="PIN_4a-1e-0-49cb13" signalId="SIGNAL_2-36-0-3ed6" name="1">
			<AppRef name="E3.Series" version="2.14.0.0" guid="8606ce56-300b-4c81-903d-1cd37a4f10c7"/>
			<PinItem xsi:type="ConnectorPinTerminal" id="CONNECTORPINTERMINAL_4a-1e-0-49cb13" compType="SPLICE"/>
		</DeviceItem>
	</HarnessItem>
	<HarnessItem xsi:type="Splice" id="SPLICE_4d-1c-0-36e3d7" name="S2BB38" compType="Splice-1" symbolName="splice" symbolCharacteristic="FormBoard" rotation="0.000000">
		<AppRef name="E3.Series" version="2.13.7.0" guid="23445d16-f0a7-451a-8cd0-7f37386b36c2"/>
		<AdditionalPart id="ADDITIONALPART_4d-4-0-36e3d8" compType="ESKU5T-1A303-AA(B10Y00)"/>
		<Property id="PROPERTY_2348" name="DESCRIPTION" value="Splice 1 pin"/>
		<Property id="PROPERTY_2349" name="HRN_FAMILY" value="14401"/>
		<Property id="PROPERTY_2350" name="HRN_Level_Ref" value="AJ/AL/BH/BJ/CB/CC/XJ/XL/XS/YC/YD/YG/YH/YK/YL/ZD/ZH"/>
		<Property id="PROPERTY_2351" name="SUB_PROJECT" value="HRN-14401"/>
		<Property id="PROPERTY_2352" name="DEVICE_NAME" value="S2BB38::"/>
		<Property id="PROPERTY_2353" name="COMP_TYPE" value="SPLICE"/>
		<Option id="OPTION_4d-1c-0-36e3d7_1" value="BY1AC"/>
		<BranchPosition id="BR_POS_218" branchId="BRANCH_c2-4e-0-4c10c6" branchNodeId="BN_16228-360" offset="0"/>
		<DeviceItem xsi:type="Pin" id="PIN_4d-1e-0-36e3e0" signalId="SIGNAL_2-36-0-3e44" name="1">
			<AppRef name="E3.Series" version="2.13.7.0" guid="59d6a361-fc57-42b8-88f8-8e98adc9b097"/>
			<PinItem xsi:type="ConnectorPinTerminal" id="CONNECTORPINTERMINAL_4d-1e-0-36e3e0" compType="SPLICE"/>
		</DeviceItem>
	</HarnessItem>
	<HarnessItem xsi:type="Splice" id="SPLICE_6a-1c-0-c5358" name="S2DB26-B" compType="Splice-1" symbolName="splice" symbolCharacteristic="FormBoard" rotation="0.000000">
		<AppRef name="E3.Series" version="2.13.7.0" guid="e2b611cd-9309-4fb0-9bf4-5ca8b2f30ca4"/>
		<AdditionalPart id="ADDITIONALPART_6a-4-0-c535a" compType="WSS-M99D69-A2"/>
		<Property id="PROPERTY_2354" name="DESCRIPTION" value="Splice 1 pin"/>
		<Property id="PROPERTY_2355" name="HRN_FAMILY" value="14401"/>
		<Property id="PROPERTY_2356" name="HRN_Level_Ref" value="(CNSL-HI)/(A-STR)/VA/XM/YN"/>
		<Property id="PROPERTY_2357" name="SUB_PROJECT" value="HRN-14401"/>
		<Property id="PROPERTY_2358" name="DEVICE_NAME" value="S2DB26-B::"/>
		<Property id="PROPERTY_2359" name="COMP_TYPE" value="SPLICE"/>
		<Option id="OPTION_6a-1c-0-c5358_1" value="JBBA8 | JBBBH | JBBBJ | JBBBN"/>
		<BranchPosition id="BR_POS_219" branchId="BRANCH_c2-4e-0-4c0e20" branchNodeId="BN_8431_9-374_058" offset="0"/>
		<DeviceItem xsi:type="Pin" id="PIN_6a-1e-0-c536a" signalId="SIGNAL_2-36-0-3fd4" name="1">
			<AppRef name="E3.Series" version="2.13.7.0" guid="7922a133-767a-44d4-9ebd-a7b837f3d1c8"/>
			<PinItem xsi:type="ConnectorPinTerminal" id="CONNECTORPINTERMINAL_6a-1e-0-c536a" compType="SPLICE"/>
		</DeviceItem>
	</HarnessItem>
	<HarnessItem xsi:type="Splice" id="SPLICE_6a-1c-0-c535f" name="S2DB25-B" compType="Splice-1" symbolName="splice" symbolCharacteristic="FormBoard" rotation="0.000000">
		<AppRef name="E3.Series" version="2.13.7.0" guid="d10b7c18-4b2c-4fee-9087-2609b684eeb0"/>
		<AdditionalPart id="ADDITIONALPART_6a-4-0-c5361" compType="WSS-M99D69-A2"/>
		<Property id="PROPERTY_2360" name="DESCRIPTION" value="Splice 1 pin"/>
		<Property id="PROPERTY_2361" name="HRN_FAMILY" value="14401"/>
		<Property id="PROPERTY_2362" name="HRN_Level_Ref" value="(CNSL-HI)/(A-STR)/VA/XM/YN"/>
		<Property id="PROPERTY_2363" name="SUB_PROJECT" value="HRN-14401"/>
		<Property id="PROPERTY_2364" name="DEVICE_NAME" value="S2DB25-B::"/>
		<Property id="PROPERTY_2365" name="COMP_TYPE" value="SPLICE"/>
		<Option id="OPTION_6a-1c-0-c535f_1" value="JBBA8 | JBBBH | JBBBJ | JBBBN"/>
		<BranchPosition id="BR_POS_220" branchId="BRANCH_c2-4e-0-4c0e1c" branchNodeId="BN_8391_9-374_058" offset="0"/>
		<DeviceItem xsi:type="Pin" id="PIN_6a-1e-0-c536c" signalId="SIGNAL_2-36-0-3fd3" name="1">
			<AppRef name="E3.Series" version="2.13.7.0" guid="591837e8-b9d5-4bd9-ae96-1884d4b4e992"/>
			<PinItem xsi:type="ConnectorPinTerminal" id="CONNECTORPINTERMINAL_6a-1e-0-c536c" compType="SPLICE"/>
		</DeviceItem>
	</HarnessItem>
	<HarnessItem xsi:type="Splice" id="SPLICE_6a-1c-0-d5d38" name="S2DB26-A" compType="Splice-1" symbolName="splice" symbolCharacteristic="FormBoard" rotation="0.000000">
		<AppRef name="E3.Series" version="2.13.7.0" guid="db7a0b22-59a6-4386-a507-32f7925c77f7"/>
		<AdditionalPart id="ADDITIONALPART_6a-4-0-d5d3a" compType="WSS-M99D69-A2"/>
		<Property id="PROPERTY_2366" name="DESCRIPTION" value="Splice 1 pin"/>
		<Property id="PROPERTY_2367" name="HRN_FAMILY" value="14401"/>
		<Property id="PROPERTY_2368" name="HRN_Level_Ref" value="(ALL)"/>
		<Property id="PROPERTY_2369" name="SUB_PROJECT" value="HRN-14401"/>
		<Property id="PROPERTY_2370" name="DEVICE_NAME" value="S2DB26-A::"/>
		<Property id="PROPERTY_2371" name="COMP_TYPE" value="SPLICE"/>
		<BranchPosition id="BR_POS_221" branchId="BRANCH_62-4e-0-d01852" branchNodeId="BN_19712-396" offset="0"/>
		<DeviceItem xsi:type="Pin" id="PIN_6a-1e-0-d5d4a" signalId="SIGNAL_2-36-0-3fd4" name="1">
			<AppRef name="E3.Series" version="2.13.7.0" guid="16443433-fbd7-4236-90d8-43cf084f8783"/>
			<PinItem xsi:type="ConnectorPinTerminal" id="CONNECTORPINTERMINAL_6a-1e-0-d5d4a" compType="SPLICE"/>
		</DeviceItem>
	</HarnessItem>
	<HarnessItem xsi:type="Splice" id="SPLICE_6a-1c-0-d5d3f" name="S2DB25-A" compType="Splice-1" symbolName="splice" symbolCharacteristic="FormBoard" rotation="0.000000">
		<AppRef name="E3.Series" version="2.13.7.0" guid="ad8f9c94-1442-44cf-bfaf-cb8f03d229b1"/>
		<AdditionalPart id="ADDITIONALPART_6a-4-0-d5d41" compType="WSS-M99D69-A2"/>
		<Property id="PROPERTY_2372" name="DESCRIPTION" value="Splice 1 pin"/>
		<Property id="PROPERTY_2373" name="HRN_FAMILY" value="14401"/>
		<Property id="PROPERTY_2374" name="HRN_Level_Ref" value="(ALL)"/>
		<Property id="PROPERTY_2375" name="SUB_PROJECT" value="HRN-14401"/>
		<Property id="PROPERTY_2376" name="DEVICE_NAME" value="S2DB25-A::"/>
		<Property id="PROPERTY_2377" name="COMP_TYPE" value="SPLICE"/>
		<BranchPosition id="BR_POS_222" branchId="BRANCH_62-4e-0-cf88e3" branchNodeId="BN_19664-396" offset="0"/>
		<DeviceItem xsi:type="Pin" id="PIN_6a-1e-0-d5d4c" signalId="SIGNAL_2-36-0-3fd3" name="1">
			<AppRef name="E3.Series" version="2.13.7.0" guid="400d881d-b706-4cee-a947-236f099276ac"/>
			<PinItem xsi:type="ConnectorPinTerminal" id="CONNECTORPINTERMINAL_6a-1e-0-d5d4c" compType="SPLICE"/>
		</DeviceItem>
	</HarnessItem>
	<HarnessItem xsi:type="Splice" id="SPLICE_79-1c-0-5b367c" name="S2DMM15" compType="Splice-1" symbolName="splice" symbolCharacteristic="FormBoard" rotation="0.000000">
		<AppRef name="E3.Series" version="2.14.0.0" guid="4ab01363-2c40-48a7-abe3-eba2fc90c7a0"/>
		<AdditionalPart id="ADDITIONALPART_79-4-0-5b367e" compType="WSS-M99D69-A2"/>
		<Property id="PROPERTY_2378" name="DESCRIPTION" value="Splice 1 pin"/>
		<Property id="PROPERTY_2379" name="HRN_FAMILY" value="14401"/>
		<Property id="PROPERTY_2380" name="HRN_Level_Ref" value="VA"/>
		<Property id="PROPERTY_2381" name="SUB_PROJECT" value="HRN-14401"/>
		<Property id="PROPERTY_2382" name="DEVICE_NAME" value="S2DMM15::"/>
		<Property id="PROPERTY_2383" name="COMP_TYPE" value="SPLICE"/>
		<Option id="OPTION_79-1c-0-5b367c_1" value="IEVAT"/>
		<BranchPosition id="BR_POS_223" branchId="BRANCH_da-4e-0-34ad0b" branchNodeId="BN_9760-312" offset="0"/>
		<DeviceItem xsi:type="Pin" id="PIN_79-1e-0-5b3686" signalId="SIGNAL_2-36-0-3ccd" name="1">
			<AppRef name="E3.Series" version="2.14.0.0" guid="53e38f89-5c99-45b9-9873-b9d694593d5e"/>
			<PinItem xsi:type="ConnectorPinTerminal" id="CONNECTORPINTERMINAL_79-1e-0-5b3686" compType="BLUNT CUT"/>
		</DeviceItem>
	</HarnessItem>
	<HarnessItem xsi:type="Splice" id="SPLICE_95-1c-0-8c74d1" name="S2BBG0-A" compType="Splice-1" symbolName="splice" symbolCharacteristic="FormBoard" rotation="0.000000">
		<AppRef name="E3.Series" version="2.14.0.0" guid="3a6cd1a0-cb0d-4057-8e9e-1327a89675f5"/>
		<AdditionalPart id="ADDITIONALPART_35-4-0-2fbe7b" compType="WSS-M99D69-A2"/>
		<Property id="PROPERTY_2384" name="DESCRIPTION" value="Splice 1 pin"/>
		<Property id="PROPERTY_2385" name="HRN_FAMILY" value="14401"/>
		<Property id="PROPERTY_2386" name="HRN_Level_Ref" value="(BEV)"/>
		<Property id="PROPERTY_2387" name="SUB_PROJECT" value="HRN-14401"/>
		<Property id="PROPERTY_2388" name="DEVICE_NAME" value="S2BBG0-A::"/>
		<Property id="PROPERTY_2389" name="COMP_TYPE" value="SPLICE"/>
		<Option id="OPTION_95-1c-0-8c74d1_1" value="HT2AC"/>
		<BranchPosition id="BR_POS_224" branchId="BRANCH_35-4e-0-2f77d6" branchNodeId="BN_6936-152" offset="0"/>
		<DeviceItem xsi:type="Pin" id="PIN_95-1e-0-8c75ca" signalId="SIGNAL_18-36-0-2516c2" name="1">
			<AppRef name="E3.Series" version="2.14.0.0" guid="e2697414-6ab4-42de-a8b5-92f7197c2fcf"/>
			<PinItem xsi:type="ConnectorPinTerminal" id="CONNECTORPINTERMINAL_95-1e-0-8c75ca" compType="SPLICE"/>
		</DeviceItem>
	</HarnessItem>
	<HarnessItem xsi:type="Splice" id="SPLICE_9d-1c-0-dde2c" name="BC14-Splice" compType="Splice-1" symbolName="splice" symbolCharacteristic="FormBoard" rotation="0.000000">
		<AppRef name="E3.Series" version="2.13.7.0" guid="12ed3800-f65f-4242-9e38-c8aadc932577"/>
		<AdditionalPart id="ADDITIONALPART_9e-4-0-6c8ca" compType="ESKU5T-1A303-AA(B10Y00)"/>
		<AdditionalPart id="ADDITIONALPART_d8-4-0-26746e" compType="ESKU5T-1A303-AA(B10Y21)"/>
		<Property id="PROPERTY_2390" name="DESCRIPTION" value="Splice 1 pin"/>
		<Property id="PROPERTY_2391" name="HRN_FAMILY" value="14401"/>
		<Property id="PROPERTY_2392" name="HRN_Level_Ref" value="AA/AB/AD/AE/AF/AG/AH/AJ/AK/AL/AM/AN/AP/AR/BA/BB/BD/BE/BF/BG/BH/BJ/CA/CB/CC/CD/CE/UC/UD/UE/UF"/>
		<Property id="PROPERTY_2393" name="SUB_PROJECT" value="HRN-14401"/>
		<Property id="PROPERTY_2394" name="DEVICE_NAME" value="BC14-Splice::"/>
		<Property id="PROPERTY_2395" name="COMP_TYPE" value="SPLICE"/>
		<Option id="OPTION_9d-1c-0-dde2c_1" value="AALAK"/>
		<BranchPosition id="BR_POS_225" branchId="BRANCH_c2-4e-0-4c0e67" branchNodeId="BN_3390_25-302_156" offset="0"/>
		<DeviceItem xsi:type="Pin" id="PIN_9d-1e-0-dde2f" signalId="SIGNAL_d-36-0-e2d4f" name="1">
			<AppRef name="E3.Series" version="2.13.7.0" guid="2fc2ed90-706d-43db-bcab-e0fe1e3bd8cc"/>
			<PinItem xsi:type="ConnectorPinTerminal" id="CONNECTORPINTERMINAL_9d-1e-0-dde2f" compType="BLUNT CUT"/>
		</DeviceItem>
	</HarnessItem>
	<HarnessItem xsi:type="Splice" id="SPLICE_b4-1c-0-3ea076" name="S2DMM13" compType="Splice-1" symbolName="splice" symbolCharacteristic="FormBoard" rotation="0.000000">
		<AppRef name="E3.Series" version="2.14.0.0" guid="610793d2-0d5d-4e0b-b716-0f34306b723e"/>
		<AdditionalPart id="ADDITIONALPART_b4-4-0-3ea078" compType="WSS-M99D69-A2"/>
		<Property id="PROPERTY_2396" name="DESCRIPTION" value="Splice 1 pin"/>
		<Property id="PROPERTY_2397" name="HRN_FAMILY" value="14401"/>
		<Property id="PROPERTY_2398" name="HRN_Level_Ref" value="VA"/>
		<Property id="PROPERTY_2399" name="SUB_PROJECT" value="HRN-14401"/>
		<Property id="PROPERTY_2400" name="DEVICE_NAME" value="S2DMM13::"/>
		<Property id="PROPERTY_2401" name="COMP_TYPE" value="SPLICE"/>
		<Option id="OPTION_b4-1c-0-3ea076_1" value="IEVAT"/>
		<BranchPosition id="BR_POS_226" branchId="BRANCH_da-4e-0-346b13" branchNodeId="BN_9792-312" offset="0"/>
		<DeviceItem xsi:type="Pin" id="PIN_b4-1e-0-3ea080" signalId="SIGNAL_2-36-0-3ccd" name="1">
			<AppRef name="E3.Series" version="2.14.0.0" guid="0277bf8b-4bef-4b75-92cc-e1f1ce112dc0"/>
			<PinItem xsi:type="ConnectorPinTerminal" id="CONNECTORPINTERMINAL_b4-1e-0-3ea080" compType="BLUNT CUT"/>
		</DeviceItem>
	</HarnessItem>
	<HarnessItem xsi:type="Splice" id="SPLICE_c2-1c-0-4bc894" name="BC2-Splice" compType="Splice-1" symbolName="splice" symbolCharacteristic="FormBoard" rotation="0.000000">
		<AppRef name="E3.Series" version="2.14.0.0" guid="2c7a49fe-7863-45c9-9157-98056e01c9fd"/>
		<AdditionalPart id="ADDITIONALPART_c2-4-0-4bc896" compType="ESKU5T-1A303-AA(B10Y10)"/>
		<Property id="PROPERTY_2402" name="DESCRIPTION" value="Splice 1 pin"/>
		<Property id="PROPERTY_2403" name="HRN_FAMILY" value="14401"/>
		<Property id="PROPERTY_2404" name="HRN_Level_Ref" value="(ALL)"/>
		<Property id="PROPERTY_2405" name="SUB_PROJECT" value="HRN-14401"/>
		<Property id="PROPERTY_2406" name="DEVICE_NAME" value="BC2-Splice::"/>
		<Property id="PROPERTY_2407" name="COMP_TYPE" value="SPLICE"/>
		<BranchPosition id="BR_POS_227" branchId="BRANCH_c2-4e-0-4c0e24" branchNodeId="BN_10880-224" offset="0"/>
		<DeviceItem xsi:type="Pin" id="PIN_c2-1e-0-4bda1e" signalId="SIGNAL_2-36-0-3ec9" name="1">
			<AppRef name="E3.Series" version="2.14.0.0" guid="fab1ed58-5376-4ec4-82a9-46fcb3d314a9"/>
			<PinItem xsi:type="ConnectorPinTerminal" id="CONNECTORPINTERMINAL_c2-1e-0-4bda1e" compType="BLUNT CUT"/>
		</DeviceItem>
	</HarnessItem>
	<HarnessItem xsi:type="Splice" id="SPLICE_f7-1c-0-12ccfe" name="S2DB49-X" compType="Splice-1" symbolName="splice" symbolCharacteristic="FormBoard" rotation="0.000000">
		<AppRef name="E3.Series" version="2.13.7.0" guid="ec132384-c644-43bf-858d-37b60dd5c6ae"/>
		<AdditionalPart id="ADDITIONALPART_f7-4-0-12cd00" compType="ESB-M99D56-A2"/>
		<Property id="PROPERTY_2408" name="DESCRIPTION" value="Splice 1 pin"/>
		<Property id="PROPERTY_2409" name="HRN_FAMILY" value="14401"/>
		<Property id="PROPERTY_2410" name="HRN_Level_Ref" value="(ALL)"/>
		<Property id="PROPERTY_2411" name="SUB_PROJECT" value="HRN-14401"/>
		<Property id="PROPERTY_2412" name="DEVICE_NAME" value="S2DB49-X::"/>
		<Property id="PROPERTY_2413" name="COMP_TYPE" value="SPLICE"/>
		<BranchPosition id="BR_POS_228" branchId="BRANCH_c2-4e-0-4c0fd4" branchNodeId="BN_16352-384" offset="0"/>
		<DeviceItem xsi:type="Pin" id="PIN_f7-1e-0-12cd14" signalId="SIGNAL_18-36-0-251cb5" name="1">
			<AppRef name="E3.Series" version="2.13.7.0" guid="e496e065-bedc-4970-b448-8215facc4e28"/>
			<PinItem xsi:type="ConnectorPinTerminal" id="CONNECTORPINTERMINAL_f7-1e-0-12cd14" compType="SPLICE"/>
		</DeviceItem>
	</HarnessItem>
	<HarnessItem xsi:type="Splice" id="SPLICE_f7-1c-0-12cd07" name="S2DB50-X" compType="Splice-1" symbolName="splice" symbolCharacteristic="FormBoard" rotation="0.000000">
		<AppRef name="E3.Series" version="2.13.7.0" guid="2d693cdc-af56-4dfc-8982-e898d4eb5641"/>
		<AdditionalPart id="ADDITIONALPART_f7-4-0-12cd09" compType="ESB-M99D56-A2"/>
		<Property id="PROPERTY_2414" name="DESCRIPTION" value="Splice 1 pin"/>
		<Property id="PROPERTY_2415" name="HRN_FAMILY" value="14401"/>
		<Property id="PROPERTY_2416" name="HRN_Level_Ref" value="(ALL)"/>
		<Property id="PROPERTY_2417" name="SUB_PROJECT" value="HRN-14401"/>
		<Property id="PROPERTY_2418" name="DEVICE_NAME" value="S2DB50-X::"/>
		<Property id="PROPERTY_2419" name="COMP_TYPE" value="SPLICE"/>
		<BranchPosition id="BR_POS_229" branchId="BRANCH_c2-4e-0-4c0fd8" branchNodeId="BN_16400-384" offset="0"/>
		<DeviceItem xsi:type="Pin" id="PIN_f7-1e-0-12cd18" signalId="SIGNAL_18-36-0-251cc2" name="1">
			<AppRef name="E3.Series" version="2.13.7.0" guid="6fc5ee4a-a7d1-47c1-b55c-704f2bd28f30"/>
			<PinItem xsi:type="ConnectorPinTerminal" id="CONNECTORPINTERMINAL_f7-1e-0-12cd18" compType="SPLICE"/>
		</DeviceItem>
	</HarnessItem>
	<HarnessItem xsi:type="Splice" id="SPLICE_c2-1c-0-4bd17a" name="SH207" location="NODE-14401" compType="NODE" symbolName="NODE" symbolCharacteristic="" rotation="0.000000">
		<AppRef name="E3.Series" version="2.14.0.0" guid="92fb1ab3-2c0b-49c5-baa7-e19ebf625c62"/>
		<Property id="PROPERTY_1988" name="DESCRIPTION" value="NODE"/>
		<Property id="PROPERTY_1989" name="HRN_FAMILY" value="14401"/>
		<Property id="PROPERTY_1990" name="COMP_TYPE" value="NODE"/>
		<Property id="PROPERTY_1991" name="SUB_PROJECT" value="HRN-14401"/>
		<Property id="PROPERTY_1992" name="DEVICE_NAME" value="SH207:NODE-14401:"/>
		<Property id="PROPERTY_1993" name="EXCLUDE_FROM_BOM" value="1"/>
		<BranchPosition id="BR_POS_158" branchId="BRANCH_c2-4e-0-4c0f18" branchNodeId="BN_19512-296" offset="0"/>
		<DeviceItem xsi:type="Pin" id="PIN_c2-1e-0-4bdb1e" signalId="SIGNAL_6b-36-0-2702b2" name="1">
			<AppRef name="E3.Series" version="2.14.0.0" guid="0319fd00-2680-4f14-a4e3-72aa4a1e52f5"/>
		</DeviceItem>
	</HarnessItem>
	<HarnessItem xsi:type="Splice" id="SPLICE_c2-1c-0-4bd245" name="N2MM01F" location="NODE-14401" compType="NODE" symbolName="NODE" symbolCharacteristic="" rotation="0.000000">
		<AppRef name="E3.Series" version="2.14.0.0" guid="8782abe0-8dbf-4f62-b0c8-8a2541c57295"/>
		<Property id="PROPERTY_1994" name="DESCRIPTION" value="NODE"/>
		<Property id="PROPERTY_1995" name="HRN_FAMILY" value="14401"/>
		<Property id="PROPERTY_1996" name="COMP_TYPE" value="NODE"/>
		<Property id="PROPERTY_1997" name="SUB_PROJECT" value="HRN-14401"/>
		<Property id="PROPERTY_1998" name="DEVICE_NAME" value="N2MM01F:NODE-14401:"/>
		<Property id="PROPERTY_1999" name="EXCLUDE_FROM_BOM" value="1"/>
		<BranchPosition id="BR_POS_159" branchId="BRANCH_c2-4e-0-4c0cf9" branchNodeId="BN_17720-304" offset="0"/>
		<DeviceItem xsi:type="Pin" id="PIN_c2-1e-0-4bdb20" signalId="SIGNAL_6b-36-0-2702b2" name="1">
			<AppRef name="E3.Series" version="2.14.0.0" guid="a8516b92-fd8a-46c5-8649-e33fcc970fa6"/>
		</DeviceItem>
	</HarnessItem>
	<HarnessItem xsi:type="Splice" id="SPLICE_c2-1c-0-4bd385" name="N2RC01-A" location="NODE-14401" compType="NODE" symbolName="NODE" symbolCharacteristic="" rotation="0.000000">
		<AppRef name="E3.Series" version="2.14.0.0" guid="3aab7a25-0c76-4e8d-8ed7-0ab2a4066d47"/>
		<Property id="PROPERTY_2000" name="DESCRIPTION" value="NODE"/>
		<Property id="PROPERTY_2001" name="HRN_FAMILY" value="14401"/>
		<Property id="PROPERTY_2002" name="COMP_TYPE" value="NODE"/>
		<Property id="PROPERTY_2003" name="SUB_PROJECT" value="HRN-14401"/>
		<Property id="PROPERTY_2004" name="DEVICE_NAME" value="N2RC01-A:NODE-14401:"/>
		<Property id="PROPERTY_2005" name="EXCLUDE_FROM_BOM" value="1"/>
		<BranchPosition id="BR_POS_160" branchId="BRANCH_c2-4e-0-4c0d1a" branchNodeId="BN_21096-160" offset="0"/>
		<DeviceItem xsi:type="Pin" id="PIN_c2-1e-0-4bdb22" signalId="SIGNAL_6b-36-0-2702b2" name="1">
			<AppRef name="E3.Series" version="2.14.0.0" guid="af67e5b3-bdac-4e7d-900d-edfd50982a7a"/>
		</DeviceItem>
	</HarnessItem>
	<HarnessItem xsi:type="Splice" id="SPLICE_c2-1c-0-4bd39d" name="SH203" location="NODE-14401" compType="NODE" symbolName="NODE" symbolCharacteristic="" rotation="270.000000">
		<AppRef name="E3.Series" version="2.14.0.0" guid="af0f9ecf-37fc-4a5c-9e72-3ee1b1dd4d7b"/>
		<Property id="PROPERTY_2006" name="DESCRIPTION" value="NODE"/>
		<Property id="PROPERTY_2007" name="HRN_FAMILY" value="14401"/>
		<Property id="PROPERTY_2008" name="COMP_TYPE" value="NODE"/>
		<Property id="PROPERTY_2009" name="SUB_PROJECT" value="HRN-14401"/>
		<Property id="PROPERTY_2010" name="DEVICE_NAME" value="SH203:NODE-14401:"/>
		<Property id="PROPERTY_2011" name="EXCLUDE_FROM_BOM" value="1"/>
		<BranchPosition id="BR_POS_161" branchId="BRANCH_c2-4e-0-4c0e70" branchNodeId="BN_23072-176" offset="0"/>
		<DeviceItem xsi:type="Pin" id="PIN_c2-1e-0-4bdb24" signalId="SIGNAL_6b-36-0-2702b2" name="1">
			<AppRef name="E3.Series" version="2.14.0.0" guid="8b812911-c4ac-4a28-a751-2801716096ba"/>
		</DeviceItem>
	</HarnessItem>
	<HarnessItem xsi:type="Splice" id="SPLICE_c2-1c-0-4bd3b6" name="TK611" location="NODE-14401" compType="NODE" symbolName="NODE" symbolCharacteristic="" rotation="0.000000">
		<AppRef name="E3.Series" version="2.14.0.0" guid="91a1d9fd-3530-46b1-82df-9a846c0f4b06"/>
		<Property id="PROPERTY_2012" name="DESCRIPTION" value="NODE"/>
		<Property id="PROPERTY_2013" name="HRN_FAMILY" value="14401"/>
		<Property id="PROPERTY_2014" name="COMP_TYPE" value="NODE"/>
		<Property id="PROPERTY_2015" name="SUB_PROJECT" value="HRN-14401"/>
		<Property id="PROPERTY_2016" name="DEVICE_NAME" value="TK611:NODE-14401:"/>
		<Property id="PROPERTY_2017" name="EXCLUDE_FROM_BOM" value="1"/>
		<BranchPosition id="BR_POS_162" branchId="BRANCH_c2-4e-0-4c0e16" branchNodeId="BN_8071_9-150_058" offset="0"/>
		<DeviceItem xsi:type="Pin" id="PIN_c2-1e-0-4bdb26" signalId="SIGNAL_6b-36-0-2702b2" name="1">
			<AppRef name="E3.Series" version="2.14.0.0" guid="2fd3dab4-10f5-4681-b3a0-1b906c2f9385"/>
		</DeviceItem>
	</HarnessItem>
	<HarnessItem xsi:type="Splice" id="SPLICE_c2-1c-0-4bd3ce" name="RT310" location="NODE-14401" compType="NODE" symbolName="NODE" symbolCharacteristic="" rotation="0.000000">
		<AppRef name="E3.Series" version="2.14.0.0" guid="e609f875-a84f-429a-8629-3394e71fb35d"/>
		<Property id="PROPERTY_2018" name="DESCRIPTION" value="NODE"/>
		<Property id="PROPERTY_2019" name="HRN_FAMILY" value="14401"/>
		<Property id="PROPERTY_2020" name="COMP_TYPE" value="NODE"/>
		<Property id="PROPERTY_2021" name="SUB_PROJECT" value="HRN-14401"/>
		<Property id="PROPERTY_2022" name="DEVICE_NAME" value="RT310:NODE-14401:"/>
		<Property id="PROPERTY_2023" name="EXCLUDE_FROM_BOM" value="1"/>
		<BranchPosition id="BR_POS_163" branchId="BRANCH_35-4e-0-3ba598" branchNodeId="BN_11744-320" offset="0"/>
		<DeviceItem xsi:type="Pin" id="PIN_c2-1e-0-4bdb28" signalId="SIGNAL_6b-36-0-2702b2" name="1">
			<AppRef name="E3.Series" version="2.14.0.0" guid="3bd81a38-4440-4029-9722-c84a0b8ed9ef"/>
		</DeviceItem>
	</HarnessItem>
	<HarnessItem xsi:type="Splice" id="SPLICE_c2-1c-0-4bd3e6" name="S2BX07-B" location="NODE-14401" compType="NODE" symbolName="NODE" symbolCharacteristic="" rotation="0.000000">
		<AppRef name="E3.Series" version="2.14.0.0" guid="720c74a2-79dd-4272-af0d-80c4139561bd"/>
		<Property id="PROPERTY_2024" name="DESCRIPTION" value="NODE"/>
		<Property id="PROPERTY_2025" name="HRN_FAMILY" value="14401"/>
		<Property id="PROPERTY_2026" name="COMP_TYPE" value="NODE"/>
		<Property id="PROPERTY_2027" name="SUB_PROJECT" value="HRN-14401"/>
		<Property id="PROPERTY_2028" name="DEVICE_NAME" value="S2BX07-B:NODE-14401:"/>
		<Property id="PROPERTY_2029" name="EXCLUDE_FROM_BOM" value="1"/>
		<BranchPosition id="BR_POS_164" branchId="BRANCH_c2-4e-0-4c0e87" branchNodeId="BN_22968-288" offset="0"/>
		<DeviceItem xsi:type="Pin" id="PIN_c2-1e-0-4bdb2a" signalId="SIGNAL_6b-36-0-2702b2" name="1">
			<AppRef name="E3.Series" version="2.14.0.0" guid="e561822d-4b60-4baf-808b-a81d03c8183e"/>
		</DeviceItem>
	</HarnessItem>
	<HarnessItem xsi:type="Splice" id="SPLICE_c2-1c-0-4bd400" name="S2BB38" location="NODE-14401" compType="NODE" symbolName="NODE" symbolCharacteristic="" rotation="0.000000">
		<AppRef name="E3.Series" version="2.14.0.0" guid="2d058fbb-7247-4852-be42-938a1b7b827d"/>
		<Property id="PROPERTY_2030" name="DESCRIPTION" value="NODE"/>
		<Property id="PROPERTY_2031" name="HRN_FAMILY" value="14401"/>
		<Property id="PROPERTY_2032" name="COMP_TYPE" value="NODE"/>
		<Property id="PROPERTY_2033" name="SUB_PROJECT" value="HRN-14401"/>
		<Property id="PROPERTY_2034" name="DEVICE_NAME" value="S2BB38:NODE-14401:"/>
		<Property id="PROPERTY_2035" name="EXCLUDE_FROM_BOM" value="1"/>
		<BranchPosition id="BR_POS_165" branchId="BRANCH_c2-4e-0-4c0ff9" branchNodeId="BN_16228-368" offset="0"/>
		<DeviceItem xsi:type="Pin" id="PIN_c2-1e-0-4bdb33" signalId="SIGNAL_6b-36-0-2702b2" name="1">
			<AppRef name="E3.Series" version="2.14.0.0" guid="717927d1-58b7-4a1f-bcd7-4791ede41fe0"/>
		</DeviceItem>
	</HarnessItem>
	<HarnessItem xsi:type="Splice" id="SPLICE_c2-1c-0-4bd518" name="N-SH-1" location="NODE-14401" compType="NODE" symbolName="NODE" symbolCharacteristic="" rotation="0.000000">
		<AppRef name="E3.Series" version="2.14.0.0" guid="d739a528-93b1-432b-b072-bb2425328598"/>
		<Property id="PROPERTY_2036" name="DESCRIPTION" value="NODE"/>
		<Property id="PROPERTY_2037" name="HRN_FAMILY" value="14401"/>
		<Property id="PROPERTY_2038" name="COMP_TYPE" value="NODE"/>
		<Property id="PROPERTY_2039" name="SUB_PROJECT" value="HRN-14401"/>
		<Property id="PROPERTY_2040" name="DEVICE_NAME" value="N-SH-1:NODE-14401:"/>
		<Property id="PROPERTY_2041" name="EXCLUDE_FROM_BOM" value="1"/>
		<BranchPosition id="BR_POS_166" branchId="BRANCH_c2-4e-0-4c10cb" branchNodeId="BN_21184-384" offset="0"/>
		<DeviceItem xsi:type="Pin" id="PIN_c2-1e-0-4bdb39" signalId="SIGNAL_6b-36-0-2702b2" name="1">
			<AppRef name="E3.Series" version="2.14.0.0" guid="1c74fbfc-d6ae-4aad-8d34-8f71b855b609"/>
		</DeviceItem>
	</HarnessItem>
	<HarnessItem xsi:type="Splice" id="SPLICE_c2-1c-0-4bd51f" name="N-SH-2" location="NODE-14401" compType="NODE" symbolName="NODE" symbolCharacteristic="" rotation="0.000000">
		<AppRef name="E3.Series" version="2.14.0.0" guid="0cfc3d82-505b-4261-8f26-e2c41e0e746d"/>
		<Property id="PROPERTY_2042" name="DESCRIPTION" value="NODE"/>
		<Property id="PROPERTY_2043" name="HRN_FAMILY" value="14401"/>
		<Property id="PROPERTY_2044" name="COMP_TYPE" value="NODE"/>
		<Property id="PROPERTY_2045" name="SUB_PROJECT" value="HRN-14401"/>
		<Property id="PROPERTY_2046" name="DEVICE_NAME" value="N-SH-2:NODE-14401:"/>
		<Property id="PROPERTY_2047" name="EXCLUDE_FROM_BOM" value="1"/>
		<BranchPosition id="BR_POS_167" branchId="BRANCH_c2-4e-0-4c106f" branchNodeId="BN_21232-312" offset="0"/>
		<DeviceItem xsi:type="Pin" id="PIN_c2-1e-0-4bdb3b" signalId="SIGNAL_6b-36-0-2702b2" name="1">
			<AppRef name="E3.Series" version="2.14.0.0" guid="ea5b9ed2-a190-4fe0-86b6-6350aa73067e"/>
		</DeviceItem>
	</HarnessItem>
	<HarnessItem xsi:type="Splice" id="SPLICE_c2-1c-0-4bd57b" name="RT469" location="NODE-14401" compType="NODE" symbolName="NODE" symbolCharacteristic="" rotation="0.000000">
		<AppRef name="E3.Series" version="2.14.0.0" guid="13b532f2-1d9d-40fd-9383-d0655d2556cf"/>
		<Property id="PROPERTY_2048" name="DESCRIPTION" value="NODE"/>
		<Property id="PROPERTY_2049" name="HRN_FAMILY" value="14401"/>
		<Property id="PROPERTY_2050" name="COMP_TYPE" value="NODE"/>
		<Property id="PROPERTY_2051" name="SUB_PROJECT" value="HRN-14401"/>
		<Property id="PROPERTY_2052" name="DEVICE_NAME" value="RT469:NODE-14401:"/>
		<Property id="PROPERTY_2053" name="EXCLUDE_FROM_BOM" value="1"/>
		<BranchPosition id="BR_POS_168" branchId="BRANCH_c2-4e-0-4c0f85" branchNodeId="BN_7839_9-350_058" offset="0"/>
		<DeviceItem xsi:type="Pin" id="PIN_c2-1e-0-4bdb3d" signalId="SIGNAL_6b-36-0-2702b2" name="1">
			<AppRef name="E3.Series" version="2.14.0.0" guid="841b0c79-cd18-4991-b495-3b49ec5a0691"/>
		</DeviceItem>
	</HarnessItem>
	<HarnessItem xsi:type="Splice" id="SPLICE_c2-1c-0-4bd693" name="RT460" location="NODE-14401" compType="NODE" symbolName="NODE" symbolCharacteristic="" rotation="0.000000">
		<AppRef name="E3.Series" version="2.14.0.0" guid="c42590d1-7bc6-4aec-8139-03cca75b52bb"/>
		<Property id="PROPERTY_2054" name="DESCRIPTION" value="NODE"/>
		<Property id="PROPERTY_2055" name="HRN_FAMILY" value="14401"/>
		<Property id="PROPERTY_2056" name="COMP_TYPE" value="NODE"/>
		<Property id="PROPERTY_2057" name="SUB_PROJECT" value="HRN-14401"/>
		<Property id="PROPERTY_2058" name="DEVICE_NAME" value="RT460:NODE-14401:"/>
		<Property id="PROPERTY_2059" name="EXCLUDE_FROM_BOM" value="1"/>
		<BranchPosition id="BR_POS_169" branchId="BRANCH_c2-4e-0-4c0db1" branchNodeId="BN_4632-294" offset="0"/>
		<DeviceItem xsi:type="Pin" id="PIN_c2-1e-0-4bdb3f" signalId="SIGNAL_6b-36-0-2702b2" name="1">
			<AppRef name="E3.Series" version="2.14.0.0" guid="b23cf464-bba7-49af-b3d7-6b7421c0214f"/>
		</DeviceItem>
	</HarnessItem>
	<HarnessItem xsi:type="Splice" id="SPLICE_c2-1c-0-4bd0d3" name="N370" location="NODE-14401" compType="NODE" symbolName="NODE" symbolCharacteristic="" rotation="0.000000">
		<AppRef name="E3.Series" version="2.14.0.0" guid="1f00f807-7458-4aa7-9731-04210abff55a"/>
		<Property id="PROPERTY_1976" name="DESCRIPTION" value="NODE"/>
		<Property id="PROPERTY_1977" name="HRN_FAMILY" value="14401"/>
		<Property id="PROPERTY_1978" name="COMP_TYPE" value="NODE"/>
		<Property id="PROPERTY_1979" name="SUB_PROJECT" value="HRN-14401"/>
		<Property id="PROPERTY_1980" name="DEVICE_NAME" value="N370:NODE-14401:"/>
		<Property id="PROPERTY_1981" name="EXCLUDE_FROM_BOM" value="1"/>
		<BranchPosition id="BR_POS_156" branchId="BRANCH_22-4e-0-2caf4b6" branchNodeId="BN_11056-272" offset="0"/>
		<DeviceItem xsi:type="Pin" id="PIN_c2-1e-0-4bdb1a" signalId="SIGNAL_6b-36-0-2702b2" name="1">
			<AppRef name="E3.Series" version="2.14.0.0" guid="adf8dfef-5038-4e2f-b139-9e288687141e"/>
		</DeviceItem>
	</HarnessItem>
	<HarnessItem xsi:type="Splice" id="SPLICE_c2-1c-0-4bd081" name="TK176" compType="NODE" symbolName="NODE" symbolCharacteristic="" rotation="0.000000">
		<AppRef name="E3.Series" version="2.14.0.0" guid="aa0792b4-d895-4eda-b769-4c7b4730bd2c"/>
		<Property id="PROPERTY_1970" name="DESCRIPTION" value="NODE"/>
		<Property id="PROPERTY_1971" name="HRN_FAMILY" value="14401"/>
		<Property id="PROPERTY_1972" name="COMP_TYPE" value="NODE"/>
		<Property id="PROPERTY_1973" name="SUB_PROJECT" value="HRN-14401"/>
		<Property id="PROPERTY_1974" name="DEVICE_NAME" value="TK176::"/>
		<Property id="PROPERTY_1975" name="EXCLUDE_FROM_BOM" value="1"/>
		<BranchPosition id="BR_POS_155" branchId="BRANCH_c2-4e-0-4c0e6d" branchNodeId="BN_23112-64" offset="0"/>
		<DeviceItem xsi:type="Pin" id="PIN_c2-1e-0-4bdb18" signalId="SIGNAL_EMPTY" name="1">
			<AppRef name="E3.Series" version="2.14.0.0" guid="8a9b9f72-a394-4b8f-9c0a-6007ec037572"/>
		</DeviceItem>
	</HarnessItem>
	<HarnessItem xsi:type="Splice" id="SPLICE_c2-1c-0-4bd06a" name="S2DB50-DM" location="NODE-14401" compType="NODE" symbolName="NODE" symbolCharacteristic="" rotation="0.000000">
		<AppRef name="E3.Series" version="2.14.0.0" guid="8ce67526-36fc-4a27-8eff-c3a58a5fa615"/>
		<Property id="PROPERTY_1964" name="DESCRIPTION" value="NODE"/>
		<Property id="PROPERTY_1965" name="HRN_FAMILY" value="14401"/>
		<Property id="PROPERTY_1966" name="COMP_TYPE" value="NODE"/>
		<Property id="PROPERTY_1967" name="SUB_PROJECT" value="HRN-14401"/>
		<Property id="PROPERTY_1968" name="DEVICE_NAME" value="S2DB50-DM:NODE-14401:"/>
		<Property id="PROPERTY_1969" name="EXCLUDE_FROM_BOM" value="1"/>
		<BranchPosition id="BR_POS_154" branchId="BRANCH_c2-4e-0-4c0d24" branchNodeId="BN_6966_25-182_156" offset="0"/>
		<DeviceItem xsi:type="Pin" id="PIN_c2-1e-0-4bdb16" signalId="SIGNAL_EMPTY" name="1">
			<AppRef name="E3.Series" version="2.14.0.0" guid="2b23e405-f84f-4085-aadc-d929709d0fb3"/>
		</DeviceItem>
	</HarnessItem>
	<HarnessItem xsi:type="Splice" id="SPLICE_c2-1c-0-4bd063" name="S2DB49-DM" location="NODE-14401" compType="NODE" symbolName="NODE" symbolCharacteristic="" rotation="0.000000">
		<AppRef name="E3.Series" version="2.14.0.0" guid="134e30b4-8a2c-4d67-9717-31590022f207"/>
		<Property id="PROPERTY_1958" name="DESCRIPTION" value="NODE"/>
		<Property id="PROPERTY_1959" name="HRN_FAMILY" value="14401"/>
		<Property id="PROPERTY_1960" name="COMP_TYPE" value="NODE"/>
		<Property id="PROPERTY_1961" name="SUB_PROJECT" value="HRN-14401"/>
		<Property id="PROPERTY_1962" name="DEVICE_NAME" value="S2DB49-DM:NODE-14401:"/>
		<Property id="PROPERTY_1963" name="EXCLUDE_FROM_BOM" value="1"/>
		<BranchPosition id="BR_POS_153" branchId="BRANCH_35-4e-0-2efaf8" branchNodeId="BN_6910_25-206_156" offset="0"/>
		<DeviceItem xsi:type="Pin" id="PIN_c2-1e-0-4bdb14" signalId="SIGNAL_EMPTY" name="1">
			<AppRef name="E3.Series" version="2.14.0.0" guid="4f59b32f-4ea7-4ac1-8e1e-5c2785aedda9"/>
		</DeviceItem>
	</HarnessItem>
	<HarnessItem xsi:type="Splice" id="SPLICE_c2-1c-0-4bcfd1" name="N172" compType="NODE" symbolName="NODE" symbolCharacteristic="" rotation="0.000000">
		<AppRef name="E3.Series" version="2.14.0.0" guid="d4405dd4-624e-4726-b60e-c6e5398481b2"/>
		<Property id="PROPERTY_1952" name="DESCRIPTION" value="NODE"/>
		<Property id="PROPERTY_1953" name="HRN_FAMILY" value="14401"/>
		<Property id="PROPERTY_1954" name="COMP_TYPE" value="NODE"/>
		<Property id="PROPERTY_1955" name="SUB_PROJECT" value="HRN-14401"/>
		<Property id="PROPERTY_1956" name="DEVICE_NAME" value="N172::"/>
		<Property id="PROPERTY_1957" name="EXCLUDE_FROM_BOM" value="1"/>
		<BranchPosition id="BR_POS_152" branchId="BRANCH_34-4e-0-8895a2" branchNodeId="BN_21152-224" offset="0"/>
		<DeviceItem xsi:type="Pin" id="PIN_c2-1e-0-4bdb08" signalId="SIGNAL_EMPTY" name="1">
			<AppRef name="E3.Series" version="2.14.0.0" guid="fcdece82-c801-4914-99da-e92617451184"/>
		</DeviceItem>
	</HarnessItem>
	<HarnessItem xsi:type="Splice" id="SPLICE_c2-1c-0-4bcfb9" name="S2YA10-BK" location="NODE-14401" compType="NODE" symbolName="NODE" symbolCharacteristic="" rotation="0.000000">
		<AppRef name="E3.Series" version="2.14.0.0" guid="de5aeba8-16af-45e1-91aa-b3a53a345835"/>
		<Property id="PROPERTY_1946" name="DESCRIPTION" value="NODE"/>
		<Property id="PROPERTY_1947" name="HRN_FAMILY" value="14401"/>
		<Property id="PROPERTY_1948" name="COMP_TYPE" value="NODE"/>
		<Property id="PROPERTY_1949" name="SUB_PROJECT" value="HRN-14401"/>
		<Property id="PROPERTY_1950" name="DEVICE_NAME" value="S2YA10-BK:NODE-14401:"/>
		<Property id="PROPERTY_1951" name="EXCLUDE_FROM_BOM" value="1"/>
		<BranchPosition id="BR_POS_151" branchId="BRANCH_c2-4e-0-4c0d46" branchNodeId="BN_17176-352" offset="0"/>
		<DeviceItem xsi:type="Pin" id="PIN_c2-1e-0-4bdb01" signalId="SIGNAL_EMPTY" name="1">
			<AppRef name="E3.Series" version="2.14.0.0" guid="d8a2b3a5-97df-4134-b510-08575a509c9d"/>
		</DeviceItem>
	</HarnessItem>
	<HarnessItem xsi:type="Splice" id="SPLICE_c2-1c-0-4bcef4" name="SN201" location="NODE-14401" compType="NODE" symbolName="NODE" symbolCharacteristic="" rotation="0.000000">
		<AppRef name="E3.Series" version="2.14.0.0" guid="651f187b-ebbc-4364-bc17-98fac9ad9796"/>
		<Property id="PROPERTY_1940" name="DESCRIPTION" value="NODE"/>
		<Property id="PROPERTY_1941" name="HRN_FAMILY" value="14401"/>
		<Property id="PROPERTY_1942" name="COMP_TYPE" value="NODE"/>
		<Property id="PROPERTY_1943" name="SUB_PROJECT" value="HRN-14401"/>
		<Property id="PROPERTY_1944" name="DEVICE_NAME" value="SN201:NODE-14401:"/>
		<Property id="PROPERTY_1945" name="EXCLUDE_FROM_BOM" value="1"/>
		<BranchPosition id="BR_POS_150" branchId="BRANCH_c2-4e-0-4c1055" branchNodeId="BN_6646_25-206_156" offset="0"/>
		<DeviceItem xsi:type="Pin" id="PIN_c2-1e-0-4bdaff" signalId="SIGNAL_6b-36-0-2702b2" name="1">
			<AppRef name="E3.Series" version="2.14.0.0" guid="2581ffe6-38bd-4452-8217-865596f0afe9"/>
		</DeviceItem>
	</HarnessItem>
	<HarnessItem xsi:type="Splice" id="SPLICE_c2-1c-0-4bcdff" name="S2LN04-B" location="NODE-14401" compType="NODE" symbolName="NODE" symbolCharacteristic="" rotation="0.000000">
		<AppRef name="E3.Series" version="2.14.0.0" guid="04ebf3e2-8421-4c35-8225-bdeeb50b31f7"/>
		<Property id="PROPERTY_1934" name="DESCRIPTION" value="NODE"/>
		<Property id="PROPERTY_1935" name="HRN_FAMILY" value="14401"/>
		<Property id="PROPERTY_1936" name="COMP_TYPE" value="NODE"/>
		<Property id="PROPERTY_1937" name="SUB_PROJECT" value="HRN-14401"/>
		<Property id="PROPERTY_1938" name="DEVICE_NAME" value="S2LN04-B:NODE-14401:"/>
		<Property id="PROPERTY_1939" name="EXCLUDE_FROM_BOM" value="1"/>
		<BranchPosition id="BR_POS_149" branchId="BRANCH_c2-4e-0-4c0fc5" branchNodeId="BN_6734_25-182_156" offset="0"/>
		<DeviceItem xsi:type="Pin" id="PIN_c2-1e-0-4bdafd" signalId="SIGNAL_6b-36-0-2702b2" name="1">
			<AppRef name="E3.Series" version="2.14.0.0" guid="337827a9-5e22-43b5-899f-4ed267af4284"/>
		</DeviceItem>
	</HarnessItem>
	<HarnessItem xsi:type="Splice" id="SPLICE_c2-1c-0-4bcdef" name="TK605" location="NODE-14401" compType="NODE" symbolName="NODE" symbolCharacteristic="" rotation="0.000000">
		<AppRef name="E3.Series" version="2.14.0.0" guid="440e56df-56d5-40f0-a8e1-fc4dfffdb3da"/>
		<Property id="PROPERTY_1928" name="DESCRIPTION" value="NODE"/>
		<Property id="PROPERTY_1929" name="HRN_FAMILY" value="14401"/>
		<Property id="PROPERTY_1930" name="COMP_TYPE" value="NODE"/>
		<Property id="PROPERTY_1931" name="SUB_PROJECT" value="HRN-14401"/>
		<Property id="PROPERTY_1932" name="DEVICE_NAME" value="TK605:NODE-14401:"/>
		<Property id="PROPERTY_1933" name="EXCLUDE_FROM_BOM" value="1"/>
		<BranchPosition id="BR_POS_148" branchId="BRANCH_c2-4e-0-4c1020" branchNodeId="BN_2311_9-390_058" offset="0"/>
		<DeviceItem xsi:type="Pin" id="PIN_c2-1e-0-4bdaf6" signalId="SIGNAL_6b-36-0-2702b2" name="1">
			<AppRef name="E3.Series" version="2.14.0.0" guid="3e399ddd-205c-49c7-8a55-219d78fa2cd4"/>
		</DeviceItem>
	</HarnessItem>
	<HarnessItem xsi:type="Splice" id="SPLICE_c2-1c-0-4bcde8" name="TK604" location="NODE-14401" compType="NODE" symbolName="NODE" symbolCharacteristic="" rotation="0.000000">
		<AppRef name="E3.Series" version="2.14.0.0" guid="a3e383a4-1933-4b71-a7e3-3bb15e93659e"/>
		<Property id="PROPERTY_1922" name="DESCRIPTION" value="NODE"/>
		<Property id="PROPERTY_1923" name="HRN_FAMILY" value="14401"/>
		<Property id="PROPERTY_1924" name="COMP_TYPE" value="NODE"/>
		<Property id="PROPERTY_1925" name="SUB_PROJECT" value="HRN-14401"/>
		<Property id="PROPERTY_1926" name="DEVICE_NAME" value="TK604:NODE-14401:"/>
		<Property id="PROPERTY_1927" name="EXCLUDE_FROM_BOM" value="1"/>
		<BranchPosition id="BR_POS_147" branchId="BRANCH_c2-4e-0-4c0cf5" branchNodeId="BN_6610_25-134_156" offset="0"/>
		<DeviceItem xsi:type="Pin" id="PIN_c2-1e-0-4bdaf4" signalId="SIGNAL_6b-36-0-2702b2" name="1">
			<AppRef name="E3.Series" version="2.14.0.0" guid="789d5db0-9206-41d2-a1f9-806009cf225f"/>
		</DeviceItem>
	</HarnessItem>
	<HarnessItem xsi:type="Splice" id="SPLICE_c2-1c-0-4bcde1" name="N2LN84" location="NODE-14401" compType="NODE" symbolName="NODE" symbolCharacteristic="" rotation="0.000000">
		<AppRef name="E3.Series" version="2.14.0.0" guid="e2a3a6ba-c556-477d-bb14-aa089a9c3eae"/>
		<Property id="PROPERTY_1916" name="DESCRIPTION" value="NODE"/>
		<Property id="PROPERTY_1917" name="HRN_FAMILY" value="14401"/>
		<Property id="PROPERTY_1918" name="COMP_TYPE" value="NODE"/>
		<Property id="PROPERTY_1919" name="SUB_PROJECT" value="HRN-14401"/>
		<Property id="PROPERTY_1920" name="DEVICE_NAME" value="N2LN84:NODE-14401:"/>
		<Property id="PROPERTY_1921" name="EXCLUDE_FROM_BOM" value="1"/>
		<BranchPosition id="BR_POS_146" branchId="BRANCH_c2-4e-0-4c10d5" branchNodeId="BN_6350_25-262_156" offset="0"/>
		<DeviceItem xsi:type="Pin" id="PIN_c2-1e-0-4bdaf2" signalId="SIGNAL_EMPTY" name="1">
			<AppRef name="E3.Series" version="2.14.0.0" guid="4eebf02a-3307-4bd6-a294-797ec5529faf"/>
		</DeviceItem>
	</HarnessItem>
	<HarnessItem xsi:type="Splice" id="SPLICE_c2-1c-0-4bcdda" name="N2R139" location="NODE-14401" compType="NODE" symbolName="NODE" symbolCharacteristic="" rotation="0.000000">
		<AppRef name="E3.Series" version="2.14.0.0" guid="f877f129-668b-47ab-937e-6a8e38659f15"/>
		<Property id="PROPERTY_1910" name="DESCRIPTION" value="NODE"/>
		<Property id="PROPERTY_1911" name="HRN_FAMILY" value="14401"/>
		<Property id="PROPERTY_1912" name="COMP_TYPE" value="NODE"/>
		<Property id="PROPERTY_1913" name="SUB_PROJECT" value="HRN-14401"/>
		<Property id="PROPERTY_1914" name="DEVICE_NAME" value="N2R139:NODE-14401:"/>
		<Property id="PROPERTY_1915" name="EXCLUDE_FROM_BOM" value="1"/>
		<BranchPosition id="BR_POS_145" branchId="BRANCH_c2-4e-0-4c10d0" branchNodeId="BN_6239_9-214_058" offset="0"/>
		<DeviceItem xsi:type="Pin" id="PIN_c2-1e-0-4bdaf0" signalId="SIGNAL_6b-36-0-2702b2" name="1">
			<AppRef name="E3.Series" version="2.14.0.0" guid="d455519f-3889-453a-a38a-1835cdbc3b02"/>
		</DeviceItem>
	</HarnessItem>
	<HarnessItem xsi:type="Splice" id="SPLICE_c2-1c-0-4bcbc5" name="RT265" location="NODE-14401" compType="NODE" symbolName="NODE" symbolCharacteristic="" rotation="90.000000">
		<AppRef name="E3.Series" version="2.14.0.0" guid="0ad987ea-a514-4559-b7a8-c85bb6fc35dd"/>
		<Property id="PROPERTY_1904" name="DESCRIPTION" value="NODE"/>
		<Property id="PROPERTY_1905" name="HRN_FAMILY" value="14401"/>
		<Property id="PROPERTY_1906" name="COMP_TYPE" value="NODE"/>
		<Property id="PROPERTY_1907" name="SUB_PROJECT" value="HRN-14401"/>
		<Property id="PROPERTY_1908" name="DEVICE_NAME" value="RT265:NODE-14401:"/>
		<Property id="PROPERTY_1909" name="EXCLUDE_FROM_BOM" value="1"/>
		<BranchPosition id="BR_POS_144" branchId="BRANCH_c2-4e-0-4c1093" branchNodeId="BN_7202_25-62_156" offset="0"/>
		<DeviceItem xsi:type="Pin" id="PIN_c2-1e-0-4bdaec" signalId="SIGNAL_6b-36-0-2702b2" name="1">
			<AppRef name="E3.Series" version="2.14.0.0" guid="63bcc8c8-52a0-4743-bf09-55327762f635"/>
		</DeviceItem>
	</HarnessItem>
	<HarnessItem xsi:type="Splice" id="SPLICE_c2-1c-0-4bcbbe" name="N543" location="NODE-14401" compType="NODE" symbolName="NODE" symbolCharacteristic="" rotation="0.000000">
		<AppRef name="E3.Series" version="2.14.0.0" guid="b02512f1-92e6-442d-9b5c-954071be6783"/>
		<Property id="PROPERTY_1898" name="DESCRIPTION" value="NODE"/>
		<Property id="PROPERTY_1899" name="HRN_FAMILY" value="14401"/>
		<Property id="PROPERTY_1900" name="COMP_TYPE" value="NODE"/>
		<Property id="PROPERTY_1901" name="SUB_PROJECT" value="HRN-14401"/>
		<Property id="PROPERTY_1902" name="DEVICE_NAME" value="N543:NODE-14401:"/>
		<Property id="PROPERTY_1903" name="EXCLUDE_FROM_BOM" value="1"/>
		<BranchPosition id="BR_POS_143" branchId="BRANCH_c2-4e-0-4c1090" branchNodeId="BN_7008-104" offset="0"/>
		<DeviceItem xsi:type="Pin" id="PIN_c2-1e-0-4bdaea" signalId="SIGNAL_6b-36-0-2702b2" name="1">
			<AppRef name="E3.Series" version="2.14.0.0" guid="82065507-e97f-48b2-aae9-a51da3747e51"/>
		</DeviceItem>
	</HarnessItem>
	<HarnessItem xsi:type="Splice" id="SPLICE_c2-1c-0-4bcbb7" name="N544" location="NODE-14401" compType="NODE" symbolName="NODE" symbolCharacteristic="" rotation="0.000000">
		<AppRef name="E3.Series" version="2.14.0.0" guid="f555786f-1f94-4836-abbb-9487dffa72dd"/>
		<Property id="PROPERTY_1892" name="DESCRIPTION" value="NODE"/>
		<Property id="PROPERTY_1893" name="HRN_FAMILY" value="14401"/>
		<Property id="PROPERTY_1894" name="COMP_TYPE" value="NODE"/>
		<Property id="PROPERTY_1895" name="SUB_PROJECT" value="HRN-14401"/>
		<Property id="PROPERTY_1896" name="DEVICE_NAME" value="N544:NODE-14401:"/>
		<Property id="PROPERTY_1897" name="EXCLUDE_FROM_BOM" value="1"/>
		<BranchPosition id="BR_POS_142" branchId="BRANCH_c2-4e-0-4c0d88" branchNodeId="BN_7038_25-150_156" offset="0"/>
		<DeviceItem xsi:type="Pin" id="PIN_c2-1e-0-4bdae8" signalId="SIGNAL_6b-36-0-2702b2" name="1">
			<AppRef name="E3.Series" version="2.14.0.0" guid="adec29e4-2186-486f-94b5-eee6216cf05e"/>
		</DeviceItem>
	</HarnessItem>
	<HarnessItem xsi:type="Splice" id="SPLICE_c2-1c-0-4bcbb0" name="N23-SW3" location="NODE-14401" compType="NODE" symbolName="NODE" symbolCharacteristic="" rotation="0.000000">
		<AppRef name="E3.Series" version="2.14.0.0" guid="9dce8c70-e83a-4c34-851f-3d625c0527ba"/>
		<Property id="PROPERTY_1886" name="DESCRIPTION" value="NODE"/>
		<Property id="PROPERTY_1887" name="HRN_FAMILY" value="14401"/>
		<Property id="PROPERTY_1888" name="COMP_TYPE" value="NODE"/>
		<Property id="PROPERTY_1889" name="SUB_PROJECT" value="HRN-14401"/>
		<Property id="PROPERTY_1890" name="DEVICE_NAME" value="N23-SW3:NODE-14401:"/>
		<Property id="PROPERTY_1891" name="EXCLUDE_FROM_BOM" value="1"/>
		<BranchPosition id="BR_POS_141" branchId="BRANCH_c2-4e-0-4c1083" branchNodeId="BN_21248-192" offset="0"/>
		<DeviceItem xsi:type="Pin" id="PIN_c2-1e-0-4bdae6" signalId="SIGNAL_6b-36-0-2702b2" name="1">
			<AppRef name="E3.Series" version="2.14.0.0" guid="9284909b-9b0c-48c5-aacb-150a82bb2cf1"/>
		</DeviceItem>
	</HarnessItem>
	<HarnessItem xsi:type="Splice" id="SPLICE_c2-1c-0-4bcba9" name="TK608" location="NODE-14401" compType="NODE" symbolName="NODE" symbolCharacteristic="" rotation="0.000000">
		<AppRef name="E3.Series" version="2.14.0.0" guid="45bf1971-758e-495c-8d27-0943e7820b5e"/>
		<Property id="PROPERTY_1880" name="DESCRIPTION" value="NODE"/>
		<Property id="PROPERTY_1881" name="HRN_FAMILY" value="14401"/>
		<Property id="PROPERTY_1882" name="COMP_TYPE" value="NODE"/>
		<Property id="PROPERTY_1883" name="SUB_PROJECT" value="HRN-14401"/>
		<Property id="PROPERTY_1884" name="DEVICE_NAME" value="TK608:NODE-14401:"/>
		<Property id="PROPERTY_1885" name="EXCLUDE_FROM_BOM" value="1"/>
		<BranchPosition id="BR_POS_140" branchId="BRANCH_c2-4e-0-4c106f" branchNodeId="BN_21216-264" offset="0"/>
		<DeviceItem xsi:type="Pin" id="PIN_c2-1e-0-4bdae4" signalId="SIGNAL_6b-36-0-2702b2" name="1">
			<AppRef name="E3.Series" version="2.14.0.0" guid="6aa43a97-5d0f-461d-a444-f2941cba10a8"/>
		</DeviceItem>
	</HarnessItem>
	<HarnessItem xsi:type="Splice" id="SPLICE_c2-1c-0-4bcba2" name="N2D214" location="NODE-14401" compType="NODE" symbolName="NODE" symbolCharacteristic="" rotation="270.000000">
		<AppRef name="E3.Series" version="2.14.0.0" guid="2c79f10f-3d2d-4b5b-9084-f208980f9150"/>
		<Property id="PROPERTY_1874" name="DESCRIPTION" value="NODE"/>
		<Property id="PROPERTY_1875" name="HRN_FAMILY" value="14401"/>
		<Property id="PROPERTY_1876" name="COMP_TYPE" value="NODE"/>
		<Property id="PROPERTY_1877" name="SUB_PROJECT" value="HRN-14401"/>
		<Property id="PROPERTY_1878" name="DEVICE_NAME" value="N2D214:NODE-14401:"/>
		<Property id="PROPERTY_1879" name="EXCLUDE_FROM_BOM" value="1"/>
		<BranchPosition id="BR_POS_139" branchId="BRANCH_c2-4e-0-4c105f" branchNodeId="BN_6495_9-222_058" offset="0"/>
		<DeviceItem xsi:type="Pin" id="PIN_c2-1e-0-4bdae2" signalId="SIGNAL_6b-36-0-2702b2" name="1">
			<AppRef name="E3.Series" version="2.14.0.0" guid="172f866a-6a8c-49e8-8e98-9f1db9b2163f"/>
		</DeviceItem>
	</HarnessItem>
	<HarnessItem xsi:type="Splice" id="SPLICE_c2-1c-0-4bcb9b" name="RT541" location="NODE-14401" compType="NODE" symbolName="NODE" symbolCharacteristic="" rotation="0.000000">
		<AppRef name="E3.Series" version="2.14.0.0" guid="d4aaa88c-75d3-42f6-b410-6883d66cdeb6"/>
		<Property id="PROPERTY_1868" name="DESCRIPTION" value="NODE"/>
		<Property id="PROPERTY_1869" name="HRN_FAMILY" value="14401"/>
		<Property id="PROPERTY_1870" name="COMP_TYPE" value="NODE"/>
		<Property id="PROPERTY_1871" name="SUB_PROJECT" value="HRN-14401"/>
		<Property id="PROPERTY_1872" name="DEVICE_NAME" value="RT541:NODE-14401:"/>
		<Property id="PROPERTY_1873" name="EXCLUDE_FROM_BOM" value="1"/>
		<BranchPosition id="BR_POS_138" branchId="BRANCH_c2-4e-0-4c0dc5" branchNodeId="BN_3374_25-374_156" offset="0"/>
		<DeviceItem xsi:type="Pin" id="PIN_c2-1e-0-4bdae0" signalId="SIGNAL_6b-36-0-2702b2" name="1">
			<AppRef name="E3.Series" version="2.14.0.0" guid="e53d4c3c-7d56-455a-988a-20f7890fae3d"/>
		</DeviceItem>
	</HarnessItem>
	<HarnessItem xsi:type="Splice" id="SPLICE_c2-1c-0-4bcb8c" name="TAS738" location="NODE-14401" compType="NODE" symbolName="NODE" symbolCharacteristic="" rotation="0.000000">
		<AppRef name="E3.Series" version="2.14.0.0" guid="b9bc3343-5f64-442e-9090-bae1a9bf1b06"/>
		<Property id="PROPERTY_1862" name="DESCRIPTION" value="NODE"/>
		<Property id="PROPERTY_1863" name="HRN_FAMILY" value="14401"/>
		<Property id="PROPERTY_1864" name="COMP_TYPE" value="NODE"/>
		<Property id="PROPERTY_1865" name="SUB_PROJECT" value="HRN-14401"/>
		<Property id="PROPERTY_1866" name="DEVICE_NAME" value="TAS738:NODE-14401:"/>
		<Property id="PROPERTY_1867" name="EXCLUDE_FROM_BOM" value="1"/>
		<BranchPosition id="BR_POS_137" branchId="BRANCH_c2-4e-0-4c1021" branchNodeId="BN_6678_25-158_156" offset="0"/>
		<DeviceItem xsi:type="Pin" id="PIN_c2-1e-0-4bdade" signalId="SIGNAL_6b-36-0-2702b2" name="1">
			<AppRef name="E3.Series" version="2.14.0.0" guid="1898a80d-f08d-4552-994e-01add177bc23"/>
		</DeviceItem>
	</HarnessItem>
	<HarnessItem xsi:type="Splice" id="SPLICE_c2-1c-0-4bcb85" name="SN100" location="NODE-14401" compType="NODE" symbolName="NODE" symbolCharacteristic="" rotation="0.000000">
		<AppRef name="E3.Series" version="2.14.0.0" guid="f965fe27-681e-4471-9edc-3249bd01c1ee"/>
		<Property id="PROPERTY_1856" name="DESCRIPTION" value="NODE"/>
		<Property id="PROPERTY_1857" name="HRN_FAMILY" value="14401"/>
		<Property id="PROPERTY_1858" name="COMP_TYPE" value="NODE"/>
		<Property id="PROPERTY_1859" name="SUB_PROJECT" value="HRN-14401"/>
		<Property id="PROPERTY_1860" name="DEVICE_NAME" value="SN100:NODE-14401:"/>
		<Property id="PROPERTY_1861" name="EXCLUDE_FROM_BOM" value="1"/>
		<BranchPosition id="BR_POS_136" branchId="BRANCH_c2-4e-0-4c101a" branchNodeId="BN_6814_25-174_156" offset="0"/>
		<DeviceItem xsi:type="Pin" id="PIN_c2-1e-0-4bdadc" signalId="SIGNAL_6b-36-0-2702b2" name="1">
			<AppRef name="E3.Series" version="2.14.0.0" guid="09da3728-3aa2-44de-8f83-aa358775e042"/>
		</DeviceItem>
	</HarnessItem>
	<HarnessItem xsi:type="Splice" id="SPLICE_c2-1c-0-4bcb56" name="N2DC41" location="NODE-14401" compType="NODE" symbolName="NODE" symbolCharacteristic="" rotation="0.000000">
		<AppRef name="E3.Series" version="2.14.0.0" guid="b527d1df-b6d2-4134-83ed-1199a8e503d8"/>
		<Property id="PROPERTY_1850" name="DESCRIPTION" value="NODE"/>
		<Property id="PROPERTY_1851" name="HRN_FAMILY" value="14401"/>
		<Property id="PROPERTY_1852" name="COMP_TYPE" value="NODE"/>
		<Property id="PROPERTY_1853" name="SUB_PROJECT" value="HRN-14401"/>
		<Property id="PROPERTY_1854" name="DEVICE_NAME" value="N2DC41:NODE-14401:"/>
		<Property id="PROPERTY_1855" name="EXCLUDE_FROM_BOM" value="1"/>
		<BranchPosition id="BR_POS_135" branchId="BRANCH_c2-4e-0-4c100f" branchNodeId="BN_12094_25-142_156" offset="0"/>
		<DeviceItem xsi:type="Pin" id="PIN_c2-1e-0-4bdada" signalId="SIGNAL_6b-36-0-2702b2" name="1">
			<AppRef name="E3.Series" version="2.14.0.0" guid="d9b57855-a648-4f45-acca-381816a6e200"/>
		</DeviceItem>
	</HarnessItem>
	<HarnessItem xsi:type="Splice" id="SPLICE_c2-1c-0-4bcb4f" name="RT264" location="NODE-14401" compType="NODE" symbolName="NODE" symbolCharacteristic="" rotation="0.000000">
		<AppRef name="E3.Series" version="2.14.0.0" guid="e93c453f-d5ed-4fbf-9166-f6e03f399085"/>
		<Property id="PROPERTY_1844" name="DESCRIPTION" value="NODE"/>
		<Property id="PROPERTY_1845" name="HRN_FAMILY" value="14401"/>
		<Property id="PROPERTY_1846" name="COMP_TYPE" value="NODE"/>
		<Property id="PROPERTY_1847" name="SUB_PROJECT" value="HRN-14401"/>
		<Property id="PROPERTY_1848" name="DEVICE_NAME" value="RT264:NODE-14401:"/>
		<Property id="PROPERTY_1849" name="EXCLUDE_FROM_BOM" value="1"/>
		<BranchPosition id="BR_POS_134" branchId="BRANCH_c2-4e-0-4c1009" branchNodeId="BN_19976-384" offset="0"/>
		<DeviceItem xsi:type="Pin" id="PIN_c2-1e-0-4bdad8" signalId="SIGNAL_6b-36-0-2702b2" name="1">
			<AppRef name="E3.Series" version="2.14.0.0" guid="8fcf6cd4-ead4-4de9-bb2e-a4be2ce2f3b4"/>
		</DeviceItem>
	</HarnessItem>
	<HarnessItem xsi:type="WireGroup" id="WGRP_2-8-0-764">
		<WiringItem xsi:type="Bundle" id="BUNDLE_a1-6-0-9d200" name="TP_VDB29M" bundleType="twist">
			<AppRef name="E3.Series" version="2.14.5.0" guid="87e61d0d-757b-4a10-98db-fa380757a975"/>
			<WiringItem xsi:type="Wire" id="WIRE_95-c-0-e6a5a" name="VDB29M" signalId="SIGNAL_2-36-0-3fd7" cableType="WIRE-2UKD-0.35" wireName="GN/BU" fromPinId="PIN_13-18-0-2ceb20" toPinId="PIN_1e-18-0-1326e">
				<AppRef name="E3.Series" version="2.13.7.0" guid="6d119cbc-6b0e-4b95-a819-bbb0ae01912b"/>
				<Property id="PROPERTY_12559" name="WIRE_LENGTH" value="1208"/>
				<Property id="PROPERTY_12560" name="WIRE_END2_MATL" value="(SN)"/>
				<Property id="PROPERTY_12561" name="WIRE_LEVEL" value="(P-COL)/AH/AJ/AK/AL/AM/AN/AP/AR/CB/CC/CD/CE/YC/YD/YK/YL/YP/YR/YU/YV/ZC/ZF"/>
				<Property id="PROPERTY_12562" name="WIRE_CSA" value="0.35"/>
				<Property id="PROPERTY_12563" name="WIRE_MIN_BEND_RADIUS" value="3"/>
				<Property id="PROPERTY_12564" name="WIRE_OPTION" value="IEXAB"/>
				<Property id="PROPERTY_12565" name="WIRE_END1_MATL" value="(SN)"/>
				<Property id="PROPERTY_12566" name="WIRE_COLOR" value="GN/BU"/>
				<Property id="PROPERTY_12567" name="WIRE_SPEC" value="2UKD"/>
				<Property id="PROPERTY_12568" name="WIRE_NOTE" value="$12"/>
				<Property id="PROPERTY_12569" name="WIRE_DEV_PIN_1" value="C2DB02-A:9"/>
				<Property id="PROPERTY_12570" name="WIRE_END1_TERM" value="9U5T-14474-DB"/>
				<Property id="PROPERTY_12571" name="WIRE_DEV_PIN_2" value="C23-D1:13"/>
				<Property id="PROPERTY_12572" name="WIRE_NAME" value="VDB29M"/>
				<Property id="PROPERTY_12573" name="WIRE_END_DC" value="2,7C3T-14474-DA,(SN),VA,VDB29P"/>
				<Property id="PROPERTY_12574" name="WIRE_END_DC" value="1,9U5T-14474-EB,(SN),ZA/ZB/ZC,VDB29EVA"/>
				<Property id="PROPERTY_12575" name="WIRE_END2_TERM" value="BU5T-14474-UA"/>
				<Property id="PROPERTY_12576" name="WIRE_SIGNAL" value="VDB29"/>
				<Property id="PROPERTY_12577" name="HRN_FAMILY" value="14401"/>
				<Property id="PROPERTY_12578" name="WIRE_MULTICORE" value="TP_VDB29M"/>
				<Property id="PROPERTY_12579" name="WIRE_FPN" value="WIRE-2UKD-0.35-GN/BU"/>
				<Property id="PROPERTY_12580" name="WIRE_DIA_MAX" value="1.2"/>
				<Option id="OPTION_95-c-0-e6a5a_1" value="IEXAB"/>
				<BranchRoute id="BRR_534">
					<StartBranchPosition id="BR_POS_1331" branchId="BRANCH_c2-4e-0-4c0f19" branchNodeId="BN_19800-232" offset="0"/>
					<PassBranchId>BRANCH_c2-4e-0-4c1088</PassBranchId>
					<PassBranchId>BRANCH_c2-4e-0-4c1083</PassBranchId>
					<PassBranchId>BRANCH_c2-4e-0-4c1087</PassBranchId>
					<PassBranchId>BRANCH_c2-4e-0-4c107e</PassBranchId>
					<EndBranchPosition id="BR_POS_1332" branchId="BRANCH_c2-4e-0-4c0f12" branchNodeId="BN_20144-60" offset="0"/>
				</BranchRoute>
			</WiringItem>
			<WiringItem xsi:type="Wire" id="WIRE_95-c-0-e6a71" name="VDB30M" signalId="SIGNAL_2-36-0-3fd8" cableType="WIRE-2UKD-0.35" wireName="WH/GN" fromPinId="PIN_1e-18-0-1326d" toPinId="PIN_13-18-0-2ceb44">
				<AppRef name="E3.Series" version="2.13.7.0" guid="055b152d-244b-4b9d-892d-181b31645cc3"/>
				<Property id="PROPERTY_12581" name="WIRE_LENGTH" value="1208"/>
				<Property id="PROPERTY_12582" name="WIRE_END2_MATL" value="(SN)"/>
				<Property id="PROPERTY_12583" name="WIRE_LEVEL" value="(P-COL)/AH/AJ/AK/AL/AM/AN/AP/AR/CB/CC/CD/CE/YC/YD/YK/YL/YP/YR/YU/YV/ZC/ZF"/>
				<Property id="PROPERTY_12584" name="WIRE_CSA" value="0.35"/>
				<Property id="PROPERTY_12585" name="WIRE_MIN_BEND_RADIUS" value="3"/>
				<Property id="PROPERTY_12586" name="WIRE_OPTION" value="IEXAB"/>
				<Property id="PROPERTY_12587" name="WIRE_END1_MATL" value="(SN)"/>
				<Property id="PROPERTY_12588" name="WIRE_COLOR" value="WH/GN"/>
				<Property id="PROPERTY_12589" name="WIRE_SPEC" value="2UKD"/>
				<Property id="PROPERTY_12590" name="WIRE_NOTE" value="$12"/>
				<Property id="PROPERTY_12591" name="WIRE_DEV_PIN_1" value="C23-D1:12"/>
				<Property id="PROPERTY_12592" name="WIRE_END1_TERM" value="BU5T-14474-UA"/>
				<Property id="PROPERTY_12593" name="WIRE_DEV_PIN_2" value="C2DB02-A:22"/>
				<Property id="PROPERTY_12594" name="WIRE_NAME" value="VDB30M"/>
				<Property id="PROPERTY_12595" name="WIRE_END_DC" value="1,7C3T-14474-DA,(SN),VA,VDB30P"/>
				<Property id="PROPERTY_12596" name="WIRE_END_DC" value="2,9U5T-14474-EB,(SN),ZA/ZB/ZC,VDB30EVA"/>
				<Property id="PROPERTY_12597" name="WIRE_END2_TERM" value="9U5T-14474-DB"/>
				<Property id="PROPERTY_12598" name="WIRE_SIGNAL" value="VDB30"/>
				<Property id="PROPERTY_12599" name="HRN_FAMILY" value="14401"/>
				<Property id="PROPERTY_12600" name="WIRE_MULTICORE" value="TP_VDB29M"/>
				<Property id="PROPERTY_12601" name="WIRE_FPN" value="WIRE-2UKD-0.35-WH/GN"/>
				<Property id="PROPERTY_12602" name="WIRE_DIA_MAX" value="1.2"/>
				<Option id="OPTION_95-c-0-e6a71_1" value="IEXAB"/>
				<BranchRoute id="BRR_535">
					<StartBranchPosition id="BR_POS_1333" branchId="BRANCH_c2-4e-0-4c0f19" branchNodeId="BN_19800-232" offset="0"/>
					<PassBranchId>BRANCH_c2-4e-0-4c1088</PassBranchId>
					<PassBranchId>BRANCH_c2-4e-0-4c1083</PassBranchId>
					<PassBranchId>BRANCH_c2-4e-0-4c1087</PassBranchId>
					<PassBranchId>BRANCH_c2-4e-0-4c107e</PassBranchId>
					<EndBranchPosition id="BR_POS_1334" branchId="BRANCH_c2-4e-0-4c0f12" branchNodeId="BN_20144-60" offset="0"/>
				</BranchRoute>
			</WiringItem>
		</WiringItem>
		<WiringItem xsi:type="Bundle" id="BUNDLE_6c-6-0-3f0e87" name="TP_VDB25AU" bundleType="twist">
			<AppRef name="E3.Series" version="2.14.5.0" guid="ca35cff5-7d85-499c-8c07-8c8ee47ba901"/>
			<WiringItem xsi:type="Wire" id="WIRE_6a-c-0-d5e01" name="VDB25AU" signalId="SIGNAL_2-36-0-3fd3" cableType="WIRE-2UKD-0.35" wireName="GN/OG" fromPinId="PIN_43-18-0-192e42" toPinId="PIN_43-18-0-32bbef">
				<AppRef name="E3.Series" version="2.13.7.0" guid="b2793c28-87a8-45cc-b9c3-5f019b349022"/>
				<Property id="PROPERTY_11777" name="WIRE_LENGTH" value="1107"/>
				<Property id="PROPERTY_11778" name="WIRE_END2_MATL" value="(SN)"/>
				<Property id="PROPERTY_11779" name="WIRE_CSA" value="0.35"/>
				<Property id="PROPERTY_11780" name="WIRE_MIN_BEND_RADIUS" value="3"/>
				<Property id="PROPERTY_11781" name="WIRE_OPTION" value="GPAAW"/>
				<Property id="PROPERTY_11782" name="WIRE_DEV_PIN_1" value="C23-A1:23"/>
				<Property id="PROPERTY_11783" name="WIRE_COLOR" value="GN/OG"/>
				<Property id="PROPERTY_11784" name="WIRE_SPEC" value="2UKD"/>
				<Property id="PROPERTY_11785" name="WIRE_LEVEL" value="(A-STR)"/>
				<Property id="PROPERTY_11786" name="WIRE_DEV_PIN_2" value="C2R168-A:2"/>
				<Property id="PROPERTY_11787" name="WIRE_NAME" value="VDB25AU"/>
				<Property id="PROPERTY_11788" name="WIRE_END_DC" value="1,9U5T-14474-EB,(SN),(A-STR),VDB25AW"/>
				<Property id="PROPERTY_11789" name="WIRE_END2_TERM" value="*LU5T-14474-AMA"/>
				<Property id="PROPERTY_11790" name="WIRE_SIGNAL" value="VDB25"/>
				<Property id="PROPERTY_11791" name="HRN_FAMILY" value="14401"/>
				<Property id="PROPERTY_11792" name="WIRE_MULTICORE" value="TP_VDB25AU"/>
				<Property id="PROPERTY_11793" name="WIRE_FPN" value="WIRE-2UKD-0.35-GN/OG"/>
				<Property id="PROPERTY_11794" name="WIRE_DIA_MAX" value="1.2"/>
				<Option id="OPTION_6a-c-0-d5e01_1" value="GPAAW"/>
				<BranchRoute id="BRR_490">
					<StartBranchPosition id="BR_POS_1243" branchId="BRANCH_c2-4e-0-4c0dda" branchNodeId="BN_695_9-190_058" offset="0"/>
					<PassBranchId>BRANCH_c2-4e-0-4c0fad</PassBranchId>
					<PassBranchId>BRANCH_c2-4e-0-4c10dd</PassBranchId>
					<PassBranchId>BRANCH_c2-4e-0-4c1020</PassBranchId>
					<PassBranchId>BRANCH_c2-4e-0-4c1021</PassBranchId>
					<PassBranchId>BRANCH_c2-4e-0-4c10e7</PassBranchId>
					<PassBranchId>BRANCH_c2-4e-0-4c0fc5</PassBranchId>
					<PassBranchId>BRANCH_c2-4e-0-4c101a</PassBranchId>
					<PassBranchId>BRANCH_c2-4e-0-4c101d</PassBranchId>
					<PassBranchId>BRANCH_c2-4e-0-4c0d95</PassBranchId>
					<PassBranchId>BRANCH_c2-4e-0-4c10ae</PassBranchId>
					<PassBranchId>BRANCH_c2-4e-0-4c0f9b</PassBranchId>
					<PassBranchId>BRANCH_c2-4e-0-4c0f9e</PassBranchId>
					<PassBranchId>BRANCH_c2-4e-0-4c10b1</PassBranchId>
					<PassBranchId>BRANCH_c2-4e-0-4c0fa1</PassBranchId>
					<PassBranchId>BRANCH_c2-4e-0-4c10b7</PassBranchId>
					<PassBranchId>BRANCH_c2-4e-0-4c10b4</PassBranchId>
					<PassBranchId>BRANCH_c2-4e-0-4c0d9b</PassBranchId>
					<PassBranchId>BRANCH_c2-4e-0-4c0db1</PassBranchId>
					<PassBranchId>BRANCH_c2-4e-0-4c10ad</PassBranchId>
					<PassBranchId>BRANCH_c2-4e-0-4c0e37</PassBranchId>
					<EndBranchPosition id="BR_POS_1244" branchId="BRANCH_c2-4e-0-4c0da8" branchNodeId="BN_4567_9-178_058" offset="0"/>
				</BranchRoute>
			</WiringItem>
			<WiringItem xsi:type="Wire" id="WIRE_6a-c-0-d5d6c" name="VDB26AU" signalId="SIGNAL_2-36-0-3fd4" cableType="WIRE-2UKD-0.35" wireName="GY/BU" fromPinId="PIN_43-18-0-192e46" toPinId="PIN_43-18-0-32bbf7">
				<AppRef name="E3.Series" version="2.13.7.0" guid="09c3bc62-db0c-41e8-b861-7008bddcbe6d"/>
				<Property id="PROPERTY_11795" name="WIRE_LENGTH" value="1107"/>
				<Property id="PROPERTY_11796" name="WIRE_END2_MATL" value="(SN)"/>
				<Property id="PROPERTY_11797" name="WIRE_CSA" value="0.35"/>
				<Property id="PROPERTY_11798" name="WIRE_MIN_BEND_RADIUS" value="3"/>
				<Property id="PROPERTY_11799" name="WIRE_OPTION" value="GPAAW"/>
				<Property id="PROPERTY_11800" name="WIRE_DEV_PIN_1" value="C23-A1:24"/>
				<Property id="PROPERTY_11801" name="WIRE_COLOR" value="GY/BU"/>
				<Property id="PROPERTY_11802" name="WIRE_SPEC" value="2UKD"/>
				<Property id="PROPERTY_11803" name="WIRE_LEVEL" value="(A-STR)"/>
				<Property id="PROPERTY_11804" name="WIRE_DEV_PIN_2" value="C2R168-A:3"/>
				<Property id="PROPERTY_11805" name="WIRE_NAME" value="VDB26AU"/>
				<Property id="PROPERTY_11806" name="WIRE_END_DC" value="1,9U5T-14474-EB,(SN),(A-STR),VDB26AW"/>
				<Property id="PROPERTY_11807" name="WIRE_END2_TERM" value="*LU5T-14474-AMA"/>
				<Property id="PROPERTY_11808" name="WIRE_SIGNAL" value="VDB26"/>
				<Property id="PROPERTY_11809" name="HRN_FAMILY" value="14401"/>
				<Property id="PROPERTY_11810" name="WIRE_MULTICORE" value="TP_VDB25AU"/>
				<Property id="PROPERTY_11811" name="WIRE_FPN" value="WIRE-2UKD-0.35-GY/BU"/>
				<Property id="PROPERTY_11812" name="WIRE_DIA_MAX" value="1.2"/>
				<Option id="OPTION_6a-c-0-d5d6c_1" value="GPAAW"/>
				<BranchRoute id="BRR_491">
					<StartBranchPosition id="BR_POS_1245" branchId="BRANCH_c2-4e-0-4c0dda" branchNodeId="BN_695_9-190_058" offset="0"/>
					<PassBranchId>BRANCH_c2-4e-0-4c0fad</PassBranchId>
					<PassBranchId>BRANCH_c2-4e-0-4c10dd</PassBranchId>
					<PassBranchId>BRANCH_c2-4e-0-4c1020</PassBranchId>
					<PassBranchId>BRANCH_c2-4e-0-4c1021</PassBranchId>
					<PassBranchId>BRANCH_c2-4e-0-4c10e7</PassBranchId>
					<PassBranchId>BRANCH_c2-4e-0-4c0fc5</PassBranchId>
					<PassBranchId>BRANCH_c2-4e-0-4c101a</PassBranchId>
					<PassBranchId>BRANCH_c2-4e-0-4c101d</PassBranchId>
					<PassBranchId>BRANCH_c2-4e-0-4c0d95</PassBranchId>
					<PassBranchId>BRANCH_c2-4e-0-4c10ae</PassBranchId>
					<PassBranchId>BRANCH_c2-4e-0-4c0f9b</PassBranchId>
					<PassBranchId>BRANCH_c2-4e-0-4c0f9e</PassBranchId>
					<PassBranchId>BRANCH_c2-4e-0-4c10b1</PassBranchId>
					<PassBranchId>BRANCH_c2-4e-0-4c0fa1</PassBranchId>
					<PassBranchId>BRANCH_c2-4e-0-4c10b7</PassBranchId>
					<PassBranchId>BRANCH_c2-4e-0-4c10b4</PassBranchId>
					<PassBranchId>BRANCH_c2-4e-0-4c0d9b</PassBranchId>
					<PassBranchId>BRANCH_c2-4e-0-4c0db1</PassBranchId>
					<PassBranchId>BRANCH_c2-4e-0-4c10ad</PassBranchId>
					<PassBranchId>BRANCH_c2-4e-0-4c0e37</PassBranchId>
					<EndBranchPosition id="BR_POS_1246" branchId="BRANCH_c2-4e-0-4c0da8" branchNodeId="BN_4567_9-178_058" offset="0"/>
				</BranchRoute>
			</WiringItem>
		</WiringItem>
		<WiringItem xsi:type="Bundle" id="BUNDLE_10-6-0-3db1a4" name="TP_TA_VDB49XE" bundleType="twist">
			<AppRef name="E3.Series" version="2.14.5.0" guid="89a555ea-ee2b-4a3b-924d-07591d0d2c41"/>
			<WiringItem xsi:type="Wire" id="WIRE_10-c-0-3d9d73" name="VDB49XE" signalId="SIGNAL_18-36-0-251cb5" cableType="WIRE-2UKD-0.35" wireName="YE/OG" fromPinId="PIN_f7-1e-0-12cd14" toPinId="PIN_10-1e-0-3d9d6b">
				<AppRef name="E3.Series" version="2.13.7.0" guid="b3a3aedd-8a69-4c4c-96ba-d4891d50c16e"/>
				<Property id="PROPERTY_13311" name="WIRE_MC_03_SPOT" value="ESKU5T-1A303-AA(A10Y00)"/>
				<Property id="PROPERTY_13312" name="WIRE_MC_03_SPOT" value="ESKU5T-1A303-AA(A10Y00)"/>
				<Property id="PROPERTY_13313" name="WIRE_LENGTH" value="453"/>
				<Property id="PROPERTY_13314" name="WIRE_CSA" value="0.35"/>
				<Property id="PROPERTY_13315" name="WIRE_MIN_BEND_RADIUS" value="3"/>
				<Property id="PROPERTY_13316" name="WIRE_OPTION" value="GTDAW | HNSAC | HLNAF"/>
				<Property id="PROPERTY_13317" name="WIRE_DEV_PIN_1" value="S2DB49-X:1"/>
				<Property id="PROPERTY_13318" name="WIRE_COLOR" value="YE/OG"/>
				<Property id="PROPERTY_13319" name="WIRE_SPEC" value="2UKD"/>
				<Property id="PROPERTY_13320" name="WIRE_LEVEL" value="(CNSL-HI)/(A-STR)/XM/YN/ZA/ZB/ZC"/>
				<Property id="PROPERTY_13321" name="WIRE_DEV_PIN_2" value="S2DB49-DM:1"/>
				<Property id="PROPERTY_13322" name="WIRE_NAME" value="VDB49XE"/>
				<Property id="PROPERTY_13323" name="WIRE_SIGNAL" value="VDB49"/>
				<Property id="PROPERTY_13324" name="HRN_FAMILY" value="14401"/>
				<Property id="PROPERTY_13325" name="WIRE_MULTICORE" value="TP_TA_VDB49XE"/>
				<Property id="PROPERTY_13326" name="WIRE_FPN" value="WIRE-2UKD-0.35-YE/OG"/>
				<Property id="PROPERTY_13327" name="WIRE_DIA_MAX" value="1.2"/>
				<Option id="OPTION_10-c-0-3d9d73_1" value="GTDAW | HNSAC | HLNAF"/>
				<BranchRoute id="BRR_574">
					<StartBranchPosition id="BR_POS_1411" branchId="BRANCH_c2-4e-0-4c0d22" branchNodeId="BN_6903_9-126_058" offset="0"/>
					<PassBranchId>BRANCH_c2-4e-0-4c0d20</PassBranchId>
					<PassBranchId>BRANCH_35-4e-0-2efaf8</PassBranchId>
					<PassBranchId>BRANCH_c2-4e-0-4c10c0</PassBranchId>
					<PassBranchId>BRANCH_c2-4e-0-4c0fc8</PassBranchId>
					<PassBranchId>BRANCH_c2-4e-0-4c108d</PassBranchId>
					<PassBranchId>BRANCH_c2-4e-0-4c0d88</PassBranchId>
					<PassBranchId>BRANCH_c2-4e-0-4c109a</PassBranchId>
					<PassBranchId>BRANCH_c2-4e-0-4c0e16</PassBranchId>
					<PassBranchId>BRANCH_c2-4e-0-4c0fcb</PassBranchId>
					<PassBranchId>BRANCH_c2-4e-0-4c0dea</PassBranchId>
					<PassBranchId>BRANCH_c2-4e-0-4c0fd1</PassBranchId>
					<EndBranchPosition id="BR_POS_1412" branchId="BRANCH_c2-4e-0-4c0fd4" branchNodeId="BN_16352-384" offset="0"/>
				</BranchRoute>
			</WiringItem>
			<WiringItem xsi:type="Wire" id="WIRE_10-c-0-3d9d8c" name="VDB50XE" signalId="SIGNAL_18-36-0-251cc2" cableType="WIRE-2UKD-0.35" wireName="BU/OG" fromPinId="PIN_f7-1e-0-12cd18" toPinId="PIN_10-1e-0-3d9d6f">
				<AppRef name="E3.Series" version="2.13.7.0" guid="c436f5f9-70ee-4823-bebf-35ccd51ad9be"/>
				<Property id="PROPERTY_13328" name="WIRE_MC_03_SPOT" value="ESKU5T-1A303-AA(A10Y00)"/>
				<Property id="PROPERTY_13329" name="WIRE_MC_03_SPOT" value="ESKU5T-1A303-AA(A10Y00)"/>
				<Property id="PROPERTY_13330" name="WIRE_LENGTH" value="372"/>
				<Property id="PROPERTY_13331" name="WIRE_CSA" value="0.35"/>
				<Property id="PROPERTY_13332" name="WIRE_MIN_BEND_RADIUS" value="3"/>
				<Property id="PROPERTY_13333" name="WIRE_OPTION" value="GTDAW | HNSAC | HLNAF"/>
				<Property id="PROPERTY_13334" name="WIRE_DEV_PIN_1" value="S2DB50-X:1"/>
				<Property id="PROPERTY_13335" name="WIRE_COLOR" value="BU/OG"/>
				<Property id="PROPERTY_13336" name="WIRE_SPEC" value="2UKD"/>
				<Property id="PROPERTY_13337" name="WIRE_LEVEL" value="(CNSL-HI)/(A-STR)/XM/YN/ZA/ZB/ZC"/>
				<Property id="PROPERTY_13338" name="WIRE_DEV_PIN_2" value="S2DB50-DM:1"/>
				<Property id="PROPERTY_13339" name="WIRE_NAME" value="VDB50XE"/>
				<Property id="PROPERTY_13340" name="WIRE_SIGNAL" value="VDB50"/>
				<Property id="PROPERTY_13341" name="HRN_FAMILY" value="14401"/>
				<Property id="PROPERTY_13342" name="WIRE_MULTICORE" value="TP_TA_VDB49XE"/>
				<Property id="PROPERTY_13343" name="WIRE_FPN" value="WIRE-2UKD-0.35-BU/OG"/>
				<Property id="PROPERTY_13344" name="WIRE_DIA_MAX" value="1.2"/>
				<Option id="OPTION_10-c-0-3d9d8c_1" value="GTDAW | HNSAC | HLNAF"/>
				<BranchRoute id="BRR_575">
					<StartBranchPosition id="BR_POS_1413" branchId="BRANCH_c2-4e-0-4c0d26" branchNodeId="BN_6951_9-126_058" offset="0"/>
					<PassBranchId>BRANCH_c2-4e-0-4c0d24</PassBranchId>
					<PassBranchId>BRANCH_c2-4e-0-4c0fc8</PassBranchId>
					<PassBranchId>BRANCH_c2-4e-0-4c108d</PassBranchId>
					<PassBranchId>BRANCH_c2-4e-0-4c0d88</PassBranchId>
					<PassBranchId>BRANCH_c2-4e-0-4c109a</PassBranchId>
					<PassBranchId>BRANCH_c2-4e-0-4c0e16</PassBranchId>
					<PassBranchId>BRANCH_c2-4e-0-4c0fcb</PassBranchId>
					<PassBranchId>BRANCH_c2-4e-0-4c0dea</PassBranchId>
					<PassBranchId>BRANCH_c2-4e-0-4c0fd1</PassBranchId>
					<EndBranchPosition id="BR_POS_1414" branchId="BRANCH_c2-4e-0-4c0fd8" branchNodeId="BN_16400-384" offset="0"/>
				</BranchRoute>
			</WiringItem>
		</WiringItem>
		<WiringItem xsi:type="Bundle" id="BUNDLE_10-6-0-3db1c4" name="TP_TA_VDB49XF" bundleType="twist">
			<AppRef name="E3.Series" version="2.14.5.0" guid="3cbc92b8-21c6-4ef1-9843-9109649410e3"/>
			<WiringItem xsi:type="Wire" id="WIRE_10-c-0-3d9da5" name="VDB49XF" signalId="SIGNAL_18-36-0-251cb5" cableType="WIRE-2UKD-0.35" wireName="YE/OG" fromPinId="PIN_10-1e-0-3d9d6b" toPinId="PIN_10-18-0-3ca208">
				<AppRef name="E3.Series" version="2.13.7.0" guid="77994ace-943a-444c-b2cd-8edbc411ff6e"/>
				<Property id="PROPERTY_13345" name="WIRE_MC_03_SPOT" value="ESKU5T-1A303-AA(A10Y00)"/>
				<Property id="PROPERTY_13346" name="WIRE_MC_03_SPOT" value="ESKU5T-1A303-AA(A10Y00)"/>
				<Property id="PROPERTY_13347" name="WIRE_LENGTH" value="1142"/>
				<Property id="PROPERTY_13348" name="WIRE_END2_MATL" value="(SN)"/>
				<Property id="PROPERTY_13349" name="WIRE_CSA" value="0.35"/>
				<Property id="PROPERTY_13350" name="WIRE_MIN_BEND_RADIUS" value="3"/>
				<Property id="PROPERTY_13351" name="WIRE_OPTION" value="GTDAW | HNSAC | HLNAF"/>
				<Property id="PROPERTY_13352" name="WIRE_DEV_PIN_1" value="S2DB49-DM:1"/>
				<Property id="PROPERTY_13353" name="WIRE_COLOR" value="YE/OG"/>
				<Property id="PROPERTY_13354" name="WIRE_SPEC" value="2UKD"/>
				<Property id="PROPERTY_13355" name="WIRE_LEVEL" value="(CNSL-HI)/(A-STR)/XM/YN/ZA/ZB/ZC"/>
				<Property id="PROPERTY_13356" name="WIRE_DEV_PIN_2" value="C2RC01-A:3"/>
				<Property id="PROPERTY_13357" name="WIRE_NAME" value="VDB49XF"/>
				<Property id="PROPERTY_13358" name="WIRE_END2_TERM" value="DU5T-14474-BA"/>
				<Property id="PROPERTY_13359" name="WIRE_SIGNAL" value="VDB49"/>
				<Property id="PROPERTY_13360" name="HRN_FAMILY" value="14401"/>
				<Property id="PROPERTY_13361" name="WIRE_MULTICORE" value="TP_TA_VDB49XF"/>
				<Property id="PROPERTY_13362" name="WIRE_FPN" value="WIRE-2UKD-0.35-YE/OG"/>
				<Property id="PROPERTY_13363" name="WIRE_DIA_MAX" value="1.2"/>
				<Option id="OPTION_10-c-0-3d9da5_1" value="GTDAW | HNSAC | HLNAF"/>
				<BranchRoute id="BRR_576">
					<StartBranchPosition id="BR_POS_1415" branchId="BRANCH_c2-4e-0-4c0d22" branchNodeId="BN_6903_9-126_058" offset="0"/>
					<PassBranchId>BRANCH_c2-4e-0-4c0d20</PassBranchId>
					<PassBranchId>BRANCH_35-4e-0-2efaf8</PassBranchId>
					<PassBranchId>BRANCH_c2-4e-0-4c10c0</PassBranchId>
					<PassBranchId>BRANCH_c2-4e-0-4c0fc8</PassBranchId>
					<PassBranchId>BRANCH_c2-4e-0-4c108d</PassBranchId>
					<PassBranchId>BRANCH_c2-4e-0-4c0d88</PassBranchId>
					<PassBranchId>BRANCH_c2-4e-0-4c109a</PassBranchId>
					<PassBranchId>BRANCH_c2-4e-0-4c0e16</PassBranchId>
					<PassBranchId>BRANCH_c2-4e-0-4c0fcb</PassBranchId>
					<PassBranchId>BRANCH_c2-4e-0-4c0dea</PassBranchId>
					<PassBranchId>BRANCH_c2-4e-0-4c0fd1</PassBranchId>
					<PassBranchId>BRANCH_c2-4e-0-4c0fe8</PassBranchId>
					<PassBranchId>BRANCH_c2-4e-0-4c1009</PassBranchId>
					<PassBranchId>BRANCH_c2-4e-0-4c10cb</PassBranchId>
					<PassBranchId>BRANCH_c2-4e-0-4c10ec</PassBranchId>
					<PassBranchId>BRANCH_c2-4e-0-4c1068</PassBranchId>
					<PassBranchId>BRANCH_c2-4e-0-4c0d17</PassBranchId>
					<PassBranchId>BRANCH_c2-4e-0-4c0d28</PassBranchId>
					<EndBranchPosition id="BR_POS_1416" branchId="BRANCH_c2-4e-0-4c0d1a" branchNodeId="BN_21064-160" offset="0"/>
				</BranchRoute>
			</WiringItem>
			<WiringItem xsi:type="Wire" id="WIRE_10-c-0-3d9dee" name="VDB50XF" signalId="SIGNAL_18-36-0-251cc2" cableType="WIRE-2UKD-0.35" wireName="BU/OG" fromPinId="PIN_10-1e-0-3d9d6f" toPinId="PIN_10-18-0-3ca20f">
				<AppRef name="E3.Series" version="2.13.7.0" guid="74138390-a8c7-4dcc-87a8-8f7d807c6d89"/>
				<Property id="PROPERTY_13364" name="WIRE_MC_03_SPOT" value="ESKU5T-1A303-AA(A10Y00)"/>
				<Property id="PROPERTY_13365" name="WIRE_MC_03_SPOT" value="ESKU5T-1A303-AA(A10Y00)"/>
				<Property id="PROPERTY_13366" name="WIRE_LENGTH" value="1062"/>
				<Property id="PROPERTY_13367" name="WIRE_END2_MATL" value="(SN)"/>
				<Property id="PROPERTY_13368" name="WIRE_CSA" value="0.35"/>
				<Property id="PROPERTY_13369" name="WIRE_MIN_BEND_RADIUS" value="3"/>
				<Property id="PROPERTY_13370" name="WIRE_OPTION" value="GTDAW | HNSAC | HLNAF"/>
				<Property id="PROPERTY_13371" name="WIRE_DEV_PIN_1" value="S2DB50-DM:1"/>
				<Property id="PROPERTY_13372" name="WIRE_COLOR" value="BU/OG"/>
				<Property id="PROPERTY_13373" name="WIRE_SPEC" value="2UKD"/>
				<Property id="PROPERTY_13374" name="WIRE_LEVEL" value="(CNSL-HI)/(A-STR)/XM/YN/ZA/ZB/ZC"/>
				<Property id="PROPERTY_13375" name="WIRE_DEV_PIN_2" value="C2RC01-A:4"/>
				<Property id="PROPERTY_13376" name="WIRE_NAME" value="VDB50XF"/>
				<Property id="PROPERTY_13377" name="WIRE_END2_TERM" value="DU5T-14474-BA"/>
				<Property id="PROPERTY_13378" name="WIRE_SIGNAL" value="VDB50"/>
				<Property id="PROPERTY_13379" name="HRN_FAMILY" value="14401"/>
				<Property id="PROPERTY_13380" name="WIRE_MULTICORE" value="TP_TA_VDB49XF"/>
				<Property id="PROPERTY_13381" name="WIRE_FPN" value="WIRE-2UKD-0.35-BU/OG"/>
				<Property id="PROPERTY_13382" name="WIRE_DIA_MAX" value="1.2"/>
				<Option id="OPTION_10-c-0-3d9dee_1" value="GTDAW | HNSAC | HLNAF"/>
				<BranchRoute id="BRR_577">
					<StartBranchPosition id="BR_POS_1417" branchId="BRANCH_c2-4e-0-4c0d26" branchNodeId="BN_6951_9-126_058" offset="0"/>
					<PassBranchId>BRANCH_c2-4e-0-4c0d24</PassBranchId>
					<PassBranchId>BRANCH_c2-4e-0-4c0fc8</PassBranchId>
					<PassBranchId>BRANCH_c2-4e-0-4c108d</PassBranchId>
					<PassBranchId>BRANCH_c2-4e-0-4c0d88</PassBranchId>
					<PassBranchId>BRANCH_c2-4e-0-4c109a</PassBranchId>
					<PassBranchId>BRANCH_c2-4e-0-4c0e16</PassBranchId>
					<PassBranchId>BRANCH_c2-4e-0-4c0fcb</PassBranchId>
					<PassBranchId>BRANCH_c2-4e-0-4c0dea</PassBranchId>
					<PassBranchId>BRANCH_c2-4e-0-4c0fd1</PassBranchId>
					<PassBranchId>BRANCH_c2-4e-0-4c0fe8</PassBranchId>
					<PassBranchId>BRANCH_c2-4e-0-4c1009</PassBranchId>
					<PassBranchId>BRANCH_c2-4e-0-4c10cb</PassBranchId>
					<PassBranchId>BRANCH_c2-4e-0-4c10ec</PassBranchId>
					<PassBranchId>BRANCH_c2-4e-0-4c1068</PassBranchId>
					<PassBranchId>BRANCH_c2-4e-0-4c0d17</PassBranchId>
					<PassBranchId>BRANCH_c2-4e-0-4c0d28</PassBranchId>
					<EndBranchPosition id="BR_POS_1418" branchId="BRANCH_c2-4e-0-4c0d1a" branchNodeId="BN_21064-160" offset="0"/>
				</BranchRoute>
			</WiringItem>
		</WiringItem>
		<WiringItem xsi:type="Bundle" id="BUNDLE_10-6-0-3db1e4" name="TP_TA_VDB49XG" bundleType="twist">
			<AppRef name="E3.Series" version="2.14.5.0" guid="5fc4a592-5f56-450a-be0c-e66c650c191b"/>
			<WiringItem xsi:type="Wire" id="WIRE_10-c-0-3d9dd5" name="VDB49XG" signalId="SIGNAL_18-36-0-251cb5" cableType="WIRE-2UKD-0.35" wireName="YE/OG" fromPinId="PIN_10-1e-0-3d9d6b" toPinId="PIN_13-18-0-2ceb0e">
				<AppRef name="E3.Series" version="2.13.7.0" guid="d7a53c03-e3d8-459b-9e41-55e24ec4c49c"/>
				<Property id="PROPERTY_13383" name="WIRE_MC_03_SPOT" value="ESKU5T-1A303-AA(A10Y00)"/>
				<Property id="PROPERTY_13384" name="WIRE_MC_03_SPOT" value="ESKU5T-1A303-AA(A10Y00)"/>
				<Property id="PROPERTY_13385" name="WIRE_LENGTH" value="1021"/>
				<Property id="PROPERTY_13386" name="WIRE_END2_MATL" value="(SN)"/>
				<Property id="PROPERTY_13387" name="WIRE_CSA" value="0.35"/>
				<Property id="PROPERTY_13388" name="WIRE_MIN_BEND_RADIUS" value="3"/>
				<Property id="PROPERTY_13389" name="WIRE_OPTION" value="HT2AA &amp; (GTDAW | HNSAC)"/>
				<Property id="PROPERTY_13390" name="WIRE_DEV_PIN_1" value="S2DB49-DM:1"/>
				<Property id="PROPERTY_13391" name="WIRE_COLOR" value="YE/OG"/>
				<Property id="PROPERTY_13392" name="WIRE_SPEC" value="2UKD"/>
				<Property id="PROPERTY_13393" name="WIRE_LEVEL" value="(CNSL-HI)/(A-STR)/XM/YN"/>
				<Property id="PROPERTY_13394" name="WIRE_DEV_PIN_2" value="C2DB02-A:4"/>
				<Property id="PROPERTY_13395" name="WIRE_NAME" value="VDB49XG"/>
				<Property id="PROPERTY_13396" name="WIRE_END2_TERM" value="9U5T-14474-DB"/>
				<Property id="PROPERTY_13397" name="WIRE_SIGNAL" value="VDB49"/>
				<Property id="PROPERTY_13398" name="HRN_FAMILY" value="14401"/>
				<Property id="PROPERTY_13399" name="WIRE_MULTICORE" value="TP_TA_VDB49XG"/>
				<Property id="PROPERTY_13400" name="WIRE_FPN" value="WIRE-2UKD-0.35-YE/OG"/>
				<Property id="PROPERTY_13401" name="WIRE_DIA_MAX" value="1.2"/>
				<Option id="OPTION_10-c-0-3d9dd5_1" value="HT2AA &amp; (GTDAW | HNSAC)"/>
				<BranchRoute id="BRR_578">
					<StartBranchPosition id="BR_POS_1419" branchId="BRANCH_c2-4e-0-4c0d22" branchNodeId="BN_6903_9-126_058" offset="0"/>
					<PassBranchId>BRANCH_c2-4e-0-4c0d20</PassBranchId>
					<PassBranchId>BRANCH_35-4e-0-2efaf8</PassBranchId>
					<PassBranchId>BRANCH_c2-4e-0-4c10c0</PassBranchId>
					<PassBranchId>BRANCH_c2-4e-0-4c0fc8</PassBranchId>
					<PassBranchId>BRANCH_c2-4e-0-4c108d</PassBranchId>
					<PassBranchId>BRANCH_c2-4e-0-4c0d88</PassBranchId>
					<PassBranchId>BRANCH_c2-4e-0-4c109a</PassBranchId>
					<PassBranchId>BRANCH_c2-4e-0-4c0e16</PassBranchId>
					<PassBranchId>BRANCH_c2-4e-0-4c0fcb</PassBranchId>
					<PassBranchId>BRANCH_c2-4e-0-4c0dea</PassBranchId>
					<PassBranchId>BRANCH_c2-4e-0-4c0fd1</PassBranchId>
					<PassBranchId>BRANCH_c2-4e-0-4c0fe8</PassBranchId>
					<PassBranchId>BRANCH_c2-4e-0-4c1009</PassBranchId>
					<PassBranchId>BRANCH_c2-4e-0-4c10cb</PassBranchId>
					<PassBranchId>BRANCH_c2-4e-0-4c10ec</PassBranchId>
					<PassBranchId>BRANCH_c2-4e-0-4c1075</PassBranchId>
					<PassBranchId>BRANCH_c2-4e-0-4c106f</PassBranchId>
					<PassBranchId>BRANCH_c2-4e-0-4c107e</PassBranchId>
					<EndBranchPosition id="BR_POS_1420" branchId="BRANCH_c2-4e-0-4c0f12" branchNodeId="BN_20144-60" offset="0"/>
				</BranchRoute>
			</WiringItem>
			<WiringItem xsi:type="Wire" id="WIRE_10-c-0-3d9dbc" name="VDB50XG" signalId="SIGNAL_18-36-0-251cc2" cableType="WIRE-2UKD-0.35" wireName="BU/OG" fromPinId="PIN_10-1e-0-3d9d6f" toPinId="PIN_13-18-0-2ceb32">
				<AppRef name="E3.Series" version="2.13.7.0" guid="dc62ba6b-61d5-4efd-ae8d-792e3d99959b"/>
				<Property id="PROPERTY_13402" name="WIRE_MC_03_SPOT" value="ESKU5T-1A303-AA(A10Y00)"/>
				<Property id="PROPERTY_13403" name="WIRE_MC_03_SPOT" value="ESKU5T-1A303-AA(A10Y00)"/>
				<Property id="PROPERTY_13404" name="WIRE_LENGTH" value="941"/>
				<Property id="PROPERTY_13405" name="WIRE_END2_MATL" value="(SN)"/>
				<Property id="PROPERTY_13406" name="WIRE_CSA" value="0.35"/>
				<Property id="PROPERTY_13407" name="WIRE_MIN_BEND_RADIUS" value="3"/>
				<Property id="PROPERTY_13408" name="WIRE_OPTION" value="HT2AA &amp; (GTDAW | HNSAC)"/>
				<Property id="PROPERTY_13409" name="WIRE_DEV_PIN_1" value="S2DB50-DM:1"/>
				<Property id="PROPERTY_13410" name="WIRE_COLOR" value="BU/OG"/>
				<Property id="PROPERTY_13411" name="WIRE_SPEC" value="2UKD"/>
				<Property id="PROPERTY_13412" name="WIRE_LEVEL" value="(CNSL-HI)/(A-STR)/XM/YN"/>
				<Property id="PROPERTY_13413" name="WIRE_DEV_PIN_2" value="C2DB02-A:17"/>
				<Property id="PROPERTY_13414" name="WIRE_NAME" value="VDB50XG"/>
				<Property id="PROPERTY_13415" name="WIRE_END2_TERM" value="9U5T-14474-DB"/>
				<Property id="PROPERTY_13416" name="WIRE_SIGNAL" value="VDB50"/>
				<Property id="PROPERTY_13417" name="HRN_FAMILY" value="14401"/>
				<Property id="PROPERTY_13418" name="WIRE_MULTICORE" value="TP_TA_VDB49XG"/>
				<Property id="PROPERTY_13419" name="WIRE_FPN" value="WIRE-2UKD-0.35-BU/OG"/>
				<Property id="PROPERTY_13420" name="WIRE_DIA_MAX" value="1.2"/>
				<Option id="OPTION_10-c-0-3d9dbc_1" value="HT2AA &amp; (GTDAW | HNSAC)"/>
				<BranchRoute id="BRR_579">
					<StartBranchPosition id="BR_POS_1421" branchId="BRANCH_c2-4e-0-4c0d26" branchNodeId="BN_6951_9-126_058" offset="0"/>
					<PassBranchId>BRANCH_c2-4e-0-4c0d24</PassBranchId>
					<PassBranchId>BRANCH_c2-4e-0-4c0fc8</PassBranchId>
					<PassBranchId>BRANCH_c2-4e-0-4c108d</PassBranchId>
					<PassBranchId>BRANCH_c2-4e-0-4c0d88</PassBranchId>
					<PassBranchId>BRANCH_c2-4e-0-4c109a</PassBranchId>
					<PassBranchId>BRANCH_c2-4e-0-4c0e16</PassBranchId>
					<PassBranchId>BRANCH_c2-4e-0-4c0fcb</PassBranchId>
					<PassBranchId>BRANCH_c2-4e-0-4c0dea</PassBranchId>
					<PassBranchId>BRANCH_c2-4e-0-4c0fd1</PassBranchId>
					<PassBranchId>BRANCH_c2-4e-0-4c0fe8</PassBranchId>
					<PassBranchId>BRANCH_c2-4e-0-4c1009</PassBranchId>
					<PassBranchId>BRANCH_c2-4e-0-4c10cb</PassBranchId>
					<PassBranchId>BRANCH_c2-4e-0-4c10ec</PassBranchId>
					<PassBranchId>BRANCH_c2-4e-0-4c1075</PassBranchId>
					<PassBranchId>BRANCH_c2-4e-0-4c106f</PassBranchId>
					<PassBranchId>BRANCH_c2-4e-0-4c107e</PassBranchId>
					<EndBranchPosition id="BR_POS_1422" branchId="BRANCH_c2-4e-0-4c0f12" branchNodeId="BN_20144-60" offset="0"/>
				</BranchRoute>
			</WiringItem>
		</WiringItem>
		<WiringItem xsi:type="Bundle" id="BUNDLE_a1-6-0-9d27e" name="TP_VR214A" bundleType="twist">
			<AppRef name="E3.Series" version="2.14.5.0" guid="0461d92a-962b-44ff-9387-5b95965c379e"/>
			<WiringItem xsi:type="Wire" id="WIRE_95-c-0-e6547" name="RR130A" signalId="SIGNAL_2-36-0-3d53" cableType="WIRE-2TAD-0.35" wireName="GN/BU" fromPinId="PIN_b5-18-0-554f" toPinId="PIN_8-18-0-18e4d">
				<AppRef name="E3.Series" version="2.13.7.0" guid="bc4fda0c-f768-4a6c-ba2f-61691f16fc71"/>
				<Property id="PROPERTY_10647" name="WIRE_LENGTH" value="2779"/>
				<Property id="PROPERTY_10648" name="WIRE_END2_MATL" value="(SN)"/>
				<Property id="PROPERTY_10649" name="WIRE_CSA" value="0.35"/>
				<Property id="PROPERTY_10650" name="WIRE_MIN_BEND_RADIUS" value="3.5"/>
				<Property id="PROPERTY_10651" name="WIRE_LEVEL" value="(ALL)"/>
				<Property id="PROPERTY_10652" name="WIRE_DEV_PIN_1" value="C12-B2:8"/>
				<Property id="PROPERTY_10653" name="WIRE_COLOR" value="GN/BU"/>
				<Property id="PROPERTY_10654" name="WIRE_SPEC" value="2TAD"/>
				<Property id="PROPERTY_10655" name="WIRE_END1_MATL" value="(SN)"/>
				<Property id="PROPERTY_10656" name="WIRE_END1_TERM" value="9U5T-14474-DB"/>
				<Property id="PROPERTY_10657" name="WIRE_DEV_PIN_2" value="C2R114-A:16"/>
				<Property id="PROPERTY_10658" name="WIRE_NAME" value="RR130A"/>
				<Property id="PROPERTY_10659" name="WIRE_END2_TERM" value="8U5T-14474-BB"/>
				<Property id="PROPERTY_10660" name="WIRE_SIGNAL" value="RR130"/>
				<Property id="PROPERTY_10661" name="HRN_FAMILY" value="14401"/>
				<Property id="PROPERTY_10662" name="WIRE_MULTICORE" value="TP_VR214A"/>
				<Property id="PROPERTY_10663" name="WIRE_FPN" value="WIRE-2TAD-0.35-GN/BU"/>
				<Property id="PROPERTY_10664" name="WIRE_DIA_MAX" value="1.4"/>
				<BranchRoute id="BRR_427">
					<StartBranchPosition id="BR_POS_1117" branchId="BRANCH_c2-4e-0-4c0f20" branchNodeId="BN_17896-236" offset="0"/>
					<PassBranchId>BRANCH_c2-4e-0-4c0dfd</PassBranchId>
					<PassBranchId>BRANCH_c2-4e-0-4c0f1f</PassBranchId>
					<PassBranchId>BRANCH_c2-4e-0-4c0ff5</PassBranchId>
					<PassBranchId>BRANCH_c2-4e-0-4c0ff2</PassBranchId>
					<PassBranchId>BRANCH_c2-4e-0-4c0d34</PassBranchId>
					<PassBranchId>BRANCH_c2-4e-0-4c0fef</PassBranchId>
					<PassBranchId>BRANCH_c2-4e-0-4c0e9b</PassBranchId>
					<PassBranchId>BRANCH_c2-4e-0-4c10ce</PassBranchId>
					<PassBranchId>BRANCH_c2-4e-0-4c0e97</PassBranchId>
					<PassBranchId>BRANCH_c2-4e-0-4c0f88</PassBranchId>
					<PassBranchId>BRANCH_c2-4e-0-4c0f18</PassBranchId>
					<PassBranchId>BRANCH_c2-4e-0-4c0f89</PassBranchId>
					<PassBranchId>BRANCH_c2-4e-0-4c1083</PassBranchId>
					<PassBranchId>BRANCH_c2-4e-0-4c1087</PassBranchId>
					<PassBranchId>BRANCH_c2-4e-0-4c106f</PassBranchId>
					<PassBranchId>BRANCH_c2-4e-0-4c1075</PassBranchId>
					<PassBranchId>BRANCH_c2-4e-0-4c0de4</PassBranchId>
					<PassBranchId>BRANCH_1a-4e-0-18e01d0</PassBranchId>
					<PassBranchId>BRANCH_c2-4e-0-4c10c8</PassBranchId>
					<PassBranchId>BRANCH_eb-4e-0-678fca</PassBranchId>
					<PassBranchId>BRANCH_c2-4e-0-4c0e87</PassBranchId>
					<PassBranchId>BRANCH_c2-4e-0-4c0e8c</PassBranchId>
					<PassBranchId>BRANCH_c2-4e-0-4c0e7f</PassBranchId>
					<PassBranchId>BRANCH_c2-4e-0-4c0ef9</PassBranchId>
					<PassBranchId>BRANCH_c2-4e-0-4c0e70</PassBranchId>
					<PassBranchId>BRANCH_c2-4e-0-4c0d66</PassBranchId>
					<PassBranchId>BRANCH_c2-4e-0-4c0fe2</PassBranchId>
					<PassBranchId>BRANCH_c2-4e-0-4c0d5d</PassBranchId>
					<PassBranchId>BRANCH_c2-4e-0-4c0e62</PassBranchId>
					<EndBranchPosition id="BR_POS_1118" branchId="BRANCH_c2-4e-0-4c0d54" branchNodeId="BN_21712-184" offset="0"/>
				</BranchRoute>
			</WiringItem>
			<WiringItem xsi:type="Wire" id="WIRE_95-c-0-e652f" name="VR214A" signalId="SIGNAL_2-36-0-424b" cableType="WIRE-2TAD-0.35" wireName="WH/BU" fromPinId="PIN_b5-18-0-554d" toPinId="PIN_8-18-0-18e55">
				<AppRef name="E3.Series" version="2.13.7.0" guid="7d114750-3808-43f8-b88a-a19506f09b4a"/>
				<Property id="PROPERTY_10665" name="WIRE_LENGTH" value="2779"/>
				<Property id="PROPERTY_10666" name="WIRE_END2_MATL" value="(SN)"/>
				<Property id="PROPERTY_10667" name="WIRE_CSA" value="0.35"/>
				<Property id="PROPERTY_10668" name="WIRE_MIN_BEND_RADIUS" value="3.5"/>
				<Property id="PROPERTY_10669" name="WIRE_LEVEL" value="(ALL)"/>
				<Property id="PROPERTY_10670" name="WIRE_DEV_PIN_1" value="C12-B2:7"/>
				<Property id="PROPERTY_10671" name="WIRE_COLOR" value="WH/BU"/>
				<Property id="PROPERTY_10672" name="WIRE_SPEC" value="2TAD"/>
				<Property id="PROPERTY_10673" name="WIRE_END1_MATL" value="(SN)"/>
				<Property id="PROPERTY_10674" name="WIRE_END1_TERM" value="9U5T-14474-DB"/>
				<Property id="PROPERTY_10675" name="WIRE_DEV_PIN_2" value="C2R114-A:15"/>
				<Property id="PROPERTY_10676" name="WIRE_NAME" value="VR214A"/>
				<Property id="PROPERTY_10677" name="WIRE_END2_TERM" value="8U5T-14474-BB"/>
				<Property id="PROPERTY_10678" name="WIRE_SIGNAL" value="VR214"/>
				<Property id="PROPERTY_10679" name="HRN_FAMILY" value="14401"/>
				<Property id="PROPERTY_10680" name="WIRE_MULTICORE" value="TP_VR214A"/>
				<Property id="PROPERTY_10681" name="WIRE_FPN" value="WIRE-2TAD-0.35-WH/BU"/>
				<Property id="PROPERTY_10682" name="WIRE_DIA_MAX" value="1.4"/>
				<BranchRoute id="BRR_428">
					<StartBranchPosition id="BR_POS_1119" branchId="BRANCH_c2-4e-0-4c0f20" branchNodeId="BN_17896-236" offset="0"/>
					<PassBranchId>BRANCH_c2-4e-0-4c0dfd</PassBranchId>
					<PassBranchId>BRANCH_c2-4e-0-4c0f1f</PassBranchId>
					<PassBranchId>BRANCH_c2-4e-0-4c0ff5</PassBranchId>
					<PassBranchId>BRANCH_c2-4e-0-4c0ff2</PassBranchId>
					<PassBranchId>BRANCH_c2-4e-0-4c0d34</PassBranchId>
					<PassBranchId>BRANCH_c2-4e-0-4c0fef</PassBranchId>
					<PassBranchId>BRANCH_c2-4e-0-4c0e9b</PassBranchId>
					<PassBranchId>BRANCH_c2-4e-0-4c10ce</PassBranchId>
					<PassBranchId>BRANCH_c2-4e-0-4c0e97</PassBranchId>
					<PassBranchId>BRANCH_c2-4e-0-4c0f88</PassBranchId>
					<PassBranchId>BRANCH_c2-4e-0-4c0f18</PassBranchId>
					<PassBranchId>BRANCH_c2-4e-0-4c0f89</PassBranchId>
					<PassBranchId>BRANCH_c2-4e-0-4c1083</PassBranchId>
					<PassBranchId>BRANCH_c2-4e-0-4c1087</PassBranchId>
					<PassBranchId>BRANCH_c2-4e-0-4c106f</PassBranchId>
					<PassBranchId>BRANCH_c2-4e-0-4c1075</PassBranchId>
					<PassBranchId>BRANCH_c2-4e-0-4c0de4</PassBranchId>
					<PassBranchId>BRANCH_1a-4e-0-18e01d0</PassBranchId>
					<PassBranchId>BRANCH_c2-4e-0-4c10c8</PassBranchId>
					<PassBranchId>BRANCH_eb-4e-0-678fca</PassBranchId>
					<PassBranchId>BRANCH_c2-4e-0-4c0e87</PassBranchId>
					<PassBranchId>BRANCH_c2-4e-0-4c0e8c</PassBranchId>
					<PassBranchId>BRANCH_c2-4e-0-4c0e7f</PassBranchId>
					<PassBranchId>BRANCH_c2-4e-0-4c0ef9</PassBranchId>
					<PassBranchId>BRANCH_c2-4e-0-4c0e70</PassBranchId>
					<PassBranchId>BRANCH_c2-4e-0-4c0d66</PassBranchId>
					<PassBranchId>BRANCH_c2-4e-0-4c0fe2</PassBranchId>
					<PassBranchId>BRANCH_c2-4e-0-4c0d5d</PassBranchId>
					<PassBranchId>BRANCH_c2-4e-0-4c0e62</PassBranchId>
					<EndBranchPosition id="BR_POS_1120" branchId="BRANCH_c2-4e-0-4c0d54" branchNodeId="BN_21712-184" offset="0"/>
				</BranchRoute>
			</WiringItem>
		</WiringItem>
		<WiringItem xsi:type="Bundle" id="BUNDLE_e-6-0-67eee5" name="TP_VRC07A" bundleType="twist">
			<AppRef name="E3.Series" version="2.14.5.0" guid="925ffbf5-c53b-4588-a9f1-a5a308c1d418"/>
			<WiringItem xsi:type="Wire" id="WIRE_10-c-0-3db5e1" name="RRC07A" signalId="SIGNAL_10-36-0-3c975c" cableType="WIRE-2UKD-0.35" wireName="GY/OG" fromPinId="PIN_74-18-0-263ba8" toPinId="PIN_10-18-0-3ca201">
				<AppRef name="E3.Series" version="2.13.7.0" guid="f74ca30a-e44d-4f30-aba9-72e98ac1827b"/>
				<Property id="PROPERTY_10683" name="WIRE_LENGTH" value="1706"/>
				<Property id="PROPERTY_10684" name="WIRE_END2_MATL" value="(SN)"/>
				<Property id="PROPERTY_10685" name="WIRE_CSA" value="0.35"/>
				<Property id="PROPERTY_10686" name="WIRE_MIN_BEND_RADIUS" value="3"/>
				<Property id="PROPERTY_10687" name="WIRE_OPTION" value="GTDAW | HNSAC | HLNAF"/>
				<Property id="PROPERTY_10688" name="WIRE_DEV_PIN_1" value="C23-C1:30"/>
				<Property id="PROPERTY_10689" name="WIRE_COLOR" value="GY/OG"/>
				<Property id="PROPERTY_10690" name="WIRE_SPEC" value="2UKD"/>
				<Property id="PROPERTY_10691" name="WIRE_END1_MATL" value="(SN)"/>
				<Property id="PROPERTY_10692" name="WIRE_LEVEL" value="(CNSL-HI)/(A-STR)/XM/YN/ZA/ZB/ZC"/>
				<Property id="PROPERTY_10693" name="WIRE_END1_TERM" value="9U5T-14474-DB"/>
				<Property id="PROPERTY_10694" name="WIRE_DEV_PIN_2" value="C2RC01-A:8"/>
				<Property id="PROPERTY_10695" name="WIRE_NAME" value="RRC07A"/>
				<Property id="PROPERTY_10696" name="WIRE_END2_TERM" value="DU5T-14474-BA"/>
				<Property id="PROPERTY_10697" name="WIRE_SIGNAL" value="RRC07"/>
				<Property id="PROPERTY_10698" name="HRN_FAMILY" value="14401"/>
				<Property id="PROPERTY_10699" name="WIRE_MULTICORE" value="TP_VRC07A"/>
				<Property id="PROPERTY_10700" name="WIRE_FPN" value="WIRE-2UKD-0.35-GY/OG"/>
				<Property id="PROPERTY_10701" name="WIRE_DIA_MAX" value="1.2"/>
				<Option id="OPTION_10-c-0-3db5e1_1" value="GTDAW | HNSAC | HLNAF"/>
				<BranchRoute id="BRR_429">
					<StartBranchPosition id="BR_POS_1121" branchId="BRANCH_c2-4e-0-4c0de1" branchNodeId="BN_79_9-190_058" offset="0"/>
					<PassBranchId>BRANCH_c2-4e-0-4c0ddd</PassBranchId>
					<PassBranchId>BRANCH_c2-4e-0-4c10dd</PassBranchId>
					<PassBranchId>BRANCH_c2-4e-0-4c1020</PassBranchId>
					<PassBranchId>BRANCH_c2-4e-0-4c1021</PassBranchId>
					<PassBranchId>BRANCH_c2-4e-0-4c10e7</PassBranchId>
					<PassBranchId>BRANCH_c2-4e-0-4c0fc5</PassBranchId>
					<PassBranchId>BRANCH_c2-4e-0-4c0fce</PassBranchId>
					<PassBranchId>BRANCH_c2-4e-0-4c0d1d</PassBranchId>
					<PassBranchId>BRANCH_35-4e-0-2efaf8</PassBranchId>
					<PassBranchId>BRANCH_c2-4e-0-4c10c0</PassBranchId>
					<PassBranchId>BRANCH_c2-4e-0-4c0fc8</PassBranchId>
					<PassBranchId>BRANCH_c2-4e-0-4c108d</PassBranchId>
					<PassBranchId>BRANCH_c2-4e-0-4c0d88</PassBranchId>
					<PassBranchId>BRANCH_c2-4e-0-4c109a</PassBranchId>
					<PassBranchId>BRANCH_c2-4e-0-4c0e16</PassBranchId>
					<PassBranchId>BRANCH_c2-4e-0-4c0fcb</PassBranchId>
					<PassBranchId>BRANCH_c2-4e-0-4c0dea</PassBranchId>
					<PassBranchId>BRANCH_c2-4e-0-4c0fd1</PassBranchId>
					<PassBranchId>BRANCH_c2-4e-0-4c0fe8</PassBranchId>
					<PassBranchId>BRANCH_c2-4e-0-4c1009</PassBranchId>
					<PassBranchId>BRANCH_c2-4e-0-4c10cb</PassBranchId>
					<PassBranchId>BRANCH_c2-4e-0-4c10ec</PassBranchId>
					<PassBranchId>BRANCH_c2-4e-0-4c1068</PassBranchId>
					<PassBranchId>BRANCH_c2-4e-0-4c0d17</PassBranchId>
					<PassBranchId>BRANCH_c2-4e-0-4c0d28</PassBranchId>
					<EndBranchPosition id="BR_POS_1122" branchId="BRANCH_c2-4e-0-4c0d1a" branchNodeId="BN_21064-160" offset="0"/>
				</BranchRoute>
			</WiringItem>
			<WiringItem xsi:type="Wire" id="WIRE_10-c-0-3db5f2" name="VRC07A" signalId="SIGNAL_10-36-0-3c975b" cableType="WIRE-2UKD-0.35" wireName="BU/GN" fromPinId="PIN_74-18-0-263ba4" toPinId="PIN_10-18-0-3ca1fa">
				<AppRef name="E3.Series" version="2.13.7.0" guid="3f849486-f1b5-4614-abaf-dcced096080a"/>
				<Property id="PROPERTY_10702" name="WIRE_LENGTH" value="1706"/>
				<Property id="PROPERTY_10703" name="WIRE_END2_MATL" value="(SN)"/>
				<Property id="PROPERTY_10704" name="WIRE_CSA" value="0.35"/>
				<Property id="PROPERTY_10705" name="WIRE_MIN_BEND_RADIUS" value="3"/>
				<Property id="PROPERTY_10706" name="WIRE_OPTION" value="GTDAW | HNSAC | HLNAF"/>
				<Property id="PROPERTY_10707" name="WIRE_DEV_PIN_1" value="C23-C1:29"/>
				<Property id="PROPERTY_10708" name="WIRE_COLOR" value="BU/GN"/>
				<Property id="PROPERTY_10709" name="WIRE_SPEC" value="2UKD"/>
				<Property id="PROPERTY_10710" name="WIRE_END1_MATL" value="(SN)"/>
				<Property id="PROPERTY_10711" name="WIRE_LEVEL" value="(CNSL-HI)/(A-STR)/XM/YN/ZA/ZB/ZC"/>
				<Property id="PROPERTY_10712" name="WIRE_END1_TERM" value="9U5T-14474-DB"/>
				<Property id="PROPERTY_10713" name="WIRE_DEV_PIN_2" value="C2RC01-A:9"/>
				<Property id="PROPERTY_10714" name="WIRE_NAME" value="VRC07A"/>
				<Property id="PROPERTY_10715" name="WIRE_END2_TERM" value="DU5T-14474-BA"/>
				<Property id="PROPERTY_10716" name="WIRE_SIGNAL" value="VRC07"/>
				<Property id="PROPERTY_10717" name="HRN_FAMILY" value="14401"/>
				<Property id="PROPERTY_10718" name="WIRE_MULTICORE" value="TP_VRC07A"/>
				<Property id="PROPERTY_10719" name="WIRE_FPN" value="WIRE-2UKD-0.35-BU/GN"/>
				<Property id="PROPERTY_10720" name="WIRE_DIA_MAX" value="1.2"/>
				<Option id="OPTION_10-c-0-3db5f2_1" value="GTDAW | HNSAC | HLNAF"/>
				<BranchRoute id="BRR_430">
					<StartBranchPosition id="BR_POS_1123" branchId="BRANCH_c2-4e-0-4c0de1" branchNodeId="BN_79_9-190_058" offset="0"/>
					<PassBranchId>BRANCH_c2-4e-0-4c0ddd</PassBranchId>
					<PassBranchId>BRANCH_c2-4e-0-4c10dd</PassBranchId>
					<PassBranchId>BRANCH_c2-4e-0-4c1020</PassBranchId>
					<PassBranchId>BRANCH_c2-4e-0-4c1021</PassBranchId>
					<PassBranchId>BRANCH_c2-4e-0-4c10e7</PassBranchId>
					<PassBranchId>BRANCH_c2-4e-0-4c0fc5</PassBranchId>
					<PassBranchId>BRANCH_c2-4e-0-4c0fce</PassBranchId>
					<PassBranchId>BRANCH_c2-4e-0-4c0d1d</PassBranchId>
					<PassBranchId>BRANCH_35-4e-0-2efaf8</PassBranchId>
					<PassBranchId>BRANCH_c2-4e-0-4c10c0</PassBranchId>
					<PassBranchId>BRANCH_c2-4e-0-4c0fc8</PassBranchId>
					<PassBranchId>BRANCH_c2-4e-0-4c108d</PassBranchId>
					<PassBranchId>BRANCH_c2-4e-0-4c0d88</PassBranchId>
					<PassBranchId>BRANCH_c2-4e-0-4c109a</PassBranchId>
					<PassBranchId>BRANCH_c2-4e-0-4c0e16</PassBranchId>
					<PassBranchId>BRANCH_c2-4e-0-4c0fcb</PassBranchId>
					<PassBranchId>BRANCH_c2-4e-0-4c0dea</PassBranchId>
					<PassBranchId>BRANCH_c2-4e-0-4c0fd1</PassBranchId>
					<PassBranchId>BRANCH_c2-4e-0-4c0fe8</PassBranchId>
					<PassBranchId>BRANCH_c2-4e-0-4c1009</PassBranchId>
					<PassBranchId>BRANCH_c2-4e-0-4c10cb</PassBranchId>
					<PassBranchId>BRANCH_c2-4e-0-4c10ec</PassBranchId>
					<PassBranchId>BRANCH_c2-4e-0-4c1068</PassBranchId>
					<PassBranchId>BRANCH_c2-4e-0-4c0d17</PassBranchId>
					<PassBranchId>BRANCH_c2-4e-0-4c0d28</PassBranchId>
					<EndBranchPosition id="BR_POS_1124" branchId="BRANCH_c2-4e-0-4c0d1a" branchNodeId="BN_21064-160" offset="0"/>
				</BranchRoute>
			</WiringItem>
		</WiringItem>
		<WiringItem xsi:type="Bundle" id="BUNDLE_e-6-0-680d98" name="TP_TA_VRC08A" bundleType="twist">
			<AppRef name="E3.Series" version="2.14.5.0" guid="4c865841-193c-4f29-bde7-27c475404cb6"/>
			<WiringItem xsi:type="Wire" id="WIRE_10-c-0-3db5c3" name="RRC08A" signalId="SIGNAL_10-36-0-3c975a" cableType="WIRE-2UKD-0.35" wireName="BU/OG" fromPinId="PIN_10-18-0-3ca1f3" toPinId="PIN_ff-18-0-49203a">
				<AppRef name="E3.Series" version="2.13.7.0" guid="9d025c52-0849-49b9-9d7f-61975722acb1"/>
				<Property id="PROPERTY_10721" name="WIRE_MC_03_SPOT" value="ESKU5T-1A303-AA(A10Y00)"/>
				<Property id="PROPERTY_10722" name="WIRE_MC_03_SPOT" value="ESKU5T-1A303-AA(A10Y00)"/>
				<Property id="PROPERTY_10723" name="WIRE_LENGTH" value="488"/>
				<Property id="PROPERTY_10724" name="WIRE_END2_MATL" value="(SN)"/>
				<Property id="PROPERTY_10725" name="WIRE_CSA" value="0.35"/>
				<Property id="PROPERTY_10726" name="WIRE_MIN_BEND_RADIUS" value="3"/>
				<Property id="PROPERTY_10727" name="WIRE_OPTION" value="HJGAX &amp; ( GTDAW | HNSAC )"/>
				<Property id="PROPERTY_10728" name="WIRE_DEV_PIN_1" value="C2RC01-A:7"/>
				<Property id="PROPERTY_10729" name="WIRE_COLOR" value="BU/OG"/>
				<Property id="PROPERTY_10730" name="WIRE_SPEC" value="2UKD"/>
				<Property id="PROPERTY_10731" name="WIRE_END1_MATL" value="(SN)"/>
				<Property id="PROPERTY_10732" name="WIRE_LEVEL" value="(CNSL-HI)/(A-STR)/XM/YN"/>
				<Property id="PROPERTY_10733" name="WIRE_END1_TERM" value="DU5T-14474-BA"/>
				<Property id="PROPERTY_10734" name="WIRE_DEV_PIN_2" value="C22-SW1:14"/>
				<Property id="PROPERTY_10735" name="WIRE_NAME" value="RRC08A"/>
				<Property id="PROPERTY_10736" name="WIRE_END2_TERM" value="DU5T-14421-FA"/>
				<Property id="PROPERTY_10737" name="WIRE_SIGNAL" value="RRC08"/>
				<Property id="PROPERTY_10738" name="HRN_FAMILY" value="14401"/>
				<Property id="PROPERTY_10739" name="WIRE_MULTICORE" value="TP_TA_VRC08A"/>
				<Property id="PROPERTY_10740" name="WIRE_FPN" value="WIRE-2UKD-0.35-BU/OG"/>
				<Property id="PROPERTY_10741" name="WIRE_DIA_MAX" value="1.2"/>
				<Option id="OPTION_10-c-0-3db5c3_1" value="HJGAX &amp; ( GTDAW | HNSAC )"/>
				<BranchRoute id="BRR_431">
					<StartBranchPosition id="BR_POS_1125" branchId="BRANCH_c2-4e-0-4c0f0b" branchNodeId="BN_20576-224" offset="0"/>
					<PassBranchId>BRANCH_c2-4e-0-4c0df7</PassBranchId>
					<PassBranchId>BRANCH_c2-4e-0-4c0d17</PassBranchId>
					<PassBranchId>BRANCH_c2-4e-0-4c0d28</PassBranchId>
					<EndBranchPosition id="BR_POS_1126" branchId="BRANCH_c2-4e-0-4c0d1a" branchNodeId="BN_21064-160" offset="0"/>
				</BranchRoute>
			</WiringItem>
			<WiringItem xsi:type="Wire" id="WIRE_10-c-0-3db5b7" name="VRC08A" signalId="SIGNAL_10-36-0-3c9759" cableType="WIRE-2UKD-0.35" wireName="WH/GN" fromPinId="PIN_10-18-0-3ca1ec" toPinId="PIN_ff-18-0-492038">
				<AppRef name="E3.Series" version="2.13.7.0" guid="c68fef93-bdcc-4466-8b19-8f3644d427ec"/>
				<Property id="PROPERTY_10742" name="WIRE_MC_03_SPOT" value="ESKU5T-1A303-AA(A10Y00)"/>
				<Property id="PROPERTY_10743" name="WIRE_MC_03_SPOT" value="ESKU5T-1A303-AA(A10Y00)"/>
				<Property id="PROPERTY_10744" name="WIRE_LENGTH" value="488"/>
				<Property id="PROPERTY_10745" name="WIRE_END2_MATL" value="(SN)"/>
				<Property id="PROPERTY_10746" name="WIRE_CSA" value="0.35"/>
				<Property id="PROPERTY_10747" name="WIRE_MIN_BEND_RADIUS" value="3"/>
				<Property id="PROPERTY_10748" name="WIRE_OPTION" value="HJGAX &amp; ( GTDAW | HNSAC )"/>
				<Property id="PROPERTY_10749" name="WIRE_DEV_PIN_1" value="C2RC01-A:6"/>
				<Property id="PROPERTY_10750" name="WIRE_COLOR" value="WH/GN"/>
				<Property id="PROPERTY_10751" name="WIRE_SPEC" value="2UKD"/>
				<Property id="PROPERTY_10752" name="WIRE_END1_MATL" value="(SN)"/>
				<Property id="PROPERTY_10753" name="WIRE_LEVEL" value="(CNSL-HI)/(A-STR)/XM/YN"/>
				<Property id="PROPERTY_10754" name="WIRE_END1_TERM" value="DU5T-14474-BA"/>
				<Property id="PROPERTY_10755" name="WIRE_DEV_PIN_2" value="C22-SW1:13"/>
				<Property id="PROPERTY_10756" name="WIRE_NAME" value="VRC08A"/>
				<Property id="PROPERTY_10757" name="WIRE_END2_TERM" value="DU5T-14421-FA"/>
				<Property id="PROPERTY_10758" name="WIRE_SIGNAL" value="VRC08"/>
				<Property id="PROPERTY_10759" name="HRN_FAMILY" value="14401"/>
				<Property id="PROPERTY_10760" name="WIRE_MULTICORE" value="TP_TA_VRC08A"/>
				<Property id="PROPERTY_10761" name="WIRE_FPN" value="WIRE-2UKD-0.35-WH/GN"/>
				<Property id="PROPERTY_10762" name="WIRE_DIA_MAX" value="1.2"/>
				<Option id="OPTION_10-c-0-3db5b7_1" value="HJGAX &amp; ( GTDAW | HNSAC )"/>
				<BranchRoute id="BRR_432">
					<StartBranchPosition id="BR_POS_1127" branchId="BRANCH_c2-4e-0-4c0f0b" branchNodeId="BN_20576-224" offset="0"/>
					<PassBranchId>BRANCH_c2-4e-0-4c0df7</PassBranchId>
					<PassBranchId>BRANCH_c2-4e-0-4c0d17</PassBranchId>
					<PassBranchId>BRANCH_c2-4e-0-4c0d28</PassBranchId>
					<EndBranchPosition id="BR_POS_1128" branchId="BRANCH_c2-4e-0-4c0d1a" branchNodeId="BN_21064-160" offset="0"/>
				</BranchRoute>
			</WiringItem>
		</WiringItem>
		<WiringItem xsi:type="Bundle" id="BUNDLE_aa-6-0-37b939" name="TP_VRC08EVD" bundleType="twist">
			<AppRef name="E3.Series" version="2.14.5.0" guid="98fb760d-2fb6-4fae-a28c-cd63edf7387a"/>
			<WiringItem xsi:type="Wire" id="WIRE_aa-c-0-37a3bf" name="RRC08EVD" signalId="SIGNAL_10-36-0-3c975a" cableType="WIRE-2UKD-0.35" wireName="BU/OG" fromPinId="PIN_10-18-0-3ca1f3" toPinId="PIN_aa-18-0-37a000">
				<AppRef name="E3.Series" version="2.14.0.0" guid="f03bcae7-0e61-4247-a3a0-d3b9ac689c29"/>
				<Property id="PROPERTY_10763" name="WIRE_LENGTH" value="1525"/>
				<Property id="PROPERTY_10764" name="WIRE_END2_MATL" value="(SN)"/>
				<Property id="PROPERTY_10765" name="WIRE_CSA" value="0.35"/>
				<Property id="PROPERTY_10766" name="WIRE_MIN_BEND_RADIUS" value="3"/>
				<Property id="PROPERTY_10767" name="WIRE_OPTION" value="HJGAY &amp; HLNAF"/>
				<Property id="PROPERTY_10768" name="WIRE_DEV_PIN_1" value="C2RC01-A:7"/>
				<Property id="PROPERTY_10769" name="WIRE_COLOR" value="BU/OG"/>
				<Property id="PROPERTY_10770" name="WIRE_SPEC" value="2UKD"/>
				<Property id="PROPERTY_10771" name="WIRE_END1_MATL" value="(SN)"/>
				<Property id="PROPERTY_10772" name="WIRE_LEVEL" value="ZA/ZB/ZC"/>
				<Property id="PROPERTY_10773" name="WIRE_END1_TERM" value="DU5T-14474-BA"/>
				<Property id="PROPERTY_10774" name="WIRE_DEV_PIN_2" value="C2RC08-EV:1"/>
				<Property id="PROPERTY_10775" name="WIRE_NAME" value="RRC08EVD"/>
				<Property id="PROPERTY_10776" name="WIRE_END2_TERM" value="DU5T-14474-TAB"/>
				<Property id="PROPERTY_10777" name="WIRE_SIGNAL" value="RRC08"/>
				<Property id="PROPERTY_10778" name="HRN_FAMILY" value="14401"/>
				<Property id="PROPERTY_10779" name="WIRE_MULTICORE" value="TP_VRC08EVD"/>
				<Property id="PROPERTY_10780" name="WIRE_FPN" value="WIRE-2UKD-0.35-BU/OG"/>
				<Property id="PROPERTY_10781" name="WIRE_DIA_MAX" value="1.2"/>
				<Option id="OPTION_aa-c-0-37a3bf_1" value="HJGAY &amp; HLNAF"/>
				<BranchRoute id="BRR_433">
					<StartBranchPosition id="BR_POS_1129" branchId="BRANCH_35-4e-0-358d35" branchNodeId="BN_11588-112" offset="0"/>
					<PassBranchId>BRANCH_34-4e-0-79528a</PassBranchId>
					<PassBranchId>BRANCH_35-4e-0-3670c5</PassBranchId>
					<PassBranchId>BRANCH_34-4e-0-79f0aa</PassBranchId>
					<PassBranchId>BRANCH_35-4e-0-358d30</PassBranchId>
					<PassBranchId>BRANCH_35-4e-0-3ba590</PassBranchId>
					<PassBranchId>BRANCH_35-4e-0-3ba598</PassBranchId>
					<PassBranchId>BRANCH_c2-4e-0-4c0f60</PassBranchId>
					<PassBranchId>BRANCH_c2-4e-0-4c1005</PassBranchId>
					<PassBranchId>BRANCH_c2-4e-0-4c0f45</PassBranchId>
					<PassBranchId>BRANCH_c2-4e-0-4c0dea</PassBranchId>
					<PassBranchId>BRANCH_c2-4e-0-4c0fd1</PassBranchId>
					<PassBranchId>BRANCH_c2-4e-0-4c0fe8</PassBranchId>
					<PassBranchId>BRANCH_c2-4e-0-4c1009</PassBranchId>
					<PassBranchId>BRANCH_c2-4e-0-4c10cb</PassBranchId>
					<PassBranchId>BRANCH_c2-4e-0-4c10ec</PassBranchId>
					<PassBranchId>BRANCH_c2-4e-0-4c1068</PassBranchId>
					<PassBranchId>BRANCH_c2-4e-0-4c0d17</PassBranchId>
					<PassBranchId>BRANCH_c2-4e-0-4c0d28</PassBranchId>
					<EndBranchPosition id="BR_POS_1130" branchId="BRANCH_c2-4e-0-4c0d1a" branchNodeId="BN_21064-160" offset="0"/>
				</BranchRoute>
			</WiringItem>
			<WiringItem xsi:type="Wire" id="WIRE_aa-c-0-37a1aa" name="VRC08EVD" signalId="SIGNAL_10-36-0-3c9759" cableType="WIRE-2UKD-0.35" wireName="WH/GN" fromPinId="PIN_10-18-0-3ca1ec" toPinId="PIN_aa-18-0-37a004">
				<AppRef name="E3.Series" version="2.14.0.0" guid="3515b71f-2941-4d90-b463-2888194ecd4d"/>
				<Property id="PROPERTY_10782" name="WIRE_LENGTH" value="1525"/>
				<Property id="PROPERTY_10783" name="WIRE_END2_MATL" value="(SN)"/>
				<Property id="PROPERTY_10784" name="WIRE_CSA" value="0.35"/>
				<Property id="PROPERTY_10785" name="WIRE_MIN_BEND_RADIUS" value="3"/>
				<Property id="PROPERTY_10786" name="WIRE_OPTION" value="HJGAY &amp; HLNAF"/>
				<Property id="PROPERTY_10787" name="WIRE_DEV_PIN_1" value="C2RC01-A:6"/>
				<Property id="PROPERTY_10788" name="WIRE_COLOR" value="WH/GN"/>
				<Property id="PROPERTY_10789" name="WIRE_SPEC" value="2UKD"/>
				<Property id="PROPERTY_10790" name="WIRE_END1_MATL" value="(SN)"/>
				<Property id="PROPERTY_10791" name="WIRE_LEVEL" value="ZA/ZB/ZC"/>
				<Property id="PROPERTY_10792" name="WIRE_END1_TERM" value="DU5T-14474-BA"/>
				<Property id="PROPERTY_10793" name="WIRE_DEV_PIN_2" value="C2RC08-EV:2"/>
				<Property id="PROPERTY_10794" name="WIRE_NAME" value="VRC08EVD"/>
				<Property id="PROPERTY_10795" name="WIRE_END2_TERM" value="DU5T-14474-TAB"/>
				<Property id="PROPERTY_10796" name="WIRE_SIGNAL" value="VRC08"/>
				<Property id="PROPERTY_10797" name="HRN_FAMILY" value="14401"/>
				<Property id="PROPERTY_10798" name="WIRE_MULTICORE" value="TP_VRC08EVD"/>
				<Property id="PROPERTY_10799" name="WIRE_FPN" value="WIRE-2UKD-0.35-WH/GN"/>
				<Property id="PROPERTY_10800" name="WIRE_DIA_MAX" value="1.2"/>
				<Option id="OPTION_aa-c-0-37a1aa_1" value="HJGAY &amp; HLNAF"/>
				<BranchRoute id="BRR_434">
					<StartBranchPosition id="BR_POS_1131" branchId="BRANCH_35-4e-0-358d35" branchNodeId="BN_11588-112" offset="0"/>
					<PassBranchId>BRANCH_34-4e-0-79528a</PassBranchId>
					<PassBranchId>BRANCH_35-4e-0-3670c5</PassBranchId>
					<PassBranchId>BRANCH_34-4e-0-79f0aa</PassBranchId>
					<PassBranchId>BRANCH_35-4e-0-358d30</PassBranchId>
					<PassBranchId>BRANCH_35-4e-0-3ba590</PassBranchId>
					<PassBranchId>BRANCH_35-4e-0-3ba598</PassBranchId>
					<PassBranchId>BRANCH_c2-4e-0-4c0f60</PassBranchId>
					<PassBranchId>BRANCH_c2-4e-0-4c1005</PassBranchId>
					<PassBranchId>BRANCH_c2-4e-0-4c0f45</PassBranchId>
					<PassBranchId>BRANCH_c2-4e-0-4c0dea</PassBranchId>
					<PassBranchId>BRANCH_c2-4e-0-4c0fd1</PassBranchId>
					<PassBranchId>BRANCH_c2-4e-0-4c0fe8</PassBranchId>
					<PassBranchId>BRANCH_c2-4e-0-4c1009</PassBranchId>
					<PassBranchId>BRANCH_c2-4e-0-4c10cb</PassBranchId>
					<PassBranchId>BRANCH_c2-4e-0-4c10ec</PassBranchId>
					<PassBranchId>BRANCH_c2-4e-0-4c1068</PassBranchId>
					<PassBranchId>BRANCH_c2-4e-0-4c0d17</PassBranchId>
					<PassBranchId>BRANCH_c2-4e-0-4c0d28</PassBranchId>
					<EndBranchPosition id="BR_POS_1132" branchId="BRANCH_c2-4e-0-4c0d1a" branchNodeId="BN_21064-160" offset="0"/>
				</BranchRoute>
			</WiringItem>
		</WiringItem>
		<WiringItem xsi:type="Bundle" id="BUNDLE_98-6-0-f8d8f" name="TP_CR101A3" bundleType="twist">
			<AppRef name="E3.Series" version="2.14.5.0" guid="23673dc0-bc08-4098-bcf3-d545a2850b91"/>
			<WiringItem xsi:type="Wire" id="WIRE_98-c-0-f3060" name="CR101A3" signalId="SIGNAL_2-36-0-38f5" cableType="WIRE-2TAE-0.50" wireName="VT/BN" fromPinId="PIN_8-18-0-18e6d" toPinId="PIN_8c-18-0-3398af">
				<AppRef name="E3.Series" version="2.13.7.0" guid="4fdd604a-d774-451f-87ff-f8cfb4c4b448"/>
				<Property id="PROPERTY_7306" name="WIRE_LENGTH" value="3282"/>
				<Property id="PROPERTY_7307" name="WIRE_END2_MATL" value="(AU)"/>
				<Property id="PROPERTY_7308" name="WIRE_CSA" value="0.5"/>
				<Property id="PROPERTY_7309" name="WIRE_MIN_BEND_RADIUS" value="4.25"/>
				<Property id="PROPERTY_7310" name="WIRE_OPTION" value="GPAAW"/>
				<Property id="PROPERTY_7311" name="WIRE_DEV_PIN_1" value="C2R114-A:29"/>
				<Property id="PROPERTY_7312" name="WIRE_COLOR" value="VT/BN"/>
				<Property id="PROPERTY_7313" name="WIRE_SPEC" value="2TAE"/>
				<Property id="PROPERTY_7314" name="WIRE_END1_MATL" value="(SN)"/>
				<Property id="PROPERTY_7315" name="WIRE_LEVEL" value="(A-STR)"/>
				<Property id="PROPERTY_7316" name="WIRE_END1_TERM" value="8U5T-14474-BB"/>
				<Property id="PROPERTY_7317" name="WIRE_DEV_PIN_2" value="C2R168-C:11"/>
				<Property id="PROPERTY_7318" name="WIRE_NAME" value="CR101A3"/>
				<Property id="PROPERTY_7319" name="WIRE_END2_TERM" value="1L2T-14474-CA"/>
				<Property id="PROPERTY_7320" name="WIRE_SIGNAL" value="CR101"/>
				<Property id="PROPERTY_7321" name="HRN_FAMILY" value="14401"/>
				<Property id="PROPERTY_7322" name="WIRE_MULTICORE" value="TP_CR101A3"/>
				<Property id="PROPERTY_7323" name="WIRE_FPN" value="WIRE-2TAE-0.50-VT/BN"/>
				<Property id="PROPERTY_7324" name="WIRE_DIA_MAX" value="1.6"/>
				<Option id="OPTION_98-c-0-f3060_1" value="GPAAW"/>
				<BranchRoute id="BRR_240">
					<StartBranchPosition id="BR_POS_743" branchId="BRANCH_c2-4e-0-4c0dae" branchNodeId="BN_4478_25-182_156" offset="0"/>
					<PassBranchId>BRANCH_c2-4e-0-4c0edc</PassBranchId>
					<PassBranchId>BRANCH_c2-4e-0-4c10ad</PassBranchId>
					<PassBranchId>BRANCH_c2-4e-0-4c0db1</PassBranchId>
					<PassBranchId>BRANCH_c2-4e-0-4c0d9b</PassBranchId>
					<PassBranchId>BRANCH_c2-4e-0-4c10b4</PassBranchId>
					<PassBranchId>BRANCH_c2-4e-0-4c10b7</PassBranchId>
					<PassBranchId>BRANCH_c2-4e-0-4c0fa1</PassBranchId>
					<PassBranchId>BRANCH_c2-4e-0-4c10b1</PassBranchId>
					<PassBranchId>BRANCH_c2-4e-0-4c0f9e</PassBranchId>
					<PassBranchId>BRANCH_c2-4e-0-4c0f9b</PassBranchId>
					<PassBranchId>BRANCH_c2-4e-0-4c10ae</PassBranchId>
					<PassBranchId>BRANCH_c2-4e-0-4c0d95</PassBranchId>
					<PassBranchId>BRANCH_c2-4e-0-4c101d</PassBranchId>
					<PassBranchId>BRANCH_c2-4e-0-4c101a</PassBranchId>
					<PassBranchId>BRANCH_c2-4e-0-4c0fce</PassBranchId>
					<PassBranchId>BRANCH_c2-4e-0-4c0d1d</PassBranchId>
					<PassBranchId>BRANCH_35-4e-0-2efaf8</PassBranchId>
					<PassBranchId>BRANCH_c2-4e-0-4c10c0</PassBranchId>
					<PassBranchId>BRANCH_c2-4e-0-4c0fc8</PassBranchId>
					<PassBranchId>BRANCH_c2-4e-0-4c108d</PassBranchId>
					<PassBranchId>BRANCH_c2-4e-0-4c0d88</PassBranchId>
					<PassBranchId>BRANCH_c2-4e-0-4c109a</PassBranchId>
					<PassBranchId>BRANCH_c2-4e-0-4c0e16</PassBranchId>
					<PassBranchId>BRANCH_c2-4e-0-4c0fcb</PassBranchId>
					<PassBranchId>BRANCH_c2-4e-0-4c0dea</PassBranchId>
					<PassBranchId>BRANCH_c2-4e-0-4c0fd1</PassBranchId>
					<PassBranchId>BRANCH_c2-4e-0-4c0fe8</PassBranchId>
					<PassBranchId>BRANCH_c2-4e-0-4c1009</PassBranchId>
					<PassBranchId>BRANCH_c2-4e-0-4c10cb</PassBranchId>
					<PassBranchId>BRANCH_c2-4e-0-4c10ec</PassBranchId>
					<PassBranchId>BRANCH_c2-4e-0-4c1075</PassBranchId>
					<PassBranchId>BRANCH_c2-4e-0-4c106f</PassBranchId>
					<PassBranchId>BRANCH_c2-4e-0-4c1087</PassBranchId>
					<PassBranchId>BRANCH_c2-4e-0-4c1083</PassBranchId>
					<PassBranchId>BRANCH_c2-4e-0-4c0f89</PassBranchId>
					<PassBranchId>BRANCH_c2-4e-0-4c0f18</PassBranchId>
					<PassBranchId>BRANCH_c2-4e-0-4c0f88</PassBranchId>
					<PassBranchId>BRANCH_c2-4e-0-4c0e97</PassBranchId>
					<PassBranchId>BRANCH_c2-4e-0-4c10ce</PassBranchId>
					<PassBranchId>BRANCH_c2-4e-0-4c0e9b</PassBranchId>
					<PassBranchId>BRANCH_c2-4e-0-4c0fef</PassBranchId>
					<PassBranchId>BRANCH_c2-4e-0-4c0d34</PassBranchId>
					<PassBranchId>BRANCH_c2-4e-0-4c0ff2</PassBranchId>
					<PassBranchId>BRANCH_c2-4e-0-4c0ff5</PassBranchId>
					<PassBranchId>BRANCH_c2-4e-0-4c0f1f</PassBranchId>
					<PassBranchId>BRANCH_c2-4e-0-4c0dfd</PassBranchId>
					<EndBranchPosition id="BR_POS_744" branchId="BRANCH_c2-4e-0-4c0f20" branchNodeId="BN_17896-236" offset="0"/>
				</BranchRoute>
			</WiringItem>
			<WiringItem xsi:type="Wire" id="WIRE_98-c-0-f3076" name="RR101A3" signalId="SIGNAL_2-36-0-3d3a" cableType="WIRE-2TAE-0.50" wireName="YE/GN" fromPinId="PIN_8-18-0-18e75" toPinId="PIN_8c-18-0-3398b6">
				<AppRef name="E3.Series" version="2.13.7.0" guid="63024a05-10d6-4f84-9d5c-80443e6d9dfb"/>
				<Property id="PROPERTY_7325" name="WIRE_LENGTH" value="3282"/>
				<Property id="PROPERTY_7326" name="WIRE_END2_MATL" value="(AU)"/>
				<Property id="PROPERTY_7327" name="WIRE_CSA" value="0.5"/>
				<Property id="PROPERTY_7328" name="WIRE_MIN_BEND_RADIUS" value="4.25"/>
				<Property id="PROPERTY_7329" name="WIRE_OPTION" value="GPAAW"/>
				<Property id="PROPERTY_7330" name="WIRE_DEV_PIN_1" value="C2R114-A:30"/>
				<Property id="PROPERTY_7331" name="WIRE_COLOR" value="YE/GN"/>
				<Property id="PROPERTY_7332" name="WIRE_SPEC" value="2TAE"/>
				<Property id="PROPERTY_7333" name="WIRE_END1_MATL" value="(SN)"/>
				<Property id="PROPERTY_7334" name="WIRE_LEVEL" value="(A-STR)"/>
				<Property id="PROPERTY_7335" name="WIRE_END1_TERM" value="8U5T-14474-BB"/>
				<Property id="PROPERTY_7336" name="WIRE_DEV_PIN_2" value="C2R168-C:12"/>
				<Property id="PROPERTY_7337" name="WIRE_NAME" value="RR101A3"/>
				<Property id="PROPERTY_7338" name="WIRE_END2_TERM" value="1L2T-14474-CA"/>
				<Property id="PROPERTY_7339" name="WIRE_SIGNAL" value="RR101"/>
				<Property id="PROPERTY_7340" name="HRN_FAMILY" value="14401"/>
				<Property id="PROPERTY_7341" name="WIRE_MULTICORE" value="TP_CR101A3"/>
				<Property id="PROPERTY_7342" name="WIRE_FPN" value="WIRE-2TAE-0.50-YE/GN"/>
				<Property id="PROPERTY_7343" name="WIRE_DIA_MAX" value="1.6"/>
				<Option id="OPTION_98-c-0-f3076_1" value="GPAAW"/>
				<BranchRoute id="BRR_241">
					<StartBranchPosition id="BR_POS_745" branchId="BRANCH_c2-4e-0-4c0dae" branchNodeId="BN_4478_25-182_156" offset="0"/>
					<PassBranchId>BRANCH_c2-4e-0-4c0edc</PassBranchId>
					<PassBranchId>BRANCH_c2-4e-0-4c10ad</PassBranchId>
					<PassBranchId>BRANCH_c2-4e-0-4c0db1</PassBranchId>
					<PassBranchId>BRANCH_c2-4e-0-4c0d9b</PassBranchId>
					<PassBranchId>BRANCH_c2-4e-0-4c10b4</PassBranchId>
					<PassBranchId>BRANCH_c2-4e-0-4c10b7</PassBranchId>
					<PassBranchId>BRANCH_c2-4e-0-4c0fa1</PassBranchId>
					<PassBranchId>BRANCH_c2-4e-0-4c10b1</PassBranchId>
					<PassBranchId>BRANCH_c2-4e-0-4c0f9e</PassBranchId>
					<PassBranchId>BRANCH_c2-4e-0-4c0f9b</PassBranchId>
					<PassBranchId>BRANCH_c2-4e-0-4c10ae</PassBranchId>
					<PassBranchId>BRANCH_c2-4e-0-4c0d95</PassBranchId>
					<PassBranchId>BRANCH_c2-4e-0-4c101d</PassBranchId>
					<PassBranchId>BRANCH_c2-4e-0-4c101a</PassBranchId>
					<PassBranchId>BRANCH_c2-4e-0-4c0fce</PassBranchId>
					<PassBranchId>BRANCH_c2-4e-0-4c0d1d</PassBranchId>
					<PassBranchId>BRANCH_35-4e-0-2efaf8</PassBranchId>
					<PassBranchId>BRANCH_c2-4e-0-4c10c0</PassBranchId>
					<PassBranchId>BRANCH_c2-4e-0-4c0fc8</PassBranchId>
					<PassBranchId>BRANCH_c2-4e-0-4c108d</PassBranchId>
					<PassBranchId>BRANCH_c2-4e-0-4c0d88</PassBranchId>
					<PassBranchId>BRANCH_c2-4e-0-4c109a</PassBranchId>
					<PassBranchId>BRANCH_c2-4e-0-4c0e16</PassBranchId>
					<PassBranchId>BRANCH_c2-4e-0-4c0fcb</PassBranchId>
					<PassBranchId>BRANCH_c2-4e-0-4c0dea</PassBranchId>
					<PassBranchId>BRANCH_c2-4e-0-4c0fd1</PassBranchId>
					<PassBranchId>BRANCH_c2-4e-0-4c0fe8</PassBranchId>
					<PassBranchId>BRANCH_c2-4e-0-4c1009</PassBranchId>
					<PassBranchId>BRANCH_c2-4e-0-4c10cb</PassBranchId>
					<PassBranchId>BRANCH_c2-4e-0-4c10ec</PassBranchId>
					<PassBranchId>BRANCH_c2-4e-0-4c1075</PassBranchId>
					<PassBranchId>BRANCH_c2-4e-0-4c106f</PassBranchId>
					<PassBranchId>BRANCH_c2-4e-0-4c1087</PassBranchId>
					<PassBranchId>BRANCH_c2-4e-0-4c1083</PassBranchId>
					<PassBranchId>BRANCH_c2-4e-0-4c0f89</PassBranchId>
					<PassBranchId>BRANCH_c2-4e-0-4c0f18</PassBranchId>
					<PassBranchId>BRANCH_c2-4e-0-4c0f88</PassBranchId>
					<PassBranchId>BRANCH_c2-4e-0-4c0e97</PassBranchId>
					<PassBranchId>BRANCH_c2-4e-0-4c10ce</PassBranchId>
					<PassBranchId>BRANCH_c2-4e-0-4c0e9b</PassBranchId>
					<PassBranchId>BRANCH_c2-4e-0-4c0fef</PassBranchId>
					<PassBranchId>BRANCH_c2-4e-0-4c0d34</PassBranchId>
					<PassBranchId>BRANCH_c2-4e-0-4c0ff2</PassBranchId>
					<PassBranchId>BRANCH_c2-4e-0-4c0ff5</PassBranchId>
					<PassBranchId>BRANCH_c2-4e-0-4c0f1f</PassBranchId>
					<PassBranchId>BRANCH_c2-4e-0-4c0dfd</PassBranchId>
					<EndBranchPosition id="BR_POS_746" branchId="BRANCH_c2-4e-0-4c0f20" branchNodeId="BN_17896-236" offset="0"/>
				</BranchRoute>
			</WiringItem>
		</WiringItem>
		<WiringItem xsi:type="Bundle" id="BUNDLE_a1-6-0-9d1ca" name="TP_CR102A1" bundleType="twist">
			<AppRef name="E3.Series" version="2.14.5.0" guid="01715f6b-c455-4c85-b57d-1865a1b7cfa6"/>
			<WiringItem xsi:type="Wire" id="WIRE_95-c-0-e48d5" name="CR102A1" signalId="SIGNAL_2-36-0-38f6" cableType="WIRE-2TAE-0.50" wireName="BU" fromPinId="PIN_8-18-0-18e3e" toPinId="PIN_48-18-0-85d4d6">
				<AppRef name="E3.Series" version="2.13.7.0" guid="59f84042-c360-4db3-ac87-099e4aa66e7e"/>
				<Property id="PROPERTY_7344" name="WIRE_LENGTH" value="3282"/>
				<Property id="PROPERTY_7345" name="WIRE_END2_MATL" value="(AU)"/>
				<Property id="PROPERTY_7346" name="WIRE_CSA" value="0.5"/>
				<Property id="PROPERTY_7347" name="WIRE_MIN_BEND_RADIUS" value="4.25"/>
				<Property id="PROPERTY_7348" name="WIRE_OPTION" value="GPAAJ"/>
				<Property id="PROPERTY_7349" name="WIRE_DEV_PIN_1" value="C2R114-A:10"/>
				<Property id="PROPERTY_7350" name="WIRE_COLOR" value="BU"/>
				<Property id="PROPERTY_7351" name="WIRE_SPEC" value="2TAE"/>
				<Property id="PROPERTY_7352" name="WIRE_END1_MATL" value="(SN)"/>
				<Property id="PROPERTY_7353" name="WIRE_LEVEL" value="(E-STR)"/>
				<Property id="PROPERTY_7354" name="WIRE_END1_TERM" value="8U5T-14474-BB"/>
				<Property id="PROPERTY_7355" name="WIRE_DEV_PIN_2" value="C2AM01-A:3"/>
				<Property id="PROPERTY_7356" name="WIRE_NAME" value="CR102A1"/>
				<Property id="PROPERTY_7357" name="WIRE_END2_TERM" value="1L2T-14474-CA"/>
				<Property id="PROPERTY_7358" name="WIRE_SIGNAL" value="CR102"/>
				<Property id="PROPERTY_7359" name="HRN_FAMILY" value="14401"/>
				<Property id="PROPERTY_7360" name="WIRE_MULTICORE" value="TP_CR102A1"/>
				<Property id="PROPERTY_7361" name="WIRE_FPN" value="WIRE-2TAE-0.50-BU"/>
				<Property id="PROPERTY_7362" name="WIRE_DIA_MAX" value="1.6"/>
				<Option id="OPTION_95-c-0-e48d5_1" value="GPAAJ"/>
				<BranchRoute id="BRR_242">
					<StartBranchPosition id="BR_POS_747" branchId="BRANCH_c2-4e-0-4c0ee1" branchNodeId="BN_4390_25-206_156" offset="0"/>
					<PassBranchId>BRANCH_c2-4e-0-4c0ee0</PassBranchId>
					<PassBranchId>BRANCH_c2-4e-0-4c10ad</PassBranchId>
					<PassBranchId>BRANCH_c2-4e-0-4c0db1</PassBranchId>
					<PassBranchId>BRANCH_c2-4e-0-4c0d9b</PassBranchId>
					<PassBranchId>BRANCH_c2-4e-0-4c10b4</PassBranchId>
					<PassBranchId>BRANCH_c2-4e-0-4c10b7</PassBranchId>
					<PassBranchId>BRANCH_c2-4e-0-4c0fa1</PassBranchId>
					<PassBranchId>BRANCH_c2-4e-0-4c10b1</PassBranchId>
					<PassBranchId>BRANCH_c2-4e-0-4c0f9e</PassBranchId>
					<PassBranchId>BRANCH_c2-4e-0-4c0f9b</PassBranchId>
					<PassBranchId>BRANCH_c2-4e-0-4c10ae</PassBranchId>
					<PassBranchId>BRANCH_c2-4e-0-4c0d95</PassBranchId>
					<PassBranchId>BRANCH_c2-4e-0-4c101d</PassBranchId>
					<PassBranchId>BRANCH_c2-4e-0-4c101a</PassBranchId>
					<PassBranchId>BRANCH_c2-4e-0-4c0fce</PassBranchId>
					<PassBranchId>BRANCH_c2-4e-0-4c0d1d</PassBranchId>
					<PassBranchId>BRANCH_35-4e-0-2efaf8</PassBranchId>
					<PassBranchId>BRANCH_c2-4e-0-4c10c0</PassBranchId>
					<PassBranchId>BRANCH_c2-4e-0-4c0fc8</PassBranchId>
					<PassBranchId>BRANCH_c2-4e-0-4c108d</PassBranchId>
					<PassBranchId>BRANCH_c2-4e-0-4c0d88</PassBranchId>
					<PassBranchId>BRANCH_c2-4e-0-4c109a</PassBranchId>
					<PassBranchId>BRANCH_c2-4e-0-4c0e16</PassBranchId>
					<PassBranchId>BRANCH_c2-4e-0-4c0fcb</PassBranchId>
					<PassBranchId>BRANCH_c2-4e-0-4c0dea</PassBranchId>
					<PassBranchId>BRANCH_c2-4e-0-4c0fd1</PassBranchId>
					<PassBranchId>BRANCH_c2-4e-0-4c0fe8</PassBranchId>
					<PassBranchId>BRANCH_c2-4e-0-4c1009</PassBranchId>
					<PassBranchId>BRANCH_c2-4e-0-4c10cb</PassBranchId>
					<PassBranchId>BRANCH_c2-4e-0-4c10ec</PassBranchId>
					<PassBranchId>BRANCH_c2-4e-0-4c1075</PassBranchId>
					<PassBranchId>BRANCH_c2-4e-0-4c106f</PassBranchId>
					<PassBranchId>BRANCH_c2-4e-0-4c1087</PassBranchId>
					<PassBranchId>BRANCH_c2-4e-0-4c1083</PassBranchId>
					<PassBranchId>BRANCH_c2-4e-0-4c0f89</PassBranchId>
					<PassBranchId>BRANCH_c2-4e-0-4c0f18</PassBranchId>
					<PassBranchId>BRANCH_c2-4e-0-4c0f88</PassBranchId>
					<PassBranchId>BRANCH_c2-4e-0-4c0e97</PassBranchId>
					<PassBranchId>BRANCH_c2-4e-0-4c10ce</PassBranchId>
					<PassBranchId>BRANCH_c2-4e-0-4c0e9b</PassBranchId>
					<PassBranchId>BRANCH_c2-4e-0-4c0fef</PassBranchId>
					<PassBranchId>BRANCH_c2-4e-0-4c0d34</PassBranchId>
					<PassBranchId>BRANCH_c2-4e-0-4c0ff2</PassBranchId>
					<PassBranchId>BRANCH_c2-4e-0-4c0ff5</PassBranchId>
					<PassBranchId>BRANCH_c2-4e-0-4c0f1f</PassBranchId>
					<PassBranchId>BRANCH_c2-4e-0-4c0dfd</PassBranchId>
					<EndBranchPosition id="BR_POS_748" branchId="BRANCH_c2-4e-0-4c0f20" branchNodeId="BN_17896-236" offset="0"/>
				</BranchRoute>
			</WiringItem>
			<WiringItem xsi:type="Wire" id="WIRE_95-c-0-e488e" name="RR102A1" signalId="SIGNAL_2-36-0-3d3b" cableType="WIRE-2TAE-0.50" wireName="WH" fromPinId="PIN_8-18-0-18e45" toPinId="PIN_48-18-0-85d4da">
				<AppRef name="E3.Series" version="2.13.7.0" guid="874f1506-72fc-48b5-835c-161796f26dfc"/>
				<Property id="PROPERTY_7363" name="WIRE_LENGTH" value="3282"/>
				<Property id="PROPERTY_7364" name="WIRE_END2_MATL" value="(AU)"/>
				<Property id="PROPERTY_7365" name="WIRE_LEVEL" value="(E-STR)"/>
				<Property id="PROPERTY_7366" name="WIRE_CSA" value="0.5"/>
				<Property id="PROPERTY_7367" name="WIRE_MIN_BEND_RADIUS" value="4.25"/>
				<Property id="PROPERTY_7368" name="WIRE_OPTION" value="GPAAJ"/>
				<Property id="PROPERTY_7369" name="WIRE_DEV_PIN_1" value="C2R114-A:9"/>
				<Property id="PROPERTY_7370" name="WIRE_COLOR" value="WH"/>
				<Property id="PROPERTY_7371" name="WIRE_SPEC" value="2TAE"/>
				<Property id="PROPERTY_7372" name="WIRE_END1_MATL" value="(SN)"/>
				<Property id="PROPERTY_7373" name="WIRE_END2_TERM" value="1L2T-14474-CA"/>
				<Property id="PROPERTY_7374" name="WIRE_END1_TERM" value="8U5T-14474-BB"/>
				<Property id="PROPERTY_7375" name="WIRE_DEV_PIN_2" value="C2AM01-A:4"/>
				<Property id="PROPERTY_7376" name="WIRE_NAME" value="RR102A1"/>
				<Property id="PROPERTY_7377" name="ROUTEPATH_1" value="RTE-14401-GRAAP"/>
				<Property id="PROPERTY_7378" name="WIRE_SIGNAL" value="RR102"/>
				<Property id="PROPERTY_7379" name="HRN_FAMILY" value="14401"/>
				<Property id="PROPERTY_7380" name="ROUTEPATH_2" value="RTE-14401-GRAAP-2"/>
				<Property id="PROPERTY_7381" name="WIRE_MULTICORE" value="TP_CR102A1"/>
				<Property id="PROPERTY_7382" name="WIRE_FPN" value="WIRE-2TAE-0.50-WH"/>
				<Property id="PROPERTY_7383" name="WIRE_DIA_MAX" value="1.6"/>
				<Option id="OPTION_95-c-0-e488e_1" value="GPAAJ"/>
				<BranchRoute id="BRR_243">
					<StartBranchPosition id="BR_POS_749" branchId="BRANCH_c2-4e-0-4c0ee1" branchNodeId="BN_4390_25-206_156" offset="0"/>
					<PassBranchId>BRANCH_c2-4e-0-4c0ee0</PassBranchId>
					<PassBranchId>BRANCH_c2-4e-0-4c10ad</PassBranchId>
					<PassBranchId>BRANCH_c2-4e-0-4c0db1</PassBranchId>
					<PassBranchId>BRANCH_c2-4e-0-4c0d9b</PassBranchId>
					<PassBranchId>BRANCH_c2-4e-0-4c10b4</PassBranchId>
					<PassBranchId>BRANCH_c2-4e-0-4c10b7</PassBranchId>
					<PassBranchId>BRANCH_c2-4e-0-4c0fa1</PassBranchId>
					<PassBranchId>BRANCH_c2-4e-0-4c10b1</PassBranchId>
					<PassBranchId>BRANCH_c2-4e-0-4c0f9e</PassBranchId>
					<PassBranchId>BRANCH_c2-4e-0-4c0f9b</PassBranchId>
					<PassBranchId>BRANCH_c2-4e-0-4c10ae</PassBranchId>
					<PassBranchId>BRANCH_c2-4e-0-4c0d95</PassBranchId>
					<PassBranchId>BRANCH_c2-4e-0-4c101d</PassBranchId>
					<PassBranchId>BRANCH_c2-4e-0-4c101a</PassBranchId>
					<PassBranchId>BRANCH_c2-4e-0-4c0fce</PassBranchId>
					<PassBranchId>BRANCH_c2-4e-0-4c0d1d</PassBranchId>
					<PassBranchId>BRANCH_35-4e-0-2efaf8</PassBranchId>
					<PassBranchId>BRANCH_c2-4e-0-4c10c0</PassBranchId>
					<PassBranchId>BRANCH_c2-4e-0-4c0fc8</PassBranchId>
					<PassBranchId>BRANCH_c2-4e-0-4c108d</PassBranchId>
					<PassBranchId>BRANCH_c2-4e-0-4c0d88</PassBranchId>
					<PassBranchId>BRANCH_c2-4e-0-4c109a</PassBranchId>
					<PassBranchId>BRANCH_c2-4e-0-4c0e16</PassBranchId>
					<PassBranchId>BRANCH_c2-4e-0-4c0fcb</PassBranchId>
					<PassBranchId>BRANCH_c2-4e-0-4c0dea</PassBranchId>
					<PassBranchId>BRANCH_c2-4e-0-4c0fd1</PassBranchId>
					<PassBranchId>BRANCH_c2-4e-0-4c0fe8</PassBranchId>
					<PassBranchId>BRANCH_c2-4e-0-4c1009</PassBranchId>
					<PassBranchId>BRANCH_c2-4e-0-4c10cb</PassBranchId>
					<PassBranchId>BRANCH_c2-4e-0-4c10ec</PassBranchId>
					<PassBranchId>BRANCH_c2-4e-0-4c1075</PassBranchId>
					<PassBranchId>BRANCH_c2-4e-0-4c106f</PassBranchId>
					<PassBranchId>BRANCH_c2-4e-0-4c1087</PassBranchId>
					<PassBranchId>BRANCH_c2-4e-0-4c1083</PassBranchId>
					<PassBranchId>BRANCH_c2-4e-0-4c0f89</PassBranchId>
					<PassBranchId>BRANCH_c2-4e-0-4c0f18</PassBranchId>
					<PassBranchId>BRANCH_c2-4e-0-4c0f88</PassBranchId>
					<PassBranchId>BRANCH_c2-4e-0-4c0e97</PassBranchId>
					<PassBranchId>BRANCH_c2-4e-0-4c10ce</PassBranchId>
					<PassBranchId>BRANCH_c2-4e-0-4c0e9b</PassBranchId>
					<PassBranchId>BRANCH_c2-4e-0-4c0fef</PassBranchId>
					<PassBranchId>BRANCH_c2-4e-0-4c0d34</PassBranchId>
					<PassBranchId>BRANCH_c2-4e-0-4c0ff2</PassBranchId>
					<PassBranchId>BRANCH_c2-4e-0-4c0ff5</PassBranchId>
					<PassBranchId>BRANCH_c2-4e-0-4c0f1f</PassBranchId>
					<PassBranchId>BRANCH_c2-4e-0-4c0dfd</PassBranchId>
					<EndBranchPosition id="BR_POS_750" branchId="BRANCH_c2-4e-0-4c0f20" branchNodeId="BN_17896-236" offset="0"/>
				</BranchRoute>
			</WiringItem>
		</WiringItem>
		<WiringItem xsi:type="Bundle" id="BUNDLE_98-6-0-f8d93" name="TP_CR102A3" bundleType="twist">
			<AppRef name="E3.Series" version="2.14.5.0" guid="9f4092ee-fbab-4203-aec6-dcb1e4e30888"/>
			<WiringItem xsi:type="Wire" id="WIRE_98-c-0-f5e06" name="CR102A3" signalId="SIGNAL_2-36-0-38f6" cableType="WIRE-2TAE-0.50" wireName="BU" fromPinId="PIN_8-18-0-18e3e" toPinId="PIN_8c-18-0-3398c4">
				<AppRef name="E3.Series" version="2.13.7.0" guid="68d0f6e3-a1a7-41d8-95ac-4b301f6e75e4"/>
				<Property id="PROPERTY_7384" name="WIRE_LENGTH" value="3282"/>
				<Property id="PROPERTY_7385" name="WIRE_END2_MATL" value="(AU)"/>
				<Property id="PROPERTY_7386" name="WIRE_CSA" value="0.5"/>
				<Property id="PROPERTY_7387" name="WIRE_MIN_BEND_RADIUS" value="4.25"/>
				<Property id="PROPERTY_7388" name="WIRE_OPTION" value="GPAAW"/>
				<Property id="PROPERTY_7389" name="WIRE_DEV_PIN_1" value="C2R114-A:10"/>
				<Property id="PROPERTY_7390" name="WIRE_COLOR" value="BU"/>
				<Property id="PROPERTY_7391" name="WIRE_SPEC" value="2TAE"/>
				<Property id="PROPERTY_7392" name="WIRE_END1_MATL" value="(SN)"/>
				<Property id="PROPERTY_7393" name="WIRE_LEVEL" value="(A-STR)"/>
				<Property id="PROPERTY_7394" name="WIRE_END1_TERM" value="8U5T-14474-BB"/>
				<Property id="PROPERTY_7395" name="WIRE_DEV_PIN_2" value="C2R168-C:9"/>
				<Property id="PROPERTY_7396" name="WIRE_NAME" value="CR102A3"/>
				<Property id="PROPERTY_7397" name="WIRE_END2_TERM" value="1L2T-14474-CA"/>
				<Property id="PROPERTY_7398" name="WIRE_SIGNAL" value="CR102"/>
				<Property id="PROPERTY_7399" name="HRN_FAMILY" value="14401"/>
				<Property id="PROPERTY_7400" name="WIRE_MULTICORE" value="TP_CR102A3"/>
				<Property id="PROPERTY_7401" name="WIRE_FPN" value="WIRE-2TAE-0.50-BU"/>
				<Property id="PROPERTY_7402" name="WIRE_DIA_MAX" value="1.6"/>
				<Option id="OPTION_98-c-0-f5e06_1" value="GPAAW"/>
				<BranchRoute id="BRR_244">
					<StartBranchPosition id="BR_POS_751" branchId="BRANCH_c2-4e-0-4c0dae" branchNodeId="BN_4478_25-182_156" offset="0"/>
					<PassBranchId>BRANCH_c2-4e-0-4c0edc</PassBranchId>
					<PassBranchId>BRANCH_c2-4e-0-4c10ad</PassBranchId>
					<PassBranchId>BRANCH_c2-4e-0-4c0db1</PassBranchId>
					<PassBranchId>BRANCH_c2-4e-0-4c0d9b</PassBranchId>
					<PassBranchId>BRANCH_c2-4e-0-4c10b4</PassBranchId>
					<PassBranchId>BRANCH_c2-4e-0-4c10b7</PassBranchId>
					<PassBranchId>BRANCH_c2-4e-0-4c0fa1</PassBranchId>
					<PassBranchId>BRANCH_c2-4e-0-4c10b1</PassBranchId>
					<PassBranchId>BRANCH_c2-4e-0-4c0f9e</PassBranchId>
					<PassBranchId>BRANCH_c2-4e-0-4c0f9b</PassBranchId>
					<PassBranchId>BRANCH_c2-4e-0-4c10ae</PassBranchId>
					<PassBranchId>BRANCH_c2-4e-0-4c0d95</PassBranchId>
					<PassBranchId>BRANCH_c2-4e-0-4c101d</PassBranchId>
					<PassBranchId>BRANCH_c2-4e-0-4c101a</PassBranchId>
					<PassBranchId>BRANCH_c2-4e-0-4c0fce</PassBranchId>
					<PassBranchId>BRANCH_c2-4e-0-4c0d1d</PassBranchId>
					<PassBranchId>BRANCH_35-4e-0-2efaf8</PassBranchId>
					<PassBranchId>BRANCH_c2-4e-0-4c10c0</PassBranchId>
					<PassBranchId>BRANCH_c2-4e-0-4c0fc8</PassBranchId>
					<PassBranchId>BRANCH_c2-4e-0-4c108d</PassBranchId>
					<PassBranchId>BRANCH_c2-4e-0-4c0d88</PassBranchId>
					<PassBranchId>BRANCH_c2-4e-0-4c109a</PassBranchId>
					<PassBranchId>BRANCH_c2-4e-0-4c0e16</PassBranchId>
					<PassBranchId>BRANCH_c2-4e-0-4c0fcb</PassBranchId>
					<PassBranchId>BRANCH_c2-4e-0-4c0dea</PassBranchId>
					<PassBranchId>BRANCH_c2-4e-0-4c0fd1</PassBranchId>
					<PassBranchId>BRANCH_c2-4e-0-4c0fe8</PassBranchId>
					<PassBranchId>BRANCH_c2-4e-0-4c1009</PassBranchId>
					<PassBranchId>BRANCH_c2-4e-0-4c10cb</PassBranchId>
					<PassBranchId>BRANCH_c2-4e-0-4c10ec</PassBranchId>
					<PassBranchId>BRANCH_c2-4e-0-4c1075</PassBranchId>
					<PassBranchId>BRANCH_c2-4e-0-4c106f</PassBranchId>
					<PassBranchId>BRANCH_c2-4e-0-4c1087</PassBranchId>
					<PassBranchId>BRANCH_c2-4e-0-4c1083</PassBranchId>
					<PassBranchId>BRANCH_c2-4e-0-4c0f89</PassBranchId>
					<PassBranchId>BRANCH_c2-4e-0-4c0f18</PassBranchId>
					<PassBranchId>BRANCH_c2-4e-0-4c0f88</PassBranchId>
					<PassBranchId>BRANCH_c2-4e-0-4c0e97</PassBranchId>
					<PassBranchId>BRANCH_c2-4e-0-4c10ce</PassBranchId>
					<PassBranchId>BRANCH_c2-4e-0-4c0e9b</PassBranchId>
					<PassBranchId>BRANCH_c2-4e-0-4c0fef</PassBranchId>
					<PassBranchId>BRANCH_c2-4e-0-4c0d34</PassBranchId>
					<PassBranchId>BRANCH_c2-4e-0-4c0ff2</PassBranchId>
					<PassBranchId>BRANCH_c2-4e-0-4c0ff5</PassBranchId>
					<PassBranchId>BRANCH_c2-4e-0-4c0f1f</PassBranchId>
					<PassBranchId>BRANCH_c2-4e-0-4c0dfd</PassBranchId>
					<EndBranchPosition id="BR_POS_752" branchId="BRANCH_c2-4e-0-4c0f20" branchNodeId="BN_17896-236" offset="0"/>
				</BranchRoute>
			</WiringItem>
			<WiringItem xsi:type="Wire" id="WIRE_98-c-0-f5e1f" name="RR102A3" signalId="SIGNAL_2-36-0-3d3b" cableType="WIRE-2TAE-0.50" wireName="WH" fromPinId="PIN_8-18-0-18e45" toPinId="PIN_8c-18-0-3398cb">
				<AppRef name="E3.Series" version="2.13.7.0" guid="f84b92ad-b2c0-4173-b9be-a5864a6aca6c"/>
				<Property id="PROPERTY_7403" name="WIRE_LENGTH" value="3282"/>
				<Property id="PROPERTY_7404" name="WIRE_END2_MATL" value="(AU)"/>
				<Property id="PROPERTY_7405" name="WIRE_CSA" value="0.5"/>
				<Property id="PROPERTY_7406" name="WIRE_MIN_BEND_RADIUS" value="4.25"/>
				<Property id="PROPERTY_7407" name="WIRE_OPTION" value="GPAAW"/>
				<Property id="PROPERTY_7408" name="WIRE_DEV_PIN_1" value="C2R114-A:9"/>
				<Property id="PROPERTY_7409" name="WIRE_COLOR" value="WH"/>
				<Property id="PROPERTY_7410" name="WIRE_SPEC" value="2TAE"/>
				<Property id="PROPERTY_7411" name="WIRE_END1_MATL" value="(SN)"/>
				<Property id="PROPERTY_7412" name="WIRE_LEVEL" value="(A-STR)"/>
				<Property id="PROPERTY_7413" name="WIRE_END1_TERM" value="8U5T-14474-BB"/>
				<Property id="PROPERTY_7414" name="WIRE_DEV_PIN_2" value="C2R168-C:10"/>
				<Property id="PROPERTY_7415" name="WIRE_NAME" value="RR102A3"/>
				<Property id="PROPERTY_7416" name="WIRE_END2_TERM" value="1L2T-14474-CA"/>
				<Property id="PROPERTY_7417" name="WIRE_SIGNAL" value="RR102"/>
				<Property id="PROPERTY_7418" name="HRN_FAMILY" value="14401"/>
				<Property id="PROPERTY_7419" name="WIRE_MULTICORE" value="TP_CR102A3"/>
				<Property id="PROPERTY_7420" name="WIRE_FPN" value="WIRE-2TAE-0.50-WH"/>
				<Property id="PROPERTY_7421" name="WIRE_DIA_MAX" value="1.6"/>
				<Option id="OPTION_98-c-0-f5e1f_1" value="GPAAW"/>
				<BranchRoute id="BRR_245">
					<StartBranchPosition id="BR_POS_753" branchId="BRANCH_c2-4e-0-4c0dae" branchNodeId="BN_4478_25-182_156" offset="0"/>
					<PassBranchId>BRANCH_c2-4e-0-4c0edc</PassBranchId>
					<PassBranchId>BRANCH_c2-4e-0-4c10ad</PassBranchId>
					<PassBranchId>BRANCH_c2-4e-0-4c0db1</PassBranchId>
					<PassBranchId>BRANCH_c2-4e-0-4c0d9b</PassBranchId>
					<PassBranchId>BRANCH_c2-4e-0-4c10b4</PassBranchId>
					<PassBranchId>BRANCH_c2-4e-0-4c10b7</PassBranchId>
					<PassBranchId>BRANCH_c2-4e-0-4c0fa1</PassBranchId>
					<PassBranchId>BRANCH_c2-4e-0-4c10b1</PassBranchId>
					<PassBranchId>BRANCH_c2-4e-0-4c0f9e</PassBranchId>
					<PassBranchId>BRANCH_c2-4e-0-4c0f9b</PassBranchId>
					<PassBranchId>BRANCH_c2-4e-0-4c10ae</PassBranchId>
					<PassBranchId>BRANCH_c2-4e-0-4c0d95</PassBranchId>
					<PassBranchId>BRANCH_c2-4e-0-4c101d</PassBranchId>
					<PassBranchId>BRANCH_c2-4e-0-4c101a</PassBranchId>
					<PassBranchId>BRANCH_c2-4e-0-4c0fce</PassBranchId>
					<PassBranchId>BRANCH_c2-4e-0-4c0d1d</PassBranchId>
					<PassBranchId>BRANCH_35-4e-0-2efaf8</PassBranchId>
					<PassBranchId>BRANCH_c2-4e-0-4c10c0</PassBranchId>
					<PassBranchId>BRANCH_c2-4e-0-4c0fc8</PassBranchId>
					<PassBranchId>BRANCH_c2-4e-0-4c108d</PassBranchId>
					<PassBranchId>BRANCH_c2-4e-0-4c0d88</PassBranchId>
					<PassBranchId>BRANCH_c2-4e-0-4c109a</PassBranchId>
					<PassBranchId>BRANCH_c2-4e-0-4c0e16</PassBranchId>
					<PassBranchId>BRANCH_c2-4e-0-4c0fcb</PassBranchId>
					<PassBranchId>BRANCH_c2-4e-0-4c0dea</PassBranchId>
					<PassBranchId>BRANCH_c2-4e-0-4c0fd1</PassBranchId>
					<PassBranchId>BRANCH_c2-4e-0-4c0fe8</PassBranchId>
					<PassBranchId>BRANCH_c2-4e-0-4c1009</PassBranchId>
					<PassBranchId>BRANCH_c2-4e-0-4c10cb</PassBranchId>
					<PassBranchId>BRANCH_c2-4e-0-4c10ec</PassBranchId>
					<PassBranchId>BRANCH_c2-4e-0-4c1075</PassBranchId>
					<PassBranchId>BRANCH_c2-4e-0-4c106f</PassBranchId>
					<PassBranchId>BRANCH_c2-4e-0-4c1087</PassBranchId>
					<PassBranchId>BRANCH_c2-4e-0-4c1083</PassBranchId>
					<PassBranchId>BRANCH_c2-4e-0-4c0f89</PassBranchId>
					<PassBranchId>BRANCH_c2-4e-0-4c0f18</PassBranchId>
					<PassBranchId>BRANCH_c2-4e-0-4c0f88</PassBranchId>
					<PassBranchId>BRANCH_c2-4e-0-4c0e97</PassBranchId>
					<PassBranchId>BRANCH_c2-4e-0-4c10ce</PassBranchId>
					<PassBranchId>BRANCH_c2-4e-0-4c0e9b</PassBranchId>
					<PassBranchId>BRANCH_c2-4e-0-4c0fef</PassBranchId>
					<PassBranchId>BRANCH_c2-4e-0-4c0d34</PassBranchId>
					<PassBranchId>BRANCH_c2-4e-0-4c0ff2</PassBranchId>
					<PassBranchId>BRANCH_c2-4e-0-4c0ff5</PassBranchId>
					<PassBranchId>BRANCH_c2-4e-0-4c0f1f</PassBranchId>
					<PassBranchId>BRANCH_c2-4e-0-4c0dfd</PassBranchId>
					<EndBranchPosition id="BR_POS_754" branchId="BRANCH_c2-4e-0-4c0f20" branchNodeId="BN_17896-236" offset="0"/>
				</BranchRoute>
			</WiringItem>
		</WiringItem>
		<WiringItem xsi:type="Bundle" id="BUNDLE_a1-6-0-9d1cb" name="TP_CR103A" bundleType="twist">
			<AppRef name="E3.Series" version="2.14.5.0" guid="0df959af-e7a3-4a03-8d07-d7c5f3e24f8f"/>
			<WiringItem xsi:type="Wire" id="WIRE_95-c-0-e63b4" name="CR103A" signalId="SIGNAL_2-36-0-38f7" cableType="WIRE-2TAD-0.35" wireName="GY/BU" fromPinId="PIN_8-18-0-18e95" toPinId="PIN_41-18-0-67fe9">
				<AppRef name="E3.Series" version="2.13.7.0" guid="9aadd0c9-a833-4e9d-8c59-a3af13e7531f"/>
				<Property id="PROPERTY_7422" name="WIRE_LENGTH" value="2310"/>
				<Property id="PROPERTY_7423" name="WIRE_END2_MATL" value="(AU)"/>
				<Property id="PROPERTY_7424" name="WIRE_CSA" value="0.35"/>
				<Property id="PROPERTY_7425" name="WIRE_MIN_BEND_RADIUS" value="3.5"/>
				<Property id="PROPERTY_7426" name="WIRE_LEVEL" value="(ALL)"/>
				<Property id="PROPERTY_7427" name="WIRE_DEV_PIN_1" value="C2R114-A:28"/>
				<Property id="PROPERTY_7428" name="WIRE_COLOR" value="GY/BU"/>
				<Property id="PROPERTY_7429" name="WIRE_SPEC" value="2TAD"/>
				<Property id="PROPERTY_7430" name="WIRE_END1_MATL" value="(SN)"/>
				<Property id="PROPERTY_7431" name="WIRE_END1_TERM" value="8U5T-14474-BB"/>
				<Property id="PROPERTY_7432" name="WIRE_DEV_PIN_2" value="C22-D1:1"/>
				<Property id="PROPERTY_7433" name="WIRE_NAME" value="CR103A"/>
				<Property id="PROPERTY_7434" name="WIRE_END2_TERM" value="1L2T-14474-DA"/>
				<Property id="PROPERTY_7435" name="WIRE_SIGNAL" value="CR103"/>
				<Property id="PROPERTY_7436" name="HRN_FAMILY" value="14401"/>
				<Property id="PROPERTY_7437" name="WIRE_MULTICORE" value="TP_CR103A"/>
				<Property id="PROPERTY_7438" name="WIRE_FPN" value="WIRE-2TAD-0.35-GY/BU"/>
				<Property id="PROPERTY_7439" name="WIRE_DIA_MAX" value="1.4"/>
				<BranchRoute id="BRR_246">
					<StartBranchPosition id="BR_POS_755" branchId="BRANCH_c2-4e-0-4c0f20" branchNodeId="BN_17896-236" offset="0"/>
					<PassBranchId>BRANCH_c2-4e-0-4c0dfd</PassBranchId>
					<PassBranchId>BRANCH_c2-4e-0-4c0f1f</PassBranchId>
					<PassBranchId>BRANCH_c2-4e-0-4c0ff5</PassBranchId>
					<PassBranchId>BRANCH_c2-4e-0-4c0ff2</PassBranchId>
					<PassBranchId>BRANCH_c2-4e-0-4c0d34</PassBranchId>
					<PassBranchId>BRANCH_c2-4e-0-4c0fef</PassBranchId>
					<PassBranchId>BRANCH_c2-4e-0-4c0e9b</PassBranchId>
					<PassBranchId>BRANCH_c2-4e-0-4c10ce</PassBranchId>
					<PassBranchId>BRANCH_c2-4e-0-4c0e97</PassBranchId>
					<PassBranchId>BRANCH_c2-4e-0-4c0f88</PassBranchId>
					<PassBranchId>BRANCH_c2-4e-0-4c0f18</PassBranchId>
					<PassBranchId>BRANCH_c2-4e-0-4c0f89</PassBranchId>
					<PassBranchId>BRANCH_c2-4e-0-4c1083</PassBranchId>
					<PassBranchId>BRANCH_c2-4e-0-4c1087</PassBranchId>
					<PassBranchId>BRANCH_c2-4e-0-4c106f</PassBranchId>
					<PassBranchId>BRANCH_c2-4e-0-4c1075</PassBranchId>
					<PassBranchId>BRANCH_c2-4e-0-4c0de4</PassBranchId>
					<PassBranchId>BRANCH_1a-4e-0-18e01d0</PassBranchId>
					<PassBranchId>BRANCH_c2-4e-0-4c10c8</PassBranchId>
					<PassBranchId>BRANCH_eb-4e-0-678fca</PassBranchId>
					<PassBranchId>BRANCH_c2-4e-0-4c0e8b</PassBranchId>
					<PassBranchId>BRANCH_c2-4e-0-4c0fe5</PassBranchId>
					<EndBranchPosition id="BR_POS_756" branchId="BRANCH_c2-4e-0-4c0f08" branchNodeId="BN_22372-360" offset="0"/>
				</BranchRoute>
			</WiringItem>
			<WiringItem xsi:type="Wire" id="WIRE_95-c-0-e63cc" name="RR103A" signalId="SIGNAL_2-36-0-3d3c" cableType="WIRE-2TAD-0.35" wireName="VT/GN" fromPinId="PIN_8-18-0-18e9d" toPinId="PIN_41-18-0-67fee">
				<AppRef name="E3.Series" version="2.13.7.0" guid="1daaa2f6-6410-4080-a1f6-1ac9e174d263"/>
				<Property id="PROPERTY_7440" name="WIRE_LENGTH" value="2310"/>
				<Property id="PROPERTY_7441" name="WIRE_END2_MATL" value="(AU)"/>
				<Property id="PROPERTY_7442" name="WIRE_CSA" value="0.35"/>
				<Property id="PROPERTY_7443" name="WIRE_MIN_BEND_RADIUS" value="3.5"/>
				<Property id="PROPERTY_7444" name="WIRE_LEVEL" value="(ALL)"/>
				<Property id="PROPERTY_7445" name="WIRE_DEV_PIN_1" value="C2R114-A:27"/>
				<Property id="PROPERTY_7446" name="WIRE_COLOR" value="VT/GN"/>
				<Property id="PROPERTY_7447" name="WIRE_SPEC" value="2TAD"/>
				<Property id="PROPERTY_7448" name="WIRE_END1_MATL" value="(SN)"/>
				<Property id="PROPERTY_7449" name="WIRE_END1_TERM" value="8U5T-14474-BB"/>
				<Property id="PROPERTY_7450" name="WIRE_DEV_PIN_2" value="C22-D1:2"/>
				<Property id="PROPERTY_7451" name="WIRE_NAME" value="RR103A"/>
				<Property id="PROPERTY_7452" name="WIRE_END2_TERM" value="1L2T-14474-DA"/>
				<Property id="PROPERTY_7453" name="WIRE_SIGNAL" value="RR103"/>
				<Property id="PROPERTY_7454" name="HRN_FAMILY" value="14401"/>
				<Property id="PROPERTY_7455" name="WIRE_MULTICORE" value="TP_CR103A"/>
				<Property id="PROPERTY_7456" name="WIRE_FPN" value="WIRE-2TAD-0.35-VT/GN"/>
				<Property id="PROPERTY_7457" name="WIRE_DIA_MAX" value="1.4"/>
				<BranchRoute id="BRR_247">
					<StartBranchPosition id="BR_POS_757" branchId="BRANCH_c2-4e-0-4c0f20" branchNodeId="BN_17896-236" offset="0"/>
					<PassBranchId>BRANCH_c2-4e-0-4c0dfd</PassBranchId>
					<PassBranchId>BRANCH_c2-4e-0-4c0f1f</PassBranchId>
					<PassBranchId>BRANCH_c2-4e-0-4c0ff5</PassBranchId>
					<PassBranchId>BRANCH_c2-4e-0-4c0ff2</PassBranchId>
					<PassBranchId>BRANCH_c2-4e-0-4c0d34</PassBranchId>
					<PassBranchId>BRANCH_c2-4e-0-4c0fef</PassBranchId>
					<PassBranchId>BRANCH_c2-4e-0-4c0e9b</PassBranchId>
					<PassBranchId>BRANCH_c2-4e-0-4c10ce</PassBranchId>
					<PassBranchId>BRANCH_c2-4e-0-4c0e97</PassBranchId>
					<PassBranchId>BRANCH_c2-4e-0-4c0f88</PassBranchId>
					<PassBranchId>BRANCH_c2-4e-0-4c0f18</PassBranchId>
					<PassBranchId>BRANCH_c2-4e-0-4c0f89</PassBranchId>
					<PassBranchId>BRANCH_c2-4e-0-4c1083</PassBranchId>
					<PassBranchId>BRANCH_c2-4e-0-4c1087</PassBranchId>
					<PassBranchId>BRANCH_c2-4e-0-4c106f</PassBranchId>
					<PassBranchId>BRANCH_c2-4e-0-4c1075</PassBranchId>
					<PassBranchId>BRANCH_c2-4e-0-4c0de4</PassBranchId>
					<PassBranchId>BRANCH_1a-4e-0-18e01d0</PassBranchId>
					<PassBranchId>BRANCH_c2-4e-0-4c10c8</PassBranchId>
					<PassBranchId>BRANCH_eb-4e-0-678fca</PassBranchId>
					<PassBranchId>BRANCH_c2-4e-0-4c0e8b</PassBranchId>
					<PassBranchId>BRANCH_c2-4e-0-4c0fe5</PassBranchId>
					<EndBranchPosition id="BR_POS_758" branchId="BRANCH_c2-4e-0-4c0f08" branchNodeId="BN_22372-360" offset="0"/>
				</BranchRoute>
			</WiringItem>
		</WiringItem>
		<WiringItem xsi:type="Bundle" id="BUNDLE_a1-6-0-9d1cf" name="TP_CR104A" bundleType="twist">
			<AppRef name="E3.Series" version="2.14.5.0" guid="187dad57-41a6-439c-84e6-6b92bec66dba"/>
			<WiringItem xsi:type="Wire" id="WIRE_95-c-0-e63e4" name="CR104A" signalId="SIGNAL_2-36-0-38f8" cableType="WIRE-2TAD-0.35" wireName="YE/GY" fromPinId="PIN_71-18-0-1fb458" toPinId="PIN_41-18-0-67ff8">
				<AppRef name="E3.Series" version="2.13.7.0" guid="cf44e119-abc2-459e-a5d4-2bd5609f06b2"/>
				<Property id="PROPERTY_7458" name="WIRE_LENGTH" value="2310"/>
				<Property id="PROPERTY_7459" name="WIRE_END2_MATL" value="(AU)"/>
				<Property id="PROPERTY_7460" name="WIRE_CSA" value="0.35"/>
				<Property id="PROPERTY_7461" name="WIRE_MIN_BEND_RADIUS" value="3.5"/>
				<Property id="PROPERTY_7462" name="WIRE_LEVEL" value="(ALL)"/>
				<Property id="PROPERTY_7463" name="WIRE_DEV_PIN_1" value="C2R114-A:7"/>
				<Property id="PROPERTY_7464" name="WIRE_COLOR" value="YE/GY"/>
				<Property id="PROPERTY_7465" name="WIRE_SPEC" value="2TAD"/>
				<Property id="PROPERTY_7466" name="WIRE_END1_MATL" value="(SN)"/>
				<Property id="PROPERTY_7467" name="WIRE_END1_TERM" value="8U5T-14474-BB"/>
				<Property id="PROPERTY_7468" name="WIRE_DEV_PIN_2" value="C22-D1:4"/>
				<Property id="PROPERTY_7469" name="WIRE_NAME" value="CR104A"/>
				<Property id="PROPERTY_7470" name="WIRE_END2_TERM" value="1L2T-14474-DA"/>
				<Property id="PROPERTY_7471" name="WIRE_SIGNAL" value="CR104"/>
				<Property id="PROPERTY_7472" name="HRN_FAMILY" value="14401"/>
				<Property id="PROPERTY_7473" name="WIRE_MULTICORE" value="TP_CR104A"/>
				<Property id="PROPERTY_7474" name="WIRE_FPN" value="WIRE-2TAD-0.35-YE/GY"/>
				<Property id="PROPERTY_7475" name="WIRE_DIA_MAX" value="1.4"/>
				<BranchRoute id="BRR_248">
					<StartBranchPosition id="BR_POS_759" branchId="BRANCH_c2-4e-0-4c0f20" branchNodeId="BN_17896-236" offset="0"/>
					<PassBranchId>BRANCH_c2-4e-0-4c0dfd</PassBranchId>
					<PassBranchId>BRANCH_c2-4e-0-4c0f1f</PassBranchId>
					<PassBranchId>BRANCH_c2-4e-0-4c0ff5</PassBranchId>
					<PassBranchId>BRANCH_c2-4e-0-4c0ff2</PassBranchId>
					<PassBranchId>BRANCH_c2-4e-0-4c0d34</PassBranchId>
					<PassBranchId>BRANCH_c2-4e-0-4c0fef</PassBranchId>
					<PassBranchId>BRANCH_c2-4e-0-4c0e9b</PassBranchId>
					<PassBranchId>BRANCH_c2-4e-0-4c10ce</PassBranchId>
					<PassBranchId>BRANCH_c2-4e-0-4c0e97</PassBranchId>
					<PassBranchId>BRANCH_c2-4e-0-4c0f88</PassBranchId>
					<PassBranchId>BRANCH_c2-4e-0-4c0f18</PassBranchId>
					<PassBranchId>BRANCH_c2-4e-0-4c0f89</PassBranchId>
					<PassBranchId>BRANCH_c2-4e-0-4c1083</PassBranchId>
					<PassBranchId>BRANCH_c2-4e-0-4c1087</PassBranchId>
					<PassBranchId>BRANCH_c2-4e-0-4c106f</PassBranchId>
					<PassBranchId>BRANCH_c2-4e-0-4c1075</PassBranchId>
					<PassBranchId>BRANCH_c2-4e-0-4c0de4</PassBranchId>
					<PassBranchId>BRANCH_1a-4e-0-18e01d0</PassBranchId>
					<PassBranchId>BRANCH_c2-4e-0-4c10c8</PassBranchId>
					<PassBranchId>BRANCH_eb-4e-0-678fca</PassBranchId>
					<PassBranchId>BRANCH_c2-4e-0-4c0e8b</PassBranchId>
					<PassBranchId>BRANCH_c2-4e-0-4c0fe5</PassBranchId>
					<EndBranchPosition id="BR_POS_760" branchId="BRANCH_c2-4e-0-4c0f08" branchNodeId="BN_22372-360" offset="0"/>
				</BranchRoute>
			</WiringItem>
			<WiringItem xsi:type="Wire" id="WIRE_95-c-0-e63fc" name="RR104A" signalId="SIGNAL_2-36-0-3d3d" cableType="WIRE-2TAD-0.35" wireName="WH/BU" fromPinId="PIN_71-18-0-1fb45c" toPinId="PIN_41-18-0-67ffd">
				<AppRef name="E3.Series" version="2.13.7.0" guid="b288ab1f-ba2f-4e28-9c87-86df999242ef"/>
				<Property id="PROPERTY_7476" name="WIRE_LENGTH" value="2310"/>
				<Property id="PROPERTY_7477" name="WIRE_END2_MATL" value="(AU)"/>
				<Property id="PROPERTY_7478" name="WIRE_CSA" value="0.35"/>
				<Property id="PROPERTY_7479" name="WIRE_MIN_BEND_RADIUS" value="3.5"/>
				<Property id="PROPERTY_7480" name="WIRE_LEVEL" value="(ALL)"/>
				<Property id="PROPERTY_7481" name="WIRE_DEV_PIN_1" value="C2R114-A:8"/>
				<Property id="PROPERTY_7482" name="WIRE_COLOR" value="WH/BU"/>
				<Property id="PROPERTY_7483" name="WIRE_SPEC" value="2TAD"/>
				<Property id="PROPERTY_7484" name="WIRE_END1_MATL" value="(SN)"/>
				<Property id="PROPERTY_7485" name="WIRE_END1_TERM" value="8U5T-14474-BB"/>
				<Property id="PROPERTY_7486" name="WIRE_DEV_PIN_2" value="C22-D1:5"/>
				<Property id="PROPERTY_7487" name="WIRE_NAME" value="RR104A"/>
				<Property id="PROPERTY_7488" name="WIRE_END2_TERM" value="1L2T-14474-DA"/>
				<Property id="PROPERTY_7489" name="WIRE_SIGNAL" value="RR104"/>
				<Property id="PROPERTY_7490" name="HRN_FAMILY" value="14401"/>
				<Property id="PROPERTY_7491" name="WIRE_MULTICORE" value="TP_CR104A"/>
				<Property id="PROPERTY_7492" name="WIRE_FPN" value="WIRE-2TAD-0.35-WH/BU"/>
				<Property id="PROPERTY_7493" name="WIRE_DIA_MAX" value="1.4"/>
				<BranchRoute id="BRR_249">
					<StartBranchPosition id="BR_POS_761" branchId="BRANCH_c2-4e-0-4c0f20" branchNodeId="BN_17896-236" offset="0"/>
					<PassBranchId>BRANCH_c2-4e-0-4c0dfd</PassBranchId>
					<PassBranchId>BRANCH_c2-4e-0-4c0f1f</PassBranchId>
					<PassBranchId>BRANCH_c2-4e-0-4c0ff5</PassBranchId>
					<PassBranchId>BRANCH_c2-4e-0-4c0ff2</PassBranchId>
					<PassBranchId>BRANCH_c2-4e-0-4c0d34</PassBranchId>
					<PassBranchId>BRANCH_c2-4e-0-4c0fef</PassBranchId>
					<PassBranchId>BRANCH_c2-4e-0-4c0e9b</PassBranchId>
					<PassBranchId>BRANCH_c2-4e-0-4c10ce</PassBranchId>
					<PassBranchId>BRANCH_c2-4e-0-4c0e97</PassBranchId>
					<PassBranchId>BRANCH_c2-4e-0-4c0f88</PassBranchId>
					<PassBranchId>BRANCH_c2-4e-0-4c0f18</PassBranchId>
					<PassBranchId>BRANCH_c2-4e-0-4c0f89</PassBranchId>
					<PassBranchId>BRANCH_c2-4e-0-4c1083</PassBranchId>
					<PassBranchId>BRANCH_c2-4e-0-4c1087</PassBranchId>
					<PassBranchId>BRANCH_c2-4e-0-4c106f</PassBranchId>
					<PassBranchId>BRANCH_c2-4e-0-4c1075</PassBranchId>
					<PassBranchId>BRANCH_c2-4e-0-4c0de4</PassBranchId>
					<PassBranchId>BRANCH_1a-4e-0-18e01d0</PassBranchId>
					<PassBranchId>BRANCH_c2-4e-0-4c10c8</PassBranchId>
					<PassBranchId>BRANCH_eb-4e-0-678fca</PassBranchId>
					<PassBranchId>BRANCH_c2-4e-0-4c0e8b</PassBranchId>
					<PassBranchId>BRANCH_c2-4e-0-4c0fe5</PassBranchId>
					<EndBranchPosition id="BR_POS_762" branchId="BRANCH_c2-4e-0-4c0f08" branchNodeId="BN_22372-360" offset="0"/>
				</BranchRoute>
			</WiringItem>
		</WiringItem>
		<WiringItem xsi:type="Bundle" id="BUNDLE_93-6-0-2531a8" name="TP_CR139A" bundleType="twist">
			<AppRef name="E3.Series" version="2.14.5.0" guid="1cce4d66-2c3e-432d-abbf-0b851242b1c3"/>
			<WiringItem xsi:type="Wire" id="WIRE_93-c-0-253170" name="CR139A" signalId="SIGNAL_2-36-0-3912" cableType="WIRE-2TAD-0.50" wireName="VT/WH" fromPinId="PIN_8-18-0-18e7d" toPinId="PIN_8c-18-0-33835a">
				<AppRef name="E3.Series" version="2.13.7.0" guid="18a8b35d-b8c5-439e-864b-f8f680801054"/>
				<Property id="PROPERTY_7494" name="WIRE_LENGTH" value="2867"/>
				<Property id="PROPERTY_7495" name="WIRE_CSA" value="0.5"/>
				<Property id="PROPERTY_7496" name="WIRE_MIN_BEND_RADIUS" value="4.25"/>
				<Property id="PROPERTY_7497" name="WIRE_LEVEL" value="(ALL)"/>
				<Property id="PROPERTY_7498" name="WIRE_DEV_PIN_1" value="C2R114-A:22"/>
				<Property id="PROPERTY_7499" name="WIRE_COLOR" value="VT/WH"/>
				<Property id="PROPERTY_7500" name="WIRE_SPEC" value="2TAD"/>
				<Property id="PROPERTY_7501" name="WIRE_END1_MATL" value="(SN)"/>
				<Property id="PROPERTY_7502" name="WIRE_END1_TERM" value="8U5T-14474-BB"/>
				<Property id="PROPERTY_7503" name="WIRE_DEV_PIN_2" value="C2R139:1"/>
				<Property id="PROPERTY_7504" name="WIRE_NAME" value="CR139A"/>
				<Property id="PROPERTY_7505" name="WIRE_SIGNAL" value="CR139"/>
				<Property id="PROPERTY_7506" name="HRN_FAMILY" value="14401"/>
				<Property id="PROPERTY_7507" name="WIRE_MULTICORE" value="TP_CR139A"/>
				<Property id="PROPERTY_7508" name="WIRE_FPN" value="WIRE-2TAD-0.50-VT/WH"/>
				<Property id="PROPERTY_7509" name="WIRE_DIA_MAX" value="1.6"/>
				<BranchRoute id="BRR_250">
					<StartBranchPosition id="BR_POS_763" branchId="BRANCH_c2-4e-0-4c10d2" branchNodeId="BN_6239_9-242_058" offset="0"/>
					<PassBranchId>BRANCH_c2-4e-0-4c10d0</PassBranchId>
					<PassBranchId>BRANCH_c2-4e-0-4c10aa</PassBranchId>
					<PassBranchId>BRANCH_c2-4e-0-4c10e7</PassBranchId>
					<PassBranchId>BRANCH_c2-4e-0-4c0fc5</PassBranchId>
					<PassBranchId>BRANCH_c2-4e-0-4c0fce</PassBranchId>
					<PassBranchId>BRANCH_c2-4e-0-4c0d1d</PassBranchId>
					<PassBranchId>BRANCH_35-4e-0-2efaf8</PassBranchId>
					<PassBranchId>BRANCH_c2-4e-0-4c10c0</PassBranchId>
					<PassBranchId>BRANCH_c2-4e-0-4c0fc8</PassBranchId>
					<PassBranchId>BRANCH_c2-4e-0-4c108d</PassBranchId>
					<PassBranchId>BRANCH_c2-4e-0-4c0d88</PassBranchId>
					<PassBranchId>BRANCH_c2-4e-0-4c109a</PassBranchId>
					<PassBranchId>BRANCH_c2-4e-0-4c0e16</PassBranchId>
					<PassBranchId>BRANCH_c2-4e-0-4c0fcb</PassBranchId>
					<PassBranchId>BRANCH_c2-4e-0-4c0dea</PassBranchId>
					<PassBranchId>BRANCH_c2-4e-0-4c0fd1</PassBranchId>
					<PassBranchId>BRANCH_c2-4e-0-4c0fe8</PassBranchId>
					<PassBranchId>BRANCH_c2-4e-0-4c1009</PassBranchId>
					<PassBranchId>BRANCH_c2-4e-0-4c10cb</PassBranchId>
					<PassBranchId>BRANCH_c2-4e-0-4c10ec</PassBranchId>
					<PassBranchId>BRANCH_c2-4e-0-4c1075</PassBranchId>
					<PassBranchId>BRANCH_c2-4e-0-4c106f</PassBranchId>
					<PassBranchId>BRANCH_c2-4e-0-4c1087</PassBranchId>
					<PassBranchId>BRANCH_c2-4e-0-4c1083</PassBranchId>
					<PassBranchId>BRANCH_c2-4e-0-4c0f89</PassBranchId>
					<PassBranchId>BRANCH_c2-4e-0-4c0f18</PassBranchId>
					<PassBranchId>BRANCH_c2-4e-0-4c0f88</PassBranchId>
					<PassBranchId>BRANCH_c2-4e-0-4c0e97</PassBranchId>
					<PassBranchId>BRANCH_c2-4e-0-4c10ce</PassBranchId>
					<PassBranchId>BRANCH_c2-4e-0-4c0e9b</PassBranchId>
					<PassBranchId>BRANCH_c2-4e-0-4c0fef</PassBranchId>
					<PassBranchId>BRANCH_c2-4e-0-4c0d34</PassBranchId>
					<PassBranchId>BRANCH_c2-4e-0-4c0ff2</PassBranchId>
					<PassBranchId>BRANCH_c2-4e-0-4c0ff5</PassBranchId>
					<PassBranchId>BRANCH_c2-4e-0-4c0f1f</PassBranchId>
					<PassBranchId>BRANCH_c2-4e-0-4c0dfd</PassBranchId>
					<EndBranchPosition id="BR_POS_764" branchId="BRANCH_c2-4e-0-4c0f20" branchNodeId="BN_17896-236" offset="0"/>
				</BranchRoute>
			</WiringItem>
			<WiringItem xsi:type="Wire" id="WIRE_93-c-0-25318d" name="RR139A" signalId="SIGNAL_2-36-0-3d5c" cableType="WIRE-2TAD-0.50" wireName="YE" fromPinId="PIN_8-18-0-18e85" toPinId="PIN_8c-18-0-338361">
				<AppRef name="E3.Series" version="2.13.7.0" guid="f393a12d-d310-44c5-9e25-53252bbd9d35"/>
				<Property id="PROPERTY_7510" name="WIRE_LENGTH" value="2867"/>
				<Property id="PROPERTY_7511" name="WIRE_CSA" value="0.5"/>
				<Property id="PROPERTY_7512" name="WIRE_MIN_BEND_RADIUS" value="4.25"/>
				<Property id="PROPERTY_7513" name="WIRE_LEVEL" value="(ALL)"/>
				<Property id="PROPERTY_7514" name="WIRE_DEV_PIN_1" value="C2R114-A:21"/>
				<Property id="PROPERTY_7515" name="WIRE_COLOR" value="YE"/>
				<Property id="PROPERTY_7516" name="WIRE_SPEC" value="2TAD"/>
				<Property id="PROPERTY_7517" name="WIRE_END1_MATL" value="(SN)"/>
				<Property id="PROPERTY_7518" name="WIRE_END1_TERM" value="8U5T-14474-BB"/>
				<Property id="PROPERTY_7519" name="WIRE_DEV_PIN_2" value="C2R139:2"/>
				<Property id="PROPERTY_7520" name="WIRE_NAME" value="RR139A"/>
				<Property id="PROPERTY_7521" name="WIRE_SIGNAL" value="RR139"/>
				<Property id="PROPERTY_7522" name="HRN_FAMILY" value="14401"/>
				<Property id="PROPERTY_7523" name="WIRE_MULTICORE" value="TP_CR139A"/>
				<Property id="PROPERTY_7524" name="WIRE_FPN" value="WIRE-2TAD-0.50-YE"/>
				<Property id="PROPERTY_7525" name="WIRE_DIA_MAX" value="1.6"/>
				<BranchRoute id="BRR_251">
					<StartBranchPosition id="BR_POS_765" branchId="BRANCH_c2-4e-0-4c10d2" branchNodeId="BN_6239_9-242_058" offset="0"/>
					<PassBranchId>BRANCH_c2-4e-0-4c10d0</PassBranchId>
					<PassBranchId>BRANCH_c2-4e-0-4c10aa</PassBranchId>
					<PassBranchId>BRANCH_c2-4e-0-4c10e7</PassBranchId>
					<PassBranchId>BRANCH_c2-4e-0-4c0fc5</PassBranchId>
					<PassBranchId>BRANCH_c2-4e-0-4c0fce</PassBranchId>
					<PassBranchId>BRANCH_c2-4e-0-4c0d1d</PassBranchId>
					<PassBranchId>BRANCH_35-4e-0-2efaf8</PassBranchId>
					<PassBranchId>BRANCH_c2-4e-0-4c10c0</PassBranchId>
					<PassBranchId>BRANCH_c2-4e-0-4c0fc8</PassBranchId>
					<PassBranchId>BRANCH_c2-4e-0-4c108d</PassBranchId>
					<PassBranchId>BRANCH_c2-4e-0-4c0d88</PassBranchId>
					<PassBranchId>BRANCH_c2-4e-0-4c109a</PassBranchId>
					<PassBranchId>BRANCH_c2-4e-0-4c0e16</PassBranchId>
					<PassBranchId>BRANCH_c2-4e-0-4c0fcb</PassBranchId>
					<PassBranchId>BRANCH_c2-4e-0-4c0dea</PassBranchId>
					<PassBranchId>BRANCH_c2-4e-0-4c0fd1</PassBranchId>
					<PassBranchId>BRANCH_c2-4e-0-4c0fe8</PassBranchId>
					<PassBranchId>BRANCH_c2-4e-0-4c1009</PassBranchId>
					<PassBranchId>BRANCH_c2-4e-0-4c10cb</PassBranchId>
					<PassBranchId>BRANCH_c2-4e-0-4c10ec</PassBranchId>
					<PassBranchId>BRANCH_c2-4e-0-4c1075</PassBranchId>
					<PassBranchId>BRANCH_c2-4e-0-4c106f</PassBranchId>
					<PassBranchId>BRANCH_c2-4e-0-4c1087</PassBranchId>
					<PassBranchId>BRANCH_c2-4e-0-4c1083</PassBranchId>
					<PassBranchId>BRANCH_c2-4e-0-4c0f89</PassBranchId>
					<PassBranchId>BRANCH_c2-4e-0-4c0f18</PassBranchId>
					<PassBranchId>BRANCH_c2-4e-0-4c0f88</PassBranchId>
					<PassBranchId>BRANCH_c2-4e-0-4c0e97</PassBranchId>
					<PassBranchId>BRANCH_c2-4e-0-4c10ce</PassBranchId>
					<PassBranchId>BRANCH_c2-4e-0-4c0e9b</PassBranchId>
					<PassBranchId>BRANCH_c2-4e-0-4c0fef</PassBranchId>
					<PassBranchId>BRANCH_c2-4e-0-4c0d34</PassBranchId>
					<PassBranchId>BRANCH_c2-4e-0-4c0ff2</PassBranchId>
					<PassBranchId>BRANCH_c2-4e-0-4c0ff5</PassBranchId>
					<PassBranchId>BRANCH_c2-4e-0-4c0f1f</PassBranchId>
					<PassBranchId>BRANCH_c2-4e-0-4c0dfd</PassBranchId>
					<EndBranchPosition id="BR_POS_766" branchId="BRANCH_c2-4e-0-4c0f20" branchNodeId="BN_17896-236" offset="0"/>
				</BranchRoute>
			</WiringItem>
		</WiringItem>
		<WiringItem xsi:type="Bundle" id="BUNDLE_a1-6-0-9d1d3" name="TP_CR144A" bundleType="twist">
			<AppRef name="E3.Series" version="2.14.5.0" guid="c34348a4-13f5-4541-9e9e-0b7f67f2778a"/>
			<WiringItem xsi:type="Wire" id="WIRE_95-c-0-e6414" name="CR144A" signalId="SIGNAL_2-36-0-3916" cableType="WIRE-2TAD-0.35" wireName="GY/OG" fromPinId="PIN_8-18-0-18eb5" toPinId="PIN_41-18-0-68007">
				<AppRef name="E3.Series" version="2.13.7.0" guid="e1b48940-6f65-40d1-ac0f-444c9699544c"/>
				<Property id="PROPERTY_7526" name="WIRE_LENGTH" value="2310"/>
				<Property id="PROPERTY_7527" name="WIRE_END2_MATL" value="(AU)"/>
				<Property id="PROPERTY_7528" name="WIRE_CSA" value="0.35"/>
				<Property id="PROPERTY_7529" name="WIRE_MIN_BEND_RADIUS" value="3.5"/>
				<Property id="PROPERTY_7530" name="WIRE_LEVEL" value="(ALL)"/>
				<Property id="PROPERTY_7531" name="WIRE_DEV_PIN_1" value="C2R114-A:11"/>
				<Property id="PROPERTY_7532" name="WIRE_COLOR" value="GY/OG"/>
				<Property id="PROPERTY_7533" name="WIRE_SPEC" value="2TAD"/>
				<Property id="PROPERTY_7534" name="WIRE_END1_MATL" value="(SN)"/>
				<Property id="PROPERTY_7535" name="WIRE_END1_TERM" value="8U5T-14474-BB"/>
				<Property id="PROPERTY_7536" name="WIRE_DEV_PIN_2" value="C22-D1:7"/>
				<Property id="PROPERTY_7537" name="WIRE_NAME" value="CR144A"/>
				<Property id="PROPERTY_7538" name="WIRE_END2_TERM" value="1L2T-14474-DA"/>
				<Property id="PROPERTY_7539" name="WIRE_SIGNAL" value="CR144"/>
				<Property id="PROPERTY_7540" name="HRN_FAMILY" value="14401"/>
				<Property id="PROPERTY_7541" name="WIRE_MULTICORE" value="TP_CR144A"/>
				<Property id="PROPERTY_7542" name="WIRE_FPN" value="WIRE-2TAD-0.35-GY/OG"/>
				<Property id="PROPERTY_7543" name="WIRE_DIA_MAX" value="1.4"/>
				<BranchRoute id="BRR_252">
					<StartBranchPosition id="BR_POS_767" branchId="BRANCH_c2-4e-0-4c0f20" branchNodeId="BN_17896-236" offset="0"/>
					<PassBranchId>BRANCH_c2-4e-0-4c0dfd</PassBranchId>
					<PassBranchId>BRANCH_c2-4e-0-4c0f1f</PassBranchId>
					<PassBranchId>BRANCH_c2-4e-0-4c0ff5</PassBranchId>
					<PassBranchId>BRANCH_c2-4e-0-4c0ff2</PassBranchId>
					<PassBranchId>BRANCH_c2-4e-0-4c0d34</PassBranchId>
					<PassBranchId>BRANCH_c2-4e-0-4c0fef</PassBranchId>
					<PassBranchId>BRANCH_c2-4e-0-4c0e9b</PassBranchId>
					<PassBranchId>BRANCH_c2-4e-0-4c10ce</PassBranchId>
					<PassBranchId>BRANCH_c2-4e-0-4c0e97</PassBranchId>
					<PassBranchId>BRANCH_c2-4e-0-4c0f88</PassBranchId>
					<PassBranchId>BRANCH_c2-4e-0-4c0f18</PassBranchId>
					<PassBranchId>BRANCH_c2-4e-0-4c0f89</PassBranchId>
					<PassBranchId>BRANCH_c2-4e-0-4c1083</PassBranchId>
					<PassBranchId>BRANCH_c2-4e-0-4c1087</PassBranchId>
					<PassBranchId>BRANCH_c2-4e-0-4c106f</PassBranchId>
					<PassBranchId>BRANCH_c2-4e-0-4c1075</PassBranchId>
					<PassBranchId>BRANCH_c2-4e-0-4c0de4</PassBranchId>
					<PassBranchId>BRANCH_1a-4e-0-18e01d0</PassBranchId>
					<PassBranchId>BRANCH_c2-4e-0-4c10c8</PassBranchId>
					<PassBranchId>BRANCH_eb-4e-0-678fca</PassBranchId>
					<PassBranchId>BRANCH_c2-4e-0-4c0e8b</PassBranchId>
					<PassBranchId>BRANCH_c2-4e-0-4c0fe5</PassBranchId>
					<EndBranchPosition id="BR_POS_768" branchId="BRANCH_c2-4e-0-4c0f08" branchNodeId="BN_22372-360" offset="0"/>
				</BranchRoute>
			</WiringItem>
			<WiringItem xsi:type="Wire" id="WIRE_95-c-0-e642c" name="RR144A" signalId="SIGNAL_2-36-0-3d61" cableType="WIRE-2TAD-0.35" wireName="VT/GN" fromPinId="PIN_8-18-0-18ebd" toPinId="PIN_41-18-0-6800c">
				<AppRef name="E3.Series" version="2.13.7.0" guid="aed343cf-7089-4f52-bbce-4231caeb2bb5"/>
				<Property id="PROPERTY_7544" name="WIRE_LENGTH" value="2310"/>
				<Property id="PROPERTY_7545" name="WIRE_END2_MATL" value="(AU)"/>
				<Property id="PROPERTY_7546" name="WIRE_CSA" value="0.35"/>
				<Property id="PROPERTY_7547" name="WIRE_MIN_BEND_RADIUS" value="3.5"/>
				<Property id="PROPERTY_7548" name="WIRE_LEVEL" value="(ALL)"/>
				<Property id="PROPERTY_7549" name="WIRE_DEV_PIN_1" value="C2R114-A:12"/>
				<Property id="PROPERTY_7550" name="WIRE_COLOR" value="VT/GN"/>
				<Property id="PROPERTY_7551" name="WIRE_SPEC" value="2TAD"/>
				<Property id="PROPERTY_7552" name="WIRE_END1_MATL" value="(SN)"/>
				<Property id="PROPERTY_7553" name="WIRE_END1_TERM" value="8U5T-14474-BB"/>
				<Property id="PROPERTY_7554" name="WIRE_DEV_PIN_2" value="C22-D1:8"/>
				<Property id="PROPERTY_7555" name="WIRE_NAME" value="RR144A"/>
				<Property id="PROPERTY_7556" name="WIRE_END2_TERM" value="1L2T-14474-DA"/>
				<Property id="PROPERTY_7557" name="WIRE_SIGNAL" value="RR144"/>
				<Property id="PROPERTY_7558" name="HRN_FAMILY" value="14401"/>
				<Property id="PROPERTY_7559" name="WIRE_MULTICORE" value="TP_CR144A"/>
				<Property id="PROPERTY_7560" name="WIRE_FPN" value="WIRE-2TAD-0.35-VT/GN"/>
				<Property id="PROPERTY_7561" name="WIRE_DIA_MAX" value="1.4"/>
				<BranchRoute id="BRR_253">
					<StartBranchPosition id="BR_POS_769" branchId="BRANCH_c2-4e-0-4c0f20" branchNodeId="BN_17896-236" offset="0"/>
					<PassBranchId>BRANCH_c2-4e-0-4c0dfd</PassBranchId>
					<PassBranchId>BRANCH_c2-4e-0-4c0f1f</PassBranchId>
					<PassBranchId>BRANCH_c2-4e-0-4c0ff5</PassBranchId>
					<PassBranchId>BRANCH_c2-4e-0-4c0ff2</PassBranchId>
					<PassBranchId>BRANCH_c2-4e-0-4c0d34</PassBranchId>
					<PassBranchId>BRANCH_c2-4e-0-4c0fef</PassBranchId>
					<PassBranchId>BRANCH_c2-4e-0-4c0e9b</PassBranchId>
					<PassBranchId>BRANCH_c2-4e-0-4c10ce</PassBranchId>
					<PassBranchId>BRANCH_c2-4e-0-4c0e97</PassBranchId>
					<PassBranchId>BRANCH_c2-4e-0-4c0f88</PassBranchId>
					<PassBranchId>BRANCH_c2-4e-0-4c0f18</PassBranchId>
					<PassBranchId>BRANCH_c2-4e-0-4c0f89</PassBranchId>
					<PassBranchId>BRANCH_c2-4e-0-4c1083</PassBranchId>
					<PassBranchId>BRANCH_c2-4e-0-4c1087</PassBranchId>
					<PassBranchId>BRANCH_c2-4e-0-4c106f</PassBranchId>
					<PassBranchId>BRANCH_c2-4e-0-4c1075</PassBranchId>
					<PassBranchId>BRANCH_c2-4e-0-4c0de4</PassBranchId>
					<PassBranchId>BRANCH_1a-4e-0-18e01d0</PassBranchId>
					<PassBranchId>BRANCH_c2-4e-0-4c10c8</PassBranchId>
					<PassBranchId>BRANCH_eb-4e-0-678fca</PassBranchId>
					<PassBranchId>BRANCH_c2-4e-0-4c0e8b</PassBranchId>
					<PassBranchId>BRANCH_c2-4e-0-4c0fe5</PassBranchId>
					<EndBranchPosition id="BR_POS_770" branchId="BRANCH_c2-4e-0-4c0f08" branchNodeId="BN_22372-360" offset="0"/>
				</BranchRoute>
			</WiringItem>
		</WiringItem>
		<WiringItem xsi:type="Bundle" id="BUNDLE_a1-6-0-9d1d7" name="TP_CR168A" bundleType="twist">
			<AppRef name="E3.Series" version="2.14.5.0" guid="ad410c10-6af8-40eb-8cf7-10e7b3807d6b"/>
			<WiringItem xsi:type="Wire" id="WIRE_95-c-0-e4304" name="CR168A" signalId="SIGNAL_2-36-0-3926" cableType="WIRE-2TAD-0.50" wireName="WH/GN" fromPinId="PIN_71-18-0-1fb450" toPinId="PIN_8-18-0-193d1">
				<AppRef name="E3.Series" version="2.13.7.0" guid="02fd18dd-bf1c-478a-85b0-dd1aeda88bc7"/>
				<Property id="PROPERTY_7562" name="WIRE_LENGTH" value="2953"/>
				<Property id="PROPERTY_7563" name="WIRE_END2_MATL" value="(AU)"/>
				<Property id="PROPERTY_7564" name="WIRE_LEVEL" value="(C-SHF)/(7SPKR)/(TACH-L0)/(F-SHF)"/>
				<Property id="PROPERTY_7565" name="WIRE_CSA" value="0.5"/>
				<Property id="PROPERTY_7566" name="WIRE_MIN_BEND_RADIUS" value="4.25"/>
				<Property id="PROPERTY_7567" name="WIRE_OPTION" value="GRAA2 | GRAA3"/>
				<Property id="PROPERTY_7568" name="WIRE_DEV_PIN_1" value="C2R114-A:5"/>
				<Property id="PROPERTY_7569" name="WIRE_COLOR" value="WH/GN"/>
				<Property id="PROPERTY_7570" name="WIRE_SPEC" value="2TAD"/>
				<Property id="PROPERTY_7571" name="WIRE_END1_MATL" value="(SN)"/>
				<Property id="PROPERTY_7572" name="WIRE_END2_TERM" value="* P/O ASSY"/>
				<Property id="PROPERTY_7573" name="WIRE_END1_TERM" value="8U5T-14474-BB"/>
				<Property id="PROPERTY_7574" name="WIRE_DEV_PIN_2" value="C2R168:1"/>
				<Property id="PROPERTY_7575" name="WIRE_NAME" value="CR168A"/>
				<Property id="PROPERTY_7576" name="ROUTEPATH_1" value="RTE-14401-GRAAP"/>
				<Property id="PROPERTY_7577" name="WIRE_SIGNAL" value="CR168"/>
				<Property id="PROPERTY_7578" name="HRN_FAMILY" value="14401"/>
				<Property id="PROPERTY_7579" name="WIRE_MULTICORE" value="TP_CR168A"/>
				<Property id="PROPERTY_7580" name="WIRE_FPN" value="WIRE-2TAD-0.50-WH/GN"/>
				<Property id="PROPERTY_7581" name="WIRE_DIA_MAX" value="1.6"/>
				<Option id="OPTION_95-c-0-e4304_1" value="GRAA2 | GRAA3"/>
				<BranchRoute id="BRR_254">
					<StartBranchPosition id="BR_POS_771" branchId="BRANCH_c2-4e-0-4c0d8f" branchNodeId="BN_5623_9-162_058" offset="0"/>
					<PassBranchId>BRANCH_c2-4e-0-4c0faa</PassBranchId>
					<PassBranchId>BRANCH_c2-4e-0-4c0fa4</PassBranchId>
					<PassBranchId>BRANCH_c2-4e-0-4c0f9b</PassBranchId>
					<PassBranchId>BRANCH_c2-4e-0-4c10ae</PassBranchId>
					<PassBranchId>BRANCH_c2-4e-0-4c0d95</PassBranchId>
					<PassBranchId>BRANCH_c2-4e-0-4c101d</PassBranchId>
					<PassBranchId>BRANCH_c2-4e-0-4c101a</PassBranchId>
					<PassBranchId>BRANCH_c2-4e-0-4c0fce</PassBranchId>
					<PassBranchId>BRANCH_c2-4e-0-4c0d1d</PassBranchId>
					<PassBranchId>BRANCH_35-4e-0-2efaf8</PassBranchId>
					<PassBranchId>BRANCH_c2-4e-0-4c10c0</PassBranchId>
					<PassBranchId>BRANCH_c2-4e-0-4c0fc8</PassBranchId>
					<PassBranchId>BRANCH_c2-4e-0-4c108d</PassBranchId>
					<PassBranchId>BRANCH_c2-4e-0-4c0d88</PassBranchId>
					<PassBranchId>BRANCH_c2-4e-0-4c109a</PassBranchId>
					<PassBranchId>BRANCH_c2-4e-0-4c0e16</PassBranchId>
					<PassBranchId>BRANCH_c2-4e-0-4c0fcb</PassBranchId>
					<PassBranchId>BRANCH_c2-4e-0-4c0dea</PassBranchId>
					<PassBranchId>BRANCH_c2-4e-0-4c0fd1</PassBranchId>
					<PassBranchId>BRANCH_c2-4e-0-4c0fe8</PassBranchId>
					<PassBranchId>BRANCH_c2-4e-0-4c1009</PassBranchId>
					<PassBranchId>BRANCH_c2-4e-0-4c10cb</PassBranchId>
					<PassBranchId>BRANCH_c2-4e-0-4c10ec</PassBranchId>
					<PassBranchId>BRANCH_c2-4e-0-4c1075</PassBranchId>
					<PassBranchId>BRANCH_c2-4e-0-4c106f</PassBranchId>
					<PassBranchId>BRANCH_c2-4e-0-4c1087</PassBranchId>
					<PassBranchId>BRANCH_c2-4e-0-4c1083</PassBranchId>
					<PassBranchId>BRANCH_c2-4e-0-4c0f89</PassBranchId>
					<PassBranchId>BRANCH_c2-4e-0-4c0f18</PassBranchId>
					<PassBranchId>BRANCH_c2-4e-0-4c0f88</PassBranchId>
					<PassBranchId>BRANCH_c2-4e-0-4c0e97</PassBranchId>
					<PassBranchId>BRANCH_c2-4e-0-4c10ce</PassBranchId>
					<PassBranchId>BRANCH_c2-4e-0-4c0e9b</PassBranchId>
					<PassBranchId>BRANCH_c2-4e-0-4c0fef</PassBranchId>
					<PassBranchId>BRANCH_c2-4e-0-4c0d34</PassBranchId>
					<PassBranchId>BRANCH_c2-4e-0-4c0ff2</PassBranchId>
					<PassBranchId>BRANCH_c2-4e-0-4c0ff5</PassBranchId>
					<PassBranchId>BRANCH_c2-4e-0-4c0f1f</PassBranchId>
					<PassBranchId>BRANCH_c2-4e-0-4c0dfd</PassBranchId>
					<EndBranchPosition id="BR_POS_772" branchId="BRANCH_c2-4e-0-4c0f20" branchNodeId="BN_17896-236" offset="0"/>
				</BranchRoute>
			</WiringItem>
			<WiringItem xsi:type="Wire" id="WIRE_95-c-0-e431c" name="RR168A" signalId="SIGNAL_2-36-0-3d74" cableType="WIRE-2TAD-0.50" wireName="BU/WH" fromPinId="PIN_71-18-0-1fb454" toPinId="PIN_8-18-0-193d8">
				<AppRef name="E3.Series" version="2.13.7.0" guid="2ca7f513-1ec8-4621-876c-a3c2126a4ee3"/>
				<Property id="PROPERTY_7582" name="WIRE_LENGTH" value="2953"/>
				<Property id="PROPERTY_7583" name="WIRE_END2_MATL" value="(AU)"/>
				<Property id="PROPERTY_7584" name="WIRE_LEVEL" value="(C-SHF)/(7SPKR)/(TACH-L0)/(F-SHF)"/>
				<Property id="PROPERTY_7585" name="WIRE_CSA" value="0.5"/>
				<Property id="PROPERTY_7586" name="WIRE_MIN_BEND_RADIUS" value="4.25"/>
				<Property id="PROPERTY_7587" name="WIRE_OPTION" value="GRAA2 | GRAA3"/>
				<Property id="PROPERTY_7588" name="WIRE_DEV_PIN_1" value="C2R114-A:6"/>
				<Property id="PROPERTY_7589" name="WIRE_COLOR" value="BU/WH"/>
				<Property id="PROPERTY_7590" name="WIRE_SPEC" value="2TAD"/>
				<Property id="PROPERTY_7591" name="WIRE_END1_MATL" value="(SN)"/>
				<Property id="PROPERTY_7592" name="WIRE_END2_TERM" value="*P/O ASSY"/>
				<Property id="PROPERTY_7593" name="WIRE_END1_TERM" value="8U5T-14474-BB"/>
				<Property id="PROPERTY_7594" name="WIRE_DEV_PIN_2" value="C2R168:2"/>
				<Property id="PROPERTY_7595" name="WIRE_NAME" value="RR168A"/>
				<Property id="PROPERTY_7596" name="ROUTEPATH_1" value="RTE-14401-GRAAP"/>
				<Property id="PROPERTY_7597" name="WIRE_SIGNAL" value="RR168"/>
				<Property id="PROPERTY_7598" name="HRN_FAMILY" value="14401"/>
				<Property id="PROPERTY_7599" name="WIRE_MULTICORE" value="TP_CR168A"/>
				<Property id="PROPERTY_7600" name="WIRE_FPN" value="WIRE-2TAD-0.50-BU/WH"/>
				<Property id="PROPERTY_7601" name="WIRE_DIA_MAX" value="1.6"/>
				<Option id="OPTION_95-c-0-e431c_1" value="GRAA2 | GRAA3"/>
				<BranchRoute id="BRR_255">
					<StartBranchPosition id="BR_POS_773" branchId="BRANCH_c2-4e-0-4c0d8f" branchNodeId="BN_5623_9-162_058" offset="0"/>
					<PassBranchId>BRANCH_c2-4e-0-4c0faa</PassBranchId>
					<PassBranchId>BRANCH_c2-4e-0-4c0fa4</PassBranchId>
					<PassBranchId>BRANCH_c2-4e-0-4c0f9b</PassBranchId>
					<PassBranchId>BRANCH_c2-4e-0-4c10ae</PassBranchId>
					<PassBranchId>BRANCH_c2-4e-0-4c0d95</PassBranchId>
					<PassBranchId>BRANCH_c2-4e-0-4c101d</PassBranchId>
					<PassBranchId>BRANCH_c2-4e-0-4c101a</PassBranchId>
					<PassBranchId>BRANCH_c2-4e-0-4c0fce</PassBranchId>
					<PassBranchId>BRANCH_c2-4e-0-4c0d1d</PassBranchId>
					<PassBranchId>BRANCH_35-4e-0-2efaf8</PassBranchId>
					<PassBranchId>BRANCH_c2-4e-0-4c10c0</PassBranchId>
					<PassBranchId>BRANCH_c2-4e-0-4c0fc8</PassBranchId>
					<PassBranchId>BRANCH_c2-4e-0-4c108d</PassBranchId>
					<PassBranchId>BRANCH_c2-4e-0-4c0d88</PassBranchId>
					<PassBranchId>BRANCH_c2-4e-0-4c109a</PassBranchId>
					<PassBranchId>BRANCH_c2-4e-0-4c0e16</PassBranchId>
					<PassBranchId>BRANCH_c2-4e-0-4c0fcb</PassBranchId>
					<PassBranchId>BRANCH_c2-4e-0-4c0dea</PassBranchId>
					<PassBranchId>BRANCH_c2-4e-0-4c0fd1</PassBranchId>
					<PassBranchId>BRANCH_c2-4e-0-4c0fe8</PassBranchId>
					<PassBranchId>BRANCH_c2-4e-0-4c1009</PassBranchId>
					<PassBranchId>BRANCH_c2-4e-0-4c10cb</PassBranchId>
					<PassBranchId>BRANCH_c2-4e-0-4c10ec</PassBranchId>
					<PassBranchId>BRANCH_c2-4e-0-4c1075</PassBranchId>
					<PassBranchId>BRANCH_c2-4e-0-4c106f</PassBranchId>
					<PassBranchId>BRANCH_c2-4e-0-4c1087</PassBranchId>
					<PassBranchId>BRANCH_c2-4e-0-4c1083</PassBranchId>
					<PassBranchId>BRANCH_c2-4e-0-4c0f89</PassBranchId>
					<PassBranchId>BRANCH_c2-4e-0-4c0f18</PassBranchId>
					<PassBranchId>BRANCH_c2-4e-0-4c0f88</PassBranchId>
					<PassBranchId>BRANCH_c2-4e-0-4c0e97</PassBranchId>
					<PassBranchId>BRANCH_c2-4e-0-4c10ce</PassBranchId>
					<PassBranchId>BRANCH_c2-4e-0-4c0e9b</PassBranchId>
					<PassBranchId>BRANCH_c2-4e-0-4c0fef</PassBranchId>
					<PassBranchId>BRANCH_c2-4e-0-4c0d34</PassBranchId>
					<PassBranchId>BRANCH_c2-4e-0-4c0ff2</PassBranchId>
					<PassBranchId>BRANCH_c2-4e-0-4c0ff5</PassBranchId>
					<PassBranchId>BRANCH_c2-4e-0-4c0f1f</PassBranchId>
					<PassBranchId>BRANCH_c2-4e-0-4c0dfd</PassBranchId>
					<EndBranchPosition id="BR_POS_774" branchId="BRANCH_c2-4e-0-4c0f20" branchNodeId="BN_17896-236" offset="0"/>
				</BranchRoute>
			</WiringItem>
		</WiringItem>
		<WiringItem xsi:type="Bundle" id="BUNDLE_7d-6-0-1d0ce5" name="TP_CR168B" bundleType="twist">
			<AppRef name="E3.Series" version="2.14.5.0" guid="e8e08563-bb07-46f6-b595-f07cb391090e"/>
			<WiringItem xsi:type="Wire" id="WIRE_7d-c-0-1d0b0b" name="CR168B" signalId="SIGNAL_2-36-0-3926" cableType="WIRE-2TAD-0.50" wireName="WH/GN" fromPinId="PIN_71-18-0-1fb450" toPinId="PIN_8-18-0-193d1">
				<AppRef name="E3.Series" version="2.13.7.0" guid="9b154dcb-88af-4e82-a61c-30fcb82d7032"/>
				<Property id="PROPERTY_7602" name="WIRE_LENGTH" value="2867"/>
				<Property id="PROPERTY_7603" name="WIRE_END2_MATL" value="(AU)"/>
				<Property id="PROPERTY_7604" name="WIRE_LEVEL" value="(P-COL)"/>
				<Property id="PROPERTY_7605" name="WIRE_CSA" value="0.5"/>
				<Property id="PROPERTY_7606" name="WIRE_MIN_BEND_RADIUS" value="4.25"/>
				<Property id="PROPERTY_7607" name="WIRE_OPTION" value="GRAAP"/>
				<Property id="PROPERTY_7608" name="WIRE_DEV_PIN_1" value="C2R114-A:5"/>
				<Property id="PROPERTY_7609" name="WIRE_COLOR" value="WH/GN"/>
				<Property id="PROPERTY_7610" name="WIRE_SPEC" value="2TAD"/>
				<Property id="PROPERTY_7611" name="WIRE_END1_MATL" value="(SN)"/>
				<Property id="PROPERTY_7612" name="WIRE_END2_TERM" value="*P/O ASSY"/>
				<Property id="PROPERTY_7613" name="WIRE_END1_TERM" value="8U5T-14474-BB"/>
				<Property id="PROPERTY_7614" name="WIRE_DEV_PIN_2" value="C2R168:1"/>
				<Property id="PROPERTY_7615" name="WIRE_NAME" value="CR168B"/>
				<Property id="PROPERTY_7616" name="ROUTEPATH_1" value="RTE-14401-GRAA2/3"/>
				<Property id="PROPERTY_7617" name="WIRE_SIGNAL" value="CR168"/>
				<Property id="PROPERTY_7618" name="HRN_FAMILY" value="14401"/>
				<Property id="PROPERTY_7619" name="WIRE_MULTICORE" value="TP_CR168B"/>
				<Property id="PROPERTY_7620" name="WIRE_FPN" value="WIRE-2TAD-0.50-WH/GN"/>
				<Property id="PROPERTY_7621" name="WIRE_DIA_MAX" value="1.6"/>
				<Option id="OPTION_7d-c-0-1d0b0b_1" value="GRAAP"/>
				<BranchRoute id="BRR_256">
					<StartBranchPosition id="BR_POS_775" branchId="BRANCH_c2-4e-0-4c0d8f" branchNodeId="BN_5623_9-162_058" offset="0"/>
					<PassBranchId>BRANCH_c2-4e-0-4c0faa</PassBranchId>
					<PassBranchId>BRANCH_c2-4e-0-4c0e41</PassBranchId>
					<PassBranchId>BRANCH_c2-4e-0-4c101d</PassBranchId>
					<PassBranchId>BRANCH_c2-4e-0-4c101a</PassBranchId>
					<PassBranchId>BRANCH_c2-4e-0-4c0fce</PassBranchId>
					<PassBranchId>BRANCH_c2-4e-0-4c0d1d</PassBranchId>
					<PassBranchId>BRANCH_35-4e-0-2efaf8</PassBranchId>
					<PassBranchId>BRANCH_c2-4e-0-4c10c0</PassBranchId>
					<PassBranchId>BRANCH_c2-4e-0-4c0fc8</PassBranchId>
					<PassBranchId>BRANCH_c2-4e-0-4c108d</PassBranchId>
					<PassBranchId>BRANCH_c2-4e-0-4c0d88</PassBranchId>
					<PassBranchId>BRANCH_c2-4e-0-4c109a</PassBranchId>
					<PassBranchId>BRANCH_c2-4e-0-4c0e16</PassBranchId>
					<PassBranchId>BRANCH_c2-4e-0-4c0fcb</PassBranchId>
					<PassBranchId>BRANCH_c2-4e-0-4c0dea</PassBranchId>
					<PassBranchId>BRANCH_c2-4e-0-4c0fd1</PassBranchId>
					<PassBranchId>BRANCH_c2-4e-0-4c0fe8</PassBranchId>
					<PassBranchId>BRANCH_c2-4e-0-4c1009</PassBranchId>
					<PassBranchId>BRANCH_c2-4e-0-4c10cb</PassBranchId>
					<PassBranchId>BRANCH_c2-4e-0-4c10ec</PassBranchId>
					<PassBranchId>BRANCH_c2-4e-0-4c1075</PassBranchId>
					<PassBranchId>BRANCH_c2-4e-0-4c106f</PassBranchId>
					<PassBranchId>BRANCH_c2-4e-0-4c1087</PassBranchId>
					<PassBranchId>BRANCH_c2-4e-0-4c1083</PassBranchId>
					<PassBranchId>BRANCH_c2-4e-0-4c0f89</PassBranchId>
					<PassBranchId>BRANCH_c2-4e-0-4c0f18</PassBranchId>
					<PassBranchId>BRANCH_c2-4e-0-4c0f88</PassBranchId>
					<PassBranchId>BRANCH_c2-4e-0-4c0e97</PassBranchId>
					<PassBranchId>BRANCH_c2-4e-0-4c10ce</PassBranchId>
					<PassBranchId>BRANCH_c2-4e-0-4c0e9b</PassBranchId>
					<PassBranchId>BRANCH_c2-4e-0-4c0fef</PassBranchId>
					<PassBranchId>BRANCH_c2-4e-0-4c0d34</PassBranchId>
					<PassBranchId>BRANCH_c2-4e-0-4c0ff2</PassBranchId>
					<PassBranchId>BRANCH_c2-4e-0-4c0ff5</PassBranchId>
					<PassBranchId>BRANCH_c2-4e-0-4c0f1f</PassBranchId>
					<PassBranchId>BRANCH_c2-4e-0-4c0dfd</PassBranchId>
					<EndBranchPosition id="BR_POS_776" branchId="BRANCH_c2-4e-0-4c0f20" branchNodeId="BN_17896-236" offset="0"/>
				</BranchRoute>
			</WiringItem>
			<WiringItem xsi:type="Wire" id="WIRE_7d-c-0-1d0b2a" name="RR168B" signalId="SIGNAL_2-36-0-3d74" cableType="WIRE-2TAD-0.50" wireName="BU/WH" fromPinId="PIN_71-18-0-1fb454" toPinId="PIN_8-18-0-193d8">
				<AppRef name="E3.Series" version="2.13.7.0" guid="0a4fa181-fe9d-4e8b-b765-179a032f61d8"/>
				<Property id="PROPERTY_7622" name="WIRE_LENGTH" value="2867"/>
				<Property id="PROPERTY_7623" name="WIRE_END2_MATL" value="(AU)"/>
				<Property id="PROPERTY_7624" name="WIRE_LEVEL" value="(P-COL)"/>
				<Property id="PROPERTY_7625" name="WIRE_CSA" value="0.5"/>
				<Property id="PROPERTY_7626" name="WIRE_MIN_BEND_RADIUS" value="4.25"/>
				<Property id="PROPERTY_7627" name="WIRE_OPTION" value="GRAAP"/>
				<Property id="PROPERTY_7628" name="WIRE_DEV_PIN_1" value="C2R114-A:6"/>
				<Property id="PROPERTY_7629" name="WIRE_COLOR" value="BU/WH"/>
				<Property id="PROPERTY_7630" name="WIRE_SPEC" value="2TAD"/>
				<Property id="PROPERTY_7631" name="WIRE_END1_MATL" value="(SN)"/>
				<Property id="PROPERTY_7632" name="WIRE_END2_TERM" value="*P/O ASSY"/>
				<Property id="PROPERTY_7633" name="WIRE_END1_TERM" value="8U5T-14474-BB"/>
				<Property id="PROPERTY_7634" name="WIRE_DEV_PIN_2" value="C2R168:2"/>
				<Property id="PROPERTY_7635" name="WIRE_NAME" value="RR168B"/>
				<Property id="PROPERTY_7636" name="ROUTEPATH_1" value="RTE-14401-GRAA2/3"/>
				<Property id="PROPERTY_7637" name="WIRE_SIGNAL" value="RR168"/>
				<Property id="PROPERTY_7638" name="HRN_FAMILY" value="14401"/>
				<Property id="PROPERTY_7639" name="WIRE_MULTICORE" value="TP_CR168B"/>
				<Property id="PROPERTY_7640" name="WIRE_FPN" value="WIRE-2TAD-0.50-BU/WH"/>
				<Property id="PROPERTY_7641" name="WIRE_DIA_MAX" value="1.6"/>
				<Option id="OPTION_7d-c-0-1d0b2a_1" value="GRAAP"/>
				<BranchRoute id="BRR_257">
					<StartBranchPosition id="BR_POS_777" branchId="BRANCH_c2-4e-0-4c0d8f" branchNodeId="BN_5623_9-162_058" offset="0"/>
					<PassBranchId>BRANCH_c2-4e-0-4c0faa</PassBranchId>
					<PassBranchId>BRANCH_c2-4e-0-4c0e41</PassBranchId>
					<PassBranchId>BRANCH_c2-4e-0-4c101d</PassBranchId>
					<PassBranchId>BRANCH_c2-4e-0-4c101a</PassBranchId>
					<PassBranchId>BRANCH_c2-4e-0-4c0fce</PassBranchId>
					<PassBranchId>BRANCH_c2-4e-0-4c0d1d</PassBranchId>
					<PassBranchId>BRANCH_35-4e-0-2efaf8</PassBranchId>
					<PassBranchId>BRANCH_c2-4e-0-4c10c0</PassBranchId>
					<PassBranchId>BRANCH_c2-4e-0-4c0fc8</PassBranchId>
					<PassBranchId>BRANCH_c2-4e-0-4c108d</PassBranchId>
					<PassBranchId>BRANCH_c2-4e-0-4c0d88</PassBranchId>
					<PassBranchId>BRANCH_c2-4e-0-4c109a</PassBranchId>
					<PassBranchId>BRANCH_c2-4e-0-4c0e16</PassBranchId>
					<PassBranchId>BRANCH_c2-4e-0-4c0fcb</PassBranchId>
					<PassBranchId>BRANCH_c2-4e-0-4c0dea</PassBranchId>
					<PassBranchId>BRANCH_c2-4e-0-4c0fd1</PassBranchId>
					<PassBranchId>BRANCH_c2-4e-0-4c0fe8</PassBranchId>
					<PassBranchId>BRANCH_c2-4e-0-4c1009</PassBranchId>
					<PassBranchId>BRANCH_c2-4e-0-4c10cb</PassBranchId>
					<PassBranchId>BRANCH_c2-4e-0-4c10ec</PassBranchId>
					<PassBranchId>BRANCH_c2-4e-0-4c1075</PassBranchId>
					<PassBranchId>BRANCH_c2-4e-0-4c106f</PassBranchId>
					<PassBranchId>BRANCH_c2-4e-0-4c1087</PassBranchId>
					<PassBranchId>BRANCH_c2-4e-0-4c1083</PassBranchId>
					<PassBranchId>BRANCH_c2-4e-0-4c0f89</PassBranchId>
					<PassBranchId>BRANCH_c2-4e-0-4c0f18</PassBranchId>
					<PassBranchId>BRANCH_c2-4e-0-4c0f88</PassBranchId>
					<PassBranchId>BRANCH_c2-4e-0-4c0e97</PassBranchId>
					<PassBranchId>BRANCH_c2-4e-0-4c10ce</PassBranchId>
					<PassBranchId>BRANCH_c2-4e-0-4c0e9b</PassBranchId>
					<PassBranchId>BRANCH_c2-4e-0-4c0fef</PassBranchId>
					<PassBranchId>BRANCH_c2-4e-0-4c0d34</PassBranchId>
					<PassBranchId>BRANCH_c2-4e-0-4c0ff2</PassBranchId>
					<PassBranchId>BRANCH_c2-4e-0-4c0ff5</PassBranchId>
					<PassBranchId>BRANCH_c2-4e-0-4c0f1f</PassBranchId>
					<PassBranchId>BRANCH_c2-4e-0-4c0dfd</PassBranchId>
					<EndBranchPosition id="BR_POS_778" branchId="BRANCH_c2-4e-0-4c0f20" branchNodeId="BN_17896-236" offset="0"/>
				</BranchRoute>
			</WiringItem>
		</WiringItem>
		<WiringItem xsi:type="Bundle" id="BUNDLE_93-6-0-255823" name="TP_CR169A" bundleType="twist">
			<AppRef name="E3.Series" version="2.14.5.0" guid="35a7f182-1f1c-4c62-95f9-1479ddbfd7a8"/>
			<WiringItem xsi:type="Wire" id="WIRE_93-c-0-254505" name="CR169A" signalId="SIGNAL_2-36-0-3927" cableType="WIRE-2TAD-0.50" wireName="WH/BU" fromPinId="PIN_8-18-0-18ea5" toPinId="PIN_8c-18-0-33834c">
				<AppRef name="E3.Series" version="2.13.7.0" guid="0e163012-3350-4249-9a3d-75b7f1a3bcd5"/>
				<Property id="PROPERTY_7642" name="WIRE_LENGTH" value="2715"/>
				<Property id="PROPERTY_7643" name="WIRE_CSA" value="0.5"/>
				<Property id="PROPERTY_7644" name="WIRE_MIN_BEND_RADIUS" value="4.25"/>
				<Property id="PROPERTY_7645" name="WIRE_LEVEL" value="(ALL)"/>
				<Property id="PROPERTY_7646" name="WIRE_DEV_PIN_1" value="C2R114-A:23"/>
				<Property id="PROPERTY_7647" name="WIRE_COLOR" value="WH/BU"/>
				<Property id="PROPERTY_7648" name="WIRE_SPEC" value="2TAD"/>
				<Property id="PROPERTY_7649" name="WIRE_END1_MATL" value="(SN)"/>
				<Property id="PROPERTY_7650" name="WIRE_END1_TERM" value="8U5T-14474-BB"/>
				<Property id="PROPERTY_7651" name="WIRE_DEV_PIN_2" value="C2R169:1"/>
				<Property id="PROPERTY_7652" name="WIRE_NAME" value="CR169A"/>
				<Property id="PROPERTY_7653" name="WIRE_SIGNAL" value="CR169"/>
				<Property id="PROPERTY_7654" name="HRN_FAMILY" value="14401"/>
				<Property id="PROPERTY_7655" name="WIRE_MULTICORE" value="TP_CR169A"/>
				<Property id="PROPERTY_7656" name="WIRE_FPN" value="WIRE-2TAD-0.50-WH/BU"/>
				<Property id="PROPERTY_7657" name="WIRE_DIA_MAX" value="1.6"/>
				<BranchRoute id="BRR_258">
					<StartBranchPosition id="BR_POS_779" branchId="BRANCH_c2-4e-0-4c0f20" branchNodeId="BN_17896-236" offset="0"/>
					<PassBranchId>BRANCH_c2-4e-0-4c0dfd</PassBranchId>
					<PassBranchId>BRANCH_c2-4e-0-4c0f1f</PassBranchId>
					<PassBranchId>BRANCH_c2-4e-0-4c0ff5</PassBranchId>
					<PassBranchId>BRANCH_c2-4e-0-4c0ff2</PassBranchId>
					<PassBranchId>BRANCH_c2-4e-0-4c0d34</PassBranchId>
					<PassBranchId>BRANCH_c2-4e-0-4c0fef</PassBranchId>
					<PassBranchId>BRANCH_c2-4e-0-4c0e9b</PassBranchId>
					<PassBranchId>BRANCH_c2-4e-0-4c10ce</PassBranchId>
					<PassBranchId>BRANCH_c2-4e-0-4c0e97</PassBranchId>
					<PassBranchId>BRANCH_c2-4e-0-4c0f88</PassBranchId>
					<PassBranchId>BRANCH_c2-4e-0-4c0f18</PassBranchId>
					<PassBranchId>BRANCH_c2-4e-0-4c0f89</PassBranchId>
					<PassBranchId>BRANCH_c2-4e-0-4c1083</PassBranchId>
					<PassBranchId>BRANCH_c2-4e-0-4c1087</PassBranchId>
					<PassBranchId>BRANCH_c2-4e-0-4c106f</PassBranchId>
					<PassBranchId>BRANCH_c2-4e-0-4c1075</PassBranchId>
					<PassBranchId>BRANCH_c2-4e-0-4c0de4</PassBranchId>
					<PassBranchId>BRANCH_1a-4e-0-18e01d0</PassBranchId>
					<PassBranchId>BRANCH_c2-4e-0-4c10c8</PassBranchId>
					<PassBranchId>BRANCH_eb-4e-0-678fca</PassBranchId>
					<PassBranchId>BRANCH_c2-4e-0-4c0e87</PassBranchId>
					<PassBranchId>BRANCH_c2-4e-0-4c0e8c</PassBranchId>
					<PassBranchId>BRANCH_c2-4e-0-4c0e7f</PassBranchId>
					<PassBranchId>BRANCH_c2-4e-0-4c102d</PassBranchId>
					<PassBranchId>BRANCH_c2-4e-0-4c1065</PassBranchId>
					<EndBranchPosition id="BR_POS_780" branchId="BRANCH_c2-4e-0-4c0ef6" branchNodeId="BN_22712-112" offset="0"/>
				</BranchRoute>
			</WiringItem>
			<WiringItem xsi:type="Wire" id="WIRE_93-c-0-25451a" name="RR169A" signalId="SIGNAL_2-36-0-3d75" cableType="WIRE-2TAD-0.50" wireName="GY/VT" fromPinId="PIN_8c-18-0-338353" toPinId="PIN_8-18-0-18ead">
				<AppRef name="E3.Series" version="2.13.7.0" guid="880e6b86-eaf9-44a6-8a7c-d7bf96dabf8b"/>
				<Property id="PROPERTY_7658" name="WIRE_LENGTH" value="2715"/>
				<Property id="PROPERTY_7659" name="WIRE_END2_MATL" value="(SN)"/>
				<Property id="PROPERTY_7660" name="WIRE_CSA" value="0.5"/>
				<Property id="PROPERTY_7661" name="WIRE_MIN_BEND_RADIUS" value="4.25"/>
				<Property id="PROPERTY_7662" name="WIRE_LEVEL" value="(ALL)"/>
				<Property id="PROPERTY_7663" name="WIRE_DEV_PIN_1" value="C2R169:2"/>
				<Property id="PROPERTY_7664" name="WIRE_COLOR" value="GY/VT"/>
				<Property id="PROPERTY_7665" name="WIRE_SPEC" value="2TAD"/>
				<Property id="PROPERTY_7666" name="WIRE_DEV_PIN_2" value="C2R114-A:24"/>
				<Property id="PROPERTY_7667" name="WIRE_NAME" value="RR169A"/>
				<Property id="PROPERTY_7668" name="WIRE_END2_TERM" value="8U5T-14474-BB"/>
				<Property id="PROPERTY_7669" name="WIRE_SIGNAL" value="RR169"/>
				<Property id="PROPERTY_7670" name="HRN_FAMILY" value="14401"/>
				<Property id="PROPERTY_7671" name="WIRE_MULTICORE" value="TP_CR169A"/>
				<Property id="PROPERTY_7672" name="WIRE_FPN" value="WIRE-2TAD-0.50-GY/VT"/>
				<Property id="PROPERTY_7673" name="WIRE_DIA_MAX" value="1.6"/>
				<BranchRoute id="BRR_259">
					<StartBranchPosition id="BR_POS_781" branchId="BRANCH_c2-4e-0-4c0f20" branchNodeId="BN_17896-236" offset="0"/>
					<PassBranchId>BRANCH_c2-4e-0-4c0dfd</PassBranchId>
					<PassBranchId>BRANCH_c2-4e-0-4c0f1f</PassBranchId>
					<PassBranchId>BRANCH_c2-4e-0-4c0ff5</PassBranchId>
					<PassBranchId>BRANCH_c2-4e-0-4c0ff2</PassBranchId>
					<PassBranchId>BRANCH_c2-4e-0-4c0d34</PassBranchId>
					<PassBranchId>BRANCH_c2-4e-0-4c0fef</PassBranchId>
					<PassBranchId>BRANCH_c2-4e-0-4c0e9b</PassBranchId>
					<PassBranchId>BRANCH_c2-4e-0-4c10ce</PassBranchId>
					<PassBranchId>BRANCH_c2-4e-0-4c0e97</PassBranchId>
					<PassBranchId>BRANCH_c2-4e-0-4c0f88</PassBranchId>
					<PassBranchId>BRANCH_c2-4e-0-4c0f18</PassBranchId>
					<PassBranchId>BRANCH_c2-4e-0-4c0f89</PassBranchId>
					<PassBranchId>BRANCH_c2-4e-0-4c1083</PassBranchId>
					<PassBranchId>BRANCH_c2-4e-0-4c1087</PassBranchId>
					<PassBranchId>BRANCH_c2-4e-0-4c106f</PassBranchId>
					<PassBranchId>BRANCH_c2-4e-0-4c1075</PassBranchId>
					<PassBranchId>BRANCH_c2-4e-0-4c0de4</PassBranchId>
					<PassBranchId>BRANCH_1a-4e-0-18e01d0</PassBranchId>
					<PassBranchId>BRANCH_c2-4e-0-4c10c8</PassBranchId>
					<PassBranchId>BRANCH_eb-4e-0-678fca</PassBranchId>
					<PassBranchId>BRANCH_c2-4e-0-4c0e87</PassBranchId>
					<PassBranchId>BRANCH_c2-4e-0-4c0e8c</PassBranchId>
					<PassBranchId>BRANCH_c2-4e-0-4c0e7f</PassBranchId>
					<PassBranchId>BRANCH_c2-4e-0-4c102d</PassBranchId>
					<PassBranchId>BRANCH_c2-4e-0-4c1065</PassBranchId>
					<EndBranchPosition id="BR_POS_782" branchId="BRANCH_c2-4e-0-4c0ef6" branchNodeId="BN_22712-112" offset="0"/>
				</BranchRoute>
			</WiringItem>
		</WiringItem>
		<WiringItem xsi:type="Bundle" id="BUNDLE_a1-6-0-9d1c9" name="TP_CR101A1" bundleType="twist">
			<AppRef name="E3.Series" version="2.14.5.0" guid="ccedf5a4-7328-41cc-b890-ee26ecca01f1"/>
			<WiringItem xsi:type="Wire" id="WIRE_95-c-0-e48ed" name="CR101A1" signalId="SIGNAL_2-36-0-38f5" cableType="WIRE-2TAE-0.50" wireName="VT/BN" fromPinId="PIN_8-18-0-18e6d" toPinId="PIN_48-18-0-85d4ce">
				<AppRef name="E3.Series" version="2.13.7.0" guid="a04ab756-927f-4c4e-9f79-090cb370974f"/>
				<Property id="PROPERTY_7266" name="WIRE_LENGTH" value="3282"/>
				<Property id="PROPERTY_7267" name="WIRE_END2_MATL" value="(AU)"/>
				<Property id="PROPERTY_7268" name="WIRE_CSA" value="0.5"/>
				<Property id="PROPERTY_7269" name="WIRE_MIN_BEND_RADIUS" value="4.25"/>
				<Property id="PROPERTY_7270" name="WIRE_OPTION" value="GPAAJ"/>
				<Property id="PROPERTY_7271" name="WIRE_DEV_PIN_1" value="C2R114-A:29"/>
				<Property id="PROPERTY_7272" name="WIRE_COLOR" value="VT/BN"/>
				<Property id="PROPERTY_7273" name="WIRE_SPEC" value="2TAE"/>
				<Property id="PROPERTY_7274" name="WIRE_END1_MATL" value="(SN)"/>
				<Property id="PROPERTY_7275" name="WIRE_LEVEL" value="(E-STR)"/>
				<Property id="PROPERTY_7276" name="WIRE_END1_TERM" value="8U5T-14474-BB"/>
				<Property id="PROPERTY_7277" name="WIRE_DEV_PIN_2" value="C2AM01-A:1"/>
				<Property id="PROPERTY_7278" name="WIRE_NAME" value="CR101A1"/>
				<Property id="PROPERTY_7279" name="WIRE_END2_TERM" value="1L2T-14474-CA"/>
				<Property id="PROPERTY_7280" name="WIRE_SIGNAL" value="CR101"/>
				<Property id="PROPERTY_7281" name="HRN_FAMILY" value="14401"/>
				<Property id="PROPERTY_7282" name="WIRE_MULTICORE" value="TP_CR101A1"/>
				<Property id="PROPERTY_7283" name="WIRE_FPN" value="WIRE-2TAE-0.50-VT/BN"/>
				<Property id="PROPERTY_7284" name="WIRE_DIA_MAX" value="1.6"/>
				<Option id="OPTION_95-c-0-e48ed_1" value="GPAAJ"/>
				<BranchRoute id="BRR_238">
					<StartBranchPosition id="BR_POS_739" branchId="BRANCH_c2-4e-0-4c0ee1" branchNodeId="BN_4390_25-206_156" offset="0"/>
					<PassBranchId>BRANCH_c2-4e-0-4c0ee0</PassBranchId>
					<PassBranchId>BRANCH_c2-4e-0-4c10ad</PassBranchId>
					<PassBranchId>BRANCH_c2-4e-0-4c0db1</PassBranchId>
					<PassBranchId>BRANCH_c2-4e-0-4c0d9b</PassBranchId>
					<PassBranchId>BRANCH_c2-4e-0-4c10b4</PassBranchId>
					<PassBranchId>BRANCH_c2-4e-0-4c10b7</PassBranchId>
					<PassBranchId>BRANCH_c2-4e-0-4c0fa1</PassBranchId>
					<PassBranchId>BRANCH_c2-4e-0-4c10b1</PassBranchId>
					<PassBranchId>BRANCH_c2-4e-0-4c0f9e</PassBranchId>
					<PassBranchId>BRANCH_c2-4e-0-4c0f9b</PassBranchId>
					<PassBranchId>BRANCH_c2-4e-0-4c10ae</PassBranchId>
					<PassBranchId>BRANCH_c2-4e-0-4c0d95</PassBranchId>
					<PassBranchId>BRANCH_c2-4e-0-4c101d</PassBranchId>
					<PassBranchId>BRANCH_c2-4e-0-4c101a</PassBranchId>
					<PassBranchId>BRANCH_c2-4e-0-4c0fce</PassBranchId>
					<PassBranchId>BRANCH_c2-4e-0-4c0d1d</PassBranchId>
					<PassBranchId>BRANCH_35-4e-0-2efaf8</PassBranchId>
					<PassBranchId>BRANCH_c2-4e-0-4c10c0</PassBranchId>
					<PassBranchId>BRANCH_c2-4e-0-4c0fc8</PassBranchId>
					<PassBranchId>BRANCH_c2-4e-0-4c108d</PassBranchId>
					<PassBranchId>BRANCH_c2-4e-0-4c0d88</PassBranchId>
					<PassBranchId>BRANCH_c2-4e-0-4c109a</PassBranchId>
					<PassBranchId>BRANCH_c2-4e-0-4c0e16</PassBranchId>
					<PassBranchId>BRANCH_c2-4e-0-4c0fcb</PassBranchId>
					<PassBranchId>BRANCH_c2-4e-0-4c0dea</PassBranchId>
					<PassBranchId>BRANCH_c2-4e-0-4c0fd1</PassBranchId>
					<PassBranchId>BRANCH_c2-4e-0-4c0fe8</PassBranchId>
					<PassBranchId>BRANCH_c2-4e-0-4c1009</PassBranchId>
					<PassBranchId>BRANCH_c2-4e-0-4c10cb</PassBranchId>
					<PassBranchId>BRANCH_c2-4e-0-4c10ec</PassBranchId>
					<PassBranchId>BRANCH_c2-4e-0-4c1075</PassBranchId>
					<PassBranchId>BRANCH_c2-4e-0-4c106f</PassBranchId>
					<PassBranchId>BRANCH_c2-4e-0-4c1087</PassBranchId>
					<PassBranchId>BRANCH_c2-4e-0-4c1083</PassBranchId>
					<PassBranchId>BRANCH_c2-4e-0-4c0f89</PassBranchId>
					<PassBranchId>BRANCH_c2-4e-0-4c0f18</PassBranchId>
					<PassBranchId>BRANCH_c2-4e-0-4c0f88</PassBranchId>
					<PassBranchId>BRANCH_c2-4e-0-4c0e97</PassBranchId>
					<PassBranchId>BRANCH_c2-4e-0-4c10ce</PassBranchId>
					<PassBranchId>BRANCH_c2-4e-0-4c0e9b</PassBranchId>
					<PassBranchId>BRANCH_c2-4e-0-4c0fef</PassBranchId>
					<PassBranchId>BRANCH_c2-4e-0-4c0d34</PassBranchId>
					<PassBranchId>BRANCH_c2-4e-0-4c0ff2</PassBranchId>
					<PassBranchId>BRANCH_c2-4e-0-4c0ff5</PassBranchId>
					<PassBranchId>BRANCH_c2-4e-0-4c0f1f</PassBranchId>
					<PassBranchId>BRANCH_c2-4e-0-4c0dfd</PassBranchId>
					<EndBranchPosition id="BR_POS_740" branchId="BRANCH_c2-4e-0-4c0f20" branchNodeId="BN_17896-236" offset="0"/>
				</BranchRoute>
			</WiringItem>
			<WiringItem xsi:type="Wire" id="WIRE_95-c-0-e4876" name="RR101A1" signalId="SIGNAL_2-36-0-3d3a" cableType="WIRE-2TAE-0.50" wireName="YE/GN" fromPinId="PIN_8-18-0-18e75" toPinId="PIN_48-18-0-85d4d2">
				<AppRef name="E3.Series" version="2.13.7.0" guid="c0f25eb5-dc5a-4092-a0ea-5eb1db561e4b"/>
				<Property id="PROPERTY_7285" name="WIRE_LENGTH" value="3282"/>
				<Property id="PROPERTY_7286" name="WIRE_END2_MATL" value="(AU)"/>
				<Property id="PROPERTY_7287" name="WIRE_LEVEL" value="(E-STR)"/>
				<Property id="PROPERTY_7288" name="WIRE_CSA" value="0.5"/>
				<Property id="PROPERTY_7289" name="WIRE_MIN_BEND_RADIUS" value="4.25"/>
				<Property id="PROPERTY_7290" name="WIRE_OPTION" value="GPAAJ"/>
				<Property id="PROPERTY_7291" name="WIRE_DEV_PIN_1" value="C2R114-A:30"/>
				<Property id="PROPERTY_7292" name="WIRE_COLOR" value="YE/GN"/>
				<Property id="PROPERTY_7293" name="WIRE_SPEC" value="2TAE"/>
				<Property id="PROPERTY_7294" name="WIRE_END1_MATL" value="(SN)"/>
				<Property id="PROPERTY_7295" name="WIRE_END2_TERM" value="1L2T-14474-CA"/>
				<Property id="PROPERTY_7296" name="WIRE_END1_TERM" value="8U5T-14474-BB"/>
				<Property id="PROPERTY_7297" name="WIRE_DEV_PIN_2" value="C2AM01-A:2"/>
				<Property id="PROPERTY_7298" name="WIRE_NAME" value="RR101A1"/>
				<Property id="PROPERTY_7299" name="ROUTEPATH_1" value="RTE-14401-GRAAP"/>
				<Property id="PROPERTY_7300" name="WIRE_SIGNAL" value="RR101"/>
				<Property id="PROPERTY_7301" name="HRN_FAMILY" value="14401"/>
				<Property id="PROPERTY_7302" name="ROUTEPATH_2" value="RTE-14401-GRAAP-2"/>
				<Property id="PROPERTY_7303" name="WIRE_MULTICORE" value="TP_CR101A1"/>
				<Property id="PROPERTY_7304" name="WIRE_FPN" value="WIRE-2TAE-0.50-YE/GN"/>
				<Property id="PROPERTY_7305" name="WIRE_DIA_MAX" value="1.6"/>
				<Option id="OPTION_95-c-0-e4876_1" value="GPAAJ"/>
				<BranchRoute id="BRR_239">
					<StartBranchPosition id="BR_POS_741" branchId="BRANCH_c2-4e-0-4c0ee1" branchNodeId="BN_4390_25-206_156" offset="0"/>
					<PassBranchId>BRANCH_c2-4e-0-4c0ee0</PassBranchId>
					<PassBranchId>BRANCH_c2-4e-0-4c10ad</PassBranchId>
					<PassBranchId>BRANCH_c2-4e-0-4c0db1</PassBranchId>
					<PassBranchId>BRANCH_c2-4e-0-4c0d9b</PassBranchId>
					<PassBranchId>BRANCH_c2-4e-0-4c10b4</PassBranchId>
					<PassBranchId>BRANCH_c2-4e-0-4c10b7</PassBranchId>
					<PassBranchId>BRANCH_c2-4e-0-4c0fa1</PassBranchId>
					<PassBranchId>BRANCH_c2-4e-0-4c10b1</PassBranchId>
					<PassBranchId>BRANCH_c2-4e-0-4c0f9e</PassBranchId>
					<PassBranchId>BRANCH_c2-4e-0-4c0f9b</PassBranchId>
					<PassBranchId>BRANCH_c2-4e-0-4c10ae</PassBranchId>
					<PassBranchId>BRANCH_c2-4e-0-4c0d95</PassBranchId>
					<PassBranchId>BRANCH_c2-4e-0-4c101d</PassBranchId>
					<PassBranchId>BRANCH_c2-4e-0-4c101a</PassBranchId>
					<PassBranchId>BRANCH_c2-4e-0-4c0fce</PassBranchId>
					<PassBranchId>BRANCH_c2-4e-0-4c0d1d</PassBranchId>
					<PassBranchId>BRANCH_35-4e-0-2efaf8</PassBranchId>
					<PassBranchId>BRANCH_c2-4e-0-4c10c0</PassBranchId>
					<PassBranchId>BRANCH_c2-4e-0-4c0fc8</PassBranchId>
					<PassBranchId>BRANCH_c2-4e-0-4c108d</PassBranchId>
					<PassBranchId>BRANCH_c2-4e-0-4c0d88</PassBranchId>
					<PassBranchId>BRANCH_c2-4e-0-4c109a</PassBranchId>
					<PassBranchId>BRANCH_c2-4e-0-4c0e16</PassBranchId>
					<PassBranchId>BRANCH_c2-4e-0-4c0fcb</PassBranchId>
					<PassBranchId>BRANCH_c2-4e-0-4c0dea</PassBranchId>
					<PassBranchId>BRANCH_c2-4e-0-4c0fd1</PassBranchId>
					<PassBranchId>BRANCH_c2-4e-0-4c0fe8</PassBranchId>
					<PassBranchId>BRANCH_c2-4e-0-4c1009</PassBranchId>
					<PassBranchId>BRANCH_c2-4e-0-4c10cb</PassBranchId>
					<PassBranchId>BRANCH_c2-4e-0-4c10ec</PassBranchId>
					<PassBranchId>BRANCH_c2-4e-0-4c1075</PassBranchId>
					<PassBranchId>BRANCH_c2-4e-0-4c106f</PassBranchId>
					<PassBranchId>BRANCH_c2-4e-0-4c1087</PassBranchId>
					<PassBranchId>BRANCH_c2-4e-0-4c1083</PassBranchId>
					<PassBranchId>BRANCH_c2-4e-0-4c0f89</PassBranchId>
					<PassBranchId>BRANCH_c2-4e-0-4c0f18</PassBranchId>
					<PassBranchId>BRANCH_c2-4e-0-4c0f88</PassBranchId>
					<PassBranchId>BRANCH_c2-4e-0-4c0e97</PassBranchId>
					<PassBranchId>BRANCH_c2-4e-0-4c10ce</PassBranchId>
					<PassBranchId>BRANCH_c2-4e-0-4c0e9b</PassBranchId>
					<PassBranchId>BRANCH_c2-4e-0-4c0fef</PassBranchId>
					<PassBranchId>BRANCH_c2-4e-0-4c0d34</PassBranchId>
					<PassBranchId>BRANCH_c2-4e-0-4c0ff2</PassBranchId>
					<PassBranchId>BRANCH_c2-4e-0-4c0ff5</PassBranchId>
					<PassBranchId>BRANCH_c2-4e-0-4c0f1f</PassBranchId>
					<PassBranchId>BRANCH_c2-4e-0-4c0dfd</PassBranchId>
					<EndBranchPosition id="BR_POS_742" branchId="BRANCH_c2-4e-0-4c0f20" branchNodeId="BN_17896-236" offset="0"/>
				</BranchRoute>
			</WiringItem>
		</WiringItem>
		<WiringItem xsi:type="Bundle" id="BUNDLE_93-6-0-3a11a3" name="TP_HYA01CR" bundleType="twist">
			<AppRef name="E3.Series" version="2.14.5.0" guid="7d3a27ca-1bdc-4a00-b425-4c4a8e473b0e"/>
			<WiringItem xsi:type="Wire" id="WIRE_93-c-0-3a03a8" name="HYA01CR" signalId="SIGNAL_18-36-0-253f0a" cableType="WIRE-2UKD-0.75" wireName="OG/GN" fromPinId="PIN_24-18-0-267881" toPinId="PIN_93-18-0-3a035f">
				<AppRef name="E3.Series" version="2.14.0.0" guid="18b04d08-4216-44fd-a306-0c616565c5c0"/>
				<Property id="PROPERTY_9002" name="WIRE_LENGTH" value="1729"/>
				<Property id="PROPERTY_9003" name="WIRE_END2_MATL" value="(SN)"/>
				<Property id="PROPERTY_9004" name="WIRE_CSA" value="0.75"/>
				<Property id="PROPERTY_9005" name="WIRE_MIN_BEND_RADIUS" value="3"/>
				<Property id="PROPERTY_9006" name="WIRE_OPTION" value="HUKAD"/>
				<Property id="PROPERTY_9007" name="WIRE_DEV_PIN_1" value="C23-PT1:1"/>
				<Property id="PROPERTY_9008" name="WIRE_COLOR" value="OG/GN"/>
				<Property id="PROPERTY_9009" name="WIRE_SPEC" value="2UKD"/>
				<Property id="PROPERTY_9010" name="WIRE_END1_MATL" value="(SN)"/>
				<Property id="PROPERTY_9011" name="WIRE_LEVEL" value="VA"/>
				<Property id="PROPERTY_9012" name="WIRE_END1_TERM" value="97BG-14474-CAA"/>
				<Property id="PROPERTY_9013" name="WIRE_DEV_PIN_2" value="C2YA02-CR:3"/>
				<Property id="PROPERTY_9014" name="WIRE_NAME" value="HYA01CR"/>
				<Property id="PROPERTY_9015" name="WIRE_END2_TERM" value="AU5T-14474-CA"/>
				<Property id="PROPERTY_9016" name="WIRE_SIGNAL" value="HYA10"/>
				<Property id="PROPERTY_9017" name="HRN_FAMILY" value="14401"/>
				<Property id="PROPERTY_9018" name="WIRE_MULTICORE" value="TP_HYA01CR"/>
				<Property id="PROPERTY_9019" name="WIRE_FPN" value="WIRE-2UKD-0.75-OG/GN"/>
				<Property id="PROPERTY_9020" name="WIRE_DIA_MAX" value="1.6"/>
				<Option id="OPTION_93-c-0-3a03a8_1" value="HUKAD"/>
				<BranchRoute id="BRR_337">
					<StartBranchPosition id="BR_POS_937" branchId="BRANCH_c2-4e-0-4c0f8c" branchNodeId="BN_1111_9-146_058" offset="0"/>
					<PassBranchId>BRANCH_c2-4e-0-4c0ed7</PassBranchId>
					<PassBranchId>BRANCH_c2-4e-0-4c10dd</PassBranchId>
					<PassBranchId>BRANCH_c2-4e-0-4c1020</PassBranchId>
					<PassBranchId>BRANCH_c2-4e-0-4c1021</PassBranchId>
					<PassBranchId>BRANCH_c2-4e-0-4c10e7</PassBranchId>
					<PassBranchId>BRANCH_c2-4e-0-4c0fc5</PassBranchId>
					<PassBranchId>BRANCH_c2-4e-0-4c0fce</PassBranchId>
					<PassBranchId>BRANCH_c2-4e-0-4c0d1d</PassBranchId>
					<PassBranchId>BRANCH_35-4e-0-2efaf8</PassBranchId>
					<PassBranchId>BRANCH_c2-4e-0-4c10c0</PassBranchId>
					<PassBranchId>BRANCH_c2-4e-0-4c0fc8</PassBranchId>
					<PassBranchId>BRANCH_c2-4e-0-4c108d</PassBranchId>
					<PassBranchId>BRANCH_c2-4e-0-4c0d88</PassBranchId>
					<PassBranchId>BRANCH_c2-4e-0-4c109a</PassBranchId>
					<PassBranchId>BRANCH_c2-4e-0-4c0e16</PassBranchId>
					<PassBranchId>BRANCH_c2-4e-0-4c0fcb</PassBranchId>
					<PassBranchId>BRANCH_c2-4e-0-4c0dea</PassBranchId>
					<PassBranchId>BRANCH_c2-4e-0-4c0fd1</PassBranchId>
					<PassBranchId>BRANCH_c2-4e-0-4c0fe8</PassBranchId>
					<PassBranchId>BRANCH_c2-4e-0-4c1009</PassBranchId>
					<PassBranchId>BRANCH_c2-4e-0-4c10cb</PassBranchId>
					<PassBranchId>BRANCH_c2-4e-0-4c10ec</PassBranchId>
					<PassBranchId>BRANCH_c2-4e-0-4c1075</PassBranchId>
					<PassBranchId>BRANCH_c2-4e-0-4c106f</PassBranchId>
					<PassBranchId>BRANCH_c2-4e-0-4c1076</PassBranchId>
					<PassBranchId>BRANCH_c2-4e-0-4c0d05</PassBranchId>
					<PassBranchId>BRANCH_c2-4e-0-4c0f30</PassBranchId>
					<PassBranchId>BRANCH_c2-4e-0-4c0d46</PassBranchId>
					<PassBranchId>BRANCH_62-4e-0-c92d63</PassBranchId>
					<EndBranchPosition id="BR_POS_938" branchId="BRANCH_62-4e-0-c9509e" branchNodeId="BN_16856-268" offset="0"/>
				</BranchRoute>
			</WiringItem>
			<WiringItem xsi:type="Wire" id="WIRE_93-c-0-3a0388" name="HYA02CR" signalId="SIGNAL_18-36-0-253f24" cableType="WIRE-2UKD-0.75" wireName="OG/WH" fromPinId="PIN_24-18-0-267883" toPinId="PIN_93-18-0-3a0342">
				<AppRef name="E3.Series" version="2.14.0.0" guid="4031bac0-3ae9-400c-965b-77d5800a76d1"/>
				<Property id="PROPERTY_9021" name="WIRE_LENGTH" value="1729"/>
				<Property id="PROPERTY_9022" name="WIRE_END2_MATL" value="(SN)"/>
				<Property id="PROPERTY_9023" name="WIRE_CSA" value="0.75"/>
				<Property id="PROPERTY_9024" name="WIRE_MIN_BEND_RADIUS" value="3"/>
				<Property id="PROPERTY_9025" name="WIRE_OPTION" value="HUKAD"/>
				<Property id="PROPERTY_9026" name="WIRE_DEV_PIN_1" value="C23-PT1:2"/>
				<Property id="PROPERTY_9027" name="WIRE_COLOR" value="OG/WH"/>
				<Property id="PROPERTY_9028" name="WIRE_SPEC" value="2UKD"/>
				<Property id="PROPERTY_9029" name="WIRE_END1_MATL" value="(SN)"/>
				<Property id="PROPERTY_9030" name="WIRE_LEVEL" value="VA"/>
				<Property id="PROPERTY_9031" name="WIRE_END1_TERM" value="97BG-14474-CAA"/>
				<Property id="PROPERTY_9032" name="WIRE_DEV_PIN_2" value="C2YA02-CR:1"/>
				<Property id="PROPERTY_9033" name="WIRE_NAME" value="HYA02CR"/>
				<Property id="PROPERTY_9034" name="WIRE_END2_TERM" value="AU5T-14474-CA"/>
				<Property id="PROPERTY_9035" name="WIRE_SIGNAL" value="HYA12"/>
				<Property id="PROPERTY_9036" name="HRN_FAMILY" value="14401"/>
				<Property id="PROPERTY_9037" name="WIRE_MULTICORE" value="TP_HYA01CR"/>
				<Property id="PROPERTY_9038" name="WIRE_FPN" value="WIRE-2UKD-0.75-OG/WH"/>
				<Property id="PROPERTY_9039" name="WIRE_DIA_MAX" value="1.6"/>
				<Option id="OPTION_93-c-0-3a0388_1" value="HUKAD"/>
				<BranchRoute id="BRR_338">
					<StartBranchPosition id="BR_POS_939" branchId="BRANCH_c2-4e-0-4c0f8c" branchNodeId="BN_1111_9-146_058" offset="0"/>
					<PassBranchId>BRANCH_c2-4e-0-4c0ed7</PassBranchId>
					<PassBranchId>BRANCH_c2-4e-0-4c10dd</PassBranchId>
					<PassBranchId>BRANCH_c2-4e-0-4c1020</PassBranchId>
					<PassBranchId>BRANCH_c2-4e-0-4c1021</PassBranchId>
					<PassBranchId>BRANCH_c2-4e-0-4c10e7</PassBranchId>
					<PassBranchId>BRANCH_c2-4e-0-4c0fc5</PassBranchId>
					<PassBranchId>BRANCH_c2-4e-0-4c0fce</PassBranchId>
					<PassBranchId>BRANCH_c2-4e-0-4c0d1d</PassBranchId>
					<PassBranchId>BRANCH_35-4e-0-2efaf8</PassBranchId>
					<PassBranchId>BRANCH_c2-4e-0-4c10c0</PassBranchId>
					<PassBranchId>BRANCH_c2-4e-0-4c0fc8</PassBranchId>
					<PassBranchId>BRANCH_c2-4e-0-4c108d</PassBranchId>
					<PassBranchId>BRANCH_c2-4e-0-4c0d88</PassBranchId>
					<PassBranchId>BRANCH_c2-4e-0-4c109a</PassBranchId>
					<PassBranchId>BRANCH_c2-4e-0-4c0e16</PassBranchId>
					<PassBranchId>BRANCH_c2-4e-0-4c0fcb</PassBranchId>
					<PassBranchId>BRANCH_c2-4e-0-4c0dea</PassBranchId>
					<PassBranchId>BRANCH_c2-4e-0-4c0fd1</PassBranchId>
					<PassBranchId>BRANCH_c2-4e-0-4c0fe8</PassBranchId>
					<PassBranchId>BRANCH_c2-4e-0-4c1009</PassBranchId>
					<PassBranchId>BRANCH_c2-4e-0-4c10cb</PassBranchId>
					<PassBranchId>BRANCH_c2-4e-0-4c10ec</PassBranchId>
					<PassBranchId>BRANCH_c2-4e-0-4c1075</PassBranchId>
					<PassBranchId>BRANCH_c2-4e-0-4c106f</PassBranchId>
					<PassBranchId>BRANCH_c2-4e-0-4c1076</PassBranchId>
					<PassBranchId>BRANCH_c2-4e-0-4c0d05</PassBranchId>
					<PassBranchId>BRANCH_c2-4e-0-4c0f30</PassBranchId>
					<PassBranchId>BRANCH_c2-4e-0-4c0d46</PassBranchId>
					<PassBranchId>BRANCH_62-4e-0-c92d63</PassBranchId>
					<EndBranchPosition id="BR_POS_940" branchId="BRANCH_62-4e-0-c9509e" branchNodeId="BN_16856-268" offset="0"/>
				</BranchRoute>
			</WiringItem>
		</WiringItem>
		<WiringItem xsi:type="Bundle" id="BUNDLE_a1-6-0-9d21b" name="TP_VME10A" bundleType="twist">
			<AppRef name="E3.Series" version="2.14.5.0" guid="6929af36-e375-44c3-9914-a63a8218620f"/>
			<WiringItem xsi:type="Wire" id="WIRE_95-c-0-e60b7" name="RME10A" signalId="SIGNAL_4c-36-0-75879f" cableType="WIRE-2UKD-0.50" wireName="WH/OG" fromPinId="PIN_b-18-0-11875" toPinId="PIN_5f-18-0-126c2f">
				<AppRef name="E3.Series" version="2.13.7.0" guid="370d3205-b41c-494c-b572-6b647184d775"/>
				<Property id="PROPERTY_10045" name="WIRE_LENGTH" value="2038"/>
				<Property id="PROPERTY_10046" name="WIRE_END2_MATL" value="(SN)"/>
				<Property id="PROPERTY_10047" name="WIRE_CSA" value="0.5"/>
				<Property id="PROPERTY_10048" name="WIRE_MIN_BEND_RADIUS" value="3"/>
				<Property id="PROPERTY_10049" name="WIRE_OPTION" value="IDBAC | IDBAD | IDBAE | IDBAL"/>
				<Property id="PROPERTY_10050" name="WIRE_DEV_PIN_1" value="C2ME03-A:2"/>
				<Property id="PROPERTY_10051" name="WIRE_COLOR" value="WH/OG"/>
				<Property id="PROPERTY_10052" name="WIRE_SPEC" value="2UKD"/>
				<Property id="PROPERTY_10053" name="WIRE_END1_MATL" value="(SN)"/>
				<Property id="PROPERTY_10054" name="WIRE_LEVEL" value="(7SPKR)/(8DSP)/ZD/ZE/ZG/ZH"/>
				<Property id="PROPERTY_10055" name="WIRE_END1_TERM" value="DU5T-14474-CBB"/>
				<Property id="PROPERTY_10056" name="WIRE_DEV_PIN_2" value="C23-B1:25"/>
				<Property id="PROPERTY_10057" name="WIRE_NAME" value="RME10A"/>
				<Property id="PROPERTY_10058" name="WIRE_END2_TERM" value="9U5T-14474-DB"/>
				<Property id="PROPERTY_10059" name="WIRE_SIGNAL" value="RME07_RME12"/>
				<Property id="PROPERTY_10060" name="HRN_FAMILY" value="14401"/>
				<Property id="PROPERTY_10061" name="WIRE_MULTICORE" value="TP_VME10A"/>
				<Property id="PROPERTY_10062" name="WIRE_FPN" value="WIRE-2UKD-0.50-WH/OG"/>
				<Property id="PROPERTY_10063" name="WIRE_DIA_MAX" value="1.4"/>
				<Option id="OPTION_95-c-0-e60b7_1" value="IDBAC | IDBAD | IDBAE | IDBAL"/>
				<BranchRoute id="BRR_395">
					<StartBranchPosition id="BR_POS_1053" branchId="BRANCH_c2-4e-0-4c0f76" branchNodeId="BN_10584-132" offset="0"/>
					<PassBranchId>BRANCH_ff-4e-0-9d8f85</PassBranchId>
					<PassBranchId>BRANCH_22-4e-0-2ca187b</PassBranchId>
					<PassBranchId>BRANCH_c2-4e-0-4c0f6f</PassBranchId>
					<PassBranchId>BRANCH_c2-4e-0-4c0f6c</PassBranchId>
					<PassBranchId>BRANCH_c2-4e-0-4c0f66</PassBranchId>
					<PassBranchId>BRANCH_c2-4e-0-4c0fb7</PassBranchId>
					<PassBranchId>BRANCH_c2-4e-0-4c10a4</PassBranchId>
					<PassBranchId>BRANCH_c2-4e-0-4c0f7a</PassBranchId>
					<PassBranchId>BRANCH_35-4e-0-350133</PassBranchId>
					<PassBranchId>BRANCH_c2-4e-0-4c0f60</PassBranchId>
					<PassBranchId>BRANCH_c2-4e-0-4c1005</PassBranchId>
					<PassBranchId>BRANCH_c2-4e-0-4c0f45</PassBranchId>
					<PassBranchId>BRANCH_c2-4e-0-4c0dea</PassBranchId>
					<PassBranchId>BRANCH_c2-4e-0-4c0fd1</PassBranchId>
					<PassBranchId>BRANCH_c2-4e-0-4c0fe8</PassBranchId>
					<PassBranchId>BRANCH_c2-4e-0-4c1009</PassBranchId>
					<PassBranchId>BRANCH_c2-4e-0-4c10cb</PassBranchId>
					<PassBranchId>BRANCH_c2-4e-0-4c10ec</PassBranchId>
					<PassBranchId>BRANCH_c2-4e-0-4c0de4</PassBranchId>
					<PassBranchId>BRANCH_1a-4e-0-18e01d0</PassBranchId>
					<PassBranchId>BRANCH_c2-4e-0-4c10c8</PassBranchId>
					<PassBranchId>BRANCH_eb-4e-0-678fca</PassBranchId>
					<PassBranchId>BRANCH_c2-4e-0-4c0e87</PassBranchId>
					<PassBranchId>BRANCH_c2-4e-0-4c0e8c</PassBranchId>
					<PassBranchId>BRANCH_c2-4e-0-4c0e7f</PassBranchId>
					<PassBranchId>BRANCH_c2-4e-0-4c0ef9</PassBranchId>
					<PassBranchId>BRANCH_c2-4e-0-4c0e70</PassBranchId>
					<PassBranchId>BRANCH_c2-4e-0-4c0e5c</PassBranchId>
					<EndBranchPosition id="BR_POS_1054" branchId="BRANCH_c2-4e-0-4c0d63" branchNodeId="BN_22204-180" offset="0"/>
				</BranchRoute>
			</WiringItem>
			<WiringItem xsi:type="Wire" id="WIRE_95-c-0-e609f" name="VME10A" signalId="SIGNAL_4c-36-0-777d7f" cableType="WIRE-2UKD-0.50" wireName="WH/VT" fromPinId="PIN_b-18-0-118fd" toPinId="PIN_5f-18-0-126c33">
				<AppRef name="E3.Series" version="2.13.7.0" guid="7ef4b605-a300-40d3-ad38-f5116361e6fd"/>
				<Property id="PROPERTY_10064" name="WIRE_LENGTH" value="2038"/>
				<Property id="PROPERTY_10065" name="WIRE_END2_MATL" value="(SN)"/>
				<Property id="PROPERTY_10066" name="WIRE_CSA" value="0.5"/>
				<Property id="PROPERTY_10067" name="WIRE_MIN_BEND_RADIUS" value="3"/>
				<Property id="PROPERTY_10068" name="WIRE_OPTION" value="IDBAC | IDBAD | IDBAE | IDBAL"/>
				<Property id="PROPERTY_10069" name="WIRE_DEV_PIN_1" value="C2ME03-A:3"/>
				<Property id="PROPERTY_10070" name="WIRE_COLOR" value="WH/VT"/>
				<Property id="PROPERTY_10071" name="WIRE_SPEC" value="2UKD"/>
				<Property id="PROPERTY_10072" name="WIRE_END1_MATL" value="(SN)"/>
				<Property id="PROPERTY_10073" name="WIRE_LEVEL" value="(7SPKR)/(8DSP)/ZD/ZE/ZG/ZH"/>
				<Property id="PROPERTY_10074" name="WIRE_END1_TERM" value="DU5T-14474-CBB"/>
				<Property id="PROPERTY_10075" name="WIRE_DEV_PIN_2" value="C23-B1:26"/>
				<Property id="PROPERTY_10076" name="WIRE_NAME" value="VME10A"/>
				<Property id="PROPERTY_10077" name="WIRE_END2_TERM" value="9U5T-14474-DB"/>
				<Property id="PROPERTY_10078" name="WIRE_SIGNAL" value="VME07_VME12"/>
				<Property id="PROPERTY_10079" name="HRN_FAMILY" value="14401"/>
				<Property id="PROPERTY_10080" name="WIRE_MULTICORE" value="TP_VME10A"/>
				<Property id="PROPERTY_10081" name="WIRE_FPN" value="WIRE-2UKD-0.50-WH/VT"/>
				<Property id="PROPERTY_10082" name="WIRE_DIA_MAX" value="1.4"/>
				<Option id="OPTION_95-c-0-e609f_1" value="IDBAC | IDBAD | IDBAE | IDBAL"/>
				<BranchRoute id="BRR_396">
					<StartBranchPosition id="BR_POS_1055" branchId="BRANCH_c2-4e-0-4c0f76" branchNodeId="BN_10584-132" offset="0"/>
					<PassBranchId>BRANCH_ff-4e-0-9d8f85</PassBranchId>
					<PassBranchId>BRANCH_22-4e-0-2ca187b</PassBranchId>
					<PassBranchId>BRANCH_c2-4e-0-4c0f6f</PassBranchId>
					<PassBranchId>BRANCH_c2-4e-0-4c0f6c</PassBranchId>
					<PassBranchId>BRANCH_c2-4e-0-4c0f66</PassBranchId>
					<PassBranchId>BRANCH_c2-4e-0-4c0fb7</PassBranchId>
					<PassBranchId>BRANCH_c2-4e-0-4c10a4</PassBranchId>
					<PassBranchId>BRANCH_c2-4e-0-4c0f7a</PassBranchId>
					<PassBranchId>BRANCH_35-4e-0-350133</PassBranchId>
					<PassBranchId>BRANCH_c2-4e-0-4c0f60</PassBranchId>
					<PassBranchId>BRANCH_c2-4e-0-4c1005</PassBranchId>
					<PassBranchId>BRANCH_c2-4e-0-4c0f45</PassBranchId>
					<PassBranchId>BRANCH_c2-4e-0-4c0dea</PassBranchId>
					<PassBranchId>BRANCH_c2-4e-0-4c0fd1</PassBranchId>
					<PassBranchId>BRANCH_c2-4e-0-4c0fe8</PassBranchId>
					<PassBranchId>BRANCH_c2-4e-0-4c1009</PassBranchId>
					<PassBranchId>BRANCH_c2-4e-0-4c10cb</PassBranchId>
					<PassBranchId>BRANCH_c2-4e-0-4c10ec</PassBranchId>
					<PassBranchId>BRANCH_c2-4e-0-4c0de4</PassBranchId>
					<PassBranchId>BRANCH_1a-4e-0-18e01d0</PassBranchId>
					<PassBranchId>BRANCH_c2-4e-0-4c10c8</PassBranchId>
					<PassBranchId>BRANCH_eb-4e-0-678fca</PassBranchId>
					<PassBranchId>BRANCH_c2-4e-0-4c0e87</PassBranchId>
					<PassBranchId>BRANCH_c2-4e-0-4c0e8c</PassBranchId>
					<PassBranchId>BRANCH_c2-4e-0-4c0e7f</PassBranchId>
					<PassBranchId>BRANCH_c2-4e-0-4c0ef9</PassBranchId>
					<PassBranchId>BRANCH_c2-4e-0-4c0e70</PassBranchId>
					<PassBranchId>BRANCH_c2-4e-0-4c0e5c</PassBranchId>
					<EndBranchPosition id="BR_POS_1056" branchId="BRANCH_c2-4e-0-4c0d63" branchNodeId="BN_22204-180" offset="0"/>
				</BranchRoute>
			</WiringItem>
		</WiringItem>
		<WiringItem xsi:type="Bundle" id="BUNDLE_4-6-0-b58fbb" name="TP_VME10A2" bundleType="twist">
			<AppRef name="E3.Series" version="2.14.5.0" guid="4e059624-a69f-4d2e-8ed0-53ac16aafdc9"/>
			<WiringItem xsi:type="Wire" id="WIRE_4-c-0-b58cdc" name="RME10A2" signalId="SIGNAL_4c-36-0-75879f" cableType="WIRE-2UKD-0.50" wireName="WH/OG" fromPinId="PIN_5f-18-0-126c2f" toPinId="PIN_b-18-0-118a5">
				<AppRef name="E3.Series" version="2.13.7.0" guid="2ffb5f15-d27a-4d54-ab2e-2ebb512feeba"/>
				<Property id="PROPERTY_10083" name="WIRE_LENGTH" value="2038"/>
				<Property id="PROPERTY_10084" name="WIRE_END2_MATL" value="(SN)"/>
				<Property id="PROPERTY_10085" name="WIRE_CSA" value="0.5"/>
				<Property id="PROPERTY_10086" name="WIRE_MIN_BEND_RADIUS" value="3"/>
				<Property id="PROPERTY_10087" name="WIRE_OPTION" value="(IDBAF | IDBBQ) &amp; (IEVAQ | IEVAR)"/>
				<Property id="PROPERTY_10088" name="WIRE_DEV_PIN_1" value="C23-B1:25"/>
				<Property id="PROPERTY_10089" name="WIRE_COLOR" value="WH/OG"/>
				<Property id="PROPERTY_10090" name="WIRE_SPEC" value="2UKD"/>
				<Property id="PROPERTY_10091" name="WIRE_END1_MATL" value="(SN)"/>
				<Property id="PROPERTY_10092" name="WIRE_LEVEL" value="(8SPKR)/(CNSL-HI)/(A-STR)/XM/YN/ZB"/>
				<Property id="PROPERTY_10093" name="WIRE_END1_TERM" value="9U5T-14474-DB"/>
				<Property id="PROPERTY_10094" name="WIRE_DEV_PIN_2" value="C2ME03-A:9"/>
				<Property id="PROPERTY_10095" name="WIRE_NAME" value="RME10A2"/>
				<Property id="PROPERTY_10096" name="WIRE_END2_TERM" value="DU5T-14474-CBB"/>
				<Property id="PROPERTY_10097" name="WIRE_SIGNAL" value="RME07_RME12"/>
				<Property id="PROPERTY_10098" name="HRN_FAMILY" value="14401"/>
				<Property id="PROPERTY_10099" name="WIRE_MULTICORE" value="TP_VME10A2"/>
				<Property id="PROPERTY_10100" name="WIRE_FPN" value="WIRE-2UKD-0.50-WH/OG"/>
				<Property id="PROPERTY_10101" name="WIRE_DIA_MAX" value="1.4"/>
				<Option id="OPTION_4-c-0-b58cdc_1" value="(IDBAF | IDBBQ) &amp; (IEVAQ | IEVAR)"/>
				<BranchRoute id="BRR_397">
					<StartBranchPosition id="BR_POS_1057" branchId="BRANCH_c2-4e-0-4c0f76" branchNodeId="BN_10584-132" offset="0"/>
					<PassBranchId>BRANCH_ff-4e-0-9d8f85</PassBranchId>
					<PassBranchId>BRANCH_22-4e-0-2ca187b</PassBranchId>
					<PassBranchId>BRANCH_c2-4e-0-4c0f6f</PassBranchId>
					<PassBranchId>BRANCH_c2-4e-0-4c0f6c</PassBranchId>
					<PassBranchId>BRANCH_c2-4e-0-4c0f66</PassBranchId>
					<PassBranchId>BRANCH_c2-4e-0-4c0fb7</PassBranchId>
					<PassBranchId>BRANCH_c2-4e-0-4c10a4</PassBranchId>
					<PassBranchId>BRANCH_c2-4e-0-4c0f7a</PassBranchId>
					<PassBranchId>BRANCH_35-4e-0-350133</PassBranchId>
					<PassBranchId>BRANCH_c2-4e-0-4c0f60</PassBranchId>
					<PassBranchId>BRANCH_c2-4e-0-4c1005</PassBranchId>
					<PassBranchId>BRANCH_c2-4e-0-4c0f45</PassBranchId>
					<PassBranchId>BRANCH_c2-4e-0-4c0dea</PassBranchId>
					<PassBranchId>BRANCH_c2-4e-0-4c0fd1</PassBranchId>
					<PassBranchId>BRANCH_c2-4e-0-4c0fe8</PassBranchId>
					<PassBranchId>BRANCH_c2-4e-0-4c1009</PassBranchId>
					<PassBranchId>BRANCH_c2-4e-0-4c10cb</PassBranchId>
					<PassBranchId>BRANCH_c2-4e-0-4c10ec</PassBranchId>
					<PassBranchId>BRANCH_c2-4e-0-4c0de4</PassBranchId>
					<PassBranchId>BRANCH_1a-4e-0-18e01d0</PassBranchId>
					<PassBranchId>BRANCH_c2-4e-0-4c10c8</PassBranchId>
					<PassBranchId>BRANCH_eb-4e-0-678fca</PassBranchId>
					<PassBranchId>BRANCH_c2-4e-0-4c0e87</PassBranchId>
					<PassBranchId>BRANCH_c2-4e-0-4c0e8c</PassBranchId>
					<PassBranchId>BRANCH_c2-4e-0-4c0e7f</PassBranchId>
					<PassBranchId>BRANCH_c2-4e-0-4c0ef9</PassBranchId>
					<PassBranchId>BRANCH_c2-4e-0-4c0e70</PassBranchId>
					<PassBranchId>BRANCH_c2-4e-0-4c0e5c</PassBranchId>
					<EndBranchPosition id="BR_POS_1058" branchId="BRANCH_c2-4e-0-4c0d63" branchNodeId="BN_22204-180" offset="0"/>
				</BranchRoute>
			</WiringItem>
			<WiringItem xsi:type="Wire" id="WIRE_4-c-0-b58cbe" name="VME10A2" signalId="SIGNAL_4c-36-0-777d7f" cableType="WIRE-2UKD-0.50" wireName="WH/VT" fromPinId="PIN_b-18-0-11885" toPinId="PIN_5f-18-0-126c33">
				<AppRef name="E3.Series" version="2.13.7.0" guid="9c28a64a-954c-464e-b42a-b9224d3cd558"/>
				<Property id="PROPERTY_10102" name="WIRE_LENGTH" value="2038"/>
				<Property id="PROPERTY_10103" name="WIRE_END2_MATL" value="(SN)"/>
				<Property id="PROPERTY_10104" name="WIRE_CSA" value="0.5"/>
				<Property id="PROPERTY_10105" name="WIRE_MIN_BEND_RADIUS" value="3"/>
				<Property id="PROPERTY_10106" name="WIRE_OPTION" value="(IDBAF | IDBBQ) &amp; (IEVAQ | IEVAR)"/>
				<Property id="PROPERTY_10107" name="WIRE_DEV_PIN_1" value="C2ME03-A:10"/>
				<Property id="PROPERTY_10108" name="WIRE_COLOR" value="WH/VT"/>
				<Property id="PROPERTY_10109" name="WIRE_SPEC" value="2UKD"/>
				<Property id="PROPERTY_10110" name="WIRE_END1_MATL" value="(SN)"/>
				<Property id="PROPERTY_10111" name="WIRE_LEVEL" value="(8SPKR)/(CNSL-HI)/(A-STR)/XM/YN/ZB"/>
				<Property id="PROPERTY_10112" name="WIRE_END1_TERM" value="DU5T-14474-CBB"/>
				<Property id="PROPERTY_10113" name="WIRE_DEV_PIN_2" value="C23-B1:26"/>
				<Property id="PROPERTY_10114" name="WIRE_NAME" value="VME10A2"/>
				<Property id="PROPERTY_10115" name="WIRE_END2_TERM" value="9U5T-14474-DB"/>
				<Property id="PROPERTY_10116" name="WIRE_SIGNAL" value="VME07_VME12"/>
				<Property id="PROPERTY_10117" name="HRN_FAMILY" value="14401"/>
				<Property id="PROPERTY_10118" name="WIRE_MULTICORE" value="TP_VME10A2"/>
				<Property id="PROPERTY_10119" name="WIRE_FPN" value="WIRE-2UKD-0.50-WH/VT"/>
				<Property id="PROPERTY_10120" name="WIRE_DIA_MAX" value="1.4"/>
				<Option id="OPTION_4-c-0-b58cbe_1" value="(IDBAF | IDBBQ) &amp; (IEVAQ | IEVAR)"/>
				<BranchRoute id="BRR_398">
					<StartBranchPosition id="BR_POS_1059" branchId="BRANCH_c2-4e-0-4c0f76" branchNodeId="BN_10584-132" offset="0"/>
					<PassBranchId>BRANCH_ff-4e-0-9d8f85</PassBranchId>
					<PassBranchId>BRANCH_22-4e-0-2ca187b</PassBranchId>
					<PassBranchId>BRANCH_c2-4e-0-4c0f6f</PassBranchId>
					<PassBranchId>BRANCH_c2-4e-0-4c0f6c</PassBranchId>
					<PassBranchId>BRANCH_c2-4e-0-4c0f66</PassBranchId>
					<PassBranchId>BRANCH_c2-4e-0-4c0fb7</PassBranchId>
					<PassBranchId>BRANCH_c2-4e-0-4c10a4</PassBranchId>
					<PassBranchId>BRANCH_c2-4e-0-4c0f7a</PassBranchId>
					<PassBranchId>BRANCH_35-4e-0-350133</PassBranchId>
					<PassBranchId>BRANCH_c2-4e-0-4c0f60</PassBranchId>
					<PassBranchId>BRANCH_c2-4e-0-4c1005</PassBranchId>
					<PassBranchId>BRANCH_c2-4e-0-4c0f45</PassBranchId>
					<PassBranchId>BRANCH_c2-4e-0-4c0dea</PassBranchId>
					<PassBranchId>BRANCH_c2-4e-0-4c0fd1</PassBranchId>
					<PassBranchId>BRANCH_c2-4e-0-4c0fe8</PassBranchId>
					<PassBranchId>BRANCH_c2-4e-0-4c1009</PassBranchId>
					<PassBranchId>BRANCH_c2-4e-0-4c10cb</PassBranchId>
					<PassBranchId>BRANCH_c2-4e-0-4c10ec</PassBranchId>
					<PassBranchId>BRANCH_c2-4e-0-4c0de4</PassBranchId>
					<PassBranchId>BRANCH_1a-4e-0-18e01d0</PassBranchId>
					<PassBranchId>BRANCH_c2-4e-0-4c10c8</PassBranchId>
					<PassBranchId>BRANCH_eb-4e-0-678fca</PassBranchId>
					<PassBranchId>BRANCH_c2-4e-0-4c0e87</PassBranchId>
					<PassBranchId>BRANCH_c2-4e-0-4c0e8c</PassBranchId>
					<PassBranchId>BRANCH_c2-4e-0-4c0e7f</PassBranchId>
					<PassBranchId>BRANCH_c2-4e-0-4c0ef9</PassBranchId>
					<PassBranchId>BRANCH_c2-4e-0-4c0e70</PassBranchId>
					<PassBranchId>BRANCH_c2-4e-0-4c0e5c</PassBranchId>
					<EndBranchPosition id="BR_POS_1060" branchId="BRANCH_c2-4e-0-4c0d63" branchNodeId="BN_22204-180" offset="0"/>
				</BranchRoute>
			</WiringItem>
		</WiringItem>
		<WiringItem xsi:type="Bundle" id="BUNDLE_74-6-0-1fa62e" name="TP_VE474G" bundleType="twist">
			<AppRef name="E3.Series" version="2.14.5.0" guid="dd4bc8ad-8dfe-43f6-8f44-33187d2f60a1"/>
			<WiringItem xsi:type="Wire" id="WIRE_74-c-0-1fa600" name="VE474G" signalId="SIGNAL_56-36-0-8325a" cableType="WIRE-2UKD-0.35" wireName="BU/GN" fromPinId="PIN_b5-18-0-554b" toPinId="PIN_c0-18-0-5002bd">
				<AppRef name="E3.Series" version="2.13.7.0" guid="89a6b9c7-de06-430f-b54a-48bbdf822374"/>
				<Property id="PROPERTY_13526" name="WIRE_LENGTH" value="2244"/>
				<Property id="PROPERTY_13527" name="WIRE_CSA" value="0.35"/>
				<Property id="PROPERTY_13528" name="WIRE_MIN_BEND_RADIUS" value="3"/>
				<Property id="PROPERTY_13529" name="WIRE_OPTION" value="B5WAA | B5WBK"/>
				<Property id="PROPERTY_13530" name="WIRE_DEV_PIN_1" value="C12-B2:6"/>
				<Property id="PROPERTY_13531" name="WIRE_COLOR" value="BU/GN"/>
				<Property id="PROPERTY_13532" name="WIRE_SPEC" value="2UKD"/>
				<Property id="PROPERTY_13533" name="WIRE_END1_MATL" value="(SN)"/>
				<Property id="PROPERTY_13534" name="WIRE_LEVEL" value="(C-SHF)"/>
				<Property id="PROPERTY_13535" name="WIRE_END1_TERM" value="3F2T-14474-SA"/>
				<Property id="PROPERTY_13536" name="WIRE_DEV_PIN_2" value="C2ET76-P:13"/>
				<Property id="PROPERTY_13537" name="WIRE_NAME" value="VE474G"/>
				<Property id="PROPERTY_13538" name="WIRE_END2_TERM" value="*DU5T-14474-GAA"/>
				<Property id="PROPERTY_13539" name="WIRE_SIGNAL" value="VE474"/>
				<Property id="PROPERTY_13540" name="HRN_FAMILY" value="14401"/>
				<Property id="PROPERTY_13541" name="WIRE_MULTICORE" value="TP_VE474G"/>
				<Property id="PROPERTY_13542" name="WIRE_FPN" value="WIRE-2UKD-0.35-BU/GN"/>
				<Property id="PROPERTY_13543" name="WIRE_DIA_MAX" value="1.2"/>
				<Option id="OPTION_74-c-0-1fa600_1" value="B5WAA | B5WBK"/>
				<BranchRoute id="BRR_586">
					<StartBranchPosition id="BR_POS_1435" branchId="BRANCH_c2-4e-0-4c0e3e" branchNodeId="BN_5263_9-198_058" offset="0"/>
					<PassBranchId>BRANCH_c2-4e-0-4c0d92</PassBranchId>
					<PassBranchId>BRANCH_c2-4e-0-4c10b4</PassBranchId>
					<PassBranchId>BRANCH_c2-4e-0-4c10b7</PassBranchId>
					<PassBranchId>BRANCH_c2-4e-0-4c0fa1</PassBranchId>
					<PassBranchId>BRANCH_c2-4e-0-4c10b1</PassBranchId>
					<PassBranchId>BRANCH_c2-4e-0-4c0f9e</PassBranchId>
					<PassBranchId>BRANCH_c2-4e-0-4c0f9b</PassBranchId>
					<PassBranchId>BRANCH_c2-4e-0-4c10ae</PassBranchId>
					<PassBranchId>BRANCH_c2-4e-0-4c0d95</PassBranchId>
					<PassBranchId>BRANCH_c2-4e-0-4c101d</PassBranchId>
					<PassBranchId>BRANCH_c2-4e-0-4c101a</PassBranchId>
					<PassBranchId>BRANCH_c2-4e-0-4c0fce</PassBranchId>
					<PassBranchId>BRANCH_c2-4e-0-4c0d1d</PassBranchId>
					<PassBranchId>BRANCH_35-4e-0-2efaf8</PassBranchId>
					<PassBranchId>BRANCH_c2-4e-0-4c10c0</PassBranchId>
					<PassBranchId>BRANCH_c2-4e-0-4c0fc8</PassBranchId>
					<PassBranchId>BRANCH_c2-4e-0-4c108d</PassBranchId>
					<PassBranchId>BRANCH_c2-4e-0-4c0d88</PassBranchId>
					<PassBranchId>BRANCH_c2-4e-0-4c109a</PassBranchId>
					<PassBranchId>BRANCH_c2-4e-0-4c0e16</PassBranchId>
					<PassBranchId>BRANCH_c2-4e-0-4c0fcb</PassBranchId>
					<PassBranchId>BRANCH_c2-4e-0-4c0dea</PassBranchId>
					<PassBranchId>BRANCH_c2-4e-0-4c0fd1</PassBranchId>
					<PassBranchId>BRANCH_c2-4e-0-4c0fe8</PassBranchId>
					<PassBranchId>BRANCH_c2-4e-0-4c1009</PassBranchId>
					<PassBranchId>BRANCH_c2-4e-0-4c10cb</PassBranchId>
					<PassBranchId>BRANCH_c2-4e-0-4c10ec</PassBranchId>
					<PassBranchId>BRANCH_c2-4e-0-4c0de4</PassBranchId>
					<PassBranchId>BRANCH_1a-4e-0-18e01d0</PassBranchId>
					<PassBranchId>BRANCH_c2-4e-0-4c10c8</PassBranchId>
					<PassBranchId>BRANCH_eb-4e-0-678fca</PassBranchId>
					<PassBranchId>BRANCH_c2-4e-0-4c0e87</PassBranchId>
					<PassBranchId>BRANCH_c2-4e-0-4c0e8c</PassBranchId>
					<PassBranchId>BRANCH_c2-4e-0-4c0e7f</PassBranchId>
					<PassBranchId>BRANCH_c2-4e-0-4c0ef9</PassBranchId>
					<PassBranchId>BRANCH_c2-4e-0-4c0e70</PassBranchId>
					<PassBranchId>BRANCH_c2-4e-0-4c0d66</PassBranchId>
					<PassBranchId>BRANCH_c2-4e-0-4c0fe2</PassBranchId>
					<PassBranchId>BRANCH_c2-4e-0-4c0d5d</PassBranchId>
					<PassBranchId>BRANCH_c2-4e-0-4c0e62</PassBranchId>
					<EndBranchPosition id="BR_POS_1436" branchId="BRANCH_c2-4e-0-4c0d54" branchNodeId="BN_21712-184" offset="0"/>
				</BranchRoute>
			</WiringItem>
			<WiringItem xsi:type="Wire" id="WIRE_74-c-0-1fa616" name="VE475G" signalId="SIGNAL_56-36-0-8325b" cableType="WIRE-2UKD-0.35" wireName="WH/VT" fromPinId="PIN_c0-18-0-50028b" toPinId="PIN_b5-18-0-5549">
				<AppRef name="E3.Series" version="2.13.7.0" guid="1de9970f-014b-4229-aebc-06a1942c01dd"/>
				<Property id="PROPERTY_13544" name="WIRE_LENGTH" value="2244"/>
				<Property id="PROPERTY_13545" name="WIRE_END2_MATL" value="(SN)"/>
				<Property id="PROPERTY_13546" name="WIRE_CSA" value="0.35"/>
				<Property id="PROPERTY_13547" name="WIRE_MIN_BEND_RADIUS" value="3"/>
				<Property id="PROPERTY_13548" name="WIRE_OPTION" value="B5WAA | B5WBK"/>
				<Property id="PROPERTY_13549" name="WIRE_DEV_PIN_1" value="C2ET76-P:14"/>
				<Property id="PROPERTY_13550" name="WIRE_COLOR" value="WH/VT"/>
				<Property id="PROPERTY_13551" name="WIRE_SPEC" value="2UKD"/>
				<Property id="PROPERTY_13552" name="WIRE_LEVEL" value="(C-SHF)"/>
				<Property id="PROPERTY_13553" name="WIRE_END1_TERM" value="*DU5T-14474-GAA"/>
				<Property id="PROPERTY_13554" name="WIRE_DEV_PIN_2" value="C12-B2:5"/>
				<Property id="PROPERTY_13555" name="WIRE_NAME" value="VE475G"/>
				<Property id="PROPERTY_13556" name="WIRE_END2_TERM" value="3F2T-14474-SA"/>
				<Property id="PROPERTY_13557" name="WIRE_SIGNAL" value="VE475"/>
				<Property id="PROPERTY_13558" name="HRN_FAMILY" value="14401"/>
				<Property id="PROPERTY_13559" name="WIRE_MULTICORE" value="TP_VE474G"/>
				<Property id="PROPERTY_13560" name="WIRE_FPN" value="WIRE-2UKD-0.35-WH/VT"/>
				<Property id="PROPERTY_13561" name="WIRE_DIA_MAX" value="1.2"/>
				<Option id="OPTION_74-c-0-1fa616_1" value="B5WAA | B5WBK"/>
				<BranchRoute id="BRR_587">
					<StartBranchPosition id="BR_POS_1437" branchId="BRANCH_c2-4e-0-4c0e3e" branchNodeId="BN_5263_9-198_058" offset="0"/>
					<PassBranchId>BRANCH_c2-4e-0-4c0d92</PassBranchId>
					<PassBranchId>BRANCH_c2-4e-0-4c10b4</PassBranchId>
					<PassBranchId>BRANCH_c2-4e-0-4c10b7</PassBranchId>
					<PassBranchId>BRANCH_c2-4e-0-4c0fa1</PassBranchId>
					<PassBranchId>BRANCH_c2-4e-0-4c10b1</PassBranchId>
					<PassBranchId>BRANCH_c2-4e-0-4c0f9e</PassBranchId>
					<PassBranchId>BRANCH_c2-4e-0-4c0f9b</PassBranchId>
					<PassBranchId>BRANCH_c2-4e-0-4c10ae</PassBranchId>
					<PassBranchId>BRANCH_c2-4e-0-4c0d95</PassBranchId>
					<PassBranchId>BRANCH_c2-4e-0-4c101d</PassBranchId>
					<PassBranchId>BRANCH_c2-4e-0-4c101a</PassBranchId>
					<PassBranchId>BRANCH_c2-4e-0-4c0fce</PassBranchId>
					<PassBranchId>BRANCH_c2-4e-0-4c0d1d</PassBranchId>
					<PassBranchId>BRANCH_35-4e-0-2efaf8</PassBranchId>
					<PassBranchId>BRANCH_c2-4e-0-4c10c0</PassBranchId>
					<PassBranchId>BRANCH_c2-4e-0-4c0fc8</PassBranchId>
					<PassBranchId>BRANCH_c2-4e-0-4c108d</PassBranchId>
					<PassBranchId>BRANCH_c2-4e-0-4c0d88</PassBranchId>
					<PassBranchId>BRANCH_c2-4e-0-4c109a</PassBranchId>
					<PassBranchId>BRANCH_c2-4e-0-4c0e16</PassBranchId>
					<PassBranchId>BRANCH_c2-4e-0-4c0fcb</PassBranchId>
					<PassBranchId>BRANCH_c2-4e-0-4c0dea</PassBranchId>
					<PassBranchId>BRANCH_c2-4e-0-4c0fd1</PassBranchId>
					<PassBranchId>BRANCH_c2-4e-0-4c0fe8</PassBranchId>
					<PassBranchId>BRANCH_c2-4e-0-4c1009</PassBranchId>
					<PassBranchId>BRANCH_c2-4e-0-4c10cb</PassBranchId>
					<PassBranchId>BRANCH_c2-4e-0-4c10ec</PassBranchId>
					<PassBranchId>BRANCH_c2-4e-0-4c0de4</PassBranchId>
					<PassBranchId>BRANCH_1a-4e-0-18e01d0</PassBranchId>
					<PassBranchId>BRANCH_c2-4e-0-4c10c8</PassBranchId>
					<PassBranchId>BRANCH_eb-4e-0-678fca</PassBranchId>
					<PassBranchId>BRANCH_c2-4e-0-4c0e87</PassBranchId>
					<PassBranchId>BRANCH_c2-4e-0-4c0e8c</PassBranchId>
					<PassBranchId>BRANCH_c2-4e-0-4c0e7f</PassBranchId>
					<PassBranchId>BRANCH_c2-4e-0-4c0ef9</PassBranchId>
					<PassBranchId>BRANCH_c2-4e-0-4c0e70</PassBranchId>
					<PassBranchId>BRANCH_c2-4e-0-4c0d66</PassBranchId>
					<PassBranchId>BRANCH_c2-4e-0-4c0fe2</PassBranchId>
					<PassBranchId>BRANCH_c2-4e-0-4c0d5d</PassBranchId>
					<PassBranchId>BRANCH_c2-4e-0-4c0e62</PassBranchId>
					<EndBranchPosition id="BR_POS_1438" branchId="BRANCH_c2-4e-0-4c0d54" branchNodeId="BN_21712-184" offset="0"/>
				</BranchRoute>
			</WiringItem>
		</WiringItem>
		<WiringItem xsi:type="Bundle" id="BUNDLE_9f-6-0-4e184e" name="TP_VE474GP" bundleType="twist">
			<AppRef name="E3.Series" version="2.14.5.0" guid="248bdc29-d7d2-47aa-b0e2-7dddd665d9e9"/>
			<WiringItem xsi:type="Wire" id="WIRE_94-c-0-2ea6f6" name="VE474GP" signalId="SIGNAL_56-36-0-8325a" cableType="WIRE-2UKD-0.35" wireName="BU/GN" fromPinId="PIN_1e-18-0-13262" toPinId="PIN_b5-18-0-554b">
				<AppRef name="E3.Series" version="2.13.7.0" guid="fdce396c-17a4-48d9-94d0-f12099b70afa"/>
				<Property id="PROPERTY_13562" name="WIRE_LENGTH" value="1469"/>
				<Property id="PROPERTY_13563" name="WIRE_END2_MATL" value="(SN)"/>
				<Property id="PROPERTY_13564" name="WIRE_CSA" value="0.35"/>
				<Property id="PROPERTY_13565" name="WIRE_MIN_BEND_RADIUS" value="3"/>
				<Property id="PROPERTY_13566" name="WIRE_OPTION" value="B5WAZ | B5WBF | B5WBG"/>
				<Property id="PROPERTY_13567" name="WIRE_DEV_PIN_1" value="C23-D1:1"/>
				<Property id="PROPERTY_13568" name="WIRE_COLOR" value="BU/GN"/>
				<Property id="PROPERTY_13569" name="WIRE_SPEC" value="2UKD"/>
				<Property id="PROPERTY_13570" name="WIRE_END1_MATL" value="(SN)"/>
				<Property id="PROPERTY_13571" name="WIRE_LEVEL" value="(CNSL-MID)/(P-COL)"/>
				<Property id="PROPERTY_13572" name="WIRE_END1_TERM" value="BU5T-14474-UA"/>
				<Property id="PROPERTY_13573" name="WIRE_DEV_PIN_2" value="C12-B2:6"/>
				<Property id="PROPERTY_13574" name="WIRE_NAME" value="VE474GP"/>
				<Property id="PROPERTY_13575" name="WIRE_END2_TERM" value="3F2T-14474-SA"/>
				<Property id="PROPERTY_13576" name="WIRE_SIGNAL" value="VE474"/>
				<Property id="PROPERTY_13577" name="HRN_FAMILY" value="14401"/>
				<Property id="PROPERTY_13578" name="WIRE_MULTICORE" value="TP_VE474GP"/>
				<Property id="PROPERTY_13579" name="WIRE_FPN" value="WIRE-2UKD-0.35-BU/GN"/>
				<Property id="PROPERTY_13580" name="WIRE_DIA_MAX" value="1.2"/>
				<Option id="OPTION_94-c-0-2ea6f6_1" value="B5WAZ | B5WBF | B5WBG"/>
				<BranchRoute id="BRR_588">
					<StartBranchPosition id="BR_POS_1439" branchId="BRANCH_c2-4e-0-4c0f19" branchNodeId="BN_19800-232" offset="0"/>
					<PassBranchId>BRANCH_c2-4e-0-4c1088</PassBranchId>
					<PassBranchId>BRANCH_c2-4e-0-4c1083</PassBranchId>
					<PassBranchId>BRANCH_c2-4e-0-4c1087</PassBranchId>
					<PassBranchId>BRANCH_c2-4e-0-4c106f</PassBranchId>
					<PassBranchId>BRANCH_c2-4e-0-4c1075</PassBranchId>
					<PassBranchId>BRANCH_c2-4e-0-4c0de4</PassBranchId>
					<PassBranchId>BRANCH_1a-4e-0-18e01d0</PassBranchId>
					<PassBranchId>BRANCH_c2-4e-0-4c10c8</PassBranchId>
					<PassBranchId>BRANCH_eb-4e-0-678fca</PassBranchId>
					<PassBranchId>BRANCH_c2-4e-0-4c0e87</PassBranchId>
					<PassBranchId>BRANCH_c2-4e-0-4c0e8c</PassBranchId>
					<PassBranchId>BRANCH_c2-4e-0-4c0e7f</PassBranchId>
					<PassBranchId>BRANCH_c2-4e-0-4c0ef9</PassBranchId>
					<PassBranchId>BRANCH_c2-4e-0-4c0e70</PassBranchId>
					<PassBranchId>BRANCH_c2-4e-0-4c0d66</PassBranchId>
					<PassBranchId>BRANCH_c2-4e-0-4c0fe2</PassBranchId>
					<PassBranchId>BRANCH_c2-4e-0-4c0d5d</PassBranchId>
					<PassBranchId>BRANCH_c2-4e-0-4c0e62</PassBranchId>
					<EndBranchPosition id="BR_POS_1440" branchId="BRANCH_c2-4e-0-4c0d54" branchNodeId="BN_21712-184" offset="0"/>
				</BranchRoute>
			</WiringItem>
			<WiringItem xsi:type="Wire" id="WIRE_94-c-0-2ea6e3" name="VE475GP" signalId="SIGNAL_56-36-0-8325b" cableType="WIRE-2UKD-0.35" wireName="WH/VT" fromPinId="PIN_1e-18-0-13263" toPinId="PIN_b5-18-0-5549">
				<AppRef name="E3.Series" version="2.13.7.0" guid="a6e2a0e8-215e-4236-9aeb-f76dc870656d"/>
				<Property id="PROPERTY_13581" name="WIRE_LENGTH" value="1469"/>
				<Property id="PROPERTY_13582" name="WIRE_END2_MATL" value="(SN)"/>
				<Property id="PROPERTY_13583" name="WIRE_CSA" value="0.35"/>
				<Property id="PROPERTY_13584" name="WIRE_MIN_BEND_RADIUS" value="3"/>
				<Property id="PROPERTY_13585" name="WIRE_OPTION" value="B5WAZ | B5WBF | B5WBG"/>
				<Property id="PROPERTY_13586" name="WIRE_DEV_PIN_1" value="C23-D1:2"/>
				<Property id="PROPERTY_13587" name="WIRE_COLOR" value="WH/VT"/>
				<Property id="PROPERTY_13588" name="WIRE_SPEC" value="2UKD"/>
				<Property id="PROPERTY_13589" name="WIRE_END1_MATL" value="(SN)"/>
				<Property id="PROPERTY_13590" name="WIRE_LEVEL" value="(CNSL-MID)/(P-COL)"/>
				<Property id="PROPERTY_13591" name="WIRE_END1_TERM" value="BU5T-14474-UA"/>
				<Property id="PROPERTY_13592" name="WIRE_DEV_PIN_2" value="C12-B2:5"/>
				<Property id="PROPERTY_13593" name="WIRE_NAME" value="VE475GP"/>
				<Property id="PROPERTY_13594" name="WIRE_END2_TERM" value="3F2T-14474-SA"/>
				<Property id="PROPERTY_13595" name="WIRE_SIGNAL" value="VE475"/>
				<Property id="PROPERTY_13596" name="HRN_FAMILY" value="14401"/>
				<Property id="PROPERTY_13597" name="WIRE_MULTICORE" value="TP_VE474GP"/>
				<Property id="PROPERTY_13598" name="WIRE_FPN" value="WIRE-2UKD-0.35-WH/VT"/>
				<Property id="PROPERTY_13599" name="WIRE_DIA_MAX" value="1.2"/>
				<Option id="OPTION_94-c-0-2ea6e3_1" value="B5WAZ | B5WBF | B5WBG"/>
				<BranchRoute id="BRR_589">
					<StartBranchPosition id="BR_POS_1441" branchId="BRANCH_c2-4e-0-4c0f19" branchNodeId="BN_19800-232" offset="0"/>
					<PassBranchId>BRANCH_c2-4e-0-4c1088</PassBranchId>
					<PassBranchId>BRANCH_c2-4e-0-4c1083</PassBranchId>
					<PassBranchId>BRANCH_c2-4e-0-4c1087</PassBranchId>
					<PassBranchId>BRANCH_c2-4e-0-4c106f</PassBranchId>
					<PassBranchId>BRANCH_c2-4e-0-4c1075</PassBranchId>
					<PassBranchId>BRANCH_c2-4e-0-4c0de4</PassBranchId>
					<PassBranchId>BRANCH_1a-4e-0-18e01d0</PassBranchId>
					<PassBranchId>BRANCH_c2-4e-0-4c10c8</PassBranchId>
					<PassBranchId>BRANCH_eb-4e-0-678fca</PassBranchId>
					<PassBranchId>BRANCH_c2-4e-0-4c0e87</PassBranchId>
					<PassBranchId>BRANCH_c2-4e-0-4c0e8c</PassBranchId>
					<PassBranchId>BRANCH_c2-4e-0-4c0e7f</PassBranchId>
					<PassBranchId>BRANCH_c2-4e-0-4c0ef9</PassBranchId>
					<PassBranchId>BRANCH_c2-4e-0-4c0e70</PassBranchId>
					<PassBranchId>BRANCH_c2-4e-0-4c0d66</PassBranchId>
					<PassBranchId>BRANCH_c2-4e-0-4c0fe2</PassBranchId>
					<PassBranchId>BRANCH_c2-4e-0-4c0d5d</PassBranchId>
					<PassBranchId>BRANCH_c2-4e-0-4c0e62</PassBranchId>
					<EndBranchPosition id="BR_POS_1442" branchId="BRANCH_c2-4e-0-4c0d54" branchNodeId="BN_21712-184" offset="0"/>
				</BranchRoute>
			</WiringItem>
		</WiringItem>
		<WiringItem xsi:type="Bundle" id="BUNDLE_bf-6-0-33b080" name="TP_RME11DA" bundleType="twist">
			<AppRef name="E3.Series" version="2.14.5.0" guid="c496c174-7d81-4447-a681-eda567f1d4dc"/>
			<WiringItem xsi:type="Wire" id="WIRE_bf-c-0-33b03c" name="RME11DA" signalId="SIGNAL_4c-36-0-75879f" cableType="WIRE-2UKD-0.50" wireName="YE/OG" fromPinId="PIN_a8-18-0-e8f04b" toPinId="PIN_5f-18-0-126c2f">
				<AppRef name="E3.Series" version="2.14.0.0" guid="0189c319-d2f3-4b3b-bd08-c0cbdbaffb40"/>
				<Property id="PROPERTY_10121" name="WIRE_LENGTH" value="2038"/>
				<Property id="PROPERTY_10122" name="WIRE_END2_MATL" value="(SN)"/>
				<Property id="PROPERTY_10123" name="WIRE_CSA" value="0.5"/>
				<Property id="PROPERTY_10124" name="WIRE_MIN_BEND_RADIUS" value="3"/>
				<Property id="PROPERTY_10125" name="WIRE_OPTION" value="IEVAT"/>
				<Property id="PROPERTY_10126" name="WIRE_DEV_PIN_1" value="C2MM01-DB:45"/>
				<Property id="PROPERTY_10127" name="WIRE_COLOR" value="YE/OG"/>
				<Property id="PROPERTY_10128" name="WIRE_SPEC" value="2UKD"/>
				<Property id="PROPERTY_10129" name="WIRE_END1_MATL" value="(SN)"/>
				<Property id="PROPERTY_10130" name="WIRE_LEVEL" value="VA"/>
				<Property id="PROPERTY_10131" name="WIRE_END1_TERM" value="9U5T-14474-DB"/>
				<Property id="PROPERTY_10132" name="WIRE_DEV_PIN_2" value="C23-B1:25"/>
				<Property id="PROPERTY_10133" name="WIRE_NAME" value="RME11DA"/>
				<Property id="PROPERTY_10134" name="WIRE_END2_TERM" value="9U5T-14474-DB"/>
				<Property id="PROPERTY_10135" name="WIRE_SIGNAL" value="RME07_RME12"/>
				<Property id="PROPERTY_10136" name="HRN_FAMILY" value="14401"/>
				<Property id="PROPERTY_10137" name="WIRE_MULTICORE" value="TP_RME11DA"/>
				<Property id="PROPERTY_10138" name="WIRE_FPN" value="WIRE-2UKD-0.50-YE/OG"/>
				<Property id="PROPERTY_10139" name="WIRE_DIA_MAX" value="1.4"/>
				<Option id="OPTION_bf-c-0-33b03c_1" value="IEVAT"/>
				<BranchRoute id="BRR_399">
					<StartBranchPosition id="BR_POS_1061" branchId="BRANCH_da-4e-0-25068e" branchNodeId="BN_9708-328" offset="0"/>
					<PassBranchId>BRANCH_da-4e-0-2503d5</PassBranchId>
					<PassBranchId>BRANCH_ff-4e-0-9d2c5f</PassBranchId>
					<PassBranchId>BRANCH_22-4e-0-2ca187b</PassBranchId>
					<PassBranchId>BRANCH_c2-4e-0-4c0f6f</PassBranchId>
					<PassBranchId>BRANCH_c2-4e-0-4c0f6c</PassBranchId>
					<PassBranchId>BRANCH_c2-4e-0-4c0f66</PassBranchId>
					<PassBranchId>BRANCH_c2-4e-0-4c0fb7</PassBranchId>
					<PassBranchId>BRANCH_c2-4e-0-4c10a4</PassBranchId>
					<PassBranchId>BRANCH_c2-4e-0-4c0f7a</PassBranchId>
					<PassBranchId>BRANCH_35-4e-0-350133</PassBranchId>
					<PassBranchId>BRANCH_c2-4e-0-4c0f60</PassBranchId>
					<PassBranchId>BRANCH_c2-4e-0-4c1005</PassBranchId>
					<PassBranchId>BRANCH_c2-4e-0-4c0f45</PassBranchId>
					<PassBranchId>BRANCH_c2-4e-0-4c0dea</PassBranchId>
					<PassBranchId>BRANCH_c2-4e-0-4c0fd1</PassBranchId>
					<PassBranchId>BRANCH_c2-4e-0-4c0fe8</PassBranchId>
					<PassBranchId>BRANCH_c2-4e-0-4c1009</PassBranchId>
					<PassBranchId>BRANCH_c2-4e-0-4c10cb</PassBranchId>
					<PassBranchId>BRANCH_c2-4e-0-4c10ec</PassBranchId>
					<PassBranchId>BRANCH_c2-4e-0-4c0de4</PassBranchId>
					<PassBranchId>BRANCH_1a-4e-0-18e01d0</PassBranchId>
					<PassBranchId>BRANCH_c2-4e-0-4c10c8</PassBranchId>
					<PassBranchId>BRANCH_eb-4e-0-678fca</PassBranchId>
					<PassBranchId>BRANCH_c2-4e-0-4c0e87</PassBranchId>
					<PassBranchId>BRANCH_c2-4e-0-4c0e8c</PassBranchId>
					<PassBranchId>BRANCH_c2-4e-0-4c0e7f</PassBranchId>
					<PassBranchId>BRANCH_c2-4e-0-4c0ef9</PassBranchId>
					<PassBranchId>BRANCH_c2-4e-0-4c0e70</PassBranchId>
					<PassBranchId>BRANCH_c2-4e-0-4c0e5c</PassBranchId>
					<EndBranchPosition id="BR_POS_1062" branchId="BRANCH_c2-4e-0-4c0d63" branchNodeId="BN_22204-180" offset="0"/>
				</BranchRoute>
			</WiringItem>
			<WiringItem xsi:type="Wire" id="WIRE_bf-c-0-33b019" name="VME11DA" signalId="SIGNAL_4c-36-0-777d7f" cableType="WIRE-2UKD-0.50" wireName="VT/OG" fromPinId="PIN_a8-18-0-e8f043" toPinId="PIN_5f-18-0-126c33">
				<AppRef name="E3.Series" version="2.14.0.0" guid="1bdd4b8f-39d8-4cd0-901a-66f73229c349"/>
				<Property id="PROPERTY_10140" name="WIRE_MC_03_SPOT" value="ESAC3T-1A303-AA(A10-00)"/>
				<Property id="PROPERTY_10141" name="WIRE_LENGTH" value="2038"/>
				<Property id="PROPERTY_10142" name="WIRE_END2_MATL" value="(SN)"/>
				<Property id="PROPERTY_10143" name="WIRE_MC_01_FOIL" value="ESBU5T-1A303-AA(AD)"/>
				<Property id="PROPERTY_10144" name="WIRE_CSA" value="0.5"/>
				<Property id="PROPERTY_10145" name="WIRE_MC_02_TAPE" value="ESAC3T-1A303-AA(A30-00)"/>
				<Property id="PROPERTY_10146" name="WIRE_MIN_BEND_RADIUS" value="3"/>
				<Property id="PROPERTY_10147" name="WIRE_OPTION" value="IEVAT"/>
				<Property id="PROPERTY_10148" name="WIRE_DEV_PIN_1" value="C2MM01-DB:46"/>
				<Property id="PROPERTY_10149" name="WIRE_COLOR" value="VT/OG"/>
				<Property id="PROPERTY_10150" name="WIRE_SPEC" value="2UKD"/>
				<Property id="PROPERTY_10151" name="WIRE_END1_MATL" value="(SN)"/>
				<Property id="PROPERTY_10152" name="WIRE_LEVEL" value="VA"/>
				<Property id="PROPERTY_10153" name="WIRE_END1_TERM" value="9U5T-14474-DB"/>
				<Property id="PROPERTY_10154" name="WIRE_DEV_PIN_2" value="C23-B1:26"/>
				<Property id="PROPERTY_10155" name="WIRE_NAME" value="VME11DA"/>
				<Property id="PROPERTY_10156" name="WIRE_END2_TERM" value="9U5T-14474-DB"/>
				<Property id="PROPERTY_10157" name="WIRE_SIGNAL" value="VME07_VME12"/>
				<Property id="PROPERTY_10158" name="HRN_FAMILY" value="14401"/>
				<Property id="PROPERTY_10159" name="WIRE_MULTICORE" value="TP_RME11DA"/>
				<Property id="PROPERTY_10160" name="WIRE_FPN" value="WIRE-2UKD-0.50-VT/OG"/>
				<Property id="PROPERTY_10161" name="WIRE_DIA_MAX" value="1.4"/>
				<Option id="OPTION_bf-c-0-33b019_1" value="IEVAT"/>
				<BranchRoute id="BRR_400">
					<StartBranchPosition id="BR_POS_1063" branchId="BRANCH_da-4e-0-25068e" branchNodeId="BN_9708-328" offset="0"/>
					<PassBranchId>BRANCH_da-4e-0-2503d5</PassBranchId>
					<PassBranchId>BRANCH_ff-4e-0-9d2c5f</PassBranchId>
					<PassBranchId>BRANCH_22-4e-0-2ca187b</PassBranchId>
					<PassBranchId>BRANCH_c2-4e-0-4c0f6f</PassBranchId>
					<PassBranchId>BRANCH_c2-4e-0-4c0f6c</PassBranchId>
					<PassBranchId>BRANCH_c2-4e-0-4c0f66</PassBranchId>
					<PassBranchId>BRANCH_c2-4e-0-4c0fb7</PassBranchId>
					<PassBranchId>BRANCH_c2-4e-0-4c10a4</PassBranchId>
					<PassBranchId>BRANCH_c2-4e-0-4c0f7a</PassBranchId>
					<PassBranchId>BRANCH_35-4e-0-350133</PassBranchId>
					<PassBranchId>BRANCH_c2-4e-0-4c0f60</PassBranchId>
					<PassBranchId>BRANCH_c2-4e-0-4c1005</PassBranchId>
					<PassBranchId>BRANCH_c2-4e-0-4c0f45</PassBranchId>
					<PassBranchId>BRANCH_c2-4e-0-4c0dea</PassBranchId>
					<PassBranchId>BRANCH_c2-4e-0-4c0fd1</PassBranchId>
					<PassBranchId>BRANCH_c2-4e-0-4c0fe8</PassBranchId>
					<PassBranchId>BRANCH_c2-4e-0-4c1009</PassBranchId>
					<PassBranchId>BRANCH_c2-4e-0-4c10cb</PassBranchId>
					<PassBranchId>BRANCH_c2-4e-0-4c10ec</PassBranchId>
					<PassBranchId>BRANCH_c2-4e-0-4c0de4</PassBranchId>
					<PassBranchId>BRANCH_1a-4e-0-18e01d0</PassBranchId>
					<PassBranchId>BRANCH_c2-4e-0-4c10c8</PassBranchId>
					<PassBranchId>BRANCH_eb-4e-0-678fca</PassBranchId>
					<PassBranchId>BRANCH_c2-4e-0-4c0e87</PassBranchId>
					<PassBranchId>BRANCH_c2-4e-0-4c0e8c</PassBranchId>
					<PassBranchId>BRANCH_c2-4e-0-4c0e7f</PassBranchId>
					<PassBranchId>BRANCH_c2-4e-0-4c0ef9</PassBranchId>
					<PassBranchId>BRANCH_c2-4e-0-4c0e70</PassBranchId>
					<PassBranchId>BRANCH_c2-4e-0-4c0e5c</PassBranchId>
					<EndBranchPosition id="BR_POS_1064" branchId="BRANCH_c2-4e-0-4c0d63" branchNodeId="BN_22204-180" offset="0"/>
				</BranchRoute>
			</WiringItem>
		</WiringItem>
		<WiringItem xsi:type="Bundle" id="BUNDLE_a1-6-0-9d220" name="TP_VME12A" bundleType="twist">
			<AppRef name="E3.Series" version="2.14.5.0" guid="62572e23-59b9-4b0f-bbb6-89aaadf2aa27"/>
			<WiringItem xsi:type="Wire" id="WIRE_95-c-0-e68a3" name="RME12A" signalId="SIGNAL_4c-36-0-75879f" cableType="WIRE-2UKD-0.75" wireName="BN/BU" fromPinId="PIN_b-18-0-118a5" toPinId="PIN_5f-18-0-d13e4">
				<AppRef name="E3.Series" version="2.13.7.0" guid="66d867dd-20ff-4a84-87cf-8d98fa821137"/>
				<Property id="PROPERTY_10162" name="WIRE_LENGTH" value="2535"/>
				<Property id="PROPERTY_10163" name="WIRE_END2_MATL" value="(SN)"/>
				<Property id="PROPERTY_10164" name="WIRE_CSA" value="0.75"/>
				<Property id="PROPERTY_10165" name="WIRE_MIN_BEND_RADIUS" value="3"/>
				<Property id="PROPERTY_10166" name="WIRE_OPTION" value="IDBAD | IDBAL"/>
				<Property id="PROPERTY_10167" name="WIRE_DEV_PIN_1" value="C2ME03-A:9"/>
				<Property id="PROPERTY_10168" name="WIRE_COLOR" value="BN/BU"/>
				<Property id="PROPERTY_10169" name="WIRE_SPEC" value="2UKD"/>
				<Property id="PROPERTY_10170" name="WIRE_END1_MATL" value="(SN)"/>
				<Property id="PROPERTY_10171" name="WIRE_LEVEL" value="(7SPKR)/(8DSP)/ZD/ZE/ZG/ZH"/>
				<Property id="PROPERTY_10172" name="WIRE_END1_TERM" value="AU5T-14474-CA"/>
				<Property id="PROPERTY_10173" name="WIRE_DEV_PIN_2" value="C23-E1:25"/>
				<Property id="PROPERTY_10174" name="WIRE_NAME" value="RME12A"/>
				<Property id="PROPERTY_10175" name="WIRE_END2_TERM" value="9U5T-14474-EB"/>
				<Property id="PROPERTY_10176" name="WIRE_SIGNAL" value="RME07_RME12"/>
				<Property id="PROPERTY_10177" name="HRN_FAMILY" value="14401"/>
				<Property id="PROPERTY_10178" name="WIRE_MULTICORE" value="TP_VME12A"/>
				<Property id="PROPERTY_10179" name="WIRE_FPN" value="WIRE-2UKD-0.75-BN/BU"/>
				<Property id="PROPERTY_10180" name="WIRE_DIA_MAX" value="1.6"/>
				<Option id="OPTION_95-c-0-e68a3_1" value="IDBAD | IDBAL"/>
				<BranchRoute id="BRR_401">
					<StartBranchPosition id="BR_POS_1065" branchId="BRANCH_c2-4e-0-4c0f76" branchNodeId="BN_10584-132" offset="0"/>
					<PassBranchId>BRANCH_ff-4e-0-9d8f85</PassBranchId>
					<PassBranchId>BRANCH_22-4e-0-2ca187b</PassBranchId>
					<PassBranchId>BRANCH_c2-4e-0-4c0f6f</PassBranchId>
					<PassBranchId>BRANCH_c2-4e-0-4c0f6c</PassBranchId>
					<PassBranchId>BRANCH_c2-4e-0-4c0f66</PassBranchId>
					<PassBranchId>BRANCH_c2-4e-0-4c0fb7</PassBranchId>
					<PassBranchId>BRANCH_c2-4e-0-4c10a4</PassBranchId>
					<PassBranchId>BRANCH_c2-4e-0-4c0f7a</PassBranchId>
					<PassBranchId>BRANCH_35-4e-0-350133</PassBranchId>
					<PassBranchId>BRANCH_c2-4e-0-4c0f60</PassBranchId>
					<PassBranchId>BRANCH_c2-4e-0-4c1005</PassBranchId>
					<PassBranchId>BRANCH_c2-4e-0-4c0f45</PassBranchId>
					<PassBranchId>BRANCH_c2-4e-0-4c0dea</PassBranchId>
					<PassBranchId>BRANCH_c2-4e-0-4c0fd1</PassBranchId>
					<PassBranchId>BRANCH_c2-4e-0-4c0fe8</PassBranchId>
					<PassBranchId>BRANCH_c2-4e-0-4c1009</PassBranchId>
					<PassBranchId>BRANCH_c2-4e-0-4c10cb</PassBranchId>
					<PassBranchId>BRANCH_c2-4e-0-4c10ec</PassBranchId>
					<PassBranchId>BRANCH_c2-4e-0-4c1075</PassBranchId>
					<PassBranchId>BRANCH_c2-4e-0-4c106f</PassBranchId>
					<PassBranchId>BRANCH_c2-4e-0-4c1087</PassBranchId>
					<PassBranchId>BRANCH_c2-4e-0-4c1083</PassBranchId>
					<PassBranchId>BRANCH_c2-4e-0-4c0f89</PassBranchId>
					<PassBranchId>BRANCH_c2-4e-0-4c0f18</PassBranchId>
					<PassBranchId>BRANCH_c2-4e-0-4c0f88</PassBranchId>
					<PassBranchId>BRANCH_c2-4e-0-4c0e97</PassBranchId>
					<PassBranchId>BRANCH_c2-4e-0-4c10ce</PassBranchId>
					<PassBranchId>BRANCH_c2-4e-0-4c0e9b</PassBranchId>
					<PassBranchId>BRANCH_c2-4e-0-4c10f5</PassBranchId>
					<PassBranchId>BRANCH_c2-4e-0-4c0dfa</PassBranchId>
					<EndBranchPosition id="BR_POS_1066" branchId="BRANCH_c2-4e-0-4c0f1c" branchNodeId="BN_18448-168" offset="0"/>
				</BranchRoute>
			</WiringItem>
			<WiringItem xsi:type="Wire" id="WIRE_95-c-0-e688b" name="VME12A" signalId="SIGNAL_4c-36-0-777d7f" cableType="WIRE-2UKD-0.75" wireName="BN/WH" fromPinId="PIN_b-18-0-11885" toPinId="PIN_5f-18-0-d13e8">
				<AppRef name="E3.Series" version="2.13.7.0" guid="3806a818-b636-4c8f-b9f8-dd5816bb0664"/>
				<Property id="PROPERTY_10181" name="WIRE_LENGTH" value="2535"/>
				<Property id="PROPERTY_10182" name="WIRE_END2_MATL" value="(SN)"/>
				<Property id="PROPERTY_10183" name="WIRE_CSA" value="0.75"/>
				<Property id="PROPERTY_10184" name="WIRE_MIN_BEND_RADIUS" value="3"/>
				<Property id="PROPERTY_10185" name="WIRE_OPTION" value="IDBAD | IDBAL"/>
				<Property id="PROPERTY_10186" name="WIRE_DEV_PIN_1" value="C2ME03-A:10"/>
				<Property id="PROPERTY_10187" name="WIRE_COLOR" value="BN/WH"/>
				<Property id="PROPERTY_10188" name="WIRE_SPEC" value="2UKD"/>
				<Property id="PROPERTY_10189" name="WIRE_END1_MATL" value="(SN)"/>
				<Property id="PROPERTY_10190" name="WIRE_LEVEL" value="(7SPKR)/(8DSP)/ZD/ZE/ZG/ZH"/>
				<Property id="PROPERTY_10191" name="WIRE_END1_TERM" value="AU5T-14474-CA"/>
				<Property id="PROPERTY_10192" name="WIRE_DEV_PIN_2" value="C23-E1:26"/>
				<Property id="PROPERTY_10193" name="WIRE_NAME" value="VME12A"/>
				<Property id="PROPERTY_10194" name="WIRE_END2_TERM" value="9U5T-14474-EB"/>
				<Property id="PROPERTY_10195" name="WIRE_SIGNAL" value="VME07_VME12"/>
				<Property id="PROPERTY_10196" name="HRN_FAMILY" value="14401"/>
				<Property id="PROPERTY_10197" name="WIRE_MULTICORE" value="TP_VME12A"/>
				<Property id="PROPERTY_10198" name="WIRE_FPN" value="WIRE-2UKD-0.75-BN/WH"/>
				<Property id="PROPERTY_10199" name="WIRE_DIA_MAX" value="1.6"/>
				<Option id="OPTION_95-c-0-e688b_1" value="IDBAD | IDBAL"/>
				<BranchRoute id="BRR_402">
					<StartBranchPosition id="BR_POS_1067" branchId="BRANCH_c2-4e-0-4c0f76" branchNodeId="BN_10584-132" offset="0"/>
					<PassBranchId>BRANCH_ff-4e-0-9d8f85</PassBranchId>
					<PassBranchId>BRANCH_22-4e-0-2ca187b</PassBranchId>
					<PassBranchId>BRANCH_c2-4e-0-4c0f6f</PassBranchId>
					<PassBranchId>BRANCH_c2-4e-0-4c0f6c</PassBranchId>
					<PassBranchId>BRANCH_c2-4e-0-4c0f66</PassBranchId>
					<PassBranchId>BRANCH_c2-4e-0-4c0fb7</PassBranchId>
					<PassBranchId>BRANCH_c2-4e-0-4c10a4</PassBranchId>
					<PassBranchId>BRANCH_c2-4e-0-4c0f7a</PassBranchId>
					<PassBranchId>BRANCH_35-4e-0-350133</PassBranchId>
					<PassBranchId>BRANCH_c2-4e-0-4c0f60</PassBranchId>
					<PassBranchId>BRANCH_c2-4e-0-4c1005</PassBranchId>
					<PassBranchId>BRANCH_c2-4e-0-4c0f45</PassBranchId>
					<PassBranchId>BRANCH_c2-4e-0-4c0dea</PassBranchId>
					<PassBranchId>BRANCH_c2-4e-0-4c0fd1</PassBranchId>
					<PassBranchId>BRANCH_c2-4e-0-4c0fe8</PassBranchId>
					<PassBranchId>BRANCH_c2-4e-0-4c1009</PassBranchId>
					<PassBranchId>BRANCH_c2-4e-0-4c10cb</PassBranchId>
					<PassBranchId>BRANCH_c2-4e-0-4c10ec</PassBranchId>
					<PassBranchId>BRANCH_c2-4e-0-4c1075</PassBranchId>
					<PassBranchId>BRANCH_c2-4e-0-4c106f</PassBranchId>
					<PassBranchId>BRANCH_c2-4e-0-4c1087</PassBranchId>
					<PassBranchId>BRANCH_c2-4e-0-4c1083</PassBranchId>
					<PassBranchId>BRANCH_c2-4e-0-4c0f89</PassBranchId>
					<PassBranchId>BRANCH_c2-4e-0-4c0f18</PassBranchId>
					<PassBranchId>BRANCH_c2-4e-0-4c0f88</PassBranchId>
					<PassBranchId>BRANCH_c2-4e-0-4c0e97</PassBranchId>
					<PassBranchId>BRANCH_c2-4e-0-4c10ce</PassBranchId>
					<PassBranchId>BRANCH_c2-4e-0-4c0e9b</PassBranchId>
					<PassBranchId>BRANCH_c2-4e-0-4c10f5</PassBranchId>
					<PassBranchId>BRANCH_c2-4e-0-4c0dfa</PassBranchId>
					<EndBranchPosition id="BR_POS_1068" branchId="BRANCH_c2-4e-0-4c0f1c" branchNodeId="BN_18448-168" offset="0"/>
				</BranchRoute>
			</WiringItem>
		</WiringItem>
		<WiringItem xsi:type="Bundle" id="BUNDLE_6e-6-0-52f0b6" name="TP_VME12A1" bundleType="twist">
			<AppRef name="E3.Series" version="2.14.5.0" guid="d5e8875e-4a97-468a-a3c5-e1eec329be92"/>
			<WiringItem xsi:type="Wire" id="WIRE_6e-c-0-52ed3e" name="RME12A1" signalId="SIGNAL_4c-36-0-75879f" cableType="WIRE-2UKD-0.75" wireName="BN/BU" fromPinId="PIN_5f-18-0-d13e4" toPinId="PIN_b-18-0-1186e">
				<AppRef name="E3.Series" version="2.13.7.0" guid="a9825da5-5519-45bc-8a59-99cc57ac36f1"/>
				<Property id="PROPERTY_10200" name="WIRE_LENGTH" value="2535"/>
				<Property id="PROPERTY_10201" name="WIRE_END2_MATL" value="(SN)"/>
				<Property id="PROPERTY_10202" name="WIRE_CSA" value="0.75"/>
				<Property id="PROPERTY_10203" name="WIRE_MIN_BEND_RADIUS" value="3"/>
				<Property id="PROPERTY_10204" name="WIRE_OPTION" value="IDBBQ &amp; (IEVAQ | IEVAR)"/>
				<Property id="PROPERTY_10205" name="WIRE_DEV_PIN_1" value="C23-E1:25"/>
				<Property id="PROPERTY_10206" name="WIRE_COLOR" value="BN/BU"/>
				<Property id="PROPERTY_10207" name="WIRE_SPEC" value="2UKD"/>
				<Property id="PROPERTY_10208" name="WIRE_END1_MATL" value="(SN)"/>
				<Property id="PROPERTY_10209" name="WIRE_LEVEL" value="DB/DD/HB/HD/TP/XM/XN/XP/XR/YN/YT/ZB"/>
				<Property id="PROPERTY_10210" name="WIRE_END1_TERM" value="9U5T-14474-EB"/>
				<Property id="PROPERTY_10211" name="WIRE_DEV_PIN_2" value="C2ME03-A:7"/>
				<Property id="PROPERTY_10212" name="WIRE_NAME" value="RME12A1"/>
				<Property id="PROPERTY_10213" name="WIRE_END2_TERM" value="AU5T-14474-CA"/>
				<Property id="PROPERTY_10214" name="WIRE_SIGNAL" value="RME07_RME12"/>
				<Property id="PROPERTY_10215" name="HRN_FAMILY" value="14401"/>
				<Property id="PROPERTY_10216" name="WIRE_MULTICORE" value="TP_VME12A1"/>
				<Property id="PROPERTY_10217" name="WIRE_FPN" value="WIRE-2UKD-0.75-BN/BU"/>
				<Property id="PROPERTY_10218" name="WIRE_DIA_MAX" value="1.6"/>
				<Option id="OPTION_6e-c-0-52ed3e_1" value="IDBBQ &amp; (IEVAQ | IEVAR)"/>
				<BranchRoute id="BRR_403">
					<StartBranchPosition id="BR_POS_1069" branchId="BRANCH_c2-4e-0-4c0f76" branchNodeId="BN_10584-132" offset="0"/>
					<PassBranchId>BRANCH_ff-4e-0-9d8f85</PassBranchId>
					<PassBranchId>BRANCH_22-4e-0-2ca187b</PassBranchId>
					<PassBranchId>BRANCH_c2-4e-0-4c0f6f</PassBranchId>
					<PassBranchId>BRANCH_c2-4e-0-4c0f6c</PassBranchId>
					<PassBranchId>BRANCH_c2-4e-0-4c0f66</PassBranchId>
					<PassBranchId>BRANCH_c2-4e-0-4c0fb7</PassBranchId>
					<PassBranchId>BRANCH_c2-4e-0-4c10a4</PassBranchId>
					<PassBranchId>BRANCH_c2-4e-0-4c0f7a</PassBranchId>
					<PassBranchId>BRANCH_35-4e-0-350133</PassBranchId>
					<PassBranchId>BRANCH_c2-4e-0-4c0f60</PassBranchId>
					<PassBranchId>BRANCH_c2-4e-0-4c1005</PassBranchId>
					<PassBranchId>BRANCH_c2-4e-0-4c0f45</PassBranchId>
					<PassBranchId>BRANCH_c2-4e-0-4c0dea</PassBranchId>
					<PassBranchId>BRANCH_c2-4e-0-4c0fd1</PassBranchId>
					<PassBranchId>BRANCH_c2-4e-0-4c0fe8</PassBranchId>
					<PassBranchId>BRANCH_c2-4e-0-4c1009</PassBranchId>
					<PassBranchId>BRANCH_c2-4e-0-4c10cb</PassBranchId>
					<PassBranchId>BRANCH_c2-4e-0-4c10ec</PassBranchId>
					<PassBranchId>BRANCH_c2-4e-0-4c1075</PassBranchId>
					<PassBranchId>BRANCH_c2-4e-0-4c106f</PassBranchId>
					<PassBranchId>BRANCH_c2-4e-0-4c1087</PassBranchId>
					<PassBranchId>BRANCH_c2-4e-0-4c1083</PassBranchId>
					<PassBranchId>BRANCH_c2-4e-0-4c0f89</PassBranchId>
					<PassBranchId>BRANCH_c2-4e-0-4c0f18</PassBranchId>
					<PassBranchId>BRANCH_c2-4e-0-4c0f88</PassBranchId>
					<PassBranchId>BRANCH_c2-4e-0-4c0e97</PassBranchId>
					<PassBranchId>BRANCH_c2-4e-0-4c10ce</PassBranchId>
					<PassBranchId>BRANCH_c2-4e-0-4c0e9b</PassBranchId>
					<PassBranchId>BRANCH_c2-4e-0-4c10f5</PassBranchId>
					<PassBranchId>BRANCH_c2-4e-0-4c0dfa</PassBranchId>
					<EndBranchPosition id="BR_POS_1070" branchId="BRANCH_c2-4e-0-4c0f1c" branchNodeId="BN_18448-168" offset="0"/>
				</BranchRoute>
			</WiringItem>
			<WiringItem xsi:type="Wire" id="WIRE_6e-c-0-52ed1f" name="VME12A1" signalId="SIGNAL_4c-36-0-777d7f" cableType="WIRE-2UKD-0.75" wireName="BN/WH" fromPinId="PIN_b-18-0-118c5" toPinId="PIN_5f-18-0-d13e8">
				<AppRef name="E3.Series" version="2.13.7.0" guid="f1895a04-56e6-44ae-b069-b6a3126c7ba9"/>
				<Property id="PROPERTY_10219" name="WIRE_LENGTH" value="2535"/>
				<Property id="PROPERTY_10220" name="WIRE_END2_MATL" value="(SN)"/>
				<Property id="PROPERTY_10221" name="WIRE_CSA" value="0.75"/>
				<Property id="PROPERTY_10222" name="WIRE_MIN_BEND_RADIUS" value="3"/>
				<Property id="PROPERTY_10223" name="WIRE_OPTION" value="IDBBQ &amp; (IEVAQ | IEVAR)"/>
				<Property id="PROPERTY_10224" name="WIRE_DEV_PIN_1" value="C2ME03-A:8"/>
				<Property id="PROPERTY_10225" name="WIRE_COLOR" value="BN/WH"/>
				<Property id="PROPERTY_10226" name="WIRE_SPEC" value="2UKD"/>
				<Property id="PROPERTY_10227" name="WIRE_END1_MATL" value="(SN)"/>
				<Property id="PROPERTY_10228" name="WIRE_LEVEL" value="DB/DD/HB/HD/TP/XM/XN/XP/XR/YN/YT/ZB"/>
				<Property id="PROPERTY_10229" name="WIRE_END1_TERM" value="AU5T-14474-CA"/>
				<Property id="PROPERTY_10230" name="WIRE_DEV_PIN_2" value="C23-E1:26"/>
				<Property id="PROPERTY_10231" name="WIRE_NAME" value="VME12A1"/>
				<Property id="PROPERTY_10232" name="WIRE_END2_TERM" value="9U5T-14474-EB"/>
				<Property id="PROPERTY_10233" name="WIRE_SIGNAL" value="VME07_VME12"/>
				<Property id="PROPERTY_10234" name="HRN_FAMILY" value="14401"/>
				<Property id="PROPERTY_10235" name="WIRE_MULTICORE" value="TP_VME12A1"/>
				<Property id="PROPERTY_10236" name="WIRE_FPN" value="WIRE-2UKD-0.75-BN/WH"/>
				<Property id="PROPERTY_10237" name="WIRE_DIA_MAX" value="1.6"/>
				<Option id="OPTION_6e-c-0-52ed1f_1" value="IDBBQ &amp; (IEVAQ | IEVAR)"/>
				<BranchRoute id="BRR_404">
					<StartBranchPosition id="BR_POS_1071" branchId="BRANCH_c2-4e-0-4c0f76" branchNodeId="BN_10584-132" offset="0"/>
					<PassBranchId>BRANCH_ff-4e-0-9d8f85</PassBranchId>
					<PassBranchId>BRANCH_22-4e-0-2ca187b</PassBranchId>
					<PassBranchId>BRANCH_c2-4e-0-4c0f6f</PassBranchId>
					<PassBranchId>BRANCH_c2-4e-0-4c0f6c</PassBranchId>
					<PassBranchId>BRANCH_c2-4e-0-4c0f66</PassBranchId>
					<PassBranchId>BRANCH_c2-4e-0-4c0fb7</PassBranchId>
					<PassBranchId>BRANCH_c2-4e-0-4c10a4</PassBranchId>
					<PassBranchId>BRANCH_c2-4e-0-4c0f7a</PassBranchId>
					<PassBranchId>BRANCH_35-4e-0-350133</PassBranchId>
					<PassBranchId>BRANCH_c2-4e-0-4c0f60</PassBranchId>
					<PassBranchId>BRANCH_c2-4e-0-4c1005</PassBranchId>
					<PassBranchId>BRANCH_c2-4e-0-4c0f45</PassBranchId>
					<PassBranchId>BRANCH_c2-4e-0-4c0dea</PassBranchId>
					<PassBranchId>BRANCH_c2-4e-0-4c0fd1</PassBranchId>
					<PassBranchId>BRANCH_c2-4e-0-4c0fe8</PassBranchId>
					<PassBranchId>BRANCH_c2-4e-0-4c1009</PassBranchId>
					<PassBranchId>BRANCH_c2-4e-0-4c10cb</PassBranchId>
					<PassBranchId>BRANCH_c2-4e-0-4c10ec</PassBranchId>
					<PassBranchId>BRANCH_c2-4e-0-4c1075</PassBranchId>
					<PassBranchId>BRANCH_c2-4e-0-4c106f</PassBranchId>
					<PassBranchId>BRANCH_c2-4e-0-4c1087</PassBranchId>
					<PassBranchId>BRANCH_c2-4e-0-4c1083</PassBranchId>
					<PassBranchId>BRANCH_c2-4e-0-4c0f89</PassBranchId>
					<PassBranchId>BRANCH_c2-4e-0-4c0f18</PassBranchId>
					<PassBranchId>BRANCH_c2-4e-0-4c0f88</PassBranchId>
					<PassBranchId>BRANCH_c2-4e-0-4c0e97</PassBranchId>
					<PassBranchId>BRANCH_c2-4e-0-4c10ce</PassBranchId>
					<PassBranchId>BRANCH_c2-4e-0-4c0e9b</PassBranchId>
					<PassBranchId>BRANCH_c2-4e-0-4c10f5</PassBranchId>
					<PassBranchId>BRANCH_c2-4e-0-4c0dfa</PassBranchId>
					<EndBranchPosition id="BR_POS_1072" branchId="BRANCH_c2-4e-0-4c0f1c" branchNodeId="BN_18448-168" offset="0"/>
				</BranchRoute>
			</WiringItem>
		</WiringItem>
		<WiringItem xsi:type="Bundle" id="BUNDLE_6e-6-0-522a3d" name="TP_VME15B" bundleType="twist">
			<AppRef name="E3.Series" version="2.14.5.0" guid="298852c9-fccd-4560-a096-5052ac378fcd"/>
			<WiringItem xsi:type="Wire" id="WIRE_6e-c-0-522942" name="RME15B" signalId="SIGNAL_2-36-0-3c8a" cableType="WIRE-2UKD-0.50" wireName="GY/BU" fromPinId="PIN_b5-18-0-5352" toPinId="PIN_64-18-0-1dfd9a">
				<AppRef name="E3.Series" version="2.13.7.0" guid="fdd94988-728d-4991-b979-d48b1c002264"/>
				<Property id="PROPERTY_10238" name="WIRE_LENGTH" value="832"/>
				<Property id="PROPERTY_10239" name="WIRE_END2_CAVSEAL" value="*97BG-10C930-SBA"/>
				<Property id="PROPERTY_10240" name="WIRE_CSA" value="0.5"/>
				<Property id="PROPERTY_10241" name="WIRE_MIN_BEND_RADIUS" value="3"/>
				<Property id="PROPERTY_10242" name="WIRE_OPTION" value="IDBBQ"/>
				<Property id="PROPERTY_10243" name="WIRE_DEV_PIN_1" value="C23-C1:15"/>
				<Property id="PROPERTY_10244" name="WIRE_COLOR" value="GY/BU"/>
				<Property id="PROPERTY_10245" name="WIRE_SPEC" value="2UKD"/>
				<Property id="PROPERTY_10246" name="WIRE_END1_MATL" value="(SN)"/>
				<Property id="PROPERTY_10247" name="WIRE_LEVEL" value="(18SPKR)"/>
				<Property id="PROPERTY_10248" name="WIRE_END1_TERM" value="9U5T-14474-DB"/>
				<Property id="PROPERTY_10249" name="WIRE_DEV_PIN_2" value="C2ME15:2"/>
				<Property id="PROPERTY_10250" name="WIRE_NAME" value="RME15B"/>
				<Property id="PROPERTY_10251" name="WIRE_END2_TERM" value="*97BG-14474-ADA"/>
				<Property id="PROPERTY_10252" name="WIRE_SIGNAL" value="RME15"/>
				<Property id="PROPERTY_10253" name="HRN_FAMILY" value="14401"/>
				<Property id="PROPERTY_10254" name="WIRE_MULTICORE" value="TP_VME15B"/>
				<Property id="PROPERTY_10255" name="WIRE_FPN" value="WIRE-2UKD-0.50-GY/BU"/>
				<Property id="PROPERTY_10256" name="WIRE_DIA_MAX" value="1.4"/>
				<Option id="OPTION_6e-c-0-522942_1" value="IDBBQ"/>
				<BranchRoute id="BRR_405">
					<StartBranchPosition id="BR_POS_1073" branchId="BRANCH_c2-4e-0-4c0de1" branchNodeId="BN_79_9-190_058" offset="0"/>
					<PassBranchId>BRANCH_c2-4e-0-4c0ddd</PassBranchId>
					<PassBranchId>BRANCH_c2-4e-0-4c10dd</PassBranchId>
					<PassBranchId>BRANCH_c2-4e-0-4c1020</PassBranchId>
					<PassBranchId>BRANCH_c2-4e-0-4c1021</PassBranchId>
					<PassBranchId>BRANCH_c2-4e-0-4c10e7</PassBranchId>
					<PassBranchId>BRANCH_c2-4e-0-4c0fc5</PassBranchId>
					<PassBranchId>BRANCH_c2-4e-0-4c0fce</PassBranchId>
					<PassBranchId>BRANCH_c2-4e-0-4c1027</PassBranchId>
					<PassBranchId>BRANCH_c2-4e-0-4c102a</PassBranchId>
					<PassBranchId>BRANCH_c2-4e-0-4c0db4</PassBranchId>
					<EndBranchPosition id="BR_POS_1074" branchId="BRANCH_c2-4e-0-4c0d51" branchNodeId="BN_7301_9-272_058" offset="0"/>
				</BranchRoute>
			</WiringItem>
			<WiringItem xsi:type="Wire" id="WIRE_6e-c-0-52292d" name="VME15B" signalId="SIGNAL_2-36-0-4147" cableType="WIRE-2UKD-0.50" wireName="GN/BU" fromPinId="PIN_64-18-0-1dfd91" toPinId="PIN_b5-18-0-5354">
				<AppRef name="E3.Series" version="2.13.7.0" guid="9982653d-ca6e-4961-843e-e559afb9c69b"/>
				<Property id="PROPERTY_10257" name="WIRE_LENGTH" value="832"/>
				<Property id="PROPERTY_10258" name="WIRE_END2_MATL" value="(SN)"/>
				<Property id="PROPERTY_10259" name="WIRE_CSA" value="0.5"/>
				<Property id="PROPERTY_10260" name="WIRE_END1_CAVSEAL" value="*97BG-10C930-SBA"/>
				<Property id="PROPERTY_10261" name="WIRE_MIN_BEND_RADIUS" value="3"/>
				<Property id="PROPERTY_10262" name="WIRE_OPTION" value="IDBBQ"/>
				<Property id="PROPERTY_10263" name="WIRE_DEV_PIN_1" value="C2ME15:1"/>
				<Property id="PROPERTY_10264" name="WIRE_COLOR" value="GN/BU"/>
				<Property id="PROPERTY_10265" name="WIRE_SPEC" value="2UKD"/>
				<Property id="PROPERTY_10266" name="WIRE_LEVEL" value="(18SPKR)"/>
				<Property id="PROPERTY_10267" name="WIRE_END1_TERM" value="*97BG-14474-ADA"/>
				<Property id="PROPERTY_10268" name="WIRE_DEV_PIN_2" value="C23-C1:16"/>
				<Property id="PROPERTY_10269" name="WIRE_NAME" value="VME15B"/>
				<Property id="PROPERTY_10270" name="WIRE_END2_TERM" value="9U5T-14474-DB"/>
				<Property id="PROPERTY_10271" name="WIRE_SIGNAL" value="VME15"/>
				<Property id="PROPERTY_10272" name="HRN_FAMILY" value="14401"/>
				<Property id="PROPERTY_10273" name="WIRE_MULTICORE" value="TP_VME15B"/>
				<Property id="PROPERTY_10274" name="WIRE_FPN" value="WIRE-2UKD-0.50-GN/BU"/>
				<Property id="PROPERTY_10275" name="WIRE_DIA_MAX" value="1.4"/>
				<Option id="OPTION_6e-c-0-52292d_1" value="IDBBQ"/>
				<BranchRoute id="BRR_406">
					<StartBranchPosition id="BR_POS_1075" branchId="BRANCH_c2-4e-0-4c0de1" branchNodeId="BN_79_9-190_058" offset="0"/>
					<PassBranchId>BRANCH_c2-4e-0-4c0ddd</PassBranchId>
					<PassBranchId>BRANCH_c2-4e-0-4c10dd</PassBranchId>
					<PassBranchId>BRANCH_c2-4e-0-4c1020</PassBranchId>
					<PassBranchId>BRANCH_c2-4e-0-4c1021</PassBranchId>
					<PassBranchId>BRANCH_c2-4e-0-4c10e7</PassBranchId>
					<PassBranchId>BRANCH_c2-4e-0-4c0fc5</PassBranchId>
					<PassBranchId>BRANCH_c2-4e-0-4c0fce</PassBranchId>
					<PassBranchId>BRANCH_c2-4e-0-4c1027</PassBranchId>
					<PassBranchId>BRANCH_c2-4e-0-4c102a</PassBranchId>
					<PassBranchId>BRANCH_c2-4e-0-4c0db4</PassBranchId>
					<EndBranchPosition id="BR_POS_1076" branchId="BRANCH_c2-4e-0-4c0d51" branchNodeId="BN_7301_9-272_058" offset="0"/>
				</BranchRoute>
			</WiringItem>
		</WiringItem>
		<WiringItem xsi:type="Bundle" id="BUNDLE_6e-6-0-522a49" name="TP_VME16B" bundleType="twist">
			<AppRef name="E3.Series" version="2.14.5.0" guid="4e4e9c4e-b8ea-4876-a1ae-33a508804057"/>
			<WiringItem xsi:type="Wire" id="WIRE_6e-c-0-5229b0" name="RME16B" signalId="SIGNAL_2-36-0-3c8b" cableType="WIRE-2UKD-0.75" wireName="YE/GY" fromPinId="PIN_64-18-0-1dfd88" toPinId="PIN_5f-18-0-126c3b">
				<AppRef name="E3.Series" version="2.13.7.0" guid="3e2ad13e-3a4f-4e68-b858-07989dad7076"/>
				<Property id="PROPERTY_10276" name="WIRE_LENGTH" value="667"/>
				<Property id="PROPERTY_10277" name="WIRE_END2_MATL" value="(SN)"/>
				<Property id="PROPERTY_10278" name="WIRE_CSA" value="0.75"/>
				<Property id="PROPERTY_10279" name="WIRE_END1_CAVSEAL" value="*97BG-10C930-SBA"/>
				<Property id="PROPERTY_10280" name="WIRE_MIN_BEND_RADIUS" value="3"/>
				<Property id="PROPERTY_10281" name="WIRE_OPTION" value="IDBBQ"/>
				<Property id="PROPERTY_10282" name="WIRE_DEV_PIN_1" value="C2ME16:2"/>
				<Property id="PROPERTY_10283" name="WIRE_COLOR" value="YE/GY"/>
				<Property id="PROPERTY_10284" name="WIRE_SPEC" value="2UKD"/>
				<Property id="PROPERTY_10285" name="WIRE_LEVEL" value="(18SPKR)"/>
				<Property id="PROPERTY_10286" name="WIRE_END1_TERM" value="*97BG-14474-AEA"/>
				<Property id="PROPERTY_10287" name="WIRE_DEV_PIN_2" value="C23-B1:28"/>
				<Property id="PROPERTY_10288" name="WIRE_NAME" value="RME16B"/>
				<Property id="PROPERTY_10289" name="WIRE_END2_TERM" value="9U5T-14474-EB"/>
				<Property id="PROPERTY_10290" name="WIRE_SIGNAL" value="RME16"/>
				<Property id="PROPERTY_10291" name="HRN_FAMILY" value="14401"/>
				<Property id="PROPERTY_10292" name="WIRE_MULTICORE" value="TP_VME16B"/>
				<Property id="PROPERTY_10293" name="WIRE_FPN" value="WIRE-2UKD-0.75-YE/GY"/>
				<Property id="PROPERTY_10294" name="WIRE_DIA_MAX" value="1.6"/>
				<Option id="OPTION_6e-c-0-5229b0_1" value="IDBBQ"/>
				<BranchRoute id="BRR_407">
					<StartBranchPosition id="BR_POS_1077" branchId="BRANCH_c2-4e-0-4c0d63" branchNodeId="BN_22204-180" offset="0"/>
					<PassBranchId>BRANCH_c2-4e-0-4c0e5c</PassBranchId>
					<PassBranchId>BRANCH_c2-4e-0-4c0e70</PassBranchId>
					<PassBranchId>BRANCH_c2-4e-0-4c0ef9</PassBranchId>
					<PassBranchId>BRANCH_c2-4e-0-4c0e7f</PassBranchId>
					<PassBranchId>BRANCH_c2-4e-0-4c0e92</PassBranchId>
					<PassBranchId>BRANCH_c2-4e-0-4c0e8f</PassBranchId>
					<PassBranchId>BRANCH_c2-4e-0-4c0fdf</PassBranchId>
					<EndBranchPosition id="BR_POS_1078" branchId="BRANCH_c2-4e-0-4c0d4e" branchNodeId="BN_23304-284" offset="0"/>
				</BranchRoute>
			</WiringItem>
			<WiringItem xsi:type="Wire" id="WIRE_6e-c-0-52299b" name="VME16B" signalId="SIGNAL_2-36-0-4148" cableType="WIRE-2UKD-0.75" wireName="VT/GY" fromPinId="PIN_64-18-0-1dfd7f" toPinId="PIN_5f-18-0-126c37">
				<AppRef name="E3.Series" version="2.13.7.0" guid="4bcf30fc-2f56-45e9-a855-51562246df3d"/>
				<Property id="PROPERTY_10295" name="WIRE_LENGTH" value="667"/>
				<Property id="PROPERTY_10296" name="WIRE_END2_MATL" value="(SN)"/>
				<Property id="PROPERTY_10297" name="WIRE_CSA" value="0.75"/>
				<Property id="PROPERTY_10298" name="WIRE_END1_CAVSEAL" value="*97BG-10C930-SBA"/>
				<Property id="PROPERTY_10299" name="WIRE_MIN_BEND_RADIUS" value="3"/>
				<Property id="PROPERTY_10300" name="WIRE_OPTION" value="IDBBQ"/>
				<Property id="PROPERTY_10301" name="WIRE_DEV_PIN_1" value="C2ME16:1"/>
				<Property id="PROPERTY_10302" name="WIRE_COLOR" value="VT/GY"/>
				<Property id="PROPERTY_10303" name="WIRE_SPEC" value="2UKD"/>
				<Property id="PROPERTY_10304" name="WIRE_LEVEL" value="(18SPKR)"/>
				<Property id="PROPERTY_10305" name="WIRE_END1_TERM" value="*97BG-14474-AEA"/>
				<Property id="PROPERTY_10306" name="WIRE_DEV_PIN_2" value="C23-B1:27"/>
				<Property id="PROPERTY_10307" name="WIRE_NAME" value="VME16B"/>
				<Property id="PROPERTY_10308" name="WIRE_END2_TERM" value="9U5T-14474-EB"/>
				<Property id="PROPERTY_10309" name="WIRE_SIGNAL" value="VME16"/>
				<Property id="PROPERTY_10310" name="HRN_FAMILY" value="14401"/>
				<Property id="PROPERTY_10311" name="WIRE_MULTICORE" value="TP_VME16B"/>
				<Property id="PROPERTY_10312" name="WIRE_FPN" value="WIRE-2UKD-0.75-VT/GY"/>
				<Property id="PROPERTY_10313" name="WIRE_DIA_MAX" value="1.6"/>
				<Option id="OPTION_6e-c-0-52299b_1" value="IDBBQ"/>
				<BranchRoute id="BRR_408">
					<StartBranchPosition id="BR_POS_1079" branchId="BRANCH_c2-4e-0-4c0d63" branchNodeId="BN_22204-180" offset="0"/>
					<PassBranchId>BRANCH_c2-4e-0-4c0e5c</PassBranchId>
					<PassBranchId>BRANCH_c2-4e-0-4c0e70</PassBranchId>
					<PassBranchId>BRANCH_c2-4e-0-4c0ef9</PassBranchId>
					<PassBranchId>BRANCH_c2-4e-0-4c0e7f</PassBranchId>
					<PassBranchId>BRANCH_c2-4e-0-4c0e92</PassBranchId>
					<PassBranchId>BRANCH_c2-4e-0-4c0e8f</PassBranchId>
					<PassBranchId>BRANCH_c2-4e-0-4c0fdf</PassBranchId>
					<EndBranchPosition id="BR_POS_1080" branchId="BRANCH_c2-4e-0-4c0d4e" branchNodeId="BN_23304-284" offset="0"/>
				</BranchRoute>
			</WiringItem>
		</WiringItem>
		<WiringItem xsi:type="Bundle" id="BUNDLE_34-6-0-23a32c" name="TP_VME06A" bundleType="twist">
			<AppRef name="E3.Series" version="2.14.5.0" guid="659f2d9a-52ba-4534-8eda-fc4f4903e1cf"/>
			<WiringItem xsi:type="Wire" id="WIRE_34-c-0-239d2f" name="RME06A" signalId="SIGNAL_2-36-0-3c82" cableType="WIRE-2UKD-0.50" wireName="GY/YE" fromPinId="PIN_b-18-0-118ad" toPinId="PIN_b-18-0-11a8c">
				<AppRef name="E3.Series" version="2.13.7.0" guid="7b6a3afb-fba7-4663-9de2-923014410772"/>
				<Property id="PROPERTY_9732" name="WIRE_LENGTH" value="318"/>
				<Property id="PROPERTY_9733" name="WIRE_END2_MATL" value="(SN)"/>
				<Property id="PROPERTY_9734" name="WIRE_END2_CAVSEAL" value="*97BG-10C930-SBA"/>
				<Property id="PROPERTY_9735" name="WIRE_CSA" value="0.5"/>
				<Property id="PROPERTY_9736" name="WIRE_MIN_BEND_RADIUS" value="3"/>
				<Property id="PROPERTY_9737" name="WIRE_OPTION" value="IDBAE | IDBAL"/>
				<Property id="PROPERTY_9738" name="WIRE_DEV_PIN_1" value="C2ME03-A:24"/>
				<Property id="PROPERTY_9739" name="WIRE_COLOR" value="GY/YE"/>
				<Property id="PROPERTY_9740" name="WIRE_SPEC" value="2UKD"/>
				<Property id="PROPERTY_9741" name="WIRE_END1_MATL" value="(SN)"/>
				<Property id="PROPERTY_9742" name="WIRE_LEVEL" value="(7SPKR)"/>
				<Property id="PROPERTY_9743" name="WIRE_END1_TERM" value="8U5T-14474-BB"/>
				<Property id="PROPERTY_9744" name="WIRE_DEV_PIN_2" value="C2ME06:2"/>
				<Property id="PROPERTY_9745" name="WIRE_NAME" value="RME06A"/>
				<Property id="PROPERTY_9746" name="WIRE_END2_TERM" value="*97BG-14474-ADA"/>
				<Property id="PROPERTY_9747" name="WIRE_SIGNAL" value="RME06"/>
				<Property id="PROPERTY_9748" name="HRN_FAMILY" value="14401"/>
				<Property id="PROPERTY_9749" name="WIRE_MULTICORE" value="TP_VME06A"/>
				<Property id="PROPERTY_9750" name="WIRE_FPN" value="WIRE-2UKD-0.50-GY/YE"/>
				<Property id="PROPERTY_9751" name="WIRE_DIA_MAX" value="1.4"/>
				<Option id="OPTION_34-c-0-239d2f_1" value="IDBAE | IDBAL"/>
				<BranchRoute id="BRR_379">
					<StartBranchPosition id="BR_POS_1021" branchId="BRANCH_c2-4e-0-4c0f76" branchNodeId="BN_10584-132" offset="0"/>
					<PassBranchId>BRANCH_ff-4e-0-9d8f85</PassBranchId>
					<PassBranchId>BRANCH_22-4e-0-2ca187b</PassBranchId>
					<PassBranchId>BRANCH_22-4e-0-2caf4b6</PassBranchId>
					<PassBranchId>BRANCH_c2-4e-0-4c0d0c</PassBranchId>
					<EndBranchPosition id="BR_POS_1022" branchId="BRANCH_c2-4e-0-4c1066" branchNodeId="BN_11056-108" offset="0"/>
				</BranchRoute>
			</WiringItem>
			<WiringItem xsi:type="Wire" id="WIRE_34-c-0-239736" name="VME06A" signalId="SIGNAL_2-36-0-413f" cableType="WIRE-2UKD-0.50" wireName="GN" fromPinId="PIN_b-18-0-1190d" toPinId="PIN_b-18-0-11a82">
				<AppRef name="E3.Series" version="2.13.7.0" guid="cd0f925c-a9b8-48f7-adef-ebc24b2dd0b1"/>
				<Property id="PROPERTY_9752" name="WIRE_LENGTH" value="318"/>
				<Property id="PROPERTY_9753" name="WIRE_END2_MATL" value="(SN)"/>
				<Property id="PROPERTY_9754" name="WIRE_END2_CAVSEAL" value="*97BG-10C930-SBA"/>
				<Property id="PROPERTY_9755" name="WIRE_CSA" value="0.5"/>
				<Property id="PROPERTY_9756" name="WIRE_MIN_BEND_RADIUS" value="3"/>
				<Property id="PROPERTY_9757" name="WIRE_OPTION" value="IDBAE | IDBAL"/>
				<Property id="PROPERTY_9758" name="WIRE_DEV_PIN_1" value="C2ME03-A:13"/>
				<Property id="PROPERTY_9759" name="WIRE_COLOR" value="GN"/>
				<Property id="PROPERTY_9760" name="WIRE_SPEC" value="2UKD"/>
				<Property id="PROPERTY_9761" name="WIRE_END1_MATL" value="(SN)"/>
				<Property id="PROPERTY_9762" name="WIRE_LEVEL" value="(7SPKR)"/>
				<Property id="PROPERTY_9763" name="WIRE_END1_TERM" value="8U5T-14474-BB"/>
				<Property id="PROPERTY_9764" name="WIRE_DEV_PIN_2" value="C2ME06:1"/>
				<Property id="PROPERTY_9765" name="WIRE_NAME" value="VME06A"/>
				<Property id="PROPERTY_9766" name="WIRE_END2_TERM" value="*97BG-14474-ADA"/>
				<Property id="PROPERTY_9767" name="WIRE_SIGNAL" value="VME06"/>
				<Property id="PROPERTY_9768" name="HRN_FAMILY" value="14401"/>
				<Property id="PROPERTY_9769" name="WIRE_MULTICORE" value="TP_VME06A"/>
				<Property id="PROPERTY_9770" name="WIRE_FPN" value="WIRE-2UKD-0.50-GN"/>
				<Property id="PROPERTY_9771" name="WIRE_DIA_MAX" value="1.4"/>
				<Option id="OPTION_34-c-0-239736_1" value="IDBAE | IDBAL"/>
				<BranchRoute id="BRR_380">
					<StartBranchPosition id="BR_POS_1023" branchId="BRANCH_c2-4e-0-4c0f76" branchNodeId="BN_10584-132" offset="0"/>
					<PassBranchId>BRANCH_ff-4e-0-9d8f85</PassBranchId>
					<PassBranchId>BRANCH_22-4e-0-2ca187b</PassBranchId>
					<PassBranchId>BRANCH_22-4e-0-2caf4b6</PassBranchId>
					<PassBranchId>BRANCH_c2-4e-0-4c0d0c</PassBranchId>
					<EndBranchPosition id="BR_POS_1024" branchId="BRANCH_c2-4e-0-4c1066" branchNodeId="BN_11056-108" offset="0"/>
				</BranchRoute>
			</WiringItem>
		</WiringItem>
		<WiringItem xsi:type="Bundle" id="BUNDLE_a1-6-0-9d20d" name="TP_VME06F" bundleType="twist">
			<AppRef name="E3.Series" version="2.14.5.0" guid="e5ffe79c-7ba0-4de0-91d9-3d01f74ddd31"/>
			<WiringItem xsi:type="Wire" id="WIRE_95-c-0-e51af" name="RME06F" signalId="SIGNAL_2-36-0-3c82" cableType="WIRE-2UKD-0.50" wireName="GY/YE" fromPinId="PIN_5f-18-0-d13f0" toPinId="PIN_b-18-0-11a8c">
				<AppRef name="E3.Series" version="2.13.7.0" guid="d242e3df-eb7c-4b16-8180-3039e8c8f8a2"/>
				<Property id="PROPERTY_9772" name="WIRE_LENGTH" value="2514"/>
				<Property id="PROPERTY_9773" name="WIRE_END2_MATL" value="(SN)"/>
				<Property id="PROPERTY_9774" name="WIRE_END2_CAVSEAL" value="*97BG-10C930-SBA"/>
				<Property id="PROPERTY_9775" name="WIRE_CSA" value="0.5"/>
				<Property id="PROPERTY_9776" name="WIRE_MIN_BEND_RADIUS" value="3"/>
				<Property id="PROPERTY_9777" name="WIRE_OPTION" value="(IDBAF | IDBBQ) &amp; ! IEVAT"/>
				<Property id="PROPERTY_9778" name="WIRE_DEV_PIN_1" value="C23-E1:28"/>
				<Property id="PROPERTY_9779" name="WIRE_COLOR" value="GY/YE"/>
				<Property id="PROPERTY_9780" name="WIRE_SPEC" value="2UKD"/>
				<Property id="PROPERTY_9781" name="WIRE_END1_MATL" value="(SN)"/>
				<Property id="PROPERTY_9782" name="WIRE_LEVEL" value="(8SPKR)/(CNSL-HI)/(A-STR)/XM/YN/ZB"/>
				<Property id="PROPERTY_9783" name="WIRE_END1_TERM" value="9U5T-14474-DB"/>
				<Property id="PROPERTY_9784" name="WIRE_DEV_PIN_2" value="C2ME06:2"/>
				<Property id="PROPERTY_9785" name="WIRE_NAME" value="RME06F"/>
				<Property id="PROPERTY_9786" name="WIRE_END2_TERM" value="*97BG-14474-ADA"/>
				<Property id="PROPERTY_9787" name="WIRE_SIGNAL" value="RME06"/>
				<Property id="PROPERTY_9788" name="HRN_FAMILY" value="14401"/>
				<Property id="PROPERTY_9789" name="WIRE_MULTICORE" value="TP_VME06F"/>
				<Property id="PROPERTY_9790" name="WIRE_FPN" value="WIRE-2UKD-0.50-GY/YE"/>
				<Property id="PROPERTY_9791" name="WIRE_DIA_MAX" value="1.4"/>
				<Option id="OPTION_95-c-0-e51af_1" value="(IDBAF | IDBBQ) &amp; ! IEVAT"/>
				<BranchRoute id="BRR_381">
					<StartBranchPosition id="BR_POS_1025" branchId="BRANCH_c2-4e-0-4c1066" branchNodeId="BN_11056-108" offset="0"/>
					<PassBranchId>BRANCH_c2-4e-0-4c0d0c</PassBranchId>
					<PassBranchId>BRANCH_22-4e-0-2caf4b6</PassBranchId>
					<PassBranchId>BRANCH_c2-4e-0-4c0f6f</PassBranchId>
					<PassBranchId>BRANCH_c2-4e-0-4c0f6c</PassBranchId>
					<PassBranchId>BRANCH_c2-4e-0-4c0f66</PassBranchId>
					<PassBranchId>BRANCH_c2-4e-0-4c0fb7</PassBranchId>
					<PassBranchId>BRANCH_c2-4e-0-4c10a4</PassBranchId>
					<PassBranchId>BRANCH_c2-4e-0-4c0f7a</PassBranchId>
					<PassBranchId>BRANCH_35-4e-0-350133</PassBranchId>
					<PassBranchId>BRANCH_c2-4e-0-4c0f60</PassBranchId>
					<PassBranchId>BRANCH_c2-4e-0-4c1005</PassBranchId>
					<PassBranchId>BRANCH_c2-4e-0-4c0f45</PassBranchId>
					<PassBranchId>BRANCH_c2-4e-0-4c0dea</PassBranchId>
					<PassBranchId>BRANCH_c2-4e-0-4c0fd1</PassBranchId>
					<PassBranchId>BRANCH_c2-4e-0-4c0fe8</PassBranchId>
					<PassBranchId>BRANCH_c2-4e-0-4c1009</PassBranchId>
					<PassBranchId>BRANCH_c2-4e-0-4c10cb</PassBranchId>
					<PassBranchId>BRANCH_c2-4e-0-4c10ec</PassBranchId>
					<PassBranchId>BRANCH_c2-4e-0-4c1075</PassBranchId>
					<PassBranchId>BRANCH_c2-4e-0-4c106f</PassBranchId>
					<PassBranchId>BRANCH_c2-4e-0-4c1087</PassBranchId>
					<PassBranchId>BRANCH_c2-4e-0-4c1083</PassBranchId>
					<PassBranchId>BRANCH_c2-4e-0-4c0f89</PassBranchId>
					<PassBranchId>BRANCH_c2-4e-0-4c0f18</PassBranchId>
					<PassBranchId>BRANCH_c2-4e-0-4c0f88</PassBranchId>
					<PassBranchId>BRANCH_c2-4e-0-4c0e97</PassBranchId>
					<PassBranchId>BRANCH_c2-4e-0-4c10ce</PassBranchId>
					<PassBranchId>BRANCH_c2-4e-0-4c0e9b</PassBranchId>
					<PassBranchId>BRANCH_c2-4e-0-4c10f5</PassBranchId>
					<PassBranchId>BRANCH_c2-4e-0-4c0dfa</PassBranchId>
					<EndBranchPosition id="BR_POS_1026" branchId="BRANCH_c2-4e-0-4c0f1c" branchNodeId="BN_18448-168" offset="0"/>
				</BranchRoute>
			</WiringItem>
			<WiringItem xsi:type="Wire" id="WIRE_95-c-0-e517d" name="VME06F" signalId="SIGNAL_2-36-0-413f" cableType="WIRE-2UKD-0.50" wireName="GN" fromPinId="PIN_5f-18-0-d13ec" toPinId="PIN_b-18-0-11a82">
				<AppRef name="E3.Series" version="2.13.7.0" guid="36f6b3f7-b38f-4ae8-bd3e-15d0ae4baefc"/>
				<Property id="PROPERTY_9792" name="WIRE_LENGTH" value="2514"/>
				<Property id="PROPERTY_9793" name="WIRE_END2_MATL" value="(SN)"/>
				<Property id="PROPERTY_9794" name="WIRE_END2_CAVSEAL" value="*97BG-10C930-SBA"/>
				<Property id="PROPERTY_9795" name="WIRE_CSA" value="0.5"/>
				<Property id="PROPERTY_9796" name="WIRE_MIN_BEND_RADIUS" value="3"/>
				<Property id="PROPERTY_9797" name="WIRE_OPTION" value="(IDBAF | IDBBQ) &amp; ! IEVAT"/>
				<Property id="PROPERTY_9798" name="WIRE_DEV_PIN_1" value="C23-E1:27"/>
				<Property id="PROPERTY_9799" name="WIRE_COLOR" value="GN"/>
				<Property id="PROPERTY_9800" name="WIRE_SPEC" value="2UKD"/>
				<Property id="PROPERTY_9801" name="WIRE_END1_MATL" value="(SN)"/>
				<Property id="PROPERTY_9802" name="WIRE_LEVEL" value="(8SPKR)/(CNSL-HI)/(A-STR)/XM/YN/ZB"/>
				<Property id="PROPERTY_9803" name="WIRE_END1_TERM" value="9U5T-14474-DB"/>
				<Property id="PROPERTY_9804" name="WIRE_DEV_PIN_2" value="C2ME06:1"/>
				<Property id="PROPERTY_9805" name="WIRE_NAME" value="VME06F"/>
				<Property id="PROPERTY_9806" name="WIRE_END2_TERM" value="*97BG-14474-ADA"/>
				<Property id="PROPERTY_9807" name="WIRE_SIGNAL" value="VME06"/>
				<Property id="PROPERTY_9808" name="HRN_FAMILY" value="14401"/>
				<Property id="PROPERTY_9809" name="WIRE_MULTICORE" value="TP_VME06F"/>
				<Property id="PROPERTY_9810" name="WIRE_FPN" value="WIRE-2UKD-0.50-GN"/>
				<Property id="PROPERTY_9811" name="WIRE_DIA_MAX" value="1.4"/>
				<Option id="OPTION_95-c-0-e517d_1" value="(IDBAF | IDBBQ) &amp; ! IEVAT"/>
				<BranchRoute id="BRR_382">
					<StartBranchPosition id="BR_POS_1027" branchId="BRANCH_c2-4e-0-4c1066" branchNodeId="BN_11056-108" offset="0"/>
					<PassBranchId>BRANCH_c2-4e-0-4c0d0c</PassBranchId>
					<PassBranchId>BRANCH_22-4e-0-2caf4b6</PassBranchId>
					<PassBranchId>BRANCH_c2-4e-0-4c0f6f</PassBranchId>
					<PassBranchId>BRANCH_c2-4e-0-4c0f6c</PassBranchId>
					<PassBranchId>BRANCH_c2-4e-0-4c0f66</PassBranchId>
					<PassBranchId>BRANCH_c2-4e-0-4c0fb7</PassBranchId>
					<PassBranchId>BRANCH_c2-4e-0-4c10a4</PassBranchId>
					<PassBranchId>BRANCH_c2-4e-0-4c0f7a</PassBranchId>
					<PassBranchId>BRANCH_35-4e-0-350133</PassBranchId>
					<PassBranchId>BRANCH_c2-4e-0-4c0f60</PassBranchId>
					<PassBranchId>BRANCH_c2-4e-0-4c1005</PassBranchId>
					<PassBranchId>BRANCH_c2-4e-0-4c0f45</PassBranchId>
					<PassBranchId>BRANCH_c2-4e-0-4c0dea</PassBranchId>
					<PassBranchId>BRANCH_c2-4e-0-4c0fd1</PassBranchId>
					<PassBranchId>BRANCH_c2-4e-0-4c0fe8</PassBranchId>
					<PassBranchId>BRANCH_c2-4e-0-4c1009</PassBranchId>
					<PassBranchId>BRANCH_c2-4e-0-4c10cb</PassBranchId>
					<PassBranchId>BRANCH_c2-4e-0-4c10ec</PassBranchId>
					<PassBranchId>BRANCH_c2-4e-0-4c1075</PassBranchId>
					<PassBranchId>BRANCH_c2-4e-0-4c106f</PassBranchId>
					<PassBranchId>BRANCH_c2-4e-0-4c1087</PassBranchId>
					<PassBranchId>BRANCH_c2-4e-0-4c1083</PassBranchId>
					<PassBranchId>BRANCH_c2-4e-0-4c0f89</PassBranchId>
					<PassBranchId>BRANCH_c2-4e-0-4c0f18</PassBranchId>
					<PassBranchId>BRANCH_c2-4e-0-4c0f88</PassBranchId>
					<PassBranchId>BRANCH_c2-4e-0-4c0e97</PassBranchId>
					<PassBranchId>BRANCH_c2-4e-0-4c10ce</PassBranchId>
					<PassBranchId>BRANCH_c2-4e-0-4c0e9b</PassBranchId>
					<PassBranchId>BRANCH_c2-4e-0-4c10f5</PassBranchId>
					<PassBranchId>BRANCH_c2-4e-0-4c0dfa</PassBranchId>
					<EndBranchPosition id="BR_POS_1028" branchId="BRANCH_c2-4e-0-4c0f1c" branchNodeId="BN_18448-168" offset="0"/>
				</BranchRoute>
			</WiringItem>
		</WiringItem>
		<WiringItem xsi:type="Bundle" id="BUNDLE_b3-6-0-2ca8b2" name="TP_VME06FD" bundleType="twist">
			<AppRef name="E3.Series" version="2.14.5.0" guid="d08a7032-f537-4b86-9f36-5e54fb4460b5"/>
			<WiringItem xsi:type="Wire" id="WIRE_b3-c-0-2c842d" name="RME06FD" signalId="SIGNAL_2-36-0-3c82" cableType="WIRE-2UKD-0.50" wireName="GY/YE" fromPinId="PIN_5f-18-0-d13f0" toPinId="PIN_b3-18-0-2c8417">
				<AppRef name="E3.Series" version="2.14.0.0" guid="e8e02d7f-eee3-4203-afda-badb65570254"/>
				<Property id="PROPERTY_9812" name="WIRE_LENGTH" value="2408"/>
				<Property id="PROPERTY_9813" name="WIRE_END2_MATL" value="(SN)"/>
				<Property id="PROPERTY_9814" name="WIRE_END2_CAVSEAL" value="*97BG-10C930-SBA"/>
				<Property id="PROPERTY_9815" name="WIRE_CSA" value="0.5"/>
				<Property id="PROPERTY_9816" name="WIRE_MIN_BEND_RADIUS" value="3"/>
				<Property id="PROPERTY_9817" name="WIRE_OPTION" value="( IDBAF | IDBBQ ) &amp; IEVAT"/>
				<Property id="PROPERTY_9818" name="WIRE_DEV_PIN_1" value="C23-E1:28"/>
				<Property id="PROPERTY_9819" name="WIRE_COLOR" value="GY/YE"/>
				<Property id="PROPERTY_9820" name="WIRE_SPEC" value="2UKD"/>
				<Property id="PROPERTY_9821" name="WIRE_END1_MATL" value="(SN)"/>
				<Property id="PROPERTY_9822" name="WIRE_LEVEL" value="VA"/>
				<Property id="PROPERTY_9823" name="WIRE_END1_TERM" value="9U5T-14474-DB"/>
				<Property id="PROPERTY_9824" name="WIRE_DEV_PIN_2" value="C2ME06-D:2"/>
				<Property id="PROPERTY_9825" name="WIRE_NAME" value="RME06FD"/>
				<Property id="PROPERTY_9826" name="WIRE_END2_TERM" value="*97BG-14474-ADA"/>
				<Property id="PROPERTY_9827" name="WIRE_SIGNAL" value="RME06"/>
				<Property id="PROPERTY_9828" name="HRN_FAMILY" value="14401"/>
				<Property id="PROPERTY_9829" name="WIRE_MULTICORE" value="TP_VME06FD"/>
				<Property id="PROPERTY_9830" name="WIRE_FPN" value="WIRE-2UKD-0.50-GY/YE"/>
				<Property id="PROPERTY_9831" name="WIRE_DIA_MAX" value="1.4"/>
				<Option id="OPTION_b3-c-0-2c842d_1" value="( IDBAF | IDBBQ ) &amp; IEVAT"/>
				<BranchRoute id="BRR_383">
					<StartBranchPosition id="BR_POS_1029" branchId="BRANCH_34-4e-0-84032a" branchNodeId="BN_11512-148" offset="0"/>
					<PassBranchId>BRANCH_34-4e-0-83e07c</PassBranchId>
					<PassBranchId>BRANCH_c2-4e-0-4c0fb7</PassBranchId>
					<PassBranchId>BRANCH_c2-4e-0-4c10a4</PassBranchId>
					<PassBranchId>BRANCH_c2-4e-0-4c0f7a</PassBranchId>
					<PassBranchId>BRANCH_35-4e-0-350133</PassBranchId>
					<PassBranchId>BRANCH_c2-4e-0-4c0f60</PassBranchId>
					<PassBranchId>BRANCH_c2-4e-0-4c1005</PassBranchId>
					<PassBranchId>BRANCH_c2-4e-0-4c0f45</PassBranchId>
					<PassBranchId>BRANCH_c2-4e-0-4c0dea</PassBranchId>
					<PassBranchId>BRANCH_c2-4e-0-4c0fd1</PassBranchId>
					<PassBranchId>BRANCH_c2-4e-0-4c0fe8</PassBranchId>
					<PassBranchId>BRANCH_c2-4e-0-4c1009</PassBranchId>
					<PassBranchId>BRANCH_c2-4e-0-4c10cb</PassBranchId>
					<PassBranchId>BRANCH_c2-4e-0-4c10ec</PassBranchId>
					<PassBranchId>BRANCH_c2-4e-0-4c1075</PassBranchId>
					<PassBranchId>BRANCH_c2-4e-0-4c106f</PassBranchId>
					<PassBranchId>BRANCH_c2-4e-0-4c1087</PassBranchId>
					<PassBranchId>BRANCH_c2-4e-0-4c1083</PassBranchId>
					<PassBranchId>BRANCH_c2-4e-0-4c0f89</PassBranchId>
					<PassBranchId>BRANCH_c2-4e-0-4c0f18</PassBranchId>
					<PassBranchId>BRANCH_c2-4e-0-4c0f88</PassBranchId>
					<PassBranchId>BRANCH_c2-4e-0-4c0e97</PassBranchId>
					<PassBranchId>BRANCH_c2-4e-0-4c10ce</PassBranchId>
					<PassBranchId>BRANCH_c2-4e-0-4c0e9b</PassBranchId>
					<PassBranchId>BRANCH_c2-4e-0-4c10f5</PassBranchId>
					<PassBranchId>BRANCH_c2-4e-0-4c0dfa</PassBranchId>
					<EndBranchPosition id="BR_POS_1030" branchId="BRANCH_c2-4e-0-4c0f1c" branchNodeId="BN_18448-168" offset="0"/>
				</BranchRoute>
			</WiringItem>
			<WiringItem xsi:type="Wire" id="WIRE_b3-c-0-2c846d" name="VME06FD" signalId="SIGNAL_2-36-0-413f" cableType="WIRE-2UKD-0.50" wireName="GN" fromPinId="PIN_5f-18-0-d13ec" toPinId="PIN_b3-18-0-2c8421">
				<AppRef name="E3.Series" version="2.14.0.0" guid="9534e8a5-28ee-4347-baa8-b395044a34f9"/>
				<Property id="PROPERTY_9832" name="WIRE_LENGTH" value="2408"/>
				<Property id="PROPERTY_9833" name="WIRE_END2_MATL" value="(SN)"/>
				<Property id="PROPERTY_9834" name="WIRE_END2_CAVSEAL" value="*97BG-10C930-SBA"/>
				<Property id="PROPERTY_9835" name="WIRE_CSA" value="0.5"/>
				<Property id="PROPERTY_9836" name="WIRE_MIN_BEND_RADIUS" value="3"/>
				<Property id="PROPERTY_9837" name="WIRE_OPTION" value="( IDBAF | IDBBQ ) &amp; IEVAT"/>
				<Property id="PROPERTY_9838" name="WIRE_DEV_PIN_1" value="C23-E1:27"/>
				<Property id="PROPERTY_9839" name="WIRE_COLOR" value="GN"/>
				<Property id="PROPERTY_9840" name="WIRE_SPEC" value="2UKD"/>
				<Property id="PROPERTY_9841" name="WIRE_END1_MATL" value="(SN)"/>
				<Property id="PROPERTY_9842" name="WIRE_LEVEL" value="VA"/>
				<Property id="PROPERTY_9843" name="WIRE_END1_TERM" value="9U5T-14474-DB"/>
				<Property id="PROPERTY_9844" name="WIRE_DEV_PIN_2" value="C2ME06-D:1"/>
				<Property id="PROPERTY_9845" name="WIRE_NAME" value="VME06FD"/>
				<Property id="PROPERTY_9846" name="WIRE_END2_TERM" value="*97BG-14474-ADA"/>
				<Property id="PROPERTY_9847" name="WIRE_SIGNAL" value="VME06"/>
				<Property id="PROPERTY_9848" name="HRN_FAMILY" value="14401"/>
				<Property id="PROPERTY_9849" name="WIRE_MULTICORE" value="TP_VME06FD"/>
				<Property id="PROPERTY_9850" name="WIRE_FPN" value="WIRE-2UKD-0.50-GN"/>
				<Property id="PROPERTY_9851" name="WIRE_DIA_MAX" value="1.4"/>
				<Option id="OPTION_b3-c-0-2c846d_1" value="( IDBAF | IDBBQ ) &amp; IEVAT"/>
				<BranchRoute id="BRR_384">
					<StartBranchPosition id="BR_POS_1031" branchId="BRANCH_34-4e-0-84032a" branchNodeId="BN_11512-148" offset="0"/>
					<PassBranchId>BRANCH_34-4e-0-83e07c</PassBranchId>
					<PassBranchId>BRANCH_c2-4e-0-4c0fb7</PassBranchId>
					<PassBranchId>BRANCH_c2-4e-0-4c10a4</PassBranchId>
					<PassBranchId>BRANCH_c2-4e-0-4c0f7a</PassBranchId>
					<PassBranchId>BRANCH_35-4e-0-350133</PassBranchId>
					<PassBranchId>BRANCH_c2-4e-0-4c0f60</PassBranchId>
					<PassBranchId>BRANCH_c2-4e-0-4c1005</PassBranchId>
					<PassBranchId>BRANCH_c2-4e-0-4c0f45</PassBranchId>
					<PassBranchId>BRANCH_c2-4e-0-4c0dea</PassBranchId>
					<PassBranchId>BRANCH_c2-4e-0-4c0fd1</PassBranchId>
					<PassBranchId>BRANCH_c2-4e-0-4c0fe8</PassBranchId>
					<PassBranchId>BRANCH_c2-4e-0-4c1009</PassBranchId>
					<PassBranchId>BRANCH_c2-4e-0-4c10cb</PassBranchId>
					<PassBranchId>BRANCH_c2-4e-0-4c10ec</PassBranchId>
					<PassBranchId>BRANCH_c2-4e-0-4c1075</PassBranchId>
					<PassBranchId>BRANCH_c2-4e-0-4c106f</PassBranchId>
					<PassBranchId>BRANCH_c2-4e-0-4c1087</PassBranchId>
					<PassBranchId>BRANCH_c2-4e-0-4c1083</PassBranchId>
					<PassBranchId>BRANCH_c2-4e-0-4c0f89</PassBranchId>
					<PassBranchId>BRANCH_c2-4e-0-4c0f18</PassBranchId>
					<PassBranchId>BRANCH_c2-4e-0-4c0f88</PassBranchId>
					<PassBranchId>BRANCH_c2-4e-0-4c0e97</PassBranchId>
					<PassBranchId>BRANCH_c2-4e-0-4c10ce</PassBranchId>
					<PassBranchId>BRANCH_c2-4e-0-4c0e9b</PassBranchId>
					<PassBranchId>BRANCH_c2-4e-0-4c10f5</PassBranchId>
					<PassBranchId>BRANCH_c2-4e-0-4c0dfa</PassBranchId>
					<EndBranchPosition id="BR_POS_1032" branchId="BRANCH_c2-4e-0-4c0f1c" branchNodeId="BN_18448-168" offset="0"/>
				</BranchRoute>
			</WiringItem>
		</WiringItem>
		<WiringItem xsi:type="Bundle" id="BUNDLE_a1-6-0-9d20e" name="TP_VME07A" bundleType="twist">
			<AppRef name="E3.Series" version="2.14.5.0" guid="3b6768b0-2097-4932-9215-41dcedbe7577"/>
			<WiringItem xsi:type="Wire" id="WIRE_95-c-0-e5f20" name="RME07A" signalId="SIGNAL_4c-36-0-75879f" cableType="WIRE-2UKD-0.50" wireName="WH/BN" fromPinId="PIN_b-18-0-1186e" toPinId="PIN_43-18-0-192e5e">
				<AppRef name="E3.Series" version="2.13.7.0" guid="80417c76-7817-438d-96e6-9c0b3b519e17"/>
				<Property id="PROPERTY_9852" name="WIRE_LENGTH" value="1624"/>
				<Property id="PROPERTY_9853" name="WIRE_END2_MATL" value="(SN)"/>
				<Property id="PROPERTY_9854" name="WIRE_CSA" value="0.5"/>
				<Property id="PROPERTY_9855" name="WIRE_MIN_BEND_RADIUS" value="3"/>
				<Property id="PROPERTY_9856" name="WIRE_OPTION" value="IDBAC | IDBAD | IDBAE | IDBAL"/>
				<Property id="PROPERTY_9857" name="WIRE_DEV_PIN_1" value="C2ME03-A:7"/>
				<Property id="PROPERTY_9858" name="WIRE_COLOR" value="WH/BN"/>
				<Property id="PROPERTY_9859" name="WIRE_SPEC" value="2UKD"/>
				<Property id="PROPERTY_9860" name="WIRE_END1_MATL" value="(SN)"/>
				<Property id="PROPERTY_9861" name="WIRE_LEVEL" value="(7SPKR)/(8DSP)/ZD/ZE/ZG/ZH"/>
				<Property id="PROPERTY_9862" name="WIRE_END1_TERM" value="DU5T-14474-CBB"/>
				<Property id="PROPERTY_9863" name="WIRE_DEV_PIN_2" value="C23-A1:30"/>
				<Property id="PROPERTY_9864" name="WIRE_NAME" value="RME07A"/>
				<Property id="PROPERTY_9865" name="WIRE_END2_TERM" value="9U5T-14474-DB"/>
				<Property id="PROPERTY_9866" name="WIRE_SIGNAL" value="RME07_RME12"/>
				<Property id="PROPERTY_9867" name="HRN_FAMILY" value="14401"/>
				<Property id="PROPERTY_9868" name="WIRE_MULTICORE" value="TP_VME07A"/>
				<Property id="PROPERTY_9869" name="WIRE_FPN" value="WIRE-2UKD-0.50-WH/BN"/>
				<Property id="PROPERTY_9870" name="WIRE_DIA_MAX" value="1.4"/>
				<Option id="OPTION_95-c-0-e5f20_1" value="IDBAC | IDBAD | IDBAE | IDBAL"/>
				<BranchRoute id="BRR_385">
					<StartBranchPosition id="BR_POS_1033" branchId="BRANCH_c2-4e-0-4c0dda" branchNodeId="BN_695_9-190_058" offset="0"/>
					<PassBranchId>BRANCH_c2-4e-0-4c0fad</PassBranchId>
					<PassBranchId>BRANCH_c2-4e-0-4c10dd</PassBranchId>
					<PassBranchId>BRANCH_c2-4e-0-4c1020</PassBranchId>
					<PassBranchId>BRANCH_c2-4e-0-4c1021</PassBranchId>
					<PassBranchId>BRANCH_c2-4e-0-4c10e7</PassBranchId>
					<PassBranchId>BRANCH_c2-4e-0-4c0fc5</PassBranchId>
					<PassBranchId>BRANCH_c2-4e-0-4c0fce</PassBranchId>
					<PassBranchId>BRANCH_c2-4e-0-4c0d1d</PassBranchId>
					<PassBranchId>BRANCH_35-4e-0-2efaf8</PassBranchId>
					<PassBranchId>BRANCH_c2-4e-0-4c10c0</PassBranchId>
					<PassBranchId>BRANCH_c2-4e-0-4c0fc8</PassBranchId>
					<PassBranchId>BRANCH_c2-4e-0-4c108d</PassBranchId>
					<PassBranchId>BRANCH_c2-4e-0-4c0d88</PassBranchId>
					<PassBranchId>BRANCH_c2-4e-0-4c109a</PassBranchId>
					<PassBranchId>BRANCH_c2-4e-0-4c0e16</PassBranchId>
					<PassBranchId>BRANCH_c2-4e-0-4c0fcb</PassBranchId>
					<PassBranchId>BRANCH_c2-4e-0-4c0f45</PassBranchId>
					<PassBranchId>BRANCH_c2-4e-0-4c1005</PassBranchId>
					<PassBranchId>BRANCH_c2-4e-0-4c0f60</PassBranchId>
					<PassBranchId>BRANCH_35-4e-0-350133</PassBranchId>
					<PassBranchId>BRANCH_c2-4e-0-4c0f7a</PassBranchId>
					<PassBranchId>BRANCH_c2-4e-0-4c10a4</PassBranchId>
					<PassBranchId>BRANCH_c2-4e-0-4c0fb7</PassBranchId>
					<PassBranchId>BRANCH_c2-4e-0-4c0f66</PassBranchId>
					<PassBranchId>BRANCH_c2-4e-0-4c0f6c</PassBranchId>
					<PassBranchId>BRANCH_c2-4e-0-4c0f6f</PassBranchId>
					<PassBranchId>BRANCH_22-4e-0-2ca187b</PassBranchId>
					<PassBranchId>BRANCH_ff-4e-0-9d8f85</PassBranchId>
					<EndBranchPosition id="BR_POS_1034" branchId="BRANCH_c2-4e-0-4c0f76" branchNodeId="BN_10584-132" offset="0"/>
				</BranchRoute>
			</WiringItem>
			<WiringItem xsi:type="Wire" id="WIRE_95-c-0-e5f08" name="VME07A" signalId="SIGNAL_4c-36-0-777d7f" cableType="WIRE-2UKD-0.50" wireName="WH" fromPinId="PIN_b-18-0-118c5" toPinId="PIN_43-18-0-192e5a">
				<AppRef name="E3.Series" version="2.13.7.0" guid="b5c3155f-65e5-427a-9826-e5d52195bfdc"/>
				<Property id="PROPERTY_9871" name="WIRE_LENGTH" value="1624"/>
				<Property id="PROPERTY_9872" name="WIRE_END2_MATL" value="(SN)"/>
				<Property id="PROPERTY_9873" name="WIRE_CSA" value="0.5"/>
				<Property id="PROPERTY_9874" name="WIRE_MIN_BEND_RADIUS" value="3"/>
				<Property id="PROPERTY_9875" name="WIRE_OPTION" value="IDBAC | IDBAD | IDBAE | IDBAL"/>
				<Property id="PROPERTY_9876" name="WIRE_DEV_PIN_1" value="C2ME03-A:8"/>
				<Property id="PROPERTY_9877" name="WIRE_COLOR" value="WH"/>
				<Property id="PROPERTY_9878" name="WIRE_SPEC" value="2UKD"/>
				<Property id="PROPERTY_9879" name="WIRE_END1_MATL" value="(SN)"/>
				<Property id="PROPERTY_9880" name="WIRE_LEVEL" value="(7SPKR)/(8DSP)/ZD/ZE/ZG/ZH"/>
				<Property id="PROPERTY_9881" name="WIRE_END1_TERM" value="DU5T-14474-CBB"/>
				<Property id="PROPERTY_9882" name="WIRE_DEV_PIN_2" value="C23-A1:29"/>
				<Property id="PROPERTY_9883" name="WIRE_NAME" value="VME07A"/>
				<Property id="PROPERTY_9884" name="WIRE_END2_TERM" value="9U5T-14474-DB"/>
				<Property id="PROPERTY_9885" name="WIRE_SIGNAL" value="VME07_VME12"/>
				<Property id="PROPERTY_9886" name="HRN_FAMILY" value="14401"/>
				<Property id="PROPERTY_9887" name="WIRE_MULTICORE" value="TP_VME07A"/>
				<Property id="PROPERTY_9888" name="WIRE_FPN" value="WIRE-2UKD-0.50-WH"/>
				<Property id="PROPERTY_9889" name="WIRE_DIA_MAX" value="1.4"/>
				<Option id="OPTION_95-c-0-e5f08_1" value="IDBAC | IDBAD | IDBAE | IDBAL"/>
				<BranchRoute id="BRR_386">
					<StartBranchPosition id="BR_POS_1035" branchId="BRANCH_c2-4e-0-4c0dda" branchNodeId="BN_695_9-190_058" offset="0"/>
					<PassBranchId>BRANCH_c2-4e-0-4c0fad</PassBranchId>
					<PassBranchId>BRANCH_c2-4e-0-4c10dd</PassBranchId>
					<PassBranchId>BRANCH_c2-4e-0-4c1020</PassBranchId>
					<PassBranchId>BRANCH_c2-4e-0-4c1021</PassBranchId>
					<PassBranchId>BRANCH_c2-4e-0-4c10e7</PassBranchId>
					<PassBranchId>BRANCH_c2-4e-0-4c0fc5</PassBranchId>
					<PassBranchId>BRANCH_c2-4e-0-4c0fce</PassBranchId>
					<PassBranchId>BRANCH_c2-4e-0-4c0d1d</PassBranchId>
					<PassBranchId>BRANCH_35-4e-0-2efaf8</PassBranchId>
					<PassBranchId>BRANCH_c2-4e-0-4c10c0</PassBranchId>
					<PassBranchId>BRANCH_c2-4e-0-4c0fc8</PassBranchId>
					<PassBranchId>BRANCH_c2-4e-0-4c108d</PassBranchId>
					<PassBranchId>BRANCH_c2-4e-0-4c0d88</PassBranchId>
					<PassBranchId>BRANCH_c2-4e-0-4c109a</PassBranchId>
					<PassBranchId>BRANCH_c2-4e-0-4c0e16</PassBranchId>
					<PassBranchId>BRANCH_c2-4e-0-4c0fcb</PassBranchId>
					<PassBranchId>BRANCH_c2-4e-0-4c0f45</PassBranchId>
					<PassBranchId>BRANCH_c2-4e-0-4c1005</PassBranchId>
					<PassBranchId>BRANCH_c2-4e-0-4c0f60</PassBranchId>
					<PassBranchId>BRANCH_35-4e-0-350133</PassBranchId>
					<PassBranchId>BRANCH_c2-4e-0-4c0f7a</PassBranchId>
					<PassBranchId>BRANCH_c2-4e-0-4c10a4</PassBranchId>
					<PassBranchId>BRANCH_c2-4e-0-4c0fb7</PassBranchId>
					<PassBranchId>BRANCH_c2-4e-0-4c0f66</PassBranchId>
					<PassBranchId>BRANCH_c2-4e-0-4c0f6c</PassBranchId>
					<PassBranchId>BRANCH_c2-4e-0-4c0f6f</PassBranchId>
					<PassBranchId>BRANCH_22-4e-0-2ca187b</PassBranchId>
					<PassBranchId>BRANCH_ff-4e-0-9d8f85</PassBranchId>
					<EndBranchPosition id="BR_POS_1036" branchId="BRANCH_c2-4e-0-4c0f76" branchNodeId="BN_10584-132" offset="0"/>
				</BranchRoute>
			</WiringItem>
		</WiringItem>
		<WiringItem xsi:type="Bundle" id="BUNDLE_4-6-0-b58fb7" name="TP_VME07A2" bundleType="twist">
			<AppRef name="E3.Series" version="2.14.5.0" guid="64c2bed4-3c51-47bc-915e-e9e7b170c6ff"/>
			<WiringItem xsi:type="Wire" id="WIRE_4-c-0-b57746" name="RME07A2" signalId="SIGNAL_4c-36-0-75879f" cableType="WIRE-2UKD-0.50" wireName="WH/BN" fromPinId="PIN_b-18-0-11868" toPinId="PIN_43-18-0-192e5e">
				<AppRef name="E3.Series" version="2.13.7.0" guid="b3a8d259-3307-43c1-840d-0c4308436901"/>
				<Property id="PROPERTY_9890" name="WIRE_LENGTH" value="1624"/>
				<Property id="PROPERTY_9891" name="WIRE_END2_MATL" value="(SN)"/>
				<Property id="PROPERTY_9892" name="WIRE_CSA" value="0.5"/>
				<Property id="PROPERTY_9893" name="WIRE_MIN_BEND_RADIUS" value="3"/>
				<Property id="PROPERTY_9894" name="WIRE_OPTION" value="(IDBAF | IDBBQ) &amp; (IEVAQ | IEVAR)"/>
				<Property id="PROPERTY_9895" name="WIRE_DEV_PIN_1" value="C2ME03-A:5"/>
				<Property id="PROPERTY_9896" name="WIRE_COLOR" value="WH/BN"/>
				<Property id="PROPERTY_9897" name="WIRE_SPEC" value="2UKD"/>
				<Property id="PROPERTY_9898" name="WIRE_END1_MATL" value="(SN)"/>
				<Property id="PROPERTY_9899" name="WIRE_LEVEL" value="(8SPKR)/(CNSL-HI)/(A-STR)/XM/YN/ZB"/>
				<Property id="PROPERTY_9900" name="WIRE_END1_TERM" value="DU5T-14474-CBB"/>
				<Property id="PROPERTY_9901" name="WIRE_DEV_PIN_2" value="C23-A1:30"/>
				<Property id="PROPERTY_9902" name="WIRE_NAME" value="RME07A2"/>
				<Property id="PROPERTY_9903" name="WIRE_END2_TERM" value="9U5T-14474-DB"/>
				<Property id="PROPERTY_9904" name="WIRE_SIGNAL" value="RME07_RME12"/>
				<Property id="PROPERTY_9905" name="HRN_FAMILY" value="14401"/>
				<Property id="PROPERTY_9906" name="WIRE_MULTICORE" value="TP_VME07A2"/>
				<Property id="PROPERTY_9907" name="WIRE_FPN" value="WIRE-2UKD-0.50-WH/BN"/>
				<Property id="PROPERTY_9908" name="WIRE_DIA_MAX" value="1.4"/>
				<Option id="OPTION_4-c-0-b57746_1" value="(IDBAF | IDBBQ) &amp; (IEVAQ | IEVAR)"/>
				<BranchRoute id="BRR_387">
					<StartBranchPosition id="BR_POS_1037" branchId="BRANCH_c2-4e-0-4c0dda" branchNodeId="BN_695_9-190_058" offset="0"/>
					<PassBranchId>BRANCH_c2-4e-0-4c0fad</PassBranchId>
					<PassBranchId>BRANCH_c2-4e-0-4c10dd</PassBranchId>
					<PassBranchId>BRANCH_c2-4e-0-4c1020</PassBranchId>
					<PassBranchId>BRANCH_c2-4e-0-4c1021</PassBranchId>
					<PassBranchId>BRANCH_c2-4e-0-4c10e7</PassBranchId>
					<PassBranchId>BRANCH_c2-4e-0-4c0fc5</PassBranchId>
					<PassBranchId>BRANCH_c2-4e-0-4c0fce</PassBranchId>
					<PassBranchId>BRANCH_c2-4e-0-4c0d1d</PassBranchId>
					<PassBranchId>BRANCH_35-4e-0-2efaf8</PassBranchId>
					<PassBranchId>BRANCH_c2-4e-0-4c10c0</PassBranchId>
					<PassBranchId>BRANCH_c2-4e-0-4c0fc8</PassBranchId>
					<PassBranchId>BRANCH_c2-4e-0-4c108d</PassBranchId>
					<PassBranchId>BRANCH_c2-4e-0-4c0d88</PassBranchId>
					<PassBranchId>BRANCH_c2-4e-0-4c109a</PassBranchId>
					<PassBranchId>BRANCH_c2-4e-0-4c0e16</PassBranchId>
					<PassBranchId>BRANCH_c2-4e-0-4c0fcb</PassBranchId>
					<PassBranchId>BRANCH_c2-4e-0-4c0f45</PassBranchId>
					<PassBranchId>BRANCH_c2-4e-0-4c1005</PassBranchId>
					<PassBranchId>BRANCH_c2-4e-0-4c0f60</PassBranchId>
					<PassBranchId>BRANCH_35-4e-0-350133</PassBranchId>
					<PassBranchId>BRANCH_c2-4e-0-4c0f7a</PassBranchId>
					<PassBranchId>BRANCH_c2-4e-0-4c10a4</PassBranchId>
					<PassBranchId>BRANCH_c2-4e-0-4c0fb7</PassBranchId>
					<PassBranchId>BRANCH_c2-4e-0-4c0f66</PassBranchId>
					<PassBranchId>BRANCH_c2-4e-0-4c0f6c</PassBranchId>
					<PassBranchId>BRANCH_c2-4e-0-4c0f6f</PassBranchId>
					<PassBranchId>BRANCH_22-4e-0-2ca187b</PassBranchId>
					<PassBranchId>BRANCH_ff-4e-0-9d8f85</PassBranchId>
					<EndBranchPosition id="BR_POS_1038" branchId="BRANCH_c2-4e-0-4c0f76" branchNodeId="BN_10584-132" offset="0"/>
				</BranchRoute>
			</WiringItem>
			<WiringItem xsi:type="Wire" id="WIRE_4-c-0-b57764" name="VME07A2" signalId="SIGNAL_4c-36-0-777d7f" cableType="WIRE-2UKD-0.50" wireName="WH" fromPinId="PIN_43-18-0-192e5a" toPinId="PIN_b-18-0-118dd">
				<AppRef name="E3.Series" version="2.13.7.0" guid="e8ff7e35-892d-4eec-a013-cd4c7981d977"/>
				<Property id="PROPERTY_9909" name="WIRE_LENGTH" value="1624"/>
				<Property id="PROPERTY_9910" name="WIRE_END2_MATL" value="(SN)"/>
				<Property id="PROPERTY_9911" name="WIRE_CSA" value="0.5"/>
				<Property id="PROPERTY_9912" name="WIRE_MIN_BEND_RADIUS" value="3"/>
				<Property id="PROPERTY_9913" name="WIRE_OPTION" value="(IDBAF | IDBBQ) &amp; (IEVAQ | IEVAR)"/>
				<Property id="PROPERTY_9914" name="WIRE_DEV_PIN_1" value="C23-A1:29"/>
				<Property id="PROPERTY_9915" name="WIRE_COLOR" value="WH"/>
				<Property id="PROPERTY_9916" name="WIRE_SPEC" value="2UKD"/>
				<Property id="PROPERTY_9917" name="WIRE_END1_MATL" value="(SN)"/>
				<Property id="PROPERTY_9918" name="WIRE_LEVEL" value="(8SPKR)/(CNSL-HI)/(A-STR)/XM/YN/ZB"/>
				<Property id="PROPERTY_9919" name="WIRE_END1_TERM" value="9U5T-14474-DB"/>
				<Property id="PROPERTY_9920" name="WIRE_DEV_PIN_2" value="C2ME03-A:6"/>
				<Property id="PROPERTY_9921" name="WIRE_NAME" value="VME07A2"/>
				<Property id="PROPERTY_9922" name="WIRE_END2_TERM" value="DU5T-14474-CBB"/>
				<Property id="PROPERTY_9923" name="WIRE_SIGNAL" value="VME07_VME12"/>
				<Property id="PROPERTY_9924" name="HRN_FAMILY" value="14401"/>
				<Property id="PROPERTY_9925" name="WIRE_MULTICORE" value="TP_VME07A2"/>
				<Property id="PROPERTY_9926" name="WIRE_FPN" value="WIRE-2UKD-0.50-WH"/>
				<Property id="PROPERTY_9927" name="WIRE_DIA_MAX" value="1.4"/>
				<Option id="OPTION_4-c-0-b57764_1" value="(IDBAF | IDBBQ) &amp; (IEVAQ | IEVAR)"/>
				<BranchRoute id="BRR_388">
					<StartBranchPosition id="BR_POS_1039" branchId="BRANCH_c2-4e-0-4c0dda" branchNodeId="BN_695_9-190_058" offset="0"/>
					<PassBranchId>BRANCH_c2-4e-0-4c0fad</PassBranchId>
					<PassBranchId>BRANCH_c2-4e-0-4c10dd</PassBranchId>
					<PassBranchId>BRANCH_c2-4e-0-4c1020</PassBranchId>
					<PassBranchId>BRANCH_c2-4e-0-4c1021</PassBranchId>
					<PassBranchId>BRANCH_c2-4e-0-4c10e7</PassBranchId>
					<PassBranchId>BRANCH_c2-4e-0-4c0fc5</PassBranchId>
					<PassBranchId>BRANCH_c2-4e-0-4c0fce</PassBranchId>
					<PassBranchId>BRANCH_c2-4e-0-4c0d1d</PassBranchId>
					<PassBranchId>BRANCH_35-4e-0-2efaf8</PassBranchId>
					<PassBranchId>BRANCH_c2-4e-0-4c10c0</PassBranchId>
					<PassBranchId>BRANCH_c2-4e-0-4c0fc8</PassBranchId>
					<PassBranchId>BRANCH_c2-4e-0-4c108d</PassBranchId>
					<PassBranchId>BRANCH_c2-4e-0-4c0d88</PassBranchId>
					<PassBranchId>BRANCH_c2-4e-0-4c109a</PassBranchId>
					<PassBranchId>BRANCH_c2-4e-0-4c0e16</PassBranchId>
					<PassBranchId>BRANCH_c2-4e-0-4c0fcb</PassBranchId>
					<PassBranchId>BRANCH_c2-4e-0-4c0f45</PassBranchId>
					<PassBranchId>BRANCH_c2-4e-0-4c1005</PassBranchId>
					<PassBranchId>BRANCH_c2-4e-0-4c0f60</PassBranchId>
					<PassBranchId>BRANCH_35-4e-0-350133</PassBranchId>
					<PassBranchId>BRANCH_c2-4e-0-4c0f7a</PassBranchId>
					<PassBranchId>BRANCH_c2-4e-0-4c10a4</PassBranchId>
					<PassBranchId>BRANCH_c2-4e-0-4c0fb7</PassBranchId>
					<PassBranchId>BRANCH_c2-4e-0-4c0f66</PassBranchId>
					<PassBranchId>BRANCH_c2-4e-0-4c0f6c</PassBranchId>
					<PassBranchId>BRANCH_c2-4e-0-4c0f6f</PassBranchId>
					<PassBranchId>BRANCH_22-4e-0-2ca187b</PassBranchId>
					<PassBranchId>BRANCH_ff-4e-0-9d8f85</PassBranchId>
					<EndBranchPosition id="BR_POS_1040" branchId="BRANCH_c2-4e-0-4c0f76" branchNodeId="BN_10584-132" offset="0"/>
				</BranchRoute>
			</WiringItem>
		</WiringItem>
		<WiringItem xsi:type="Bundle" id="BUNDLE_bf-6-0-33b07c" name="TP_RMM63DA" bundleType="twist">
			<AppRef name="E3.Series" version="2.14.5.0" guid="90fcc341-a9c6-4ce6-b1de-6398878c9d4a"/>
			<WiringItem xsi:type="Wire" id="WIRE_bf-c-0-33af78" name="RMM63DA" signalId="SIGNAL_4c-36-0-75879f" cableType="WIRE-2UKD-0.50" wireName="GY" fromPinId="PIN_a8-18-0-e8f01b" toPinId="PIN_5f-18-0-d13f8">
				<AppRef name="E3.Series" version="2.14.0.0" guid="850c7f32-257c-44cd-86e6-f73961fed055"/>
				<Property id="PROPERTY_10404" name="WIRE_LENGTH" value="2529"/>
				<Property id="PROPERTY_10405" name="WIRE_END2_MATL" value="(SN)"/>
				<Property id="PROPERTY_10406" name="WIRE_CSA" value="0.5"/>
				<Property id="PROPERTY_10407" name="WIRE_MIN_BEND_RADIUS" value="3"/>
				<Property id="PROPERTY_10408" name="WIRE_OPTION" value="IEVAT"/>
				<Property id="PROPERTY_10409" name="WIRE_DEV_PIN_1" value="C2MM01-DB:43"/>
				<Property id="PROPERTY_10410" name="WIRE_COLOR" value="GY"/>
				<Property id="PROPERTY_10411" name="WIRE_SPEC" value="2UKD"/>
				<Property id="PROPERTY_10412" name="WIRE_END1_MATL" value="(SN)"/>
				<Property id="PROPERTY_10413" name="WIRE_LEVEL" value="VA"/>
				<Property id="PROPERTY_10414" name="WIRE_END1_TERM" value="9U5T-14474-DB"/>
				<Property id="PROPERTY_10415" name="WIRE_DEV_PIN_2" value="C23-E1:30"/>
				<Property id="PROPERTY_10416" name="WIRE_NAME" value="RMM63DA"/>
				<Property id="PROPERTY_10417" name="WIRE_END2_TERM" value="9U5T-14474-DB"/>
				<Property id="PROPERTY_10418" name="WIRE_SIGNAL" value="RME07_RME12"/>
				<Property id="PROPERTY_10419" name="HRN_FAMILY" value="14401"/>
				<Property id="PROPERTY_10420" name="WIRE_MULTICORE" value="TP_RMM63DA"/>
				<Property id="PROPERTY_10421" name="WIRE_FPN" value="WIRE-2UKD-0.50-GY"/>
				<Property id="PROPERTY_10422" name="WIRE_DIA_MAX" value="1.4"/>
				<Option id="OPTION_bf-c-0-33af78_1" value="IEVAT"/>
				<BranchRoute id="BRR_414">
					<StartBranchPosition id="BR_POS_1091" branchId="BRANCH_da-4e-0-25068e" branchNodeId="BN_9708-328" offset="0"/>
					<PassBranchId>BRANCH_da-4e-0-2503d5</PassBranchId>
					<PassBranchId>BRANCH_ff-4e-0-9d2c5f</PassBranchId>
					<PassBranchId>BRANCH_22-4e-0-2ca187b</PassBranchId>
					<PassBranchId>BRANCH_c2-4e-0-4c0f6f</PassBranchId>
					<PassBranchId>BRANCH_c2-4e-0-4c0f6c</PassBranchId>
					<PassBranchId>BRANCH_c2-4e-0-4c0f66</PassBranchId>
					<PassBranchId>BRANCH_c2-4e-0-4c0fb7</PassBranchId>
					<PassBranchId>BRANCH_c2-4e-0-4c10a4</PassBranchId>
					<PassBranchId>BRANCH_c2-4e-0-4c0f7a</PassBranchId>
					<PassBranchId>BRANCH_35-4e-0-350133</PassBranchId>
					<PassBranchId>BRANCH_c2-4e-0-4c0f60</PassBranchId>
					<PassBranchId>BRANCH_c2-4e-0-4c1005</PassBranchId>
					<PassBranchId>BRANCH_c2-4e-0-4c0f45</PassBranchId>
					<PassBranchId>BRANCH_c2-4e-0-4c0dea</PassBranchId>
					<PassBranchId>BRANCH_c2-4e-0-4c0fd1</PassBranchId>
					<PassBranchId>BRANCH_c2-4e-0-4c0fe8</PassBranchId>
					<PassBranchId>BRANCH_c2-4e-0-4c1009</PassBranchId>
					<PassBranchId>BRANCH_c2-4e-0-4c10cb</PassBranchId>
					<PassBranchId>BRANCH_c2-4e-0-4c10ec</PassBranchId>
					<PassBranchId>BRANCH_c2-4e-0-4c1075</PassBranchId>
					<PassBranchId>BRANCH_c2-4e-0-4c106f</PassBranchId>
					<PassBranchId>BRANCH_c2-4e-0-4c1087</PassBranchId>
					<PassBranchId>BRANCH_c2-4e-0-4c1083</PassBranchId>
					<PassBranchId>BRANCH_c2-4e-0-4c0f89</PassBranchId>
					<PassBranchId>BRANCH_c2-4e-0-4c0f18</PassBranchId>
					<PassBranchId>BRANCH_c2-4e-0-4c0f88</PassBranchId>
					<PassBranchId>BRANCH_c2-4e-0-4c0e97</PassBranchId>
					<PassBranchId>BRANCH_c2-4e-0-4c10ce</PassBranchId>
					<PassBranchId>BRANCH_c2-4e-0-4c0e9b</PassBranchId>
					<PassBranchId>BRANCH_c2-4e-0-4c10f5</PassBranchId>
					<PassBranchId>BRANCH_c2-4e-0-4c0dfa</PassBranchId>
					<EndBranchPosition id="BR_POS_1092" branchId="BRANCH_c2-4e-0-4c0f1c" branchNodeId="BN_18448-168" offset="0"/>
				</BranchRoute>
			</WiringItem>
			<WiringItem xsi:type="Wire" id="WIRE_bf-c-0-33af58" name="VMM63DA" signalId="SIGNAL_4c-36-0-777d7f" cableType="WIRE-2UKD-0.50" wireName="WH/BU" fromPinId="PIN_a8-18-0-e8f013" toPinId="PIN_5f-18-0-d13f4">
				<AppRef name="E3.Series" version="2.14.0.0" guid="c4159cb1-f97a-40d0-8edf-a7f3df77c067"/>
				<Property id="PROPERTY_10423" name="WIRE_LENGTH" value="2529"/>
				<Property id="PROPERTY_10424" name="WIRE_END2_MATL" value="(SN)"/>
				<Property id="PROPERTY_10425" name="WIRE_CSA" value="0.5"/>
				<Property id="PROPERTY_10426" name="WIRE_MIN_BEND_RADIUS" value="3"/>
				<Property id="PROPERTY_10427" name="WIRE_OPTION" value="IEVAT"/>
				<Property id="PROPERTY_10428" name="WIRE_DEV_PIN_1" value="C2MM01-DB:44"/>
				<Property id="PROPERTY_10429" name="WIRE_COLOR" value="WH/BU"/>
				<Property id="PROPERTY_10430" name="WIRE_SPEC" value="2UKD"/>
				<Property id="PROPERTY_10431" name="WIRE_END1_MATL" value="(SN)"/>
				<Property id="PROPERTY_10432" name="WIRE_LEVEL" value="VA"/>
				<Property id="PROPERTY_10433" name="WIRE_END1_TERM" value="9U5T-14474-DB"/>
				<Property id="PROPERTY_10434" name="WIRE_DEV_PIN_2" value="C23-E1:29"/>
				<Property id="PROPERTY_10435" name="WIRE_NAME" value="VMM63DA"/>
				<Property id="PROPERTY_10436" name="WIRE_END2_TERM" value="9U5T-14474-DB"/>
				<Property id="PROPERTY_10437" name="WIRE_SIGNAL" value="VME07_VME12"/>
				<Property id="PROPERTY_10438" name="HRN_FAMILY" value="14401"/>
				<Property id="PROPERTY_10439" name="WIRE_MULTICORE" value="TP_RMM63DA"/>
				<Property id="PROPERTY_10440" name="WIRE_FPN" value="WIRE-2UKD-0.50-WH/BU"/>
				<Property id="PROPERTY_10441" name="WIRE_DIA_MAX" value="1.4"/>
				<Option id="OPTION_bf-c-0-33af58_1" value="IEVAT"/>
				<BranchRoute id="BRR_415">
					<StartBranchPosition id="BR_POS_1093" branchId="BRANCH_da-4e-0-25068e" branchNodeId="BN_9708-328" offset="0"/>
					<PassBranchId>BRANCH_da-4e-0-2503d5</PassBranchId>
					<PassBranchId>BRANCH_ff-4e-0-9d2c5f</PassBranchId>
					<PassBranchId>BRANCH_22-4e-0-2ca187b</PassBranchId>
					<PassBranchId>BRANCH_c2-4e-0-4c0f6f</PassBranchId>
					<PassBranchId>BRANCH_c2-4e-0-4c0f6c</PassBranchId>
					<PassBranchId>BRANCH_c2-4e-0-4c0f66</PassBranchId>
					<PassBranchId>BRANCH_c2-4e-0-4c0fb7</PassBranchId>
					<PassBranchId>BRANCH_c2-4e-0-4c10a4</PassBranchId>
					<PassBranchId>BRANCH_c2-4e-0-4c0f7a</PassBranchId>
					<PassBranchId>BRANCH_35-4e-0-350133</PassBranchId>
					<PassBranchId>BRANCH_c2-4e-0-4c0f60</PassBranchId>
					<PassBranchId>BRANCH_c2-4e-0-4c1005</PassBranchId>
					<PassBranchId>BRANCH_c2-4e-0-4c0f45</PassBranchId>
					<PassBranchId>BRANCH_c2-4e-0-4c0dea</PassBranchId>
					<PassBranchId>BRANCH_c2-4e-0-4c0fd1</PassBranchId>
					<PassBranchId>BRANCH_c2-4e-0-4c0fe8</PassBranchId>
					<PassBranchId>BRANCH_c2-4e-0-4c1009</PassBranchId>
					<PassBranchId>BRANCH_c2-4e-0-4c10cb</PassBranchId>
					<PassBranchId>BRANCH_c2-4e-0-4c10ec</PassBranchId>
					<PassBranchId>BRANCH_c2-4e-0-4c1075</PassBranchId>
					<PassBranchId>BRANCH_c2-4e-0-4c106f</PassBranchId>
					<PassBranchId>BRANCH_c2-4e-0-4c1087</PassBranchId>
					<PassBranchId>BRANCH_c2-4e-0-4c1083</PassBranchId>
					<PassBranchId>BRANCH_c2-4e-0-4c0f89</PassBranchId>
					<PassBranchId>BRANCH_c2-4e-0-4c0f18</PassBranchId>
					<PassBranchId>BRANCH_c2-4e-0-4c0f88</PassBranchId>
					<PassBranchId>BRANCH_c2-4e-0-4c0e97</PassBranchId>
					<PassBranchId>BRANCH_c2-4e-0-4c10ce</PassBranchId>
					<PassBranchId>BRANCH_c2-4e-0-4c0e9b</PassBranchId>
					<PassBranchId>BRANCH_c2-4e-0-4c10f5</PassBranchId>
					<PassBranchId>BRANCH_c2-4e-0-4c0dfa</PassBranchId>
					<EndBranchPosition id="BR_POS_1094" branchId="BRANCH_c2-4e-0-4c0f1c" branchNodeId="BN_18448-168" offset="0"/>
				</BranchRoute>
			</WiringItem>
		</WiringItem>
		<WiringItem xsi:type="Bundle" id="BUNDLE_bf-6-0-33b07e" name="TP_RMM64DA" bundleType="twist">
			<AppRef name="E3.Series" version="2.14.5.0" guid="b0510ef2-ec51-491c-896e-770cd89e11bf"/>
			<WiringItem xsi:type="Wire" id="WIRE_bf-c-0-33afba" name="RMM64DA" signalId="SIGNAL_4c-36-0-75879f" cableType="WIRE-2UKD-0.50" wireName="YE/VT" fromPinId="PIN_a8-18-0-e8f02b" toPinId="PIN_5f-18-0-d13e4">
				<AppRef name="E3.Series" version="2.14.0.0" guid="0048bfe6-6da9-4f87-80f3-e13549930141"/>
				<Property id="PROPERTY_10442" name="WIRE_LENGTH" value="2529"/>
				<Property id="PROPERTY_10443" name="WIRE_END2_MATL" value="(SN)"/>
				<Property id="PROPERTY_10444" name="WIRE_CSA" value="0.5"/>
				<Property id="PROPERTY_10445" name="WIRE_MIN_BEND_RADIUS" value="3"/>
				<Property id="PROPERTY_10446" name="WIRE_OPTION" value="IEVAT"/>
				<Property id="PROPERTY_10447" name="WIRE_DEV_PIN_1" value="C2MM01-DB:47"/>
				<Property id="PROPERTY_10448" name="WIRE_COLOR" value="YE/VT"/>
				<Property id="PROPERTY_10449" name="WIRE_SPEC" value="2UKD"/>
				<Property id="PROPERTY_10450" name="WIRE_END1_MATL" value="(SN)"/>
				<Property id="PROPERTY_10451" name="WIRE_LEVEL" value="VA"/>
				<Property id="PROPERTY_10452" name="WIRE_END1_TERM" value="9U5T-14474-DB"/>
				<Property id="PROPERTY_10453" name="WIRE_DEV_PIN_2" value="C23-E1:25"/>
				<Property id="PROPERTY_10454" name="WIRE_NAME" value="RMM64DA"/>
				<Property id="PROPERTY_10455" name="WIRE_END2_TERM" value="9U5T-14474-DB"/>
				<Property id="PROPERTY_10456" name="WIRE_SIGNAL" value="RME07_RME12"/>
				<Property id="PROPERTY_10457" name="HRN_FAMILY" value="14401"/>
				<Property id="PROPERTY_10458" name="WIRE_MULTICORE" value="TP_RMM64DA"/>
				<Property id="PROPERTY_10459" name="WIRE_FPN" value="WIRE-2UKD-0.50-YE/VT"/>
				<Property id="PROPERTY_10460" name="WIRE_DIA_MAX" value="1.4"/>
				<Option id="OPTION_bf-c-0-33afba_1" value="IEVAT"/>
				<BranchRoute id="BRR_416">
					<StartBranchPosition id="BR_POS_1095" branchId="BRANCH_da-4e-0-25068e" branchNodeId="BN_9708-328" offset="0"/>
					<PassBranchId>BRANCH_da-4e-0-2503d5</PassBranchId>
					<PassBranchId>BRANCH_ff-4e-0-9d2c5f</PassBranchId>
					<PassBranchId>BRANCH_22-4e-0-2ca187b</PassBranchId>
					<PassBranchId>BRANCH_c2-4e-0-4c0f6f</PassBranchId>
					<PassBranchId>BRANCH_c2-4e-0-4c0f6c</PassBranchId>
					<PassBranchId>BRANCH_c2-4e-0-4c0f66</PassBranchId>
					<PassBranchId>BRANCH_c2-4e-0-4c0fb7</PassBranchId>
					<PassBranchId>BRANCH_c2-4e-0-4c10a4</PassBranchId>
					<PassBranchId>BRANCH_c2-4e-0-4c0f7a</PassBranchId>
					<PassBranchId>BRANCH_35-4e-0-350133</PassBranchId>
					<PassBranchId>BRANCH_c2-4e-0-4c0f60</PassBranchId>
					<PassBranchId>BRANCH_c2-4e-0-4c1005</PassBranchId>
					<PassBranchId>BRANCH_c2-4e-0-4c0f45</PassBranchId>
					<PassBranchId>BRANCH_c2-4e-0-4c0dea</PassBranchId>
					<PassBranchId>BRANCH_c2-4e-0-4c0fd1</PassBranchId>
					<PassBranchId>BRANCH_c2-4e-0-4c0fe8</PassBranchId>
					<PassBranchId>BRANCH_c2-4e-0-4c1009</PassBranchId>
					<PassBranchId>BRANCH_c2-4e-0-4c10cb</PassBranchId>
					<PassBranchId>BRANCH_c2-4e-0-4c10ec</PassBranchId>
					<PassBranchId>BRANCH_c2-4e-0-4c1075</PassBranchId>
					<PassBranchId>BRANCH_c2-4e-0-4c106f</PassBranchId>
					<PassBranchId>BRANCH_c2-4e-0-4c1087</PassBranchId>
					<PassBranchId>BRANCH_c2-4e-0-4c1083</PassBranchId>
					<PassBranchId>BRANCH_c2-4e-0-4c0f89</PassBranchId>
					<PassBranchId>BRANCH_c2-4e-0-4c0f18</PassBranchId>
					<PassBranchId>BRANCH_c2-4e-0-4c0f88</PassBranchId>
					<PassBranchId>BRANCH_c2-4e-0-4c0e97</PassBranchId>
					<PassBranchId>BRANCH_c2-4e-0-4c10ce</PassBranchId>
					<PassBranchId>BRANCH_c2-4e-0-4c0e9b</PassBranchId>
					<PassBranchId>BRANCH_c2-4e-0-4c10f5</PassBranchId>
					<PassBranchId>BRANCH_c2-4e-0-4c0dfa</PassBranchId>
					<EndBranchPosition id="BR_POS_1096" branchId="BRANCH_c2-4e-0-4c0f1c" branchNodeId="BN_18448-168" offset="0"/>
				</BranchRoute>
			</WiringItem>
			<WiringItem xsi:type="Wire" id="WIRE_bf-c-0-33af98" name="VMM64DA" signalId="SIGNAL_4c-36-0-777d7f" cableType="WIRE-2UKD-0.50" wireName="WH/OG" fromPinId="PIN_a8-18-0-e8f023" toPinId="PIN_5f-18-0-d13e8">
				<AppRef name="E3.Series" version="2.14.0.0" guid="a4a9d01d-b75f-4925-b2c1-918506718e1d"/>
				<Property id="PROPERTY_10461" name="WIRE_LENGTH" value="2529"/>
				<Property id="PROPERTY_10462" name="WIRE_END2_MATL" value="(SN)"/>
				<Property id="PROPERTY_10463" name="WIRE_CSA" value="0.5"/>
				<Property id="PROPERTY_10464" name="WIRE_MIN_BEND_RADIUS" value="3"/>
				<Property id="PROPERTY_10465" name="WIRE_OPTION" value="IEVAT"/>
				<Property id="PROPERTY_10466" name="WIRE_DEV_PIN_1" value="C2MM01-DB:48"/>
				<Property id="PROPERTY_10467" name="WIRE_COLOR" value="WH/OG"/>
				<Property id="PROPERTY_10468" name="WIRE_SPEC" value="2UKD"/>
				<Property id="PROPERTY_10469" name="WIRE_END1_MATL" value="(SN)"/>
				<Property id="PROPERTY_10470" name="WIRE_LEVEL" value="VA"/>
				<Property id="PROPERTY_10471" name="WIRE_END1_TERM" value="9U5T-14474-DB"/>
				<Property id="PROPERTY_10472" name="WIRE_DEV_PIN_2" value="C23-E1:26"/>
				<Property id="PROPERTY_10473" name="WIRE_NAME" value="VMM64DA"/>
				<Property id="PROPERTY_10474" name="EXCLUDE_FROM_BOM" value="1"/>
				<Property id="PROPERTY_10475" name="WIRE_END2_TERM" value="9U5T-14474-DB"/>
				<Property id="PROPERTY_10476" name="WIRE_SIGNAL" value="VME07_VME12"/>
				<Property id="PROPERTY_10477" name="HRN_FAMILY" value="14401"/>
				<Property id="PROPERTY_10478" name="WIRE_MULTICORE" value="TP_RMM64DA"/>
				<Property id="PROPERTY_10479" name="WIRE_FPN" value="WIRE-2UKD-0.50-WH/OG"/>
				<Property id="PROPERTY_10480" name="WIRE_DIA_MAX" value="1.4"/>
				<Option id="OPTION_bf-c-0-33af98_1" value="IEVAT"/>
				<BranchRoute id="BRR_417">
					<StartBranchPosition id="BR_POS_1097" branchId="BRANCH_da-4e-0-25068e" branchNodeId="BN_9708-328" offset="0"/>
					<PassBranchId>BRANCH_da-4e-0-2503d5</PassBranchId>
					<PassBranchId>BRANCH_ff-4e-0-9d2c5f</PassBranchId>
					<PassBranchId>BRANCH_22-4e-0-2ca187b</PassBranchId>
					<PassBranchId>BRANCH_c2-4e-0-4c0f6f</PassBranchId>
					<PassBranchId>BRANCH_c2-4e-0-4c0f6c</PassBranchId>
					<PassBranchId>BRANCH_c2-4e-0-4c0f66</PassBranchId>
					<PassBranchId>BRANCH_c2-4e-0-4c0fb7</PassBranchId>
					<PassBranchId>BRANCH_c2-4e-0-4c10a4</PassBranchId>
					<PassBranchId>BRANCH_c2-4e-0-4c0f7a</PassBranchId>
					<PassBranchId>BRANCH_35-4e-0-350133</PassBranchId>
					<PassBranchId>BRANCH_c2-4e-0-4c0f60</PassBranchId>
					<PassBranchId>BRANCH_c2-4e-0-4c1005</PassBranchId>
					<PassBranchId>BRANCH_c2-4e-0-4c0f45</PassBranchId>
					<PassBranchId>BRANCH_c2-4e-0-4c0dea</PassBranchId>
					<PassBranchId>BRANCH_c2-4e-0-4c0fd1</PassBranchId>
					<PassBranchId>BRANCH_c2-4e-0-4c0fe8</PassBranchId>
					<PassBranchId>BRANCH_c2-4e-0-4c1009</PassBranchId>
					<PassBranchId>BRANCH_c2-4e-0-4c10cb</PassBranchId>
					<PassBranchId>BRANCH_c2-4e-0-4c10ec</PassBranchId>
					<PassBranchId>BRANCH_c2-4e-0-4c1075</PassBranchId>
					<PassBranchId>BRANCH_c2-4e-0-4c106f</PassBranchId>
					<PassBranchId>BRANCH_c2-4e-0-4c1087</PassBranchId>
					<PassBranchId>BRANCH_c2-4e-0-4c1083</PassBranchId>
					<PassBranchId>BRANCH_c2-4e-0-4c0f89</PassBranchId>
					<PassBranchId>BRANCH_c2-4e-0-4c0f18</PassBranchId>
					<PassBranchId>BRANCH_c2-4e-0-4c0f88</PassBranchId>
					<PassBranchId>BRANCH_c2-4e-0-4c0e97</PassBranchId>
					<PassBranchId>BRANCH_c2-4e-0-4c10ce</PassBranchId>
					<PassBranchId>BRANCH_c2-4e-0-4c0e9b</PassBranchId>
					<PassBranchId>BRANCH_c2-4e-0-4c10f5</PassBranchId>
					<PassBranchId>BRANCH_c2-4e-0-4c0dfa</PassBranchId>
					<EndBranchPosition id="BR_POS_1098" branchId="BRANCH_c2-4e-0-4c0f1c" branchNodeId="BN_18448-168" offset="0"/>
				</BranchRoute>
			</WiringItem>
		</WiringItem>
		<WiringItem xsi:type="Bundle" id="BUNDLE_f1-6-0-5aa649" name="TP_VMT01A" bundleType="twist">
			<AppRef name="E3.Series" version="2.14.5.0" guid="73116d66-e275-43a2-9829-429112e8ae01"/>
			<WiringItem xsi:type="Wire" id="WIRE_f1-c-0-5aa5c1" name="RMT01A" signalId="SIGNAL_2-36-0-3ccd" cableType="WIRE-2UKD-0.50" wireName="BN/WH" fromPinId="PIN_e7-18-0-1f2ea8" toPinId="PIN_3e-18-0-323bfc">
				<AppRef name="E3.Series" version="2.13.7.0" guid="1a7795c5-5537-4ea1-885b-48af35895ff1"/>
				<Property id="PROPERTY_10481" name="WIRE_LENGTH" value="2514"/>
				<Property id="PROPERTY_10482" name="WIRE_END2_MATL" value="(SN)"/>
				<Property id="PROPERTY_10483" name="WIRE_CSA" value="0.5"/>
				<Property id="PROPERTY_10484" name="WIRE_END1_CAVSEAL" value="*97BG-10C930-SBA"/>
				<Property id="PROPERTY_10485" name="WIRE_MIN_BEND_RADIUS" value="3"/>
				<Property id="PROPERTY_10486" name="WIRE_OPTION" value="HKSAD"/>
				<Property id="PROPERTY_10487" name="WIRE_DEV_PIN_1" value="C2MT16-A:2"/>
				<Property id="PROPERTY_10488" name="WIRE_COLOR" value="BN/WH"/>
				<Property id="PROPERTY_10489" name="WIRE_SPEC" value="2UKD"/>
				<Property id="PROPERTY_10490" name="WIRE_END1_MATL" value="(SN)"/>
				<Property id="PROPERTY_10491" name="WIRE_LEVEL" value="(EXPORT)"/>
				<Property id="PROPERTY_10492" name="WIRE_END1_TERM" value="*97BG-14474-ADA"/>
				<Property id="PROPERTY_10493" name="WIRE_DEV_PIN_2" value="C23-E1:17"/>
				<Property id="PROPERTY_10494" name="WIRE_NAME" value="RMT01A"/>
				<Property id="PROPERTY_10495" name="WIRE_END2_TERM" value="9U5T-14474-DB"/>
				<Property id="PROPERTY_10496" name="WIRE_SIGNAL" value="RMM13"/>
				<Property id="PROPERTY_10497" name="HRN_FAMILY" value="14401"/>
				<Property id="PROPERTY_10498" name="WIRE_MULTICORE" value="TP_VMT01A"/>
				<Property id="PROPERTY_10499" name="WIRE_FPN" value="WIRE-2UKD-0.50-BN/WH"/>
				<Property id="PROPERTY_10500" name="WIRE_DIA_MAX" value="1.4"/>
				<Option id="OPTION_f1-c-0-5aa5c1_1" value="HKSAD"/>
				<BranchRoute id="BRR_418">
					<StartBranchPosition id="BR_POS_1099" branchId="BRANCH_c2-4e-0-4c0ee8" branchNodeId="BN_10976-92" offset="0"/>
					<PassBranchId>BRANCH_c2-4e-0-4c0d0f</PassBranchId>
					<PassBranchId>BRANCH_22-4e-0-2caf4b6</PassBranchId>
					<PassBranchId>BRANCH_c2-4e-0-4c0f6f</PassBranchId>
					<PassBranchId>BRANCH_c2-4e-0-4c0f6c</PassBranchId>
					<PassBranchId>BRANCH_c2-4e-0-4c0f66</PassBranchId>
					<PassBranchId>BRANCH_c2-4e-0-4c0fb7</PassBranchId>
					<PassBranchId>BRANCH_c2-4e-0-4c10a4</PassBranchId>
					<PassBranchId>BRANCH_c2-4e-0-4c0f7a</PassBranchId>
					<PassBranchId>BRANCH_35-4e-0-350133</PassBranchId>
					<PassBranchId>BRANCH_c2-4e-0-4c0f60</PassBranchId>
					<PassBranchId>BRANCH_c2-4e-0-4c1005</PassBranchId>
					<PassBranchId>BRANCH_c2-4e-0-4c0f45</PassBranchId>
					<PassBranchId>BRANCH_c2-4e-0-4c0dea</PassBranchId>
					<PassBranchId>BRANCH_c2-4e-0-4c0fd1</PassBranchId>
					<PassBranchId>BRANCH_c2-4e-0-4c0fe8</PassBranchId>
					<PassBranchId>BRANCH_c2-4e-0-4c1009</PassBranchId>
					<PassBranchId>BRANCH_c2-4e-0-4c10cb</PassBranchId>
					<PassBranchId>BRANCH_c2-4e-0-4c10ec</PassBranchId>
					<PassBranchId>BRANCH_c2-4e-0-4c1075</PassBranchId>
					<PassBranchId>BRANCH_c2-4e-0-4c106f</PassBranchId>
					<PassBranchId>BRANCH_c2-4e-0-4c1087</PassBranchId>
					<PassBranchId>BRANCH_c2-4e-0-4c1083</PassBranchId>
					<PassBranchId>BRANCH_c2-4e-0-4c0f89</PassBranchId>
					<PassBranchId>BRANCH_c2-4e-0-4c0f18</PassBranchId>
					<PassBranchId>BRANCH_c2-4e-0-4c0f88</PassBranchId>
					<PassBranchId>BRANCH_c2-4e-0-4c0e97</PassBranchId>
					<PassBranchId>BRANCH_c2-4e-0-4c10ce</PassBranchId>
					<PassBranchId>BRANCH_c2-4e-0-4c0e9b</PassBranchId>
					<PassBranchId>BRANCH_c2-4e-0-4c10f5</PassBranchId>
					<PassBranchId>BRANCH_c2-4e-0-4c0dfa</PassBranchId>
					<EndBranchPosition id="BR_POS_1100" branchId="BRANCH_c2-4e-0-4c0f1c" branchNodeId="BN_18448-168" offset="0"/>
				</BranchRoute>
			</WiringItem>
			<WiringItem xsi:type="Wire" id="WIRE_f1-c-0-5aa5ac" name="VMT01A" signalId="SIGNAL_2-36-0-41ad" cableType="WIRE-2UKD-0.50" wireName="GY/OG" fromPinId="PIN_e7-18-0-1f2e9f" toPinId="PIN_5f-18-0-d13c8">
				<AppRef name="E3.Series" version="2.13.7.0" guid="9be66493-ed5d-4374-bc98-f1e57613f2d7"/>
				<Property id="PROPERTY_10501" name="WIRE_LENGTH" value="2514"/>
				<Property id="PROPERTY_10502" name="WIRE_END2_MATL" value="(SN)"/>
				<Property id="PROPERTY_10503" name="WIRE_CSA" value="0.5"/>
				<Property id="PROPERTY_10504" name="WIRE_END1_CAVSEAL" value="*97BG-10C930-SBA"/>
				<Property id="PROPERTY_10505" name="WIRE_MIN_BEND_RADIUS" value="3"/>
				<Property id="PROPERTY_10506" name="WIRE_OPTION" value="HKSAD"/>
				<Property id="PROPERTY_10507" name="WIRE_DEV_PIN_1" value="C2MT16-A:1"/>
				<Property id="PROPERTY_10508" name="WIRE_COLOR" value="GY/OG"/>
				<Property id="PROPERTY_10509" name="WIRE_SPEC" value="2UKD"/>
				<Property id="PROPERTY_10510" name="WIRE_END1_MATL" value="(SN)"/>
				<Property id="PROPERTY_10511" name="WIRE_LEVEL" value="(EXPORT)"/>
				<Property id="PROPERTY_10512" name="WIRE_END1_TERM" value="*97BG-14474-ADA"/>
				<Property id="PROPERTY_10513" name="WIRE_DEV_PIN_2" value="C23-E1:18"/>
				<Property id="PROPERTY_10514" name="WIRE_NAME" value="VMT01A"/>
				<Property id="PROPERTY_10515" name="WIRE_END2_TERM" value="9U5T-14474-DB"/>
				<Property id="PROPERTY_10516" name="WIRE_SIGNAL" value="VMM13"/>
				<Property id="PROPERTY_10517" name="HRN_FAMILY" value="14401"/>
				<Property id="PROPERTY_10518" name="WIRE_MULTICORE" value="TP_VMT01A"/>
				<Property id="PROPERTY_10519" name="WIRE_FPN" value="WIRE-2UKD-0.50-GY/OG"/>
				<Property id="PROPERTY_10520" name="WIRE_DIA_MAX" value="1.4"/>
				<Option id="OPTION_f1-c-0-5aa5ac_1" value="HKSAD"/>
				<BranchRoute id="BRR_419">
					<StartBranchPosition id="BR_POS_1101" branchId="BRANCH_c2-4e-0-4c0ee8" branchNodeId="BN_10976-92" offset="0"/>
					<PassBranchId>BRANCH_c2-4e-0-4c0d0f</PassBranchId>
					<PassBranchId>BRANCH_22-4e-0-2caf4b6</PassBranchId>
					<PassBranchId>BRANCH_c2-4e-0-4c0f6f</PassBranchId>
					<PassBranchId>BRANCH_c2-4e-0-4c0f6c</PassBranchId>
					<PassBranchId>BRANCH_c2-4e-0-4c0f66</PassBranchId>
					<PassBranchId>BRANCH_c2-4e-0-4c0fb7</PassBranchId>
					<PassBranchId>BRANCH_c2-4e-0-4c10a4</PassBranchId>
					<PassBranchId>BRANCH_c2-4e-0-4c0f7a</PassBranchId>
					<PassBranchId>BRANCH_35-4e-0-350133</PassBranchId>
					<PassBranchId>BRANCH_c2-4e-0-4c0f60</PassBranchId>
					<PassBranchId>BRANCH_c2-4e-0-4c1005</PassBranchId>
					<PassBranchId>BRANCH_c2-4e-0-4c0f45</PassBranchId>
					<PassBranchId>BRANCH_c2-4e-0-4c0dea</PassBranchId>
					<PassBranchId>BRANCH_c2-4e-0-4c0fd1</PassBranchId>
					<PassBranchId>BRANCH_c2-4e-0-4c0fe8</PassBranchId>
					<PassBranchId>BRANCH_c2-4e-0-4c1009</PassBranchId>
					<PassBranchId>BRANCH_c2-4e-0-4c10cb</PassBranchId>
					<PassBranchId>BRANCH_c2-4e-0-4c10ec</PassBranchId>
					<PassBranchId>BRANCH_c2-4e-0-4c1075</PassBranchId>
					<PassBranchId>BRANCH_c2-4e-0-4c106f</PassBranchId>
					<PassBranchId>BRANCH_c2-4e-0-4c1087</PassBranchId>
					<PassBranchId>BRANCH_c2-4e-0-4c1083</PassBranchId>
					<PassBranchId>BRANCH_c2-4e-0-4c0f89</PassBranchId>
					<PassBranchId>BRANCH_c2-4e-0-4c0f18</PassBranchId>
					<PassBranchId>BRANCH_c2-4e-0-4c0f88</PassBranchId>
					<PassBranchId>BRANCH_c2-4e-0-4c0e97</PassBranchId>
					<PassBranchId>BRANCH_c2-4e-0-4c10ce</PassBranchId>
					<PassBranchId>BRANCH_c2-4e-0-4c0e9b</PassBranchId>
					<PassBranchId>BRANCH_c2-4e-0-4c10f5</PassBranchId>
					<PassBranchId>BRANCH_c2-4e-0-4c0dfa</PassBranchId>
					<EndBranchPosition id="BR_POS_1102" branchId="BRANCH_c2-4e-0-4c0f1c" branchNodeId="BN_18448-168" offset="0"/>
				</BranchRoute>
			</WiringItem>
		</WiringItem>
		<WiringItem xsi:type="Bundle" id="BUNDLE_df-6-0-53d8f9" name="TP_VDB04EVF" bundleType="twist">
			<AppRef name="E3.Series" version="2.14.5.0" guid="e69e01a0-a715-4c85-819a-02e2d952baa8"/>
			<WiringItem xsi:type="Wire" id="WIRE_df-c-0-53d79d" name="VDB04EVF" signalId="SIGNAL_2-36-0-3fc0" cableType="WIRE-2UKD-0.35" wireName="BU" fromPinId="PIN_95-18-0-8c7895" toPinId="PIN_13-18-0-2ceb14">
				<AppRef name="E3.Series" version="2.14.0.0" guid="d98aff95-0516-4d06-914f-ff574a12ed48"/>
				<Property id="PROPERTY_11481" name="WIRE_LENGTH" value="1218"/>
				<Property id="PROPERTY_11482" name="WIRE_END2_MATL" value="(SN)"/>
				<Property id="PROPERTY_11483" name="WIRE_CSA" value="0.35"/>
				<Property id="PROPERTY_11484" name="WIRE_MIN_BEND_RADIUS" value="3"/>
				<Property id="PROPERTY_11485" name="WIRE_OPTION" value="HT2AC"/>
				<Property id="PROPERTY_11486" name="WIRE_DEV_PIN_1" value="C2DB05-EVA:6"/>
				<Property id="PROPERTY_11487" name="WIRE_COLOR" value="BU"/>
				<Property id="PROPERTY_11488" name="WIRE_SPEC" value="2UKD"/>
				<Property id="PROPERTY_11489" name="WIRE_LEVEL" value="(BEV)"/>
				<Property id="PROPERTY_11490" name="WIRE_DEV_PIN_2" value="C2DB02-A:7"/>
				<Property id="PROPERTY_11491" name="WIRE_NAME" value="VDB04EVF"/>
				<Property id="PROPERTY_11492" name="WIRE_END_DC" value="1,*1X4T-14474-BA,,(BEV),VDB04EVLC"/>
				<Property id="PROPERTY_11493" name="WIRE_END2_TERM" value="9U5T-14474-DB"/>
				<Property id="PROPERTY_11494" name="WIRE_SIGNAL" value="VDB04"/>
				<Property id="PROPERTY_11495" name="HRN_FAMILY" value="14401"/>
				<Property id="PROPERTY_11496" name="WIRE_MULTICORE" value="TP_VDB04EVF"/>
				<Property id="PROPERTY_11497" name="WIRE_FPN" value="WIRE-2UKD-0.35-BU"/>
				<Property id="PROPERTY_11498" name="WIRE_DIA_MAX" value="1.2"/>
				<Option id="OPTION_df-c-0-53d79d_1" value="HT2AC"/>
				<BranchRoute id="BRR_474">
					<StartBranchPosition id="BR_POS_1211" branchId="BRANCH_36-4e-0-65ae7f" branchNodeId="BN_6856-336" offset="0"/>
					<PassBranchId>BRANCH_35-4e-0-30adeb</PassBranchId>
					<PassBranchId>BRANCH_c2-4e-0-4c0fce</PassBranchId>
					<PassBranchId>BRANCH_c2-4e-0-4c0d1d</PassBranchId>
					<PassBranchId>BRANCH_35-4e-0-2efaf8</PassBranchId>
					<PassBranchId>BRANCH_c2-4e-0-4c10c0</PassBranchId>
					<PassBranchId>BRANCH_c2-4e-0-4c0fc8</PassBranchId>
					<PassBranchId>BRANCH_c2-4e-0-4c108d</PassBranchId>
					<PassBranchId>BRANCH_c2-4e-0-4c0d88</PassBranchId>
					<PassBranchId>BRANCH_c2-4e-0-4c109a</PassBranchId>
					<PassBranchId>BRANCH_c2-4e-0-4c0e16</PassBranchId>
					<PassBranchId>BRANCH_c2-4e-0-4c0fcb</PassBranchId>
					<PassBranchId>BRANCH_c2-4e-0-4c0dea</PassBranchId>
					<PassBranchId>BRANCH_c2-4e-0-4c0fd1</PassBranchId>
					<PassBranchId>BRANCH_c2-4e-0-4c0fe8</PassBranchId>
					<PassBranchId>BRANCH_c2-4e-0-4c1009</PassBranchId>
					<PassBranchId>BRANCH_c2-4e-0-4c10cb</PassBranchId>
					<PassBranchId>BRANCH_c2-4e-0-4c10ec</PassBranchId>
					<PassBranchId>BRANCH_c2-4e-0-4c1075</PassBranchId>
					<PassBranchId>BRANCH_c2-4e-0-4c106f</PassBranchId>
					<PassBranchId>BRANCH_c2-4e-0-4c107e</PassBranchId>
					<EndBranchPosition id="BR_POS_1212" branchId="BRANCH_c2-4e-0-4c0f12" branchNodeId="BN_20144-60" offset="0"/>
				</BranchRoute>
			</WiringItem>
			<WiringItem xsi:type="Wire" id="WIRE_df-c-0-53d7ae" name="VDB05EVF" signalId="SIGNAL_2-36-0-3fc1" cableType="WIRE-2UKD-0.35" wireName="WH" fromPinId="PIN_95-18-0-8c789a" toPinId="PIN_13-18-0-2ceb38">
				<AppRef name="E3.Series" version="2.14.0.0" guid="8906ca6b-259a-47ff-ae15-a74ae586f0a6"/>
				<Property id="PROPERTY_11499" name="WIRE_LENGTH" value="1218"/>
				<Property id="PROPERTY_11500" name="WIRE_END2_MATL" value="(SN)"/>
				<Property id="PROPERTY_11501" name="WIRE_CSA" value="0.35"/>
				<Property id="PROPERTY_11502" name="WIRE_MIN_BEND_RADIUS" value="3"/>
				<Property id="PROPERTY_11503" name="WIRE_OPTION" value="HT2AC"/>
				<Property id="PROPERTY_11504" name="WIRE_DEV_PIN_1" value="C2DB05-EVA:14"/>
				<Property id="PROPERTY_11505" name="WIRE_COLOR" value="WH"/>
				<Property id="PROPERTY_11506" name="WIRE_SPEC" value="2UKD"/>
				<Property id="PROPERTY_11507" name="WIRE_LEVEL" value="(BEV)"/>
				<Property id="PROPERTY_11508" name="WIRE_DEV_PIN_2" value="C2DB02-A:20"/>
				<Property id="PROPERTY_11509" name="WIRE_NAME" value="VDB05EVF"/>
				<Property id="PROPERTY_11510" name="WIRE_END_DC" value="1,*1X4T-14474-BA,,(BEV),VDB05EVLC"/>
				<Property id="PROPERTY_11511" name="WIRE_END2_TERM" value="9U5T-14474-DB"/>
				<Property id="PROPERTY_11512" name="WIRE_SIGNAL" value="VDB05"/>
				<Property id="PROPERTY_11513" name="HRN_FAMILY" value="14401"/>
				<Property id="PROPERTY_11514" name="WIRE_MULTICORE" value="TP_VDB04EVF"/>
				<Property id="PROPERTY_11515" name="WIRE_FPN" value="WIRE-2UKD-0.35-WH"/>
				<Property id="PROPERTY_11516" name="WIRE_DIA_MAX" value="1.2"/>
				<Option id="OPTION_df-c-0-53d7ae_1" value="HT2AC"/>
				<BranchRoute id="BRR_475">
					<StartBranchPosition id="BR_POS_1213" branchId="BRANCH_36-4e-0-65ae7f" branchNodeId="BN_6856-336" offset="0"/>
					<PassBranchId>BRANCH_35-4e-0-30adeb</PassBranchId>
					<PassBranchId>BRANCH_c2-4e-0-4c0fce</PassBranchId>
					<PassBranchId>BRANCH_c2-4e-0-4c0d1d</PassBranchId>
					<PassBranchId>BRANCH_35-4e-0-2efaf8</PassBranchId>
					<PassBranchId>BRANCH_c2-4e-0-4c10c0</PassBranchId>
					<PassBranchId>BRANCH_c2-4e-0-4c0fc8</PassBranchId>
					<PassBranchId>BRANCH_c2-4e-0-4c108d</PassBranchId>
					<PassBranchId>BRANCH_c2-4e-0-4c0d88</PassBranchId>
					<PassBranchId>BRANCH_c2-4e-0-4c109a</PassBranchId>
					<PassBranchId>BRANCH_c2-4e-0-4c0e16</PassBranchId>
					<PassBranchId>BRANCH_c2-4e-0-4c0fcb</PassBranchId>
					<PassBranchId>BRANCH_c2-4e-0-4c0dea</PassBranchId>
					<PassBranchId>BRANCH_c2-4e-0-4c0fd1</PassBranchId>
					<PassBranchId>BRANCH_c2-4e-0-4c0fe8</PassBranchId>
					<PassBranchId>BRANCH_c2-4e-0-4c1009</PassBranchId>
					<PassBranchId>BRANCH_c2-4e-0-4c10cb</PassBranchId>
					<PassBranchId>BRANCH_c2-4e-0-4c10ec</PassBranchId>
					<PassBranchId>BRANCH_c2-4e-0-4c1075</PassBranchId>
					<PassBranchId>BRANCH_c2-4e-0-4c106f</PassBranchId>
					<PassBranchId>BRANCH_c2-4e-0-4c107e</PassBranchId>
					<EndBranchPosition id="BR_POS_1214" branchId="BRANCH_c2-4e-0-4c0f12" branchNodeId="BN_20144-60" offset="0"/>
				</BranchRoute>
			</WiringItem>
		</WiringItem>
		<WiringItem xsi:type="Bundle" id="BUNDLE_e5-6-0-12aee61" name="TP_VDB04EVLC" bundleType="twist">
			<AppRef name="E3.Series" version="2.14.5.0" guid="a204a79f-7953-4f9e-b965-585455f075d8"/>
			<WiringItem xsi:type="Wire" id="WIRE_df-c-0-5879ad" name="VDB04EVLC" signalId="SIGNAL_2-36-0-3fc0" cableType="WIRE-2UKD-0.35" wireName="BU" fromPinId="PIN_b5-18-0-5547" toPinId="PIN_95-18-0-8c7895">
				<AppRef name="E3.Series" version="2.14.0.0" guid="6de53d47-a03a-43de-8128-14f43d47b726"/>
				<Property id="PROPERTY_11517" name="WIRE_LENGTH" value="1897"/>
				<Property id="PROPERTY_11518" name="WIRE_CSA" value="0.35"/>
				<Property id="PROPERTY_11519" name="WIRE_MIN_BEND_RADIUS" value="3"/>
				<Property id="PROPERTY_11520" name="WIRE_OPTION" value="HT2AC"/>
				<Property id="PROPERTY_11521" name="WIRE_DEV_PIN_1" value="C12-B2:4"/>
				<Property id="PROPERTY_11522" name="WIRE_COLOR" value="BU"/>
				<Property id="PROPERTY_11523" name="WIRE_SPEC" value="2UKD"/>
				<Property id="PROPERTY_11524" name="WIRE_END1_MATL" value="(SN)"/>
				<Property id="PROPERTY_11525" name="WIRE_LEVEL" value="(BEV)"/>
				<Property id="PROPERTY_11526" name="WIRE_END1_TERM" value="3F2T-14474-SA"/>
				<Property id="PROPERTY_11527" name="WIRE_DEV_PIN_2" value="C2DB05-EVA:6"/>
				<Property id="PROPERTY_11528" name="WIRE_NAME" value="VDB04EVLC"/>
				<Property id="PROPERTY_11529" name="WIRE_END_DC" value="2,*1X4T-14474-BA,,(BEV),VDB04EVF"/>
				<Property id="PROPERTY_11530" name="WIRE_SIGNAL" value="VDB04"/>
				<Property id="PROPERTY_11531" name="HRN_FAMILY" value="14401"/>
				<Property id="PROPERTY_11532" name="WIRE_MULTICORE" value="TP_VDB04EVLC"/>
				<Property id="PROPERTY_11533" name="WIRE_FPN" value="WIRE-2UKD-0.35-BU"/>
				<Property id="PROPERTY_11534" name="WIRE_DIA_MAX" value="1.2"/>
				<Option id="OPTION_df-c-0-5879ad_1" value="HT2AC"/>
				<BranchRoute id="BRR_476">
					<StartBranchPosition id="BR_POS_1215" branchId="BRANCH_36-4e-0-65ae7f" branchNodeId="BN_6856-336" offset="0"/>
					<PassBranchId>BRANCH_35-4e-0-30adeb</PassBranchId>
					<PassBranchId>BRANCH_c2-4e-0-4c0fce</PassBranchId>
					<PassBranchId>BRANCH_c2-4e-0-4c0d1d</PassBranchId>
					<PassBranchId>BRANCH_35-4e-0-2efaf8</PassBranchId>
					<PassBranchId>BRANCH_c2-4e-0-4c10c0</PassBranchId>
					<PassBranchId>BRANCH_c2-4e-0-4c0fc8</PassBranchId>
					<PassBranchId>BRANCH_c2-4e-0-4c108d</PassBranchId>
					<PassBranchId>BRANCH_c2-4e-0-4c0d88</PassBranchId>
					<PassBranchId>BRANCH_c2-4e-0-4c109a</PassBranchId>
					<PassBranchId>BRANCH_c2-4e-0-4c0e16</PassBranchId>
					<PassBranchId>BRANCH_c2-4e-0-4c0fcb</PassBranchId>
					<PassBranchId>BRANCH_c2-4e-0-4c0dea</PassBranchId>
					<PassBranchId>BRANCH_c2-4e-0-4c0fd1</PassBranchId>
					<PassBranchId>BRANCH_c2-4e-0-4c0fe8</PassBranchId>
					<PassBranchId>BRANCH_c2-4e-0-4c1009</PassBranchId>
					<PassBranchId>BRANCH_c2-4e-0-4c10cb</PassBranchId>
					<PassBranchId>BRANCH_c2-4e-0-4c10ec</PassBranchId>
					<PassBranchId>BRANCH_c2-4e-0-4c0de4</PassBranchId>
					<PassBranchId>BRANCH_1a-4e-0-18e01d0</PassBranchId>
					<PassBranchId>BRANCH_c2-4e-0-4c10c8</PassBranchId>
					<PassBranchId>BRANCH_eb-4e-0-678fca</PassBranchId>
					<PassBranchId>BRANCH_c2-4e-0-4c0e87</PassBranchId>
					<PassBranchId>BRANCH_c2-4e-0-4c0e8c</PassBranchId>
					<PassBranchId>BRANCH_c2-4e-0-4c0e7f</PassBranchId>
					<PassBranchId>BRANCH_c2-4e-0-4c0ef9</PassBranchId>
					<PassBranchId>BRANCH_c2-4e-0-4c0e70</PassBranchId>
					<PassBranchId>BRANCH_c2-4e-0-4c0d66</PassBranchId>
					<PassBranchId>BRANCH_c2-4e-0-4c0fe2</PassBranchId>
					<PassBranchId>BRANCH_c2-4e-0-4c0d5d</PassBranchId>
					<PassBranchId>BRANCH_c2-4e-0-4c0e62</PassBranchId>
					<EndBranchPosition id="BR_POS_1216" branchId="BRANCH_c2-4e-0-4c0d54" branchNodeId="BN_21712-184" offset="0"/>
				</BranchRoute>
			</WiringItem>
			<WiringItem xsi:type="Wire" id="WIRE_df-c-0-5879ee" name="VDB05EVLC" signalId="SIGNAL_2-36-0-3fc1" cableType="WIRE-2UKD-0.35" wireName="WH" fromPinId="PIN_b5-18-0-5545" toPinId="PIN_95-18-0-8c789a">
				<AppRef name="E3.Series" version="2.14.0.0" guid="8e257744-ab95-4e58-b83b-41e24629beef"/>
				<Property id="PROPERTY_11535" name="WIRE_LENGTH" value="1897"/>
				<Property id="PROPERTY_11536" name="WIRE_CSA" value="0.35"/>
				<Property id="PROPERTY_11537" name="WIRE_MIN_BEND_RADIUS" value="3"/>
				<Property id="PROPERTY_11538" name="WIRE_OPTION" value="HT2AC"/>
				<Property id="PROPERTY_11539" name="WIRE_DEV_PIN_1" value="C12-B2:3"/>
				<Property id="PROPERTY_11540" name="WIRE_COLOR" value="WH"/>
				<Property id="PROPERTY_11541" name="WIRE_SPEC" value="2UKD"/>
				<Property id="PROPERTY_11542" name="WIRE_END1_MATL" value="(SN)"/>
				<Property id="PROPERTY_11543" name="WIRE_LEVEL" value="(BEV)"/>
				<Property id="PROPERTY_11544" name="WIRE_END1_TERM" value="3F2T-14474-SA"/>
				<Property id="PROPERTY_11545" name="WIRE_DEV_PIN_2" value="C2DB05-EVA:14"/>
				<Property id="PROPERTY_11546" name="WIRE_NAME" value="VDB05EVLC"/>
				<Property id="PROPERTY_11547" name="WIRE_END_DC" value="2,*1X4T-14474-BA,,(BEV),VDB05EVF"/>
				<Property id="PROPERTY_11548" name="WIRE_SIGNAL" value="VDB05"/>
				<Property id="PROPERTY_11549" name="HRN_FAMILY" value="14401"/>
				<Property id="PROPERTY_11550" name="WIRE_MULTICORE" value="TP_VDB04EVLC"/>
				<Property id="PROPERTY_11551" name="WIRE_FPN" value="WIRE-2UKD-0.35-WH"/>
				<Property id="PROPERTY_11552" name="WIRE_DIA_MAX" value="1.2"/>
				<Option id="OPTION_df-c-0-5879ee_1" value="HT2AC"/>
				<BranchRoute id="BRR_477">
					<StartBranchPosition id="BR_POS_1217" branchId="BRANCH_36-4e-0-65ae7f" branchNodeId="BN_6856-336" offset="0"/>
					<PassBranchId>BRANCH_35-4e-0-30adeb</PassBranchId>
					<PassBranchId>BRANCH_c2-4e-0-4c0fce</PassBranchId>
					<PassBranchId>BRANCH_c2-4e-0-4c0d1d</PassBranchId>
					<PassBranchId>BRANCH_35-4e-0-2efaf8</PassBranchId>
					<PassBranchId>BRANCH_c2-4e-0-4c10c0</PassBranchId>
					<PassBranchId>BRANCH_c2-4e-0-4c0fc8</PassBranchId>
					<PassBranchId>BRANCH_c2-4e-0-4c108d</PassBranchId>
					<PassBranchId>BRANCH_c2-4e-0-4c0d88</PassBranchId>
					<PassBranchId>BRANCH_c2-4e-0-4c109a</PassBranchId>
					<PassBranchId>BRANCH_c2-4e-0-4c0e16</PassBranchId>
					<PassBranchId>BRANCH_c2-4e-0-4c0fcb</PassBranchId>
					<PassBranchId>BRANCH_c2-4e-0-4c0dea</PassBranchId>
					<PassBranchId>BRANCH_c2-4e-0-4c0fd1</PassBranchId>
					<PassBranchId>BRANCH_c2-4e-0-4c0fe8</PassBranchId>
					<PassBranchId>BRANCH_c2-4e-0-4c1009</PassBranchId>
					<PassBranchId>BRANCH_c2-4e-0-4c10cb</PassBranchId>
					<PassBranchId>BRANCH_c2-4e-0-4c10ec</PassBranchId>
					<PassBranchId>BRANCH_c2-4e-0-4c0de4</PassBranchId>
					<PassBranchId>BRANCH_1a-4e-0-18e01d0</PassBranchId>
					<PassBranchId>BRANCH_c2-4e-0-4c10c8</PassBranchId>
					<PassBranchId>BRANCH_eb-4e-0-678fca</PassBranchId>
					<PassBranchId>BRANCH_c2-4e-0-4c0e87</PassBranchId>
					<PassBranchId>BRANCH_c2-4e-0-4c0e8c</PassBranchId>
					<PassBranchId>BRANCH_c2-4e-0-4c0e7f</PassBranchId>
					<PassBranchId>BRANCH_c2-4e-0-4c0ef9</PassBranchId>
					<PassBranchId>BRANCH_c2-4e-0-4c0e70</PassBranchId>
					<PassBranchId>BRANCH_c2-4e-0-4c0d66</PassBranchId>
					<PassBranchId>BRANCH_c2-4e-0-4c0fe2</PassBranchId>
					<PassBranchId>BRANCH_c2-4e-0-4c0d5d</PassBranchId>
					<PassBranchId>BRANCH_c2-4e-0-4c0e62</PassBranchId>
					<EndBranchPosition id="BR_POS_1218" branchId="BRANCH_c2-4e-0-4c0d54" branchNodeId="BN_21712-184" offset="0"/>
				</BranchRoute>
			</WiringItem>
		</WiringItem>
		<WiringItem xsi:type="Bundle" id="BUNDLE_6a-6-0-c3318" name="TP_VDB04LC" bundleType="twist">
			<AppRef name="E3.Series" version="2.14.5.0" guid="fdccc38f-9eb5-418d-ad28-05f46a3884b5"/>
			<WiringItem xsi:type="Wire" id="WIRE_6a-c-0-c328c" name="VDB04LC" signalId="SIGNAL_2-36-0-3fc0" cableType="WIRE-2UKD-0.35" wireName="BU" fromPinId="PIN_b5-18-0-5547" toPinId="PIN_13-18-0-2ceb14">
				<AppRef name="E3.Series" version="2.13.7.0" guid="01cc0090-ab1d-4ffd-b7ab-36b841a39ec8"/>
				<Property id="PROPERTY_11553" name="WIRE_LENGTH" value="1323"/>
				<Property id="PROPERTY_11554" name="WIRE_END2_MATL" value="(SN)"/>
				<Property id="PROPERTY_11555" name="WIRE_CSA" value="0.35"/>
				<Property id="PROPERTY_11556" name="WIRE_MIN_BEND_RADIUS" value="3"/>
				<Property id="PROPERTY_11557" name="WIRE_OPTION" value="HT2AA"/>
				<Property id="PROPERTY_11558" name="WIRE_DEV_PIN_1" value="C12-B2:4"/>
				<Property id="PROPERTY_11559" name="WIRE_COLOR" value="BU"/>
				<Property id="PROPERTY_11560" name="WIRE_SPEC" value="2UKD"/>
				<Property id="PROPERTY_11561" name="WIRE_END1_MATL" value="(SN)"/>
				<Property id="PROPERTY_11562" name="WIRE_LEVEL" value="(C-SHF)/(400W)/(7SPKR)/(TACH-L0)/(ACBRKR)/VA"/>
				<Property id="PROPERTY_11563" name="WIRE_END1_TERM" value="3F2T-14474-SA"/>
				<Property id="PROPERTY_11564" name="WIRE_DEV_PIN_2" value="C2DB02-A:7"/>
				<Property id="PROPERTY_11565" name="WIRE_NAME" value="VDB04LC"/>
				<Property id="PROPERTY_11566" name="WIRE_END2_TERM" value="9U5T-14474-DB"/>
				<Property id="PROPERTY_11567" name="WIRE_SIGNAL" value="VDB04"/>
				<Property id="PROPERTY_11568" name="HRN_FAMILY" value="14401"/>
				<Property id="PROPERTY_11569" name="WIRE_MULTICORE" value="TP_VDB04LC"/>
				<Property id="PROPERTY_11570" name="WIRE_FPN" value="WIRE-2UKD-0.35-BU"/>
				<Property id="PROPERTY_11571" name="WIRE_DIA_MAX" value="1.2"/>
				<Option id="OPTION_6a-c-0-c328c_1" value="HT2AA"/>
				<BranchRoute id="BRR_478">
					<StartBranchPosition id="BR_POS_1219" branchId="BRANCH_c2-4e-0-4c0f12" branchNodeId="BN_20144-60" offset="0"/>
					<PassBranchId>BRANCH_c2-4e-0-4c107e</PassBranchId>
					<PassBranchId>BRANCH_c2-4e-0-4c106f</PassBranchId>
					<PassBranchId>BRANCH_c2-4e-0-4c1075</PassBranchId>
					<PassBranchId>BRANCH_c2-4e-0-4c0de4</PassBranchId>
					<PassBranchId>BRANCH_1a-4e-0-18e01d0</PassBranchId>
					<PassBranchId>BRANCH_c2-4e-0-4c10c8</PassBranchId>
					<PassBranchId>BRANCH_eb-4e-0-678fca</PassBranchId>
					<PassBranchId>BRANCH_c2-4e-0-4c0e87</PassBranchId>
					<PassBranchId>BRANCH_c2-4e-0-4c0e8c</PassBranchId>
					<PassBranchId>BRANCH_c2-4e-0-4c0e7f</PassBranchId>
					<PassBranchId>BRANCH_c2-4e-0-4c0ef9</PassBranchId>
					<PassBranchId>BRANCH_c2-4e-0-4c0e70</PassBranchId>
					<PassBranchId>BRANCH_c2-4e-0-4c0d66</PassBranchId>
					<PassBranchId>BRANCH_c2-4e-0-4c0fe2</PassBranchId>
					<PassBranchId>BRANCH_c2-4e-0-4c0d5d</PassBranchId>
					<PassBranchId>BRANCH_c2-4e-0-4c0e62</PassBranchId>
					<EndBranchPosition id="BR_POS_1220" branchId="BRANCH_c2-4e-0-4c0d54" branchNodeId="BN_21712-184" offset="0"/>
				</BranchRoute>
			</WiringItem>
			<WiringItem xsi:type="Wire" id="WIRE_6a-c-0-c32a9" name="VDB05LC" signalId="SIGNAL_2-36-0-3fc1" cableType="WIRE-2UKD-0.35" wireName="WH" fromPinId="PIN_b5-18-0-5545" toPinId="PIN_13-18-0-2ceb38">
				<AppRef name="E3.Series" version="2.13.7.0" guid="6f6859e6-2b4e-4810-95c7-a255f75d83ff"/>
				<Property id="PROPERTY_11572" name="WIRE_LENGTH" value="1323"/>
				<Property id="PROPERTY_11573" name="WIRE_END2_MATL" value="(SN)"/>
				<Property id="PROPERTY_11574" name="WIRE_CSA" value="0.35"/>
				<Property id="PROPERTY_11575" name="WIRE_MIN_BEND_RADIUS" value="3"/>
				<Property id="PROPERTY_11576" name="WIRE_OPTION" value="HT2AA"/>
				<Property id="PROPERTY_11577" name="WIRE_DEV_PIN_1" value="C12-B2:3"/>
				<Property id="PROPERTY_11578" name="WIRE_COLOR" value="WH"/>
				<Property id="PROPERTY_11579" name="WIRE_SPEC" value="2UKD"/>
				<Property id="PROPERTY_11580" name="WIRE_END1_MATL" value="(SN)"/>
				<Property id="PROPERTY_11581" name="WIRE_LEVEL" value="(C-SHF)/(400W)/(7SPKR)/(TACH-L0)/(ACBRKR)/VA"/>
				<Property id="PROPERTY_11582" name="WIRE_END1_TERM" value="3F2T-14474-SA"/>
				<Property id="PROPERTY_11583" name="WIRE_DEV_PIN_2" value="C2DB02-A:20"/>
				<Property id="PROPERTY_11584" name="WIRE_NAME" value="VDB05LC"/>
				<Property id="PROPERTY_11585" name="WIRE_END2_TERM" value="9U5T-14474-DB"/>
				<Property id="PROPERTY_11586" name="WIRE_SIGNAL" value="VDB05"/>
				<Property id="PROPERTY_11587" name="HRN_FAMILY" value="14401"/>
				<Property id="PROPERTY_11588" name="WIRE_MULTICORE" value="TP_VDB04LC"/>
				<Property id="PROPERTY_11589" name="WIRE_FPN" value="WIRE-2UKD-0.35-WH"/>
				<Property id="PROPERTY_11590" name="WIRE_DIA_MAX" value="1.2"/>
				<Option id="OPTION_6a-c-0-c32a9_1" value="HT2AA"/>
				<BranchRoute id="BRR_479">
					<StartBranchPosition id="BR_POS_1221" branchId="BRANCH_c2-4e-0-4c0f12" branchNodeId="BN_20144-60" offset="0"/>
					<PassBranchId>BRANCH_c2-4e-0-4c107e</PassBranchId>
					<PassBranchId>BRANCH_c2-4e-0-4c106f</PassBranchId>
					<PassBranchId>BRANCH_c2-4e-0-4c1075</PassBranchId>
					<PassBranchId>BRANCH_c2-4e-0-4c0de4</PassBranchId>
					<PassBranchId>BRANCH_1a-4e-0-18e01d0</PassBranchId>
					<PassBranchId>BRANCH_c2-4e-0-4c10c8</PassBranchId>
					<PassBranchId>BRANCH_eb-4e-0-678fca</PassBranchId>
					<PassBranchId>BRANCH_c2-4e-0-4c0e87</PassBranchId>
					<PassBranchId>BRANCH_c2-4e-0-4c0e8c</PassBranchId>
					<PassBranchId>BRANCH_c2-4e-0-4c0e7f</PassBranchId>
					<PassBranchId>BRANCH_c2-4e-0-4c0ef9</PassBranchId>
					<PassBranchId>BRANCH_c2-4e-0-4c0e70</PassBranchId>
					<PassBranchId>BRANCH_c2-4e-0-4c0d66</PassBranchId>
					<PassBranchId>BRANCH_c2-4e-0-4c0fe2</PassBranchId>
					<PassBranchId>BRANCH_c2-4e-0-4c0d5d</PassBranchId>
					<PassBranchId>BRANCH_c2-4e-0-4c0e62</PassBranchId>
					<EndBranchPosition id="BR_POS_1222" branchId="BRANCH_c2-4e-0-4c0d54" branchNodeId="BN_21712-184" offset="0"/>
				</BranchRoute>
			</WiringItem>
		</WiringItem>
		<WiringItem xsi:type="Bundle" id="BUNDLE_e9-6-0-11918c" name="TP_VDB06A" bundleType="twist">
			<AppRef name="E3.Series" version="2.14.5.0" guid="9cd784a6-c3ea-473e-adbf-983849bda085"/>
			<WiringItem xsi:type="Wire" id="WIRE_95-c-0-e52e5" name="VDB06A" signalId="SIGNAL_2-36-0-3fc2" cableType="WIRE-2UKD-0.35" wireName="GY/OG" fromPinId="PIN_5f-18-0-126c27" toPinId="PIN_f-18-0-f5cc">
				<AppRef name="E3.Series" version="2.13.7.0" guid="e8f41d76-40c9-4cc5-9df5-4b47623e0144"/>
				<Property id="PROPERTY_11591" name="WIRE_LENGTH" value="1545"/>
				<Property id="PROPERTY_11592" name="WIRE_END2_MATL" value="(SN)"/>
				<Property id="PROPERTY_11593" name="WIRE_CSA" value="0.35"/>
				<Property id="PROPERTY_11594" name="WIRE_MIN_BEND_RADIUS" value="3"/>
				<Property id="PROPERTY_11595" name="WIRE_OPTION" value="HJGAJ | HJGAX"/>
				<Property id="PROPERTY_11596" name="WIRE_DEV_PIN_1" value="C23-B1:23"/>
				<Property id="PROPERTY_11597" name="WIRE_COLOR" value="GY/OG"/>
				<Property id="PROPERTY_11598" name="WIRE_SPEC" value="2UKD"/>
				<Property id="PROPERTY_11599" name="WIRE_END1_MATL" value="(SN)"/>
				<Property id="PROPERTY_11600" name="WIRE_LEVEL" value="(D-CAM)/(C-SHF)/(KWINV)/VA/ZD/ZH"/>
				<Property id="PROPERTY_11601" name="WIRE_END1_TERM" value="9U5T-14474-DB"/>
				<Property id="PROPERTY_11602" name="WIRE_DEV_PIN_2" value="C2H101-A:17"/>
				<Property id="PROPERTY_11603" name="WIRE_NAME" value="VDB06A"/>
				<Property id="PROPERTY_11604" name="WIRE_END2_TERM" value="9U5T-14474-DB"/>
				<Property id="PROPERTY_11605" name="WIRE_SIGNAL" value="VDB06"/>
				<Property id="PROPERTY_11606" name="HRN_FAMILY" value="14401"/>
				<Property id="PROPERTY_11607" name="WIRE_MULTICORE" value="TP_VDB06A"/>
				<Property id="PROPERTY_11608" name="WIRE_FPN" value="WIRE-2UKD-0.35-GY/OG"/>
				<Property id="PROPERTY_11609" name="WIRE_DIA_MAX" value="1.2"/>
				<Option id="OPTION_95-c-0-e52e5_1" value="HJGAJ | HJGAX"/>
				<BranchRoute id="BRR_480">
					<StartBranchPosition id="BR_POS_1223" branchId="BRANCH_c2-4e-0-4c0f41" branchNodeId="BN_13944-224" offset="0"/>
					<PassBranchId>BRANCH_c2-4e-0-4c0f40</PassBranchId>
					<PassBranchId>BRANCH_c2-4e-0-4c10c3</PassBranchId>
					<PassBranchId>BRANCH_c2-4e-0-4c0ff9</PassBranchId>
					<PassBranchId>BRANCH_c2-4e-0-4c0f34</PassBranchId>
					<PassBranchId>BRANCH_c2-4e-0-4c0d05</PassBranchId>
					<PassBranchId>BRANCH_c2-4e-0-4c1076</PassBranchId>
					<PassBranchId>BRANCH_c2-4e-0-4c106f</PassBranchId>
					<PassBranchId>BRANCH_c2-4e-0-4c1075</PassBranchId>
					<PassBranchId>BRANCH_c2-4e-0-4c0de4</PassBranchId>
					<PassBranchId>BRANCH_1a-4e-0-18e01d0</PassBranchId>
					<PassBranchId>BRANCH_c2-4e-0-4c10c8</PassBranchId>
					<PassBranchId>BRANCH_eb-4e-0-678fca</PassBranchId>
					<PassBranchId>BRANCH_c2-4e-0-4c0e87</PassBranchId>
					<PassBranchId>BRANCH_c2-4e-0-4c0e8c</PassBranchId>
					<PassBranchId>BRANCH_c2-4e-0-4c0e7f</PassBranchId>
					<PassBranchId>BRANCH_c2-4e-0-4c0ef9</PassBranchId>
					<PassBranchId>BRANCH_c2-4e-0-4c0e70</PassBranchId>
					<PassBranchId>BRANCH_c2-4e-0-4c0e5c</PassBranchId>
					<EndBranchPosition id="BR_POS_1224" branchId="BRANCH_c2-4e-0-4c0d63" branchNodeId="BN_22204-180" offset="0"/>
				</BranchRoute>
			</WiringItem>
			<WiringItem xsi:type="Wire" id="WIRE_95-c-0-e531a" name="VDB07A" signalId="SIGNAL_2-36-0-3fc3" cableType="WIRE-2UKD-0.35" wireName="VT/OG" fromPinId="PIN_5f-18-0-126c2b" toPinId="PIN_f-18-0-f5dc">
				<AppRef name="E3.Series" version="2.13.7.0" guid="b5bca8c6-b182-44ab-8d3a-ac55d6bec973"/>
				<Property id="PROPERTY_11610" name="WIRE_LENGTH" value="1545"/>
				<Property id="PROPERTY_11611" name="WIRE_END2_MATL" value="(SN)"/>
				<Property id="PROPERTY_11612" name="WIRE_CSA" value="0.35"/>
				<Property id="PROPERTY_11613" name="WIRE_MIN_BEND_RADIUS" value="3"/>
				<Property id="PROPERTY_11614" name="WIRE_OPTION" value="HJGAJ | HJGAX"/>
				<Property id="PROPERTY_11615" name="WIRE_DEV_PIN_1" value="C23-B1:24"/>
				<Property id="PROPERTY_11616" name="WIRE_COLOR" value="VT/OG"/>
				<Property id="PROPERTY_11617" name="WIRE_SPEC" value="2UKD"/>
				<Property id="PROPERTY_11618" name="WIRE_END1_MATL" value="(SN)"/>
				<Property id="PROPERTY_11619" name="WIRE_LEVEL" value="(D-CAM)/(C-SHF)/(KWINV)/VA/ZD/ZH"/>
				<Property id="PROPERTY_11620" name="WIRE_END1_TERM" value="9U5T-14474-DB"/>
				<Property id="PROPERTY_11621" name="WIRE_DEV_PIN_2" value="C2H101-A:18"/>
				<Property id="PROPERTY_11622" name="WIRE_NAME" value="VDB07A"/>
				<Property id="PROPERTY_11623" name="WIRE_END2_TERM" value="9U5T-14474-DB"/>
				<Property id="PROPERTY_11624" name="WIRE_SIGNAL" value="VDB07"/>
				<Property id="PROPERTY_11625" name="HRN_FAMILY" value="14401"/>
				<Property id="PROPERTY_11626" name="WIRE_MULTICORE" value="TP_VDB06A"/>
				<Property id="PROPERTY_11627" name="WIRE_FPN" value="WIRE-2UKD-0.35-VT/OG"/>
				<Property id="PROPERTY_11628" name="WIRE_DIA_MAX" value="1.2"/>
				<Option id="OPTION_95-c-0-e531a_1" value="HJGAJ | HJGAX"/>
				<BranchRoute id="BRR_481">
					<StartBranchPosition id="BR_POS_1225" branchId="BRANCH_c2-4e-0-4c0f41" branchNodeId="BN_13944-224" offset="0"/>
					<PassBranchId>BRANCH_c2-4e-0-4c0f40</PassBranchId>
					<PassBranchId>BRANCH_c2-4e-0-4c10c3</PassBranchId>
					<PassBranchId>BRANCH_c2-4e-0-4c0ff9</PassBranchId>
					<PassBranchId>BRANCH_c2-4e-0-4c0f34</PassBranchId>
					<PassBranchId>BRANCH_c2-4e-0-4c0d05</PassBranchId>
					<PassBranchId>BRANCH_c2-4e-0-4c1076</PassBranchId>
					<PassBranchId>BRANCH_c2-4e-0-4c106f</PassBranchId>
					<PassBranchId>BRANCH_c2-4e-0-4c1075</PassBranchId>
					<PassBranchId>BRANCH_c2-4e-0-4c0de4</PassBranchId>
					<PassBranchId>BRANCH_1a-4e-0-18e01d0</PassBranchId>
					<PassBranchId>BRANCH_c2-4e-0-4c10c8</PassBranchId>
					<PassBranchId>BRANCH_eb-4e-0-678fca</PassBranchId>
					<PassBranchId>BRANCH_c2-4e-0-4c0e87</PassBranchId>
					<PassBranchId>BRANCH_c2-4e-0-4c0e8c</PassBranchId>
					<PassBranchId>BRANCH_c2-4e-0-4c0e7f</PassBranchId>
					<PassBranchId>BRANCH_c2-4e-0-4c0ef9</PassBranchId>
					<PassBranchId>BRANCH_c2-4e-0-4c0e70</PassBranchId>
					<PassBranchId>BRANCH_c2-4e-0-4c0e5c</PassBranchId>
					<EndBranchPosition id="BR_POS_1226" branchId="BRANCH_c2-4e-0-4c0d63" branchNodeId="BN_22204-180" offset="0"/>
				</BranchRoute>
			</WiringItem>
		</WiringItem>
		<WiringItem xsi:type="Bundle" id="BUNDLE_df-6-0-5a84a5" name="TP_VDB06EVA" bundleType="twist">
			<AppRef name="E3.Series" version="2.14.5.0" guid="67902c38-a527-4992-8994-80772483c254"/>
			<WiringItem xsi:type="Wire" id="WIRE_df-c-0-5a8245" name="VDB06EVA" signalId="SIGNAL_2-36-0-3fc2" cableType="WIRE-2UKD-0.35" wireName="GY/OG" fromPinId="PIN_95-18-0-8c78bd" toPinId="PIN_13-18-0-2ceb2c">
				<AppRef name="E3.Series" version="2.14.0.0" guid="e3385ffb-d1d9-4faa-8b4d-2ddda6f30aab"/>
				<Property id="PROPERTY_11629" name="WIRE_LENGTH" value="1218"/>
				<Property id="PROPERTY_11630" name="WIRE_END2_MATL" value="(SN)"/>
				<Property id="PROPERTY_11631" name="WIRE_CSA" value="0.35"/>
				<Property id="PROPERTY_11632" name="WIRE_MIN_BEND_RADIUS" value="3"/>
				<Property id="PROPERTY_11633" name="WIRE_OPTION" value="HT2AC"/>
				<Property id="PROPERTY_11634" name="WIRE_DEV_PIN_1" value="C2DB05-EVA:9"/>
				<Property id="PROPERTY_11635" name="WIRE_COLOR" value="GY/OG"/>
				<Property id="PROPERTY_11636" name="WIRE_SPEC" value="2UKD"/>
				<Property id="PROPERTY_11637" name="WIRE_LEVEL" value="(BEV)"/>
				<Property id="PROPERTY_11638" name="WIRE_DEV_PIN_2" value="C2DB02-A:3"/>
				<Property id="PROPERTY_11639" name="WIRE_NAME" value="VDB06EVA"/>
				<Property id="PROPERTY_11640" name="WIRE_END_DC" value="1,*1X4T-14474-BA,,(BEV),VDB06EVB"/>
				<Property id="PROPERTY_11641" name="WIRE_END2_TERM" value="9U5T-14474-DB"/>
				<Property id="PROPERTY_11642" name="WIRE_SIGNAL" value="VDB06"/>
				<Property id="PROPERTY_11643" name="HRN_FAMILY" value="14401"/>
				<Property id="PROPERTY_11644" name="WIRE_MULTICORE" value="TP_VDB06EVA"/>
				<Property id="PROPERTY_11645" name="WIRE_FPN" value="WIRE-2UKD-0.35-GY/OG"/>
				<Property id="PROPERTY_11646" name="WIRE_DIA_MAX" value="1.2"/>
				<Option id="OPTION_df-c-0-5a8245_1" value="HT2AC"/>
				<BranchRoute id="BRR_482">
					<StartBranchPosition id="BR_POS_1227" branchId="BRANCH_36-4e-0-65ae7f" branchNodeId="BN_6856-336" offset="0"/>
					<PassBranchId>BRANCH_35-4e-0-30adeb</PassBranchId>
					<PassBranchId>BRANCH_c2-4e-0-4c0fce</PassBranchId>
					<PassBranchId>BRANCH_c2-4e-0-4c0d1d</PassBranchId>
					<PassBranchId>BRANCH_35-4e-0-2efaf8</PassBranchId>
					<PassBranchId>BRANCH_c2-4e-0-4c10c0</PassBranchId>
					<PassBranchId>BRANCH_c2-4e-0-4c0fc8</PassBranchId>
					<PassBranchId>BRANCH_c2-4e-0-4c108d</PassBranchId>
					<PassBranchId>BRANCH_c2-4e-0-4c0d88</PassBranchId>
					<PassBranchId>BRANCH_c2-4e-0-4c109a</PassBranchId>
					<PassBranchId>BRANCH_c2-4e-0-4c0e16</PassBranchId>
					<PassBranchId>BRANCH_c2-4e-0-4c0fcb</PassBranchId>
					<PassBranchId>BRANCH_c2-4e-0-4c0dea</PassBranchId>
					<PassBranchId>BRANCH_c2-4e-0-4c0fd1</PassBranchId>
					<PassBranchId>BRANCH_c2-4e-0-4c0fe8</PassBranchId>
					<PassBranchId>BRANCH_c2-4e-0-4c1009</PassBranchId>
					<PassBranchId>BRANCH_c2-4e-0-4c10cb</PassBranchId>
					<PassBranchId>BRANCH_c2-4e-0-4c10ec</PassBranchId>
					<PassBranchId>BRANCH_c2-4e-0-4c1075</PassBranchId>
					<PassBranchId>BRANCH_c2-4e-0-4c106f</PassBranchId>
					<PassBranchId>BRANCH_c2-4e-0-4c107e</PassBranchId>
					<EndBranchPosition id="BR_POS_1228" branchId="BRANCH_c2-4e-0-4c0f12" branchNodeId="BN_20144-60" offset="0"/>
				</BranchRoute>
			</WiringItem>
			<WiringItem xsi:type="Wire" id="WIRE_df-c-0-5a82a8" name="VDB07EVA" signalId="SIGNAL_2-36-0-3fc3" cableType="WIRE-2UKD-0.35" wireName="VT/OG" fromPinId="PIN_95-18-0-8c78c2" toPinId="PIN_13-18-0-2ceb50">
				<AppRef name="E3.Series" version="2.14.0.0" guid="4f2a8abd-6009-44b5-b309-822c94c1d0b8"/>
				<Property id="PROPERTY_11647" name="WIRE_LENGTH" value="1218"/>
				<Property id="PROPERTY_11648" name="WIRE_END2_MATL" value="(SN)"/>
				<Property id="PROPERTY_11649" name="WIRE_CSA" value="0.35"/>
				<Property id="PROPERTY_11650" name="WIRE_MIN_BEND_RADIUS" value="3"/>
				<Property id="PROPERTY_11651" name="WIRE_OPTION" value="HT2AC"/>
				<Property id="PROPERTY_11652" name="WIRE_DEV_PIN_1" value="C2DB05-EVA:12"/>
				<Property id="PROPERTY_11653" name="WIRE_COLOR" value="VT/OG"/>
				<Property id="PROPERTY_11654" name="WIRE_SPEC" value="2UKD"/>
				<Property id="PROPERTY_11655" name="WIRE_LEVEL" value="(BEV)"/>
				<Property id="PROPERTY_11656" name="WIRE_DEV_PIN_2" value="C2DB02-A:16"/>
				<Property id="PROPERTY_11657" name="WIRE_NAME" value="VDB07EVA"/>
				<Property id="PROPERTY_11658" name="WIRE_END_DC" value="1,*1X4T-14474-BA,,(BEV),VDB07EVB"/>
				<Property id="PROPERTY_11659" name="WIRE_END2_TERM" value="9U5T-14474-DB"/>
				<Property id="PROPERTY_11660" name="WIRE_SIGNAL" value="VDB07"/>
				<Property id="PROPERTY_11661" name="HRN_FAMILY" value="14401"/>
				<Property id="PROPERTY_11662" name="WIRE_MULTICORE" value="TP_VDB06EVA"/>
				<Property id="PROPERTY_11663" name="WIRE_FPN" value="WIRE-2UKD-0.35-VT/OG"/>
				<Property id="PROPERTY_11664" name="WIRE_DIA_MAX" value="1.2"/>
				<Option id="OPTION_df-c-0-5a82a8_1" value="HT2AC"/>
				<BranchRoute id="BRR_483">
					<StartBranchPosition id="BR_POS_1229" branchId="BRANCH_36-4e-0-65ae7f" branchNodeId="BN_6856-336" offset="0"/>
					<PassBranchId>BRANCH_35-4e-0-30adeb</PassBranchId>
					<PassBranchId>BRANCH_c2-4e-0-4c0fce</PassBranchId>
					<PassBranchId>BRANCH_c2-4e-0-4c0d1d</PassBranchId>
					<PassBranchId>BRANCH_35-4e-0-2efaf8</PassBranchId>
					<PassBranchId>BRANCH_c2-4e-0-4c10c0</PassBranchId>
					<PassBranchId>BRANCH_c2-4e-0-4c0fc8</PassBranchId>
					<PassBranchId>BRANCH_c2-4e-0-4c108d</PassBranchId>
					<PassBranchId>BRANCH_c2-4e-0-4c0d88</PassBranchId>
					<PassBranchId>BRANCH_c2-4e-0-4c109a</PassBranchId>
					<PassBranchId>BRANCH_c2-4e-0-4c0e16</PassBranchId>
					<PassBranchId>BRANCH_c2-4e-0-4c0fcb</PassBranchId>
					<PassBranchId>BRANCH_c2-4e-0-4c0dea</PassBranchId>
					<PassBranchId>BRANCH_c2-4e-0-4c0fd1</PassBranchId>
					<PassBranchId>BRANCH_c2-4e-0-4c0fe8</PassBranchId>
					<PassBranchId>BRANCH_c2-4e-0-4c1009</PassBranchId>
					<PassBranchId>BRANCH_c2-4e-0-4c10cb</PassBranchId>
					<PassBranchId>BRANCH_c2-4e-0-4c10ec</PassBranchId>
					<PassBranchId>BRANCH_c2-4e-0-4c1075</PassBranchId>
					<PassBranchId>BRANCH_c2-4e-0-4c106f</PassBranchId>
					<PassBranchId>BRANCH_c2-4e-0-4c107e</PassBranchId>
					<EndBranchPosition id="BR_POS_1230" branchId="BRANCH_c2-4e-0-4c0f12" branchNodeId="BN_20144-60" offset="0"/>
				</BranchRoute>
			</WiringItem>
		</WiringItem>
		<WiringItem xsi:type="Bundle" id="BUNDLE_ce-6-0-289729" name="TP_VDB06EVAA" bundleType="twist">
			<AppRef name="E3.Series" version="2.14.5.0" guid="90e95439-08de-44c3-98f3-34f1249df138"/>
			<WiringItem xsi:type="Wire" id="WIRE_ce-c-0-289707" name="VDB06EVAA" signalId="SIGNAL_2-36-0-3fc2" cableType="WIRE-2UKD-0.35" wireName="GY/OG" fromPinId="PIN_5f-18-0-126c27" toPinId="PIN_ce-18-0-206857">
				<AppRef name="E3.Series" version="2.14.0.0" guid="72788915-8e58-491a-96f5-610db02da361"/>
				<Property id="PROPERTY_11665" name="WIRE_LENGTH" value="1832"/>
				<Property id="PROPERTY_11666" name="WIRE_END2_MATL" value="(SN)"/>
				<Property id="PROPERTY_11667" name="WIRE_CSA" value="0.35"/>
				<Property id="PROPERTY_11668" name="WIRE_MIN_BEND_RADIUS" value="3"/>
				<Property id="PROPERTY_11669" name="WIRE_OPTION" value="AC_G &amp; HJGAY"/>
				<Property id="PROPERTY_11670" name="WIRE_DEV_PIN_1" value="C23-B1:23"/>
				<Property id="PROPERTY_11671" name="WIRE_COLOR" value="GY/OG"/>
				<Property id="PROPERTY_11672" name="WIRE_SPEC" value="2UKD"/>
				<Property id="PROPERTY_11673" name="WIRE_END1_MATL" value="(SN)"/>
				<Property id="PROPERTY_11674" name="WIRE_LEVEL" value="ZA/ZB/ZC/ZF"/>
				<Property id="PROPERTY_11675" name="WIRE_END1_TERM" value="9U5T-14474-DB"/>
				<Property id="PROPERTY_11676" name="WIRE_DEV_PIN_2" value="C2H101-EVBA:20"/>
				<Property id="PROPERTY_11677" name="WIRE_NAME" value="VDB06EVAA"/>
				<Property id="PROPERTY_11678" name="WIRE_END2_TERM" value="9U5T-14474-DB"/>
				<Property id="PROPERTY_11679" name="WIRE_SIGNAL" value="VDB06"/>
				<Property id="PROPERTY_11680" name="HRN_FAMILY" value="14401"/>
				<Property id="PROPERTY_11681" name="WIRE_MULTICORE" value="TP_VDB06EVAA"/>
				<Property id="PROPERTY_11682" name="WIRE_FPN" value="WIRE-2UKD-0.35-GY/OG"/>
				<Property id="PROPERTY_11683" name="WIRE_DIA_MAX" value="1.2"/>
				<Option id="OPTION_ce-c-0-289707_1" value="AC_G &amp; HJGAY"/>
				<BranchRoute id="BRR_484">
					<StartBranchPosition id="BR_POS_1231" branchId="BRANCH_ff-4e-0-938412" branchNodeId="BN_15124-272" offset="0"/>
					<PassBranchId>BRANCH_ff-4e-0-959c9b</PassBranchId>
					<PassBranchId>BRANCH_35-4e-0-32eeb3</PassBranchId>
					<PassBranchId>BRANCH_ff-4e-0-942c78</PassBranchId>
					<PassBranchId>BRANCH_ff-4e-0-938110</PassBranchId>
					<PassBranchId>BRANCH_ff-4e-0-93810b</PassBranchId>
					<PassBranchId>BRANCH_ff-4e-0-936078</PassBranchId>
					<PassBranchId>BRANCH_c2-4e-0-4c10c3</PassBranchId>
					<PassBranchId>BRANCH_c2-4e-0-4c0ff9</PassBranchId>
					<PassBranchId>BRANCH_c2-4e-0-4c0f34</PassBranchId>
					<PassBranchId>BRANCH_c2-4e-0-4c0d05</PassBranchId>
					<PassBranchId>BRANCH_c2-4e-0-4c1076</PassBranchId>
					<PassBranchId>BRANCH_c2-4e-0-4c106f</PassBranchId>
					<PassBranchId>BRANCH_c2-4e-0-4c1075</PassBranchId>
					<PassBranchId>BRANCH_c2-4e-0-4c0de4</PassBranchId>
					<PassBranchId>BRANCH_1a-4e-0-18e01d0</PassBranchId>
					<PassBranchId>BRANCH_c2-4e-0-4c10c8</PassBranchId>
					<PassBranchId>BRANCH_eb-4e-0-678fca</PassBranchId>
					<PassBranchId>BRANCH_c2-4e-0-4c0e87</PassBranchId>
					<PassBranchId>BRANCH_c2-4e-0-4c0e8c</PassBranchId>
					<PassBranchId>BRANCH_c2-4e-0-4c0e7f</PassBranchId>
					<PassBranchId>BRANCH_c2-4e-0-4c0ef9</PassBranchId>
					<PassBranchId>BRANCH_c2-4e-0-4c0e70</PassBranchId>
					<PassBranchId>BRANCH_c2-4e-0-4c0e5c</PassBranchId>
					<EndBranchPosition id="BR_POS_1232" branchId="BRANCH_c2-4e-0-4c0d63" branchNodeId="BN_22204-180" offset="0"/>
				</BranchRoute>
			</WiringItem>
			<WiringItem xsi:type="Wire" id="WIRE_ce-c-0-289718" name="VDB07EVAA" signalId="SIGNAL_2-36-0-3fc3" cableType="WIRE-2UKD-0.35" wireName="VT/OG" fromPinId="PIN_5f-18-0-126c2b" toPinId="PIN_ce-18-0-20685f">
				<AppRef name="E3.Series" version="2.14.0.0" guid="58afd7ba-c2bd-400c-9fb7-b4c6b7ca8dcd"/>
				<Property id="PROPERTY_11684" name="WIRE_LENGTH" value="1832"/>
				<Property id="PROPERTY_11685" name="WIRE_END2_MATL" value="(SN)"/>
				<Property id="PROPERTY_11686" name="WIRE_CSA" value="0.35"/>
				<Property id="PROPERTY_11687" name="WIRE_MIN_BEND_RADIUS" value="3"/>
				<Property id="PROPERTY_11688" name="WIRE_OPTION" value="AC_G &amp; HJGAY"/>
				<Property id="PROPERTY_11689" name="WIRE_DEV_PIN_1" value="C23-B1:24"/>
				<Property id="PROPERTY_11690" name="WIRE_COLOR" value="VT/OG"/>
				<Property id="PROPERTY_11691" name="WIRE_SPEC" value="2UKD"/>
				<Property id="PROPERTY_11692" name="WIRE_END1_MATL" value="(SN)"/>
				<Property id="PROPERTY_11693" name="WIRE_LEVEL" value="ZA/ZB/ZC/ZF"/>
				<Property id="PROPERTY_11694" name="WIRE_END1_TERM" value="9U5T-14474-DB"/>
				<Property id="PROPERTY_11695" name="WIRE_DEV_PIN_2" value="C2H101-EVBA:21"/>
				<Property id="PROPERTY_11696" name="WIRE_NAME" value="VDB07EVAA"/>
				<Property id="PROPERTY_11697" name="WIRE_END2_TERM" value="9U5T-14474-DB"/>
				<Property id="PROPERTY_11698" name="WIRE_SIGNAL" value="VDB07"/>
				<Property id="PROPERTY_11699" name="HRN_FAMILY" value="14401"/>
				<Property id="PROPERTY_11700" name="WIRE_MULTICORE" value="TP_VDB06EVAA"/>
				<Property id="PROPERTY_11701" name="WIRE_FPN" value="WIRE-2UKD-0.35-VT/OG"/>
				<Property id="PROPERTY_11702" name="WIRE_DIA_MAX" value="1.2"/>
				<Option id="OPTION_ce-c-0-289718_1" value="AC_G &amp; HJGAY"/>
				<BranchRoute id="BRR_485">
					<StartBranchPosition id="BR_POS_1233" branchId="BRANCH_ff-4e-0-938412" branchNodeId="BN_15124-272" offset="0"/>
					<PassBranchId>BRANCH_ff-4e-0-959c9b</PassBranchId>
					<PassBranchId>BRANCH_35-4e-0-32eeb3</PassBranchId>
					<PassBranchId>BRANCH_ff-4e-0-942c78</PassBranchId>
					<PassBranchId>BRANCH_ff-4e-0-938110</PassBranchId>
					<PassBranchId>BRANCH_ff-4e-0-93810b</PassBranchId>
					<PassBranchId>BRANCH_ff-4e-0-936078</PassBranchId>
					<PassBranchId>BRANCH_c2-4e-0-4c10c3</PassBranchId>
					<PassBranchId>BRANCH_c2-4e-0-4c0ff9</PassBranchId>
					<PassBranchId>BRANCH_c2-4e-0-4c0f34</PassBranchId>
					<PassBranchId>BRANCH_c2-4e-0-4c0d05</PassBranchId>
					<PassBranchId>BRANCH_c2-4e-0-4c1076</PassBranchId>
					<PassBranchId>BRANCH_c2-4e-0-4c106f</PassBranchId>
					<PassBranchId>BRANCH_c2-4e-0-4c1075</PassBranchId>
					<PassBranchId>BRANCH_c2-4e-0-4c0de4</PassBranchId>
					<PassBranchId>BRANCH_1a-4e-0-18e01d0</PassBranchId>
					<PassBranchId>BRANCH_c2-4e-0-4c10c8</PassBranchId>
					<PassBranchId>BRANCH_eb-4e-0-678fca</PassBranchId>
					<PassBranchId>BRANCH_c2-4e-0-4c0e87</PassBranchId>
					<PassBranchId>BRANCH_c2-4e-0-4c0e8c</PassBranchId>
					<PassBranchId>BRANCH_c2-4e-0-4c0e7f</PassBranchId>
					<PassBranchId>BRANCH_c2-4e-0-4c0ef9</PassBranchId>
					<PassBranchId>BRANCH_c2-4e-0-4c0e70</PassBranchId>
					<PassBranchId>BRANCH_c2-4e-0-4c0e5c</PassBranchId>
					<EndBranchPosition id="BR_POS_1234" branchId="BRANCH_c2-4e-0-4c0d63" branchNodeId="BN_22204-180" offset="0"/>
				</BranchRoute>
			</WiringItem>
		</WiringItem>
		<WiringItem xsi:type="Bundle" id="BUNDLE_e5-6-0-12a7d11" name="TP_VDB06EVB" bundleType="twist">
			<AppRef name="E3.Series" version="2.14.5.0" guid="6abf2a61-e4fa-4681-b2f2-1034b1ccc83d"/>
			<WiringItem xsi:type="Wire" id="WIRE_e5-c-0-12a6833" name="VDB06EVB" signalId="SIGNAL_2-36-0-3fc2" cableType="WIRE-2UKD-0.35" wireName="GY/OG" fromPinId="PIN_95-18-0-8c78bd" toPinId="PIN_b5-18-0-5336">
				<AppRef name="E3.Series" version="2.14.0.0" guid="ad7ef754-5381-471d-993a-1171bbdad97f"/>
				<Property id="PROPERTY_11703" name="WIRE_LENGTH" value="569"/>
				<Property id="PROPERTY_11704" name="WIRE_END2_MATL" value="(SN)"/>
				<Property id="PROPERTY_11705" name="WIRE_CSA" value="0.35"/>
				<Property id="PROPERTY_11706" name="WIRE_MIN_BEND_RADIUS" value="3"/>
				<Property id="PROPERTY_11707" name="WIRE_OPTION" value="HT2AC"/>
				<Property id="PROPERTY_11708" name="WIRE_DEV_PIN_1" value="C2DB05-EVA:9"/>
				<Property id="PROPERTY_11709" name="WIRE_COLOR" value="GY/OG"/>
				<Property id="PROPERTY_11710" name="WIRE_SPEC" value="2UKD"/>
				<Property id="PROPERTY_11711" name="WIRE_LEVEL" value="(BEV)"/>
				<Property id="PROPERTY_11712" name="WIRE_DEV_PIN_2" value="C23-C1:1"/>
				<Property id="PROPERTY_11713" name="WIRE_NAME" value="VDB06EVB"/>
				<Property id="PROPERTY_11714" name="WIRE_END_DC" value="1,*1X4T-14474-BA,,(BEV),VDB06EVA"/>
				<Property id="PROPERTY_11715" name="WIRE_END2_TERM" value="3F2T-14474-SA"/>
				<Property id="PROPERTY_11716" name="WIRE_SIGNAL" value="VDB06"/>
				<Property id="PROPERTY_11717" name="HRN_FAMILY" value="14401"/>
				<Property id="PROPERTY_11718" name="WIRE_MULTICORE" value="TP_VDB06EVB"/>
				<Property id="PROPERTY_11719" name="WIRE_FPN" value="WIRE-2UKD-0.35-GY/OG"/>
				<Property id="PROPERTY_11720" name="WIRE_DIA_MAX" value="1.2"/>
				<Option id="OPTION_e5-c-0-12a6833_1" value="HT2AC"/>
				<BranchRoute id="BRR_486">
					<StartBranchPosition id="BR_POS_1235" branchId="BRANCH_c2-4e-0-4c0de1" branchNodeId="BN_79_9-190_058" offset="0"/>
					<PassBranchId>BRANCH_c2-4e-0-4c0ddd</PassBranchId>
					<PassBranchId>BRANCH_c2-4e-0-4c10dd</PassBranchId>
					<PassBranchId>BRANCH_c2-4e-0-4c1020</PassBranchId>
					<PassBranchId>BRANCH_c2-4e-0-4c1021</PassBranchId>
					<PassBranchId>BRANCH_c2-4e-0-4c10e7</PassBranchId>
					<PassBranchId>BRANCH_c2-4e-0-4c0fc5</PassBranchId>
					<PassBranchId>BRANCH_35-4e-0-30adeb</PassBranchId>
					<EndBranchPosition id="BR_POS_1236" branchId="BRANCH_36-4e-0-65ae7f" branchNodeId="BN_6856-336" offset="0"/>
				</BranchRoute>
			</WiringItem>
			<WiringItem xsi:type="Wire" id="WIRE_e5-c-0-12a66e9" name="VDB07EVB" signalId="SIGNAL_2-36-0-3fc3" cableType="WIRE-2UKD-0.35" wireName="VT/OG" fromPinId="PIN_95-18-0-8c78c2" toPinId="PIN_b5-18-0-5338">
				<AppRef name="E3.Series" version="2.14.0.0" guid="9a0b0d0c-b34d-4ffc-ae85-9cc9921d25a9"/>
				<Property id="PROPERTY_11721" name="WIRE_LENGTH" value="569"/>
				<Property id="PROPERTY_11722" name="WIRE_END2_MATL" value="(SN)"/>
				<Property id="PROPERTY_11723" name="WIRE_CSA" value="0.35"/>
				<Property id="PROPERTY_11724" name="WIRE_MIN_BEND_RADIUS" value="3"/>
				<Property id="PROPERTY_11725" name="WIRE_OPTION" value="HT2AC"/>
				<Property id="PROPERTY_11726" name="WIRE_DEV_PIN_1" value="C2DB05-EVA:12"/>
				<Property id="PROPERTY_11727" name="WIRE_COLOR" value="VT/OG"/>
				<Property id="PROPERTY_11728" name="WIRE_SPEC" value="2UKD"/>
				<Property id="PROPERTY_11729" name="WIRE_LEVEL" value="(BEV)"/>
				<Property id="PROPERTY_11730" name="WIRE_DEV_PIN_2" value="C23-C1:2"/>
				<Property id="PROPERTY_11731" name="WIRE_NAME" value="VDB07EVB"/>
				<Property id="PROPERTY_11732" name="WIRE_END_DC" value="1,*1X4T-14474-BA,,(BEV),VDB07EVA"/>
				<Property id="PROPERTY_11733" name="WIRE_END2_TERM" value="3F2T-14474-SA"/>
				<Property id="PROPERTY_11734" name="WIRE_SIGNAL" value="VDB07"/>
				<Property id="PROPERTY_11735" name="HRN_FAMILY" value="14401"/>
				<Property id="PROPERTY_11736" name="WIRE_MULTICORE" value="TP_VDB06EVB"/>
				<Property id="PROPERTY_11737" name="WIRE_FPN" value="WIRE-2UKD-0.35-VT/OG"/>
				<Property id="PROPERTY_11738" name="WIRE_DIA_MAX" value="1.2"/>
				<Option id="OPTION_e5-c-0-12a66e9_1" value="HT2AC"/>
				<BranchRoute id="BRR_487">
					<StartBranchPosition id="BR_POS_1237" branchId="BRANCH_c2-4e-0-4c0de1" branchNodeId="BN_79_9-190_058" offset="0"/>
					<PassBranchId>BRANCH_c2-4e-0-4c0ddd</PassBranchId>
					<PassBranchId>BRANCH_c2-4e-0-4c10dd</PassBranchId>
					<PassBranchId>BRANCH_c2-4e-0-4c1020</PassBranchId>
					<PassBranchId>BRANCH_c2-4e-0-4c1021</PassBranchId>
					<PassBranchId>BRANCH_c2-4e-0-4c10e7</PassBranchId>
					<PassBranchId>BRANCH_c2-4e-0-4c0fc5</PassBranchId>
					<PassBranchId>BRANCH_35-4e-0-30adeb</PassBranchId>
					<EndBranchPosition id="BR_POS_1238" branchId="BRANCH_36-4e-0-65ae7f" branchNodeId="BN_6856-336" offset="0"/>
				</BranchRoute>
			</WiringItem>
		</WiringItem>
		<WiringItem xsi:type="Bundle" id="BUNDLE_6a-6-0-d1896" name="TP_VDB06KY" bundleType="twist">
			<AppRef name="E3.Series" version="2.14.5.0" guid="31b1ff21-5029-4bf7-856c-20ec7d7edc1c"/>
			<WiringItem xsi:type="Wire" id="WIRE_6a-c-0-d1818" name="VDB06KY" signalId="SIGNAL_2-36-0-3fc2" cableType="WIRE-2UKD-0.35" wireName="GY/OG" fromPinId="PIN_13-18-0-2ceb2c" toPinId="PIN_b5-18-0-5336">
				<AppRef name="E3.Series" version="2.13.7.0" guid="2aaf81ff-f47b-4d1e-a76a-644b339c6f75"/>
				<Property id="PROPERTY_11739" name="WIRE_LENGTH" value="1585"/>
				<Property id="PROPERTY_11740" name="WIRE_END2_MATL" value="(SN)"/>
				<Property id="PROPERTY_11741" name="WIRE_CSA" value="0.35"/>
				<Property id="PROPERTY_11742" name="WIRE_MIN_BEND_RADIUS" value="3"/>
				<Property id="PROPERTY_11743" name="WIRE_OPTION" value="HT2AA"/>
				<Property id="PROPERTY_11744" name="WIRE_DEV_PIN_1" value="C2DB02-A:3"/>
				<Property id="PROPERTY_11745" name="WIRE_COLOR" value="GY/OG"/>
				<Property id="PROPERTY_11746" name="WIRE_SPEC" value="2UKD"/>
				<Property id="PROPERTY_11747" name="WIRE_END1_MATL" value="(SN)"/>
				<Property id="PROPERTY_11748" name="WIRE_LEVEL" value="(C-SHF)/(400W)/(7SPKR)/(TACH-L0)/(ACBRKR)/VA"/>
				<Property id="PROPERTY_11749" name="WIRE_END1_TERM" value="9U5T-14474-DB"/>
				<Property id="PROPERTY_11750" name="WIRE_DEV_PIN_2" value="C23-C1:1"/>
				<Property id="PROPERTY_11751" name="WIRE_NAME" value="VDB06KY"/>
				<Property id="PROPERTY_11752" name="WIRE_END2_TERM" value="3F2T-14474-SA"/>
				<Property id="PROPERTY_11753" name="WIRE_SIGNAL" value="VDB06"/>
				<Property id="PROPERTY_11754" name="HRN_FAMILY" value="14401"/>
				<Property id="PROPERTY_11755" name="WIRE_MULTICORE" value="TP_VDB06KY"/>
				<Property id="PROPERTY_11756" name="WIRE_FPN" value="WIRE-2UKD-0.35-GY/OG"/>
				<Property id="PROPERTY_11757" name="WIRE_DIA_MAX" value="1.2"/>
				<Option id="OPTION_6a-c-0-d1818_1" value="HT2AA"/>
				<BranchRoute id="BRR_488">
					<StartBranchPosition id="BR_POS_1239" branchId="BRANCH_c2-4e-0-4c0de1" branchNodeId="BN_79_9-190_058" offset="0"/>
					<PassBranchId>BRANCH_c2-4e-0-4c0ddd</PassBranchId>
					<PassBranchId>BRANCH_c2-4e-0-4c10dd</PassBranchId>
					<PassBranchId>BRANCH_c2-4e-0-4c1020</PassBranchId>
					<PassBranchId>BRANCH_c2-4e-0-4c1021</PassBranchId>
					<PassBranchId>BRANCH_c2-4e-0-4c10e7</PassBranchId>
					<PassBranchId>BRANCH_c2-4e-0-4c0fc5</PassBranchId>
					<PassBranchId>BRANCH_c2-4e-0-4c0fce</PassBranchId>
					<PassBranchId>BRANCH_c2-4e-0-4c0d1d</PassBranchId>
					<PassBranchId>BRANCH_35-4e-0-2efaf8</PassBranchId>
					<PassBranchId>BRANCH_c2-4e-0-4c10c0</PassBranchId>
					<PassBranchId>BRANCH_c2-4e-0-4c0fc8</PassBranchId>
					<PassBranchId>BRANCH_c2-4e-0-4c108d</PassBranchId>
					<PassBranchId>BRANCH_c2-4e-0-4c0d88</PassBranchId>
					<PassBranchId>BRANCH_c2-4e-0-4c109a</PassBranchId>
					<PassBranchId>BRANCH_c2-4e-0-4c0e16</PassBranchId>
					<PassBranchId>BRANCH_c2-4e-0-4c0fcb</PassBranchId>
					<PassBranchId>BRANCH_c2-4e-0-4c0dea</PassBranchId>
					<PassBranchId>BRANCH_c2-4e-0-4c0fd1</PassBranchId>
					<PassBranchId>BRANCH_c2-4e-0-4c0fe8</PassBranchId>
					<PassBranchId>BRANCH_c2-4e-0-4c1009</PassBranchId>
					<PassBranchId>BRANCH_c2-4e-0-4c10cb</PassBranchId>
					<PassBranchId>BRANCH_c2-4e-0-4c10ec</PassBranchId>
					<PassBranchId>BRANCH_c2-4e-0-4c1075</PassBranchId>
					<PassBranchId>BRANCH_c2-4e-0-4c106f</PassBranchId>
					<PassBranchId>BRANCH_c2-4e-0-4c107e</PassBranchId>
					<EndBranchPosition id="BR_POS_1240" branchId="BRANCH_c2-4e-0-4c0f12" branchNodeId="BN_20144-60" offset="0"/>
				</BranchRoute>
			</WiringItem>
			<WiringItem xsi:type="Wire" id="WIRE_6a-c-0-d1836" name="VDB07KY" signalId="SIGNAL_2-36-0-3fc3" cableType="WIRE-2UKD-0.35" wireName="VT/OG" fromPinId="PIN_13-18-0-2ceb50" toPinId="PIN_b5-18-0-5338">
				<AppRef name="E3.Series" version="2.13.7.0" guid="a9ed4360-4671-46fb-93d9-1c54211b0e31"/>
				<Property id="PROPERTY_11758" name="WIRE_LENGTH" value="1585"/>
				<Property id="PROPERTY_11759" name="WIRE_END2_MATL" value="(SN)"/>
				<Property id="PROPERTY_11760" name="WIRE_CSA" value="0.35"/>
				<Property id="PROPERTY_11761" name="WIRE_MIN_BEND_RADIUS" value="3"/>
				<Property id="PROPERTY_11762" name="WIRE_OPTION" value="HT2AA"/>
				<Property id="PROPERTY_11763" name="WIRE_DEV_PIN_1" value="C2DB02-A:16"/>
				<Property id="PROPERTY_11764" name="WIRE_COLOR" value="VT/OG"/>
				<Property id="PROPERTY_11765" name="WIRE_SPEC" value="2UKD"/>
				<Property id="PROPERTY_11766" name="WIRE_END1_MATL" value="(SN)"/>
				<Property id="PROPERTY_11767" name="WIRE_LEVEL" value="(C-SHF)/(400W)/(7SPKR)/(TACH-L0)/(ACBRKR)/VA"/>
				<Property id="PROPERTY_11768" name="WIRE_END1_TERM" value="9U5T-14474-DB"/>
				<Property id="PROPERTY_11769" name="WIRE_DEV_PIN_2" value="C23-C1:2"/>
				<Property id="PROPERTY_11770" name="WIRE_NAME" value="VDB07KY"/>
				<Property id="PROPERTY_11771" name="WIRE_END2_TERM" value="3F2T-14474-SA"/>
				<Property id="PROPERTY_11772" name="WIRE_SIGNAL" value="VDB07"/>
				<Property id="PROPERTY_11773" name="HRN_FAMILY" value="14401"/>
				<Property id="PROPERTY_11774" name="WIRE_MULTICORE" value="TP_VDB06KY"/>
				<Property id="PROPERTY_11775" name="WIRE_FPN" value="WIRE-2UKD-0.35-VT/OG"/>
				<Property id="PROPERTY_11776" name="WIRE_DIA_MAX" value="1.2"/>
				<Option id="OPTION_6a-c-0-d1836_1" value="HT2AA"/>
				<BranchRoute id="BRR_489">
					<StartBranchPosition id="BR_POS_1241" branchId="BRANCH_c2-4e-0-4c0de1" branchNodeId="BN_79_9-190_058" offset="0"/>
					<PassBranchId>BRANCH_c2-4e-0-4c0ddd</PassBranchId>
					<PassBranchId>BRANCH_c2-4e-0-4c10dd</PassBranchId>
					<PassBranchId>BRANCH_c2-4e-0-4c1020</PassBranchId>
					<PassBranchId>BRANCH_c2-4e-0-4c1021</PassBranchId>
					<PassBranchId>BRANCH_c2-4e-0-4c10e7</PassBranchId>
					<PassBranchId>BRANCH_c2-4e-0-4c0fc5</PassBranchId>
					<PassBranchId>BRANCH_c2-4e-0-4c0fce</PassBranchId>
					<PassBranchId>BRANCH_c2-4e-0-4c0d1d</PassBranchId>
					<PassBranchId>BRANCH_35-4e-0-2efaf8</PassBranchId>
					<PassBranchId>BRANCH_c2-4e-0-4c10c0</PassBranchId>
					<PassBranchId>BRANCH_c2-4e-0-4c0fc8</PassBranchId>
					<PassBranchId>BRANCH_c2-4e-0-4c108d</PassBranchId>
					<PassBranchId>BRANCH_c2-4e-0-4c0d88</PassBranchId>
					<PassBranchId>BRANCH_c2-4e-0-4c109a</PassBranchId>
					<PassBranchId>BRANCH_c2-4e-0-4c0e16</PassBranchId>
					<PassBranchId>BRANCH_c2-4e-0-4c0fcb</PassBranchId>
					<PassBranchId>BRANCH_c2-4e-0-4c0dea</PassBranchId>
					<PassBranchId>BRANCH_c2-4e-0-4c0fd1</PassBranchId>
					<PassBranchId>BRANCH_c2-4e-0-4c0fe8</PassBranchId>
					<PassBranchId>BRANCH_c2-4e-0-4c1009</PassBranchId>
					<PassBranchId>BRANCH_c2-4e-0-4c10cb</PassBranchId>
					<PassBranchId>BRANCH_c2-4e-0-4c10ec</PassBranchId>
					<PassBranchId>BRANCH_c2-4e-0-4c1075</PassBranchId>
					<PassBranchId>BRANCH_c2-4e-0-4c106f</PassBranchId>
					<PassBranchId>BRANCH_c2-4e-0-4c107e</PassBranchId>
					<EndBranchPosition id="BR_POS_1242" branchId="BRANCH_c2-4e-0-4c0f12" branchNodeId="BN_20144-60" offset="0"/>
				</BranchRoute>
			</WiringItem>
		</WiringItem>
		<WiringItem xsi:type="Bundle" id="BUNDLE_6a-6-0-d6c12" name="TP_VDB25AV" bundleType="twist">
			<AppRef name="E3.Series" version="2.14.5.0" guid="0d7f216e-b435-4737-a154-74b6e1a996b3"/>
			<WiringItem xsi:type="Wire" id="WIRE_6a-c-0-c4471" name="VDB25AV" signalId="SIGNAL_2-36-0-3fd3" cableType="WIRE-2UKD-0.35" wireName="GN/OG" fromPinId="PIN_6a-1e-0-c536c" toPinId="PIN_6a-1e-0-d5d4c">
				<AppRef name="E3.Series" version="2.13.7.0" guid="34f002e6-a54e-4a63-a353-2177b785afad"/>
				<Property id="PROPERTY_11813" name="WIRE_LENGTH" value="272"/>
				<Property id="PROPERTY_11814" name="WIRE_CSA" value="0.35"/>
				<Property id="PROPERTY_11815" name="WIRE_MIN_BEND_RADIUS" value="3"/>
				<Property id="PROPERTY_11816" name="WIRE_OPTION" value="JBBA8 | JBBBH | JBBBJ | JBBBN"/>
				<Property id="PROPERTY_11817" name="WIRE_DEV_PIN_1" value="S2DB25-B:1"/>
				<Property id="PROPERTY_11818" name="WIRE_COLOR" value="GN/OG"/>
				<Property id="PROPERTY_11819" name="WIRE_SPEC" value="2UKD"/>
				<Property id="PROPERTY_11820" name="WIRE_LEVEL" value="(CNSL-HI)/(A-STR)/VA/XM/YN"/>
				<Property id="PROPERTY_11821" name="WIRE_DEV_PIN_2" value="S2DB25-A:1"/>
				<Property id="PROPERTY_11822" name="WIRE_NAME" value="VDB25AV"/>
				<Property id="PROPERTY_11823" name="WIRE_SIGNAL" value="VDB25"/>
				<Property id="PROPERTY_11824" name="HRN_FAMILY" value="14401"/>
				<Property id="PROPERTY_11825" name="WIRE_MULTICORE" value="TP_VDB25AV"/>
				<Property id="PROPERTY_11826" name="WIRE_FPN" value="WIRE-2UKD-0.35-GN/OG"/>
				<Property id="PROPERTY_11827" name="WIRE_DIA_MAX" value="1.2"/>
				<Option id="OPTION_6a-c-0-c4471_1" value="JBBA8 | JBBBH | JBBBJ | JBBBN"/>
				<BranchRoute id="BRR_492">
					<StartBranchPosition id="BR_POS_1247" branchId="BRANCH_c2-4e-0-4c0e1c" branchNodeId="BN_8391_9-374_058" offset="0"/>
					<PassBranchId>BRANCH_c2-4e-0-4c0fcb</PassBranchId>
					<PassBranchId>BRANCH_c2-4e-0-4c0dea</PassBranchId>
					<PassBranchId>BRANCH_c2-4e-0-4c0fd1</PassBranchId>
					<PassBranchId>BRANCH_c2-4e-0-4c0fe8</PassBranchId>
					<EndBranchPosition id="BR_POS_1248" branchId="BRANCH_62-4e-0-cf88e3" branchNodeId="BN_19664-396" offset="0"/>
				</BranchRoute>
			</WiringItem>
			<WiringItem xsi:type="Wire" id="WIRE_6a-c-0-c44e8" name="VDB26AV" signalId="SIGNAL_2-36-0-3fd4" cableType="WIRE-2UKD-0.35" wireName="GY/BU" fromPinId="PIN_6a-1e-0-c536a" toPinId="PIN_6a-1e-0-d5d4a">
				<AppRef name="E3.Series" version="2.13.7.0" guid="416241a8-14dd-4106-a86d-6aceb8ddbedf"/>
				<Property id="PROPERTY_11828" name="WIRE_LENGTH" value="272"/>
				<Property id="PROPERTY_11829" name="WIRE_CSA" value="0.35"/>
				<Property id="PROPERTY_11830" name="WIRE_MIN_BEND_RADIUS" value="3"/>
				<Property id="PROPERTY_11831" name="WIRE_OPTION" value="JBBA8 | JBBBH | JBBBJ | JBBBN"/>
				<Property id="PROPERTY_11832" name="WIRE_DEV_PIN_1" value="S2DB26-B:1"/>
				<Property id="PROPERTY_11833" name="WIRE_COLOR" value="GY/BU"/>
				<Property id="PROPERTY_11834" name="WIRE_SPEC" value="2UKD"/>
				<Property id="PROPERTY_11835" name="WIRE_LEVEL" value="(CNSL-HI)/(A-STR)/VA/XM/YN"/>
				<Property id="PROPERTY_11836" name="WIRE_DEV_PIN_2" value="S2DB26-A:1"/>
				<Property id="PROPERTY_11837" name="WIRE_NAME" value="VDB26AV"/>
				<Property id="PROPERTY_11838" name="WIRE_SIGNAL" value="VDB26"/>
				<Property id="PROPERTY_11839" name="HRN_FAMILY" value="14401"/>
				<Property id="PROPERTY_11840" name="WIRE_MULTICORE" value="TP_VDB25AV"/>
				<Property id="PROPERTY_11841" name="WIRE_FPN" value="WIRE-2UKD-0.35-GY/BU"/>
				<Property id="PROPERTY_11842" name="WIRE_DIA_MAX" value="1.2"/>
				<Option id="OPTION_6a-c-0-c44e8_1" value="JBBA8 | JBBBH | JBBBJ | JBBBN"/>
				<BranchRoute id="BRR_493">
					<StartBranchPosition id="BR_POS_1249" branchId="BRANCH_c2-4e-0-4c0e20" branchNodeId="BN_8431_9-374_058" offset="0"/>
					<PassBranchId>BRANCH_c2-4e-0-4c0fcb</PassBranchId>
					<PassBranchId>BRANCH_c2-4e-0-4c0dea</PassBranchId>
					<PassBranchId>BRANCH_c2-4e-0-4c0fd1</PassBranchId>
					<PassBranchId>BRANCH_c2-4e-0-4c0fe8</PassBranchId>
					<EndBranchPosition id="BR_POS_1250" branchId="BRANCH_62-4e-0-d01852" branchNodeId="BN_19712-396" offset="0"/>
				</BranchRoute>
			</WiringItem>
		</WiringItem>
		<WiringItem xsi:type="Bundle" id="BUNDLE_6c-6-0-3f0e3d" name="TP_VDB25AW" bundleType="twist">
			<AppRef name="E3.Series" version="2.14.5.0" guid="4874ad27-dd3b-43f3-b1ae-d4b36c37c8c5"/>
			<WiringItem xsi:type="Wire" id="WIRE_6a-c-0-d5de3" name="VDB25AW" signalId="SIGNAL_2-36-0-3fd3" cableType="WIRE-2UKD-0.35" wireName="GN/OG" fromPinId="PIN_43-18-0-32bded" toPinId="PIN_43-18-0-192e42">
				<AppRef name="E3.Series" version="2.13.7.0" guid="4ce64b99-c425-48e0-b4bb-9763df9bc042"/>
				<Property id="PROPERTY_11843" name="WIRE_LENGTH" value="996"/>
				<Property id="PROPERTY_11844" name="WIRE_CSA" value="0.35"/>
				<Property id="PROPERTY_11845" name="WIRE_MIN_BEND_RADIUS" value="3"/>
				<Property id="PROPERTY_11846" name="WIRE_OPTION" value="GPAAW"/>
				<Property id="PROPERTY_11847" name="WIRE_DEV_PIN_1" value="C2AM01-B3:5"/>
				<Property id="PROPERTY_11848" name="WIRE_COLOR" value="GN/OG"/>
				<Property id="PROPERTY_11849" name="WIRE_SPEC" value="2UKD"/>
				<Property id="PROPERTY_11850" name="WIRE_END1_MATL" value="(SN)"/>
				<Property id="PROPERTY_11851" name="WIRE_LEVEL" value="(A-STR)"/>
				<Property id="PROPERTY_11852" name="WIRE_END1_TERM" value="3F2T-14474-SA"/>
				<Property id="PROPERTY_11853" name="WIRE_DEV_PIN_2" value="C23-A1:23"/>
				<Property id="PROPERTY_11854" name="WIRE_NAME" value="VDB25AW"/>
				<Property id="PROPERTY_11855" name="WIRE_END_DC" value="2,9U5T-14474-EB,(SN),(A-STR),VDB25AU"/>
				<Property id="PROPERTY_11856" name="WIRE_SIGNAL" value="VDB25"/>
				<Property id="PROPERTY_11857" name="HRN_FAMILY" value="14401"/>
				<Property id="PROPERTY_11858" name="WIRE_MULTICORE" value="TP_VDB25AW"/>
				<Property id="PROPERTY_11859" name="WIRE_FPN" value="WIRE-2UKD-0.35-GN/OG"/>
				<Property id="PROPERTY_11860" name="WIRE_DIA_MAX" value="1.2"/>
				<Option id="OPTION_6a-c-0-d5de3_1" value="GPAAW"/>
				<BranchRoute id="BRR_494">
					<StartBranchPosition id="BR_POS_1251" branchId="BRANCH_c2-4e-0-4c0dda" branchNodeId="BN_695_9-190_058" offset="0"/>
					<PassBranchId>BRANCH_c2-4e-0-4c0fad</PassBranchId>
					<PassBranchId>BRANCH_c2-4e-0-4c10dd</PassBranchId>
					<PassBranchId>BRANCH_c2-4e-0-4c1020</PassBranchId>
					<PassBranchId>BRANCH_c2-4e-0-4c1021</PassBranchId>
					<PassBranchId>BRANCH_c2-4e-0-4c10e7</PassBranchId>
					<PassBranchId>BRANCH_c2-4e-0-4c0fc5</PassBranchId>
					<PassBranchId>BRANCH_c2-4e-0-4c101a</PassBranchId>
					<PassBranchId>BRANCH_c2-4e-0-4c101d</PassBranchId>
					<PassBranchId>BRANCH_c2-4e-0-4c0d95</PassBranchId>
					<PassBranchId>BRANCH_c2-4e-0-4c10ae</PassBranchId>
					<PassBranchId>BRANCH_c2-4e-0-4c0f9b</PassBranchId>
					<PassBranchId>BRANCH_c2-4e-0-4c0f9e</PassBranchId>
					<PassBranchId>BRANCH_c2-4e-0-4c10b1</PassBranchId>
					<PassBranchId>BRANCH_c2-4e-0-4c0fa1</PassBranchId>
					<PassBranchId>BRANCH_c2-4e-0-4c10b7</PassBranchId>
					<PassBranchId>BRANCH_c2-4e-0-4c10b4</PassBranchId>
					<PassBranchId>BRANCH_c2-4e-0-4c0d9b</PassBranchId>
					<PassBranchId>BRANCH_c2-4e-0-4c0d9e</PassBranchId>
					<EndBranchPosition id="BR_POS_1252" branchId="BRANCH_c2-4e-0-4c0da5" branchNodeId="BN_4783_9-170_058" offset="0"/>
				</BranchRoute>
			</WiringItem>
			<WiringItem xsi:type="Wire" id="WIRE_6a-c-0-d5d4e" name="VDB26AW" signalId="SIGNAL_2-36-0-3fd4" cableType="WIRE-2UKD-0.35" wireName="GY/BU" fromPinId="PIN_43-18-0-32bdf1" toPinId="PIN_43-18-0-192e46">
				<AppRef name="E3.Series" version="2.13.7.0" guid="69197f1c-f7d9-409d-a357-a77f8429885a"/>
				<Property id="PROPERTY_11861" name="WIRE_LENGTH" value="996"/>
				<Property id="PROPERTY_11862" name="WIRE_CSA" value="0.35"/>
				<Property id="PROPERTY_11863" name="WIRE_MIN_BEND_RADIUS" value="3"/>
				<Property id="PROPERTY_11864" name="WIRE_OPTION" value="GPAAW"/>
				<Property id="PROPERTY_11865" name="WIRE_DEV_PIN_1" value="C2AM01-B3:6"/>
				<Property id="PROPERTY_11866" name="WIRE_COLOR" value="GY/BU"/>
				<Property id="PROPERTY_11867" name="WIRE_SPEC" value="2UKD"/>
				<Property id="PROPERTY_11868" name="WIRE_END1_MATL" value="(SN)"/>
				<Property id="PROPERTY_11869" name="WIRE_LEVEL" value="(A-STR)"/>
				<Property id="PROPERTY_11870" name="WIRE_END1_TERM" value="3F2T-14474-SA"/>
				<Property id="PROPERTY_11871" name="WIRE_DEV_PIN_2" value="C23-A1:24"/>
				<Property id="PROPERTY_11872" name="WIRE_NAME" value="VDB26AW"/>
				<Property id="PROPERTY_11873" name="WIRE_END_DC" value="2,9U5T-14474-EB,(SN),(A-STR),VDB26AU"/>
				<Property id="PROPERTY_11874" name="WIRE_SIGNAL" value="VDB26"/>
				<Property id="PROPERTY_11875" name="HRN_FAMILY" value="14401"/>
				<Property id="PROPERTY_11876" name="WIRE_MULTICORE" value="TP_VDB25AW"/>
				<Property id="PROPERTY_11877" name="WIRE_FPN" value="WIRE-2UKD-0.35-GY/BU"/>
				<Property id="PROPERTY_11878" name="WIRE_DIA_MAX" value="1.2"/>
				<Option id="OPTION_6a-c-0-d5d4e_1" value="GPAAW"/>
				<BranchRoute id="BRR_495">
					<StartBranchPosition id="BR_POS_1253" branchId="BRANCH_c2-4e-0-4c0dda" branchNodeId="BN_695_9-190_058" offset="0"/>
					<PassBranchId>BRANCH_c2-4e-0-4c0fad</PassBranchId>
					<PassBranchId>BRANCH_c2-4e-0-4c10dd</PassBranchId>
					<PassBranchId>BRANCH_c2-4e-0-4c1020</PassBranchId>
					<PassBranchId>BRANCH_c2-4e-0-4c1021</PassBranchId>
					<PassBranchId>BRANCH_c2-4e-0-4c10e7</PassBranchId>
					<PassBranchId>BRANCH_c2-4e-0-4c0fc5</PassBranchId>
					<PassBranchId>BRANCH_c2-4e-0-4c101a</PassBranchId>
					<PassBranchId>BRANCH_c2-4e-0-4c101d</PassBranchId>
					<PassBranchId>BRANCH_c2-4e-0-4c0d95</PassBranchId>
					<PassBranchId>BRANCH_c2-4e-0-4c10ae</PassBranchId>
					<PassBranchId>BRANCH_c2-4e-0-4c0f9b</PassBranchId>
					<PassBranchId>BRANCH_c2-4e-0-4c0f9e</PassBranchId>
					<PassBranchId>BRANCH_c2-4e-0-4c10b1</PassBranchId>
					<PassBranchId>BRANCH_c2-4e-0-4c0fa1</PassBranchId>
					<PassBranchId>BRANCH_c2-4e-0-4c10b7</PassBranchId>
					<PassBranchId>BRANCH_c2-4e-0-4c10b4</PassBranchId>
					<PassBranchId>BRANCH_c2-4e-0-4c0d9b</PassBranchId>
					<PassBranchId>BRANCH_c2-4e-0-4c0d9e</PassBranchId>
					<EndBranchPosition id="BR_POS_1254" branchId="BRANCH_c2-4e-0-4c0da5" branchNodeId="BN_4783_9-170_058" offset="0"/>
				</BranchRoute>
			</WiringItem>
		</WiringItem>
		<WiringItem xsi:type="Bundle" id="BUNDLE_6a-6-0-d2e62" name="TP_VDB25AX" bundleType="twist">
			<AppRef name="E3.Series" version="2.14.5.0" guid="4d79a14a-6261-445c-a68d-d9e970911600"/>
			<WiringItem xsi:type="Wire" id="WIRE_6a-c-0-c4453" name="VDB25AX" signalId="SIGNAL_2-36-0-3fd3" cableType="WIRE-2UKD-0.35" wireName="GN/OG" fromPinId="PIN_c0-18-0-500298" toPinId="PIN_6a-1e-0-d5d4c">
				<AppRef name="E3.Series" version="2.13.7.0" guid="291fed5e-7b37-4663-8a5b-a9c55d5553ac"/>
				<Property id="PROPERTY_11879" name="WIRE_LENGTH" value="1047"/>
				<Property id="PROPERTY_11880" name="WIRE_CSA" value="0.35"/>
				<Property id="PROPERTY_11881" name="WIRE_MIN_BEND_RADIUS" value="3"/>
				<Property id="PROPERTY_11882" name="WIRE_OPTION" value="B5WAA | B5WBK"/>
				<Property id="PROPERTY_11883" name="WIRE_DEV_PIN_1" value="C2ET76-P:2"/>
				<Property id="PROPERTY_11884" name="WIRE_COLOR" value="GN/OG"/>
				<Property id="PROPERTY_11885" name="WIRE_SPEC" value="2UKD"/>
				<Property id="PROPERTY_11886" name="WIRE_LEVEL" value="(C-SHF)"/>
				<Property id="PROPERTY_11887" name="WIRE_END1_TERM" value="*DU5T-14474-GAA"/>
				<Property id="PROPERTY_11888" name="WIRE_DEV_PIN_2" value="S2DB25-A:1"/>
				<Property id="PROPERTY_11889" name="WIRE_NAME" value="VDB25AX"/>
				<Property id="PROPERTY_11890" name="WIRE_SIGNAL" value="VDB25"/>
				<Property id="PROPERTY_11891" name="HRN_FAMILY" value="14401"/>
				<Property id="PROPERTY_11892" name="WIRE_MULTICORE" value="TP_VDB25AX"/>
				<Property id="PROPERTY_11893" name="WIRE_FPN" value="WIRE-2UKD-0.35-GN/OG"/>
				<Property id="PROPERTY_11894" name="WIRE_DIA_MAX" value="1.2"/>
				<Option id="OPTION_6a-c-0-c4453_1" value="B5WAA | B5WBK"/>
				<BranchRoute id="BRR_496">
					<StartBranchPosition id="BR_POS_1255" branchId="BRANCH_c2-4e-0-4c0e3e" branchNodeId="BN_5263_9-198_058" offset="0"/>
					<PassBranchId>BRANCH_c2-4e-0-4c0d92</PassBranchId>
					<PassBranchId>BRANCH_c2-4e-0-4c10b4</PassBranchId>
					<PassBranchId>BRANCH_c2-4e-0-4c10b7</PassBranchId>
					<PassBranchId>BRANCH_c2-4e-0-4c0fa1</PassBranchId>
					<PassBranchId>BRANCH_c2-4e-0-4c10b1</PassBranchId>
					<PassBranchId>BRANCH_c2-4e-0-4c0f9e</PassBranchId>
					<PassBranchId>BRANCH_c2-4e-0-4c0f9b</PassBranchId>
					<PassBranchId>BRANCH_c2-4e-0-4c10ae</PassBranchId>
					<PassBranchId>BRANCH_c2-4e-0-4c0d95</PassBranchId>
					<PassBranchId>BRANCH_c2-4e-0-4c101d</PassBranchId>
					<PassBranchId>BRANCH_c2-4e-0-4c101a</PassBranchId>
					<PassBranchId>BRANCH_c2-4e-0-4c0fce</PassBranchId>
					<PassBranchId>BRANCH_c2-4e-0-4c0d1d</PassBranchId>
					<PassBranchId>BRANCH_35-4e-0-2efaf8</PassBranchId>
					<PassBranchId>BRANCH_c2-4e-0-4c10c0</PassBranchId>
					<PassBranchId>BRANCH_c2-4e-0-4c0fc8</PassBranchId>
					<PassBranchId>BRANCH_c2-4e-0-4c108d</PassBranchId>
					<PassBranchId>BRANCH_c2-4e-0-4c0d88</PassBranchId>
					<PassBranchId>BRANCH_c2-4e-0-4c109a</PassBranchId>
					<PassBranchId>BRANCH_c2-4e-0-4c0e16</PassBranchId>
					<PassBranchId>BRANCH_c2-4e-0-4c0fcb</PassBranchId>
					<PassBranchId>BRANCH_c2-4e-0-4c0dea</PassBranchId>
					<PassBranchId>BRANCH_c2-4e-0-4c0fd1</PassBranchId>
					<PassBranchId>BRANCH_c2-4e-0-4c0fe8</PassBranchId>
					<EndBranchPosition id="BR_POS_1256" branchId="BRANCH_62-4e-0-cf88e3" branchNodeId="BN_19664-396" offset="0"/>
				</BranchRoute>
			</WiringItem>
			<WiringItem xsi:type="Wire" id="WIRE_6a-c-0-c44ca" name="VDB26AX" signalId="SIGNAL_2-36-0-3fd4" cableType="WIRE-2UKD-0.35" wireName="GY/BU" fromPinId="PIN_c0-18-0-50029e" toPinId="PIN_6a-1e-0-d5d4a">
				<AppRef name="E3.Series" version="2.13.7.0" guid="d1a2b88f-dcb8-4fe6-86e2-2579f36b3e6f"/>
				<Property id="PROPERTY_11895" name="WIRE_LENGTH" value="1047"/>
				<Property id="PROPERTY_11896" name="WIRE_CSA" value="0.35"/>
				<Property id="PROPERTY_11897" name="WIRE_MIN_BEND_RADIUS" value="3"/>
				<Property id="PROPERTY_11898" name="WIRE_OPTION" value="B5WAA | B5WBK"/>
				<Property id="PROPERTY_11899" name="WIRE_DEV_PIN_1" value="C2ET76-P:3"/>
				<Property id="PROPERTY_11900" name="WIRE_COLOR" value="GY/BU"/>
				<Property id="PROPERTY_11901" name="WIRE_SPEC" value="2UKD"/>
				<Property id="PROPERTY_11902" name="WIRE_LEVEL" value="(C-SHF)"/>
				<Property id="PROPERTY_11903" name="WIRE_END1_TERM" value="*DU5T-14474-GAA"/>
				<Property id="PROPERTY_11904" name="WIRE_DEV_PIN_2" value="S2DB26-A:1"/>
				<Property id="PROPERTY_11905" name="WIRE_NAME" value="VDB26AX"/>
				<Property id="PROPERTY_11906" name="WIRE_SIGNAL" value="VDB26"/>
				<Property id="PROPERTY_11907" name="HRN_FAMILY" value="14401"/>
				<Property id="PROPERTY_11908" name="WIRE_MULTICORE" value="TP_VDB25AX"/>
				<Property id="PROPERTY_11909" name="WIRE_FPN" value="WIRE-2UKD-0.35-GY/BU"/>
				<Property id="PROPERTY_11910" name="WIRE_DIA_MAX" value="1.2"/>
				<Option id="OPTION_6a-c-0-c44ca_1" value="B5WAA | B5WBK"/>
				<BranchRoute id="BRR_497">
					<StartBranchPosition id="BR_POS_1257" branchId="BRANCH_c2-4e-0-4c0e3e" branchNodeId="BN_5263_9-198_058" offset="0"/>
					<PassBranchId>BRANCH_c2-4e-0-4c0d92</PassBranchId>
					<PassBranchId>BRANCH_c2-4e-0-4c10b4</PassBranchId>
					<PassBranchId>BRANCH_c2-4e-0-4c10b7</PassBranchId>
					<PassBranchId>BRANCH_c2-4e-0-4c0fa1</PassBranchId>
					<PassBranchId>BRANCH_c2-4e-0-4c10b1</PassBranchId>
					<PassBranchId>BRANCH_c2-4e-0-4c0f9e</PassBranchId>
					<PassBranchId>BRANCH_c2-4e-0-4c0f9b</PassBranchId>
					<PassBranchId>BRANCH_c2-4e-0-4c10ae</PassBranchId>
					<PassBranchId>BRANCH_c2-4e-0-4c0d95</PassBranchId>
					<PassBranchId>BRANCH_c2-4e-0-4c101d</PassBranchId>
					<PassBranchId>BRANCH_c2-4e-0-4c101a</PassBranchId>
					<PassBranchId>BRANCH_c2-4e-0-4c0fce</PassBranchId>
					<PassBranchId>BRANCH_c2-4e-0-4c0d1d</PassBranchId>
					<PassBranchId>BRANCH_35-4e-0-2efaf8</PassBranchId>
					<PassBranchId>BRANCH_c2-4e-0-4c10c0</PassBranchId>
					<PassBranchId>BRANCH_c2-4e-0-4c0fc8</PassBranchId>
					<PassBranchId>BRANCH_c2-4e-0-4c108d</PassBranchId>
					<PassBranchId>BRANCH_c2-4e-0-4c0d88</PassBranchId>
					<PassBranchId>BRANCH_c2-4e-0-4c109a</PassBranchId>
					<PassBranchId>BRANCH_c2-4e-0-4c0e16</PassBranchId>
					<PassBranchId>BRANCH_c2-4e-0-4c0fcb</PassBranchId>
					<PassBranchId>BRANCH_c2-4e-0-4c0dea</PassBranchId>
					<PassBranchId>BRANCH_c2-4e-0-4c0fd1</PassBranchId>
					<PassBranchId>BRANCH_c2-4e-0-4c0fe8</PassBranchId>
					<EndBranchPosition id="BR_POS_1258" branchId="BRANCH_62-4e-0-d01852" branchNodeId="BN_19712-396" offset="0"/>
				</BranchRoute>
			</WiringItem>
		</WiringItem>
		<WiringItem xsi:type="Bundle" id="BUNDLE_6a-6-0-c468d" name="TP_VDB25AZ" bundleType="twist">
			<AppRef name="E3.Series" version="2.14.5.0" guid="eeed295f-6fa6-4abd-9446-1b47b9a3f3b4"/>
			<WiringItem xsi:type="Wire" id="WIRE_6a-c-0-c4417" name="VDB25AZ" signalId="SIGNAL_2-36-0-3fd3" cableType="WIRE-2UKD-0.35" wireName="GN/OG" fromPinId="PIN_6a-1e-0-d5d4c" toPinId="PIN_13-18-0-2ceb1a">
				<AppRef name="E3.Series" version="2.13.7.0" guid="f380d496-1c81-4625-bb23-8204463dbcb0"/>
				<Property id="PROPERTY_11911" name="WIRE_LENGTH" value="619"/>
				<Property id="PROPERTY_11912" name="WIRE_END2_MATL" value="(SN)"/>
				<Property id="PROPERTY_11913" name="WIRE_CSA" value="0.35"/>
				<Property id="PROPERTY_11914" name="WIRE_MIN_BEND_RADIUS" value="3"/>
				<Property id="PROPERTY_11915" name="WIRE_OPTION" value="HT2AA"/>
				<Property id="PROPERTY_11916" name="WIRE_DEV_PIN_1" value="S2DB25-A:1"/>
				<Property id="PROPERTY_11917" name="WIRE_COLOR" value="GN/OG"/>
				<Property id="PROPERTY_11918" name="WIRE_SPEC" value="2UKD"/>
				<Property id="PROPERTY_11919" name="WIRE_LEVEL" value="(C-SHF)/(400W)/(7SPKR)/(TACH-L0)/(ACBRKR)/VA"/>
				<Property id="PROPERTY_11920" name="WIRE_DEV_PIN_2" value="C2DB02-A:8"/>
				<Property id="PROPERTY_11921" name="WIRE_NAME" value="VDB25AZ"/>
				<Property id="PROPERTY_11922" name="WIRE_END2_TERM" value="9U5T-14474-DB"/>
				<Property id="PROPERTY_11923" name="WIRE_SIGNAL" value="VDB25"/>
				<Property id="PROPERTY_11924" name="HRN_FAMILY" value="14401"/>
				<Property id="PROPERTY_11925" name="WIRE_MULTICORE" value="TP_VDB25AZ"/>
				<Property id="PROPERTY_11926" name="WIRE_FPN" value="WIRE-2UKD-0.35-GN/OG"/>
				<Property id="PROPERTY_11927" name="WIRE_DIA_MAX" value="1.2"/>
				<Option id="OPTION_6a-c-0-c4417_1" value="HT2AA"/>
				<BranchRoute id="BRR_498">
					<StartBranchPosition id="BR_POS_1259" branchId="BRANCH_62-4e-0-cf88e3" branchNodeId="BN_19664-396" offset="0"/>
					<PassBranchId>BRANCH_c2-4e-0-4c1009</PassBranchId>
					<PassBranchId>BRANCH_c2-4e-0-4c10cb</PassBranchId>
					<PassBranchId>BRANCH_c2-4e-0-4c10ec</PassBranchId>
					<PassBranchId>BRANCH_c2-4e-0-4c1075</PassBranchId>
					<PassBranchId>BRANCH_c2-4e-0-4c106f</PassBranchId>
					<PassBranchId>BRANCH_c2-4e-0-4c107e</PassBranchId>
					<EndBranchPosition id="BR_POS_1260" branchId="BRANCH_c2-4e-0-4c0f12" branchNodeId="BN_20144-60" offset="0"/>
				</BranchRoute>
			</WiringItem>
			<WiringItem xsi:type="Wire" id="WIRE_6a-c-0-c448e" name="VDB26AZ" signalId="SIGNAL_2-36-0-3fd4" cableType="WIRE-2UKD-0.35" wireName="GY/BU" fromPinId="PIN_6a-1e-0-d5d4a" toPinId="PIN_13-18-0-2ceb3e">
				<AppRef name="E3.Series" version="2.13.7.0" guid="4f142a98-5bd9-401b-b7a5-1b1cda74da5c"/>
				<Property id="PROPERTY_11928" name="WIRE_LENGTH" value="619"/>
				<Property id="PROPERTY_11929" name="WIRE_END2_MATL" value="(SN)"/>
				<Property id="PROPERTY_11930" name="WIRE_CSA" value="0.35"/>
				<Property id="PROPERTY_11931" name="WIRE_MIN_BEND_RADIUS" value="3"/>
				<Property id="PROPERTY_11932" name="WIRE_OPTION" value="HT2AA"/>
				<Property id="PROPERTY_11933" name="WIRE_DEV_PIN_1" value="S2DB26-A:1"/>
				<Property id="PROPERTY_11934" name="WIRE_COLOR" value="GY/BU"/>
				<Property id="PROPERTY_11935" name="WIRE_SPEC" value="2UKD"/>
				<Property id="PROPERTY_11936" name="WIRE_END1_MATL" value="(SN)"/>
				<Property id="PROPERTY_11937" name="WIRE_LEVEL" value="(C-SHF)/(400W)/(7SPKR)/(TACH-L0)/(ACBRKR)/VA"/>
				<Property id="PROPERTY_11938" name="WIRE_END1_TERM" value="9U5T-14474-DB"/>
				<Property id="PROPERTY_11939" name="WIRE_DEV_PIN_2" value="C2DB02-A:21"/>
				<Property id="PROPERTY_11940" name="WIRE_NAME" value="VDB26AZ"/>
				<Property id="PROPERTY_11941" name="WIRE_END2_TERM" value="9U5T-14474-DB"/>
				<Property id="PROPERTY_11942" name="WIRE_SIGNAL" value="VDB26"/>
				<Property id="PROPERTY_11943" name="HRN_FAMILY" value="14401"/>
				<Property id="PROPERTY_11944" name="WIRE_MULTICORE" value="TP_VDB25AZ"/>
				<Property id="PROPERTY_11945" name="WIRE_FPN" value="WIRE-2UKD-0.35-GY/BU"/>
				<Property id="PROPERTY_11946" name="WIRE_DIA_MAX" value="1.2"/>
				<Option id="OPTION_6a-c-0-c448e_1" value="HT2AA"/>
				<BranchRoute id="BRR_499">
					<StartBranchPosition id="BR_POS_1261" branchId="BRANCH_62-4e-0-d01852" branchNodeId="BN_19712-396" offset="0"/>
					<PassBranchId>BRANCH_c2-4e-0-4c1009</PassBranchId>
					<PassBranchId>BRANCH_c2-4e-0-4c10cb</PassBranchId>
					<PassBranchId>BRANCH_c2-4e-0-4c10ec</PassBranchId>
					<PassBranchId>BRANCH_c2-4e-0-4c1075</PassBranchId>
					<PassBranchId>BRANCH_c2-4e-0-4c106f</PassBranchId>
					<PassBranchId>BRANCH_c2-4e-0-4c107e</PassBranchId>
					<EndBranchPosition id="BR_POS_1262" branchId="BRANCH_c2-4e-0-4c0f12" branchNodeId="BN_20144-60" offset="0"/>
				</BranchRoute>
			</WiringItem>
		</WiringItem>
		<WiringItem xsi:type="Bundle" id="BUNDLE_df-6-0-5a84ab" name="TP_VDB25EVA" bundleType="twist">
			<AppRef name="E3.Series" version="2.14.5.0" guid="49a0b70b-d610-42af-aea5-4ca0f02822ec"/>
			<WiringItem xsi:type="Wire" id="WIRE_df-c-0-5a8212" name="VDB25EVA" signalId="SIGNAL_2-36-0-3fd3" cableType="WIRE-2UKD-0.35" wireName="GN/OG" fromPinId="PIN_95-18-0-8c789f" toPinId="PIN_13-18-0-2ceb1a">
				<AppRef name="E3.Series" version="2.14.0.0" guid="6c92c0a5-7f28-4c03-9c66-e6c36b3c1718"/>
				<Property id="PROPERTY_11947" name="WIRE_LENGTH" value="1218"/>
				<Property id="PROPERTY_11948" name="WIRE_END2_MATL" value="(SN)"/>
				<Property id="PROPERTY_11949" name="WIRE_CSA" value="0.35"/>
				<Property id="PROPERTY_11950" name="WIRE_MIN_BEND_RADIUS" value="3"/>
				<Property id="PROPERTY_11951" name="WIRE_OPTION" value="HT2AC"/>
				<Property id="PROPERTY_11952" name="WIRE_DEV_PIN_1" value="C2DB05-EVA:3"/>
				<Property id="PROPERTY_11953" name="WIRE_COLOR" value="GN/OG"/>
				<Property id="PROPERTY_11954" name="WIRE_SPEC" value="2UKD"/>
				<Property id="PROPERTY_11955" name="WIRE_LEVEL" value="(BEV)"/>
				<Property id="PROPERTY_11956" name="WIRE_DEV_PIN_2" value="C2DB02-A:8"/>
				<Property id="PROPERTY_11957" name="WIRE_NAME" value="VDB25EVA"/>
				<Property id="PROPERTY_11958" name="WIRE_END_DC" value="1,*1X4T-14474-BA,,(BEV),VDB25EVB"/>
				<Property id="PROPERTY_11959" name="WIRE_END2_TERM" value="9U5T-14474-DB"/>
				<Property id="PROPERTY_11960" name="WIRE_SIGNAL" value="VDB25"/>
				<Property id="PROPERTY_11961" name="HRN_FAMILY" value="14401"/>
				<Property id="PROPERTY_11962" name="WIRE_MULTICORE" value="TP_VDB25EVA"/>
				<Property id="PROPERTY_11963" name="WIRE_FPN" value="WIRE-2UKD-0.35-GN/OG"/>
				<Property id="PROPERTY_11964" name="WIRE_DIA_MAX" value="1.2"/>
				<Option id="OPTION_df-c-0-5a8212_1" value="HT2AC"/>
				<BranchRoute id="BRR_500">
					<StartBranchPosition id="BR_POS_1263" branchId="BRANCH_36-4e-0-65ae7f" branchNodeId="BN_6856-336" offset="0"/>
					<PassBranchId>BRANCH_35-4e-0-30adeb</PassBranchId>
					<PassBranchId>BRANCH_c2-4e-0-4c0fce</PassBranchId>
					<PassBranchId>BRANCH_c2-4e-0-4c0d1d</PassBranchId>
					<PassBranchId>BRANCH_35-4e-0-2efaf8</PassBranchId>
					<PassBranchId>BRANCH_c2-4e-0-4c10c0</PassBranchId>
					<PassBranchId>BRANCH_c2-4e-0-4c0fc8</PassBranchId>
					<PassBranchId>BRANCH_c2-4e-0-4c108d</PassBranchId>
					<PassBranchId>BRANCH_c2-4e-0-4c0d88</PassBranchId>
					<PassBranchId>BRANCH_c2-4e-0-4c109a</PassBranchId>
					<PassBranchId>BRANCH_c2-4e-0-4c0e16</PassBranchId>
					<PassBranchId>BRANCH_c2-4e-0-4c0fcb</PassBranchId>
					<PassBranchId>BRANCH_c2-4e-0-4c0dea</PassBranchId>
					<PassBranchId>BRANCH_c2-4e-0-4c0fd1</PassBranchId>
					<PassBranchId>BRANCH_c2-4e-0-4c0fe8</PassBranchId>
					<PassBranchId>BRANCH_c2-4e-0-4c1009</PassBranchId>
					<PassBranchId>BRANCH_c2-4e-0-4c10cb</PassBranchId>
					<PassBranchId>BRANCH_c2-4e-0-4c10ec</PassBranchId>
					<PassBranchId>BRANCH_c2-4e-0-4c1075</PassBranchId>
					<PassBranchId>BRANCH_c2-4e-0-4c106f</PassBranchId>
					<PassBranchId>BRANCH_c2-4e-0-4c107e</PassBranchId>
					<EndBranchPosition id="BR_POS_1264" branchId="BRANCH_c2-4e-0-4c0f12" branchNodeId="BN_20144-60" offset="0"/>
				</BranchRoute>
			</WiringItem>
			<WiringItem xsi:type="Wire" id="WIRE_df-c-0-5a8275" name="VDB26EVA" signalId="SIGNAL_2-36-0-3fd4" cableType="WIRE-2UKD-0.35" wireName="GY/BU" fromPinId="PIN_95-18-0-8c78a4" toPinId="PIN_13-18-0-2ceb3e">
				<AppRef name="E3.Series" version="2.14.0.0" guid="f65c3633-9c81-4697-b7f5-51b6edce3803"/>
				<Property id="PROPERTY_11965" name="WIRE_LENGTH" value="1218"/>
				<Property id="PROPERTY_11966" name="WIRE_END2_MATL" value="(SN)"/>
				<Property id="PROPERTY_11967" name="WIRE_CSA" value="0.35"/>
				<Property id="PROPERTY_11968" name="WIRE_MIN_BEND_RADIUS" value="3"/>
				<Property id="PROPERTY_11969" name="WIRE_OPTION" value="HT2AC"/>
				<Property id="PROPERTY_11970" name="WIRE_DEV_PIN_1" value="C2DB05-EVA:11"/>
				<Property id="PROPERTY_11971" name="WIRE_COLOR" value="GY/BU"/>
				<Property id="PROPERTY_11972" name="WIRE_SPEC" value="2UKD"/>
				<Property id="PROPERTY_11973" name="WIRE_LEVEL" value="(BEV)"/>
				<Property id="PROPERTY_11974" name="WIRE_DEV_PIN_2" value="C2DB02-A:21"/>
				<Property id="PROPERTY_11975" name="WIRE_NAME" value="VDB26EVA"/>
				<Property id="PROPERTY_11976" name="WIRE_END_DC" value="1,*1X4T-14474-BA,,(BEV),VDB26EVB"/>
				<Property id="PROPERTY_11977" name="WIRE_END2_TERM" value="9U5T-14474-DB"/>
				<Property id="PROPERTY_11978" name="WIRE_SIGNAL" value="VDB26"/>
				<Property id="PROPERTY_11979" name="HRN_FAMILY" value="14401"/>
				<Property id="PROPERTY_11980" name="WIRE_MULTICORE" value="TP_VDB25EVA"/>
				<Property id="PROPERTY_11981" name="WIRE_FPN" value="WIRE-2UKD-0.35-GY/BU"/>
				<Property id="PROPERTY_11982" name="WIRE_DIA_MAX" value="1.2"/>
				<Option id="OPTION_df-c-0-5a8275_1" value="HT2AC"/>
				<BranchRoute id="BRR_501">
					<StartBranchPosition id="BR_POS_1265" branchId="BRANCH_36-4e-0-65ae7f" branchNodeId="BN_6856-336" offset="0"/>
					<PassBranchId>BRANCH_35-4e-0-30adeb</PassBranchId>
					<PassBranchId>BRANCH_c2-4e-0-4c0fce</PassBranchId>
					<PassBranchId>BRANCH_c2-4e-0-4c0d1d</PassBranchId>
					<PassBranchId>BRANCH_35-4e-0-2efaf8</PassBranchId>
					<PassBranchId>BRANCH_c2-4e-0-4c10c0</PassBranchId>
					<PassBranchId>BRANCH_c2-4e-0-4c0fc8</PassBranchId>
					<PassBranchId>BRANCH_c2-4e-0-4c108d</PassBranchId>
					<PassBranchId>BRANCH_c2-4e-0-4c0d88</PassBranchId>
					<PassBranchId>BRANCH_c2-4e-0-4c109a</PassBranchId>
					<PassBranchId>BRANCH_c2-4e-0-4c0e16</PassBranchId>
					<PassBranchId>BRANCH_c2-4e-0-4c0fcb</PassBranchId>
					<PassBranchId>BRANCH_c2-4e-0-4c0dea</PassBranchId>
					<PassBranchId>BRANCH_c2-4e-0-4c0fd1</PassBranchId>
					<PassBranchId>BRANCH_c2-4e-0-4c0fe8</PassBranchId>
					<PassBranchId>BRANCH_c2-4e-0-4c1009</PassBranchId>
					<PassBranchId>BRANCH_c2-4e-0-4c10cb</PassBranchId>
					<PassBranchId>BRANCH_c2-4e-0-4c10ec</PassBranchId>
					<PassBranchId>BRANCH_c2-4e-0-4c1075</PassBranchId>
					<PassBranchId>BRANCH_c2-4e-0-4c106f</PassBranchId>
					<PassBranchId>BRANCH_c2-4e-0-4c107e</PassBranchId>
					<EndBranchPosition id="BR_POS_1266" branchId="BRANCH_c2-4e-0-4c0f12" branchNodeId="BN_20144-60" offset="0"/>
				</BranchRoute>
			</WiringItem>
		</WiringItem>
		<WiringItem xsi:type="Bundle" id="BUNDLE_ed-6-0-48bcb0" name="TP_VDB25EVB" bundleType="twist">
			<AppRef name="E3.Series" version="2.14.5.0" guid="12a34388-96eb-4678-9726-7d019b7c1908"/>
			<WiringItem xsi:type="Wire" id="WIRE_e5-c-0-12ac0e3" name="VDB25EVB" signalId="SIGNAL_2-36-0-3fd3" cableType="WIRE-2UKD-0.35" wireName="GN/OG" fromPinId="PIN_95-18-0-8c789f" toPinId="PIN_6a-1e-0-d5d4c">
				<AppRef name="E3.Series" version="2.14.0.0" guid="a6d89aa8-af7b-4857-9497-7a0d07722c4b"/>
				<Property id="PROPERTY_11983" name="WIRE_LENGTH" value="699"/>
				<Property id="PROPERTY_11984" name="WIRE_CSA" value="0.35"/>
				<Property id="PROPERTY_11985" name="WIRE_MIN_BEND_RADIUS" value="3"/>
				<Property id="PROPERTY_11986" name="WIRE_OPTION" value="HT2AC"/>
				<Property id="PROPERTY_11987" name="WIRE_DEV_PIN_1" value="C2DB05-EVA:3"/>
				<Property id="PROPERTY_11988" name="WIRE_COLOR" value="GN/OG"/>
				<Property id="PROPERTY_11989" name="WIRE_SPEC" value="2UKD"/>
				<Property id="PROPERTY_11990" name="WIRE_LEVEL" value="(BEV)"/>
				<Property id="PROPERTY_11991" name="WIRE_DEV_PIN_2" value="S2DB25-A:1"/>
				<Property id="PROPERTY_11992" name="WIRE_NAME" value="VDB25EVB"/>
				<Property id="PROPERTY_11993" name="WIRE_END_DC" value="1,*1X4T-14474-BA,,(BEV),VDB25EVA"/>
				<Property id="PROPERTY_11994" name="WIRE_SIGNAL" value="VDB25"/>
				<Property id="PROPERTY_11995" name="HRN_FAMILY" value="14401"/>
				<Property id="PROPERTY_11996" name="WIRE_MULTICORE" value="TP_VDB25EVB"/>
				<Property id="PROPERTY_11997" name="WIRE_FPN" value="WIRE-2UKD-0.35-GN/OG"/>
				<Property id="PROPERTY_11998" name="WIRE_DIA_MAX" value="1.2"/>
				<Option id="OPTION_e5-c-0-12ac0e3_1" value="HT2AC"/>
				<BranchRoute id="BRR_502">
					<StartBranchPosition id="BR_POS_1267" branchId="BRANCH_36-4e-0-65ae7f" branchNodeId="BN_6856-336" offset="0"/>
					<PassBranchId>BRANCH_35-4e-0-30adeb</PassBranchId>
					<PassBranchId>BRANCH_c2-4e-0-4c0fce</PassBranchId>
					<PassBranchId>BRANCH_c2-4e-0-4c0d1d</PassBranchId>
					<PassBranchId>BRANCH_35-4e-0-2efaf8</PassBranchId>
					<PassBranchId>BRANCH_c2-4e-0-4c10c0</PassBranchId>
					<PassBranchId>BRANCH_c2-4e-0-4c0fc8</PassBranchId>
					<PassBranchId>BRANCH_c2-4e-0-4c108d</PassBranchId>
					<PassBranchId>BRANCH_c2-4e-0-4c0d88</PassBranchId>
					<PassBranchId>BRANCH_c2-4e-0-4c109a</PassBranchId>
					<PassBranchId>BRANCH_c2-4e-0-4c0e16</PassBranchId>
					<PassBranchId>BRANCH_c2-4e-0-4c0fcb</PassBranchId>
					<PassBranchId>BRANCH_c2-4e-0-4c0dea</PassBranchId>
					<PassBranchId>BRANCH_c2-4e-0-4c0fd1</PassBranchId>
					<PassBranchId>BRANCH_c2-4e-0-4c0fe8</PassBranchId>
					<EndBranchPosition id="BR_POS_1268" branchId="BRANCH_62-4e-0-cf88e3" branchNodeId="BN_19664-396" offset="0"/>
				</BranchRoute>
			</WiringItem>
			<WiringItem xsi:type="Wire" id="WIRE_e5-c-0-12ac12c" name="VDB26EVB" signalId="SIGNAL_2-36-0-3fd4" cableType="WIRE-2UKD-0.35" wireName="GY/BU" fromPinId="PIN_95-18-0-8c78a4" toPinId="PIN_6a-1e-0-d5d4a">
				<AppRef name="E3.Series" version="2.14.0.0" guid="d7eda67c-d461-4cfe-8219-d10a8f7d1cc2"/>
				<Property id="PROPERTY_11999" name="WIRE_LENGTH" value="699"/>
				<Property id="PROPERTY_12000" name="WIRE_CSA" value="0.35"/>
				<Property id="PROPERTY_12001" name="WIRE_MIN_BEND_RADIUS" value="3"/>
				<Property id="PROPERTY_12002" name="WIRE_OPTION" value="HT2AC"/>
				<Property id="PROPERTY_12003" name="WIRE_DEV_PIN_1" value="C2DB05-EVA:11"/>
				<Property id="PROPERTY_12004" name="WIRE_COLOR" value="GY/BU"/>
				<Property id="PROPERTY_12005" name="WIRE_SPEC" value="2UKD"/>
				<Property id="PROPERTY_12006" name="WIRE_LEVEL" value="(BEV)"/>
				<Property id="PROPERTY_12007" name="WIRE_DEV_PIN_2" value="S2DB26-A:1"/>
				<Property id="PROPERTY_12008" name="WIRE_NAME" value="VDB26EVB"/>
				<Property id="PROPERTY_12009" name="WIRE_END_DC" value="1,*1X4T-14474-BA,,(BEV),VDB26EVA"/>
				<Property id="PROPERTY_12010" name="WIRE_SIGNAL" value="VDB26"/>
				<Property id="PROPERTY_12011" name="HRN_FAMILY" value="14401"/>
				<Property id="PROPERTY_12012" name="WIRE_MULTICORE" value="TP_VDB25EVB"/>
				<Property id="PROPERTY_12013" name="WIRE_FPN" value="WIRE-2UKD-0.35-GY/BU"/>
				<Property id="PROPERTY_12014" name="WIRE_DIA_MAX" value="1.2"/>
				<Option id="OPTION_e5-c-0-12ac12c_1" value="HT2AC"/>
				<BranchRoute id="BRR_503">
					<StartBranchPosition id="BR_POS_1269" branchId="BRANCH_36-4e-0-65ae7f" branchNodeId="BN_6856-336" offset="0"/>
					<PassBranchId>BRANCH_35-4e-0-30adeb</PassBranchId>
					<PassBranchId>BRANCH_c2-4e-0-4c0fce</PassBranchId>
					<PassBranchId>BRANCH_c2-4e-0-4c0d1d</PassBranchId>
					<PassBranchId>BRANCH_35-4e-0-2efaf8</PassBranchId>
					<PassBranchId>BRANCH_c2-4e-0-4c10c0</PassBranchId>
					<PassBranchId>BRANCH_c2-4e-0-4c0fc8</PassBranchId>
					<PassBranchId>BRANCH_c2-4e-0-4c108d</PassBranchId>
					<PassBranchId>BRANCH_c2-4e-0-4c0d88</PassBranchId>
					<PassBranchId>BRANCH_c2-4e-0-4c109a</PassBranchId>
					<PassBranchId>BRANCH_c2-4e-0-4c0e16</PassBranchId>
					<PassBranchId>BRANCH_c2-4e-0-4c0fcb</PassBranchId>
					<PassBranchId>BRANCH_c2-4e-0-4c0dea</PassBranchId>
					<PassBranchId>BRANCH_c2-4e-0-4c0fd1</PassBranchId>
					<PassBranchId>BRANCH_c2-4e-0-4c0fe8</PassBranchId>
					<EndBranchPosition id="BR_POS_1270" branchId="BRANCH_62-4e-0-d01852" branchNodeId="BN_19712-396" offset="0"/>
				</BranchRoute>
			</WiringItem>
		</WiringItem>
		<WiringItem xsi:type="Bundle" id="BUNDLE_e6-6-0-84ae9f" name="TP_VDB25EVM" bundleType="twist">
			<AppRef name="E3.Series" version="2.14.5.0" guid="391d181c-b402-40fa-b148-09adb8da4cba"/>
			<WiringItem xsi:type="Wire" id="WIRE_e6-c-0-845172" name="VDB25EVM" signalId="SIGNAL_2-36-0-3fd3" cableType="WIRE-2UKD-0.35" wireName="GN/OG" fromPinId="PIN_6a-1e-0-d5d4c" toPinId="PIN_74-18-0-263b94">
				<AppRef name="E3.Series" version="2.14.0.0" guid="dbda04ce-017d-4461-aba9-0f2b6b4f2e21"/>
				<Property id="PROPERTY_12015" name="WIRE_LENGTH" value="1067"/>
				<Property id="PROPERTY_12016" name="WIRE_END2_MATL" value="(SN)"/>
				<Property id="PROPERTY_12017" name="WIRE_CSA" value="0.35"/>
				<Property id="PROPERTY_12018" name="WIRE_MIN_BEND_RADIUS" value="3"/>
				<Property id="PROPERTY_12019" name="WIRE_OPTION" value="HT2AC"/>
				<Property id="PROPERTY_12020" name="WIRE_DEV_PIN_1" value="S2DB25-A:1"/>
				<Property id="PROPERTY_12021" name="WIRE_COLOR" value="GN/OG"/>
				<Property id="PROPERTY_12022" name="WIRE_SPEC" value="2UKD"/>
				<Property id="PROPERTY_12023" name="WIRE_LEVEL" value="(BEV)"/>
				<Property id="PROPERTY_12024" name="WIRE_DEV_PIN_2" value="C23-C1:25"/>
				<Property id="PROPERTY_12025" name="WIRE_NAME" value="VDB25EVM"/>
				<Property id="PROPERTY_12026" name="WIRE_END2_TERM" value="9U5T-14474-DB"/>
				<Property id="PROPERTY_12027" name="WIRE_SIGNAL" value="VDB25"/>
				<Property id="PROPERTY_12028" name="HRN_FAMILY" value="14401"/>
				<Property id="PROPERTY_12029" name="WIRE_MULTICORE" value="TP_VDB25EVM"/>
				<Property id="PROPERTY_12030" name="WIRE_FPN" value="WIRE-2UKD-0.35-GN/OG"/>
				<Property id="PROPERTY_12031" name="WIRE_DIA_MAX" value="1.2"/>
				<Option id="OPTION_e6-c-0-845172_1" value="HT2AC"/>
				<BranchRoute id="BRR_504">
					<StartBranchPosition id="BR_POS_1271" branchId="BRANCH_c2-4e-0-4c0de1" branchNodeId="BN_79_9-190_058" offset="0"/>
					<PassBranchId>BRANCH_c2-4e-0-4c0ddd</PassBranchId>
					<PassBranchId>BRANCH_c2-4e-0-4c10dd</PassBranchId>
					<PassBranchId>BRANCH_c2-4e-0-4c1020</PassBranchId>
					<PassBranchId>BRANCH_c2-4e-0-4c1021</PassBranchId>
					<PassBranchId>BRANCH_c2-4e-0-4c10e7</PassBranchId>
					<PassBranchId>BRANCH_c2-4e-0-4c0fc5</PassBranchId>
					<PassBranchId>BRANCH_c2-4e-0-4c0fce</PassBranchId>
					<PassBranchId>BRANCH_c2-4e-0-4c0d1d</PassBranchId>
					<PassBranchId>BRANCH_35-4e-0-2efaf8</PassBranchId>
					<PassBranchId>BRANCH_c2-4e-0-4c10c0</PassBranchId>
					<PassBranchId>BRANCH_c2-4e-0-4c0fc8</PassBranchId>
					<PassBranchId>BRANCH_c2-4e-0-4c108d</PassBranchId>
					<PassBranchId>BRANCH_c2-4e-0-4c0d88</PassBranchId>
					<PassBranchId>BRANCH_c2-4e-0-4c109a</PassBranchId>
					<PassBranchId>BRANCH_c2-4e-0-4c0e16</PassBranchId>
					<PassBranchId>BRANCH_c2-4e-0-4c0fcb</PassBranchId>
					<PassBranchId>BRANCH_c2-4e-0-4c0dea</PassBranchId>
					<PassBranchId>BRANCH_c2-4e-0-4c0fd1</PassBranchId>
					<PassBranchId>BRANCH_c2-4e-0-4c0fe8</PassBranchId>
					<EndBranchPosition id="BR_POS_1272" branchId="BRANCH_62-4e-0-cf88e3" branchNodeId="BN_19664-396" offset="0"/>
				</BranchRoute>
			</WiringItem>
			<WiringItem xsi:type="Wire" id="WIRE_e6-c-0-848114" name="VDB26EVM" signalId="SIGNAL_2-36-0-3fd4" cableType="WIRE-2UKD-0.35" wireName="GY/BU" fromPinId="PIN_6a-1e-0-d5d4a" toPinId="PIN_74-18-0-263b90">
				<AppRef name="E3.Series" version="2.14.0.0" guid="0e190706-7d00-44c4-8f8c-cfc5b01a3a32"/>
				<Property id="PROPERTY_12032" name="WIRE_LENGTH" value="1067"/>
				<Property id="PROPERTY_12033" name="WIRE_END2_MATL" value="(SN)"/>
				<Property id="PROPERTY_12034" name="WIRE_CSA" value="0.35"/>
				<Property id="PROPERTY_12035" name="WIRE_MIN_BEND_RADIUS" value="3"/>
				<Property id="PROPERTY_12036" name="WIRE_OPTION" value="HT2AC"/>
				<Property id="PROPERTY_12037" name="WIRE_DEV_PIN_1" value="S2DB26-A:1"/>
				<Property id="PROPERTY_12038" name="WIRE_COLOR" value="GY/BU"/>
				<Property id="PROPERTY_12039" name="WIRE_SPEC" value="2UKD"/>
				<Property id="PROPERTY_12040" name="WIRE_LEVEL" value="(BEV)"/>
				<Property id="PROPERTY_12041" name="WIRE_DEV_PIN_2" value="C23-C1:24"/>
				<Property id="PROPERTY_12042" name="WIRE_NAME" value="VDB26EVM"/>
				<Property id="PROPERTY_12043" name="WIRE_END2_TERM" value="9U5T-14474-DB"/>
				<Property id="PROPERTY_12044" name="WIRE_SIGNAL" value="VDB26"/>
				<Property id="PROPERTY_12045" name="HRN_FAMILY" value="14401"/>
				<Property id="PROPERTY_12046" name="WIRE_MULTICORE" value="TP_VDB25EVM"/>
				<Property id="PROPERTY_12047" name="WIRE_FPN" value="WIRE-2UKD-0.35-GY/BU"/>
				<Property id="PROPERTY_12048" name="WIRE_DIA_MAX" value="1.2"/>
				<Option id="OPTION_e6-c-0-848114_1" value="HT2AC"/>
				<BranchRoute id="BRR_505">
					<StartBranchPosition id="BR_POS_1273" branchId="BRANCH_c2-4e-0-4c0de1" branchNodeId="BN_79_9-190_058" offset="0"/>
					<PassBranchId>BRANCH_c2-4e-0-4c0ddd</PassBranchId>
					<PassBranchId>BRANCH_c2-4e-0-4c10dd</PassBranchId>
					<PassBranchId>BRANCH_c2-4e-0-4c1020</PassBranchId>
					<PassBranchId>BRANCH_c2-4e-0-4c1021</PassBranchId>
					<PassBranchId>BRANCH_c2-4e-0-4c10e7</PassBranchId>
					<PassBranchId>BRANCH_c2-4e-0-4c0fc5</PassBranchId>
					<PassBranchId>BRANCH_c2-4e-0-4c0fce</PassBranchId>
					<PassBranchId>BRANCH_c2-4e-0-4c0d1d</PassBranchId>
					<PassBranchId>BRANCH_35-4e-0-2efaf8</PassBranchId>
					<PassBranchId>BRANCH_c2-4e-0-4c10c0</PassBranchId>
					<PassBranchId>BRANCH_c2-4e-0-4c0fc8</PassBranchId>
					<PassBranchId>BRANCH_c2-4e-0-4c108d</PassBranchId>
					<PassBranchId>BRANCH_c2-4e-0-4c0d88</PassBranchId>
					<PassBranchId>BRANCH_c2-4e-0-4c109a</PassBranchId>
					<PassBranchId>BRANCH_c2-4e-0-4c0e16</PassBranchId>
					<PassBranchId>BRANCH_c2-4e-0-4c0fcb</PassBranchId>
					<PassBranchId>BRANCH_c2-4e-0-4c0dea</PassBranchId>
					<PassBranchId>BRANCH_c2-4e-0-4c0fd1</PassBranchId>
					<PassBranchId>BRANCH_c2-4e-0-4c0fe8</PassBranchId>
					<EndBranchPosition id="BR_POS_1274" branchId="BRANCH_62-4e-0-d01852" branchNodeId="BN_19712-396" offset="0"/>
				</BranchRoute>
			</WiringItem>
		</WiringItem>
		<WiringItem xsi:type="Bundle" id="BUNDLE_8a-6-0-141bce" name="TP_VDB25F" bundleType="twist">
			<AppRef name="E3.Series" version="2.14.5.0" guid="97fb88a1-ebc3-47cb-a2ee-0a5f78afc284"/>
			<WiringItem xsi:type="Wire" id="WIRE_6a-c-0-bb1b7" name="VDB25F" signalId="SIGNAL_2-36-0-3fd3" cableType="WIRE-2UKD-0.35" wireName="GN/OG" fromPinId="PIN_7f-18-0-5212de" toPinId="PIN_6a-1e-0-c536c">
				<AppRef name="E3.Series" version="2.13.7.0" guid="9f7bceb2-ce21-4cd0-9b00-e029653822b3"/>
				<Property id="PROPERTY_12049" name="WIRE_MC_03_SPOT" value="ESAC3T-1A303-AA(B10-00)"/>
				<Property id="PROPERTY_12050" name="WIRE_LENGTH" value="599"/>
				<Property id="PROPERTY_12051" name="WIRE_CSA" value="0.35"/>
				<Property id="PROPERTY_12052" name="WIRE_MIN_BEND_RADIUS" value="3"/>
				<Property id="PROPERTY_12053" name="WIRE_OPTION" value="JBBA8 | JBBBH | JBBBJ | JBBBN"/>
				<Property id="PROPERTY_12054" name="WIRE_DEV_PIN_1" value="C2LF44:2"/>
				<Property id="PROPERTY_12055" name="WIRE_COLOR" value="GN/OG"/>
				<Property id="PROPERTY_12056" name="WIRE_SPEC" value="2UKD"/>
				<Property id="PROPERTY_12057" name="WIRE_END1_MATL" value="(SN)"/>
				<Property id="PROPERTY_12058" name="WIRE_LEVEL" value="(CNSL-HI)/(A-STR)/VA/XM/YN"/>
				<Property id="PROPERTY_12059" name="WIRE_END1_TERM" value="DU5T-14474-BA"/>
				<Property id="PROPERTY_12060" name="WIRE_DEV_PIN_2" value="S2DB25-B:1"/>
				<Property id="PROPERTY_12061" name="WIRE_NAME" value="VDB25F"/>
				<Property id="PROPERTY_12062" name="WIRE_SIGNAL" value="VDB25"/>
				<Property id="PROPERTY_12063" name="HRN_FAMILY" value="14401"/>
				<Property id="PROPERTY_12064" name="WIRE_MULTICORE" value="TP_VDB25F"/>
				<Property id="PROPERTY_12065" name="WIRE_FPN" value="WIRE-2UKD-0.35-GN/OG"/>
				<Property id="PROPERTY_12066" name="WIRE_DIA_MAX" value="1.2"/>
				<Option id="OPTION_6a-c-0-bb1b7_1" value="JBBA8 | JBBBH | JBBBJ | JBBBN"/>
				<BranchRoute id="BRR_506">
					<StartBranchPosition id="BR_POS_1275" branchId="BRANCH_c2-4e-0-4c0e1c" branchNodeId="BN_8391_9-374_058" offset="0"/>
					<PassBranchId>BRANCH_c2-4e-0-4c0fcb</PassBranchId>
					<PassBranchId>BRANCH_c2-4e-0-4c0f45</PassBranchId>
					<PassBranchId>BRANCH_c2-4e-0-4c1005</PassBranchId>
					<PassBranchId>BRANCH_c2-4e-0-4c0f7e</PassBranchId>
					<PassBranchId>BRANCH_c2-4e-0-4c0fb4</PassBranchId>
					<PassBranchId>BRANCH_c2-4e-0-4c1044</PassBranchId>
					<PassBranchId>BRANCH_c2-4e-0-4c1046</PassBranchId>
					<PassBranchId>BRANCH_c2-4e-0-4c1049</PassBranchId>
					<PassBranchId>BRANCH_c2-4e-0-4c104c</PassBranchId>
					<EndBranchPosition id="BR_POS_1276" branchId="BRANCH_c2-4e-0-4c0d7f" branchNodeId="BN_9256-192" offset="0"/>
				</BranchRoute>
			</WiringItem>
			<WiringItem xsi:type="Wire" id="WIRE_6a-c-0-bb1e9" name="VDB26F" signalId="SIGNAL_2-36-0-3fd4" cableType="WIRE-2UKD-0.35" wireName="GY/BU" fromPinId="PIN_7f-18-0-5212e4" toPinId="PIN_6a-1e-0-c536a">
				<AppRef name="E3.Series" version="2.13.7.0" guid="09708946-4749-4b19-97e2-71c802923b4a"/>
				<Property id="PROPERTY_12067" name="WIRE_MC_03_SPOT" value="ESAC3T-1A303-AA(B10-00)"/>
				<Property id="PROPERTY_12068" name="WIRE_LENGTH" value="599"/>
				<Property id="PROPERTY_12069" name="WIRE_CSA" value="0.35"/>
				<Property id="PROPERTY_12070" name="WIRE_MIN_BEND_RADIUS" value="3"/>
				<Property id="PROPERTY_12071" name="WIRE_OPTION" value="JBBA8 | JBBBH | JBBBJ | JBBBN"/>
				<Property id="PROPERTY_12072" name="WIRE_DEV_PIN_1" value="C2LF44:3"/>
				<Property id="PROPERTY_12073" name="WIRE_COLOR" value="GY/BU"/>
				<Property id="PROPERTY_12074" name="WIRE_SPEC" value="2UKD"/>
				<Property id="PROPERTY_12075" name="WIRE_END1_MATL" value="(SN)"/>
				<Property id="PROPERTY_12076" name="WIRE_LEVEL" value="(CNSL-HI)/(A-STR)/VA/XM/YN"/>
				<Property id="PROPERTY_12077" name="WIRE_END1_TERM" value="DU5T-14474-BA"/>
				<Property id="PROPERTY_12078" name="WIRE_DEV_PIN_2" value="S2DB26-B:1"/>
				<Property id="PROPERTY_12079" name="WIRE_NAME" value="VDB26F"/>
				<Property id="PROPERTY_12080" name="WIRE_SIGNAL" value="VDB26"/>
				<Property id="PROPERTY_12081" name="HRN_FAMILY" value="14401"/>
				<Property id="PROPERTY_12082" name="WIRE_MULTICORE" value="TP_VDB25F"/>
				<Property id="PROPERTY_12083" name="WIRE_FPN" value="WIRE-2UKD-0.35-GY/BU"/>
				<Property id="PROPERTY_12084" name="WIRE_DIA_MAX" value="1.2"/>
				<Option id="OPTION_6a-c-0-bb1e9_1" value="JBBA8 | JBBBH | JBBBJ | JBBBN"/>
				<BranchRoute id="BRR_507">
					<StartBranchPosition id="BR_POS_1277" branchId="BRANCH_c2-4e-0-4c0e20" branchNodeId="BN_8431_9-374_058" offset="0"/>
					<PassBranchId>BRANCH_c2-4e-0-4c0fcb</PassBranchId>
					<PassBranchId>BRANCH_c2-4e-0-4c0f45</PassBranchId>
					<PassBranchId>BRANCH_c2-4e-0-4c1005</PassBranchId>
					<PassBranchId>BRANCH_c2-4e-0-4c0f7e</PassBranchId>
					<PassBranchId>BRANCH_c2-4e-0-4c0fb4</PassBranchId>
					<PassBranchId>BRANCH_c2-4e-0-4c1044</PassBranchId>
					<PassBranchId>BRANCH_c2-4e-0-4c1046</PassBranchId>
					<PassBranchId>BRANCH_c2-4e-0-4c1049</PassBranchId>
					<PassBranchId>BRANCH_c2-4e-0-4c104c</PassBranchId>
					<EndBranchPosition id="BR_POS_1278" branchId="BRANCH_c2-4e-0-4c0d7f" branchNodeId="BN_9256-192" offset="0"/>
				</BranchRoute>
			</WiringItem>
		</WiringItem>
		<WiringItem xsi:type="Bundle" id="BUNDLE_9f-6-0-4e1c70" name="TP_VDB25GP" bundleType="twist">
			<AppRef name="E3.Series" version="2.14.5.0" guid="cce39173-53ac-48cc-a1a2-edc81273196a"/>
			<WiringItem xsi:type="Wire" id="WIRE_94-c-0-2e596c" name="VDB25GP" signalId="SIGNAL_2-36-0-3fd3" cableType="WIRE-2UKD-0.35" wireName="GN/OG" fromPinId="PIN_1e-18-0-13264" toPinId="PIN_6a-1e-0-d5d4c">
				<AppRef name="E3.Series" version="2.13.7.0" guid="8549c39d-dbd2-4a34-aedb-febbdd2f4ef7"/>
				<Property id="PROPERTY_12085" name="WIRE_LENGTH" value="765"/>
				<Property id="PROPERTY_12086" name="WIRE_CSA" value="0.35"/>
				<Property id="PROPERTY_12087" name="WIRE_MIN_BEND_RADIUS" value="3"/>
				<Property id="PROPERTY_12088" name="WIRE_OPTION" value="B5WAZ | B5WBF | B5WBG"/>
				<Property id="PROPERTY_12089" name="WIRE_DEV_PIN_1" value="C23-D1:3"/>
				<Property id="PROPERTY_12090" name="WIRE_COLOR" value="GN/OG"/>
				<Property id="PROPERTY_12091" name="WIRE_SPEC" value="2UKD"/>
				<Property id="PROPERTY_12092" name="WIRE_END1_MATL" value="(SN)"/>
				<Property id="PROPERTY_12093" name="WIRE_LEVEL" value="(CNSL-MID)/(P-COL)"/>
				<Property id="PROPERTY_12094" name="WIRE_END1_TERM" value="BU5T-14474-UA"/>
				<Property id="PROPERTY_12095" name="WIRE_DEV_PIN_2" value="S2DB25-A:1"/>
				<Property id="PROPERTY_12096" name="WIRE_NAME" value="VDB25GP"/>
				<Property id="PROPERTY_12097" name="WIRE_SIGNAL" value="VDB25"/>
				<Property id="PROPERTY_12098" name="HRN_FAMILY" value="14401"/>
				<Property id="PROPERTY_12099" name="WIRE_MULTICORE" value="TP_VDB25GP"/>
				<Property id="PROPERTY_12100" name="WIRE_FPN" value="WIRE-2UKD-0.35-GN/OG"/>
				<Property id="PROPERTY_12101" name="WIRE_DIA_MAX" value="1.2"/>
				<Option id="OPTION_94-c-0-2e596c_1" value="B5WAZ | B5WBF | B5WBG"/>
				<BranchRoute id="BRR_508">
					<StartBranchPosition id="BR_POS_1279" branchId="BRANCH_62-4e-0-cf88e3" branchNodeId="BN_19664-396" offset="0"/>
					<PassBranchId>BRANCH_c2-4e-0-4c1009</PassBranchId>
					<PassBranchId>BRANCH_c2-4e-0-4c10cb</PassBranchId>
					<PassBranchId>BRANCH_c2-4e-0-4c10ec</PassBranchId>
					<PassBranchId>BRANCH_c2-4e-0-4c1075</PassBranchId>
					<PassBranchId>BRANCH_c2-4e-0-4c106f</PassBranchId>
					<PassBranchId>BRANCH_c2-4e-0-4c1087</PassBranchId>
					<PassBranchId>BRANCH_c2-4e-0-4c1083</PassBranchId>
					<PassBranchId>BRANCH_c2-4e-0-4c1088</PassBranchId>
					<EndBranchPosition id="BR_POS_1280" branchId="BRANCH_c2-4e-0-4c0f19" branchNodeId="BN_19800-232" offset="0"/>
				</BranchRoute>
			</WiringItem>
			<WiringItem xsi:type="Wire" id="WIRE_94-c-0-2e594e" name="VDB26GP" signalId="SIGNAL_2-36-0-3fd4" cableType="WIRE-2UKD-0.35" wireName="GY/BU" fromPinId="PIN_1e-18-0-13265" toPinId="PIN_6a-1e-0-d5d4a">
				<AppRef name="E3.Series" version="2.13.7.0" guid="5963dc33-413d-47b5-bf5e-9efb3549e901"/>
				<Property id="PROPERTY_12102" name="WIRE_LENGTH" value="765"/>
				<Property id="PROPERTY_12103" name="WIRE_CSA" value="0.35"/>
				<Property id="PROPERTY_12104" name="WIRE_MIN_BEND_RADIUS" value="3"/>
				<Property id="PROPERTY_12105" name="WIRE_OPTION" value="B5WAZ | B5WBF | B5WBG"/>
				<Property id="PROPERTY_12106" name="WIRE_DEV_PIN_1" value="C23-D1:4"/>
				<Property id="PROPERTY_12107" name="WIRE_COLOR" value="GY/BU"/>
				<Property id="PROPERTY_12108" name="WIRE_SPEC" value="2UKD"/>
				<Property id="PROPERTY_12109" name="WIRE_END1_MATL" value="(SN)"/>
				<Property id="PROPERTY_12110" name="WIRE_LEVEL" value="(CNSL-MID)/(P-COL)"/>
				<Property id="PROPERTY_12111" name="WIRE_END1_TERM" value="BU5T-14474-UA"/>
				<Property id="PROPERTY_12112" name="WIRE_DEV_PIN_2" value="S2DB26-A:1"/>
				<Property id="PROPERTY_12113" name="WIRE_NAME" value="VDB26GP"/>
				<Property id="PROPERTY_12114" name="WIRE_SIGNAL" value="VDB26"/>
				<Property id="PROPERTY_12115" name="HRN_FAMILY" value="14401"/>
				<Property id="PROPERTY_12116" name="WIRE_MULTICORE" value="TP_VDB25GP"/>
				<Property id="PROPERTY_12117" name="WIRE_FPN" value="WIRE-2UKD-0.35-GY/BU"/>
				<Property id="PROPERTY_12118" name="WIRE_DIA_MAX" value="1.2"/>
				<Option id="OPTION_94-c-0-2e594e_1" value="B5WAZ | B5WBF | B5WBG"/>
				<BranchRoute id="BRR_509">
					<StartBranchPosition id="BR_POS_1281" branchId="BRANCH_62-4e-0-d01852" branchNodeId="BN_19712-396" offset="0"/>
					<PassBranchId>BRANCH_c2-4e-0-4c1009</PassBranchId>
					<PassBranchId>BRANCH_c2-4e-0-4c10cb</PassBranchId>
					<PassBranchId>BRANCH_c2-4e-0-4c10ec</PassBranchId>
					<PassBranchId>BRANCH_c2-4e-0-4c1075</PassBranchId>
					<PassBranchId>BRANCH_c2-4e-0-4c106f</PassBranchId>
					<PassBranchId>BRANCH_c2-4e-0-4c1087</PassBranchId>
					<PassBranchId>BRANCH_c2-4e-0-4c1083</PassBranchId>
					<PassBranchId>BRANCH_c2-4e-0-4c1088</PassBranchId>
					<EndBranchPosition id="BR_POS_1282" branchId="BRANCH_c2-4e-0-4c0f19" branchNodeId="BN_19800-232" offset="0"/>
				</BranchRoute>
			</WiringItem>
		</WiringItem>
		<WiringItem xsi:type="Bundle" id="BUNDLE_d4-6-0-11f1f2" name="TP_VDB25K" bundleType="twist">
			<AppRef name="E3.Series" version="2.14.5.0" guid="f2765594-b2a0-4c71-919f-96ad44d21418"/>
			<WiringItem xsi:type="Wire" id="WIRE_d4-c-0-11d9e2" name="VDB25K" signalId="SIGNAL_2-36-0-3fd3" cableType="WIRE-2UKD-0.35" wireName="GN/OG" fromPinId="PIN_e4-18-0-103309" toPinId="PIN_6a-1e-0-c536c">
				<AppRef name="E3.Series" version="2.13.7.0" guid="6fbb2e48-9956-4fa7-9622-a47788ce4436"/>
				<Property id="PROPERTY_12119" name="WIRE_LENGTH" value="574"/>
				<Property id="PROPERTY_12120" name="WIRE_CSA" value="0.35"/>
				<Property id="PROPERTY_12121" name="WIRE_MIN_BEND_RADIUS" value="3"/>
				<Property id="PROPERTY_12122" name="WIRE_OPTION" value="(JBBA8 | JBBBH | JBBBJ | JBBBN) &amp; HT2AA"/>
				<Property id="PROPERTY_12123" name="WIRE_DEV_PIN_1" value="C2CF40:3"/>
				<Property id="PROPERTY_12124" name="WIRE_COLOR" value="GN/OG"/>
				<Property id="PROPERTY_12125" name="WIRE_SPEC" value="2UKD"/>
				<Property id="PROPERTY_12126" name="WIRE_LEVEL" value="(CNSL-HI)/(A-STR)/VA/XM/YN"/>
				<Property id="PROPERTY_12127" name="WIRE_DEV_PIN_2" value="S2DB25-B:1"/>
				<Property id="PROPERTY_12128" name="WIRE_NAME" value="VDB25K"/>
				<Property id="PROPERTY_12129" name="WIRE_END_DC" value="1,9U5T-14474-MA,(SN),(CNSL-HI)/(A-STR)/VA/XM/YN,VDB25M"/>
				<Property id="PROPERTY_12130" name="WIRE_SIGNAL" value="VDB25"/>
				<Property id="PROPERTY_12131" name="HRN_FAMILY" value="14401"/>
				<Property id="PROPERTY_12132" name="WIRE_MULTICORE" value="TP_VDB25K"/>
				<Property id="PROPERTY_12133" name="WIRE_FPN" value="WIRE-2UKD-0.35-GN/OG"/>
				<Property id="PROPERTY_12134" name="WIRE_DIA_MAX" value="1.2"/>
				<Option id="OPTION_d4-c-0-11d9e2_1" value="(JBBA8 | JBBBH | JBBBJ | JBBBN) &amp; HT2AA"/>
				<BranchRoute id="BRR_510">
					<StartBranchPosition id="BR_POS_1283" branchId="BRANCH_c2-4e-0-4c0e1c" branchNodeId="BN_8391_9-374_058" offset="0"/>
					<PassBranchId>BRANCH_c2-4e-0-4c0fcb</PassBranchId>
					<PassBranchId>BRANCH_c2-4e-0-4c0f45</PassBranchId>
					<PassBranchId>BRANCH_c2-4e-0-4c1005</PassBranchId>
					<PassBranchId>BRANCH_c2-4e-0-4c0f7e</PassBranchId>
					<PassBranchId>BRANCH_c2-4e-0-4c0fb4</PassBranchId>
					<PassBranchId>BRANCH_c2-4e-0-4c0d7c</PassBranchId>
					<PassBranchId>BRANCH_c2-4e-0-4c0fc2</PassBranchId>
					<PassBranchId>BRANCH_c2-4e-0-4c0fba</PassBranchId>
					<EndBranchPosition id="BR_POS_1284" branchId="BRANCH_c2-4e-0-4c0e9f" branchNodeId="BN_8520-248" offset="0"/>
				</BranchRoute>
			</WiringItem>
			<WiringItem xsi:type="Wire" id="WIRE_d4-c-0-11e5ea" name="VDB26K" signalId="SIGNAL_2-36-0-3fd4" cableType="WIRE-2UKD-0.35" wireName="GY/BU" fromPinId="PIN_e4-18-0-10330f" toPinId="PIN_6a-1e-0-c536a">
				<AppRef name="E3.Series" version="2.13.7.0" guid="224a9e07-27d0-464e-8c94-3ac74227aca5"/>
				<Property id="PROPERTY_12135" name="WIRE_LENGTH" value="574"/>
				<Property id="PROPERTY_12136" name="WIRE_CSA" value="0.35"/>
				<Property id="PROPERTY_12137" name="WIRE_MIN_BEND_RADIUS" value="3"/>
				<Property id="PROPERTY_12138" name="WIRE_OPTION" value="(JBBA8 | JBBBH | JBBBJ | JBBBN) &amp; HT2AA"/>
				<Property id="PROPERTY_12139" name="WIRE_DEV_PIN_1" value="C2CF40:2"/>
				<Property id="PROPERTY_12140" name="WIRE_COLOR" value="GY/BU"/>
				<Property id="PROPERTY_12141" name="WIRE_SPEC" value="2UKD"/>
				<Property id="PROPERTY_12142" name="WIRE_LEVEL" value="(CNSL-HI)/(A-STR)/VA/XM/YN"/>
				<Property id="PROPERTY_12143" name="WIRE_DEV_PIN_2" value="S2DB26-B:1"/>
				<Property id="PROPERTY_12144" name="WIRE_NAME" value="VDB26K"/>
				<Property id="PROPERTY_12145" name="WIRE_END_DC" value="1,9U5T-14474-MA,(SN),(CNSL-HI)/(A-STR)/VA/XM/YN,VDB26M"/>
				<Property id="PROPERTY_12146" name="WIRE_SIGNAL" value="VDB26"/>
				<Property id="PROPERTY_12147" name="HRN_FAMILY" value="14401"/>
				<Property id="PROPERTY_12148" name="WIRE_MULTICORE" value="TP_VDB25K"/>
				<Property id="PROPERTY_12149" name="WIRE_FPN" value="WIRE-2UKD-0.35-GY/BU"/>
				<Property id="PROPERTY_12150" name="WIRE_DIA_MAX" value="1.2"/>
				<Option id="OPTION_d4-c-0-11e5ea_1" value="(JBBA8 | JBBBH | JBBBJ | JBBBN) &amp; HT2AA"/>
				<BranchRoute id="BRR_511">
					<StartBranchPosition id="BR_POS_1285" branchId="BRANCH_c2-4e-0-4c0e20" branchNodeId="BN_8431_9-374_058" offset="0"/>
					<PassBranchId>BRANCH_c2-4e-0-4c0fcb</PassBranchId>
					<PassBranchId>BRANCH_c2-4e-0-4c0f45</PassBranchId>
					<PassBranchId>BRANCH_c2-4e-0-4c1005</PassBranchId>
					<PassBranchId>BRANCH_c2-4e-0-4c0f7e</PassBranchId>
					<PassBranchId>BRANCH_c2-4e-0-4c0fb4</PassBranchId>
					<PassBranchId>BRANCH_c2-4e-0-4c0d7c</PassBranchId>
					<PassBranchId>BRANCH_c2-4e-0-4c0fc2</PassBranchId>
					<PassBranchId>BRANCH_c2-4e-0-4c0fba</PassBranchId>
					<EndBranchPosition id="BR_POS_1286" branchId="BRANCH_c2-4e-0-4c0e9f" branchNodeId="BN_8520-248" offset="0"/>
				</BranchRoute>
			</WiringItem>
		</WiringItem>
		<WiringItem xsi:type="Bundle" id="BUNDLE_7a-6-0-25bd09" name="TP_VDB25L" bundleType="twist">
			<AppRef name="E3.Series" version="2.14.5.0" guid="8e77d0b6-dadd-401b-9367-d1cd47478355"/>
			<WiringItem xsi:type="Wire" id="WIRE_7a-c-0-25bad9" name="VDB25L" signalId="SIGNAL_2-36-0-3fd3" cableType="WIRE-2UKD-0.35" wireName="GN/OG" fromPinId="PIN_e4-18-0-103309" toPinId="PIN_6a-1e-0-d5d4c">
				<AppRef name="E3.Series" version="2.13.7.0" guid="b9f635b2-17b9-470c-a62f-31c437004364"/>
				<Property id="PROPERTY_12151" name="WIRE_LENGTH" value="664"/>
				<Property id="PROPERTY_12152" name="WIRE_CSA" value="0.35"/>
				<Property id="PROPERTY_12153" name="WIRE_MIN_BEND_RADIUS" value="3"/>
				<Property id="PROPERTY_12154" name="WIRE_OPTION" value="(JBBAE | JBBA7 | JBBAK | JBBAL) &amp; HT2AA"/>
				<Property id="PROPERTY_12155" name="WIRE_DEV_PIN_1" value="C2CF40:3"/>
				<Property id="PROPERTY_12156" name="WIRE_COLOR" value="GN/OG"/>
				<Property id="PROPERTY_12157" name="WIRE_SPEC" value="2UKD"/>
				<Property id="PROPERTY_12158" name="WIRE_END1_MATL" value="(SN)"/>
				<Property id="PROPERTY_12159" name="WIRE_LEVEL" value="(C-SHF)/(7SPKR)/(TACH-L0)/CD/YP"/>
				<Property id="PROPERTY_12160" name="WIRE_END1_TERM" value="3F2T-14474-SA"/>
				<Property id="PROPERTY_12161" name="WIRE_DEV_PIN_2" value="S2DB25-A:1"/>
				<Property id="PROPERTY_12162" name="WIRE_NAME" value="VDB25L"/>
				<Property id="PROPERTY_12163" name="WIRE_END_DC" value="1,9U5T-14474-MA,(SN),(NO_LEVELS_ASSIGNED),VDB25K"/>
				<Property id="PROPERTY_12164" name="WIRE_SIGNAL" value="VDB25"/>
				<Property id="PROPERTY_12165" name="HRN_FAMILY" value="14401"/>
				<Property id="PROPERTY_12166" name="WIRE_MULTICORE" value="TP_VDB25L"/>
				<Property id="PROPERTY_12167" name="WIRE_FPN" value="WIRE-2UKD-0.35-GN/OG"/>
				<Property id="PROPERTY_12168" name="WIRE_DIA_MAX" value="1.2"/>
				<Option id="OPTION_7a-c-0-25bad9_1" value="(JBBAE | JBBA7 | JBBAK | JBBAL) &amp; HT2AA"/>
				<BranchRoute id="BRR_512">
					<StartBranchPosition id="BR_POS_1287" branchId="BRANCH_c2-4e-0-4c0e9f" branchNodeId="BN_8520-248" offset="0"/>
					<PassBranchId>BRANCH_c2-4e-0-4c0fba</PassBranchId>
					<PassBranchId>BRANCH_c2-4e-0-4c0fc2</PassBranchId>
					<PassBranchId>BRANCH_c2-4e-0-4c0d7c</PassBranchId>
					<PassBranchId>BRANCH_c2-4e-0-4c0fb4</PassBranchId>
					<PassBranchId>BRANCH_c2-4e-0-4c0f7e</PassBranchId>
					<PassBranchId>BRANCH_c2-4e-0-4c1005</PassBranchId>
					<PassBranchId>BRANCH_c2-4e-0-4c0f45</PassBranchId>
					<PassBranchId>BRANCH_c2-4e-0-4c0dea</PassBranchId>
					<PassBranchId>BRANCH_c2-4e-0-4c0fd1</PassBranchId>
					<PassBranchId>BRANCH_c2-4e-0-4c0fe8</PassBranchId>
					<EndBranchPosition id="BR_POS_1288" branchId="BRANCH_62-4e-0-cf88e3" branchNodeId="BN_19664-396" offset="0"/>
				</BranchRoute>
			</WiringItem>
			<WiringItem xsi:type="Wire" id="WIRE_7a-c-0-25babc" name="VDB26L" signalId="SIGNAL_2-36-0-3fd4" cableType="WIRE-2UKD-0.35" wireName="GY/BU" fromPinId="PIN_e4-18-0-10330f" toPinId="PIN_6a-1e-0-d5d4a">
				<AppRef name="E3.Series" version="2.13.7.0" guid="ca6ee0bf-2ae2-4f68-befa-35e5ef8adcae"/>
				<Property id="PROPERTY_12169" name="WIRE_LENGTH" value="664"/>
				<Property id="PROPERTY_12170" name="WIRE_CSA" value="0.35"/>
				<Property id="PROPERTY_12171" name="WIRE_MIN_BEND_RADIUS" value="3"/>
				<Property id="PROPERTY_12172" name="WIRE_OPTION" value="(JBBAE | JBBA7 | JBBAK | JBBAL) &amp; HT2AA"/>
				<Property id="PROPERTY_12173" name="WIRE_DEV_PIN_1" value="C2CF40:2"/>
				<Property id="PROPERTY_12174" name="WIRE_COLOR" value="GY/BU"/>
				<Property id="PROPERTY_12175" name="WIRE_SPEC" value="2UKD"/>
				<Property id="PROPERTY_12176" name="WIRE_END1_MATL" value="(SN)"/>
				<Property id="PROPERTY_12177" name="WIRE_LEVEL" value="(C-SHF)/(7SPKR)/(TACH-L0)/CD/YP"/>
				<Property id="PROPERTY_12178" name="WIRE_END1_TERM" value="3F2T-14474-SA"/>
				<Property id="PROPERTY_12179" name="WIRE_DEV_PIN_2" value="S2DB26-A:1"/>
				<Property id="PROPERTY_12180" name="WIRE_NAME" value="VDB26L"/>
				<Property id="PROPERTY_12181" name="WIRE_END_DC" value="1,9U5T-14474-MA,(SN),(NO_LEVELS_ASSIGNED),VDB26K"/>
				<Property id="PROPERTY_12182" name="WIRE_SIGNAL" value="VDB26"/>
				<Property id="PROPERTY_12183" name="HRN_FAMILY" value="14401"/>
				<Property id="PROPERTY_12184" name="WIRE_MULTICORE" value="TP_VDB25L"/>
				<Property id="PROPERTY_12185" name="WIRE_FPN" value="WIRE-2UKD-0.35-GY/BU"/>
				<Property id="PROPERTY_12186" name="WIRE_DIA_MAX" value="1.2"/>
				<Option id="OPTION_7a-c-0-25babc_1" value="(JBBAE | JBBA7 | JBBAK | JBBAL) &amp; HT2AA"/>
				<BranchRoute id="BRR_513">
					<StartBranchPosition id="BR_POS_1289" branchId="BRANCH_c2-4e-0-4c0e9f" branchNodeId="BN_8520-248" offset="0"/>
					<PassBranchId>BRANCH_c2-4e-0-4c0fba</PassBranchId>
					<PassBranchId>BRANCH_c2-4e-0-4c0fc2</PassBranchId>
					<PassBranchId>BRANCH_c2-4e-0-4c0d7c</PassBranchId>
					<PassBranchId>BRANCH_c2-4e-0-4c0fb4</PassBranchId>
					<PassBranchId>BRANCH_c2-4e-0-4c0f7e</PassBranchId>
					<PassBranchId>BRANCH_c2-4e-0-4c1005</PassBranchId>
					<PassBranchId>BRANCH_c2-4e-0-4c0f45</PassBranchId>
					<PassBranchId>BRANCH_c2-4e-0-4c0dea</PassBranchId>
					<PassBranchId>BRANCH_c2-4e-0-4c0fd1</PassBranchId>
					<PassBranchId>BRANCH_c2-4e-0-4c0fe8</PassBranchId>
					<EndBranchPosition id="BR_POS_1290" branchId="BRANCH_62-4e-0-d01852" branchNodeId="BN_19712-396" offset="0"/>
				</BranchRoute>
			</WiringItem>
		</WiringItem>
		<WiringItem xsi:type="Bundle" id="BUNDLE_d4-6-0-11f1f3" name="TP_VDB25M" bundleType="twist">
			<AppRef name="E3.Series" version="2.14.5.0" guid="01b8f595-846e-4218-8a52-f4ebce87d480"/>
			<WiringItem xsi:type="Wire" id="WIRE_d4-c-0-11dfe6" name="VDB25M" signalId="SIGNAL_2-36-0-3fd3" cableType="WIRE-2UKD-0.35" wireName="GN/OG" fromPinId="PIN_e4-18-0-103309" toPinId="PIN_74-18-0-263b94">
				<AppRef name="E3.Series" version="2.13.7.0" guid="1107738d-2778-4109-9fd3-bc7185b554b8"/>
				<Property id="PROPERTY_12187" name="WIRE_LENGTH" value="1369"/>
				<Property id="PROPERTY_12188" name="WIRE_END2_MATL" value="(SN)"/>
				<Property id="PROPERTY_12189" name="WIRE_CSA" value="0.35"/>
				<Property id="PROPERTY_12190" name="WIRE_MIN_BEND_RADIUS" value="3"/>
				<Property id="PROPERTY_12191" name="WIRE_OPTION" value="HT2AA"/>
				<Property id="PROPERTY_12192" name="WIRE_DEV_PIN_1" value="C2CF40:3"/>
				<Property id="PROPERTY_12193" name="WIRE_COLOR" value="GN/OG"/>
				<Property id="PROPERTY_12194" name="WIRE_SPEC" value="2UKD"/>
				<Property id="PROPERTY_12195" name="WIRE_LEVEL" value="(C-SHF)/(400W)/(7SPKR)/(TACH-L0)/(ACBRKR)/VA"/>
				<Property id="PROPERTY_12196" name="WIRE_DEV_PIN_2" value="C23-C1:25"/>
				<Property id="PROPERTY_12197" name="WIRE_NAME" value="VDB25M"/>
				<Property id="PROPERTY_12198" name="WIRE_END_DC" value="1,9U5T-14474-MA,(SN),(C-SHF)/(400W)/(8DSP)/(7SPKR)/(ACBRKR)/VA,VDB25K"/>
				<Property id="PROPERTY_12199" name="WIRE_END2_TERM" value="9U5T-14474-DB"/>
				<Property id="PROPERTY_12200" name="WIRE_SIGNAL" value="VDB25"/>
				<Property id="PROPERTY_12201" name="HRN_FAMILY" value="14401"/>
				<Property id="PROPERTY_12202" name="WIRE_MULTICORE" value="TP_VDB25M"/>
				<Property id="PROPERTY_12203" name="WIRE_FPN" value="WIRE-2UKD-0.35-GN/OG"/>
				<Property id="PROPERTY_12204" name="WIRE_DIA_MAX" value="1.2"/>
				<Option id="OPTION_d4-c-0-11dfe6_1" value="HT2AA"/>
				<BranchRoute id="BRR_514">
					<StartBranchPosition id="BR_POS_1291" branchId="BRANCH_c2-4e-0-4c0de1" branchNodeId="BN_79_9-190_058" offset="0"/>
					<PassBranchId>BRANCH_c2-4e-0-4c0ddd</PassBranchId>
					<PassBranchId>BRANCH_c2-4e-0-4c10dd</PassBranchId>
					<PassBranchId>BRANCH_c2-4e-0-4c1020</PassBranchId>
					<PassBranchId>BRANCH_c2-4e-0-4c1021</PassBranchId>
					<PassBranchId>BRANCH_c2-4e-0-4c10e7</PassBranchId>
					<PassBranchId>BRANCH_c2-4e-0-4c0fc5</PassBranchId>
					<PassBranchId>BRANCH_c2-4e-0-4c0fce</PassBranchId>
					<PassBranchId>BRANCH_c2-4e-0-4c0d1d</PassBranchId>
					<PassBranchId>BRANCH_35-4e-0-2efaf8</PassBranchId>
					<PassBranchId>BRANCH_c2-4e-0-4c10c0</PassBranchId>
					<PassBranchId>BRANCH_c2-4e-0-4c0fc8</PassBranchId>
					<PassBranchId>BRANCH_c2-4e-0-4c108d</PassBranchId>
					<PassBranchId>BRANCH_c2-4e-0-4c0d88</PassBranchId>
					<PassBranchId>BRANCH_c2-4e-0-4c109a</PassBranchId>
					<PassBranchId>BRANCH_c2-4e-0-4c0e16</PassBranchId>
					<PassBranchId>BRANCH_c2-4e-0-4c0fcb</PassBranchId>
					<PassBranchId>BRANCH_c2-4e-0-4c0f45</PassBranchId>
					<PassBranchId>BRANCH_c2-4e-0-4c1005</PassBranchId>
					<PassBranchId>BRANCH_c2-4e-0-4c0f7e</PassBranchId>
					<PassBranchId>BRANCH_c2-4e-0-4c0fb4</PassBranchId>
					<PassBranchId>BRANCH_c2-4e-0-4c0d7c</PassBranchId>
					<PassBranchId>BRANCH_c2-4e-0-4c0fc2</PassBranchId>
					<PassBranchId>BRANCH_c2-4e-0-4c0fba</PassBranchId>
					<EndBranchPosition id="BR_POS_1292" branchId="BRANCH_c2-4e-0-4c0e9f" branchNodeId="BN_8520-248" offset="0"/>
				</BranchRoute>
			</WiringItem>
			<WiringItem xsi:type="Wire" id="WIRE_d4-c-0-11ebee" name="VDB26M" signalId="SIGNAL_2-36-0-3fd4" cableType="WIRE-2UKD-0.35" wireName="GY/BU" fromPinId="PIN_e4-18-0-10330f" toPinId="PIN_74-18-0-263b90">
				<AppRef name="E3.Series" version="2.13.7.0" guid="9eef8de9-53de-421b-98f2-d378fd93a747"/>
				<Property id="PROPERTY_12205" name="WIRE_LENGTH" value="1369"/>
				<Property id="PROPERTY_12206" name="WIRE_END2_MATL" value="(SN)"/>
				<Property id="PROPERTY_12207" name="WIRE_CSA" value="0.35"/>
				<Property id="PROPERTY_12208" name="WIRE_MIN_BEND_RADIUS" value="3"/>
				<Property id="PROPERTY_12209" name="WIRE_OPTION" value="HT2AA"/>
				<Property id="PROPERTY_12210" name="WIRE_DEV_PIN_1" value="C2CF40:2"/>
				<Property id="PROPERTY_12211" name="WIRE_COLOR" value="GY/BU"/>
				<Property id="PROPERTY_12212" name="WIRE_SPEC" value="2UKD"/>
				<Property id="PROPERTY_12213" name="WIRE_LEVEL" value="(C-SHF)/(400W)/(7SPKR)/(TACH-L0)/(ACBRKR)/VA"/>
				<Property id="PROPERTY_12214" name="WIRE_DEV_PIN_2" value="C23-C1:24"/>
				<Property id="PROPERTY_12215" name="WIRE_NAME" value="VDB26M"/>
				<Property id="PROPERTY_12216" name="WIRE_END_DC" value="1,9U5T-14474-MA,(SN),(C-SHF)/(400W)/(8DSP)/(7SPKR)/(ACBRKR)/VA,VDB26K"/>
				<Property id="PROPERTY_12217" name="WIRE_END2_TERM" value="9U5T-14474-DB"/>
				<Property id="PROPERTY_12218" name="WIRE_SIGNAL" value="VDB26"/>
				<Property id="PROPERTY_12219" name="HRN_FAMILY" value="14401"/>
				<Property id="PROPERTY_12220" name="WIRE_MULTICORE" value="TP_VDB25M"/>
				<Property id="PROPERTY_12221" name="WIRE_FPN" value="WIRE-2UKD-0.35-GY/BU"/>
				<Property id="PROPERTY_12222" name="WIRE_DIA_MAX" value="1.2"/>
				<Option id="OPTION_d4-c-0-11ebee_1" value="HT2AA"/>
				<BranchRoute id="BRR_515">
					<StartBranchPosition id="BR_POS_1293" branchId="BRANCH_c2-4e-0-4c0de1" branchNodeId="BN_79_9-190_058" offset="0"/>
					<PassBranchId>BRANCH_c2-4e-0-4c0ddd</PassBranchId>
					<PassBranchId>BRANCH_c2-4e-0-4c10dd</PassBranchId>
					<PassBranchId>BRANCH_c2-4e-0-4c1020</PassBranchId>
					<PassBranchId>BRANCH_c2-4e-0-4c1021</PassBranchId>
					<PassBranchId>BRANCH_c2-4e-0-4c10e7</PassBranchId>
					<PassBranchId>BRANCH_c2-4e-0-4c0fc5</PassBranchId>
					<PassBranchId>BRANCH_c2-4e-0-4c0fce</PassBranchId>
					<PassBranchId>BRANCH_c2-4e-0-4c0d1d</PassBranchId>
					<PassBranchId>BRANCH_35-4e-0-2efaf8</PassBranchId>
					<PassBranchId>BRANCH_c2-4e-0-4c10c0</PassBranchId>
					<PassBranchId>BRANCH_c2-4e-0-4c0fc8</PassBranchId>
					<PassBranchId>BRANCH_c2-4e-0-4c108d</PassBranchId>
					<PassBranchId>BRANCH_c2-4e-0-4c0d88</PassBranchId>
					<PassBranchId>BRANCH_c2-4e-0-4c109a</PassBranchId>
					<PassBranchId>BRANCH_c2-4e-0-4c0e16</PassBranchId>
					<PassBranchId>BRANCH_c2-4e-0-4c0fcb</PassBranchId>
					<PassBranchId>BRANCH_c2-4e-0-4c0f45</PassBranchId>
					<PassBranchId>BRANCH_c2-4e-0-4c1005</PassBranchId>
					<PassBranchId>BRANCH_c2-4e-0-4c0f7e</PassBranchId>
					<PassBranchId>BRANCH_c2-4e-0-4c0fb4</PassBranchId>
					<PassBranchId>BRANCH_c2-4e-0-4c0d7c</PassBranchId>
					<PassBranchId>BRANCH_c2-4e-0-4c0fc2</PassBranchId>
					<PassBranchId>BRANCH_c2-4e-0-4c0fba</PassBranchId>
					<EndBranchPosition id="BR_POS_1294" branchId="BRANCH_c2-4e-0-4c0e9f" branchNodeId="BN_8520-248" offset="0"/>
				</BranchRoute>
			</WiringItem>
		</WiringItem>
		<WiringItem xsi:type="Bundle" id="BUNDLE_a1-6-0-9d1f4" name="TP_VDB25MX" bundleType="twist">
			<AppRef name="E3.Series" version="2.14.5.0" guid="0dddee19-538c-4887-a2d5-2be2d6b72c22"/>
			<WiringItem xsi:type="Wire" id="WIRE_95-c-0-e5d08" name="VDB25MX" signalId="SIGNAL_2-36-0-3fd3" cableType="WIRE-2UKD-0.35" wireName="GN/OG" fromPinId="PIN_43-18-0-192e42" toPinId="PIN_48-18-0-85d576">
				<AppRef name="E3.Series" version="2.13.7.0" guid="85f73596-6fe6-4823-aa86-31e4e81520b6"/>
				<Property id="PROPERTY_12223" name="WIRE_LENGTH" value="996"/>
				<Property id="PROPERTY_12224" name="WIRE_END2_MATL" value="(SN)"/>
				<Property id="PROPERTY_12225" name="WIRE_CSA" value="0.35"/>
				<Property id="PROPERTY_12226" name="WIRE_MIN_BEND_RADIUS" value="3"/>
				<Property id="PROPERTY_12227" name="WIRE_OPTION" value="GPAAJ"/>
				<Property id="PROPERTY_12228" name="WIRE_DEV_PIN_1" value="C23-A1:23"/>
				<Property id="PROPERTY_12229" name="WIRE_COLOR" value="GN/OG"/>
				<Property id="PROPERTY_12230" name="WIRE_SPEC" value="2UKD"/>
				<Property id="PROPERTY_12231" name="WIRE_END1_MATL" value="(SN)"/>
				<Property id="PROPERTY_12232" name="WIRE_LEVEL" value="(E-STR)"/>
				<Property id="PROPERTY_12233" name="WIRE_END1_TERM" value="9U5T-14474-DB"/>
				<Property id="PROPERTY_12234" name="WIRE_DEV_PIN_2" value="C2AM01-B:5"/>
				<Property id="PROPERTY_12235" name="WIRE_NAME" value="VDB25MX"/>
				<Property id="PROPERTY_12236" name="WIRE_END2_TERM" value="3F2T-14474-SA"/>
				<Property id="PROPERTY_12237" name="WIRE_SIGNAL" value="VDB25"/>
				<Property id="PROPERTY_12238" name="HRN_FAMILY" value="14401"/>
				<Property id="PROPERTY_12239" name="WIRE_MULTICORE" value="TP_VDB25MX"/>
				<Property id="PROPERTY_12240" name="WIRE_FPN" value="WIRE-2UKD-0.35-GN/OG"/>
				<Property id="PROPERTY_12241" name="WIRE_DIA_MAX" value="1.2"/>
				<Option id="OPTION_95-c-0-e5d08_1" value="GPAAJ"/>
				<BranchRoute id="BRR_516">
					<StartBranchPosition id="BR_POS_1295" branchId="BRANCH_c2-4e-0-4c0dda" branchNodeId="BN_695_9-190_058" offset="0"/>
					<PassBranchId>BRANCH_c2-4e-0-4c0fad</PassBranchId>
					<PassBranchId>BRANCH_c2-4e-0-4c10dd</PassBranchId>
					<PassBranchId>BRANCH_c2-4e-0-4c1020</PassBranchId>
					<PassBranchId>BRANCH_c2-4e-0-4c1021</PassBranchId>
					<PassBranchId>BRANCH_c2-4e-0-4c10e7</PassBranchId>
					<PassBranchId>BRANCH_c2-4e-0-4c0fc5</PassBranchId>
					<PassBranchId>BRANCH_c2-4e-0-4c101a</PassBranchId>
					<PassBranchId>BRANCH_c2-4e-0-4c101d</PassBranchId>
					<PassBranchId>BRANCH_c2-4e-0-4c0d95</PassBranchId>
					<PassBranchId>BRANCH_c2-4e-0-4c10ae</PassBranchId>
					<PassBranchId>BRANCH_c2-4e-0-4c0f9b</PassBranchId>
					<PassBranchId>BRANCH_c2-4e-0-4c0f9e</PassBranchId>
					<PassBranchId>BRANCH_c2-4e-0-4c10b1</PassBranchId>
					<PassBranchId>BRANCH_c2-4e-0-4c0fa1</PassBranchId>
					<PassBranchId>BRANCH_c2-4e-0-4c10b7</PassBranchId>
					<PassBranchId>BRANCH_c2-4e-0-4c10b4</PassBranchId>
					<PassBranchId>BRANCH_c2-4e-0-4c0d9b</PassBranchId>
					<PassBranchId>BRANCH_c2-4e-0-4c0f99</PassBranchId>
					<PassBranchId>BRANCH_c2-4e-0-4c0f96</PassBranchId>
					<PassBranchId>BRANCH_c2-4e-0-4c0f94</PassBranchId>
					<EndBranchPosition id="BR_POS_1296" branchId="BRANCH_c2-4e-0-4c0da2" branchNodeId="BN_4919_9-222_058" offset="0"/>
				</BranchRoute>
			</WiringItem>
			<WiringItem xsi:type="Wire" id="WIRE_95-c-0-e5d6b" name="VDB26MX" signalId="SIGNAL_2-36-0-3fd4" cableType="WIRE-2UKD-0.35" wireName="GY/BU" fromPinId="PIN_43-18-0-192e46" toPinId="PIN_48-18-0-85d57a">
				<AppRef name="E3.Series" version="2.13.7.0" guid="bdaac3f9-56ca-4460-93a8-dc172dbb4d18"/>
				<Property id="PROPERTY_12242" name="WIRE_LENGTH" value="996"/>
				<Property id="PROPERTY_12243" name="WIRE_END2_MATL" value="(SN)"/>
				<Property id="PROPERTY_12244" name="WIRE_CSA" value="0.35"/>
				<Property id="PROPERTY_12245" name="WIRE_MIN_BEND_RADIUS" value="3"/>
				<Property id="PROPERTY_12246" name="WIRE_OPTION" value="GPAAJ"/>
				<Property id="PROPERTY_12247" name="WIRE_DEV_PIN_1" value="C23-A1:24"/>
				<Property id="PROPERTY_12248" name="WIRE_COLOR" value="GY/BU"/>
				<Property id="PROPERTY_12249" name="WIRE_SPEC" value="2UKD"/>
				<Property id="PROPERTY_12250" name="WIRE_END1_MATL" value="(SN)"/>
				<Property id="PROPERTY_12251" name="WIRE_LEVEL" value="(E-STR)"/>
				<Property id="PROPERTY_12252" name="WIRE_END1_TERM" value="9U5T-14474-DB"/>
				<Property id="PROPERTY_12253" name="WIRE_DEV_PIN_2" value="C2AM01-B:6"/>
				<Property id="PROPERTY_12254" name="WIRE_NAME" value="VDB26MX"/>
				<Property id="PROPERTY_12255" name="WIRE_END2_TERM" value="3F2T-14474-SA"/>
				<Property id="PROPERTY_12256" name="WIRE_SIGNAL" value="VDB26"/>
				<Property id="PROPERTY_12257" name="HRN_FAMILY" value="14401"/>
				<Property id="PROPERTY_12258" name="WIRE_MULTICORE" value="TP_VDB25MX"/>
				<Property id="PROPERTY_12259" name="WIRE_FPN" value="WIRE-2UKD-0.35-GY/BU"/>
				<Property id="PROPERTY_12260" name="WIRE_DIA_MAX" value="1.2"/>
				<Option id="OPTION_95-c-0-e5d6b_1" value="GPAAJ"/>
				<BranchRoute id="BRR_517">
					<StartBranchPosition id="BR_POS_1297" branchId="BRANCH_c2-4e-0-4c0dda" branchNodeId="BN_695_9-190_058" offset="0"/>
					<PassBranchId>BRANCH_c2-4e-0-4c0fad</PassBranchId>
					<PassBranchId>BRANCH_c2-4e-0-4c10dd</PassBranchId>
					<PassBranchId>BRANCH_c2-4e-0-4c1020</PassBranchId>
					<PassBranchId>BRANCH_c2-4e-0-4c1021</PassBranchId>
					<PassBranchId>BRANCH_c2-4e-0-4c10e7</PassBranchId>
					<PassBranchId>BRANCH_c2-4e-0-4c0fc5</PassBranchId>
					<PassBranchId>BRANCH_c2-4e-0-4c101a</PassBranchId>
					<PassBranchId>BRANCH_c2-4e-0-4c101d</PassBranchId>
					<PassBranchId>BRANCH_c2-4e-0-4c0d95</PassBranchId>
					<PassBranchId>BRANCH_c2-4e-0-4c10ae</PassBranchId>
					<PassBranchId>BRANCH_c2-4e-0-4c0f9b</PassBranchId>
					<PassBranchId>BRANCH_c2-4e-0-4c0f9e</PassBranchId>
					<PassBranchId>BRANCH_c2-4e-0-4c10b1</PassBranchId>
					<PassBranchId>BRANCH_c2-4e-0-4c0fa1</PassBranchId>
					<PassBranchId>BRANCH_c2-4e-0-4c10b7</PassBranchId>
					<PassBranchId>BRANCH_c2-4e-0-4c10b4</PassBranchId>
					<PassBranchId>BRANCH_c2-4e-0-4c0d9b</PassBranchId>
					<PassBranchId>BRANCH_c2-4e-0-4c0f99</PassBranchId>
					<PassBranchId>BRANCH_c2-4e-0-4c0f96</PassBranchId>
					<PassBranchId>BRANCH_c2-4e-0-4c0f94</PassBranchId>
					<EndBranchPosition id="BR_POS_1298" branchId="BRANCH_c2-4e-0-4c0da2" branchNodeId="BN_4919_9-222_058" offset="0"/>
				</BranchRoute>
			</WiringItem>
		</WiringItem>
		<WiringItem xsi:type="Bundle" id="BUNDLE_6a-6-0-c238f" name="TP_VDB27A" bundleType="twist">
			<AppRef name="E3.Series" version="2.14.5.0" guid="c8039f31-c40e-4f26-ad1a-372fb3974d8e"/>
			<WiringItem xsi:type="Wire" id="WIRE_6a-c-0-c2362" name="VDB27A" signalId="SIGNAL_2-36-0-3fd5" cableType="WIRE-2UKD-0.35" wireName="VT/GN" fromPinId="PIN_13-18-0-2ceb56" toPinId="PIN_43-18-0-192e4a">
				<AppRef name="E3.Series" version="2.13.7.0" guid="762cc2b5-fae7-4611-994c-04799fcf6231"/>
				<Property id="PROPERTY_12261" name="WIRE_LENGTH" value="1550"/>
				<Property id="PROPERTY_12262" name="WIRE_END2_MATL" value="(SN)"/>
				<Property id="PROPERTY_12263" name="WIRE_CSA" value="0.35"/>
				<Property id="PROPERTY_12264" name="WIRE_MIN_BEND_RADIUS" value="3"/>
				<Property id="PROPERTY_12265" name="WIRE_OPTION" value="AATAF | J3KAH | CAQAJ"/>
				<Property id="PROPERTY_12266" name="WIRE_DEV_PIN_1" value="C2DB02-A:11"/>
				<Property id="PROPERTY_12267" name="WIRE_COLOR" value="VT/GN"/>
				<Property id="PROPERTY_12268" name="WIRE_SPEC" value="2UKD"/>
				<Property id="PROPERTY_12269" name="WIRE_END1_MATL" value="(SN)"/>
				<Property id="PROPERTY_12270" name="WIRE_LEVEL" value="(D-CAM)/(PEPS-12)/(CNSL-MID)"/>
				<Property id="PROPERTY_12271" name="WIRE_END1_TERM" value="9U5T-14474-DB"/>
				<Property id="PROPERTY_12272" name="WIRE_DEV_PIN_2" value="C23-A1:25"/>
				<Property id="PROPERTY_12273" name="WIRE_NAME" value="VDB27A"/>
				<Property id="PROPERTY_12274" name="WIRE_END2_TERM" value="9U5T-14474-DB"/>
				<Property id="PROPERTY_12275" name="WIRE_SIGNAL" value="VDB27"/>
				<Property id="PROPERTY_12276" name="HRN_FAMILY" value="14401"/>
				<Property id="PROPERTY_12277" name="WIRE_MULTICORE" value="TP_VDB27A"/>
				<Property id="PROPERTY_12278" name="WIRE_FPN" value="WIRE-2UKD-0.35-VT/GN"/>
				<Property id="PROPERTY_12279" name="WIRE_DIA_MAX" value="1.2"/>
				<Option id="OPTION_6a-c-0-c2362_1" value="AATAF | J3KAH | CAQAJ"/>
				<BranchRoute id="BRR_518">
					<StartBranchPosition id="BR_POS_1299" branchId="BRANCH_c2-4e-0-4c0dda" branchNodeId="BN_695_9-190_058" offset="0"/>
					<PassBranchId>BRANCH_c2-4e-0-4c0fad</PassBranchId>
					<PassBranchId>BRANCH_c2-4e-0-4c10dd</PassBranchId>
					<PassBranchId>BRANCH_c2-4e-0-4c1020</PassBranchId>
					<PassBranchId>BRANCH_c2-4e-0-4c1021</PassBranchId>
					<PassBranchId>BRANCH_c2-4e-0-4c10e7</PassBranchId>
					<PassBranchId>BRANCH_c2-4e-0-4c0fc5</PassBranchId>
					<PassBranchId>BRANCH_c2-4e-0-4c0fce</PassBranchId>
					<PassBranchId>BRANCH_c2-4e-0-4c0d1d</PassBranchId>
					<PassBranchId>BRANCH_35-4e-0-2efaf8</PassBranchId>
					<PassBranchId>BRANCH_c2-4e-0-4c10c0</PassBranchId>
					<PassBranchId>BRANCH_c2-4e-0-4c0fc8</PassBranchId>
					<PassBranchId>BRANCH_c2-4e-0-4c108d</PassBranchId>
					<PassBranchId>BRANCH_c2-4e-0-4c0d88</PassBranchId>
					<PassBranchId>BRANCH_c2-4e-0-4c109a</PassBranchId>
					<PassBranchId>BRANCH_c2-4e-0-4c0e16</PassBranchId>
					<PassBranchId>BRANCH_c2-4e-0-4c0fcb</PassBranchId>
					<PassBranchId>BRANCH_c2-4e-0-4c0dea</PassBranchId>
					<PassBranchId>BRANCH_c2-4e-0-4c0fd1</PassBranchId>
					<PassBranchId>BRANCH_c2-4e-0-4c0fe8</PassBranchId>
					<PassBranchId>BRANCH_c2-4e-0-4c1009</PassBranchId>
					<PassBranchId>BRANCH_c2-4e-0-4c10cb</PassBranchId>
					<PassBranchId>BRANCH_c2-4e-0-4c10ec</PassBranchId>
					<PassBranchId>BRANCH_c2-4e-0-4c1075</PassBranchId>
					<PassBranchId>BRANCH_c2-4e-0-4c106f</PassBranchId>
					<PassBranchId>BRANCH_c2-4e-0-4c107e</PassBranchId>
					<EndBranchPosition id="BR_POS_1300" branchId="BRANCH_c2-4e-0-4c0f12" branchNodeId="BN_20144-60" offset="0"/>
				</BranchRoute>
			</WiringItem>
			<WiringItem xsi:type="Wire" id="WIRE_6a-c-0-c2378" name="VDB28A" signalId="SIGNAL_2-36-0-3fd6" cableType="WIRE-2UKD-0.35" wireName="GY/VT" fromPinId="PIN_13-18-0-2ceb08" toPinId="PIN_43-18-0-192e4e">
				<AppRef name="E3.Series" version="2.13.7.0" guid="6921a951-008f-4058-a5c6-e5c7d29baedc"/>
				<Property id="PROPERTY_12280" name="WIRE_LENGTH" value="1550"/>
				<Property id="PROPERTY_12281" name="WIRE_END2_MATL" value="(SN)"/>
				<Property id="PROPERTY_12282" name="WIRE_CSA" value="0.35"/>
				<Property id="PROPERTY_12283" name="WIRE_MIN_BEND_RADIUS" value="3"/>
				<Property id="PROPERTY_12284" name="WIRE_OPTION" value="AATAF | J3KAH | CAQAJ"/>
				<Property id="PROPERTY_12285" name="WIRE_DEV_PIN_1" value="C2DB02-A:24"/>
				<Property id="PROPERTY_12286" name="WIRE_COLOR" value="GY/VT"/>
				<Property id="PROPERTY_12287" name="WIRE_SPEC" value="2UKD"/>
				<Property id="PROPERTY_12288" name="WIRE_END1_MATL" value="(SN)"/>
				<Property id="PROPERTY_12289" name="WIRE_LEVEL" value="(D-CAM)/(PEPS-12)/(CNSL-MID)"/>
				<Property id="PROPERTY_12290" name="WIRE_END1_TERM" value="9U5T-14474-DB"/>
				<Property id="PROPERTY_12291" name="WIRE_DEV_PIN_2" value="C23-A1:26"/>
				<Property id="PROPERTY_12292" name="WIRE_NAME" value="VDB28A"/>
				<Property id="PROPERTY_12293" name="WIRE_END2_TERM" value="9U5T-14474-DB"/>
				<Property id="PROPERTY_12294" name="WIRE_SIGNAL" value="VDB28"/>
				<Property id="PROPERTY_12295" name="HRN_FAMILY" value="14401"/>
				<Property id="PROPERTY_12296" name="WIRE_MULTICORE" value="TP_VDB27A"/>
				<Property id="PROPERTY_12297" name="WIRE_FPN" value="WIRE-2UKD-0.35-GY/VT"/>
				<Property id="PROPERTY_12298" name="WIRE_DIA_MAX" value="1.2"/>
				<Option id="OPTION_6a-c-0-c2378_1" value="AATAF | J3KAH | CAQAJ"/>
				<BranchRoute id="BRR_519">
					<StartBranchPosition id="BR_POS_1301" branchId="BRANCH_c2-4e-0-4c0dda" branchNodeId="BN_695_9-190_058" offset="0"/>
					<PassBranchId>BRANCH_c2-4e-0-4c0fad</PassBranchId>
					<PassBranchId>BRANCH_c2-4e-0-4c10dd</PassBranchId>
					<PassBranchId>BRANCH_c2-4e-0-4c1020</PassBranchId>
					<PassBranchId>BRANCH_c2-4e-0-4c1021</PassBranchId>
					<PassBranchId>BRANCH_c2-4e-0-4c10e7</PassBranchId>
					<PassBranchId>BRANCH_c2-4e-0-4c0fc5</PassBranchId>
					<PassBranchId>BRANCH_c2-4e-0-4c0fce</PassBranchId>
					<PassBranchId>BRANCH_c2-4e-0-4c0d1d</PassBranchId>
					<PassBranchId>BRANCH_35-4e-0-2efaf8</PassBranchId>
					<PassBranchId>BRANCH_c2-4e-0-4c10c0</PassBranchId>
					<PassBranchId>BRANCH_c2-4e-0-4c0fc8</PassBranchId>
					<PassBranchId>BRANCH_c2-4e-0-4c108d</PassBranchId>
					<PassBranchId>BRANCH_c2-4e-0-4c0d88</PassBranchId>
					<PassBranchId>BRANCH_c2-4e-0-4c109a</PassBranchId>
					<PassBranchId>BRANCH_c2-4e-0-4c0e16</PassBranchId>
					<PassBranchId>BRANCH_c2-4e-0-4c0fcb</PassBranchId>
					<PassBranchId>BRANCH_c2-4e-0-4c0dea</PassBranchId>
					<PassBranchId>BRANCH_c2-4e-0-4c0fd1</PassBranchId>
					<PassBranchId>BRANCH_c2-4e-0-4c0fe8</PassBranchId>
					<PassBranchId>BRANCH_c2-4e-0-4c1009</PassBranchId>
					<PassBranchId>BRANCH_c2-4e-0-4c10cb</PassBranchId>
					<PassBranchId>BRANCH_c2-4e-0-4c10ec</PassBranchId>
					<PassBranchId>BRANCH_c2-4e-0-4c1075</PassBranchId>
					<PassBranchId>BRANCH_c2-4e-0-4c106f</PassBranchId>
					<PassBranchId>BRANCH_c2-4e-0-4c107e</PassBranchId>
					<EndBranchPosition id="BR_POS_1302" branchId="BRANCH_c2-4e-0-4c0f12" branchNodeId="BN_20144-60" offset="0"/>
				</BranchRoute>
			</WiringItem>
		</WiringItem>
		<WiringItem xsi:type="Bundle" id="BUNDLE_a1-6-0-9d1fc" name="TP_VDB29C" bundleType="twist">
			<AppRef name="E3.Series" version="2.14.5.0" guid="6064c947-1631-4370-a33d-001e0728297a"/>
			<WiringItem xsi:type="Wire" id="WIRE_95-c-0-e4d9b" name="VDB29C" signalId="SIGNAL_2-36-0-41d7" cableType="WIRE-2UKD-0.35" wireName="GN/BU" fromPinId="PIN_c4-18-0-1259" toPinId="PIN_87-18-0-15296">
				<AppRef name="E3.Series" version="2.13.7.0" guid="7e58349c-a9e2-40a5-9748-a5f034e3d44d"/>
				<Property id="PROPERTY_12299" name="WIRE_LENGTH" value="1620"/>
				<Property id="PROPERTY_12300" name="WIRE_CSA" value="0.35"/>
				<Property id="PROPERTY_12301" name="WIRE_MIN_BEND_RADIUS" value="3"/>
				<Property id="PROPERTY_12302" name="WIRE_OPTION" value="IEVAQ | IEVAR"/>
				<Property id="PROPERTY_12303" name="WIRE_DEV_PIN_1" value="C2MC01-A:12"/>
				<Property id="PROPERTY_12304" name="WIRE_COLOR" value="GN/BU"/>
				<Property id="PROPERTY_12305" name="WIRE_SPEC" value="2UKD"/>
				<Property id="PROPERTY_12306" name="WIRE_END1_MATL" value="(SN)"/>
				<Property id="PROPERTY_12307" name="WIRE_LEVEL" value="(D-CAM)/(C-SHF)/(KWINV)/(8SPKR)/(F-SHF)/(BEV)"/>
				<Property id="PROPERTY_12308" name="WIRE_END1_TERM" value="9U5T-14474-DB"/>
				<Property id="PROPERTY_12309" name="WIRE_DEV_PIN_2" value="C2MM01-A:19"/>
				<Property id="PROPERTY_12310" name="WIRE_NAME" value="VDB29C"/>
				<Property id="PROPERTY_12311" name="WIRE_END_DC" value="2,9U5T-14474-EB,(SN),(C-SHF)/(8DSP)/(400W)/(7SPKR)/(KWINV)/(ACBRKR)/(8SPKR),VDB29F"/>
				<Property id="PROPERTY_12312" name="WIRE_END_DC" value="2,9U5T-14474-EB,(SN),(F-SHF)/(BEV),VDB29F"/>
				<Property id="PROPERTY_12313" name="WIRE_SIGNAL" value="VMP24"/>
				<Property id="PROPERTY_12314" name="HRN_FAMILY" value="14401"/>
				<Property id="PROPERTY_12315" name="WIRE_MULTICORE" value="TP_VDB29C"/>
				<Property id="PROPERTY_12316" name="WIRE_FPN" value="WIRE-2UKD-0.35-GN/BU"/>
				<Property id="PROPERTY_12317" name="WIRE_DIA_MAX" value="1.2"/>
				<Option id="OPTION_95-c-0-e4d9b_1" value="IEVAQ | IEVAR"/>
				<BranchRoute id="BRR_520">
					<StartBranchPosition id="BR_POS_1303" branchId="BRANCH_c2-4e-0-4c0f51" branchNodeId="BN_7584-244" offset="0"/>
					<PassBranchId>BRANCH_ff-4e-0-9b280f</PassBranchId>
					<PassBranchId>BRANCH_c2-4e-0-4c0f85</PassBranchId>
					<PassBranchId>BRANCH_c2-4e-0-4c1002</PassBranchId>
					<PassBranchId>BRANCH_c2-4e-0-4c109d</PassBranchId>
					<PassBranchId>BRANCH_c2-4e-0-4c0e16</PassBranchId>
					<PassBranchId>BRANCH_c2-4e-0-4c0fcb</PassBranchId>
					<PassBranchId>BRANCH_c2-4e-0-4c0dea</PassBranchId>
					<PassBranchId>BRANCH_c2-4e-0-4c0fd1</PassBranchId>
					<PassBranchId>BRANCH_c2-4e-0-4c0fe8</PassBranchId>
					<PassBranchId>BRANCH_c2-4e-0-4c1009</PassBranchId>
					<PassBranchId>BRANCH_c2-4e-0-4c10cb</PassBranchId>
					<PassBranchId>BRANCH_c2-4e-0-4c10ec</PassBranchId>
					<PassBranchId>BRANCH_c2-4e-0-4c1075</PassBranchId>
					<PassBranchId>BRANCH_c2-4e-0-4c106f</PassBranchId>
					<PassBranchId>BRANCH_c2-4e-0-4c1076</PassBranchId>
					<PassBranchId>BRANCH_c2-4e-0-4c0d05</PassBranchId>
					<PassBranchId>BRANCH_c2-4e-0-4c0f26</PassBranchId>
					<PassBranchId>BRANCH_c2-4e-0-4c0f29</PassBranchId>
					<EndBranchPosition id="BR_POS_1304" branchId="BRANCH_c2-4e-0-4c0f2a" branchNodeId="BN_17720-164" offset="0"/>
				</BranchRoute>
			</WiringItem>
			<WiringItem xsi:type="Wire" id="WIRE_95-c-0-e4dce" name="VDB30C" signalId="SIGNAL_2-36-0-3fd8" cableType="WIRE-2UKD-0.35" wireName="WH/GN" fromPinId="PIN_c4-18-0-1260" toPinId="PIN_87-18-0-1529d">
				<AppRef name="E3.Series" version="2.13.7.0" guid="8f8220c6-c71b-493f-be2b-e43fcc549db1"/>
				<Property id="PROPERTY_12318" name="WIRE_LENGTH" value="1620"/>
				<Property id="PROPERTY_12319" name="WIRE_CSA" value="0.35"/>
				<Property id="PROPERTY_12320" name="WIRE_MIN_BEND_RADIUS" value="3"/>
				<Property id="PROPERTY_12321" name="WIRE_OPTION" value="IEVAQ | IEVAR"/>
				<Property id="PROPERTY_12322" name="WIRE_DEV_PIN_1" value="C2MC01-A:13"/>
				<Property id="PROPERTY_12323" name="WIRE_COLOR" value="WH/GN"/>
				<Property id="PROPERTY_12324" name="WIRE_SPEC" value="2UKD"/>
				<Property id="PROPERTY_12325" name="WIRE_END1_MATL" value="(SN)"/>
				<Property id="PROPERTY_12326" name="WIRE_LEVEL" value="(D-CAM)/(C-SHF)/(KWINV)/(8SPKR)/(F-SHF)/(BEV)"/>
				<Property id="PROPERTY_12327" name="WIRE_END1_TERM" value="9U5T-14474-DB"/>
				<Property id="PROPERTY_12328" name="WIRE_DEV_PIN_2" value="C2MM01-A:20"/>
				<Property id="PROPERTY_12329" name="WIRE_NAME" value="VDB30C"/>
				<Property id="PROPERTY_12330" name="WIRE_END_DC" value="2,9U5T-14474-EB,(SN),(C-SHF)/(8DSP)/(400W)/(7SPKR)/(KWINV)/(ACBRKR)/(8SPKR),VDB30F"/>
				<Property id="PROPERTY_12331" name="WIRE_END_DC" value="2,9U5T-14474-EB,(SN),(F-SHF)/(BEV),VDB30F"/>
				<Property id="PROPERTY_12332" name="WIRE_SIGNAL" value="VDB30"/>
				<Property id="PROPERTY_12333" name="HRN_FAMILY" value="14401"/>
				<Property id="PROPERTY_12334" name="WIRE_MULTICORE" value="TP_VDB29C"/>
				<Property id="PROPERTY_12335" name="WIRE_FPN" value="WIRE-2UKD-0.35-WH/GN"/>
				<Property id="PROPERTY_12336" name="WIRE_DIA_MAX" value="1.2"/>
				<Option id="OPTION_95-c-0-e4dce_1" value="IEVAQ | IEVAR"/>
				<BranchRoute id="BRR_521">
					<StartBranchPosition id="BR_POS_1305" branchId="BRANCH_c2-4e-0-4c0f51" branchNodeId="BN_7584-244" offset="0"/>
					<PassBranchId>BRANCH_ff-4e-0-9b280f</PassBranchId>
					<PassBranchId>BRANCH_c2-4e-0-4c0f85</PassBranchId>
					<PassBranchId>BRANCH_c2-4e-0-4c1002</PassBranchId>
					<PassBranchId>BRANCH_c2-4e-0-4c109d</PassBranchId>
					<PassBranchId>BRANCH_c2-4e-0-4c0e16</PassBranchId>
					<PassBranchId>BRANCH_c2-4e-0-4c0fcb</PassBranchId>
					<PassBranchId>BRANCH_c2-4e-0-4c0dea</PassBranchId>
					<PassBranchId>BRANCH_c2-4e-0-4c0fd1</PassBranchId>
					<PassBranchId>BRANCH_c2-4e-0-4c0fe8</PassBranchId>
					<PassBranchId>BRANCH_c2-4e-0-4c1009</PassBranchId>
					<PassBranchId>BRANCH_c2-4e-0-4c10cb</PassBranchId>
					<PassBranchId>BRANCH_c2-4e-0-4c10ec</PassBranchId>
					<PassBranchId>BRANCH_c2-4e-0-4c1075</PassBranchId>
					<PassBranchId>BRANCH_c2-4e-0-4c106f</PassBranchId>
					<PassBranchId>BRANCH_c2-4e-0-4c1076</PassBranchId>
					<PassBranchId>BRANCH_c2-4e-0-4c0d05</PassBranchId>
					<PassBranchId>BRANCH_c2-4e-0-4c0f26</PassBranchId>
					<PassBranchId>BRANCH_c2-4e-0-4c0f29</PassBranchId>
					<EndBranchPosition id="BR_POS_1306" branchId="BRANCH_c2-4e-0-4c0f2a" branchNodeId="BN_17720-164" offset="0"/>
				</BranchRoute>
			</WiringItem>
		</WiringItem>
		<WiringItem xsi:type="Bundle" id="BUNDLE_bf-6-0-33b07a" name="TP_VDB29CD" bundleType="twist">
			<AppRef name="E3.Series" version="2.14.5.0" guid="28e493a6-9925-43c3-8cc1-7bcecd82a17c"/>
			<WiringItem xsi:type="Wire" id="WIRE_bf-c-0-33aee2" name="VDB29CD" signalId="SIGNAL_2-36-0-41d7" cableType="WIRE-2UKD-0.35" wireName="GN/BU" fromPinId="PIN_a8-18-0-e8efdb" toPinId="PIN_c4-18-0-1259">
				<AppRef name="E3.Series" version="2.14.0.0" guid="ff9028d3-667c-4c37-bef4-ae68ff11df60"/>
				<Property id="PROPERTY_12337" name="WIRE_LENGTH" value="1505"/>
				<Property id="PROPERTY_12338" name="WIRE_END2_MATL" value="(SN)"/>
				<Property id="PROPERTY_12339" name="WIRE_CSA" value="0.35"/>
				<Property id="PROPERTY_12340" name="WIRE_MIN_BEND_RADIUS" value="3"/>
				<Property id="PROPERTY_12341" name="WIRE_OPTION" value="IEVAT"/>
				<Property id="PROPERTY_12342" name="WIRE_DEV_PIN_1" value="C2MM01-DB:19"/>
				<Property id="PROPERTY_12343" name="WIRE_COLOR" value="GN/BU"/>
				<Property id="PROPERTY_12344" name="WIRE_SPEC" value="2UKD"/>
				<Property id="PROPERTY_12345" name="WIRE_LEVEL" value="VA"/>
				<Property id="PROPERTY_12346" name="WIRE_DEV_PIN_2" value="C2MC01-A:12"/>
				<Property id="PROPERTY_12347" name="WIRE_NAME" value="VDB29CD"/>
				<Property id="PROPERTY_12348" name="WIRE_END_DC" value="1,9U5T-14474-EB,(SN),VA,VDB29HD"/>
				<Property id="PROPERTY_12349" name="WIRE_END2_TERM" value="9U5T-14474-DB"/>
				<Property id="PROPERTY_12350" name="WIRE_SIGNAL" value="VMP24"/>
				<Property id="PROPERTY_12351" name="HRN_FAMILY" value="14401"/>
				<Property id="PROPERTY_12352" name="WIRE_MULTICORE" value="TP_VDB29CD"/>
				<Property id="PROPERTY_12353" name="WIRE_FPN" value="WIRE-2UKD-0.35-GN/BU"/>
				<Property id="PROPERTY_12354" name="WIRE_DIA_MAX" value="1.2"/>
				<Option id="OPTION_bf-c-0-33aee2_1" value="IEVAT"/>
				<BranchRoute id="BRR_522">
					<StartBranchPosition id="BR_POS_1307" branchId="BRANCH_c2-4e-0-4c0f51" branchNodeId="BN_7584-244" offset="0"/>
					<PassBranchId>BRANCH_ff-4e-0-9b280f</PassBranchId>
					<PassBranchId>BRANCH_c2-4e-0-4c0f85</PassBranchId>
					<PassBranchId>BRANCH_c2-4e-0-4c1002</PassBranchId>
					<PassBranchId>BRANCH_c2-4e-0-4c109d</PassBranchId>
					<PassBranchId>BRANCH_c2-4e-0-4c0e16</PassBranchId>
					<PassBranchId>BRANCH_c2-4e-0-4c0fcb</PassBranchId>
					<PassBranchId>BRANCH_c2-4e-0-4c0f45</PassBranchId>
					<PassBranchId>BRANCH_c2-4e-0-4c1005</PassBranchId>
					<PassBranchId>BRANCH_c2-4e-0-4c0f60</PassBranchId>
					<PassBranchId>BRANCH_35-4e-0-350133</PassBranchId>
					<PassBranchId>BRANCH_c2-4e-0-4c0f7a</PassBranchId>
					<PassBranchId>BRANCH_c2-4e-0-4c10a4</PassBranchId>
					<PassBranchId>BRANCH_c2-4e-0-4c0fb7</PassBranchId>
					<PassBranchId>BRANCH_c2-4e-0-4c0f66</PassBranchId>
					<PassBranchId>BRANCH_c2-4e-0-4c0f6c</PassBranchId>
					<PassBranchId>BRANCH_c2-4e-0-4c0f6f</PassBranchId>
					<PassBranchId>BRANCH_22-4e-0-2ca187b</PassBranchId>
					<PassBranchId>BRANCH_ff-4e-0-9d2c5f</PassBranchId>
					<PassBranchId>BRANCH_da-4e-0-2503d5</PassBranchId>
					<EndBranchPosition id="BR_POS_1308" branchId="BRANCH_da-4e-0-25068e" branchNodeId="BN_9708-328" offset="0"/>
				</BranchRoute>
			</WiringItem>
			<WiringItem xsi:type="Wire" id="WIRE_bf-c-0-33af02" name="VDB30CD" signalId="SIGNAL_2-36-0-3fd8" cableType="WIRE-2UKD-0.35" wireName="WH/GN" fromPinId="PIN_a8-18-0-e8efe3" toPinId="PIN_c4-18-0-1260">
				<AppRef name="E3.Series" version="2.14.0.0" guid="9cbd0015-45f8-4184-8810-247f448b3c7e"/>
				<Property id="PROPERTY_12355" name="WIRE_LENGTH" value="1505"/>
				<Property id="PROPERTY_12356" name="WIRE_END2_MATL" value="(SN)"/>
				<Property id="PROPERTY_12357" name="WIRE_CSA" value="0.35"/>
				<Property id="PROPERTY_12358" name="WIRE_MIN_BEND_RADIUS" value="3"/>
				<Property id="PROPERTY_12359" name="WIRE_OPTION" value="IEVAT"/>
				<Property id="PROPERTY_12360" name="WIRE_DEV_PIN_1" value="C2MM01-DB:20"/>
				<Property id="PROPERTY_12361" name="WIRE_COLOR" value="WH/GN"/>
				<Property id="PROPERTY_12362" name="WIRE_SPEC" value="2UKD"/>
				<Property id="PROPERTY_12363" name="WIRE_LEVEL" value="VA"/>
				<Property id="PROPERTY_12364" name="WIRE_DEV_PIN_2" value="C2MC01-A:13"/>
				<Property id="PROPERTY_12365" name="WIRE_NAME" value="VDB30CD"/>
				<Property id="PROPERTY_12366" name="WIRE_END_DC" value="1,9U5T-14474-EB,(SN),VA,VDB30HD"/>
				<Property id="PROPERTY_12367" name="WIRE_END2_TERM" value="9U5T-14474-DB"/>
				<Property id="PROPERTY_12368" name="WIRE_SIGNAL" value="VDB30"/>
				<Property id="PROPERTY_12369" name="HRN_FAMILY" value="14401"/>
				<Property id="PROPERTY_12370" name="WIRE_MULTICORE" value="TP_VDB29CD"/>
				<Property id="PROPERTY_12371" name="WIRE_FPN" value="WIRE-2UKD-0.35-WH/GN"/>
				<Property id="PROPERTY_12372" name="WIRE_DIA_MAX" value="1.2"/>
				<Option id="OPTION_bf-c-0-33af02_1" value="IEVAT"/>
				<BranchRoute id="BRR_523">
					<StartBranchPosition id="BR_POS_1309" branchId="BRANCH_c2-4e-0-4c0f51" branchNodeId="BN_7584-244" offset="0"/>
					<PassBranchId>BRANCH_ff-4e-0-9b280f</PassBranchId>
					<PassBranchId>BRANCH_c2-4e-0-4c0f85</PassBranchId>
					<PassBranchId>BRANCH_c2-4e-0-4c1002</PassBranchId>
					<PassBranchId>BRANCH_c2-4e-0-4c109d</PassBranchId>
					<PassBranchId>BRANCH_c2-4e-0-4c0e16</PassBranchId>
					<PassBranchId>BRANCH_c2-4e-0-4c0fcb</PassBranchId>
					<PassBranchId>BRANCH_c2-4e-0-4c0f45</PassBranchId>
					<PassBranchId>BRANCH_c2-4e-0-4c1005</PassBranchId>
					<PassBranchId>BRANCH_c2-4e-0-4c0f60</PassBranchId>
					<PassBranchId>BRANCH_35-4e-0-350133</PassBranchId>
					<PassBranchId>BRANCH_c2-4e-0-4c0f7a</PassBranchId>
					<PassBranchId>BRANCH_c2-4e-0-4c10a4</PassBranchId>
					<PassBranchId>BRANCH_c2-4e-0-4c0fb7</PassBranchId>
					<PassBranchId>BRANCH_c2-4e-0-4c0f66</PassBranchId>
					<PassBranchId>BRANCH_c2-4e-0-4c0f6c</PassBranchId>
					<PassBranchId>BRANCH_c2-4e-0-4c0f6f</PassBranchId>
					<PassBranchId>BRANCH_22-4e-0-2ca187b</PassBranchId>
					<PassBranchId>BRANCH_ff-4e-0-9d2c5f</PassBranchId>
					<PassBranchId>BRANCH_da-4e-0-2503d5</PassBranchId>
					<EndBranchPosition id="BR_POS_1310" branchId="BRANCH_da-4e-0-25068e" branchNodeId="BN_9708-328" offset="0"/>
				</BranchRoute>
			</WiringItem>
		</WiringItem>
		<WiringItem xsi:type="Bundle" id="BUNDLE_df-6-0-5a84b3" name="TP_VDB29EVA" bundleType="twist">
			<AppRef name="E3.Series" version="2.14.5.0" guid="bfb8d463-8827-41e2-ae7b-b5fad3623a4e"/>
			<WiringItem xsi:type="Wire" id="WIRE_df-c-0-5a8223" name="VDB29EVA" signalId="SIGNAL_2-36-0-3fd7" cableType="WIRE-2UKD-0.35" wireName="GN/BU" fromPinId="PIN_95-18-0-8c78a9" toPinId="PIN_13-18-0-2ceb20">
				<AppRef name="E3.Series" version="2.14.0.0" guid="aaba6df1-6415-4ae4-8f8b-584fc823145e"/>
				<Property id="PROPERTY_12373" name="WIRE_LENGTH" value="1218"/>
				<Property id="PROPERTY_12374" name="WIRE_END2_MATL" value="(SN)"/>
				<Property id="PROPERTY_12375" name="WIRE_CSA" value="0.35"/>
				<Property id="PROPERTY_12376" name="WIRE_MIN_BEND_RADIUS" value="3"/>
				<Property id="PROPERTY_12377" name="WIRE_OPTION" value="HT2AC"/>
				<Property id="PROPERTY_12378" name="WIRE_DEV_PIN_1" value="C2DB05-EVA:1"/>
				<Property id="PROPERTY_12379" name="WIRE_COLOR" value="GN/BU"/>
				<Property id="PROPERTY_12380" name="WIRE_SPEC" value="2UKD"/>
				<Property id="PROPERTY_12381" name="WIRE_LEVEL" value="(BEV)"/>
				<Property id="PROPERTY_12382" name="WIRE_DEV_PIN_2" value="C2DB02-A:9"/>
				<Property id="PROPERTY_12383" name="WIRE_NAME" value="VDB29EVA"/>
				<Property id="PROPERTY_12384" name="WIRE_END_DC" value="1,*1X4T-14474-BA,,(BEV),VDB29EVB"/>
				<Property id="PROPERTY_12385" name="WIRE_END_DC" value="2,9U5T-14474-EB,(SN),ZA/ZB/ZC,VDB29M"/>
				<Property id="PROPERTY_12386" name="WIRE_END2_TERM" value="9U5T-14474-DB"/>
				<Property id="PROPERTY_12387" name="WIRE_SIGNAL" value="VDB29"/>
				<Property id="PROPERTY_12388" name="HRN_FAMILY" value="14401"/>
				<Property id="PROPERTY_12389" name="WIRE_MULTICORE" value="TP_VDB29EVA"/>
				<Property id="PROPERTY_12390" name="WIRE_FPN" value="WIRE-2UKD-0.35-GN/BU"/>
				<Property id="PROPERTY_12391" name="WIRE_DIA_MAX" value="1.2"/>
				<Option id="OPTION_df-c-0-5a8223_1" value="HT2AC"/>
				<BranchRoute id="BRR_524">
					<StartBranchPosition id="BR_POS_1311" branchId="BRANCH_36-4e-0-65ae7f" branchNodeId="BN_6856-336" offset="0"/>
					<PassBranchId>BRANCH_35-4e-0-30adeb</PassBranchId>
					<PassBranchId>BRANCH_c2-4e-0-4c0fce</PassBranchId>
					<PassBranchId>BRANCH_c2-4e-0-4c0d1d</PassBranchId>
					<PassBranchId>BRANCH_35-4e-0-2efaf8</PassBranchId>
					<PassBranchId>BRANCH_c2-4e-0-4c10c0</PassBranchId>
					<PassBranchId>BRANCH_c2-4e-0-4c0fc8</PassBranchId>
					<PassBranchId>BRANCH_c2-4e-0-4c108d</PassBranchId>
					<PassBranchId>BRANCH_c2-4e-0-4c0d88</PassBranchId>
					<PassBranchId>BRANCH_c2-4e-0-4c109a</PassBranchId>
					<PassBranchId>BRANCH_c2-4e-0-4c0e16</PassBranchId>
					<PassBranchId>BRANCH_c2-4e-0-4c0fcb</PassBranchId>
					<PassBranchId>BRANCH_c2-4e-0-4c0dea</PassBranchId>
					<PassBranchId>BRANCH_c2-4e-0-4c0fd1</PassBranchId>
					<PassBranchId>BRANCH_c2-4e-0-4c0fe8</PassBranchId>
					<PassBranchId>BRANCH_c2-4e-0-4c1009</PassBranchId>
					<PassBranchId>BRANCH_c2-4e-0-4c10cb</PassBranchId>
					<PassBranchId>BRANCH_c2-4e-0-4c10ec</PassBranchId>
					<PassBranchId>BRANCH_c2-4e-0-4c1075</PassBranchId>
					<PassBranchId>BRANCH_c2-4e-0-4c106f</PassBranchId>
					<PassBranchId>BRANCH_c2-4e-0-4c107e</PassBranchId>
					<EndBranchPosition id="BR_POS_1312" branchId="BRANCH_c2-4e-0-4c0f12" branchNodeId="BN_20144-60" offset="0"/>
				</BranchRoute>
			</WiringItem>
			<WiringItem xsi:type="Wire" id="WIRE_df-c-0-5a8286" name="VDB30EVA" signalId="SIGNAL_2-36-0-3fd8" cableType="WIRE-2UKD-0.35" wireName="WH/GN" fromPinId="PIN_95-18-0-8c78ae" toPinId="PIN_13-18-0-2ceb44">
				<AppRef name="E3.Series" version="2.14.0.0" guid="793db604-621d-4e3c-842e-5ae6b75bd44b"/>
				<Property id="PROPERTY_12392" name="WIRE_LENGTH" value="1218"/>
				<Property id="PROPERTY_12393" name="WIRE_END2_MATL" value="(SN)"/>
				<Property id="PROPERTY_12394" name="WIRE_CSA" value="0.35"/>
				<Property id="PROPERTY_12395" name="WIRE_MIN_BEND_RADIUS" value="3"/>
				<Property id="PROPERTY_12396" name="WIRE_OPTION" value="HT2AC"/>
				<Property id="PROPERTY_12397" name="WIRE_DEV_PIN_1" value="C2DB05-EVA:8"/>
				<Property id="PROPERTY_12398" name="WIRE_COLOR" value="WH/GN"/>
				<Property id="PROPERTY_12399" name="WIRE_SPEC" value="2UKD"/>
				<Property id="PROPERTY_12400" name="WIRE_LEVEL" value="(BEV)"/>
				<Property id="PROPERTY_12401" name="WIRE_DEV_PIN_2" value="C2DB02-A:22"/>
				<Property id="PROPERTY_12402" name="WIRE_NAME" value="VDB30EVA"/>
				<Property id="PROPERTY_12403" name="WIRE_END_DC" value="1,*1X4T-14474-BA,,(BEV),VDB30EVB"/>
				<Property id="PROPERTY_12404" name="WIRE_END_DC" value="2,9U5T-14474-EB,(SN),ZA/ZB/ZC,VDB30M"/>
				<Property id="PROPERTY_12405" name="WIRE_END2_TERM" value="9U5T-14474-DB"/>
				<Property id="PROPERTY_12406" name="WIRE_SIGNAL" value="VDB30"/>
				<Property id="PROPERTY_12407" name="HRN_FAMILY" value="14401"/>
				<Property id="PROPERTY_12408" name="WIRE_MULTICORE" value="TP_VDB29EVA"/>
				<Property id="PROPERTY_12409" name="WIRE_FPN" value="WIRE-2UKD-0.35-WH/GN"/>
				<Property id="PROPERTY_12410" name="WIRE_DIA_MAX" value="1.2"/>
				<Option id="OPTION_df-c-0-5a8286_1" value="HT2AC"/>
				<BranchRoute id="BRR_525">
					<StartBranchPosition id="BR_POS_1313" branchId="BRANCH_36-4e-0-65ae7f" branchNodeId="BN_6856-336" offset="0"/>
					<PassBranchId>BRANCH_35-4e-0-30adeb</PassBranchId>
					<PassBranchId>BRANCH_c2-4e-0-4c0fce</PassBranchId>
					<PassBranchId>BRANCH_c2-4e-0-4c0d1d</PassBranchId>
					<PassBranchId>BRANCH_35-4e-0-2efaf8</PassBranchId>
					<PassBranchId>BRANCH_c2-4e-0-4c10c0</PassBranchId>
					<PassBranchId>BRANCH_c2-4e-0-4c0fc8</PassBranchId>
					<PassBranchId>BRANCH_c2-4e-0-4c108d</PassBranchId>
					<PassBranchId>BRANCH_c2-4e-0-4c0d88</PassBranchId>
					<PassBranchId>BRANCH_c2-4e-0-4c109a</PassBranchId>
					<PassBranchId>BRANCH_c2-4e-0-4c0e16</PassBranchId>
					<PassBranchId>BRANCH_c2-4e-0-4c0fcb</PassBranchId>
					<PassBranchId>BRANCH_c2-4e-0-4c0dea</PassBranchId>
					<PassBranchId>BRANCH_c2-4e-0-4c0fd1</PassBranchId>
					<PassBranchId>BRANCH_c2-4e-0-4c0fe8</PassBranchId>
					<PassBranchId>BRANCH_c2-4e-0-4c1009</PassBranchId>
					<PassBranchId>BRANCH_c2-4e-0-4c10cb</PassBranchId>
					<PassBranchId>BRANCH_c2-4e-0-4c10ec</PassBranchId>
					<PassBranchId>BRANCH_c2-4e-0-4c1075</PassBranchId>
					<PassBranchId>BRANCH_c2-4e-0-4c106f</PassBranchId>
					<PassBranchId>BRANCH_c2-4e-0-4c107e</PassBranchId>
					<EndBranchPosition id="BR_POS_1314" branchId="BRANCH_c2-4e-0-4c0f12" branchNodeId="BN_20144-60" offset="0"/>
				</BranchRoute>
			</WiringItem>
		</WiringItem>
		<WiringItem xsi:type="Bundle" id="BUNDLE_e5-6-0-1294263" name="TP_VDB29EVB" bundleType="twist">
			<AppRef name="E3.Series" version="2.14.5.0" guid="6c47215f-2ce2-4c38-bdaf-bd35569e37d4"/>
			<WiringItem xsi:type="Wire" id="WIRE_e5-c-0-129159a" name="VDB29EVB" signalId="SIGNAL_2-36-0-3fd7" cableType="WIRE-2UKD-0.35" wireName="GN/BU" fromPinId="PIN_95-18-0-8c78a9" toPinId="PIN_73-18-0-9c0f">
				<AppRef name="E3.Series" version="2.14.0.0" guid="e3069847-6d8e-4411-867b-d587f652b856"/>
				<Property id="PROPERTY_12411" name="WIRE_LENGTH" value="2272"/>
				<Property id="PROPERTY_12412" name="WIRE_END2_MATL" value="(SN)"/>
				<Property id="PROPERTY_12413" name="WIRE_CSA" value="0.35"/>
				<Property id="PROPERTY_12414" name="WIRE_MIN_BEND_RADIUS" value="3"/>
				<Property id="PROPERTY_12415" name="WIRE_OPTION" value="HT2AC"/>
				<Property id="PROPERTY_12416" name="WIRE_DEV_PIN_1" value="C2DB05-EVA:1"/>
				<Property id="PROPERTY_12417" name="WIRE_COLOR" value="GN/BU"/>
				<Property id="PROPERTY_12418" name="WIRE_SPEC" value="2UKD"/>
				<Property id="PROPERTY_12419" name="WIRE_LEVEL" value="(BEV)"/>
				<Property id="PROPERTY_12420" name="WIRE_DEV_PIN_2" value="C23-E1:4"/>
				<Property id="PROPERTY_12421" name="WIRE_NAME" value="VDB29EVB"/>
				<Property id="PROPERTY_12422" name="WIRE_END_DC" value="1,*1X4T-14474-BA,,(BEV),VDB29EVA"/>
				<Property id="PROPERTY_12423" name="WIRE_END2_TERM" value="3F2T-14474-SA"/>
				<Property id="PROPERTY_12424" name="WIRE_SIGNAL" value="VDB29"/>
				<Property id="PROPERTY_12425" name="HRN_FAMILY" value="14401"/>
				<Property id="PROPERTY_12426" name="WIRE_MULTICORE" value="TP_VDB29EVB"/>
				<Property id="PROPERTY_12427" name="WIRE_FPN" value="WIRE-2UKD-0.35-GN/BU"/>
				<Property id="PROPERTY_12428" name="WIRE_DIA_MAX" value="1.2"/>
				<Option id="OPTION_e5-c-0-129159a_1" value="HT2AC"/>
				<BranchRoute id="BRR_526">
					<StartBranchPosition id="BR_POS_1315" branchId="BRANCH_36-4e-0-65ae7f" branchNodeId="BN_6856-336" offset="0"/>
					<PassBranchId>BRANCH_35-4e-0-30adeb</PassBranchId>
					<PassBranchId>BRANCH_c2-4e-0-4c0fce</PassBranchId>
					<PassBranchId>BRANCH_c2-4e-0-4c0d1d</PassBranchId>
					<PassBranchId>BRANCH_35-4e-0-2efaf8</PassBranchId>
					<PassBranchId>BRANCH_c2-4e-0-4c10c0</PassBranchId>
					<PassBranchId>BRANCH_c2-4e-0-4c0fc8</PassBranchId>
					<PassBranchId>BRANCH_c2-4e-0-4c108d</PassBranchId>
					<PassBranchId>BRANCH_c2-4e-0-4c0d88</PassBranchId>
					<PassBranchId>BRANCH_c2-4e-0-4c109a</PassBranchId>
					<PassBranchId>BRANCH_c2-4e-0-4c0e16</PassBranchId>
					<PassBranchId>BRANCH_c2-4e-0-4c0fcb</PassBranchId>
					<PassBranchId>BRANCH_c2-4e-0-4c0dea</PassBranchId>
					<PassBranchId>BRANCH_c2-4e-0-4c0fd1</PassBranchId>
					<PassBranchId>BRANCH_c2-4e-0-4c0fe8</PassBranchId>
					<PassBranchId>BRANCH_c2-4e-0-4c1009</PassBranchId>
					<PassBranchId>BRANCH_c2-4e-0-4c10cb</PassBranchId>
					<PassBranchId>BRANCH_c2-4e-0-4c10ec</PassBranchId>
					<PassBranchId>BRANCH_c2-4e-0-4c1075</PassBranchId>
					<PassBranchId>BRANCH_c2-4e-0-4c106f</PassBranchId>
					<PassBranchId>BRANCH_c2-4e-0-4c1087</PassBranchId>
					<PassBranchId>BRANCH_c2-4e-0-4c1083</PassBranchId>
					<PassBranchId>BRANCH_c2-4e-0-4c0f89</PassBranchId>
					<PassBranchId>BRANCH_c2-4e-0-4c0f18</PassBranchId>
					<PassBranchId>BRANCH_c2-4e-0-4c0f88</PassBranchId>
					<PassBranchId>BRANCH_c2-4e-0-4c0e97</PassBranchId>
					<PassBranchId>BRANCH_c2-4e-0-4c10ce</PassBranchId>
					<PassBranchId>BRANCH_c2-4e-0-4c0e9b</PassBranchId>
					<PassBranchId>BRANCH_c2-4e-0-4c10f5</PassBranchId>
					<PassBranchId>BRANCH_c2-4e-0-4c0dfa</PassBranchId>
					<EndBranchPosition id="BR_POS_1316" branchId="BRANCH_c2-4e-0-4c0f1c" branchNodeId="BN_18448-168" offset="0"/>
				</BranchRoute>
			</WiringItem>
			<WiringItem xsi:type="Wire" id="WIRE_e5-c-0-1291490" name="VDB30EVB" signalId="SIGNAL_2-36-0-3fd8" cableType="WIRE-2UKD-0.35" wireName="WH/GN" fromPinId="PIN_95-18-0-8c78ae" toPinId="PIN_73-18-0-9c14">
				<AppRef name="E3.Series" version="2.14.0.0" guid="65137cd5-9386-4b04-9b7c-ff999921dbce"/>
				<Property id="PROPERTY_12429" name="WIRE_LENGTH" value="2272"/>
				<Property id="PROPERTY_12430" name="WIRE_END2_MATL" value="(SN)"/>
				<Property id="PROPERTY_12431" name="WIRE_CSA" value="0.35"/>
				<Property id="PROPERTY_12432" name="WIRE_MIN_BEND_RADIUS" value="3"/>
				<Property id="PROPERTY_12433" name="WIRE_OPTION" value="HT2AC"/>
				<Property id="PROPERTY_12434" name="WIRE_DEV_PIN_1" value="C2DB05-EVA:8"/>
				<Property id="PROPERTY_12435" name="WIRE_COLOR" value="WH/GN"/>
				<Property id="PROPERTY_12436" name="WIRE_SPEC" value="2UKD"/>
				<Property id="PROPERTY_12437" name="WIRE_LEVEL" value="(BEV)"/>
				<Property id="PROPERTY_12438" name="WIRE_DEV_PIN_2" value="C23-E1:5"/>
				<Property id="PROPERTY_12439" name="WIRE_NAME" value="VDB30EVB"/>
				<Property id="PROPERTY_12440" name="WIRE_END_DC" value="1,*1X4T-14474-BA,,(BEV),VDB30EVA"/>
				<Property id="PROPERTY_12441" name="WIRE_END2_TERM" value="3F2T-14474-SA"/>
				<Property id="PROPERTY_12442" name="WIRE_SIGNAL" value="VDB30"/>
				<Property id="PROPERTY_12443" name="HRN_FAMILY" value="14401"/>
				<Property id="PROPERTY_12444" name="WIRE_MULTICORE" value="TP_VDB29EVB"/>
				<Property id="PROPERTY_12445" name="WIRE_FPN" value="WIRE-2UKD-0.35-WH/GN"/>
				<Property id="PROPERTY_12446" name="WIRE_DIA_MAX" value="1.2"/>
				<Option id="OPTION_e5-c-0-1291490_1" value="HT2AC"/>
				<BranchRoute id="BRR_527">
					<StartBranchPosition id="BR_POS_1317" branchId="BRANCH_36-4e-0-65ae7f" branchNodeId="BN_6856-336" offset="0"/>
					<PassBranchId>BRANCH_35-4e-0-30adeb</PassBranchId>
					<PassBranchId>BRANCH_c2-4e-0-4c0fce</PassBranchId>
					<PassBranchId>BRANCH_c2-4e-0-4c0d1d</PassBranchId>
					<PassBranchId>BRANCH_35-4e-0-2efaf8</PassBranchId>
					<PassBranchId>BRANCH_c2-4e-0-4c10c0</PassBranchId>
					<PassBranchId>BRANCH_c2-4e-0-4c0fc8</PassBranchId>
					<PassBranchId>BRANCH_c2-4e-0-4c108d</PassBranchId>
					<PassBranchId>BRANCH_c2-4e-0-4c0d88</PassBranchId>
					<PassBranchId>BRANCH_c2-4e-0-4c109a</PassBranchId>
					<PassBranchId>BRANCH_c2-4e-0-4c0e16</PassBranchId>
					<PassBranchId>BRANCH_c2-4e-0-4c0fcb</PassBranchId>
					<PassBranchId>BRANCH_c2-4e-0-4c0dea</PassBranchId>
					<PassBranchId>BRANCH_c2-4e-0-4c0fd1</PassBranchId>
					<PassBranchId>BRANCH_c2-4e-0-4c0fe8</PassBranchId>
					<PassBranchId>BRANCH_c2-4e-0-4c1009</PassBranchId>
					<PassBranchId>BRANCH_c2-4e-0-4c10cb</PassBranchId>
					<PassBranchId>BRANCH_c2-4e-0-4c10ec</PassBranchId>
					<PassBranchId>BRANCH_c2-4e-0-4c1075</PassBranchId>
					<PassBranchId>BRANCH_c2-4e-0-4c106f</PassBranchId>
					<PassBranchId>BRANCH_c2-4e-0-4c1087</PassBranchId>
					<PassBranchId>BRANCH_c2-4e-0-4c1083</PassBranchId>
					<PassBranchId>BRANCH_c2-4e-0-4c0f89</PassBranchId>
					<PassBranchId>BRANCH_c2-4e-0-4c0f18</PassBranchId>
					<PassBranchId>BRANCH_c2-4e-0-4c0f88</PassBranchId>
					<PassBranchId>BRANCH_c2-4e-0-4c0e97</PassBranchId>
					<PassBranchId>BRANCH_c2-4e-0-4c10ce</PassBranchId>
					<PassBranchId>BRANCH_c2-4e-0-4c0e9b</PassBranchId>
					<PassBranchId>BRANCH_c2-4e-0-4c10f5</PassBranchId>
					<PassBranchId>BRANCH_c2-4e-0-4c0dfa</PassBranchId>
					<EndBranchPosition id="BR_POS_1318" branchId="BRANCH_c2-4e-0-4c0f1c" branchNodeId="BN_18448-168" offset="0"/>
				</BranchRoute>
			</WiringItem>
		</WiringItem>
		<WiringItem xsi:type="Bundle" id="BUNDLE_a1-6-0-9d1fe" name="TP_VDB29F" bundleType="twist">
			<AppRef name="E3.Series" version="2.14.5.0" guid="bcd89ebd-904f-4657-a691-aa160df53195"/>
			<WiringItem xsi:type="Wire" id="WIRE_95-c-0-e53b3" name="VDB29F" signalId="SIGNAL_2-36-0-41d7" cableType="WIRE-2UKD-0.35" wireName="GN/BU" fromPinId="PIN_87-18-0-15296" toPinId="PIN_b-18-0-11915">
				<AppRef name="E3.Series" version="2.13.7.0" guid="7913e36e-6284-472a-ae49-f162b0e16ee9"/>
				<Property id="PROPERTY_12447" name="WIRE_LENGTH" value="1656"/>
				<Property id="PROPERTY_12448" name="WIRE_CSA" value="0.35"/>
				<Property id="PROPERTY_12449" name="WIRE_MIN_BEND_RADIUS" value="3"/>
				<Property id="PROPERTY_12450" name="WIRE_OPTION" value="IEVAQ | IEVAR"/>
				<Property id="PROPERTY_12451" name="WIRE_DEV_PIN_1" value="C2MM01-A:19"/>
				<Property id="PROPERTY_12452" name="WIRE_COLOR" value="GN/BU"/>
				<Property id="PROPERTY_12453" name="WIRE_SPEC" value="2UKD"/>
				<Property id="PROPERTY_12454" name="WIRE_LEVEL" value="(D-CAM)/(C-SHF)/(KWINV)/(8SPKR)/(F-SHF)/(BEV)"/>
				<Property id="PROPERTY_12455" name="WIRE_DEV_PIN_2" value="C2ME03-A:19"/>
				<Property id="PROPERTY_12456" name="WIRE_NAME" value="VDB29F"/>
				<Property id="PROPERTY_12457" name="WIRE_END_DC" value="1,9U5T-14474-EB,(SN),(C-SHF)/(8DSP)/(400W)/(7SPKR)/(KWINV)/(ACBRKR)/(8SPKR),VDB29C"/>
				<Property id="PROPERTY_12458" name="WIRE_END_DC" value="1,9U5T-14474-EB,(SN),(F-SHF)/(BEV),VDB29C"/>
				<Property id="PROPERTY_12459" name="WIRE_END_DC" value="2,8U5T-14474-CB,(SN),(C-SHF)/(8DSP)/(400W)/(7SPKR)/(KWINV)/(ACBRKR)/(8SPKR),VDB29H"/>
				<Property id="PROPERTY_12460" name="WIRE_END_DC" value="2,8U5T-14474-CB,(SN),(F-SHF)/(BEV),VDB29H"/>
				<Property id="PROPERTY_12461" name="WIRE_SIGNAL" value="VMP24"/>
				<Property id="PROPERTY_12462" name="HRN_FAMILY" value="14401"/>
				<Property id="PROPERTY_12463" name="WIRE_MULTICORE" value="TP_VDB29F"/>
				<Property id="PROPERTY_12464" name="WIRE_FPN" value="WIRE-2UKD-0.35-GN/BU"/>
				<Property id="PROPERTY_12465" name="WIRE_DIA_MAX" value="1.2"/>
				<Option id="OPTION_95-c-0-e53b3_1" value="IEVAQ | IEVAR"/>
				<BranchRoute id="BRR_528">
					<StartBranchPosition id="BR_POS_1319" branchId="BRANCH_c2-4e-0-4c0f76" branchNodeId="BN_10584-132" offset="0"/>
					<PassBranchId>BRANCH_ff-4e-0-9d8f85</PassBranchId>
					<PassBranchId>BRANCH_22-4e-0-2ca187b</PassBranchId>
					<PassBranchId>BRANCH_c2-4e-0-4c0f6f</PassBranchId>
					<PassBranchId>BRANCH_c2-4e-0-4c0f6c</PassBranchId>
					<PassBranchId>BRANCH_c2-4e-0-4c0f66</PassBranchId>
					<PassBranchId>BRANCH_c2-4e-0-4c0fb7</PassBranchId>
					<PassBranchId>BRANCH_c2-4e-0-4c10a4</PassBranchId>
					<PassBranchId>BRANCH_c2-4e-0-4c0f7a</PassBranchId>
					<PassBranchId>BRANCH_35-4e-0-350133</PassBranchId>
					<PassBranchId>BRANCH_c2-4e-0-4c0f60</PassBranchId>
					<PassBranchId>BRANCH_c2-4e-0-4c1005</PassBranchId>
					<PassBranchId>BRANCH_c2-4e-0-4c0f45</PassBranchId>
					<PassBranchId>BRANCH_c2-4e-0-4c0dea</PassBranchId>
					<PassBranchId>BRANCH_c2-4e-0-4c0fd1</PassBranchId>
					<PassBranchId>BRANCH_c2-4e-0-4c0fe8</PassBranchId>
					<PassBranchId>BRANCH_c2-4e-0-4c1009</PassBranchId>
					<PassBranchId>BRANCH_c2-4e-0-4c10cb</PassBranchId>
					<PassBranchId>BRANCH_c2-4e-0-4c10ec</PassBranchId>
					<PassBranchId>BRANCH_c2-4e-0-4c1075</PassBranchId>
					<PassBranchId>BRANCH_c2-4e-0-4c106f</PassBranchId>
					<PassBranchId>BRANCH_c2-4e-0-4c1076</PassBranchId>
					<PassBranchId>BRANCH_c2-4e-0-4c0d05</PassBranchId>
					<PassBranchId>BRANCH_c2-4e-0-4c0f26</PassBranchId>
					<PassBranchId>BRANCH_c2-4e-0-4c0f29</PassBranchId>
					<EndBranchPosition id="BR_POS_1320" branchId="BRANCH_c2-4e-0-4c0f2a" branchNodeId="BN_17720-164" offset="0"/>
				</BranchRoute>
			</WiringItem>
			<WiringItem xsi:type="Wire" id="WIRE_95-c-0-e53d0" name="VDB30F" signalId="SIGNAL_2-36-0-3fd8" cableType="WIRE-2UKD-0.35" wireName="WH/GN" fromPinId="PIN_87-18-0-1529d" toPinId="PIN_58-18-0-f201b">
				<AppRef name="E3.Series" version="2.13.7.0" guid="00d7f8e1-ddec-4b19-9e68-45755041377f"/>
				<Property id="PROPERTY_12466" name="WIRE_LENGTH" value="1656"/>
				<Property id="PROPERTY_12467" name="WIRE_CSA" value="0.35"/>
				<Property id="PROPERTY_12468" name="WIRE_MIN_BEND_RADIUS" value="3"/>
				<Property id="PROPERTY_12469" name="WIRE_OPTION" value="IEVAQ | IEVAR"/>
				<Property id="PROPERTY_12470" name="WIRE_DEV_PIN_1" value="C2MM01-A:20"/>
				<Property id="PROPERTY_12471" name="WIRE_COLOR" value="WH/GN"/>
				<Property id="PROPERTY_12472" name="WIRE_SPEC" value="2UKD"/>
				<Property id="PROPERTY_12473" name="WIRE_LEVEL" value="(D-CAM)/(C-SHF)/(KWINV)/(8SPKR)/(F-SHF)/(BEV)"/>
				<Property id="PROPERTY_12474" name="WIRE_DEV_PIN_2" value="C2ME03-A:30"/>
				<Property id="PROPERTY_12475" name="WIRE_NAME" value="VDB30F"/>
				<Property id="PROPERTY_12476" name="WIRE_END_DC" value="1,9U5T-14474-EB,(SN),(C-SHF)/(8DSP)/(400W)/(7SPKR)/(KWINV)/(ACBRKR)/(8SPKR),VDB30C"/>
				<Property id="PROPERTY_12477" name="WIRE_END_DC" value="1,9U5T-14474-EB,(SN),(F-SHF)/(BEV),VDB30C"/>
				<Property id="PROPERTY_12478" name="WIRE_END_DC" value="2,8U5T-14474-CB,(SN),(C-SHF)/(8DSP)/(400W)/(7SPKR)/(KWINV)/(ACBRKR)/(8SPKR),VDB30H"/>
				<Property id="PROPERTY_12479" name="WIRE_END_DC" value="2,8U5T-14474-CB,(SN),(F-SHF)/(BEV),VDB30H"/>
				<Property id="PROPERTY_12480" name="WIRE_SIGNAL" value="VDB30"/>
				<Property id="PROPERTY_12481" name="HRN_FAMILY" value="14401"/>
				<Property id="PROPERTY_12482" name="WIRE_MULTICORE" value="TP_VDB29F"/>
				<Property id="PROPERTY_12483" name="WIRE_FPN" value="WIRE-2UKD-0.35-WH/GN"/>
				<Property id="PROPERTY_12484" name="WIRE_DIA_MAX" value="1.2"/>
				<Option id="OPTION_95-c-0-e53d0_1" value="IEVAQ | IEVAR"/>
				<BranchRoute id="BRR_529">
					<StartBranchPosition id="BR_POS_1321" branchId="BRANCH_c2-4e-0-4c0f76" branchNodeId="BN_10584-132" offset="0"/>
					<PassBranchId>BRANCH_ff-4e-0-9d8f85</PassBranchId>
					<PassBranchId>BRANCH_22-4e-0-2ca187b</PassBranchId>
					<PassBranchId>BRANCH_c2-4e-0-4c0f6f</PassBranchId>
					<PassBranchId>BRANCH_c2-4e-0-4c0f6c</PassBranchId>
					<PassBranchId>BRANCH_c2-4e-0-4c0f66</PassBranchId>
					<PassBranchId>BRANCH_c2-4e-0-4c0fb7</PassBranchId>
					<PassBranchId>BRANCH_c2-4e-0-4c10a4</PassBranchId>
					<PassBranchId>BRANCH_c2-4e-0-4c0f7a</PassBranchId>
					<PassBranchId>BRANCH_35-4e-0-350133</PassBranchId>
					<PassBranchId>BRANCH_c2-4e-0-4c0f60</PassBranchId>
					<PassBranchId>BRANCH_c2-4e-0-4c1005</PassBranchId>
					<PassBranchId>BRANCH_c2-4e-0-4c0f45</PassBranchId>
					<PassBranchId>BRANCH_c2-4e-0-4c0dea</PassBranchId>
					<PassBranchId>BRANCH_c2-4e-0-4c0fd1</PassBranchId>
					<PassBranchId>BRANCH_c2-4e-0-4c0fe8</PassBranchId>
					<PassBranchId>BRANCH_c2-4e-0-4c1009</PassBranchId>
					<PassBranchId>BRANCH_c2-4e-0-4c10cb</PassBranchId>
					<PassBranchId>BRANCH_c2-4e-0-4c10ec</PassBranchId>
					<PassBranchId>BRANCH_c2-4e-0-4c1075</PassBranchId>
					<PassBranchId>BRANCH_c2-4e-0-4c106f</PassBranchId>
					<PassBranchId>BRANCH_c2-4e-0-4c1076</PassBranchId>
					<PassBranchId>BRANCH_c2-4e-0-4c0d05</PassBranchId>
					<PassBranchId>BRANCH_c2-4e-0-4c0f26</PassBranchId>
					<PassBranchId>BRANCH_c2-4e-0-4c0f29</PassBranchId>
					<EndBranchPosition id="BR_POS_1322" branchId="BRANCH_c2-4e-0-4c0f2a" branchNodeId="BN_17720-164" offset="0"/>
				</BranchRoute>
			</WiringItem>
		</WiringItem>
		<WiringItem xsi:type="Bundle" id="BUNDLE_a1-6-0-9d1ff" name="TP_VDB29H" bundleType="twist">
			<AppRef name="E3.Series" version="2.14.5.0" guid="b7430c2f-790c-428e-98ef-04f3878fd6ab"/>
			<WiringItem xsi:type="Wire" id="WIRE_95-c-0-e6902" name="VDB29H" signalId="SIGNAL_2-36-0-3fd7" cableType="WIRE-2UKD-0.35" wireName="GN/BU" fromPinId="PIN_b-18-0-11915" toPinId="PIN_3e-18-0-323bca">
				<AppRef name="E3.Series" version="2.13.7.0" guid="5076e90f-ee06-465a-a027-7964f98ebb6f"/>
				<Property id="PROPERTY_12485" name="WIRE_LENGTH" value="2523"/>
				<Property id="PROPERTY_12486" name="WIRE_END2_MATL" value="(SN)"/>
				<Property id="PROPERTY_12487" name="WIRE_CSA" value="0.35"/>
				<Property id="PROPERTY_12488" name="WIRE_MIN_BEND_RADIUS" value="3"/>
				<Property id="PROPERTY_12489" name="WIRE_OPTION" value="IEVAQ | IEVAR"/>
				<Property id="PROPERTY_12490" name="WIRE_DEV_PIN_1" value="C2ME03-A:19"/>
				<Property id="PROPERTY_12491" name="WIRE_COLOR" value="GN/BU"/>
				<Property id="PROPERTY_12492" name="WIRE_SPEC" value="2UKD"/>
				<Property id="PROPERTY_12493" name="WIRE_LEVEL" value="(D-CAM)/(C-SHF)/(KWINV)/(8SPKR)/(F-SHF)/(BEV)"/>
				<Property id="PROPERTY_12494" name="WIRE_DEV_PIN_2" value="C23-E1:7"/>
				<Property id="PROPERTY_12495" name="WIRE_NAME" value="VDB29H"/>
				<Property id="PROPERTY_12496" name="WIRE_END_DC" value="1,8U5T-14474-CB,(SN),(C-SHF)/(8DSP)/(400W)/(7SPKR)/(KWINV)/(ACBRKR)/(8SPKR),VDB29F"/>
				<Property id="PROPERTY_12497" name="WIRE_END_DC" value="1,8U5T-14474-CB,(SN),(F-SHF)/(BEV),VDB29F"/>
				<Property id="PROPERTY_12498" name="WIRE_END2_TERM" value="9U5T-14474-DB"/>
				<Property id="PROPERTY_12499" name="WIRE_SIGNAL" value="VDB29"/>
				<Property id="PROPERTY_12500" name="HRN_FAMILY" value="14401"/>
				<Property id="PROPERTY_12501" name="WIRE_MULTICORE" value="TP_VDB29H"/>
				<Property id="PROPERTY_12502" name="WIRE_FPN" value="WIRE-2UKD-0.35-GN/BU"/>
				<Property id="PROPERTY_12503" name="WIRE_DIA_MAX" value="1.2"/>
				<Option id="OPTION_95-c-0-e6902_1" value="IEVAQ | IEVAR"/>
				<BranchRoute id="BRR_530">
					<StartBranchPosition id="BR_POS_1323" branchId="BRANCH_c2-4e-0-4c0f76" branchNodeId="BN_10584-132" offset="0"/>
					<PassBranchId>BRANCH_ff-4e-0-9d8f85</PassBranchId>
					<PassBranchId>BRANCH_22-4e-0-2ca187b</PassBranchId>
					<PassBranchId>BRANCH_c2-4e-0-4c0f6f</PassBranchId>
					<PassBranchId>BRANCH_c2-4e-0-4c0f6c</PassBranchId>
					<PassBranchId>BRANCH_c2-4e-0-4c0f66</PassBranchId>
					<PassBranchId>BRANCH_c2-4e-0-4c0fb7</PassBranchId>
					<PassBranchId>BRANCH_c2-4e-0-4c10a4</PassBranchId>
					<PassBranchId>BRANCH_c2-4e-0-4c0f7a</PassBranchId>
					<PassBranchId>BRANCH_35-4e-0-350133</PassBranchId>
					<PassBranchId>BRANCH_c2-4e-0-4c0f60</PassBranchId>
					<PassBranchId>BRANCH_c2-4e-0-4c1005</PassBranchId>
					<PassBranchId>BRANCH_c2-4e-0-4c0f45</PassBranchId>
					<PassBranchId>BRANCH_c2-4e-0-4c0dea</PassBranchId>
					<PassBranchId>BRANCH_c2-4e-0-4c0fd1</PassBranchId>
					<PassBranchId>BRANCH_c2-4e-0-4c0fe8</PassBranchId>
					<PassBranchId>BRANCH_c2-4e-0-4c1009</PassBranchId>
					<PassBranchId>BRANCH_c2-4e-0-4c10cb</PassBranchId>
					<PassBranchId>BRANCH_c2-4e-0-4c10ec</PassBranchId>
					<PassBranchId>BRANCH_c2-4e-0-4c1075</PassBranchId>
					<PassBranchId>BRANCH_c2-4e-0-4c106f</PassBranchId>
					<PassBranchId>BRANCH_c2-4e-0-4c1087</PassBranchId>
					<PassBranchId>BRANCH_c2-4e-0-4c1083</PassBranchId>
					<PassBranchId>BRANCH_c2-4e-0-4c0f89</PassBranchId>
					<PassBranchId>BRANCH_c2-4e-0-4c0f18</PassBranchId>
					<PassBranchId>BRANCH_c2-4e-0-4c0f88</PassBranchId>
					<PassBranchId>BRANCH_c2-4e-0-4c0e97</PassBranchId>
					<PassBranchId>BRANCH_c2-4e-0-4c10ce</PassBranchId>
					<PassBranchId>BRANCH_c2-4e-0-4c0e9b</PassBranchId>
					<PassBranchId>BRANCH_c2-4e-0-4c10f5</PassBranchId>
					<PassBranchId>BRANCH_c2-4e-0-4c0dfa</PassBranchId>
					<EndBranchPosition id="BR_POS_1324" branchId="BRANCH_c2-4e-0-4c0f1c" branchNodeId="BN_18448-168" offset="0"/>
				</BranchRoute>
			</WiringItem>
			<WiringItem xsi:type="Wire" id="WIRE_95-c-0-e6937" name="VDB30H" signalId="SIGNAL_2-36-0-3fd8" cableType="WIRE-2UKD-0.35" wireName="WH/GN" fromPinId="PIN_3e-18-0-323bcf" toPinId="PIN_58-18-0-f201b">
				<AppRef name="E3.Series" version="2.13.7.0" guid="04830fa0-a214-4270-bc57-87ed27130e37"/>
				<Property id="PROPERTY_12504" name="WIRE_LENGTH" value="2523"/>
				<Property id="PROPERTY_12505" name="WIRE_CSA" value="0.35"/>
				<Property id="PROPERTY_12506" name="WIRE_MIN_BEND_RADIUS" value="3"/>
				<Property id="PROPERTY_12507" name="WIRE_OPTION" value="IEVAQ | IEVAR"/>
				<Property id="PROPERTY_12508" name="WIRE_DEV_PIN_1" value="C23-E1:8"/>
				<Property id="PROPERTY_12509" name="WIRE_COLOR" value="WH/GN"/>
				<Property id="PROPERTY_12510" name="WIRE_SPEC" value="2UKD"/>
				<Property id="PROPERTY_12511" name="WIRE_END1_MATL" value="(SN)"/>
				<Property id="PROPERTY_12512" name="WIRE_LEVEL" value="(D-CAM)/(C-SHF)/(KWINV)/(8SPKR)/(F-SHF)/(BEV)"/>
				<Property id="PROPERTY_12513" name="WIRE_END1_TERM" value="9U5T-14474-DB"/>
				<Property id="PROPERTY_12514" name="WIRE_DEV_PIN_2" value="C2ME03-A:30"/>
				<Property id="PROPERTY_12515" name="WIRE_NAME" value="VDB30H"/>
				<Property id="PROPERTY_12516" name="WIRE_END_DC" value="2,8U5T-14474-CB,(SN),(C-SHF)/(8DSP)/(400W)/(7SPKR)/(KWINV)/(ACBRKR)/(8SPKR),VDB30F"/>
				<Property id="PROPERTY_12517" name="WIRE_END_DC" value="2,8U5T-14474-CB,(SN),(F-SHF)/(BEV),VDB30F"/>
				<Property id="PROPERTY_12518" name="WIRE_SIGNAL" value="VDB30"/>
				<Property id="PROPERTY_12519" name="HRN_FAMILY" value="14401"/>
				<Property id="PROPERTY_12520" name="WIRE_MULTICORE" value="TP_VDB29H"/>
				<Property id="PROPERTY_12521" name="WIRE_FPN" value="WIRE-2UKD-0.35-WH/GN"/>
				<Property id="PROPERTY_12522" name="WIRE_DIA_MAX" value="1.2"/>
				<Option id="OPTION_95-c-0-e6937_1" value="IEVAQ | IEVAR"/>
				<BranchRoute id="BRR_531">
					<StartBranchPosition id="BR_POS_1325" branchId="BRANCH_c2-4e-0-4c0f76" branchNodeId="BN_10584-132" offset="0"/>
					<PassBranchId>BRANCH_ff-4e-0-9d8f85</PassBranchId>
					<PassBranchId>BRANCH_22-4e-0-2ca187b</PassBranchId>
					<PassBranchId>BRANCH_c2-4e-0-4c0f6f</PassBranchId>
					<PassBranchId>BRANCH_c2-4e-0-4c0f6c</PassBranchId>
					<PassBranchId>BRANCH_c2-4e-0-4c0f66</PassBranchId>
					<PassBranchId>BRANCH_c2-4e-0-4c0fb7</PassBranchId>
					<PassBranchId>BRANCH_c2-4e-0-4c10a4</PassBranchId>
					<PassBranchId>BRANCH_c2-4e-0-4c0f7a</PassBranchId>
					<PassBranchId>BRANCH_35-4e-0-350133</PassBranchId>
					<PassBranchId>BRANCH_c2-4e-0-4c0f60</PassBranchId>
					<PassBranchId>BRANCH_c2-4e-0-4c1005</PassBranchId>
					<PassBranchId>BRANCH_c2-4e-0-4c0f45</PassBranchId>
					<PassBranchId>BRANCH_c2-4e-0-4c0dea</PassBranchId>
					<PassBranchId>BRANCH_c2-4e-0-4c0fd1</PassBranchId>
					<PassBranchId>BRANCH_c2-4e-0-4c0fe8</PassBranchId>
					<PassBranchId>BRANCH_c2-4e-0-4c1009</PassBranchId>
					<PassBranchId>BRANCH_c2-4e-0-4c10cb</PassBranchId>
					<PassBranchId>BRANCH_c2-4e-0-4c10ec</PassBranchId>
					<PassBranchId>BRANCH_c2-4e-0-4c1075</PassBranchId>
					<PassBranchId>BRANCH_c2-4e-0-4c106f</PassBranchId>
					<PassBranchId>BRANCH_c2-4e-0-4c1087</PassBranchId>
					<PassBranchId>BRANCH_c2-4e-0-4c1083</PassBranchId>
					<PassBranchId>BRANCH_c2-4e-0-4c0f89</PassBranchId>
					<PassBranchId>BRANCH_c2-4e-0-4c0f18</PassBranchId>
					<PassBranchId>BRANCH_c2-4e-0-4c0f88</PassBranchId>
					<PassBranchId>BRANCH_c2-4e-0-4c0e97</PassBranchId>
					<PassBranchId>BRANCH_c2-4e-0-4c10ce</PassBranchId>
					<PassBranchId>BRANCH_c2-4e-0-4c0e9b</PassBranchId>
					<PassBranchId>BRANCH_c2-4e-0-4c10f5</PassBranchId>
					<PassBranchId>BRANCH_c2-4e-0-4c0dfa</PassBranchId>
					<EndBranchPosition id="BR_POS_1326" branchId="BRANCH_c2-4e-0-4c0f1c" branchNodeId="BN_18448-168" offset="0"/>
				</BranchRoute>
			</WiringItem>
		</WiringItem>
		<WiringItem xsi:type="Bundle" id="BUNDLE_c7-6-0-677bc6" name="TP_VLF59EVD" bundleType="twist">
			<AppRef name="E3.Series" version="2.14.5.0" guid="7a273a4f-91bd-4a71-b6f8-7a85546760ea"/>
			<WiringItem xsi:type="Wire" id="WIRE_d6-c-0-38d108" name="VLF59EVD" signalId="SIGNAL_2-36-0-410a" cableType="WIRE-2TAD-0.35" wireName="VT/BN" fromPinId="PIN_b5-18-0-550a" toPinId="PIN_c4-18-0-404d31">
				<AppRef name="E3.Series" version="2.14.0.0" guid="97358a9b-a438-4739-97ac-9b9bcd3bc02a"/>
				<Property id="PROPERTY_14356" name="WIRE_LENGTH" value="1760"/>
				<Property id="PROPERTY_14357" name="WIRE_END2_MATL" value="(SN)"/>
				<Property id="PROPERTY_14358" name="WIRE_CSA" value="0.35"/>
				<Property id="PROPERTY_14359" name="WIRE_MIN_BEND_RADIUS" value="3.5"/>
				<Property id="PROPERTY_14360" name="WIRE_OPTION" value="HT2AC"/>
				<Property id="PROPERTY_14361" name="WIRE_DEV_PIN_1" value="C12-A2:12"/>
				<Property id="PROPERTY_14362" name="WIRE_COLOR" value="VT/BN"/>
				<Property id="PROPERTY_14363" name="WIRE_SPEC" value="2TAD"/>
				<Property id="PROPERTY_14364" name="WIRE_END1_MATL" value="(SN)"/>
				<Property id="PROPERTY_14365" name="WIRE_LEVEL" value="(BEV)"/>
				<Property id="PROPERTY_14366" name="WIRE_END1_TERM" value="BU5T-14474-UA"/>
				<Property id="PROPERTY_14367" name="WIRE_DEV_PIN_2" value="C2LF44EV:17"/>
				<Property id="PROPERTY_14368" name="WIRE_NAME" value="VLF59EVD"/>
				<Property id="PROPERTY_14369" name="WIRE_END2_TERM" value="GU5T-14474-KA"/>
				<Property id="PROPERTY_14370" name="WIRE_SIGNAL" value="VLF59"/>
				<Property id="PROPERTY_14371" name="HRN_FAMILY" value="14401"/>
				<Property id="PROPERTY_14372" name="WIRE_MULTICORE" value="TP_VLF59EVD"/>
				<Property id="PROPERTY_14373" name="WIRE_FPN" value="WIRE-2TAD-0.35-VT/BN"/>
				<Property id="PROPERTY_14374" name="WIRE_DIA_MAX" value="1.4"/>
				<Option id="OPTION_d6-c-0-38d108_1" value="HT2AC"/>
				<BranchRoute id="BRR_632">
					<StartBranchPosition id="BR_POS_1527" branchId="BRANCH_34-4e-0-81674d" branchNodeId="BN_8848-168" offset="0"/>
					<PassBranchId>BRANCH_34-4e-0-821a96</PassBranchId>
					<PassBranchId>BRANCH_34-4e-0-816749</PassBranchId>
					<PassBranchId>BRANCH_34-4e-0-816744</PassBranchId>
					<PassBranchId>BRANCH_34-4e-0-814498</PassBranchId>
					<PassBranchId>BRANCH_c2-4e-0-4c0fb4</PassBranchId>
					<PassBranchId>BRANCH_c2-4e-0-4c0f7e</PassBranchId>
					<PassBranchId>BRANCH_c2-4e-0-4c1005</PassBranchId>
					<PassBranchId>BRANCH_c2-4e-0-4c0f45</PassBranchId>
					<PassBranchId>BRANCH_c2-4e-0-4c0dea</PassBranchId>
					<PassBranchId>BRANCH_c2-4e-0-4c0fd1</PassBranchId>
					<PassBranchId>BRANCH_c2-4e-0-4c0fe8</PassBranchId>
					<PassBranchId>BRANCH_c2-4e-0-4c1009</PassBranchId>
					<PassBranchId>BRANCH_c2-4e-0-4c10cb</PassBranchId>
					<PassBranchId>BRANCH_c2-4e-0-4c10ec</PassBranchId>
					<PassBranchId>BRANCH_c2-4e-0-4c0de4</PassBranchId>
					<PassBranchId>BRANCH_1a-4e-0-18e01d0</PassBranchId>
					<PassBranchId>BRANCH_c2-4e-0-4c10c8</PassBranchId>
					<PassBranchId>BRANCH_eb-4e-0-678fca</PassBranchId>
					<PassBranchId>BRANCH_c2-4e-0-4c0e87</PassBranchId>
					<PassBranchId>BRANCH_c2-4e-0-4c0e8c</PassBranchId>
					<PassBranchId>BRANCH_c2-4e-0-4c0e7f</PassBranchId>
					<PassBranchId>BRANCH_c2-4e-0-4c0ef9</PassBranchId>
					<PassBranchId>BRANCH_c2-4e-0-4c0e70</PassBranchId>
					<PassBranchId>BRANCH_c2-4e-0-4c0d66</PassBranchId>
					<PassBranchId>BRANCH_c2-4e-0-4c0e5f</PassBranchId>
					<EndBranchPosition id="BR_POS_1528" branchId="BRANCH_c2-4e-0-4c0d60" branchNodeId="BN_22052-256" offset="0"/>
				</BranchRoute>
			</WiringItem>
			<WiringItem xsi:type="Wire" id="WIRE_d6-c-0-38d033" name="VLF60EVD" signalId="SIGNAL_2-36-0-410b" cableType="WIRE-2TAD-0.35" wireName="GY/YE" fromPinId="PIN_b5-18-0-550b" toPinId="PIN_c4-18-0-404d2b">
				<AppRef name="E3.Series" version="2.14.0.0" guid="c84c82da-c6cf-4ba0-85e0-1c9f7f78c49c"/>
				<Property id="PROPERTY_14375" name="WIRE_LENGTH" value="1760"/>
				<Property id="PROPERTY_14376" name="WIRE_END2_MATL" value="(SN)"/>
				<Property id="PROPERTY_14377" name="WIRE_CSA" value="0.35"/>
				<Property id="PROPERTY_14378" name="WIRE_MIN_BEND_RADIUS" value="3.5"/>
				<Property id="PROPERTY_14379" name="WIRE_OPTION" value="HT2AC"/>
				<Property id="PROPERTY_14380" name="WIRE_DEV_PIN_1" value="C12-A2:13"/>
				<Property id="PROPERTY_14381" name="WIRE_COLOR" value="GY/YE"/>
				<Property id="PROPERTY_14382" name="WIRE_SPEC" value="2TAD"/>
				<Property id="PROPERTY_14383" name="WIRE_END1_MATL" value="(SN)"/>
				<Property id="PROPERTY_14384" name="WIRE_LEVEL" value="(BEV)"/>
				<Property id="PROPERTY_14385" name="WIRE_END1_TERM" value="BU5T-14474-UA"/>
				<Property id="PROPERTY_14386" name="WIRE_DEV_PIN_2" value="C2LF44EV:5"/>
				<Property id="PROPERTY_14387" name="WIRE_NAME" value="VLF60EVD"/>
				<Property id="PROPERTY_14388" name="WIRE_END2_TERM" value="GU5T-14474-KA"/>
				<Property id="PROPERTY_14389" name="WIRE_SIGNAL" value="VLF60"/>
				<Property id="PROPERTY_14390" name="HRN_FAMILY" value="14401"/>
				<Property id="PROPERTY_14391" name="WIRE_MULTICORE" value="TP_VLF59EVD"/>
				<Property id="PROPERTY_14392" name="WIRE_FPN" value="WIRE-2TAD-0.35-GY/YE"/>
				<Property id="PROPERTY_14393" name="WIRE_DIA_MAX" value="1.4"/>
				<Option id="OPTION_d6-c-0-38d033_1" value="HT2AC"/>
				<BranchRoute id="BRR_633">
					<StartBranchPosition id="BR_POS_1529" branchId="BRANCH_34-4e-0-81674d" branchNodeId="BN_8848-168" offset="0"/>
					<PassBranchId>BRANCH_34-4e-0-821a96</PassBranchId>
					<PassBranchId>BRANCH_34-4e-0-816749</PassBranchId>
					<PassBranchId>BRANCH_34-4e-0-816744</PassBranchId>
					<PassBranchId>BRANCH_34-4e-0-814498</PassBranchId>
					<PassBranchId>BRANCH_c2-4e-0-4c0fb4</PassBranchId>
					<PassBranchId>BRANCH_c2-4e-0-4c0f7e</PassBranchId>
					<PassBranchId>BRANCH_c2-4e-0-4c1005</PassBranchId>
					<PassBranchId>BRANCH_c2-4e-0-4c0f45</PassBranchId>
					<PassBranchId>BRANCH_c2-4e-0-4c0dea</PassBranchId>
					<PassBranchId>BRANCH_c2-4e-0-4c0fd1</PassBranchId>
					<PassBranchId>BRANCH_c2-4e-0-4c0fe8</PassBranchId>
					<PassBranchId>BRANCH_c2-4e-0-4c1009</PassBranchId>
					<PassBranchId>BRANCH_c2-4e-0-4c10cb</PassBranchId>
					<PassBranchId>BRANCH_c2-4e-0-4c10ec</PassBranchId>
					<PassBranchId>BRANCH_c2-4e-0-4c0de4</PassBranchId>
					<PassBranchId>BRANCH_1a-4e-0-18e01d0</PassBranchId>
					<PassBranchId>BRANCH_c2-4e-0-4c10c8</PassBranchId>
					<PassBranchId>BRANCH_eb-4e-0-678fca</PassBranchId>
					<PassBranchId>BRANCH_c2-4e-0-4c0e87</PassBranchId>
					<PassBranchId>BRANCH_c2-4e-0-4c0e8c</PassBranchId>
					<PassBranchId>BRANCH_c2-4e-0-4c0e7f</PassBranchId>
					<PassBranchId>BRANCH_c2-4e-0-4c0ef9</PassBranchId>
					<PassBranchId>BRANCH_c2-4e-0-4c0e70</PassBranchId>
					<PassBranchId>BRANCH_c2-4e-0-4c0d66</PassBranchId>
					<PassBranchId>BRANCH_c2-4e-0-4c0e5f</PassBranchId>
					<EndBranchPosition id="BR_POS_1530" branchId="BRANCH_c2-4e-0-4c0d60" branchNodeId="BN_22052-256" offset="0"/>
				</BranchRoute>
			</WiringItem>
		</WiringItem>
		<WiringItem xsi:type="Bundle" id="BUNDLE_9e-6-0-4b7775" name="TP_VDB29HD" bundleType="twist">
			<AppRef name="E3.Series" version="2.14.5.0" guid="4e28f0e8-617b-41a5-a957-99bf1eef0ff4"/>
			<WiringItem xsi:type="Wire" id="WIRE_9e-c-0-4b2810" name="VDB29HD" signalId="SIGNAL_2-36-0-41d7" cableType="WIRE-2UKD-0.35" wireName="GN/BU" fromPinId="PIN_3e-18-0-323bca" toPinId="PIN_a8-18-0-e8efdb">
				<AppRef name="E3.Series" version="2.14.0.0" guid="e36284a9-43a8-4e59-a883-a4a980674944"/>
				<Property id="PROPERTY_12523" name="WIRE_LENGTH" value="2523"/>
				<Property id="PROPERTY_12524" name="WIRE_CSA" value="0.35"/>
				<Property id="PROPERTY_12525" name="WIRE_MIN_BEND_RADIUS" value="3"/>
				<Property id="PROPERTY_12526" name="WIRE_OPTION" value="IEVAT"/>
				<Property id="PROPERTY_12527" name="WIRE_DEV_PIN_1" value="C23-E1:7"/>
				<Property id="PROPERTY_12528" name="WIRE_COLOR" value="GN/BU"/>
				<Property id="PROPERTY_12529" name="WIRE_SPEC" value="2UKD"/>
				<Property id="PROPERTY_12530" name="WIRE_END1_MATL" value="(SN)"/>
				<Property id="PROPERTY_12531" name="WIRE_LEVEL" value="VA"/>
				<Property id="PROPERTY_12532" name="WIRE_END1_TERM" value="9U5T-14474-DB"/>
				<Property id="PROPERTY_12533" name="WIRE_DEV_PIN_2" value="C2MM01-DB:19"/>
				<Property id="PROPERTY_12534" name="WIRE_NAME" value="VDB29HD"/>
				<Property id="PROPERTY_12535" name="WIRE_END_DC" value="2,9U5T-14474-EB,(SN),VA,VDB29CD"/>
				<Property id="PROPERTY_12536" name="WIRE_SIGNAL" value="VMP24"/>
				<Property id="PROPERTY_12537" name="HRN_FAMILY" value="14401"/>
				<Property id="PROPERTY_12538" name="WIRE_MULTICORE" value="TP_VDB29HD"/>
				<Property id="PROPERTY_12539" name="WIRE_FPN" value="WIRE-2UKD-0.35-GN/BU"/>
				<Property id="PROPERTY_12540" name="WIRE_DIA_MAX" value="1.2"/>
				<Option id="OPTION_9e-c-0-4b2810_1" value="IEVAT"/>
				<BranchRoute id="BRR_532">
					<StartBranchPosition id="BR_POS_1327" branchId="BRANCH_da-4e-0-25068e" branchNodeId="BN_9708-328" offset="0"/>
					<PassBranchId>BRANCH_da-4e-0-2503d5</PassBranchId>
					<PassBranchId>BRANCH_ff-4e-0-9d2c5f</PassBranchId>
					<PassBranchId>BRANCH_22-4e-0-2ca187b</PassBranchId>
					<PassBranchId>BRANCH_c2-4e-0-4c0f6f</PassBranchId>
					<PassBranchId>BRANCH_c2-4e-0-4c0f6c</PassBranchId>
					<PassBranchId>BRANCH_c2-4e-0-4c0f66</PassBranchId>
					<PassBranchId>BRANCH_c2-4e-0-4c0fb7</PassBranchId>
					<PassBranchId>BRANCH_c2-4e-0-4c10a4</PassBranchId>
					<PassBranchId>BRANCH_c2-4e-0-4c0f7a</PassBranchId>
					<PassBranchId>BRANCH_35-4e-0-350133</PassBranchId>
					<PassBranchId>BRANCH_c2-4e-0-4c0f60</PassBranchId>
					<PassBranchId>BRANCH_c2-4e-0-4c1005</PassBranchId>
					<PassBranchId>BRANCH_c2-4e-0-4c0f45</PassBranchId>
					<PassBranchId>BRANCH_c2-4e-0-4c0dea</PassBranchId>
					<PassBranchId>BRANCH_c2-4e-0-4c0fd1</PassBranchId>
					<PassBranchId>BRANCH_c2-4e-0-4c0fe8</PassBranchId>
					<PassBranchId>BRANCH_c2-4e-0-4c1009</PassBranchId>
					<PassBranchId>BRANCH_c2-4e-0-4c10cb</PassBranchId>
					<PassBranchId>BRANCH_c2-4e-0-4c10ec</PassBranchId>
					<PassBranchId>BRANCH_c2-4e-0-4c1075</PassBranchId>
					<PassBranchId>BRANCH_c2-4e-0-4c106f</PassBranchId>
					<PassBranchId>BRANCH_c2-4e-0-4c1087</PassBranchId>
					<PassBranchId>BRANCH_c2-4e-0-4c1083</PassBranchId>
					<PassBranchId>BRANCH_c2-4e-0-4c0f89</PassBranchId>
					<PassBranchId>BRANCH_c2-4e-0-4c0f18</PassBranchId>
					<PassBranchId>BRANCH_c2-4e-0-4c0f88</PassBranchId>
					<PassBranchId>BRANCH_c2-4e-0-4c0e97</PassBranchId>
					<PassBranchId>BRANCH_c2-4e-0-4c10ce</PassBranchId>
					<PassBranchId>BRANCH_c2-4e-0-4c0e9b</PassBranchId>
					<PassBranchId>BRANCH_c2-4e-0-4c10f5</PassBranchId>
					<PassBranchId>BRANCH_c2-4e-0-4c0dfa</PassBranchId>
					<EndBranchPosition id="BR_POS_1328" branchId="BRANCH_c2-4e-0-4c0f1c" branchNodeId="BN_18448-168" offset="0"/>
				</BranchRoute>
			</WiringItem>
			<WiringItem xsi:type="Wire" id="WIRE_9e-c-0-4b27f0" name="VDB30HD" signalId="SIGNAL_2-36-0-3fd8" cableType="WIRE-2UKD-0.35" wireName="WH/GN" fromPinId="PIN_3e-18-0-323bcf" toPinId="PIN_a8-18-0-e8efe3">
				<AppRef name="E3.Series" version="2.14.0.0" guid="bd117804-6f7d-4fee-a559-1ba759d4dc41"/>
				<Property id="PROPERTY_12541" name="WIRE_LENGTH" value="2523"/>
				<Property id="PROPERTY_12542" name="WIRE_CSA" value="0.35"/>
				<Property id="PROPERTY_12543" name="WIRE_MIN_BEND_RADIUS" value="3"/>
				<Property id="PROPERTY_12544" name="WIRE_OPTION" value="IEVAT"/>
				<Property id="PROPERTY_12545" name="WIRE_DEV_PIN_1" value="C23-E1:8"/>
				<Property id="PROPERTY_12546" name="WIRE_COLOR" value="WH/GN"/>
				<Property id="PROPERTY_12547" name="WIRE_SPEC" value="2UKD"/>
				<Property id="PROPERTY_12548" name="WIRE_END1_MATL" value="(SN)"/>
				<Property id="PROPERTY_12549" name="WIRE_LEVEL" value="VA"/>
				<Property id="PROPERTY_12550" name="WIRE_END1_TERM" value="9U5T-14474-DB"/>
				<Property id="PROPERTY_12551" name="WIRE_DEV_PIN_2" value="C2MM01-DB:20"/>
				<Property id="PROPERTY_12552" name="WIRE_NAME" value="VDB30HD"/>
				<Property id="PROPERTY_12553" name="WIRE_END_DC" value="2,9U5T-14474-EB,(SN),VA,VDB30CD"/>
				<Property id="PROPERTY_12554" name="WIRE_SIGNAL" value="VDB30"/>
				<Property id="PROPERTY_12555" name="HRN_FAMILY" value="14401"/>
				<Property id="PROPERTY_12556" name="WIRE_MULTICORE" value="TP_VDB29HD"/>
				<Property id="PROPERTY_12557" name="WIRE_FPN" value="WIRE-2UKD-0.35-WH/GN"/>
				<Property id="PROPERTY_12558" name="WIRE_DIA_MAX" value="1.2"/>
				<Option id="OPTION_9e-c-0-4b27f0_1" value="IEVAT"/>
				<BranchRoute id="BRR_533">
					<StartBranchPosition id="BR_POS_1329" branchId="BRANCH_da-4e-0-25068e" branchNodeId="BN_9708-328" offset="0"/>
					<PassBranchId>BRANCH_da-4e-0-2503d5</PassBranchId>
					<PassBranchId>BRANCH_ff-4e-0-9d2c5f</PassBranchId>
					<PassBranchId>BRANCH_22-4e-0-2ca187b</PassBranchId>
					<PassBranchId>BRANCH_c2-4e-0-4c0f6f</PassBranchId>
					<PassBranchId>BRANCH_c2-4e-0-4c0f6c</PassBranchId>
					<PassBranchId>BRANCH_c2-4e-0-4c0f66</PassBranchId>
					<PassBranchId>BRANCH_c2-4e-0-4c0fb7</PassBranchId>
					<PassBranchId>BRANCH_c2-4e-0-4c10a4</PassBranchId>
					<PassBranchId>BRANCH_c2-4e-0-4c0f7a</PassBranchId>
					<PassBranchId>BRANCH_35-4e-0-350133</PassBranchId>
					<PassBranchId>BRANCH_c2-4e-0-4c0f60</PassBranchId>
					<PassBranchId>BRANCH_c2-4e-0-4c1005</PassBranchId>
					<PassBranchId>BRANCH_c2-4e-0-4c0f45</PassBranchId>
					<PassBranchId>BRANCH_c2-4e-0-4c0dea</PassBranchId>
					<PassBranchId>BRANCH_c2-4e-0-4c0fd1</PassBranchId>
					<PassBranchId>BRANCH_c2-4e-0-4c0fe8</PassBranchId>
					<PassBranchId>BRANCH_c2-4e-0-4c1009</PassBranchId>
					<PassBranchId>BRANCH_c2-4e-0-4c10cb</PassBranchId>
					<PassBranchId>BRANCH_c2-4e-0-4c10ec</PassBranchId>
					<PassBranchId>BRANCH_c2-4e-0-4c1075</PassBranchId>
					<PassBranchId>BRANCH_c2-4e-0-4c106f</PassBranchId>
					<PassBranchId>BRANCH_c2-4e-0-4c1087</PassBranchId>
					<PassBranchId>BRANCH_c2-4e-0-4c1083</PassBranchId>
					<PassBranchId>BRANCH_c2-4e-0-4c0f89</PassBranchId>
					<PassBranchId>BRANCH_c2-4e-0-4c0f18</PassBranchId>
					<PassBranchId>BRANCH_c2-4e-0-4c0f88</PassBranchId>
					<PassBranchId>BRANCH_c2-4e-0-4c0e97</PassBranchId>
					<PassBranchId>BRANCH_c2-4e-0-4c10ce</PassBranchId>
					<PassBranchId>BRANCH_c2-4e-0-4c0e9b</PassBranchId>
					<PassBranchId>BRANCH_c2-4e-0-4c10f5</PassBranchId>
					<PassBranchId>BRANCH_c2-4e-0-4c0dfa</PassBranchId>
					<EndBranchPosition id="BR_POS_1330" branchId="BRANCH_c2-4e-0-4c0f1c" branchNodeId="BN_18448-168" offset="0"/>
				</BranchRoute>
			</WiringItem>
		</WiringItem>
		<WiringItem xsi:type="Bundle" id="BUNDLE_a1-6-0-9d276" name="TP_VPK07C" bundleType="twist">
			<AppRef name="E3.Series" version="2.14.5.0" guid="2fefd3eb-cded-4b7e-9e11-00296c1ad7bb"/>
			<WiringItem xsi:type="Wire" id="WIRE_95-c-0-e5c5f" name="RPK07C" signalId="SIGNAL_2-36-0-3cbd" cableType="WIRE-2UKD-0.35" wireName="GN/OG" fromPinId="PIN_f-18-0-dbe7" toPinId="PIN_b5-18-0-54bc">
				<AppRef name="E3.Series" version="2.13.7.0" guid="0f11985d-9f7c-4e9b-aae7-ec4923e47976"/>
				<Property id="PROPERTY_10521" name="WIRE_LENGTH" value="699"/>
				<Property id="PROPERTY_10522" name="WIRE_END2_MATL" value="(SN)"/>
				<Property id="PROPERTY_10523" name="WIRE_CSA" value="0.35"/>
				<Property id="PROPERTY_10524" name="WIRE_MIN_BEND_RADIUS" value="3"/>
				<Property id="PROPERTY_10525" name="WIRE_OPTION" value="CBGAL | CBFAN"/>
				<Property id="PROPERTY_10526" name="WIRE_DEV_PIN_1" value="C2AM02-B:27"/>
				<Property id="PROPERTY_10527" name="WIRE_COLOR" value="GN/OG"/>
				<Property id="PROPERTY_10528" name="WIRE_SPEC" value="2UKD"/>
				<Property id="PROPERTY_10529" name="WIRE_END1_MATL" value="(SN)"/>
				<Property id="PROPERTY_10530" name="WIRE_LEVEL" value="(PEPS-12)/(BEV)"/>
				<Property id="PROPERTY_10531" name="WIRE_END1_TERM" value="9U5T-14474-DB"/>
				<Property id="PROPERTY_10532" name="WIRE_DEV_PIN_2" value="C23-B1:16"/>
				<Property id="PROPERTY_10533" name="WIRE_NAME" value="RPK07C"/>
				<Property id="PROPERTY_10534" name="WIRE_END2_TERM" value="9U5T-14474-DB"/>
				<Property id="PROPERTY_10535" name="WIRE_SIGNAL" value="RME89"/>
				<Property id="PROPERTY_10536" name="HRN_FAMILY" value="14401"/>
				<Property id="PROPERTY_10537" name="WIRE_MULTICORE" value="TP_VPK07C"/>
				<Property id="PROPERTY_10538" name="WIRE_FPN" value="WIRE-2UKD-0.35-GN/OG"/>
				<Property id="PROPERTY_10539" name="WIRE_DIA_MAX" value="1.2"/>
				<Option id="OPTION_95-c-0-e5c5f_1" value="CBGAL | CBFAN"/>
				<BranchRoute id="BRR_420">
					<StartBranchPosition id="BR_POS_1103" branchId="BRANCH_c2-4e-0-4c0d63" branchNodeId="BN_22204-180" offset="0"/>
					<PassBranchId>BRANCH_c2-4e-0-4c0e5c</PassBranchId>
					<PassBranchId>BRANCH_c2-4e-0-4c0e70</PassBranchId>
					<PassBranchId>BRANCH_c2-4e-0-4c0ef9</PassBranchId>
					<PassBranchId>BRANCH_c2-4e-0-4c102d</PassBranchId>
					<PassBranchId>BRANCH_c2-4e-0-4c1030</PassBranchId>
					<PassBranchId>BRANCH_c2-4e-0-4c0e6d</PassBranchId>
					<PassBranchId>BRANCH_c2-4e-0-4c0fdc</PassBranchId>
					<PassBranchId>BRANCH_c2-4e-0-4c0efe</PassBranchId>
					<PassBranchId>BRANCH_c2-4e-0-4c0df1</PassBranchId>
					<EndBranchPosition id="BR_POS_1104" branchId="BRANCH_c2-4e-0-4c0f01" branchNodeId="BN_23840-236" offset="0"/>
				</BranchRoute>
			</WiringItem>
			<WiringItem xsi:type="Wire" id="WIRE_95-c-0-e5c77" name="VPK07C" signalId="SIGNAL_2-36-0-3b4b" cableType="WIRE-2UKD-0.35" wireName="BU/GY" fromPinId="PIN_f-18-0-dc0e" toPinId="PIN_b5-18-0-54bd">
				<AppRef name="E3.Series" version="2.13.7.0" guid="9e15347e-eb88-4b58-928a-e41d12194b10"/>
				<Property id="PROPERTY_10540" name="WIRE_LENGTH" value="699"/>
				<Property id="PROPERTY_10541" name="WIRE_END2_MATL" value="(SN)"/>
				<Property id="PROPERTY_10542" name="WIRE_CSA" value="0.35"/>
				<Property id="PROPERTY_10543" name="WIRE_MIN_BEND_RADIUS" value="3"/>
				<Property id="PROPERTY_10544" name="WIRE_OPTION" value="CBGAL | CBFAN"/>
				<Property id="PROPERTY_10545" name="WIRE_DEV_PIN_1" value="C2AM02-B:40"/>
				<Property id="PROPERTY_10546" name="WIRE_COLOR" value="BU/GY"/>
				<Property id="PROPERTY_10547" name="WIRE_SPEC" value="2UKD"/>
				<Property id="PROPERTY_10548" name="WIRE_END1_MATL" value="(SN)"/>
				<Property id="PROPERTY_10549" name="WIRE_LEVEL" value="(PEPS-12)/(BEV)"/>
				<Property id="PROPERTY_10550" name="WIRE_END1_TERM" value="9U5T-14474-DB"/>
				<Property id="PROPERTY_10551" name="WIRE_DEV_PIN_2" value="C23-B1:17"/>
				<Property id="PROPERTY_10552" name="WIRE_NAME" value="VPK07C"/>
				<Property id="PROPERTY_10553" name="WIRE_END2_TERM" value="9U5T-14474-DB"/>
				<Property id="PROPERTY_10554" name="WIRE_SIGNAL" value="LME89"/>
				<Property id="PROPERTY_10555" name="HRN_FAMILY" value="14401"/>
				<Property id="PROPERTY_10556" name="WIRE_MULTICORE" value="TP_VPK07C"/>
				<Property id="PROPERTY_10557" name="WIRE_FPN" value="WIRE-2UKD-0.35-BU/GY"/>
				<Property id="PROPERTY_10558" name="WIRE_DIA_MAX" value="1.2"/>
				<Option id="OPTION_95-c-0-e5c77_1" value="CBGAL | CBFAN"/>
				<BranchRoute id="BRR_421">
					<StartBranchPosition id="BR_POS_1105" branchId="BRANCH_c2-4e-0-4c0d63" branchNodeId="BN_22204-180" offset="0"/>
					<PassBranchId>BRANCH_c2-4e-0-4c0e5c</PassBranchId>
					<PassBranchId>BRANCH_c2-4e-0-4c0e70</PassBranchId>
					<PassBranchId>BRANCH_c2-4e-0-4c0ef9</PassBranchId>
					<PassBranchId>BRANCH_c2-4e-0-4c102d</PassBranchId>
					<PassBranchId>BRANCH_c2-4e-0-4c1030</PassBranchId>
					<PassBranchId>BRANCH_c2-4e-0-4c0e6d</PassBranchId>
					<PassBranchId>BRANCH_c2-4e-0-4c0fdc</PassBranchId>
					<PassBranchId>BRANCH_c2-4e-0-4c0efe</PassBranchId>
					<PassBranchId>BRANCH_c2-4e-0-4c0df1</PassBranchId>
					<EndBranchPosition id="BR_POS_1106" branchId="BRANCH_c2-4e-0-4c0f01" branchNodeId="BN_23840-236" offset="0"/>
				</BranchRoute>
			</WiringItem>
		</WiringItem>
		<WiringItem xsi:type="Bundle" id="BUNDLE_7a-6-0-25545d" name="TP_VDB29MB" bundleType="twist">
			<AppRef name="E3.Series" version="2.14.5.0" guid="1dfa52ba-2652-4e50-b372-3d7900222bc2"/>
			<WiringItem xsi:type="Wire" id="WIRE_7a-c-0-2552a5" name="VDB29MB" signalId="SIGNAL_2-36-0-3fd7" cableType="WIRE-2UKD-0.35" wireName="GN/BU" fromPinId="PIN_73-18-0-9c0f" toPinId="PIN_13-18-0-2ceb20">
				<AppRef name="E3.Series" version="2.13.7.0" guid="28b02334-d634-4346-8a30-335c00f5981e"/>
				<Property id="PROPERTY_12603" name="WIRE_LENGTH" value="1406"/>
				<Property id="PROPERTY_12604" name="WIRE_END2_MATL" value="(SN)"/>
				<Property id="PROPERTY_12605" name="WIRE_CSA" value="0.35"/>
				<Property id="PROPERTY_12606" name="WIRE_MIN_BEND_RADIUS" value="3"/>
				<Property id="PROPERTY_12607" name="WIRE_OPTION" value="HT2AA &amp; ( IEXAA &amp; ! IEXAB )"/>
				<Property id="PROPERTY_12608" name="WIRE_DEV_PIN_1" value="C23-E1:4"/>
				<Property id="PROPERTY_12609" name="WIRE_COLOR" value="GN/BU"/>
				<Property id="PROPERTY_12610" name="WIRE_SPEC" value="2UKD"/>
				<Property id="PROPERTY_12611" name="WIRE_END1_MATL" value="(SN)"/>
				<Property id="PROPERTY_12612" name="WIRE_LEVEL" value="(8DSP)/(CNSL-LO)/XL/XS"/>
				<Property id="PROPERTY_12613" name="WIRE_END1_TERM" value="3F2T-14474-SA"/>
				<Property id="PROPERTY_12614" name="WIRE_DEV_PIN_2" value="C2DB02-A:9"/>
				<Property id="PROPERTY_12615" name="WIRE_NAME" value="VDB29MB"/>
				<Property id="PROPERTY_12616" name="WIRE_END2_TERM" value="9U5T-14474-DB"/>
				<Property id="PROPERTY_12617" name="WIRE_SIGNAL" value="VDB29"/>
				<Property id="PROPERTY_12618" name="HRN_FAMILY" value="14401"/>
				<Property id="PROPERTY_12619" name="WIRE_MULTICORE" value="TP_VDB29MB"/>
				<Property id="PROPERTY_12620" name="WIRE_FPN" value="WIRE-2UKD-0.35-GN/BU"/>
				<Property id="PROPERTY_12621" name="WIRE_DIA_MAX" value="1.2"/>
				<Option id="OPTION_7a-c-0-2552a5_1" value="HT2AA &amp; ( IEXAA &amp; ! IEXAB )"/>
				<BranchRoute id="BRR_536">
					<StartBranchPosition id="BR_POS_1335" branchId="BRANCH_c2-4e-0-4c0f1c" branchNodeId="BN_18448-168" offset="0"/>
					<PassBranchId>BRANCH_c2-4e-0-4c0dfa</PassBranchId>
					<PassBranchId>BRANCH_c2-4e-0-4c10f5</PassBranchId>
					<PassBranchId>BRANCH_c2-4e-0-4c0e9b</PassBranchId>
					<PassBranchId>BRANCH_c2-4e-0-4c10ce</PassBranchId>
					<PassBranchId>BRANCH_c2-4e-0-4c0e97</PassBranchId>
					<PassBranchId>BRANCH_c2-4e-0-4c0f88</PassBranchId>
					<PassBranchId>BRANCH_c2-4e-0-4c0f18</PassBranchId>
					<PassBranchId>BRANCH_c2-4e-0-4c0f89</PassBranchId>
					<PassBranchId>BRANCH_c2-4e-0-4c1083</PassBranchId>
					<PassBranchId>BRANCH_c2-4e-0-4c1087</PassBranchId>
					<PassBranchId>BRANCH_c2-4e-0-4c107e</PassBranchId>
					<EndBranchPosition id="BR_POS_1336" branchId="BRANCH_c2-4e-0-4c0f12" branchNodeId="BN_20144-60" offset="0"/>
				</BranchRoute>
			</WiringItem>
			<WiringItem xsi:type="Wire" id="WIRE_7a-c-0-2552c2" name="VDB30MB" signalId="SIGNAL_2-36-0-3fd8" cableType="WIRE-2UKD-0.35" wireName="WH/GN" fromPinId="PIN_73-18-0-9c14" toPinId="PIN_13-18-0-2ceb44">
				<AppRef name="E3.Series" version="2.13.7.0" guid="07a7bc6f-6e35-40ad-ab76-ce5cf18c6df1"/>
				<Property id="PROPERTY_12622" name="WIRE_LENGTH" value="1406"/>
				<Property id="PROPERTY_12623" name="WIRE_END2_MATL" value="(SN)"/>
				<Property id="PROPERTY_12624" name="WIRE_CSA" value="0.35"/>
				<Property id="PROPERTY_12625" name="WIRE_MIN_BEND_RADIUS" value="3"/>
				<Property id="PROPERTY_12626" name="WIRE_OPTION" value="HT2AA &amp; ( IEXAA &amp; ! IEXAB )"/>
				<Property id="PROPERTY_12627" name="WIRE_DEV_PIN_1" value="C23-E1:5"/>
				<Property id="PROPERTY_12628" name="WIRE_COLOR" value="WH/GN"/>
				<Property id="PROPERTY_12629" name="WIRE_SPEC" value="2UKD"/>
				<Property id="PROPERTY_12630" name="WIRE_END1_MATL" value="(SN)"/>
				<Property id="PROPERTY_12631" name="WIRE_LEVEL" value="(8DSP)/(CNSL-LO)/XL/XS"/>
				<Property id="PROPERTY_12632" name="WIRE_END1_TERM" value="3F2T-14474-SA"/>
				<Property id="PROPERTY_12633" name="WIRE_DEV_PIN_2" value="C2DB02-A:22"/>
				<Property id="PROPERTY_12634" name="WIRE_NAME" value="VDB30MB"/>
				<Property id="PROPERTY_12635" name="WIRE_END2_TERM" value="9U5T-14474-DB"/>
				<Property id="PROPERTY_12636" name="WIRE_SIGNAL" value="VDB30"/>
				<Property id="PROPERTY_12637" name="HRN_FAMILY" value="14401"/>
				<Property id="PROPERTY_12638" name="WIRE_MULTICORE" value="TP_VDB29MB"/>
				<Property id="PROPERTY_12639" name="WIRE_FPN" value="WIRE-2UKD-0.35-WH/GN"/>
				<Property id="PROPERTY_12640" name="WIRE_DIA_MAX" value="1.2"/>
				<Option id="OPTION_7a-c-0-2552c2_1" value="HT2AA &amp; ( IEXAA &amp; ! IEXAB )"/>
				<BranchRoute id="BRR_537">
					<StartBranchPosition id="BR_POS_1337" branchId="BRANCH_c2-4e-0-4c0f1c" branchNodeId="BN_18448-168" offset="0"/>
					<PassBranchId>BRANCH_c2-4e-0-4c0dfa</PassBranchId>
					<PassBranchId>BRANCH_c2-4e-0-4c10f5</PassBranchId>
					<PassBranchId>BRANCH_c2-4e-0-4c0e9b</PassBranchId>
					<PassBranchId>BRANCH_c2-4e-0-4c10ce</PassBranchId>
					<PassBranchId>BRANCH_c2-4e-0-4c0e97</PassBranchId>
					<PassBranchId>BRANCH_c2-4e-0-4c0f88</PassBranchId>
					<PassBranchId>BRANCH_c2-4e-0-4c0f18</PassBranchId>
					<PassBranchId>BRANCH_c2-4e-0-4c0f89</PassBranchId>
					<PassBranchId>BRANCH_c2-4e-0-4c1083</PassBranchId>
					<PassBranchId>BRANCH_c2-4e-0-4c1087</PassBranchId>
					<PassBranchId>BRANCH_c2-4e-0-4c107e</PassBranchId>
					<EndBranchPosition id="BR_POS_1338" branchId="BRANCH_c2-4e-0-4c0f12" branchNodeId="BN_20144-60" offset="0"/>
				</BranchRoute>
			</WiringItem>
		</WiringItem>
		<WiringItem xsi:type="Bundle" id="BUNDLE_a1-6-0-9d202" name="TP_VDB29P" bundleType="twist">
			<AppRef name="E3.Series" version="2.14.5.0" guid="26715d02-2e40-467f-a196-4d7a8a64dbaa"/>
			<WiringItem xsi:type="Wire" id="WIRE_95-c-0-e5727" name="VDB29P" signalId="SIGNAL_2-36-0-3fd7" cableType="WIRE-2UKD-0.35" wireName="GN/BU" fromPinId="PIN_73-18-0-9c0f" toPinId="PIN_1e-18-0-1326e">
				<AppRef name="E3.Series" version="2.13.7.0" guid="aabfdecc-891e-46e6-aa99-6098e022d2f4"/>
				<Property id="PROPERTY_12641" name="WIRE_LENGTH" value="1351"/>
				<Property id="PROPERTY_12642" name="WIRE_CSA" value="0.35"/>
				<Property id="PROPERTY_12643" name="WIRE_MIN_BEND_RADIUS" value="3"/>
				<Property id="PROPERTY_12644" name="WIRE_OPTION" value="IEXAB &amp; HT2AA"/>
				<Property id="PROPERTY_12645" name="WIRE_DEV_PIN_1" value="C23-E1:4"/>
				<Property id="PROPERTY_12646" name="WIRE_COLOR" value="GN/BU"/>
				<Property id="PROPERTY_12647" name="WIRE_SPEC" value="2UKD"/>
				<Property id="PROPERTY_12648" name="WIRE_END1_MATL" value="(SN)"/>
				<Property id="PROPERTY_12649" name="WIRE_LEVEL" value="(CNSL-HI)/(A-STR)/AH/AJ/AK/AL/AM/AN/AP/AR/CB/CC/CD/CE/VA/XM/YC/YD/YK/YL/YN/YP/YR/YU/YV"/>
				<Property id="PROPERTY_12650" name="WIRE_END1_TERM" value="3F2T-14474-SA"/>
				<Property id="PROPERTY_12651" name="WIRE_DEV_PIN_2" value="C23-D1:13"/>
				<Property id="PROPERTY_12652" name="WIRE_NAME" value="VDB29P"/>
				<Property id="PROPERTY_12653" name="WIRE_END_DC" value="2,7C3T-14474-DA,(SN),(CNSL-HI)/(A-STR)/AH/AJ/AK/AL/AM/AN/AP/AR/CB/CC/CD/CE/VA/XM/YC/YD/YK/YL/YN/YP/YR/YU/YV,VDB29M"/>
				<Property id="PROPERTY_12654" name="WIRE_SIGNAL" value="VDB29"/>
				<Property id="PROPERTY_12655" name="HRN_FAMILY" value="14401"/>
				<Property id="PROPERTY_12656" name="WIRE_MULTICORE" value="TP_VDB29P"/>
				<Property id="PROPERTY_12657" name="WIRE_FPN" value="WIRE-2UKD-0.35-GN/BU"/>
				<Property id="PROPERTY_12658" name="WIRE_DIA_MAX" value="1.2"/>
				<Option id="OPTION_95-c-0-e5727_1" value="IEXAB &amp; HT2AA"/>
				<BranchRoute id="BRR_538">
					<StartBranchPosition id="BR_POS_1339" branchId="BRANCH_c2-4e-0-4c0f1c" branchNodeId="BN_18448-168" offset="0"/>
					<PassBranchId>BRANCH_c2-4e-0-4c0dfa</PassBranchId>
					<PassBranchId>BRANCH_c2-4e-0-4c10f5</PassBranchId>
					<PassBranchId>BRANCH_c2-4e-0-4c0e9b</PassBranchId>
					<PassBranchId>BRANCH_c2-4e-0-4c10ce</PassBranchId>
					<PassBranchId>BRANCH_c2-4e-0-4c0e97</PassBranchId>
					<PassBranchId>BRANCH_c2-4e-0-4c0f88</PassBranchId>
					<PassBranchId>BRANCH_c2-4e-0-4c0f18</PassBranchId>
					<PassBranchId>BRANCH_c2-4e-0-4c0f89</PassBranchId>
					<PassBranchId>BRANCH_c2-4e-0-4c1088</PassBranchId>
					<EndBranchPosition id="BR_POS_1340" branchId="BRANCH_c2-4e-0-4c0f19" branchNodeId="BN_19800-232" offset="0"/>
				</BranchRoute>
			</WiringItem>
			<WiringItem xsi:type="Wire" id="WIRE_95-c-0-e573f" name="VDB30P" signalId="SIGNAL_2-36-0-3fd8" cableType="WIRE-2UKD-0.35" wireName="WH/GN" fromPinId="PIN_1e-18-0-1326d" toPinId="PIN_73-18-0-9c14">
				<AppRef name="E3.Series" version="2.13.7.0" guid="54ff0129-5143-46d9-b9f7-7144a71d2d2e"/>
				<Property id="PROPERTY_12659" name="WIRE_LENGTH" value="1351"/>
				<Property id="PROPERTY_12660" name="WIRE_END2_MATL" value="(SN)"/>
				<Property id="PROPERTY_12661" name="WIRE_CSA" value="0.35"/>
				<Property id="PROPERTY_12662" name="WIRE_MIN_BEND_RADIUS" value="3"/>
				<Property id="PROPERTY_12663" name="WIRE_OPTION" value="IEXAB &amp; HT2AA"/>
				<Property id="PROPERTY_12664" name="WIRE_DEV_PIN_1" value="C23-D1:12"/>
				<Property id="PROPERTY_12665" name="WIRE_COLOR" value="WH/GN"/>
				<Property id="PROPERTY_12666" name="WIRE_SPEC" value="2UKD"/>
				<Property id="PROPERTY_12667" name="WIRE_LEVEL" value="(CNSL-HI)/(A-STR)/AH/AJ/AK/AL/AM/AN/AP/AR/CB/CC/CD/CE/VA/XM/YC/YD/YK/YL/YN/YP/YR/YU/YV"/>
				<Property id="PROPERTY_12668" name="WIRE_DEV_PIN_2" value="C23-E1:5"/>
				<Property id="PROPERTY_12669" name="WIRE_NAME" value="VDB30P"/>
				<Property id="PROPERTY_12670" name="WIRE_END_DC" value="1,7C3T-14474-DA,(SN),(CNSL-HI)/(A-STR)/AH/AJ/AK/AL/AM/AN/AP/AR/CB/CC/CD/CE/VA/XM/YC/YD/YK/YL/YN/YP/YR/YU/YV,VDB30M"/>
				<Property id="PROPERTY_12671" name="WIRE_END2_TERM" value="3F2T-14474-SA"/>
				<Property id="PROPERTY_12672" name="WIRE_SIGNAL" value="VDB30"/>
				<Property id="PROPERTY_12673" name="HRN_FAMILY" value="14401"/>
				<Property id="PROPERTY_12674" name="WIRE_MULTICORE" value="TP_VDB29P"/>
				<Property id="PROPERTY_12675" name="WIRE_FPN" value="WIRE-2UKD-0.35-WH/GN"/>
				<Property id="PROPERTY_12676" name="WIRE_DIA_MAX" value="1.2"/>
				<Option id="OPTION_95-c-0-e573f_1" value="IEXAB &amp; HT2AA"/>
				<BranchRoute id="BRR_539">
					<StartBranchPosition id="BR_POS_1341" branchId="BRANCH_c2-4e-0-4c0f1c" branchNodeId="BN_18448-168" offset="0"/>
					<PassBranchId>BRANCH_c2-4e-0-4c0dfa</PassBranchId>
					<PassBranchId>BRANCH_c2-4e-0-4c10f5</PassBranchId>
					<PassBranchId>BRANCH_c2-4e-0-4c0e9b</PassBranchId>
					<PassBranchId>BRANCH_c2-4e-0-4c10ce</PassBranchId>
					<PassBranchId>BRANCH_c2-4e-0-4c0e97</PassBranchId>
					<PassBranchId>BRANCH_c2-4e-0-4c0f88</PassBranchId>
					<PassBranchId>BRANCH_c2-4e-0-4c0f18</PassBranchId>
					<PassBranchId>BRANCH_c2-4e-0-4c0f89</PassBranchId>
					<PassBranchId>BRANCH_c2-4e-0-4c1088</PassBranchId>
					<EndBranchPosition id="BR_POS_1342" branchId="BRANCH_c2-4e-0-4c0f19" branchNodeId="BN_19800-232" offset="0"/>
				</BranchRoute>
			</WiringItem>
		</WiringItem>
		<WiringItem xsi:type="Bundle" id="BUNDLE_6a-6-0-bb567" name="TP_VDB31AA" bundleType="twist">
			<AppRef name="E3.Series" version="2.14.5.0" guid="4c885a86-8f2f-4285-884b-f4528ffdb970"/>
			<WiringItem xsi:type="Wire" id="WIRE_6a-c-0-bb52f" name="VDB31AA" signalId="SIGNAL_18-36-0-251beb" cableType="WIRE-2UKD-0.35" wireName="BU/GN" fromPinId="PIN_5f-18-0-d13dc" toPinId="PIN_13-18-0-2ceb26">
				<AppRef name="E3.Series" version="2.13.7.0" guid="fd90cf5b-fc4e-4fea-972e-4d68d6f95c5a"/>
				<Property id="PROPERTY_12677" name="WIRE_LENGTH" value="1406"/>
				<Property id="PROPERTY_12678" name="WIRE_END2_MATL" value="(SN)"/>
				<Property id="PROPERTY_12679" name="WIRE_CSA" value="0.35"/>
				<Property id="PROPERTY_12680" name="WIRE_MIN_BEND_RADIUS" value="3"/>
				<Property id="PROPERTY_12681" name="WIRE_OPTION" value="HT2AA"/>
				<Property id="PROPERTY_12682" name="WIRE_DEV_PIN_1" value="C23-E1:23"/>
				<Property id="PROPERTY_12683" name="WIRE_COLOR" value="BU/GN"/>
				<Property id="PROPERTY_12684" name="WIRE_SPEC" value="2UKD"/>
				<Property id="PROPERTY_12685" name="WIRE_END1_MATL" value="(SN)"/>
				<Property id="PROPERTY_12686" name="WIRE_LEVEL" value="(C-SHF)/(400W)/(7SPKR)/(TACH-L0)/(ACBRKR)/VA"/>
				<Property id="PROPERTY_12687" name="WIRE_END1_TERM" value="9U5T-14474-DB"/>
				<Property id="PROPERTY_12688" name="WIRE_DEV_PIN_2" value="C2DB02-A:10"/>
				<Property id="PROPERTY_12689" name="WIRE_NAME" value="VDB31AA"/>
				<Property id="PROPERTY_12690" name="WIRE_END2_TERM" value="9U5T-14474-DB"/>
				<Property id="PROPERTY_12691" name="WIRE_SIGNAL" value="VDB31"/>
				<Property id="PROPERTY_12692" name="HRN_FAMILY" value="14401"/>
				<Property id="PROPERTY_12693" name="WIRE_MULTICORE" value="TP_VDB31AA"/>
				<Property id="PROPERTY_12694" name="WIRE_FPN" value="WIRE-2UKD-0.35-BU/GN"/>
				<Property id="PROPERTY_12695" name="WIRE_DIA_MAX" value="1.2"/>
				<Option id="OPTION_6a-c-0-bb52f_1" value="HT2AA"/>
				<BranchRoute id="BRR_540">
					<StartBranchPosition id="BR_POS_1343" branchId="BRANCH_c2-4e-0-4c0f1c" branchNodeId="BN_18448-168" offset="0"/>
					<PassBranchId>BRANCH_c2-4e-0-4c0dfa</PassBranchId>
					<PassBranchId>BRANCH_c2-4e-0-4c10f5</PassBranchId>
					<PassBranchId>BRANCH_c2-4e-0-4c0e9b</PassBranchId>
					<PassBranchId>BRANCH_c2-4e-0-4c10ce</PassBranchId>
					<PassBranchId>BRANCH_c2-4e-0-4c0e97</PassBranchId>
					<PassBranchId>BRANCH_c2-4e-0-4c0f88</PassBranchId>
					<PassBranchId>BRANCH_c2-4e-0-4c0f18</PassBranchId>
					<PassBranchId>BRANCH_c2-4e-0-4c0f89</PassBranchId>
					<PassBranchId>BRANCH_c2-4e-0-4c1083</PassBranchId>
					<PassBranchId>BRANCH_c2-4e-0-4c1087</PassBranchId>
					<PassBranchId>BRANCH_c2-4e-0-4c107e</PassBranchId>
					<EndBranchPosition id="BR_POS_1344" branchId="BRANCH_c2-4e-0-4c0f12" branchNodeId="BN_20144-60" offset="0"/>
				</BranchRoute>
			</WiringItem>
			<WiringItem xsi:type="Wire" id="WIRE_6a-c-0-bb544" name="VDB32AA" signalId="SIGNAL_18-36-0-251bf8" cableType="WIRE-2UKD-0.35" wireName="VT/WH" fromPinId="PIN_5f-18-0-d13e0" toPinId="PIN_13-18-0-2ceb4a">
				<AppRef name="E3.Series" version="2.13.7.0" guid="be05e5e0-4a1d-4d34-a256-4c901a9d8a55"/>
				<Property id="PROPERTY_12696" name="WIRE_LENGTH" value="1406"/>
				<Property id="PROPERTY_12697" name="WIRE_END2_MATL" value="(SN)"/>
				<Property id="PROPERTY_12698" name="WIRE_CSA" value="0.35"/>
				<Property id="PROPERTY_12699" name="WIRE_MIN_BEND_RADIUS" value="3"/>
				<Property id="PROPERTY_12700" name="WIRE_OPTION" value="HT2AA"/>
				<Property id="PROPERTY_12701" name="WIRE_DEV_PIN_1" value="C23-E1:24"/>
				<Property id="PROPERTY_12702" name="WIRE_COLOR" value="VT/WH"/>
				<Property id="PROPERTY_12703" name="WIRE_SPEC" value="2UKD"/>
				<Property id="PROPERTY_12704" name="WIRE_END1_MATL" value="(SN)"/>
				<Property id="PROPERTY_12705" name="WIRE_LEVEL" value="(C-SHF)/(400W)/(7SPKR)/(TACH-L0)/(ACBRKR)/VA"/>
				<Property id="PROPERTY_12706" name="WIRE_END1_TERM" value="9U5T-14474-DB"/>
				<Property id="PROPERTY_12707" name="WIRE_DEV_PIN_2" value="C2DB02-A:23"/>
				<Property id="PROPERTY_12708" name="WIRE_NAME" value="VDB32AA"/>
				<Property id="PROPERTY_12709" name="WIRE_END2_TERM" value="9U5T-14474-DB"/>
				<Property id="PROPERTY_12710" name="WIRE_SIGNAL" value="VDB32"/>
				<Property id="PROPERTY_12711" name="HRN_FAMILY" value="14401"/>
				<Property id="PROPERTY_12712" name="WIRE_MULTICORE" value="TP_VDB31AA"/>
				<Property id="PROPERTY_12713" name="WIRE_FPN" value="WIRE-2UKD-0.35-VT/WH"/>
				<Property id="PROPERTY_12714" name="WIRE_DIA_MAX" value="1.2"/>
				<Option id="OPTION_6a-c-0-bb544_1" value="HT2AA"/>
				<BranchRoute id="BRR_541">
					<StartBranchPosition id="BR_POS_1345" branchId="BRANCH_c2-4e-0-4c0f1c" branchNodeId="BN_18448-168" offset="0"/>
					<PassBranchId>BRANCH_c2-4e-0-4c0dfa</PassBranchId>
					<PassBranchId>BRANCH_c2-4e-0-4c10f5</PassBranchId>
					<PassBranchId>BRANCH_c2-4e-0-4c0e9b</PassBranchId>
					<PassBranchId>BRANCH_c2-4e-0-4c10ce</PassBranchId>
					<PassBranchId>BRANCH_c2-4e-0-4c0e97</PassBranchId>
					<PassBranchId>BRANCH_c2-4e-0-4c0f88</PassBranchId>
					<PassBranchId>BRANCH_c2-4e-0-4c0f18</PassBranchId>
					<PassBranchId>BRANCH_c2-4e-0-4c0f89</PassBranchId>
					<PassBranchId>BRANCH_c2-4e-0-4c1083</PassBranchId>
					<PassBranchId>BRANCH_c2-4e-0-4c1087</PassBranchId>
					<PassBranchId>BRANCH_c2-4e-0-4c107e</PassBranchId>
					<EndBranchPosition id="BR_POS_1346" branchId="BRANCH_c2-4e-0-4c0f12" branchNodeId="BN_20144-60" offset="0"/>
				</BranchRoute>
			</WiringItem>
		</WiringItem>
		<WiringItem xsi:type="Bundle" id="BUNDLE_d2-6-0-c1f46f" name="TP_VDB31EVA" bundleType="twist">
			<AppRef name="E3.Series" version="2.14.5.0" guid="917929a2-cef4-40ad-8550-e53abde778f5"/>
			<WiringItem xsi:type="Wire" id="WIRE_d2-c-0-c1f405" name="VDB31EVA" signalId="SIGNAL_18-36-0-251beb" cableType="WIRE-2UKD-0.35" wireName="BU/GN" fromPinId="PIN_13-18-0-2ceb26" toPinId="PIN_95-18-0-8c78b3">
				<AppRef name="E3.Series" version="2.14.0.0" guid="930feaae-8470-49fb-b7bf-ef3d0f76ff06"/>
				<Property id="PROPERTY_12715" name="WIRE_LENGTH" value="1218"/>
				<Property id="PROPERTY_12716" name="WIRE_CSA" value="0.35"/>
				<Property id="PROPERTY_12717" name="WIRE_MIN_BEND_RADIUS" value="3"/>
				<Property id="PROPERTY_12718" name="WIRE_OPTION" value="HT2AC"/>
				<Property id="PROPERTY_12719" name="WIRE_DEV_PIN_1" value="C2DB02-A:10"/>
				<Property id="PROPERTY_12720" name="WIRE_COLOR" value="BU/GN"/>
				<Property id="PROPERTY_12721" name="WIRE_SPEC" value="2UKD"/>
				<Property id="PROPERTY_12722" name="WIRE_END1_MATL" value="(SN)"/>
				<Property id="PROPERTY_12723" name="WIRE_LEVEL" value="(BEV)"/>
				<Property id="PROPERTY_12724" name="WIRE_END1_TERM" value="9U5T-14474-DB"/>
				<Property id="PROPERTY_12725" name="WIRE_DEV_PIN_2" value="C2DB05-EVA:13"/>
				<Property id="PROPERTY_12726" name="WIRE_NAME" value="VDB31EVA"/>
				<Property id="PROPERTY_12727" name="WIRE_END_DC" value="2,*1X4T-14474-BA,,(BEV),VDB31EVAA"/>
				<Property id="PROPERTY_12728" name="WIRE_SIGNAL" value="VDB31"/>
				<Property id="PROPERTY_12729" name="HRN_FAMILY" value="14401"/>
				<Property id="PROPERTY_12730" name="WIRE_MULTICORE" value="TP_VDB31EVA"/>
				<Property id="PROPERTY_12731" name="WIRE_FPN" value="WIRE-2UKD-0.35-BU/GN"/>
				<Property id="PROPERTY_12732" name="WIRE_DIA_MAX" value="1.2"/>
				<Option id="OPTION_d2-c-0-c1f405_1" value="HT2AC"/>
				<BranchRoute id="BRR_542">
					<StartBranchPosition id="BR_POS_1347" branchId="BRANCH_36-4e-0-65ae7f" branchNodeId="BN_6856-336" offset="0"/>
					<PassBranchId>BRANCH_35-4e-0-30adeb</PassBranchId>
					<PassBranchId>BRANCH_c2-4e-0-4c0fce</PassBranchId>
					<PassBranchId>BRANCH_c2-4e-0-4c0d1d</PassBranchId>
					<PassBranchId>BRANCH_35-4e-0-2efaf8</PassBranchId>
					<PassBranchId>BRANCH_c2-4e-0-4c10c0</PassBranchId>
					<PassBranchId>BRANCH_c2-4e-0-4c0fc8</PassBranchId>
					<PassBranchId>BRANCH_c2-4e-0-4c108d</PassBranchId>
					<PassBranchId>BRANCH_c2-4e-0-4c0d88</PassBranchId>
					<PassBranchId>BRANCH_c2-4e-0-4c109a</PassBranchId>
					<PassBranchId>BRANCH_c2-4e-0-4c0e16</PassBranchId>
					<PassBranchId>BRANCH_c2-4e-0-4c0fcb</PassBranchId>
					<PassBranchId>BRANCH_c2-4e-0-4c0dea</PassBranchId>
					<PassBranchId>BRANCH_c2-4e-0-4c0fd1</PassBranchId>
					<PassBranchId>BRANCH_c2-4e-0-4c0fe8</PassBranchId>
					<PassBranchId>BRANCH_c2-4e-0-4c1009</PassBranchId>
					<PassBranchId>BRANCH_c2-4e-0-4c10cb</PassBranchId>
					<PassBranchId>BRANCH_c2-4e-0-4c10ec</PassBranchId>
					<PassBranchId>BRANCH_c2-4e-0-4c1075</PassBranchId>
					<PassBranchId>BRANCH_c2-4e-0-4c106f</PassBranchId>
					<PassBranchId>BRANCH_c2-4e-0-4c107e</PassBranchId>
					<EndBranchPosition id="BR_POS_1348" branchId="BRANCH_c2-4e-0-4c0f12" branchNodeId="BN_20144-60" offset="0"/>
				</BranchRoute>
			</WiringItem>
			<WiringItem xsi:type="Wire" id="WIRE_d2-c-0-c1f416" name="VDB32EVA" signalId="SIGNAL_18-36-0-251bf8" cableType="WIRE-2UKD-0.35" wireName="VT/WH" fromPinId="PIN_13-18-0-2ceb4a" toPinId="PIN_95-18-0-8c78b8">
				<AppRef name="E3.Series" version="2.14.0.0" guid="1dbaa7fd-437d-4faf-bf75-503fd65d4466"/>
				<Property id="PROPERTY_12733" name="WIRE_LENGTH" value="1218"/>
				<Property id="PROPERTY_12734" name="WIRE_CSA" value="0.35"/>
				<Property id="PROPERTY_12735" name="WIRE_MIN_BEND_RADIUS" value="3"/>
				<Property id="PROPERTY_12736" name="WIRE_OPTION" value="HT2AC"/>
				<Property id="PROPERTY_12737" name="WIRE_DEV_PIN_1" value="C2DB02-A:23"/>
				<Property id="PROPERTY_12738" name="WIRE_COLOR" value="VT/WH"/>
				<Property id="PROPERTY_12739" name="WIRE_SPEC" value="2UKD"/>
				<Property id="PROPERTY_12740" name="WIRE_END1_MATL" value="(SN)"/>
				<Property id="PROPERTY_12741" name="WIRE_LEVEL" value="(BEV)"/>
				<Property id="PROPERTY_12742" name="WIRE_END1_TERM" value="9U5T-14474-DB"/>
				<Property id="PROPERTY_12743" name="WIRE_DEV_PIN_2" value="C2DB05-EVA:15"/>
				<Property id="PROPERTY_12744" name="WIRE_NAME" value="VDB32EVA"/>
				<Property id="PROPERTY_12745" name="WIRE_END_DC" value="2,*1X4T-14474-BA,,(BEV),VDB32EVAA"/>
				<Property id="PROPERTY_12746" name="WIRE_SIGNAL" value="VDB32"/>
				<Property id="PROPERTY_12747" name="HRN_FAMILY" value="14401"/>
				<Property id="PROPERTY_12748" name="WIRE_MULTICORE" value="TP_VDB31EVA"/>
				<Property id="PROPERTY_12749" name="WIRE_FPN" value="WIRE-2UKD-0.35-VT/WH"/>
				<Property id="PROPERTY_12750" name="WIRE_DIA_MAX" value="1.2"/>
				<Option id="OPTION_d2-c-0-c1f416_1" value="HT2AC"/>
				<BranchRoute id="BRR_543">
					<StartBranchPosition id="BR_POS_1349" branchId="BRANCH_36-4e-0-65ae7f" branchNodeId="BN_6856-336" offset="0"/>
					<PassBranchId>BRANCH_35-4e-0-30adeb</PassBranchId>
					<PassBranchId>BRANCH_c2-4e-0-4c0fce</PassBranchId>
					<PassBranchId>BRANCH_c2-4e-0-4c0d1d</PassBranchId>
					<PassBranchId>BRANCH_35-4e-0-2efaf8</PassBranchId>
					<PassBranchId>BRANCH_c2-4e-0-4c10c0</PassBranchId>
					<PassBranchId>BRANCH_c2-4e-0-4c0fc8</PassBranchId>
					<PassBranchId>BRANCH_c2-4e-0-4c108d</PassBranchId>
					<PassBranchId>BRANCH_c2-4e-0-4c0d88</PassBranchId>
					<PassBranchId>BRANCH_c2-4e-0-4c109a</PassBranchId>
					<PassBranchId>BRANCH_c2-4e-0-4c0e16</PassBranchId>
					<PassBranchId>BRANCH_c2-4e-0-4c0fcb</PassBranchId>
					<PassBranchId>BRANCH_c2-4e-0-4c0dea</PassBranchId>
					<PassBranchId>BRANCH_c2-4e-0-4c0fd1</PassBranchId>
					<PassBranchId>BRANCH_c2-4e-0-4c0fe8</PassBranchId>
					<PassBranchId>BRANCH_c2-4e-0-4c1009</PassBranchId>
					<PassBranchId>BRANCH_c2-4e-0-4c10cb</PassBranchId>
					<PassBranchId>BRANCH_c2-4e-0-4c10ec</PassBranchId>
					<PassBranchId>BRANCH_c2-4e-0-4c1075</PassBranchId>
					<PassBranchId>BRANCH_c2-4e-0-4c106f</PassBranchId>
					<PassBranchId>BRANCH_c2-4e-0-4c107e</PassBranchId>
					<EndBranchPosition id="BR_POS_1350" branchId="BRANCH_c2-4e-0-4c0f12" branchNodeId="BN_20144-60" offset="0"/>
				</BranchRoute>
			</WiringItem>
		</WiringItem>
		<WiringItem xsi:type="Bundle" id="BUNDLE_d2-6-0-c1f46b" name="TP_VDB31EVAA" bundleType="twist">
			<AppRef name="E3.Series" version="2.14.5.0" guid="6c9f92cb-faa1-4821-9c9b-b9cd97c2848d"/>
			<WiringItem xsi:type="Wire" id="WIRE_d2-c-0-c1f37d" name="VDB31EVAA" signalId="SIGNAL_18-36-0-251beb" cableType="WIRE-2UKD-0.35" wireName="BU/GN" fromPinId="PIN_5f-18-0-d13dc" toPinId="PIN_95-18-0-8c78b3">
				<AppRef name="E3.Series" version="2.14.0.0" guid="2a3d6b07-9500-4360-8a8d-516b2a4a4253"/>
				<Property id="PROPERTY_12751" name="WIRE_LENGTH" value="2272"/>
				<Property id="PROPERTY_12752" name="WIRE_CSA" value="0.35"/>
				<Property id="PROPERTY_12753" name="WIRE_MIN_BEND_RADIUS" value="3"/>
				<Property id="PROPERTY_12754" name="WIRE_OPTION" value="HT2AC"/>
				<Property id="PROPERTY_12755" name="WIRE_DEV_PIN_1" value="C23-E1:23"/>
				<Property id="PROPERTY_12756" name="WIRE_COLOR" value="BU/GN"/>
				<Property id="PROPERTY_12757" name="WIRE_SPEC" value="2UKD"/>
				<Property id="PROPERTY_12758" name="WIRE_END1_MATL" value="(SN)"/>
				<Property id="PROPERTY_12759" name="WIRE_LEVEL" value="(BEV)"/>
				<Property id="PROPERTY_12760" name="WIRE_END1_TERM" value="9U5T-14474-DB"/>
				<Property id="PROPERTY_12761" name="WIRE_DEV_PIN_2" value="C2DB05-EVA:13"/>
				<Property id="PROPERTY_12762" name="WIRE_NAME" value="VDB31EVAA"/>
				<Property id="PROPERTY_12763" name="WIRE_END_DC" value="2,*1X4T-14474-BA,,(BEV),VDB31EVA"/>
				<Property id="PROPERTY_12764" name="WIRE_SIGNAL" value="VDB31"/>
				<Property id="PROPERTY_12765" name="HRN_FAMILY" value="14401"/>
				<Property id="PROPERTY_12766" name="WIRE_MULTICORE" value="TP_VDB31EVAA"/>
				<Property id="PROPERTY_12767" name="WIRE_FPN" value="WIRE-2UKD-0.35-BU/GN"/>
				<Property id="PROPERTY_12768" name="WIRE_DIA_MAX" value="1.2"/>
				<Option id="OPTION_d2-c-0-c1f37d_1" value="HT2AC"/>
				<BranchRoute id="BRR_544">
					<StartBranchPosition id="BR_POS_1351" branchId="BRANCH_36-4e-0-65ae7f" branchNodeId="BN_6856-336" offset="0"/>
					<PassBranchId>BRANCH_35-4e-0-30adeb</PassBranchId>
					<PassBranchId>BRANCH_c2-4e-0-4c0fce</PassBranchId>
					<PassBranchId>BRANCH_c2-4e-0-4c0d1d</PassBranchId>
					<PassBranchId>BRANCH_35-4e-0-2efaf8</PassBranchId>
					<PassBranchId>BRANCH_c2-4e-0-4c10c0</PassBranchId>
					<PassBranchId>BRANCH_c2-4e-0-4c0fc8</PassBranchId>
					<PassBranchId>BRANCH_c2-4e-0-4c108d</PassBranchId>
					<PassBranchId>BRANCH_c2-4e-0-4c0d88</PassBranchId>
					<PassBranchId>BRANCH_c2-4e-0-4c109a</PassBranchId>
					<PassBranchId>BRANCH_c2-4e-0-4c0e16</PassBranchId>
					<PassBranchId>BRANCH_c2-4e-0-4c0fcb</PassBranchId>
					<PassBranchId>BRANCH_c2-4e-0-4c0dea</PassBranchId>
					<PassBranchId>BRANCH_c2-4e-0-4c0fd1</PassBranchId>
					<PassBranchId>BRANCH_c2-4e-0-4c0fe8</PassBranchId>
					<PassBranchId>BRANCH_c2-4e-0-4c1009</PassBranchId>
					<PassBranchId>BRANCH_c2-4e-0-4c10cb</PassBranchId>
					<PassBranchId>BRANCH_c2-4e-0-4c10ec</PassBranchId>
					<PassBranchId>BRANCH_c2-4e-0-4c1075</PassBranchId>
					<PassBranchId>BRANCH_c2-4e-0-4c106f</PassBranchId>
					<PassBranchId>BRANCH_c2-4e-0-4c1087</PassBranchId>
					<PassBranchId>BRANCH_c2-4e-0-4c1083</PassBranchId>
					<PassBranchId>BRANCH_c2-4e-0-4c0f89</PassBranchId>
					<PassBranchId>BRANCH_c2-4e-0-4c0f18</PassBranchId>
					<PassBranchId>BRANCH_c2-4e-0-4c0f88</PassBranchId>
					<PassBranchId>BRANCH_c2-4e-0-4c0e97</PassBranchId>
					<PassBranchId>BRANCH_c2-4e-0-4c10ce</PassBranchId>
					<PassBranchId>BRANCH_c2-4e-0-4c0e9b</PassBranchId>
					<PassBranchId>BRANCH_c2-4e-0-4c10f5</PassBranchId>
					<PassBranchId>BRANCH_c2-4e-0-4c0dfa</PassBranchId>
					<EndBranchPosition id="BR_POS_1352" branchId="BRANCH_c2-4e-0-4c0f1c" branchNodeId="BN_18448-168" offset="0"/>
				</BranchRoute>
			</WiringItem>
			<WiringItem xsi:type="Wire" id="WIRE_d2-c-0-c1f38e" name="VDB32EVAA" signalId="SIGNAL_18-36-0-251bf8" cableType="WIRE-2UKD-0.35" wireName="VT/WH" fromPinId="PIN_5f-18-0-d13e0" toPinId="PIN_95-18-0-8c78b8">
				<AppRef name="E3.Series" version="2.14.0.0" guid="3b656d54-181c-4d0f-90ed-2800c5e8499e"/>
				<Property id="PROPERTY_12769" name="WIRE_LENGTH" value="2272"/>
				<Property id="PROPERTY_12770" name="WIRE_CSA" value="0.35"/>
				<Property id="PROPERTY_12771" name="WIRE_MIN_BEND_RADIUS" value="3"/>
				<Property id="PROPERTY_12772" name="WIRE_OPTION" value="HT2AC"/>
				<Property id="PROPERTY_12773" name="WIRE_DEV_PIN_1" value="C23-E1:24"/>
				<Property id="PROPERTY_12774" name="WIRE_COLOR" value="VT/WH"/>
				<Property id="PROPERTY_12775" name="WIRE_SPEC" value="2UKD"/>
				<Property id="PROPERTY_12776" name="WIRE_END1_MATL" value="(SN)"/>
				<Property id="PROPERTY_12777" name="WIRE_LEVEL" value="(BEV)"/>
				<Property id="PROPERTY_12778" name="WIRE_END1_TERM" value="9U5T-14474-DB"/>
				<Property id="PROPERTY_12779" name="WIRE_DEV_PIN_2" value="C2DB05-EVA:15"/>
				<Property id="PROPERTY_12780" name="WIRE_NAME" value="VDB32EVAA"/>
				<Property id="PROPERTY_12781" name="WIRE_END_DC" value="2,*1X4T-14474-BA,,(BEV),VDB32EVA"/>
				<Property id="PROPERTY_12782" name="WIRE_SIGNAL" value="VDB32"/>
				<Property id="PROPERTY_12783" name="HRN_FAMILY" value="14401"/>
				<Property id="PROPERTY_12784" name="WIRE_MULTICORE" value="TP_VDB31EVAA"/>
				<Property id="PROPERTY_12785" name="WIRE_FPN" value="WIRE-2UKD-0.35-VT/WH"/>
				<Property id="PROPERTY_12786" name="WIRE_DIA_MAX" value="1.2"/>
				<Option id="OPTION_d2-c-0-c1f38e_1" value="HT2AC"/>
				<BranchRoute id="BRR_545">
					<StartBranchPosition id="BR_POS_1353" branchId="BRANCH_36-4e-0-65ae7f" branchNodeId="BN_6856-336" offset="0"/>
					<PassBranchId>BRANCH_35-4e-0-30adeb</PassBranchId>
					<PassBranchId>BRANCH_c2-4e-0-4c0fce</PassBranchId>
					<PassBranchId>BRANCH_c2-4e-0-4c0d1d</PassBranchId>
					<PassBranchId>BRANCH_35-4e-0-2efaf8</PassBranchId>
					<PassBranchId>BRANCH_c2-4e-0-4c10c0</PassBranchId>
					<PassBranchId>BRANCH_c2-4e-0-4c0fc8</PassBranchId>
					<PassBranchId>BRANCH_c2-4e-0-4c108d</PassBranchId>
					<PassBranchId>BRANCH_c2-4e-0-4c0d88</PassBranchId>
					<PassBranchId>BRANCH_c2-4e-0-4c109a</PassBranchId>
					<PassBranchId>BRANCH_c2-4e-0-4c0e16</PassBranchId>
					<PassBranchId>BRANCH_c2-4e-0-4c0fcb</PassBranchId>
					<PassBranchId>BRANCH_c2-4e-0-4c0dea</PassBranchId>
					<PassBranchId>BRANCH_c2-4e-0-4c0fd1</PassBranchId>
					<PassBranchId>BRANCH_c2-4e-0-4c0fe8</PassBranchId>
					<PassBranchId>BRANCH_c2-4e-0-4c1009</PassBranchId>
					<PassBranchId>BRANCH_c2-4e-0-4c10cb</PassBranchId>
					<PassBranchId>BRANCH_c2-4e-0-4c10ec</PassBranchId>
					<PassBranchId>BRANCH_c2-4e-0-4c1075</PassBranchId>
					<PassBranchId>BRANCH_c2-4e-0-4c106f</PassBranchId>
					<PassBranchId>BRANCH_c2-4e-0-4c1087</PassBranchId>
					<PassBranchId>BRANCH_c2-4e-0-4c1083</PassBranchId>
					<PassBranchId>BRANCH_c2-4e-0-4c0f89</PassBranchId>
					<PassBranchId>BRANCH_c2-4e-0-4c0f18</PassBranchId>
					<PassBranchId>BRANCH_c2-4e-0-4c0f88</PassBranchId>
					<PassBranchId>BRANCH_c2-4e-0-4c0e97</PassBranchId>
					<PassBranchId>BRANCH_c2-4e-0-4c10ce</PassBranchId>
					<PassBranchId>BRANCH_c2-4e-0-4c0e9b</PassBranchId>
					<PassBranchId>BRANCH_c2-4e-0-4c10f5</PassBranchId>
					<PassBranchId>BRANCH_c2-4e-0-4c0dfa</PassBranchId>
					<EndBranchPosition id="BR_POS_1354" branchId="BRANCH_c2-4e-0-4c0f1c" branchNodeId="BN_18448-168" offset="0"/>
				</BranchRoute>
			</WiringItem>
		</WiringItem>
		<WiringItem xsi:type="Bundle" id="BUNDLE_6a-6-0-d2c53" name="TP_VDB33A" bundleType="twist">
			<AppRef name="E3.Series" version="2.14.5.0" guid="0ddd2675-2487-4457-aaa2-f37f951a012b"/>
			<WiringItem xsi:type="Wire" id="WIRE_6a-c-0-d2bfb" name="VDB33A" signalId="SIGNAL_18-36-0-251c05" cableType="WIRE-2UKD-0.35" wireName="WH/BN" fromPinId="PIN_13-18-0-2cecf9" toPinId="PIN_13-18-0-2ceb6e">
				<AppRef name="E3.Series" version="2.13.7.0" guid="1d4088ab-db69-4aae-8ee0-fc4c4a5c1efd"/>
				<Property id="PROPERTY_12787" name="WIRE_LENGTH" value="1439"/>
				<Property id="PROPERTY_12788" name="WIRE_END2_MATL" value="(SN)"/>
				<Property id="PROPERTY_12789" name="WIRE_CSA" value="0.35"/>
				<Property id="PROPERTY_12790" name="WIRE_MIN_BEND_RADIUS" value="3"/>
				<Property id="PROPERTY_12791" name="WIRE_LEVEL" value="(ALL)"/>
				<Property id="PROPERTY_12792" name="WIRE_DEV_PIN_1" value="C2DB04:6"/>
				<Property id="PROPERTY_12793" name="WIRE_COLOR" value="WH/BN"/>
				<Property id="PROPERTY_12794" name="WIRE_SPEC" value="2UKD"/>
				<Property id="PROPERTY_12795" name="WIRE_END1_TERM" value="*1X4T-14474-BA"/>
				<Property id="PROPERTY_12796" name="WIRE_DEV_PIN_2" value="C2DB02-A:5"/>
				<Property id="PROPERTY_12797" name="WIRE_NAME" value="VDB33A"/>
				<Property id="PROPERTY_12798" name="WIRE_END2_TERM" value="9U5T-14474-DB"/>
				<Property id="PROPERTY_12799" name="WIRE_SIGNAL" value="VDB33"/>
				<Property id="PROPERTY_12800" name="HRN_FAMILY" value="14401"/>
				<Property id="PROPERTY_12801" name="WIRE_MULTICORE" value="TP_VDB33A"/>
				<Property id="PROPERTY_12802" name="WIRE_FPN" value="WIRE-2UKD-0.35-WH/BN"/>
				<Property id="PROPERTY_12803" name="WIRE_DIA_MAX" value="1.2"/>
				<BranchRoute id="BRR_546">
					<StartBranchPosition id="BR_POS_1355" branchId="BRANCH_c2-4e-0-4c0dd4" branchNodeId="BN_6087_9-210_058" offset="0"/>
					<PassBranchId>BRANCH_c2-4e-0-4c0cf5</PassBranchId>
					<PassBranchId>BRANCH_c2-4e-0-4c1021</PassBranchId>
					<PassBranchId>BRANCH_c2-4e-0-4c10e7</PassBranchId>
					<PassBranchId>BRANCH_c2-4e-0-4c0fc5</PassBranchId>
					<PassBranchId>BRANCH_c2-4e-0-4c0fce</PassBranchId>
					<PassBranchId>BRANCH_c2-4e-0-4c0d1d</PassBranchId>
					<PassBranchId>BRANCH_35-4e-0-2efaf8</PassBranchId>
					<PassBranchId>BRANCH_c2-4e-0-4c10c0</PassBranchId>
					<PassBranchId>BRANCH_c2-4e-0-4c0fc8</PassBranchId>
					<PassBranchId>BRANCH_c2-4e-0-4c108d</PassBranchId>
					<PassBranchId>BRANCH_c2-4e-0-4c0d88</PassBranchId>
					<PassBranchId>BRANCH_c2-4e-0-4c109a</PassBranchId>
					<PassBranchId>BRANCH_c2-4e-0-4c0e16</PassBranchId>
					<PassBranchId>BRANCH_c2-4e-0-4c0fcb</PassBranchId>
					<PassBranchId>BRANCH_c2-4e-0-4c0dea</PassBranchId>
					<PassBranchId>BRANCH_c2-4e-0-4c0fd1</PassBranchId>
					<PassBranchId>BRANCH_c2-4e-0-4c0fe8</PassBranchId>
					<PassBranchId>BRANCH_c2-4e-0-4c1009</PassBranchId>
					<PassBranchId>BRANCH_c2-4e-0-4c10cb</PassBranchId>
					<PassBranchId>BRANCH_c2-4e-0-4c10ec</PassBranchId>
					<PassBranchId>BRANCH_c2-4e-0-4c1075</PassBranchId>
					<PassBranchId>BRANCH_c2-4e-0-4c106f</PassBranchId>
					<PassBranchId>BRANCH_c2-4e-0-4c107e</PassBranchId>
					<EndBranchPosition id="BR_POS_1356" branchId="BRANCH_c2-4e-0-4c0f12" branchNodeId="BN_20144-60" offset="0"/>
				</BranchRoute>
			</WiringItem>
			<WiringItem xsi:type="Wire" id="WIRE_6a-c-0-d2c10" name="VDB34A" signalId="SIGNAL_18-36-0-251c11" cableType="WIRE-2UKD-0.35" wireName="GY/YE" fromPinId="PIN_13-18-0-2ced0b" toPinId="PIN_13-18-0-2ceb74">
				<AppRef name="E3.Series" version="2.13.7.0" guid="b6a791a3-b8dd-4490-a481-309122975905"/>
				<Property id="PROPERTY_12804" name="WIRE_LENGTH" value="1439"/>
				<Property id="PROPERTY_12805" name="WIRE_END2_MATL" value="(SN)"/>
				<Property id="PROPERTY_12806" name="WIRE_CSA" value="0.35"/>
				<Property id="PROPERTY_12807" name="WIRE_MIN_BEND_RADIUS" value="3"/>
				<Property id="PROPERTY_12808" name="WIRE_LEVEL" value="(ALL)"/>
				<Property id="PROPERTY_12809" name="WIRE_DEV_PIN_1" value="C2DB04:14"/>
				<Property id="PROPERTY_12810" name="WIRE_COLOR" value="GY/YE"/>
				<Property id="PROPERTY_12811" name="WIRE_SPEC" value="2UKD"/>
				<Property id="PROPERTY_12812" name="WIRE_END1_TERM" value="*1X4T-14474-BA"/>
				<Property id="PROPERTY_12813" name="WIRE_DEV_PIN_2" value="C2DB02-A:18"/>
				<Property id="PROPERTY_12814" name="WIRE_NAME" value="VDB34A"/>
				<Property id="PROPERTY_12815" name="WIRE_END2_TERM" value="9U5T-14474-DB"/>
				<Property id="PROPERTY_12816" name="WIRE_SIGNAL" value="VDB34"/>
				<Property id="PROPERTY_12817" name="HRN_FAMILY" value="14401"/>
				<Property id="PROPERTY_12818" name="WIRE_MULTICORE" value="TP_VDB33A"/>
				<Property id="PROPERTY_12819" name="WIRE_FPN" value="WIRE-2UKD-0.35-GY/YE"/>
				<Property id="PROPERTY_12820" name="WIRE_DIA_MAX" value="1.2"/>
				<BranchRoute id="BRR_547">
					<StartBranchPosition id="BR_POS_1357" branchId="BRANCH_c2-4e-0-4c0dd4" branchNodeId="BN_6087_9-210_058" offset="0"/>
					<PassBranchId>BRANCH_c2-4e-0-4c0cf5</PassBranchId>
					<PassBranchId>BRANCH_c2-4e-0-4c1021</PassBranchId>
					<PassBranchId>BRANCH_c2-4e-0-4c10e7</PassBranchId>
					<PassBranchId>BRANCH_c2-4e-0-4c0fc5</PassBranchId>
					<PassBranchId>BRANCH_c2-4e-0-4c0fce</PassBranchId>
					<PassBranchId>BRANCH_c2-4e-0-4c0d1d</PassBranchId>
					<PassBranchId>BRANCH_35-4e-0-2efaf8</PassBranchId>
					<PassBranchId>BRANCH_c2-4e-0-4c10c0</PassBranchId>
					<PassBranchId>BRANCH_c2-4e-0-4c0fc8</PassBranchId>
					<PassBranchId>BRANCH_c2-4e-0-4c108d</PassBranchId>
					<PassBranchId>BRANCH_c2-4e-0-4c0d88</PassBranchId>
					<PassBranchId>BRANCH_c2-4e-0-4c109a</PassBranchId>
					<PassBranchId>BRANCH_c2-4e-0-4c0e16</PassBranchId>
					<PassBranchId>BRANCH_c2-4e-0-4c0fcb</PassBranchId>
					<PassBranchId>BRANCH_c2-4e-0-4c0dea</PassBranchId>
					<PassBranchId>BRANCH_c2-4e-0-4c0fd1</PassBranchId>
					<PassBranchId>BRANCH_c2-4e-0-4c0fe8</PassBranchId>
					<PassBranchId>BRANCH_c2-4e-0-4c1009</PassBranchId>
					<PassBranchId>BRANCH_c2-4e-0-4c10cb</PassBranchId>
					<PassBranchId>BRANCH_c2-4e-0-4c10ec</PassBranchId>
					<PassBranchId>BRANCH_c2-4e-0-4c1075</PassBranchId>
					<PassBranchId>BRANCH_c2-4e-0-4c106f</PassBranchId>
					<PassBranchId>BRANCH_c2-4e-0-4c107e</PassBranchId>
					<EndBranchPosition id="BR_POS_1358" branchId="BRANCH_c2-4e-0-4c0f12" branchNodeId="BN_20144-60" offset="0"/>
				</BranchRoute>
			</WiringItem>
		</WiringItem>
		<WiringItem xsi:type="Bundle" id="BUNDLE_6a-6-0-d2c5b" name="TP_VDB35A" bundleType="twist">
			<AppRef name="E3.Series" version="2.14.5.0" guid="93b2938a-9397-4fae-9a3a-6ac6e02b1962"/>
			<WiringItem xsi:type="Wire" id="WIRE_6a-c-0-d2c25" name="VDB35A" signalId="SIGNAL_18-36-0-251c1d" cableType="WIRE-2UKD-0.35" wireName="BU/WH" fromPinId="PIN_13-18-0-2cecff" toPinId="PIN_13-18-0-2ceb62">
				<AppRef name="E3.Series" version="2.13.7.0" guid="173265d4-cfcc-4b07-9975-e7bd3c9f7e2e"/>
				<Property id="PROPERTY_12821" name="WIRE_LENGTH" value="1439"/>
				<Property id="PROPERTY_12822" name="WIRE_END2_MATL" value="(SN)"/>
				<Property id="PROPERTY_12823" name="WIRE_CSA" value="0.35"/>
				<Property id="PROPERTY_12824" name="WIRE_MIN_BEND_RADIUS" value="3"/>
				<Property id="PROPERTY_12825" name="WIRE_LEVEL" value="(ALL)"/>
				<Property id="PROPERTY_12826" name="WIRE_DEV_PIN_1" value="C2DB04:3"/>
				<Property id="PROPERTY_12827" name="WIRE_COLOR" value="BU/WH"/>
				<Property id="PROPERTY_12828" name="WIRE_SPEC" value="2UKD"/>
				<Property id="PROPERTY_12829" name="WIRE_END1_TERM" value="*1X4T-14474-BA"/>
				<Property id="PROPERTY_12830" name="WIRE_DEV_PIN_2" value="C2DB02-A:6"/>
				<Property id="PROPERTY_12831" name="WIRE_NAME" value="VDB35A"/>
				<Property id="PROPERTY_12832" name="WIRE_END2_TERM" value="9U5T-14474-DB"/>
				<Property id="PROPERTY_12833" name="WIRE_SIGNAL" value="VDB35"/>
				<Property id="PROPERTY_12834" name="HRN_FAMILY" value="14401"/>
				<Property id="PROPERTY_12835" name="WIRE_MULTICORE" value="TP_VDB35A"/>
				<Property id="PROPERTY_12836" name="WIRE_FPN" value="WIRE-2UKD-0.35-BU/WH"/>
				<Property id="PROPERTY_12837" name="WIRE_DIA_MAX" value="1.2"/>
				<BranchRoute id="BRR_548">
					<StartBranchPosition id="BR_POS_1359" branchId="BRANCH_c2-4e-0-4c0dd4" branchNodeId="BN_6087_9-210_058" offset="0"/>
					<PassBranchId>BRANCH_c2-4e-0-4c0cf5</PassBranchId>
					<PassBranchId>BRANCH_c2-4e-0-4c1021</PassBranchId>
					<PassBranchId>BRANCH_c2-4e-0-4c10e7</PassBranchId>
					<PassBranchId>BRANCH_c2-4e-0-4c0fc5</PassBranchId>
					<PassBranchId>BRANCH_c2-4e-0-4c0fce</PassBranchId>
					<PassBranchId>BRANCH_c2-4e-0-4c0d1d</PassBranchId>
					<PassBranchId>BRANCH_35-4e-0-2efaf8</PassBranchId>
					<PassBranchId>BRANCH_c2-4e-0-4c10c0</PassBranchId>
					<PassBranchId>BRANCH_c2-4e-0-4c0fc8</PassBranchId>
					<PassBranchId>BRANCH_c2-4e-0-4c108d</PassBranchId>
					<PassBranchId>BRANCH_c2-4e-0-4c0d88</PassBranchId>
					<PassBranchId>BRANCH_c2-4e-0-4c109a</PassBranchId>
					<PassBranchId>BRANCH_c2-4e-0-4c0e16</PassBranchId>
					<PassBranchId>BRANCH_c2-4e-0-4c0fcb</PassBranchId>
					<PassBranchId>BRANCH_c2-4e-0-4c0dea</PassBranchId>
					<PassBranchId>BRANCH_c2-4e-0-4c0fd1</PassBranchId>
					<PassBranchId>BRANCH_c2-4e-0-4c0fe8</PassBranchId>
					<PassBranchId>BRANCH_c2-4e-0-4c1009</PassBranchId>
					<PassBranchId>BRANCH_c2-4e-0-4c10cb</PassBranchId>
					<PassBranchId>BRANCH_c2-4e-0-4c10ec</PassBranchId>
					<PassBranchId>BRANCH_c2-4e-0-4c1075</PassBranchId>
					<PassBranchId>BRANCH_c2-4e-0-4c106f</PassBranchId>
					<PassBranchId>BRANCH_c2-4e-0-4c107e</PassBranchId>
					<EndBranchPosition id="BR_POS_1360" branchId="BRANCH_c2-4e-0-4c0f12" branchNodeId="BN_20144-60" offset="0"/>
				</BranchRoute>
			</WiringItem>
			<WiringItem xsi:type="Wire" id="WIRE_6a-c-0-d2c3a" name="VDB36A" signalId="SIGNAL_18-36-0-251c29" cableType="WIRE-2UKD-0.35" wireName="BN/YE" fromPinId="PIN_13-18-0-2ced05" toPinId="PIN_13-18-0-2ceb68">
				<AppRef name="E3.Series" version="2.13.7.0" guid="08261479-db9e-4565-b03d-d671855f7637"/>
				<Property id="PROPERTY_12838" name="WIRE_LENGTH" value="1439"/>
				<Property id="PROPERTY_12839" name="WIRE_END2_MATL" value="(SN)"/>
				<Property id="PROPERTY_12840" name="WIRE_CSA" value="0.35"/>
				<Property id="PROPERTY_12841" name="WIRE_MIN_BEND_RADIUS" value="3"/>
				<Property id="PROPERTY_12842" name="WIRE_LEVEL" value="(ALL)"/>
				<Property id="PROPERTY_12843" name="WIRE_DEV_PIN_1" value="C2DB04:11"/>
				<Property id="PROPERTY_12844" name="WIRE_COLOR" value="BN/YE"/>
				<Property id="PROPERTY_12845" name="WIRE_SPEC" value="2UKD"/>
				<Property id="PROPERTY_12846" name="WIRE_END1_TERM" value="*1X4T-14474-BA"/>
				<Property id="PROPERTY_12847" name="WIRE_DEV_PIN_2" value="C2DB02-A:19"/>
				<Property id="PROPERTY_12848" name="WIRE_NAME" value="VDB36A"/>
				<Property id="PROPERTY_12849" name="WIRE_END2_TERM" value="9U5T-14474-DB"/>
				<Property id="PROPERTY_12850" name="WIRE_SIGNAL" value="VDB36"/>
				<Property id="PROPERTY_12851" name="HRN_FAMILY" value="14401"/>
				<Property id="PROPERTY_12852" name="WIRE_MULTICORE" value="TP_VDB35A"/>
				<Property id="PROPERTY_12853" name="WIRE_FPN" value="WIRE-2UKD-0.35-BN/YE"/>
				<Property id="PROPERTY_12854" name="WIRE_DIA_MAX" value="1.2"/>
				<BranchRoute id="BRR_549">
					<StartBranchPosition id="BR_POS_1361" branchId="BRANCH_c2-4e-0-4c0dd4" branchNodeId="BN_6087_9-210_058" offset="0"/>
					<PassBranchId>BRANCH_c2-4e-0-4c0cf5</PassBranchId>
					<PassBranchId>BRANCH_c2-4e-0-4c1021</PassBranchId>
					<PassBranchId>BRANCH_c2-4e-0-4c10e7</PassBranchId>
					<PassBranchId>BRANCH_c2-4e-0-4c0fc5</PassBranchId>
					<PassBranchId>BRANCH_c2-4e-0-4c0fce</PassBranchId>
					<PassBranchId>BRANCH_c2-4e-0-4c0d1d</PassBranchId>
					<PassBranchId>BRANCH_35-4e-0-2efaf8</PassBranchId>
					<PassBranchId>BRANCH_c2-4e-0-4c10c0</PassBranchId>
					<PassBranchId>BRANCH_c2-4e-0-4c0fc8</PassBranchId>
					<PassBranchId>BRANCH_c2-4e-0-4c108d</PassBranchId>
					<PassBranchId>BRANCH_c2-4e-0-4c0d88</PassBranchId>
					<PassBranchId>BRANCH_c2-4e-0-4c109a</PassBranchId>
					<PassBranchId>BRANCH_c2-4e-0-4c0e16</PassBranchId>
					<PassBranchId>BRANCH_c2-4e-0-4c0fcb</PassBranchId>
					<PassBranchId>BRANCH_c2-4e-0-4c0dea</PassBranchId>
					<PassBranchId>BRANCH_c2-4e-0-4c0fd1</PassBranchId>
					<PassBranchId>BRANCH_c2-4e-0-4c0fe8</PassBranchId>
					<PassBranchId>BRANCH_c2-4e-0-4c1009</PassBranchId>
					<PassBranchId>BRANCH_c2-4e-0-4c10cb</PassBranchId>
					<PassBranchId>BRANCH_c2-4e-0-4c10ec</PassBranchId>
					<PassBranchId>BRANCH_c2-4e-0-4c1075</PassBranchId>
					<PassBranchId>BRANCH_c2-4e-0-4c106f</PassBranchId>
					<PassBranchId>BRANCH_c2-4e-0-4c107e</PassBranchId>
					<EndBranchPosition id="BR_POS_1362" branchId="BRANCH_c2-4e-0-4c0f12" branchNodeId="BN_20144-60" offset="0"/>
				</BranchRoute>
			</WiringItem>
		</WiringItem>
		<WiringItem xsi:type="Bundle" id="BUNDLE_bf-6-0-33b078" name="TP_RME08DA" bundleType="twist">
			<AppRef name="E3.Series" version="2.14.5.0" guid="df7904ad-3c59-48af-b533-2f2c244fb367"/>
			<WiringItem xsi:type="Wire" id="WIRE_bf-c-0-33affe" name="RME08DA" signalId="SIGNAL_4c-36-0-75879f" cableType="WIRE-2UKD-0.50" wireName="GY/OG" fromPinId="PIN_a8-18-0-e8f03b" toPinId="PIN_43-18-0-192e5e">
				<AppRef name="E3.Series" version="2.14.0.0" guid="745ac299-e0a6-4ec9-9f85-3513582c73b5"/>
				<Property id="PROPERTY_9928" name="WIRE_LENGTH" value="1624"/>
				<Property id="PROPERTY_9929" name="WIRE_END2_MATL" value="(SN)"/>
				<Property id="PROPERTY_9930" name="WIRE_CSA" value="0.5"/>
				<Property id="PROPERTY_9931" name="WIRE_MIN_BEND_RADIUS" value="3"/>
				<Property id="PROPERTY_9932" name="WIRE_OPTION" value="IEVAT"/>
				<Property id="PROPERTY_9933" name="WIRE_DEV_PIN_1" value="C2MM01-DB:41"/>
				<Property id="PROPERTY_9934" name="WIRE_COLOR" value="GY/OG"/>
				<Property id="PROPERTY_9935" name="WIRE_SPEC" value="2UKD"/>
				<Property id="PROPERTY_9936" name="WIRE_END1_MATL" value="(SN)"/>
				<Property id="PROPERTY_9937" name="WIRE_LEVEL" value="VA"/>
				<Property id="PROPERTY_9938" name="WIRE_END1_TERM" value="9U5T-14474-DB"/>
				<Property id="PROPERTY_9939" name="WIRE_DEV_PIN_2" value="C23-A1:30"/>
				<Property id="PROPERTY_9940" name="WIRE_NAME" value="RME08DA"/>
				<Property id="PROPERTY_9941" name="WIRE_END2_TERM" value="9U5T-14474-DB"/>
				<Property id="PROPERTY_9942" name="WIRE_SIGNAL" value="RME07_RME12"/>
				<Property id="PROPERTY_9943" name="HRN_FAMILY" value="14401"/>
				<Property id="PROPERTY_9944" name="WIRE_MULTICORE" value="TP_RME08DA"/>
				<Property id="PROPERTY_9945" name="WIRE_FPN" value="WIRE-2UKD-0.50-GY/OG"/>
				<Property id="PROPERTY_9946" name="WIRE_DIA_MAX" value="1.4"/>
				<Option id="OPTION_bf-c-0-33affe_1" value="IEVAT"/>
				<BranchRoute id="BRR_389">
					<StartBranchPosition id="BR_POS_1041" branchId="BRANCH_c2-4e-0-4c0dda" branchNodeId="BN_695_9-190_058" offset="0"/>
					<PassBranchId>BRANCH_c2-4e-0-4c0fad</PassBranchId>
					<PassBranchId>BRANCH_c2-4e-0-4c10dd</PassBranchId>
					<PassBranchId>BRANCH_c2-4e-0-4c1020</PassBranchId>
					<PassBranchId>BRANCH_c2-4e-0-4c1021</PassBranchId>
					<PassBranchId>BRANCH_c2-4e-0-4c10e7</PassBranchId>
					<PassBranchId>BRANCH_c2-4e-0-4c0fc5</PassBranchId>
					<PassBranchId>BRANCH_c2-4e-0-4c0fce</PassBranchId>
					<PassBranchId>BRANCH_c2-4e-0-4c0d1d</PassBranchId>
					<PassBranchId>BRANCH_35-4e-0-2efaf8</PassBranchId>
					<PassBranchId>BRANCH_c2-4e-0-4c10c0</PassBranchId>
					<PassBranchId>BRANCH_c2-4e-0-4c0fc8</PassBranchId>
					<PassBranchId>BRANCH_c2-4e-0-4c108d</PassBranchId>
					<PassBranchId>BRANCH_c2-4e-0-4c0d88</PassBranchId>
					<PassBranchId>BRANCH_c2-4e-0-4c109a</PassBranchId>
					<PassBranchId>BRANCH_c2-4e-0-4c0e16</PassBranchId>
					<PassBranchId>BRANCH_c2-4e-0-4c0fcb</PassBranchId>
					<PassBranchId>BRANCH_c2-4e-0-4c0f45</PassBranchId>
					<PassBranchId>BRANCH_c2-4e-0-4c1005</PassBranchId>
					<PassBranchId>BRANCH_c2-4e-0-4c0f60</PassBranchId>
					<PassBranchId>BRANCH_35-4e-0-350133</PassBranchId>
					<PassBranchId>BRANCH_c2-4e-0-4c0f7a</PassBranchId>
					<PassBranchId>BRANCH_c2-4e-0-4c10a4</PassBranchId>
					<PassBranchId>BRANCH_c2-4e-0-4c0fb7</PassBranchId>
					<PassBranchId>BRANCH_c2-4e-0-4c0f66</PassBranchId>
					<PassBranchId>BRANCH_c2-4e-0-4c0f6c</PassBranchId>
					<PassBranchId>BRANCH_c2-4e-0-4c0f6f</PassBranchId>
					<PassBranchId>BRANCH_22-4e-0-2ca187b</PassBranchId>
					<PassBranchId>BRANCH_ff-4e-0-9d2c5f</PassBranchId>
					<PassBranchId>BRANCH_da-4e-0-2503d5</PassBranchId>
					<EndBranchPosition id="BR_POS_1042" branchId="BRANCH_da-4e-0-25068e" branchNodeId="BN_9708-328" offset="0"/>
				</BranchRoute>
			</WiringItem>
			<WiringItem xsi:type="Wire" id="WIRE_bf-c-0-33afdb" name="VME08DA" signalId="SIGNAL_4c-36-0-777d7f" cableType="WIRE-2UKD-0.50" wireName="GN/OG" fromPinId="PIN_a8-18-0-e8f033" toPinId="PIN_43-18-0-192e5a">
				<AppRef name="E3.Series" version="2.14.0.0" guid="26ffa347-c117-4e41-bf5a-d21c73c665b5"/>
				<Property id="PROPERTY_9947" name="WIRE_MC_03_SPOT" value="ESAC3T-1A303-AA(A10-00)"/>
				<Property id="PROPERTY_9948" name="WIRE_LENGTH" value="1624"/>
				<Property id="PROPERTY_9949" name="WIRE_END2_MATL" value="(SN)"/>
				<Property id="PROPERTY_9950" name="WIRE_MC_01_FOIL" value="ESBU5T-1A303-AA(AD)"/>
				<Property id="PROPERTY_9951" name="WIRE_CSA" value="0.5"/>
				<Property id="PROPERTY_9952" name="WIRE_MC_02_TAPE" value="ESAC3T-1A303-AA(A30-00)"/>
				<Property id="PROPERTY_9953" name="WIRE_MIN_BEND_RADIUS" value="3"/>
				<Property id="PROPERTY_9954" name="WIRE_OPTION" value="IEVAT"/>
				<Property id="PROPERTY_9955" name="WIRE_DEV_PIN_1" value="C2MM01-DB:42"/>
				<Property id="PROPERTY_9956" name="WIRE_COLOR" value="GN/OG"/>
				<Property id="PROPERTY_9957" name="WIRE_SPEC" value="2UKD"/>
				<Property id="PROPERTY_9958" name="WIRE_END1_MATL" value="(SN)"/>
				<Property id="PROPERTY_9959" name="WIRE_LEVEL" value="VA"/>
				<Property id="PROPERTY_9960" name="WIRE_END1_TERM" value="9U5T-14474-DB"/>
				<Property id="PROPERTY_9961" name="WIRE_DEV_PIN_2" value="C23-A1:29"/>
				<Property id="PROPERTY_9962" name="WIRE_NAME" value="VME08DA"/>
				<Property id="PROPERTY_9963" name="WIRE_END2_TERM" value="9U5T-14474-DB"/>
				<Property id="PROPERTY_9964" name="WIRE_SIGNAL" value="VME07_VME12"/>
				<Property id="PROPERTY_9965" name="HRN_FAMILY" value="14401"/>
				<Property id="PROPERTY_9966" name="WIRE_MULTICORE" value="TP_RME08DA"/>
				<Property id="PROPERTY_9967" name="WIRE_FPN" value="WIRE-2UKD-0.50-GN/OG"/>
				<Property id="PROPERTY_9968" name="WIRE_DIA_MAX" value="1.4"/>
				<Option id="OPTION_bf-c-0-33afdb_1" value="IEVAT"/>
				<BranchRoute id="BRR_390">
					<StartBranchPosition id="BR_POS_1043" branchId="BRANCH_c2-4e-0-4c0dda" branchNodeId="BN_695_9-190_058" offset="0"/>
					<PassBranchId>BRANCH_c2-4e-0-4c0fad</PassBranchId>
					<PassBranchId>BRANCH_c2-4e-0-4c10dd</PassBranchId>
					<PassBranchId>BRANCH_c2-4e-0-4c1020</PassBranchId>
					<PassBranchId>BRANCH_c2-4e-0-4c1021</PassBranchId>
					<PassBranchId>BRANCH_c2-4e-0-4c10e7</PassBranchId>
					<PassBranchId>BRANCH_c2-4e-0-4c0fc5</PassBranchId>
					<PassBranchId>BRANCH_c2-4e-0-4c0fce</PassBranchId>
					<PassBranchId>BRANCH_c2-4e-0-4c0d1d</PassBranchId>
					<PassBranchId>BRANCH_35-4e-0-2efaf8</PassBranchId>
					<PassBranchId>BRANCH_c2-4e-0-4c10c0</PassBranchId>
					<PassBranchId>BRANCH_c2-4e-0-4c0fc8</PassBranchId>
					<PassBranchId>BRANCH_c2-4e-0-4c108d</PassBranchId>
					<PassBranchId>BRANCH_c2-4e-0-4c0d88</PassBranchId>
					<PassBranchId>BRANCH_c2-4e-0-4c109a</PassBranchId>
					<PassBranchId>BRANCH_c2-4e-0-4c0e16</PassBranchId>
					<PassBranchId>BRANCH_c2-4e-0-4c0fcb</PassBranchId>
					<PassBranchId>BRANCH_c2-4e-0-4c0f45</PassBranchId>
					<PassBranchId>BRANCH_c2-4e-0-4c1005</PassBranchId>
					<PassBranchId>BRANCH_c2-4e-0-4c0f60</PassBranchId>
					<PassBranchId>BRANCH_35-4e-0-350133</PassBranchId>
					<PassBranchId>BRANCH_c2-4e-0-4c0f7a</PassBranchId>
					<PassBranchId>BRANCH_c2-4e-0-4c10a4</PassBranchId>
					<PassBranchId>BRANCH_c2-4e-0-4c0fb7</PassBranchId>
					<PassBranchId>BRANCH_c2-4e-0-4c0f66</PassBranchId>
					<PassBranchId>BRANCH_c2-4e-0-4c0f6c</PassBranchId>
					<PassBranchId>BRANCH_c2-4e-0-4c0f6f</PassBranchId>
					<PassBranchId>BRANCH_22-4e-0-2ca187b</PassBranchId>
					<PassBranchId>BRANCH_ff-4e-0-9d2c5f</PassBranchId>
					<PassBranchId>BRANCH_da-4e-0-2503d5</PassBranchId>
					<EndBranchPosition id="BR_POS_1044" branchId="BRANCH_da-4e-0-25068e" branchNodeId="BN_9708-328" offset="0"/>
				</BranchRoute>
			</WiringItem>
		</WiringItem>
		<WiringItem xsi:type="Bundle" id="BUNDLE_a1-6-0-9d213" name="TP_VME09A" bundleType="twist">
			<AppRef name="E3.Series" version="2.14.5.0" guid="fb439369-cad4-4a23-9205-78b6fadbd396"/>
			<WiringItem xsi:type="Wire" id="WIRE_95-c-0-e6873" name="RME09A" signalId="SIGNAL_4c-36-0-75879f" cableType="WIRE-2UKD-0.75" wireName="BN/YE" fromPinId="PIN_b-18-0-11868" toPinId="PIN_5f-18-0-d13f8">
				<AppRef name="E3.Series" version="2.13.7.0" guid="1c3c2f1e-b5c2-4b26-81fd-c41bd1b599fd"/>
				<Property id="PROPERTY_9969" name="WIRE_LENGTH" value="2535"/>
				<Property id="PROPERTY_9970" name="WIRE_END2_MATL" value="(SN)"/>
				<Property id="PROPERTY_9971" name="WIRE_CSA" value="0.75"/>
				<Property id="PROPERTY_9972" name="WIRE_MIN_BEND_RADIUS" value="3"/>
				<Property id="PROPERTY_9973" name="WIRE_OPTION" value="IDBAD | IDBAL"/>
				<Property id="PROPERTY_9974" name="WIRE_DEV_PIN_1" value="C2ME03-A:5"/>
				<Property id="PROPERTY_9975" name="WIRE_COLOR" value="BN/YE"/>
				<Property id="PROPERTY_9976" name="WIRE_SPEC" value="2UKD"/>
				<Property id="PROPERTY_9977" name="WIRE_END1_MATL" value="(SN)"/>
				<Property id="PROPERTY_9978" name="WIRE_LEVEL" value="(7SPKR)/(8DSP)/ZD/ZE/ZG/ZH"/>
				<Property id="PROPERTY_9979" name="WIRE_END1_TERM" value="AU5T-14474-CA"/>
				<Property id="PROPERTY_9980" name="WIRE_DEV_PIN_2" value="C23-E1:30"/>
				<Property id="PROPERTY_9981" name="WIRE_NAME" value="RME09A"/>
				<Property id="PROPERTY_9982" name="WIRE_END2_TERM" value="9U5T-14474-EB"/>
				<Property id="PROPERTY_9983" name="WIRE_SIGNAL" value="RME07_RME12"/>
				<Property id="PROPERTY_9984" name="HRN_FAMILY" value="14401"/>
				<Property id="PROPERTY_9985" name="WIRE_MULTICORE" value="TP_VME09A"/>
				<Property id="PROPERTY_9986" name="WIRE_FPN" value="WIRE-2UKD-0.75-BN/YE"/>
				<Property id="PROPERTY_9987" name="WIRE_DIA_MAX" value="1.6"/>
				<Option id="OPTION_95-c-0-e6873_1" value="IDBAD | IDBAL"/>
				<BranchRoute id="BRR_391">
					<StartBranchPosition id="BR_POS_1045" branchId="BRANCH_c2-4e-0-4c0f76" branchNodeId="BN_10584-132" offset="0"/>
					<PassBranchId>BRANCH_ff-4e-0-9d8f85</PassBranchId>
					<PassBranchId>BRANCH_22-4e-0-2ca187b</PassBranchId>
					<PassBranchId>BRANCH_c2-4e-0-4c0f6f</PassBranchId>
					<PassBranchId>BRANCH_c2-4e-0-4c0f6c</PassBranchId>
					<PassBranchId>BRANCH_c2-4e-0-4c0f66</PassBranchId>
					<PassBranchId>BRANCH_c2-4e-0-4c0fb7</PassBranchId>
					<PassBranchId>BRANCH_c2-4e-0-4c10a4</PassBranchId>
					<PassBranchId>BRANCH_c2-4e-0-4c0f7a</PassBranchId>
					<PassBranchId>BRANCH_35-4e-0-350133</PassBranchId>
					<PassBranchId>BRANCH_c2-4e-0-4c0f60</PassBranchId>
					<PassBranchId>BRANCH_c2-4e-0-4c1005</PassBranchId>
					<PassBranchId>BRANCH_c2-4e-0-4c0f45</PassBranchId>
					<PassBranchId>BRANCH_c2-4e-0-4c0dea</PassBranchId>
					<PassBranchId>BRANCH_c2-4e-0-4c0fd1</PassBranchId>
					<PassBranchId>BRANCH_c2-4e-0-4c0fe8</PassBranchId>
					<PassBranchId>BRANCH_c2-4e-0-4c1009</PassBranchId>
					<PassBranchId>BRANCH_c2-4e-0-4c10cb</PassBranchId>
					<PassBranchId>BRANCH_c2-4e-0-4c10ec</PassBranchId>
					<PassBranchId>BRANCH_c2-4e-0-4c1075</PassBranchId>
					<PassBranchId>BRANCH_c2-4e-0-4c106f</PassBranchId>
					<PassBranchId>BRANCH_c2-4e-0-4c1087</PassBranchId>
					<PassBranchId>BRANCH_c2-4e-0-4c1083</PassBranchId>
					<PassBranchId>BRANCH_c2-4e-0-4c0f89</PassBranchId>
					<PassBranchId>BRANCH_c2-4e-0-4c0f18</PassBranchId>
					<PassBranchId>BRANCH_c2-4e-0-4c0f88</PassBranchId>
					<PassBranchId>BRANCH_c2-4e-0-4c0e97</PassBranchId>
					<PassBranchId>BRANCH_c2-4e-0-4c10ce</PassBranchId>
					<PassBranchId>BRANCH_c2-4e-0-4c0e9b</PassBranchId>
					<PassBranchId>BRANCH_c2-4e-0-4c10f5</PassBranchId>
					<PassBranchId>BRANCH_c2-4e-0-4c0dfa</PassBranchId>
					<EndBranchPosition id="BR_POS_1046" branchId="BRANCH_c2-4e-0-4c0f1c" branchNodeId="BN_18448-168" offset="0"/>
				</BranchRoute>
			</WiringItem>
			<WiringItem xsi:type="Wire" id="WIRE_95-c-0-e685b" name="VME09A" signalId="SIGNAL_4c-36-0-777d7f" cableType="WIRE-2UKD-0.75" wireName="WH/GN" fromPinId="PIN_b-18-0-118dd" toPinId="PIN_5f-18-0-d13f4">
				<AppRef name="E3.Series" version="2.13.7.0" guid="31276551-9932-4c26-9599-e2feef97dca9"/>
				<Property id="PROPERTY_9988" name="WIRE_LENGTH" value="2535"/>
				<Property id="PROPERTY_9989" name="WIRE_END2_MATL" value="(SN)"/>
				<Property id="PROPERTY_9990" name="WIRE_CSA" value="0.75"/>
				<Property id="PROPERTY_9991" name="WIRE_MIN_BEND_RADIUS" value="3"/>
				<Property id="PROPERTY_9992" name="WIRE_OPTION" value="IDBAD | IDBAL"/>
				<Property id="PROPERTY_9993" name="WIRE_DEV_PIN_1" value="C2ME03-A:6"/>
				<Property id="PROPERTY_9994" name="WIRE_COLOR" value="WH/GN"/>
				<Property id="PROPERTY_9995" name="WIRE_SPEC" value="2UKD"/>
				<Property id="PROPERTY_9996" name="WIRE_END1_MATL" value="(SN)"/>
				<Property id="PROPERTY_9997" name="WIRE_LEVEL" value="(7SPKR)/(8DSP)/ZD/ZE/ZG/ZH"/>
				<Property id="PROPERTY_9998" name="WIRE_END1_TERM" value="AU5T-14474-CA"/>
				<Property id="PROPERTY_9999" name="WIRE_DEV_PIN_2" value="C23-E1:29"/>
				<Property id="PROPERTY_10000" name="WIRE_NAME" value="VME09A"/>
				<Property id="PROPERTY_10001" name="WIRE_END2_TERM" value="9U5T-14474-EB"/>
				<Property id="PROPERTY_10002" name="WIRE_SIGNAL" value="VME07_VME12"/>
				<Property id="PROPERTY_10003" name="HRN_FAMILY" value="14401"/>
				<Property id="PROPERTY_10004" name="WIRE_MULTICORE" value="TP_VME09A"/>
				<Property id="PROPERTY_10005" name="WIRE_FPN" value="WIRE-2UKD-0.75-WH/GN"/>
				<Property id="PROPERTY_10006" name="WIRE_DIA_MAX" value="1.6"/>
				<Option id="OPTION_95-c-0-e685b_1" value="IDBAD | IDBAL"/>
				<BranchRoute id="BRR_392">
					<StartBranchPosition id="BR_POS_1047" branchId="BRANCH_c2-4e-0-4c0f76" branchNodeId="BN_10584-132" offset="0"/>
					<PassBranchId>BRANCH_ff-4e-0-9d8f85</PassBranchId>
					<PassBranchId>BRANCH_22-4e-0-2ca187b</PassBranchId>
					<PassBranchId>BRANCH_c2-4e-0-4c0f6f</PassBranchId>
					<PassBranchId>BRANCH_c2-4e-0-4c0f6c</PassBranchId>
					<PassBranchId>BRANCH_c2-4e-0-4c0f66</PassBranchId>
					<PassBranchId>BRANCH_c2-4e-0-4c0fb7</PassBranchId>
					<PassBranchId>BRANCH_c2-4e-0-4c10a4</PassBranchId>
					<PassBranchId>BRANCH_c2-4e-0-4c0f7a</PassBranchId>
					<PassBranchId>BRANCH_35-4e-0-350133</PassBranchId>
					<PassBranchId>BRANCH_c2-4e-0-4c0f60</PassBranchId>
					<PassBranchId>BRANCH_c2-4e-0-4c1005</PassBranchId>
					<PassBranchId>BRANCH_c2-4e-0-4c0f45</PassBranchId>
					<PassBranchId>BRANCH_c2-4e-0-4c0dea</PassBranchId>
					<PassBranchId>BRANCH_c2-4e-0-4c0fd1</PassBranchId>
					<PassBranchId>BRANCH_c2-4e-0-4c0fe8</PassBranchId>
					<PassBranchId>BRANCH_c2-4e-0-4c1009</PassBranchId>
					<PassBranchId>BRANCH_c2-4e-0-4c10cb</PassBranchId>
					<PassBranchId>BRANCH_c2-4e-0-4c10ec</PassBranchId>
					<PassBranchId>BRANCH_c2-4e-0-4c1075</PassBranchId>
					<PassBranchId>BRANCH_c2-4e-0-4c106f</PassBranchId>
					<PassBranchId>BRANCH_c2-4e-0-4c1087</PassBranchId>
					<PassBranchId>BRANCH_c2-4e-0-4c1083</PassBranchId>
					<PassBranchId>BRANCH_c2-4e-0-4c0f89</PassBranchId>
					<PassBranchId>BRANCH_c2-4e-0-4c0f18</PassBranchId>
					<PassBranchId>BRANCH_c2-4e-0-4c0f88</PassBranchId>
					<PassBranchId>BRANCH_c2-4e-0-4c0e97</PassBranchId>
					<PassBranchId>BRANCH_c2-4e-0-4c10ce</PassBranchId>
					<PassBranchId>BRANCH_c2-4e-0-4c0e9b</PassBranchId>
					<PassBranchId>BRANCH_c2-4e-0-4c10f5</PassBranchId>
					<PassBranchId>BRANCH_c2-4e-0-4c0dfa</PassBranchId>
					<EndBranchPosition id="BR_POS_1048" branchId="BRANCH_c2-4e-0-4c0f1c" branchNodeId="BN_18448-168" offset="0"/>
				</BranchRoute>
			</WiringItem>
		</WiringItem>
		<WiringItem xsi:type="Bundle" id="BUNDLE_c6-6-0-b51337" name="TP_VDB43A" bundleType="twist">
			<AppRef name="E3.Series" version="2.14.5.0" guid="396e6c47-7746-4fc9-a3cf-11af209b7c00"/>
			<WiringItem xsi:type="Wire" id="WIRE_58-c-0-10cb69" name="VDB43A" signalId="SIGNAL_18-36-0-251c67" cableType="WIRE-2TAD-0.13" wireName="WH/BU" fromPinId="PIN_58-18-0-10bdf7" toPinId="PIN_58-18-0-10c081">
				<AppRef name="E3.Series" version="2.13.7.0" guid="67cd0b2c-124f-403c-9644-cf41fa38af65"/>
				<Property id="PROPERTY_12893" name="WIRE_LENGTH" value="1422"/>
				<Property id="PROPERTY_12894" name="WIRE_END2_MATL" value="(AU)"/>
				<Property id="PROPERTY_12895" name="WIRE_CSA" value="0.13"/>
				<Property id="PROPERTY_12896" name="WIRE_END1_MATL" value="(AU)"/>
				<Property id="PROPERTY_12897" name="WIRE_MIN_BEND_RADIUS" value="2.625"/>
				<Property id="PROPERTY_12898" name="WIRE_OPTION" value="IEVAQ | IEVAR"/>
				<Property id="PROPERTY_12899" name="WIRE_DEV_PIN_1" value="C2MM01-F:1"/>
				<Property id="PROPERTY_12900" name="WIRE_COLOR" value="WH/BU"/>
				<Property id="PROPERTY_12901" name="WIRE_SPEC" value="2TAD"/>
				<Property id="PROPERTY_12902" name="WIRE_NOTE" value="[$14&gt;"/>
				<Property id="PROPERTY_12903" name="WIRE_LEVEL" value="(D-CAM)/(C-SHF)/(KWINV)/(8SPKR)/(F-SHF)/(BEV)"/>
				<Property id="PROPERTY_12904" name="WIRE_END1_TERM" value="*P/O ASSY"/>
				<Property id="PROPERTY_12905" name="WIRE_DEV_PIN_2" value="C2DB02-C3D:2"/>
				<Property id="PROPERTY_12906" name="WIRE_NAME" value="VDB43A"/>
				<Property id="PROPERTY_12907" name="WIRE_END2_TERM" value="*P/O ASSY"/>
				<Property id="PROPERTY_12908" name="WIRE_SIGNAL" value="VDB43"/>
				<Property id="PROPERTY_12909" name="HRN_FAMILY" value="14401"/>
				<Property id="PROPERTY_12910" name="WIRE_MULTICORE" value="TP_VDB43A"/>
				<Property id="PROPERTY_12911" name="WIRE_FPN" value="WIRE-2TAD-0.13-WH/BU"/>
				<Property id="PROPERTY_12912" name="WIRE_DIA_MAX" value="1.05"/>
				<Option id="OPTION_58-c-0-10cb69_1" value="IEVAQ | IEVAR"/>
				<BranchRoute id="BRR_552">
					<StartBranchPosition id="BR_POS_1367" branchId="BRANCH_c2-4e-0-4c0e48" branchNodeId="BN_9088-248" offset="0"/>
					<PassBranchId>BRANCH_c2-4e-0-4c1016</PassBranchId>
					<PassBranchId>BRANCH_c2-4e-0-4c0fb4</PassBranchId>
					<PassBranchId>BRANCH_c2-4e-0-4c0f7e</PassBranchId>
					<PassBranchId>BRANCH_c2-4e-0-4c1005</PassBranchId>
					<PassBranchId>BRANCH_c2-4e-0-4c0f45</PassBranchId>
					<PassBranchId>BRANCH_c2-4e-0-4c0dea</PassBranchId>
					<PassBranchId>BRANCH_c2-4e-0-4c0fd1</PassBranchId>
					<PassBranchId>BRANCH_c2-4e-0-4c0fe8</PassBranchId>
					<PassBranchId>BRANCH_c2-4e-0-4c1009</PassBranchId>
					<PassBranchId>BRANCH_c2-4e-0-4c10cb</PassBranchId>
					<PassBranchId>BRANCH_c2-4e-0-4c10ec</PassBranchId>
					<PassBranchId>BRANCH_c2-4e-0-4c1075</PassBranchId>
					<PassBranchId>BRANCH_c2-4e-0-4c106f</PassBranchId>
					<PassBranchId>BRANCH_c2-4e-0-4c1076</PassBranchId>
					<PassBranchId>BRANCH_c2-4e-0-4c0d05</PassBranchId>
					<PassBranchId>BRANCH_c2-4e-0-4c0f26</PassBranchId>
					<PassBranchId>BRANCH_c2-4e-0-4c0cf9</PassBranchId>
					<EndBranchPosition id="BR_POS_1368" branchId="BRANCH_c2-4e-0-4c0cfc" branchNodeId="BN_17632-280" offset="0"/>
				</BranchRoute>
			</WiringItem>
			<WiringItem xsi:type="Wire" id="WIRE_58-c-0-10cb81" name="VDB44A" signalId="SIGNAL_18-36-0-251c74" cableType="WIRE-2TAD-0.13" wireName="WH/VT" fromPinId="PIN_58-18-0-10bdfb" toPinId="PIN_58-18-0-10c07d">
				<AppRef name="E3.Series" version="2.13.7.0" guid="a65d8ae8-7478-43c8-b1f6-a554466a5a3d"/>
				<Property id="PROPERTY_12913" name="WIRE_LENGTH" value="1422"/>
				<Property id="PROPERTY_12914" name="WIRE_END2_MATL" value="(AU)"/>
				<Property id="PROPERTY_12915" name="WIRE_CSA" value="0.13"/>
				<Property id="PROPERTY_12916" name="WIRE_END1_MATL" value="(AU)"/>
				<Property id="PROPERTY_12917" name="WIRE_MIN_BEND_RADIUS" value="2.625"/>
				<Property id="PROPERTY_12918" name="WIRE_OPTION" value="IEVAQ | IEVAR"/>
				<Property id="PROPERTY_12919" name="WIRE_DEV_PIN_1" value="C2MM01-F:2"/>
				<Property id="PROPERTY_12920" name="WIRE_COLOR" value="WH/VT"/>
				<Property id="PROPERTY_12921" name="WIRE_SPEC" value="2TAD"/>
				<Property id="PROPERTY_12922" name="WIRE_NOTE" value="[$14&gt;"/>
				<Property id="PROPERTY_12923" name="WIRE_LEVEL" value="(D-CAM)/(C-SHF)/(KWINV)/(8SPKR)/(F-SHF)/(BEV)"/>
				<Property id="PROPERTY_12924" name="WIRE_END1_TERM" value="*P/O ASSY"/>
				<Property id="PROPERTY_12925" name="WIRE_DEV_PIN_2" value="C2DB02-C3D:1"/>
				<Property id="PROPERTY_12926" name="WIRE_NAME" value="VDB44A"/>
				<Property id="PROPERTY_12927" name="WIRE_END2_TERM" value="*P/O ASSY"/>
				<Property id="PROPERTY_12928" name="WIRE_SIGNAL" value="VDB44"/>
				<Property id="PROPERTY_12929" name="HRN_FAMILY" value="14401"/>
				<Property id="PROPERTY_12930" name="WIRE_MULTICORE" value="TP_VDB43A"/>
				<Property id="PROPERTY_12931" name="WIRE_FPN" value="WIRE-2TAD-0.13-WH/VT"/>
				<Property id="PROPERTY_12932" name="WIRE_DIA_MAX" value="1.05"/>
				<Option id="OPTION_58-c-0-10cb81_1" value="IEVAQ | IEVAR"/>
				<BranchRoute id="BRR_553">
					<StartBranchPosition id="BR_POS_1369" branchId="BRANCH_c2-4e-0-4c0e48" branchNodeId="BN_9088-248" offset="0"/>
					<PassBranchId>BRANCH_c2-4e-0-4c1016</PassBranchId>
					<PassBranchId>BRANCH_c2-4e-0-4c0fb4</PassBranchId>
					<PassBranchId>BRANCH_c2-4e-0-4c0f7e</PassBranchId>
					<PassBranchId>BRANCH_c2-4e-0-4c1005</PassBranchId>
					<PassBranchId>BRANCH_c2-4e-0-4c0f45</PassBranchId>
					<PassBranchId>BRANCH_c2-4e-0-4c0dea</PassBranchId>
					<PassBranchId>BRANCH_c2-4e-0-4c0fd1</PassBranchId>
					<PassBranchId>BRANCH_c2-4e-0-4c0fe8</PassBranchId>
					<PassBranchId>BRANCH_c2-4e-0-4c1009</PassBranchId>
					<PassBranchId>BRANCH_c2-4e-0-4c10cb</PassBranchId>
					<PassBranchId>BRANCH_c2-4e-0-4c10ec</PassBranchId>
					<PassBranchId>BRANCH_c2-4e-0-4c1075</PassBranchId>
					<PassBranchId>BRANCH_c2-4e-0-4c106f</PassBranchId>
					<PassBranchId>BRANCH_c2-4e-0-4c1076</PassBranchId>
					<PassBranchId>BRANCH_c2-4e-0-4c0d05</PassBranchId>
					<PassBranchId>BRANCH_c2-4e-0-4c0f26</PassBranchId>
					<PassBranchId>BRANCH_c2-4e-0-4c0cf9</PassBranchId>
					<EndBranchPosition id="BR_POS_1370" branchId="BRANCH_c2-4e-0-4c0cfc" branchNodeId="BN_17632-280" offset="0"/>
				</BranchRoute>
			</WiringItem>
		</WiringItem>
		<WiringItem xsi:type="Bundle" id="BUNDLE_7e-6-0-2519ab" name="TP_VDB43AD" bundleType="twist">
			<AppRef name="E3.Series" version="2.14.5.0" guid="181439ae-c3bb-45d8-99ab-d35ee04ee0f5"/>
			<WiringItem xsi:type="Wire" id="WIRE_bf-c-0-332a9c" name="VDB43AD" signalId="SIGNAL_18-36-0-251c67" cableType="WIRE-2TAD-0.13" wireName="WH/BU" fromPinId="PIN_a8-18-0-e8f06a" toPinId="PIN_58-18-0-10c081">
				<AppRef name="E3.Series" version="2.14.0.0" guid="c87d9a8e-a420-4c55-833a-8e982e00b907"/>
				<Property id="PROPERTY_12933" name="WIRE_LENGTH" value="1216"/>
				<Property id="PROPERTY_12934" name="WIRE_END2_MATL" value="(AU)"/>
				<Property id="PROPERTY_12935" name="WIRE_CSA" value="0.13"/>
				<Property id="PROPERTY_12936" name="WIRE_END1_MATL" value="(AU)"/>
				<Property id="PROPERTY_12937" name="WIRE_MIN_BEND_RADIUS" value="2.625"/>
				<Property id="PROPERTY_12938" name="WIRE_OPTION" value="IEVAT"/>
				<Property id="PROPERTY_12939" name="WIRE_DEV_PIN_1" value="C2MM01-DU:1"/>
				<Property id="PROPERTY_12940" name="WIRE_COLOR" value="WH/BU"/>
				<Property id="PROPERTY_12941" name="WIRE_SPEC" value="2TAD"/>
				<Property id="PROPERTY_12942" name="WIRE_NOTE" value="[$14&gt;"/>
				<Property id="PROPERTY_12943" name="WIRE_LEVEL" value="VA"/>
				<Property id="PROPERTY_12944" name="WIRE_END1_TERM" value="*P/O ASSY"/>
				<Property id="PROPERTY_12945" name="WIRE_DEV_PIN_2" value="C2DB02-C3D:2"/>
				<Property id="PROPERTY_12946" name="WIRE_NAME" value="VDB43AD"/>
				<Property id="PROPERTY_12947" name="WIRE_END2_TERM" value="*P/O ASSY"/>
				<Property id="PROPERTY_12948" name="WIRE_SIGNAL" value="VDB43"/>
				<Property id="PROPERTY_12949" name="HRN_FAMILY" value="14401"/>
				<Property id="PROPERTY_12950" name="WIRE_MULTICORE" value="TP_VDB43AD"/>
				<Property id="PROPERTY_12951" name="WIRE_FPN" value="WIRE-2TAD-0.13-WH/BU"/>
				<Property id="PROPERTY_12952" name="WIRE_DIA_MAX" value="1.05"/>
				<Option id="OPTION_bf-c-0-332a9c_1" value="IEVAT"/>
				<BranchRoute id="BRR_554">
					<StartBranchPosition id="BR_POS_1371" branchId="BRANCH_c2-4e-0-4c0e48" branchNodeId="BN_9088-248" offset="0"/>
					<PassBranchId>BRANCH_c2-4e-0-4c1016</PassBranchId>
					<PassBranchId>BRANCH_c2-4e-0-4c0fb4</PassBranchId>
					<PassBranchId>BRANCH_c2-4e-0-4c0f7e</PassBranchId>
					<PassBranchId>BRANCH_c2-4e-0-4c0f60</PassBranchId>
					<PassBranchId>BRANCH_35-4e-0-350133</PassBranchId>
					<PassBranchId>BRANCH_c2-4e-0-4c0f7a</PassBranchId>
					<PassBranchId>BRANCH_c2-4e-0-4c10a4</PassBranchId>
					<PassBranchId>BRANCH_c2-4e-0-4c0fb7</PassBranchId>
					<PassBranchId>BRANCH_c2-4e-0-4c0f66</PassBranchId>
					<PassBranchId>BRANCH_c2-4e-0-4c0f6c</PassBranchId>
					<PassBranchId>BRANCH_c2-4e-0-4c0f6f</PassBranchId>
					<PassBranchId>BRANCH_22-4e-0-2ca187b</PassBranchId>
					<PassBranchId>BRANCH_e9-4e-0-33d393</PassBranchId>
					<PassBranchId>BRANCH_da-4e-0-320d5e</PassBranchId>
					<PassBranchId>BRANCH_da-4e-0-322c56</PassBranchId>
					<EndBranchPosition id="BR_POS_1372" branchId="BRANCH_da-4e-0-32e079" branchNodeId="BN_10128-128" offset="0"/>
				</BranchRoute>
			</WiringItem>
			<WiringItem xsi:type="Wire" id="WIRE_bf-c-0-332a7c" name="VDB44AD" signalId="SIGNAL_18-36-0-251c74" cableType="WIRE-2TAD-0.13" wireName="WH/VT" fromPinId="PIN_a8-18-0-e8f072" toPinId="PIN_58-18-0-10c07d">
				<AppRef name="E3.Series" version="2.14.0.0" guid="966f9de1-3262-41f5-81c0-69e102273ed7"/>
				<Property id="PROPERTY_12953" name="WIRE_LENGTH" value="1216"/>
				<Property id="PROPERTY_12954" name="WIRE_END2_MATL" value="(AU)"/>
				<Property id="PROPERTY_12955" name="WIRE_CSA" value="0.13"/>
				<Property id="PROPERTY_12956" name="WIRE_END1_MATL" value="(AU)"/>
				<Property id="PROPERTY_12957" name="WIRE_MIN_BEND_RADIUS" value="2.625"/>
				<Property id="PROPERTY_12958" name="WIRE_OPTION" value="IEVAT"/>
				<Property id="PROPERTY_12959" name="WIRE_DEV_PIN_1" value="C2MM01-DU:2"/>
				<Property id="PROPERTY_12960" name="WIRE_COLOR" value="WH/VT"/>
				<Property id="PROPERTY_12961" name="WIRE_SPEC" value="2TAD"/>
				<Property id="PROPERTY_12962" name="WIRE_NOTE" value="[$14&gt;"/>
				<Property id="PROPERTY_12963" name="WIRE_LEVEL" value="VA"/>
				<Property id="PROPERTY_12964" name="WIRE_END1_TERM" value="*P/O ASSY"/>
				<Property id="PROPERTY_12965" name="WIRE_DEV_PIN_2" value="C2DB02-C3D:1"/>
				<Property id="PROPERTY_12966" name="WIRE_NAME" value="VDB44AD"/>
				<Property id="PROPERTY_12967" name="WIRE_END2_TERM" value="*P/O ASSY"/>
				<Property id="PROPERTY_12968" name="WIRE_SIGNAL" value="VDB44"/>
				<Property id="PROPERTY_12969" name="HRN_FAMILY" value="14401"/>
				<Property id="PROPERTY_12970" name="WIRE_MULTICORE" value="TP_VDB43AD"/>
				<Property id="PROPERTY_12971" name="WIRE_FPN" value="WIRE-2TAD-0.13-WH/VT"/>
				<Property id="PROPERTY_12972" name="WIRE_DIA_MAX" value="1.05"/>
				<Option id="OPTION_bf-c-0-332a7c_1" value="IEVAT"/>
				<BranchRoute id="BRR_555">
					<StartBranchPosition id="BR_POS_1373" branchId="BRANCH_c2-4e-0-4c0e48" branchNodeId="BN_9088-248" offset="0"/>
					<PassBranchId>BRANCH_c2-4e-0-4c1016</PassBranchId>
					<PassBranchId>BRANCH_c2-4e-0-4c0fb4</PassBranchId>
					<PassBranchId>BRANCH_c2-4e-0-4c0f7e</PassBranchId>
					<PassBranchId>BRANCH_c2-4e-0-4c0f60</PassBranchId>
					<PassBranchId>BRANCH_35-4e-0-350133</PassBranchId>
					<PassBranchId>BRANCH_c2-4e-0-4c0f7a</PassBranchId>
					<PassBranchId>BRANCH_c2-4e-0-4c10a4</PassBranchId>
					<PassBranchId>BRANCH_c2-4e-0-4c0fb7</PassBranchId>
					<PassBranchId>BRANCH_c2-4e-0-4c0f66</PassBranchId>
					<PassBranchId>BRANCH_c2-4e-0-4c0f6c</PassBranchId>
					<PassBranchId>BRANCH_c2-4e-0-4c0f6f</PassBranchId>
					<PassBranchId>BRANCH_22-4e-0-2ca187b</PassBranchId>
					<PassBranchId>BRANCH_e9-4e-0-33d393</PassBranchId>
					<PassBranchId>BRANCH_da-4e-0-320d5e</PassBranchId>
					<PassBranchId>BRANCH_da-4e-0-322c56</PassBranchId>
					<EndBranchPosition id="BR_POS_1374" branchId="BRANCH_da-4e-0-32e079" branchNodeId="BN_10128-128" offset="0"/>
				</BranchRoute>
			</WiringItem>
		</WiringItem>
		<WiringItem xsi:type="Bundle" id="BUNDLE_6e-6-0-52bad8" name="TP_VME09A1" bundleType="twist">
			<AppRef name="E3.Series" version="2.14.5.0" guid="b447a403-36f4-461f-960e-bd053bbd8ca4"/>
			<WiringItem xsi:type="Wire" id="WIRE_6e-c-0-52b753" name="RME09A1" signalId="SIGNAL_4c-36-0-75879f" cableType="WIRE-2UKD-0.75" wireName="BN/YE" fromPinId="PIN_b-18-0-11875" toPinId="PIN_5f-18-0-d13f8">
				<AppRef name="E3.Series" version="2.13.7.0" guid="4c9c2651-9af2-4c85-87e7-fe7dd7385f92"/>
				<Property id="PROPERTY_10007" name="WIRE_LENGTH" value="2535"/>
				<Property id="PROPERTY_10008" name="WIRE_END2_MATL" value="(SN)"/>
				<Property id="PROPERTY_10009" name="WIRE_CSA" value="0.75"/>
				<Property id="PROPERTY_10010" name="WIRE_MIN_BEND_RADIUS" value="3"/>
				<Property id="PROPERTY_10011" name="WIRE_OPTION" value="IDBBQ &amp; (IEVAQ | IEVAR)"/>
				<Property id="PROPERTY_10012" name="WIRE_DEV_PIN_1" value="C2ME03-A:2"/>
				<Property id="PROPERTY_10013" name="WIRE_COLOR" value="BN/YE"/>
				<Property id="PROPERTY_10014" name="WIRE_SPEC" value="2UKD"/>
				<Property id="PROPERTY_10015" name="WIRE_END1_MATL" value="(SN)"/>
				<Property id="PROPERTY_10016" name="WIRE_LEVEL" value="DB/DD/HB/HD/TP/XM/XN/XP/XR/YN/YT/ZB"/>
				<Property id="PROPERTY_10017" name="WIRE_END1_TERM" value="AU5T-14474-CA"/>
				<Property id="PROPERTY_10018" name="WIRE_DEV_PIN_2" value="C23-E1:30"/>
				<Property id="PROPERTY_10019" name="WIRE_NAME" value="RME09A1"/>
				<Property id="PROPERTY_10020" name="WIRE_END2_TERM" value="9U5T-14474-EB"/>
				<Property id="PROPERTY_10021" name="WIRE_SIGNAL" value="RME07_RME12"/>
				<Property id="PROPERTY_10022" name="HRN_FAMILY" value="14401"/>
				<Property id="PROPERTY_10023" name="WIRE_MULTICORE" value="TP_VME09A1"/>
				<Property id="PROPERTY_10024" name="WIRE_FPN" value="WIRE-2UKD-0.75-BN/YE"/>
				<Property id="PROPERTY_10025" name="WIRE_DIA_MAX" value="1.6"/>
				<Option id="OPTION_6e-c-0-52b753_1" value="IDBBQ &amp; (IEVAQ | IEVAR)"/>
				<BranchRoute id="BRR_393">
					<StartBranchPosition id="BR_POS_1049" branchId="BRANCH_c2-4e-0-4c0f76" branchNodeId="BN_10584-132" offset="0"/>
					<PassBranchId>BRANCH_ff-4e-0-9d8f85</PassBranchId>
					<PassBranchId>BRANCH_22-4e-0-2ca187b</PassBranchId>
					<PassBranchId>BRANCH_c2-4e-0-4c0f6f</PassBranchId>
					<PassBranchId>BRANCH_c2-4e-0-4c0f6c</PassBranchId>
					<PassBranchId>BRANCH_c2-4e-0-4c0f66</PassBranchId>
					<PassBranchId>BRANCH_c2-4e-0-4c0fb7</PassBranchId>
					<PassBranchId>BRANCH_c2-4e-0-4c10a4</PassBranchId>
					<PassBranchId>BRANCH_c2-4e-0-4c0f7a</PassBranchId>
					<PassBranchId>BRANCH_35-4e-0-350133</PassBranchId>
					<PassBranchId>BRANCH_c2-4e-0-4c0f60</PassBranchId>
					<PassBranchId>BRANCH_c2-4e-0-4c1005</PassBranchId>
					<PassBranchId>BRANCH_c2-4e-0-4c0f45</PassBranchId>
					<PassBranchId>BRANCH_c2-4e-0-4c0dea</PassBranchId>
					<PassBranchId>BRANCH_c2-4e-0-4c0fd1</PassBranchId>
					<PassBranchId>BRANCH_c2-4e-0-4c0fe8</PassBranchId>
					<PassBranchId>BRANCH_c2-4e-0-4c1009</PassBranchId>
					<PassBranchId>BRANCH_c2-4e-0-4c10cb</PassBranchId>
					<PassBranchId>BRANCH_c2-4e-0-4c10ec</PassBranchId>
					<PassBranchId>BRANCH_c2-4e-0-4c1075</PassBranchId>
					<PassBranchId>BRANCH_c2-4e-0-4c106f</PassBranchId>
					<PassBranchId>BRANCH_c2-4e-0-4c1087</PassBranchId>
					<PassBranchId>BRANCH_c2-4e-0-4c1083</PassBranchId>
					<PassBranchId>BRANCH_c2-4e-0-4c0f89</PassBranchId>
					<PassBranchId>BRANCH_c2-4e-0-4c0f18</PassBranchId>
					<PassBranchId>BRANCH_c2-4e-0-4c0f88</PassBranchId>
					<PassBranchId>BRANCH_c2-4e-0-4c0e97</PassBranchId>
					<PassBranchId>BRANCH_c2-4e-0-4c10ce</PassBranchId>
					<PassBranchId>BRANCH_c2-4e-0-4c0e9b</PassBranchId>
					<PassBranchId>BRANCH_c2-4e-0-4c10f5</PassBranchId>
					<PassBranchId>BRANCH_c2-4e-0-4c0dfa</PassBranchId>
					<EndBranchPosition id="BR_POS_1050" branchId="BRANCH_c2-4e-0-4c0f1c" branchNodeId="BN_18448-168" offset="0"/>
				</BranchRoute>
			</WiringItem>
			<WiringItem xsi:type="Wire" id="WIRE_6e-c-0-52b734" name="VME09A1" signalId="SIGNAL_4c-36-0-777d7f" cableType="WIRE-2UKD-0.75" wireName="WH/GN" fromPinId="PIN_5f-18-0-d13f4" toPinId="PIN_b-18-0-118fd">
				<AppRef name="E3.Series" version="2.13.7.0" guid="8a960008-cde5-4d4d-9524-f8f4f4682d93"/>
				<Property id="PROPERTY_10026" name="WIRE_LENGTH" value="2535"/>
				<Property id="PROPERTY_10027" name="WIRE_END2_MATL" value="(SN)"/>
				<Property id="PROPERTY_10028" name="WIRE_CSA" value="0.75"/>
				<Property id="PROPERTY_10029" name="WIRE_MIN_BEND_RADIUS" value="3"/>
				<Property id="PROPERTY_10030" name="WIRE_OPTION" value="IDBBQ &amp; (IEVAQ | IEVAR)"/>
				<Property id="PROPERTY_10031" name="WIRE_DEV_PIN_1" value="C23-E1:29"/>
				<Property id="PROPERTY_10032" name="WIRE_COLOR" value="WH/GN"/>
				<Property id="PROPERTY_10033" name="WIRE_SPEC" value="2UKD"/>
				<Property id="PROPERTY_10034" name="WIRE_END1_MATL" value="(SN)"/>
				<Property id="PROPERTY_10035" name="WIRE_LEVEL" value="DB/DD/HB/HD/TP/XM/XN/XP/XR/YN/YT/ZB"/>
				<Property id="PROPERTY_10036" name="WIRE_END1_TERM" value="9U5T-14474-EB"/>
				<Property id="PROPERTY_10037" name="WIRE_DEV_PIN_2" value="C2ME03-A:3"/>
				<Property id="PROPERTY_10038" name="WIRE_NAME" value="VME09A1"/>
				<Property id="PROPERTY_10039" name="WIRE_END2_TERM" value="AU5T-14474-CA"/>
				<Property id="PROPERTY_10040" name="WIRE_SIGNAL" value="VME07_VME12"/>
				<Property id="PROPERTY_10041" name="HRN_FAMILY" value="14401"/>
				<Property id="PROPERTY_10042" name="WIRE_MULTICORE" value="TP_VME09A1"/>
				<Property id="PROPERTY_10043" name="WIRE_FPN" value="WIRE-2UKD-0.75-WH/GN"/>
				<Property id="PROPERTY_10044" name="WIRE_DIA_MAX" value="1.6"/>
				<Option id="OPTION_6e-c-0-52b734_1" value="IDBBQ &amp; (IEVAQ | IEVAR)"/>
				<BranchRoute id="BRR_394">
					<StartBranchPosition id="BR_POS_1051" branchId="BRANCH_c2-4e-0-4c0f76" branchNodeId="BN_10584-132" offset="0"/>
					<PassBranchId>BRANCH_ff-4e-0-9d8f85</PassBranchId>
					<PassBranchId>BRANCH_22-4e-0-2ca187b</PassBranchId>
					<PassBranchId>BRANCH_c2-4e-0-4c0f6f</PassBranchId>
					<PassBranchId>BRANCH_c2-4e-0-4c0f6c</PassBranchId>
					<PassBranchId>BRANCH_c2-4e-0-4c0f66</PassBranchId>
					<PassBranchId>BRANCH_c2-4e-0-4c0fb7</PassBranchId>
					<PassBranchId>BRANCH_c2-4e-0-4c10a4</PassBranchId>
					<PassBranchId>BRANCH_c2-4e-0-4c0f7a</PassBranchId>
					<PassBranchId>BRANCH_35-4e-0-350133</PassBranchId>
					<PassBranchId>BRANCH_c2-4e-0-4c0f60</PassBranchId>
					<PassBranchId>BRANCH_c2-4e-0-4c1005</PassBranchId>
					<PassBranchId>BRANCH_c2-4e-0-4c0f45</PassBranchId>
					<PassBranchId>BRANCH_c2-4e-0-4c0dea</PassBranchId>
					<PassBranchId>BRANCH_c2-4e-0-4c0fd1</PassBranchId>
					<PassBranchId>BRANCH_c2-4e-0-4c0fe8</PassBranchId>
					<PassBranchId>BRANCH_c2-4e-0-4c1009</PassBranchId>
					<PassBranchId>BRANCH_c2-4e-0-4c10cb</PassBranchId>
					<PassBranchId>BRANCH_c2-4e-0-4c10ec</PassBranchId>
					<PassBranchId>BRANCH_c2-4e-0-4c1075</PassBranchId>
					<PassBranchId>BRANCH_c2-4e-0-4c106f</PassBranchId>
					<PassBranchId>BRANCH_c2-4e-0-4c1087</PassBranchId>
					<PassBranchId>BRANCH_c2-4e-0-4c1083</PassBranchId>
					<PassBranchId>BRANCH_c2-4e-0-4c0f89</PassBranchId>
					<PassBranchId>BRANCH_c2-4e-0-4c0f18</PassBranchId>
					<PassBranchId>BRANCH_c2-4e-0-4c0f88</PassBranchId>
					<PassBranchId>BRANCH_c2-4e-0-4c0e97</PassBranchId>
					<PassBranchId>BRANCH_c2-4e-0-4c10ce</PassBranchId>
					<PassBranchId>BRANCH_c2-4e-0-4c0e9b</PassBranchId>
					<PassBranchId>BRANCH_c2-4e-0-4c10f5</PassBranchId>
					<PassBranchId>BRANCH_c2-4e-0-4c0dfa</PassBranchId>
					<EndBranchPosition id="BR_POS_1052" branchId="BRANCH_c2-4e-0-4c0f1c" branchNodeId="BN_18448-168" offset="0"/>
				</BranchRoute>
			</WiringItem>
		</WiringItem>
		<WiringItem xsi:type="Bundle" id="BUNDLE_a1-6-0-9d27a" name="TP_VR213A" bundleType="twist">
			<AppRef name="E3.Series" version="2.14.5.0" guid="d1766166-b717-41ef-94e2-991bb1c10672"/>
			<WiringItem xsi:type="Wire" id="WIRE_95-c-0-e6517" name="RR129A" signalId="SIGNAL_2-36-0-3d52" cableType="WIRE-2TAD-0.35" wireName="YE/GY" fromPinId="PIN_b5-18-0-5553" toPinId="PIN_8-18-0-18e5d">
				<AppRef name="E3.Series" version="2.13.7.0" guid="f6128203-c393-4be8-8fc6-cb869f075ef9"/>
				<Property id="PROPERTY_10611" name="WIRE_LENGTH" value="2779"/>
				<Property id="PROPERTY_10612" name="WIRE_END2_MATL" value="(SN)"/>
				<Property id="PROPERTY_10613" name="WIRE_CSA" value="0.35"/>
				<Property id="PROPERTY_10614" name="WIRE_MIN_BEND_RADIUS" value="3.5"/>
				<Property id="PROPERTY_10615" name="WIRE_LEVEL" value="(ALL)"/>
				<Property id="PROPERTY_10616" name="WIRE_DEV_PIN_1" value="C12-B2:10"/>
				<Property id="PROPERTY_10617" name="WIRE_COLOR" value="YE/GY"/>
				<Property id="PROPERTY_10618" name="WIRE_SPEC" value="2TAD"/>
				<Property id="PROPERTY_10619" name="WIRE_END1_MATL" value="(SN)"/>
				<Property id="PROPERTY_10620" name="WIRE_END1_TERM" value="9U5T-14474-DB"/>
				<Property id="PROPERTY_10621" name="WIRE_DEV_PIN_2" value="C2R114-A:17"/>
				<Property id="PROPERTY_10622" name="WIRE_NAME" value="RR129A"/>
				<Property id="PROPERTY_10623" name="WIRE_END2_TERM" value="8U5T-14474-BB"/>
				<Property id="PROPERTY_10624" name="WIRE_SIGNAL" value="RR129"/>
				<Property id="PROPERTY_10625" name="HRN_FAMILY" value="14401"/>
				<Property id="PROPERTY_10626" name="WIRE_MULTICORE" value="TP_VR213A"/>
				<Property id="PROPERTY_10627" name="WIRE_FPN" value="WIRE-2TAD-0.35-YE/GY"/>
				<Property id="PROPERTY_10628" name="WIRE_DIA_MAX" value="1.4"/>
				<BranchRoute id="BRR_425">
					<StartBranchPosition id="BR_POS_1113" branchId="BRANCH_c2-4e-0-4c0f20" branchNodeId="BN_17896-236" offset="0"/>
					<PassBranchId>BRANCH_c2-4e-0-4c0dfd</PassBranchId>
					<PassBranchId>BRANCH_c2-4e-0-4c0f1f</PassBranchId>
					<PassBranchId>BRANCH_c2-4e-0-4c0ff5</PassBranchId>
					<PassBranchId>BRANCH_c2-4e-0-4c0ff2</PassBranchId>
					<PassBranchId>BRANCH_c2-4e-0-4c0d34</PassBranchId>
					<PassBranchId>BRANCH_c2-4e-0-4c0fef</PassBranchId>
					<PassBranchId>BRANCH_c2-4e-0-4c0e9b</PassBranchId>
					<PassBranchId>BRANCH_c2-4e-0-4c10ce</PassBranchId>
					<PassBranchId>BRANCH_c2-4e-0-4c0e97</PassBranchId>
					<PassBranchId>BRANCH_c2-4e-0-4c0f88</PassBranchId>
					<PassBranchId>BRANCH_c2-4e-0-4c0f18</PassBranchId>
					<PassBranchId>BRANCH_c2-4e-0-4c0f89</PassBranchId>
					<PassBranchId>BRANCH_c2-4e-0-4c1083</PassBranchId>
					<PassBranchId>BRANCH_c2-4e-0-4c1087</PassBranchId>
					<PassBranchId>BRANCH_c2-4e-0-4c106f</PassBranchId>
					<PassBranchId>BRANCH_c2-4e-0-4c1075</PassBranchId>
					<PassBranchId>BRANCH_c2-4e-0-4c0de4</PassBranchId>
					<PassBranchId>BRANCH_1a-4e-0-18e01d0</PassBranchId>
					<PassBranchId>BRANCH_c2-4e-0-4c10c8</PassBranchId>
					<PassBranchId>BRANCH_eb-4e-0-678fca</PassBranchId>
					<PassBranchId>BRANCH_c2-4e-0-4c0e87</PassBranchId>
					<PassBranchId>BRANCH_c2-4e-0-4c0e8c</PassBranchId>
					<PassBranchId>BRANCH_c2-4e-0-4c0e7f</PassBranchId>
					<PassBranchId>BRANCH_c2-4e-0-4c0ef9</PassBranchId>
					<PassBranchId>BRANCH_c2-4e-0-4c0e70</PassBranchId>
					<PassBranchId>BRANCH_c2-4e-0-4c0d66</PassBranchId>
					<PassBranchId>BRANCH_c2-4e-0-4c0fe2</PassBranchId>
					<PassBranchId>BRANCH_c2-4e-0-4c0d5d</PassBranchId>
					<PassBranchId>BRANCH_c2-4e-0-4c0e62</PassBranchId>
					<EndBranchPosition id="BR_POS_1114" branchId="BRANCH_c2-4e-0-4c0d54" branchNodeId="BN_21712-184" offset="0"/>
				</BranchRoute>
			</WiringItem>
			<WiringItem xsi:type="Wire" id="WIRE_95-c-0-e64ff" name="VR213A" signalId="SIGNAL_2-36-0-424a" cableType="WIRE-2TAD-0.35" wireName="VT/GN" fromPinId="PIN_b5-18-0-5551" toPinId="PIN_8-18-0-18e65">
				<AppRef name="E3.Series" version="2.13.7.0" guid="87556a8e-7aba-4d16-b37b-c61a5ebd5539"/>
				<Property id="PROPERTY_10629" name="WIRE_LENGTH" value="2779"/>
				<Property id="PROPERTY_10630" name="WIRE_END2_MATL" value="(SN)"/>
				<Property id="PROPERTY_10631" name="WIRE_CSA" value="0.35"/>
				<Property id="PROPERTY_10632" name="WIRE_MIN_BEND_RADIUS" value="3.5"/>
				<Property id="PROPERTY_10633" name="WIRE_LEVEL" value="(ALL)"/>
				<Property id="PROPERTY_10634" name="WIRE_DEV_PIN_1" value="C12-B2:9"/>
				<Property id="PROPERTY_10635" name="WIRE_COLOR" value="VT/GN"/>
				<Property id="PROPERTY_10636" name="WIRE_SPEC" value="2TAD"/>
				<Property id="PROPERTY_10637" name="WIRE_END1_MATL" value="(SN)"/>
				<Property id="PROPERTY_10638" name="WIRE_END1_TERM" value="9U5T-14474-DB"/>
				<Property id="PROPERTY_10639" name="WIRE_DEV_PIN_2" value="C2R114-A:18"/>
				<Property id="PROPERTY_10640" name="WIRE_NAME" value="VR213A"/>
				<Property id="PROPERTY_10641" name="WIRE_END2_TERM" value="8U5T-14474-BB"/>
				<Property id="PROPERTY_10642" name="WIRE_SIGNAL" value="VR213"/>
				<Property id="PROPERTY_10643" name="HRN_FAMILY" value="14401"/>
				<Property id="PROPERTY_10644" name="WIRE_MULTICORE" value="TP_VR213A"/>
				<Property id="PROPERTY_10645" name="WIRE_FPN" value="WIRE-2TAD-0.35-VT/GN"/>
				<Property id="PROPERTY_10646" name="WIRE_DIA_MAX" value="1.4"/>
				<BranchRoute id="BRR_426">
					<StartBranchPosition id="BR_POS_1115" branchId="BRANCH_c2-4e-0-4c0f20" branchNodeId="BN_17896-236" offset="0"/>
					<PassBranchId>BRANCH_c2-4e-0-4c0dfd</PassBranchId>
					<PassBranchId>BRANCH_c2-4e-0-4c0f1f</PassBranchId>
					<PassBranchId>BRANCH_c2-4e-0-4c0ff5</PassBranchId>
					<PassBranchId>BRANCH_c2-4e-0-4c0ff2</PassBranchId>
					<PassBranchId>BRANCH_c2-4e-0-4c0d34</PassBranchId>
					<PassBranchId>BRANCH_c2-4e-0-4c0fef</PassBranchId>
					<PassBranchId>BRANCH_c2-4e-0-4c0e9b</PassBranchId>
					<PassBranchId>BRANCH_c2-4e-0-4c10ce</PassBranchId>
					<PassBranchId>BRANCH_c2-4e-0-4c0e97</PassBranchId>
					<PassBranchId>BRANCH_c2-4e-0-4c0f88</PassBranchId>
					<PassBranchId>BRANCH_c2-4e-0-4c0f18</PassBranchId>
					<PassBranchId>BRANCH_c2-4e-0-4c0f89</PassBranchId>
					<PassBranchId>BRANCH_c2-4e-0-4c1083</PassBranchId>
					<PassBranchId>BRANCH_c2-4e-0-4c1087</PassBranchId>
					<PassBranchId>BRANCH_c2-4e-0-4c106f</PassBranchId>
					<PassBranchId>BRANCH_c2-4e-0-4c1075</PassBranchId>
					<PassBranchId>BRANCH_c2-4e-0-4c0de4</PassBranchId>
					<PassBranchId>BRANCH_1a-4e-0-18e01d0</PassBranchId>
					<PassBranchId>BRANCH_c2-4e-0-4c10c8</PassBranchId>
					<PassBranchId>BRANCH_eb-4e-0-678fca</PassBranchId>
					<PassBranchId>BRANCH_c2-4e-0-4c0e87</PassBranchId>
					<PassBranchId>BRANCH_c2-4e-0-4c0e8c</PassBranchId>
					<PassBranchId>BRANCH_c2-4e-0-4c0e7f</PassBranchId>
					<PassBranchId>BRANCH_c2-4e-0-4c0ef9</PassBranchId>
					<PassBranchId>BRANCH_c2-4e-0-4c0e70</PassBranchId>
					<PassBranchId>BRANCH_c2-4e-0-4c0d66</PassBranchId>
					<PassBranchId>BRANCH_c2-4e-0-4c0fe2</PassBranchId>
					<PassBranchId>BRANCH_c2-4e-0-4c0d5d</PassBranchId>
					<PassBranchId>BRANCH_c2-4e-0-4c0e62</PassBranchId>
					<EndBranchPosition id="BR_POS_1116" branchId="BRANCH_c2-4e-0-4c0d54" branchNodeId="BN_21712-184" offset="0"/>
				</BranchRoute>
			</WiringItem>
		</WiringItem>
		<WiringItem xsi:type="Bundle" id="BUNDLE_c4-6-0-405798" name="TP_TA_VDB49EVB" bundleType="twist">
			<AppRef name="E3.Series" version="2.14.5.0" guid="2c470d90-1e68-48b2-9621-16c66ce17424"/>
			<WiringItem xsi:type="Wire" id="WIRE_c4-c-0-40560c" name="VDB49EVB" signalId="SIGNAL_18-36-0-251cb5" cableType="WIRE-2UKD-0.35" wireName="YE/OG" fromPinId="PIN_c4-18-0-404d19" toPinId="PIN_b5-18-0-5541">
				<AppRef name="E3.Series" version="2.14.0.0" guid="3201178c-b983-460f-aaee-8d1a76d8e012"/>
				<Property id="PROPERTY_13009" name="WIRE_MC_03_SPOT" value="ESKU5T-1A303-AA(A10Y00)"/>
				<Property id="PROPERTY_13010" name="WIRE_MC_03_SPOT" value="ESKU5T-1A303-AA(A10Y00)"/>
				<Property id="PROPERTY_13011" name="WIRE_LENGTH" value="1806"/>
				<Property id="PROPERTY_13012" name="WIRE_CSA" value="0.35"/>
				<Property id="PROPERTY_13013" name="WIRE_MIN_BEND_RADIUS" value="3"/>
				<Property id="PROPERTY_13014" name="WIRE_OPTION" value="HT2AC"/>
				<Property id="PROPERTY_13015" name="WIRE_DEV_PIN_1" value="C2LF44EV:4"/>
				<Property id="PROPERTY_13016" name="WIRE_COLOR" value="YE/OG"/>
				<Property id="PROPERTY_13017" name="WIRE_SPEC" value="2UKD"/>
				<Property id="PROPERTY_13018" name="WIRE_END1_MATL" value="(SN)"/>
				<Property id="PROPERTY_13019" name="WIRE_LEVEL" value="(BEV)"/>
				<Property id="PROPERTY_13020" name="WIRE_END1_TERM" value="DU5T-14474-BA"/>
				<Property id="PROPERTY_13021" name="WIRE_DEV_PIN_2" value="C12-B2:1"/>
				<Property id="PROPERTY_13022" name="WIRE_NAME" value="VDB49EVB"/>
				<Property id="PROPERTY_13023" name="WIRE_END_DC" value="2,9U5T-14474-MA,(SN),(BEV),VDB49EVBB"/>
				<Property id="PROPERTY_13024" name="WIRE_SIGNAL" value="VDB49"/>
				<Property id="PROPERTY_13025" name="HRN_FAMILY" value="14401"/>
				<Property id="PROPERTY_13026" name="WIRE_MULTICORE" value="TP_TA_VDB49EVB"/>
				<Property id="PROPERTY_13027" name="WIRE_FPN" value="WIRE-2UKD-0.35-YE/OG"/>
				<Property id="PROPERTY_13028" name="WIRE_DIA_MAX" value="1.2"/>
				<Option id="OPTION_c4-c-0-40560c_1" value="HT2AC"/>
				<BranchRoute id="BRR_558">
					<StartBranchPosition id="BR_POS_1379" branchId="BRANCH_34-4e-0-81674d" branchNodeId="BN_8848-168" offset="0"/>
					<PassBranchId>BRANCH_34-4e-0-821a96</PassBranchId>
					<PassBranchId>BRANCH_34-4e-0-816749</PassBranchId>
					<PassBranchId>BRANCH_34-4e-0-816744</PassBranchId>
					<PassBranchId>BRANCH_34-4e-0-814498</PassBranchId>
					<PassBranchId>BRANCH_c2-4e-0-4c0fb4</PassBranchId>
					<PassBranchId>BRANCH_c2-4e-0-4c0f7e</PassBranchId>
					<PassBranchId>BRANCH_c2-4e-0-4c1005</PassBranchId>
					<PassBranchId>BRANCH_c2-4e-0-4c0f45</PassBranchId>
					<PassBranchId>BRANCH_c2-4e-0-4c0dea</PassBranchId>
					<PassBranchId>BRANCH_c2-4e-0-4c0fd1</PassBranchId>
					<PassBranchId>BRANCH_c2-4e-0-4c0fe8</PassBranchId>
					<PassBranchId>BRANCH_c2-4e-0-4c1009</PassBranchId>
					<PassBranchId>BRANCH_c2-4e-0-4c10cb</PassBranchId>
					<PassBranchId>BRANCH_c2-4e-0-4c10ec</PassBranchId>
					<PassBranchId>BRANCH_c2-4e-0-4c0de4</PassBranchId>
					<PassBranchId>BRANCH_1a-4e-0-18e01d0</PassBranchId>
					<PassBranchId>BRANCH_c2-4e-0-4c10c8</PassBranchId>
					<PassBranchId>BRANCH_eb-4e-0-678fca</PassBranchId>
					<PassBranchId>BRANCH_c2-4e-0-4c0e87</PassBranchId>
					<PassBranchId>BRANCH_c2-4e-0-4c0e8c</PassBranchId>
					<PassBranchId>BRANCH_c2-4e-0-4c0e7f</PassBranchId>
					<PassBranchId>BRANCH_c2-4e-0-4c0ef9</PassBranchId>
					<PassBranchId>BRANCH_c2-4e-0-4c0e70</PassBranchId>
					<PassBranchId>BRANCH_c2-4e-0-4c0d66</PassBranchId>
					<PassBranchId>BRANCH_c2-4e-0-4c0fe2</PassBranchId>
					<PassBranchId>BRANCH_c2-4e-0-4c0d5d</PassBranchId>
					<PassBranchId>BRANCH_c2-4e-0-4c0e62</PassBranchId>
					<EndBranchPosition id="BR_POS_1380" branchId="BRANCH_c2-4e-0-4c0d54" branchNodeId="BN_21712-184" offset="0"/>
				</BranchRoute>
			</WiringItem>
			<WiringItem xsi:type="Wire" id="WIRE_c4-c-0-40563c" name="VDB50EVB" signalId="SIGNAL_18-36-0-251cc2" cableType="WIRE-2UKD-0.35" wireName="BU/OG" fromPinId="PIN_c4-18-0-404d36" toPinId="PIN_b5-18-0-5543">
				<AppRef name="E3.Series" version="2.14.0.0" guid="51f4d497-1a79-4195-bc9c-5e5d0b53f05d"/>
				<Property id="PROPERTY_13029" name="WIRE_MC_03_SPOT" value="ESKU5T-1A303-AA(A10Y00)"/>
				<Property id="PROPERTY_13030" name="WIRE_MC_03_SPOT" value="ESKU5T-1A303-AA(A10Y00)"/>
				<Property id="PROPERTY_13031" name="WIRE_LENGTH" value="1806"/>
				<Property id="PROPERTY_13032" name="WIRE_CSA" value="0.35"/>
				<Property id="PROPERTY_13033" name="WIRE_MIN_BEND_RADIUS" value="3"/>
				<Property id="PROPERTY_13034" name="WIRE_OPTION" value="HT2AC"/>
				<Property id="PROPERTY_13035" name="WIRE_DEV_PIN_1" value="C2LF44EV:12"/>
				<Property id="PROPERTY_13036" name="WIRE_COLOR" value="BU/OG"/>
				<Property id="PROPERTY_13037" name="WIRE_SPEC" value="2UKD"/>
				<Property id="PROPERTY_13038" name="WIRE_END1_MATL" value="(SN)"/>
				<Property id="PROPERTY_13039" name="WIRE_LEVEL" value="(BEV)"/>
				<Property id="PROPERTY_13040" name="WIRE_END1_TERM" value="DU5T-14474-BA"/>
				<Property id="PROPERTY_13041" name="WIRE_DEV_PIN_2" value="C12-B2:2"/>
				<Property id="PROPERTY_13042" name="WIRE_NAME" value="VDB50EVB"/>
				<Property id="PROPERTY_13043" name="WIRE_END_DC" value="2,9U5T-14474-MA,(SN),(BEV),VDB50EVBB"/>
				<Property id="PROPERTY_13044" name="WIRE_SIGNAL" value="VDB50"/>
				<Property id="PROPERTY_13045" name="HRN_FAMILY" value="14401"/>
				<Property id="PROPERTY_13046" name="WIRE_MULTICORE" value="TP_TA_VDB49EVB"/>
				<Property id="PROPERTY_13047" name="WIRE_FPN" value="WIRE-2UKD-0.35-BU/OG"/>
				<Property id="PROPERTY_13048" name="WIRE_DIA_MAX" value="1.2"/>
				<Option id="OPTION_c4-c-0-40563c_1" value="HT2AC"/>
				<BranchRoute id="BRR_559">
					<StartBranchPosition id="BR_POS_1381" branchId="BRANCH_34-4e-0-81674d" branchNodeId="BN_8848-168" offset="0"/>
					<PassBranchId>BRANCH_34-4e-0-821a96</PassBranchId>
					<PassBranchId>BRANCH_34-4e-0-816749</PassBranchId>
					<PassBranchId>BRANCH_34-4e-0-816744</PassBranchId>
					<PassBranchId>BRANCH_34-4e-0-814498</PassBranchId>
					<PassBranchId>BRANCH_c2-4e-0-4c0fb4</PassBranchId>
					<PassBranchId>BRANCH_c2-4e-0-4c0f7e</PassBranchId>
					<PassBranchId>BRANCH_c2-4e-0-4c1005</PassBranchId>
					<PassBranchId>BRANCH_c2-4e-0-4c0f45</PassBranchId>
					<PassBranchId>BRANCH_c2-4e-0-4c0dea</PassBranchId>
					<PassBranchId>BRANCH_c2-4e-0-4c0fd1</PassBranchId>
					<PassBranchId>BRANCH_c2-4e-0-4c0fe8</PassBranchId>
					<PassBranchId>BRANCH_c2-4e-0-4c1009</PassBranchId>
					<PassBranchId>BRANCH_c2-4e-0-4c10cb</PassBranchId>
					<PassBranchId>BRANCH_c2-4e-0-4c10ec</PassBranchId>
					<PassBranchId>BRANCH_c2-4e-0-4c0de4</PassBranchId>
					<PassBranchId>BRANCH_1a-4e-0-18e01d0</PassBranchId>
					<PassBranchId>BRANCH_c2-4e-0-4c10c8</PassBranchId>
					<PassBranchId>BRANCH_eb-4e-0-678fca</PassBranchId>
					<PassBranchId>BRANCH_c2-4e-0-4c0e87</PassBranchId>
					<PassBranchId>BRANCH_c2-4e-0-4c0e8c</PassBranchId>
					<PassBranchId>BRANCH_c2-4e-0-4c0e7f</PassBranchId>
					<PassBranchId>BRANCH_c2-4e-0-4c0ef9</PassBranchId>
					<PassBranchId>BRANCH_c2-4e-0-4c0e70</PassBranchId>
					<PassBranchId>BRANCH_c2-4e-0-4c0d66</PassBranchId>
					<PassBranchId>BRANCH_c2-4e-0-4c0fe2</PassBranchId>
					<PassBranchId>BRANCH_c2-4e-0-4c0d5d</PassBranchId>
					<PassBranchId>BRANCH_c2-4e-0-4c0e62</PassBranchId>
					<EndBranchPosition id="BR_POS_1382" branchId="BRANCH_c2-4e-0-4c0d54" branchNodeId="BN_21712-184" offset="0"/>
				</BranchRoute>
			</WiringItem>
		</WiringItem>
		<WiringItem xsi:type="Bundle" id="BUNDLE_df-6-0-5762aa" name="TP_TA_VDB49EVBB" bundleType="twist">
			<AppRef name="E3.Series" version="2.14.5.0" guid="86e0c66c-5353-480a-866a-4c0931ec6190"/>
			<WiringItem xsi:type="Wire" id="WIRE_df-c-0-57401b" name="VDB49EVBB" signalId="SIGNAL_18-36-0-251cb5" cableType="WIRE-2UKD-0.35" wireName="YE/OG" fromPinId="PIN_f7-1e-0-12cd14" toPinId="PIN_b5-18-0-5541">
				<AppRef name="E3.Series" version="2.14.0.0" guid="b793a985-e2db-4c4a-8aa8-58b85271683c"/>
				<Property id="PROPERTY_13049" name="WIRE_MC_03_SPOT" value="ESKU5T-1A303-AA(A10Y00)"/>
				<Property id="PROPERTY_13050" name="WIRE_MC_03_SPOT" value="ESKU5T-1A303-AA(A10Y00)"/>
				<Property id="PROPERTY_13051" name="WIRE_LENGTH" value="1349"/>
				<Property id="PROPERTY_13052" name="WIRE_CSA" value="0.35"/>
				<Property id="PROPERTY_13053" name="WIRE_MIN_BEND_RADIUS" value="3"/>
				<Property id="PROPERTY_13054" name="WIRE_OPTION" value="HT2AC"/>
				<Property id="PROPERTY_13055" name="WIRE_DEV_PIN_1" value="S2DB49-X:1"/>
				<Property id="PROPERTY_13056" name="WIRE_COLOR" value="YE/OG"/>
				<Property id="PROPERTY_13057" name="WIRE_SPEC" value="2UKD"/>
				<Property id="PROPERTY_13058" name="WIRE_LEVEL" value="(BEV)"/>
				<Property id="PROPERTY_13059" name="WIRE_DEV_PIN_2" value="C12-B2:1"/>
				<Property id="PROPERTY_13060" name="WIRE_NAME" value="VDB49EVBB"/>
				<Property id="PROPERTY_13061" name="WIRE_END_DC" value="2,9U5T-14474-MA,(SN),(BEV),VDB49EVB"/>
				<Property id="PROPERTY_13062" name="WIRE_SIGNAL" value="VDB49"/>
				<Property id="PROPERTY_13063" name="HRN_FAMILY" value="14401"/>
				<Property id="PROPERTY_13064" name="WIRE_MULTICORE" value="TP_TA_VDB49EVBB"/>
				<Property id="PROPERTY_13065" name="WIRE_FPN" value="WIRE-2UKD-0.35-YE/OG"/>
				<Property id="PROPERTY_13066" name="WIRE_DIA_MAX" value="1.2"/>
				<Option id="OPTION_df-c-0-57401b_1" value="HT2AC"/>
				<BranchRoute id="BRR_560">
					<StartBranchPosition id="BR_POS_1383" branchId="BRANCH_c2-4e-0-4c0fd4" branchNodeId="BN_16352-384" offset="0"/>
					<PassBranchId>BRANCH_c2-4e-0-4c0fe8</PassBranchId>
					<PassBranchId>BRANCH_c2-4e-0-4c1009</PassBranchId>
					<PassBranchId>BRANCH_c2-4e-0-4c10cb</PassBranchId>
					<PassBranchId>BRANCH_c2-4e-0-4c10ec</PassBranchId>
					<PassBranchId>BRANCH_c2-4e-0-4c0de4</PassBranchId>
					<PassBranchId>BRANCH_1a-4e-0-18e01d0</PassBranchId>
					<PassBranchId>BRANCH_c2-4e-0-4c10c8</PassBranchId>
					<PassBranchId>BRANCH_eb-4e-0-678fca</PassBranchId>
					<PassBranchId>BRANCH_c2-4e-0-4c0e87</PassBranchId>
					<PassBranchId>BRANCH_c2-4e-0-4c0e8c</PassBranchId>
					<PassBranchId>BRANCH_c2-4e-0-4c0e7f</PassBranchId>
					<PassBranchId>BRANCH_c2-4e-0-4c0ef9</PassBranchId>
					<PassBranchId>BRANCH_c2-4e-0-4c0e70</PassBranchId>
					<PassBranchId>BRANCH_c2-4e-0-4c0d66</PassBranchId>
					<PassBranchId>BRANCH_c2-4e-0-4c0fe2</PassBranchId>
					<PassBranchId>BRANCH_c2-4e-0-4c0d5d</PassBranchId>
					<PassBranchId>BRANCH_c2-4e-0-4c0e62</PassBranchId>
					<EndBranchPosition id="BR_POS_1384" branchId="BRANCH_c2-4e-0-4c0d54" branchNodeId="BN_21712-184" offset="0"/>
				</BranchRoute>
			</WiringItem>
			<WiringItem xsi:type="Wire" id="WIRE_df-c-0-571d4a" name="VDB50EVBB" signalId="SIGNAL_18-36-0-251cc2" cableType="WIRE-2UKD-0.35" wireName="BU/OG" fromPinId="PIN_f7-1e-0-12cd18" toPinId="PIN_b5-18-0-5543">
				<AppRef name="E3.Series" version="2.14.0.0" guid="e3023c52-7c0b-47e1-8f2d-f1bd109f0311"/>
				<Property id="PROPERTY_13067" name="WIRE_MC_03_SPOT" value="ESKU5T-1A303-AA(A10Y00)"/>
				<Property id="PROPERTY_13068" name="WIRE_MC_03_SPOT" value="ESKU5T-1A303-AA(A10Y00)"/>
				<Property id="PROPERTY_13069" name="WIRE_LENGTH" value="1349"/>
				<Property id="PROPERTY_13070" name="WIRE_CSA" value="0.35"/>
				<Property id="PROPERTY_13071" name="WIRE_MIN_BEND_RADIUS" value="3"/>
				<Property id="PROPERTY_13072" name="WIRE_OPTION" value="HT2AC"/>
				<Property id="PROPERTY_13073" name="WIRE_DEV_PIN_1" value="S2DB50-X:1"/>
				<Property id="PROPERTY_13074" name="WIRE_COLOR" value="BU/OG"/>
				<Property id="PROPERTY_13075" name="WIRE_SPEC" value="2UKD"/>
				<Property id="PROPERTY_13076" name="WIRE_LEVEL" value="(BEV)"/>
				<Property id="PROPERTY_13077" name="WIRE_DEV_PIN_2" value="C12-B2:2"/>
				<Property id="PROPERTY_13078" name="WIRE_NAME" value="VDB50EVBB"/>
				<Property id="PROPERTY_13079" name="WIRE_END_DC" value="2,9U5T-14474-MA,(SN),(BEV),VDB50EVB"/>
				<Property id="PROPERTY_13080" name="WIRE_SIGNAL" value="VDB50"/>
				<Property id="PROPERTY_13081" name="HRN_FAMILY" value="14401"/>
				<Property id="PROPERTY_13082" name="WIRE_MULTICORE" value="TP_TA_VDB49EVBB"/>
				<Property id="PROPERTY_13083" name="WIRE_FPN" value="WIRE-2UKD-0.35-BU/OG"/>
				<Property id="PROPERTY_13084" name="WIRE_DIA_MAX" value="1.2"/>
				<Option id="OPTION_df-c-0-571d4a_1" value="HT2AC"/>
				<BranchRoute id="BRR_561">
					<StartBranchPosition id="BR_POS_1385" branchId="BRANCH_c2-4e-0-4c0fd8" branchNodeId="BN_16400-384" offset="0"/>
					<PassBranchId>BRANCH_c2-4e-0-4c0fe8</PassBranchId>
					<PassBranchId>BRANCH_c2-4e-0-4c1009</PassBranchId>
					<PassBranchId>BRANCH_c2-4e-0-4c10cb</PassBranchId>
					<PassBranchId>BRANCH_c2-4e-0-4c10ec</PassBranchId>
					<PassBranchId>BRANCH_c2-4e-0-4c0de4</PassBranchId>
					<PassBranchId>BRANCH_1a-4e-0-18e01d0</PassBranchId>
					<PassBranchId>BRANCH_c2-4e-0-4c10c8</PassBranchId>
					<PassBranchId>BRANCH_eb-4e-0-678fca</PassBranchId>
					<PassBranchId>BRANCH_c2-4e-0-4c0e87</PassBranchId>
					<PassBranchId>BRANCH_c2-4e-0-4c0e8c</PassBranchId>
					<PassBranchId>BRANCH_c2-4e-0-4c0e7f</PassBranchId>
					<PassBranchId>BRANCH_c2-4e-0-4c0ef9</PassBranchId>
					<PassBranchId>BRANCH_c2-4e-0-4c0e70</PassBranchId>
					<PassBranchId>BRANCH_c2-4e-0-4c0d66</PassBranchId>
					<PassBranchId>BRANCH_c2-4e-0-4c0fe2</PassBranchId>
					<PassBranchId>BRANCH_c2-4e-0-4c0d5d</PassBranchId>
					<PassBranchId>BRANCH_c2-4e-0-4c0e62</PassBranchId>
					<EndBranchPosition id="BR_POS_1386" branchId="BRANCH_c2-4e-0-4c0d54" branchNodeId="BN_21712-184" offset="0"/>
				</BranchRoute>
			</WiringItem>
		</WiringItem>
		<WiringItem xsi:type="Bundle" id="BUNDLE_df-6-0-56abe7" name="TP_TA_VDB49EVG" bundleType="twist">
			<AppRef name="E3.Series" version="2.14.5.0" guid="54eb5404-a182-4466-bbd7-afd125b4dc50"/>
			<WiringItem xsi:type="Wire" id="WIRE_df-c-0-569684" name="VDB49EVG" signalId="SIGNAL_18-36-0-251cb5" cableType="WIRE-2UKD-0.35" wireName="YE/OG" fromPinId="PIN_95-18-0-8c7890" toPinId="PIN_10-1e-0-3d9d6b">
				<AppRef name="E3.Series" version="2.14.0.0" guid="b3e7c239-6ac0-42eb-89af-d6b12a03f46a"/>
				<Property id="PROPERTY_13085" name="WIRE_MC_03_SPOT" value="ESKU5T-1A303-AA(A10Y00)"/>
				<Property id="PROPERTY_13086" name="WIRE_MC_03_SPOT" value="ESKU5T-1A303-AA(A10Y00)"/>
				<Property id="PROPERTY_13087" name="WIRE_LENGTH" value="196"/>
				<Property id="PROPERTY_13088" name="WIRE_CSA" value="0.35"/>
				<Property id="PROPERTY_13089" name="WIRE_MIN_BEND_RADIUS" value="3"/>
				<Property id="PROPERTY_13090" name="WIRE_OPTION" value="HT2AC &amp; HLNAF"/>
				<Property id="PROPERTY_13091" name="WIRE_DEV_PIN_1" value="C2DB05-EVA:2"/>
				<Property id="PROPERTY_13092" name="WIRE_COLOR" value="YE/OG"/>
				<Property id="PROPERTY_13093" name="WIRE_SPEC" value="2UKD"/>
				<Property id="PROPERTY_13094" name="WIRE_LEVEL" value="ZA/ZB/ZC"/>
				<Property id="PROPERTY_13095" name="WIRE_DEV_PIN_2" value="S2DB49-DM:1"/>
				<Property id="PROPERTY_13096" name="WIRE_NAME" value="VDB49EVG"/>
				<Property id="PROPERTY_13097" name="WIRE_END_DC" value="1,*1X4T-14474-BA,,ZA/ZB/ZC,VDB49EVH"/>
				<Property id="PROPERTY_13098" name="WIRE_SIGNAL" value="VDB49"/>
				<Property id="PROPERTY_13099" name="HRN_FAMILY" value="14401"/>
				<Property id="PROPERTY_13100" name="WIRE_MULTICORE" value="TP_TA_VDB49EVG"/>
				<Property id="PROPERTY_13101" name="WIRE_FPN" value="WIRE-2UKD-0.35-YE/OG"/>
				<Property id="PROPERTY_13102" name="WIRE_DIA_MAX" value="1.2"/>
				<Option id="OPTION_df-c-0-569684_1" value="HT2AC &amp; HLNAF"/>
				<BranchRoute id="BRR_562">
					<StartBranchPosition id="BR_POS_1387" branchId="BRANCH_36-4e-0-65ae7f" branchNodeId="BN_6856-336" offset="0"/>
					<PassBranchId>BRANCH_35-4e-0-30adeb</PassBranchId>
					<PassBranchId>BRANCH_c2-4e-0-4c0fce</PassBranchId>
					<PassBranchId>BRANCH_c2-4e-0-4c0d1d</PassBranchId>
					<PassBranchId>BRANCH_c2-4e-0-4c0d20</PassBranchId>
					<EndBranchPosition id="BR_POS_1388" branchId="BRANCH_c2-4e-0-4c0d22" branchNodeId="BN_6903_9-126_058" offset="0"/>
				</BranchRoute>
			</WiringItem>
			<WiringItem xsi:type="Wire" id="WIRE_df-c-0-5558d4" name="VDB50EVG" signalId="SIGNAL_18-36-0-251cc2" cableType="WIRE-2UKD-0.35" wireName="BU/OG" fromPinId="PIN_10-1e-0-3d9d6f" toPinId="PIN_95-18-0-8c788b">
				<AppRef name="E3.Series" version="2.14.0.0" guid="c856dc49-9fe1-473c-b80f-36f6f4f167ff"/>
				<Property id="PROPERTY_13103" name="WIRE_MC_03_SPOT" value="ESKU5T-1A303-AA(A10Y00)"/>
				<Property id="PROPERTY_13104" name="WIRE_MC_03_SPOT" value="ESKU5T-1A303-AA(A10Y00)"/>
				<Property id="PROPERTY_13105" name="WIRE_LENGTH" value="277"/>
				<Property id="PROPERTY_13106" name="WIRE_CSA" value="0.35"/>
				<Property id="PROPERTY_13107" name="WIRE_MIN_BEND_RADIUS" value="3"/>
				<Property id="PROPERTY_13108" name="WIRE_OPTION" value="HT2AC &amp; HLNAF"/>
				<Property id="PROPERTY_13109" name="WIRE_DEV_PIN_1" value="S2DB50-DM:1"/>
				<Property id="PROPERTY_13110" name="WIRE_COLOR" value="BU/OG"/>
				<Property id="PROPERTY_13111" name="WIRE_SPEC" value="2UKD"/>
				<Property id="PROPERTY_13112" name="WIRE_LEVEL" value="ZA/ZB/ZC"/>
				<Property id="PROPERTY_13113" name="WIRE_DEV_PIN_2" value="C2DB05-EVA:10"/>
				<Property id="PROPERTY_13114" name="WIRE_NAME" value="VDB50EVG"/>
				<Property id="PROPERTY_13115" name="WIRE_END_DC" value="2,*1X4T-14474-BA,,ZA/ZB/ZC,VDB50EVH"/>
				<Property id="PROPERTY_13116" name="WIRE_SIGNAL" value="VDB50"/>
				<Property id="PROPERTY_13117" name="HRN_FAMILY" value="14401"/>
				<Property id="PROPERTY_13118" name="WIRE_MULTICORE" value="TP_TA_VDB49EVG"/>
				<Property id="PROPERTY_13119" name="WIRE_FPN" value="WIRE-2UKD-0.35-BU/OG"/>
				<Property id="PROPERTY_13120" name="WIRE_DIA_MAX" value="1.2"/>
				<Option id="OPTION_df-c-0-5558d4_1" value="HT2AC &amp; HLNAF"/>
				<BranchRoute id="BRR_563">
					<StartBranchPosition id="BR_POS_1389" branchId="BRANCH_36-4e-0-65ae7f" branchNodeId="BN_6856-336" offset="0"/>
					<PassBranchId>BRANCH_35-4e-0-30adeb</PassBranchId>
					<PassBranchId>BRANCH_c2-4e-0-4c0fce</PassBranchId>
					<PassBranchId>BRANCH_c2-4e-0-4c0d1d</PassBranchId>
					<PassBranchId>BRANCH_35-4e-0-2efaf8</PassBranchId>
					<PassBranchId>BRANCH_c2-4e-0-4c10c0</PassBranchId>
					<PassBranchId>BRANCH_c2-4e-0-4c0d24</PassBranchId>
					<EndBranchPosition id="BR_POS_1390" branchId="BRANCH_c2-4e-0-4c0d26" branchNodeId="BN_6951_9-126_058" offset="0"/>
				</BranchRoute>
			</WiringItem>
		</WiringItem>
		<WiringItem xsi:type="Bundle" id="BUNDLE_df-6-0-56c6d2" name="TP_TA_VDB49EVH" bundleType="twist">
			<AppRef name="E3.Series" version="2.14.5.0" guid="ab55db82-d2e6-49e1-9f7d-1b0b2d983679"/>
			<WiringItem xsi:type="Wire" id="WIRE_df-c-0-56ae7d" name="VDB49EVH" signalId="SIGNAL_18-36-0-251cb5" cableType="WIRE-2UKD-0.35" wireName="YE/OG" fromPinId="PIN_13-18-0-2ceb0e" toPinId="PIN_95-18-0-8c7890">
				<AppRef name="E3.Series" version="2.14.0.0" guid="52d9a4a4-cecc-4fa1-9882-e67e53e5024b"/>
				<Property id="PROPERTY_13121" name="WIRE_MC_03_SPOT" value="ESKU5T-1A303-AA(A10Y00)"/>
				<Property id="PROPERTY_13122" name="WIRE_MC_03_SPOT" value="ESKU5T-1A303-AA(A10Y00)"/>
				<Property id="PROPERTY_13123" name="WIRE_LENGTH" value="1218"/>
				<Property id="PROPERTY_13124" name="WIRE_CSA" value="0.35"/>
				<Property id="PROPERTY_13125" name="WIRE_MIN_BEND_RADIUS" value="3"/>
				<Property id="PROPERTY_13126" name="WIRE_OPTION" value="HT2AC"/>
				<Property id="PROPERTY_13127" name="WIRE_DEV_PIN_1" value="C2DB02-A:4"/>
				<Property id="PROPERTY_13128" name="WIRE_COLOR" value="YE/OG"/>
				<Property id="PROPERTY_13129" name="WIRE_SPEC" value="2UKD"/>
				<Property id="PROPERTY_13130" name="WIRE_END1_MATL" value="(SN)"/>
				<Property id="PROPERTY_13131" name="WIRE_LEVEL" value="(BEV)"/>
				<Property id="PROPERTY_13132" name="WIRE_END1_TERM" value="9U5T-14474-DB"/>
				<Property id="PROPERTY_13133" name="WIRE_DEV_PIN_2" value="C2DB05-EVA:2"/>
				<Property id="PROPERTY_13134" name="WIRE_NAME" value="VDB49EVH"/>
				<Property id="PROPERTY_13135" name="WIRE_END_DC" value="2,*1X4T-14474-BA,,ZA/ZB/ZC,VDB49EVG"/>
				<Property id="PROPERTY_13136" name="WIRE_END_DC" value="2,*1X4T-14474-BA,,ZD/ZE/ZG/ZF,VDB49EVJ"/>
				<Property id="PROPERTY_13137" name="WIRE_SIGNAL" value="VDB49"/>
				<Property id="PROPERTY_13138" name="HRN_FAMILY" value="14401"/>
				<Property id="PROPERTY_13139" name="WIRE_MULTICORE" value="TP_TA_VDB49EVH"/>
				<Property id="PROPERTY_13140" name="WIRE_FPN" value="WIRE-2UKD-0.35-YE/OG"/>
				<Property id="PROPERTY_13141" name="WIRE_DIA_MAX" value="1.2"/>
				<Option id="OPTION_df-c-0-56ae7d_1" value="HT2AC"/>
				<BranchRoute id="BRR_564">
					<StartBranchPosition id="BR_POS_1391" branchId="BRANCH_36-4e-0-65ae7f" branchNodeId="BN_6856-336" offset="0"/>
					<PassBranchId>BRANCH_35-4e-0-30adeb</PassBranchId>
					<PassBranchId>BRANCH_c2-4e-0-4c0fce</PassBranchId>
					<PassBranchId>BRANCH_c2-4e-0-4c0d1d</PassBranchId>
					<PassBranchId>BRANCH_35-4e-0-2efaf8</PassBranchId>
					<PassBranchId>BRANCH_c2-4e-0-4c10c0</PassBranchId>
					<PassBranchId>BRANCH_c2-4e-0-4c0fc8</PassBranchId>
					<PassBranchId>BRANCH_c2-4e-0-4c108d</PassBranchId>
					<PassBranchId>BRANCH_c2-4e-0-4c0d88</PassBranchId>
					<PassBranchId>BRANCH_c2-4e-0-4c109a</PassBranchId>
					<PassBranchId>BRANCH_c2-4e-0-4c0e16</PassBranchId>
					<PassBranchId>BRANCH_c2-4e-0-4c0fcb</PassBranchId>
					<PassBranchId>BRANCH_c2-4e-0-4c0dea</PassBranchId>
					<PassBranchId>BRANCH_c2-4e-0-4c0fd1</PassBranchId>
					<PassBranchId>BRANCH_c2-4e-0-4c0fe8</PassBranchId>
					<PassBranchId>BRANCH_c2-4e-0-4c1009</PassBranchId>
					<PassBranchId>BRANCH_c2-4e-0-4c10cb</PassBranchId>
					<PassBranchId>BRANCH_c2-4e-0-4c10ec</PassBranchId>
					<PassBranchId>BRANCH_c2-4e-0-4c1075</PassBranchId>
					<PassBranchId>BRANCH_c2-4e-0-4c106f</PassBranchId>
					<PassBranchId>BRANCH_c2-4e-0-4c107e</PassBranchId>
					<EndBranchPosition id="BR_POS_1392" branchId="BRANCH_c2-4e-0-4c0f12" branchNodeId="BN_20144-60" offset="0"/>
				</BranchRoute>
			</WiringItem>
			<WiringItem xsi:type="Wire" id="WIRE_df-c-0-56b168" name="VDB50EVH" signalId="SIGNAL_18-36-0-251cc2" cableType="WIRE-2UKD-0.35" wireName="BU/OG" fromPinId="PIN_13-18-0-2ceb32" toPinId="PIN_95-18-0-8c788b">
				<AppRef name="E3.Series" version="2.14.0.0" guid="61f98f05-2c36-4c48-b635-882066b672ed"/>
				<Property id="PROPERTY_13142" name="WIRE_MC_03_SPOT" value="ESKU5T-1A303-AA(A10Y00)"/>
				<Property id="PROPERTY_13143" name="WIRE_MC_03_SPOT" value="ESKU5T-1A303-AA(A10Y00)"/>
				<Property id="PROPERTY_13144" name="WIRE_LENGTH" value="1218"/>
				<Property id="PROPERTY_13145" name="WIRE_CSA" value="0.35"/>
				<Property id="PROPERTY_13146" name="WIRE_MIN_BEND_RADIUS" value="3"/>
				<Property id="PROPERTY_13147" name="WIRE_OPTION" value="HT2AC"/>
				<Property id="PROPERTY_13148" name="WIRE_DEV_PIN_1" value="C2DB02-A:17"/>
				<Property id="PROPERTY_13149" name="WIRE_COLOR" value="BU/OG"/>
				<Property id="PROPERTY_13150" name="WIRE_SPEC" value="2UKD"/>
				<Property id="PROPERTY_13151" name="WIRE_END1_MATL" value="(SN)"/>
				<Property id="PROPERTY_13152" name="WIRE_LEVEL" value="(BEV)"/>
				<Property id="PROPERTY_13153" name="WIRE_END1_TERM" value="9U5T-14474-DB"/>
				<Property id="PROPERTY_13154" name="WIRE_DEV_PIN_2" value="C2DB05-EVA:10"/>
				<Property id="PROPERTY_13155" name="WIRE_NAME" value="VDB50EVH"/>
				<Property id="PROPERTY_13156" name="WIRE_END_DC" value="2,*1X4T-14474-BA,,ZA/ZB/ZC,VDB50EVG"/>
				<Property id="PROPERTY_13157" name="WIRE_END_DC" value="2,*1X4T-14474-BA,,ZD/ZE/ZG/ZF,VDB50EVJ"/>
				<Property id="PROPERTY_13158" name="WIRE_SIGNAL" value="VDB50"/>
				<Property id="PROPERTY_13159" name="HRN_FAMILY" value="14401"/>
				<Property id="PROPERTY_13160" name="WIRE_MULTICORE" value="TP_TA_VDB49EVH"/>
				<Property id="PROPERTY_13161" name="WIRE_FPN" value="WIRE-2UKD-0.35-BU/OG"/>
				<Property id="PROPERTY_13162" name="WIRE_DIA_MAX" value="1.2"/>
				<Option id="OPTION_df-c-0-56b168_1" value="HT2AC"/>
				<BranchRoute id="BRR_565">
					<StartBranchPosition id="BR_POS_1393" branchId="BRANCH_36-4e-0-65ae7f" branchNodeId="BN_6856-336" offset="0"/>
					<PassBranchId>BRANCH_35-4e-0-30adeb</PassBranchId>
					<PassBranchId>BRANCH_c2-4e-0-4c0fce</PassBranchId>
					<PassBranchId>BRANCH_c2-4e-0-4c0d1d</PassBranchId>
					<PassBranchId>BRANCH_35-4e-0-2efaf8</PassBranchId>
					<PassBranchId>BRANCH_c2-4e-0-4c10c0</PassBranchId>
					<PassBranchId>BRANCH_c2-4e-0-4c0fc8</PassBranchId>
					<PassBranchId>BRANCH_c2-4e-0-4c108d</PassBranchId>
					<PassBranchId>BRANCH_c2-4e-0-4c0d88</PassBranchId>
					<PassBranchId>BRANCH_c2-4e-0-4c109a</PassBranchId>
					<PassBranchId>BRANCH_c2-4e-0-4c0e16</PassBranchId>
					<PassBranchId>BRANCH_c2-4e-0-4c0fcb</PassBranchId>
					<PassBranchId>BRANCH_c2-4e-0-4c0dea</PassBranchId>
					<PassBranchId>BRANCH_c2-4e-0-4c0fd1</PassBranchId>
					<PassBranchId>BRANCH_c2-4e-0-4c0fe8</PassBranchId>
					<PassBranchId>BRANCH_c2-4e-0-4c1009</PassBranchId>
					<PassBranchId>BRANCH_c2-4e-0-4c10cb</PassBranchId>
					<PassBranchId>BRANCH_c2-4e-0-4c10ec</PassBranchId>
					<PassBranchId>BRANCH_c2-4e-0-4c1075</PassBranchId>
					<PassBranchId>BRANCH_c2-4e-0-4c106f</PassBranchId>
					<PassBranchId>BRANCH_c2-4e-0-4c107e</PassBranchId>
					<EndBranchPosition id="BR_POS_1394" branchId="BRANCH_c2-4e-0-4c0f12" branchNodeId="BN_20144-60" offset="0"/>
				</BranchRoute>
			</WiringItem>
		</WiringItem>
		<WiringItem xsi:type="Bundle" id="BUNDLE_e6-6-0-89d2f2" name="TP_TA_VDB49EVJ" bundleType="twist">
			<AppRef name="E3.Series" version="2.14.5.0" guid="b148cdaa-ee77-4627-8d65-cfa4d17698d6"/>
			<WiringItem xsi:type="Wire" id="WIRE_e6-c-0-89ba78" name="VDB49EVJ" signalId="SIGNAL_18-36-0-251cb5" cableType="WIRE-2UKD-0.35" wireName="YE/OG" fromPinId="PIN_f7-1e-0-12cd14" toPinId="PIN_95-18-0-8c7890">
				<AppRef name="E3.Series" version="2.14.0.0" guid="a1ffe9f4-119c-49e0-a070-430a9cb18c50"/>
				<Property id="PROPERTY_13163" name="WIRE_MC_03_SPOT" value="ESKU5T-1A303-AA(A10Y00)"/>
				<Property id="PROPERTY_13164" name="WIRE_MC_03_SPOT" value="ESKU5T-1A303-AA(A10Y00)"/>
				<Property id="PROPERTY_13165" name="WIRE_LENGTH" value="649"/>
				<Property id="PROPERTY_13166" name="WIRE_CSA" value="0.35"/>
				<Property id="PROPERTY_13167" name="WIRE_MIN_BEND_RADIUS" value="3"/>
				<Property id="PROPERTY_13168" name="WIRE_OPTION" value="HT2AC &amp; !HLNAF"/>
				<Property id="PROPERTY_13169" name="WIRE_DEV_PIN_1" value="S2DB49-X:1"/>
				<Property id="PROPERTY_13170" name="WIRE_COLOR" value="YE/OG"/>
				<Property id="PROPERTY_13171" name="WIRE_SPEC" value="2UKD"/>
				<Property id="PROPERTY_13172" name="WIRE_LEVEL" value="ZD/ZE/ZF/ZG/ZH"/>
				<Property id="PROPERTY_13173" name="WIRE_DEV_PIN_2" value="C2DB05-EVA:2"/>
				<Property id="PROPERTY_13174" name="WIRE_NAME" value="VDB49EVJ"/>
				<Property id="PROPERTY_13175" name="WIRE_END_DC" value="2,*1X4T-14474-BA,,ZD/ZE/ZG/ZF,VDB49EVH"/>
				<Property id="PROPERTY_13176" name="WIRE_SIGNAL" value="VDB49"/>
				<Property id="PROPERTY_13177" name="HRN_FAMILY" value="14401"/>
				<Property id="PROPERTY_13178" name="WIRE_MULTICORE" value="TP_TA_VDB49EVJ"/>
				<Property id="PROPERTY_13179" name="WIRE_FPN" value="WIRE-2UKD-0.35-YE/OG"/>
				<Property id="PROPERTY_13180" name="WIRE_DIA_MAX" value="1.2"/>
				<Option id="OPTION_e6-c-0-89ba78_1" value="HT2AC &amp; !HLNAF"/>
				<BranchRoute id="BRR_566">
					<StartBranchPosition id="BR_POS_1395" branchId="BRANCH_36-4e-0-65ae7f" branchNodeId="BN_6856-336" offset="0"/>
					<PassBranchId>BRANCH_35-4e-0-30adeb</PassBranchId>
					<PassBranchId>BRANCH_c2-4e-0-4c0fce</PassBranchId>
					<PassBranchId>BRANCH_c2-4e-0-4c0d1d</PassBranchId>
					<PassBranchId>BRANCH_35-4e-0-2efaf8</PassBranchId>
					<PassBranchId>BRANCH_c2-4e-0-4c10c0</PassBranchId>
					<PassBranchId>BRANCH_c2-4e-0-4c0fc8</PassBranchId>
					<PassBranchId>BRANCH_c2-4e-0-4c108d</PassBranchId>
					<PassBranchId>BRANCH_c2-4e-0-4c0d88</PassBranchId>
					<PassBranchId>BRANCH_c2-4e-0-4c109a</PassBranchId>
					<PassBranchId>BRANCH_c2-4e-0-4c0e16</PassBranchId>
					<PassBranchId>BRANCH_c2-4e-0-4c0fcb</PassBranchId>
					<PassBranchId>BRANCH_c2-4e-0-4c0dea</PassBranchId>
					<PassBranchId>BRANCH_c2-4e-0-4c0fd1</PassBranchId>
					<EndBranchPosition id="BR_POS_1396" branchId="BRANCH_c2-4e-0-4c0fd4" branchNodeId="BN_16352-384" offset="0"/>
				</BranchRoute>
			</WiringItem>
			<WiringItem xsi:type="Wire" id="WIRE_e6-c-0-89bccc" name="VDB50EVJ" signalId="SIGNAL_18-36-0-251cc2" cableType="WIRE-2UKD-0.35" wireName="BU/OG" fromPinId="PIN_f7-1e-0-12cd18" toPinId="PIN_95-18-0-8c788b">
				<AppRef name="E3.Series" version="2.14.0.0" guid="ce33e07d-1b57-45fb-8c05-76b1926033eb"/>
				<Property id="PROPERTY_13181" name="WIRE_MC_03_SPOT" value="ESKU5T-1A303-AA(A10Y00)"/>
				<Property id="PROPERTY_13182" name="WIRE_MC_03_SPOT" value="ESKU5T-1A303-AA(A10Y00)"/>
				<Property id="PROPERTY_13183" name="WIRE_LENGTH" value="649"/>
				<Property id="PROPERTY_13184" name="WIRE_CSA" value="0.35"/>
				<Property id="PROPERTY_13185" name="WIRE_MIN_BEND_RADIUS" value="3"/>
				<Property id="PROPERTY_13186" name="WIRE_OPTION" value="HT2AC &amp; !HLNAF"/>
				<Property id="PROPERTY_13187" name="WIRE_DEV_PIN_1" value="S2DB50-X:1"/>
				<Property id="PROPERTY_13188" name="WIRE_COLOR" value="BU/OG"/>
				<Property id="PROPERTY_13189" name="WIRE_SPEC" value="2UKD"/>
				<Property id="PROPERTY_13190" name="WIRE_LEVEL" value="ZD/ZE/ZF/ZG/ZH"/>
				<Property id="PROPERTY_13191" name="WIRE_DEV_PIN_2" value="C2DB05-EVA:10"/>
				<Property id="PROPERTY_13192" name="WIRE_NAME" value="VDB50EVJ"/>
				<Property id="PROPERTY_13193" name="WIRE_END_DC" value="2,*1X4T-14474-BA,,ZD/ZE/ZG/ZF,VDB50EVH"/>
				<Property id="PROPERTY_13194" name="WIRE_SIGNAL" value="VDB50"/>
				<Property id="PROPERTY_13195" name="HRN_FAMILY" value="14401"/>
				<Property id="PROPERTY_13196" name="WIRE_MULTICORE" value="TP_TA_VDB49EVJ"/>
				<Property id="PROPERTY_13197" name="WIRE_FPN" value="WIRE-2UKD-0.35-BU/OG"/>
				<Property id="PROPERTY_13198" name="WIRE_DIA_MAX" value="1.2"/>
				<Option id="OPTION_e6-c-0-89bccc_1" value="HT2AC &amp; !HLNAF"/>
				<BranchRoute id="BRR_567">
					<StartBranchPosition id="BR_POS_1397" branchId="BRANCH_36-4e-0-65ae7f" branchNodeId="BN_6856-336" offset="0"/>
					<PassBranchId>BRANCH_35-4e-0-30adeb</PassBranchId>
					<PassBranchId>BRANCH_c2-4e-0-4c0fce</PassBranchId>
					<PassBranchId>BRANCH_c2-4e-0-4c0d1d</PassBranchId>
					<PassBranchId>BRANCH_35-4e-0-2efaf8</PassBranchId>
					<PassBranchId>BRANCH_c2-4e-0-4c10c0</PassBranchId>
					<PassBranchId>BRANCH_c2-4e-0-4c0fc8</PassBranchId>
					<PassBranchId>BRANCH_c2-4e-0-4c108d</PassBranchId>
					<PassBranchId>BRANCH_c2-4e-0-4c0d88</PassBranchId>
					<PassBranchId>BRANCH_c2-4e-0-4c109a</PassBranchId>
					<PassBranchId>BRANCH_c2-4e-0-4c0e16</PassBranchId>
					<PassBranchId>BRANCH_c2-4e-0-4c0fcb</PassBranchId>
					<PassBranchId>BRANCH_c2-4e-0-4c0dea</PassBranchId>
					<PassBranchId>BRANCH_c2-4e-0-4c0fd1</PassBranchId>
					<EndBranchPosition id="BR_POS_1398" branchId="BRANCH_c2-4e-0-4c0fd8" branchNodeId="BN_16400-384" offset="0"/>
				</BranchRoute>
			</WiringItem>
		</WiringItem>
		<WiringItem xsi:type="Bundle" id="BUNDLE_a1-6-0-9d24a" name="TP_VMEF7A" bundleType="twist">
			<AppRef name="E3.Series" version="2.14.5.0" guid="4626d05c-b519-4561-8ff8-8701c871f570"/>
			<WiringItem xsi:type="Wire" id="WIRE_95-c-0-e53ed" name="VMEF7A" signalId="SIGNAL_18-36-0-252dac" cableType="WIRE-2UKD-0.35" wireName="GY/BU" fromPinId="PIN_87-18-0-152a4" toPinId="PIN_b-18-0-11842">
				<AppRef name="E3.Series" version="2.13.7.0" guid="0af432ae-f9ae-4015-98a8-5d048b4a52af"/>
				<Property id="PROPERTY_14717" name="WIRE_LENGTH" value="1630"/>
				<Property id="PROPERTY_14718" name="WIRE_END2_MATL" value="(SN)"/>
				<Property id="PROPERTY_14719" name="WIRE_CSA" value="0.35"/>
				<Property id="PROPERTY_14720" name="WIRE_MIN_BEND_RADIUS" value="3"/>
				<Property id="PROPERTY_14721" name="WIRE_OPTION" value="IEVAQ | IEVAR"/>
				<Property id="PROPERTY_14722" name="WIRE_DEV_PIN_1" value="C2MM01-A:51"/>
				<Property id="PROPERTY_14723" name="WIRE_COLOR" value="GY/BU"/>
				<Property id="PROPERTY_14724" name="WIRE_SPEC" value="2UKD"/>
				<Property id="PROPERTY_14725" name="WIRE_END1_MATL" value="(SN)"/>
				<Property id="PROPERTY_14726" name="WIRE_LEVEL" value="(D-CAM)/(C-SHF)/(KWINV)/(8SPKR)/(F-SHF)/(BEV)"/>
				<Property id="PROPERTY_14727" name="WIRE_END1_TERM" value="9U5T-14474-DB"/>
				<Property id="PROPERTY_14728" name="WIRE_DEV_PIN_2" value="C2ME03-B:18"/>
				<Property id="PROPERTY_14729" name="WIRE_NAME" value="VMEF7A"/>
				<Property id="PROPERTY_14730" name="WIRE_END2_TERM" value="DU5T-14474-EAB"/>
				<Property id="PROPERTY_14731" name="WIRE_SIGNAL" value="VMEF7"/>
				<Property id="PROPERTY_14732" name="HRN_FAMILY" value="14401"/>
				<Property id="PROPERTY_14733" name="WIRE_MULTICORE" value="TP_VMEF7A"/>
				<Property id="PROPERTY_14734" name="WIRE_FPN" value="WIRE-2UKD-0.35-GY/BU"/>
				<Property id="PROPERTY_14735" name="WIRE_DIA_MAX" value="1.2"/>
				<Option id="OPTION_95-c-0-e53ed_1" value="IEVAQ | IEVAR"/>
				<BranchRoute id="BRR_654">
					<StartBranchPosition id="BR_POS_1571" branchId="BRANCH_c2-4e-0-4c0f72" branchNodeId="BN_10856-120" offset="0"/>
					<PassBranchId>BRANCH_c2-4e-0-4c0e4d</PassBranchId>
					<PassBranchId>BRANCH_c2-4e-0-4c0e21</PassBranchId>
					<PassBranchId>BRANCH_22-4e-0-2ca187b</PassBranchId>
					<PassBranchId>BRANCH_c2-4e-0-4c0f6f</PassBranchId>
					<PassBranchId>BRANCH_c2-4e-0-4c0f6c</PassBranchId>
					<PassBranchId>BRANCH_c2-4e-0-4c0f66</PassBranchId>
					<PassBranchId>BRANCH_c2-4e-0-4c0fb7</PassBranchId>
					<PassBranchId>BRANCH_c2-4e-0-4c10a4</PassBranchId>
					<PassBranchId>BRANCH_c2-4e-0-4c0f7a</PassBranchId>
					<PassBranchId>BRANCH_35-4e-0-350133</PassBranchId>
					<PassBranchId>BRANCH_c2-4e-0-4c0f60</PassBranchId>
					<PassBranchId>BRANCH_c2-4e-0-4c1005</PassBranchId>
					<PassBranchId>BRANCH_c2-4e-0-4c0f45</PassBranchId>
					<PassBranchId>BRANCH_c2-4e-0-4c0dea</PassBranchId>
					<PassBranchId>BRANCH_c2-4e-0-4c0fd1</PassBranchId>
					<PassBranchId>BRANCH_c2-4e-0-4c0fe8</PassBranchId>
					<PassBranchId>BRANCH_c2-4e-0-4c1009</PassBranchId>
					<PassBranchId>BRANCH_c2-4e-0-4c10cb</PassBranchId>
					<PassBranchId>BRANCH_c2-4e-0-4c10ec</PassBranchId>
					<PassBranchId>BRANCH_c2-4e-0-4c1075</PassBranchId>
					<PassBranchId>BRANCH_c2-4e-0-4c106f</PassBranchId>
					<PassBranchId>BRANCH_c2-4e-0-4c1076</PassBranchId>
					<PassBranchId>BRANCH_c2-4e-0-4c0d05</PassBranchId>
					<PassBranchId>BRANCH_c2-4e-0-4c0f26</PassBranchId>
					<PassBranchId>BRANCH_c2-4e-0-4c0f29</PassBranchId>
					<EndBranchPosition id="BR_POS_1572" branchId="BRANCH_c2-4e-0-4c0f2a" branchNodeId="BN_17720-164" offset="0"/>
				</BranchRoute>
			</WiringItem>
			<WiringItem xsi:type="Wire" id="WIRE_95-c-0-e5405" name="VMEF8A" signalId="SIGNAL_18-36-0-252db8" cableType="WIRE-2UKD-0.35" wireName="WH/BN" fromPinId="PIN_87-18-0-152ab" toPinId="PIN_58-18-0-f2536">
				<AppRef name="E3.Series" version="2.13.7.0" guid="132b9a82-df24-4868-a91a-be0e06ba26d7"/>
				<Property id="PROPERTY_14736" name="WIRE_LENGTH" value="1630"/>
				<Property id="PROPERTY_14737" name="WIRE_END2_MATL" value="(SN)"/>
				<Property id="PROPERTY_14738" name="WIRE_CSA" value="0.35"/>
				<Property id="PROPERTY_14739" name="WIRE_MIN_BEND_RADIUS" value="3"/>
				<Property id="PROPERTY_14740" name="WIRE_OPTION" value="IEVAQ | IEVAR"/>
				<Property id="PROPERTY_14741" name="WIRE_DEV_PIN_1" value="C2MM01-A:52"/>
				<Property id="PROPERTY_14742" name="WIRE_COLOR" value="WH/BN"/>
				<Property id="PROPERTY_14743" name="WIRE_SPEC" value="2UKD"/>
				<Property id="PROPERTY_14744" name="WIRE_END1_MATL" value="(SN)"/>
				<Property id="PROPERTY_14745" name="WIRE_LEVEL" value="(D-CAM)/(C-SHF)/(KWINV)/(8SPKR)/(F-SHF)/(BEV)"/>
				<Property id="PROPERTY_14746" name="WIRE_END1_TERM" value="9U5T-14474-DB"/>
				<Property id="PROPERTY_14747" name="WIRE_DEV_PIN_2" value="C2ME03-B:29"/>
				<Property id="PROPERTY_14748" name="WIRE_NAME" value="VMEF8A"/>
				<Property id="PROPERTY_14749" name="WIRE_END2_TERM" value="DU5T-14474-EAB"/>
				<Property id="PROPERTY_14750" name="WIRE_SIGNAL" value="VMEF8"/>
				<Property id="PROPERTY_14751" name="HRN_FAMILY" value="14401"/>
				<Property id="PROPERTY_14752" name="WIRE_MULTICORE" value="TP_VMEF7A"/>
				<Property id="PROPERTY_14753" name="WIRE_FPN" value="WIRE-2UKD-0.35-WH/BN"/>
				<Property id="PROPERTY_14754" name="WIRE_DIA_MAX" value="1.2"/>
				<Option id="OPTION_95-c-0-e5405_1" value="IEVAQ | IEVAR"/>
				<BranchRoute id="BRR_655">
					<StartBranchPosition id="BR_POS_1573" branchId="BRANCH_c2-4e-0-4c0f72" branchNodeId="BN_10856-120" offset="0"/>
					<PassBranchId>BRANCH_c2-4e-0-4c0e4d</PassBranchId>
					<PassBranchId>BRANCH_c2-4e-0-4c0e21</PassBranchId>
					<PassBranchId>BRANCH_22-4e-0-2ca187b</PassBranchId>
					<PassBranchId>BRANCH_c2-4e-0-4c0f6f</PassBranchId>
					<PassBranchId>BRANCH_c2-4e-0-4c0f6c</PassBranchId>
					<PassBranchId>BRANCH_c2-4e-0-4c0f66</PassBranchId>
					<PassBranchId>BRANCH_c2-4e-0-4c0fb7</PassBranchId>
					<PassBranchId>BRANCH_c2-4e-0-4c10a4</PassBranchId>
					<PassBranchId>BRANCH_c2-4e-0-4c0f7a</PassBranchId>
					<PassBranchId>BRANCH_35-4e-0-350133</PassBranchId>
					<PassBranchId>BRANCH_c2-4e-0-4c0f60</PassBranchId>
					<PassBranchId>BRANCH_c2-4e-0-4c1005</PassBranchId>
					<PassBranchId>BRANCH_c2-4e-0-4c0f45</PassBranchId>
					<PassBranchId>BRANCH_c2-4e-0-4c0dea</PassBranchId>
					<PassBranchId>BRANCH_c2-4e-0-4c0fd1</PassBranchId>
					<PassBranchId>BRANCH_c2-4e-0-4c0fe8</PassBranchId>
					<PassBranchId>BRANCH_c2-4e-0-4c1009</PassBranchId>
					<PassBranchId>BRANCH_c2-4e-0-4c10cb</PassBranchId>
					<PassBranchId>BRANCH_c2-4e-0-4c10ec</PassBranchId>
					<PassBranchId>BRANCH_c2-4e-0-4c1075</PassBranchId>
					<PassBranchId>BRANCH_c2-4e-0-4c106f</PassBranchId>
					<PassBranchId>BRANCH_c2-4e-0-4c1076</PassBranchId>
					<PassBranchId>BRANCH_c2-4e-0-4c0d05</PassBranchId>
					<PassBranchId>BRANCH_c2-4e-0-4c0f26</PassBranchId>
					<PassBranchId>BRANCH_c2-4e-0-4c0f29</PassBranchId>
					<EndBranchPosition id="BR_POS_1574" branchId="BRANCH_c2-4e-0-4c0f2a" branchNodeId="BN_17720-164" offset="0"/>
				</BranchRoute>
			</WiringItem>
		</WiringItem>
		<WiringItem xsi:type="Bundle" id="BUNDLE_58-6-0-1077d6" name="TP_VMEG1A" bundleType="twist">
			<AppRef name="E3.Series" version="2.14.5.0" guid="927ec13b-eaf8-4947-beed-aa80149a0eb8"/>
			<WiringItem xsi:type="Wire" id="WIRE_58-c-0-10750d" name="VMEG1A" signalId="SIGNAL_18-36-0-252ddc" cableType="WIRE-2UKD-0.35" wireName="GY/VT" fromPinId="PIN_b-18-0-118e5" toPinId="PIN_87-18-0-151c4">
				<AppRef name="E3.Series" version="2.13.7.0" guid="3d56f6fd-5e32-465f-b81d-e049f5433a5a"/>
				<Property id="PROPERTY_14755" name="WIRE_LENGTH" value="1656"/>
				<Property id="PROPERTY_14756" name="WIRE_END2_MATL" value="(SN)"/>
				<Property id="PROPERTY_14757" name="WIRE_CSA" value="0.35"/>
				<Property id="PROPERTY_14758" name="WIRE_MIN_BEND_RADIUS" value="3"/>
				<Property id="PROPERTY_14759" name="WIRE_OPTION" value="IEVAQ | IEVAR"/>
				<Property id="PROPERTY_14760" name="WIRE_DEV_PIN_1" value="C2ME03-A:14"/>
				<Property id="PROPERTY_14761" name="WIRE_COLOR" value="GY/VT"/>
				<Property id="PROPERTY_14762" name="WIRE_SPEC" value="2UKD"/>
				<Property id="PROPERTY_14763" name="WIRE_END1_MATL" value="(SN)"/>
				<Property id="PROPERTY_14764" name="WIRE_LEVEL" value="(D-CAM)/(C-SHF)/(KWINV)/(8SPKR)/(F-SHF)/(BEV)"/>
				<Property id="PROPERTY_14765" name="WIRE_END1_TERM" value="DU5T-14474-EAB"/>
				<Property id="PROPERTY_14766" name="WIRE_DEV_PIN_2" value="C2MM01-A:27"/>
				<Property id="PROPERTY_14767" name="WIRE_NAME" value="VMEG1A"/>
				<Property id="PROPERTY_14768" name="WIRE_END2_TERM" value="9U5T-14474-DB"/>
				<Property id="PROPERTY_14769" name="WIRE_SIGNAL" value="VMEG1"/>
				<Property id="PROPERTY_14770" name="HRN_FAMILY" value="14401"/>
				<Property id="PROPERTY_14771" name="WIRE_MULTICORE" value="TP_VMEG1A"/>
				<Property id="PROPERTY_14772" name="WIRE_FPN" value="WIRE-2UKD-0.35-GY/VT"/>
				<Property id="PROPERTY_14773" name="WIRE_DIA_MAX" value="1.2"/>
				<Option id="OPTION_58-c-0-10750d_1" value="IEVAQ | IEVAR"/>
				<BranchRoute id="BRR_656">
					<StartBranchPosition id="BR_POS_1575" branchId="BRANCH_c2-4e-0-4c0f76" branchNodeId="BN_10584-132" offset="0"/>
					<PassBranchId>BRANCH_ff-4e-0-9d8f85</PassBranchId>
					<PassBranchId>BRANCH_22-4e-0-2ca187b</PassBranchId>
					<PassBranchId>BRANCH_c2-4e-0-4c0f6f</PassBranchId>
					<PassBranchId>BRANCH_c2-4e-0-4c0f6c</PassBranchId>
					<PassBranchId>BRANCH_c2-4e-0-4c0f66</PassBranchId>
					<PassBranchId>BRANCH_c2-4e-0-4c0fb7</PassBranchId>
					<PassBranchId>BRANCH_c2-4e-0-4c10a4</PassBranchId>
					<PassBranchId>BRANCH_c2-4e-0-4c0f7a</PassBranchId>
					<PassBranchId>BRANCH_35-4e-0-350133</PassBranchId>
					<PassBranchId>BRANCH_c2-4e-0-4c0f60</PassBranchId>
					<PassBranchId>BRANCH_c2-4e-0-4c1005</PassBranchId>
					<PassBranchId>BRANCH_c2-4e-0-4c0f45</PassBranchId>
					<PassBranchId>BRANCH_c2-4e-0-4c0dea</PassBranchId>
					<PassBranchId>BRANCH_c2-4e-0-4c0fd1</PassBranchId>
					<PassBranchId>BRANCH_c2-4e-0-4c0fe8</PassBranchId>
					<PassBranchId>BRANCH_c2-4e-0-4c1009</PassBranchId>
					<PassBranchId>BRANCH_c2-4e-0-4c10cb</PassBranchId>
					<PassBranchId>BRANCH_c2-4e-0-4c10ec</PassBranchId>
					<PassBranchId>BRANCH_c2-4e-0-4c1075</PassBranchId>
					<PassBranchId>BRANCH_c2-4e-0-4c106f</PassBranchId>
					<PassBranchId>BRANCH_c2-4e-0-4c1076</PassBranchId>
					<PassBranchId>BRANCH_c2-4e-0-4c0d05</PassBranchId>
					<PassBranchId>BRANCH_c2-4e-0-4c0f26</PassBranchId>
					<PassBranchId>BRANCH_c2-4e-0-4c0f29</PassBranchId>
					<EndBranchPosition id="BR_POS_1576" branchId="BRANCH_c2-4e-0-4c0f2a" branchNodeId="BN_17720-164" offset="0"/>
				</BranchRoute>
			</WiringItem>
			<WiringItem xsi:type="Wire" id="WIRE_58-c-0-107661" name="VMEG2A" signalId="SIGNAL_18-36-0-252de8" cableType="WIRE-2UKD-0.35" wireName="YE/OG" fromPinId="PIN_87-18-0-1523b" toPinId="PIN_58-18-0-f2007">
				<AppRef name="E3.Series" version="2.13.7.0" guid="9b8b7bec-c025-4dd1-98ca-850d40413b01"/>
				<Property id="PROPERTY_14774" name="WIRE_LENGTH" value="1656"/>
				<Property id="PROPERTY_14775" name="WIRE_END2_MATL" value="(SN)"/>
				<Property id="PROPERTY_14776" name="WIRE_CSA" value="0.35"/>
				<Property id="PROPERTY_14777" name="WIRE_MIN_BEND_RADIUS" value="3"/>
				<Property id="PROPERTY_14778" name="WIRE_OPTION" value="IEVAQ | IEVAR"/>
				<Property id="PROPERTY_14779" name="WIRE_DEV_PIN_1" value="C2MM01-A:28"/>
				<Property id="PROPERTY_14780" name="WIRE_COLOR" value="YE/OG"/>
				<Property id="PROPERTY_14781" name="WIRE_SPEC" value="2UKD"/>
				<Property id="PROPERTY_14782" name="WIRE_END1_MATL" value="(SN)"/>
				<Property id="PROPERTY_14783" name="WIRE_LEVEL" value="(D-CAM)/(C-SHF)/(KWINV)/(8SPKR)/(F-SHF)/(BEV)"/>
				<Property id="PROPERTY_14784" name="WIRE_END1_TERM" value="9U5T-14474-DB"/>
				<Property id="PROPERTY_14785" name="WIRE_DEV_PIN_2" value="C2ME03-A:25"/>
				<Property id="PROPERTY_14786" name="WIRE_NAME" value="VMEG2A"/>
				<Property id="PROPERTY_14787" name="WIRE_END2_TERM" value="DU5T-14474-EAB"/>
				<Property id="PROPERTY_14788" name="WIRE_SIGNAL" value="VMEG2"/>
				<Property id="PROPERTY_14789" name="HRN_FAMILY" value="14401"/>
				<Property id="PROPERTY_14790" name="WIRE_MULTICORE" value="TP_VMEG1A"/>
				<Property id="PROPERTY_14791" name="WIRE_FPN" value="WIRE-2UKD-0.35-YE/OG"/>
				<Property id="PROPERTY_14792" name="WIRE_DIA_MAX" value="1.2"/>
				<Option id="OPTION_58-c-0-107661_1" value="IEVAQ | IEVAR"/>
				<BranchRoute id="BRR_657">
					<StartBranchPosition id="BR_POS_1577" branchId="BRANCH_c2-4e-0-4c0f76" branchNodeId="BN_10584-132" offset="0"/>
					<PassBranchId>BRANCH_ff-4e-0-9d8f85</PassBranchId>
					<PassBranchId>BRANCH_22-4e-0-2ca187b</PassBranchId>
					<PassBranchId>BRANCH_c2-4e-0-4c0f6f</PassBranchId>
					<PassBranchId>BRANCH_c2-4e-0-4c0f6c</PassBranchId>
					<PassBranchId>BRANCH_c2-4e-0-4c0f66</PassBranchId>
					<PassBranchId>BRANCH_c2-4e-0-4c0fb7</PassBranchId>
					<PassBranchId>BRANCH_c2-4e-0-4c10a4</PassBranchId>
					<PassBranchId>BRANCH_c2-4e-0-4c0f7a</PassBranchId>
					<PassBranchId>BRANCH_35-4e-0-350133</PassBranchId>
					<PassBranchId>BRANCH_c2-4e-0-4c0f60</PassBranchId>
					<PassBranchId>BRANCH_c2-4e-0-4c1005</PassBranchId>
					<PassBranchId>BRANCH_c2-4e-0-4c0f45</PassBranchId>
					<PassBranchId>BRANCH_c2-4e-0-4c0dea</PassBranchId>
					<PassBranchId>BRANCH_c2-4e-0-4c0fd1</PassBranchId>
					<PassBranchId>BRANCH_c2-4e-0-4c0fe8</PassBranchId>
					<PassBranchId>BRANCH_c2-4e-0-4c1009</PassBranchId>
					<PassBranchId>BRANCH_c2-4e-0-4c10cb</PassBranchId>
					<PassBranchId>BRANCH_c2-4e-0-4c10ec</PassBranchId>
					<PassBranchId>BRANCH_c2-4e-0-4c1075</PassBranchId>
					<PassBranchId>BRANCH_c2-4e-0-4c106f</PassBranchId>
					<PassBranchId>BRANCH_c2-4e-0-4c1076</PassBranchId>
					<PassBranchId>BRANCH_c2-4e-0-4c0d05</PassBranchId>
					<PassBranchId>BRANCH_c2-4e-0-4c0f26</PassBranchId>
					<PassBranchId>BRANCH_c2-4e-0-4c0f29</PassBranchId>
					<EndBranchPosition id="BR_POS_1578" branchId="BRANCH_c2-4e-0-4c0f2a" branchNodeId="BN_17720-164" offset="0"/>
				</BranchRoute>
			</WiringItem>
		</WiringItem>
		<WiringItem xsi:type="Bundle" id="BUNDLE_6a-6-0-bb33b" name="TP_TA_VDB49X" bundleType="twist">
			<AppRef name="E3.Series" version="2.14.5.0" guid="0ce05eb8-1620-4da3-822e-2067d3050518"/>
			<WiringItem xsi:type="Wire" id="WIRE_6a-c-0-bb19e" name="VDB49X" signalId="SIGNAL_18-36-0-251cb5" cableType="WIRE-2UKD-0.35" wireName="YE/OG" fromPinId="PIN_f7-1e-0-12cd14" toPinId="PIN_13-18-0-2ceb0e">
				<AppRef name="E3.Series" version="2.13.7.0" guid="49180971-9c5f-4b05-8713-63f8a205e6b1"/>
				<Property id="PROPERTY_13199" name="WIRE_MC_03_SPOT" value="ESKU5T-1A303-AA(A10Y00)"/>
				<Property id="PROPERTY_13200" name="WIRE_MC_03_SPOT" value="ESKU5T-1A303-AA(A10Y00)"/>
				<Property id="PROPERTY_13201" name="WIRE_LENGTH" value="669"/>
				<Property id="PROPERTY_13202" name="WIRE_END2_MATL" value="(SN)"/>
				<Property id="PROPERTY_13203" name="WIRE_CSA" value="0.35"/>
				<Property id="PROPERTY_13204" name="WIRE_MIN_BEND_RADIUS" value="3"/>
				<Property id="PROPERTY_13205" name="WIRE_OPTION" value="HT2AA &amp; !GTDAW &amp; !HNSAC"/>
				<Property id="PROPERTY_13206" name="WIRE_DEV_PIN_1" value="S2DB49-X:1"/>
				<Property id="PROPERTY_13207" name="WIRE_COLOR" value="YE/OG"/>
				<Property id="PROPERTY_13208" name="WIRE_SPEC" value="2UKD"/>
				<Property id="PROPERTY_13209" name="WIRE_LEVEL" value="(C-SHF)/(7SPKR)/(TACH-L0)/CD/VA/YP"/>
				<Property id="PROPERTY_13210" name="WIRE_DEV_PIN_2" value="C2DB02-A:4"/>
				<Property id="PROPERTY_13211" name="WIRE_NAME" value="VDB49X"/>
				<Property id="PROPERTY_13212" name="WIRE_END2_TERM" value="9U5T-14474-DB"/>
				<Property id="PROPERTY_13213" name="WIRE_SIGNAL" value="VDB49"/>
				<Property id="PROPERTY_13214" name="HRN_FAMILY" value="14401"/>
				<Property id="PROPERTY_13215" name="WIRE_MULTICORE" value="TP_TA_VDB49X"/>
				<Property id="PROPERTY_13216" name="WIRE_FPN" value="WIRE-2UKD-0.35-YE/OG"/>
				<Property id="PROPERTY_13217" name="WIRE_DIA_MAX" value="1.2"/>
				<Option id="OPTION_6a-c-0-bb19e_1" value="HT2AA &amp; !GTDAW &amp; !HNSAC"/>
				<BranchRoute id="BRR_568">
					<StartBranchPosition id="BR_POS_1399" branchId="BRANCH_c2-4e-0-4c0fd4" branchNodeId="BN_16352-384" offset="0"/>
					<PassBranchId>BRANCH_c2-4e-0-4c0fe8</PassBranchId>
					<PassBranchId>BRANCH_c2-4e-0-4c1009</PassBranchId>
					<PassBranchId>BRANCH_c2-4e-0-4c10cb</PassBranchId>
					<PassBranchId>BRANCH_c2-4e-0-4c10ec</PassBranchId>
					<PassBranchId>BRANCH_c2-4e-0-4c1075</PassBranchId>
					<PassBranchId>BRANCH_c2-4e-0-4c106f</PassBranchId>
					<PassBranchId>BRANCH_c2-4e-0-4c107e</PassBranchId>
					<EndBranchPosition id="BR_POS_1400" branchId="BRANCH_c2-4e-0-4c0f12" branchNodeId="BN_20144-60" offset="0"/>
				</BranchRoute>
			</WiringItem>
			<WiringItem xsi:type="Wire" id="WIRE_6a-c-0-bb1d0" name="VDB50X" signalId="SIGNAL_18-36-0-251cc2" cableType="WIRE-2UKD-0.35" wireName="BU/OG" fromPinId="PIN_f7-1e-0-12cd18" toPinId="PIN_13-18-0-2ceb32">
				<AppRef name="E3.Series" version="2.13.7.0" guid="a32219e0-f9c5-4d86-b722-8d8de529b55f"/>
				<Property id="PROPERTY_13218" name="WIRE_MC_03_SPOT" value="ESKU5T-1A303-AA(A10Y00)"/>
				<Property id="PROPERTY_13219" name="WIRE_MC_03_SPOT" value="ESKU5T-1A303-AA(A10Y00)"/>
				<Property id="PROPERTY_13220" name="WIRE_LENGTH" value="669"/>
				<Property id="PROPERTY_13221" name="WIRE_END2_MATL" value="(SN)"/>
				<Property id="PROPERTY_13222" name="WIRE_CSA" value="0.35"/>
				<Property id="PROPERTY_13223" name="WIRE_MIN_BEND_RADIUS" value="3"/>
				<Property id="PROPERTY_13224" name="WIRE_OPTION" value="HT2AA &amp; !GTDAW &amp; !HNSAC"/>
				<Property id="PROPERTY_13225" name="WIRE_DEV_PIN_1" value="S2DB50-X:1"/>
				<Property id="PROPERTY_13226" name="WIRE_COLOR" value="BU/OG"/>
				<Property id="PROPERTY_13227" name="WIRE_SPEC" value="2UKD"/>
				<Property id="PROPERTY_13228" name="WIRE_LEVEL" value="(C-SHF)/(7SPKR)/(TACH-L0)/CD/VA/YP"/>
				<Property id="PROPERTY_13229" name="WIRE_DEV_PIN_2" value="C2DB02-A:17"/>
				<Property id="PROPERTY_13230" name="WIRE_NAME" value="VDB50X"/>
				<Property id="PROPERTY_13231" name="WIRE_END2_TERM" value="9U5T-14474-DB"/>
				<Property id="PROPERTY_13232" name="WIRE_SIGNAL" value="VDB50"/>
				<Property id="PROPERTY_13233" name="HRN_FAMILY" value="14401"/>
				<Property id="PROPERTY_13234" name="WIRE_MULTICORE" value="TP_TA_VDB49X"/>
				<Property id="PROPERTY_13235" name="WIRE_FPN" value="WIRE-2UKD-0.35-BU/OG"/>
				<Property id="PROPERTY_13236" name="WIRE_DIA_MAX" value="1.2"/>
				<Option id="OPTION_6a-c-0-bb1d0_1" value="HT2AA &amp; !GTDAW &amp; !HNSAC"/>
				<BranchRoute id="BRR_569">
					<StartBranchPosition id="BR_POS_1401" branchId="BRANCH_c2-4e-0-4c0fd8" branchNodeId="BN_16400-384" offset="0"/>
					<PassBranchId>BRANCH_c2-4e-0-4c0fe8</PassBranchId>
					<PassBranchId>BRANCH_c2-4e-0-4c1009</PassBranchId>
					<PassBranchId>BRANCH_c2-4e-0-4c10cb</PassBranchId>
					<PassBranchId>BRANCH_c2-4e-0-4c10ec</PassBranchId>
					<PassBranchId>BRANCH_c2-4e-0-4c1075</PassBranchId>
					<PassBranchId>BRANCH_c2-4e-0-4c106f</PassBranchId>
					<PassBranchId>BRANCH_c2-4e-0-4c107e</PassBranchId>
					<EndBranchPosition id="BR_POS_1402" branchId="BRANCH_c2-4e-0-4c0f12" branchNodeId="BN_20144-60" offset="0"/>
				</BranchRoute>
			</WiringItem>
		</WiringItem>
		<WiringItem xsi:type="Bundle" id="BUNDLE_f7-6-0-12e670" name="TP_TA_VDB49XB" bundleType="twist">
			<AppRef name="E3.Series" version="2.14.5.0" guid="67924e53-42c0-47bb-bf12-2d15e8f1021b"/>
			<WiringItem xsi:type="Wire" id="WIRE_f7-c-0-12cd1c" name="VDB49XB" signalId="SIGNAL_18-36-0-251cb5" cableType="WIRE-2UKD-0.35" wireName="YE/OG" fromPinId="PIN_f7-1e-0-12cd14" toPinId="PIN_b5-18-0-5346">
				<AppRef name="E3.Series" version="2.13.7.0" guid="c4e22593-d239-46be-8475-d3607b87986c"/>
				<Property id="PROPERTY_13237" name="WIRE_MC_03_SPOT" value="ESKU5T-1A303-AA(A10Y00)"/>
				<Property id="PROPERTY_13238" name="WIRE_MC_03_SPOT" value="ESKU5T-1A303-AA(A10Y00)"/>
				<Property id="PROPERTY_13239" name="WIRE_LENGTH" value="1016"/>
				<Property id="PROPERTY_13240" name="WIRE_END2_MATL" value="(SN)"/>
				<Property id="PROPERTY_13241" name="WIRE_CSA" value="0.35"/>
				<Property id="PROPERTY_13242" name="WIRE_MIN_BEND_RADIUS" value="3"/>
				<Property id="PROPERTY_13243" name="WIRE_LEVEL" value="(ALL)"/>
				<Property id="PROPERTY_13244" name="WIRE_DEV_PIN_1" value="S2DB49-X:1"/>
				<Property id="PROPERTY_13245" name="WIRE_COLOR" value="YE/OG"/>
				<Property id="PROPERTY_13246" name="WIRE_SPEC" value="2UKD"/>
				<Property id="PROPERTY_13247" name="WIRE_DEV_PIN_2" value="C23-C1:9"/>
				<Property id="PROPERTY_13248" name="WIRE_NAME" value="VDB49XB"/>
				<Property id="PROPERTY_13249" name="WIRE_END2_TERM" value="9U5T-14474-DB"/>
				<Property id="PROPERTY_13250" name="WIRE_SIGNAL" value="VDB49"/>
				<Property id="PROPERTY_13251" name="HRN_FAMILY" value="14401"/>
				<Property id="PROPERTY_13252" name="WIRE_MULTICORE" value="TP_TA_VDB49XB"/>
				<Property id="PROPERTY_13253" name="WIRE_FPN" value="WIRE-2UKD-0.35-YE/OG"/>
				<Property id="PROPERTY_13254" name="WIRE_DIA_MAX" value="1.2"/>
				<BranchRoute id="BRR_570">
					<StartBranchPosition id="BR_POS_1403" branchId="BRANCH_c2-4e-0-4c0de1" branchNodeId="BN_79_9-190_058" offset="0"/>
					<PassBranchId>BRANCH_c2-4e-0-4c0ddd</PassBranchId>
					<PassBranchId>BRANCH_c2-4e-0-4c10dd</PassBranchId>
					<PassBranchId>BRANCH_c2-4e-0-4c1020</PassBranchId>
					<PassBranchId>BRANCH_c2-4e-0-4c1021</PassBranchId>
					<PassBranchId>BRANCH_c2-4e-0-4c10e7</PassBranchId>
					<PassBranchId>BRANCH_c2-4e-0-4c0fc5</PassBranchId>
					<PassBranchId>BRANCH_c2-4e-0-4c0fce</PassBranchId>
					<PassBranchId>BRANCH_c2-4e-0-4c0d1d</PassBranchId>
					<PassBranchId>BRANCH_35-4e-0-2efaf8</PassBranchId>
					<PassBranchId>BRANCH_c2-4e-0-4c10c0</PassBranchId>
					<PassBranchId>BRANCH_c2-4e-0-4c0fc8</PassBranchId>
					<PassBranchId>BRANCH_c2-4e-0-4c108d</PassBranchId>
					<PassBranchId>BRANCH_c2-4e-0-4c0d88</PassBranchId>
					<PassBranchId>BRANCH_c2-4e-0-4c109a</PassBranchId>
					<PassBranchId>BRANCH_c2-4e-0-4c0e16</PassBranchId>
					<PassBranchId>BRANCH_c2-4e-0-4c0fcb</PassBranchId>
					<PassBranchId>BRANCH_c2-4e-0-4c0dea</PassBranchId>
					<PassBranchId>BRANCH_c2-4e-0-4c0fd1</PassBranchId>
					<EndBranchPosition id="BR_POS_1404" branchId="BRANCH_c2-4e-0-4c0fd4" branchNodeId="BN_16352-384" offset="0"/>
				</BranchRoute>
			</WiringItem>
			<WiringItem xsi:type="Wire" id="WIRE_f7-c-0-12cd83" name="VDB50XB" signalId="SIGNAL_18-36-0-251cc2" cableType="WIRE-2UKD-0.35" wireName="BU/OG" fromPinId="PIN_f7-1e-0-12cd18" toPinId="PIN_b5-18-0-5348">
				<AppRef name="E3.Series" version="2.13.7.0" guid="0f90b7fd-f6ee-4e45-8270-53bbbd7c158d"/>
				<Property id="PROPERTY_13255" name="WIRE_MC_03_SPOT" value="ESKU5T-1A303-AA(A10Y00)"/>
				<Property id="PROPERTY_13256" name="WIRE_MC_03_SPOT" value="ESKU5T-1A303-AA(A10Y00)"/>
				<Property id="PROPERTY_13257" name="WIRE_LENGTH" value="1016"/>
				<Property id="PROPERTY_13258" name="WIRE_END2_MATL" value="(SN)"/>
				<Property id="PROPERTY_13259" name="WIRE_CSA" value="0.35"/>
				<Property id="PROPERTY_13260" name="WIRE_MIN_BEND_RADIUS" value="3"/>
				<Property id="PROPERTY_13261" name="WIRE_LEVEL" value="(ALL)"/>
				<Property id="PROPERTY_13262" name="WIRE_DEV_PIN_1" value="S2DB50-X:1"/>
				<Property id="PROPERTY_13263" name="WIRE_COLOR" value="BU/OG"/>
				<Property id="PROPERTY_13264" name="WIRE_SPEC" value="2UKD"/>
				<Property id="PROPERTY_13265" name="WIRE_DEV_PIN_2" value="C23-C1:10"/>
				<Property id="PROPERTY_13266" name="WIRE_NAME" value="VDB50XB"/>
				<Property id="PROPERTY_13267" name="WIRE_END2_TERM" value="9U5T-14474-DB"/>
				<Property id="PROPERTY_13268" name="WIRE_SIGNAL" value="VDB50"/>
				<Property id="PROPERTY_13269" name="HRN_FAMILY" value="14401"/>
				<Property id="PROPERTY_13270" name="WIRE_MULTICORE" value="TP_TA_VDB49XB"/>
				<Property id="PROPERTY_13271" name="WIRE_FPN" value="WIRE-2UKD-0.35-BU/OG"/>
				<Property id="PROPERTY_13272" name="WIRE_DIA_MAX" value="1.2"/>
				<BranchRoute id="BRR_571">
					<StartBranchPosition id="BR_POS_1405" branchId="BRANCH_c2-4e-0-4c0de1" branchNodeId="BN_79_9-190_058" offset="0"/>
					<PassBranchId>BRANCH_c2-4e-0-4c0ddd</PassBranchId>
					<PassBranchId>BRANCH_c2-4e-0-4c10dd</PassBranchId>
					<PassBranchId>BRANCH_c2-4e-0-4c1020</PassBranchId>
					<PassBranchId>BRANCH_c2-4e-0-4c1021</PassBranchId>
					<PassBranchId>BRANCH_c2-4e-0-4c10e7</PassBranchId>
					<PassBranchId>BRANCH_c2-4e-0-4c0fc5</PassBranchId>
					<PassBranchId>BRANCH_c2-4e-0-4c0fce</PassBranchId>
					<PassBranchId>BRANCH_c2-4e-0-4c0d1d</PassBranchId>
					<PassBranchId>BRANCH_35-4e-0-2efaf8</PassBranchId>
					<PassBranchId>BRANCH_c2-4e-0-4c10c0</PassBranchId>
					<PassBranchId>BRANCH_c2-4e-0-4c0fc8</PassBranchId>
					<PassBranchId>BRANCH_c2-4e-0-4c108d</PassBranchId>
					<PassBranchId>BRANCH_c2-4e-0-4c0d88</PassBranchId>
					<PassBranchId>BRANCH_c2-4e-0-4c109a</PassBranchId>
					<PassBranchId>BRANCH_c2-4e-0-4c0e16</PassBranchId>
					<PassBranchId>BRANCH_c2-4e-0-4c0fcb</PassBranchId>
					<PassBranchId>BRANCH_c2-4e-0-4c0dea</PassBranchId>
					<PassBranchId>BRANCH_c2-4e-0-4c0fd1</PassBranchId>
					<EndBranchPosition id="BR_POS_1406" branchId="BRANCH_c2-4e-0-4c0fd8" branchNodeId="BN_16400-384" offset="0"/>
				</BranchRoute>
			</WiringItem>
		</WiringItem>
		<WiringItem xsi:type="Bundle" id="BUNDLE_f7-6-0-12e684" name="TP_TA_VDB49XD" bundleType="twist">
			<AppRef name="E3.Series" version="2.14.5.0" guid="cfbd7980-28dd-45d1-b1f8-3a532e2510d1"/>
			<WiringItem xsi:type="Wire" id="WIRE_f7-c-0-12cd51" name="VDB49XD" signalId="SIGNAL_18-36-0-251cb5" cableType="WIRE-2UKD-0.35" wireName="YE/OG" fromPinId="PIN_f7-1e-0-12cd14" toPinId="PIN_b5-18-0-5541">
				<AppRef name="E3.Series" version="2.13.7.0" guid="375b084c-7856-43f6-a5dd-a0f9d08229e9"/>
				<Property id="PROPERTY_13273" name="WIRE_MC_03_SPOT" value="ESKU5T-1A303-AA(A10Y00)"/>
				<Property id="PROPERTY_13274" name="WIRE_MC_03_SPOT" value="ESKU5T-1A303-AA(A10Y00)"/>
				<Property id="PROPERTY_13275" name="WIRE_LENGTH" value="1349"/>
				<Property id="PROPERTY_13276" name="WIRE_END2_MATL" value="(SN)"/>
				<Property id="PROPERTY_13277" name="WIRE_CSA" value="0.35"/>
				<Property id="PROPERTY_13278" name="WIRE_MIN_BEND_RADIUS" value="3"/>
				<Property id="PROPERTY_13279" name="WIRE_OPTION" value="HT2AA"/>
				<Property id="PROPERTY_13280" name="WIRE_DEV_PIN_1" value="S2DB49-X:1"/>
				<Property id="PROPERTY_13281" name="WIRE_COLOR" value="YE/OG"/>
				<Property id="PROPERTY_13282" name="WIRE_SPEC" value="2UKD"/>
				<Property id="PROPERTY_13283" name="WIRE_LEVEL" value="(C-SHF)/(400W)/(7SPKR)/(TACH-L0)/(ACBRKR)/VA"/>
				<Property id="PROPERTY_13284" name="WIRE_DEV_PIN_2" value="C12-B2:1"/>
				<Property id="PROPERTY_13285" name="WIRE_NAME" value="VDB49XD"/>
				<Property id="PROPERTY_13286" name="WIRE_END2_TERM" value="3F2T-14474-SA"/>
				<Property id="PROPERTY_13287" name="WIRE_SIGNAL" value="VDB49"/>
				<Property id="PROPERTY_13288" name="HRN_FAMILY" value="14401"/>
				<Property id="PROPERTY_13289" name="WIRE_MULTICORE" value="TP_TA_VDB49XD"/>
				<Property id="PROPERTY_13290" name="WIRE_FPN" value="WIRE-2UKD-0.35-YE/OG"/>
				<Property id="PROPERTY_13291" name="WIRE_DIA_MAX" value="1.2"/>
				<Option id="OPTION_f7-c-0-12cd51_1" value="HT2AA"/>
				<BranchRoute id="BRR_572">
					<StartBranchPosition id="BR_POS_1407" branchId="BRANCH_c2-4e-0-4c0fd4" branchNodeId="BN_16352-384" offset="0"/>
					<PassBranchId>BRANCH_c2-4e-0-4c0fe8</PassBranchId>
					<PassBranchId>BRANCH_c2-4e-0-4c1009</PassBranchId>
					<PassBranchId>BRANCH_c2-4e-0-4c10cb</PassBranchId>
					<PassBranchId>BRANCH_c2-4e-0-4c10ec</PassBranchId>
					<PassBranchId>BRANCH_c2-4e-0-4c0de4</PassBranchId>
					<PassBranchId>BRANCH_1a-4e-0-18e01d0</PassBranchId>
					<PassBranchId>BRANCH_c2-4e-0-4c10c8</PassBranchId>
					<PassBranchId>BRANCH_eb-4e-0-678fca</PassBranchId>
					<PassBranchId>BRANCH_c2-4e-0-4c0e87</PassBranchId>
					<PassBranchId>BRANCH_c2-4e-0-4c0e8c</PassBranchId>
					<PassBranchId>BRANCH_c2-4e-0-4c0e7f</PassBranchId>
					<PassBranchId>BRANCH_c2-4e-0-4c0ef9</PassBranchId>
					<PassBranchId>BRANCH_c2-4e-0-4c0e70</PassBranchId>
					<PassBranchId>BRANCH_c2-4e-0-4c0d66</PassBranchId>
					<PassBranchId>BRANCH_c2-4e-0-4c0fe2</PassBranchId>
					<PassBranchId>BRANCH_c2-4e-0-4c0d5d</PassBranchId>
					<PassBranchId>BRANCH_c2-4e-0-4c0e62</PassBranchId>
					<EndBranchPosition id="BR_POS_1408" branchId="BRANCH_c2-4e-0-4c0d54" branchNodeId="BN_21712-184" offset="0"/>
				</BranchRoute>
			</WiringItem>
			<WiringItem xsi:type="Wire" id="WIRE_f7-c-0-12cdb8" name="VDB50XD" signalId="SIGNAL_18-36-0-251cc2" cableType="WIRE-2UKD-0.35" wireName="BU/OG" fromPinId="PIN_f7-1e-0-12cd18" toPinId="PIN_b5-18-0-5543">
				<AppRef name="E3.Series" version="2.13.7.0" guid="0e1c0690-0504-4de7-9d53-3cf2dfc1f858"/>
				<Property id="PROPERTY_13292" name="WIRE_MC_03_SPOT" value="ESKU5T-1A303-AA(A10Y00)"/>
				<Property id="PROPERTY_13293" name="WIRE_MC_03_SPOT" value="ESKU5T-1A303-AA(A10Y00)"/>
				<Property id="PROPERTY_13294" name="WIRE_LENGTH" value="1349"/>
				<Property id="PROPERTY_13295" name="WIRE_END2_MATL" value="(SN)"/>
				<Property id="PROPERTY_13296" name="WIRE_CSA" value="0.35"/>
				<Property id="PROPERTY_13297" name="WIRE_MIN_BEND_RADIUS" value="3"/>
				<Property id="PROPERTY_13298" name="WIRE_OPTION" value="HT2AA"/>
				<Property id="PROPERTY_13299" name="WIRE_DEV_PIN_1" value="S2DB50-X:1"/>
				<Property id="PROPERTY_13300" name="WIRE_COLOR" value="BU/OG"/>
				<Property id="PROPERTY_13301" name="WIRE_SPEC" value="2UKD"/>
				<Property id="PROPERTY_13302" name="WIRE_LEVEL" value="(C-SHF)/(400W)/(7SPKR)/(TACH-L0)/(ACBRKR)/VA"/>
				<Property id="PROPERTY_13303" name="WIRE_DEV_PIN_2" value="C12-B2:2"/>
				<Property id="PROPERTY_13304" name="WIRE_NAME" value="VDB50XD"/>
				<Property id="PROPERTY_13305" name="WIRE_END2_TERM" value="3F2T-14474-SA"/>
				<Property id="PROPERTY_13306" name="WIRE_SIGNAL" value="VDB50"/>
				<Property id="PROPERTY_13307" name="HRN_FAMILY" value="14401"/>
				<Property id="PROPERTY_13308" name="WIRE_MULTICORE" value="TP_TA_VDB49XD"/>
				<Property id="PROPERTY_13309" name="WIRE_FPN" value="WIRE-2UKD-0.35-BU/OG"/>
				<Property id="PROPERTY_13310" name="WIRE_DIA_MAX" value="1.2"/>
				<Option id="OPTION_f7-c-0-12cdb8_1" value="HT2AA"/>
				<BranchRoute id="BRR_573">
					<StartBranchPosition id="BR_POS_1409" branchId="BRANCH_c2-4e-0-4c0fd8" branchNodeId="BN_16400-384" offset="0"/>
					<PassBranchId>BRANCH_c2-4e-0-4c0fe8</PassBranchId>
					<PassBranchId>BRANCH_c2-4e-0-4c1009</PassBranchId>
					<PassBranchId>BRANCH_c2-4e-0-4c10cb</PassBranchId>
					<PassBranchId>BRANCH_c2-4e-0-4c10ec</PassBranchId>
					<PassBranchId>BRANCH_c2-4e-0-4c0de4</PassBranchId>
					<PassBranchId>BRANCH_1a-4e-0-18e01d0</PassBranchId>
					<PassBranchId>BRANCH_c2-4e-0-4c10c8</PassBranchId>
					<PassBranchId>BRANCH_eb-4e-0-678fca</PassBranchId>
					<PassBranchId>BRANCH_c2-4e-0-4c0e87</PassBranchId>
					<PassBranchId>BRANCH_c2-4e-0-4c0e8c</PassBranchId>
					<PassBranchId>BRANCH_c2-4e-0-4c0e7f</PassBranchId>
					<PassBranchId>BRANCH_c2-4e-0-4c0ef9</PassBranchId>
					<PassBranchId>BRANCH_c2-4e-0-4c0e70</PassBranchId>
					<PassBranchId>BRANCH_c2-4e-0-4c0d66</PassBranchId>
					<PassBranchId>BRANCH_c2-4e-0-4c0fe2</PassBranchId>
					<PassBranchId>BRANCH_c2-4e-0-4c0d5d</PassBranchId>
					<PassBranchId>BRANCH_c2-4e-0-4c0e62</PassBranchId>
					<EndBranchPosition id="BR_POS_1410" branchId="BRANCH_c2-4e-0-4c0d54" branchNodeId="BN_21712-184" offset="0"/>
				</BranchRoute>
			</WiringItem>
		</WiringItem>
		<WiringItem xsi:type="Bundle" id="BUNDLE_c4-6-0-405790" name="SH_DLF33EVD" bundleType="shield">
			<AppRef name="E3.Series" version="2.14.5.0" guid="470b1fb9-c70c-42a7-9282-64d2cd3e06b8"/>
			<WiringItem xsi:type="Wire" id="WIRE_c4-c-0-4054f9" name="DLF33EVD" signalId="SIGNAL_EMPTY" cableType="WIRE-3XAE-0.35" wireName="SCRN" fromPinId="PIN_b5-18-0-5505" toPinId="PIN_c4-18-0-404d02">
				<AppRef name="E3.Series" version="2.14.0.0" guid="03052baf-b8df-4c9a-a304-23aac2bc132d"/>
				<Property id="PROPERTY_7855" name="WIRE_MC_03_SPOT" value="ESKU5T-1A303-AA(A10Y00)"/>
				<Property id="PROPERTY_7856" name="WIRE_MC_03_SPOT" value="ESKU5T-1A303-AA(A10Y00)"/>
				<Property id="PROPERTY_7857" name="WIRE_LENGTH" value="1745"/>
				<Property id="PROPERTY_7858" name="WIRE_END2_MATL" value="(SN)"/>
				<Property id="PROPERTY_7859" name="WIRE_MC_01_FOIL" value="ESBU5T-1A303-AA(AD)"/>
				<Property id="PROPERTY_7860" name="WIRE_CSA" value="0.35"/>
				<Property id="PROPERTY_7861" name="WIRE_MC_02_TAPE" value="ESAC3T-1A303-AA(A30-00)"/>
				<Property id="PROPERTY_7862" name="WIRE_END1_CAVSEAL" value="ESF-M3L66-A"/>
				<Property id="PROPERTY_7863" name="WIRE_MIN_BEND_RADIUS" value="2.25"/>
				<Property id="PROPERTY_7864" name="WIRE_OPTION" value="HT2AC"/>
				<Property id="PROPERTY_7865" name="WIRE_DEV_PIN_1" value="C12-A2:7"/>
				<Property id="PROPERTY_7866" name="WIRE_COLOR" value="SCRN"/>
				<Property id="PROPERTY_7867" name="WIRE_SPEC" value="3XAE"/>
				<Property id="PROPERTY_7868" name="WIRE_END1_MATL" value="(SN)"/>
				<Property id="PROPERTY_7869" name="WIRE_LEVEL" value="(BEV)"/>
				<Property id="PROPERTY_7870" name="WIRE_END1_TERM" value="*8U5T-14474-BB"/>
				<Property id="PROPERTY_7871" name="WIRE_DEV_PIN_2" value="C2LF44EV:1"/>
				<Property id="PROPERTY_7872" name="WIRE_NAME" value="DLF33EVD"/>
				<Property id="PROPERTY_7873" name="WIRE_END2_TERM" value="*DU5T-14474-BA"/>
				<Property id="PROPERTY_7874" name="WIRE_END2_CAVSEAL" value="ESF-M3L66-A"/>
				<Property id="PROPERTY_7875" name="HRN_FAMILY" value="14401"/>
				<Property id="PROPERTY_7876" name="WIRE_MULTICORE" value="SH_DLF33EVD"/>
				<Property id="PROPERTY_7877" name="WIRE_FPN" value="WIRE-3XAE-0.35-SCRN"/>
				<Property id="PROPERTY_7878" name="WIRE_DIA_MAX" value="0.9"/>
				<Option id="OPTION_c4-c-0-4054f9_1" value="HT2AC"/>
				<BranchRoute id="BRR_270">
					<StartBranchPosition id="BR_POS_803" branchId="BRANCH_34-4e-0-81674d" branchNodeId="BN_8848-168" offset="0"/>
					<PassBranchId>BRANCH_34-4e-0-821a96</PassBranchId>
					<PassBranchId>BRANCH_34-4e-0-816749</PassBranchId>
					<PassBranchId>BRANCH_34-4e-0-816744</PassBranchId>
					<PassBranchId>BRANCH_34-4e-0-814498</PassBranchId>
					<PassBranchId>BRANCH_c2-4e-0-4c0fb4</PassBranchId>
					<PassBranchId>BRANCH_c2-4e-0-4c0f7e</PassBranchId>
					<PassBranchId>BRANCH_c2-4e-0-4c1005</PassBranchId>
					<PassBranchId>BRANCH_c2-4e-0-4c0f45</PassBranchId>
					<PassBranchId>BRANCH_c2-4e-0-4c0dea</PassBranchId>
					<PassBranchId>BRANCH_c2-4e-0-4c0fd1</PassBranchId>
					<PassBranchId>BRANCH_c2-4e-0-4c0fe8</PassBranchId>
					<PassBranchId>BRANCH_c2-4e-0-4c1009</PassBranchId>
					<PassBranchId>BRANCH_c2-4e-0-4c10cb</PassBranchId>
					<PassBranchId>BRANCH_c2-4e-0-4c10ec</PassBranchId>
					<PassBranchId>BRANCH_c2-4e-0-4c0de4</PassBranchId>
					<PassBranchId>BRANCH_1a-4e-0-18e01d0</PassBranchId>
					<PassBranchId>BRANCH_c2-4e-0-4c10c8</PassBranchId>
					<PassBranchId>BRANCH_eb-4e-0-678fca</PassBranchId>
					<PassBranchId>BRANCH_c2-4e-0-4c0e87</PassBranchId>
					<PassBranchId>BRANCH_c2-4e-0-4c0e8c</PassBranchId>
					<PassBranchId>BRANCH_c2-4e-0-4c0e7f</PassBranchId>
					<PassBranchId>BRANCH_c2-4e-0-4c0ef9</PassBranchId>
					<PassBranchId>BRANCH_c2-4e-0-4c0e70</PassBranchId>
					<PassBranchId>BRANCH_c2-4e-0-4c0d66</PassBranchId>
					<PassBranchId>BRANCH_c2-4e-0-4c0e5f</PassBranchId>
					<EndBranchPosition id="BR_POS_804" branchId="BRANCH_c2-4e-0-4c0d60" branchNodeId="BN_22052-256" offset="0"/>
				</BranchRoute>
			</WiringItem>
			<WiringItem xsi:type="Wire" id="WIRE_c4-c-0-4054ea" name="VLF33EVD" signalId="SIGNAL_2-36-0-4109" cableType="WIRE-2UKD-0.35" wireName="BU" fromPinId="PIN_c4-18-0-404d25" toPinId="PIN_b5-18-0-5504">
				<AppRef name="E3.Series" version="2.14.0.0" guid="b046983a-02cf-4e9a-a4c8-9fdfbd7c1305"/>
				<Property id="PROPERTY_7879" name="WIRE_LENGTH" value="1745"/>
				<Property id="PROPERTY_7880" name="WIRE_END2_MATL" value="(SN)"/>
				<Property id="PROPERTY_7881" name="WIRE_CSA" value="0.35"/>
				<Property id="PROPERTY_7882" name="WIRE_MIN_BEND_RADIUS" value="3"/>
				<Property id="PROPERTY_7883" name="WIRE_OPTION" value="HT2AC"/>
				<Property id="PROPERTY_7884" name="WIRE_DEV_PIN_1" value="C2LF44EV:10"/>
				<Property id="PROPERTY_7885" name="WIRE_COLOR" value="BU"/>
				<Property id="PROPERTY_7886" name="WIRE_SPEC" value="2UKD"/>
				<Property id="PROPERTY_7887" name="WIRE_END1_MATL" value="(SN)"/>
				<Property id="PROPERTY_7888" name="WIRE_LEVEL" value="(BEV)"/>
				<Property id="PROPERTY_7889" name="WIRE_END1_TERM" value="DU5T-14474-BA"/>
				<Property id="PROPERTY_7890" name="WIRE_DEV_PIN_2" value="C12-A2:6"/>
				<Property id="PROPERTY_7891" name="WIRE_NAME" value="VLF33EVD"/>
				<Property id="PROPERTY_7892" name="WIRE_END2_TERM" value="8U5T-14474-BB"/>
				<Property id="PROPERTY_7893" name="WIRE_SIGNAL" value="VLF33"/>
				<Property id="PROPERTY_7894" name="HRN_FAMILY" value="14401"/>
				<Property id="PROPERTY_7895" name="WIRE_MULTICORE" value="SH_DLF33EVD"/>
				<Property id="PROPERTY_7896" name="WIRE_FPN" value="WIRE-2UKD-0.35-BU"/>
				<Property id="PROPERTY_7897" name="WIRE_DIA_MAX" value="1.2"/>
				<Option id="OPTION_c4-c-0-4054ea_1" value="HT2AC"/>
				<BranchRoute id="BRR_271">
					<StartBranchPosition id="BR_POS_805" branchId="BRANCH_34-4e-0-81674d" branchNodeId="BN_8848-168" offset="0"/>
					<PassBranchId>BRANCH_34-4e-0-821a96</PassBranchId>
					<PassBranchId>BRANCH_34-4e-0-816749</PassBranchId>
					<PassBranchId>BRANCH_34-4e-0-816744</PassBranchId>
					<PassBranchId>BRANCH_34-4e-0-814498</PassBranchId>
					<PassBranchId>BRANCH_c2-4e-0-4c0fb4</PassBranchId>
					<PassBranchId>BRANCH_c2-4e-0-4c0f7e</PassBranchId>
					<PassBranchId>BRANCH_c2-4e-0-4c1005</PassBranchId>
					<PassBranchId>BRANCH_c2-4e-0-4c0f45</PassBranchId>
					<PassBranchId>BRANCH_c2-4e-0-4c0dea</PassBranchId>
					<PassBranchId>BRANCH_c2-4e-0-4c0fd1</PassBranchId>
					<PassBranchId>BRANCH_c2-4e-0-4c0fe8</PassBranchId>
					<PassBranchId>BRANCH_c2-4e-0-4c1009</PassBranchId>
					<PassBranchId>BRANCH_c2-4e-0-4c10cb</PassBranchId>
					<PassBranchId>BRANCH_c2-4e-0-4c10ec</PassBranchId>
					<PassBranchId>BRANCH_c2-4e-0-4c0de4</PassBranchId>
					<PassBranchId>BRANCH_1a-4e-0-18e01d0</PassBranchId>
					<PassBranchId>BRANCH_c2-4e-0-4c10c8</PassBranchId>
					<PassBranchId>BRANCH_eb-4e-0-678fca</PassBranchId>
					<PassBranchId>BRANCH_c2-4e-0-4c0e87</PassBranchId>
					<PassBranchId>BRANCH_c2-4e-0-4c0e8c</PassBranchId>
					<PassBranchId>BRANCH_c2-4e-0-4c0e7f</PassBranchId>
					<PassBranchId>BRANCH_c2-4e-0-4c0ef9</PassBranchId>
					<PassBranchId>BRANCH_c2-4e-0-4c0e70</PassBranchId>
					<PassBranchId>BRANCH_c2-4e-0-4c0d66</PassBranchId>
					<PassBranchId>BRANCH_c2-4e-0-4c0e5f</PassBranchId>
					<EndBranchPosition id="BR_POS_806" branchId="BRANCH_c2-4e-0-4c0d60" branchNodeId="BN_22052-256" offset="0"/>
				</BranchRoute>
			</WiringItem>
		</WiringItem>
		<WiringItem xsi:type="Bundle" id="BUNDLE_a1-6-0-9d287" name="TS_VME52B" bundleType="shield">
			<AppRef name="E3.Series" version="2.14.5.0" guid="9fa555d7-9163-42fb-886a-62fe4eef6a01"/>
			<WiringItem xsi:type="Wire" id="WIRE_95-c-0-e6c7e" name="DME52B" signalId="SIGNAL_2-36-0-3ec9" cableType="WIRE-3XAE-0.50" wireName="SCRN" fromPinId="PIN_87-18-0-152dc" toPinId="PIN_c2-1e-0-4bda1e">
				<AppRef name="E3.Series" version="2.13.7.0" guid="d3a1dd71-34ac-4c22-8c63-783b29bcbdfe"/>
				<Property id="PROPERTY_7898" name="WIRE_MC_03_SPOT" value="ESKU5T-1A303-AA(A10Y00)"/>
				<Property id="PROPERTY_7899" name="WIRE_LENGTH" value="1570"/>
				<Property id="PROPERTY_7900" name="WIRE_MC_01_FOIL" value="ESBU5T-1A303-AA(AD)"/>
				<Property id="PROPERTY_7901" name="WIRE_CSA" value="0.5"/>
				<Property id="PROPERTY_7902" name="WIRE_MC_02_TAPE" value="ESKU5T-1A303-AA(A30Y00)"/>
				<Property id="PROPERTY_7903" name="WIRE_END1_CAVSEAL" value="ESF-M3L66-A"/>
				<Property id="PROPERTY_7904" name="WIRE_MIN_BEND_RADIUS" value="2.75"/>
				<Property id="PROPERTY_7905" name="WIRE_OPTION" value="IEVAQ | IEVAR"/>
				<Property id="PROPERTY_7906" name="WIRE_DEV_PIN_1" value="C2MM01-A:22"/>
				<Property id="PROPERTY_7907" name="WIRE_COLOR" value="SCRN"/>
				<Property id="PROPERTY_7908" name="WIRE_SPEC" value="3XAE"/>
				<Property id="PROPERTY_7909" name="WIRE_END1_MATL" value="(SN)"/>
				<Property id="PROPERTY_7910" name="WIRE_LEVEL" value="(D-CAM)/(C-SHF)/(KWINV)/(8SPKR)/(F-SHF)/(BEV)"/>
				<Property id="PROPERTY_7911" name="WIRE_END1_TERM" value="9U5T-14474-DB"/>
				<Property id="PROPERTY_7912" name="WIRE_DEV_PIN_2" value="BC2-Splice:1"/>
				<Property id="PROPERTY_7913" name="WIRE_NAME" value="DME52B"/>
				<Property id="PROPERTY_7914" name="WIRE_SIGNAL" value="SBP19"/>
				<Property id="PROPERTY_7915" name="HRN_FAMILY" value="14401"/>
				<Property id="PROPERTY_7916" name="WIRE_MULTICORE" value="TS_VME52B"/>
				<Property id="PROPERTY_7917" name="WIRE_FPN" value="WIRE-3XAE-0.50-SCRN"/>
				<Property id="PROPERTY_7918" name="WIRE_DIA_MAX" value="1.1"/>
				<Option id="OPTION_95-c-0-e6c7e_1" value="IEVAQ | IEVAR"/>
				<BranchRoute id="BRR_272">
					<StartBranchPosition id="BR_POS_807" branchId="BRANCH_c2-4e-0-4c0e24" branchNodeId="BN_10880-224" offset="0"/>
					<PassBranchId>BRANCH_c2-4e-0-4c0e21</PassBranchId>
					<PassBranchId>BRANCH_22-4e-0-2ca187b</PassBranchId>
					<PassBranchId>BRANCH_c2-4e-0-4c0f6f</PassBranchId>
					<PassBranchId>BRANCH_c2-4e-0-4c0f6c</PassBranchId>
					<PassBranchId>BRANCH_c2-4e-0-4c0f66</PassBranchId>
					<PassBranchId>BRANCH_c2-4e-0-4c0fb7</PassBranchId>
					<PassBranchId>BRANCH_c2-4e-0-4c10a4</PassBranchId>
					<PassBranchId>BRANCH_c2-4e-0-4c0f7a</PassBranchId>
					<PassBranchId>BRANCH_35-4e-0-350133</PassBranchId>
					<PassBranchId>BRANCH_c2-4e-0-4c0f60</PassBranchId>
					<PassBranchId>BRANCH_c2-4e-0-4c1005</PassBranchId>
					<PassBranchId>BRANCH_c2-4e-0-4c0f45</PassBranchId>
					<PassBranchId>BRANCH_c2-4e-0-4c0dea</PassBranchId>
					<PassBranchId>BRANCH_c2-4e-0-4c0fd1</PassBranchId>
					<PassBranchId>BRANCH_c2-4e-0-4c0fe8</PassBranchId>
					<PassBranchId>BRANCH_c2-4e-0-4c1009</PassBranchId>
					<PassBranchId>BRANCH_c2-4e-0-4c10cb</PassBranchId>
					<PassBranchId>BRANCH_c2-4e-0-4c10ec</PassBranchId>
					<PassBranchId>BRANCH_c2-4e-0-4c1075</PassBranchId>
					<PassBranchId>BRANCH_c2-4e-0-4c106f</PassBranchId>
					<PassBranchId>BRANCH_c2-4e-0-4c1076</PassBranchId>
					<PassBranchId>BRANCH_c2-4e-0-4c0d05</PassBranchId>
					<PassBranchId>BRANCH_c2-4e-0-4c0f26</PassBranchId>
					<PassBranchId>BRANCH_c2-4e-0-4c0f29</PassBranchId>
					<EndBranchPosition id="BR_POS_808" branchId="BRANCH_c2-4e-0-4c0f2a" branchNodeId="BN_17720-164" offset="0"/>
				</BranchRoute>
			</WiringItem>
			<WiringItem xsi:type="Bundle" id="BUNDLE_a1-6-0-9d232" name="TP_VME52B" bundleType="twist">
				<AppRef name="E3.Series" version="2.14.5.0" guid="9b7a6646-ebfe-42c9-b7e9-11f4ad8b3061"/>
				<WiringItem xsi:type="Wire" id="WIRE_95-c-0-e5435" name="RME52B" signalId="SIGNAL_2-36-0-3c9f" cableType="WIRE-2UKD-0.35" wireName="GY/OG" fromPinId="PIN_58-18-0-f253e" toPinId="PIN_87-18-0-152b9">
					<AppRef name="E3.Series" version="2.13.7.0" guid="0fea94d5-acd5-4422-bbe6-65af7da1659f"/>
					<Property id="PROPERTY_7919" name="WIRE_LENGTH" value="1630"/>
					<Property id="PROPERTY_7920" name="WIRE_END2_MATL" value="(SN)"/>
					<Property id="PROPERTY_7921" name="WIRE_CSA" value="0.35"/>
					<Property id="PROPERTY_7922" name="WIRE_MIN_BEND_RADIUS" value="3"/>
					<Property id="PROPERTY_7923" name="WIRE_OPTION" value="IEVAQ | IEVAR"/>
					<Property id="PROPERTY_7924" name="WIRE_DEV_PIN_1" value="C2ME03-B:31"/>
					<Property id="PROPERTY_7925" name="WIRE_COLOR" value="GY/OG"/>
					<Property id="PROPERTY_7926" name="WIRE_SPEC" value="2UKD"/>
					<Property id="PROPERTY_7927" name="WIRE_END1_MATL" value="(SN)"/>
					<Property id="PROPERTY_7928" name="WIRE_LEVEL" value="(D-CAM)/(C-SHF)/(KWINV)/(8SPKR)/(F-SHF)/(BEV)"/>
					<Property id="PROPERTY_7929" name="WIRE_END1_TERM" value="DU5T-14474-EAB"/>
					<Property id="PROPERTY_7930" name="WIRE_DEV_PIN_2" value="C2MM01-A:24"/>
					<Property id="PROPERTY_7931" name="WIRE_NAME" value="RME52B"/>
					<Property id="PROPERTY_7932" name="WIRE_END2_TERM" value="9U5T-14474-DB"/>
					<Property id="PROPERTY_7933" name="WIRE_SIGNAL" value="RME52"/>
					<Property id="PROPERTY_7934" name="HRN_FAMILY" value="14401"/>
					<Property id="PROPERTY_7935" name="WIRE_MULTICORE" value="TP_VME52B"/>
					<Property id="PROPERTY_7936" name="WIRE_FPN" value="WIRE-2UKD-0.35-GY/OG"/>
					<Property id="PROPERTY_7937" name="WIRE_DIA_MAX" value="1.2"/>
					<Option id="OPTION_95-c-0-e5435_1" value="IEVAQ | IEVAR"/>
					<BranchRoute id="BRR_273">
						<StartBranchPosition id="BR_POS_809" branchId="BRANCH_c2-4e-0-4c0f72" branchNodeId="BN_10856-120" offset="0"/>
						<PassBranchId>BRANCH_c2-4e-0-4c0e4d</PassBranchId>
						<PassBranchId>BRANCH_c2-4e-0-4c0e21</PassBranchId>
						<PassBranchId>BRANCH_22-4e-0-2ca187b</PassBranchId>
						<PassBranchId>BRANCH_c2-4e-0-4c0f6f</PassBranchId>
						<PassBranchId>BRANCH_c2-4e-0-4c0f6c</PassBranchId>
						<PassBranchId>BRANCH_c2-4e-0-4c0f66</PassBranchId>
						<PassBranchId>BRANCH_c2-4e-0-4c0fb7</PassBranchId>
						<PassBranchId>BRANCH_c2-4e-0-4c10a4</PassBranchId>
						<PassBranchId>BRANCH_c2-4e-0-4c0f7a</PassBranchId>
						<PassBranchId>BRANCH_35-4e-0-350133</PassBranchId>
						<PassBranchId>BRANCH_c2-4e-0-4c0f60</PassBranchId>
						<PassBranchId>BRANCH_c2-4e-0-4c1005</PassBranchId>
						<PassBranchId>BRANCH_c2-4e-0-4c0f45</PassBranchId>
						<PassBranchId>BRANCH_c2-4e-0-4c0dea</PassBranchId>
						<PassBranchId>BRANCH_c2-4e-0-4c0fd1</PassBranchId>
						<PassBranchId>BRANCH_c2-4e-0-4c0fe8</PassBranchId>
						<PassBranchId>BRANCH_c2-4e-0-4c1009</PassBranchId>
						<PassBranchId>BRANCH_c2-4e-0-4c10cb</PassBranchId>
						<PassBranchId>BRANCH_c2-4e-0-4c10ec</PassBranchId>
						<PassBranchId>BRANCH_c2-4e-0-4c1075</PassBranchId>
						<PassBranchId>BRANCH_c2-4e-0-4c106f</PassBranchId>
						<PassBranchId>BRANCH_c2-4e-0-4c1076</PassBranchId>
						<PassBranchId>BRANCH_c2-4e-0-4c0d05</PassBranchId>
						<PassBranchId>BRANCH_c2-4e-0-4c0f26</PassBranchId>
						<PassBranchId>BRANCH_c2-4e-0-4c0f29</PassBranchId>
						<EndBranchPosition id="BR_POS_810" branchId="BRANCH_c2-4e-0-4c0f2a" branchNodeId="BN_17720-164" offset="0"/>
					</BranchRoute>
				</WiringItem>
				<WiringItem xsi:type="Wire" id="WIRE_95-c-0-e541d" name="VME52B" signalId="SIGNAL_2-36-0-4163" cableType="WIRE-2UKD-0.35" wireName="BU" fromPinId="PIN_b-18-0-117c6" toPinId="PIN_87-18-0-152b2">
					<AppRef name="E3.Series" version="2.13.7.0" guid="38a4548e-8294-47fa-be70-0384bf6cce75"/>
					<Property id="PROPERTY_7938" name="WIRE_LENGTH" value="1630"/>
					<Property id="PROPERTY_7939" name="WIRE_END2_MATL" value="(SN)"/>
					<Property id="PROPERTY_7940" name="WIRE_CSA" value="0.35"/>
					<Property id="PROPERTY_7941" name="WIRE_MIN_BEND_RADIUS" value="3"/>
					<Property id="PROPERTY_7942" name="WIRE_OPTION" value="IEVAQ | IEVAR"/>
					<Property id="PROPERTY_7943" name="WIRE_DEV_PIN_1" value="C2ME03-B:20"/>
					<Property id="PROPERTY_7944" name="WIRE_COLOR" value="BU"/>
					<Property id="PROPERTY_7945" name="WIRE_SPEC" value="2UKD"/>
					<Property id="PROPERTY_7946" name="WIRE_END1_MATL" value="(SN)"/>
					<Property id="PROPERTY_7947" name="WIRE_LEVEL" value="(D-CAM)/(C-SHF)/(KWINV)/(8SPKR)/(F-SHF)/(BEV)"/>
					<Property id="PROPERTY_7948" name="WIRE_END1_TERM" value="DU5T-14474-EAB"/>
					<Property id="PROPERTY_7949" name="WIRE_DEV_PIN_2" value="C2MM01-A:23"/>
					<Property id="PROPERTY_7950" name="WIRE_NAME" value="VME52B"/>
					<Property id="PROPERTY_7951" name="WIRE_END2_TERM" value="9U5T-14474-DB"/>
					<Property id="PROPERTY_7952" name="WIRE_SIGNAL" value="VME52"/>
					<Property id="PROPERTY_7953" name="HRN_FAMILY" value="14401"/>
					<Property id="PROPERTY_7954" name="WIRE_MULTICORE" value="TP_VME52B"/>
					<Property id="PROPERTY_7955" name="WIRE_FPN" value="WIRE-2UKD-0.35-BU"/>
					<Property id="PROPERTY_7956" name="WIRE_DIA_MAX" value="1.2"/>
					<Option id="OPTION_95-c-0-e541d_1" value="IEVAQ | IEVAR"/>
					<BranchRoute id="BRR_274">
						<StartBranchPosition id="BR_POS_811" branchId="BRANCH_c2-4e-0-4c0f72" branchNodeId="BN_10856-120" offset="0"/>
						<PassBranchId>BRANCH_c2-4e-0-4c0e4d</PassBranchId>
						<PassBranchId>BRANCH_c2-4e-0-4c0e21</PassBranchId>
						<PassBranchId>BRANCH_22-4e-0-2ca187b</PassBranchId>
						<PassBranchId>BRANCH_c2-4e-0-4c0f6f</PassBranchId>
						<PassBranchId>BRANCH_c2-4e-0-4c0f6c</PassBranchId>
						<PassBranchId>BRANCH_c2-4e-0-4c0f66</PassBranchId>
						<PassBranchId>BRANCH_c2-4e-0-4c0fb7</PassBranchId>
						<PassBranchId>BRANCH_c2-4e-0-4c10a4</PassBranchId>
						<PassBranchId>BRANCH_c2-4e-0-4c0f7a</PassBranchId>
						<PassBranchId>BRANCH_35-4e-0-350133</PassBranchId>
						<PassBranchId>BRANCH_c2-4e-0-4c0f60</PassBranchId>
						<PassBranchId>BRANCH_c2-4e-0-4c1005</PassBranchId>
						<PassBranchId>BRANCH_c2-4e-0-4c0f45</PassBranchId>
						<PassBranchId>BRANCH_c2-4e-0-4c0dea</PassBranchId>
						<PassBranchId>BRANCH_c2-4e-0-4c0fd1</PassBranchId>
						<PassBranchId>BRANCH_c2-4e-0-4c0fe8</PassBranchId>
						<PassBranchId>BRANCH_c2-4e-0-4c1009</PassBranchId>
						<PassBranchId>BRANCH_c2-4e-0-4c10cb</PassBranchId>
						<PassBranchId>BRANCH_c2-4e-0-4c10ec</PassBranchId>
						<PassBranchId>BRANCH_c2-4e-0-4c1075</PassBranchId>
						<PassBranchId>BRANCH_c2-4e-0-4c106f</PassBranchId>
						<PassBranchId>BRANCH_c2-4e-0-4c1076</PassBranchId>
						<PassBranchId>BRANCH_c2-4e-0-4c0d05</PassBranchId>
						<PassBranchId>BRANCH_c2-4e-0-4c0f26</PassBranchId>
						<PassBranchId>BRANCH_c2-4e-0-4c0f29</PassBranchId>
						<EndBranchPosition id="BR_POS_812" branchId="BRANCH_c2-4e-0-4c0f2a" branchNodeId="BN_17720-164" offset="0"/>
					</BranchRoute>
				</WiringItem>
			</WiringItem>
			<WiringItem xsi:type="Bundle" id="BUNDLE_a1-6-0-9d23a" name="TP_VME53B" bundleType="twist">
				<AppRef name="E3.Series" version="2.14.5.0" guid="5589f2c4-6a00-4060-b503-85d3ae24cc47"/>
				<WiringItem xsi:type="Wire" id="WIRE_95-c-0-e5465" name="RME53B" signalId="SIGNAL_2-36-0-3ca0" cableType="WIRE-2UKD-0.35" wireName="BN/WH" fromPinId="PIN_58-18-0-f2542" toPinId="PIN_87-18-0-152c7">
					<AppRef name="E3.Series" version="2.13.7.0" guid="8a3322cc-7e0e-44fd-830d-dbd07c03a7b4"/>
					<Property id="PROPERTY_7957" name="WIRE_LENGTH" value="1630"/>
					<Property id="PROPERTY_7958" name="WIRE_END2_MATL" value="(SN)"/>
					<Property id="PROPERTY_7959" name="WIRE_CSA" value="0.35"/>
					<Property id="PROPERTY_7960" name="WIRE_MIN_BEND_RADIUS" value="3"/>
					<Property id="PROPERTY_7961" name="WIRE_OPTION" value="IEVAQ | IEVAR"/>
					<Property id="PROPERTY_7962" name="WIRE_DEV_PIN_1" value="C2ME03-B:32"/>
					<Property id="PROPERTY_7963" name="WIRE_COLOR" value="BN/WH"/>
					<Property id="PROPERTY_7964" name="WIRE_SPEC" value="2UKD"/>
					<Property id="PROPERTY_7965" name="WIRE_END1_MATL" value="(SN)"/>
					<Property id="PROPERTY_7966" name="WIRE_LEVEL" value="(D-CAM)/(C-SHF)/(KWINV)/(8SPKR)/(F-SHF)/(BEV)"/>
					<Property id="PROPERTY_7967" name="WIRE_END1_TERM" value="DU5T-14474-EAB"/>
					<Property id="PROPERTY_7968" name="WIRE_DEV_PIN_2" value="C2MM01-A:26"/>
					<Property id="PROPERTY_7969" name="WIRE_NAME" value="RME53B"/>
					<Property id="PROPERTY_7970" name="WIRE_END2_TERM" value="9U5T-14474-DB"/>
					<Property id="PROPERTY_7971" name="WIRE_SIGNAL" value="RME53"/>
					<Property id="PROPERTY_7972" name="HRN_FAMILY" value="14401"/>
					<Property id="PROPERTY_7973" name="WIRE_MULTICORE" value="TP_VME53B"/>
					<Property id="PROPERTY_7974" name="WIRE_FPN" value="WIRE-2UKD-0.35-BN/WH"/>
					<Property id="PROPERTY_7975" name="WIRE_DIA_MAX" value="1.2"/>
					<Option id="OPTION_95-c-0-e5465_1" value="IEVAQ | IEVAR"/>
					<BranchRoute id="BRR_275">
						<StartBranchPosition id="BR_POS_813" branchId="BRANCH_c2-4e-0-4c0f72" branchNodeId="BN_10856-120" offset="0"/>
						<PassBranchId>BRANCH_c2-4e-0-4c0e4d</PassBranchId>
						<PassBranchId>BRANCH_c2-4e-0-4c0e21</PassBranchId>
						<PassBranchId>BRANCH_22-4e-0-2ca187b</PassBranchId>
						<PassBranchId>BRANCH_c2-4e-0-4c0f6f</PassBranchId>
						<PassBranchId>BRANCH_c2-4e-0-4c0f6c</PassBranchId>
						<PassBranchId>BRANCH_c2-4e-0-4c0f66</PassBranchId>
						<PassBranchId>BRANCH_c2-4e-0-4c0fb7</PassBranchId>
						<PassBranchId>BRANCH_c2-4e-0-4c10a4</PassBranchId>
						<PassBranchId>BRANCH_c2-4e-0-4c0f7a</PassBranchId>
						<PassBranchId>BRANCH_35-4e-0-350133</PassBranchId>
						<PassBranchId>BRANCH_c2-4e-0-4c0f60</PassBranchId>
						<PassBranchId>BRANCH_c2-4e-0-4c1005</PassBranchId>
						<PassBranchId>BRANCH_c2-4e-0-4c0f45</PassBranchId>
						<PassBranchId>BRANCH_c2-4e-0-4c0dea</PassBranchId>
						<PassBranchId>BRANCH_c2-4e-0-4c0fd1</PassBranchId>
						<PassBranchId>BRANCH_c2-4e-0-4c0fe8</PassBranchId>
						<PassBranchId>BRANCH_c2-4e-0-4c1009</PassBranchId>
						<PassBranchId>BRANCH_c2-4e-0-4c10cb</PassBranchId>
						<PassBranchId>BRANCH_c2-4e-0-4c10ec</PassBranchId>
						<PassBranchId>BRANCH_c2-4e-0-4c1075</PassBranchId>
						<PassBranchId>BRANCH_c2-4e-0-4c106f</PassBranchId>
						<PassBranchId>BRANCH_c2-4e-0-4c1076</PassBranchId>
						<PassBranchId>BRANCH_c2-4e-0-4c0d05</PassBranchId>
						<PassBranchId>BRANCH_c2-4e-0-4c0f26</PassBranchId>
						<PassBranchId>BRANCH_c2-4e-0-4c0f29</PassBranchId>
						<EndBranchPosition id="BR_POS_814" branchId="BRANCH_c2-4e-0-4c0f2a" branchNodeId="BN_17720-164" offset="0"/>
					</BranchRoute>
				</WiringItem>
				<WiringItem xsi:type="Wire" id="WIRE_95-c-0-e544d" name="VME53B" signalId="SIGNAL_2-36-0-4164" cableType="WIRE-2UKD-0.35" wireName="VT/GN" fromPinId="PIN_b-18-0-1183a" toPinId="PIN_87-18-0-152c0">
					<AppRef name="E3.Series" version="2.13.7.0" guid="b1a13e20-e488-48e6-b5bc-ff90091ce451"/>
					<Property id="PROPERTY_7976" name="WIRE_LENGTH" value="1630"/>
					<Property id="PROPERTY_7977" name="WIRE_END2_MATL" value="(SN)"/>
					<Property id="PROPERTY_7978" name="WIRE_CSA" value="0.35"/>
					<Property id="PROPERTY_7979" name="WIRE_MIN_BEND_RADIUS" value="3"/>
					<Property id="PROPERTY_7980" name="WIRE_OPTION" value="IEVAQ | IEVAR"/>
					<Property id="PROPERTY_7981" name="WIRE_DEV_PIN_1" value="C2ME03-B:21"/>
					<Property id="PROPERTY_7982" name="WIRE_COLOR" value="VT/GN"/>
					<Property id="PROPERTY_7983" name="WIRE_SPEC" value="2UKD"/>
					<Property id="PROPERTY_7984" name="WIRE_END1_MATL" value="(SN)"/>
					<Property id="PROPERTY_7985" name="WIRE_LEVEL" value="(D-CAM)/(C-SHF)/(KWINV)/(8SPKR)/(F-SHF)/(BEV)"/>
					<Property id="PROPERTY_7986" name="WIRE_END1_TERM" value="DU5T-14474-EAB"/>
					<Property id="PROPERTY_7987" name="WIRE_DEV_PIN_2" value="C2MM01-A:25"/>
					<Property id="PROPERTY_7988" name="WIRE_NAME" value="VME53B"/>
					<Property id="PROPERTY_7989" name="WIRE_END2_TERM" value="9U5T-14474-DB"/>
					<Property id="PROPERTY_7990" name="WIRE_SIGNAL" value="VME53"/>
					<Property id="PROPERTY_7991" name="HRN_FAMILY" value="14401"/>
					<Property id="PROPERTY_7992" name="WIRE_MULTICORE" value="TP_VME53B"/>
					<Property id="PROPERTY_7993" name="WIRE_FPN" value="WIRE-2UKD-0.35-VT/GN"/>
					<Property id="PROPERTY_7994" name="WIRE_DIA_MAX" value="1.2"/>
					<Option id="OPTION_95-c-0-e544d_1" value="IEVAQ | IEVAR"/>
					<BranchRoute id="BRR_276">
						<StartBranchPosition id="BR_POS_815" branchId="BRANCH_c2-4e-0-4c0f72" branchNodeId="BN_10856-120" offset="0"/>
						<PassBranchId>BRANCH_c2-4e-0-4c0e4d</PassBranchId>
						<PassBranchId>BRANCH_c2-4e-0-4c0e21</PassBranchId>
						<PassBranchId>BRANCH_22-4e-0-2ca187b</PassBranchId>
						<PassBranchId>BRANCH_c2-4e-0-4c0f6f</PassBranchId>
						<PassBranchId>BRANCH_c2-4e-0-4c0f6c</PassBranchId>
						<PassBranchId>BRANCH_c2-4e-0-4c0f66</PassBranchId>
						<PassBranchId>BRANCH_c2-4e-0-4c0fb7</PassBranchId>
						<PassBranchId>BRANCH_c2-4e-0-4c10a4</PassBranchId>
						<PassBranchId>BRANCH_c2-4e-0-4c0f7a</PassBranchId>
						<PassBranchId>BRANCH_35-4e-0-350133</PassBranchId>
						<PassBranchId>BRANCH_c2-4e-0-4c0f60</PassBranchId>
						<PassBranchId>BRANCH_c2-4e-0-4c1005</PassBranchId>
						<PassBranchId>BRANCH_c2-4e-0-4c0f45</PassBranchId>
						<PassBranchId>BRANCH_c2-4e-0-4c0dea</PassBranchId>
						<PassBranchId>BRANCH_c2-4e-0-4c0fd1</PassBranchId>
						<PassBranchId>BRANCH_c2-4e-0-4c0fe8</PassBranchId>
						<PassBranchId>BRANCH_c2-4e-0-4c1009</PassBranchId>
						<PassBranchId>BRANCH_c2-4e-0-4c10cb</PassBranchId>
						<PassBranchId>BRANCH_c2-4e-0-4c10ec</PassBranchId>
						<PassBranchId>BRANCH_c2-4e-0-4c1075</PassBranchId>
						<PassBranchId>BRANCH_c2-4e-0-4c106f</PassBranchId>
						<PassBranchId>BRANCH_c2-4e-0-4c1076</PassBranchId>
						<PassBranchId>BRANCH_c2-4e-0-4c0d05</PassBranchId>
						<PassBranchId>BRANCH_c2-4e-0-4c0f26</PassBranchId>
						<PassBranchId>BRANCH_c2-4e-0-4c0f29</PassBranchId>
						<EndBranchPosition id="BR_POS_816" branchId="BRANCH_c2-4e-0-4c0f2a" branchNodeId="BN_17720-164" offset="0"/>
					</BranchRoute>
				</WiringItem>
			</WiringItem>
			<WiringItem xsi:type="Bundle" id="BUNDLE_a1-6-0-9d242" name="TP_VME80B" bundleType="twist">
				<AppRef name="E3.Series" version="2.14.5.0" guid="c28bee43-79a1-421d-a15e-8061e38a78a3"/>
				<WiringItem xsi:type="Wire" id="WIRE_95-c-0-e54c5" name="RME80B" signalId="SIGNAL_2-36-0-3cb6" cableType="WIRE-2UKD-0.35" wireName="BU/GY" fromPinId="PIN_58-18-0-f253a" toPinId="PIN_87-18-0-152d5">
					<AppRef name="E3.Series" version="2.13.7.0" guid="365e75ef-5452-4fce-a2c8-6cc461f1e030"/>
					<Property id="PROPERTY_7995" name="WIRE_LENGTH" value="1630"/>
					<Property id="PROPERTY_7996" name="WIRE_END2_MATL" value="(SN)"/>
					<Property id="PROPERTY_7997" name="WIRE_CSA" value="0.35"/>
					<Property id="PROPERTY_7998" name="WIRE_MIN_BEND_RADIUS" value="3"/>
					<Property id="PROPERTY_7999" name="WIRE_OPTION" value="IEVAQ | IEVAR"/>
					<Property id="PROPERTY_8000" name="WIRE_DEV_PIN_1" value="C2ME03-B:30"/>
					<Property id="PROPERTY_8001" name="WIRE_COLOR" value="BU/GY"/>
					<Property id="PROPERTY_8002" name="WIRE_SPEC" value="2UKD"/>
					<Property id="PROPERTY_8003" name="WIRE_END1_MATL" value="(SN)"/>
					<Property id="PROPERTY_8004" name="WIRE_LEVEL" value="(D-CAM)/(C-SHF)/(KWINV)/(8SPKR)/(F-SHF)/(BEV)"/>
					<Property id="PROPERTY_8005" name="WIRE_END1_TERM" value="DU5T-14474-EAB"/>
					<Property id="PROPERTY_8006" name="WIRE_DEV_PIN_2" value="C2MM01-A:4"/>
					<Property id="PROPERTY_8007" name="WIRE_NAME" value="RME80B"/>
					<Property id="PROPERTY_8008" name="WIRE_END2_TERM" value="9U5T-14474-DB"/>
					<Property id="PROPERTY_8009" name="WIRE_SIGNAL" value="RME80"/>
					<Property id="PROPERTY_8010" name="HRN_FAMILY" value="14401"/>
					<Property id="PROPERTY_8011" name="WIRE_MULTICORE" value="TP_VME80B"/>
					<Property id="PROPERTY_8012" name="WIRE_FPN" value="WIRE-2UKD-0.35-BU/GY"/>
					<Property id="PROPERTY_8013" name="WIRE_DIA_MAX" value="1.2"/>
					<Option id="OPTION_95-c-0-e54c5_1" value="IEVAQ | IEVAR"/>
					<BranchRoute id="BRR_277">
						<StartBranchPosition id="BR_POS_817" branchId="BRANCH_c2-4e-0-4c0f72" branchNodeId="BN_10856-120" offset="0"/>
						<PassBranchId>BRANCH_c2-4e-0-4c0e4d</PassBranchId>
						<PassBranchId>BRANCH_c2-4e-0-4c0e21</PassBranchId>
						<PassBranchId>BRANCH_22-4e-0-2ca187b</PassBranchId>
						<PassBranchId>BRANCH_c2-4e-0-4c0f6f</PassBranchId>
						<PassBranchId>BRANCH_c2-4e-0-4c0f6c</PassBranchId>
						<PassBranchId>BRANCH_c2-4e-0-4c0f66</PassBranchId>
						<PassBranchId>BRANCH_c2-4e-0-4c0fb7</PassBranchId>
						<PassBranchId>BRANCH_c2-4e-0-4c10a4</PassBranchId>
						<PassBranchId>BRANCH_c2-4e-0-4c0f7a</PassBranchId>
						<PassBranchId>BRANCH_35-4e-0-350133</PassBranchId>
						<PassBranchId>BRANCH_c2-4e-0-4c0f60</PassBranchId>
						<PassBranchId>BRANCH_c2-4e-0-4c1005</PassBranchId>
						<PassBranchId>BRANCH_c2-4e-0-4c0f45</PassBranchId>
						<PassBranchId>BRANCH_c2-4e-0-4c0dea</PassBranchId>
						<PassBranchId>BRANCH_c2-4e-0-4c0fd1</PassBranchId>
						<PassBranchId>BRANCH_c2-4e-0-4c0fe8</PassBranchId>
						<PassBranchId>BRANCH_c2-4e-0-4c1009</PassBranchId>
						<PassBranchId>BRANCH_c2-4e-0-4c10cb</PassBranchId>
						<PassBranchId>BRANCH_c2-4e-0-4c10ec</PassBranchId>
						<PassBranchId>BRANCH_c2-4e-0-4c1075</PassBranchId>
						<PassBranchId>BRANCH_c2-4e-0-4c106f</PassBranchId>
						<PassBranchId>BRANCH_c2-4e-0-4c1076</PassBranchId>
						<PassBranchId>BRANCH_c2-4e-0-4c0d05</PassBranchId>
						<PassBranchId>BRANCH_c2-4e-0-4c0f26</PassBranchId>
						<PassBranchId>BRANCH_c2-4e-0-4c0f29</PassBranchId>
						<EndBranchPosition id="BR_POS_818" branchId="BRANCH_c2-4e-0-4c0f2a" branchNodeId="BN_17720-164" offset="0"/>
					</BranchRoute>
				</WiringItem>
				<WiringItem xsi:type="Wire" id="WIRE_95-c-0-e5494" name="VME80B" signalId="SIGNAL_2-36-0-417e" cableType="WIRE-2UKD-0.35" wireName="VT/GN" fromPinId="PIN_b-18-0-1180a" toPinId="PIN_87-18-0-152ce">
					<AppRef name="E3.Series" version="2.13.7.0" guid="44d9c76e-3299-4db1-b053-a4fd1b080c8b"/>
					<Property id="PROPERTY_8014" name="WIRE_LENGTH" value="1630"/>
					<Property id="PROPERTY_8015" name="WIRE_END2_MATL" value="(SN)"/>
					<Property id="PROPERTY_8016" name="WIRE_CSA" value="0.35"/>
					<Property id="PROPERTY_8017" name="WIRE_MIN_BEND_RADIUS" value="3"/>
					<Property id="PROPERTY_8018" name="WIRE_OPTION" value="IEVAQ | IEVAR"/>
					<Property id="PROPERTY_8019" name="WIRE_DEV_PIN_1" value="C2ME03-B:19"/>
					<Property id="PROPERTY_8020" name="WIRE_COLOR" value="VT/GN"/>
					<Property id="PROPERTY_8021" name="WIRE_SPEC" value="2UKD"/>
					<Property id="PROPERTY_8022" name="WIRE_END1_MATL" value="(SN)"/>
					<Property id="PROPERTY_8023" name="WIRE_LEVEL" value="(D-CAM)/(C-SHF)/(KWINV)/(8SPKR)/(F-SHF)/(BEV)"/>
					<Property id="PROPERTY_8024" name="WIRE_END1_TERM" value="DU5T-14474-EAB"/>
					<Property id="PROPERTY_8025" name="WIRE_DEV_PIN_2" value="C2MM01-A:3"/>
					<Property id="PROPERTY_8026" name="WIRE_NAME" value="VME80B"/>
					<Property id="PROPERTY_8027" name="WIRE_END2_TERM" value="9U5T-14474-DB"/>
					<Property id="PROPERTY_8028" name="WIRE_SIGNAL" value="VME80"/>
					<Property id="PROPERTY_8029" name="HRN_FAMILY" value="14401"/>
					<Property id="PROPERTY_8030" name="WIRE_MULTICORE" value="TP_VME80B"/>
					<Property id="PROPERTY_8031" name="WIRE_FPN" value="WIRE-2UKD-0.35-VT/GN"/>
					<Property id="PROPERTY_8032" name="WIRE_DIA_MAX" value="1.2"/>
					<Option id="OPTION_95-c-0-e5494_1" value="IEVAQ | IEVAR"/>
					<BranchRoute id="BRR_278">
						<StartBranchPosition id="BR_POS_819" branchId="BRANCH_c2-4e-0-4c0f72" branchNodeId="BN_10856-120" offset="0"/>
						<PassBranchId>BRANCH_c2-4e-0-4c0e4d</PassBranchId>
						<PassBranchId>BRANCH_c2-4e-0-4c0e21</PassBranchId>
						<PassBranchId>BRANCH_22-4e-0-2ca187b</PassBranchId>
						<PassBranchId>BRANCH_c2-4e-0-4c0f6f</PassBranchId>
						<PassBranchId>BRANCH_c2-4e-0-4c0f6c</PassBranchId>
						<PassBranchId>BRANCH_c2-4e-0-4c0f66</PassBranchId>
						<PassBranchId>BRANCH_c2-4e-0-4c0fb7</PassBranchId>
						<PassBranchId>BRANCH_c2-4e-0-4c10a4</PassBranchId>
						<PassBranchId>BRANCH_c2-4e-0-4c0f7a</PassBranchId>
						<PassBranchId>BRANCH_35-4e-0-350133</PassBranchId>
						<PassBranchId>BRANCH_c2-4e-0-4c0f60</PassBranchId>
						<PassBranchId>BRANCH_c2-4e-0-4c1005</PassBranchId>
						<PassBranchId>BRANCH_c2-4e-0-4c0f45</PassBranchId>
						<PassBranchId>BRANCH_c2-4e-0-4c0dea</PassBranchId>
						<PassBranchId>BRANCH_c2-4e-0-4c0fd1</PassBranchId>
						<PassBranchId>BRANCH_c2-4e-0-4c0fe8</PassBranchId>
						<PassBranchId>BRANCH_c2-4e-0-4c1009</PassBranchId>
						<PassBranchId>BRANCH_c2-4e-0-4c10cb</PassBranchId>
						<PassBranchId>BRANCH_c2-4e-0-4c10ec</PassBranchId>
						<PassBranchId>BRANCH_c2-4e-0-4c1075</PassBranchId>
						<PassBranchId>BRANCH_c2-4e-0-4c106f</PassBranchId>
						<PassBranchId>BRANCH_c2-4e-0-4c1076</PassBranchId>
						<PassBranchId>BRANCH_c2-4e-0-4c0d05</PassBranchId>
						<PassBranchId>BRANCH_c2-4e-0-4c0f26</PassBranchId>
						<PassBranchId>BRANCH_c2-4e-0-4c0f29</PassBranchId>
						<EndBranchPosition id="BR_POS_820" branchId="BRANCH_c2-4e-0-4c0f2a" branchNodeId="BN_17720-164" offset="0"/>
					</BranchRoute>
				</WiringItem>
			</WiringItem>
		</WiringItem>
		<WiringItem xsi:type="Bundle" id="BUNDLE_a1-6-0-9d28c" name="TS_VMM13F" bundleType="shield">
			<AppRef name="E3.Series" version="2.14.5.0" guid="3837a5c3-1ecd-477b-8b15-23b8f52c872d"/>
			<WiringItem xsi:type="Wire" id="WIRE_95-c-0-e6d54" name="DMM13F" signalId="SIGNAL_2-36-0-3ccd" cableType="WIRE-3XAE-0.50" wireName="SCRN" fromPinId="PIN_73-18-0-9c0a" toPinId="PIN_87-18-0-151ce">
				<AppRef name="E3.Series" version="2.13.7.0" guid="1c8c1abe-9d6b-43f7-ba4d-4dbbf98ed113"/>
				<Property id="PROPERTY_8033" name="WIRE_LENGTH" value="1582"/>
				<Property id="PROPERTY_8034" name="WIRE_END2_MATL" value="(SN)"/>
				<Property id="PROPERTY_8035" name="WIRE_MC_01_FOIL" value="ESBU5T-1A303-AA(AD)"/>
				<Property id="PROPERTY_8036" name="WIRE_END2_CAVSEAL" value="ESF-M3L66-A"/>
				<Property id="PROPERTY_8037" name="WIRE_CSA" value="0.5"/>
				<Property id="PROPERTY_8038" name="WIRE_MC_02_TAPE" value="ESAC3T-1A303-AA(A30-00)"/>
				<Property id="PROPERTY_8039" name="WIRE_END1_CAVSEAL" value="ESF-M3L66-A"/>
				<Property id="PROPERTY_8040" name="WIRE_MIN_BEND_RADIUS" value="2.75"/>
				<Property id="PROPERTY_8041" name="WIRE_OPTION" value="IEVAQ | IEVAR"/>
				<Property id="PROPERTY_8042" name="WIRE_DEV_PIN_1" value="C23-E1:3"/>
				<Property id="PROPERTY_8043" name="WIRE_COLOR" value="SCRN"/>
				<Property id="PROPERTY_8044" name="WIRE_SPEC" value="3XAE"/>
				<Property id="PROPERTY_8045" name="WIRE_END1_MATL" value="(SN)"/>
				<Property id="PROPERTY_8046" name="WIRE_LEVEL" value="(D-CAM)/(C-SHF)/(KWINV)/(8SPKR)/(F-SHF)/(BEV)"/>
				<Property id="PROPERTY_8047" name="WIRE_END1_TERM" value="9U5T-14474-LA"/>
				<Property id="PROPERTY_8048" name="WIRE_DEV_PIN_2" value="C2MM01-A:31"/>
				<Property id="PROPERTY_8049" name="WIRE_NAME" value="DMM13F"/>
				<Property id="PROPERTY_8050" name="WIRE_END2_TERM" value="9U5T-14474-DB"/>
				<Property id="PROPERTY_8051" name="WIRE_SIGNAL" value="RMM13"/>
				<Property id="PROPERTY_8052" name="HRN_FAMILY" value="14401"/>
				<Property id="PROPERTY_8053" name="WIRE_MULTICORE" value="TS_VMM13F"/>
				<Property id="PROPERTY_8054" name="WIRE_FPN" value="WIRE-3XAE-0.50-SCRN"/>
				<Property id="PROPERTY_8055" name="WIRE_DIA_MAX" value="1.1"/>
				<Option id="OPTION_95-c-0-e6d54_1" value="IEVAQ | IEVAR"/>
				<BranchRoute id="BRR_279">
					<StartBranchPosition id="BR_POS_821" branchId="BRANCH_c2-4e-0-4c0f2a" branchNodeId="BN_17720-164" offset="0"/>
					<PassBranchId>BRANCH_c2-4e-0-4c0f29</PassBranchId>
					<PassBranchId>BRANCH_c2-4e-0-4c0f26</PassBranchId>
					<PassBranchId>BRANCH_c2-4e-0-4c0d05</PassBranchId>
					<PassBranchId>BRANCH_c2-4e-0-4c1076</PassBranchId>
					<PassBranchId>BRANCH_c2-4e-0-4c1087</PassBranchId>
					<PassBranchId>BRANCH_c2-4e-0-4c1083</PassBranchId>
					<PassBranchId>BRANCH_c2-4e-0-4c0f89</PassBranchId>
					<PassBranchId>BRANCH_c2-4e-0-4c0f18</PassBranchId>
					<PassBranchId>BRANCH_c2-4e-0-4c0f88</PassBranchId>
					<PassBranchId>BRANCH_c2-4e-0-4c0e97</PassBranchId>
					<PassBranchId>BRANCH_c2-4e-0-4c10ce</PassBranchId>
					<PassBranchId>BRANCH_c2-4e-0-4c0e9b</PassBranchId>
					<PassBranchId>BRANCH_c2-4e-0-4c10f5</PassBranchId>
					<PassBranchId>BRANCH_c2-4e-0-4c0dfa</PassBranchId>
					<EndBranchPosition id="BR_POS_822" branchId="BRANCH_c2-4e-0-4c0f1c" branchNodeId="BN_18448-168" offset="0"/>
				</BranchRoute>
			</WiringItem>
			<WiringItem xsi:type="Bundle" id="BUNDLE_a1-6-0-9d252" name="TP_VMM13F" bundleType="twist">
				<AppRef name="E3.Series" version="2.14.5.0" guid="f8cf20d4-863d-4a96-92e8-f93460ac36a3"/>
				<WiringItem xsi:type="Wire" id="WIRE_95-c-0-e5225" name="RMM13F" signalId="SIGNAL_2-36-0-3ccd" cableType="WIRE-2UKD-0.35" wireName="BU" fromPinId="PIN_73-18-0-9c05" toPinId="PIN_87-18-0-1525e">
					<AppRef name="E3.Series" version="2.13.7.0" guid="6e6182e0-e9f2-40ed-80d0-e5de4ff1522c"/>
					<Property id="PROPERTY_8056" name="WIRE_LENGTH" value="1592"/>
					<Property id="PROPERTY_8057" name="WIRE_END2_MATL" value="(SN)"/>
					<Property id="PROPERTY_8058" name="WIRE_CSA" value="0.35"/>
					<Property id="PROPERTY_8059" name="WIRE_MIN_BEND_RADIUS" value="3"/>
					<Property id="PROPERTY_8060" name="WIRE_OPTION" value="IEVAQ | IEVAR"/>
					<Property id="PROPERTY_8061" name="WIRE_DEV_PIN_1" value="C23-E1:2"/>
					<Property id="PROPERTY_8062" name="WIRE_COLOR" value="BU"/>
					<Property id="PROPERTY_8063" name="WIRE_SPEC" value="2UKD"/>
					<Property id="PROPERTY_8064" name="WIRE_END1_MATL" value="(SN)"/>
					<Property id="PROPERTY_8065" name="WIRE_LEVEL" value="(D-CAM)/(C-SHF)/(KWINV)/(8SPKR)/(F-SHF)/(BEV)"/>
					<Property id="PROPERTY_8066" name="WIRE_END1_TERM" value="3F2T-14474-SA"/>
					<Property id="PROPERTY_8067" name="WIRE_DEV_PIN_2" value="C2MM01-A:13"/>
					<Property id="PROPERTY_8068" name="WIRE_NAME" value="RMM13F"/>
					<Property id="PROPERTY_8069" name="WIRE_END2_TERM" value="9U5T-14474-DB"/>
					<Property id="PROPERTY_8070" name="WIRE_SIGNAL" value="RMM13"/>
					<Property id="PROPERTY_8071" name="HRN_FAMILY" value="14401"/>
					<Property id="PROPERTY_8072" name="WIRE_MULTICORE" value="TP_VMM13F"/>
					<Property id="PROPERTY_8073" name="WIRE_FPN" value="WIRE-2UKD-0.35-BU"/>
					<Property id="PROPERTY_8074" name="WIRE_DIA_MAX" value="1.2"/>
					<Option id="OPTION_95-c-0-e5225_1" value="IEVAQ | IEVAR"/>
					<BranchRoute id="BRR_280">
						<StartBranchPosition id="BR_POS_823" branchId="BRANCH_c2-4e-0-4c0f2a" branchNodeId="BN_17720-164" offset="0"/>
						<PassBranchId>BRANCH_c2-4e-0-4c0f29</PassBranchId>
						<PassBranchId>BRANCH_c2-4e-0-4c0f26</PassBranchId>
						<PassBranchId>BRANCH_c2-4e-0-4c0d05</PassBranchId>
						<PassBranchId>BRANCH_c2-4e-0-4c1076</PassBranchId>
						<PassBranchId>BRANCH_c2-4e-0-4c1087</PassBranchId>
						<PassBranchId>BRANCH_c2-4e-0-4c1083</PassBranchId>
						<PassBranchId>BRANCH_c2-4e-0-4c0f89</PassBranchId>
						<PassBranchId>BRANCH_c2-4e-0-4c0f18</PassBranchId>
						<PassBranchId>BRANCH_c2-4e-0-4c0f88</PassBranchId>
						<PassBranchId>BRANCH_c2-4e-0-4c0e97</PassBranchId>
						<PassBranchId>BRANCH_c2-4e-0-4c10ce</PassBranchId>
						<PassBranchId>BRANCH_c2-4e-0-4c0e9b</PassBranchId>
						<PassBranchId>BRANCH_c2-4e-0-4c10f5</PassBranchId>
						<PassBranchId>BRANCH_c2-4e-0-4c0dfa</PassBranchId>
						<EndBranchPosition id="BR_POS_824" branchId="BRANCH_c2-4e-0-4c0f1c" branchNodeId="BN_18448-168" offset="0"/>
					</BranchRoute>
				</WiringItem>
				<WiringItem xsi:type="Wire" id="WIRE_95-c-0-e520d" name="VMM13F" signalId="SIGNAL_2-36-0-41ad" cableType="WIRE-2UKD-0.35" wireName="YE/GN" fromPinId="PIN_73-18-0-9c00" toPinId="PIN_87-18-0-15257">
					<AppRef name="E3.Series" version="2.13.7.0" guid="6f615e38-d0c1-4328-8239-ea186c54f72e"/>
					<Property id="PROPERTY_8075" name="WIRE_LENGTH" value="1592"/>
					<Property id="PROPERTY_8076" name="WIRE_END2_MATL" value="(SN)"/>
					<Property id="PROPERTY_8077" name="WIRE_CSA" value="0.35"/>
					<Property id="PROPERTY_8078" name="WIRE_MIN_BEND_RADIUS" value="3"/>
					<Property id="PROPERTY_8079" name="WIRE_OPTION" value="IEVAQ | IEVAR"/>
					<Property id="PROPERTY_8080" name="WIRE_DEV_PIN_1" value="C23-E1:1"/>
					<Property id="PROPERTY_8081" name="WIRE_COLOR" value="YE/GN"/>
					<Property id="PROPERTY_8082" name="WIRE_SPEC" value="2UKD"/>
					<Property id="PROPERTY_8083" name="WIRE_END1_MATL" value="(SN)"/>
					<Property id="PROPERTY_8084" name="WIRE_LEVEL" value="(D-CAM)/(C-SHF)/(KWINV)/(8SPKR)/(F-SHF)/(BEV)"/>
					<Property id="PROPERTY_8085" name="WIRE_END1_TERM" value="3F2T-14474-SA"/>
					<Property id="PROPERTY_8086" name="WIRE_DEV_PIN_2" value="C2MM01-A:12"/>
					<Property id="PROPERTY_8087" name="WIRE_NAME" value="VMM13F"/>
					<Property id="PROPERTY_8088" name="WIRE_END2_TERM" value="9U5T-14474-DB"/>
					<Property id="PROPERTY_8089" name="WIRE_SIGNAL" value="VMM13"/>
					<Property id="PROPERTY_8090" name="HRN_FAMILY" value="14401"/>
					<Property id="PROPERTY_8091" name="WIRE_MULTICORE" value="TP_VMM13F"/>
					<Property id="PROPERTY_8092" name="WIRE_FPN" value="WIRE-2UKD-0.35-YE/GN"/>
					<Property id="PROPERTY_8093" name="WIRE_DIA_MAX" value="1.2"/>
					<Option id="OPTION_95-c-0-e520d_1" value="IEVAQ | IEVAR"/>
					<BranchRoute id="BRR_281">
						<StartBranchPosition id="BR_POS_825" branchId="BRANCH_c2-4e-0-4c0f2a" branchNodeId="BN_17720-164" offset="0"/>
						<PassBranchId>BRANCH_c2-4e-0-4c0f29</PassBranchId>
						<PassBranchId>BRANCH_c2-4e-0-4c0f26</PassBranchId>
						<PassBranchId>BRANCH_c2-4e-0-4c0d05</PassBranchId>
						<PassBranchId>BRANCH_c2-4e-0-4c1076</PassBranchId>
						<PassBranchId>BRANCH_c2-4e-0-4c1087</PassBranchId>
						<PassBranchId>BRANCH_c2-4e-0-4c1083</PassBranchId>
						<PassBranchId>BRANCH_c2-4e-0-4c0f89</PassBranchId>
						<PassBranchId>BRANCH_c2-4e-0-4c0f18</PassBranchId>
						<PassBranchId>BRANCH_c2-4e-0-4c0f88</PassBranchId>
						<PassBranchId>BRANCH_c2-4e-0-4c0e97</PassBranchId>
						<PassBranchId>BRANCH_c2-4e-0-4c10ce</PassBranchId>
						<PassBranchId>BRANCH_c2-4e-0-4c0e9b</PassBranchId>
						<PassBranchId>BRANCH_c2-4e-0-4c10f5</PassBranchId>
						<PassBranchId>BRANCH_c2-4e-0-4c0dfa</PassBranchId>
						<EndBranchPosition id="BR_POS_826" branchId="BRANCH_c2-4e-0-4c0f1c" branchNodeId="BN_18448-168" offset="0"/>
					</BranchRoute>
				</WiringItem>
			</WiringItem>
		</WiringItem>
		<WiringItem xsi:type="Bundle" id="BUNDLE_b4-6-0-374996" name="TS_VMM13FD" bundleType="shield">
			<AppRef name="E3.Series" version="2.14.5.0" guid="055ff964-4164-498f-855a-17eee649c312"/>
			<WiringItem xsi:type="Wire" id="WIRE_b4-c-0-374972" name="DMM13FD" signalId="SIGNAL_2-36-0-3ccd" cableType="WIRE-3XAE-0.35" wireName="SCRN" fromPinId="PIN_73-18-0-9c0a" toPinId="PIN_b4-1e-0-3ea080">
				<AppRef name="E3.Series" version="2.14.0.0" guid="1063b6e3-537c-446f-a8c1-a93b919aaded"/>
				<Property id="PROPERTY_8094" name="WIRE_LENGTH" value="2407"/>
				<Property id="PROPERTY_8095" name="WIRE_END2_MATL" value="(SN)"/>
				<Property id="PROPERTY_8096" name="WIRE_MC_01_FOIL" value="ESBU5T-1A303-AA(AD)"/>
				<Property id="PROPERTY_8097" name="WIRE_END2_CAVSEAL" value="ESF-M3L66-A"/>
				<Property id="PROPERTY_8098" name="WIRE_CSA" value="0.35"/>
				<Property id="PROPERTY_8099" name="WIRE_MC_02_TAPE" value="ESAC3T-1A303-AA(A30-00)"/>
				<Property id="PROPERTY_8100" name="WIRE_END1_CAVSEAL" value="ESF-M3L66-A"/>
				<Property id="PROPERTY_8101" name="WIRE_MIN_BEND_RADIUS" value="2.25"/>
				<Property id="PROPERTY_8102" name="WIRE_OPTION" value="IEVAT"/>
				<Property id="PROPERTY_8103" name="WIRE_DEV_PIN_1" value="C23-E1:3"/>
				<Property id="PROPERTY_8104" name="WIRE_COLOR" value="SCRN"/>
				<Property id="PROPERTY_8105" name="WIRE_SPEC" value="3XAE"/>
				<Property id="PROPERTY_8106" name="WIRE_END1_MATL" value="(SN)"/>
				<Property id="PROPERTY_8107" name="WIRE_LEVEL" value="VA"/>
				<Property id="PROPERTY_8108" name="WIRE_END1_TERM" value="*3F2T-14474-SA"/>
				<Property id="PROPERTY_8109" name="WIRE_DEV_PIN_2" value="S2DMM13:1"/>
				<Property id="PROPERTY_8110" name="WIRE_NAME" value="DMM13FD"/>
				<Property id="PROPERTY_8111" name="WIRE_END2_TERM" value="9U5T-14474-DB"/>
				<Property id="PROPERTY_8112" name="WIRE_SIGNAL" value="RMM13"/>
				<Property id="PROPERTY_8113" name="HRN_FAMILY" value="14401"/>
				<Property id="PROPERTY_8114" name="WIRE_MULTICORE" value="TS_VMM13FD"/>
				<Property id="PROPERTY_8115" name="WIRE_FPN" value="WIRE-3XAE-0.35-SCRN"/>
				<Property id="PROPERTY_8116" name="WIRE_DIA_MAX" value="0.9"/>
				<Option id="OPTION_b4-c-0-374972_1" value="IEVAT"/>
				<BranchRoute id="BRR_282">
					<StartBranchPosition id="BR_POS_827" branchId="BRANCH_da-4e-0-346b13" branchNodeId="BN_9792-312" offset="0"/>
					<PassBranchId>BRANCH_ff-4e-0-9d2c5f</PassBranchId>
					<PassBranchId>BRANCH_22-4e-0-2ca187b</PassBranchId>
					<PassBranchId>BRANCH_c2-4e-0-4c0f6f</PassBranchId>
					<PassBranchId>BRANCH_c2-4e-0-4c0f6c</PassBranchId>
					<PassBranchId>BRANCH_c2-4e-0-4c0f66</PassBranchId>
					<PassBranchId>BRANCH_c2-4e-0-4c0fb7</PassBranchId>
					<PassBranchId>BRANCH_c2-4e-0-4c10a4</PassBranchId>
					<PassBranchId>BRANCH_c2-4e-0-4c0f7a</PassBranchId>
					<PassBranchId>BRANCH_35-4e-0-350133</PassBranchId>
					<PassBranchId>BRANCH_c2-4e-0-4c0f60</PassBranchId>
					<PassBranchId>BRANCH_c2-4e-0-4c1005</PassBranchId>
					<PassBranchId>BRANCH_c2-4e-0-4c0f45</PassBranchId>
					<PassBranchId>BRANCH_c2-4e-0-4c0dea</PassBranchId>
					<PassBranchId>BRANCH_c2-4e-0-4c0fd1</PassBranchId>
					<PassBranchId>BRANCH_c2-4e-0-4c0fe8</PassBranchId>
					<PassBranchId>BRANCH_c2-4e-0-4c1009</PassBranchId>
					<PassBranchId>BRANCH_c2-4e-0-4c10cb</PassBranchId>
					<PassBranchId>BRANCH_c2-4e-0-4c10ec</PassBranchId>
					<PassBranchId>BRANCH_c2-4e-0-4c1075</PassBranchId>
					<PassBranchId>BRANCH_c2-4e-0-4c106f</PassBranchId>
					<PassBranchId>BRANCH_c2-4e-0-4c1087</PassBranchId>
					<PassBranchId>BRANCH_c2-4e-0-4c1083</PassBranchId>
					<PassBranchId>BRANCH_c2-4e-0-4c0f89</PassBranchId>
					<PassBranchId>BRANCH_c2-4e-0-4c0f18</PassBranchId>
					<PassBranchId>BRANCH_c2-4e-0-4c0f88</PassBranchId>
					<PassBranchId>BRANCH_c2-4e-0-4c0e97</PassBranchId>
					<PassBranchId>BRANCH_c2-4e-0-4c10ce</PassBranchId>
					<PassBranchId>BRANCH_c2-4e-0-4c0e9b</PassBranchId>
					<PassBranchId>BRANCH_c2-4e-0-4c10f5</PassBranchId>
					<PassBranchId>BRANCH_c2-4e-0-4c0dfa</PassBranchId>
					<EndBranchPosition id="BR_POS_828" branchId="BRANCH_c2-4e-0-4c0f1c" branchNodeId="BN_18448-168" offset="0"/>
				</BranchRoute>
			</WiringItem>
			<WiringItem xsi:type="Bundle" id="BUNDLE_b4-6-0-374997" name="TP_VMM13FD" bundleType="twist">
				<AppRef name="E3.Series" version="2.14.5.0" guid="e926665e-f4f8-4530-8635-091ad9e379cf"/>
				<WiringItem xsi:type="Wire" id="WIRE_b4-c-0-374916" name="RMM13FD" signalId="SIGNAL_2-36-0-3ccd" cableType="WIRE-2UKD-0.35" wireName="BU" fromPinId="PIN_73-18-0-9c05" toPinId="PIN_b4-1e-0-3ea080">
					<AppRef name="E3.Series" version="2.14.0.0" guid="8defd8b4-93a4-4562-89da-70405f7fe227"/>
					<Property id="PROPERTY_8117" name="WIRE_LENGTH" value="2422"/>
					<Property id="PROPERTY_8118" name="WIRE_END2_MATL" value="(SN)"/>
					<Property id="PROPERTY_8119" name="WIRE_CSA" value="0.35"/>
					<Property id="PROPERTY_8120" name="WIRE_MIN_BEND_RADIUS" value="3"/>
					<Property id="PROPERTY_8121" name="WIRE_OPTION" value="IEVAT"/>
					<Property id="PROPERTY_8122" name="WIRE_DEV_PIN_1" value="C23-E1:2"/>
					<Property id="PROPERTY_8123" name="WIRE_COLOR" value="BU"/>
					<Property id="PROPERTY_8124" name="WIRE_SPEC" value="2UKD"/>
					<Property id="PROPERTY_8125" name="WIRE_END1_MATL" value="(SN)"/>
					<Property id="PROPERTY_8126" name="WIRE_LEVEL" value="VA"/>
					<Property id="PROPERTY_8127" name="WIRE_END1_TERM" value="3F2T-14474-SA"/>
					<Property id="PROPERTY_8128" name="WIRE_DEV_PIN_2" value="S2DMM13:1"/>
					<Property id="PROPERTY_8129" name="WIRE_NAME" value="RMM13FD"/>
					<Property id="PROPERTY_8130" name="WIRE_END2_TERM" value="9U5T-14474-DB"/>
					<Property id="PROPERTY_8131" name="WIRE_SIGNAL" value="RMM13"/>
					<Property id="PROPERTY_8132" name="HRN_FAMILY" value="14401"/>
					<Property id="PROPERTY_8133" name="WIRE_MULTICORE" value="TP_VMM13FD"/>
					<Property id="PROPERTY_8134" name="WIRE_FPN" value="WIRE-2UKD-0.35-BU"/>
					<Property id="PROPERTY_8135" name="WIRE_DIA_MAX" value="1.2"/>
					<Option id="OPTION_b4-c-0-374916_1" value="IEVAT"/>
					<BranchRoute id="BRR_283">
						<StartBranchPosition id="BR_POS_829" branchId="BRANCH_da-4e-0-346b13" branchNodeId="BN_9792-312" offset="0"/>
						<PassBranchId>BRANCH_ff-4e-0-9d2c5f</PassBranchId>
						<PassBranchId>BRANCH_22-4e-0-2ca187b</PassBranchId>
						<PassBranchId>BRANCH_c2-4e-0-4c0f6f</PassBranchId>
						<PassBranchId>BRANCH_c2-4e-0-4c0f6c</PassBranchId>
						<PassBranchId>BRANCH_c2-4e-0-4c0f66</PassBranchId>
						<PassBranchId>BRANCH_c2-4e-0-4c0fb7</PassBranchId>
						<PassBranchId>BRANCH_c2-4e-0-4c10a4</PassBranchId>
						<PassBranchId>BRANCH_c2-4e-0-4c0f7a</PassBranchId>
						<PassBranchId>BRANCH_35-4e-0-350133</PassBranchId>
						<PassBranchId>BRANCH_c2-4e-0-4c0f60</PassBranchId>
						<PassBranchId>BRANCH_c2-4e-0-4c1005</PassBranchId>
						<PassBranchId>BRANCH_c2-4e-0-4c0f45</PassBranchId>
						<PassBranchId>BRANCH_c2-4e-0-4c0dea</PassBranchId>
						<PassBranchId>BRANCH_c2-4e-0-4c0fd1</PassBranchId>
						<PassBranchId>BRANCH_c2-4e-0-4c0fe8</PassBranchId>
						<PassBranchId>BRANCH_c2-4e-0-4c1009</PassBranchId>
						<PassBranchId>BRANCH_c2-4e-0-4c10cb</PassBranchId>
						<PassBranchId>BRANCH_c2-4e-0-4c10ec</PassBranchId>
						<PassBranchId>BRANCH_c2-4e-0-4c1075</PassBranchId>
						<PassBranchId>BRANCH_c2-4e-0-4c106f</PassBranchId>
						<PassBranchId>BRANCH_c2-4e-0-4c1087</PassBranchId>
						<PassBranchId>BRANCH_c2-4e-0-4c1083</PassBranchId>
						<PassBranchId>BRANCH_c2-4e-0-4c0f89</PassBranchId>
						<PassBranchId>BRANCH_c2-4e-0-4c0f18</PassBranchId>
						<PassBranchId>BRANCH_c2-4e-0-4c0f88</PassBranchId>
						<PassBranchId>BRANCH_c2-4e-0-4c0e97</PassBranchId>
						<PassBranchId>BRANCH_c2-4e-0-4c10ce</PassBranchId>
						<PassBranchId>BRANCH_c2-4e-0-4c0e9b</PassBranchId>
						<PassBranchId>BRANCH_c2-4e-0-4c10f5</PassBranchId>
						<PassBranchId>BRANCH_c2-4e-0-4c0dfa</PassBranchId>
						<EndBranchPosition id="BR_POS_830" branchId="BRANCH_c2-4e-0-4c0f1c" branchNodeId="BN_18448-168" offset="0"/>
					</BranchRoute>
				</WiringItem>
				<WiringItem xsi:type="Wire" id="WIRE_b4-c-0-3748f9" name="VMM13FD" signalId="SIGNAL_2-36-0-41ad" cableType="WIRE-2UKD-0.35" wireName="YE/GN" fromPinId="PIN_73-18-0-9c00" toPinId="PIN_a8-18-0-e8efcb">
					<AppRef name="E3.Series" version="2.14.0.0" guid="5c53da01-a8f1-4e5d-a520-3847a3073060"/>
					<Property id="PROPERTY_8136" name="WIRE_LENGTH" value="2523"/>
					<Property id="PROPERTY_8137" name="WIRE_END2_MATL" value="(SN)"/>
					<Property id="PROPERTY_8138" name="WIRE_CSA" value="0.35"/>
					<Property id="PROPERTY_8139" name="WIRE_MIN_BEND_RADIUS" value="3"/>
					<Property id="PROPERTY_8140" name="WIRE_OPTION" value="IEVAT"/>
					<Property id="PROPERTY_8141" name="WIRE_DEV_PIN_1" value="C23-E1:1"/>
					<Property id="PROPERTY_8142" name="WIRE_COLOR" value="YE/GN"/>
					<Property id="PROPERTY_8143" name="WIRE_SPEC" value="2UKD"/>
					<Property id="PROPERTY_8144" name="WIRE_END1_MATL" value="(SN)"/>
					<Property id="PROPERTY_8145" name="WIRE_LEVEL" value="VA"/>
					<Property id="PROPERTY_8146" name="WIRE_END1_TERM" value="3F2T-14474-SA"/>
					<Property id="PROPERTY_8147" name="WIRE_DEV_PIN_2" value="C2MM01-DB:12"/>
					<Property id="PROPERTY_8148" name="WIRE_NAME" value="VMM13FD"/>
					<Property id="PROPERTY_8149" name="WIRE_END2_TERM" value="9U5T-14474-DB"/>
					<Property id="PROPERTY_8150" name="WIRE_SIGNAL" value="VMM13"/>
					<Property id="PROPERTY_8151" name="HRN_FAMILY" value="14401"/>
					<Property id="PROPERTY_8152" name="WIRE_MULTICORE" value="TP_VMM13FD"/>
					<Property id="PROPERTY_8153" name="WIRE_FPN" value="WIRE-2UKD-0.35-YE/GN"/>
					<Property id="PROPERTY_8154" name="WIRE_DIA_MAX" value="1.2"/>
					<Option id="OPTION_b4-c-0-3748f9_1" value="IEVAT"/>
					<BranchRoute id="BRR_284">
						<StartBranchPosition id="BR_POS_831" branchId="BRANCH_da-4e-0-25068e" branchNodeId="BN_9708-328" offset="0"/>
						<PassBranchId>BRANCH_da-4e-0-2503d5</PassBranchId>
						<PassBranchId>BRANCH_ff-4e-0-9d2c5f</PassBranchId>
						<PassBranchId>BRANCH_22-4e-0-2ca187b</PassBranchId>
						<PassBranchId>BRANCH_c2-4e-0-4c0f6f</PassBranchId>
						<PassBranchId>BRANCH_c2-4e-0-4c0f6c</PassBranchId>
						<PassBranchId>BRANCH_c2-4e-0-4c0f66</PassBranchId>
						<PassBranchId>BRANCH_c2-4e-0-4c0fb7</PassBranchId>
						<PassBranchId>BRANCH_c2-4e-0-4c10a4</PassBranchId>
						<PassBranchId>BRANCH_c2-4e-0-4c0f7a</PassBranchId>
						<PassBranchId>BRANCH_35-4e-0-350133</PassBranchId>
						<PassBranchId>BRANCH_c2-4e-0-4c0f60</PassBranchId>
						<PassBranchId>BRANCH_c2-4e-0-4c1005</PassBranchId>
						<PassBranchId>BRANCH_c2-4e-0-4c0f45</PassBranchId>
						<PassBranchId>BRANCH_c2-4e-0-4c0dea</PassBranchId>
						<PassBranchId>BRANCH_c2-4e-0-4c0fd1</PassBranchId>
						<PassBranchId>BRANCH_c2-4e-0-4c0fe8</PassBranchId>
						<PassBranchId>BRANCH_c2-4e-0-4c1009</PassBranchId>
						<PassBranchId>BRANCH_c2-4e-0-4c10cb</PassBranchId>
						<PassBranchId>BRANCH_c2-4e-0-4c10ec</PassBranchId>
						<PassBranchId>BRANCH_c2-4e-0-4c1075</PassBranchId>
						<PassBranchId>BRANCH_c2-4e-0-4c106f</PassBranchId>
						<PassBranchId>BRANCH_c2-4e-0-4c1087</PassBranchId>
						<PassBranchId>BRANCH_c2-4e-0-4c1083</PassBranchId>
						<PassBranchId>BRANCH_c2-4e-0-4c0f89</PassBranchId>
						<PassBranchId>BRANCH_c2-4e-0-4c0f18</PassBranchId>
						<PassBranchId>BRANCH_c2-4e-0-4c0f88</PassBranchId>
						<PassBranchId>BRANCH_c2-4e-0-4c0e97</PassBranchId>
						<PassBranchId>BRANCH_c2-4e-0-4c10ce</PassBranchId>
						<PassBranchId>BRANCH_c2-4e-0-4c0e9b</PassBranchId>
						<PassBranchId>BRANCH_c2-4e-0-4c10f5</PassBranchId>
						<PassBranchId>BRANCH_c2-4e-0-4c0dfa</PassBranchId>
						<EndBranchPosition id="BR_POS_832" branchId="BRANCH_c2-4e-0-4c0f1c" branchNodeId="BN_18448-168" offset="0"/>
					</BranchRoute>
				</WiringItem>
			</WiringItem>
		</WiringItem>
		<WiringItem xsi:type="Bundle" id="BUNDLE_b4-6-0-374999" name="TS_RMM15FD" bundleType="shield">
			<AppRef name="E3.Series" version="2.14.5.0" guid="496337ee-641a-4550-aa87-483b0a5c3ea1"/>
			<WiringItem xsi:type="Wire" id="WIRE_b4-c-0-374952" name="DMM15FD" signalId="SIGNAL_2-36-0-3ccd" cableType="WIRE-3XAE-0.35" wireName="SCRN" fromPinId="PIN_3e-18-0-323bd9" toPinId="PIN_79-1e-0-5b3686">
				<AppRef name="E3.Series" version="2.14.0.0" guid="5d1b5599-9c0d-4d18-85c0-bbfca1b6d603"/>
				<Property id="PROPERTY_8155" name="WIRE_MC_03_SPOT" value="ESKU5T-1A303-AA(A10Y00)"/>
				<Property id="PROPERTY_8156" name="WIRE_MC_03_SPOT" value="ESKU5T-1A303-AA(A10Y00)"/>
				<Property id="PROPERTY_8157" name="WIRE_LENGTH" value="2407"/>
				<Property id="PROPERTY_8158" name="WIRE_END2_MATL" value="(SN)"/>
				<Property id="PROPERTY_8159" name="WIRE_MC_01_FOIL" value="ESBU5T-1A303-AA(AD)"/>
				<Property id="PROPERTY_8160" name="WIRE_CSA" value="0.35"/>
				<Property id="PROPERTY_8161" name="WIRE_MC_02_TAPE" value="ESAC3T-1A303-AA(A30-00)"/>
				<Property id="PROPERTY_8162" name="WIRE_END1_CAVSEAL" value="ESF-M3L66-A"/>
				<Property id="PROPERTY_8163" name="WIRE_MIN_BEND_RADIUS" value="2.25"/>
				<Property id="PROPERTY_8164" name="WIRE_OPTION" value="IEVAT"/>
				<Property id="PROPERTY_8165" name="WIRE_DEV_PIN_1" value="C23-E1:10"/>
				<Property id="PROPERTY_8166" name="WIRE_COLOR" value="SCRN"/>
				<Property id="PROPERTY_8167" name="WIRE_SPEC" value="3XAE"/>
				<Property id="PROPERTY_8168" name="WIRE_END1_MATL" value="(SN)"/>
				<Property id="PROPERTY_8169" name="WIRE_LEVEL" value="VA"/>
				<Property id="PROPERTY_8170" name="WIRE_END1_TERM" value="FU5T-14474-LB"/>
				<Property id="PROPERTY_8171" name="WIRE_DEV_PIN_2" value="S2DMM15:1"/>
				<Property id="PROPERTY_8172" name="WIRE_NAME" value="DMM15FD"/>
				<Property id="PROPERTY_8173" name="WIRE_END2_TERM" value="BU5T-14474-UA"/>
				<Property id="PROPERTY_8174" name="WIRE_SIGNAL" value="RMM13"/>
				<Property id="PROPERTY_8175" name="HRN_FAMILY" value="14401"/>
				<Property id="PROPERTY_8176" name="WIRE_MULTICORE" value="TS_RMM15FD"/>
				<Property id="PROPERTY_8177" name="WIRE_FPN" value="WIRE-3XAE-0.35-SCRN"/>
				<Property id="PROPERTY_8178" name="WIRE_DIA_MAX" value="0.9"/>
				<Option id="OPTION_b4-c-0-374952_1" value="IEVAT"/>
				<BranchRoute id="BRR_285">
					<StartBranchPosition id="BR_POS_833" branchId="BRANCH_da-4e-0-34ad0b" branchNodeId="BN_9760-312" offset="0"/>
					<PassBranchId>BRANCH_ff-4e-0-9d2c5f</PassBranchId>
					<PassBranchId>BRANCH_22-4e-0-2ca187b</PassBranchId>
					<PassBranchId>BRANCH_c2-4e-0-4c0f6f</PassBranchId>
					<PassBranchId>BRANCH_c2-4e-0-4c0f6c</PassBranchId>
					<PassBranchId>BRANCH_c2-4e-0-4c0f66</PassBranchId>
					<PassBranchId>BRANCH_c2-4e-0-4c0fb7</PassBranchId>
					<PassBranchId>BRANCH_c2-4e-0-4c10a4</PassBranchId>
					<PassBranchId>BRANCH_c2-4e-0-4c0f7a</PassBranchId>
					<PassBranchId>BRANCH_35-4e-0-350133</PassBranchId>
					<PassBranchId>BRANCH_c2-4e-0-4c0f60</PassBranchId>
					<PassBranchId>BRANCH_c2-4e-0-4c1005</PassBranchId>
					<PassBranchId>BRANCH_c2-4e-0-4c0f45</PassBranchId>
					<PassBranchId>BRANCH_c2-4e-0-4c0dea</PassBranchId>
					<PassBranchId>BRANCH_c2-4e-0-4c0fd1</PassBranchId>
					<PassBranchId>BRANCH_c2-4e-0-4c0fe8</PassBranchId>
					<PassBranchId>BRANCH_c2-4e-0-4c1009</PassBranchId>
					<PassBranchId>BRANCH_c2-4e-0-4c10cb</PassBranchId>
					<PassBranchId>BRANCH_c2-4e-0-4c10ec</PassBranchId>
					<PassBranchId>BRANCH_c2-4e-0-4c1075</PassBranchId>
					<PassBranchId>BRANCH_c2-4e-0-4c106f</PassBranchId>
					<PassBranchId>BRANCH_c2-4e-0-4c1087</PassBranchId>
					<PassBranchId>BRANCH_c2-4e-0-4c1083</PassBranchId>
					<PassBranchId>BRANCH_c2-4e-0-4c0f89</PassBranchId>
					<PassBranchId>BRANCH_c2-4e-0-4c0f18</PassBranchId>
					<PassBranchId>BRANCH_c2-4e-0-4c0f88</PassBranchId>
					<PassBranchId>BRANCH_c2-4e-0-4c0e97</PassBranchId>
					<PassBranchId>BRANCH_c2-4e-0-4c10ce</PassBranchId>
					<PassBranchId>BRANCH_c2-4e-0-4c0e9b</PassBranchId>
					<PassBranchId>BRANCH_c2-4e-0-4c10f5</PassBranchId>
					<PassBranchId>BRANCH_c2-4e-0-4c0dfa</PassBranchId>
					<EndBranchPosition id="BR_POS_834" branchId="BRANCH_c2-4e-0-4c0f1c" branchNodeId="BN_18448-168" offset="0"/>
				</BranchRoute>
			</WiringItem>
			<WiringItem xsi:type="Bundle" id="BUNDLE_b4-6-0-37499a" name="TP_RMM15FD" bundleType="twist">
				<AppRef name="E3.Series" version="2.14.5.0" guid="d3744e3a-7301-4e5c-bf31-380fac652f38"/>
				<WiringItem xsi:type="Wire" id="WIRE_b4-c-0-3748db" name="RMM15FD" signalId="SIGNAL_2-36-0-3ccd" cableType="WIRE-2UKD-0.35" wireName="YE/RD" fromPinId="PIN_3e-18-0-323bfc" toPinId="PIN_79-1e-0-5b3686">
					<AppRef name="E3.Series" version="2.14.0.0" guid="27868147-b32f-4639-b6d2-55341b9f8708"/>
					<Property id="PROPERTY_8179" name="WIRE_LENGTH" value="2422"/>
					<Property id="PROPERTY_8180" name="WIRE_END2_MATL" value="(SN)"/>
					<Property id="PROPERTY_8181" name="WIRE_CSA" value="0.35"/>
					<Property id="PROPERTY_8182" name="WIRE_MIN_BEND_RADIUS" value="3"/>
					<Property id="PROPERTY_8183" name="WIRE_OPTION" value="IEVAT"/>
					<Property id="PROPERTY_8184" name="WIRE_DEV_PIN_1" value="C23-E1:17"/>
					<Property id="PROPERTY_8185" name="WIRE_COLOR" value="YE/RD"/>
					<Property id="PROPERTY_8186" name="WIRE_SPEC" value="2UKD"/>
					<Property id="PROPERTY_8187" name="WIRE_END1_MATL" value="(SN)"/>
					<Property id="PROPERTY_8188" name="WIRE_LEVEL" value="VA"/>
					<Property id="PROPERTY_8189" name="WIRE_END1_TERM" value="9U5T-14474-DB"/>
					<Property id="PROPERTY_8190" name="WIRE_DEV_PIN_2" value="S2DMM15:1"/>
					<Property id="PROPERTY_8191" name="WIRE_NAME" value="RMM15FD"/>
					<Property id="PROPERTY_8192" name="WIRE_END2_TERM" value="9U5T-14474-DB"/>
					<Property id="PROPERTY_8193" name="WIRE_SIGNAL" value="RMM13"/>
					<Property id="PROPERTY_8194" name="HRN_FAMILY" value="14401"/>
					<Property id="PROPERTY_8195" name="WIRE_MULTICORE" value="TP_RMM15FD"/>
					<Property id="PROPERTY_8196" name="WIRE_FPN" value="WIRE-2UKD-0.35-YE/RD"/>
					<Property id="PROPERTY_8197" name="WIRE_DIA_MAX" value="1.2"/>
					<Option id="OPTION_b4-c-0-3748db_1" value="IEVAT"/>
					<BranchRoute id="BRR_286">
						<StartBranchPosition id="BR_POS_835" branchId="BRANCH_da-4e-0-34ad0b" branchNodeId="BN_9760-312" offset="0"/>
						<PassBranchId>BRANCH_ff-4e-0-9d2c5f</PassBranchId>
						<PassBranchId>BRANCH_22-4e-0-2ca187b</PassBranchId>
						<PassBranchId>BRANCH_c2-4e-0-4c0f6f</PassBranchId>
						<PassBranchId>BRANCH_c2-4e-0-4c0f6c</PassBranchId>
						<PassBranchId>BRANCH_c2-4e-0-4c0f66</PassBranchId>
						<PassBranchId>BRANCH_c2-4e-0-4c0fb7</PassBranchId>
						<PassBranchId>BRANCH_c2-4e-0-4c10a4</PassBranchId>
						<PassBranchId>BRANCH_c2-4e-0-4c0f7a</PassBranchId>
						<PassBranchId>BRANCH_35-4e-0-350133</PassBranchId>
						<PassBranchId>BRANCH_c2-4e-0-4c0f60</PassBranchId>
						<PassBranchId>BRANCH_c2-4e-0-4c1005</PassBranchId>
						<PassBranchId>BRANCH_c2-4e-0-4c0f45</PassBranchId>
						<PassBranchId>BRANCH_c2-4e-0-4c0dea</PassBranchId>
						<PassBranchId>BRANCH_c2-4e-0-4c0fd1</PassBranchId>
						<PassBranchId>BRANCH_c2-4e-0-4c0fe8</PassBranchId>
						<PassBranchId>BRANCH_c2-4e-0-4c1009</PassBranchId>
						<PassBranchId>BRANCH_c2-4e-0-4c10cb</PassBranchId>
						<PassBranchId>BRANCH_c2-4e-0-4c10ec</PassBranchId>
						<PassBranchId>BRANCH_c2-4e-0-4c1075</PassBranchId>
						<PassBranchId>BRANCH_c2-4e-0-4c106f</PassBranchId>
						<PassBranchId>BRANCH_c2-4e-0-4c1087</PassBranchId>
						<PassBranchId>BRANCH_c2-4e-0-4c1083</PassBranchId>
						<PassBranchId>BRANCH_c2-4e-0-4c0f89</PassBranchId>
						<PassBranchId>BRANCH_c2-4e-0-4c0f18</PassBranchId>
						<PassBranchId>BRANCH_c2-4e-0-4c0f88</PassBranchId>
						<PassBranchId>BRANCH_c2-4e-0-4c0e97</PassBranchId>
						<PassBranchId>BRANCH_c2-4e-0-4c10ce</PassBranchId>
						<PassBranchId>BRANCH_c2-4e-0-4c0e9b</PassBranchId>
						<PassBranchId>BRANCH_c2-4e-0-4c10f5</PassBranchId>
						<PassBranchId>BRANCH_c2-4e-0-4c0dfa</PassBranchId>
						<EndBranchPosition id="BR_POS_836" branchId="BRANCH_c2-4e-0-4c0f1c" branchNodeId="BN_18448-168" offset="0"/>
					</BranchRoute>
				</WiringItem>
				<WiringItem xsi:type="Wire" id="WIRE_b4-c-0-374934" name="VMM15FD" signalId="SIGNAL_2-36-0-41ad" cableType="WIRE-2UKD-0.35" wireName="VT/GY" fromPinId="PIN_5f-18-0-d13c8" toPinId="PIN_a8-18-0-e8efeb">
					<AppRef name="E3.Series" version="2.14.0.0" guid="34260f6e-2609-4acd-a5c3-274ac32b4dc0"/>
					<Property id="PROPERTY_8198" name="WIRE_LENGTH" value="2523"/>
					<Property id="PROPERTY_8199" name="WIRE_END2_MATL" value="(SN)"/>
					<Property id="PROPERTY_8200" name="WIRE_CSA" value="0.35"/>
					<Property id="PROPERTY_8201" name="WIRE_MIN_BEND_RADIUS" value="3"/>
					<Property id="PROPERTY_8202" name="WIRE_OPTION" value="IEVAT"/>
					<Property id="PROPERTY_8203" name="WIRE_DEV_PIN_1" value="C23-E1:18"/>
					<Property id="PROPERTY_8204" name="WIRE_COLOR" value="VT/GY"/>
					<Property id="PROPERTY_8205" name="WIRE_SPEC" value="2UKD"/>
					<Property id="PROPERTY_8206" name="WIRE_END1_MATL" value="(SN)"/>
					<Property id="PROPERTY_8207" name="WIRE_LEVEL" value="VA"/>
					<Property id="PROPERTY_8208" name="WIRE_END1_TERM" value="9U5T-14474-DB"/>
					<Property id="PROPERTY_8209" name="WIRE_DEV_PIN_2" value="C2MM01-DB:29"/>
					<Property id="PROPERTY_8210" name="WIRE_NAME" value="VMM15FD"/>
					<Property id="PROPERTY_8211" name="WIRE_END2_TERM" value="9U5T-14474-DB"/>
					<Property id="PROPERTY_8212" name="WIRE_SIGNAL" value="VMM13"/>
					<Property id="PROPERTY_8213" name="HRN_FAMILY" value="14401"/>
					<Property id="PROPERTY_8214" name="WIRE_MULTICORE" value="TP_RMM15FD"/>
					<Property id="PROPERTY_8215" name="WIRE_FPN" value="WIRE-2UKD-0.35-VT/GY"/>
					<Property id="PROPERTY_8216" name="WIRE_DIA_MAX" value="1.2"/>
					<Option id="OPTION_b4-c-0-374934_1" value="IEVAT"/>
					<BranchRoute id="BRR_287">
						<StartBranchPosition id="BR_POS_837" branchId="BRANCH_da-4e-0-25068e" branchNodeId="BN_9708-328" offset="0"/>
						<PassBranchId>BRANCH_da-4e-0-2503d5</PassBranchId>
						<PassBranchId>BRANCH_ff-4e-0-9d2c5f</PassBranchId>
						<PassBranchId>BRANCH_22-4e-0-2ca187b</PassBranchId>
						<PassBranchId>BRANCH_c2-4e-0-4c0f6f</PassBranchId>
						<PassBranchId>BRANCH_c2-4e-0-4c0f6c</PassBranchId>
						<PassBranchId>BRANCH_c2-4e-0-4c0f66</PassBranchId>
						<PassBranchId>BRANCH_c2-4e-0-4c0fb7</PassBranchId>
						<PassBranchId>BRANCH_c2-4e-0-4c10a4</PassBranchId>
						<PassBranchId>BRANCH_c2-4e-0-4c0f7a</PassBranchId>
						<PassBranchId>BRANCH_35-4e-0-350133</PassBranchId>
						<PassBranchId>BRANCH_c2-4e-0-4c0f60</PassBranchId>
						<PassBranchId>BRANCH_c2-4e-0-4c1005</PassBranchId>
						<PassBranchId>BRANCH_c2-4e-0-4c0f45</PassBranchId>
						<PassBranchId>BRANCH_c2-4e-0-4c0dea</PassBranchId>
						<PassBranchId>BRANCH_c2-4e-0-4c0fd1</PassBranchId>
						<PassBranchId>BRANCH_c2-4e-0-4c0fe8</PassBranchId>
						<PassBranchId>BRANCH_c2-4e-0-4c1009</PassBranchId>
						<PassBranchId>BRANCH_c2-4e-0-4c10cb</PassBranchId>
						<PassBranchId>BRANCH_c2-4e-0-4c10ec</PassBranchId>
						<PassBranchId>BRANCH_c2-4e-0-4c1075</PassBranchId>
						<PassBranchId>BRANCH_c2-4e-0-4c106f</PassBranchId>
						<PassBranchId>BRANCH_c2-4e-0-4c1087</PassBranchId>
						<PassBranchId>BRANCH_c2-4e-0-4c1083</PassBranchId>
						<PassBranchId>BRANCH_c2-4e-0-4c0f89</PassBranchId>
						<PassBranchId>BRANCH_c2-4e-0-4c0f18</PassBranchId>
						<PassBranchId>BRANCH_c2-4e-0-4c0f88</PassBranchId>
						<PassBranchId>BRANCH_c2-4e-0-4c0e97</PassBranchId>
						<PassBranchId>BRANCH_c2-4e-0-4c10ce</PassBranchId>
						<PassBranchId>BRANCH_c2-4e-0-4c0e9b</PassBranchId>
						<PassBranchId>BRANCH_c2-4e-0-4c10f5</PassBranchId>
						<PassBranchId>BRANCH_c2-4e-0-4c0dfa</PassBranchId>
						<EndBranchPosition id="BR_POS_838" branchId="BRANCH_c2-4e-0-4c0f1c" branchNodeId="BN_18448-168" offset="0"/>
					</BranchRoute>
				</WiringItem>
			</WiringItem>
		</WiringItem>
		<WiringItem xsi:type="Bundle" id="BUNDLE_c4-6-0-40578e" name="SH_DLF32EVD" bundleType="shield">
			<AppRef name="E3.Series" version="2.14.5.0" guid="08a99af1-9397-4d22-8877-4c2e5bd63d78"/>
			<WiringItem xsi:type="Wire" id="WIRE_c4-c-0-4054db" name="DLF32EVD" signalId="SIGNAL_EMPTY" cableType="WIRE-3XAE-0.35" wireName="SCRN" fromPinId="PIN_c4-18-0-404d08" toPinId="PIN_b5-18-0-5503">
				<AppRef name="E3.Series" version="2.14.0.0" guid="1bf235a1-4555-41c5-b24e-bedf84afa405"/>
				<Property id="PROPERTY_7813" name="WIRE_MC_03_SPOT" value="ESKU5T-1A303-AA(A10Y00)"/>
				<Property id="PROPERTY_7814" name="WIRE_MC_03_SPOT" value="ESKU5T-1A303-AA(A10Y00)"/>
				<Property id="PROPERTY_7815" name="WIRE_LENGTH" value="1745"/>
				<Property id="PROPERTY_7816" name="WIRE_END2_MATL" value="(SN)"/>
				<Property id="PROPERTY_7817" name="WIRE_MC_01_FOIL" value="ESBU5T-1A303-AA(AD)"/>
				<Property id="PROPERTY_7818" name="WIRE_CSA" value="0.35"/>
				<Property id="PROPERTY_7819" name="WIRE_MC_02_TAPE" value="ESAC3T-1A303-AA(A30-00)"/>
				<Property id="PROPERTY_7820" name="WIRE_END1_CAVSEAL" value="ESF-M3L66-A"/>
				<Property id="PROPERTY_7821" name="WIRE_MIN_BEND_RADIUS" value="2.25"/>
				<Property id="PROPERTY_7822" name="WIRE_OPTION" value="HT2AC"/>
				<Property id="PROPERTY_7823" name="WIRE_DEV_PIN_1" value="C2LF44EV:9"/>
				<Property id="PROPERTY_7824" name="WIRE_COLOR" value="SCRN"/>
				<Property id="PROPERTY_7825" name="WIRE_SPEC" value="3XAE"/>
				<Property id="PROPERTY_7826" name="WIRE_LEVEL" value="(BEV)"/>
				<Property id="PROPERTY_7827" name="WIRE_END1_TERM" value="*GU5T-14474-KA"/>
				<Property id="PROPERTY_7828" name="WIRE_DEV_PIN_2" value="C12-A2:5"/>
				<Property id="PROPERTY_7829" name="WIRE_NAME" value="DLF32EVD"/>
				<Property id="PROPERTY_7830" name="WIRE_END2_TERM" value="*8U5T-14474-BB"/>
				<Property id="PROPERTY_7831" name="WIRE_END2_CAVSEAL" value="ESF-M3L66-A"/>
				<Property id="PROPERTY_7832" name="HRN_FAMILY" value="14401"/>
				<Property id="PROPERTY_7833" name="WIRE_MULTICORE" value="SH_DLF32EVD"/>
				<Property id="PROPERTY_7834" name="WIRE_FPN" value="WIRE-3XAE-0.35-SCRN"/>
				<Property id="PROPERTY_7835" name="WIRE_DIA_MAX" value="0.9"/>
				<Option id="OPTION_c4-c-0-4054db_1" value="HT2AC"/>
				<BranchRoute id="BRR_268">
					<StartBranchPosition id="BR_POS_799" branchId="BRANCH_34-4e-0-81674d" branchNodeId="BN_8848-168" offset="0"/>
					<PassBranchId>BRANCH_34-4e-0-821a96</PassBranchId>
					<PassBranchId>BRANCH_34-4e-0-816749</PassBranchId>
					<PassBranchId>BRANCH_34-4e-0-816744</PassBranchId>
					<PassBranchId>BRANCH_34-4e-0-814498</PassBranchId>
					<PassBranchId>BRANCH_c2-4e-0-4c0fb4</PassBranchId>
					<PassBranchId>BRANCH_c2-4e-0-4c0f7e</PassBranchId>
					<PassBranchId>BRANCH_c2-4e-0-4c1005</PassBranchId>
					<PassBranchId>BRANCH_c2-4e-0-4c0f45</PassBranchId>
					<PassBranchId>BRANCH_c2-4e-0-4c0dea</PassBranchId>
					<PassBranchId>BRANCH_c2-4e-0-4c0fd1</PassBranchId>
					<PassBranchId>BRANCH_c2-4e-0-4c0fe8</PassBranchId>
					<PassBranchId>BRANCH_c2-4e-0-4c1009</PassBranchId>
					<PassBranchId>BRANCH_c2-4e-0-4c10cb</PassBranchId>
					<PassBranchId>BRANCH_c2-4e-0-4c10ec</PassBranchId>
					<PassBranchId>BRANCH_c2-4e-0-4c0de4</PassBranchId>
					<PassBranchId>BRANCH_1a-4e-0-18e01d0</PassBranchId>
					<PassBranchId>BRANCH_c2-4e-0-4c10c8</PassBranchId>
					<PassBranchId>BRANCH_eb-4e-0-678fca</PassBranchId>
					<PassBranchId>BRANCH_c2-4e-0-4c0e87</PassBranchId>
					<PassBranchId>BRANCH_c2-4e-0-4c0e8c</PassBranchId>
					<PassBranchId>BRANCH_c2-4e-0-4c0e7f</PassBranchId>
					<PassBranchId>BRANCH_c2-4e-0-4c0ef9</PassBranchId>
					<PassBranchId>BRANCH_c2-4e-0-4c0e70</PassBranchId>
					<PassBranchId>BRANCH_c2-4e-0-4c0d66</PassBranchId>
					<PassBranchId>BRANCH_c2-4e-0-4c0e5f</PassBranchId>
					<EndBranchPosition id="BR_POS_800" branchId="BRANCH_c2-4e-0-4c0d60" branchNodeId="BN_22052-256" offset="0"/>
				</BranchRoute>
			</WiringItem>
			<WiringItem xsi:type="Wire" id="WIRE_c4-c-0-4054cc" name="VLF32EVD" signalId="SIGNAL_2-36-0-4108" cableType="WIRE-2UKD-0.35" wireName="YE" fromPinId="PIN_b5-18-0-5502" toPinId="PIN_c4-18-0-404d1f">
				<AppRef name="E3.Series" version="2.14.0.0" guid="203eed04-1367-43dd-9882-466061f6718f"/>
				<Property id="PROPERTY_7836" name="WIRE_LENGTH" value="1745"/>
				<Property id="PROPERTY_7837" name="WIRE_END2_MATL" value="(SN)"/>
				<Property id="PROPERTY_7838" name="WIRE_CSA" value="0.35"/>
				<Property id="PROPERTY_7839" name="WIRE_MIN_BEND_RADIUS" value="3"/>
				<Property id="PROPERTY_7840" name="WIRE_OPTION" value="HT2AC"/>
				<Property id="PROPERTY_7841" name="WIRE_DEV_PIN_1" value="C12-A2:4"/>
				<Property id="PROPERTY_7842" name="WIRE_COLOR" value="YE"/>
				<Property id="PROPERTY_7843" name="WIRE_SPEC" value="2UKD"/>
				<Property id="PROPERTY_7844" name="WIRE_END1_MATL" value="(SN)"/>
				<Property id="PROPERTY_7845" name="WIRE_LEVEL" value="(BEV)"/>
				<Property id="PROPERTY_7846" name="WIRE_END1_TERM" value="8U5T-14474-BB"/>
				<Property id="PROPERTY_7847" name="WIRE_DEV_PIN_2" value="C2LF44EV:3"/>
				<Property id="PROPERTY_7848" name="WIRE_NAME" value="VLF32EVD"/>
				<Property id="PROPERTY_7849" name="WIRE_END2_TERM" value="DU5T-14474-BA"/>
				<Property id="PROPERTY_7850" name="WIRE_SIGNAL" value="VLF32"/>
				<Property id="PROPERTY_7851" name="HRN_FAMILY" value="14401"/>
				<Property id="PROPERTY_7852" name="WIRE_MULTICORE" value="SH_DLF32EVD"/>
				<Property id="PROPERTY_7853" name="WIRE_FPN" value="WIRE-2UKD-0.35-YE"/>
				<Property id="PROPERTY_7854" name="WIRE_DIA_MAX" value="1.2"/>
				<Option id="OPTION_c4-c-0-4054cc_1" value="HT2AC"/>
				<BranchRoute id="BRR_269">
					<StartBranchPosition id="BR_POS_801" branchId="BRANCH_34-4e-0-81674d" branchNodeId="BN_8848-168" offset="0"/>
					<PassBranchId>BRANCH_34-4e-0-821a96</PassBranchId>
					<PassBranchId>BRANCH_34-4e-0-816749</PassBranchId>
					<PassBranchId>BRANCH_34-4e-0-816744</PassBranchId>
					<PassBranchId>BRANCH_34-4e-0-814498</PassBranchId>
					<PassBranchId>BRANCH_c2-4e-0-4c0fb4</PassBranchId>
					<PassBranchId>BRANCH_c2-4e-0-4c0f7e</PassBranchId>
					<PassBranchId>BRANCH_c2-4e-0-4c1005</PassBranchId>
					<PassBranchId>BRANCH_c2-4e-0-4c0f45</PassBranchId>
					<PassBranchId>BRANCH_c2-4e-0-4c0dea</PassBranchId>
					<PassBranchId>BRANCH_c2-4e-0-4c0fd1</PassBranchId>
					<PassBranchId>BRANCH_c2-4e-0-4c0fe8</PassBranchId>
					<PassBranchId>BRANCH_c2-4e-0-4c1009</PassBranchId>
					<PassBranchId>BRANCH_c2-4e-0-4c10cb</PassBranchId>
					<PassBranchId>BRANCH_c2-4e-0-4c10ec</PassBranchId>
					<PassBranchId>BRANCH_c2-4e-0-4c0de4</PassBranchId>
					<PassBranchId>BRANCH_1a-4e-0-18e01d0</PassBranchId>
					<PassBranchId>BRANCH_c2-4e-0-4c10c8</PassBranchId>
					<PassBranchId>BRANCH_eb-4e-0-678fca</PassBranchId>
					<PassBranchId>BRANCH_c2-4e-0-4c0e87</PassBranchId>
					<PassBranchId>BRANCH_c2-4e-0-4c0e8c</PassBranchId>
					<PassBranchId>BRANCH_c2-4e-0-4c0e7f</PassBranchId>
					<PassBranchId>BRANCH_c2-4e-0-4c0ef9</PassBranchId>
					<PassBranchId>BRANCH_c2-4e-0-4c0e70</PassBranchId>
					<PassBranchId>BRANCH_c2-4e-0-4c0d66</PassBranchId>
					<PassBranchId>BRANCH_c2-4e-0-4c0e5f</PassBranchId>
					<EndBranchPosition id="BR_POS_802" branchId="BRANCH_c2-4e-0-4c0d60" branchNodeId="BN_22052-256" offset="0"/>
				</BranchRoute>
			</WiringItem>
		</WiringItem>
		<WiringItem xsi:type="Bundle" id="BUNDLE_a1-6-0-9d28f" name="TS_VMP19J" bundleType="shield">
			<AppRef name="E3.Series" version="2.14.5.0" guid="f1805991-0c40-4c22-8fdd-a298da03207e"/>
			<WiringItem xsi:type="Wire" id="WIRE_95-c-0-e6c4f" name="DMP19J1" signalId="SIGNAL_2-36-0-3cf1" cableType="WIRE-3XAE-0.50" wireName="SCRN" fromPinId="PIN_b5-18-0-5340" toPinId="PIN_87-18-0-15273">
				<AppRef name="E3.Series" version="2.13.7.0" guid="2ccd4236-e40d-4cca-8c64-05d7f8daa4ec"/>
				<Property id="PROPERTY_8217" name="WIRE_LENGTH" value="1760"/>
				<Property id="PROPERTY_8218" name="WIRE_END2_MATL" value="(SN)"/>
				<Property id="PROPERTY_8219" name="WIRE_MC_01_FOIL" value="ESBU5T-1A303-AA(AD)"/>
				<Property id="PROPERTY_8220" name="WIRE_END2_CAVSEAL" value="ESF-M3L66-A"/>
				<Property id="PROPERTY_8221" name="WIRE_CSA" value="0.5"/>
				<Property id="PROPERTY_8222" name="WIRE_MC_02_TAPE" value="ESAC3T-1A303-AA(A30-00)"/>
				<Property id="PROPERTY_8223" name="WIRE_END1_CAVSEAL" value="ESF-M3L66-A"/>
				<Property id="PROPERTY_8224" name="WIRE_MIN_BEND_RADIUS" value="2.75"/>
				<Property id="PROPERTY_8225" name="WIRE_OPTION" value="HJGAJ &amp; ( J3KAB | J3KAH ) | J3KAR"/>
				<Property id="PROPERTY_8226" name="WIRE_DEV_PIN_1" value="C23-C1:6"/>
				<Property id="PROPERTY_8227" name="WIRE_COLOR" value="SCRN"/>
				<Property id="PROPERTY_8228" name="WIRE_SPEC" value="3XAE"/>
				<Property id="PROPERTY_8229" name="WIRE_END1_MATL" value="(SN)"/>
				<Property id="PROPERTY_8230" name="WIRE_LEVEL" value="(8DSP)"/>
				<Property id="PROPERTY_8231" name="WIRE_END1_TERM" value="3F2T-14474-RA"/>
				<Property id="PROPERTY_8232" name="WIRE_DEV_PIN_2" value="C2MM01-A:33"/>
				<Property id="PROPERTY_8233" name="WIRE_NAME" value="DMP19J1"/>
				<Property id="PROPERTY_8234" name="WIRE_END2_TERM" value="9U5T-14474-DB"/>
				<Property id="PROPERTY_8235" name="WIRE_SIGNAL" value="RPK08"/>
				<Property id="PROPERTY_8236" name="HRN_FAMILY" value="14401"/>
				<Property id="PROPERTY_8237" name="WIRE_MULTICORE" value="TS_VMP19J"/>
				<Property id="PROPERTY_8238" name="WIRE_FPN" value="WIRE-3XAE-0.50-SCRN"/>
				<Property id="PROPERTY_8239" name="WIRE_DIA_MAX" value="1.1"/>
				<Option id="OPTION_95-c-0-e6c4f_1" value="HJGAJ &amp; ( J3KAB | J3KAH ) | J3KAR"/>
				<BranchRoute id="BRR_288">
					<StartBranchPosition id="BR_POS_839" branchId="BRANCH_c2-4e-0-4c0de1" branchNodeId="BN_79_9-190_058" offset="0"/>
					<PassBranchId>BRANCH_c2-4e-0-4c0ddd</PassBranchId>
					<PassBranchId>BRANCH_c2-4e-0-4c10dd</PassBranchId>
					<PassBranchId>BRANCH_c2-4e-0-4c1020</PassBranchId>
					<PassBranchId>BRANCH_c2-4e-0-4c1021</PassBranchId>
					<PassBranchId>BRANCH_c2-4e-0-4c10e7</PassBranchId>
					<PassBranchId>BRANCH_c2-4e-0-4c0fc5</PassBranchId>
					<PassBranchId>BRANCH_c2-4e-0-4c0fce</PassBranchId>
					<PassBranchId>BRANCH_c2-4e-0-4c0d1d</PassBranchId>
					<PassBranchId>BRANCH_35-4e-0-2efaf8</PassBranchId>
					<PassBranchId>BRANCH_c2-4e-0-4c10c0</PassBranchId>
					<PassBranchId>BRANCH_c2-4e-0-4c0fc8</PassBranchId>
					<PassBranchId>BRANCH_c2-4e-0-4c108d</PassBranchId>
					<PassBranchId>BRANCH_c2-4e-0-4c0d88</PassBranchId>
					<PassBranchId>BRANCH_c2-4e-0-4c109a</PassBranchId>
					<PassBranchId>BRANCH_c2-4e-0-4c0e16</PassBranchId>
					<PassBranchId>BRANCH_c2-4e-0-4c0fcb</PassBranchId>
					<PassBranchId>BRANCH_c2-4e-0-4c0dea</PassBranchId>
					<PassBranchId>BRANCH_c2-4e-0-4c0fd1</PassBranchId>
					<PassBranchId>BRANCH_c2-4e-0-4c0fe8</PassBranchId>
					<PassBranchId>BRANCH_c2-4e-0-4c1009</PassBranchId>
					<PassBranchId>BRANCH_c2-4e-0-4c10cb</PassBranchId>
					<PassBranchId>BRANCH_c2-4e-0-4c10ec</PassBranchId>
					<PassBranchId>BRANCH_c2-4e-0-4c1075</PassBranchId>
					<PassBranchId>BRANCH_c2-4e-0-4c106f</PassBranchId>
					<PassBranchId>BRANCH_c2-4e-0-4c1076</PassBranchId>
					<PassBranchId>BRANCH_c2-4e-0-4c0d05</PassBranchId>
					<PassBranchId>BRANCH_c2-4e-0-4c0f26</PassBranchId>
					<PassBranchId>BRANCH_c2-4e-0-4c0f29</PassBranchId>
					<EndBranchPosition id="BR_POS_840" branchId="BRANCH_c2-4e-0-4c0f2a" branchNodeId="BN_17720-164" offset="0"/>
				</BranchRoute>
			</WiringItem>
			<WiringItem xsi:type="Bundle" id="BUNDLE_a1-6-0-9d25e" name="TP_VMP19J" bundleType="twist">
				<AppRef name="E3.Series" version="2.14.5.0" guid="36d76475-6faa-4ef9-8027-65140a67e811"/>
				<WiringItem xsi:type="Wire" id="WIRE_95-c-0-e5286" name="RMP19J" signalId="SIGNAL_18-36-0-251462" cableType="WIRE-2UKD-0.35" wireName="BU/GY" fromPinId="PIN_b5-18-0-534c" toPinId="PIN_87-18-0-1526c">
					<AppRef name="E3.Series" version="2.13.7.0" guid="6c5cac37-d59d-46a9-8797-b5c084bf0e1a"/>
					<Property id="PROPERTY_8240" name="WIRE_LENGTH" value="1771"/>
					<Property id="PROPERTY_8241" name="WIRE_END2_MATL" value="(SN)"/>
					<Property id="PROPERTY_8242" name="WIRE_CSA" value="0.35"/>
					<Property id="PROPERTY_8243" name="WIRE_MIN_BEND_RADIUS" value="3"/>
					<Property id="PROPERTY_8244" name="WIRE_OPTION" value="HJGAJ &amp; ( J3KAB | J3KAH ) | J3KAR"/>
					<Property id="PROPERTY_8245" name="WIRE_DEV_PIN_1" value="C23-C1:12"/>
					<Property id="PROPERTY_8246" name="WIRE_COLOR" value="BU/GY"/>
					<Property id="PROPERTY_8247" name="WIRE_SPEC" value="2UKD"/>
					<Property id="PROPERTY_8248" name="WIRE_END1_MATL" value="(SN)"/>
					<Property id="PROPERTY_8249" name="WIRE_LEVEL" value="(8DSP)"/>
					<Property id="PROPERTY_8250" name="WIRE_END1_TERM" value="9U5T-14474-DB"/>
					<Property id="PROPERTY_8251" name="WIRE_DEV_PIN_2" value="C2MM01-A:15"/>
					<Property id="PROPERTY_8252" name="WIRE_NAME" value="RMP19J"/>
					<Property id="PROPERTY_8253" name="WIRE_END2_TERM" value="9U5T-14474-DB"/>
					<Property id="PROPERTY_8254" name="WIRE_SIGNAL" value="VAT41"/>
					<Property id="PROPERTY_8255" name="HRN_FAMILY" value="14401"/>
					<Property id="PROPERTY_8256" name="WIRE_MULTICORE" value="TP_VMP19J"/>
					<Property id="PROPERTY_8257" name="WIRE_FPN" value="WIRE-2UKD-0.35-BU/GY"/>
					<Property id="PROPERTY_8258" name="WIRE_DIA_MAX" value="1.2"/>
					<Option id="OPTION_95-c-0-e5286_1" value="HJGAJ &amp; ( J3KAB | J3KAH ) | J3KAR"/>
					<BranchRoute id="BRR_289">
						<StartBranchPosition id="BR_POS_841" branchId="BRANCH_c2-4e-0-4c0de1" branchNodeId="BN_79_9-190_058" offset="0"/>
						<PassBranchId>BRANCH_c2-4e-0-4c0ddd</PassBranchId>
						<PassBranchId>BRANCH_c2-4e-0-4c10dd</PassBranchId>
						<PassBranchId>BRANCH_c2-4e-0-4c1020</PassBranchId>
						<PassBranchId>BRANCH_c2-4e-0-4c1021</PassBranchId>
						<PassBranchId>BRANCH_c2-4e-0-4c10e7</PassBranchId>
						<PassBranchId>BRANCH_c2-4e-0-4c0fc5</PassBranchId>
						<PassBranchId>BRANCH_c2-4e-0-4c0fce</PassBranchId>
						<PassBranchId>BRANCH_c2-4e-0-4c0d1d</PassBranchId>
						<PassBranchId>BRANCH_35-4e-0-2efaf8</PassBranchId>
						<PassBranchId>BRANCH_c2-4e-0-4c10c0</PassBranchId>
						<PassBranchId>BRANCH_c2-4e-0-4c0fc8</PassBranchId>
						<PassBranchId>BRANCH_c2-4e-0-4c108d</PassBranchId>
						<PassBranchId>BRANCH_c2-4e-0-4c0d88</PassBranchId>
						<PassBranchId>BRANCH_c2-4e-0-4c109a</PassBranchId>
						<PassBranchId>BRANCH_c2-4e-0-4c0e16</PassBranchId>
						<PassBranchId>BRANCH_c2-4e-0-4c0fcb</PassBranchId>
						<PassBranchId>BRANCH_c2-4e-0-4c0dea</PassBranchId>
						<PassBranchId>BRANCH_c2-4e-0-4c0fd1</PassBranchId>
						<PassBranchId>BRANCH_c2-4e-0-4c0fe8</PassBranchId>
						<PassBranchId>BRANCH_c2-4e-0-4c1009</PassBranchId>
						<PassBranchId>BRANCH_c2-4e-0-4c10cb</PassBranchId>
						<PassBranchId>BRANCH_c2-4e-0-4c10ec</PassBranchId>
						<PassBranchId>BRANCH_c2-4e-0-4c1075</PassBranchId>
						<PassBranchId>BRANCH_c2-4e-0-4c106f</PassBranchId>
						<PassBranchId>BRANCH_c2-4e-0-4c1076</PassBranchId>
						<PassBranchId>BRANCH_c2-4e-0-4c0d05</PassBranchId>
						<PassBranchId>BRANCH_c2-4e-0-4c0f26</PassBranchId>
						<PassBranchId>BRANCH_c2-4e-0-4c0f29</PassBranchId>
						<EndBranchPosition id="BR_POS_842" branchId="BRANCH_c2-4e-0-4c0f2a" branchNodeId="BN_17720-164" offset="0"/>
					</BranchRoute>
				</WiringItem>
				<WiringItem xsi:type="Wire" id="WIRE_95-c-0-e5255" name="VMP19J" signalId="SIGNAL_2-36-0-420b" cableType="WIRE-2UKD-0.35" wireName="WH/GN" fromPinId="PIN_b5-18-0-534e" toPinId="PIN_87-18-0-15265">
					<AppRef name="E3.Series" version="2.13.7.0" guid="dd3d30ef-00da-4b70-9420-403e46088896"/>
					<Property id="PROPERTY_8259" name="WIRE_LENGTH" value="1771"/>
					<Property id="PROPERTY_8260" name="WIRE_END2_MATL" value="(SN)"/>
					<Property id="PROPERTY_8261" name="WIRE_CSA" value="0.35"/>
					<Property id="PROPERTY_8262" name="WIRE_MIN_BEND_RADIUS" value="3"/>
					<Property id="PROPERTY_8263" name="WIRE_OPTION" value="HJGAJ &amp; ( J3KAB | J3KAH ) | J3KAR"/>
					<Property id="PROPERTY_8264" name="WIRE_DEV_PIN_1" value="C23-C1:13"/>
					<Property id="PROPERTY_8265" name="WIRE_COLOR" value="WH/GN"/>
					<Property id="PROPERTY_8266" name="WIRE_SPEC" value="2UKD"/>
					<Property id="PROPERTY_8267" name="WIRE_END1_MATL" value="(SN)"/>
					<Property id="PROPERTY_8268" name="WIRE_LEVEL" value="(8DSP)"/>
					<Property id="PROPERTY_8269" name="WIRE_END1_TERM" value="9U5T-14474-DB"/>
					<Property id="PROPERTY_8270" name="WIRE_DEV_PIN_2" value="C2MM01-A:14"/>
					<Property id="PROPERTY_8271" name="WIRE_NAME" value="VMP19J"/>
					<Property id="PROPERTY_8272" name="WIRE_END2_TERM" value="9U5T-14474-DB"/>
					<Property id="PROPERTY_8273" name="WIRE_SIGNAL" value="VPK08"/>
					<Property id="PROPERTY_8274" name="HRN_FAMILY" value="14401"/>
					<Property id="PROPERTY_8275" name="WIRE_MULTICORE" value="TP_VMP19J"/>
					<Property id="PROPERTY_8276" name="WIRE_FPN" value="WIRE-2UKD-0.35-WH/GN"/>
					<Property id="PROPERTY_8277" name="WIRE_DIA_MAX" value="1.2"/>
					<Option id="OPTION_95-c-0-e5255_1" value="HJGAJ &amp; ( J3KAB | J3KAH ) | J3KAR"/>
					<BranchRoute id="BRR_290">
						<StartBranchPosition id="BR_POS_843" branchId="BRANCH_c2-4e-0-4c0de1" branchNodeId="BN_79_9-190_058" offset="0"/>
						<PassBranchId>BRANCH_c2-4e-0-4c0ddd</PassBranchId>
						<PassBranchId>BRANCH_c2-4e-0-4c10dd</PassBranchId>
						<PassBranchId>BRANCH_c2-4e-0-4c1020</PassBranchId>
						<PassBranchId>BRANCH_c2-4e-0-4c1021</PassBranchId>
						<PassBranchId>BRANCH_c2-4e-0-4c10e7</PassBranchId>
						<PassBranchId>BRANCH_c2-4e-0-4c0fc5</PassBranchId>
						<PassBranchId>BRANCH_c2-4e-0-4c0fce</PassBranchId>
						<PassBranchId>BRANCH_c2-4e-0-4c0d1d</PassBranchId>
						<PassBranchId>BRANCH_35-4e-0-2efaf8</PassBranchId>
						<PassBranchId>BRANCH_c2-4e-0-4c10c0</PassBranchId>
						<PassBranchId>BRANCH_c2-4e-0-4c0fc8</PassBranchId>
						<PassBranchId>BRANCH_c2-4e-0-4c108d</PassBranchId>
						<PassBranchId>BRANCH_c2-4e-0-4c0d88</PassBranchId>
						<PassBranchId>BRANCH_c2-4e-0-4c109a</PassBranchId>
						<PassBranchId>BRANCH_c2-4e-0-4c0e16</PassBranchId>
						<PassBranchId>BRANCH_c2-4e-0-4c0fcb</PassBranchId>
						<PassBranchId>BRANCH_c2-4e-0-4c0dea</PassBranchId>
						<PassBranchId>BRANCH_c2-4e-0-4c0fd1</PassBranchId>
						<PassBranchId>BRANCH_c2-4e-0-4c0fe8</PassBranchId>
						<PassBranchId>BRANCH_c2-4e-0-4c1009</PassBranchId>
						<PassBranchId>BRANCH_c2-4e-0-4c10cb</PassBranchId>
						<PassBranchId>BRANCH_c2-4e-0-4c10ec</PassBranchId>
						<PassBranchId>BRANCH_c2-4e-0-4c1075</PassBranchId>
						<PassBranchId>BRANCH_c2-4e-0-4c106f</PassBranchId>
						<PassBranchId>BRANCH_c2-4e-0-4c1076</PassBranchId>
						<PassBranchId>BRANCH_c2-4e-0-4c0d05</PassBranchId>
						<PassBranchId>BRANCH_c2-4e-0-4c0f26</PassBranchId>
						<PassBranchId>BRANCH_c2-4e-0-4c0f29</PassBranchId>
						<EndBranchPosition id="BR_POS_844" branchId="BRANCH_c2-4e-0-4c0f2a" branchNodeId="BN_17720-164" offset="0"/>
					</BranchRoute>
				</WiringItem>
			</WiringItem>
		</WiringItem>
		<WiringItem xsi:type="Wire" id="WIRE_95-c-0-e4759" name="CPK36B" signalId="SIGNAL_2-36-0-3759" cableType="WIRE-2UKD-0.35" wireName="VT/BN" fromPinId="PIN_f-18-0-dc0b" toPinId="PIN_29-18-0-82c6">
			<AppRef name="E3.Series" version="2.13.7.0" guid="a2e6df77-e361-40b1-97b2-d07a11ba9ac7"/>
			<Property id="PROPERTY_6979" name="WIRE_LENGTH" value="2000"/>
			<Property id="PROPERTY_6980" name="WIRE_END2_MATL" value="(SN)"/>
			<Property id="PROPERTY_6981" name="WIRE_CSA" value="0.35"/>
			<Property id="PROPERTY_6982" name="WIRE_MIN_BEND_RADIUS" value="3"/>
			<Property id="PROPERTY_6983" name="WIRE_OPTION" value="CBGAL | CBGAJ | CBGAU | CBFAN"/>
			<Property id="PROPERTY_6984" name="WIRE_DEV_PIN_1" value="C2AM02-B:39"/>
			<Property id="PROPERTY_6985" name="WIRE_COLOR" value="VT/BN"/>
			<Property id="PROPERTY_6986" name="WIRE_SPEC" value="2UKD"/>
			<Property id="PROPERTY_6987" name="WIRE_END1_MATL" value="(SN)"/>
			<Property id="PROPERTY_6988" name="WIRE_LEVEL" value="(PEPS-12)/(BEV)"/>
			<Property id="PROPERTY_6989" name="WIRE_END1_TERM" value="9U5T-14474-DB"/>
			<Property id="PROPERTY_6990" name="WIRE_DEV_PIN_2" value="C2DC38:2"/>
			<Property id="PROPERTY_6991" name="WIRE_NAME" value="CPK36B"/>
			<Property id="PROPERTY_6992" name="WIRE_END2_TERM" value="3F2T-14474-SA"/>
			<Property id="PROPERTY_6993" name="WIRE_SIGNAL" value="CPK36"/>
			<Property id="PROPERTY_6994" name="HRN_FAMILY" value="14401"/>
			<Property id="PROPERTY_6995" name="WIRE_FPN" value="WIRE-2UKD-0.35-VT/BN"/>
			<Property id="PROPERTY_6996" name="WIRE_DIA_MAX" value="1.2"/>
			<Option id="OPTION_95-c-0-e4759_1" value="CBGAL | CBGAJ | CBGAU | CBFAN"/>
			<BranchRoute id="BRR_222">
				<StartBranchPosition id="BR_POS_707" branchId="BRANCH_c2-4e-0-4c0eab" branchNodeId="BN_12382_25-194_156" offset="0"/>
				<PassBranchId>BRANCH_c2-4e-0-4c0ea8</PassBranchId>
				<PassBranchId>BRANCH_c2-4e-0-4c0ea2</PassBranchId>
				<PassBranchId>BRANCH_c2-4e-0-4c0f5d</PassBranchId>
				<PassBranchId>BRANCH_c2-4e-0-4c0f4c</PassBranchId>
				<PassBranchId>BRANCH_c2-4e-0-4c0dea</PassBranchId>
				<PassBranchId>BRANCH_c2-4e-0-4c0fd1</PassBranchId>
				<PassBranchId>BRANCH_c2-4e-0-4c0fe8</PassBranchId>
				<PassBranchId>BRANCH_c2-4e-0-4c1009</PassBranchId>
				<PassBranchId>BRANCH_c2-4e-0-4c10cb</PassBranchId>
				<PassBranchId>BRANCH_c2-4e-0-4c10ec</PassBranchId>
				<PassBranchId>BRANCH_c2-4e-0-4c0de4</PassBranchId>
				<PassBranchId>BRANCH_1a-4e-0-18e01d0</PassBranchId>
				<PassBranchId>BRANCH_c2-4e-0-4c10c8</PassBranchId>
				<PassBranchId>BRANCH_eb-4e-0-678fca</PassBranchId>
				<PassBranchId>BRANCH_c2-4e-0-4c0e87</PassBranchId>
				<PassBranchId>BRANCH_c2-4e-0-4c0e8c</PassBranchId>
				<PassBranchId>BRANCH_c2-4e-0-4c0e7f</PassBranchId>
				<PassBranchId>BRANCH_c2-4e-0-4c102d</PassBranchId>
				<PassBranchId>BRANCH_c2-4e-0-4c1030</PassBranchId>
				<PassBranchId>BRANCH_c2-4e-0-4c0e6d</PassBranchId>
				<PassBranchId>BRANCH_c2-4e-0-4c0fdc</PassBranchId>
				<PassBranchId>BRANCH_c2-4e-0-4c0efe</PassBranchId>
				<PassBranchId>BRANCH_c2-4e-0-4c0df1</PassBranchId>
				<EndBranchPosition id="BR_POS_708" branchId="BRANCH_c2-4e-0-4c0f01" branchNodeId="BN_23840-236" offset="0"/>
			</BranchRoute>
		</WiringItem>
		<WiringItem xsi:type="Wire" id="WIRE_87-c-0-16967b" name="CPL24A" signalId="SIGNAL_18-36-0-253129" cableType="WIRE-2UKD-0.35" wireName="YE/BU" fromPinId="PIN_b5-18-0-5567" toPinId="PIN_3b-18-0-1d767">
			<AppRef name="E3.Series" version="2.13.7.0" guid="0ff793d0-eb06-4f61-8905-656a86644cb5"/>
			<Property id="PROPERTY_6997" name="WIRE_LENGTH" value="2205"/>
			<Property id="PROPERTY_6998" name="WIRE_END2_MATL" value="(SN)"/>
			<Property id="PROPERTY_6999" name="WIRE_CSA" value="0.35"/>
			<Property id="PROPERTY_7000" name="WIRE_MIN_BEND_RADIUS" value="3"/>
			<Property id="PROPERTY_7001" name="WIRE_OPTION" value="EN_CN"/>
			<Property id="PROPERTY_7002" name="WIRE_DEV_PIN_1" value="C12-B2:20"/>
			<Property id="PROPERTY_7003" name="WIRE_COLOR" value="YE/BU"/>
			<Property id="PROPERTY_7004" name="WIRE_SPEC" value="2UKD"/>
			<Property id="PROPERTY_7005" name="WIRE_END1_MATL" value="(SN)"/>
			<Property id="PROPERTY_7006" name="WIRE_LEVEL" value="(ACBRKR)/(CNSL-HI)/(A-STR)/AC/AG/AJ/AL/AN/AR/BC/BG/BH/BJ/CA/CB/CC/CD/CE/XD/XH/XJ/XK/XL/XS"/>
			<Property id="PROPERTY_7007" name="WIRE_END1_TERM" value="9U5T-14474-DB"/>
			<Property id="PROPERTY_7008" name="WIRE_DEV_PIN_2" value="C2LF23:4"/>
			<Property id="PROPERTY_7009" name="WIRE_NAME" value="CPL24A"/>
			<Property id="PROPERTY_7010" name="WIRE_END_DC" value="2,8U5T-14474-CB,(SN),(NO_LEVELS_ASSIGNED),CAP47A"/>
			<Property id="PROPERTY_7011" name="WIRE_END2_TERM" value="DU5T-14474-EAB"/>
			<Property id="PROPERTY_7012" name="WIRE_SIGNAL" value="VMM37"/>
			<Property id="PROPERTY_7013" name="HRN_FAMILY" value="14401"/>
			<Property id="PROPERTY_7014" name="WIRE_FPN" value="WIRE-2UKD-0.35-YE/BU"/>
			<Property id="PROPERTY_7015" name="WIRE_DIA_MAX" value="1.2"/>
			<Option id="OPTION_87-c-0-16967b_1" value="EN_CN"/>
			<BranchRoute id="BRR_223">
				<StartBranchPosition id="BR_POS_709" branchId="BRANCH_c2-4e-0-4c0e2f" branchNodeId="BN_3231_9-198_058" offset="0"/>
				<PassBranchId>BRANCH_c2-4e-0-4c0e66</PassBranchId>
				<PassBranchId>BRANCH_c2-4e-0-4c0d3e</PassBranchId>
				<PassBranchId>BRANCH_c2-4e-0-4c1055</PassBranchId>
				<PassBranchId>BRANCH_c2-4e-0-4c1056</PassBranchId>
				<PassBranchId>BRANCH_c2-4e-0-4c10e7</PassBranchId>
				<PassBranchId>BRANCH_c2-4e-0-4c0fc5</PassBranchId>
				<PassBranchId>BRANCH_c2-4e-0-4c0fce</PassBranchId>
				<PassBranchId>BRANCH_c2-4e-0-4c0d1d</PassBranchId>
				<PassBranchId>BRANCH_35-4e-0-2efaf8</PassBranchId>
				<PassBranchId>BRANCH_c2-4e-0-4c10c0</PassBranchId>
				<PassBranchId>BRANCH_c2-4e-0-4c0fc8</PassBranchId>
				<PassBranchId>BRANCH_c2-4e-0-4c108d</PassBranchId>
				<PassBranchId>BRANCH_c2-4e-0-4c0d88</PassBranchId>
				<PassBranchId>BRANCH_c2-4e-0-4c109a</PassBranchId>
				<PassBranchId>BRANCH_c2-4e-0-4c0e16</PassBranchId>
				<PassBranchId>BRANCH_c2-4e-0-4c0fcb</PassBranchId>
				<PassBranchId>BRANCH_c2-4e-0-4c0dea</PassBranchId>
				<PassBranchId>BRANCH_c2-4e-0-4c0fd1</PassBranchId>
				<PassBranchId>BRANCH_c2-4e-0-4c0fe8</PassBranchId>
				<PassBranchId>BRANCH_c2-4e-0-4c1009</PassBranchId>
				<PassBranchId>BRANCH_c2-4e-0-4c10cb</PassBranchId>
				<PassBranchId>BRANCH_c2-4e-0-4c10ec</PassBranchId>
				<PassBranchId>BRANCH_c2-4e-0-4c0de4</PassBranchId>
				<PassBranchId>BRANCH_1a-4e-0-18e01d0</PassBranchId>
				<PassBranchId>BRANCH_c2-4e-0-4c10c8</PassBranchId>
				<PassBranchId>BRANCH_eb-4e-0-678fca</PassBranchId>
				<PassBranchId>BRANCH_c2-4e-0-4c0e87</PassBranchId>
				<PassBranchId>BRANCH_c2-4e-0-4c0e8c</PassBranchId>
				<PassBranchId>BRANCH_c2-4e-0-4c0e7f</PassBranchId>
				<PassBranchId>BRANCH_c2-4e-0-4c0ef9</PassBranchId>
				<PassBranchId>BRANCH_c2-4e-0-4c0e70</PassBranchId>
				<PassBranchId>BRANCH_c2-4e-0-4c0d66</PassBranchId>
				<PassBranchId>BRANCH_c2-4e-0-4c0fe2</PassBranchId>
				<PassBranchId>BRANCH_c2-4e-0-4c0d5d</PassBranchId>
				<PassBranchId>BRANCH_c2-4e-0-4c0e62</PassBranchId>
				<EndBranchPosition id="BR_POS_710" branchId="BRANCH_c2-4e-0-4c0d54" branchNodeId="BN_21712-184" offset="0"/>
			</BranchRoute>
		</WiringItem>
		<WiringItem xsi:type="Wire" id="WIRE_91-c-0-25fc5c" name="CPL26GA" signalId="SIGNAL_2-36-0-377b" cableType="WIRE-2UKD-0.35" wireName="GN/VT" fromPinId="PIN_1e-18-0-13267" toPinId="PIN_b5-18-0-54af">
			<AppRef name="E3.Series" version="2.13.7.0" guid="2b9dd563-145d-4ab7-b7be-91d4b5e54765"/>
			<Property id="PROPERTY_7016" name="WIRE_LENGTH" value="1345"/>
			<Property id="PROPERTY_7017" name="WIRE_END2_MATL" value="(SN)"/>
			<Property id="PROPERTY_7018" name="WIRE_CSA" value="0.35"/>
			<Property id="PROPERTY_7019" name="WIRE_MIN_BEND_RADIUS" value="3"/>
			<Property id="PROPERTY_7020" name="WIRE_OPTION" value="GRAA3 | GRAAP"/>
			<Property id="PROPERTY_7021" name="WIRE_DEV_PIN_1" value="C23-D1:6"/>
			<Property id="PROPERTY_7022" name="WIRE_COLOR" value="GN/VT"/>
			<Property id="PROPERTY_7023" name="WIRE_SPEC" value="2UKD"/>
			<Property id="PROPERTY_7024" name="WIRE_END1_MATL" value="(SN)"/>
			<Property id="PROPERTY_7025" name="WIRE_LEVEL" value="(CNSL-MID)/(P-COL)"/>
			<Property id="PROPERTY_7026" name="WIRE_END1_TERM" value="BU5T-14474-UA"/>
			<Property id="PROPERTY_7027" name="WIRE_DEV_PIN_2" value="C23-B1:3"/>
			<Property id="PROPERTY_7028" name="WIRE_NAME" value="CPL26GA"/>
			<Property id="PROPERTY_7029" name="WIRE_END2_TERM" value="3F2T-14474-SA"/>
			<Property id="PROPERTY_7030" name="WIRE_SIGNAL" value="CPL26"/>
			<Property id="PROPERTY_7031" name="HRN_FAMILY" value="14401"/>
			<Property id="PROPERTY_7032" name="WIRE_FPN" value="WIRE-2UKD-0.35-GN/VT"/>
			<Property id="PROPERTY_7033" name="WIRE_DIA_MAX" value="1.2"/>
			<Option id="OPTION_91-c-0-25fc5c_1" value="GRAA3 | GRAAP"/>
			<BranchRoute id="BRR_224">
				<StartBranchPosition id="BR_POS_711" branchId="BRANCH_c2-4e-0-4c0f19" branchNodeId="BN_19800-232" offset="0"/>
				<PassBranchId>BRANCH_c2-4e-0-4c1088</PassBranchId>
				<PassBranchId>BRANCH_c2-4e-0-4c1083</PassBranchId>
				<PassBranchId>BRANCH_c2-4e-0-4c1087</PassBranchId>
				<PassBranchId>BRANCH_c2-4e-0-4c106f</PassBranchId>
				<PassBranchId>BRANCH_c2-4e-0-4c1075</PassBranchId>
				<PassBranchId>BRANCH_c2-4e-0-4c0de4</PassBranchId>
				<PassBranchId>BRANCH_1a-4e-0-18e01d0</PassBranchId>
				<PassBranchId>BRANCH_c2-4e-0-4c10c8</PassBranchId>
				<PassBranchId>BRANCH_eb-4e-0-678fca</PassBranchId>
				<PassBranchId>BRANCH_c2-4e-0-4c0e87</PassBranchId>
				<PassBranchId>BRANCH_c2-4e-0-4c0e8c</PassBranchId>
				<PassBranchId>BRANCH_c2-4e-0-4c0e7f</PassBranchId>
				<PassBranchId>BRANCH_c2-4e-0-4c0ef9</PassBranchId>
				<PassBranchId>BRANCH_c2-4e-0-4c0e70</PassBranchId>
				<PassBranchId>BRANCH_c2-4e-0-4c0e5c</PassBranchId>
				<EndBranchPosition id="BR_POS_712" branchId="BRANCH_c2-4e-0-4c0d63" branchNodeId="BN_22204-180" offset="0"/>
			</BranchRoute>
		</WiringItem>
		<WiringItem xsi:type="Wire" id="WIRE_ec-c-0-410002" name="CPL26GT" signalId="SIGNAL_2-36-0-377b" cableType="WIRE-2UKD-0.35" wireName="GN/VT" fromPinId="PIN_b5-18-0-54af" toPinId="PIN_c0-18-0-5002c4">
			<AppRef name="E3.Series" version="2.13.7.0" guid="ffbd8a92-8720-4748-98ab-d4143051e6c4"/>
			<Property id="PROPERTY_7034" name="WIRE_LENGTH" value="2115"/>
			<Property id="PROPERTY_7035" name="WIRE_CSA" value="0.35"/>
			<Property id="PROPERTY_7036" name="WIRE_MIN_BEND_RADIUS" value="3"/>
			<Property id="PROPERTY_7037" name="WIRE_OPTION" value="GRAA2"/>
			<Property id="PROPERTY_7038" name="WIRE_DEV_PIN_1" value="C23-B1:3"/>
			<Property id="PROPERTY_7039" name="WIRE_COLOR" value="GN/VT"/>
			<Property id="PROPERTY_7040" name="WIRE_SPEC" value="2UKD"/>
			<Property id="PROPERTY_7041" name="WIRE_END1_MATL" value="(SN)"/>
			<Property id="PROPERTY_7042" name="WIRE_LEVEL" value="(C-SHF)"/>
			<Property id="PROPERTY_7043" name="WIRE_END1_TERM" value="3F2T-14474-SA"/>
			<Property id="PROPERTY_7044" name="WIRE_DEV_PIN_2" value="C2ET76-P:15"/>
			<Property id="PROPERTY_7045" name="WIRE_NAME" value="CPL26GT"/>
			<Property id="PROPERTY_7046" name="WIRE_END2_TERM" value="*DU5T-14474-GAA"/>
			<Property id="PROPERTY_7047" name="WIRE_SIGNAL" value="CPL26"/>
			<Property id="PROPERTY_7048" name="HRN_FAMILY" value="14401"/>
			<Property id="PROPERTY_7049" name="WIRE_FPN" value="WIRE-2UKD-0.35-GN/VT"/>
			<Property id="PROPERTY_7050" name="WIRE_DIA_MAX" value="1.2"/>
			<Option id="OPTION_ec-c-0-410002_1" value="GRAA2"/>
			<BranchRoute id="BRR_225">
				<StartBranchPosition id="BR_POS_713" branchId="BRANCH_c2-4e-0-4c0e3e" branchNodeId="BN_5263_9-198_058" offset="0"/>
				<PassBranchId>BRANCH_c2-4e-0-4c0d92</PassBranchId>
				<PassBranchId>BRANCH_c2-4e-0-4c10b4</PassBranchId>
				<PassBranchId>BRANCH_c2-4e-0-4c10b7</PassBranchId>
				<PassBranchId>BRANCH_c2-4e-0-4c0fa1</PassBranchId>
				<PassBranchId>BRANCH_c2-4e-0-4c10b1</PassBranchId>
				<PassBranchId>BRANCH_c2-4e-0-4c0f9e</PassBranchId>
				<PassBranchId>BRANCH_c2-4e-0-4c0f9b</PassBranchId>
				<PassBranchId>BRANCH_c2-4e-0-4c10ae</PassBranchId>
				<PassBranchId>BRANCH_c2-4e-0-4c0d95</PassBranchId>
				<PassBranchId>BRANCH_c2-4e-0-4c101d</PassBranchId>
				<PassBranchId>BRANCH_c2-4e-0-4c101a</PassBranchId>
				<PassBranchId>BRANCH_c2-4e-0-4c0fce</PassBranchId>
				<PassBranchId>BRANCH_c2-4e-0-4c0d1d</PassBranchId>
				<PassBranchId>BRANCH_35-4e-0-2efaf8</PassBranchId>
				<PassBranchId>BRANCH_c2-4e-0-4c10c0</PassBranchId>
				<PassBranchId>BRANCH_c2-4e-0-4c0fc8</PassBranchId>
				<PassBranchId>BRANCH_c2-4e-0-4c108d</PassBranchId>
				<PassBranchId>BRANCH_c2-4e-0-4c0d88</PassBranchId>
				<PassBranchId>BRANCH_c2-4e-0-4c109a</PassBranchId>
				<PassBranchId>BRANCH_c2-4e-0-4c0e16</PassBranchId>
				<PassBranchId>BRANCH_c2-4e-0-4c0fcb</PassBranchId>
				<PassBranchId>BRANCH_c2-4e-0-4c0dea</PassBranchId>
				<PassBranchId>BRANCH_c2-4e-0-4c0fd1</PassBranchId>
				<PassBranchId>BRANCH_c2-4e-0-4c0fe8</PassBranchId>
				<PassBranchId>BRANCH_c2-4e-0-4c1009</PassBranchId>
				<PassBranchId>BRANCH_c2-4e-0-4c10cb</PassBranchId>
				<PassBranchId>BRANCH_c2-4e-0-4c10ec</PassBranchId>
				<PassBranchId>BRANCH_c2-4e-0-4c0de4</PassBranchId>
				<PassBranchId>BRANCH_1a-4e-0-18e01d0</PassBranchId>
				<PassBranchId>BRANCH_c2-4e-0-4c10c8</PassBranchId>
				<PassBranchId>BRANCH_eb-4e-0-678fca</PassBranchId>
				<PassBranchId>BRANCH_c2-4e-0-4c0e87</PassBranchId>
				<PassBranchId>BRANCH_c2-4e-0-4c0e8c</PassBranchId>
				<PassBranchId>BRANCH_c2-4e-0-4c0e7f</PassBranchId>
				<PassBranchId>BRANCH_c2-4e-0-4c0ef9</PassBranchId>
				<PassBranchId>BRANCH_c2-4e-0-4c0e70</PassBranchId>
				<PassBranchId>BRANCH_c2-4e-0-4c0e5c</PassBranchId>
				<EndBranchPosition id="BR_POS_714" branchId="BRANCH_c2-4e-0-4c0d63" branchNodeId="BN_22204-180" offset="0"/>
			</BranchRoute>
		</WiringItem>
		<WiringItem xsi:type="Wire" id="WIRE_ac-c-0-8de6c0" name="CPLK5EVB" signalId="SIGNAL_42-36-0-18a6a3f" cableType="WIRE-2TAD-0.35" wireName="YE/BU" fromPinId="PIN_6a-18-0-f7b4a" toPinId="PIN_5d-18-0-c82fd">
			<AppRef name="E3.Series" version="2.14.0.0" guid="dfdd43eb-3e76-4088-acfe-493071824913"/>
			<Property id="PROPERTY_7051" name="WIRE_LENGTH" value="2320"/>
			<Property id="PROPERTY_7052" name="WIRE_END2_MATL" value="(SN)"/>
			<Property id="PROPERTY_7053" name="WIRE_CSA" value="0.35"/>
			<Property id="PROPERTY_7054" name="WIRE_MIN_BEND_RADIUS" value="3.5"/>
			<Property id="PROPERTY_7055" name="WIRE_OPTION" value="HT2AC"/>
			<Property id="PROPERTY_7056" name="WIRE_DEV_PIN_1" value="C12-B2:22"/>
			<Property id="PROPERTY_7057" name="WIRE_COLOR" value="YE/BU"/>
			<Property id="PROPERTY_7058" name="WIRE_SPEC" value="2TAD"/>
			<Property id="PROPERTY_7059" name="WIRE_END1_MATL" value="(SN)"/>
			<Property id="PROPERTY_7060" name="WIRE_LEVEL" value="(BEV)"/>
			<Property id="PROPERTY_7061" name="WIRE_END1_TERM" value="9U5T-14474-DB"/>
			<Property id="PROPERTY_7062" name="WIRE_DEV_PIN_2" value="C2X212:4"/>
			<Property id="PROPERTY_7063" name="WIRE_NAME" value="CPLK5EVB"/>
			<Property id="PROPERTY_7064" name="WIRE_END2_TERM" value="3F2T-14474-SA"/>
			<Property id="PROPERTY_7065" name="WIRE_SIGNAL" value="CPL91"/>
			<Property id="PROPERTY_7066" name="HRN_FAMILY" value="14401"/>
			<Property id="PROPERTY_7067" name="WIRE_FPN" value="WIRE-2TAD-0.35-YE/BU"/>
			<Property id="PROPERTY_7068" name="WIRE_DIA_MAX" value="1.4"/>
			<Option id="OPTION_ac-c-0-8de6c0_1" value="HT2AC"/>
			<BranchRoute id="BRR_226">
				<StartBranchPosition id="BR_POS_715" branchId="BRANCH_c2-4e-0-4c0dce" branchNodeId="BN_2863_9-198_058" offset="0"/>
				<PassBranchId>BRANCH_c2-4e-0-4c0dcb</PassBranchId>
				<PassBranchId>BRANCH_c2-4e-0-4c105c</PassBranchId>
				<PassBranchId>BRANCH_c2-4e-0-4c0dc5</PassBranchId>
				<PassBranchId>BRANCH_c2-4e-0-4c1055</PassBranchId>
				<PassBranchId>BRANCH_c2-4e-0-4c1056</PassBranchId>
				<PassBranchId>BRANCH_c2-4e-0-4c10e7</PassBranchId>
				<PassBranchId>BRANCH_c2-4e-0-4c0fc5</PassBranchId>
				<PassBranchId>BRANCH_c2-4e-0-4c0fce</PassBranchId>
				<PassBranchId>BRANCH_c2-4e-0-4c0d1d</PassBranchId>
				<PassBranchId>BRANCH_35-4e-0-2efaf8</PassBranchId>
				<PassBranchId>BRANCH_c2-4e-0-4c10c0</PassBranchId>
				<PassBranchId>BRANCH_c2-4e-0-4c0fc8</PassBranchId>
				<PassBranchId>BRANCH_c2-4e-0-4c108d</PassBranchId>
				<PassBranchId>BRANCH_c2-4e-0-4c0d88</PassBranchId>
				<PassBranchId>BRANCH_c2-4e-0-4c109a</PassBranchId>
				<PassBranchId>BRANCH_c2-4e-0-4c0e16</PassBranchId>
				<PassBranchId>BRANCH_c2-4e-0-4c0fcb</PassBranchId>
				<PassBranchId>BRANCH_c2-4e-0-4c0dea</PassBranchId>
				<PassBranchId>BRANCH_c2-4e-0-4c0fd1</PassBranchId>
				<PassBranchId>BRANCH_c2-4e-0-4c0fe8</PassBranchId>
				<PassBranchId>BRANCH_c2-4e-0-4c1009</PassBranchId>
				<PassBranchId>BRANCH_c2-4e-0-4c10cb</PassBranchId>
				<PassBranchId>BRANCH_c2-4e-0-4c10ec</PassBranchId>
				<PassBranchId>BRANCH_c2-4e-0-4c0de4</PassBranchId>
				<PassBranchId>BRANCH_1a-4e-0-18e01d0</PassBranchId>
				<PassBranchId>BRANCH_c2-4e-0-4c10c8</PassBranchId>
				<PassBranchId>BRANCH_eb-4e-0-678fca</PassBranchId>
				<PassBranchId>BRANCH_c2-4e-0-4c0e87</PassBranchId>
				<PassBranchId>BRANCH_c2-4e-0-4c0e8c</PassBranchId>
				<PassBranchId>BRANCH_c2-4e-0-4c0e7f</PassBranchId>
				<PassBranchId>BRANCH_c2-4e-0-4c0ef9</PassBranchId>
				<PassBranchId>BRANCH_c2-4e-0-4c0e70</PassBranchId>
				<PassBranchId>BRANCH_c2-4e-0-4c0d66</PassBranchId>
				<PassBranchId>BRANCH_c2-4e-0-4c0fe2</PassBranchId>
				<PassBranchId>BRANCH_c2-4e-0-4c0d5d</PassBranchId>
				<PassBranchId>BRANCH_c2-4e-0-4c0e62</PassBranchId>
				<EndBranchPosition id="BR_POS_716" branchId="BRANCH_c2-4e-0-4c0d54" branchNodeId="BN_21712-184" offset="0"/>
			</BranchRoute>
		</WiringItem>
		<WiringItem xsi:type="Wire" id="WIRE_91-c-0-2625f2" name="CPL93A" signalId="SIGNAL_2-36-0-37b5" cableType="WIRE-2UKD-0.35" wireName="GY/OG" fromPinId="PIN_b5-18-0-54b5" toPinId="PIN_1e-18-0-13268">
			<AppRef name="E3.Series" version="2.13.7.0" guid="d4d590e9-6754-440c-8423-11f89d302e64"/>
			<Property id="PROPERTY_7069" name="WIRE_LENGTH" value="1345"/>
			<Property id="PROPERTY_7070" name="WIRE_END2_MATL" value="(SN)"/>
			<Property id="PROPERTY_7071" name="WIRE_CSA" value="0.35"/>
			<Property id="PROPERTY_7072" name="WIRE_MIN_BEND_RADIUS" value="3"/>
			<Property id="PROPERTY_7073" name="WIRE_OPTION" value="GRAA3 | GRAAP"/>
			<Property id="PROPERTY_7074" name="WIRE_DEV_PIN_1" value="C23-B1:9"/>
			<Property id="PROPERTY_7075" name="WIRE_COLOR" value="GY/OG"/>
			<Property id="PROPERTY_7076" name="WIRE_SPEC" value="2UKD"/>
			<Property id="PROPERTY_7077" name="WIRE_END1_MATL" value="(SN)"/>
			<Property id="PROPERTY_7078" name="WIRE_LEVEL" value="(CNSL-MID)/(P-COL)"/>
			<Property id="PROPERTY_7079" name="WIRE_END1_TERM" value="9U5T-14474-DB"/>
			<Property id="PROPERTY_7080" name="WIRE_DEV_PIN_2" value="C23-D1:7"/>
			<Property id="PROPERTY_7081" name="WIRE_NAME" value="CPL93A"/>
			<Property id="PROPERTY_7082" name="WIRE_END2_TERM" value="BU5T-14474-UA"/>
			<Property id="PROPERTY_7083" name="WIRE_SIGNAL" value="CPL93"/>
			<Property id="PROPERTY_7084" name="HRN_FAMILY" value="14401"/>
			<Property id="PROPERTY_7085" name="WIRE_FPN" value="WIRE-2UKD-0.35-GY/OG"/>
			<Property id="PROPERTY_7086" name="WIRE_DIA_MAX" value="1.2"/>
			<Option id="OPTION_91-c-0-2625f2_1" value="GRAA3 | GRAAP"/>
			<BranchRoute id="BRR_227">
				<StartBranchPosition id="BR_POS_717" branchId="BRANCH_c2-4e-0-4c0f19" branchNodeId="BN_19800-232" offset="0"/>
				<PassBranchId>BRANCH_c2-4e-0-4c1088</PassBranchId>
				<PassBranchId>BRANCH_c2-4e-0-4c1083</PassBranchId>
				<PassBranchId>BRANCH_c2-4e-0-4c1087</PassBranchId>
				<PassBranchId>BRANCH_c2-4e-0-4c106f</PassBranchId>
				<PassBranchId>BRANCH_c2-4e-0-4c1075</PassBranchId>
				<PassBranchId>BRANCH_c2-4e-0-4c0de4</PassBranchId>
				<PassBranchId>BRANCH_1a-4e-0-18e01d0</PassBranchId>
				<PassBranchId>BRANCH_c2-4e-0-4c10c8</PassBranchId>
				<PassBranchId>BRANCH_eb-4e-0-678fca</PassBranchId>
				<PassBranchId>BRANCH_c2-4e-0-4c0e87</PassBranchId>
				<PassBranchId>BRANCH_c2-4e-0-4c0e8c</PassBranchId>
				<PassBranchId>BRANCH_c2-4e-0-4c0e7f</PassBranchId>
				<PassBranchId>BRANCH_c2-4e-0-4c0ef9</PassBranchId>
				<PassBranchId>BRANCH_c2-4e-0-4c0e70</PassBranchId>
				<PassBranchId>BRANCH_c2-4e-0-4c0e5c</PassBranchId>
				<EndBranchPosition id="BR_POS_718" branchId="BRANCH_c2-4e-0-4c0d63" branchNodeId="BN_22204-180" offset="0"/>
			</BranchRoute>
		</WiringItem>
		<WiringItem xsi:type="Wire" id="WIRE_f4-c-0-2a1003" name="CPL93GB1" signalId="SIGNAL_2-36-0-37b5" cableType="WIRE-2UKD-0.35" wireName="GY/OG" fromPinId="PIN_b5-18-0-54b5" toPinId="PIN_c0-18-0-500277">
			<AppRef name="E3.Series" version="2.13.7.0" guid="bc50f519-df36-4214-8d7b-870f790701b1"/>
			<Property id="PROPERTY_7087" name="WIRE_LENGTH" value="2115"/>
			<Property id="PROPERTY_7088" name="WIRE_CSA" value="0.35"/>
			<Property id="PROPERTY_7089" name="WIRE_MIN_BEND_RADIUS" value="3"/>
			<Property id="PROPERTY_7090" name="WIRE_OPTION" value="GRAA2"/>
			<Property id="PROPERTY_7091" name="WIRE_DEV_PIN_1" value="C23-B1:9"/>
			<Property id="PROPERTY_7092" name="WIRE_COLOR" value="GY/OG"/>
			<Property id="PROPERTY_7093" name="WIRE_SPEC" value="2UKD"/>
			<Property id="PROPERTY_7094" name="WIRE_END1_MATL" value="(SN)"/>
			<Property id="PROPERTY_7095" name="WIRE_LEVEL" value="(C-SHF)"/>
			<Property id="PROPERTY_7096" name="WIRE_END1_TERM" value="9U5T-14474-DB"/>
			<Property id="PROPERTY_7097" name="WIRE_DEV_PIN_2" value="C2ET76-P:10"/>
			<Property id="PROPERTY_7098" name="WIRE_NAME" value="CPL93GB1"/>
			<Property id="PROPERTY_7099" name="WIRE_END2_TERM" value="*DU5T-14474-GAA"/>
			<Property id="PROPERTY_7100" name="WIRE_SIGNAL" value="CPL93"/>
			<Property id="PROPERTY_7101" name="HRN_FAMILY" value="14401"/>
			<Property id="PROPERTY_7102" name="WIRE_FPN" value="WIRE-2UKD-0.35-GY/OG"/>
			<Property id="PROPERTY_7103" name="WIRE_DIA_MAX" value="1.2"/>
			<Option id="OPTION_f4-c-0-2a1003_1" value="GRAA2"/>
			<BranchRoute id="BRR_228">
				<StartBranchPosition id="BR_POS_719" branchId="BRANCH_c2-4e-0-4c0e3e" branchNodeId="BN_5263_9-198_058" offset="0"/>
				<PassBranchId>BRANCH_c2-4e-0-4c0d92</PassBranchId>
				<PassBranchId>BRANCH_c2-4e-0-4c10b4</PassBranchId>
				<PassBranchId>BRANCH_c2-4e-0-4c10b7</PassBranchId>
				<PassBranchId>BRANCH_c2-4e-0-4c0fa1</PassBranchId>
				<PassBranchId>BRANCH_c2-4e-0-4c10b1</PassBranchId>
				<PassBranchId>BRANCH_c2-4e-0-4c0f9e</PassBranchId>
				<PassBranchId>BRANCH_c2-4e-0-4c0f9b</PassBranchId>
				<PassBranchId>BRANCH_c2-4e-0-4c10ae</PassBranchId>
				<PassBranchId>BRANCH_c2-4e-0-4c0d95</PassBranchId>
				<PassBranchId>BRANCH_c2-4e-0-4c101d</PassBranchId>
				<PassBranchId>BRANCH_c2-4e-0-4c101a</PassBranchId>
				<PassBranchId>BRANCH_c2-4e-0-4c0fce</PassBranchId>
				<PassBranchId>BRANCH_c2-4e-0-4c0d1d</PassBranchId>
				<PassBranchId>BRANCH_35-4e-0-2efaf8</PassBranchId>
				<PassBranchId>BRANCH_c2-4e-0-4c10c0</PassBranchId>
				<PassBranchId>BRANCH_c2-4e-0-4c0fc8</PassBranchId>
				<PassBranchId>BRANCH_c2-4e-0-4c108d</PassBranchId>
				<PassBranchId>BRANCH_c2-4e-0-4c0d88</PassBranchId>
				<PassBranchId>BRANCH_c2-4e-0-4c109a</PassBranchId>
				<PassBranchId>BRANCH_c2-4e-0-4c0e16</PassBranchId>
				<PassBranchId>BRANCH_c2-4e-0-4c0fcb</PassBranchId>
				<PassBranchId>BRANCH_c2-4e-0-4c0dea</PassBranchId>
				<PassBranchId>BRANCH_c2-4e-0-4c0fd1</PassBranchId>
				<PassBranchId>BRANCH_c2-4e-0-4c0fe8</PassBranchId>
				<PassBranchId>BRANCH_c2-4e-0-4c1009</PassBranchId>
				<PassBranchId>BRANCH_c2-4e-0-4c10cb</PassBranchId>
				<PassBranchId>BRANCH_c2-4e-0-4c10ec</PassBranchId>
				<PassBranchId>BRANCH_c2-4e-0-4c0de4</PassBranchId>
				<PassBranchId>BRANCH_1a-4e-0-18e01d0</PassBranchId>
				<PassBranchId>BRANCH_c2-4e-0-4c10c8</PassBranchId>
				<PassBranchId>BRANCH_eb-4e-0-678fca</PassBranchId>
				<PassBranchId>BRANCH_c2-4e-0-4c0e87</PassBranchId>
				<PassBranchId>BRANCH_c2-4e-0-4c0e8c</PassBranchId>
				<PassBranchId>BRANCH_c2-4e-0-4c0e7f</PassBranchId>
				<PassBranchId>BRANCH_c2-4e-0-4c0ef9</PassBranchId>
				<PassBranchId>BRANCH_c2-4e-0-4c0e70</PassBranchId>
				<PassBranchId>BRANCH_c2-4e-0-4c0e5c</PassBranchId>
				<EndBranchPosition id="BR_POS_720" branchId="BRANCH_c2-4e-0-4c0d63" branchNodeId="BN_22204-180" offset="0"/>
			</BranchRoute>
		</WiringItem>
		<WiringItem xsi:type="Wire" id="WIRE_87-c-0-169692" name="CPLB5A" signalId="SIGNAL_18-36-0-2532db" cableType="WIRE-2UKD-0.35" wireName="BU/GY" fromPinId="PIN_13-18-0-2bb4d" toPinId="PIN_3b-18-0-1d77f">
			<AppRef name="E3.Series" version="2.13.7.0" guid="c15f8a82-a3f8-40be-885c-6f170cb1b67b"/>
			<Property id="PROPERTY_7104" name="WIRE_LENGTH" value="2205"/>
			<Property id="PROPERTY_7105" name="WIRE_END2_MATL" value="(SN)"/>
			<Property id="PROPERTY_7106" name="WIRE_CSA" value="0.35"/>
			<Property id="PROPERTY_7107" name="WIRE_MIN_BEND_RADIUS" value="3"/>
			<Property id="PROPERTY_7108" name="WIRE_OPTION" value="EN_CN"/>
			<Property id="PROPERTY_7109" name="WIRE_DEV_PIN_1" value="C12-B2:21"/>
			<Property id="PROPERTY_7110" name="WIRE_COLOR" value="BU/GY"/>
			<Property id="PROPERTY_7111" name="WIRE_SPEC" value="2UKD"/>
			<Property id="PROPERTY_7112" name="WIRE_END1_MATL" value="(SN)"/>
			<Property id="PROPERTY_7113" name="WIRE_LEVEL" value="(ACBRKR)/(CNSL-HI)/(A-STR)/AC/AG/AJ/AL/AN/AR/BC/BG/BH/BJ/CA/CB/CC/CD/CE/XD/XH/XJ/XK/XL/XS"/>
			<Property id="PROPERTY_7114" name="WIRE_END1_TERM" value="9U5T-14474-DB"/>
			<Property id="PROPERTY_7115" name="WIRE_DEV_PIN_2" value="C2LF23:2"/>
			<Property id="PROPERTY_7116" name="WIRE_NAME" value="CPLB5A"/>
			<Property id="PROPERTY_7117" name="WIRE_END2_TERM" value="DU5T-14474-EAB"/>
			<Property id="PROPERTY_7118" name="WIRE_SIGNAL" value="CPLB5"/>
			<Property id="PROPERTY_7119" name="HRN_FAMILY" value="14401"/>
			<Property id="PROPERTY_7120" name="WIRE_FPN" value="WIRE-2UKD-0.35-BU/GY"/>
			<Property id="PROPERTY_7121" name="WIRE_DIA_MAX" value="1.2"/>
			<Option id="OPTION_87-c-0-169692_1" value="EN_CN"/>
			<BranchRoute id="BRR_229">
				<StartBranchPosition id="BR_POS_721" branchId="BRANCH_c2-4e-0-4c0e2f" branchNodeId="BN_3231_9-198_058" offset="0"/>
				<PassBranchId>BRANCH_c2-4e-0-4c0e66</PassBranchId>
				<PassBranchId>BRANCH_c2-4e-0-4c0d3e</PassBranchId>
				<PassBranchId>BRANCH_c2-4e-0-4c1055</PassBranchId>
				<PassBranchId>BRANCH_c2-4e-0-4c1056</PassBranchId>
				<PassBranchId>BRANCH_c2-4e-0-4c10e7</PassBranchId>
				<PassBranchId>BRANCH_c2-4e-0-4c0fc5</PassBranchId>
				<PassBranchId>BRANCH_c2-4e-0-4c0fce</PassBranchId>
				<PassBranchId>BRANCH_c2-4e-0-4c0d1d</PassBranchId>
				<PassBranchId>BRANCH_35-4e-0-2efaf8</PassBranchId>
				<PassBranchId>BRANCH_c2-4e-0-4c10c0</PassBranchId>
				<PassBranchId>BRANCH_c2-4e-0-4c0fc8</PassBranchId>
				<PassBranchId>BRANCH_c2-4e-0-4c108d</PassBranchId>
				<PassBranchId>BRANCH_c2-4e-0-4c0d88</PassBranchId>
				<PassBranchId>BRANCH_c2-4e-0-4c109a</PassBranchId>
				<PassBranchId>BRANCH_c2-4e-0-4c0e16</PassBranchId>
				<PassBranchId>BRANCH_c2-4e-0-4c0fcb</PassBranchId>
				<PassBranchId>BRANCH_c2-4e-0-4c0dea</PassBranchId>
				<PassBranchId>BRANCH_c2-4e-0-4c0fd1</PassBranchId>
				<PassBranchId>BRANCH_c2-4e-0-4c0fe8</PassBranchId>
				<PassBranchId>BRANCH_c2-4e-0-4c1009</PassBranchId>
				<PassBranchId>BRANCH_c2-4e-0-4c10cb</PassBranchId>
				<PassBranchId>BRANCH_c2-4e-0-4c10ec</PassBranchId>
				<PassBranchId>BRANCH_c2-4e-0-4c0de4</PassBranchId>
				<PassBranchId>BRANCH_1a-4e-0-18e01d0</PassBranchId>
				<PassBranchId>BRANCH_c2-4e-0-4c10c8</PassBranchId>
				<PassBranchId>BRANCH_eb-4e-0-678fca</PassBranchId>
				<PassBranchId>BRANCH_c2-4e-0-4c0e87</PassBranchId>
				<PassBranchId>BRANCH_c2-4e-0-4c0e8c</PassBranchId>
				<PassBranchId>BRANCH_c2-4e-0-4c0e7f</PassBranchId>
				<PassBranchId>BRANCH_c2-4e-0-4c0ef9</PassBranchId>
				<PassBranchId>BRANCH_c2-4e-0-4c0e70</PassBranchId>
				<PassBranchId>BRANCH_c2-4e-0-4c0d66</PassBranchId>
				<PassBranchId>BRANCH_c2-4e-0-4c0fe2</PassBranchId>
				<PassBranchId>BRANCH_c2-4e-0-4c0d5d</PassBranchId>
				<PassBranchId>BRANCH_c2-4e-0-4c0e62</PassBranchId>
				<EndBranchPosition id="BR_POS_722" branchId="BRANCH_c2-4e-0-4c0d54" branchNodeId="BN_21712-184" offset="0"/>
			</BranchRoute>
		</WiringItem>
		<WiringItem xsi:type="Wire" id="WIRE_95-c-0-e47e7" name="CPP03B" signalId="SIGNAL_2-36-0-37e3" cableType="WIRE-2UKD-0.35" wireName="GN/VT" fromPinId="PIN_6e-18-0-dc4f" toPinId="PIN_96-18-0-e58d">
			<AppRef name="E3.Series" version="2.13.7.0" guid="b7b5c9b8-9661-4e17-a6ff-97647c156215"/>
			<Property id="PROPERTY_7122" name="WIRE_LENGTH" value="555"/>
			<Property id="PROPERTY_7123" name="WIRE_END2_MATL" value="(SN)"/>
			<Property id="PROPERTY_7124" name="WIRE_CSA" value="0.35"/>
			<Property id="PROPERTY_7125" name="WIRE_MIN_BEND_RADIUS" value="3"/>
			<Property id="PROPERTY_7126" name="WIRE_OPTION" value="GRAAP"/>
			<Property id="PROPERTY_7127" name="WIRE_DEV_PIN_1" value="C23-A1:15"/>
			<Property id="PROPERTY_7128" name="WIRE_COLOR" value="GN/VT"/>
			<Property id="PROPERTY_7129" name="WIRE_SPEC" value="2UKD"/>
			<Property id="PROPERTY_7130" name="WIRE_END1_MATL" value="(SN)"/>
			<Property id="PROPERTY_7131" name="WIRE_LEVEL" value="(P-COL)"/>
			<Property id="PROPERTY_7132" name="WIRE_END1_TERM" value="9U5T-14474-DB"/>
			<Property id="PROPERTY_7133" name="WIRE_DEV_PIN_2" value="C2PP03:2"/>
			<Property id="PROPERTY_7134" name="WIRE_NAME" value="CPP03B"/>
			<Property id="PROPERTY_7135" name="WIRE_END2_TERM" value="97BG-14474-AAB"/>
			<Property id="PROPERTY_7136" name="WIRE_SIGNAL" value="CPP03"/>
			<Property id="PROPERTY_7137" name="HRN_FAMILY" value="14401"/>
			<Property id="PROPERTY_7138" name="WIRE_FPN" value="WIRE-2UKD-0.35-GN/VT"/>
			<Property id="PROPERTY_7139" name="WIRE_DIA_MAX" value="1.2"/>
			<Option id="OPTION_95-c-0-e47e7_1" value="GRAAP"/>
			<BranchRoute id="BRR_230">
				<StartBranchPosition id="BR_POS_723" branchId="BRANCH_c2-4e-0-4c0dda" branchNodeId="BN_695_9-190_058" offset="0"/>
				<PassBranchId>BRANCH_c2-4e-0-4c0fad</PassBranchId>
				<PassBranchId>BRANCH_c2-4e-0-4c10dd</PassBranchId>
				<PassBranchId>BRANCH_c2-4e-0-4c1020</PassBranchId>
				<PassBranchId>BRANCH_c2-4e-0-4c1021</PassBranchId>
				<PassBranchId>BRANCH_c2-4e-0-4c10e7</PassBranchId>
				<PassBranchId>BRANCH_c2-4e-0-4c0fc5</PassBranchId>
				<PassBranchId>BRANCH_c2-4e-0-4c101a</PassBranchId>
				<PassBranchId>BRANCH_c2-4e-0-4c102b</PassBranchId>
				<EndBranchPosition id="BR_POS_724" branchId="BRANCH_c2-4e-0-4c0d8b" branchNodeId="BN_6402_25-78_156" offset="0"/>
			</BranchRoute>
		</WiringItem>
		<WiringItem xsi:type="Wire" id="WIRE_95-c-0-e5cc1" name="CPP04B" signalId="SIGNAL_2-36-0-37e4" cableType="WIRE-2UKD-0.35" wireName="GY" fromPinId="PIN_6e-18-0-dc2c" toPinId="PIN_96-18-0-e59d">
			<AppRef name="E3.Series" version="2.13.7.0" guid="e684cc14-092d-4850-8a15-dca6d399099a"/>
			<Property id="PROPERTY_7140" name="WIRE_LENGTH" value="940"/>
			<Property id="PROPERTY_7141" name="WIRE_END2_MATL" value="(SN)"/>
			<Property id="PROPERTY_7142" name="WIRE_CSA" value="0.35"/>
			<Property id="PROPERTY_7143" name="WIRE_MIN_BEND_RADIUS" value="3"/>
			<Property id="PROPERTY_7144" name="WIRE_OPTION" value="GRAAP"/>
			<Property id="PROPERTY_7145" name="WIRE_DEV_PIN_1" value="C23-A1:8"/>
			<Property id="PROPERTY_7146" name="WIRE_COLOR" value="GY"/>
			<Property id="PROPERTY_7147" name="WIRE_SPEC" value="2UKD"/>
			<Property id="PROPERTY_7148" name="WIRE_END1_MATL" value="(SN)"/>
			<Property id="PROPERTY_7149" name="WIRE_LEVEL" value="(P-COL)"/>
			<Property id="PROPERTY_7150" name="WIRE_END1_TERM" value="9U5T-14474-DB"/>
			<Property id="PROPERTY_7151" name="WIRE_DEV_PIN_2" value="C2PP04:1"/>
			<Property id="PROPERTY_7152" name="WIRE_NAME" value="CPP04B"/>
			<Property id="PROPERTY_7153" name="WIRE_END2_TERM" value="97BG-14474-AAB"/>
			<Property id="PROPERTY_7154" name="WIRE_SIGNAL" value="CPP04"/>
			<Property id="PROPERTY_7155" name="HRN_FAMILY" value="14401"/>
			<Property id="PROPERTY_7156" name="WIRE_FPN" value="WIRE-2UKD-0.35-GY"/>
			<Property id="PROPERTY_7157" name="WIRE_DIA_MAX" value="1.2"/>
			<Option id="OPTION_95-c-0-e5cc1_1" value="GRAAP"/>
			<BranchRoute id="BRR_231">
				<StartBranchPosition id="BR_POS_725" branchId="BRANCH_c2-4e-0-4c0dda" branchNodeId="BN_695_9-190_058" offset="0"/>
				<PassBranchId>BRANCH_c2-4e-0-4c0fad</PassBranchId>
				<PassBranchId>BRANCH_c2-4e-0-4c10dd</PassBranchId>
				<PassBranchId>BRANCH_c2-4e-0-4c1020</PassBranchId>
				<PassBranchId>BRANCH_c2-4e-0-4c1021</PassBranchId>
				<PassBranchId>BRANCH_c2-4e-0-4c10e7</PassBranchId>
				<PassBranchId>BRANCH_c2-4e-0-4c0fc5</PassBranchId>
				<PassBranchId>BRANCH_c2-4e-0-4c0fce</PassBranchId>
				<PassBranchId>BRANCH_c2-4e-0-4c0d1d</PassBranchId>
				<PassBranchId>BRANCH_35-4e-0-2efaf8</PassBranchId>
				<PassBranchId>BRANCH_c2-4e-0-4c10c0</PassBranchId>
				<PassBranchId>BRANCH_c2-4e-0-4c0fc8</PassBranchId>
				<PassBranchId>BRANCH_c2-4e-0-4c1090</PassBranchId>
				<PassBranchId>BRANCH_c2-4e-0-4c1093</PassBranchId>
				<PassBranchId>BRANCH_c2-4e-0-4c1096</PassBranchId>
				<EndBranchPosition id="BR_POS_726" branchId="BRANCH_c2-4e-0-4c0d85" branchNodeId="BN_7290_25-62_156" offset="0"/>
			</BranchRoute>
		</WiringItem>
		<WiringItem xsi:type="Wire" id="WIRE_95-c-0-e62aa" name="CPP09A" signalId="SIGNAL_2-36-0-37e6" cableType="WIRE-3TAD-0.35" wireName="VT" fromPinId="PIN_7b-18-0-1a1ba" toPinId="PIN_b5-18-0-535c">
			<AppRef name="E3.Series" version="2.13.7.0" guid="421a0f16-482a-494f-8433-aced9e1aa4cd"/>
			<Property id="PROPERTY_7158" name="WIRE_LENGTH" value="570"/>
			<Property id="PROPERTY_7159" name="WIRE_END2_MATL" value="(SN)"/>
			<Property id="PROPERTY_7160" name="WIRE_CSA" value="0.35"/>
			<Property id="PROPERTY_7161" name="WIRE_MIN_BEND_RADIUS" value="3.5"/>
			<Property id="PROPERTY_7162" name="WIRE_OPTION" value="BB7AC | BB7AD"/>
			<Property id="PROPERTY_7163" name="WIRE_DEV_PIN_1" value="C2PP09:1"/>
			<Property id="PROPERTY_7164" name="WIRE_COLOR" value="VT"/>
			<Property id="PROPERTY_7165" name="WIRE_SPEC" value="3TAD"/>
			<Property id="PROPERTY_7166" name="WIRE_END1_MATL" value="(SN)"/>
			<Property id="PROPERTY_7167" name="WIRE_LEVEL" value="(PEPS-12)/(TACH-L0)/ZE"/>
			<Property id="PROPERTY_7168" name="WIRE_END1_TERM" value="3M5T-14474-HAA"/>
			<Property id="PROPERTY_7169" name="WIRE_DEV_PIN_2" value="C23-C1:20"/>
			<Property id="PROPERTY_7170" name="WIRE_NAME" value="CPP09A"/>
			<Property id="PROPERTY_7171" name="WIRE_END2_TERM" value="FU5T-14474-LB"/>
			<Property id="PROPERTY_7172" name="WIRE_SIGNAL" value="CPP09"/>
			<Property id="PROPERTY_7173" name="HRN_FAMILY" value="14401"/>
			<Property id="PROPERTY_7174" name="WIRE_FPN" value="WIRE-3TAD-0.35-VT"/>
			<Property id="PROPERTY_7175" name="WIRE_DIA_MAX" value="1.4"/>
			<Option id="OPTION_95-c-0-e62aa_1" value="BB7AC | BB7AD"/>
			<BranchRoute id="BRR_232">
				<StartBranchPosition id="BR_POS_727" branchId="BRANCH_c2-4e-0-4c0de1" branchNodeId="BN_79_9-190_058" offset="0"/>
				<PassBranchId>BRANCH_c2-4e-0-4c0ddd</PassBranchId>
				<PassBranchId>BRANCH_c2-4e-0-4c10dd</PassBranchId>
				<PassBranchId>BRANCH_c2-4e-0-4c1020</PassBranchId>
				<PassBranchId>BRANCH_c2-4e-0-4c1021</PassBranchId>
				<PassBranchId>BRANCH_c2-4e-0-4c1056</PassBranchId>
				<PassBranchId>BRANCH_c2-4e-0-4c1055</PassBranchId>
				<PassBranchId>BRANCH_c2-4e-0-4c0dbb</PassBranchId>
				<EndBranchPosition id="BR_POS_728" branchId="BRANCH_c2-4e-0-4c0dbf" branchNodeId="BN_3734_25-198_156" offset="0"/>
			</BranchRoute>
		</WiringItem>
		<WiringItem xsi:type="Wire" id="WIRE_95-c-0-e6292" name="CPP10A" signalId="SIGNAL_2-36-0-37e7" cableType="WIRE-3TAD-0.35" wireName="BN/BU" fromPinId="PIN_7b-18-0-1a1c2" toPinId="PIN_b5-18-0-535a">
			<AppRef name="E3.Series" version="2.13.7.0" guid="181ded65-c3a8-4b4c-9758-e6bba0aba352"/>
			<Property id="PROPERTY_7176" name="WIRE_LENGTH" value="570"/>
			<Property id="PROPERTY_7177" name="WIRE_END2_MATL" value="(SN)"/>
			<Property id="PROPERTY_7178" name="WIRE_CSA" value="0.35"/>
			<Property id="PROPERTY_7179" name="WIRE_MIN_BEND_RADIUS" value="3.5"/>
			<Property id="PROPERTY_7180" name="WIRE_OPTION" value="BB7AC | BB7AD"/>
			<Property id="PROPERTY_7181" name="WIRE_DEV_PIN_1" value="C2PP09:5"/>
			<Property id="PROPERTY_7182" name="WIRE_COLOR" value="BN/BU"/>
			<Property id="PROPERTY_7183" name="WIRE_SPEC" value="3TAD"/>
			<Property id="PROPERTY_7184" name="WIRE_END1_MATL" value="(SN)"/>
			<Property id="PROPERTY_7185" name="WIRE_LEVEL" value="(PEPS-12)/(TACH-L0)/ZE"/>
			<Property id="PROPERTY_7186" name="WIRE_END1_TERM" value="3M5T-14474-HAA"/>
			<Property id="PROPERTY_7187" name="WIRE_DEV_PIN_2" value="C23-C1:19"/>
			<Property id="PROPERTY_7188" name="WIRE_NAME" value="CPP10A"/>
			<Property id="PROPERTY_7189" name="WIRE_END2_TERM" value="FU5T-14474-LB"/>
			<Property id="PROPERTY_7190" name="WIRE_SIGNAL" value="CPP10"/>
			<Property id="PROPERTY_7191" name="HRN_FAMILY" value="14401"/>
			<Property id="PROPERTY_7192" name="WIRE_FPN" value="WIRE-3TAD-0.35-BN/BU"/>
			<Property id="PROPERTY_7193" name="WIRE_DIA_MAX" value="1.4"/>
			<Option id="OPTION_95-c-0-e6292_1" value="BB7AC | BB7AD"/>
			<BranchRoute id="BRR_233">
				<StartBranchPosition id="BR_POS_729" branchId="BRANCH_c2-4e-0-4c0de1" branchNodeId="BN_79_9-190_058" offset="0"/>
				<PassBranchId>BRANCH_c2-4e-0-4c0ddd</PassBranchId>
				<PassBranchId>BRANCH_c2-4e-0-4c10dd</PassBranchId>
				<PassBranchId>BRANCH_c2-4e-0-4c1020</PassBranchId>
				<PassBranchId>BRANCH_c2-4e-0-4c1021</PassBranchId>
				<PassBranchId>BRANCH_c2-4e-0-4c1056</PassBranchId>
				<PassBranchId>BRANCH_c2-4e-0-4c1055</PassBranchId>
				<PassBranchId>BRANCH_c2-4e-0-4c0dbb</PassBranchId>
				<EndBranchPosition id="BR_POS_730" branchId="BRANCH_c2-4e-0-4c0dbf" branchNodeId="BN_3734_25-198_156" offset="0"/>
			</BranchRoute>
		</WiringItem>
		<WiringItem xsi:type="Wire" id="WIRE_95-c-0-e47ff" name="CPP22B" signalId="SIGNAL_2-36-0-37ef" cableType="WIRE-2UKD-0.35" wireName="GY/BN" fromPinId="PIN_6e-18-0-dc59" toPinId="PIN_96-18-0-e57d">
			<AppRef name="E3.Series" version="2.13.7.0" guid="f1d4f718-c5c9-4935-8a9e-3fdfc6f20acb"/>
			<Property id="PROPERTY_7194" name="WIRE_LENGTH" value="555"/>
			<Property id="PROPERTY_7195" name="WIRE_END2_MATL" value="(SN)"/>
			<Property id="PROPERTY_7196" name="WIRE_CSA" value="0.35"/>
			<Property id="PROPERTY_7197" name="WIRE_MIN_BEND_RADIUS" value="3"/>
			<Property id="PROPERTY_7198" name="WIRE_OPTION" value="GRAAP"/>
			<Property id="PROPERTY_7199" name="WIRE_DEV_PIN_1" value="C23-A1:17"/>
			<Property id="PROPERTY_7200" name="WIRE_COLOR" value="GY/BN"/>
			<Property id="PROPERTY_7201" name="WIRE_SPEC" value="2UKD"/>
			<Property id="PROPERTY_7202" name="WIRE_END1_MATL" value="(SN)"/>
			<Property id="PROPERTY_7203" name="WIRE_LEVEL" value="(P-COL)"/>
			<Property id="PROPERTY_7204" name="WIRE_END1_TERM" value="9U5T-14474-DB"/>
			<Property id="PROPERTY_7205" name="WIRE_DEV_PIN_2" value="C2PP03:1"/>
			<Property id="PROPERTY_7206" name="WIRE_NAME" value="CPP22B"/>
			<Property id="PROPERTY_7207" name="WIRE_END2_TERM" value="97BG-14474-AAB"/>
			<Property id="PROPERTY_7208" name="WIRE_SIGNAL" value="CPP22"/>
			<Property id="PROPERTY_7209" name="HRN_FAMILY" value="14401"/>
			<Property id="PROPERTY_7210" name="WIRE_FPN" value="WIRE-2UKD-0.35-GY/BN"/>
			<Property id="PROPERTY_7211" name="WIRE_DIA_MAX" value="1.2"/>
			<Option id="OPTION_95-c-0-e47ff_1" value="GRAAP"/>
			<BranchRoute id="BRR_234">
				<StartBranchPosition id="BR_POS_731" branchId="BRANCH_c2-4e-0-4c0dda" branchNodeId="BN_695_9-190_058" offset="0"/>
				<PassBranchId>BRANCH_c2-4e-0-4c0fad</PassBranchId>
				<PassBranchId>BRANCH_c2-4e-0-4c10dd</PassBranchId>
				<PassBranchId>BRANCH_c2-4e-0-4c1020</PassBranchId>
				<PassBranchId>BRANCH_c2-4e-0-4c1021</PassBranchId>
				<PassBranchId>BRANCH_c2-4e-0-4c10e7</PassBranchId>
				<PassBranchId>BRANCH_c2-4e-0-4c0fc5</PassBranchId>
				<PassBranchId>BRANCH_c2-4e-0-4c101a</PassBranchId>
				<PassBranchId>BRANCH_c2-4e-0-4c102b</PassBranchId>
				<EndBranchPosition id="BR_POS_732" branchId="BRANCH_c2-4e-0-4c0d8b" branchNodeId="BN_6402_25-78_156" offset="0"/>
			</BranchRoute>
		</WiringItem>
		<WiringItem xsi:type="Wire" id="WIRE_95-c-0-e5ca9" name="CPP23B" signalId="SIGNAL_2-36-0-37f0" cableType="WIRE-2UKD-0.35" wireName="VT/GY" fromPinId="PIN_6e-18-0-dc27" toPinId="PIN_96-18-0-e5ad">
			<AppRef name="E3.Series" version="2.13.7.0" guid="6d4a479a-abdd-4440-8f19-b16d187cc906"/>
			<Property id="PROPERTY_7212" name="WIRE_LENGTH" value="940"/>
			<Property id="PROPERTY_7213" name="WIRE_END2_MATL" value="(SN)"/>
			<Property id="PROPERTY_7214" name="WIRE_CSA" value="0.35"/>
			<Property id="PROPERTY_7215" name="WIRE_MIN_BEND_RADIUS" value="3"/>
			<Property id="PROPERTY_7216" name="WIRE_OPTION" value="GRAAP"/>
			<Property id="PROPERTY_7217" name="WIRE_DEV_PIN_1" value="C23-A1:7"/>
			<Property id="PROPERTY_7218" name="WIRE_COLOR" value="VT/GY"/>
			<Property id="PROPERTY_7219" name="WIRE_SPEC" value="2UKD"/>
			<Property id="PROPERTY_7220" name="WIRE_END1_MATL" value="(SN)"/>
			<Property id="PROPERTY_7221" name="WIRE_LEVEL" value="(P-COL)"/>
			<Property id="PROPERTY_7222" name="WIRE_END1_TERM" value="9U5T-14474-DB"/>
			<Property id="PROPERTY_7223" name="WIRE_DEV_PIN_2" value="C2PP04:2"/>
			<Property id="PROPERTY_7224" name="WIRE_NAME" value="CPP23B"/>
			<Property id="PROPERTY_7225" name="WIRE_END2_TERM" value="97BG-14474-AAB"/>
			<Property id="PROPERTY_7226" name="WIRE_SIGNAL" value="CPP23"/>
			<Property id="PROPERTY_7227" name="HRN_FAMILY" value="14401"/>
			<Property id="PROPERTY_7228" name="WIRE_FPN" value="WIRE-2UKD-0.35-VT/GY"/>
			<Property id="PROPERTY_7229" name="WIRE_DIA_MAX" value="1.2"/>
			<Option id="OPTION_95-c-0-e5ca9_1" value="GRAAP"/>
			<BranchRoute id="BRR_235">
				<StartBranchPosition id="BR_POS_733" branchId="BRANCH_c2-4e-0-4c0dda" branchNodeId="BN_695_9-190_058" offset="0"/>
				<PassBranchId>BRANCH_c2-4e-0-4c0fad</PassBranchId>
				<PassBranchId>BRANCH_c2-4e-0-4c10dd</PassBranchId>
				<PassBranchId>BRANCH_c2-4e-0-4c1020</PassBranchId>
				<PassBranchId>BRANCH_c2-4e-0-4c1021</PassBranchId>
				<PassBranchId>BRANCH_c2-4e-0-4c10e7</PassBranchId>
				<PassBranchId>BRANCH_c2-4e-0-4c0fc5</PassBranchId>
				<PassBranchId>BRANCH_c2-4e-0-4c0fce</PassBranchId>
				<PassBranchId>BRANCH_c2-4e-0-4c0d1d</PassBranchId>
				<PassBranchId>BRANCH_35-4e-0-2efaf8</PassBranchId>
				<PassBranchId>BRANCH_c2-4e-0-4c10c0</PassBranchId>
				<PassBranchId>BRANCH_c2-4e-0-4c0fc8</PassBranchId>
				<PassBranchId>BRANCH_c2-4e-0-4c1090</PassBranchId>
				<PassBranchId>BRANCH_c2-4e-0-4c1093</PassBranchId>
				<PassBranchId>BRANCH_c2-4e-0-4c1096</PassBranchId>
				<EndBranchPosition id="BR_POS_734" branchId="BRANCH_c2-4e-0-4c0d85" branchNodeId="BN_7290_25-62_156" offset="0"/>
			</BranchRoute>
		</WiringItem>
		<WiringItem xsi:type="Wire" id="WIRE_5b-c-0-1aed05" name="CPR63DB" signalId="SIGNAL_2-36-0-3825" cableType="WIRE-2UKD-0.35" wireName="GY/YE" fromPinId="PIN_5d-18-0-c82f1" toPinId="PIN_f-18-0-db9c">
			<AppRef name="E3.Series" version="2.13.7.0" guid="43754656-3667-4ca2-b29b-26b870c3c4fe"/>
			<Property id="PROPERTY_7230" name="WIRE_LENGTH" value="2570"/>
			<Property id="PROPERTY_7231" name="WIRE_END2_MATL" value="(SN)"/>
			<Property id="PROPERTY_7232" name="WIRE_CSA" value="0.35"/>
			<Property id="PROPERTY_7233" name="WIRE_MIN_BEND_RADIUS" value="3"/>
			<Property id="PROPERTY_7234" name="WIRE_OPTION" value="CAQAA | CAQAB"/>
			<Property id="PROPERTY_7235" name="WIRE_DEV_PIN_1" value="C2X212:2"/>
			<Property id="PROPERTY_7236" name="WIRE_COLOR" value="GY/YE"/>
			<Property id="PROPERTY_7237" name="WIRE_SPEC" value="2UKD"/>
			<Property id="PROPERTY_7238" name="WIRE_END1_MATL" value="(SN)"/>
			<Property id="PROPERTY_7239" name="WIRE_LEVEL" value="(8DSP)/(TACH-L0)/AH/AK/DA/DB/HA/HB/TM/VA/XM/XN/YM/YN/ZD/ZE/ZG"/>
			<Property id="PROPERTY_7240" name="WIRE_END1_TERM" value="3F2T-14474-SA"/>
			<Property id="PROPERTY_7241" name="WIRE_DEV_PIN_2" value="C2AM02-B:1"/>
			<Property id="PROPERTY_7242" name="WIRE_NAME" value="CPR63DB"/>
			<Property id="PROPERTY_7243" name="WIRE_END2_TERM" value="9U5T-14474-DB"/>
			<Property id="PROPERTY_7244" name="WIRE_SIGNAL" value="CPR63"/>
			<Property id="PROPERTY_7245" name="HRN_FAMILY" value="14401"/>
			<Property id="PROPERTY_7246" name="WIRE_FPN" value="WIRE-2UKD-0.35-GY/YE"/>
			<Property id="PROPERTY_7247" name="WIRE_DIA_MAX" value="1.2"/>
			<Option id="OPTION_5b-c-0-1aed05_1" value="CAQAA | CAQAB"/>
			<BranchRoute id="BRR_236">
				<StartBranchPosition id="BR_POS_735" branchId="BRANCH_c2-4e-0-4c0dce" branchNodeId="BN_2863_9-198_058" offset="0"/>
				<PassBranchId>BRANCH_c2-4e-0-4c0dcb</PassBranchId>
				<PassBranchId>BRANCH_c2-4e-0-4c105c</PassBranchId>
				<PassBranchId>BRANCH_c2-4e-0-4c0dc5</PassBranchId>
				<PassBranchId>BRANCH_c2-4e-0-4c1055</PassBranchId>
				<PassBranchId>BRANCH_c2-4e-0-4c1056</PassBranchId>
				<PassBranchId>BRANCH_c2-4e-0-4c10e7</PassBranchId>
				<PassBranchId>BRANCH_c2-4e-0-4c0fc5</PassBranchId>
				<PassBranchId>BRANCH_c2-4e-0-4c0fce</PassBranchId>
				<PassBranchId>BRANCH_c2-4e-0-4c0d1d</PassBranchId>
				<PassBranchId>BRANCH_35-4e-0-2efaf8</PassBranchId>
				<PassBranchId>BRANCH_c2-4e-0-4c10c0</PassBranchId>
				<PassBranchId>BRANCH_c2-4e-0-4c0fc8</PassBranchId>
				<PassBranchId>BRANCH_c2-4e-0-4c108d</PassBranchId>
				<PassBranchId>BRANCH_c2-4e-0-4c0d88</PassBranchId>
				<PassBranchId>BRANCH_c2-4e-0-4c109a</PassBranchId>
				<PassBranchId>BRANCH_c2-4e-0-4c0e16</PassBranchId>
				<PassBranchId>BRANCH_c2-4e-0-4c0fcb</PassBranchId>
				<PassBranchId>BRANCH_c2-4e-0-4c0dea</PassBranchId>
				<PassBranchId>BRANCH_c2-4e-0-4c0fd1</PassBranchId>
				<PassBranchId>BRANCH_c2-4e-0-4c0fe8</PassBranchId>
				<PassBranchId>BRANCH_c2-4e-0-4c1009</PassBranchId>
				<PassBranchId>BRANCH_c2-4e-0-4c10cb</PassBranchId>
				<PassBranchId>BRANCH_c2-4e-0-4c10ec</PassBranchId>
				<PassBranchId>BRANCH_c2-4e-0-4c0de4</PassBranchId>
				<PassBranchId>BRANCH_1a-4e-0-18e01d0</PassBranchId>
				<PassBranchId>BRANCH_c2-4e-0-4c10c8</PassBranchId>
				<PassBranchId>BRANCH_eb-4e-0-678fca</PassBranchId>
				<PassBranchId>BRANCH_c2-4e-0-4c0e87</PassBranchId>
				<PassBranchId>BRANCH_c2-4e-0-4c0e8c</PassBranchId>
				<PassBranchId>BRANCH_c2-4e-0-4c0e7f</PassBranchId>
				<PassBranchId>BRANCH_c2-4e-0-4c102d</PassBranchId>
				<PassBranchId>BRANCH_c2-4e-0-4c1030</PassBranchId>
				<PassBranchId>BRANCH_c2-4e-0-4c0e6d</PassBranchId>
				<PassBranchId>BRANCH_c2-4e-0-4c0fdc</PassBranchId>
				<PassBranchId>BRANCH_c2-4e-0-4c0efe</PassBranchId>
				<PassBranchId>BRANCH_c2-4e-0-4c0df1</PassBranchId>
				<EndBranchPosition id="BR_POS_736" branchId="BRANCH_c2-4e-0-4c0f01" branchNodeId="BN_23840-236" offset="0"/>
			</BranchRoute>
		</WiringItem>
		<WiringItem xsi:type="Wire" id="WIRE_5d-c-0-ceca6" name="CPR63DJ" signalId="SIGNAL_2-36-0-3825" cableType="WIRE-2UKD-0.35" wireName="GY/YE" fromPinId="PIN_5d-18-0-c82f1" toPinId="PIN_74-18-0-263b9c">
			<AppRef name="E3.Series" version="2.13.7.0" guid="87fb4a2c-f3a4-45fe-ba90-1f37a6628b30"/>
			<Property id="PROPERTY_7248" name="WIRE_LENGTH" value="700"/>
			<Property id="PROPERTY_7249" name="WIRE_END2_MATL" value="(SN)"/>
			<Property id="PROPERTY_7250" name="WIRE_CSA" value="0.35"/>
			<Property id="PROPERTY_7251" name="WIRE_MIN_BEND_RADIUS" value="3"/>
			<Property id="PROPERTY_7252" name="WIRE_OPTION" value="CAQAJ"/>
			<Property id="PROPERTY_7253" name="WIRE_DEV_PIN_1" value="C2X212:2"/>
			<Property id="PROPERTY_7254" name="WIRE_COLOR" value="GY/YE"/>
			<Property id="PROPERTY_7255" name="WIRE_SPEC" value="2UKD"/>
			<Property id="PROPERTY_7256" name="WIRE_END1_MATL" value="(SN)"/>
			<Property id="PROPERTY_7257" name="WIRE_LEVEL" value="AM/AN/AP/AR/CD/CE/DC/DD/HC/HD/TP/TR/XP/XR/YP/YR/YS/YT/YU/YV/ZA/ZB/ZC/ZF/ZH"/>
			<Property id="PROPERTY_7258" name="WIRE_END1_TERM" value="3F2T-14474-SA"/>
			<Property id="PROPERTY_7259" name="WIRE_DEV_PIN_2" value="C23-C1:27"/>
			<Property id="PROPERTY_7260" name="WIRE_NAME" value="CPR63DJ"/>
			<Property id="PROPERTY_7261" name="WIRE_END2_TERM" value="9U5T-14474-DB"/>
			<Property id="PROPERTY_7262" name="WIRE_SIGNAL" value="CPR63"/>
			<Property id="PROPERTY_7263" name="HRN_FAMILY" value="14401"/>
			<Property id="PROPERTY_7264" name="WIRE_FPN" value="WIRE-2UKD-0.35-GY/YE"/>
			<Property id="PROPERTY_7265" name="WIRE_DIA_MAX" value="1.2"/>
			<Option id="OPTION_5d-c-0-ceca6_1" value="CAQAJ"/>
			<BranchRoute id="BRR_237">
				<StartBranchPosition id="BR_POS_737" branchId="BRANCH_c2-4e-0-4c0de1" branchNodeId="BN_79_9-190_058" offset="0"/>
				<PassBranchId>BRANCH_c2-4e-0-4c0ddd</PassBranchId>
				<PassBranchId>BRANCH_c2-4e-0-4c10dd</PassBranchId>
				<PassBranchId>BRANCH_c2-4e-0-4c1020</PassBranchId>
				<PassBranchId>BRANCH_c2-4e-0-4c1021</PassBranchId>
				<PassBranchId>BRANCH_c2-4e-0-4c1056</PassBranchId>
				<PassBranchId>BRANCH_c2-4e-0-4c1055</PassBranchId>
				<PassBranchId>BRANCH_c2-4e-0-4c0dc5</PassBranchId>
				<PassBranchId>BRANCH_c2-4e-0-4c105c</PassBranchId>
				<PassBranchId>BRANCH_c2-4e-0-4c0dcb</PassBranchId>
				<EndBranchPosition id="BR_POS_738" branchId="BRANCH_c2-4e-0-4c0dce" branchNodeId="BN_2863_9-198_058" offset="0"/>
			</BranchRoute>
		</WiringItem>
		<WiringItem xsi:type="Wire" id="WIRE_7-c-0-36490a" name="VLN04P" signalId="SIGNAL_2-36-0-4111" cableType="WIRE-2UKD-0.35" wireName="VT/GY" fromPinId="PIN_f5-18-0-3adbac" toPinId="PIN_42-1e-0-8eb69">
			<AppRef name="E3.Series" version="2.13.7.0" guid="788fc87f-f36d-43e8-80c8-0c39bbf1d295"/>
			<Property id="PROPERTY_14567" name="WIRE_LENGTH" value="460"/>
			<Property id="PROPERTY_14568" name="WIRE_CSA" value="0.35"/>
			<Property id="PROPERTY_14569" name="WIRE_MIN_BEND_RADIUS" value="3"/>
			<Property id="PROPERTY_14570" name="WIRE_OPTION" value="JBMAB"/>
			<Property id="PROPERTY_14571" name="WIRE_DEV_PIN_1" value="C2LF70:5"/>
			<Property id="PROPERTY_14572" name="WIRE_COLOR" value="VT/GY"/>
			<Property id="PROPERTY_14573" name="WIRE_SPEC" value="2UKD"/>
			<Property id="PROPERTY_14574" name="WIRE_END1_MATL" value="(SN)"/>
			<Property id="PROPERTY_14575" name="WIRE_LEVEL" value="(D-CAM)/(C-SHF)/(KWINV)/(8SPKR)/(F-SHF)/(BEV)"/>
			<Property id="PROPERTY_14576" name="WIRE_END1_TERM" value="3F2T-14474-SA"/>
			<Property id="PROPERTY_14577" name="WIRE_DEV_PIN_2" value="S2LN04-B:1"/>
			<Property id="PROPERTY_14578" name="WIRE_NAME" value="VLN04P"/>
			<Property id="PROPERTY_14579" name="WIRE_SIGNAL" value="VLN04"/>
			<Property id="PROPERTY_14580" name="HRN_FAMILY" value="14401"/>
			<Property id="PROPERTY_14581" name="WIRE_FPN" value="WIRE-2UKD-0.35-VT/GY"/>
			<Property id="PROPERTY_14582" name="WIRE_DIA_MAX" value="1.2"/>
			<Option id="OPTION_7-c-0-36490a_1" value="JBMAB"/>
			<BranchRoute id="BRR_645">
				<StartBranchPosition id="BR_POS_1553" branchId="BRANCH_c2-4e-0-4c0dc8" branchNodeId="BN_3127_9-190_058" offset="0"/>
				<PassBranchId>BRANCH_c2-4e-0-4c0e2c</PassBranchId>
				<PassBranchId>BRANCH_c2-4e-0-4c105c</PassBranchId>
				<PassBranchId>BRANCH_c2-4e-0-4c0dc5</PassBranchId>
				<PassBranchId>BRANCH_c2-4e-0-4c1055</PassBranchId>
				<PassBranchId>BRANCH_c2-4e-0-4c1056</PassBranchId>
				<PassBranchId>BRANCH_c2-4e-0-4c10e7</PassBranchId>
				<EndBranchPosition id="BR_POS_1554" branchId="BRANCH_c2-4e-0-4c10ea" branchNodeId="BN_6734_25-230_156" offset="0"/>
			</BranchRoute>
		</WiringItem>
		<WiringItem xsi:type="Wire" id="WIRE_95-c-0-e624f" name="VLN04R" signalId="SIGNAL_2-36-0-4111" cableType="WIRE-2UKD-0.35" wireName="VT/GY" fromPinId="PIN_42-1e-0-8eb69" toPinId="PIN_7b-18-0-1a19a">
			<AppRef name="E3.Series" version="2.13.7.0" guid="aed4d1c8-5dcc-4550-bf43-5aff9048c6f1"/>
			<Property id="PROPERTY_14583" name="WIRE_LENGTH" value="330"/>
			<Property id="PROPERTY_14584" name="WIRE_END2_MATL" value="(SN)"/>
			<Property id="PROPERTY_14585" name="WIRE_CSA" value="0.35"/>
			<Property id="PROPERTY_14586" name="WIRE_MIN_BEND_RADIUS" value="3"/>
			<Property id="PROPERTY_14587" name="WIRE_OPTION" value="BB7AC | BB7AD"/>
			<Property id="PROPERTY_14588" name="WIRE_DEV_PIN_1" value="S2LN04-B:1"/>
			<Property id="PROPERTY_14589" name="WIRE_COLOR" value="VT/GY"/>
			<Property id="PROPERTY_14590" name="WIRE_SPEC" value="2UKD"/>
			<Property id="PROPERTY_14591" name="WIRE_LEVEL" value="(PEPS-12)/(TACH-L0)/ZE"/>
			<Property id="PROPERTY_14592" name="WIRE_DEV_PIN_2" value="C2PP09:3"/>
			<Property id="PROPERTY_14593" name="WIRE_NAME" value="VLN04R"/>
			<Property id="PROPERTY_14594" name="WIRE_END2_TERM" value="3M5T-14474-HAA"/>
			<Property id="PROPERTY_14595" name="WIRE_SIGNAL" value="VLN04"/>
			<Property id="PROPERTY_14596" name="HRN_FAMILY" value="14401"/>
			<Property id="PROPERTY_14597" name="WIRE_FPN" value="WIRE-2UKD-0.35-VT/GY"/>
			<Property id="PROPERTY_14598" name="WIRE_DIA_MAX" value="1.2"/>
			<Option id="OPTION_95-c-0-e624f_1" value="BB7AC | BB7AD"/>
			<BranchRoute id="BRR_646">
				<StartBranchPosition id="BR_POS_1555" branchId="BRANCH_c2-4e-0-4c0dbf" branchNodeId="BN_3734_25-198_156" offset="0"/>
				<PassBranchId>BRANCH_c2-4e-0-4c0dbb</PassBranchId>
				<PassBranchId>BRANCH_c2-4e-0-4c1055</PassBranchId>
				<PassBranchId>BRANCH_c2-4e-0-4c1056</PassBranchId>
				<PassBranchId>BRANCH_c2-4e-0-4c10e7</PassBranchId>
				<EndBranchPosition id="BR_POS_1556" branchId="BRANCH_c2-4e-0-4c10ea" branchNodeId="BN_6734_25-230_156" offset="0"/>
			</BranchRoute>
		</WiringItem>
		<WiringItem xsi:type="Wire" id="WIRE_95-c-0-e6bac" name="VLN04V" signalId="SIGNAL_2-36-0-4111" cableType="WIRE-2UKD-0.35" wireName="VT/GY" fromPinId="PIN_42-1e-0-8eb55" toPinId="PIN_95-18-0-e3ef8">
			<AppRef name="E3.Series" version="2.13.7.0" guid="56978ad0-9580-4e16-a069-091bb9a0f1cc"/>
			<Property id="PROPERTY_14599" name="WIRE_LENGTH" value="450"/>
			<Property id="PROPERTY_14600" name="WIRE_END2_MATL" value="(SN)"/>
			<Property id="PROPERTY_14601" name="WIRE_CSA" value="0.35"/>
			<Property id="PROPERTY_14602" name="WIRE_MIN_BEND_RADIUS" value="3"/>
			<Property id="PROPERTY_14603" name="WIRE_OPTION" value="DAXAC"/>
			<Property id="PROPERTY_14604" name="WIRE_DEV_PIN_1" value="S2LN04-A:1"/>
			<Property id="PROPERTY_14605" name="WIRE_COLOR" value="VT/GY"/>
			<Property id="PROPERTY_14606" name="WIRE_SPEC" value="2UKD"/>
			<Property id="PROPERTY_14607" name="WIRE_LEVEL" value="(D-CAM)/(8SPKR)/(F-SHF)/(BEV)"/>
			<Property id="PROPERTY_14608" name="WIRE_DEV_PIN_2" value="C2AT30:4"/>
			<Property id="PROPERTY_14609" name="WIRE_NAME" value="VLN04V"/>
			<Property id="PROPERTY_14610" name="WIRE_END2_TERM" value="3F2T-14474-SA"/>
			<Property id="PROPERTY_14611" name="WIRE_SIGNAL" value="VLN04"/>
			<Property id="PROPERTY_14612" name="HRN_FAMILY" value="14401"/>
			<Property id="PROPERTY_14613" name="WIRE_FPN" value="WIRE-2UKD-0.35-VT/GY"/>
			<Property id="PROPERTY_14614" name="WIRE_DIA_MAX" value="1.2"/>
			<Option id="OPTION_95-c-0-e6bac_1" value="DAXAC"/>
			<BranchRoute id="BRR_647">
				<StartBranchPosition id="BR_POS_1557" branchId="BRANCH_c2-4e-0-4c0def" branchNodeId="BN_7639_9-134_058" offset="0"/>
				<PassBranchId>BRANCH_c2-4e-0-4c109a</PassBranchId>
				<PassBranchId>BRANCH_c2-4e-0-4c0e16</PassBranchId>
				<PassBranchId>BRANCH_c2-4e-0-4c0fcb</PassBranchId>
				<PassBranchId>BRANCH_c2-4e-0-4c0f4c</PassBranchId>
				<PassBranchId>BRANCH_c2-4e-0-4c0e56</PassBranchId>
				<EndBranchPosition id="BR_POS_1558" branchId="BRANCH_c2-4e-0-4c0f54" branchNodeId="BN_12528-176" offset="0"/>
			</BranchRoute>
		</WiringItem>
		<WiringItem xsi:type="Wire" id="WIRE_95-c-0-e4c86" name="VLN04W" signalId="SIGNAL_2-36-0-4111" cableType="WIRE-2UKD-0.35" wireName="VT/GY" fromPinId="PIN_42-1e-0-8eb55" toPinId="PIN_95-18-0-e3f13">
			<AppRef name="E3.Series" version="2.13.7.0" guid="8b74b6da-d1cd-46cd-9df4-a894b85bc176"/>
			<Property id="PROPERTY_14615" name="WIRE_LENGTH" value="690"/>
			<Property id="PROPERTY_14616" name="WIRE_CSA" value="0.35"/>
			<Property id="PROPERTY_14617" name="WIRE_MIN_BEND_RADIUS" value="3"/>
			<Property id="PROPERTY_14618" name="WIRE_OPTION" value="B5WAA &amp; ( IEVAQ | IEVAR )"/>
			<Property id="PROPERTY_14619" name="WIRE_DEV_PIN_1" value="S2LN04-A:1"/>
			<Property id="PROPERTY_14620" name="WIRE_COLOR" value="VT/GY"/>
			<Property id="PROPERTY_14621" name="WIRE_SPEC" value="2UKD"/>
			<Property id="PROPERTY_14622" name="WIRE_LEVEL" value="(20-ST)"/>
			<Property id="PROPERTY_14623" name="WIRE_DEV_PIN_2" value="C2ME89-C:3"/>
			<Property id="PROPERTY_14624" name="WIRE_NAME" value="VLN04W"/>
			<Property id="PROPERTY_14625" name="WIRE_END2_TERM" value="*GU5T-14474-AAB"/>
			<Property id="PROPERTY_14626" name="WIRE_SIGNAL" value="VLN04"/>
			<Property id="PROPERTY_14627" name="HRN_FAMILY" value="14401"/>
			<Property id="PROPERTY_14628" name="WIRE_FPN" value="WIRE-2UKD-0.35-VT/GY"/>
			<Property id="PROPERTY_14629" name="WIRE_DIA_MAX" value="1.2"/>
			<Option id="OPTION_95-c-0-e4c86_1" value="B5WAA &amp; ( IEVAQ | IEVAR )"/>
			<BranchRoute id="BRR_648">
				<StartBranchPosition id="BR_POS_1559" branchId="BRANCH_c2-4e-0-4c0def" branchNodeId="BN_7639_9-134_058" offset="0"/>
				<PassBranchId>BRANCH_c2-4e-0-4c109a</PassBranchId>
				<PassBranchId>BRANCH_c2-4e-0-4c0e16</PassBranchId>
				<PassBranchId>BRANCH_c2-4e-0-4c0fcb</PassBranchId>
				<PassBranchId>BRANCH_c2-4e-0-4c0f45</PassBranchId>
				<PassBranchId>BRANCH_c2-4e-0-4c1005</PassBranchId>
				<PassBranchId>BRANCH_c2-4e-0-4c0f7e</PassBranchId>
				<PassBranchId>BRANCH_c2-4e-0-4c0fb4</PassBranchId>
				<PassBranchId>BRANCH_c2-4e-0-4c103f</PassBranchId>
				<PassBranchId>BRANCH_c2-4e-0-4c1041</PassBranchId>
				<EndBranchPosition id="BR_POS_1560" branchId="BRANCH_c2-4e-0-4c0fb1" branchNodeId="BN_9568-152" offset="0"/>
			</BranchRoute>
		</WiringItem>
		<WiringItem xsi:type="Wire" id="WIRE_95-c-0-e6116" name="VLN04Y" signalId="SIGNAL_2-36-0-4111" cableType="WIRE-2UKD-0.35" wireName="VT/GY" fromPinId="PIN_42-1e-0-8eb55" toPinId="PIN_5f-18-0-126c3f">
			<AppRef name="E3.Series" version="2.13.7.0" guid="b288550b-6295-43f4-b32f-db76643ad66d"/>
			<Property id="PROPERTY_14630" name="WIRE_LENGTH" value="1375"/>
			<Property id="PROPERTY_14631" name="WIRE_END2_MATL" value="(SN)"/>
			<Property id="PROPERTY_14632" name="WIRE_CSA" value="0.35"/>
			<Property id="PROPERTY_14633" name="WIRE_MIN_BEND_RADIUS" value="3"/>
			<Property id="PROPERTY_14634" name="WIRE_LEVEL" value="(ALL)"/>
			<Property id="PROPERTY_14635" name="WIRE_DEV_PIN_1" value="S2LN04-A:1"/>
			<Property id="PROPERTY_14636" name="WIRE_COLOR" value="VT/GY"/>
			<Property id="PROPERTY_14637" name="WIRE_SPEC" value="2UKD"/>
			<Property id="PROPERTY_14638" name="WIRE_DEV_PIN_2" value="C23-B1:29"/>
			<Property id="PROPERTY_14639" name="WIRE_NAME" value="VLN04Y"/>
			<Property id="PROPERTY_14640" name="WIRE_END2_TERM" value="9U5T-14474-DB"/>
			<Property id="PROPERTY_14641" name="WIRE_SIGNAL" value="VLN04"/>
			<Property id="PROPERTY_14642" name="HRN_FAMILY" value="14401"/>
			<Property id="PROPERTY_14643" name="WIRE_FPN" value="WIRE-2UKD-0.35-VT/GY"/>
			<Property id="PROPERTY_14644" name="WIRE_DIA_MAX" value="1.2"/>
			<BranchRoute id="BRR_649">
				<StartBranchPosition id="BR_POS_1561" branchId="BRANCH_c2-4e-0-4c0def" branchNodeId="BN_7639_9-134_058" offset="0"/>
				<PassBranchId>BRANCH_c2-4e-0-4c109a</PassBranchId>
				<PassBranchId>BRANCH_c2-4e-0-4c0e16</PassBranchId>
				<PassBranchId>BRANCH_c2-4e-0-4c0fcb</PassBranchId>
				<PassBranchId>BRANCH_c2-4e-0-4c0dea</PassBranchId>
				<PassBranchId>BRANCH_c2-4e-0-4c0fd1</PassBranchId>
				<PassBranchId>BRANCH_c2-4e-0-4c0fe8</PassBranchId>
				<PassBranchId>BRANCH_c2-4e-0-4c1009</PassBranchId>
				<PassBranchId>BRANCH_c2-4e-0-4c10cb</PassBranchId>
				<PassBranchId>BRANCH_c2-4e-0-4c10ec</PassBranchId>
				<PassBranchId>BRANCH_c2-4e-0-4c0de4</PassBranchId>
				<PassBranchId>BRANCH_1a-4e-0-18e01d0</PassBranchId>
				<PassBranchId>BRANCH_c2-4e-0-4c10c8</PassBranchId>
				<PassBranchId>BRANCH_eb-4e-0-678fca</PassBranchId>
				<PassBranchId>BRANCH_c2-4e-0-4c0e87</PassBranchId>
				<PassBranchId>BRANCH_c2-4e-0-4c0e8c</PassBranchId>
				<PassBranchId>BRANCH_c2-4e-0-4c0e7f</PassBranchId>
				<PassBranchId>BRANCH_c2-4e-0-4c0ef9</PassBranchId>
				<PassBranchId>BRANCH_c2-4e-0-4c0e70</PassBranchId>
				<PassBranchId>BRANCH_c2-4e-0-4c0e5c</PassBranchId>
				<EndBranchPosition id="BR_POS_1562" branchId="BRANCH_c2-4e-0-4c0d63" branchNodeId="BN_22204-180" offset="0"/>
			</BranchRoute>
		</WiringItem>
		<WiringItem xsi:type="Wire" id="WIRE_95-c-0-e5b86" name="VLN74A" signalId="SIGNAL_cb-36-0-20ef6" cableType="WIRE-2UKD-0.35" wireName="GN/BU" fromPinId="PIN_6e-18-0-dc4a" toPinId="PIN_f-18-0-dc1a">
			<AppRef name="E3.Series" version="2.13.7.0" guid="28264fbb-dc94-4441-b407-93058115203a"/>
			<Property id="PROPERTY_14645" name="WIRE_LENGTH" value="2465"/>
			<Property id="PROPERTY_14646" name="WIRE_END2_MATL" value="(SN)"/>
			<Property id="PROPERTY_14647" name="WIRE_CSA" value="0.35"/>
			<Property id="PROPERTY_14648" name="WIRE_MIN_BEND_RADIUS" value="3"/>
			<Property id="PROPERTY_14649" name="WIRE_OPTION" value="DAXAC"/>
			<Property id="PROPERTY_14650" name="WIRE_DEV_PIN_1" value="C23-A1:14"/>
			<Property id="PROPERTY_14651" name="WIRE_COLOR" value="GN/BU"/>
			<Property id="PROPERTY_14652" name="WIRE_SPEC" value="2UKD"/>
			<Property id="PROPERTY_14653" name="WIRE_END1_MATL" value="(SN)"/>
			<Property id="PROPERTY_14654" name="WIRE_LEVEL" value="(D-CAM)/(8SPKR)/(F-SHF)/(BEV)"/>
			<Property id="PROPERTY_14655" name="WIRE_END1_TERM" value="9U5T-14474-DB"/>
			<Property id="PROPERTY_14656" name="WIRE_DEV_PIN_2" value="C2AM02-B:44"/>
			<Property id="PROPERTY_14657" name="WIRE_NAME" value="VLN74A"/>
			<Property id="PROPERTY_14658" name="WIRE_END2_TERM" value="9U5T-14474-DB"/>
			<Property id="PROPERTY_14659" name="WIRE_SIGNAL" value="VLN74"/>
			<Property id="PROPERTY_14660" name="HRN_FAMILY" value="14401"/>
			<Property id="PROPERTY_14661" name="WIRE_FPN" value="WIRE-2UKD-0.35-GN/BU"/>
			<Property id="PROPERTY_14662" name="WIRE_DIA_MAX" value="1.2"/>
			<Option id="OPTION_95-c-0-e5b86_1" value="DAXAC"/>
			<BranchRoute id="BRR_650">
				<StartBranchPosition id="BR_POS_1563" branchId="BRANCH_c2-4e-0-4c0dda" branchNodeId="BN_695_9-190_058" offset="0"/>
				<PassBranchId>BRANCH_c2-4e-0-4c0fad</PassBranchId>
				<PassBranchId>BRANCH_c2-4e-0-4c10dd</PassBranchId>
				<PassBranchId>BRANCH_c2-4e-0-4c1020</PassBranchId>
				<PassBranchId>BRANCH_c2-4e-0-4c1021</PassBranchId>
				<PassBranchId>BRANCH_c2-4e-0-4c10e7</PassBranchId>
				<PassBranchId>BRANCH_c2-4e-0-4c0fc5</PassBranchId>
				<PassBranchId>BRANCH_c2-4e-0-4c0fce</PassBranchId>
				<PassBranchId>BRANCH_c2-4e-0-4c0d1d</PassBranchId>
				<PassBranchId>BRANCH_35-4e-0-2efaf8</PassBranchId>
				<PassBranchId>BRANCH_c2-4e-0-4c10c0</PassBranchId>
				<PassBranchId>BRANCH_c2-4e-0-4c0fc8</PassBranchId>
				<PassBranchId>BRANCH_c2-4e-0-4c108d</PassBranchId>
				<PassBranchId>BRANCH_c2-4e-0-4c0d88</PassBranchId>
				<PassBranchId>BRANCH_c2-4e-0-4c109a</PassBranchId>
				<PassBranchId>BRANCH_c2-4e-0-4c0e16</PassBranchId>
				<PassBranchId>BRANCH_c2-4e-0-4c0fcb</PassBranchId>
				<PassBranchId>BRANCH_c2-4e-0-4c0dea</PassBranchId>
				<PassBranchId>BRANCH_c2-4e-0-4c0fd1</PassBranchId>
				<PassBranchId>BRANCH_c2-4e-0-4c0fe8</PassBranchId>
				<PassBranchId>BRANCH_c2-4e-0-4c1009</PassBranchId>
				<PassBranchId>BRANCH_c2-4e-0-4c10cb</PassBranchId>
				<PassBranchId>BRANCH_c2-4e-0-4c10ec</PassBranchId>
				<PassBranchId>BRANCH_c2-4e-0-4c0de4</PassBranchId>
				<PassBranchId>BRANCH_1a-4e-0-18e01d0</PassBranchId>
				<PassBranchId>BRANCH_c2-4e-0-4c10c8</PassBranchId>
				<PassBranchId>BRANCH_eb-4e-0-678fca</PassBranchId>
				<PassBranchId>BRANCH_c2-4e-0-4c0e87</PassBranchId>
				<PassBranchId>BRANCH_c2-4e-0-4c0e8c</PassBranchId>
				<PassBranchId>BRANCH_c2-4e-0-4c0e7f</PassBranchId>
				<PassBranchId>BRANCH_c2-4e-0-4c102d</PassBranchId>
				<PassBranchId>BRANCH_c2-4e-0-4c1030</PassBranchId>
				<PassBranchId>BRANCH_c2-4e-0-4c0e6d</PassBranchId>
				<PassBranchId>BRANCH_c2-4e-0-4c0fdc</PassBranchId>
				<PassBranchId>BRANCH_c2-4e-0-4c0efe</PassBranchId>
				<PassBranchId>BRANCH_c2-4e-0-4c0df1</PassBranchId>
				<EndBranchPosition id="BR_POS_1564" branchId="BRANCH_c2-4e-0-4c0f01" branchNodeId="BN_23840-236" offset="0"/>
			</BranchRoute>
		</WiringItem>
		<WiringItem xsi:type="Wire" id="WIRE_95-c-0-e4dfd" name="VMC11C" signalId="SIGNAL_2-36-0-4128" cableType="WIRE-2UKD-0.35" wireName="YE/VT" fromPinId="PIN_b5-18-0-533e" toPinId="PIN_c4-18-0-127c">
			<AppRef name="E3.Series" version="2.13.7.0" guid="037adcdb-bc36-491a-8671-9744c04e720a"/>
			<Property id="PROPERTY_14663" name="WIRE_LENGTH" value="1400"/>
			<Property id="PROPERTY_14664" name="WIRE_END2_MATL" value="(SN)"/>
			<Property id="PROPERTY_14665" name="WIRE_CSA" value="0.35"/>
			<Property id="PROPERTY_14666" name="WIRE_MIN_BEND_RADIUS" value="3"/>
			<Property id="PROPERTY_14667" name="WIRE_LEVEL" value="(ALL)"/>
			<Property id="PROPERTY_14668" name="WIRE_DEV_PIN_1" value="C23-C1:5"/>
			<Property id="PROPERTY_14669" name="WIRE_COLOR" value="YE/VT"/>
			<Property id="PROPERTY_14670" name="WIRE_SPEC" value="2UKD"/>
			<Property id="PROPERTY_14671" name="WIRE_END1_MATL" value="(SN)"/>
			<Property id="PROPERTY_14672" name="WIRE_END1_TERM" value="3F2T-14474-SA"/>
			<Property id="PROPERTY_14673" name="WIRE_DEV_PIN_2" value="C2MC01-A:10"/>
			<Property id="PROPERTY_14674" name="WIRE_NAME" value="VMC11C"/>
			<Property id="PROPERTY_14675" name="WIRE_END2_TERM" value="9U5T-14474-DB"/>
			<Property id="PROPERTY_14676" name="WIRE_SIGNAL" value="VMC11"/>
			<Property id="PROPERTY_14677" name="HRN_FAMILY" value="14401"/>
			<Property id="PROPERTY_14678" name="WIRE_FPN" value="WIRE-2UKD-0.35-YE/VT"/>
			<Property id="PROPERTY_14679" name="WIRE_DIA_MAX" value="1.2"/>
			<BranchRoute id="BRR_651">
				<StartBranchPosition id="BR_POS_1565" branchId="BRANCH_c2-4e-0-4c0de1" branchNodeId="BN_79_9-190_058" offset="0"/>
				<PassBranchId>BRANCH_c2-4e-0-4c0ddd</PassBranchId>
				<PassBranchId>BRANCH_c2-4e-0-4c10dd</PassBranchId>
				<PassBranchId>BRANCH_c2-4e-0-4c1020</PassBranchId>
				<PassBranchId>BRANCH_c2-4e-0-4c1021</PassBranchId>
				<PassBranchId>BRANCH_c2-4e-0-4c10e7</PassBranchId>
				<PassBranchId>BRANCH_c2-4e-0-4c0fc5</PassBranchId>
				<PassBranchId>BRANCH_c2-4e-0-4c0fce</PassBranchId>
				<PassBranchId>BRANCH_c2-4e-0-4c0d1d</PassBranchId>
				<PassBranchId>BRANCH_35-4e-0-2efaf8</PassBranchId>
				<PassBranchId>BRANCH_c2-4e-0-4c10c0</PassBranchId>
				<PassBranchId>BRANCH_c2-4e-0-4c0fc8</PassBranchId>
				<PassBranchId>BRANCH_c2-4e-0-4c108d</PassBranchId>
				<PassBranchId>BRANCH_c2-4e-0-4c0d88</PassBranchId>
				<PassBranchId>BRANCH_c2-4e-0-4c109a</PassBranchId>
				<PassBranchId>BRANCH_c2-4e-0-4c109d</PassBranchId>
				<PassBranchId>BRANCH_c2-4e-0-4c1002</PassBranchId>
				<PassBranchId>BRANCH_c2-4e-0-4c0f85</PassBranchId>
				<PassBranchId>BRANCH_ff-4e-0-9b280f</PassBranchId>
				<EndBranchPosition id="BR_POS_1566" branchId="BRANCH_c2-4e-0-4c0f51" branchNodeId="BN_7584-244" offset="0"/>
			</BranchRoute>
		</WiringItem>
		<WiringItem xsi:type="Wire" id="WIRE_58-c-0-f0eb8" name="VMC49AA" signalId="SIGNAL_2-36-0-413c" cableType="WIRE-2UKD-0.35" wireName="VT/GY" fromPinId="PIN_33-18-0-2aa9a8" toPinId="PIN_87-18-0-151f6">
			<AppRef name="E3.Series" version="2.13.7.0" guid="ff95a5f8-ee5c-458b-8470-ffee58489311"/>
			<Property id="PROPERTY_14680" name="WIRE_LENGTH" value="555"/>
			<Property id="PROPERTY_14681" name="WIRE_END2_MATL" value="(SN)"/>
			<Property id="PROPERTY_14682" name="WIRE_CSA" value="0.35"/>
			<Property id="PROPERTY_14683" name="WIRE_MIN_BEND_RADIUS" value="3"/>
			<Property id="PROPERTY_14684" name="WIRE_OPTION" value="HJGAX &amp; ( IEVAQ | IEVAR )"/>
			<Property id="PROPERTY_14685" name="WIRE_DEV_PIN_1" value="C2MC04-A:2"/>
			<Property id="PROPERTY_14686" name="WIRE_COLOR" value="VT/GY"/>
			<Property id="PROPERTY_14687" name="WIRE_SPEC" value="2UKD"/>
			<Property id="PROPERTY_14688" name="WIRE_END1_MATL" value="(SN)"/>
			<Property id="PROPERTY_14689" name="WIRE_LEVEL" value="(CNSL-HI)/(A-STR)/AH/AJ/AK/AL/AM/AN/AP/AR/BH/BJ/CB/CC/CD/CE/XJ/XL/XM/XS/YC/YD/YG/YH/YK/YL/YN/YP/YR"/>
			<Property id="PROPERTY_14690" name="WIRE_LEVEL" value="YU/YV/ZD/ZE/ZG/ZH"/>
			<Property id="PROPERTY_14691" name="WIRE_END1_TERM" value="3F2T-14474-SA"/>
			<Property id="PROPERTY_14692" name="WIRE_DEV_PIN_2" value="C2MM01-A:44"/>
			<Property id="PROPERTY_14693" name="WIRE_NAME" value="VMC49AA"/>
			<Property id="PROPERTY_14694" name="WIRE_END2_TERM" value="9U5T-14474-DB"/>
			<Property id="PROPERTY_14695" name="WIRE_SIGNAL" value="VMC49"/>
			<Property id="PROPERTY_14696" name="HRN_FAMILY" value="14401"/>
			<Property id="PROPERTY_14697" name="WIRE_FPN" value="WIRE-2UKD-0.35-VT/GY"/>
			<Property id="PROPERTY_14698" name="WIRE_DIA_MAX" value="1.2"/>
			<Option id="OPTION_58-c-0-f0eb8_1" value="HJGAX &amp; ( IEVAQ | IEVAR )"/>
			<BranchRoute id="BRR_652">
				<StartBranchPosition id="BR_POS_1567" branchId="BRANCH_c2-4e-0-4c0f37" branchNodeId="BN_16144-216" offset="0"/>
				<PassBranchId>BRANCH_c2-4e-0-4c0e06</PassBranchId>
				<PassBranchId>BRANCH_c2-4e-0-4c10c3</PassBranchId>
				<PassBranchId>BRANCH_c2-4e-0-4c0ff9</PassBranchId>
				<PassBranchId>BRANCH_c2-4e-0-4c0f34</PassBranchId>
				<PassBranchId>BRANCH_c2-4e-0-4c0f26</PassBranchId>
				<PassBranchId>BRANCH_c2-4e-0-4c0f29</PassBranchId>
				<EndBranchPosition id="BR_POS_1568" branchId="BRANCH_c2-4e-0-4c0f2a" branchNodeId="BN_17720-164" offset="0"/>
			</BranchRoute>
		</WiringItem>
		<WiringItem xsi:type="Wire" id="WIRE_af-c-0-5a6706" name="VMC49AB" signalId="SIGNAL_2-36-0-413c" cableType="WIRE-2UKD-0.35" wireName="VT/GY" fromPinId="PIN_87-18-0-151f6" toPinId="PIN_9f-18-0-514015">
			<AppRef name="E3.Series" version="2.13.7.0" guid="926f2eb4-1032-4491-bb51-42219d6b62c2"/>
			<Property id="PROPERTY_14699" name="WIRE_LENGTH" value="720"/>
			<Property id="PROPERTY_14700" name="WIRE_END2_MATL" value="(SN)"/>
			<Property id="PROPERTY_14701" name="WIRE_CSA" value="0.35"/>
			<Property id="PROPERTY_14702" name="WIRE_MIN_BEND_RADIUS" value="3"/>
			<Property id="PROPERTY_14703" name="WIRE_OPTION" value="HJGAJ &amp; ( IEVAQ | IEVAR )"/>
			<Property id="PROPERTY_14704" name="WIRE_DEV_PIN_1" value="C2MM01-A:44"/>
			<Property id="PROPERTY_14705" name="WIRE_COLOR" value="VT/GY"/>
			<Property id="PROPERTY_14706" name="WIRE_SPEC" value="2UKD"/>
			<Property id="PROPERTY_14707" name="WIRE_END1_MATL" value="(SN)"/>
			<Property id="PROPERTY_14708" name="WIRE_LEVEL" value="(8DSP)"/>
			<Property id="PROPERTY_14709" name="WIRE_END1_TERM" value="9U5T-14474-DB"/>
			<Property id="PROPERTY_14710" name="WIRE_DEV_PIN_2" value="C22-SW1:19"/>
			<Property id="PROPERTY_14711" name="WIRE_NAME" value="VMC49AB"/>
			<Property id="PROPERTY_14712" name="WIRE_END2_TERM" value="DU5T-14421-FA"/>
			<Property id="PROPERTY_14713" name="WIRE_SIGNAL" value="VMC49"/>
			<Property id="PROPERTY_14714" name="HRN_FAMILY" value="14401"/>
			<Property id="PROPERTY_14715" name="WIRE_FPN" value="WIRE-2UKD-0.35-VT/GY"/>
			<Property id="PROPERTY_14716" name="WIRE_DIA_MAX" value="1.2"/>
			<Option id="OPTION_af-c-0-5a6706_1" value="HJGAJ &amp; ( IEVAQ | IEVAR )"/>
			<BranchRoute id="BRR_653">
				<StartBranchPosition id="BR_POS_1569" branchId="BRANCH_c2-4e-0-4c0f2a" branchNodeId="BN_17720-164" offset="0"/>
				<PassBranchId>BRANCH_c2-4e-0-4c0f29</PassBranchId>
				<PassBranchId>BRANCH_c2-4e-0-4c0f26</PassBranchId>
				<PassBranchId>BRANCH_c2-4e-0-4c0d05</PassBranchId>
				<PassBranchId>BRANCH_c2-4e-0-4c1076</PassBranchId>
				<PassBranchId>BRANCH_c2-4e-0-4c106f</PassBranchId>
				<PassBranchId>BRANCH_c2-4e-0-4c1075</PassBranchId>
				<PassBranchId>BRANCH_c2-4e-0-4c1068</PassBranchId>
				<PassBranchId>BRANCH_c2-4e-0-4c0df7</PassBranchId>
				<EndBranchPosition id="BR_POS_1570" branchId="BRANCH_c2-4e-0-4c0f0b" branchNodeId="BN_20576-224" offset="0"/>
			</BranchRoute>
		</WiringItem>
		<WiringItem xsi:type="Wire" id="WIRE_51-c-0-a1c22d" name="VMM36EVK" signalId="SIGNAL_18-36-0-25311d" cableType="WIRE-2UKD-0.35" wireName="YE/GY" fromPinId="PIN_b5-18-0-54b3" toPinId="PIN_b5-18-0-5500">
			<AppRef name="E3.Series" version="2.14.0.0" guid="78444790-93af-4b9a-ad7b-29835a8ff338"/>
			<Property id="PROPERTY_14793" name="WIRE_LENGTH" value="285"/>
			<Property id="PROPERTY_14794" name="WIRE_END2_MATL" value="(SN)"/>
			<Property id="PROPERTY_14795" name="WIRE_CSA" value="0.35"/>
			<Property id="PROPERTY_14796" name="WIRE_MIN_BEND_RADIUS" value="3"/>
			<Property id="PROPERTY_14797" name="WIRE_OPTION" value="DEEAD"/>
			<Property id="PROPERTY_14798" name="WIRE_DEV_PIN_1" value="C23-B1:7"/>
			<Property id="PROPERTY_14799" name="WIRE_COLOR" value="YE/GY"/>
			<Property id="PROPERTY_14800" name="WIRE_SPEC" value="2UKD"/>
			<Property id="PROPERTY_14801" name="WIRE_END1_MATL" value="(SN)"/>
			<Property id="PROPERTY_14802" name="WIRE_LEVEL" value="ZA/ZB/ZC"/>
			<Property id="PROPERTY_14803" name="WIRE_END1_TERM" value="9U5T-14474-DB"/>
			<Property id="PROPERTY_14804" name="WIRE_DEV_PIN_2" value="C12-A2:2"/>
			<Property id="PROPERTY_14805" name="WIRE_NAME" value="VMM36EVK"/>
			<Property id="PROPERTY_14806" name="WIRE_END2_TERM" value="8U5T-14474-BB"/>
			<Property id="PROPERTY_14807" name="WIRE_SIGNAL" value="VMM36"/>
			<Property id="PROPERTY_14808" name="HRN_FAMILY" value="14401"/>
			<Property id="PROPERTY_14809" name="WIRE_FPN" value="WIRE-2UKD-0.35-YE/GY"/>
			<Property id="PROPERTY_14810" name="WIRE_DIA_MAX" value="1.2"/>
			<Option id="OPTION_51-c-0-a1c22d_1" value="DEEAD"/>
			<BranchRoute id="BRR_658">
				<StartBranchPosition id="BR_POS_1579" branchId="BRANCH_c2-4e-0-4c0d60" branchNodeId="BN_22052-256" offset="0"/>
				<PassBranchId>BRANCH_c2-4e-0-4c0e5f</PassBranchId>
				<PassBranchId>BRANCH_c2-4e-0-4c0d66</PassBranchId>
				<PassBranchId>BRANCH_c2-4e-0-4c0e5c</PassBranchId>
				<EndBranchPosition id="BR_POS_1580" branchId="BRANCH_c2-4e-0-4c0d63" branchNodeId="BN_22204-180" offset="0"/>
			</BranchRoute>
		</WiringItem>
		<WiringItem xsi:type="Wire" id="WIRE_51-c-0-a1a050" name="VMM37EVK" signalId="SIGNAL_18-36-0-253129" cableType="WIRE-2UKD-0.35" wireName="GY/BN" fromPinId="PIN_b5-18-0-54ff" toPinId="PIN_b5-18-0-54b4">
			<AppRef name="E3.Series" version="2.14.0.0" guid="b0d56bb1-ad73-4463-8a5e-4491a61b94a3"/>
			<Property id="PROPERTY_14811" name="WIRE_LENGTH" value="285"/>
			<Property id="PROPERTY_14812" name="WIRE_END2_MATL" value="(SN)"/>
			<Property id="PROPERTY_14813" name="WIRE_CSA" value="0.35"/>
			<Property id="PROPERTY_14814" name="WIRE_MIN_BEND_RADIUS" value="3"/>
			<Property id="PROPERTY_14815" name="WIRE_OPTION" value="DEEAD"/>
			<Property id="PROPERTY_14816" name="WIRE_DEV_PIN_1" value="C12-A2:1"/>
			<Property id="PROPERTY_14817" name="WIRE_COLOR" value="GY/BN"/>
			<Property id="PROPERTY_14818" name="WIRE_SPEC" value="2UKD"/>
			<Property id="PROPERTY_14819" name="WIRE_END1_MATL" value="(SN)"/>
			<Property id="PROPERTY_14820" name="WIRE_LEVEL" value="ZA/ZB/ZC"/>
			<Property id="PROPERTY_14821" name="WIRE_END1_TERM" value="8U5T-14474-BB"/>
			<Property id="PROPERTY_14822" name="WIRE_DEV_PIN_2" value="C23-B1:8"/>
			<Property id="PROPERTY_14823" name="WIRE_NAME" value="VMM37EVK"/>
			<Property id="PROPERTY_14824" name="WIRE_END2_TERM" value="8U5T-14474-BB"/>
			<Property id="PROPERTY_14825" name="WIRE_SIGNAL" value="VMM37"/>
			<Property id="PROPERTY_14826" name="HRN_FAMILY" value="14401"/>
			<Property id="PROPERTY_14827" name="WIRE_FPN" value="WIRE-2UKD-0.35-GY/BN"/>
			<Property id="PROPERTY_14828" name="WIRE_DIA_MAX" value="1.2"/>
			<Option id="OPTION_51-c-0-a1a050_1" value="DEEAD"/>
			<BranchRoute id="BRR_659">
				<StartBranchPosition id="BR_POS_1581" branchId="BRANCH_c2-4e-0-4c0d60" branchNodeId="BN_22052-256" offset="0"/>
				<PassBranchId>BRANCH_c2-4e-0-4c0e5f</PassBranchId>
				<PassBranchId>BRANCH_c2-4e-0-4c0d66</PassBranchId>
				<PassBranchId>BRANCH_c2-4e-0-4c0e5c</PassBranchId>
				<EndBranchPosition id="BR_POS_1582" branchId="BRANCH_c2-4e-0-4c0d63" branchNodeId="BN_22204-180" offset="0"/>
			</BranchRoute>
		</WiringItem>
		<WiringItem xsi:type="Wire" id="WIRE_71-c-0-1ff850" name="CR189A" signalId="SIGNAL_d-36-0-e301f" cableType="WIRE-2TAD-0.35" wireName="BU/OG" fromPinId="PIN_71-18-0-1fb470" toPinId="PIN_5f-18-0-d13d4">
			<AppRef name="E3.Series" version="2.13.7.0" guid="ba78da05-0d7a-400a-8b4e-22aa9c8bc403"/>
			<Property id="PROPERTY_7674" name="WIRE_LENGTH" value="747"/>
			<Property id="PROPERTY_7675" name="WIRE_END2_MATL" value="(SN)"/>
			<Property id="PROPERTY_7676" name="WIRE_CSA" value="0.35"/>
			<Property id="PROPERTY_7677" name="WIRE_MIN_BEND_RADIUS" value="3.5"/>
			<Property id="PROPERTY_7678" name="WIRE_LEVEL" value="(ALL)"/>
			<Property id="PROPERTY_7679" name="WIRE_DEV_PIN_1" value="C2R114-A:13"/>
			<Property id="PROPERTY_7680" name="WIRE_COLOR" value="BU/OG"/>
			<Property id="PROPERTY_7681" name="WIRE_SPEC" value="2TAD"/>
			<Property id="PROPERTY_7682" name="WIRE_END1_MATL" value="(SN)"/>
			<Property id="PROPERTY_7683" name="WIRE_END1_TERM" value="8U5T-14474-BB"/>
			<Property id="PROPERTY_7684" name="WIRE_DEV_PIN_2" value="C23-E1:21"/>
			<Property id="PROPERTY_7685" name="WIRE_NAME" value="CR189A"/>
			<Property id="PROPERTY_7686" name="WIRE_END2_TERM" value="9U5T-14474-DB"/>
			<Property id="PROPERTY_7687" name="WIRE_SIGNAL" value="CR189"/>
			<Property id="PROPERTY_7688" name="HRN_FAMILY" value="14401"/>
			<Property id="PROPERTY_7689" name="WIRE_FPN" value="WIRE-2TAD-0.35-BU/OG"/>
			<Property id="PROPERTY_7690" name="WIRE_DIA_MAX" value="1.4"/>
			<BranchRoute id="BRR_260">
				<StartBranchPosition id="BR_POS_783" branchId="BRANCH_c2-4e-0-4c0f20" branchNodeId="BN_17896-236" offset="0"/>
				<PassBranchId>BRANCH_c2-4e-0-4c0dfd</PassBranchId>
				<PassBranchId>BRANCH_c2-4e-0-4c0f1f</PassBranchId>
				<PassBranchId>BRANCH_c2-4e-0-4c0ff5</PassBranchId>
				<PassBranchId>BRANCH_c2-4e-0-4c0ff2</PassBranchId>
				<PassBranchId>BRANCH_c2-4e-0-4c0d34</PassBranchId>
				<PassBranchId>BRANCH_c2-4e-0-4c0fef</PassBranchId>
				<PassBranchId>BRANCH_c2-4e-0-4c10f5</PassBranchId>
				<PassBranchId>BRANCH_c2-4e-0-4c0dfa</PassBranchId>
				<EndBranchPosition id="BR_POS_784" branchId="BRANCH_c2-4e-0-4c0f1c" branchNodeId="BN_18448-168" offset="0"/>
			</BranchRoute>
		</WiringItem>
		<WiringItem xsi:type="Wire" id="WIRE_71-c-0-20097a" name="CR190A" signalId="SIGNAL_d-36-0-e3013" cableType="WIRE-2TAD-0.35" wireName="GY/BN" fromPinId="PIN_5f-18-0-d13cc" toPinId="PIN_71-18-0-1fb48c">
			<AppRef name="E3.Series" version="2.13.7.0" guid="a06202b4-d563-4fd1-8785-dfb92a1152ed"/>
			<Property id="PROPERTY_7691" name="WIRE_LENGTH" value="747"/>
			<Property id="PROPERTY_7692" name="WIRE_END2_MATL" value="(SN)"/>
			<Property id="PROPERTY_7693" name="WIRE_CSA" value="0.35"/>
			<Property id="PROPERTY_7694" name="WIRE_MIN_BEND_RADIUS" value="3.5"/>
			<Property id="PROPERTY_7695" name="WIRE_LEVEL" value="(ALL)"/>
			<Property id="PROPERTY_7696" name="WIRE_DEV_PIN_1" value="C23-E1:19"/>
			<Property id="PROPERTY_7697" name="WIRE_COLOR" value="GY/BN"/>
			<Property id="PROPERTY_7698" name="WIRE_SPEC" value="2TAD"/>
			<Property id="PROPERTY_7699" name="WIRE_END1_MATL" value="(SN)"/>
			<Property id="PROPERTY_7700" name="WIRE_END1_TERM" value="9U5T-14474-DB"/>
			<Property id="PROPERTY_7701" name="WIRE_DEV_PIN_2" value="C2R114-A:20"/>
			<Property id="PROPERTY_7702" name="WIRE_NAME" value="CR190A"/>
			<Property id="PROPERTY_7703" name="WIRE_END2_TERM" value="8U5T-14474-BB"/>
			<Property id="PROPERTY_7704" name="WIRE_SIGNAL" value="CR190"/>
			<Property id="PROPERTY_7705" name="HRN_FAMILY" value="14401"/>
			<Property id="PROPERTY_7706" name="WIRE_FPN" value="WIRE-2TAD-0.35-GY/BN"/>
			<Property id="PROPERTY_7707" name="WIRE_DIA_MAX" value="1.4"/>
			<BranchRoute id="BRR_261">
				<StartBranchPosition id="BR_POS_785" branchId="BRANCH_c2-4e-0-4c0f20" branchNodeId="BN_17896-236" offset="0"/>
				<PassBranchId>BRANCH_c2-4e-0-4c0dfd</PassBranchId>
				<PassBranchId>BRANCH_c2-4e-0-4c0f1f</PassBranchId>
				<PassBranchId>BRANCH_c2-4e-0-4c0ff5</PassBranchId>
				<PassBranchId>BRANCH_c2-4e-0-4c0ff2</PassBranchId>
				<PassBranchId>BRANCH_c2-4e-0-4c0d34</PassBranchId>
				<PassBranchId>BRANCH_c2-4e-0-4c0fef</PassBranchId>
				<PassBranchId>BRANCH_c2-4e-0-4c10f5</PassBranchId>
				<PassBranchId>BRANCH_c2-4e-0-4c0dfa</PassBranchId>
				<EndBranchPosition id="BR_POS_786" branchId="BRANCH_c2-4e-0-4c0f1c" branchNodeId="BN_18448-168" offset="0"/>
			</BranchRoute>
		</WiringItem>
		<WiringItem xsi:type="Wire" id="WIRE_18-c-0-1a6de1" name="CR194A" signalId="SIGNAL_18-36-0-1a6df6" cableType="WIRE-2TAD-0.35" wireName="VT/WH" fromPinId="PIN_f-18-0-dc14" toPinId="PIN_8-18-0-18e8d">
			<AppRef name="E3.Series" version="2.13.7.0" guid="bbcb1b13-f1da-47d1-a6d7-6d94c08d46a8"/>
			<Property id="PROPERTY_7708" name="WIRE_LENGTH" value="3005"/>
			<Property id="PROPERTY_7709" name="WIRE_END2_MATL" value="(SN)"/>
			<Property id="PROPERTY_7710" name="WIRE_CSA" value="0.35"/>
			<Property id="PROPERTY_7711" name="WIRE_MIN_BEND_RADIUS" value="3.5"/>
			<Property id="PROPERTY_7712" name="WIRE_LEVEL" value="(ALL)"/>
			<Property id="PROPERTY_7713" name="WIRE_DEV_PIN_1" value="C2AM02-B:42"/>
			<Property id="PROPERTY_7714" name="WIRE_COLOR" value="VT/WH"/>
			<Property id="PROPERTY_7715" name="WIRE_SPEC" value="2TAD"/>
			<Property id="PROPERTY_7716" name="WIRE_END1_MATL" value="(SN)"/>
			<Property id="PROPERTY_7717" name="WIRE_END1_TERM" value="9U5T-14474-DB"/>
			<Property id="PROPERTY_7718" name="WIRE_DEV_PIN_2" value="C2R114-A:19"/>
			<Property id="PROPERTY_7719" name="WIRE_NAME" value="CR194A"/>
			<Property id="PROPERTY_7720" name="WIRE_END2_TERM" value="8U5T-14474-BB"/>
			<Property id="PROPERTY_7721" name="WIRE_SIGNAL" value="CR194"/>
			<Property id="PROPERTY_7722" name="HRN_FAMILY" value="14401"/>
			<Property id="PROPERTY_7723" name="WIRE_FPN" value="WIRE-2TAD-0.35-VT/WH"/>
			<Property id="PROPERTY_7724" name="WIRE_DIA_MAX" value="1.4"/>
			<BranchRoute id="BRR_262">
				<StartBranchPosition id="BR_POS_787" branchId="BRANCH_c2-4e-0-4c0f20" branchNodeId="BN_17896-236" offset="0"/>
				<PassBranchId>BRANCH_c2-4e-0-4c0dfd</PassBranchId>
				<PassBranchId>BRANCH_c2-4e-0-4c0f1f</PassBranchId>
				<PassBranchId>BRANCH_c2-4e-0-4c0ff5</PassBranchId>
				<PassBranchId>BRANCH_c2-4e-0-4c0ff2</PassBranchId>
				<PassBranchId>BRANCH_c2-4e-0-4c0d34</PassBranchId>
				<PassBranchId>BRANCH_c2-4e-0-4c0fef</PassBranchId>
				<PassBranchId>BRANCH_c2-4e-0-4c0e9b</PassBranchId>
				<PassBranchId>BRANCH_c2-4e-0-4c10ce</PassBranchId>
				<PassBranchId>BRANCH_c2-4e-0-4c0e97</PassBranchId>
				<PassBranchId>BRANCH_c2-4e-0-4c0f88</PassBranchId>
				<PassBranchId>BRANCH_c2-4e-0-4c0f18</PassBranchId>
				<PassBranchId>BRANCH_c2-4e-0-4c0f89</PassBranchId>
				<PassBranchId>BRANCH_c2-4e-0-4c1083</PassBranchId>
				<PassBranchId>BRANCH_c2-4e-0-4c1087</PassBranchId>
				<PassBranchId>BRANCH_c2-4e-0-4c106f</PassBranchId>
				<PassBranchId>BRANCH_c2-4e-0-4c1075</PassBranchId>
				<PassBranchId>BRANCH_c2-4e-0-4c0de4</PassBranchId>
				<PassBranchId>BRANCH_1a-4e-0-18e01d0</PassBranchId>
				<PassBranchId>BRANCH_c2-4e-0-4c10c8</PassBranchId>
				<PassBranchId>BRANCH_eb-4e-0-678fca</PassBranchId>
				<PassBranchId>BRANCH_c2-4e-0-4c0e87</PassBranchId>
				<PassBranchId>BRANCH_c2-4e-0-4c0e8c</PassBranchId>
				<PassBranchId>BRANCH_c2-4e-0-4c0e7f</PassBranchId>
				<PassBranchId>BRANCH_c2-4e-0-4c102d</PassBranchId>
				<PassBranchId>BRANCH_c2-4e-0-4c1030</PassBranchId>
				<PassBranchId>BRANCH_c2-4e-0-4c0e6d</PassBranchId>
				<PassBranchId>BRANCH_c2-4e-0-4c0fdc</PassBranchId>
				<PassBranchId>BRANCH_c2-4e-0-4c0efe</PassBranchId>
				<PassBranchId>BRANCH_c2-4e-0-4c0df1</PassBranchId>
				<EndBranchPosition id="BR_POS_788" branchId="BRANCH_c2-4e-0-4c0f01" branchNodeId="BN_23840-236" offset="0"/>
			</BranchRoute>
		</WiringItem>
		<WiringItem xsi:type="Wire" id="WIRE_57-c-0-94cb1" name="CRT36A" signalId="SIGNAL_18-36-0-25383a" cableType="WIRE-2UKD-0.35" wireName="BU/GY" fromPinId="PIN_f-18-0-dbba" toPinId="PIN_1e-18-0-13274">
			<AppRef name="E3.Series" version="2.13.7.0" guid="78b01b41-79b3-431b-887b-a6327a6a87cd"/>
			<Property id="PROPERTY_7725" name="WIRE_LENGTH" value="1710"/>
			<Property id="PROPERTY_7726" name="WIRE_END2_MATL" value="(SN)"/>
			<Property id="PROPERTY_7727" name="WIRE_CSA" value="0.35"/>
			<Property id="PROPERTY_7728" name="WIRE_MIN_BEND_RADIUS" value="3"/>
			<Property id="PROPERTY_7729" name="WIRE_OPTION" value="IEXAB"/>
			<Property id="PROPERTY_7730" name="WIRE_DEV_PIN_1" value="C2AM02-B:11"/>
			<Property id="PROPERTY_7731" name="WIRE_COLOR" value="BU/GY"/>
			<Property id="PROPERTY_7732" name="WIRE_SPEC" value="2UKD"/>
			<Property id="PROPERTY_7733" name="WIRE_END1_MATL" value="(SN)"/>
			<Property id="PROPERTY_7734" name="WIRE_LEVEL" value="(P-COL)/AH/AJ/AK/AL/AM/AN/AP/AR/CB/CC/CD/CE/YC/YD/YK/YL/YP/YR/YU/YV/ZC/ZF"/>
			<Property id="PROPERTY_7735" name="WIRE_END1_TERM" value="9U5T-14474-DB"/>
			<Property id="PROPERTY_7736" name="WIRE_DEV_PIN_2" value="C23-D1:19"/>
			<Property id="PROPERTY_7737" name="WIRE_NAME" value="CRT36A"/>
			<Property id="PROPERTY_7738" name="WIRE_END2_TERM" value="BU5T-14474-UA"/>
			<Property id="PROPERTY_7739" name="WIRE_SIGNAL" value="CRT36"/>
			<Property id="PROPERTY_7740" name="HRN_FAMILY" value="14401"/>
			<Property id="PROPERTY_7741" name="WIRE_FPN" value="WIRE-2UKD-0.35-BU/GY"/>
			<Property id="PROPERTY_7742" name="WIRE_DIA_MAX" value="1.2"/>
			<Option id="OPTION_57-c-0-94cb1_1" value="IEXAB"/>
			<BranchRoute id="BRR_263">
				<StartBranchPosition id="BR_POS_789" branchId="BRANCH_c2-4e-0-4c0f19" branchNodeId="BN_19800-232" offset="0"/>
				<PassBranchId>BRANCH_c2-4e-0-4c1088</PassBranchId>
				<PassBranchId>BRANCH_c2-4e-0-4c1083</PassBranchId>
				<PassBranchId>BRANCH_c2-4e-0-4c1087</PassBranchId>
				<PassBranchId>BRANCH_c2-4e-0-4c106f</PassBranchId>
				<PassBranchId>BRANCH_c2-4e-0-4c1075</PassBranchId>
				<PassBranchId>BRANCH_c2-4e-0-4c0de4</PassBranchId>
				<PassBranchId>BRANCH_1a-4e-0-18e01d0</PassBranchId>
				<PassBranchId>BRANCH_c2-4e-0-4c10c8</PassBranchId>
				<PassBranchId>BRANCH_eb-4e-0-678fca</PassBranchId>
				<PassBranchId>BRANCH_c2-4e-0-4c0e87</PassBranchId>
				<PassBranchId>BRANCH_c2-4e-0-4c0e8c</PassBranchId>
				<PassBranchId>BRANCH_c2-4e-0-4c0e7f</PassBranchId>
				<PassBranchId>BRANCH_c2-4e-0-4c102d</PassBranchId>
				<PassBranchId>BRANCH_c2-4e-0-4c1030</PassBranchId>
				<PassBranchId>BRANCH_c2-4e-0-4c0e6d</PassBranchId>
				<PassBranchId>BRANCH_c2-4e-0-4c0fdc</PassBranchId>
				<PassBranchId>BRANCH_c2-4e-0-4c0efe</PassBranchId>
				<PassBranchId>BRANCH_c2-4e-0-4c0df1</PassBranchId>
				<EndBranchPosition id="BR_POS_790" branchId="BRANCH_c2-4e-0-4c0f01" branchNodeId="BN_23840-236" offset="0"/>
			</BranchRoute>
		</WiringItem>
		<WiringItem xsi:type="Wire" id="WIRE_6c-c-0-3f0657" name="CRW15AA" signalId="SIGNAL_2-36-0-3989" cableType="WIRE-2UKD-0.35" wireName="BN/WH" fromPinId="PIN_6e-18-0-dc5e" toPinId="PIN_43-18-0-32bdf9">
			<AppRef name="E3.Series" version="2.13.7.0" guid="d9e25073-669b-4b6b-b939-6374877dcfc0"/>
			<Property id="PROPERTY_7743" name="WIRE_LENGTH" value="990"/>
			<Property id="PROPERTY_7744" name="WIRE_END2_MATL" value="(SN)"/>
			<Property id="PROPERTY_7745" name="WIRE_CSA" value="0.35"/>
			<Property id="PROPERTY_7746" name="WIRE_MIN_BEND_RADIUS" value="3"/>
			<Property id="PROPERTY_7747" name="WIRE_OPTION" value="GPAAW"/>
			<Property id="PROPERTY_7748" name="WIRE_DEV_PIN_1" value="C23-A1:18"/>
			<Property id="PROPERTY_7749" name="WIRE_COLOR" value="BN/WH"/>
			<Property id="PROPERTY_7750" name="WIRE_SPEC" value="2UKD"/>
			<Property id="PROPERTY_7751" name="WIRE_END1_MATL" value="(SN)"/>
			<Property id="PROPERTY_7752" name="WIRE_LEVEL" value="(A-STR)"/>
			<Property id="PROPERTY_7753" name="WIRE_END1_TERM" value="9U5T-14474-DB"/>
			<Property id="PROPERTY_7754" name="WIRE_DEV_PIN_2" value="C2AM01-B3:4"/>
			<Property id="PROPERTY_7755" name="WIRE_NAME" value="CRW15AA"/>
			<Property id="PROPERTY_7756" name="WIRE_END2_TERM" value="3F2T-14474-SA"/>
			<Property id="PROPERTY_7757" name="WIRE_SIGNAL" value="CRW15"/>
			<Property id="PROPERTY_7758" name="HRN_FAMILY" value="14401"/>
			<Property id="PROPERTY_7759" name="WIRE_FPN" value="WIRE-2UKD-0.35-BN/WH"/>
			<Property id="PROPERTY_7760" name="WIRE_DIA_MAX" value="1.2"/>
			<Option id="OPTION_6c-c-0-3f0657_1" value="GPAAW"/>
			<BranchRoute id="BRR_264">
				<StartBranchPosition id="BR_POS_791" branchId="BRANCH_c2-4e-0-4c0dda" branchNodeId="BN_695_9-190_058" offset="0"/>
				<PassBranchId>BRANCH_c2-4e-0-4c0fad</PassBranchId>
				<PassBranchId>BRANCH_c2-4e-0-4c10dd</PassBranchId>
				<PassBranchId>BRANCH_c2-4e-0-4c1020</PassBranchId>
				<PassBranchId>BRANCH_c2-4e-0-4c1021</PassBranchId>
				<PassBranchId>BRANCH_c2-4e-0-4c10e7</PassBranchId>
				<PassBranchId>BRANCH_c2-4e-0-4c0fc5</PassBranchId>
				<PassBranchId>BRANCH_c2-4e-0-4c101a</PassBranchId>
				<PassBranchId>BRANCH_c2-4e-0-4c101d</PassBranchId>
				<PassBranchId>BRANCH_c2-4e-0-4c0d95</PassBranchId>
				<PassBranchId>BRANCH_c2-4e-0-4c10ae</PassBranchId>
				<PassBranchId>BRANCH_c2-4e-0-4c0f9b</PassBranchId>
				<PassBranchId>BRANCH_c2-4e-0-4c0f9e</PassBranchId>
				<PassBranchId>BRANCH_c2-4e-0-4c10b1</PassBranchId>
				<PassBranchId>BRANCH_c2-4e-0-4c0fa1</PassBranchId>
				<PassBranchId>BRANCH_c2-4e-0-4c10b7</PassBranchId>
				<PassBranchId>BRANCH_c2-4e-0-4c10b4</PassBranchId>
				<PassBranchId>BRANCH_c2-4e-0-4c0d9b</PassBranchId>
				<PassBranchId>BRANCH_c2-4e-0-4c0d9e</PassBranchId>
				<EndBranchPosition id="BR_POS_792" branchId="BRANCH_c2-4e-0-4c0da5" branchNodeId="BN_4783_9-170_058" offset="0"/>
			</BranchRoute>
		</WiringItem>
		<WiringItem xsi:type="Wire" id="WIRE_95-c-0-e5e75" name="CRW15C" signalId="SIGNAL_2-36-0-3989" cableType="WIRE-2UKD-0.35" wireName="BN/WH" fromPinId="PIN_6e-18-0-dc5e" toPinId="PIN_48-18-0-85d572">
			<AppRef name="E3.Series" version="2.13.7.0" guid="50cc1583-5c79-4e83-85da-6920d71599c2"/>
			<Property id="PROPERTY_7761" name="WIRE_LENGTH" value="990"/>
			<Property id="PROPERTY_7762" name="WIRE_END2_MATL" value="(SN)"/>
			<Property id="PROPERTY_7763" name="WIRE_CSA" value="0.35"/>
			<Property id="PROPERTY_7764" name="WIRE_MIN_BEND_RADIUS" value="3"/>
			<Property id="PROPERTY_7765" name="WIRE_OPTION" value="GPAAJ"/>
			<Property id="PROPERTY_7766" name="WIRE_DEV_PIN_1" value="C23-A1:18"/>
			<Property id="PROPERTY_7767" name="WIRE_COLOR" value="BN/WH"/>
			<Property id="PROPERTY_7768" name="WIRE_SPEC" value="2UKD"/>
			<Property id="PROPERTY_7769" name="WIRE_END1_MATL" value="(SN)"/>
			<Property id="PROPERTY_7770" name="WIRE_LEVEL" value="(E-STR)"/>
			<Property id="PROPERTY_7771" name="WIRE_END1_TERM" value="9U5T-14474-DB"/>
			<Property id="PROPERTY_7772" name="WIRE_DEV_PIN_2" value="C2AM01-B:4"/>
			<Property id="PROPERTY_7773" name="WIRE_NAME" value="CRW15C"/>
			<Property id="PROPERTY_7774" name="WIRE_END2_TERM" value="3F2T-14474-SA"/>
			<Property id="PROPERTY_7775" name="WIRE_SIGNAL" value="CRW15"/>
			<Property id="PROPERTY_7776" name="HRN_FAMILY" value="14401"/>
			<Property id="PROPERTY_7777" name="WIRE_FPN" value="WIRE-2UKD-0.35-BN/WH"/>
			<Property id="PROPERTY_7778" name="WIRE_DIA_MAX" value="1.2"/>
			<Option id="OPTION_95-c-0-e5e75_1" value="GPAAJ"/>
			<BranchRoute id="BRR_265">
				<StartBranchPosition id="BR_POS_793" branchId="BRANCH_c2-4e-0-4c0dda" branchNodeId="BN_695_9-190_058" offset="0"/>
				<PassBranchId>BRANCH_c2-4e-0-4c0fad</PassBranchId>
				<PassBranchId>BRANCH_c2-4e-0-4c10dd</PassBranchId>
				<PassBranchId>BRANCH_c2-4e-0-4c1020</PassBranchId>
				<PassBranchId>BRANCH_c2-4e-0-4c1021</PassBranchId>
				<PassBranchId>BRANCH_c2-4e-0-4c10e7</PassBranchId>
				<PassBranchId>BRANCH_c2-4e-0-4c0fc5</PassBranchId>
				<PassBranchId>BRANCH_c2-4e-0-4c101a</PassBranchId>
				<PassBranchId>BRANCH_c2-4e-0-4c101d</PassBranchId>
				<PassBranchId>BRANCH_c2-4e-0-4c0d95</PassBranchId>
				<PassBranchId>BRANCH_c2-4e-0-4c10ae</PassBranchId>
				<PassBranchId>BRANCH_c2-4e-0-4c0f9b</PassBranchId>
				<PassBranchId>BRANCH_c2-4e-0-4c0f9e</PassBranchId>
				<PassBranchId>BRANCH_c2-4e-0-4c10b1</PassBranchId>
				<PassBranchId>BRANCH_c2-4e-0-4c0fa1</PassBranchId>
				<PassBranchId>BRANCH_c2-4e-0-4c10b7</PassBranchId>
				<PassBranchId>BRANCH_c2-4e-0-4c10b4</PassBranchId>
				<PassBranchId>BRANCH_c2-4e-0-4c0d9b</PassBranchId>
				<PassBranchId>BRANCH_c2-4e-0-4c0f99</PassBranchId>
				<PassBranchId>BRANCH_c2-4e-0-4c0f96</PassBranchId>
				<PassBranchId>BRANCH_c2-4e-0-4c0f94</PassBranchId>
				<EndBranchPosition id="BR_POS_794" branchId="BRANCH_c2-4e-0-4c0da2" branchNodeId="BN_4919_9-222_058" offset="0"/>
			</BranchRoute>
		</WiringItem>
		<WiringItem xsi:type="Wire" id="WIRE_5d-c-0-cdb9a" name="CYA17B" signalId="SIGNAL_42-36-0-18a6a3f" cableType="WIRE-2UKD-0.35" wireName="YE/GY" fromPinId="PIN_b5-18-0-5565" toPinId="PIN_5d-18-0-c82fd">
			<AppRef name="E3.Series" version="2.13.7.0" guid="ede66148-7742-4f55-b6c4-c92940b7f386"/>
			<Property id="PROPERTY_7779" name="WIRE_LENGTH" value="2320"/>
			<Property id="PROPERTY_7780" name="WIRE_CSA" value="0.35"/>
			<Property id="PROPERTY_7781" name="WIRE_MIN_BEND_RADIUS" value="3"/>
			<Property id="PROPERTY_7782" name="WIRE_OPTION" value="HT2AA"/>
			<Property id="PROPERTY_7783" name="WIRE_DEV_PIN_1" value="C12-B2:19"/>
			<Property id="PROPERTY_7784" name="WIRE_COLOR" value="YE/GY"/>
			<Property id="PROPERTY_7785" name="WIRE_SPEC" value="2UKD"/>
			<Property id="PROPERTY_7786" name="WIRE_END1_MATL" value="(SN)"/>
			<Property id="PROPERTY_7787" name="WIRE_LEVEL" value="(C-SHF)/(400W)/(7SPKR)/(TACH-L0)/(ACBRKR)/VA"/>
			<Property id="PROPERTY_7788" name="WIRE_END1_TERM" value="9U5T-14474-DB"/>
			<Property id="PROPERTY_7789" name="WIRE_DEV_PIN_2" value="C2X212:4"/>
			<Property id="PROPERTY_7790" name="WIRE_NAME" value="CYA17B"/>
			<Property id="PROPERTY_7791" name="WIRE_END_DC" value="2,9U5T-14474-MA,(SN),(C-SHF)/(400W)/(8DSP)/(7SPKR)/(ACBRKR)/VA,CYA17D"/>
			<Property id="PROPERTY_7792" name="WIRE_SIGNAL" value="CPL91"/>
			<Property id="PROPERTY_7793" name="HRN_FAMILY" value="14401"/>
			<Property id="PROPERTY_7794" name="WIRE_FPN" value="WIRE-2UKD-0.35-YE/GY"/>
			<Property id="PROPERTY_7795" name="WIRE_DIA_MAX" value="1.2"/>
			<Option id="OPTION_5d-c-0-cdb9a_1" value="HT2AA"/>
			<BranchRoute id="BRR_266">
				<StartBranchPosition id="BR_POS_795" branchId="BRANCH_c2-4e-0-4c0dce" branchNodeId="BN_2863_9-198_058" offset="0"/>
				<PassBranchId>BRANCH_c2-4e-0-4c0dcb</PassBranchId>
				<PassBranchId>BRANCH_c2-4e-0-4c105c</PassBranchId>
				<PassBranchId>BRANCH_c2-4e-0-4c0dc5</PassBranchId>
				<PassBranchId>BRANCH_c2-4e-0-4c1055</PassBranchId>
				<PassBranchId>BRANCH_c2-4e-0-4c1056</PassBranchId>
				<PassBranchId>BRANCH_c2-4e-0-4c10e7</PassBranchId>
				<PassBranchId>BRANCH_c2-4e-0-4c0fc5</PassBranchId>
				<PassBranchId>BRANCH_c2-4e-0-4c0fce</PassBranchId>
				<PassBranchId>BRANCH_c2-4e-0-4c0d1d</PassBranchId>
				<PassBranchId>BRANCH_35-4e-0-2efaf8</PassBranchId>
				<PassBranchId>BRANCH_c2-4e-0-4c10c0</PassBranchId>
				<PassBranchId>BRANCH_c2-4e-0-4c0fc8</PassBranchId>
				<PassBranchId>BRANCH_c2-4e-0-4c108d</PassBranchId>
				<PassBranchId>BRANCH_c2-4e-0-4c0d88</PassBranchId>
				<PassBranchId>BRANCH_c2-4e-0-4c109a</PassBranchId>
				<PassBranchId>BRANCH_c2-4e-0-4c0e16</PassBranchId>
				<PassBranchId>BRANCH_c2-4e-0-4c0fcb</PassBranchId>
				<PassBranchId>BRANCH_c2-4e-0-4c0dea</PassBranchId>
				<PassBranchId>BRANCH_c2-4e-0-4c0fd1</PassBranchId>
				<PassBranchId>BRANCH_c2-4e-0-4c0fe8</PassBranchId>
				<PassBranchId>BRANCH_c2-4e-0-4c1009</PassBranchId>
				<PassBranchId>BRANCH_c2-4e-0-4c10cb</PassBranchId>
				<PassBranchId>BRANCH_c2-4e-0-4c10ec</PassBranchId>
				<PassBranchId>BRANCH_c2-4e-0-4c0de4</PassBranchId>
				<PassBranchId>BRANCH_1a-4e-0-18e01d0</PassBranchId>
				<PassBranchId>BRANCH_c2-4e-0-4c10c8</PassBranchId>
				<PassBranchId>BRANCH_eb-4e-0-678fca</PassBranchId>
				<PassBranchId>BRANCH_c2-4e-0-4c0e87</PassBranchId>
				<PassBranchId>BRANCH_c2-4e-0-4c0e8c</PassBranchId>
				<PassBranchId>BRANCH_c2-4e-0-4c0e7f</PassBranchId>
				<PassBranchId>BRANCH_c2-4e-0-4c0ef9</PassBranchId>
				<PassBranchId>BRANCH_c2-4e-0-4c0e70</PassBranchId>
				<PassBranchId>BRANCH_c2-4e-0-4c0d66</PassBranchId>
				<PassBranchId>BRANCH_c2-4e-0-4c0fe2</PassBranchId>
				<PassBranchId>BRANCH_c2-4e-0-4c0d5d</PassBranchId>
				<PassBranchId>BRANCH_c2-4e-0-4c0e62</PassBranchId>
				<EndBranchPosition id="BR_POS_796" branchId="BRANCH_c2-4e-0-4c0d54" branchNodeId="BN_21712-184" offset="0"/>
			</BranchRoute>
		</WiringItem>
		<WiringItem xsi:type="Wire" id="WIRE_11-c-0-3b3a07" name="CYA17D" signalId="SIGNAL_42-36-0-18a6a3f" cableType="WIRE-2UKD-0.35" wireName="YE/GY" fromPinId="PIN_5d-18-0-c82fd" toPinId="PIN_ff-18-0-49203c">
			<AppRef name="E3.Series" version="2.13.7.0" guid="58caf15a-7ad0-48d9-b9f0-dec7a689a3d4"/>
			<Property id="PROPERTY_7796" name="WIRE_LENGTH" value="1540"/>
			<Property id="PROPERTY_7797" name="WIRE_END2_MATL" value="(SN)"/>
			<Property id="PROPERTY_7798" name="WIRE_CSA" value="0.35"/>
			<Property id="PROPERTY_7799" name="WIRE_MIN_BEND_RADIUS" value="3"/>
			<Property id="PROPERTY_7800" name="WIRE_OPTION" value="HT2AA &amp; ( HJGAJ | HJGAX )"/>
			<Property id="PROPERTY_7801" name="WIRE_DEV_PIN_1" value="C2X212:4"/>
			<Property id="PROPERTY_7802" name="WIRE_COLOR" value="YE/GY"/>
			<Property id="PROPERTY_7803" name="WIRE_SPEC" value="2UKD"/>
			<Property id="PROPERTY_7804" name="WIRE_LEVEL" value="(C-SHF)/(400W)/(7SPKR)/(TACH-L0)/(ACBRKR)/VA"/>
			<Property id="PROPERTY_7805" name="WIRE_DEV_PIN_2" value="C22-SW1:15"/>
			<Property id="PROPERTY_7806" name="WIRE_NAME" value="CYA17D"/>
			<Property id="PROPERTY_7807" name="WIRE_END_DC" value="1,9U5T-14474-MA,(SN),(C-SHF)/(400W)/(8DSP)/(7SPKR)/(ACBRKR)/VA,CYA17B"/>
			<Property id="PROPERTY_7808" name="WIRE_END2_TERM" value="DU5T-14421-FA"/>
			<Property id="PROPERTY_7809" name="WIRE_SIGNAL" value="CPL91"/>
			<Property id="PROPERTY_7810" name="HRN_FAMILY" value="14401"/>
			<Property id="PROPERTY_7811" name="WIRE_FPN" value="WIRE-2UKD-0.35-YE/GY"/>
			<Property id="PROPERTY_7812" name="WIRE_DIA_MAX" value="1.2"/>
			<Option id="OPTION_11-c-0-3b3a07_1" value="HT2AA &amp; ( HJGAJ | HJGAX )"/>
			<BranchRoute id="BRR_267">
				<StartBranchPosition id="BR_POS_797" branchId="BRANCH_c2-4e-0-4c0dce" branchNodeId="BN_2863_9-198_058" offset="0"/>
				<PassBranchId>BRANCH_c2-4e-0-4c0dcb</PassBranchId>
				<PassBranchId>BRANCH_c2-4e-0-4c105c</PassBranchId>
				<PassBranchId>BRANCH_c2-4e-0-4c0dc5</PassBranchId>
				<PassBranchId>BRANCH_c2-4e-0-4c1055</PassBranchId>
				<PassBranchId>BRANCH_c2-4e-0-4c1056</PassBranchId>
				<PassBranchId>BRANCH_c2-4e-0-4c10e7</PassBranchId>
				<PassBranchId>BRANCH_c2-4e-0-4c0fc5</PassBranchId>
				<PassBranchId>BRANCH_c2-4e-0-4c0fce</PassBranchId>
				<PassBranchId>BRANCH_c2-4e-0-4c0d1d</PassBranchId>
				<PassBranchId>BRANCH_35-4e-0-2efaf8</PassBranchId>
				<PassBranchId>BRANCH_c2-4e-0-4c10c0</PassBranchId>
				<PassBranchId>BRANCH_c2-4e-0-4c0fc8</PassBranchId>
				<PassBranchId>BRANCH_c2-4e-0-4c108d</PassBranchId>
				<PassBranchId>BRANCH_c2-4e-0-4c0d88</PassBranchId>
				<PassBranchId>BRANCH_c2-4e-0-4c109a</PassBranchId>
				<PassBranchId>BRANCH_c2-4e-0-4c0e16</PassBranchId>
				<PassBranchId>BRANCH_c2-4e-0-4c0fcb</PassBranchId>
				<PassBranchId>BRANCH_c2-4e-0-4c0dea</PassBranchId>
				<PassBranchId>BRANCH_c2-4e-0-4c0fd1</PassBranchId>
				<PassBranchId>BRANCH_c2-4e-0-4c0fe8</PassBranchId>
				<PassBranchId>BRANCH_c2-4e-0-4c1009</PassBranchId>
				<PassBranchId>BRANCH_c2-4e-0-4c10cb</PassBranchId>
				<PassBranchId>BRANCH_c2-4e-0-4c10ec</PassBranchId>
				<PassBranchId>BRANCH_c2-4e-0-4c1068</PassBranchId>
				<PassBranchId>BRANCH_c2-4e-0-4c0df7</PassBranchId>
				<EndBranchPosition id="BR_POS_798" branchId="BRANCH_c2-4e-0-4c0f0b" branchNodeId="BN_20576-224" offset="0"/>
			</BranchRoute>
		</WiringItem>
		<WiringItem xsi:type="Wire" id="WIRE_95-c-0-e5c47" name="VPL56C" signalId="SIGNAL_2-36-0-4216" cableType="WIRE-2UKD-0.35" wireName="BU/GY" fromPinId="PIN_b5-18-0-54bb" toPinId="PIN_f-18-0-dbe4">
			<AppRef name="E3.Series" version="2.13.7.0" guid="de13ac5a-6ed5-4c31-8a85-119b344b5ea4"/>
			<Property id="PROPERTY_14829" name="WIRE_LENGTH" value="695"/>
			<Property id="PROPERTY_14830" name="WIRE_END2_MATL" value="(SN)"/>
			<Property id="PROPERTY_14831" name="WIRE_CSA" value="0.35"/>
			<Property id="PROPERTY_14832" name="WIRE_MIN_BEND_RADIUS" value="3"/>
			<Property id="PROPERTY_14833" name="WIRE_LEVEL" value="(ALL)"/>
			<Property id="PROPERTY_14834" name="WIRE_DEV_PIN_1" value="C23-B1:15"/>
			<Property id="PROPERTY_14835" name="WIRE_COLOR" value="BU/GY"/>
			<Property id="PROPERTY_14836" name="WIRE_SPEC" value="2UKD"/>
			<Property id="PROPERTY_14837" name="WIRE_END1_MATL" value="(SN)"/>
			<Property id="PROPERTY_14838" name="WIRE_END1_TERM" value="9U5T-14474-DB"/>
			<Property id="PROPERTY_14839" name="WIRE_DEV_PIN_2" value="C2AM02-B:26"/>
			<Property id="PROPERTY_14840" name="WIRE_NAME" value="VPL56C"/>
			<Property id="PROPERTY_14841" name="WIRE_END2_TERM" value="9U5T-14474-DB"/>
			<Property id="PROPERTY_14842" name="WIRE_SIGNAL" value="VPL56"/>
			<Property id="PROPERTY_14843" name="HRN_FAMILY" value="14401"/>
			<Property id="PROPERTY_14844" name="WIRE_FPN" value="WIRE-2UKD-0.35-BU/GY"/>
			<Property id="PROPERTY_14845" name="WIRE_DIA_MAX" value="1.2"/>
			<BranchRoute id="BRR_660">
				<StartBranchPosition id="BR_POS_1583" branchId="BRANCH_c2-4e-0-4c0d63" branchNodeId="BN_22204-180" offset="0"/>
				<PassBranchId>BRANCH_c2-4e-0-4c0e5c</PassBranchId>
				<PassBranchId>BRANCH_c2-4e-0-4c0e70</PassBranchId>
				<PassBranchId>BRANCH_c2-4e-0-4c0ef9</PassBranchId>
				<PassBranchId>BRANCH_c2-4e-0-4c102d</PassBranchId>
				<PassBranchId>BRANCH_c2-4e-0-4c1030</PassBranchId>
				<PassBranchId>BRANCH_c2-4e-0-4c0e6d</PassBranchId>
				<PassBranchId>BRANCH_c2-4e-0-4c0fdc</PassBranchId>
				<PassBranchId>BRANCH_c2-4e-0-4c0efe</PassBranchId>
				<PassBranchId>BRANCH_c2-4e-0-4c0df1</PassBranchId>
				<EndBranchPosition id="BR_POS_1584" branchId="BRANCH_c2-4e-0-4c0f01" branchNodeId="BN_23840-236" offset="0"/>
			</BranchRoute>
		</WiringItem>
		<WiringItem xsi:type="Wire" id="WIRE_95-c-0-e5cd9" name="VPP08B" signalId="SIGNAL_2-36-0-421b" cableType="WIRE-2UKD-0.35" wireName="WH" fromPinId="PIN_6e-18-0-dc31" toPinId="PIN_96-18-0-e5a5">
			<AppRef name="E3.Series" version="2.13.7.0" guid="29c7d6c4-aa65-4efc-bc8d-1b05052b1625"/>
			<Property id="PROPERTY_14846" name="WIRE_LENGTH" value="940"/>
			<Property id="PROPERTY_14847" name="WIRE_END2_MATL" value="(SN)"/>
			<Property id="PROPERTY_14848" name="WIRE_CSA" value="0.35"/>
			<Property id="PROPERTY_14849" name="WIRE_MIN_BEND_RADIUS" value="3"/>
			<Property id="PROPERTY_14850" name="WIRE_OPTION" value="GRAAP"/>
			<Property id="PROPERTY_14851" name="WIRE_DEV_PIN_1" value="C23-A1:9"/>
			<Property id="PROPERTY_14852" name="WIRE_COLOR" value="WH"/>
			<Property id="PROPERTY_14853" name="WIRE_SPEC" value="2UKD"/>
			<Property id="PROPERTY_14854" name="WIRE_END1_MATL" value="(SN)"/>
			<Property id="PROPERTY_14855" name="WIRE_LEVEL" value="(P-COL)"/>
			<Property id="PROPERTY_14856" name="WIRE_END1_TERM" value="9U5T-14474-DB"/>
			<Property id="PROPERTY_14857" name="WIRE_DEV_PIN_2" value="C2PP04:4"/>
			<Property id="PROPERTY_14858" name="WIRE_NAME" value="VPP08B"/>
			<Property id="PROPERTY_14859" name="WIRE_END2_TERM" value="97BG-14474-AAB"/>
			<Property id="PROPERTY_14860" name="WIRE_SIGNAL" value="VPP08"/>
			<Property id="PROPERTY_14861" name="HRN_FAMILY" value="14401"/>
			<Property id="PROPERTY_14862" name="WIRE_FPN" value="WIRE-2UKD-0.35-WH"/>
			<Property id="PROPERTY_14863" name="WIRE_DIA_MAX" value="1.2"/>
			<Option id="OPTION_95-c-0-e5cd9_1" value="GRAAP"/>
			<BranchRoute id="BRR_661">
				<StartBranchPosition id="BR_POS_1585" branchId="BRANCH_c2-4e-0-4c0dda" branchNodeId="BN_695_9-190_058" offset="0"/>
				<PassBranchId>BRANCH_c2-4e-0-4c0fad</PassBranchId>
				<PassBranchId>BRANCH_c2-4e-0-4c10dd</PassBranchId>
				<PassBranchId>BRANCH_c2-4e-0-4c1020</PassBranchId>
				<PassBranchId>BRANCH_c2-4e-0-4c1021</PassBranchId>
				<PassBranchId>BRANCH_c2-4e-0-4c10e7</PassBranchId>
				<PassBranchId>BRANCH_c2-4e-0-4c0fc5</PassBranchId>
				<PassBranchId>BRANCH_c2-4e-0-4c0fce</PassBranchId>
				<PassBranchId>BRANCH_c2-4e-0-4c0d1d</PassBranchId>
				<PassBranchId>BRANCH_35-4e-0-2efaf8</PassBranchId>
				<PassBranchId>BRANCH_c2-4e-0-4c10c0</PassBranchId>
				<PassBranchId>BRANCH_c2-4e-0-4c0fc8</PassBranchId>
				<PassBranchId>BRANCH_c2-4e-0-4c1090</PassBranchId>
				<PassBranchId>BRANCH_c2-4e-0-4c1093</PassBranchId>
				<PassBranchId>BRANCH_c2-4e-0-4c1096</PassBranchId>
				<EndBranchPosition id="BR_POS_1586" branchId="BRANCH_c2-4e-0-4c0d85" branchNodeId="BN_7290_25-62_156" offset="0"/>
			</BranchRoute>
		</WiringItem>
		<WiringItem xsi:type="Wire" id="WIRE_95-c-0-e4817" name="VPP17B" signalId="SIGNAL_2-36-0-421d" cableType="WIRE-2UKD-0.35" wireName="VT/BN" fromPinId="PIN_6e-18-0-dc54" toPinId="PIN_96-18-0-e585">
			<AppRef name="E3.Series" version="2.13.7.0" guid="5fd2ecab-f918-4120-8071-1039c8666ff5"/>
			<Property id="PROPERTY_14864" name="WIRE_LENGTH" value="555"/>
			<Property id="PROPERTY_14865" name="WIRE_END2_MATL" value="(SN)"/>
			<Property id="PROPERTY_14866" name="WIRE_CSA" value="0.35"/>
			<Property id="PROPERTY_14867" name="WIRE_MIN_BEND_RADIUS" value="3"/>
			<Property id="PROPERTY_14868" name="WIRE_OPTION" value="GRAAP"/>
			<Property id="PROPERTY_14869" name="WIRE_DEV_PIN_1" value="C23-A1:16"/>
			<Property id="PROPERTY_14870" name="WIRE_COLOR" value="VT/BN"/>
			<Property id="PROPERTY_14871" name="WIRE_SPEC" value="2UKD"/>
			<Property id="PROPERTY_14872" name="WIRE_END1_MATL" value="(SN)"/>
			<Property id="PROPERTY_14873" name="WIRE_LEVEL" value="(P-COL)"/>
			<Property id="PROPERTY_14874" name="WIRE_END1_TERM" value="9U5T-14474-DB"/>
			<Property id="PROPERTY_14875" name="WIRE_DEV_PIN_2" value="C2PP03:4"/>
			<Property id="PROPERTY_14876" name="WIRE_NAME" value="VPP17B"/>
			<Property id="PROPERTY_14877" name="WIRE_END2_TERM" value="97BG-14474-AAB"/>
			<Property id="PROPERTY_14878" name="WIRE_SIGNAL" value="VPP17"/>
			<Property id="PROPERTY_14879" name="HRN_FAMILY" value="14401"/>
			<Property id="PROPERTY_14880" name="WIRE_FPN" value="WIRE-2UKD-0.35-VT/BN"/>
			<Property id="PROPERTY_14881" name="WIRE_DIA_MAX" value="1.2"/>
			<Option id="OPTION_95-c-0-e4817_1" value="GRAAP"/>
			<BranchRoute id="BRR_662">
				<StartBranchPosition id="BR_POS_1587" branchId="BRANCH_c2-4e-0-4c0dda" branchNodeId="BN_695_9-190_058" offset="0"/>
				<PassBranchId>BRANCH_c2-4e-0-4c0fad</PassBranchId>
				<PassBranchId>BRANCH_c2-4e-0-4c10dd</PassBranchId>
				<PassBranchId>BRANCH_c2-4e-0-4c1020</PassBranchId>
				<PassBranchId>BRANCH_c2-4e-0-4c1021</PassBranchId>
				<PassBranchId>BRANCH_c2-4e-0-4c10e7</PassBranchId>
				<PassBranchId>BRANCH_c2-4e-0-4c0fc5</PassBranchId>
				<PassBranchId>BRANCH_c2-4e-0-4c101a</PassBranchId>
				<PassBranchId>BRANCH_c2-4e-0-4c102b</PassBranchId>
				<EndBranchPosition id="BR_POS_1588" branchId="BRANCH_c2-4e-0-4c0d8b" branchNodeId="BN_6402_25-78_156" offset="0"/>
			</BranchRoute>
		</WiringItem>
		<WiringItem xsi:type="Wire" id="WIRE_6c-c-0-3f063a" name="VX107AA" signalId="SIGNAL_d-36-0-e3067" cableType="WIRE-2UKD-0.35" wireName="YE/GY" fromPinId="PIN_43-18-0-32bdf5" toPinId="PIN_73-18-0-9c19">
			<AppRef name="E3.Series" version="2.13.7.0" guid="2291be30-13dc-4e1a-820c-2d922a555de1"/>
			<Property id="PROPERTY_14882" name="WIRE_LENGTH" value="2717"/>
			<Property id="PROPERTY_14883" name="WIRE_END2_MATL" value="(SN)"/>
			<Property id="PROPERTY_14884" name="WIRE_CSA" value="0.35"/>
			<Property id="PROPERTY_14885" name="WIRE_MIN_BEND_RADIUS" value="3"/>
			<Property id="PROPERTY_14886" name="WIRE_OPTION" value="GPAAW"/>
			<Property id="PROPERTY_14887" name="WIRE_DEV_PIN_1" value="C2AM01-B3:3"/>
			<Property id="PROPERTY_14888" name="WIRE_COLOR" value="YE/GY"/>
			<Property id="PROPERTY_14889" name="WIRE_SPEC" value="2UKD"/>
			<Property id="PROPERTY_14890" name="WIRE_END1_MATL" value="(SN)"/>
			<Property id="PROPERTY_14891" name="WIRE_LEVEL" value="(A-STR)"/>
			<Property id="PROPERTY_14892" name="WIRE_END1_TERM" value="3F2T-14474-SA"/>
			<Property id="PROPERTY_14893" name="WIRE_DEV_PIN_2" value="C23-E1:6"/>
			<Property id="PROPERTY_14894" name="WIRE_NAME" value="VX107AA"/>
			<Property id="PROPERTY_14895" name="WIRE_END2_TERM" value="3F2T-14474-SA"/>
			<Property id="PROPERTY_14896" name="WIRE_SIGNAL" value="VX107"/>
			<Property id="PROPERTY_14897" name="HRN_FAMILY" value="14401"/>
			<Property id="PROPERTY_14898" name="WIRE_FPN" value="WIRE-2UKD-0.35-YE/GY"/>
			<Property id="PROPERTY_14899" name="WIRE_DIA_MAX" value="1.2"/>
			<Option id="OPTION_6c-c-0-3f063a_1" value="GPAAW"/>
			<BranchRoute id="BRR_663">
				<StartBranchPosition id="BR_POS_1589" branchId="BRANCH_c2-4e-0-4c0da5" branchNodeId="BN_4783_9-170_058" offset="0"/>
				<PassBranchId>BRANCH_c2-4e-0-4c0d9e</PassBranchId>
				<PassBranchId>BRANCH_c2-4e-0-4c0d9b</PassBranchId>
				<PassBranchId>BRANCH_c2-4e-0-4c10b4</PassBranchId>
				<PassBranchId>BRANCH_c2-4e-0-4c10b7</PassBranchId>
				<PassBranchId>BRANCH_c2-4e-0-4c0fa1</PassBranchId>
				<PassBranchId>BRANCH_c2-4e-0-4c10b1</PassBranchId>
				<PassBranchId>BRANCH_c2-4e-0-4c0f9e</PassBranchId>
				<PassBranchId>BRANCH_c2-4e-0-4c0f9b</PassBranchId>
				<PassBranchId>BRANCH_c2-4e-0-4c10ae</PassBranchId>
				<PassBranchId>BRANCH_c2-4e-0-4c0d95</PassBranchId>
				<PassBranchId>BRANCH_c2-4e-0-4c101d</PassBranchId>
				<PassBranchId>BRANCH_c2-4e-0-4c101a</PassBranchId>
				<PassBranchId>BRANCH_c2-4e-0-4c0fce</PassBranchId>
				<PassBranchId>BRANCH_c2-4e-0-4c0d1d</PassBranchId>
				<PassBranchId>BRANCH_35-4e-0-2efaf8</PassBranchId>
				<PassBranchId>BRANCH_c2-4e-0-4c10c0</PassBranchId>
				<PassBranchId>BRANCH_c2-4e-0-4c0fc8</PassBranchId>
				<PassBranchId>BRANCH_c2-4e-0-4c108d</PassBranchId>
				<PassBranchId>BRANCH_c2-4e-0-4c0d88</PassBranchId>
				<PassBranchId>BRANCH_c2-4e-0-4c109a</PassBranchId>
				<PassBranchId>BRANCH_c2-4e-0-4c0e16</PassBranchId>
				<PassBranchId>BRANCH_c2-4e-0-4c0fcb</PassBranchId>
				<PassBranchId>BRANCH_c2-4e-0-4c0dea</PassBranchId>
				<PassBranchId>BRANCH_c2-4e-0-4c0fd1</PassBranchId>
				<PassBranchId>BRANCH_c2-4e-0-4c0fe8</PassBranchId>
				<PassBranchId>BRANCH_c2-4e-0-4c1009</PassBranchId>
				<PassBranchId>BRANCH_c2-4e-0-4c10cb</PassBranchId>
				<PassBranchId>BRANCH_c2-4e-0-4c10ec</PassBranchId>
				<PassBranchId>BRANCH_c2-4e-0-4c1075</PassBranchId>
				<PassBranchId>BRANCH_c2-4e-0-4c106f</PassBranchId>
				<PassBranchId>BRANCH_c2-4e-0-4c1087</PassBranchId>
				<PassBranchId>BRANCH_c2-4e-0-4c1083</PassBranchId>
				<PassBranchId>BRANCH_c2-4e-0-4c0f89</PassBranchId>
				<PassBranchId>BRANCH_c2-4e-0-4c0f18</PassBranchId>
				<PassBranchId>BRANCH_c2-4e-0-4c0f88</PassBranchId>
				<PassBranchId>BRANCH_c2-4e-0-4c0e97</PassBranchId>
				<PassBranchId>BRANCH_c2-4e-0-4c10ce</PassBranchId>
				<PassBranchId>BRANCH_c2-4e-0-4c0e9b</PassBranchId>
				<PassBranchId>BRANCH_c2-4e-0-4c10f5</PassBranchId>
				<PassBranchId>BRANCH_c2-4e-0-4c0dfa</PassBranchId>
				<EndBranchPosition id="BR_POS_1590" branchId="BRANCH_c2-4e-0-4c0f1c" branchNodeId="BN_18448-168" offset="0"/>
			</BranchRoute>
		</WiringItem>
		<WiringItem xsi:type="Wire" id="WIRE_95-c-0-e5faf" name="VX107K" signalId="SIGNAL_d-36-0-e3067" cableType="WIRE-2UKD-0.35" wireName="YE/GY" fromPinId="PIN_73-18-0-9c19" toPinId="PIN_48-18-0-85d56e">
			<AppRef name="E3.Series" version="2.13.7.0" guid="f265c689-c2b6-47ab-8ef2-06b64c10b290"/>
			<Property id="PROPERTY_14900" name="WIRE_LENGTH" value="2717"/>
			<Property id="PROPERTY_14901" name="WIRE_END2_MATL" value="(SN)"/>
			<Property id="PROPERTY_14902" name="WIRE_CSA" value="0.35"/>
			<Property id="PROPERTY_14903" name="WIRE_MIN_BEND_RADIUS" value="3"/>
			<Property id="PROPERTY_14904" name="WIRE_OPTION" value="GPAAJ"/>
			<Property id="PROPERTY_14905" name="WIRE_DEV_PIN_1" value="C23-E1:6"/>
			<Property id="PROPERTY_14906" name="WIRE_COLOR" value="YE/GY"/>
			<Property id="PROPERTY_14907" name="WIRE_SPEC" value="2UKD"/>
			<Property id="PROPERTY_14908" name="WIRE_END1_MATL" value="(SN)"/>
			<Property id="PROPERTY_14909" name="WIRE_LEVEL" value="(E-STR)"/>
			<Property id="PROPERTY_14910" name="WIRE_END1_TERM" value="3F2T-14474-SA"/>
			<Property id="PROPERTY_14911" name="WIRE_DEV_PIN_2" value="C2AM01-B:3"/>
			<Property id="PROPERTY_14912" name="WIRE_NAME" value="VX107K"/>
			<Property id="PROPERTY_14913" name="WIRE_END2_TERM" value="3F2T-14474-SA"/>
			<Property id="PROPERTY_14914" name="WIRE_SIGNAL" value="VX107"/>
			<Property id="PROPERTY_14915" name="HRN_FAMILY" value="14401"/>
			<Property id="PROPERTY_14916" name="WIRE_FPN" value="WIRE-2UKD-0.35-YE/GY"/>
			<Property id="PROPERTY_14917" name="WIRE_DIA_MAX" value="1.2"/>
			<Option id="OPTION_95-c-0-e5faf_1" value="GPAAJ"/>
			<BranchRoute id="BRR_664">
				<StartBranchPosition id="BR_POS_1591" branchId="BRANCH_c2-4e-0-4c0da2" branchNodeId="BN_4919_9-222_058" offset="0"/>
				<PassBranchId>BRANCH_c2-4e-0-4c0f94</PassBranchId>
				<PassBranchId>BRANCH_c2-4e-0-4c0f96</PassBranchId>
				<PassBranchId>BRANCH_c2-4e-0-4c0f99</PassBranchId>
				<PassBranchId>BRANCH_c2-4e-0-4c0d9b</PassBranchId>
				<PassBranchId>BRANCH_c2-4e-0-4c10b4</PassBranchId>
				<PassBranchId>BRANCH_c2-4e-0-4c10b7</PassBranchId>
				<PassBranchId>BRANCH_c2-4e-0-4c0fa1</PassBranchId>
				<PassBranchId>BRANCH_c2-4e-0-4c10b1</PassBranchId>
				<PassBranchId>BRANCH_c2-4e-0-4c0f9e</PassBranchId>
				<PassBranchId>BRANCH_c2-4e-0-4c0f9b</PassBranchId>
				<PassBranchId>BRANCH_c2-4e-0-4c10ae</PassBranchId>
				<PassBranchId>BRANCH_c2-4e-0-4c0d95</PassBranchId>
				<PassBranchId>BRANCH_c2-4e-0-4c101d</PassBranchId>
				<PassBranchId>BRANCH_c2-4e-0-4c101a</PassBranchId>
				<PassBranchId>BRANCH_c2-4e-0-4c0fce</PassBranchId>
				<PassBranchId>BRANCH_c2-4e-0-4c0d1d</PassBranchId>
				<PassBranchId>BRANCH_35-4e-0-2efaf8</PassBranchId>
				<PassBranchId>BRANCH_c2-4e-0-4c10c0</PassBranchId>
				<PassBranchId>BRANCH_c2-4e-0-4c0fc8</PassBranchId>
				<PassBranchId>BRANCH_c2-4e-0-4c108d</PassBranchId>
				<PassBranchId>BRANCH_c2-4e-0-4c0d88</PassBranchId>
				<PassBranchId>BRANCH_c2-4e-0-4c109a</PassBranchId>
				<PassBranchId>BRANCH_c2-4e-0-4c0e16</PassBranchId>
				<PassBranchId>BRANCH_c2-4e-0-4c0fcb</PassBranchId>
				<PassBranchId>BRANCH_c2-4e-0-4c0dea</PassBranchId>
				<PassBranchId>BRANCH_c2-4e-0-4c0fd1</PassBranchId>
				<PassBranchId>BRANCH_c2-4e-0-4c0fe8</PassBranchId>
				<PassBranchId>BRANCH_c2-4e-0-4c1009</PassBranchId>
				<PassBranchId>BRANCH_c2-4e-0-4c10cb</PassBranchId>
				<PassBranchId>BRANCH_c2-4e-0-4c10ec</PassBranchId>
				<PassBranchId>BRANCH_c2-4e-0-4c1075</PassBranchId>
				<PassBranchId>BRANCH_c2-4e-0-4c106f</PassBranchId>
				<PassBranchId>BRANCH_c2-4e-0-4c1087</PassBranchId>
				<PassBranchId>BRANCH_c2-4e-0-4c1083</PassBranchId>
				<PassBranchId>BRANCH_c2-4e-0-4c0f89</PassBranchId>
				<PassBranchId>BRANCH_c2-4e-0-4c0f18</PassBranchId>
				<PassBranchId>BRANCH_c2-4e-0-4c0f88</PassBranchId>
				<PassBranchId>BRANCH_c2-4e-0-4c0e97</PassBranchId>
				<PassBranchId>BRANCH_c2-4e-0-4c10ce</PassBranchId>
				<PassBranchId>BRANCH_c2-4e-0-4c0e9b</PassBranchId>
				<PassBranchId>BRANCH_c2-4e-0-4c10f5</PassBranchId>
				<PassBranchId>BRANCH_c2-4e-0-4c0dfa</PassBranchId>
				<EndBranchPosition id="BR_POS_1592" branchId="BRANCH_c2-4e-0-4c0f1c" branchNodeId="BN_18448-168" offset="0"/>
			</BranchRoute>
		</WiringItem>
		<WiringItem xsi:type="Wire" id="WIRE_93-c-0-3a25f2" name="VYA01CR" signalId="SIGNAL_2-36-0-32ab" cableType="WIRE-2UKD-0.35" wireName="YE" fromPinId="PIN_3e-18-0-323bf2" toPinId="PIN_93-18-0-3a0353">
			<AppRef name="E3.Series" version="2.14.0.0" guid="ee026284-9cfb-4f24-91c2-4f79637982a2"/>
			<Property id="PROPERTY_14918" name="WIRE_LENGTH" value="1577"/>
			<Property id="PROPERTY_14919" name="WIRE_END2_MATL" value="(SN)"/>
			<Property id="PROPERTY_14920" name="WIRE_CSA" value="0.35"/>
			<Property id="PROPERTY_14921" name="WIRE_MIN_BEND_RADIUS" value="3"/>
			<Property id="PROPERTY_14922" name="WIRE_OPTION" value="HUKAD"/>
			<Property id="PROPERTY_14923" name="WIRE_DEV_PIN_1" value="C23-E1:15"/>
			<Property id="PROPERTY_14924" name="WIRE_COLOR" value="YE"/>
			<Property id="PROPERTY_14925" name="WIRE_SPEC" value="2UKD"/>
			<Property id="PROPERTY_14926" name="WIRE_END1_MATL" value="(SN)"/>
			<Property id="PROPERTY_14927" name="WIRE_LEVEL" value="VA"/>
			<Property id="PROPERTY_14928" name="WIRE_END1_TERM" value="9U5T-14474-DB"/>
			<Property id="PROPERTY_14929" name="WIRE_DEV_PIN_2" value="C2YA02-CR:6"/>
			<Property id="PROPERTY_14930" name="WIRE_NAME" value="VYA01CR"/>
			<Property id="PROPERTY_14931" name="WIRE_END2_TERM" value="AU5T-14474-DA"/>
			<Property id="PROPERTY_14932" name="WIRE_SIGNAL" value="CBP35"/>
			<Property id="PROPERTY_14933" name="HRN_FAMILY" value="14401"/>
			<Property id="PROPERTY_14934" name="WIRE_FPN" value="WIRE-2UKD-0.35-YE"/>
			<Property id="PROPERTY_14935" name="WIRE_DIA_MAX" value="1.2"/>
			<Option id="OPTION_93-c-0-3a25f2_1" value="HUKAD"/>
			<BranchRoute id="BRR_665">
				<StartBranchPosition id="BR_POS_1593" branchId="BRANCH_62-4e-0-c9509e" branchNodeId="BN_16856-268" offset="0"/>
				<PassBranchId>BRANCH_62-4e-0-c92d63</PassBranchId>
				<PassBranchId>BRANCH_c2-4e-0-4c0d46</PassBranchId>
				<PassBranchId>BRANCH_c2-4e-0-4c0f30</PassBranchId>
				<PassBranchId>BRANCH_c2-4e-0-4c0d05</PassBranchId>
				<PassBranchId>BRANCH_c2-4e-0-4c1076</PassBranchId>
				<PassBranchId>BRANCH_c2-4e-0-4c1087</PassBranchId>
				<PassBranchId>BRANCH_c2-4e-0-4c1083</PassBranchId>
				<PassBranchId>BRANCH_c2-4e-0-4c0f89</PassBranchId>
				<PassBranchId>BRANCH_c2-4e-0-4c0f18</PassBranchId>
				<PassBranchId>BRANCH_c2-4e-0-4c0f88</PassBranchId>
				<PassBranchId>BRANCH_c2-4e-0-4c0e97</PassBranchId>
				<PassBranchId>BRANCH_c2-4e-0-4c10ce</PassBranchId>
				<PassBranchId>BRANCH_c2-4e-0-4c0e9b</PassBranchId>
				<PassBranchId>BRANCH_c2-4e-0-4c10f5</PassBranchId>
				<PassBranchId>BRANCH_c2-4e-0-4c0dfa</PassBranchId>
				<EndBranchPosition id="BR_POS_1594" branchId="BRANCH_c2-4e-0-4c0f1c" branchNodeId="BN_18448-168" offset="0"/>
			</BranchRoute>
		</WiringItem>
		<WiringItem xsi:type="Wire" id="WIRE_88-c-0-498dc2" name="VYA21TB" signalId="SIGNAL_51-36-0-126ccb" cableType="WIRE-2UKD-0.35" wireName="GY/BN" fromPinId="PIN_3b-18-0-125d261" toPinId="PIN_5f-18-0-d13d8">
			<AppRef name="E3.Series" version="2.13.7.0" guid="3cc2632a-71d0-43be-8452-bce85ce47ded"/>
			<Property id="PROPERTY_14936" name="WIRE_LENGTH" value="1607"/>
			<Property id="PROPERTY_14937" name="WIRE_END2_MATL" value="(SN)"/>
			<Property id="PROPERTY_14938" name="WIRE_CSA" value="0.35"/>
			<Property id="PROPERTY_14939" name="WIRE_MIN_BEND_RADIUS" value="3"/>
			<Property id="PROPERTY_14940" name="WIRE_OPTION" value="HUKAJ | HUKAK | HUKAL | HUKAM | HUKAN | HUKAQ"/>
			<Property id="PROPERTY_14941" name="WIRE_DEV_PIN_1" value="C2YA02-C1:2"/>
			<Property id="PROPERTY_14942" name="WIRE_COLOR" value="GY/BN"/>
			<Property id="PROPERTY_14943" name="WIRE_SPEC" value="2UKD"/>
			<Property id="PROPERTY_14944" name="WIRE_END1_MATL" value="(SN)"/>
			<Property id="PROPERTY_14945" name="WIRE_LEVEL" value="(400W)/(KWINV)/(ACBRKR)/(F-SHF)/(BEV)"/>
			<Property id="PROPERTY_14946" name="WIRE_END1_TERM" value="9U5T-14474-DB"/>
			<Property id="PROPERTY_14947" name="WIRE_DEV_PIN_2" value="C23-E1:22"/>
			<Property id="PROPERTY_14948" name="WIRE_NAME" value="VYA21TB"/>
			<Property id="PROPERTY_14949" name="WIRE_END2_TERM" value="9U5T-14474-DB"/>
			<Property id="PROPERTY_14950" name="WIRE_SIGNAL" value="VYA21"/>
			<Property id="PROPERTY_14951" name="HRN_FAMILY" value="14401"/>
			<Property id="PROPERTY_14952" name="WIRE_FPN" value="WIRE-2UKD-0.35-GY/BN"/>
			<Property id="PROPERTY_14953" name="WIRE_DIA_MAX" value="1.2"/>
			<Option id="OPTION_88-c-0-498dc2_1" value="HUKAJ | HUKAK | HUKAL | HUKAM | HUKAN | HUKAQ"/>
			<BranchRoute id="BRR_666">
				<StartBranchPosition id="BR_POS_1595" branchId="BRANCH_c2-4e-0-4c0ec5" branchNodeId="BN_16936-148" offset="0"/>
				<PassBranchId>BRANCH_c2-4e-0-4c0ec1</PassBranchId>
				<PassBranchId>BRANCH_c2-4e-0-4c0d46</PassBranchId>
				<PassBranchId>BRANCH_c2-4e-0-4c0f30</PassBranchId>
				<PassBranchId>BRANCH_c2-4e-0-4c0d05</PassBranchId>
				<PassBranchId>BRANCH_c2-4e-0-4c1076</PassBranchId>
				<PassBranchId>BRANCH_c2-4e-0-4c1087</PassBranchId>
				<PassBranchId>BRANCH_c2-4e-0-4c1083</PassBranchId>
				<PassBranchId>BRANCH_c2-4e-0-4c0f89</PassBranchId>
				<PassBranchId>BRANCH_c2-4e-0-4c0f18</PassBranchId>
				<PassBranchId>BRANCH_c2-4e-0-4c0f88</PassBranchId>
				<PassBranchId>BRANCH_c2-4e-0-4c0e97</PassBranchId>
				<PassBranchId>BRANCH_c2-4e-0-4c10ce</PassBranchId>
				<PassBranchId>BRANCH_c2-4e-0-4c0e9b</PassBranchId>
				<PassBranchId>BRANCH_c2-4e-0-4c10f5</PassBranchId>
				<PassBranchId>BRANCH_c2-4e-0-4c0dfa</PassBranchId>
				<EndBranchPosition id="BR_POS_1596" branchId="BRANCH_c2-4e-0-4c0f1c" branchNodeId="BN_18448-168" offset="0"/>
			</BranchRoute>
		</WiringItem>
		<WiringItem xsi:type="Wire" id="WIRE_af-c-0-519802" name="GD214AD" signalId="SIGNAL_2-36-0-3a83" cableType="WIRE-2TAD-4.0" wireName="BK/GY" fromPinId="PIN_f-18-0-dd08" toPinId="PIN_43-18-0-32bbff">
			<AppRef name="E3.Series" version="2.13.7.0" guid="2136ba77-d92b-4d96-be47-67e03fe270b6"/>
			<Property id="PROPERTY_8278" name="WIRE_LENGTH" value="955"/>
			<Property id="PROPERTY_8279" name="WIRE_END2_MATL" value="(SN)"/>
			<Property id="PROPERTY_8280" name="WIRE_CSA" value="4"/>
			<Property id="PROPERTY_8281" name="WIRE_MIN_BEND_RADIUS" value="9.5"/>
			<Property id="PROPERTY_8282" name="WIRE_OPTION" value="GPAAW"/>
			<Property id="PROPERTY_8283" name="WIRE_DEV_PIN_1" value="G2D214:1"/>
			<Property id="PROPERTY_8284" name="WIRE_COLOR" value="BK/GY"/>
			<Property id="PROPERTY_8285" name="WIRE_SPEC" value="2TAD"/>
			<Property id="PROPERTY_8286" name="WIRE_LEVEL" value="(A-STR)"/>
			<Property id="PROPERTY_8287" name="WIRE_DEV_PIN_2" value="C2R168-A:1"/>
			<Property id="PROPERTY_8288" name="WIRE_NAME" value="GD214AD"/>
			<Property id="PROPERTY_8289" name="WIRE_END2_TERM" value="DU5T-14474-BBB"/>
			<Property id="PROPERTY_8290" name="WIRE_SIGNAL" value="GD214"/>
			<Property id="PROPERTY_8291" name="HRN_FAMILY" value="14401"/>
			<Property id="PROPERTY_8292" name="WIRE_FPN" value="WIRE-2TAD-4.0-BK/GY"/>
			<Property id="PROPERTY_8293" name="WIRE_DIA_MAX" value="3.7"/>
			<Option id="OPTION_af-c-0-519802_1" value="GPAAW"/>
			<BranchRoute id="BRR_291">
				<StartBranchPosition id="BR_POS_845" branchId="BRANCH_c2-4e-0-4c0da8" branchNodeId="BN_4567_9-178_058" offset="0"/>
				<PassBranchId>BRANCH_c2-4e-0-4c0e37</PassBranchId>
				<PassBranchId>BRANCH_c2-4e-0-4c10ad</PassBranchId>
				<PassBranchId>BRANCH_c2-4e-0-4c0db1</PassBranchId>
				<PassBranchId>BRANCH_c2-4e-0-4c0d9b</PassBranchId>
				<PassBranchId>BRANCH_c2-4e-0-4c10b4</PassBranchId>
				<PassBranchId>BRANCH_c2-4e-0-4c10b7</PassBranchId>
				<PassBranchId>BRANCH_c2-4e-0-4c0fa1</PassBranchId>
				<PassBranchId>BRANCH_c2-4e-0-4c10b1</PassBranchId>
				<PassBranchId>BRANCH_c2-4e-0-4c0f9e</PassBranchId>
				<PassBranchId>BRANCH_c2-4e-0-4c0f9b</PassBranchId>
				<PassBranchId>BRANCH_c2-4e-0-4c10ae</PassBranchId>
				<PassBranchId>BRANCH_c2-4e-0-4c0d95</PassBranchId>
				<PassBranchId>BRANCH_c2-4e-0-4c101d</PassBranchId>
				<PassBranchId>BRANCH_c2-4e-0-4c101a</PassBranchId>
				<PassBranchId>BRANCH_c2-4e-0-4c0fc5</PassBranchId>
				<PassBranchId>BRANCH_c2-4e-0-4c10e7</PassBranchId>
				<PassBranchId>BRANCH_c2-4e-0-4c108c</PassBranchId>
				<EndBranchPosition id="BR_POS_846" branchId="BRANCH_c2-4e-0-4c105f" branchNodeId="BN_6454_25-222_156" offset="0"/>
			</BranchRoute>
		</WiringItem>
		<WiringItem xsi:type="Wire" id="WIRE_91-c-0-26822e" name="GD214B" signalId="SIGNAL_2-36-0-3a83" cableType="WIRE-2UKD-0.35" wireName="BK/BU" fromPinId="PIN_7f-18-0-521320" toPinId="PIN_f-18-0-dd08">
			<AppRef name="E3.Series" version="2.13.7.0" guid="f4611b42-d02f-4222-a0de-c2a4b5f535fc"/>
			<Property id="PROPERTY_8294" name="WIRE_LENGTH" value="1205"/>
			<Property id="PROPERTY_8295" name="WIRE_CSA" value="0.35"/>
			<Property id="PROPERTY_8296" name="WIRE_MIN_BEND_RADIUS" value="3"/>
			<Property id="PROPERTY_8297" name="WIRE_OPTION" value="JBBA8 | JBBBH | JBBBJ | JBBBN"/>
			<Property id="PROPERTY_8298" name="WIRE_DEV_PIN_1" value="C2LF44:13"/>
			<Property id="PROPERTY_8299" name="WIRE_COLOR" value="BK/BU"/>
			<Property id="PROPERTY_8300" name="WIRE_SPEC" value="2UKD"/>
			<Property id="PROPERTY_8301" name="WIRE_END1_MATL" value="(SN)"/>
			<Property id="PROPERTY_8302" name="WIRE_LEVEL" value="(CNSL-HI)/(A-STR)/VA/XM/YN"/>
			<Property id="PROPERTY_8303" name="WIRE_END1_TERM" value="DU5T-14474-BA"/>
			<Property id="PROPERTY_8304" name="WIRE_DEV_PIN_2" value="G2D214:1"/>
			<Property id="PROPERTY_8305" name="WIRE_NAME" value="GD214B"/>
			<Property id="PROPERTY_8306" name="WIRE_SIGNAL" value="GD214"/>
			<Property id="PROPERTY_8307" name="HRN_FAMILY" value="14401"/>
			<Property id="PROPERTY_8308" name="WIRE_FPN" value="WIRE-2UKD-0.35-BK/BU"/>
			<Property id="PROPERTY_8309" name="WIRE_DIA_MAX" value="1.2"/>
			<Option id="OPTION_91-c-0-26822e_1" value="JBBA8 | JBBBH | JBBBJ | JBBBN"/>
			<BranchRoute id="BRR_292">
				<StartBranchPosition id="BR_POS_847" branchId="BRANCH_c2-4e-0-4c105f" branchNodeId="BN_6454_25-222_156" offset="0"/>
				<PassBranchId>BRANCH_c2-4e-0-4c108c</PassBranchId>
				<PassBranchId>BRANCH_c2-4e-0-4c10e7</PassBranchId>
				<PassBranchId>BRANCH_c2-4e-0-4c0fc5</PassBranchId>
				<PassBranchId>BRANCH_c2-4e-0-4c0fce</PassBranchId>
				<PassBranchId>BRANCH_c2-4e-0-4c0d1d</PassBranchId>
				<PassBranchId>BRANCH_35-4e-0-2efaf8</PassBranchId>
				<PassBranchId>BRANCH_c2-4e-0-4c10c0</PassBranchId>
				<PassBranchId>BRANCH_c2-4e-0-4c0fc8</PassBranchId>
				<PassBranchId>BRANCH_c2-4e-0-4c108d</PassBranchId>
				<PassBranchId>BRANCH_c2-4e-0-4c0d88</PassBranchId>
				<PassBranchId>BRANCH_c2-4e-0-4c109a</PassBranchId>
				<PassBranchId>BRANCH_c2-4e-0-4c0e16</PassBranchId>
				<PassBranchId>BRANCH_c2-4e-0-4c0fcb</PassBranchId>
				<PassBranchId>BRANCH_c2-4e-0-4c0f45</PassBranchId>
				<PassBranchId>BRANCH_c2-4e-0-4c1005</PassBranchId>
				<PassBranchId>BRANCH_c2-4e-0-4c0f7e</PassBranchId>
				<PassBranchId>BRANCH_c2-4e-0-4c0fb4</PassBranchId>
				<PassBranchId>BRANCH_c2-4e-0-4c1044</PassBranchId>
				<PassBranchId>BRANCH_c2-4e-0-4c1046</PassBranchId>
				<PassBranchId>BRANCH_c2-4e-0-4c1049</PassBranchId>
				<PassBranchId>BRANCH_c2-4e-0-4c104c</PassBranchId>
				<EndBranchPosition id="BR_POS_848" branchId="BRANCH_c2-4e-0-4c0d7f" branchNodeId="BN_9256-192" offset="0"/>
			</BranchRoute>
		</WiringItem>
		<WiringItem xsi:type="Wire" id="WIRE_10-c-0-3d829b" name="GD214DM" signalId="SIGNAL_2-36-0-3a83" cableType="WIRE-2UKD-0.35" wireName="BK/BU" fromPinId="PIN_f-18-0-dd08" toPinId="PIN_10-18-0-3ca216">
			<AppRef name="E3.Series" version="2.13.7.0" guid="af201fb2-b308-464b-b896-f4a1ba726c07"/>
			<Property id="PROPERTY_8310" name="WIRE_LENGTH" value="1515"/>
			<Property id="PROPERTY_8311" name="WIRE_END2_MATL" value="(SN)"/>
			<Property id="PROPERTY_8312" name="WIRE_CSA" value="0.35"/>
			<Property id="PROPERTY_8313" name="WIRE_MIN_BEND_RADIUS" value="3"/>
			<Property id="PROPERTY_8314" name="WIRE_OPTION" value="GTDAW | HNSAC | HLNAF"/>
			<Property id="PROPERTY_8315" name="WIRE_DEV_PIN_1" value="G2D214:1"/>
			<Property id="PROPERTY_8316" name="WIRE_COLOR" value="BK/BU"/>
			<Property id="PROPERTY_8317" name="WIRE_SPEC" value="2UKD"/>
			<Property id="PROPERTY_8318" name="WIRE_LEVEL" value="(CNSL-HI)/(A-STR)/XM/YN/ZA/ZB/ZC"/>
			<Property id="PROPERTY_8319" name="WIRE_DEV_PIN_2" value="C2RC01-A:12"/>
			<Property id="PROPERTY_8320" name="WIRE_NAME" value="GD214DM"/>
			<Property id="PROPERTY_8321" name="WIRE_END2_TERM" value="DU5T-14474-BA"/>
			<Property id="PROPERTY_8322" name="WIRE_SIGNAL" value="GD214"/>
			<Property id="PROPERTY_8323" name="HRN_FAMILY" value="14401"/>
			<Property id="PROPERTY_8324" name="WIRE_FPN" value="WIRE-2UKD-0.35-BK/BU"/>
			<Property id="PROPERTY_8325" name="WIRE_DIA_MAX" value="1.2"/>
			<Option id="OPTION_10-c-0-3d829b_1" value="GTDAW | HNSAC | HLNAF"/>
			<BranchRoute id="BRR_293">
				<StartBranchPosition id="BR_POS_849" branchId="BRANCH_c2-4e-0-4c105f" branchNodeId="BN_6454_25-222_156" offset="0"/>
				<PassBranchId>BRANCH_c2-4e-0-4c108c</PassBranchId>
				<PassBranchId>BRANCH_c2-4e-0-4c10e7</PassBranchId>
				<PassBranchId>BRANCH_c2-4e-0-4c0fc5</PassBranchId>
				<PassBranchId>BRANCH_c2-4e-0-4c0fce</PassBranchId>
				<PassBranchId>BRANCH_c2-4e-0-4c0d1d</PassBranchId>
				<PassBranchId>BRANCH_35-4e-0-2efaf8</PassBranchId>
				<PassBranchId>BRANCH_c2-4e-0-4c10c0</PassBranchId>
				<PassBranchId>BRANCH_c2-4e-0-4c0fc8</PassBranchId>
				<PassBranchId>BRANCH_c2-4e-0-4c108d</PassBranchId>
				<PassBranchId>BRANCH_c2-4e-0-4c0d88</PassBranchId>
				<PassBranchId>BRANCH_c2-4e-0-4c109a</PassBranchId>
				<PassBranchId>BRANCH_c2-4e-0-4c0e16</PassBranchId>
				<PassBranchId>BRANCH_c2-4e-0-4c0fcb</PassBranchId>
				<PassBranchId>BRANCH_c2-4e-0-4c0dea</PassBranchId>
				<PassBranchId>BRANCH_c2-4e-0-4c0fd1</PassBranchId>
				<PassBranchId>BRANCH_c2-4e-0-4c0fe8</PassBranchId>
				<PassBranchId>BRANCH_c2-4e-0-4c1009</PassBranchId>
				<PassBranchId>BRANCH_c2-4e-0-4c10cb</PassBranchId>
				<PassBranchId>BRANCH_c2-4e-0-4c10ec</PassBranchId>
				<PassBranchId>BRANCH_c2-4e-0-4c1068</PassBranchId>
				<PassBranchId>BRANCH_c2-4e-0-4c0d17</PassBranchId>
				<PassBranchId>BRANCH_c2-4e-0-4c0d28</PassBranchId>
				<EndBranchPosition id="BR_POS_850" branchId="BRANCH_c2-4e-0-4c0d1a" branchNodeId="BN_21064-160" offset="0"/>
			</BranchRoute>
		</WiringItem>
		<WiringItem xsi:type="Wire" id="WIRE_95-c-0-e4efb" name="GD214E" signalId="SIGNAL_2-36-0-3a83" cableType="WIRE-2UKD-0.35" wireName="BK/BU" fromPinId="PIN_f-18-0-dd08" toPinId="PIN_43-18-0-32bdfd">
			<AppRef name="E3.Series" version="2.13.7.0" guid="5a859c85-68ac-455e-ab00-074b6898261b"/>
			<Property id="PROPERTY_8326" name="WIRE_LENGTH" value="845"/>
			<Property id="PROPERTY_8327" name="WIRE_END2_MATL" value="(SN)"/>
			<Property id="PROPERTY_8328" name="WIRE_CSA" value="0.35"/>
			<Property id="PROPERTY_8329" name="WIRE_MIN_BEND_RADIUS" value="3"/>
			<Property id="PROPERTY_8330" name="WIRE_OPTION" value="GPAAW"/>
			<Property id="PROPERTY_8331" name="WIRE_DEV_PIN_1" value="G2D214:1"/>
			<Property id="PROPERTY_8332" name="WIRE_COLOR" value="BK/BU"/>
			<Property id="PROPERTY_8333" name="WIRE_SPEC" value="2UKD"/>
			<Property id="PROPERTY_8334" name="WIRE_LEVEL" value="(A-STR)"/>
			<Property id="PROPERTY_8335" name="WIRE_DEV_PIN_2" value="C2AM01-B3:8"/>
			<Property id="PROPERTY_8336" name="WIRE_NAME" value="GD214E"/>
			<Property id="PROPERTY_8337" name="WIRE_END2_TERM" value="3F2T-14474-SA"/>
			<Property id="PROPERTY_8338" name="WIRE_SIGNAL" value="GD214"/>
			<Property id="PROPERTY_8339" name="HRN_FAMILY" value="14401"/>
			<Property id="PROPERTY_8340" name="WIRE_FPN" value="WIRE-2UKD-0.35-BK/BU"/>
			<Property id="PROPERTY_8341" name="WIRE_DIA_MAX" value="1.2"/>
			<Option id="OPTION_95-c-0-e4efb_1" value="GPAAW"/>
			<BranchRoute id="BRR_294">
				<StartBranchPosition id="BR_POS_851" branchId="BRANCH_c2-4e-0-4c0da5" branchNodeId="BN_4783_9-170_058" offset="0"/>
				<PassBranchId>BRANCH_c2-4e-0-4c0d9e</PassBranchId>
				<PassBranchId>BRANCH_c2-4e-0-4c0d9b</PassBranchId>
				<PassBranchId>BRANCH_c2-4e-0-4c10b4</PassBranchId>
				<PassBranchId>BRANCH_c2-4e-0-4c10b7</PassBranchId>
				<PassBranchId>BRANCH_c2-4e-0-4c0fa1</PassBranchId>
				<PassBranchId>BRANCH_c2-4e-0-4c10b1</PassBranchId>
				<PassBranchId>BRANCH_c2-4e-0-4c0f9e</PassBranchId>
				<PassBranchId>BRANCH_c2-4e-0-4c0f9b</PassBranchId>
				<PassBranchId>BRANCH_c2-4e-0-4c10ae</PassBranchId>
				<PassBranchId>BRANCH_c2-4e-0-4c0d95</PassBranchId>
				<PassBranchId>BRANCH_c2-4e-0-4c101d</PassBranchId>
				<PassBranchId>BRANCH_c2-4e-0-4c101a</PassBranchId>
				<PassBranchId>BRANCH_c2-4e-0-4c0fc5</PassBranchId>
				<PassBranchId>BRANCH_c2-4e-0-4c10e7</PassBranchId>
				<PassBranchId>BRANCH_c2-4e-0-4c108c</PassBranchId>
				<EndBranchPosition id="BR_POS_852" branchId="BRANCH_c2-4e-0-4c105f" branchNodeId="BN_6454_25-222_156" offset="0"/>
			</BranchRoute>
		</WiringItem>
		<WiringItem xsi:type="Wire" id="WIRE_c4-c-0-405508" name="GD214EVB" signalId="SIGNAL_2-36-0-3a83" cableType="WIRE-3TAD-0.35" wireName="BK/BU" fromPinId="PIN_f-18-0-dd08" toPinId="PIN_c4-18-0-404d0d">
			<AppRef name="E3.Series" version="2.14.0.0" guid="d690dc81-1253-44c0-9107-8360f2c098c5"/>
			<Property id="PROPERTY_8342" name="WIRE_LENGTH" value="1125"/>
			<Property id="PROPERTY_8343" name="WIRE_CSA" value="0.35"/>
			<Property id="PROPERTY_8344" name="WIRE_MIN_BEND_RADIUS" value="3.5"/>
			<Property id="PROPERTY_8345" name="WIRE_OPTION" value="HT2AC"/>
			<Property id="PROPERTY_8346" name="WIRE_DEV_PIN_1" value="G2D214:1"/>
			<Property id="PROPERTY_8347" name="WIRE_COLOR" value="BK/BU"/>
			<Property id="PROPERTY_8348" name="WIRE_SPEC" value="3TAD"/>
			<Property id="PROPERTY_8349" name="WIRE_LEVEL" value="(BEV)"/>
			<Property id="PROPERTY_8350" name="WIRE_DEV_PIN_2" value="C2LF44EV:16"/>
			<Property id="PROPERTY_8351" name="WIRE_NAME" value="GD214EVB"/>
			<Property id="PROPERTY_8352" name="WIRE_END2_TERM" value="*GU5T-14474-KA"/>
			<Property id="PROPERTY_8353" name="WIRE_SIGNAL" value="GD214"/>
			<Property id="PROPERTY_8354" name="HRN_FAMILY" value="14401"/>
			<Property id="PROPERTY_8355" name="WIRE_FPN" value="WIRE-3TAD-0.35-BK/BU"/>
			<Property id="PROPERTY_8356" name="WIRE_DIA_MAX" value="1.4"/>
			<Option id="OPTION_c4-c-0-405508_1" value="HT2AC"/>
			<BranchRoute id="BRR_295">
				<StartBranchPosition id="BR_POS_853" branchId="BRANCH_c2-4e-0-4c105f" branchNodeId="BN_6454_25-222_156" offset="0"/>
				<PassBranchId>BRANCH_c2-4e-0-4c108c</PassBranchId>
				<PassBranchId>BRANCH_c2-4e-0-4c10e7</PassBranchId>
				<PassBranchId>BRANCH_c2-4e-0-4c0fc5</PassBranchId>
				<PassBranchId>BRANCH_c2-4e-0-4c0fce</PassBranchId>
				<PassBranchId>BRANCH_c2-4e-0-4c0d1d</PassBranchId>
				<PassBranchId>BRANCH_35-4e-0-2efaf8</PassBranchId>
				<PassBranchId>BRANCH_c2-4e-0-4c10c0</PassBranchId>
				<PassBranchId>BRANCH_c2-4e-0-4c0fc8</PassBranchId>
				<PassBranchId>BRANCH_c2-4e-0-4c108d</PassBranchId>
				<PassBranchId>BRANCH_c2-4e-0-4c0d88</PassBranchId>
				<PassBranchId>BRANCH_c2-4e-0-4c109a</PassBranchId>
				<PassBranchId>BRANCH_c2-4e-0-4c0e16</PassBranchId>
				<PassBranchId>BRANCH_c2-4e-0-4c0fcb</PassBranchId>
				<PassBranchId>BRANCH_c2-4e-0-4c0f45</PassBranchId>
				<PassBranchId>BRANCH_c2-4e-0-4c1005</PassBranchId>
				<PassBranchId>BRANCH_c2-4e-0-4c0f7e</PassBranchId>
				<PassBranchId>BRANCH_c2-4e-0-4c0fb4</PassBranchId>
				<PassBranchId>BRANCH_34-4e-0-814498</PassBranchId>
				<PassBranchId>BRANCH_34-4e-0-816744</PassBranchId>
				<PassBranchId>BRANCH_34-4e-0-816749</PassBranchId>
				<PassBranchId>BRANCH_34-4e-0-821a96</PassBranchId>
				<EndBranchPosition id="BR_POS_854" branchId="BRANCH_34-4e-0-81674d" branchNodeId="BN_8848-168" offset="0"/>
			</BranchRoute>
		</WiringItem>
		<WiringItem xsi:type="Wire" id="WIRE_95-c-0-e4b40" name="GD214GP" signalId="SIGNAL_2-36-0-3a83" cableType="WIRE-2UKD-0.50" wireName="BK/BU" fromPinId="PIN_f-18-0-dd08" toPinId="PIN_1e-18-0-1326c">
			<AppRef name="E3.Series" version="2.13.7.0" guid="7ecdfaab-e917-403a-affd-d64ff5629e3e"/>
			<Property id="PROPERTY_8357" name="WIRE_LENGTH" value="1540"/>
			<Property id="PROPERTY_8358" name="WIRE_END2_MATL" value="(SN)"/>
			<Property id="PROPERTY_8359" name="WIRE_CSA" value="0.5"/>
			<Property id="PROPERTY_8360" name="WIRE_MIN_BEND_RADIUS" value="3"/>
			<Property id="PROPERTY_8361" name="WIRE_OPTION" value="B5WAZ | B5WBF | B5WBG"/>
			<Property id="PROPERTY_8362" name="WIRE_DEV_PIN_1" value="G2D214:1"/>
			<Property id="PROPERTY_8363" name="WIRE_COLOR" value="BK/BU"/>
			<Property id="PROPERTY_8364" name="WIRE_SPEC" value="2UKD"/>
			<Property id="PROPERTY_8365" name="WIRE_LEVEL" value="(CNSL-MID)/(P-COL)"/>
			<Property id="PROPERTY_8366" name="WIRE_DEV_PIN_2" value="C23-D1:11"/>
			<Property id="PROPERTY_8367" name="WIRE_NAME" value="GD214GP"/>
			<Property id="PROPERTY_8368" name="WIRE_END2_TERM" value="3M5T-14474-HAA"/>
			<Property id="PROPERTY_8369" name="WIRE_SIGNAL" value="GD214"/>
			<Property id="PROPERTY_8370" name="HRN_FAMILY" value="14401"/>
			<Property id="PROPERTY_8371" name="WIRE_FPN" value="WIRE-2UKD-0.50-BK/BU"/>
			<Property id="PROPERTY_8372" name="WIRE_DIA_MAX" value="1.4"/>
			<Option id="OPTION_95-c-0-e4b40_1" value="B5WAZ | B5WBF | B5WBG"/>
			<BranchRoute id="BRR_296">
				<StartBranchPosition id="BR_POS_855" branchId="BRANCH_c2-4e-0-4c105f" branchNodeId="BN_6454_25-222_156" offset="0"/>
				<PassBranchId>BRANCH_c2-4e-0-4c108c</PassBranchId>
				<PassBranchId>BRANCH_c2-4e-0-4c10e7</PassBranchId>
				<PassBranchId>BRANCH_c2-4e-0-4c0fc5</PassBranchId>
				<PassBranchId>BRANCH_c2-4e-0-4c0fce</PassBranchId>
				<PassBranchId>BRANCH_c2-4e-0-4c0d1d</PassBranchId>
				<PassBranchId>BRANCH_35-4e-0-2efaf8</PassBranchId>
				<PassBranchId>BRANCH_c2-4e-0-4c10c0</PassBranchId>
				<PassBranchId>BRANCH_c2-4e-0-4c0fc8</PassBranchId>
				<PassBranchId>BRANCH_c2-4e-0-4c108d</PassBranchId>
				<PassBranchId>BRANCH_c2-4e-0-4c0d88</PassBranchId>
				<PassBranchId>BRANCH_c2-4e-0-4c109a</PassBranchId>
				<PassBranchId>BRANCH_c2-4e-0-4c0e16</PassBranchId>
				<PassBranchId>BRANCH_c2-4e-0-4c0fcb</PassBranchId>
				<PassBranchId>BRANCH_c2-4e-0-4c0dea</PassBranchId>
				<PassBranchId>BRANCH_c2-4e-0-4c0fd1</PassBranchId>
				<PassBranchId>BRANCH_c2-4e-0-4c0fe8</PassBranchId>
				<PassBranchId>BRANCH_c2-4e-0-4c1009</PassBranchId>
				<PassBranchId>BRANCH_c2-4e-0-4c10cb</PassBranchId>
				<PassBranchId>BRANCH_c2-4e-0-4c10ec</PassBranchId>
				<PassBranchId>BRANCH_c2-4e-0-4c1075</PassBranchId>
				<PassBranchId>BRANCH_c2-4e-0-4c106f</PassBranchId>
				<PassBranchId>BRANCH_c2-4e-0-4c1087</PassBranchId>
				<PassBranchId>BRANCH_c2-4e-0-4c1083</PassBranchId>
				<PassBranchId>BRANCH_c2-4e-0-4c1088</PassBranchId>
				<EndBranchPosition id="BR_POS_856" branchId="BRANCH_c2-4e-0-4c0f19" branchNodeId="BN_19800-232" offset="0"/>
			</BranchRoute>
		</WiringItem>
		<WiringItem xsi:type="Wire" id="WIRE_ec-c-0-40f7ee" name="GD214GT" signalId="SIGNAL_2-36-0-3a83" cableType="WIRE-2UKD-0.35" wireName="BK/BU" fromPinId="PIN_f-18-0-dd08" toPinId="PIN_c0-18-0-500286">
			<AppRef name="E3.Series" version="2.13.7.0" guid="aabd3a76-c8fa-427d-9af0-d9a43ba2a15c"/>
			<Property id="PROPERTY_8373" name="WIRE_LENGTH" value="730"/>
			<Property id="PROPERTY_8374" name="WIRE_CSA" value="0.35"/>
			<Property id="PROPERTY_8375" name="WIRE_MIN_BEND_RADIUS" value="3"/>
			<Property id="PROPERTY_8376" name="WIRE_OPTION" value="B5WAA | B5WBK"/>
			<Property id="PROPERTY_8377" name="WIRE_DEV_PIN_1" value="G2D214:1"/>
			<Property id="PROPERTY_8378" name="WIRE_COLOR" value="BK/BU"/>
			<Property id="PROPERTY_8379" name="WIRE_SPEC" value="2UKD"/>
			<Property id="PROPERTY_8380" name="WIRE_LEVEL" value="(C-SHF)"/>
			<Property id="PROPERTY_8381" name="WIRE_DEV_PIN_2" value="C2ET76-P:16"/>
			<Property id="PROPERTY_8382" name="WIRE_NAME" value="GD214GT"/>
			<Property id="PROPERTY_8383" name="WIRE_END2_TERM" value="*DU5T-14474-GAA"/>
			<Property id="PROPERTY_8384" name="WIRE_SIGNAL" value="GD214"/>
			<Property id="PROPERTY_8385" name="HRN_FAMILY" value="14401"/>
			<Property id="PROPERTY_8386" name="WIRE_FPN" value="WIRE-2UKD-0.35-BK/BU"/>
			<Property id="PROPERTY_8387" name="WIRE_DIA_MAX" value="1.2"/>
			<Option id="OPTION_ec-c-0-40f7ee_1" value="B5WAA | B5WBK"/>
			<BranchRoute id="BRR_297">
				<StartBranchPosition id="BR_POS_857" branchId="BRANCH_c2-4e-0-4c0e3e" branchNodeId="BN_5263_9-198_058" offset="0"/>
				<PassBranchId>BRANCH_c2-4e-0-4c0d92</PassBranchId>
				<PassBranchId>BRANCH_c2-4e-0-4c10b4</PassBranchId>
				<PassBranchId>BRANCH_c2-4e-0-4c10b7</PassBranchId>
				<PassBranchId>BRANCH_c2-4e-0-4c0fa1</PassBranchId>
				<PassBranchId>BRANCH_c2-4e-0-4c10b1</PassBranchId>
				<PassBranchId>BRANCH_c2-4e-0-4c0f9e</PassBranchId>
				<PassBranchId>BRANCH_c2-4e-0-4c0f9b</PassBranchId>
				<PassBranchId>BRANCH_c2-4e-0-4c10ae</PassBranchId>
				<PassBranchId>BRANCH_c2-4e-0-4c0d95</PassBranchId>
				<PassBranchId>BRANCH_c2-4e-0-4c101d</PassBranchId>
				<PassBranchId>BRANCH_c2-4e-0-4c101a</PassBranchId>
				<PassBranchId>BRANCH_c2-4e-0-4c0fc5</PassBranchId>
				<PassBranchId>BRANCH_c2-4e-0-4c10e7</PassBranchId>
				<PassBranchId>BRANCH_c2-4e-0-4c108c</PassBranchId>
				<EndBranchPosition id="BR_POS_858" branchId="BRANCH_c2-4e-0-4c105f" branchNodeId="BN_6454_25-222_156" offset="0"/>
			</BranchRoute>
		</WiringItem>
		<WiringItem xsi:type="Wire" id="WIRE_48-c-0-865b9d" name="GD214HW" signalId="SIGNAL_2-36-0-3a83" cableType="WIRE-2UKD-0.75" wireName="BK/BU" fromPinId="PIN_f-18-0-dd08" toPinId="PIN_48-18-0-85d781">
			<AppRef name="E3.Series" version="2.13.7.0" guid="da7d2188-ba0e-49f1-a7d4-04d62eec21a4"/>
			<Property id="PROPERTY_8388" name="WIRE_LENGTH" value="835"/>
			<Property id="PROPERTY_8389" name="WIRE_END2_MATL" value="(SN)"/>
			<Property id="PROPERTY_8390" name="WIRE_CSA" value="0.75"/>
			<Property id="PROPERTY_8391" name="WIRE_MIN_BEND_RADIUS" value="3"/>
			<Property id="PROPERTY_8392" name="WIRE_OPTION" value="GTBAB &amp; GPAAJ"/>
			<Property id="PROPERTY_8393" name="WIRE_DEV_PIN_1" value="G2D214:1"/>
			<Property id="PROPERTY_8394" name="WIRE_COLOR" value="BK/BU"/>
			<Property id="PROPERTY_8395" name="WIRE_SPEC" value="2UKD"/>
			<Property id="PROPERTY_8396" name="WIRE_LEVEL" value="DA/DB/DC/DD/VA/XM/XR/YM/YN/YS/YT/ZA/ZB/ZC/ZD/ZF/ZH"/>
			<Property id="PROPERTY_8397" name="WIRE_DEV_PIN_2" value="C2AM01-F:1"/>
			<Property id="PROPERTY_8398" name="WIRE_NAME" value="GD214HW"/>
			<Property id="PROPERTY_8399" name="WIRE_END2_TERM" value="3F2T-14474-MA"/>
			<Property id="PROPERTY_8400" name="WIRE_SIGNAL" value="GD214"/>
			<Property id="PROPERTY_8401" name="HRN_FAMILY" value="14401"/>
			<Property id="PROPERTY_8402" name="WIRE_FPN" value="WIRE-2UKD-0.75-BK/BU"/>
			<Property id="PROPERTY_8403" name="WIRE_DIA_MAX" value="1.6"/>
			<Option id="OPTION_48-c-0-865b9d_1" value="GTBAB &amp; GPAAJ"/>
			<BranchRoute id="BRR_298">
				<StartBranchPosition id="BR_POS_859" branchId="BRANCH_c2-4e-0-4c0d98" branchNodeId="BN_5135_9-222_058" offset="0"/>
				<PassBranchId>BRANCH_c2-4e-0-4c0e3b</PassBranchId>
				<PassBranchId>BRANCH_c2-4e-0-4c0d9b</PassBranchId>
				<PassBranchId>BRANCH_c2-4e-0-4c10b4</PassBranchId>
				<PassBranchId>BRANCH_c2-4e-0-4c10b7</PassBranchId>
				<PassBranchId>BRANCH_c2-4e-0-4c0fa1</PassBranchId>
				<PassBranchId>BRANCH_c2-4e-0-4c10b1</PassBranchId>
				<PassBranchId>BRANCH_c2-4e-0-4c0f9e</PassBranchId>
				<PassBranchId>BRANCH_c2-4e-0-4c0f9b</PassBranchId>
				<PassBranchId>BRANCH_c2-4e-0-4c10ae</PassBranchId>
				<PassBranchId>BRANCH_c2-4e-0-4c0d95</PassBranchId>
				<PassBranchId>BRANCH_c2-4e-0-4c101d</PassBranchId>
				<PassBranchId>BRANCH_c2-4e-0-4c101a</PassBranchId>
				<PassBranchId>BRANCH_c2-4e-0-4c0fc5</PassBranchId>
				<PassBranchId>BRANCH_c2-4e-0-4c10e7</PassBranchId>
				<PassBranchId>BRANCH_c2-4e-0-4c108c</PassBranchId>
				<EndBranchPosition id="BR_POS_860" branchId="BRANCH_c2-4e-0-4c105f" branchNodeId="BN_6454_25-222_156" offset="0"/>
			</BranchRoute>
		</WiringItem>
		<WiringItem xsi:type="Wire" id="WIRE_95-c-0-e59d8" name="GD214K" signalId="SIGNAL_2-36-0-3a83" cableType="WIRE-2UKD-0.35" wireName="BK/BU" fromPinId="PIN_f-18-0-dd08" toPinId="PIN_3b-18-0-1ae8d">
			<AppRef name="E3.Series" version="2.13.7.0" guid="d0a342c8-afc9-409f-a9e7-d20259c4f083"/>
			<Property id="PROPERTY_8404" name="WIRE_LENGTH" value="2155"/>
			<Property id="PROPERTY_8405" name="WIRE_END2_MATL" value="(SN)"/>
			<Property id="PROPERTY_8406" name="WIRE_CSA" value="0.35"/>
			<Property id="PROPERTY_8407" name="WIRE_MIN_BEND_RADIUS" value="3"/>
			<Property id="PROPERTY_8408" name="WIRE_OPTION" value="JCBAD"/>
			<Property id="PROPERTY_8409" name="WIRE_DEV_PIN_1" value="G2D214:1"/>
			<Property id="PROPERTY_8410" name="WIRE_COLOR" value="BK/BU"/>
			<Property id="PROPERTY_8411" name="WIRE_SPEC" value="2UKD"/>
			<Property id="PROPERTY_8412" name="WIRE_LEVEL" value="(P-COL)/AH/AJ/AK/AL/AM/AN/AP/AR/CB/CC/CD/CE/XL/YC/YD/YK/YL/YP/YR/YU/YV/ZC/ZF"/>
			<Property id="PROPERTY_8413" name="WIRE_DEV_PIN_2" value="C2LN85:3"/>
			<Property id="PROPERTY_8414" name="WIRE_NAME" value="GD214K"/>
			<Property id="PROPERTY_8415" name="WIRE_END2_TERM" value="3F2T-14474-SA"/>
			<Property id="PROPERTY_8416" name="WIRE_SIGNAL" value="GD214"/>
			<Property id="PROPERTY_8417" name="HRN_FAMILY" value="14401"/>
			<Property id="PROPERTY_8418" name="WIRE_FPN" value="WIRE-2UKD-0.35-BK/BU"/>
			<Property id="PROPERTY_8419" name="WIRE_DIA_MAX" value="1.2"/>
			<Option id="OPTION_95-c-0-e59d8_1" value="JCBAD"/>
			<BranchRoute id="BRR_299">
				<StartBranchPosition id="BR_POS_861" branchId="BRANCH_c2-4e-0-4c105f" branchNodeId="BN_6454_25-222_156" offset="0"/>
				<PassBranchId>BRANCH_c2-4e-0-4c108c</PassBranchId>
				<PassBranchId>BRANCH_c2-4e-0-4c10e7</PassBranchId>
				<PassBranchId>BRANCH_c2-4e-0-4c0fc5</PassBranchId>
				<PassBranchId>BRANCH_c2-4e-0-4c0fce</PassBranchId>
				<PassBranchId>BRANCH_c2-4e-0-4c0d1d</PassBranchId>
				<PassBranchId>BRANCH_35-4e-0-2efaf8</PassBranchId>
				<PassBranchId>BRANCH_c2-4e-0-4c10c0</PassBranchId>
				<PassBranchId>BRANCH_c2-4e-0-4c0fc8</PassBranchId>
				<PassBranchId>BRANCH_c2-4e-0-4c108d</PassBranchId>
				<PassBranchId>BRANCH_c2-4e-0-4c0d88</PassBranchId>
				<PassBranchId>BRANCH_c2-4e-0-4c109a</PassBranchId>
				<PassBranchId>BRANCH_c2-4e-0-4c0e16</PassBranchId>
				<PassBranchId>BRANCH_c2-4e-0-4c0fcb</PassBranchId>
				<PassBranchId>BRANCH_c2-4e-0-4c0dea</PassBranchId>
				<PassBranchId>BRANCH_c2-4e-0-4c0fd1</PassBranchId>
				<PassBranchId>BRANCH_c2-4e-0-4c0fe8</PassBranchId>
				<PassBranchId>BRANCH_c2-4e-0-4c1009</PassBranchId>
				<PassBranchId>BRANCH_c2-4e-0-4c10cb</PassBranchId>
				<PassBranchId>BRANCH_c2-4e-0-4c10ec</PassBranchId>
				<PassBranchId>BRANCH_c2-4e-0-4c0de4</PassBranchId>
				<PassBranchId>BRANCH_1a-4e-0-18e01d0</PassBranchId>
				<PassBranchId>BRANCH_c2-4e-0-4c10c8</PassBranchId>
				<PassBranchId>BRANCH_eb-4e-0-678fca</PassBranchId>
				<PassBranchId>BRANCH_c2-4e-0-4c0e87</PassBranchId>
				<PassBranchId>BRANCH_c2-4e-0-4c0e8c</PassBranchId>
				<PassBranchId>BRANCH_c2-4e-0-4c0e7f</PassBranchId>
				<PassBranchId>BRANCH_c2-4e-0-4c102d</PassBranchId>
				<PassBranchId>BRANCH_c2-4e-0-4c1030</PassBranchId>
				<PassBranchId>BRANCH_c2-4e-0-4c1038</PassBranchId>
				<EndBranchPosition id="BR_POS_862" branchId="BRANCH_c2-4e-0-4c0d31" branchNodeId="BN_22812-48" offset="0"/>
			</BranchRoute>
		</WiringItem>
		<WiringItem xsi:type="Wire" id="WIRE_95-c-0-e6ab6" name="GD214M" signalId="SIGNAL_2-36-0-3a83" cableType="WIRE-2UKD-0.35" wireName="BK/BU" fromPinId="PIN_3b-18-0-1aea5" toPinId="PIN_f-18-0-dd08">
			<AppRef name="E3.Series" version="2.13.7.0" guid="05a4cf5c-06e2-4a87-987c-88cd9e1bb3b0"/>
			<Property id="PROPERTY_8420" name="WIRE_LENGTH" value="285"/>
			<Property id="PROPERTY_8421" name="WIRE_CSA" value="0.35"/>
			<Property id="PROPERTY_8422" name="WIRE_MIN_BEND_RADIUS" value="3"/>
			<Property id="PROPERTY_8423" name="WIRE_OPTION" value="JCBAD"/>
			<Property id="PROPERTY_8424" name="WIRE_DEV_PIN_1" value="C2LN84:3"/>
			<Property id="PROPERTY_8425" name="WIRE_COLOR" value="BK/BU"/>
			<Property id="PROPERTY_8426" name="WIRE_SPEC" value="2UKD"/>
			<Property id="PROPERTY_8427" name="WIRE_END1_MATL" value="(SN)"/>
			<Property id="PROPERTY_8428" name="WIRE_LEVEL" value="(P-COL)/AH/AJ/AK/AL/AM/AN/AP/AR/CB/CC/CD/CE/XL/YC/YD/YK/YL/YP/YR/YU/YV/ZC/ZF"/>
			<Property id="PROPERTY_8429" name="WIRE_END1_TERM" value="1L2T-14421-BA"/>
			<Property id="PROPERTY_8430" name="WIRE_DEV_PIN_2" value="G2D214:1"/>
			<Property id="PROPERTY_8431" name="WIRE_NAME" value="GD214M"/>
			<Property id="PROPERTY_8432" name="WIRE_SIGNAL" value="GD214"/>
			<Property id="PROPERTY_8433" name="HRN_FAMILY" value="14401"/>
			<Property id="PROPERTY_8434" name="WIRE_FPN" value="WIRE-2UKD-0.35-BK/BU"/>
			<Property id="PROPERTY_8435" name="WIRE_DIA_MAX" value="1.2"/>
			<Option id="OPTION_95-c-0-e6ab6_1" value="JCBAD"/>
			<BranchRoute id="BRR_300">
				<StartBranchPosition id="BR_POS_863" branchId="BRANCH_c2-4e-0-4c10da" branchNodeId="BN_6350_25-298_156" offset="0"/>
				<PassBranchId>BRANCH_c2-4e-0-4c10d5</PassBranchId>
				<PassBranchId>BRANCH_c2-4e-0-4c108c</PassBranchId>
				<EndBranchPosition id="BR_POS_864" branchId="BRANCH_c2-4e-0-4c105f" branchNodeId="BN_6454_25-222_156" offset="0"/>
			</BranchRoute>
		</WiringItem>
		<WiringItem xsi:type="Wire" id="WIRE_95-c-0-e627c" name="GD214P" signalId="SIGNAL_2-36-0-3a83" cableType="WIRE-2UKD-0.35" wireName="BK/BU" fromPinId="PIN_7b-18-0-1a1b2" toPinId="PIN_f-18-0-dd08">
			<AppRef name="E3.Series" version="2.13.7.0" guid="b4ac85c6-e587-498e-80bc-c2f80588a535"/>
			<Property id="PROPERTY_8436" name="WIRE_LENGTH" value="390"/>
			<Property id="PROPERTY_8437" name="WIRE_CSA" value="0.35"/>
			<Property id="PROPERTY_8438" name="WIRE_MIN_BEND_RADIUS" value="3"/>
			<Property id="PROPERTY_8439" name="WIRE_OPTION" value="BB7AC | BB7AD"/>
			<Property id="PROPERTY_8440" name="WIRE_DEV_PIN_1" value="C2PP09:6"/>
			<Property id="PROPERTY_8441" name="WIRE_COLOR" value="BK/BU"/>
			<Property id="PROPERTY_8442" name="WIRE_SPEC" value="2UKD"/>
			<Property id="PROPERTY_8443" name="WIRE_END1_MATL" value="(SN)"/>
			<Property id="PROPERTY_8444" name="WIRE_LEVEL" value="(PEPS-12)/(TACH-L0)/ZE"/>
			<Property id="PROPERTY_8445" name="WIRE_END1_TERM" value="3M5T-14474-HAA"/>
			<Property id="PROPERTY_8446" name="WIRE_DEV_PIN_2" value="G2D214:1"/>
			<Property id="PROPERTY_8447" name="WIRE_NAME" value="GD214P"/>
			<Property id="PROPERTY_8448" name="WIRE_SIGNAL" value="GD214"/>
			<Property id="PROPERTY_8449" name="HRN_FAMILY" value="14401"/>
			<Property id="PROPERTY_8450" name="WIRE_FPN" value="WIRE-2UKD-0.35-BK/BU"/>
			<Property id="PROPERTY_8451" name="WIRE_DIA_MAX" value="1.2"/>
			<Option id="OPTION_95-c-0-e627c_1" value="BB7AC | BB7AD"/>
			<BranchRoute id="BRR_301">
				<StartBranchPosition id="BR_POS_865" branchId="BRANCH_c2-4e-0-4c0dbf" branchNodeId="BN_3734_25-198_156" offset="0"/>
				<PassBranchId>BRANCH_c2-4e-0-4c0dbb</PassBranchId>
				<PassBranchId>BRANCH_c2-4e-0-4c1055</PassBranchId>
				<PassBranchId>BRANCH_c2-4e-0-4c1056</PassBranchId>
				<PassBranchId>BRANCH_c2-4e-0-4c108c</PassBranchId>
				<EndBranchPosition id="BR_POS_866" branchId="BRANCH_c2-4e-0-4c105f" branchNodeId="BN_6454_25-222_156" offset="0"/>
			</BranchRoute>
		</WiringItem>
		<WiringItem xsi:type="Wire" id="WIRE_95-c-0-e45e3" name="GD214S" signalId="SIGNAL_2-36-0-3a83" cableType="WIRE-2UKD-0.35" wireName="BK/BU" fromPinId="PIN_f-18-0-dd08" toPinId="PIN_23-18-0-39b46c">
			<AppRef name="E3.Series" version="2.13.7.0" guid="bd35564a-ba65-4a3b-9e36-4af2f6e7d645"/>
			<Property id="PROPERTY_8452" name="WIRE_LENGTH" value="1570"/>
			<Property id="PROPERTY_8453" name="WIRE_END2_MATL" value="(SN)"/>
			<Property id="PROPERTY_8454" name="WIRE_CSA" value="0.35"/>
			<Property id="PROPERTY_8455" name="WIRE_MIN_BEND_RADIUS" value="3"/>
			<Property id="PROPERTY_8456" name="WIRE_OPTION" value="HUKAA | HUKAH"/>
			<Property id="PROPERTY_8457" name="WIRE_DEV_PIN_1" value="G2D214:1"/>
			<Property id="PROPERTY_8458" name="WIRE_COLOR" value="BK/BU"/>
			<Property id="PROPERTY_8459" name="WIRE_SPEC" value="2UKD"/>
			<Property id="PROPERTY_8460" name="WIRE_LEVEL" value="(N-INV)/UA/UB/UC/UD"/>
			<Property id="PROPERTY_8461" name="WIRE_DEV_PIN_2" value="C2DC44-P:4"/>
			<Property id="PROPERTY_8462" name="WIRE_NAME" value="GD214S"/>
			<Property id="PROPERTY_8463" name="WIRE_END2_TERM" value="DU5T-14474-BA"/>
			<Property id="PROPERTY_8464" name="WIRE_SIGNAL" value="GD214"/>
			<Property id="PROPERTY_8465" name="HRN_FAMILY" value="14401"/>
			<Property id="PROPERTY_8466" name="WIRE_FPN" value="WIRE-2UKD-0.35-BK/BU"/>
			<Property id="PROPERTY_8467" name="WIRE_DIA_MAX" value="1.2"/>
			<Option id="OPTION_95-c-0-e45e3_1" value="HUKAA | HUKAH"/>
			<BranchRoute id="BRR_302">
				<StartBranchPosition id="BR_POS_867" branchId="BRANCH_c2-4e-0-4c105f" branchNodeId="BN_6454_25-222_156" offset="0"/>
				<PassBranchId>BRANCH_c2-4e-0-4c108c</PassBranchId>
				<PassBranchId>BRANCH_c2-4e-0-4c10e7</PassBranchId>
				<PassBranchId>BRANCH_c2-4e-0-4c0fc5</PassBranchId>
				<PassBranchId>BRANCH_c2-4e-0-4c0fce</PassBranchId>
				<PassBranchId>BRANCH_c2-4e-0-4c0d1d</PassBranchId>
				<PassBranchId>BRANCH_35-4e-0-2efaf8</PassBranchId>
				<PassBranchId>BRANCH_c2-4e-0-4c10c0</PassBranchId>
				<PassBranchId>BRANCH_c2-4e-0-4c0fc8</PassBranchId>
				<PassBranchId>BRANCH_c2-4e-0-4c108d</PassBranchId>
				<PassBranchId>BRANCH_c2-4e-0-4c0d88</PassBranchId>
				<PassBranchId>BRANCH_c2-4e-0-4c109a</PassBranchId>
				<PassBranchId>BRANCH_c2-4e-0-4c0e16</PassBranchId>
				<PassBranchId>BRANCH_c2-4e-0-4c0fcb</PassBranchId>
				<PassBranchId>BRANCH_c2-4e-0-4c0dea</PassBranchId>
				<PassBranchId>BRANCH_c2-4e-0-4c0fd1</PassBranchId>
				<PassBranchId>BRANCH_c2-4e-0-4c0fe8</PassBranchId>
				<PassBranchId>BRANCH_c2-4e-0-4c1009</PassBranchId>
				<PassBranchId>BRANCH_c2-4e-0-4c10cb</PassBranchId>
				<PassBranchId>BRANCH_c2-4e-0-4c10ec</PassBranchId>
				<PassBranchId>BRANCH_c2-4e-0-4c1075</PassBranchId>
				<PassBranchId>BRANCH_c2-4e-0-4c106f</PassBranchId>
				<PassBranchId>BRANCH_c2-4e-0-4c1076</PassBranchId>
				<PassBranchId>BRANCH_c2-4e-0-4c0d05</PassBranchId>
				<PassBranchId>BRANCH_c2-4e-0-4c0f30</PassBranchId>
				<PassBranchId>BRANCH_c2-4e-0-4c0d46</PassBranchId>
				<PassBranchId>BRANCH_c2-4e-0-4c0ebe</PassBranchId>
				<EndBranchPosition id="BR_POS_868" branchId="BRANCH_c2-4e-0-4c0d3b" branchNodeId="BN_16720-240" offset="0"/>
			</BranchRoute>
		</WiringItem>
		<WiringItem xsi:type="Wire" id="WIRE_95-c-0-e45f9" name="GD214T" signalId="SIGNAL_2-36-0-3a83" cableType="WIRE-2TAD-1.0" wireName="BK/BU" fromPinId="PIN_f-18-0-dd08" toPinId="PIN_e8-18-0-36c7">
			<AppRef name="E3.Series" version="2.13.7.0" guid="443f6d01-5524-473a-a85b-57f12fd62cb9"/>
			<Property id="PROPERTY_8468" name="WIRE_LENGTH" value="1680"/>
			<Property id="PROPERTY_8469" name="WIRE_END2_MATL" value="(SN)"/>
			<Property id="PROPERTY_8470" name="WIRE_CSA" value="1"/>
			<Property id="PROPERTY_8471" name="WIRE_MIN_BEND_RADIUS" value="5.25"/>
			<Property id="PROPERTY_8472" name="WIRE_OPTION" value="B5WAA &amp; HUKAM"/>
			<Property id="PROPERTY_8473" name="WIRE_DEV_PIN_1" value="G2D214:1"/>
			<Property id="PROPERTY_8474" name="WIRE_COLOR" value="BK/BU"/>
			<Property id="PROPERTY_8475" name="WIRE_SPEC" value="2TAD"/>
			<Property id="PROPERTY_8476" name="WIRE_LEVEL" value="YA/YB/YC/YD/YU/YV"/>
			<Property id="PROPERTY_8477" name="WIRE_DEV_PIN_2" value="C2DC09:C"/>
			<Property id="PROPERTY_8478" name="WIRE_NAME" value="GD214T"/>
			<Property id="PROPERTY_8479" name="WIRE_END2_TERM" value="F8VB-14474-BA"/>
			<Property id="PROPERTY_8480" name="WIRE_SIGNAL" value="GD214"/>
			<Property id="PROPERTY_8481" name="HRN_FAMILY" value="14401"/>
			<Property id="PROPERTY_8482" name="WIRE_FPN" value="WIRE-2TAD-1.0-BK/BU"/>
			<Property id="PROPERTY_8483" name="WIRE_DIA_MAX" value="2.1"/>
			<Option id="OPTION_95-c-0-e45f9_1" value="B5WAA &amp; HUKAM"/>
			<BranchRoute id="BRR_303">
				<StartBranchPosition id="BR_POS_869" branchId="BRANCH_c2-4e-0-4c105f" branchNodeId="BN_6454_25-222_156" offset="0"/>
				<PassBranchId>BRANCH_c2-4e-0-4c108c</PassBranchId>
				<PassBranchId>BRANCH_c2-4e-0-4c10e7</PassBranchId>
				<PassBranchId>BRANCH_c2-4e-0-4c0fc5</PassBranchId>
				<PassBranchId>BRANCH_c2-4e-0-4c0fce</PassBranchId>
				<PassBranchId>BRANCH_c2-4e-0-4c0d1d</PassBranchId>
				<PassBranchId>BRANCH_35-4e-0-2efaf8</PassBranchId>
				<PassBranchId>BRANCH_c2-4e-0-4c10c0</PassBranchId>
				<PassBranchId>BRANCH_c2-4e-0-4c0fc8</PassBranchId>
				<PassBranchId>BRANCH_c2-4e-0-4c108d</PassBranchId>
				<PassBranchId>BRANCH_c2-4e-0-4c0d88</PassBranchId>
				<PassBranchId>BRANCH_c2-4e-0-4c109a</PassBranchId>
				<PassBranchId>BRANCH_c2-4e-0-4c0e16</PassBranchId>
				<PassBranchId>BRANCH_c2-4e-0-4c0fcb</PassBranchId>
				<PassBranchId>BRANCH_c2-4e-0-4c0dea</PassBranchId>
				<PassBranchId>BRANCH_c2-4e-0-4c0fd1</PassBranchId>
				<PassBranchId>BRANCH_c2-4e-0-4c0fe8</PassBranchId>
				<PassBranchId>BRANCH_c2-4e-0-4c1009</PassBranchId>
				<PassBranchId>BRANCH_c2-4e-0-4c10cb</PassBranchId>
				<PassBranchId>BRANCH_c2-4e-0-4c10ec</PassBranchId>
				<PassBranchId>BRANCH_c2-4e-0-4c1075</PassBranchId>
				<PassBranchId>BRANCH_c2-4e-0-4c106f</PassBranchId>
				<PassBranchId>BRANCH_c2-4e-0-4c1076</PassBranchId>
				<PassBranchId>BRANCH_c2-4e-0-4c0d05</PassBranchId>
				<PassBranchId>BRANCH_c2-4e-0-4c0f34</PassBranchId>
				<PassBranchId>BRANCH_c2-4e-0-4c0ffc</PassBranchId>
				<EndBranchPosition id="BR_POS_870" branchId="BRANCH_c2-4e-0-4c0f31" branchNodeId="BN_16496-216" offset="0"/>
			</BranchRoute>
		</WiringItem>
		<WiringItem xsi:type="Wire" id="WIRE_71-c-0-224780" name="GD214TA" signalId="SIGNAL_2-36-0-3a83" cableType="WIRE-2TAD-1.0" wireName="BK/BU" fromPinId="PIN_f-18-0-dd08" toPinId="PIN_71-18-0-224759">
			<AppRef name="E3.Series" version="2.13.7.0" guid="eb424fbb-bde7-4dbe-ba00-db8d5f83c3c4"/>
			<Property id="PROPERTY_8484" name="WIRE_LENGTH" value="1575"/>
			<Property id="PROPERTY_8485" name="WIRE_END2_MATL" value="(SN)"/>
			<Property id="PROPERTY_8486" name="WIRE_CSA" value="1"/>
			<Property id="PROPERTY_8487" name="WIRE_MIN_BEND_RADIUS" value="5.25"/>
			<Property id="PROPERTY_8488" name="WIRE_OPTION" value="HUKAA | HUKAJ | HUKAK | HUKAL | HUKAN | HUKAQ | HUKAD | HUKAH"/>
			<Property id="PROPERTY_8489" name="WIRE_DEV_PIN_1" value="G2D214:1"/>
			<Property id="PROPERTY_8490" name="WIRE_COLOR" value="BK/BU"/>
			<Property id="PROPERTY_8491" name="WIRE_SPEC" value="2TAD"/>
			<Property id="PROPERTY_8492" name="WIRE_LEVEL" value="(400W)/(KWINV)/(S-ZN)/(EXPORT)/(N-INV)/(BEV)/VA"/>
			<Property id="PROPERTY_8493" name="WIRE_DEV_PIN_2" value="C2DC08:C"/>
			<Property id="PROPERTY_8494" name="WIRE_NAME" value="GD214TA"/>
			<Property id="PROPERTY_8495" name="WIRE_END2_TERM" value="F8VB-14474-BA"/>
			<Property id="PROPERTY_8496" name="WIRE_SIGNAL" value="GD214"/>
			<Property id="PROPERTY_8497" name="HRN_FAMILY" value="14401"/>
			<Property id="PROPERTY_8498" name="WIRE_FPN" value="WIRE-2TAD-1.0-BK/BU"/>
			<Property id="PROPERTY_8499" name="WIRE_DIA_MAX" value="2.1"/>
			<Option id="OPTION_71-c-0-224780_1" value="HUKAA | HUKAJ | HUKAK | HUKAL | HUKAN | HUKAQ | HUKAD | HUKAH"/>
			<BranchRoute id="BRR_304">
				<StartBranchPosition id="BR_POS_871" branchId="BRANCH_c2-4e-0-4c105f" branchNodeId="BN_6454_25-222_156" offset="0"/>
				<PassBranchId>BRANCH_c2-4e-0-4c108c</PassBranchId>
				<PassBranchId>BRANCH_c2-4e-0-4c10e7</PassBranchId>
				<PassBranchId>BRANCH_c2-4e-0-4c0fc5</PassBranchId>
				<PassBranchId>BRANCH_c2-4e-0-4c0fce</PassBranchId>
				<PassBranchId>BRANCH_c2-4e-0-4c0d1d</PassBranchId>
				<PassBranchId>BRANCH_35-4e-0-2efaf8</PassBranchId>
				<PassBranchId>BRANCH_c2-4e-0-4c10c0</PassBranchId>
				<PassBranchId>BRANCH_c2-4e-0-4c0fc8</PassBranchId>
				<PassBranchId>BRANCH_c2-4e-0-4c108d</PassBranchId>
				<PassBranchId>BRANCH_c2-4e-0-4c0d88</PassBranchId>
				<PassBranchId>BRANCH_c2-4e-0-4c109a</PassBranchId>
				<PassBranchId>BRANCH_c2-4e-0-4c0e16</PassBranchId>
				<PassBranchId>BRANCH_c2-4e-0-4c0fcb</PassBranchId>
				<PassBranchId>BRANCH_c2-4e-0-4c0dea</PassBranchId>
				<PassBranchId>BRANCH_c2-4e-0-4c0fd1</PassBranchId>
				<PassBranchId>BRANCH_c2-4e-0-4c0fe8</PassBranchId>
				<PassBranchId>BRANCH_c2-4e-0-4c1009</PassBranchId>
				<PassBranchId>BRANCH_c2-4e-0-4c10cb</PassBranchId>
				<PassBranchId>BRANCH_c2-4e-0-4c10ec</PassBranchId>
				<PassBranchId>BRANCH_c2-4e-0-4c1075</PassBranchId>
				<PassBranchId>BRANCH_c2-4e-0-4c106f</PassBranchId>
				<PassBranchId>BRANCH_c2-4e-0-4c1076</PassBranchId>
				<PassBranchId>BRANCH_c2-4e-0-4c0d05</PassBranchId>
				<PassBranchId>BRANCH_c2-4e-0-4c0f30</PassBranchId>
				<PassBranchId>BRANCH_c2-4e-0-4c0d46</PassBranchId>
				<PassBranchId>BRANCH_c2-4e-0-4c0eeb</PassBranchId>
				<EndBranchPosition id="BR_POS_872" branchId="BRANCH_c2-4e-0-4c0eee" branchNodeId="BN_16568_25-124_156" offset="0"/>
			</BranchRoute>
		</WiringItem>
		<WiringItem xsi:type="Wire" id="WIRE_95-c-0-e6266" name="GD214U" signalId="SIGNAL_2-36-0-3a83" cableType="WIRE-2UKD-0.35" wireName="BK/BU" fromPinId="PIN_f-18-0-dd08" toPinId="PIN_7b-18-0-1a1a2">
			<AppRef name="E3.Series" version="2.13.7.0" guid="8c359aec-cc77-441a-89ea-7e6f2367e4d3"/>
			<Property id="PROPERTY_8500" name="WIRE_LENGTH" value="390"/>
			<Property id="PROPERTY_8501" name="WIRE_END2_MATL" value="(SN)"/>
			<Property id="PROPERTY_8502" name="WIRE_CSA" value="0.35"/>
			<Property id="PROPERTY_8503" name="WIRE_MIN_BEND_RADIUS" value="3"/>
			<Property id="PROPERTY_8504" name="WIRE_OPTION" value="BB7AC | BB7AD"/>
			<Property id="PROPERTY_8505" name="WIRE_DEV_PIN_1" value="G2D214:1"/>
			<Property id="PROPERTY_8506" name="WIRE_COLOR" value="BK/BU"/>
			<Property id="PROPERTY_8507" name="WIRE_SPEC" value="2UKD"/>
			<Property id="PROPERTY_8508" name="WIRE_LEVEL" value="(PEPS-12)/(TACH-L0)/ZE"/>
			<Property id="PROPERTY_8509" name="WIRE_DEV_PIN_2" value="C2PP09:4"/>
			<Property id="PROPERTY_8510" name="WIRE_NAME" value="GD214U"/>
			<Property id="PROPERTY_8511" name="WIRE_END2_TERM" value="3M5T-14474-HAA"/>
			<Property id="PROPERTY_8512" name="WIRE_SIGNAL" value="GD214"/>
			<Property id="PROPERTY_8513" name="HRN_FAMILY" value="14401"/>
			<Property id="PROPERTY_8514" name="WIRE_FPN" value="WIRE-2UKD-0.35-BK/BU"/>
			<Property id="PROPERTY_8515" name="WIRE_DIA_MAX" value="1.2"/>
			<Option id="OPTION_95-c-0-e6266_1" value="BB7AC | BB7AD"/>
			<BranchRoute id="BRR_305">
				<StartBranchPosition id="BR_POS_873" branchId="BRANCH_c2-4e-0-4c0dbf" branchNodeId="BN_3734_25-198_156" offset="0"/>
				<PassBranchId>BRANCH_c2-4e-0-4c0dbb</PassBranchId>
				<PassBranchId>BRANCH_c2-4e-0-4c1055</PassBranchId>
				<PassBranchId>BRANCH_c2-4e-0-4c1056</PassBranchId>
				<PassBranchId>BRANCH_c2-4e-0-4c108c</PassBranchId>
				<EndBranchPosition id="BR_POS_874" branchId="BRANCH_c2-4e-0-4c105f" branchNodeId="BN_6454_25-222_156" offset="0"/>
			</BranchRoute>
		</WiringItem>
		<WiringItem xsi:type="Wire" id="WIRE_95-c-0-e5f98" name="GD214W" signalId="SIGNAL_2-36-0-3a83" cableType="WIRE-2UKD-0.35" wireName="BK/BU" fromPinId="PIN_f-18-0-dd08" toPinId="PIN_48-18-0-85d582">
			<AppRef name="E3.Series" version="2.13.7.0" guid="7ff202aa-bbbd-471d-b423-60f5c2eab033"/>
			<Property id="PROPERTY_8516" name="WIRE_LENGTH" value="845"/>
			<Property id="PROPERTY_8517" name="WIRE_END2_MATL" value="(SN)"/>
			<Property id="PROPERTY_8518" name="WIRE_CSA" value="0.35"/>
			<Property id="PROPERTY_8519" name="WIRE_MIN_BEND_RADIUS" value="3"/>
			<Property id="PROPERTY_8520" name="WIRE_OPTION" value="GPAAJ"/>
			<Property id="PROPERTY_8521" name="WIRE_DEV_PIN_1" value="G2D214:1"/>
			<Property id="PROPERTY_8522" name="WIRE_COLOR" value="BK/BU"/>
			<Property id="PROPERTY_8523" name="WIRE_SPEC" value="2UKD"/>
			<Property id="PROPERTY_8524" name="WIRE_LEVEL" value="(E-STR)"/>
			<Property id="PROPERTY_8525" name="WIRE_DEV_PIN_2" value="C2AM01-B:8"/>
			<Property id="PROPERTY_8526" name="WIRE_NAME" value="GD214W"/>
			<Property id="PROPERTY_8527" name="WIRE_END2_TERM" value="3F2T-14474-SA"/>
			<Property id="PROPERTY_8528" name="WIRE_SIGNAL" value="GD214"/>
			<Property id="PROPERTY_8529" name="HRN_FAMILY" value="14401"/>
			<Property id="PROPERTY_8530" name="WIRE_FPN" value="WIRE-2UKD-0.35-BK/BU"/>
			<Property id="PROPERTY_8531" name="WIRE_DIA_MAX" value="1.2"/>
			<Option id="OPTION_95-c-0-e5f98_1" value="GPAAJ"/>
			<BranchRoute id="BRR_306">
				<StartBranchPosition id="BR_POS_875" branchId="BRANCH_c2-4e-0-4c0da2" branchNodeId="BN_4919_9-222_058" offset="0"/>
				<PassBranchId>BRANCH_c2-4e-0-4c0f94</PassBranchId>
				<PassBranchId>BRANCH_c2-4e-0-4c0f96</PassBranchId>
				<PassBranchId>BRANCH_c2-4e-0-4c0f99</PassBranchId>
				<PassBranchId>BRANCH_c2-4e-0-4c0d9b</PassBranchId>
				<PassBranchId>BRANCH_c2-4e-0-4c10b4</PassBranchId>
				<PassBranchId>BRANCH_c2-4e-0-4c10b7</PassBranchId>
				<PassBranchId>BRANCH_c2-4e-0-4c0fa1</PassBranchId>
				<PassBranchId>BRANCH_c2-4e-0-4c10b1</PassBranchId>
				<PassBranchId>BRANCH_c2-4e-0-4c0f9e</PassBranchId>
				<PassBranchId>BRANCH_c2-4e-0-4c0f9b</PassBranchId>
				<PassBranchId>BRANCH_c2-4e-0-4c10ae</PassBranchId>
				<PassBranchId>BRANCH_c2-4e-0-4c0d95</PassBranchId>
				<PassBranchId>BRANCH_c2-4e-0-4c101d</PassBranchId>
				<PassBranchId>BRANCH_c2-4e-0-4c101a</PassBranchId>
				<PassBranchId>BRANCH_c2-4e-0-4c0fc5</PassBranchId>
				<PassBranchId>BRANCH_c2-4e-0-4c10e7</PassBranchId>
				<PassBranchId>BRANCH_c2-4e-0-4c108c</PassBranchId>
				<EndBranchPosition id="BR_POS_876" branchId="BRANCH_c2-4e-0-4c105f" branchNodeId="BN_6454_25-222_156" offset="0"/>
			</BranchRoute>
		</WiringItem>
		<WiringItem xsi:type="Wire" id="WIRE_95-c-0-e68bb" name="GD215A" signalId="SIGNAL_2-36-0-3a84" cableType="WIRE-2UKD-1.0" wireName="BK/GY" fromPinId="PIN_f-18-0-ecaa" toPinId="PIN_b-18-0-11862">
			<AppRef name="E3.Series" version="2.13.7.0" guid="b651fe82-2fe4-462e-814d-7d305b39d368"/>
			<Property id="PROPERTY_8532" name="WIRE_LENGTH" value="1340"/>
			<Property id="PROPERTY_8533" name="WIRE_END2_MATL" value="(SN)"/>
			<Property id="PROPERTY_8534" name="WIRE_CSA" value="1"/>
			<Property id="PROPERTY_8535" name="WIRE_MIN_BEND_RADIUS" value="3"/>
			<Property id="PROPERTY_8536" name="WIRE_OPTION" value="IEVAQ | IEVAR"/>
			<Property id="PROPERTY_8537" name="WIRE_DEV_PIN_1" value="G2D215:1"/>
			<Property id="PROPERTY_8538" name="WIRE_COLOR" value="BK/GY"/>
			<Property id="PROPERTY_8539" name="WIRE_SPEC" value="2UKD"/>
			<Property id="PROPERTY_8540" name="WIRE_LEVEL" value="(D-CAM)/(C-SHF)/(KWINV)/(8SPKR)/(F-SHF)/(BEV)"/>
			<Property id="PROPERTY_8541" name="WIRE_DEV_PIN_2" value="C2ME03-A:4"/>
			<Property id="PROPERTY_8542" name="WIRE_NAME" value="GD215A"/>
			<Property id="PROPERTY_8543" name="WIRE_END2_TERM" value="3M5T-14474-HBA"/>
			<Property id="PROPERTY_8544" name="WIRE_SIGNAL" value="GD215"/>
			<Property id="PROPERTY_8545" name="HRN_FAMILY" value="14401"/>
			<Property id="PROPERTY_8546" name="WIRE_FPN" value="WIRE-2UKD-1.0-BK/GY"/>
			<Property id="PROPERTY_8547" name="WIRE_DIA_MAX" value="1.75"/>
			<Option id="OPTION_95-c-0-e68bb_1" value="IEVAQ | IEVAR"/>
			<BranchRoute id="BRR_307">
				<StartBranchPosition id="BR_POS_877" branchId="BRANCH_c2-4e-0-4c0f76" branchNodeId="BN_10584-132" offset="0"/>
				<PassBranchId>BRANCH_ff-4e-0-9d8f85</PassBranchId>
				<PassBranchId>BRANCH_22-4e-0-2ca187b</PassBranchId>
				<PassBranchId>BRANCH_c2-4e-0-4c0f6f</PassBranchId>
				<PassBranchId>BRANCH_c2-4e-0-4c0f6c</PassBranchId>
				<PassBranchId>BRANCH_c2-4e-0-4c0f66</PassBranchId>
				<PassBranchId>BRANCH_c2-4e-0-4c0fb7</PassBranchId>
				<PassBranchId>BRANCH_c2-4e-0-4c10a4</PassBranchId>
				<PassBranchId>BRANCH_c2-4e-0-4c0f7a</PassBranchId>
				<PassBranchId>BRANCH_35-4e-0-350133</PassBranchId>
				<PassBranchId>BRANCH_c2-4e-0-4c0f60</PassBranchId>
				<PassBranchId>BRANCH_c2-4e-0-4c1005</PassBranchId>
				<PassBranchId>BRANCH_c2-4e-0-4c0f45</PassBranchId>
				<PassBranchId>BRANCH_c2-4e-0-4c0dea</PassBranchId>
				<PassBranchId>BRANCH_c2-4e-0-4c0fd1</PassBranchId>
				<PassBranchId>BRANCH_c2-4e-0-4c0fe8</PassBranchId>
				<PassBranchId>BRANCH_c2-4e-0-4c1009</PassBranchId>
				<PassBranchId>BRANCH_c2-4e-0-4c10cb</PassBranchId>
				<PassBranchId>BRANCH_c2-4e-0-4c10ec</PassBranchId>
				<PassBranchId>BRANCH_c2-4e-0-4c1078</PassBranchId>
				<EndBranchPosition id="BR_POS_878" branchId="BRANCH_c2-4e-0-4c0f0e" branchNodeId="BN_21072-320" offset="0"/>
			</BranchRoute>
		</WiringItem>
		<WiringItem xsi:type="Wire" id="WIRE_3b-c-0-1263a2d" name="GD215DP" signalId="SIGNAL_2-36-0-3a84" cableType="WIRE-2UKD-0.35" wireName="BK/GY" fromPinId="PIN_f-18-0-ecaa" toPinId="PIN_9f-18-0-514019">
			<AppRef name="E3.Series" version="2.13.7.0" guid="0939fd17-3dc9-4a84-9543-c2565c87b9f5"/>
			<Property id="PROPERTY_8548" name="WIRE_LENGTH" value="415"/>
			<Property id="PROPERTY_8549" name="WIRE_END2_MATL" value="(SN)"/>
			<Property id="PROPERTY_8550" name="WIRE_CSA" value="0.35"/>
			<Property id="PROPERTY_8551" name="WIRE_MIN_BEND_RADIUS" value="3"/>
			<Property id="PROPERTY_8552" name="WIRE_OPTION" value="HJGAX"/>
			<Property id="PROPERTY_8553" name="WIRE_DEV_PIN_1" value="G2D215:1"/>
			<Property id="PROPERTY_8554" name="WIRE_COLOR" value="BK/GY"/>
			<Property id="PROPERTY_8555" name="WIRE_SPEC" value="2UKD"/>
			<Property id="PROPERTY_8556" name="WIRE_LEVEL" value="(CNSL-HI)/(A-STR)/AH/AJ/AK/AL/AM/AN/AP/AR/BH/BJ/CB/CC/CD/CE/VA/XJ/XL/XM/XS/YC/YD/YG/YH/YK/YL/YN/YP"/>
			<Property id="PROPERTY_8557" name="WIRE_LEVEL" value="YR/YU/YV/ZD/ZE/ZG/ZH"/>
			<Property id="PROPERTY_8558" name="WIRE_DEV_PIN_2" value="C22-SW1:20"/>
			<Property id="PROPERTY_8559" name="WIRE_NAME" value="GD215DP"/>
			<Property id="PROPERTY_8560" name="WIRE_END2_TERM" value="DU5T-14421-FA"/>
			<Property id="PROPERTY_8561" name="WIRE_SIGNAL" value="GD215"/>
			<Property id="PROPERTY_8562" name="HRN_FAMILY" value="14401"/>
			<Property id="PROPERTY_8563" name="WIRE_FPN" value="WIRE-2UKD-0.35-BK/GY"/>
			<Property id="PROPERTY_8564" name="WIRE_DIA_MAX" value="1.2"/>
			<Option id="OPTION_3b-c-0-1263a2d_1" value="HJGAX"/>
			<BranchRoute id="BRR_308">
				<StartBranchPosition id="BR_POS_879" branchId="BRANCH_c2-4e-0-4c0f0b" branchNodeId="BN_20576-224" offset="0"/>
				<PassBranchId>BRANCH_c2-4e-0-4c0df7</PassBranchId>
				<PassBranchId>BRANCH_c2-4e-0-4c1068</PassBranchId>
				<PassBranchId>BRANCH_c2-4e-0-4c1078</PassBranchId>
				<EndBranchPosition id="BR_POS_880" branchId="BRANCH_c2-4e-0-4c0f0e" branchNodeId="BN_21072-320" offset="0"/>
			</BranchRoute>
		</WiringItem>
		<WiringItem xsi:type="Wire" id="WIRE_82-c-0-505150" name="GD215DT" signalId="SIGNAL_2-36-0-3a84" cableType="WIRE-3TAD-0.75" wireName="BK/GY" fromPinId="PIN_f-18-0-ecaa" toPinId="PIN_74-18-0-263b88">
			<AppRef name="E3.Series" version="2.13.12.0" guid="2d223e4d-0aef-4a15-b7e2-d5b1f0b15299"/>
			<Property id="PROPERTY_8565" name="WIRE_LENGTH" value="1455"/>
			<Property id="PROPERTY_8566" name="WIRE_END2_MATL" value="(SN)"/>
			<Property id="PROPERTY_8567" name="WIRE_CSA" value="0.75"/>
			<Property id="PROPERTY_8568" name="WIRE_MIN_BEND_RADIUS" value="4.75"/>
			<Property id="PROPERTY_8569" name="WIRE_LEVEL" value="(ALL)"/>
			<Property id="PROPERTY_8570" name="WIRE_DEV_PIN_1" value="G2D215:1"/>
			<Property id="PROPERTY_8571" name="WIRE_COLOR" value="BK/GY"/>
			<Property id="PROPERTY_8572" name="WIRE_SPEC" value="3TAD"/>
			<Property id="PROPERTY_8573" name="WIRE_DEV_PIN_2" value="C23-C1:22"/>
			<Property id="PROPERTY_8574" name="WIRE_NAME" value="GD215DT"/>
			<Property id="PROPERTY_8575" name="WIRE_END2_TERM" value="*9U5T-14474-EB"/>
			<Property id="PROPERTY_8576" name="WIRE_SIGNAL" value="GD215"/>
			<Property id="PROPERTY_8577" name="HRN_FAMILY" value="14401"/>
			<Property id="PROPERTY_8578" name="WIRE_FPN" value="WIRE-3TAD-0.75-BK/GY"/>
			<Property id="PROPERTY_8579" name="WIRE_DIA_MAX" value="1.9"/>
			<BranchRoute id="BRR_309">
				<StartBranchPosition id="BR_POS_881" branchId="BRANCH_c2-4e-0-4c0de1" branchNodeId="BN_79_9-190_058" offset="0"/>
				<PassBranchId>BRANCH_c2-4e-0-4c0ddd</PassBranchId>
				<PassBranchId>BRANCH_c2-4e-0-4c10dd</PassBranchId>
				<PassBranchId>BRANCH_c2-4e-0-4c1020</PassBranchId>
				<PassBranchId>BRANCH_c2-4e-0-4c1021</PassBranchId>
				<PassBranchId>BRANCH_c2-4e-0-4c10e7</PassBranchId>
				<PassBranchId>BRANCH_c2-4e-0-4c0fc5</PassBranchId>
				<PassBranchId>BRANCH_c2-4e-0-4c0fce</PassBranchId>
				<PassBranchId>BRANCH_c2-4e-0-4c0d1d</PassBranchId>
				<PassBranchId>BRANCH_35-4e-0-2efaf8</PassBranchId>
				<PassBranchId>BRANCH_c2-4e-0-4c10c0</PassBranchId>
				<PassBranchId>BRANCH_c2-4e-0-4c0fc8</PassBranchId>
				<PassBranchId>BRANCH_c2-4e-0-4c108d</PassBranchId>
				<PassBranchId>BRANCH_c2-4e-0-4c0d88</PassBranchId>
				<PassBranchId>BRANCH_c2-4e-0-4c109a</PassBranchId>
				<PassBranchId>BRANCH_c2-4e-0-4c0e16</PassBranchId>
				<PassBranchId>BRANCH_c2-4e-0-4c0fcb</PassBranchId>
				<PassBranchId>BRANCH_c2-4e-0-4c0dea</PassBranchId>
				<PassBranchId>BRANCH_c2-4e-0-4c0fd1</PassBranchId>
				<PassBranchId>BRANCH_c2-4e-0-4c0fe8</PassBranchId>
				<PassBranchId>BRANCH_c2-4e-0-4c1009</PassBranchId>
				<PassBranchId>BRANCH_c2-4e-0-4c10cb</PassBranchId>
				<PassBranchId>BRANCH_c2-4e-0-4c10ec</PassBranchId>
				<PassBranchId>BRANCH_c2-4e-0-4c1078</PassBranchId>
				<EndBranchPosition id="BR_POS_882" branchId="BRANCH_c2-4e-0-4c0f0e" branchNodeId="BN_21072-320" offset="0"/>
			</BranchRoute>
		</WiringItem>
		<WiringItem xsi:type="Wire" id="WIRE_df-c-0-5a83fe" name="GD215EVA" signalId="SIGNAL_2-36-0-3a84" cableType="WIRE-2UKD-0.35" wireName="BK/GY" fromPinId="PIN_f-18-0-ecaa" toPinId="PIN_95-18-0-8c78cc">
			<AppRef name="E3.Series" version="2.14.0.0" guid="8bb36b24-fa28-4611-8f3a-70ee1a6c1d7e"/>
			<Property id="PROPERTY_8580" name="WIRE_LENGTH" value="1090"/>
			<Property id="PROPERTY_8581" name="WIRE_CSA" value="0.35"/>
			<Property id="PROPERTY_8582" name="WIRE_MIN_BEND_RADIUS" value="3"/>
			<Property id="PROPERTY_8583" name="WIRE_OPTION" value="HT2AC"/>
			<Property id="PROPERTY_8584" name="WIRE_DEV_PIN_1" value="G2D215:1"/>
			<Property id="PROPERTY_8585" name="WIRE_COLOR" value="BK/GY"/>
			<Property id="PROPERTY_8586" name="WIRE_SPEC" value="2UKD"/>
			<Property id="PROPERTY_8587" name="WIRE_LEVEL" value="(BEV)"/>
			<Property id="PROPERTY_8588" name="WIRE_DEV_PIN_2" value="C2DB05-EVA:4"/>
			<Property id="PROPERTY_8589" name="WIRE_NAME" value="GD215EVA"/>
			<Property id="PROPERTY_8590" name="WIRE_END2_TERM" value="*1X4T-14474-BA"/>
			<Property id="PROPERTY_8591" name="WIRE_SIGNAL" value="GD215"/>
			<Property id="PROPERTY_8592" name="HRN_FAMILY" value="14401"/>
			<Property id="PROPERTY_8593" name="WIRE_FPN" value="WIRE-2UKD-0.35-BK/GY"/>
			<Property id="PROPERTY_8594" name="WIRE_DIA_MAX" value="1.2"/>
			<Option id="OPTION_df-c-0-5a83fe_1" value="HT2AC"/>
			<BranchRoute id="BRR_310">
				<StartBranchPosition id="BR_POS_883" branchId="BRANCH_36-4e-0-65ae7f" branchNodeId="BN_6856-336" offset="0"/>
				<PassBranchId>BRANCH_35-4e-0-30adeb</PassBranchId>
				<PassBranchId>BRANCH_c2-4e-0-4c0fce</PassBranchId>
				<PassBranchId>BRANCH_c2-4e-0-4c0d1d</PassBranchId>
				<PassBranchId>BRANCH_35-4e-0-2efaf8</PassBranchId>
				<PassBranchId>BRANCH_c2-4e-0-4c10c0</PassBranchId>
				<PassBranchId>BRANCH_c2-4e-0-4c0fc8</PassBranchId>
				<PassBranchId>BRANCH_c2-4e-0-4c108d</PassBranchId>
				<PassBranchId>BRANCH_c2-4e-0-4c0d88</PassBranchId>
				<PassBranchId>BRANCH_c2-4e-0-4c109a</PassBranchId>
				<PassBranchId>BRANCH_c2-4e-0-4c0e16</PassBranchId>
				<PassBranchId>BRANCH_c2-4e-0-4c0fcb</PassBranchId>
				<PassBranchId>BRANCH_c2-4e-0-4c0dea</PassBranchId>
				<PassBranchId>BRANCH_c2-4e-0-4c0fd1</PassBranchId>
				<PassBranchId>BRANCH_c2-4e-0-4c0fe8</PassBranchId>
				<PassBranchId>BRANCH_c2-4e-0-4c1009</PassBranchId>
				<PassBranchId>BRANCH_c2-4e-0-4c10cb</PassBranchId>
				<PassBranchId>BRANCH_c2-4e-0-4c10ec</PassBranchId>
				<PassBranchId>BRANCH_c2-4e-0-4c1078</PassBranchId>
				<EndBranchPosition id="BR_POS_884" branchId="BRANCH_c2-4e-0-4c0f0e" branchNodeId="BN_21072-320" offset="0"/>
			</BranchRoute>
		</WiringItem>
		<WiringItem xsi:type="Wire" id="WIRE_f9-c-0-3e764c" name="GD215EVDN" signalId="SIGNAL_2-36-0-3a84" cableType="WIRE-2UKD-0.50" wireName="BK/GY" fromPinId="PIN_f-18-0-ecaa" toPinId="PIN_f9-18-0-3e6543">
			<AppRef name="E3.Series" version="2.14.0.0" guid="23dd721e-6801-4706-bb84-bbad15091335"/>
			<Property id="PROPERTY_8595" name="WIRE_LENGTH" value="1235"/>
			<Property id="PROPERTY_8596" name="WIRE_END2_MATL" value="(SN)"/>
			<Property id="PROPERTY_8597" name="WIRE_CSA" value="0.5"/>
			<Property id="PROPERTY_8598" name="WIRE_MIN_BEND_RADIUS" value="3"/>
			<Property id="PROPERTY_8599" name="WIRE_OPTION" value="HJGAY"/>
			<Property id="PROPERTY_8600" name="WIRE_DEV_PIN_1" value="G2D215:1"/>
			<Property id="PROPERTY_8601" name="WIRE_COLOR" value="BK/GY"/>
			<Property id="PROPERTY_8602" name="WIRE_SPEC" value="2UKD"/>
			<Property id="PROPERTY_8603" name="WIRE_LEVEL" value="ZA/ZB/ZC/ZF"/>
			<Property id="PROPERTY_8604" name="WIRE_DEV_PIN_2" value="C2MM08-EVB:4"/>
			<Property id="PROPERTY_8605" name="WIRE_NAME" value="GD215EVDN"/>
			<Property id="PROPERTY_8606" name="WIRE_END2_TERM" value="9U5T-14474-MA"/>
			<Property id="PROPERTY_8607" name="WIRE_SIGNAL" value="GD215"/>
			<Property id="PROPERTY_8608" name="HRN_FAMILY" value="14401"/>
			<Property id="PROPERTY_8609" name="WIRE_FPN" value="WIRE-2UKD-0.50-BK/GY"/>
			<Property id="PROPERTY_8610" name="WIRE_DIA_MAX" value="1.4"/>
			<Option id="OPTION_f9-c-0-3e764c_1" value="HJGAY"/>
			<BranchRoute id="BRR_311">
				<StartBranchPosition id="BR_POS_885" branchId="BRANCH_35-4e-0-337f4f" branchNodeId="BN_15012-80" offset="0"/>
				<PassBranchId>BRANCH_35-4e-0-33c53a</PassBranchId>
				<PassBranchId>BRANCH_35-4e-0-335d76</PassBranchId>
				<PassBranchId>BRANCH_35-4e-0-32eeb3</PassBranchId>
				<PassBranchId>BRANCH_ff-4e-0-942c78</PassBranchId>
				<PassBranchId>BRANCH_ff-4e-0-938110</PassBranchId>
				<PassBranchId>BRANCH_ff-4e-0-93810b</PassBranchId>
				<PassBranchId>BRANCH_ff-4e-0-936078</PassBranchId>
				<PassBranchId>BRANCH_c2-4e-0-4c10c3</PassBranchId>
				<PassBranchId>BRANCH_c2-4e-0-4c0ff9</PassBranchId>
				<PassBranchId>BRANCH_c2-4e-0-4c0f34</PassBranchId>
				<PassBranchId>BRANCH_c2-4e-0-4c0d05</PassBranchId>
				<PassBranchId>BRANCH_c2-4e-0-4c1076</PassBranchId>
				<PassBranchId>BRANCH_c2-4e-0-4c106f</PassBranchId>
				<PassBranchId>BRANCH_c2-4e-0-4c1075</PassBranchId>
				<PassBranchId>BRANCH_c2-4e-0-4c1078</PassBranchId>
				<EndBranchPosition id="BR_POS_886" branchId="BRANCH_c2-4e-0-4c0f0e" branchNodeId="BN_21072-320" offset="0"/>
			</BranchRoute>
		</WiringItem>
		<WiringItem xsi:type="Wire" id="WIRE_95-c-0-e52ce" name="GD215F" signalId="SIGNAL_2-36-0-3a84" cableType="WIRE-3TAD-0.50" wireName="BK/GY" fromPinId="PIN_f-18-0-ecaa" toPinId="PIN_87-18-0-152f1">
			<AppRef name="E3.Series" version="2.13.7.0" guid="d5bf657f-7d0f-4921-8c42-cd143417b645"/>
			<Property id="PROPERTY_8611" name="WIRE_LENGTH" value="705"/>
			<Property id="PROPERTY_8612" name="WIRE_END2_MATL" value="(SN)"/>
			<Property id="PROPERTY_8613" name="WIRE_CSA" value="0.5"/>
			<Property id="PROPERTY_8614" name="WIRE_MIN_BEND_RADIUS" value="4.25"/>
			<Property id="PROPERTY_8615" name="WIRE_OPTION" value="IEVAQ | IEVAR"/>
			<Property id="PROPERTY_8616" name="WIRE_DEV_PIN_1" value="G2D215:1"/>
			<Property id="PROPERTY_8617" name="WIRE_COLOR" value="BK/GY"/>
			<Property id="PROPERTY_8618" name="WIRE_SPEC" value="3TAD"/>
			<Property id="PROPERTY_8619" name="WIRE_LEVEL" value="(D-CAM)/(C-SHF)/(KWINV)/(8SPKR)/(F-SHF)/(BEV)"/>
			<Property id="PROPERTY_8620" name="WIRE_DEV_PIN_2" value="C2MM01-A:37"/>
			<Property id="PROPERTY_8621" name="WIRE_NAME" value="GD215F"/>
			<Property id="PROPERTY_8622" name="WIRE_END2_TERM" value="9U5T-14474-DB"/>
			<Property id="PROPERTY_8623" name="WIRE_SIGNAL" value="GD215"/>
			<Property id="PROPERTY_8624" name="HRN_FAMILY" value="14401"/>
			<Property id="PROPERTY_8625" name="WIRE_FPN" value="WIRE-3TAD-0.50-BK/GY"/>
			<Property id="PROPERTY_8626" name="WIRE_DIA_MAX" value="1.6"/>
			<Option id="OPTION_95-c-0-e52ce_1" value="IEVAQ | IEVAR"/>
			<BranchRoute id="BRR_312">
				<StartBranchPosition id="BR_POS_887" branchId="BRANCH_c2-4e-0-4c0f2a" branchNodeId="BN_17720-164" offset="0"/>
				<PassBranchId>BRANCH_c2-4e-0-4c0f29</PassBranchId>
				<PassBranchId>BRANCH_c2-4e-0-4c0f26</PassBranchId>
				<PassBranchId>BRANCH_c2-4e-0-4c0d05</PassBranchId>
				<PassBranchId>BRANCH_c2-4e-0-4c1076</PassBranchId>
				<PassBranchId>BRANCH_c2-4e-0-4c106f</PassBranchId>
				<PassBranchId>BRANCH_c2-4e-0-4c1075</PassBranchId>
				<PassBranchId>BRANCH_c2-4e-0-4c1078</PassBranchId>
				<EndBranchPosition id="BR_POS_888" branchId="BRANCH_c2-4e-0-4c0f0e" branchNodeId="BN_21072-320" offset="0"/>
			</BranchRoute>
		</WiringItem>
		<WiringItem xsi:type="Wire" id="WIRE_bf-c-0-3318b3" name="GD215FD" signalId="SIGNAL_2-36-0-3a84" cableType="WIRE-2TAD-2.5" wireName="BK/GY" fromPinId="PIN_f-18-0-ecaa" toPinId="PIN_a8-18-0-e8f0ba">
			<AppRef name="E3.Series" version="2.14.0.0" guid="bb66124d-1530-4955-b707-c7df3aa0793a"/>
			<Property id="PROPERTY_8627" name="WIRE_LENGTH" value="1370"/>
			<Property id="PROPERTY_8628" name="WIRE_END2_MATL" value="(SN)"/>
			<Property id="PROPERTY_8629" name="WIRE_CSA" value="2.5"/>
			<Property id="PROPERTY_8630" name="WIRE_MIN_BEND_RADIUS" value="7.5"/>
			<Property id="PROPERTY_8631" name="WIRE_OPTION" value="IEVAT"/>
			<Property id="PROPERTY_8632" name="WIRE_DEV_PIN_1" value="G2D215:1"/>
			<Property id="PROPERTY_8633" name="WIRE_COLOR" value="BK/GY"/>
			<Property id="PROPERTY_8634" name="WIRE_SPEC" value="2TAD"/>
			<Property id="PROPERTY_8635" name="WIRE_LEVEL" value="VA"/>
			<Property id="PROPERTY_8636" name="WIRE_DEV_PIN_2" value="C2MM01-DA:4"/>
			<Property id="PROPERTY_8637" name="WIRE_NAME" value="GD215FD"/>
			<Property id="PROPERTY_8638" name="WIRE_END2_TERM" value="3M5T-14474-HCA"/>
			<Property id="PROPERTY_8639" name="WIRE_SIGNAL" value="GD215"/>
			<Property id="PROPERTY_8640" name="HRN_FAMILY" value="14401"/>
			<Property id="PROPERTY_8641" name="WIRE_FPN" value="WIRE-2TAD-2.5-BK/GY"/>
			<Property id="PROPERTY_8642" name="WIRE_DIA_MAX" value="3"/>
			<Option id="OPTION_bf-c-0-3318b3_1" value="IEVAT"/>
			<BranchRoute id="BRR_313">
				<StartBranchPosition id="BR_POS_889" branchId="BRANCH_da-4e-0-30f11d" branchNodeId="BN_9764-28" offset="0"/>
				<PassBranchId>BRANCH_da-4e-0-30cfc6</PassBranchId>
				<PassBranchId>BRANCH_e9-4e-0-33d393</PassBranchId>
				<PassBranchId>BRANCH_22-4e-0-2ca187b</PassBranchId>
				<PassBranchId>BRANCH_c2-4e-0-4c0f6f</PassBranchId>
				<PassBranchId>BRANCH_c2-4e-0-4c0f6c</PassBranchId>
				<PassBranchId>BRANCH_c2-4e-0-4c0f66</PassBranchId>
				<PassBranchId>BRANCH_c2-4e-0-4c0fb7</PassBranchId>
				<PassBranchId>BRANCH_c2-4e-0-4c10a4</PassBranchId>
				<PassBranchId>BRANCH_c2-4e-0-4c0f7a</PassBranchId>
				<PassBranchId>BRANCH_35-4e-0-350133</PassBranchId>
				<PassBranchId>BRANCH_c2-4e-0-4c0f60</PassBranchId>
				<PassBranchId>BRANCH_c2-4e-0-4c1005</PassBranchId>
				<PassBranchId>BRANCH_c2-4e-0-4c0f45</PassBranchId>
				<PassBranchId>BRANCH_c2-4e-0-4c0dea</PassBranchId>
				<PassBranchId>BRANCH_c2-4e-0-4c0fd1</PassBranchId>
				<PassBranchId>BRANCH_c2-4e-0-4c0fe8</PassBranchId>
				<PassBranchId>BRANCH_c2-4e-0-4c1009</PassBranchId>
				<PassBranchId>BRANCH_c2-4e-0-4c10cb</PassBranchId>
				<PassBranchId>BRANCH_c2-4e-0-4c10ec</PassBranchId>
				<PassBranchId>BRANCH_c2-4e-0-4c1078</PassBranchId>
				<EndBranchPosition id="BR_POS_890" branchId="BRANCH_c2-4e-0-4c0f0e" branchNodeId="BN_21072-320" offset="0"/>
			</BranchRoute>
		</WiringItem>
		<WiringItem xsi:type="Wire" id="WIRE_95-c-0-e6158" name="GD215H" signalId="SIGNAL_2-36-0-3a84" cableType="WIRE-2UKD-0.50" wireName="BK/GY" fromPinId="PIN_f-18-0-ecaa" toPinId="PIN_13-18-0-2ceb7a">
			<AppRef name="E3.Series" version="2.13.7.0" guid="437ea0f3-c0b3-476f-83bb-26613ace318b"/>
			<Property id="PROPERTY_8643" name="WIRE_LENGTH" value="520"/>
			<Property id="PROPERTY_8644" name="WIRE_END2_MATL" value="(SN)"/>
			<Property id="PROPERTY_8645" name="WIRE_CSA" value="0.5"/>
			<Property id="PROPERTY_8646" name="WIRE_MIN_BEND_RADIUS" value="3"/>
			<Property id="PROPERTY_8647" name="WIRE_LEVEL" value="(ALL)"/>
			<Property id="PROPERTY_8648" name="WIRE_DEV_PIN_1" value="G2D215:1"/>
			<Property id="PROPERTY_8649" name="WIRE_COLOR" value="BK/GY"/>
			<Property id="PROPERTY_8650" name="WIRE_SPEC" value="2UKD"/>
			<Property id="PROPERTY_8651" name="WIRE_DEV_PIN_2" value="C2DB02-A:14"/>
			<Property id="PROPERTY_8652" name="WIRE_NAME" value="GD215H"/>
			<Property id="PROPERTY_8653" name="WIRE_END2_TERM" value="9U5T-14474-DB"/>
			<Property id="PROPERTY_8654" name="WIRE_SIGNAL" value="GD215"/>
			<Property id="PROPERTY_8655" name="HRN_FAMILY" value="14401"/>
			<Property id="PROPERTY_8656" name="WIRE_FPN" value="WIRE-2UKD-0.50-BK/GY"/>
			<Property id="PROPERTY_8657" name="WIRE_DIA_MAX" value="1.4"/>
			<BranchRoute id="BRR_314">
				<StartBranchPosition id="BR_POS_891" branchId="BRANCH_c2-4e-0-4c0f12" branchNodeId="BN_20144-60" offset="0"/>
				<PassBranchId>BRANCH_c2-4e-0-4c107e</PassBranchId>
				<PassBranchId>BRANCH_c2-4e-0-4c106f</PassBranchId>
				<PassBranchId>BRANCH_c2-4e-0-4c1075</PassBranchId>
				<PassBranchId>BRANCH_c2-4e-0-4c1078</PassBranchId>
				<EndBranchPosition id="BR_POS_892" branchId="BRANCH_c2-4e-0-4c0f0e" branchNodeId="BN_21072-320" offset="0"/>
			</BranchRoute>
		</WiringItem>
		<WiringItem xsi:type="Wire" id="WIRE_66-c-0-708cba" name="GD215HB" signalId="SIGNAL_2-36-0-3a84" cableType="WIRE-2UKD-0.35" wireName="BK/GY" fromPinId="PIN_f-18-0-ecaa" toPinId="PIN_13-18-0-2ced17">
			<AppRef name="E3.Series" version="2.13.7.0" guid="963f77b6-527b-49af-9161-6bbadb8882d7"/>
			<Property id="PROPERTY_8658" name="WIRE_LENGTH" value="1310"/>
			<Property id="PROPERTY_8659" name="WIRE_CSA" value="0.35"/>
			<Property id="PROPERTY_8660" name="WIRE_MIN_BEND_RADIUS" value="3"/>
			<Property id="PROPERTY_8661" name="WIRE_LEVEL" value="(ALL)"/>
			<Property id="PROPERTY_8662" name="WIRE_DEV_PIN_1" value="G2D215:1"/>
			<Property id="PROPERTY_8663" name="WIRE_COLOR" value="BK/GY"/>
			<Property id="PROPERTY_8664" name="WIRE_SPEC" value="2UKD"/>
			<Property id="PROPERTY_8665" name="WIRE_DEV_PIN_2" value="C2DB04:4"/>
			<Property id="PROPERTY_8666" name="WIRE_NAME" value="GD215HB"/>
			<Property id="PROPERTY_8667" name="WIRE_END2_TERM" value="*1X4T-14474-BA"/>
			<Property id="PROPERTY_8668" name="WIRE_SIGNAL" value="GD215"/>
			<Property id="PROPERTY_8669" name="HRN_FAMILY" value="14401"/>
			<Property id="PROPERTY_8670" name="WIRE_FPN" value="WIRE-2UKD-0.35-BK/GY"/>
			<Property id="PROPERTY_8671" name="WIRE_DIA_MAX" value="1.2"/>
			<BranchRoute id="BRR_315">
				<StartBranchPosition id="BR_POS_893" branchId="BRANCH_c2-4e-0-4c0dd4" branchNodeId="BN_6087_9-210_058" offset="0"/>
				<PassBranchId>BRANCH_c2-4e-0-4c0cf5</PassBranchId>
				<PassBranchId>BRANCH_c2-4e-0-4c1021</PassBranchId>
				<PassBranchId>BRANCH_c2-4e-0-4c10e7</PassBranchId>
				<PassBranchId>BRANCH_c2-4e-0-4c0fc5</PassBranchId>
				<PassBranchId>BRANCH_c2-4e-0-4c0fce</PassBranchId>
				<PassBranchId>BRANCH_c2-4e-0-4c0d1d</PassBranchId>
				<PassBranchId>BRANCH_35-4e-0-2efaf8</PassBranchId>
				<PassBranchId>BRANCH_c2-4e-0-4c10c0</PassBranchId>
				<PassBranchId>BRANCH_c2-4e-0-4c0fc8</PassBranchId>
				<PassBranchId>BRANCH_c2-4e-0-4c108d</PassBranchId>
				<PassBranchId>BRANCH_c2-4e-0-4c0d88</PassBranchId>
				<PassBranchId>BRANCH_c2-4e-0-4c109a</PassBranchId>
				<PassBranchId>BRANCH_c2-4e-0-4c0e16</PassBranchId>
				<PassBranchId>BRANCH_c2-4e-0-4c0fcb</PassBranchId>
				<PassBranchId>BRANCH_c2-4e-0-4c0dea</PassBranchId>
				<PassBranchId>BRANCH_c2-4e-0-4c0fd1</PassBranchId>
				<PassBranchId>BRANCH_c2-4e-0-4c0fe8</PassBranchId>
				<PassBranchId>BRANCH_c2-4e-0-4c1009</PassBranchId>
				<PassBranchId>BRANCH_c2-4e-0-4c10cb</PassBranchId>
				<PassBranchId>BRANCH_c2-4e-0-4c10ec</PassBranchId>
				<PassBranchId>BRANCH_c2-4e-0-4c1078</PassBranchId>
				<EndBranchPosition id="BR_POS_894" branchId="BRANCH_c2-4e-0-4c0f0e" branchNodeId="BN_21072-320" offset="0"/>
			</BranchRoute>
		</WiringItem>
		<WiringItem xsi:type="Wire" id="WIRE_95-c-0-e4905" name="GD215J1" signalId="SIGNAL_2-36-0-3a84" cableType="WIRE-2UKD-0.35" wireName="BK/GY" fromPinId="PIN_f-18-0-ecaa" toPinId="PIN_48-18-0-85d4ea">
			<AppRef name="E3.Series" version="2.13.7.0" guid="4809f656-9cba-4026-bb62-ecd5d12654be"/>
			<Property id="PROPERTY_8672" name="WIRE_LENGTH" value="1685"/>
			<Property id="PROPERTY_8673" name="WIRE_END2_MATL" value="(SN)"/>
			<Property id="PROPERTY_8674" name="WIRE_CSA" value="0.35"/>
			<Property id="PROPERTY_8675" name="WIRE_MIN_BEND_RADIUS" value="3"/>
			<Property id="PROPERTY_8676" name="WIRE_OPTION" value="GPAAJ"/>
			<Property id="PROPERTY_8677" name="WIRE_DEV_PIN_1" value="G2D215:1"/>
			<Property id="PROPERTY_8678" name="WIRE_COLOR" value="BK/GY"/>
			<Property id="PROPERTY_8679" name="WIRE_SPEC" value="2UKD"/>
			<Property id="PROPERTY_8680" name="WIRE_LEVEL" value="(E-STR)"/>
			<Property id="PROPERTY_8681" name="WIRE_DEV_PIN_2" value="C2AM01-A:8"/>
			<Property id="PROPERTY_8682" name="WIRE_NAME" value="GD215J1"/>
			<Property id="PROPERTY_8683" name="WIRE_END2_TERM" value="3F2T-14474-SA"/>
			<Property id="PROPERTY_8684" name="WIRE_SIGNAL" value="GD215"/>
			<Property id="PROPERTY_8685" name="HRN_FAMILY" value="14401"/>
			<Property id="PROPERTY_8686" name="WIRE_FPN" value="WIRE-2UKD-0.35-BK/GY"/>
			<Property id="PROPERTY_8687" name="WIRE_DIA_MAX" value="1.2"/>
			<Option id="OPTION_95-c-0-e4905_1" value="GPAAJ"/>
			<BranchRoute id="BRR_316">
				<StartBranchPosition id="BR_POS_895" branchId="BRANCH_c2-4e-0-4c0ee1" branchNodeId="BN_4390_25-206_156" offset="0"/>
				<PassBranchId>BRANCH_c2-4e-0-4c0ee0</PassBranchId>
				<PassBranchId>BRANCH_c2-4e-0-4c10ad</PassBranchId>
				<PassBranchId>BRANCH_c2-4e-0-4c0db1</PassBranchId>
				<PassBranchId>BRANCH_c2-4e-0-4c0d9b</PassBranchId>
				<PassBranchId>BRANCH_c2-4e-0-4c10b4</PassBranchId>
				<PassBranchId>BRANCH_c2-4e-0-4c10b7</PassBranchId>
				<PassBranchId>BRANCH_c2-4e-0-4c0fa1</PassBranchId>
				<PassBranchId>BRANCH_c2-4e-0-4c10b1</PassBranchId>
				<PassBranchId>BRANCH_c2-4e-0-4c0f9e</PassBranchId>
				<PassBranchId>BRANCH_c2-4e-0-4c0f9b</PassBranchId>
				<PassBranchId>BRANCH_c2-4e-0-4c10ae</PassBranchId>
				<PassBranchId>BRANCH_c2-4e-0-4c0d95</PassBranchId>
				<PassBranchId>BRANCH_c2-4e-0-4c101d</PassBranchId>
				<PassBranchId>BRANCH_c2-4e-0-4c101a</PassBranchId>
				<PassBranchId>BRANCH_c2-4e-0-4c0fce</PassBranchId>
				<PassBranchId>BRANCH_c2-4e-0-4c0d1d</PassBranchId>
				<PassBranchId>BRANCH_35-4e-0-2efaf8</PassBranchId>
				<PassBranchId>BRANCH_c2-4e-0-4c10c0</PassBranchId>
				<PassBranchId>BRANCH_c2-4e-0-4c0fc8</PassBranchId>
				<PassBranchId>BRANCH_c2-4e-0-4c108d</PassBranchId>
				<PassBranchId>BRANCH_c2-4e-0-4c0d88</PassBranchId>
				<PassBranchId>BRANCH_c2-4e-0-4c109a</PassBranchId>
				<PassBranchId>BRANCH_c2-4e-0-4c0e16</PassBranchId>
				<PassBranchId>BRANCH_c2-4e-0-4c0fcb</PassBranchId>
				<PassBranchId>BRANCH_c2-4e-0-4c0dea</PassBranchId>
				<PassBranchId>BRANCH_c2-4e-0-4c0fd1</PassBranchId>
				<PassBranchId>BRANCH_c2-4e-0-4c0fe8</PassBranchId>
				<PassBranchId>BRANCH_c2-4e-0-4c1009</PassBranchId>
				<PassBranchId>BRANCH_c2-4e-0-4c10cb</PassBranchId>
				<PassBranchId>BRANCH_c2-4e-0-4c10ec</PassBranchId>
				<PassBranchId>BRANCH_c2-4e-0-4c1078</PassBranchId>
				<EndBranchPosition id="BR_POS_896" branchId="BRANCH_c2-4e-0-4c0f0e" branchNodeId="BN_21072-320" offset="0"/>
			</BranchRoute>
		</WiringItem>
		<WiringItem xsi:type="Wire" id="WIRE_95-c-0-e612d" name="GD215N" signalId="SIGNAL_2-36-0-3a84" cableType="WIRE-2UKD-0.50" wireName="BK/GY" fromPinId="PIN_f-18-0-ecaa" toPinId="PIN_8c-18-0-3398d2">
			<AppRef name="E3.Series" version="2.13.7.0" guid="a5cefcee-67ca-4bf4-a528-2d6019bf504b"/>
			<Property id="PROPERTY_8688" name="WIRE_LENGTH" value="1685"/>
			<Property id="PROPERTY_8689" name="WIRE_END2_MATL" value="(SN)"/>
			<Property id="PROPERTY_8690" name="WIRE_CSA" value="0.5"/>
			<Property id="PROPERTY_8691" name="WIRE_MIN_BEND_RADIUS" value="3"/>
			<Property id="PROPERTY_8692" name="WIRE_OPTION" value="GPAAW"/>
			<Property id="PROPERTY_8693" name="WIRE_DEV_PIN_1" value="G2D215:1"/>
			<Property id="PROPERTY_8694" name="WIRE_COLOR" value="BK/GY"/>
			<Property id="PROPERTY_8695" name="WIRE_SPEC" value="2UKD"/>
			<Property id="PROPERTY_8696" name="WIRE_LEVEL" value="(A-STR)"/>
			<Property id="PROPERTY_8697" name="WIRE_DEV_PIN_2" value="C2R168-C:2"/>
			<Property id="PROPERTY_8698" name="WIRE_NAME" value="GD215N"/>
			<Property id="PROPERTY_8699" name="WIRE_END2_TERM" value="3F2T-14474-RA"/>
			<Property id="PROPERTY_8700" name="WIRE_SIGNAL" value="GD215"/>
			<Property id="PROPERTY_8701" name="HRN_FAMILY" value="14401"/>
			<Property id="PROPERTY_8702" name="WIRE_FPN" value="WIRE-2UKD-0.50-BK/GY"/>
			<Property id="PROPERTY_8703" name="WIRE_DIA_MAX" value="1.4"/>
			<Option id="OPTION_95-c-0-e612d_1" value="GPAAW"/>
			<BranchRoute id="BRR_317">
				<StartBranchPosition id="BR_POS_897" branchId="BRANCH_c2-4e-0-4c0dae" branchNodeId="BN_4478_25-182_156" offset="0"/>
				<PassBranchId>BRANCH_c2-4e-0-4c0edc</PassBranchId>
				<PassBranchId>BRANCH_c2-4e-0-4c10ad</PassBranchId>
				<PassBranchId>BRANCH_c2-4e-0-4c0db1</PassBranchId>
				<PassBranchId>BRANCH_c2-4e-0-4c0d9b</PassBranchId>
				<PassBranchId>BRANCH_c2-4e-0-4c10b4</PassBranchId>
				<PassBranchId>BRANCH_c2-4e-0-4c10b7</PassBranchId>
				<PassBranchId>BRANCH_c2-4e-0-4c0fa1</PassBranchId>
				<PassBranchId>BRANCH_c2-4e-0-4c10b1</PassBranchId>
				<PassBranchId>BRANCH_c2-4e-0-4c0f9e</PassBranchId>
				<PassBranchId>BRANCH_c2-4e-0-4c0f9b</PassBranchId>
				<PassBranchId>BRANCH_c2-4e-0-4c10ae</PassBranchId>
				<PassBranchId>BRANCH_c2-4e-0-4c0d95</PassBranchId>
				<PassBranchId>BRANCH_c2-4e-0-4c101d</PassBranchId>
				<PassBranchId>BRANCH_c2-4e-0-4c101a</PassBranchId>
				<PassBranchId>BRANCH_c2-4e-0-4c0fce</PassBranchId>
				<PassBranchId>BRANCH_c2-4e-0-4c0d1d</PassBranchId>
				<PassBranchId>BRANCH_35-4e-0-2efaf8</PassBranchId>
				<PassBranchId>BRANCH_c2-4e-0-4c10c0</PassBranchId>
				<PassBranchId>BRANCH_c2-4e-0-4c0fc8</PassBranchId>
				<PassBranchId>BRANCH_c2-4e-0-4c108d</PassBranchId>
				<PassBranchId>BRANCH_c2-4e-0-4c0d88</PassBranchId>
				<PassBranchId>BRANCH_c2-4e-0-4c109a</PassBranchId>
				<PassBranchId>BRANCH_c2-4e-0-4c0e16</PassBranchId>
				<PassBranchId>BRANCH_c2-4e-0-4c0fcb</PassBranchId>
				<PassBranchId>BRANCH_c2-4e-0-4c0dea</PassBranchId>
				<PassBranchId>BRANCH_c2-4e-0-4c0fd1</PassBranchId>
				<PassBranchId>BRANCH_c2-4e-0-4c0fe8</PassBranchId>
				<PassBranchId>BRANCH_c2-4e-0-4c1009</PassBranchId>
				<PassBranchId>BRANCH_c2-4e-0-4c10cb</PassBranchId>
				<PassBranchId>BRANCH_c2-4e-0-4c10ec</PassBranchId>
				<PassBranchId>BRANCH_c2-4e-0-4c1078</PassBranchId>
				<EndBranchPosition id="BR_POS_898" branchId="BRANCH_c2-4e-0-4c0f0e" branchNodeId="BN_21072-320" offset="0"/>
			</BranchRoute>
		</WiringItem>
		<WiringItem xsi:type="Wire" id="WIRE_95-c-0-e4de7" name="GD216A" signalId="SIGNAL_2-36-0-3a85" cableType="WIRE-2UKD-0.35" wireName="BK/VT" fromPinId="PIN_f-18-0-e8f4" toPinId="PIN_c4-18-0-1267">
			<AppRef name="E3.Series" version="2.13.7.0" guid="652c3194-5f27-4d44-8615-09c96611f05c"/>
			<Property id="PROPERTY_8704" name="WIRE_LENGTH" value="925"/>
			<Property id="PROPERTY_8705" name="WIRE_END2_MATL" value="(SN)"/>
			<Property id="PROPERTY_8706" name="WIRE_CSA" value="0.35"/>
			<Property id="PROPERTY_8707" name="WIRE_MIN_BEND_RADIUS" value="3"/>
			<Property id="PROPERTY_8708" name="WIRE_LEVEL" value="(ALL)"/>
			<Property id="PROPERTY_8709" name="WIRE_DEV_PIN_1" value="G2D216:1"/>
			<Property id="PROPERTY_8710" name="WIRE_COLOR" value="BK/VT"/>
			<Property id="PROPERTY_8711" name="WIRE_SPEC" value="2UKD"/>
			<Property id="PROPERTY_8712" name="WIRE_DEV_PIN_2" value="C2MC01-A:3"/>
			<Property id="PROPERTY_8713" name="WIRE_NAME" value="GD216A"/>
			<Property id="PROPERTY_8714" name="WIRE_END2_TERM" value="9U5T-14474-DB"/>
			<Property id="PROPERTY_8715" name="WIRE_SIGNAL" value="GD216"/>
			<Property id="PROPERTY_8716" name="HRN_FAMILY" value="14401"/>
			<Property id="PROPERTY_8717" name="WIRE_FPN" value="WIRE-2UKD-0.35-BK/VT"/>
			<Property id="PROPERTY_8718" name="WIRE_DIA_MAX" value="1.2"/>
			<BranchRoute id="BRR_318">
				<StartBranchPosition id="BR_POS_899" branchId="BRANCH_c2-4e-0-4c0f51" branchNodeId="BN_7584-244" offset="0"/>
				<PassBranchId>BRANCH_ff-4e-0-9b280f</PassBranchId>
				<PassBranchId>BRANCH_c2-4e-0-4c0f85</PassBranchId>
				<PassBranchId>BRANCH_c2-4e-0-4c1002</PassBranchId>
				<PassBranchId>BRANCH_c2-4e-0-4c109d</PassBranchId>
				<PassBranchId>BRANCH_c2-4e-0-4c0e16</PassBranchId>
				<PassBranchId>BRANCH_c2-4e-0-4c0fcb</PassBranchId>
				<PassBranchId>BRANCH_c2-4e-0-4c0fff</PassBranchId>
				<EndBranchPosition id="BR_POS_900" branchId="BRANCH_c2-4e-0-4c0dd1" branchNodeId="BN_12720-216" offset="0"/>
			</BranchRoute>
		</WiringItem>
		<WiringItem xsi:type="Wire" id="WIRE_95-c-0-e49c2" name="GD216AB" signalId="SIGNAL_2-36-0-3a85" cableType="WIRE-2UKD-0.35" wireName="BK/VT" fromPinId="PIN_dc-18-0-71c4" toPinId="PIN_f-18-0-e8f4">
			<AppRef name="E3.Series" version="2.13.7.0" guid="a4264c71-de38-4b7c-a112-2f5b820ec130"/>
			<Property id="PROPERTY_8719" name="WIRE_LENGTH" value="625"/>
			<Property id="PROPERTY_8720" name="WIRE_CSA" value="0.35"/>
			<Property id="PROPERTY_8721" name="WIRE_MIN_BEND_RADIUS" value="3"/>
			<Property id="PROPERTY_8722" name="WIRE_OPTION" value="(CBGAA | CBGAD | CBGAE) &amp; ABEAA"/>
			<Property id="PROPERTY_8723" name="WIRE_DEV_PIN_1" value="C2RT03:4"/>
			<Property id="PROPERTY_8724" name="WIRE_COLOR" value="BK/VT"/>
			<Property id="PROPERTY_8725" name="WIRE_SPEC" value="2UKD"/>
			<Property id="PROPERTY_8726" name="WIRE_END1_MATL" value="(SN)"/>
			<Property id="PROPERTY_8727" name="WIRE_LEVEL" value="(A-CAM)/AD/AE/AF/AG/BD/BE/BF/BG/CA/XA/XB/XC/XD/XE/XF/XG/XH/XK/YB/YF/YJ"/>
			<Property id="PROPERTY_8728" name="WIRE_END1_TERM" value="3F2T-14474-SA"/>
			<Property id="PROPERTY_8729" name="WIRE_DEV_PIN_2" value="G2D216:1"/>
			<Property id="PROPERTY_8730" name="WIRE_NAME" value="GD216AB"/>
			<Property id="PROPERTY_8731" name="WIRE_SIGNAL" value="GD216"/>
			<Property id="PROPERTY_8732" name="HRN_FAMILY" value="14401"/>
			<Property id="PROPERTY_8733" name="WIRE_FPN" value="WIRE-2UKD-0.35-BK/VT"/>
			<Property id="PROPERTY_8734" name="WIRE_DIA_MAX" value="1.2"/>
			<Option id="OPTION_95-c-0-e49c2_1" value="(CBGAA | CBGAD | CBGAE) &amp; ABEAA"/>
			<BranchRoute id="BRR_319">
				<StartBranchPosition id="BR_POS_901" branchId="BRANCH_c2-4e-0-4c0e53" branchNodeId="BN_11974_25-210_156" offset="0"/>
				<PassBranchId>BRANCH_c2-4e-0-4c0f79</PassBranchId>
				<PassBranchId>BRANCH_c2-4e-0-4c0ea5</PassBranchId>
				<PassBranchId>BRANCH_c2-4e-0-4c0ea2</PassBranchId>
				<PassBranchId>BRANCH_c2-4e-0-4c0f5d</PassBranchId>
				<PassBranchId>BRANCH_c2-4e-0-4c0f4c</PassBranchId>
				<PassBranchId>BRANCH_c2-4e-0-4c0fff</PassBranchId>
				<EndBranchPosition id="BR_POS_902" branchId="BRANCH_c2-4e-0-4c0dd1" branchNodeId="BN_12720-216" offset="0"/>
			</BranchRoute>
		</WiringItem>
		<WiringItem xsi:type="Wire" id="WIRE_95-c-0-e437b" name="GD216B" signalId="SIGNAL_2-36-0-3a85" cableType="WIRE-2UKD-0.35" wireName="BK/VT" fromPinId="PIN_e4-18-0-103315" toPinId="PIN_f-18-0-e8f4">
			<AppRef name="E3.Series" version="2.13.7.0" guid="8499d02f-f75b-4703-a3ea-00b5bf6bdb66"/>
			<Property id="PROPERTY_8735" name="WIRE_LENGTH" value="675"/>
			<Property id="PROPERTY_8736" name="WIRE_CSA" value="0.35"/>
			<Property id="PROPERTY_8737" name="WIRE_MIN_BEND_RADIUS" value="3"/>
			<Property id="PROPERTY_8738" name="WIRE_OPTION" value="HT2AA"/>
			<Property id="PROPERTY_8739" name="WIRE_DEV_PIN_1" value="C2CF40:4"/>
			<Property id="PROPERTY_8740" name="WIRE_COLOR" value="BK/VT"/>
			<Property id="PROPERTY_8741" name="WIRE_SPEC" value="2UKD"/>
			<Property id="PROPERTY_8742" name="WIRE_END1_MATL" value="(SN)"/>
			<Property id="PROPERTY_8743" name="WIRE_LEVEL" value="(C-SHF)/(400W)/(7SPKR)/(TACH-L0)/(ACBRKR)/VA"/>
			<Property id="PROPERTY_8744" name="WIRE_END1_TERM" value="3F2T-14474-SA"/>
			<Property id="PROPERTY_8745" name="WIRE_DEV_PIN_2" value="G2D216:1"/>
			<Property id="PROPERTY_8746" name="WIRE_NAME" value="GD216B"/>
			<Property id="PROPERTY_8747" name="WIRE_SIGNAL" value="GD216"/>
			<Property id="PROPERTY_8748" name="HRN_FAMILY" value="14401"/>
			<Property id="PROPERTY_8749" name="WIRE_FPN" value="WIRE-2UKD-0.35-BK/VT"/>
			<Property id="PROPERTY_8750" name="WIRE_DIA_MAX" value="1.2"/>
			<Option id="OPTION_95-c-0-e437b_1" value="HT2AA"/>
			<BranchRoute id="BRR_320">
				<StartBranchPosition id="BR_POS_903" branchId="BRANCH_c2-4e-0-4c0e9f" branchNodeId="BN_8520-248" offset="0"/>
				<PassBranchId>BRANCH_c2-4e-0-4c0fba</PassBranchId>
				<PassBranchId>BRANCH_c2-4e-0-4c0fc2</PassBranchId>
				<PassBranchId>BRANCH_c2-4e-0-4c0d7c</PassBranchId>
				<PassBranchId>BRANCH_c2-4e-0-4c0fb4</PassBranchId>
				<PassBranchId>BRANCH_c2-4e-0-4c0f7e</PassBranchId>
				<PassBranchId>BRANCH_c2-4e-0-4c1005</PassBranchId>
				<PassBranchId>BRANCH_c2-4e-0-4c0f45</PassBranchId>
				<PassBranchId>BRANCH_c2-4e-0-4c0fff</PassBranchId>
				<EndBranchPosition id="BR_POS_904" branchId="BRANCH_c2-4e-0-4c0dd1" branchNodeId="BN_12720-216" offset="0"/>
			</BranchRoute>
		</WiringItem>
		<WiringItem xsi:type="Wire" id="WIRE_95-c-0-e5771" name="GD216CA" signalId="SIGNAL_2-36-0-3a85" cableType="WIRE-2UKD-0.35" wireName="BK/VT" fromPinId="PIN_33-18-0-2aa9c6" toPinId="PIN_f-18-0-e8f4">
			<AppRef name="E3.Series" version="2.13.7.0" guid="f686f90c-3c92-4d70-8b9a-d409204063f8"/>
			<Property id="PROPERTY_8751" name="WIRE_LENGTH" value="1210"/>
			<Property id="PROPERTY_8752" name="WIRE_CSA" value="0.35"/>
			<Property id="PROPERTY_8753" name="WIRE_MIN_BEND_RADIUS" value="3"/>
			<Property id="PROPERTY_8754" name="WIRE_OPTION" value="HJGAX"/>
			<Property id="PROPERTY_8755" name="WIRE_DEV_PIN_1" value="C2MC04-A:1"/>
			<Property id="PROPERTY_8756" name="WIRE_COLOR" value="BK/VT"/>
			<Property id="PROPERTY_8757" name="WIRE_SPEC" value="2UKD"/>
			<Property id="PROPERTY_8758" name="WIRE_END1_MATL" value="(SN)"/>
			<Property id="PROPERTY_8759" name="WIRE_LEVEL" value="(CNSL-HI)/(A-STR)/AH/AJ/AK/AL/AM/AN/AP/AR/BH/BJ/CB/CC/CD/CE/VA/XJ/XL/XM/XS/YC/YD/YG/YH/YK/YL/YN/YP"/>
			<Property id="PROPERTY_8760" name="WIRE_LEVEL" value="YR/YU/YV/ZD/ZE/ZG/ZH"/>
			<Property id="PROPERTY_8761" name="WIRE_END1_TERM" value="3F2T-14474-SA"/>
			<Property id="PROPERTY_8762" name="WIRE_DEV_PIN_2" value="G2D216:1"/>
			<Property id="PROPERTY_8763" name="WIRE_NAME" value="GD216CA"/>
			<Property id="PROPERTY_8764" name="WIRE_SIGNAL" value="GD216"/>
			<Property id="PROPERTY_8765" name="HRN_FAMILY" value="14401"/>
			<Property id="PROPERTY_8766" name="WIRE_FPN" value="WIRE-2UKD-0.35-BK/VT"/>
			<Property id="PROPERTY_8767" name="WIRE_DIA_MAX" value="1.2"/>
			<Option id="OPTION_95-c-0-e5771_1" value="HJGAX"/>
			<BranchRoute id="BRR_321">
				<StartBranchPosition id="BR_POS_905" branchId="BRANCH_c2-4e-0-4c0dd1" branchNodeId="BN_12720-216" offset="0"/>
				<PassBranchId>BRANCH_c2-4e-0-4c0fff</PassBranchId>
				<PassBranchId>BRANCH_c2-4e-0-4c0dea</PassBranchId>
				<PassBranchId>BRANCH_c2-4e-0-4c0fd1</PassBranchId>
				<PassBranchId>BRANCH_c2-4e-0-4c0fe8</PassBranchId>
				<PassBranchId>BRANCH_c2-4e-0-4c1009</PassBranchId>
				<PassBranchId>BRANCH_c2-4e-0-4c10cb</PassBranchId>
				<PassBranchId>BRANCH_c2-4e-0-4c10ec</PassBranchId>
				<PassBranchId>BRANCH_c2-4e-0-4c1075</PassBranchId>
				<PassBranchId>BRANCH_c2-4e-0-4c106f</PassBranchId>
				<PassBranchId>BRANCH_c2-4e-0-4c1076</PassBranchId>
				<PassBranchId>BRANCH_c2-4e-0-4c0d05</PassBranchId>
				<PassBranchId>BRANCH_c2-4e-0-4c0f34</PassBranchId>
				<PassBranchId>BRANCH_c2-4e-0-4c0ff9</PassBranchId>
				<PassBranchId>BRANCH_c2-4e-0-4c10c3</PassBranchId>
				<PassBranchId>BRANCH_c2-4e-0-4c0e06</PassBranchId>
				<EndBranchPosition id="BR_POS_906" branchId="BRANCH_c2-4e-0-4c0f37" branchNodeId="BN_16144-216" offset="0"/>
			</BranchRoute>
		</WiringItem>
		<WiringItem xsi:type="Wire" id="WIRE_af-c-0-5a671d" name="GD216CB" signalId="SIGNAL_2-36-0-3a85" cableType="WIRE-2UKD-0.35" wireName="BK/VT" fromPinId="PIN_f-18-0-e8f4" toPinId="PIN_9f-18-0-514021">
			<AppRef name="E3.Series" version="2.13.7.0" guid="72b2cf69-18a6-438a-a166-e0c2224c6951"/>
			<Property id="PROPERTY_8768" name="WIRE_LENGTH" value="785"/>
			<Property id="PROPERTY_8769" name="WIRE_END2_MATL" value="(SN)"/>
			<Property id="PROPERTY_8770" name="WIRE_CSA" value="0.35"/>
			<Property id="PROPERTY_8771" name="WIRE_MIN_BEND_RADIUS" value="3"/>
			<Property id="PROPERTY_8772" name="WIRE_OPTION" value="HJGAJ"/>
			<Property id="PROPERTY_8773" name="WIRE_DEV_PIN_1" value="G2D216:1"/>
			<Property id="PROPERTY_8774" name="WIRE_COLOR" value="BK/VT"/>
			<Property id="PROPERTY_8775" name="WIRE_SPEC" value="2UKD"/>
			<Property id="PROPERTY_8776" name="WIRE_LEVEL" value="(8DSP)"/>
			<Property id="PROPERTY_8777" name="WIRE_DEV_PIN_2" value="C22-SW1:22"/>
			<Property id="PROPERTY_8778" name="WIRE_NAME" value="GD216CB"/>
			<Property id="PROPERTY_8779" name="WIRE_END2_TERM" value="DU5T-14421-FA"/>
			<Property id="PROPERTY_8780" name="WIRE_SIGNAL" value="GD216"/>
			<Property id="PROPERTY_8781" name="HRN_FAMILY" value="14401"/>
			<Property id="PROPERTY_8782" name="WIRE_FPN" value="WIRE-2UKD-0.35-BK/VT"/>
			<Property id="PROPERTY_8783" name="WIRE_DIA_MAX" value="1.2"/>
			<Option id="OPTION_af-c-0-5a671d_1" value="HJGAJ"/>
			<BranchRoute id="BRR_322">
				<StartBranchPosition id="BR_POS_907" branchId="BRANCH_c2-4e-0-4c0dd1" branchNodeId="BN_12720-216" offset="0"/>
				<PassBranchId>BRANCH_c2-4e-0-4c0fff</PassBranchId>
				<PassBranchId>BRANCH_c2-4e-0-4c0dea</PassBranchId>
				<PassBranchId>BRANCH_c2-4e-0-4c0fd1</PassBranchId>
				<PassBranchId>BRANCH_c2-4e-0-4c0fe8</PassBranchId>
				<PassBranchId>BRANCH_c2-4e-0-4c1009</PassBranchId>
				<PassBranchId>BRANCH_c2-4e-0-4c10cb</PassBranchId>
				<PassBranchId>BRANCH_c2-4e-0-4c10ec</PassBranchId>
				<PassBranchId>BRANCH_c2-4e-0-4c1068</PassBranchId>
				<PassBranchId>BRANCH_c2-4e-0-4c0df7</PassBranchId>
				<EndBranchPosition id="BR_POS_908" branchId="BRANCH_c2-4e-0-4c0f0b" branchNodeId="BN_20576-224" offset="0"/>
			</BranchRoute>
		</WiringItem>
		<WiringItem xsi:type="Wire" id="WIRE_4c-c-0-68c352" name="GD216D" signalId="SIGNAL_2-36-0-3a85" cableType="WIRE-2UKD-0.35" wireName="BK/VT" fromPinId="PIN_f-18-0-e8f4" toPinId="PIN_49-18-0-350629">
			<AppRef name="E3.Series" version="2.13.7.0" guid="cf0fe10b-8c29-4632-bf57-f04f40932bea"/>
			<Property id="PROPERTY_8784" name="WIRE_LENGTH" value="720"/>
			<Property id="PROPERTY_8785" name="WIRE_END2_MATL" value="(SN)"/>
			<Property id="PROPERTY_8786" name="WIRE_CSA" value="0.35"/>
			<Property id="PROPERTY_8787" name="WIRE_MIN_BEND_RADIUS" value="3"/>
			<Property id="PROPERTY_8788" name="WIRE_LEVEL" value="(ALL)"/>
			<Property id="PROPERTY_8789" name="WIRE_DEV_PIN_1" value="G2D216:1"/>
			<Property id="PROPERTY_8790" name="WIRE_COLOR" value="BK/VT"/>
			<Property id="PROPERTY_8791" name="WIRE_SPEC" value="2UKD"/>
			<Property id="PROPERTY_8792" name="WIRE_DEV_PIN_2" value="C2AT50:4"/>
			<Property id="PROPERTY_8793" name="WIRE_NAME" value="GD216D"/>
			<Property id="PROPERTY_8794" name="WIRE_END2_TERM" value="DU5T-14474-BA"/>
			<Property id="PROPERTY_8795" name="WIRE_SIGNAL" value="GD216"/>
			<Property id="PROPERTY_8796" name="HRN_FAMILY" value="14401"/>
			<Property id="PROPERTY_8797" name="WIRE_FPN" value="WIRE-2UKD-0.35-BK/VT"/>
			<Property id="PROPERTY_8798" name="WIRE_DIA_MAX" value="1.2"/>
			<BranchRoute id="BRR_323">
				<StartBranchPosition id="BR_POS_909" branchId="BRANCH_c2-4e-0-4c0d82" branchNodeId="BN_8352_25-141_156" offset="0"/>
				<PassBranchId>BRANCH_c2-4e-0-4c0fbd</PassBranchId>
				<PassBranchId>BRANCH_c2-4e-0-4c0fc2</PassBranchId>
				<PassBranchId>BRANCH_c2-4e-0-4c0d7c</PassBranchId>
				<PassBranchId>BRANCH_c2-4e-0-4c0fb4</PassBranchId>
				<PassBranchId>BRANCH_c2-4e-0-4c0f7e</PassBranchId>
				<PassBranchId>BRANCH_c2-4e-0-4c1005</PassBranchId>
				<PassBranchId>BRANCH_c2-4e-0-4c0f45</PassBranchId>
				<PassBranchId>BRANCH_c2-4e-0-4c0fff</PassBranchId>
				<EndBranchPosition id="BR_POS_910" branchId="BRANCH_c2-4e-0-4c0dd1" branchNodeId="BN_12720-216" offset="0"/>
			</BranchRoute>
		</WiringItem>
		<WiringItem xsi:type="Wire" id="WIRE_ac-c-0-8c0cb9" name="GD216EVB" signalId="SIGNAL_2-36-0-3a85" cableType="WIRE-2UKD-0.35" wireName="BK/VT" fromPinId="PIN_ac-18-0-8bc0c4" toPinId="PIN_f-18-0-e8f4">
			<AppRef name="E3.Series" version="2.14.0.0" guid="7efbb096-0eeb-4b81-856c-8968a3b894d3"/>
			<Property id="PROPERTY_8799" name="WIRE_LENGTH" value="1225"/>
			<Property id="PROPERTY_8800" name="WIRE_CSA" value="0.35"/>
			<Property id="PROPERTY_8801" name="WIRE_END1_CAVSEAL" value="ESF-M3L66-A"/>
			<Property id="PROPERTY_8802" name="WIRE_MIN_BEND_RADIUS" value="3"/>
			<Property id="PROPERTY_8803" name="WIRE_OPTION" value="HT2AC &amp; HJGAY"/>
			<Property id="PROPERTY_8804" name="WIRE_DEV_PIN_1" value="C2X212-EVB:3"/>
			<Property id="PROPERTY_8805" name="WIRE_COLOR" value="BK/VT"/>
			<Property id="PROPERTY_8806" name="WIRE_SPEC" value="2UKD"/>
			<Property id="PROPERTY_8807" name="WIRE_END1_MATL" value="(SN)"/>
			<Property id="PROPERTY_8808" name="WIRE_LEVEL" value="ZA/ZB/ZC/ZF"/>
			<Property id="PROPERTY_8809" name="WIRE_END1_TERM" value="3F2T-14474-RA"/>
			<Property id="PROPERTY_8810" name="WIRE_DEV_PIN_2" value="G2D216:1"/>
			<Property id="PROPERTY_8811" name="WIRE_NAME" value="GD216EVB"/>
			<Property id="PROPERTY_8812" name="WIRE_SIGNAL" value="GD216"/>
			<Property id="PROPERTY_8813" name="HRN_FAMILY" value="14401"/>
			<Property id="PROPERTY_8814" name="WIRE_FPN" value="WIRE-2UKD-0.35-BK/VT"/>
			<Property id="PROPERTY_8815" name="WIRE_DIA_MAX" value="1.2"/>
			<Option id="OPTION_ac-c-0-8c0cb9_1" value="HT2AC &amp; HJGAY"/>
			<BranchRoute id="BRR_324">
				<StartBranchPosition id="BR_POS_911" branchId="BRANCH_c2-4e-0-4c0dd1" branchNodeId="BN_12720-216" offset="0"/>
				<PassBranchId>BRANCH_c2-4e-0-4c0fff</PassBranchId>
				<PassBranchId>BRANCH_c2-4e-0-4c0dea</PassBranchId>
				<PassBranchId>BRANCH_c2-4e-0-4c0fd1</PassBranchId>
				<PassBranchId>BRANCH_c2-4e-0-4c0fe8</PassBranchId>
				<PassBranchId>BRANCH_c2-4e-0-4c1009</PassBranchId>
				<PassBranchId>BRANCH_c2-4e-0-4c10cb</PassBranchId>
				<PassBranchId>BRANCH_c2-4e-0-4c10ec</PassBranchId>
				<PassBranchId>BRANCH_c2-4e-0-4c1075</PassBranchId>
				<PassBranchId>BRANCH_c2-4e-0-4c106f</PassBranchId>
				<PassBranchId>BRANCH_c2-4e-0-4c1076</PassBranchId>
				<PassBranchId>BRANCH_c2-4e-0-4c0d05</PassBranchId>
				<PassBranchId>BRANCH_c2-4e-0-4c0f34</PassBranchId>
				<PassBranchId>BRANCH_c2-4e-0-4c0ff9</PassBranchId>
				<PassBranchId>BRANCH_c2-4e-0-4c10c3</PassBranchId>
				<PassBranchId>BRANCH_1a-4e-0-1a7080e</PassBranchId>
				<PassBranchId>BRANCH_1a-4e-0-1a72824</PassBranchId>
				<PassBranchId>BRANCH_1a-4e-0-1a78dfd</PassBranchId>
				<EndBranchPosition id="BR_POS_912" branchId="BRANCH_1a-4e-0-1a7ae35" branchNodeId="BN_15712-168" offset="0"/>
			</BranchRoute>
		</WiringItem>
		<WiringItem xsi:type="Wire" id="WIRE_ac-c-0-8c088f" name="GD216EVC" signalId="SIGNAL_2-36-0-3a85" cableType="WIRE-2UKD-0.35" wireName="BK/VT" fromPinId="PIN_ac-18-0-8bc109" toPinId="PIN_f-18-0-e8f4">
			<AppRef name="E3.Series" version="2.14.0.0" guid="a8c25d84-3c14-4b14-b21f-a4d87b2df261"/>
			<Property id="PROPERTY_8816" name="WIRE_LENGTH" value="1225"/>
			<Property id="PROPERTY_8817" name="WIRE_CSA" value="0.35"/>
			<Property id="PROPERTY_8818" name="WIRE_MIN_BEND_RADIUS" value="3"/>
			<Property id="PROPERTY_8819" name="WIRE_OPTION" value="HT2AC &amp; HJGAY"/>
			<Property id="PROPERTY_8820" name="WIRE_DEV_PIN_1" value="C2X212-EVC:3"/>
			<Property id="PROPERTY_8821" name="WIRE_COLOR" value="BK/VT"/>
			<Property id="PROPERTY_8822" name="WIRE_SPEC" value="2UKD"/>
			<Property id="PROPERTY_8823" name="WIRE_END1_MATL" value="(SN)"/>
			<Property id="PROPERTY_8824" name="WIRE_LEVEL" value="ZA/ZB/ZC/ZF"/>
			<Property id="PROPERTY_8825" name="WIRE_END1_TERM" value="3F2T-14474-SA"/>
			<Property id="PROPERTY_8826" name="WIRE_DEV_PIN_2" value="G2D216:1"/>
			<Property id="PROPERTY_8827" name="WIRE_NAME" value="GD216EVC"/>
			<Property id="PROPERTY_8828" name="WIRE_SIGNAL" value="GD216"/>
			<Property id="PROPERTY_8829" name="HRN_FAMILY" value="14401"/>
			<Property id="PROPERTY_8830" name="WIRE_FPN" value="WIRE-2UKD-0.35-BK/VT"/>
			<Property id="PROPERTY_8831" name="WIRE_DIA_MAX" value="1.2"/>
			<Option id="OPTION_ac-c-0-8c088f_1" value="HT2AC &amp; HJGAY"/>
			<BranchRoute id="BRR_325">
				<StartBranchPosition id="BR_POS_913" branchId="BRANCH_c2-4e-0-4c0dd1" branchNodeId="BN_12720-216" offset="0"/>
				<PassBranchId>BRANCH_c2-4e-0-4c0fff</PassBranchId>
				<PassBranchId>BRANCH_c2-4e-0-4c0dea</PassBranchId>
				<PassBranchId>BRANCH_c2-4e-0-4c0fd1</PassBranchId>
				<PassBranchId>BRANCH_c2-4e-0-4c0fe8</PassBranchId>
				<PassBranchId>BRANCH_c2-4e-0-4c1009</PassBranchId>
				<PassBranchId>BRANCH_c2-4e-0-4c10cb</PassBranchId>
				<PassBranchId>BRANCH_c2-4e-0-4c10ec</PassBranchId>
				<PassBranchId>BRANCH_c2-4e-0-4c1075</PassBranchId>
				<PassBranchId>BRANCH_c2-4e-0-4c106f</PassBranchId>
				<PassBranchId>BRANCH_c2-4e-0-4c1076</PassBranchId>
				<PassBranchId>BRANCH_c2-4e-0-4c0d05</PassBranchId>
				<PassBranchId>BRANCH_c2-4e-0-4c0f34</PassBranchId>
				<PassBranchId>BRANCH_c2-4e-0-4c0ff9</PassBranchId>
				<PassBranchId>BRANCH_c2-4e-0-4c10c3</PassBranchId>
				<PassBranchId>BRANCH_1a-4e-0-1a7080e</PassBranchId>
				<PassBranchId>BRANCH_1a-4e-0-1a72824</PassBranchId>
				<PassBranchId>BRANCH_1a-4e-0-1a74b21</PassBranchId>
				<EndBranchPosition id="BR_POS_914" branchId="BRANCH_1a-4e-0-1a76b0d" branchNodeId="BN_15880-168" offset="0"/>
			</BranchRoute>
		</WiringItem>
		<WiringItem xsi:type="Wire" id="WIRE_e5-c-0-12b4b52" name="GD216EVD" signalId="SIGNAL_2-36-0-3a85" cableType="WIRE-2UKD-0.35" wireName="BK/VT" fromPinId="PIN_f-18-0-e8f4" toPinId="PIN_95-18-0-8c78d1">
			<AppRef name="E3.Series" version="2.14.0.0" guid="731462c5-600f-451a-90bc-768d0031943a"/>
			<Property id="PROPERTY_8832" name="WIRE_LENGTH" value="710"/>
			<Property id="PROPERTY_8833" name="WIRE_CSA" value="0.35"/>
			<Property id="PROPERTY_8834" name="WIRE_MIN_BEND_RADIUS" value="3"/>
			<Property id="PROPERTY_8835" name="WIRE_OPTION" value="HT2AC"/>
			<Property id="PROPERTY_8836" name="WIRE_DEV_PIN_1" value="G2D216:1"/>
			<Property id="PROPERTY_8837" name="WIRE_COLOR" value="BK/VT"/>
			<Property id="PROPERTY_8838" name="WIRE_SPEC" value="2UKD"/>
			<Property id="PROPERTY_8839" name="WIRE_LEVEL" value="(BEV)"/>
			<Property id="PROPERTY_8840" name="WIRE_DEV_PIN_2" value="C2DB05-EVA:5"/>
			<Property id="PROPERTY_8841" name="WIRE_NAME" value="GD216EVD"/>
			<Property id="PROPERTY_8842" name="WIRE_END2_TERM" value="*1X4T-14474-BA"/>
			<Property id="PROPERTY_8843" name="WIRE_SIGNAL" value="GD216"/>
			<Property id="PROPERTY_8844" name="HRN_FAMILY" value="14401"/>
			<Property id="PROPERTY_8845" name="WIRE_FPN" value="WIRE-2UKD-0.35-BK/VT"/>
			<Property id="PROPERTY_8846" name="WIRE_DIA_MAX" value="1.2"/>
			<Option id="OPTION_e5-c-0-12b4b52_1" value="HT2AC"/>
			<BranchRoute id="BRR_326">
				<StartBranchPosition id="BR_POS_915" branchId="BRANCH_36-4e-0-65ae7f" branchNodeId="BN_6856-336" offset="0"/>
				<PassBranchId>BRANCH_35-4e-0-30adeb</PassBranchId>
				<PassBranchId>BRANCH_c2-4e-0-4c0fce</PassBranchId>
				<PassBranchId>BRANCH_c2-4e-0-4c0d1d</PassBranchId>
				<PassBranchId>BRANCH_35-4e-0-2efaf8</PassBranchId>
				<PassBranchId>BRANCH_c2-4e-0-4c10c0</PassBranchId>
				<PassBranchId>BRANCH_c2-4e-0-4c0fc8</PassBranchId>
				<PassBranchId>BRANCH_c2-4e-0-4c108d</PassBranchId>
				<PassBranchId>BRANCH_c2-4e-0-4c0d88</PassBranchId>
				<PassBranchId>BRANCH_c2-4e-0-4c109a</PassBranchId>
				<PassBranchId>BRANCH_c2-4e-0-4c0e16</PassBranchId>
				<PassBranchId>BRANCH_c2-4e-0-4c0fcb</PassBranchId>
				<PassBranchId>BRANCH_c2-4e-0-4c0fff</PassBranchId>
				<EndBranchPosition id="BR_POS_916" branchId="BRANCH_c2-4e-0-4c0dd1" branchNodeId="BN_12720-216" offset="0"/>
			</BranchRoute>
		</WiringItem>
		<WiringItem xsi:type="Wire" id="WIRE_ce-c-0-28fd8e" name="GD216EVW" signalId="SIGNAL_2-36-0-3a85" cableType="WIRE-2UKD-0.35" wireName="BK/VT" fromPinId="PIN_ce-18-0-206817" toPinId="PIN_f-18-0-e8f4">
			<AppRef name="E3.Series" version="2.14.0.0" guid="c8231f5f-2613-4458-a068-66e30a6c264e"/>
			<Property id="PROPERTY_8847" name="WIRE_LENGTH" value="1510"/>
			<Property id="PROPERTY_8848" name="WIRE_CSA" value="0.35"/>
			<Property id="PROPERTY_8849" name="WIRE_MIN_BEND_RADIUS" value="3"/>
			<Property id="PROPERTY_8850" name="WIRE_OPTION" value="AC_G &amp; HJGAY"/>
			<Property id="PROPERTY_8851" name="WIRE_DEV_PIN_1" value="C2H101-EVBA:1"/>
			<Property id="PROPERTY_8852" name="WIRE_COLOR" value="BK/VT"/>
			<Property id="PROPERTY_8853" name="WIRE_SPEC" value="2UKD"/>
			<Property id="PROPERTY_8854" name="WIRE_END1_MATL" value="(SN)"/>
			<Property id="PROPERTY_8855" name="WIRE_LEVEL" value="ZA/ZB/ZC/ZF"/>
			<Property id="PROPERTY_8856" name="WIRE_END1_TERM" value="9U5T-14474-DB"/>
			<Property id="PROPERTY_8857" name="WIRE_DEV_PIN_2" value="G2D216:1"/>
			<Property id="PROPERTY_8858" name="WIRE_NAME" value="GD216EVW"/>
			<Property id="PROPERTY_8859" name="WIRE_SIGNAL" value="GD216"/>
			<Property id="PROPERTY_8860" name="HRN_FAMILY" value="14401"/>
			<Property id="PROPERTY_8861" name="WIRE_FPN" value="WIRE-2UKD-0.35-BK/VT"/>
			<Property id="PROPERTY_8862" name="WIRE_DIA_MAX" value="1.2"/>
			<Option id="OPTION_ce-c-0-28fd8e_1" value="AC_G &amp; HJGAY"/>
			<BranchRoute id="BRR_327">
				<StartBranchPosition id="BR_POS_917" branchId="BRANCH_c2-4e-0-4c0dd1" branchNodeId="BN_12720-216" offset="0"/>
				<PassBranchId>BRANCH_c2-4e-0-4c0fff</PassBranchId>
				<PassBranchId>BRANCH_c2-4e-0-4c0dea</PassBranchId>
				<PassBranchId>BRANCH_c2-4e-0-4c0fd1</PassBranchId>
				<PassBranchId>BRANCH_c2-4e-0-4c0fe8</PassBranchId>
				<PassBranchId>BRANCH_c2-4e-0-4c1009</PassBranchId>
				<PassBranchId>BRANCH_c2-4e-0-4c10cb</PassBranchId>
				<PassBranchId>BRANCH_c2-4e-0-4c10ec</PassBranchId>
				<PassBranchId>BRANCH_c2-4e-0-4c1075</PassBranchId>
				<PassBranchId>BRANCH_c2-4e-0-4c106f</PassBranchId>
				<PassBranchId>BRANCH_c2-4e-0-4c1076</PassBranchId>
				<PassBranchId>BRANCH_c2-4e-0-4c0d05</PassBranchId>
				<PassBranchId>BRANCH_c2-4e-0-4c0f34</PassBranchId>
				<PassBranchId>BRANCH_c2-4e-0-4c0ff9</PassBranchId>
				<PassBranchId>BRANCH_c2-4e-0-4c10c3</PassBranchId>
				<PassBranchId>BRANCH_ff-4e-0-936078</PassBranchId>
				<PassBranchId>BRANCH_ff-4e-0-93810b</PassBranchId>
				<PassBranchId>BRANCH_ff-4e-0-938110</PassBranchId>
				<PassBranchId>BRANCH_ff-4e-0-942c78</PassBranchId>
				<PassBranchId>BRANCH_35-4e-0-32eeb3</PassBranchId>
				<PassBranchId>BRANCH_ff-4e-0-959c9b</PassBranchId>
				<EndBranchPosition id="BR_POS_918" branchId="BRANCH_ff-4e-0-938412" branchNodeId="BN_15124-272" offset="0"/>
			</BranchRoute>
		</WiringItem>
		<WiringItem xsi:type="Wire" id="WIRE_95-c-0-e6142" name="GD216H" signalId="SIGNAL_2-36-0-3a85" cableType="WIRE-2UKD-0.35" wireName="BK/VT" fromPinId="PIN_f-18-0-e8f4" toPinId="PIN_13-18-0-2ced1d">
			<AppRef name="E3.Series" version="2.13.7.0" guid="4f8aa93d-76a5-49e2-8f14-a305ef5d1e60"/>
			<Property id="PROPERTY_8863" name="WIRE_LENGTH" value="930"/>
			<Property id="PROPERTY_8864" name="WIRE_CSA" value="0.35"/>
			<Property id="PROPERTY_8865" name="WIRE_MIN_BEND_RADIUS" value="3"/>
			<Property id="PROPERTY_8866" name="WIRE_LEVEL" value="(ALL)"/>
			<Property id="PROPERTY_8867" name="WIRE_DEV_PIN_1" value="G2D216:1"/>
			<Property id="PROPERTY_8868" name="WIRE_COLOR" value="BK/VT"/>
			<Property id="PROPERTY_8869" name="WIRE_SPEC" value="2UKD"/>
			<Property id="PROPERTY_8870" name="WIRE_DEV_PIN_2" value="C2DB04:5"/>
			<Property id="PROPERTY_8871" name="WIRE_NAME" value="GD216H"/>
			<Property id="PROPERTY_8872" name="WIRE_END2_TERM" value="*1X4T-14474-BA"/>
			<Property id="PROPERTY_8873" name="WIRE_SIGNAL" value="GD216"/>
			<Property id="PROPERTY_8874" name="HRN_FAMILY" value="14401"/>
			<Property id="PROPERTY_8875" name="WIRE_FPN" value="WIRE-2UKD-0.35-BK/VT"/>
			<Property id="PROPERTY_8876" name="WIRE_DIA_MAX" value="1.2"/>
			<BranchRoute id="BRR_328">
				<StartBranchPosition id="BR_POS_919" branchId="BRANCH_c2-4e-0-4c0dd4" branchNodeId="BN_6087_9-210_058" offset="0"/>
				<PassBranchId>BRANCH_c2-4e-0-4c0cf5</PassBranchId>
				<PassBranchId>BRANCH_c2-4e-0-4c1021</PassBranchId>
				<PassBranchId>BRANCH_c2-4e-0-4c10e7</PassBranchId>
				<PassBranchId>BRANCH_c2-4e-0-4c0fc5</PassBranchId>
				<PassBranchId>BRANCH_c2-4e-0-4c0fce</PassBranchId>
				<PassBranchId>BRANCH_c2-4e-0-4c0d1d</PassBranchId>
				<PassBranchId>BRANCH_35-4e-0-2efaf8</PassBranchId>
				<PassBranchId>BRANCH_c2-4e-0-4c10c0</PassBranchId>
				<PassBranchId>BRANCH_c2-4e-0-4c0fc8</PassBranchId>
				<PassBranchId>BRANCH_c2-4e-0-4c108d</PassBranchId>
				<PassBranchId>BRANCH_c2-4e-0-4c0d88</PassBranchId>
				<PassBranchId>BRANCH_c2-4e-0-4c109a</PassBranchId>
				<PassBranchId>BRANCH_c2-4e-0-4c0e16</PassBranchId>
				<PassBranchId>BRANCH_c2-4e-0-4c0fcb</PassBranchId>
				<PassBranchId>BRANCH_c2-4e-0-4c0fff</PassBranchId>
				<EndBranchPosition id="BR_POS_920" branchId="BRANCH_c2-4e-0-4c0dd1" branchNodeId="BN_12720-216" offset="0"/>
			</BranchRoute>
		</WiringItem>
		<WiringItem xsi:type="Wire" id="WIRE_95-c-0-e478b" name="GD216K" signalId="SIGNAL_2-36-0-3a85" cableType="WIRE-2UKD-0.35" wireName="BK/VT" fromPinId="PIN_f-18-0-e8f4" toPinId="PIN_29-18-0-82e6">
			<AppRef name="E3.Series" version="2.13.7.0" guid="fe7ae709-06a4-47a1-9fc7-9290efbd38a3"/>
			<Property id="PROPERTY_8877" name="WIRE_LENGTH" value="575"/>
			<Property id="PROPERTY_8878" name="WIRE_END2_MATL" value="(SN)"/>
			<Property id="PROPERTY_8879" name="WIRE_CSA" value="0.35"/>
			<Property id="PROPERTY_8880" name="WIRE_MIN_BEND_RADIUS" value="3"/>
			<Property id="PROPERTY_8881" name="WIRE_OPTION" value="CBGAL | CBGAJ | CBGAU | CBFAN"/>
			<Property id="PROPERTY_8882" name="WIRE_DEV_PIN_1" value="G2D216:1"/>
			<Property id="PROPERTY_8883" name="WIRE_COLOR" value="BK/VT"/>
			<Property id="PROPERTY_8884" name="WIRE_SPEC" value="2UKD"/>
			<Property id="PROPERTY_8885" name="WIRE_LEVEL" value="(PEPS-12)/(BEV)"/>
			<Property id="PROPERTY_8886" name="WIRE_DEV_PIN_2" value="C2DC38:3"/>
			<Property id="PROPERTY_8887" name="WIRE_NAME" value="GD216K"/>
			<Property id="PROPERTY_8888" name="WIRE_END2_TERM" value="3F2T-14474-SA"/>
			<Property id="PROPERTY_8889" name="WIRE_SIGNAL" value="GD216"/>
			<Property id="PROPERTY_8890" name="HRN_FAMILY" value="14401"/>
			<Property id="PROPERTY_8891" name="WIRE_FPN" value="WIRE-2UKD-0.35-BK/VT"/>
			<Property id="PROPERTY_8892" name="WIRE_DIA_MAX" value="1.2"/>
			<Option id="OPTION_95-c-0-e478b_1" value="CBGAL | CBGAJ | CBGAU | CBFAN"/>
			<BranchRoute id="BRR_329">
				<StartBranchPosition id="BR_POS_921" branchId="BRANCH_c2-4e-0-4c0eab" branchNodeId="BN_12382_25-194_156" offset="0"/>
				<PassBranchId>BRANCH_c2-4e-0-4c0ea8</PassBranchId>
				<PassBranchId>BRANCH_c2-4e-0-4c0ea2</PassBranchId>
				<PassBranchId>BRANCH_c2-4e-0-4c0f5d</PassBranchId>
				<PassBranchId>BRANCH_c2-4e-0-4c0f4c</PassBranchId>
				<PassBranchId>BRANCH_c2-4e-0-4c0fff</PassBranchId>
				<EndBranchPosition id="BR_POS_922" branchId="BRANCH_c2-4e-0-4c0dd1" branchNodeId="BN_12720-216" offset="0"/>
			</BranchRoute>
		</WiringItem>
		<WiringItem xsi:type="Wire" id="WIRE_57-c-0-b8a23" name="GD216L" signalId="SIGNAL_2-36-0-3a85" cableType="WIRE-2UKD-0.75" wireName="BK/VT" fromPinId="PIN_f-18-0-e8f4" toPinId="PIN_1e-18-0-13275">
			<AppRef name="E3.Series" version="2.13.7.0" guid="5eba7a94-7690-4718-9a81-bab7264373e1"/>
			<Property id="PROPERTY_8893" name="WIRE_LENGTH" value="1035"/>
			<Property id="PROPERTY_8894" name="WIRE_END2_MATL" value="(SN)"/>
			<Property id="PROPERTY_8895" name="WIRE_CSA" value="0.75"/>
			<Property id="PROPERTY_8896" name="WIRE_MIN_BEND_RADIUS" value="3"/>
			<Property id="PROPERTY_8897" name="WIRE_OPTION" value="IEXAB"/>
			<Property id="PROPERTY_8898" name="WIRE_DEV_PIN_1" value="G2D216:1"/>
			<Property id="PROPERTY_8899" name="WIRE_COLOR" value="BK/VT"/>
			<Property id="PROPERTY_8900" name="WIRE_SPEC" value="2UKD"/>
			<Property id="PROPERTY_8901" name="WIRE_LEVEL" value="(P-COL)/AH/AJ/AK/AL/AM/AN/AP/AR/CB/CC/CD/CE/YC/YD/YK/YL/YP/YR/YU/YV/ZC/ZF"/>
			<Property id="PROPERTY_8902" name="WIRE_DEV_PIN_2" value="C23-D1:20"/>
			<Property id="PROPERTY_8903" name="WIRE_NAME" value="GD216L"/>
			<Property id="PROPERTY_8904" name="WIRE_END2_TERM" value="BU5T-14474-UA"/>
			<Property id="PROPERTY_8905" name="WIRE_SIGNAL" value="GD216"/>
			<Property id="PROPERTY_8906" name="HRN_FAMILY" value="14401"/>
			<Property id="PROPERTY_8907" name="WIRE_FPN" value="WIRE-2UKD-0.75-BK/VT"/>
			<Property id="PROPERTY_8908" name="WIRE_DIA_MAX" value="1.6"/>
			<Option id="OPTION_57-c-0-b8a23_1" value="IEXAB"/>
			<BranchRoute id="BRR_330">
				<StartBranchPosition id="BR_POS_923" branchId="BRANCH_c2-4e-0-4c0dd1" branchNodeId="BN_12720-216" offset="0"/>
				<PassBranchId>BRANCH_c2-4e-0-4c0fff</PassBranchId>
				<PassBranchId>BRANCH_c2-4e-0-4c0dea</PassBranchId>
				<PassBranchId>BRANCH_c2-4e-0-4c0fd1</PassBranchId>
				<PassBranchId>BRANCH_c2-4e-0-4c0fe8</PassBranchId>
				<PassBranchId>BRANCH_c2-4e-0-4c1009</PassBranchId>
				<PassBranchId>BRANCH_c2-4e-0-4c10cb</PassBranchId>
				<PassBranchId>BRANCH_c2-4e-0-4c10ec</PassBranchId>
				<PassBranchId>BRANCH_c2-4e-0-4c1075</PassBranchId>
				<PassBranchId>BRANCH_c2-4e-0-4c106f</PassBranchId>
				<PassBranchId>BRANCH_c2-4e-0-4c1087</PassBranchId>
				<PassBranchId>BRANCH_c2-4e-0-4c1083</PassBranchId>
				<PassBranchId>BRANCH_c2-4e-0-4c1088</PassBranchId>
				<EndBranchPosition id="BR_POS_924" branchId="BRANCH_c2-4e-0-4c0f19" branchNodeId="BN_19800-232" offset="0"/>
			</BranchRoute>
		</WiringItem>
		<WiringItem xsi:type="Wire" id="WIRE_5d-c-0-cba28" name="GD216LP" signalId="SIGNAL_2-36-0-3a85" cableType="WIRE-2UKD-0.35" wireName="BK/VT" fromPinId="PIN_f-18-0-e8f4" toPinId="PIN_5d-18-0-c82f7">
			<AppRef name="E3.Series" version="2.13.7.0" guid="72e6ec16-1c8e-4ad9-bd7e-ef6bcfc2d6e8"/>
			<Property id="PROPERTY_8909" name="WIRE_LENGTH" value="1145"/>
			<Property id="PROPERTY_8910" name="WIRE_END2_MATL" value="(SN)"/>
			<Property id="PROPERTY_8911" name="WIRE_CSA" value="0.35"/>
			<Property id="PROPERTY_8912" name="WIRE_MIN_BEND_RADIUS" value="3"/>
			<Property id="PROPERTY_8913" name="WIRE_LEVEL" value="(ALL)"/>
			<Property id="PROPERTY_8914" name="WIRE_DEV_PIN_1" value="G2D216:1"/>
			<Property id="PROPERTY_8915" name="WIRE_COLOR" value="BK/VT"/>
			<Property id="PROPERTY_8916" name="WIRE_SPEC" value="2UKD"/>
			<Property id="PROPERTY_8917" name="WIRE_DEV_PIN_2" value="C2X212:3"/>
			<Property id="PROPERTY_8918" name="WIRE_NAME" value="GD216LP"/>
			<Property id="PROPERTY_8919" name="WIRE_END2_TERM" value="3F2T-14474-SA"/>
			<Property id="PROPERTY_8920" name="WIRE_SIGNAL" value="GD216"/>
			<Property id="PROPERTY_8921" name="HRN_FAMILY" value="14401"/>
			<Property id="PROPERTY_8922" name="WIRE_FPN" value="WIRE-2UKD-0.35-BK/VT"/>
			<Property id="PROPERTY_8923" name="WIRE_DIA_MAX" value="1.2"/>
			<BranchRoute id="BRR_331">
				<StartBranchPosition id="BR_POS_925" branchId="BRANCH_c2-4e-0-4c0dce" branchNodeId="BN_2863_9-198_058" offset="0"/>
				<PassBranchId>BRANCH_c2-4e-0-4c0dcb</PassBranchId>
				<PassBranchId>BRANCH_c2-4e-0-4c105c</PassBranchId>
				<PassBranchId>BRANCH_c2-4e-0-4c0dc5</PassBranchId>
				<PassBranchId>BRANCH_c2-4e-0-4c1055</PassBranchId>
				<PassBranchId>BRANCH_c2-4e-0-4c1056</PassBranchId>
				<PassBranchId>BRANCH_c2-4e-0-4c10e7</PassBranchId>
				<PassBranchId>BRANCH_c2-4e-0-4c0fc5</PassBranchId>
				<PassBranchId>BRANCH_c2-4e-0-4c0fce</PassBranchId>
				<PassBranchId>BRANCH_c2-4e-0-4c0d1d</PassBranchId>
				<PassBranchId>BRANCH_35-4e-0-2efaf8</PassBranchId>
				<PassBranchId>BRANCH_c2-4e-0-4c10c0</PassBranchId>
				<PassBranchId>BRANCH_c2-4e-0-4c0fc8</PassBranchId>
				<PassBranchId>BRANCH_c2-4e-0-4c108d</PassBranchId>
				<PassBranchId>BRANCH_c2-4e-0-4c0d88</PassBranchId>
				<PassBranchId>BRANCH_c2-4e-0-4c109a</PassBranchId>
				<PassBranchId>BRANCH_c2-4e-0-4c0e16</PassBranchId>
				<PassBranchId>BRANCH_c2-4e-0-4c0fcb</PassBranchId>
				<PassBranchId>BRANCH_c2-4e-0-4c0fff</PassBranchId>
				<EndBranchPosition id="BR_POS_926" branchId="BRANCH_c2-4e-0-4c0dd1" branchNodeId="BN_12720-216" offset="0"/>
			</BranchRoute>
		</WiringItem>
		<WiringItem xsi:type="Wire" id="WIRE_95-c-0-e5fde" name="GD216N" signalId="SIGNAL_2-36-0-3a85" cableType="WIRE-2UKD-0.35" wireName="BK/VT" fromPinId="PIN_f-18-0-e8f4" toPinId="PIN_f-18-0-f298">
			<AppRef name="E3.Series" version="2.13.7.0" guid="2dfc9cb7-ab37-457b-a7d1-20c2552e86b6"/>
			<Property id="PROPERTY_8924" name="WIRE_LENGTH" value="1000"/>
			<Property id="PROPERTY_8925" name="WIRE_END2_MATL" value="(SN)"/>
			<Property id="PROPERTY_8926" name="WIRE_CSA" value="0.35"/>
			<Property id="PROPERTY_8927" name="WIRE_MIN_BEND_RADIUS" value="3"/>
			<Property id="PROPERTY_8928" name="WIRE_LEVEL" value="(ALL)"/>
			<Property id="PROPERTY_8929" name="WIRE_DEV_PIN_1" value="G2D216:1"/>
			<Property id="PROPERTY_8930" name="WIRE_COLOR" value="BK/VT"/>
			<Property id="PROPERTY_8931" name="WIRE_SPEC" value="2UKD"/>
			<Property id="PROPERTY_8932" name="WIRE_DEV_PIN_2" value="C2CB09:2"/>
			<Property id="PROPERTY_8933" name="WIRE_NAME" value="GD216N"/>
			<Property id="PROPERTY_8934" name="WIRE_END2_TERM" value="*3F2T-14474-SA"/>
			<Property id="PROPERTY_8935" name="WIRE_SIGNAL" value="GD216"/>
			<Property id="PROPERTY_8936" name="HRN_FAMILY" value="14401"/>
			<Property id="PROPERTY_8937" name="WIRE_FPN" value="WIRE-2UKD-0.35-BK/VT"/>
			<Property id="PROPERTY_8938" name="WIRE_DIA_MAX" value="1.2"/>
			<BranchRoute id="BRR_332">
				<StartBranchPosition id="BR_POS_927" branchId="BRANCH_c2-4e-0-4c0db8" branchNodeId="BN_3870_25-198_156" offset="0"/>
				<PassBranchId>BRANCH_c2-4e-0-4c0e33</PassBranchId>
				<PassBranchId>BRANCH_c2-4e-0-4c1055</PassBranchId>
				<PassBranchId>BRANCH_c2-4e-0-4c1056</PassBranchId>
				<PassBranchId>BRANCH_c2-4e-0-4c10e7</PassBranchId>
				<PassBranchId>BRANCH_c2-4e-0-4c0fc5</PassBranchId>
				<PassBranchId>BRANCH_c2-4e-0-4c0fce</PassBranchId>
				<PassBranchId>BRANCH_c2-4e-0-4c0d1d</PassBranchId>
				<PassBranchId>BRANCH_35-4e-0-2efaf8</PassBranchId>
				<PassBranchId>BRANCH_c2-4e-0-4c10c0</PassBranchId>
				<PassBranchId>BRANCH_c2-4e-0-4c0fc8</PassBranchId>
				<PassBranchId>BRANCH_c2-4e-0-4c108d</PassBranchId>
				<PassBranchId>BRANCH_c2-4e-0-4c0d88</PassBranchId>
				<PassBranchId>BRANCH_c2-4e-0-4c109a</PassBranchId>
				<PassBranchId>BRANCH_c2-4e-0-4c0e16</PassBranchId>
				<PassBranchId>BRANCH_c2-4e-0-4c0fcb</PassBranchId>
				<PassBranchId>BRANCH_c2-4e-0-4c0fff</PassBranchId>
				<EndBranchPosition id="BR_POS_928" branchId="BRANCH_c2-4e-0-4c0dd1" branchNodeId="BN_12720-216" offset="0"/>
			</BranchRoute>
		</WiringItem>
		<WiringItem xsi:type="Wire" id="WIRE_95-c-0-e46b6" name="GD216P" signalId="SIGNAL_2-36-0-3a85" cableType="WIRE-2UKD-0.35" wireName="BK/VT" fromPinId="PIN_3b-18-0-1d710" toPinId="PIN_f-18-0-e8f4">
			<AppRef name="E3.Series" version="2.13.7.0" guid="abeb8419-9166-487d-ae76-bb9475e07c83"/>
			<Property id="PROPERTY_8939" name="WIRE_LENGTH" value="1030"/>
			<Property id="PROPERTY_8940" name="WIRE_CSA" value="0.35"/>
			<Property id="PROPERTY_8941" name="WIRE_MIN_BEND_RADIUS" value="3"/>
			<Property id="PROPERTY_8942" name="WIRE_LEVEL" value="(ALL)"/>
			<Property id="PROPERTY_8943" name="WIRE_DEV_PIN_1" value="C2LF23:1"/>
			<Property id="PROPERTY_8944" name="WIRE_COLOR" value="BK/VT"/>
			<Property id="PROPERTY_8945" name="WIRE_SPEC" value="2UKD"/>
			<Property id="PROPERTY_8946" name="WIRE_END1_MATL" value="(SN)"/>
			<Property id="PROPERTY_8947" name="WIRE_END1_TERM" value="DU5T-14474-EAB"/>
			<Property id="PROPERTY_8948" name="WIRE_DEV_PIN_2" value="G2D216:1"/>
			<Property id="PROPERTY_8949" name="WIRE_NAME" value="GD216P"/>
			<Property id="PROPERTY_8950" name="WIRE_SIGNAL" value="GD216"/>
			<Property id="PROPERTY_8951" name="HRN_FAMILY" value="14401"/>
			<Property id="PROPERTY_8952" name="WIRE_FPN" value="WIRE-2UKD-0.35-BK/VT"/>
			<Property id="PROPERTY_8953" name="WIRE_DIA_MAX" value="1.2"/>
			<BranchRoute id="BRR_333">
				<StartBranchPosition id="BR_POS_929" branchId="BRANCH_c2-4e-0-4c0e2f" branchNodeId="BN_3231_9-198_058" offset="0"/>
				<PassBranchId>BRANCH_c2-4e-0-4c0e66</PassBranchId>
				<PassBranchId>BRANCH_c2-4e-0-4c0d3e</PassBranchId>
				<PassBranchId>BRANCH_c2-4e-0-4c1055</PassBranchId>
				<PassBranchId>BRANCH_c2-4e-0-4c1056</PassBranchId>
				<PassBranchId>BRANCH_c2-4e-0-4c10e7</PassBranchId>
				<PassBranchId>BRANCH_c2-4e-0-4c0fc5</PassBranchId>
				<PassBranchId>BRANCH_c2-4e-0-4c0fce</PassBranchId>
				<PassBranchId>BRANCH_c2-4e-0-4c0d1d</PassBranchId>
				<PassBranchId>BRANCH_35-4e-0-2efaf8</PassBranchId>
				<PassBranchId>BRANCH_c2-4e-0-4c10c0</PassBranchId>
				<PassBranchId>BRANCH_c2-4e-0-4c0fc8</PassBranchId>
				<PassBranchId>BRANCH_c2-4e-0-4c108d</PassBranchId>
				<PassBranchId>BRANCH_c2-4e-0-4c0d88</PassBranchId>
				<PassBranchId>BRANCH_c2-4e-0-4c109a</PassBranchId>
				<PassBranchId>BRANCH_c2-4e-0-4c0e16</PassBranchId>
				<PassBranchId>BRANCH_c2-4e-0-4c0fcb</PassBranchId>
				<PassBranchId>BRANCH_c2-4e-0-4c0fff</PassBranchId>
				<EndBranchPosition id="BR_POS_930" branchId="BRANCH_c2-4e-0-4c0dd1" branchNodeId="BN_12720-216" offset="0"/>
			</BranchRoute>
		</WiringItem>
		<WiringItem xsi:type="Wire" id="WIRE_95-c-0-e5876" name="GD216W" signalId="SIGNAL_2-36-0-3a85" cableType="WIRE-2UKD-0.35" wireName="BK/VT" fromPinId="PIN_f-18-0-f5c9" toPinId="PIN_f-18-0-e8f4">
			<AppRef name="E3.Series" version="2.13.7.0" guid="6fe90b82-8495-442b-bf46-2ba036966212"/>
			<Property id="PROPERTY_8954" name="WIRE_LENGTH" value="1225"/>
			<Property id="PROPERTY_8955" name="WIRE_CSA" value="0.35"/>
			<Property id="PROPERTY_8956" name="WIRE_MIN_BEND_RADIUS" value="3"/>
			<Property id="PROPERTY_8957" name="WIRE_OPTION" value="( AC_G | AC_B ) &amp; ( HJGAJ | HJGAX )"/>
			<Property id="PROPERTY_8958" name="WIRE_DEV_PIN_1" value="C2H101-A:1"/>
			<Property id="PROPERTY_8959" name="WIRE_COLOR" value="BK/VT"/>
			<Property id="PROPERTY_8960" name="WIRE_SPEC" value="2UKD"/>
			<Property id="PROPERTY_8961" name="WIRE_END1_MATL" value="(SN)"/>
			<Property id="PROPERTY_8962" name="WIRE_LEVEL" value="(D-CAM)/(C-SHF)/(KWINV)/VA/ZD/ZH"/>
			<Property id="PROPERTY_8963" name="WIRE_END1_TERM" value="9U5T-14474-DB"/>
			<Property id="PROPERTY_8964" name="WIRE_DEV_PIN_2" value="G2D216:1"/>
			<Property id="PROPERTY_8965" name="WIRE_NAME" value="GD216W"/>
			<Property id="PROPERTY_8966" name="WIRE_SIGNAL" value="GD216"/>
			<Property id="PROPERTY_8967" name="HRN_FAMILY" value="14401"/>
			<Property id="PROPERTY_8968" name="WIRE_FPN" value="WIRE-2UKD-0.35-BK/VT"/>
			<Property id="PROPERTY_8969" name="WIRE_DIA_MAX" value="1.2"/>
			<Option id="OPTION_95-c-0-e5876_1" value="( AC_G | AC_B ) &amp; ( HJGAJ | HJGAX )"/>
			<BranchRoute id="BRR_334">
				<StartBranchPosition id="BR_POS_931" branchId="BRANCH_c2-4e-0-4c0dd1" branchNodeId="BN_12720-216" offset="0"/>
				<PassBranchId>BRANCH_c2-4e-0-4c0fff</PassBranchId>
				<PassBranchId>BRANCH_c2-4e-0-4c0dea</PassBranchId>
				<PassBranchId>BRANCH_c2-4e-0-4c0fd1</PassBranchId>
				<PassBranchId>BRANCH_c2-4e-0-4c0fe8</PassBranchId>
				<PassBranchId>BRANCH_c2-4e-0-4c1009</PassBranchId>
				<PassBranchId>BRANCH_c2-4e-0-4c10cb</PassBranchId>
				<PassBranchId>BRANCH_c2-4e-0-4c10ec</PassBranchId>
				<PassBranchId>BRANCH_c2-4e-0-4c1075</PassBranchId>
				<PassBranchId>BRANCH_c2-4e-0-4c106f</PassBranchId>
				<PassBranchId>BRANCH_c2-4e-0-4c1076</PassBranchId>
				<PassBranchId>BRANCH_c2-4e-0-4c0d05</PassBranchId>
				<PassBranchId>BRANCH_c2-4e-0-4c0f34</PassBranchId>
				<PassBranchId>BRANCH_c2-4e-0-4c0ff9</PassBranchId>
				<PassBranchId>BRANCH_c2-4e-0-4c10c3</PassBranchId>
				<PassBranchId>BRANCH_c2-4e-0-4c0f40</PassBranchId>
				<EndBranchPosition id="BR_POS_932" branchId="BRANCH_c2-4e-0-4c0f41" branchNodeId="BN_13944-224" offset="0"/>
			</BranchRoute>
		</WiringItem>
		<WiringItem xsi:type="Wire" id="WIRE_5d-c-0-bb79f" name="GD216XD" signalId="SIGNAL_2-36-0-3a85" cableType="WIRE-2UKD-0.35" wireName="BK/VT" fromPinId="PIN_9f-18-0-51401d" toPinId="PIN_f-18-0-e8f4">
			<AppRef name="E3.Series" version="2.13.7.0" guid="09bb28c0-c90d-49b9-8e58-ad84a40b114a"/>
			<Property id="PROPERTY_8970" name="WIRE_LENGTH" value="785"/>
			<Property id="PROPERTY_8971" name="WIRE_CSA" value="0.35"/>
			<Property id="PROPERTY_8972" name="WIRE_MIN_BEND_RADIUS" value="3"/>
			<Property id="PROPERTY_8973" name="WIRE_OPTION" value="HJGAJ | HJGAX"/>
			<Property id="PROPERTY_8974" name="WIRE_DEV_PIN_1" value="C22-SW1:21"/>
			<Property id="PROPERTY_8975" name="WIRE_COLOR" value="BK/VT"/>
			<Property id="PROPERTY_8976" name="WIRE_SPEC" value="2UKD"/>
			<Property id="PROPERTY_8977" name="WIRE_END1_MATL" value="(SN)"/>
			<Property id="PROPERTY_8978" name="WIRE_LEVEL" value="(D-CAM)/(C-SHF)/(KWINV)/VA/ZD/ZH"/>
			<Property id="PROPERTY_8979" name="WIRE_END1_TERM" value="DU5T-14421-FA"/>
			<Property id="PROPERTY_8980" name="WIRE_DEV_PIN_2" value="G2D216:1"/>
			<Property id="PROPERTY_8981" name="WIRE_NAME" value="GD216XD"/>
			<Property id="PROPERTY_8982" name="WIRE_SIGNAL" value="GD216"/>
			<Property id="PROPERTY_8983" name="HRN_FAMILY" value="14401"/>
			<Property id="PROPERTY_8984" name="WIRE_FPN" value="WIRE-2UKD-0.35-BK/VT"/>
			<Property id="PROPERTY_8985" name="WIRE_DIA_MAX" value="1.2"/>
			<Option id="OPTION_5d-c-0-bb79f_1" value="HJGAJ | HJGAX"/>
			<BranchRoute id="BRR_335">
				<StartBranchPosition id="BR_POS_933" branchId="BRANCH_c2-4e-0-4c0dd1" branchNodeId="BN_12720-216" offset="0"/>
				<PassBranchId>BRANCH_c2-4e-0-4c0fff</PassBranchId>
				<PassBranchId>BRANCH_c2-4e-0-4c0dea</PassBranchId>
				<PassBranchId>BRANCH_c2-4e-0-4c0fd1</PassBranchId>
				<PassBranchId>BRANCH_c2-4e-0-4c0fe8</PassBranchId>
				<PassBranchId>BRANCH_c2-4e-0-4c1009</PassBranchId>
				<PassBranchId>BRANCH_c2-4e-0-4c10cb</PassBranchId>
				<PassBranchId>BRANCH_c2-4e-0-4c10ec</PassBranchId>
				<PassBranchId>BRANCH_c2-4e-0-4c1068</PassBranchId>
				<PassBranchId>BRANCH_c2-4e-0-4c0df7</PassBranchId>
				<EndBranchPosition id="BR_POS_934" branchId="BRANCH_c2-4e-0-4c0f0b" branchNodeId="BN_20576-224" offset="0"/>
			</BranchRoute>
		</WiringItem>
		<WiringItem xsi:type="Wire" id="WIRE_95-c-0-e6b98" name="GD216Y" signalId="SIGNAL_2-36-0-3a85" cableType="WIRE-2UKD-0.35" wireName="BK/VT" fromPinId="PIN_95-18-0-e3eff" toPinId="PIN_f-18-0-e8f4">
			<AppRef name="E3.Series" version="2.13.7.0" guid="92a61b16-332b-4992-9874-1aa090546b7e"/>
			<Property id="PROPERTY_8986" name="WIRE_LENGTH" value="525"/>
			<Property id="PROPERTY_8987" name="WIRE_CSA" value="0.35"/>
			<Property id="PROPERTY_8988" name="WIRE_MIN_BEND_RADIUS" value="3"/>
			<Property id="PROPERTY_8989" name="WIRE_OPTION" value="DAXAC"/>
			<Property id="PROPERTY_8990" name="WIRE_DEV_PIN_1" value="C2AT30:6"/>
			<Property id="PROPERTY_8991" name="WIRE_COLOR" value="BK/VT"/>
			<Property id="PROPERTY_8992" name="WIRE_SPEC" value="2UKD"/>
			<Property id="PROPERTY_8993" name="WIRE_END1_MATL" value="(SN)"/>
			<Property id="PROPERTY_8994" name="WIRE_LEVEL" value="(D-CAM)/(8SPKR)/(F-SHF)/(BEV)"/>
			<Property id="PROPERTY_8995" name="WIRE_END1_TERM" value="3F2T-14474-SA"/>
			<Property id="PROPERTY_8996" name="WIRE_DEV_PIN_2" value="G2D216:1"/>
			<Property id="PROPERTY_8997" name="WIRE_NAME" value="GD216Y"/>
			<Property id="PROPERTY_8998" name="WIRE_SIGNAL" value="GD216"/>
			<Property id="PROPERTY_8999" name="HRN_FAMILY" value="14401"/>
			<Property id="PROPERTY_9000" name="WIRE_FPN" value="WIRE-2UKD-0.35-BK/VT"/>
			<Property id="PROPERTY_9001" name="WIRE_DIA_MAX" value="1.2"/>
			<Option id="OPTION_95-c-0-e6b98_1" value="DAXAC"/>
			<BranchRoute id="BRR_336">
				<StartBranchPosition id="BR_POS_935" branchId="BRANCH_c2-4e-0-4c0f54" branchNodeId="BN_12528-176" offset="0"/>
				<PassBranchId>BRANCH_c2-4e-0-4c0e56</PassBranchId>
				<PassBranchId>BRANCH_c2-4e-0-4c0f4c</PassBranchId>
				<PassBranchId>BRANCH_c2-4e-0-4c0fff</PassBranchId>
				<EndBranchPosition id="BR_POS_936" branchId="BRANCH_c2-4e-0-4c0dd1" branchNodeId="BN_12720-216" offset="0"/>
			</BranchRoute>
		</WiringItem>
		<WiringItem xsi:type="Wire" id="WIRE_e6-c-0-529f58" name="ZNG02A" signalId="SIGNAL_18-36-0-25321b" cableType="WIRE-2UKD-0.35" wireName="BK" fromPinId="PIN_b5-18-0-5356" toPinId="PIN_f-18-0-dbf9">
			<AppRef name="E3.Series" version="2.13.7.0" guid="6b79a2f5-f339-45ff-b5ae-62ad9e0b764d"/>
			<Property id="PROPERTY_14954" name="WIRE_LENGTH" value="2500"/>
			<Property id="PROPERTY_14955" name="WIRE_END2_MATL" value="(SN)"/>
			<Property id="PROPERTY_14956" name="WIRE_CSA" value="0.35"/>
			<Property id="PROPERTY_14957" name="WIRE_MIN_BEND_RADIUS" value="3"/>
			<Property id="PROPERTY_14958" name="WIRE_LEVEL" value="(ALL)"/>
			<Property id="PROPERTY_14959" name="WIRE_DEV_PIN_1" value="C23-C1:17"/>
			<Property id="PROPERTY_14960" name="WIRE_COLOR" value="BK"/>
			<Property id="PROPERTY_14961" name="WIRE_SPEC" value="2UKD"/>
			<Property id="PROPERTY_14962" name="WIRE_END1_MATL" value="(SN)"/>
			<Property id="PROPERTY_14963" name="WIRE_END1_TERM" value="9U5T-14474-DB"/>
			<Property id="PROPERTY_14964" name="WIRE_DEV_PIN_2" value="C2AM02-B:33"/>
			<Property id="PROPERTY_14965" name="WIRE_NAME" value="ZNG02A"/>
			<Property id="PROPERTY_14966" name="WIRE_END2_TERM" value="9U5T-14474-DB"/>
			<Property id="PROPERTY_14967" name="WIRE_SIGNAL" value="ZNG02"/>
			<Property id="PROPERTY_14968" name="HRN_FAMILY" value="14401"/>
			<Property id="PROPERTY_14969" name="WIRE_FPN" value="WIRE-2UKD-0.35-BK"/>
			<Property id="PROPERTY_14970" name="WIRE_DIA_MAX" value="1.2"/>
			<BranchRoute id="BRR_667">
				<StartBranchPosition id="BR_POS_1597" branchId="BRANCH_c2-4e-0-4c0de1" branchNodeId="BN_79_9-190_058" offset="0"/>
				<PassBranchId>BRANCH_c2-4e-0-4c0ddd</PassBranchId>
				<PassBranchId>BRANCH_c2-4e-0-4c10dd</PassBranchId>
				<PassBranchId>BRANCH_c2-4e-0-4c1020</PassBranchId>
				<PassBranchId>BRANCH_c2-4e-0-4c1021</PassBranchId>
				<PassBranchId>BRANCH_c2-4e-0-4c10e7</PassBranchId>
				<PassBranchId>BRANCH_c2-4e-0-4c0fc5</PassBranchId>
				<PassBranchId>BRANCH_c2-4e-0-4c0fce</PassBranchId>
				<PassBranchId>BRANCH_c2-4e-0-4c0d1d</PassBranchId>
				<PassBranchId>BRANCH_35-4e-0-2efaf8</PassBranchId>
				<PassBranchId>BRANCH_c2-4e-0-4c10c0</PassBranchId>
				<PassBranchId>BRANCH_c2-4e-0-4c0fc8</PassBranchId>
				<PassBranchId>BRANCH_c2-4e-0-4c108d</PassBranchId>
				<PassBranchId>BRANCH_c2-4e-0-4c0d88</PassBranchId>
				<PassBranchId>BRANCH_c2-4e-0-4c109a</PassBranchId>
				<PassBranchId>BRANCH_c2-4e-0-4c0e16</PassBranchId>
				<PassBranchId>BRANCH_c2-4e-0-4c0fcb</PassBranchId>
				<PassBranchId>BRANCH_c2-4e-0-4c0dea</PassBranchId>
				<PassBranchId>BRANCH_c2-4e-0-4c0fd1</PassBranchId>
				<PassBranchId>BRANCH_c2-4e-0-4c0fe8</PassBranchId>
				<PassBranchId>BRANCH_c2-4e-0-4c1009</PassBranchId>
				<PassBranchId>BRANCH_c2-4e-0-4c10cb</PassBranchId>
				<PassBranchId>BRANCH_c2-4e-0-4c10ec</PassBranchId>
				<PassBranchId>BRANCH_c2-4e-0-4c0de4</PassBranchId>
				<PassBranchId>BRANCH_1a-4e-0-18e01d0</PassBranchId>
				<PassBranchId>BRANCH_c2-4e-0-4c10c8</PassBranchId>
				<PassBranchId>BRANCH_eb-4e-0-678fca</PassBranchId>
				<PassBranchId>BRANCH_c2-4e-0-4c0e87</PassBranchId>
				<PassBranchId>BRANCH_c2-4e-0-4c0e8c</PassBranchId>
				<PassBranchId>BRANCH_c2-4e-0-4c0e7f</PassBranchId>
				<PassBranchId>BRANCH_c2-4e-0-4c102d</PassBranchId>
				<PassBranchId>BRANCH_c2-4e-0-4c1030</PassBranchId>
				<PassBranchId>BRANCH_c2-4e-0-4c0e6d</PassBranchId>
				<PassBranchId>BRANCH_c2-4e-0-4c0fdc</PassBranchId>
				<PassBranchId>BRANCH_c2-4e-0-4c0efe</PassBranchId>
				<PassBranchId>BRANCH_c2-4e-0-4c0df1</PassBranchId>
				<EndBranchPosition id="BR_POS_1598" branchId="BRANCH_c2-4e-0-4c0f01" branchNodeId="BN_23840-236" offset="0"/>
			</BranchRoute>
		</WiringItem>
		<WiringItem xsi:type="Wire" id="WIRE_25-c-0-312d57" name="HYA10CA" signalId="SIGNAL_18-36-0-253f0a" cableType="WIRE-3TAH-3.0" wireName="OG/GY" fromPinId="PIN_41-18-0-81fb7a" toPinId="PIN_88-18-0-48d618">
			<AppRef name="E3.Series" version="2.13.7.0" guid="221a9f10-49a2-4c44-a9dc-acde3e3e5ef9"/>
			<Property id="PROPERTY_9040" name="WIRE_LENGTH" value="1700"/>
			<Property id="PROPERTY_9041" name="WIRE_END2_MATL" value="(SN)"/>
			<Property id="PROPERTY_9042" name="WIRE_CSA" value="3"/>
			<Property id="PROPERTY_9043" name="WIRE_MIN_BEND_RADIUS" value="8.5"/>
			<Property id="PROPERTY_9044" name="WIRE_OPTION" value="HUKAM"/>
			<Property id="PROPERTY_9045" name="WIRE_DEV_PIN_1" value="C2YABK:2"/>
			<Property id="PROPERTY_9046" name="WIRE_COLOR" value="OG/GY"/>
			<Property id="PROPERTY_9047" name="WIRE_SPEC" value="3TAH"/>
			<Property id="PROPERTY_9048" name="WIRE_LEVEL" value="(ACBRKR)"/>
			<Property id="PROPERTY_9049" name="WIRE_END1_TERM" value="*96FG-14474-YAA"/>
			<Property id="PROPERTY_9050" name="WIRE_DEV_PIN_2" value="C23-PT1:4"/>
			<Property id="PROPERTY_9051" name="WIRE_NAME" value="HYA10CA"/>
			<Property id="PROPERTY_9052" name="WIRE_END2_TERM" value="97BG-14474-CCA"/>
			<Property id="PROPERTY_9053" name="WIRE_SIGNAL" value="HYA10"/>
			<Property id="PROPERTY_9054" name="HRN_FAMILY" value="14401"/>
			<Property id="PROPERTY_9055" name="WIRE_FPN" value="WIRE-3TAH-3.0-OG/GY"/>
			<Property id="PROPERTY_9056" name="WIRE_DIA_MAX" value="3.4"/>
			<Option id="OPTION_25-c-0-312d57_1" value="HUKAM"/>
			<BranchRoute id="BRR_339">
				<StartBranchPosition id="BR_POS_941" branchId="BRANCH_c2-4e-0-4c0f8c" branchNodeId="BN_1111_9-146_058" offset="0"/>
				<PassBranchId>BRANCH_c2-4e-0-4c0ed7</PassBranchId>
				<PassBranchId>BRANCH_c2-4e-0-4c10dd</PassBranchId>
				<PassBranchId>BRANCH_c2-4e-0-4c1020</PassBranchId>
				<PassBranchId>BRANCH_c2-4e-0-4c1021</PassBranchId>
				<PassBranchId>BRANCH_c2-4e-0-4c10e7</PassBranchId>
				<PassBranchId>BRANCH_c2-4e-0-4c0fc5</PassBranchId>
				<PassBranchId>BRANCH_c2-4e-0-4c0fce</PassBranchId>
				<PassBranchId>BRANCH_c2-4e-0-4c0d1d</PassBranchId>
				<PassBranchId>BRANCH_35-4e-0-2efaf8</PassBranchId>
				<PassBranchId>BRANCH_c2-4e-0-4c10c0</PassBranchId>
				<PassBranchId>BRANCH_c2-4e-0-4c0fc8</PassBranchId>
				<PassBranchId>BRANCH_c2-4e-0-4c108d</PassBranchId>
				<PassBranchId>BRANCH_c2-4e-0-4c0d88</PassBranchId>
				<PassBranchId>BRANCH_c2-4e-0-4c109a</PassBranchId>
				<PassBranchId>BRANCH_c2-4e-0-4c0e16</PassBranchId>
				<PassBranchId>BRANCH_c2-4e-0-4c0fcb</PassBranchId>
				<PassBranchId>BRANCH_c2-4e-0-4c0dea</PassBranchId>
				<PassBranchId>BRANCH_c2-4e-0-4c0fd1</PassBranchId>
				<PassBranchId>BRANCH_c2-4e-0-4c0fe8</PassBranchId>
				<PassBranchId>BRANCH_c2-4e-0-4c1009</PassBranchId>
				<PassBranchId>BRANCH_c2-4e-0-4c10cb</PassBranchId>
				<PassBranchId>BRANCH_c2-4e-0-4c10ec</PassBranchId>
				<PassBranchId>BRANCH_c2-4e-0-4c1075</PassBranchId>
				<PassBranchId>BRANCH_c2-4e-0-4c106f</PassBranchId>
				<PassBranchId>BRANCH_c2-4e-0-4c1076</PassBranchId>
				<PassBranchId>BRANCH_c2-4e-0-4c0d05</PassBranchId>
				<PassBranchId>BRANCH_c2-4e-0-4c0f30</PassBranchId>
				<PassBranchId>BRANCH_c2-4e-0-4c0d46</PassBranchId>
				<PassBranchId>BRANCH_c2-4e-0-4c0ecf</PassBranchId>
				<EndBranchPosition id="BR_POS_942" branchId="BRANCH_c2-4e-0-4c0d43" branchNodeId="BN_17136-200" offset="0"/>
			</BranchRoute>
		</WiringItem>
		<WiringItem xsi:type="Wire" id="WIRE_41-c-0-81fb94" name="HYA10CB" signalId="SIGNAL_18-36-0-253f0a" cableType="WIRE-3TAH-3.0" wireName="OG/GY" fromPinId="PIN_41-18-0-81fb7f" toPinId="PIN_41-1e-0-8206f2">
			<AppRef name="E3.Series" version="2.13.7.0" guid="b8a47765-4a9a-42c9-baeb-6837fe24d089"/>
			<Property id="PROPERTY_9057" name="WIRE_LENGTH" value="135"/>
			<Property id="PROPERTY_9058" name="WIRE_CSA" value="3"/>
			<Property id="PROPERTY_9059" name="WIRE_MIN_BEND_RADIUS" value="8.5"/>
			<Property id="PROPERTY_9060" name="WIRE_OPTION" value="HUKAM"/>
			<Property id="PROPERTY_9061" name="WIRE_DEV_PIN_1" value="C2YABK:1"/>
			<Property id="PROPERTY_9062" name="WIRE_COLOR" value="OG/GY"/>
			<Property id="PROPERTY_9063" name="WIRE_SPEC" value="3TAH"/>
			<Property id="PROPERTY_9064" name="WIRE_LEVEL" value="(ACBRKR)"/>
			<Property id="PROPERTY_9065" name="WIRE_END1_TERM" value="*96FG-14474-YAA"/>
			<Property id="PROPERTY_9066" name="WIRE_DEV_PIN_2" value="S2YA10-BK:1"/>
			<Property id="PROPERTY_9067" name="WIRE_NAME" value="HYA10CB"/>
			<Property id="PROPERTY_9068" name="WIRE_SIGNAL" value="HYA10"/>
			<Property id="PROPERTY_9069" name="HRN_FAMILY" value="14401"/>
			<Property id="PROPERTY_9070" name="WIRE_FPN" value="WIRE-3TAH-3.0-OG/GY"/>
			<Property id="PROPERTY_9071" name="WIRE_DIA_MAX" value="3.4"/>
			<Option id="OPTION_41-c-0-81fb94_1" value="HUKAM"/>
			<BranchRoute id="BRR_340">
				<StartBranchPosition id="BR_POS_943" branchId="BRANCH_c2-4e-0-4c0d43" branchNodeId="BN_17136-200" offset="0"/>
				<PassBranchId>BRANCH_c2-4e-0-4c0ecf</PassBranchId>
				<PassBranchId>BRANCH_c2-4e-0-4c0d46</PassBranchId>
				<EndBranchPosition id="BR_POS_944" branchId="BRANCH_c2-4e-0-4c0d49" branchNodeId="BN_17176-328" offset="0"/>
			</BranchRoute>
		</WiringItem>
		<WiringItem xsi:type="Wire" id="WIRE_41-c-0-8206f6" name="HYA10CE" signalId="SIGNAL_18-36-0-253f0a" cableType="WIRE-3TAH-3.0" wireName="OG/GY" fromPinId="PIN_41-1e-0-8206f2" toPinId="PIN_3b-18-0-125d271">
			<AppRef name="E3.Series" version="2.13.7.0" guid="befb4da5-b07e-4c78-a435-caf7acb45905"/>
			<Property id="PROPERTY_9072" name="WIRE_LENGTH" value="145"/>
			<Property id="PROPERTY_9073" name="WIRE_END2_MATL" value="(SN)"/>
			<Property id="PROPERTY_9074" name="WIRE_CSA" value="3"/>
			<Property id="PROPERTY_9075" name="WIRE_MIN_BEND_RADIUS" value="8.5"/>
			<Property id="PROPERTY_9076" name="WIRE_OPTION" value="HUKAJ | HUKAK | HUKAL | HUKAM | HUKAN | HUKAQ"/>
			<Property id="PROPERTY_9077" name="WIRE_DEV_PIN_1" value="S2YA10-BK:1"/>
			<Property id="PROPERTY_9078" name="WIRE_COLOR" value="OG/GY"/>
			<Property id="PROPERTY_9079" name="WIRE_SPEC" value="3TAH"/>
			<Property id="PROPERTY_9080" name="WIRE_LEVEL" value="(400W)/(KWINV)/(ACBRKR)/(F-SHF)/(BEV)"/>
			<Property id="PROPERTY_9081" name="WIRE_DEV_PIN_2" value="C2YA02-C2:3"/>
			<Property id="PROPERTY_9082" name="WIRE_NAME" value="HYA10CE"/>
			<Property id="PROPERTY_9083" name="WIRE_END2_TERM" value="97BG-14474-CCA"/>
			<Property id="PROPERTY_9084" name="WIRE_SIGNAL" value="HYA10"/>
			<Property id="PROPERTY_9085" name="HRN_FAMILY" value="14401"/>
			<Property id="PROPERTY_9086" name="WIRE_FPN" value="WIRE-3TAH-3.0-OG/GY"/>
			<Property id="PROPERTY_9087" name="WIRE_DIA_MAX" value="3.4"/>
			<Option id="OPTION_41-c-0-8206f6_1" value="HUKAJ | HUKAK | HUKAL | HUKAM | HUKAN | HUKAQ"/>
			<BranchRoute id="BRR_341">
				<StartBranchPosition id="BR_POS_945" branchId="BRANCH_c2-4e-0-4c0ecc" branchNodeId="BN_17032-72" offset="0"/>
				<PassBranchId>BRANCH_c2-4e-0-4c0ec8</PassBranchId>
				<PassBranchId>BRANCH_c2-4e-0-4c0d46</PassBranchId>
				<EndBranchPosition id="BR_POS_946" branchId="BRANCH_c2-4e-0-4c0d49" branchNodeId="BN_17176-328" offset="0"/>
			</BranchRoute>
		</WiringItem>
		<WiringItem xsi:type="Wire" id="WIRE_41-c-0-820714" name="HYA10CF" signalId="SIGNAL_18-36-0-253f0a" cableType="WIRE-3TAH-3.0" wireName="OG/GY" fromPinId="PIN_41-1e-0-8206f2" toPinId="PIN_24-18-0-267881">
			<AppRef name="E3.Series" version="2.13.7.0" guid="95097e1d-9514-475c-be0b-c2cf144d2e47"/>
			<Property id="PROPERTY_9088" name="WIRE_LENGTH" value="1565"/>
			<Property id="PROPERTY_9089" name="WIRE_END2_MATL" value="(SN)"/>
			<Property id="PROPERTY_9090" name="WIRE_CSA" value="3"/>
			<Property id="PROPERTY_9091" name="WIRE_MIN_BEND_RADIUS" value="8.5"/>
			<Property id="PROPERTY_9092" name="WIRE_OPTION" value="HUKAJ | HUKAK | HUKAL | HUKAM | HUKAN | HUKAQ"/>
			<Property id="PROPERTY_9093" name="WIRE_DEV_PIN_1" value="S2YA10-BK:1"/>
			<Property id="PROPERTY_9094" name="WIRE_COLOR" value="OG/GY"/>
			<Property id="PROPERTY_9095" name="WIRE_SPEC" value="3TAH"/>
			<Property id="PROPERTY_9096" name="WIRE_LEVEL" value="(400W)/(KWINV)/(ACBRKR)/(F-SHF)/(BEV)"/>
			<Property id="PROPERTY_9097" name="WIRE_DEV_PIN_2" value="C23-PT1:1"/>
			<Property id="PROPERTY_9098" name="WIRE_NAME" value="HYA10CF"/>
			<Property id="PROPERTY_9099" name="WIRE_END2_TERM" value="97BG-14474-CCA"/>
			<Property id="PROPERTY_9100" name="WIRE_SIGNAL" value="HYA10"/>
			<Property id="PROPERTY_9101" name="HRN_FAMILY" value="14401"/>
			<Property id="PROPERTY_9102" name="WIRE_FPN" value="WIRE-3TAH-3.0-OG/GY"/>
			<Property id="PROPERTY_9103" name="WIRE_DIA_MAX" value="3.4"/>
			<Option id="OPTION_41-c-0-820714_1" value="HUKAJ | HUKAK | HUKAL | HUKAM | HUKAN | HUKAQ"/>
			<BranchRoute id="BRR_342">
				<StartBranchPosition id="BR_POS_947" branchId="BRANCH_c2-4e-0-4c0f8c" branchNodeId="BN_1111_9-146_058" offset="0"/>
				<PassBranchId>BRANCH_c2-4e-0-4c0ed7</PassBranchId>
				<PassBranchId>BRANCH_c2-4e-0-4c10dd</PassBranchId>
				<PassBranchId>BRANCH_c2-4e-0-4c1020</PassBranchId>
				<PassBranchId>BRANCH_c2-4e-0-4c1021</PassBranchId>
				<PassBranchId>BRANCH_c2-4e-0-4c10e7</PassBranchId>
				<PassBranchId>BRANCH_c2-4e-0-4c0fc5</PassBranchId>
				<PassBranchId>BRANCH_c2-4e-0-4c0fce</PassBranchId>
				<PassBranchId>BRANCH_c2-4e-0-4c0d1d</PassBranchId>
				<PassBranchId>BRANCH_35-4e-0-2efaf8</PassBranchId>
				<PassBranchId>BRANCH_c2-4e-0-4c10c0</PassBranchId>
				<PassBranchId>BRANCH_c2-4e-0-4c0fc8</PassBranchId>
				<PassBranchId>BRANCH_c2-4e-0-4c108d</PassBranchId>
				<PassBranchId>BRANCH_c2-4e-0-4c0d88</PassBranchId>
				<PassBranchId>BRANCH_c2-4e-0-4c109a</PassBranchId>
				<PassBranchId>BRANCH_c2-4e-0-4c0e16</PassBranchId>
				<PassBranchId>BRANCH_c2-4e-0-4c0fcb</PassBranchId>
				<PassBranchId>BRANCH_c2-4e-0-4c0dea</PassBranchId>
				<PassBranchId>BRANCH_c2-4e-0-4c0fd1</PassBranchId>
				<PassBranchId>BRANCH_c2-4e-0-4c0fe8</PassBranchId>
				<PassBranchId>BRANCH_c2-4e-0-4c1009</PassBranchId>
				<PassBranchId>BRANCH_c2-4e-0-4c10cb</PassBranchId>
				<PassBranchId>BRANCH_c2-4e-0-4c10ec</PassBranchId>
				<PassBranchId>BRANCH_c2-4e-0-4c1075</PassBranchId>
				<PassBranchId>BRANCH_c2-4e-0-4c106f</PassBranchId>
				<PassBranchId>BRANCH_c2-4e-0-4c1076</PassBranchId>
				<PassBranchId>BRANCH_c2-4e-0-4c0d05</PassBranchId>
				<PassBranchId>BRANCH_c2-4e-0-4c0f30</PassBranchId>
				<EndBranchPosition id="BR_POS_948" branchId="BRANCH_c2-4e-0-4c0d49" branchNodeId="BN_17176-328" offset="0"/>
			</BranchRoute>
		</WiringItem>
		<WiringItem xsi:type="Wire" id="WIRE_81-c-0-25dc31" name="HYA10CH" signalId="SIGNAL_18-36-0-253f0a" cableType="WIRE-3TAH-3.0" wireName="OG/GY" fromPinId="PIN_88-18-0-48d618" toPinId="PIN_41-1e-0-8206f2">
			<AppRef name="E3.Series" version="2.13.7.0" guid="5e447da4-9b04-4ca7-8336-e041e461f250"/>
			<Property id="PROPERTY_9104" name="WIRE_LENGTH" value="1565"/>
			<Property id="PROPERTY_9105" name="WIRE_CSA" value="3"/>
			<Property id="PROPERTY_9106" name="WIRE_MIN_BEND_RADIUS" value="8.5"/>
			<Property id="PROPERTY_9107" name="WIRE_OPTION" value="HUKAJ | HUKAK | HUKAL | HUKAN | HUKAQ"/>
			<Property id="PROPERTY_9108" name="WIRE_DEV_PIN_1" value="C23-PT1:4"/>
			<Property id="PROPERTY_9109" name="WIRE_COLOR" value="OG/GY"/>
			<Property id="PROPERTY_9110" name="WIRE_SPEC" value="3TAH"/>
			<Property id="PROPERTY_9111" name="WIRE_END1_MATL" value="(SN)"/>
			<Property id="PROPERTY_9112" name="WIRE_LEVEL" value="(400W)/(KWINV)/(BEV)"/>
			<Property id="PROPERTY_9113" name="WIRE_END1_TERM" value="97BG-14474-CCA"/>
			<Property id="PROPERTY_9114" name="WIRE_DEV_PIN_2" value="S2YA10-BK:1"/>
			<Property id="PROPERTY_9115" name="WIRE_NAME" value="HYA10CH"/>
			<Property id="PROPERTY_9116" name="WIRE_SIGNAL" value="HYA10"/>
			<Property id="PROPERTY_9117" name="HRN_FAMILY" value="14401"/>
			<Property id="PROPERTY_9118" name="WIRE_FPN" value="WIRE-3TAH-3.0-OG/GY"/>
			<Property id="PROPERTY_9119" name="WIRE_DIA_MAX" value="3.4"/>
			<Option id="OPTION_81-c-0-25dc31_1" value="HUKAJ | HUKAK | HUKAL | HUKAN | HUKAQ"/>
			<BranchRoute id="BRR_343">
				<StartBranchPosition id="BR_POS_949" branchId="BRANCH_c2-4e-0-4c0f8c" branchNodeId="BN_1111_9-146_058" offset="0"/>
				<PassBranchId>BRANCH_c2-4e-0-4c0ed7</PassBranchId>
				<PassBranchId>BRANCH_c2-4e-0-4c10dd</PassBranchId>
				<PassBranchId>BRANCH_c2-4e-0-4c1020</PassBranchId>
				<PassBranchId>BRANCH_c2-4e-0-4c1021</PassBranchId>
				<PassBranchId>BRANCH_c2-4e-0-4c10e7</PassBranchId>
				<PassBranchId>BRANCH_c2-4e-0-4c0fc5</PassBranchId>
				<PassBranchId>BRANCH_c2-4e-0-4c0fce</PassBranchId>
				<PassBranchId>BRANCH_c2-4e-0-4c0d1d</PassBranchId>
				<PassBranchId>BRANCH_35-4e-0-2efaf8</PassBranchId>
				<PassBranchId>BRANCH_c2-4e-0-4c10c0</PassBranchId>
				<PassBranchId>BRANCH_c2-4e-0-4c0fc8</PassBranchId>
				<PassBranchId>BRANCH_c2-4e-0-4c108d</PassBranchId>
				<PassBranchId>BRANCH_c2-4e-0-4c0d88</PassBranchId>
				<PassBranchId>BRANCH_c2-4e-0-4c109a</PassBranchId>
				<PassBranchId>BRANCH_c2-4e-0-4c0e16</PassBranchId>
				<PassBranchId>BRANCH_c2-4e-0-4c0fcb</PassBranchId>
				<PassBranchId>BRANCH_c2-4e-0-4c0dea</PassBranchId>
				<PassBranchId>BRANCH_c2-4e-0-4c0fd1</PassBranchId>
				<PassBranchId>BRANCH_c2-4e-0-4c0fe8</PassBranchId>
				<PassBranchId>BRANCH_c2-4e-0-4c1009</PassBranchId>
				<PassBranchId>BRANCH_c2-4e-0-4c10cb</PassBranchId>
				<PassBranchId>BRANCH_c2-4e-0-4c10ec</PassBranchId>
				<PassBranchId>BRANCH_c2-4e-0-4c1075</PassBranchId>
				<PassBranchId>BRANCH_c2-4e-0-4c106f</PassBranchId>
				<PassBranchId>BRANCH_c2-4e-0-4c1076</PassBranchId>
				<PassBranchId>BRANCH_c2-4e-0-4c0d05</PassBranchId>
				<PassBranchId>BRANCH_c2-4e-0-4c0f30</PassBranchId>
				<EndBranchPosition id="BR_POS_950" branchId="BRANCH_c2-4e-0-4c0d49" branchNodeId="BN_17176-328" offset="0"/>
			</BranchRoute>
		</WiringItem>
		<WiringItem xsi:type="Wire" id="WIRE_25-c-0-312d84" name="HYA12CA" signalId="SIGNAL_18-36-0-253f24" cableType="WIRE-3TAH-3.0" wireName="OG/YE" fromPinId="PIN_24-18-0-267883" toPinId="PIN_3b-18-0-125d288">
			<AppRef name="E3.Series" version="2.13.7.0" guid="a84d9973-8883-4b42-b113-903c071b5488"/>
			<Property id="PROPERTY_9120" name="WIRE_LENGTH" value="1710"/>
			<Property id="PROPERTY_9121" name="WIRE_END2_MATL" value="(SN)"/>
			<Property id="PROPERTY_9122" name="WIRE_CSA" value="3"/>
			<Property id="PROPERTY_9123" name="WIRE_MIN_BEND_RADIUS" value="8.5"/>
			<Property id="PROPERTY_9124" name="WIRE_OPTION" value="HUKAJ | HUKAK | HUKAL | HUKAM | HUKAN | HUKAQ"/>
			<Property id="PROPERTY_9125" name="WIRE_DEV_PIN_1" value="C23-PT1:2"/>
			<Property id="PROPERTY_9126" name="WIRE_COLOR" value="OG/YE"/>
			<Property id="PROPERTY_9127" name="WIRE_SPEC" value="3TAH"/>
			<Property id="PROPERTY_9128" name="WIRE_END1_MATL" value="(SN)"/>
			<Property id="PROPERTY_9129" name="WIRE_LEVEL" value="(400W)/(KWINV)/(ACBRKR)/(F-SHF)/(BEV)"/>
			<Property id="PROPERTY_9130" name="WIRE_END1_TERM" value="97BG-14474-CCA"/>
			<Property id="PROPERTY_9131" name="WIRE_DEV_PIN_2" value="C2YA02-C2:4"/>
			<Property id="PROPERTY_9132" name="WIRE_NAME" value="HYA12CA"/>
			<Property id="PROPERTY_9133" name="WIRE_END2_TERM" value="97BG-14474-CCA"/>
			<Property id="PROPERTY_9134" name="WIRE_SIGNAL" value="HYA12"/>
			<Property id="PROPERTY_9135" name="HRN_FAMILY" value="14401"/>
			<Property id="PROPERTY_9136" name="WIRE_FPN" value="WIRE-3TAH-3.0-OG/YE"/>
			<Property id="PROPERTY_9137" name="WIRE_DIA_MAX" value="3.4"/>
			<Option id="OPTION_25-c-0-312d84_1" value="HUKAJ | HUKAK | HUKAL | HUKAM | HUKAN | HUKAQ"/>
			<BranchRoute id="BRR_344">
				<StartBranchPosition id="BR_POS_951" branchId="BRANCH_c2-4e-0-4c0f8c" branchNodeId="BN_1111_9-146_058" offset="0"/>
				<PassBranchId>BRANCH_c2-4e-0-4c0ed7</PassBranchId>
				<PassBranchId>BRANCH_c2-4e-0-4c10dd</PassBranchId>
				<PassBranchId>BRANCH_c2-4e-0-4c1020</PassBranchId>
				<PassBranchId>BRANCH_c2-4e-0-4c1021</PassBranchId>
				<PassBranchId>BRANCH_c2-4e-0-4c10e7</PassBranchId>
				<PassBranchId>BRANCH_c2-4e-0-4c0fc5</PassBranchId>
				<PassBranchId>BRANCH_c2-4e-0-4c0fce</PassBranchId>
				<PassBranchId>BRANCH_c2-4e-0-4c0d1d</PassBranchId>
				<PassBranchId>BRANCH_35-4e-0-2efaf8</PassBranchId>
				<PassBranchId>BRANCH_c2-4e-0-4c10c0</PassBranchId>
				<PassBranchId>BRANCH_c2-4e-0-4c0fc8</PassBranchId>
				<PassBranchId>BRANCH_c2-4e-0-4c108d</PassBranchId>
				<PassBranchId>BRANCH_c2-4e-0-4c0d88</PassBranchId>
				<PassBranchId>BRANCH_c2-4e-0-4c109a</PassBranchId>
				<PassBranchId>BRANCH_c2-4e-0-4c0e16</PassBranchId>
				<PassBranchId>BRANCH_c2-4e-0-4c0fcb</PassBranchId>
				<PassBranchId>BRANCH_c2-4e-0-4c0dea</PassBranchId>
				<PassBranchId>BRANCH_c2-4e-0-4c0fd1</PassBranchId>
				<PassBranchId>BRANCH_c2-4e-0-4c0fe8</PassBranchId>
				<PassBranchId>BRANCH_c2-4e-0-4c1009</PassBranchId>
				<PassBranchId>BRANCH_c2-4e-0-4c10cb</PassBranchId>
				<PassBranchId>BRANCH_c2-4e-0-4c10ec</PassBranchId>
				<PassBranchId>BRANCH_c2-4e-0-4c1075</PassBranchId>
				<PassBranchId>BRANCH_c2-4e-0-4c106f</PassBranchId>
				<PassBranchId>BRANCH_c2-4e-0-4c1076</PassBranchId>
				<PassBranchId>BRANCH_c2-4e-0-4c0d05</PassBranchId>
				<PassBranchId>BRANCH_c2-4e-0-4c0f30</PassBranchId>
				<PassBranchId>BRANCH_c2-4e-0-4c0d46</PassBranchId>
				<PassBranchId>BRANCH_c2-4e-0-4c0ec8</PassBranchId>
				<EndBranchPosition id="BR_POS_952" branchId="BRANCH_c2-4e-0-4c0ecc" branchNodeId="BN_17032-72" offset="0"/>
			</BranchRoute>
		</WiringItem>
		<WiringItem xsi:type="Wire" id="WIRE_95-c-0-e662f" name="LAT30A" signalId="SIGNAL_2-36-0-3afb" cableType="WIRE-2UKD-0.35" wireName="YE/GY" fromPinId="PIN_b5-18-0-5344" toPinId="PIN_95-18-0-e3edc">
			<AppRef name="E3.Series" version="2.13.7.0" guid="3d9a1828-31e3-494f-90ba-11974edab070"/>
			<Property id="PROPERTY_9138" name="WIRE_LENGTH" value="1210"/>
			<Property id="PROPERTY_9139" name="WIRE_END2_MATL" value="(SN)"/>
			<Property id="PROPERTY_9140" name="WIRE_CSA" value="0.35"/>
			<Property id="PROPERTY_9141" name="WIRE_MIN_BEND_RADIUS" value="3"/>
			<Property id="PROPERTY_9142" name="WIRE_OPTION" value="DAXAC"/>
			<Property id="PROPERTY_9143" name="WIRE_DEV_PIN_1" value="C23-C1:8"/>
			<Property id="PROPERTY_9144" name="WIRE_COLOR" value="YE/GY"/>
			<Property id="PROPERTY_9145" name="WIRE_SPEC" value="2UKD"/>
			<Property id="PROPERTY_9146" name="WIRE_END1_MATL" value="(SN)"/>
			<Property id="PROPERTY_9147" name="WIRE_LEVEL" value="(D-CAM)/(8SPKR)/(F-SHF)/(BEV)"/>
			<Property id="PROPERTY_9148" name="WIRE_END1_TERM" value="9U5T-14474-DB"/>
			<Property id="PROPERTY_9149" name="WIRE_DEV_PIN_2" value="C2AT30:1"/>
			<Property id="PROPERTY_9150" name="WIRE_NAME" value="LAT30A"/>
			<Property id="PROPERTY_9151" name="WIRE_END2_TERM" value="3F2T-14474-SA"/>
			<Property id="PROPERTY_9152" name="WIRE_SIGNAL" value="LAT30"/>
			<Property id="PROPERTY_9153" name="HRN_FAMILY" value="14401"/>
			<Property id="PROPERTY_9154" name="WIRE_FPN" value="WIRE-2UKD-0.35-YE/GY"/>
			<Property id="PROPERTY_9155" name="WIRE_DIA_MAX" value="1.2"/>
			<Option id="OPTION_95-c-0-e662f_1" value="DAXAC"/>
			<BranchRoute id="BRR_345">
				<StartBranchPosition id="BR_POS_953" branchId="BRANCH_c2-4e-0-4c0de1" branchNodeId="BN_79_9-190_058" offset="0"/>
				<PassBranchId>BRANCH_c2-4e-0-4c0ddd</PassBranchId>
				<PassBranchId>BRANCH_c2-4e-0-4c10dd</PassBranchId>
				<PassBranchId>BRANCH_c2-4e-0-4c1020</PassBranchId>
				<PassBranchId>BRANCH_c2-4e-0-4c1021</PassBranchId>
				<PassBranchId>BRANCH_c2-4e-0-4c10e7</PassBranchId>
				<PassBranchId>BRANCH_c2-4e-0-4c0fc5</PassBranchId>
				<PassBranchId>BRANCH_c2-4e-0-4c0fce</PassBranchId>
				<PassBranchId>BRANCH_c2-4e-0-4c0d1d</PassBranchId>
				<PassBranchId>BRANCH_35-4e-0-2efaf8</PassBranchId>
				<PassBranchId>BRANCH_c2-4e-0-4c10c0</PassBranchId>
				<PassBranchId>BRANCH_c2-4e-0-4c0fc8</PassBranchId>
				<PassBranchId>BRANCH_c2-4e-0-4c108d</PassBranchId>
				<PassBranchId>BRANCH_c2-4e-0-4c0d88</PassBranchId>
				<PassBranchId>BRANCH_c2-4e-0-4c109a</PassBranchId>
				<PassBranchId>BRANCH_c2-4e-0-4c0e16</PassBranchId>
				<PassBranchId>BRANCH_c2-4e-0-4c0fcb</PassBranchId>
				<PassBranchId>BRANCH_c2-4e-0-4c0f4c</PassBranchId>
				<PassBranchId>BRANCH_c2-4e-0-4c0e56</PassBranchId>
				<EndBranchPosition id="BR_POS_954" branchId="BRANCH_c2-4e-0-4c0f54" branchNodeId="BN_12528-176" offset="0"/>
			</BranchRoute>
		</WiringItem>
		<WiringItem xsi:type="Wire" id="WIRE_95-c-0-e677d" name="LAT38A" signalId="SIGNAL_99-36-0-15f16c" cableType="WIRE-2UKD-0.35" wireName="BU/OG" fromPinId="PIN_6e-18-0-dc45" toPinId="PIN_95-18-0-e3f06">
			<AppRef name="E3.Series" version="2.13.7.0" guid="d46f4f90-03a0-45b6-b1a4-b8e4c74420a3"/>
			<Property id="PROPERTY_9156" name="WIRE_LENGTH" value="1175"/>
			<Property id="PROPERTY_9157" name="WIRE_END2_MATL" value="(SN)"/>
			<Property id="PROPERTY_9158" name="WIRE_CSA" value="0.35"/>
			<Property id="PROPERTY_9159" name="WIRE_MIN_BEND_RADIUS" value="3"/>
			<Property id="PROPERTY_9160" name="WIRE_OPTION" value="DAXAC"/>
			<Property id="PROPERTY_9161" name="WIRE_DEV_PIN_1" value="C23-A1:13"/>
			<Property id="PROPERTY_9162" name="WIRE_COLOR" value="BU/OG"/>
			<Property id="PROPERTY_9163" name="WIRE_SPEC" value="2UKD"/>
			<Property id="PROPERTY_9164" name="WIRE_END1_MATL" value="(SN)"/>
			<Property id="PROPERTY_9165" name="WIRE_LEVEL" value="(D-CAM)/(8SPKR)/(F-SHF)/(BEV)"/>
			<Property id="PROPERTY_9166" name="WIRE_END1_TERM" value="9U5T-14474-DB"/>
			<Property id="PROPERTY_9167" name="WIRE_DEV_PIN_2" value="C2AT30:5"/>
			<Property id="PROPERTY_9168" name="WIRE_NAME" value="LAT38A"/>
			<Property id="PROPERTY_9169" name="WIRE_END2_TERM" value="3F2T-14474-SA"/>
			<Property id="PROPERTY_9170" name="WIRE_SIGNAL" value="LAT38"/>
			<Property id="PROPERTY_9171" name="HRN_FAMILY" value="14401"/>
			<Property id="PROPERTY_9172" name="WIRE_FPN" value="WIRE-2UKD-0.35-BU/OG"/>
			<Property id="PROPERTY_9173" name="WIRE_DIA_MAX" value="1.2"/>
			<Option id="OPTION_95-c-0-e677d_1" value="DAXAC"/>
			<BranchRoute id="BRR_346">
				<StartBranchPosition id="BR_POS_955" branchId="BRANCH_c2-4e-0-4c0dda" branchNodeId="BN_695_9-190_058" offset="0"/>
				<PassBranchId>BRANCH_c2-4e-0-4c0fad</PassBranchId>
				<PassBranchId>BRANCH_c2-4e-0-4c10dd</PassBranchId>
				<PassBranchId>BRANCH_c2-4e-0-4c1020</PassBranchId>
				<PassBranchId>BRANCH_c2-4e-0-4c1021</PassBranchId>
				<PassBranchId>BRANCH_c2-4e-0-4c10e7</PassBranchId>
				<PassBranchId>BRANCH_c2-4e-0-4c0fc5</PassBranchId>
				<PassBranchId>BRANCH_c2-4e-0-4c0fce</PassBranchId>
				<PassBranchId>BRANCH_c2-4e-0-4c0d1d</PassBranchId>
				<PassBranchId>BRANCH_35-4e-0-2efaf8</PassBranchId>
				<PassBranchId>BRANCH_c2-4e-0-4c10c0</PassBranchId>
				<PassBranchId>BRANCH_c2-4e-0-4c0fc8</PassBranchId>
				<PassBranchId>BRANCH_c2-4e-0-4c108d</PassBranchId>
				<PassBranchId>BRANCH_c2-4e-0-4c0d88</PassBranchId>
				<PassBranchId>BRANCH_c2-4e-0-4c109a</PassBranchId>
				<PassBranchId>BRANCH_c2-4e-0-4c0e16</PassBranchId>
				<PassBranchId>BRANCH_c2-4e-0-4c0fcb</PassBranchId>
				<PassBranchId>BRANCH_c2-4e-0-4c0f4c</PassBranchId>
				<PassBranchId>BRANCH_c2-4e-0-4c0e56</PassBranchId>
				<EndBranchPosition id="BR_POS_956" branchId="BRANCH_c2-4e-0-4c0f54" branchNodeId="BN_12528-176" offset="0"/>
			</BranchRoute>
		</WiringItem>
		<WiringItem xsi:type="Wire" id="WIRE_95-c-0-e58a7" name="LH111A" signalId="SIGNAL_2-36-0-3b44" cableType="WIRE-2UKD-0.35" wireName="BN/WH" fromPinId="PIN_f-18-0-f5d5" toPinId="PIN_b5-18-0-55e5">
			<AppRef name="E3.Series" version="2.13.7.0" guid="1ecdf800-8944-476c-9c31-ea05706afb5a"/>
			<Property id="PROPERTY_9174" name="WIRE_LENGTH" value="1670"/>
			<Property id="PROPERTY_9175" name="WIRE_CSA" value="0.35"/>
			<Property id="PROPERTY_9176" name="WIRE_MIN_BEND_RADIUS" value="3"/>
			<Property id="PROPERTY_9177" name="WIRE_OPTION" value="( AC_G | AC_B ) &amp; ( HJGAJ | HJGAX )"/>
			<Property id="PROPERTY_9178" name="WIRE_DEV_PIN_1" value="C2H101-A:3"/>
			<Property id="PROPERTY_9179" name="WIRE_COLOR" value="BN/WH"/>
			<Property id="PROPERTY_9180" name="WIRE_SPEC" value="2UKD"/>
			<Property id="PROPERTY_9181" name="WIRE_END1_MATL" value="(SN)"/>
			<Property id="PROPERTY_9182" name="WIRE_LEVEL" value="(D-CAM)/(C-SHF)/(KWINV)/VA/ZD/ZH"/>
			<Property id="PROPERTY_9183" name="WIRE_END1_TERM" value="9U5T-14474-DB"/>
			<Property id="PROPERTY_9184" name="WIRE_DEV_PIN_2" value="C22-A1:8"/>
			<Property id="PROPERTY_9185" name="WIRE_NAME" value="LH111A"/>
			<Property id="PROPERTY_9186" name="WIRE_END_DC" value="2,7C3T-14474-DA,(SN),(C-SHF)/(8DSP)/(400W)/(7SPKR)/(KWINV)/(ACBRKR)/VA/ZD,LH111B"/>
			<Property id="PROPERTY_9187" name="WIRE_SIGNAL" value="LH111"/>
			<Property id="PROPERTY_9188" name="HRN_FAMILY" value="14401"/>
			<Property id="PROPERTY_9189" name="WIRE_FPN" value="WIRE-2UKD-0.35-BN/WH"/>
			<Property id="PROPERTY_9190" name="WIRE_DIA_MAX" value="1.2"/>
			<Option id="OPTION_95-c-0-e58a7_1" value="( AC_G | AC_B ) &amp; ( HJGAJ | HJGAX )"/>
			<BranchRoute id="BRR_347">
				<StartBranchPosition id="BR_POS_957" branchId="BRANCH_c2-4e-0-4c0f41" branchNodeId="BN_13944-224" offset="0"/>
				<PassBranchId>BRANCH_c2-4e-0-4c0f40</PassBranchId>
				<PassBranchId>BRANCH_c2-4e-0-4c10c3</PassBranchId>
				<PassBranchId>BRANCH_c2-4e-0-4c0ff9</PassBranchId>
				<PassBranchId>BRANCH_c2-4e-0-4c0f34</PassBranchId>
				<PassBranchId>BRANCH_c2-4e-0-4c0d05</PassBranchId>
				<PassBranchId>BRANCH_c2-4e-0-4c1076</PassBranchId>
				<PassBranchId>BRANCH_c2-4e-0-4c106f</PassBranchId>
				<PassBranchId>BRANCH_c2-4e-0-4c1075</PassBranchId>
				<PassBranchId>BRANCH_c2-4e-0-4c0de4</PassBranchId>
				<PassBranchId>BRANCH_1a-4e-0-18e01d0</PassBranchId>
				<PassBranchId>BRANCH_c2-4e-0-4c10c8</PassBranchId>
				<PassBranchId>BRANCH_eb-4e-0-678fca</PassBranchId>
				<PassBranchId>BRANCH_c2-4e-0-4c0e87</PassBranchId>
				<PassBranchId>BRANCH_c2-4e-0-4c0e8c</PassBranchId>
				<PassBranchId>BRANCH_c2-4e-0-4c0e7f</PassBranchId>
				<PassBranchId>BRANCH_c2-4e-0-4c0ef9</PassBranchId>
				<PassBranchId>BRANCH_c2-4e-0-4c0e70</PassBranchId>
				<PassBranchId>BRANCH_c2-4e-0-4c0d66</PassBranchId>
				<PassBranchId>BRANCH_c2-4e-0-4c0fe2</PassBranchId>
				<PassBranchId>BRANCH_c2-4e-0-4c0d5d</PassBranchId>
				<PassBranchId>BRANCH_c2-4e-0-4c0d57</PassBranchId>
				<EndBranchPosition id="BR_POS_958" branchId="BRANCH_c2-4e-0-4c0d5a" branchNodeId="BN_21404-188" offset="0"/>
			</BranchRoute>
		</WiringItem>
		<WiringItem xsi:type="Wire" id="WIRE_95-c-0-e4d17" name="LH111B" signalId="SIGNAL_2-36-0-3b44" cableType="WIRE-2UKD-0.35" wireName="BN/WH" fromPinId="PIN_b5-18-0-55e5" toPinId="PIN_b5-18-0-54ba">
			<AppRef name="E3.Series" version="2.13.7.0" guid="93972acc-b3be-4e8b-b96e-a706ef46eca3"/>
			<Property id="PROPERTY_9191" name="WIRE_LENGTH" value="355"/>
			<Property id="PROPERTY_9192" name="WIRE_END2_MATL" value="(SN)"/>
			<Property id="PROPERTY_9193" name="WIRE_CSA" value="0.35"/>
			<Property id="PROPERTY_9194" name="WIRE_MIN_BEND_RADIUS" value="3"/>
			<Property id="PROPERTY_9195" name="WIRE_OPTION" value="AC_G | AC_B"/>
			<Property id="PROPERTY_9196" name="WIRE_DEV_PIN_1" value="C22-A1:8"/>
			<Property id="PROPERTY_9197" name="WIRE_COLOR" value="BN/WH"/>
			<Property id="PROPERTY_9198" name="WIRE_SPEC" value="2UKD"/>
			<Property id="PROPERTY_9199" name="WIRE_LEVEL" value="(ALL)"/>
			<Property id="PROPERTY_9200" name="WIRE_DEV_PIN_2" value="C23-B1:14"/>
			<Property id="PROPERTY_9201" name="WIRE_NAME" value="LH111B"/>
			<Property id="PROPERTY_9202" name="WIRE_END_DC" value="1,7C3T-14474-DA,(SN),(C-SHF)/(8DSP)/(400W)/(7SPKR)/(KWINV)/(ACBRKR)/VA/ZD,LH111A"/>
			<Property id="PROPERTY_9203" name="WIRE_END_DC" value="1,7C3T-14474-DA,(SN),ZA/ZB/ZC/ZF,LH111EVA"/>
			<Property id="PROPERTY_9204" name="WIRE_END2_TERM" value="9U5T-14474-DB"/>
			<Property id="PROPERTY_9205" name="WIRE_SIGNAL" value="LH111"/>
			<Property id="PROPERTY_9206" name="HRN_FAMILY" value="14401"/>
			<Property id="PROPERTY_9207" name="WIRE_FPN" value="WIRE-2UKD-0.35-BN/WH"/>
			<Property id="PROPERTY_9208" name="WIRE_DIA_MAX" value="1.2"/>
			<Option id="OPTION_95-c-0-e4d17_1" value="AC_G | AC_B"/>
			<BranchRoute id="BRR_348">
				<StartBranchPosition id="BR_POS_959" branchId="BRANCH_c2-4e-0-4c0d5a" branchNodeId="BN_21404-188" offset="0"/>
				<PassBranchId>BRANCH_c2-4e-0-4c0d57</PassBranchId>
				<PassBranchId>BRANCH_c2-4e-0-4c0d5d</PassBranchId>
				<PassBranchId>BRANCH_c2-4e-0-4c0fe2</PassBranchId>
				<PassBranchId>BRANCH_c2-4e-0-4c0d66</PassBranchId>
				<PassBranchId>BRANCH_c2-4e-0-4c0e5c</PassBranchId>
				<EndBranchPosition id="BR_POS_960" branchId="BRANCH_c2-4e-0-4c0d63" branchNodeId="BN_22204-180" offset="0"/>
			</BranchRoute>
		</WiringItem>
		<WiringItem xsi:type="Wire" id="WIRE_c2-c-0-48a8c3" name="LH111EVA" signalId="SIGNAL_2-36-0-3b44" cableType="WIRE-2UKD-0.35" wireName="BN/WH" fromPinId="PIN_ce-18-0-206827" toPinId="PIN_b5-18-0-55e5">
			<AppRef name="E3.Series" version="2.14.0.0" guid="ac9b44dc-cf89-467f-acbc-1088ab831cd0"/>
			<Property id="PROPERTY_9209" name="WIRE_LENGTH" value="1955"/>
			<Property id="PROPERTY_9210" name="WIRE_CSA" value="0.35"/>
			<Property id="PROPERTY_9211" name="WIRE_MIN_BEND_RADIUS" value="3"/>
			<Property id="PROPERTY_9212" name="WIRE_OPTION" value="AC_G &amp; HJGAY"/>
			<Property id="PROPERTY_9213" name="WIRE_DEV_PIN_1" value="C2H101-EVBA:3"/>
			<Property id="PROPERTY_9214" name="WIRE_COLOR" value="BN/WH"/>
			<Property id="PROPERTY_9215" name="WIRE_SPEC" value="2UKD"/>
			<Property id="PROPERTY_9216" name="WIRE_END1_MATL" value="(SN)"/>
			<Property id="PROPERTY_9217" name="WIRE_LEVEL" value="ZA/ZB/ZC/ZF"/>
			<Property id="PROPERTY_9218" name="WIRE_END1_TERM" value="9U5T-14474-DB"/>
			<Property id="PROPERTY_9219" name="WIRE_DEV_PIN_2" value="C22-A1:8"/>
			<Property id="PROPERTY_9220" name="WIRE_NAME" value="LH111EVA"/>
			<Property id="PROPERTY_9221" name="WIRE_END_DC" value="2,7C3T-14474-DA,(SN),ZA/ZB/ZC/ZF,LH111B"/>
			<Property id="PROPERTY_9222" name="WIRE_SIGNAL" value="LH111"/>
			<Property id="PROPERTY_9223" name="HRN_FAMILY" value="14401"/>
			<Property id="PROPERTY_9224" name="WIRE_FPN" value="WIRE-2UKD-0.35-BN/WH"/>
			<Property id="PROPERTY_9225" name="WIRE_DIA_MAX" value="1.2"/>
			<Option id="OPTION_c2-c-0-48a8c3_1" value="AC_G &amp; HJGAY"/>
			<BranchRoute id="BRR_349">
				<StartBranchPosition id="BR_POS_961" branchId="BRANCH_ff-4e-0-938412" branchNodeId="BN_15124-272" offset="0"/>
				<PassBranchId>BRANCH_ff-4e-0-959c9b</PassBranchId>
				<PassBranchId>BRANCH_35-4e-0-32eeb3</PassBranchId>
				<PassBranchId>BRANCH_ff-4e-0-942c78</PassBranchId>
				<PassBranchId>BRANCH_ff-4e-0-938110</PassBranchId>
				<PassBranchId>BRANCH_ff-4e-0-93810b</PassBranchId>
				<PassBranchId>BRANCH_ff-4e-0-936078</PassBranchId>
				<PassBranchId>BRANCH_c2-4e-0-4c10c3</PassBranchId>
				<PassBranchId>BRANCH_c2-4e-0-4c0ff9</PassBranchId>
				<PassBranchId>BRANCH_c2-4e-0-4c0f34</PassBranchId>
				<PassBranchId>BRANCH_c2-4e-0-4c0d05</PassBranchId>
				<PassBranchId>BRANCH_c2-4e-0-4c1076</PassBranchId>
				<PassBranchId>BRANCH_c2-4e-0-4c106f</PassBranchId>
				<PassBranchId>BRANCH_c2-4e-0-4c1075</PassBranchId>
				<PassBranchId>BRANCH_c2-4e-0-4c0de4</PassBranchId>
				<PassBranchId>BRANCH_1a-4e-0-18e01d0</PassBranchId>
				<PassBranchId>BRANCH_c2-4e-0-4c10c8</PassBranchId>
				<PassBranchId>BRANCH_eb-4e-0-678fca</PassBranchId>
				<PassBranchId>BRANCH_c2-4e-0-4c0e87</PassBranchId>
				<PassBranchId>BRANCH_c2-4e-0-4c0e8c</PassBranchId>
				<PassBranchId>BRANCH_c2-4e-0-4c0e7f</PassBranchId>
				<PassBranchId>BRANCH_c2-4e-0-4c0ef9</PassBranchId>
				<PassBranchId>BRANCH_c2-4e-0-4c0e70</PassBranchId>
				<PassBranchId>BRANCH_c2-4e-0-4c0d66</PassBranchId>
				<PassBranchId>BRANCH_c2-4e-0-4c0fe2</PassBranchId>
				<PassBranchId>BRANCH_c2-4e-0-4c0d5d</PassBranchId>
				<PassBranchId>BRANCH_c2-4e-0-4c0d57</PassBranchId>
				<EndBranchPosition id="BR_POS_962" branchId="BRANCH_c2-4e-0-4c0d5a" branchNodeId="BN_21404-188" offset="0"/>
			</BranchRoute>
		</WiringItem>
		<WiringItem xsi:type="Wire" id="WIRE_91-c-0-27a1db" name="LLF15A" signalId="SIGNAL_2-36-0-410a" cableType="WIRE-2UKD-0.35" wireName="WH/GN" fromPinId="PIN_7f-18-0-5212fc" toPinId="PIN_b5-18-0-550a">
			<AppRef name="E3.Series" version="2.13.7.0" guid="cc3e36d9-ece1-4da0-b016-5b9ace248385"/>
			<Property id="PROPERTY_9226" name="WIRE_LENGTH" value="1825"/>
			<Property id="PROPERTY_9227" name="WIRE_END2_MATL" value="(SN)"/>
			<Property id="PROPERTY_9228" name="WIRE_CSA" value="0.35"/>
			<Property id="PROPERTY_9229" name="WIRE_MIN_BEND_RADIUS" value="3"/>
			<Property id="PROPERTY_9230" name="WIRE_OPTION" value="JBBA8 | JBBBH | JBBBJ | JBBBN"/>
			<Property id="PROPERTY_9231" name="WIRE_DEV_PIN_1" value="C2LF44:9"/>
			<Property id="PROPERTY_9232" name="WIRE_COLOR" value="WH/GN"/>
			<Property id="PROPERTY_9233" name="WIRE_SPEC" value="2UKD"/>
			<Property id="PROPERTY_9234" name="WIRE_END1_MATL" value="(SN)"/>
			<Property id="PROPERTY_9235" name="WIRE_LEVEL" value="(CNSL-HI)/(A-STR)/VA/XM/YN"/>
			<Property id="PROPERTY_9236" name="WIRE_END1_TERM" value="DU5T-14474-BA"/>
			<Property id="PROPERTY_9237" name="WIRE_DEV_PIN_2" value="C12-A2:12"/>
			<Property id="PROPERTY_9238" name="WIRE_NAME" value="LLF15A"/>
			<Property id="PROPERTY_9239" name="WIRE_END2_TERM" value="BU5T-14474-UA"/>
			<Property id="PROPERTY_9240" name="WIRE_SIGNAL" value="VLF59"/>
			<Property id="PROPERTY_9241" name="HRN_FAMILY" value="14401"/>
			<Property id="PROPERTY_9242" name="WIRE_FPN" value="WIRE-2UKD-0.35-WH/GN"/>
			<Property id="PROPERTY_9243" name="WIRE_DIA_MAX" value="1.2"/>
			<Option id="OPTION_91-c-0-27a1db_1" value="JBBA8 | JBBBH | JBBBJ | JBBBN"/>
			<BranchRoute id="BRR_350">
				<StartBranchPosition id="BR_POS_963" branchId="BRANCH_c2-4e-0-4c0d7f" branchNodeId="BN_9256-192" offset="0"/>
				<PassBranchId>BRANCH_c2-4e-0-4c104c</PassBranchId>
				<PassBranchId>BRANCH_c2-4e-0-4c1049</PassBranchId>
				<PassBranchId>BRANCH_c2-4e-0-4c1046</PassBranchId>
				<PassBranchId>BRANCH_c2-4e-0-4c1044</PassBranchId>
				<PassBranchId>BRANCH_c2-4e-0-4c0fb4</PassBranchId>
				<PassBranchId>BRANCH_c2-4e-0-4c0f7e</PassBranchId>
				<PassBranchId>BRANCH_c2-4e-0-4c1005</PassBranchId>
				<PassBranchId>BRANCH_c2-4e-0-4c0f45</PassBranchId>
				<PassBranchId>BRANCH_c2-4e-0-4c0dea</PassBranchId>
				<PassBranchId>BRANCH_c2-4e-0-4c0fd1</PassBranchId>
				<PassBranchId>BRANCH_c2-4e-0-4c0fe8</PassBranchId>
				<PassBranchId>BRANCH_c2-4e-0-4c1009</PassBranchId>
				<PassBranchId>BRANCH_c2-4e-0-4c10cb</PassBranchId>
				<PassBranchId>BRANCH_c2-4e-0-4c10ec</PassBranchId>
				<PassBranchId>BRANCH_c2-4e-0-4c0de4</PassBranchId>
				<PassBranchId>BRANCH_1a-4e-0-18e01d0</PassBranchId>
				<PassBranchId>BRANCH_c2-4e-0-4c10c8</PassBranchId>
				<PassBranchId>BRANCH_eb-4e-0-678fca</PassBranchId>
				<PassBranchId>BRANCH_c2-4e-0-4c0e87</PassBranchId>
				<PassBranchId>BRANCH_c2-4e-0-4c0e8c</PassBranchId>
				<PassBranchId>BRANCH_c2-4e-0-4c0e7f</PassBranchId>
				<PassBranchId>BRANCH_c2-4e-0-4c0ef9</PassBranchId>
				<PassBranchId>BRANCH_c2-4e-0-4c0e70</PassBranchId>
				<PassBranchId>BRANCH_c2-4e-0-4c0d66</PassBranchId>
				<PassBranchId>BRANCH_c2-4e-0-4c0e5f</PassBranchId>
				<EndBranchPosition id="BR_POS_964" branchId="BRANCH_c2-4e-0-4c0d60" branchNodeId="BN_22052-256" offset="0"/>
			</BranchRoute>
		</WiringItem>
		<WiringItem xsi:type="Wire" id="WIRE_91-c-0-28689c" name="LLF16A" signalId="SIGNAL_2-36-0-3b47" cableType="WIRE-2UKD-0.35" wireName="WH/GN" fromPinId="PIN_7f-18-0-5212ea" toPinId="PIN_b5-18-0-533c">
			<AppRef name="E3.Series" version="2.13.7.0" guid="cb00ffed-ae07-421e-9bf2-6549ee67ae6c"/>
			<Property id="PROPERTY_9244" name="WIRE_LENGTH" value="1385"/>
			<Property id="PROPERTY_9245" name="WIRE_END2_MATL" value="(SN)"/>
			<Property id="PROPERTY_9246" name="WIRE_CSA" value="0.35"/>
			<Property id="PROPERTY_9247" name="WIRE_MIN_BEND_RADIUS" value="3"/>
			<Property id="PROPERTY_9248" name="WIRE_OPTION" value="JBBA8 | JBBBH | JBBBJ | JBBBN"/>
			<Property id="PROPERTY_9249" name="WIRE_DEV_PIN_1" value="C2LF44:8"/>
			<Property id="PROPERTY_9250" name="WIRE_COLOR" value="WH/GN"/>
			<Property id="PROPERTY_9251" name="WIRE_SPEC" value="2UKD"/>
			<Property id="PROPERTY_9252" name="WIRE_END1_MATL" value="(SN)"/>
			<Property id="PROPERTY_9253" name="WIRE_LEVEL" value="(CNSL-HI)/(A-STR)/VA/XM/YN"/>
			<Property id="PROPERTY_9254" name="WIRE_END1_TERM" value="DU5T-14474-BA"/>
			<Property id="PROPERTY_9255" name="WIRE_DEV_PIN_2" value="C23-C1:4"/>
			<Property id="PROPERTY_9256" name="WIRE_NAME" value="LLF16A"/>
			<Property id="PROPERTY_9257" name="WIRE_END2_TERM" value="3F2T-14474-SA"/>
			<Property id="PROPERTY_9258" name="WIRE_SIGNAL" value="LLF16"/>
			<Property id="PROPERTY_9259" name="HRN_FAMILY" value="14401"/>
			<Property id="PROPERTY_9260" name="WIRE_FPN" value="WIRE-2UKD-0.35-WH/GN"/>
			<Property id="PROPERTY_9261" name="WIRE_DIA_MAX" value="1.2"/>
			<Option id="OPTION_91-c-0-28689c_1" value="JBBA8 | JBBBH | JBBBJ | JBBBN"/>
			<BranchRoute id="BRR_351">
				<StartBranchPosition id="BR_POS_965" branchId="BRANCH_c2-4e-0-4c0de1" branchNodeId="BN_79_9-190_058" offset="0"/>
				<PassBranchId>BRANCH_c2-4e-0-4c0ddd</PassBranchId>
				<PassBranchId>BRANCH_c2-4e-0-4c10dd</PassBranchId>
				<PassBranchId>BRANCH_c2-4e-0-4c1020</PassBranchId>
				<PassBranchId>BRANCH_c2-4e-0-4c1021</PassBranchId>
				<PassBranchId>BRANCH_c2-4e-0-4c10e7</PassBranchId>
				<PassBranchId>BRANCH_c2-4e-0-4c0fc5</PassBranchId>
				<PassBranchId>BRANCH_c2-4e-0-4c0fce</PassBranchId>
				<PassBranchId>BRANCH_c2-4e-0-4c0d1d</PassBranchId>
				<PassBranchId>BRANCH_35-4e-0-2efaf8</PassBranchId>
				<PassBranchId>BRANCH_c2-4e-0-4c10c0</PassBranchId>
				<PassBranchId>BRANCH_c2-4e-0-4c0fc8</PassBranchId>
				<PassBranchId>BRANCH_c2-4e-0-4c108d</PassBranchId>
				<PassBranchId>BRANCH_c2-4e-0-4c0d88</PassBranchId>
				<PassBranchId>BRANCH_c2-4e-0-4c109a</PassBranchId>
				<PassBranchId>BRANCH_c2-4e-0-4c0e16</PassBranchId>
				<PassBranchId>BRANCH_c2-4e-0-4c0fcb</PassBranchId>
				<PassBranchId>BRANCH_c2-4e-0-4c0f45</PassBranchId>
				<PassBranchId>BRANCH_c2-4e-0-4c1005</PassBranchId>
				<PassBranchId>BRANCH_c2-4e-0-4c0f7e</PassBranchId>
				<PassBranchId>BRANCH_c2-4e-0-4c0fb4</PassBranchId>
				<PassBranchId>BRANCH_c2-4e-0-4c1044</PassBranchId>
				<PassBranchId>BRANCH_c2-4e-0-4c1046</PassBranchId>
				<PassBranchId>BRANCH_c2-4e-0-4c1049</PassBranchId>
				<PassBranchId>BRANCH_c2-4e-0-4c104c</PassBranchId>
				<EndBranchPosition id="BR_POS_966" branchId="BRANCH_c2-4e-0-4c0d7f" branchNodeId="BN_9256-192" offset="0"/>
			</BranchRoute>
		</WiringItem>
		<WiringItem xsi:type="Wire" id="WIRE_61-c-0-260b66" name="LME89A" signalId="SIGNAL_2-36-0-3b4b" cableType="WIRE-2UKD-0.35" wireName="YE/BU" fromPinId="PIN_87-18-0-15226" toPinId="PIN_74-18-0-263b98">
			<AppRef name="E3.Series" version="2.13.7.0" guid="6b67a932-702c-47b1-8309-80295317bc09"/>
			<Property id="PROPERTY_9262" name="WIRE_LENGTH" value="1760"/>
			<Property id="PROPERTY_9263" name="WIRE_END2_MATL" value="(SN)"/>
			<Property id="PROPERTY_9264" name="WIRE_CSA" value="0.35"/>
			<Property id="PROPERTY_9265" name="WIRE_MIN_BEND_RADIUS" value="3"/>
			<Property id="PROPERTY_9266" name="WIRE_OPTION" value="( B5WAZ | B5WBF | B5WBG | B5WBK ) &amp; ( IEVAQ | IEVAR )"/>
			<Property id="PROPERTY_9267" name="WIRE_DEV_PIN_1" value="C2MM01-A:8"/>
			<Property id="PROPERTY_9268" name="WIRE_COLOR" value="YE/BU"/>
			<Property id="PROPERTY_9269" name="WIRE_SPEC" value="2UKD"/>
			<Property id="PROPERTY_9270" name="WIRE_END1_MATL" value="(SN)"/>
			<Property id="PROPERTY_9271" name="WIRE_LEVEL" value="(CNSL-LO)/(F-SHF)/(CNSL-HI)/(A-STR)/(BEV)/XM/YN"/>
			<Property id="PROPERTY_9272" name="WIRE_END1_TERM" value="9U5T-14474-DB"/>
			<Property id="PROPERTY_9273" name="WIRE_DEV_PIN_2" value="C23-C1:26"/>
			<Property id="PROPERTY_9274" name="WIRE_NAME" value="LME89A"/>
			<Property id="PROPERTY_9275" name="WIRE_END2_TERM" value="9U5T-14474-DB"/>
			<Property id="PROPERTY_9276" name="WIRE_SIGNAL" value="LME89"/>
			<Property id="PROPERTY_9277" name="HRN_FAMILY" value="14401"/>
			<Property id="PROPERTY_9278" name="WIRE_FPN" value="WIRE-2UKD-0.35-YE/BU"/>
			<Property id="PROPERTY_9279" name="WIRE_DIA_MAX" value="1.2"/>
			<Option id="OPTION_61-c-0-260b66_1" value="( B5WAZ | B5WBF | B5WBG | B5WBK ) &amp; ( IEVAQ | IEVAR )"/>
			<BranchRoute id="BRR_352">
				<StartBranchPosition id="BR_POS_967" branchId="BRANCH_c2-4e-0-4c0de1" branchNodeId="BN_79_9-190_058" offset="0"/>
				<PassBranchId>BRANCH_c2-4e-0-4c0ddd</PassBranchId>
				<PassBranchId>BRANCH_c2-4e-0-4c10dd</PassBranchId>
				<PassBranchId>BRANCH_c2-4e-0-4c1020</PassBranchId>
				<PassBranchId>BRANCH_c2-4e-0-4c1021</PassBranchId>
				<PassBranchId>BRANCH_c2-4e-0-4c10e7</PassBranchId>
				<PassBranchId>BRANCH_c2-4e-0-4c0fc5</PassBranchId>
				<PassBranchId>BRANCH_c2-4e-0-4c0fce</PassBranchId>
				<PassBranchId>BRANCH_c2-4e-0-4c0d1d</PassBranchId>
				<PassBranchId>BRANCH_35-4e-0-2efaf8</PassBranchId>
				<PassBranchId>BRANCH_c2-4e-0-4c10c0</PassBranchId>
				<PassBranchId>BRANCH_c2-4e-0-4c0fc8</PassBranchId>
				<PassBranchId>BRANCH_c2-4e-0-4c108d</PassBranchId>
				<PassBranchId>BRANCH_c2-4e-0-4c0d88</PassBranchId>
				<PassBranchId>BRANCH_c2-4e-0-4c109a</PassBranchId>
				<PassBranchId>BRANCH_c2-4e-0-4c0e16</PassBranchId>
				<PassBranchId>BRANCH_c2-4e-0-4c0fcb</PassBranchId>
				<PassBranchId>BRANCH_c2-4e-0-4c0dea</PassBranchId>
				<PassBranchId>BRANCH_c2-4e-0-4c0fd1</PassBranchId>
				<PassBranchId>BRANCH_c2-4e-0-4c0fe8</PassBranchId>
				<PassBranchId>BRANCH_c2-4e-0-4c1009</PassBranchId>
				<PassBranchId>BRANCH_c2-4e-0-4c10cb</PassBranchId>
				<PassBranchId>BRANCH_c2-4e-0-4c10ec</PassBranchId>
				<PassBranchId>BRANCH_c2-4e-0-4c1075</PassBranchId>
				<PassBranchId>BRANCH_c2-4e-0-4c106f</PassBranchId>
				<PassBranchId>BRANCH_c2-4e-0-4c1076</PassBranchId>
				<PassBranchId>BRANCH_c2-4e-0-4c0d05</PassBranchId>
				<PassBranchId>BRANCH_c2-4e-0-4c0f26</PassBranchId>
				<PassBranchId>BRANCH_c2-4e-0-4c0f29</PassBranchId>
				<EndBranchPosition id="BR_POS_968" branchId="BRANCH_c2-4e-0-4c0f2a" branchNodeId="BN_17720-164" offset="0"/>
			</BranchRoute>
		</WiringItem>
		<WiringItem xsi:type="Wire" id="WIRE_bf-c-0-316e7b" name="LME89AD" signalId="SIGNAL_2-36-0-3b4b" cableType="WIRE-2UKD-0.35" wireName="YE/BU" fromPinId="PIN_74-18-0-263b98" toPinId="PIN_a8-18-0-e8efbb">
			<AppRef name="E3.Series" version="2.14.0.0" guid="2ca4fcc0-d923-4199-a21e-83b82d882ef1"/>
			<Property id="PROPERTY_9280" name="WIRE_LENGTH" value="1645"/>
			<Property id="PROPERTY_9281" name="WIRE_END2_MATL" value="(SN)"/>
			<Property id="PROPERTY_9282" name="WIRE_CSA" value="0.35"/>
			<Property id="PROPERTY_9283" name="WIRE_MIN_BEND_RADIUS" value="3"/>
			<Property id="PROPERTY_9284" name="WIRE_OPTION" value="B5WBG &amp; IEVAT"/>
			<Property id="PROPERTY_9285" name="WIRE_DEV_PIN_1" value="C23-C1:26"/>
			<Property id="PROPERTY_9286" name="WIRE_COLOR" value="YE/BU"/>
			<Property id="PROPERTY_9287" name="WIRE_SPEC" value="2UKD"/>
			<Property id="PROPERTY_9288" name="WIRE_END1_MATL" value="(SN)"/>
			<Property id="PROPERTY_9289" name="WIRE_LEVEL" value="VA"/>
			<Property id="PROPERTY_9290" name="WIRE_END1_TERM" value="9U5T-14474-DB"/>
			<Property id="PROPERTY_9291" name="WIRE_DEV_PIN_2" value="C2MM01-DB:8"/>
			<Property id="PROPERTY_9292" name="WIRE_NAME" value="LME89AD"/>
			<Property id="PROPERTY_9293" name="WIRE_END2_TERM" value="9U5T-14474-DB"/>
			<Property id="PROPERTY_9294" name="WIRE_SIGNAL" value="LME89"/>
			<Property id="PROPERTY_9295" name="HRN_FAMILY" value="14401"/>
			<Property id="PROPERTY_9296" name="WIRE_FPN" value="WIRE-2UKD-0.35-YE/BU"/>
			<Property id="PROPERTY_9297" name="WIRE_DIA_MAX" value="1.2"/>
			<Option id="OPTION_bf-c-0-316e7b_1" value="B5WBG &amp; IEVAT"/>
			<BranchRoute id="BRR_353">
				<StartBranchPosition id="BR_POS_969" branchId="BRANCH_c2-4e-0-4c0de1" branchNodeId="BN_79_9-190_058" offset="0"/>
				<PassBranchId>BRANCH_c2-4e-0-4c0ddd</PassBranchId>
				<PassBranchId>BRANCH_c2-4e-0-4c10dd</PassBranchId>
				<PassBranchId>BRANCH_c2-4e-0-4c1020</PassBranchId>
				<PassBranchId>BRANCH_c2-4e-0-4c1021</PassBranchId>
				<PassBranchId>BRANCH_c2-4e-0-4c10e7</PassBranchId>
				<PassBranchId>BRANCH_c2-4e-0-4c0fc5</PassBranchId>
				<PassBranchId>BRANCH_c2-4e-0-4c0fce</PassBranchId>
				<PassBranchId>BRANCH_c2-4e-0-4c0d1d</PassBranchId>
				<PassBranchId>BRANCH_35-4e-0-2efaf8</PassBranchId>
				<PassBranchId>BRANCH_c2-4e-0-4c10c0</PassBranchId>
				<PassBranchId>BRANCH_c2-4e-0-4c0fc8</PassBranchId>
				<PassBranchId>BRANCH_c2-4e-0-4c108d</PassBranchId>
				<PassBranchId>BRANCH_c2-4e-0-4c0d88</PassBranchId>
				<PassBranchId>BRANCH_c2-4e-0-4c109a</PassBranchId>
				<PassBranchId>BRANCH_c2-4e-0-4c0e16</PassBranchId>
				<PassBranchId>BRANCH_c2-4e-0-4c0fcb</PassBranchId>
				<PassBranchId>BRANCH_c2-4e-0-4c0f45</PassBranchId>
				<PassBranchId>BRANCH_c2-4e-0-4c1005</PassBranchId>
				<PassBranchId>BRANCH_c2-4e-0-4c0f60</PassBranchId>
				<PassBranchId>BRANCH_35-4e-0-350133</PassBranchId>
				<PassBranchId>BRANCH_c2-4e-0-4c0f7a</PassBranchId>
				<PassBranchId>BRANCH_c2-4e-0-4c10a4</PassBranchId>
				<PassBranchId>BRANCH_c2-4e-0-4c0fb7</PassBranchId>
				<PassBranchId>BRANCH_c2-4e-0-4c0f66</PassBranchId>
				<PassBranchId>BRANCH_c2-4e-0-4c0f6c</PassBranchId>
				<PassBranchId>BRANCH_c2-4e-0-4c0f6f</PassBranchId>
				<PassBranchId>BRANCH_22-4e-0-2ca187b</PassBranchId>
				<PassBranchId>BRANCH_ff-4e-0-9d2c5f</PassBranchId>
				<PassBranchId>BRANCH_da-4e-0-2503d5</PassBranchId>
				<EndBranchPosition id="BR_POS_970" branchId="BRANCH_da-4e-0-25068e" branchNodeId="BN_9708-328" offset="0"/>
			</BranchRoute>
		</WiringItem>
		<WiringItem xsi:type="Wire" id="WIRE_95-c-0-e51df" name="LME89E" signalId="SIGNAL_2-36-0-3b4b" cableType="WIRE-2UKD-0.35" wireName="YE/BU" fromPinId="PIN_95-18-0-e3f18" toPinId="PIN_87-18-0-15226">
			<AppRef name="E3.Series" version="2.13.7.0" guid="6bdbcfda-627d-404a-85a8-13f3fed18f97"/>
			<Property id="PROPERTY_9298" name="WIRE_LENGTH" value="1450"/>
			<Property id="PROPERTY_9299" name="WIRE_END2_MATL" value="(SN)"/>
			<Property id="PROPERTY_9300" name="WIRE_CSA" value="0.35"/>
			<Property id="PROPERTY_9301" name="WIRE_MIN_BEND_RADIUS" value="3"/>
			<Property id="PROPERTY_9302" name="WIRE_OPTION" value="B5WAA &amp; ( IEVAQ | IEVAR )"/>
			<Property id="PROPERTY_9303" name="WIRE_DEV_PIN_1" value="C2ME89-C:1"/>
			<Property id="PROPERTY_9304" name="WIRE_COLOR" value="YE/BU"/>
			<Property id="PROPERTY_9305" name="WIRE_SPEC" value="2UKD"/>
			<Property id="PROPERTY_9306" name="WIRE_LEVEL" value="(20-ST)"/>
			<Property id="PROPERTY_9307" name="WIRE_END1_TERM" value="*GU5T-14474-AAB"/>
			<Property id="PROPERTY_9308" name="WIRE_DEV_PIN_2" value="C2MM01-A:8"/>
			<Property id="PROPERTY_9309" name="WIRE_NAME" value="LME89E"/>
			<Property id="PROPERTY_9310" name="WIRE_END2_TERM" value="9U5T-14474-DB"/>
			<Property id="PROPERTY_9311" name="WIRE_SIGNAL" value="LME89"/>
			<Property id="PROPERTY_9312" name="HRN_FAMILY" value="14401"/>
			<Property id="PROPERTY_9313" name="WIRE_FPN" value="WIRE-2UKD-0.35-YE/BU"/>
			<Property id="PROPERTY_9314" name="WIRE_DIA_MAX" value="1.2"/>
			<Option id="OPTION_95-c-0-e51df_1" value="B5WAA &amp; ( IEVAQ | IEVAR )"/>
			<BranchRoute id="BRR_354">
				<StartBranchPosition id="BR_POS_971" branchId="BRANCH_c2-4e-0-4c0fb1" branchNodeId="BN_9568-152" offset="0"/>
				<PassBranchId>BRANCH_c2-4e-0-4c1041</PassBranchId>
				<PassBranchId>BRANCH_c2-4e-0-4c103f</PassBranchId>
				<PassBranchId>BRANCH_c2-4e-0-4c0fb4</PassBranchId>
				<PassBranchId>BRANCH_c2-4e-0-4c0f7e</PassBranchId>
				<PassBranchId>BRANCH_c2-4e-0-4c1005</PassBranchId>
				<PassBranchId>BRANCH_c2-4e-0-4c0f45</PassBranchId>
				<PassBranchId>BRANCH_c2-4e-0-4c0dea</PassBranchId>
				<PassBranchId>BRANCH_c2-4e-0-4c0fd1</PassBranchId>
				<PassBranchId>BRANCH_c2-4e-0-4c0fe8</PassBranchId>
				<PassBranchId>BRANCH_c2-4e-0-4c1009</PassBranchId>
				<PassBranchId>BRANCH_c2-4e-0-4c10cb</PassBranchId>
				<PassBranchId>BRANCH_c2-4e-0-4c10ec</PassBranchId>
				<PassBranchId>BRANCH_c2-4e-0-4c1075</PassBranchId>
				<PassBranchId>BRANCH_c2-4e-0-4c106f</PassBranchId>
				<PassBranchId>BRANCH_c2-4e-0-4c1076</PassBranchId>
				<PassBranchId>BRANCH_c2-4e-0-4c0d05</PassBranchId>
				<PassBranchId>BRANCH_c2-4e-0-4c0f26</PassBranchId>
				<PassBranchId>BRANCH_c2-4e-0-4c0f29</PassBranchId>
				<EndBranchPosition id="BR_POS_972" branchId="BRANCH_c2-4e-0-4c0f2a" branchNodeId="BN_17720-164" offset="0"/>
			</BranchRoute>
		</WiringItem>
		<WiringItem xsi:type="Wire" id="WIRE_71-c-0-226a14" name="PIA_A2B_LMEC9C" signalId="SIGNAL_99-36-0-15fd1f" cableType="WIRE-COAA-3.0" wireName="BK" fromPinId="PIN_71-18-0-226a11" toPinId="PIN_52-18-0-16e06e5">
			<AppRef name="E3.Series" version="2.13.7.0" guid="6fddc6ab-6e73-4df8-b881-fb5bd25acda9"/>
			<Property id="PROPERTY_9315" name="WIRE_LENGTH" value="2425"/>
			<Property id="PROPERTY_9316" name="WIRE_LEVEL" value="(8SPKR)/(CNSL-HI)/(A-STR)/XM/YN/ZB"/>
			<Property id="PROPERTY_9317" name="WIRE_DIA_MAX" value="3.2"/>
			<Property id="PROPERTY_9318" name="WIRE_CSA" value="0.3"/>
			<Property id="PROPERTY_9319" name="WIRE_MIN_BEND_RADIUS" value="27.25"/>
			<Property id="PROPERTY_9320" name="WIRE_OPTION" value="(IDBAF | IDBBQ) &amp; (IEVAQ | IEVAR)"/>
			<Property id="PROPERTY_9321" name="WIRE_DEV_PIN_1" value="C23-A2B1:1"/>
			<Property id="PROPERTY_9322" name="WIRE_COLOR" value="BK"/>
			<Property id="PROPERTY_9323" name="WIRE_SPEC" value="COAA"/>
			<Property id="PROPERTY_9324" name="WIRE_END1_MATL" value="(SN)"/>
			<Property id="PROPERTY_9325" name="WIRE_END2_TERM" value="*P/O ASSY"/>
			<Property id="PROPERTY_9326" name="WIRE_END1_TERM" value="*P/O ASSY"/>
			<Property id="PROPERTY_9327" name="WIRE_DEV_PIN_2" value="C2ME03-J6:1"/>
			<Property id="PROPERTY_9328" name="WIRE_NAME" value="PIA_A2B_LMEC9C"/>
			<Property id="PROPERTY_9329" name="WIRE_END_DC" value="1,*P/O ASSY,(SN),VA,PIA_A2B_LMEC9CD"/>
			<Property id="PROPERTY_9330" name="ROUTEPATH_1" value="RTE-14A005-CA_BD-LH"/>
			<Property id="PROPERTY_9331" name="WIRE_SIGNAL" value="LMEC9"/>
			<Property id="PROPERTY_9332" name="HRN_FAMILY" value="14401"/>
			<Property id="PROPERTY_9333" name="WIRE_FPN" value="WIRE-COAA-3.0-BK"/>
			<Property id="PROPERTY_9334" name="EXCLUDE_FROM_BOM" value="1"/>
			<Option id="OPTION_71-c-0-226a14_1" value="(IDBAF | IDBBQ) &amp; (IEVAQ | IEVAR)"/>
			<BranchRoute id="BRR_355">
				<StartBranchPosition id="BR_POS_973" branchId="BRANCH_44-4e-0-253a04d" branchNodeId="BN_11136-276" offset="0"/>
				<PassBranchId>BRANCH_c2-4e-0-4c0ee4</PassBranchId>
				<PassBranchId>BRANCH_c2-4e-0-4c0f6c</PassBranchId>
				<PassBranchId>BRANCH_c2-4e-0-4c0f66</PassBranchId>
				<PassBranchId>BRANCH_c2-4e-0-4c0fb7</PassBranchId>
				<PassBranchId>BRANCH_c2-4e-0-4c10a4</PassBranchId>
				<PassBranchId>BRANCH_c2-4e-0-4c0f7a</PassBranchId>
				<PassBranchId>BRANCH_35-4e-0-350133</PassBranchId>
				<PassBranchId>BRANCH_c2-4e-0-4c0f60</PassBranchId>
				<PassBranchId>BRANCH_c2-4e-0-4c1005</PassBranchId>
				<PassBranchId>BRANCH_c2-4e-0-4c0f45</PassBranchId>
				<PassBranchId>BRANCH_c2-4e-0-4c0dea</PassBranchId>
				<PassBranchId>BRANCH_c2-4e-0-4c0fd1</PassBranchId>
				<PassBranchId>BRANCH_c2-4e-0-4c0fe8</PassBranchId>
				<PassBranchId>BRANCH_c2-4e-0-4c1009</PassBranchId>
				<PassBranchId>BRANCH_c2-4e-0-4c10cb</PassBranchId>
				<PassBranchId>BRANCH_c2-4e-0-4c10ec</PassBranchId>
				<PassBranchId>BRANCH_c2-4e-0-4c1075</PassBranchId>
				<PassBranchId>BRANCH_c2-4e-0-4c106f</PassBranchId>
				<PassBranchId>BRANCH_c2-4e-0-4c1087</PassBranchId>
				<PassBranchId>BRANCH_c2-4e-0-4c1083</PassBranchId>
				<PassBranchId>BRANCH_c2-4e-0-4c0f89</PassBranchId>
				<PassBranchId>BRANCH_c2-4e-0-4c0f18</PassBranchId>
				<PassBranchId>BRANCH_c2-4e-0-4c0f88</PassBranchId>
				<PassBranchId>BRANCH_c2-4e-0-4c0e97</PassBranchId>
				<PassBranchId>BRANCH_c2-4e-0-4c10ce</PassBranchId>
				<PassBranchId>BRANCH_c2-4e-0-4c0e9b</PassBranchId>
				<PassBranchId>BRANCH_c2-4e-0-4c0fef</PassBranchId>
				<PassBranchId>BRANCH_c2-4e-0-4c0d34</PassBranchId>
				<EndBranchPosition id="BR_POS_974" branchId="BRANCH_c2-4e-0-4c0d37" branchNodeId="BN_18232-120" offset="0"/>
			</BranchRoute>
		</WiringItem>
		<WiringItem xsi:type="Wire" id="WIRE_bf-c-0-33b057" name="PIA_A2B_LMEC9CD" signalId="SIGNAL_99-36-0-15fd1f" cableType="WIRE-COAA-3.0" wireName="BK" fromPinId="PIN_a8-18-0-e8f0c2" toPinId="PIN_71-18-0-226a11">
			<AppRef name="E3.Series" version="2.14.0.0" guid="d53b90bb-1f0a-45a4-94cb-5289b8f41c53"/>
			<Property id="PROPERTY_9335" name="WIRE_LENGTH" value="2580"/>
			<Property id="PROPERTY_9336" name="WIRE_DIA_MAX" value="3.2"/>
			<Property id="PROPERTY_9337" name="WIRE_CSA" value="0.3"/>
			<Property id="PROPERTY_9338" name="WIRE_MIN_BEND_RADIUS" value="27.25"/>
			<Property id="PROPERTY_9339" name="WIRE_OPTION" value="IEVAT &amp; IDBBQ"/>
			<Property id="PROPERTY_9340" name="WIRE_DEV_PIN_1" value="C2MM01-DA2B:1"/>
			<Property id="PROPERTY_9341" name="WIRE_COLOR" value="BK"/>
			<Property id="PROPERTY_9342" name="WIRE_SPEC" value="COAA"/>
			<Property id="PROPERTY_9343" name="WIRE_END1_MATL" value="(SN)"/>
			<Property id="PROPERTY_9344" name="WIRE_LEVEL" value="VA"/>
			<Property id="PROPERTY_9345" name="WIRE_END1_TERM" value="*P/O ASSY"/>
			<Property id="PROPERTY_9346" name="WIRE_DEV_PIN_2" value="C23-A2B1:1"/>
			<Property id="PROPERTY_9347" name="WIRE_NAME" value="PIA_A2B_LMEC9CD"/>
			<Property id="PROPERTY_9348" name="WIRE_END_DC" value="2,*P/O ASSY,(SN),VA,PIA_A2B_LMEC9C"/>
			<Property id="PROPERTY_9349" name="ROUTEPATH_1" value="RTE-14A005-CA_BD-LH"/>
			<Property id="PROPERTY_9350" name="WIRE_SIGNAL" value="LMEC9"/>
			<Property id="PROPERTY_9351" name="HRN_FAMILY" value="14401"/>
			<Property id="PROPERTY_9352" name="WIRE_FPN" value="WIRE-COAA-3.0-BK"/>
			<Property id="PROPERTY_9353" name="EXCLUDE_FROM_BOM" value="1"/>
			<Option id="OPTION_bf-c-0-33b057_1" value="IEVAT &amp; IDBBQ"/>
			<BranchRoute id="BRR_356">
				<StartBranchPosition id="BR_POS_975" branchId="BRANCH_da-4e-0-329ead" branchNodeId="BN_9928-112" offset="0"/>
				<PassBranchId>BRANCH_da-4e-0-320d5e</PassBranchId>
				<PassBranchId>BRANCH_e9-4e-0-33d393</PassBranchId>
				<PassBranchId>BRANCH_22-4e-0-2ca187b</PassBranchId>
				<PassBranchId>BRANCH_c2-4e-0-4c0f6f</PassBranchId>
				<PassBranchId>BRANCH_c2-4e-0-4c0f6c</PassBranchId>
				<PassBranchId>BRANCH_c2-4e-0-4c0f66</PassBranchId>
				<PassBranchId>BRANCH_c2-4e-0-4c0fb7</PassBranchId>
				<PassBranchId>BRANCH_c2-4e-0-4c10a4</PassBranchId>
				<PassBranchId>BRANCH_c2-4e-0-4c0f7a</PassBranchId>
				<PassBranchId>BRANCH_35-4e-0-350133</PassBranchId>
				<PassBranchId>BRANCH_c2-4e-0-4c0f60</PassBranchId>
				<PassBranchId>BRANCH_c2-4e-0-4c1005</PassBranchId>
				<PassBranchId>BRANCH_c2-4e-0-4c0f45</PassBranchId>
				<PassBranchId>BRANCH_c2-4e-0-4c0dea</PassBranchId>
				<PassBranchId>BRANCH_c2-4e-0-4c0fd1</PassBranchId>
				<PassBranchId>BRANCH_c2-4e-0-4c0fe8</PassBranchId>
				<PassBranchId>BRANCH_c2-4e-0-4c1009</PassBranchId>
				<PassBranchId>BRANCH_c2-4e-0-4c10cb</PassBranchId>
				<PassBranchId>BRANCH_c2-4e-0-4c10ec</PassBranchId>
				<PassBranchId>BRANCH_c2-4e-0-4c1075</PassBranchId>
				<PassBranchId>BRANCH_c2-4e-0-4c106f</PassBranchId>
				<PassBranchId>BRANCH_c2-4e-0-4c1087</PassBranchId>
				<PassBranchId>BRANCH_c2-4e-0-4c1083</PassBranchId>
				<PassBranchId>BRANCH_c2-4e-0-4c0f89</PassBranchId>
				<PassBranchId>BRANCH_c2-4e-0-4c0f18</PassBranchId>
				<PassBranchId>BRANCH_c2-4e-0-4c0f88</PassBranchId>
				<PassBranchId>BRANCH_c2-4e-0-4c0e97</PassBranchId>
				<PassBranchId>BRANCH_c2-4e-0-4c10ce</PassBranchId>
				<PassBranchId>BRANCH_c2-4e-0-4c0e9b</PassBranchId>
				<PassBranchId>BRANCH_c2-4e-0-4c0fef</PassBranchId>
				<PassBranchId>BRANCH_c2-4e-0-4c0d34</PassBranchId>
				<EndBranchPosition id="BR_POS_976" branchId="BRANCH_c2-4e-0-4c0d37" branchNodeId="BN_18232-120" offset="0"/>
			</BranchRoute>
		</WiringItem>
		<WiringItem xsi:type="Wire" id="WIRE_54-c-0-27204f" name="PIA_VMF14A" signalId="SIGNAL_33-36-0-2adb14" cableType="WIRE-COVB-3.0" wireName="BK" fromPinId="PIN_54-18-0-271ad1" toPinId="PIN_f7-18-0-1285ad">
			<AppRef name="E3.Series" version="2.13.7.0" guid="bcfa77f1-e6dd-424b-bf6a-d82aee62ab16"/>
			<Property id="PROPERTY_9354" name="WIRE_LENGTH" value="1255"/>
			<Property id="PROPERTY_9355" name="WIRE_END2_MATL" value="(AU)"/>
			<Property id="PROPERTY_9356" name="WIRE_CSA" value="0.5"/>
			<Property id="PROPERTY_9357" name="WIRE_MIN_BEND_RADIUS" value="27.25"/>
			<Property id="PROPERTY_9358" name="WIRE_OPTION" value="( HJGAX | HJGAY ) &amp; ( IEVAQ | IEVAR )"/>
			<Property id="PROPERTY_9359" name="WIRE_DEV_PIN_1" value="C2MM01-E:1"/>
			<Property id="PROPERTY_9360" name="WIRE_COLOR" value="BK"/>
			<Property id="PROPERTY_9361" name="WIRE_SPEC" value="COVB"/>
			<Property id="PROPERTY_9362" name="WIRE_END1_MATL" value="(AU)"/>
			<Property id="PROPERTY_9363" name="WIRE_LEVEL" value="(8SPKR)/(CNSL-HI)/(A-STR)/(BEV)/AH/AJ/AM/AN/BH/CB/CE/XJ/XL/XM/XS/YC/YG/YK/YN/YR/YU"/>
			<Property id="PROPERTY_9364" name="WIRE_END1_TERM" value="*P/O ASSY"/>
			<Property id="PROPERTY_9365" name="WIRE_DEV_PIN_2" value="C23-VD1:1"/>
			<Property id="PROPERTY_9366" name="WIRE_NAME" value="PIA_VMF14A"/>
			<Property id="PROPERTY_9367" name="EXCLUDE_FROM_BOM" value="1"/>
			<Property id="PROPERTY_9368" name="WIRE_END2_TERM" value="*P/O ASSY"/>
			<Property id="PROPERTY_9369" name="WIRE_SIGNAL" value="VMF14"/>
			<Property id="PROPERTY_9370" name="HRN_FAMILY" value="14401"/>
			<Property id="PROPERTY_9371" name="WIRE_FPN" value="WIRE-COVB-3.0-BK"/>
			<Property id="PROPERTY_9372" name="WIRE_DIA_MAX" value="3.5"/>
			<Option id="OPTION_54-c-0-27204f_1" value="( HJGAX | HJGAY ) &amp; ( IEVAQ | IEVAR )"/>
			<BranchRoute id="BRR_357">
				<StartBranchPosition id="BR_POS_977" branchId="BRANCH_c2-4e-0-4c10e5" branchNodeId="BN_1847_9-134_058" offset="0"/>
				<PassBranchId>BRANCH_c2-4e-0-4c10e4</PassBranchId>
				<PassBranchId>BRANCH_c2-4e-0-4c1020</PassBranchId>
				<PassBranchId>BRANCH_c2-4e-0-4c1021</PassBranchId>
				<PassBranchId>BRANCH_c2-4e-0-4c10e7</PassBranchId>
				<PassBranchId>BRANCH_c2-4e-0-4c0fc5</PassBranchId>
				<PassBranchId>BRANCH_c2-4e-0-4c0fce</PassBranchId>
				<PassBranchId>BRANCH_c2-4e-0-4c0d1d</PassBranchId>
				<PassBranchId>BRANCH_35-4e-0-2efaf8</PassBranchId>
				<PassBranchId>BRANCH_c2-4e-0-4c10c0</PassBranchId>
				<PassBranchId>BRANCH_c2-4e-0-4c0fc8</PassBranchId>
				<PassBranchId>BRANCH_c2-4e-0-4c108d</PassBranchId>
				<PassBranchId>BRANCH_c2-4e-0-4c0d88</PassBranchId>
				<PassBranchId>BRANCH_c2-4e-0-4c109a</PassBranchId>
				<PassBranchId>BRANCH_c2-4e-0-4c0e16</PassBranchId>
				<PassBranchId>BRANCH_c2-4e-0-4c0fcb</PassBranchId>
				<PassBranchId>BRANCH_c2-4e-0-4c0f45</PassBranchId>
				<PassBranchId>BRANCH_c2-4e-0-4c1005</PassBranchId>
				<PassBranchId>BRANCH_c2-4e-0-4c0f7e</PassBranchId>
				<PassBranchId>BRANCH_c2-4e-0-4c0fb4</PassBranchId>
				<PassBranchId>BRANCH_c2-4e-0-4c0d7c</PassBranchId>
				<PassBranchId>BRANCH_c2-4e-0-4c0fc2</PassBranchId>
				<PassBranchId>BRANCH_c2-4e-0-4c0d01</PassBranchId>
				<EndBranchPosition id="BR_POS_978" branchId="BRANCH_c2-4e-0-4c0d04" branchNodeId="BN_8671_9-282_058" offset="0"/>
			</BranchRoute>
		</WiringItem>
		<WiringItem xsi:type="Wire" id="WIRE_bf-c-0-332a5d" name="PIA_VMF14AD" signalId="SIGNAL_33-36-0-2adb14" cableType="WIRE-COVB-3.0" wireName="BK" fromPinId="PIN_a8-18-0-e8f05b" toPinId="PIN_f7-18-0-1285ad">
			<AppRef name="E3.Series" version="2.14.0.0" guid="d08db531-a22c-4c60-95ab-08e3e5f48c9f"/>
			<Property id="PROPERTY_9373" name="WIRE_LENGTH" value="1675"/>
			<Property id="PROPERTY_9374" name="WIRE_END2_MATL" value="(AU)"/>
			<Property id="PROPERTY_9375" name="WIRE_CSA" value="0.5"/>
			<Property id="PROPERTY_9376" name="WIRE_MIN_BEND_RADIUS" value="27.25"/>
			<Property id="PROPERTY_9377" name="WIRE_OPTION" value="IEVAT &amp; HJGAX"/>
			<Property id="PROPERTY_9378" name="WIRE_DEV_PIN_1" value="C2MM01-E1:1"/>
			<Property id="PROPERTY_9379" name="WIRE_COLOR" value="BK"/>
			<Property id="PROPERTY_9380" name="WIRE_SPEC" value="COVB"/>
			<Property id="PROPERTY_9381" name="WIRE_END1_MATL" value="(AU)"/>
			<Property id="PROPERTY_9382" name="WIRE_LEVEL" value="VA"/>
			<Property id="PROPERTY_9383" name="WIRE_END1_TERM" value="*P/O ASSY"/>
			<Property id="PROPERTY_9384" name="WIRE_DEV_PIN_2" value="C23-VD1:1"/>
			<Property id="PROPERTY_9385" name="WIRE_NAME" value="PIA_VMF14AD"/>
			<Property id="PROPERTY_9386" name="EXCLUDE_FROM_BOM" value="1"/>
			<Property id="PROPERTY_9387" name="WIRE_END2_TERM" value="*P/O ASSY"/>
			<Property id="PROPERTY_9388" name="WIRE_SIGNAL" value="VMF14"/>
			<Property id="PROPERTY_9389" name="HRN_FAMILY" value="14401"/>
			<Property id="PROPERTY_9390" name="WIRE_FPN" value="WIRE-COVB-3.0-BK"/>
			<Property id="PROPERTY_9391" name="WIRE_DIA_MAX" value="3.5"/>
			<Option id="OPTION_bf-c-0-332a5d_1" value="IEVAT &amp; HJGAX"/>
			<BranchRoute id="BRR_358">
				<StartBranchPosition id="BR_POS_979" branchId="BRANCH_c2-4e-0-4c10e5" branchNodeId="BN_1847_9-134_058" offset="0"/>
				<PassBranchId>BRANCH_c2-4e-0-4c10e4</PassBranchId>
				<PassBranchId>BRANCH_c2-4e-0-4c1020</PassBranchId>
				<PassBranchId>BRANCH_c2-4e-0-4c1021</PassBranchId>
				<PassBranchId>BRANCH_c2-4e-0-4c10e7</PassBranchId>
				<PassBranchId>BRANCH_c2-4e-0-4c0fc5</PassBranchId>
				<PassBranchId>BRANCH_c2-4e-0-4c0fce</PassBranchId>
				<PassBranchId>BRANCH_c2-4e-0-4c0d1d</PassBranchId>
				<PassBranchId>BRANCH_35-4e-0-2efaf8</PassBranchId>
				<PassBranchId>BRANCH_c2-4e-0-4c10c0</PassBranchId>
				<PassBranchId>BRANCH_c2-4e-0-4c0fc8</PassBranchId>
				<PassBranchId>BRANCH_c2-4e-0-4c108d</PassBranchId>
				<PassBranchId>BRANCH_c2-4e-0-4c0d88</PassBranchId>
				<PassBranchId>BRANCH_c2-4e-0-4c109a</PassBranchId>
				<PassBranchId>BRANCH_c2-4e-0-4c0e16</PassBranchId>
				<PassBranchId>BRANCH_c2-4e-0-4c0fcb</PassBranchId>
				<PassBranchId>BRANCH_c2-4e-0-4c0f45</PassBranchId>
				<PassBranchId>BRANCH_c2-4e-0-4c1005</PassBranchId>
				<PassBranchId>BRANCH_c2-4e-0-4c0f60</PassBranchId>
				<PassBranchId>BRANCH_35-4e-0-350133</PassBranchId>
				<PassBranchId>BRANCH_c2-4e-0-4c0f7a</PassBranchId>
				<PassBranchId>BRANCH_c2-4e-0-4c10a4</PassBranchId>
				<PassBranchId>BRANCH_c2-4e-0-4c0fb7</PassBranchId>
				<PassBranchId>BRANCH_c2-4e-0-4c0f66</PassBranchId>
				<PassBranchId>BRANCH_c2-4e-0-4c0f6c</PassBranchId>
				<PassBranchId>BRANCH_c2-4e-0-4c0f6f</PassBranchId>
				<PassBranchId>BRANCH_22-4e-0-2ca187b</PassBranchId>
				<PassBranchId>BRANCH_e9-4e-0-33d393</PassBranchId>
				<PassBranchId>BRANCH_da-4e-0-320d5e</PassBranchId>
				<PassBranchId>BRANCH_da-4e-0-322c56</PassBranchId>
				<EndBranchPosition id="BR_POS_980" branchId="BRANCH_da-4e-0-31ad9e" branchNodeId="BN_10240-128" offset="0"/>
			</BranchRoute>
		</WiringItem>
		<WiringItem xsi:type="Wire" id="WIRE_f9-c-0-3e8d9e" name="PIA_VRC04EVA" signalId="SIGNAL_f9-36-0-3e82ec" cableType="WIRE-COVB-3.0" wireName="BK" fromPinId="PIN_f9-18-0-3e824c" toPinId="PIN_f9-18-0-3e8272">
			<AppRef name="E3.Series" version="2.14.0.0" guid="10723e25-18d9-43d8-8455-26cb1a7916c1"/>
			<Property id="PROPERTY_9392" name="WIRE_LENGTH" value="1195"/>
			<Property id="PROPERTY_9393" name="WIRE_CSA" value="0.5"/>
			<Property id="PROPERTY_9394" name="WIRE_MIN_BEND_RADIUS" value="27.25"/>
			<Property id="PROPERTY_9395" name="WIRE_OPTION" value="HT2AC &amp; (HLNAF | HNSAD)"/>
			<Property id="PROPERTY_9396" name="WIRE_DEV_PIN_1" value="C2RCO4-EVA:1"/>
			<Property id="PROPERTY_9397" name="WIRE_COLOR" value="BK"/>
			<Property id="PROPERTY_9398" name="WIRE_SPEC" value="COVB"/>
			<Property id="PROPERTY_9399" name="WIRE_LEVEL" value="ZA/ZB/ZC"/>
			<Property id="PROPERTY_9400" name="WIRE_END1_TERM" value="*P/O ASSY"/>
			<Property id="PROPERTY_9401" name="WIRE_DEV_PIN_2" value="C2RC01-EVB:1"/>
			<Property id="PROPERTY_9402" name="WIRE_NAME" value="PIA_VRC04EVA"/>
			<Property id="PROPERTY_9403" name="WIRE_END2_TERM" value="*P/O ASSY"/>
			<Property id="PROPERTY_9404" name="WIRE_SIGNAL" value="#234078"/>
			<Property id="PROPERTY_9405" name="HRN_FAMILY" value="14401"/>
			<Property id="PROPERTY_9406" name="WIRE_FPN" value="WIRE-COVB-3.0-BK"/>
			<Property id="PROPERTY_9407" name="WIRE_DIA_MAX" value="3.5"/>
			<Option id="OPTION_f9-c-0-3e8d9e_1" value="HT2AC &amp; (HLNAF | HNSAD)"/>
			<BranchRoute id="BRR_359">
				<StartBranchPosition id="BR_POS_981" branchId="BRANCH_34-4e-0-8892ac" branchNodeId="BN_11660-40" offset="0"/>
				<PassBranchId>BRANCH_34-4e-0-886fc4</PassBranchId>
				<PassBranchId>BRANCH_35-4e-0-358d30</PassBranchId>
				<PassBranchId>BRANCH_35-4e-0-3ba590</PassBranchId>
				<PassBranchId>BRANCH_35-4e-0-3ba598</PassBranchId>
				<PassBranchId>BRANCH_c2-4e-0-4c0f60</PassBranchId>
				<PassBranchId>BRANCH_c2-4e-0-4c1005</PassBranchId>
				<PassBranchId>BRANCH_c2-4e-0-4c0f45</PassBranchId>
				<PassBranchId>BRANCH_c2-4e-0-4c0dea</PassBranchId>
				<PassBranchId>BRANCH_c2-4e-0-4c0fd1</PassBranchId>
				<PassBranchId>BRANCH_c2-4e-0-4c0fe8</PassBranchId>
				<PassBranchId>BRANCH_c2-4e-0-4c1009</PassBranchId>
				<PassBranchId>BRANCH_c2-4e-0-4c10cb</PassBranchId>
				<PassBranchId>BRANCH_c2-4e-0-4c10ec</PassBranchId>
				<PassBranchId>BRANCH_c2-4e-0-4c1068</PassBranchId>
				<PassBranchId>BRANCH_34-4e-0-8895a2</PassBranchId>
				<EndBranchPosition id="BR_POS_982" branchId="BRANCH_34-4e-0-88b8d6" branchNodeId="BN_20616-280" offset="0"/>
			</BranchRoute>
		</WiringItem>
		<WiringItem xsi:type="Wire" id="WIRE_95-c-0-e6767" name="RAT30A" signalId="SIGNAL_2-36-0-3b7e" cableType="WIRE-2UKD-0.35" wireName="BU/BN" fromPinId="PIN_6e-18-0-dc40" toPinId="PIN_95-18-0-e3eea">
			<AppRef name="E3.Series" version="2.13.7.0" guid="ee584729-3c3e-4233-887c-7ecdfdf8089a"/>
			<Property id="PROPERTY_9408" name="WIRE_LENGTH" value="1175"/>
			<Property id="PROPERTY_9409" name="WIRE_END2_MATL" value="(SN)"/>
			<Property id="PROPERTY_9410" name="WIRE_CSA" value="0.35"/>
			<Property id="PROPERTY_9411" name="WIRE_MIN_BEND_RADIUS" value="3"/>
			<Property id="PROPERTY_9412" name="WIRE_OPTION" value="DAXAC"/>
			<Property id="PROPERTY_9413" name="WIRE_DEV_PIN_1" value="C23-A1:12"/>
			<Property id="PROPERTY_9414" name="WIRE_COLOR" value="BU/BN"/>
			<Property id="PROPERTY_9415" name="WIRE_SPEC" value="2UKD"/>
			<Property id="PROPERTY_9416" name="WIRE_END1_MATL" value="(SN)"/>
			<Property id="PROPERTY_9417" name="WIRE_LEVEL" value="(D-CAM)/(8SPKR)/(F-SHF)/(BEV)"/>
			<Property id="PROPERTY_9418" name="WIRE_END1_TERM" value="9U5T-14474-DB"/>
			<Property id="PROPERTY_9419" name="WIRE_DEV_PIN_2" value="C2AT30:3"/>
			<Property id="PROPERTY_9420" name="WIRE_NAME" value="RAT30A"/>
			<Property id="PROPERTY_9421" name="WIRE_END2_TERM" value="3F2T-14474-SA"/>
			<Property id="PROPERTY_9422" name="WIRE_SIGNAL" value="RAT30"/>
			<Property id="PROPERTY_9423" name="HRN_FAMILY" value="14401"/>
			<Property id="PROPERTY_9424" name="WIRE_FPN" value="WIRE-2UKD-0.35-BU/BN"/>
			<Property id="PROPERTY_9425" name="WIRE_DIA_MAX" value="1.2"/>
			<Option id="OPTION_95-c-0-e6767_1" value="DAXAC"/>
			<BranchRoute id="BRR_360">
				<StartBranchPosition id="BR_POS_983" branchId="BRANCH_c2-4e-0-4c0dda" branchNodeId="BN_695_9-190_058" offset="0"/>
				<PassBranchId>BRANCH_c2-4e-0-4c0fad</PassBranchId>
				<PassBranchId>BRANCH_c2-4e-0-4c10dd</PassBranchId>
				<PassBranchId>BRANCH_c2-4e-0-4c1020</PassBranchId>
				<PassBranchId>BRANCH_c2-4e-0-4c1021</PassBranchId>
				<PassBranchId>BRANCH_c2-4e-0-4c10e7</PassBranchId>
				<PassBranchId>BRANCH_c2-4e-0-4c0fc5</PassBranchId>
				<PassBranchId>BRANCH_c2-4e-0-4c0fce</PassBranchId>
				<PassBranchId>BRANCH_c2-4e-0-4c0d1d</PassBranchId>
				<PassBranchId>BRANCH_35-4e-0-2efaf8</PassBranchId>
				<PassBranchId>BRANCH_c2-4e-0-4c10c0</PassBranchId>
				<PassBranchId>BRANCH_c2-4e-0-4c0fc8</PassBranchId>
				<PassBranchId>BRANCH_c2-4e-0-4c108d</PassBranchId>
				<PassBranchId>BRANCH_c2-4e-0-4c0d88</PassBranchId>
				<PassBranchId>BRANCH_c2-4e-0-4c109a</PassBranchId>
				<PassBranchId>BRANCH_c2-4e-0-4c0e16</PassBranchId>
				<PassBranchId>BRANCH_c2-4e-0-4c0fcb</PassBranchId>
				<PassBranchId>BRANCH_c2-4e-0-4c0f4c</PassBranchId>
				<PassBranchId>BRANCH_c2-4e-0-4c0e56</PassBranchId>
				<EndBranchPosition id="BR_POS_984" branchId="BRANCH_c2-4e-0-4c0f54" branchNodeId="BN_12528-176" offset="0"/>
			</BranchRoute>
		</WiringItem>
		<WiringItem xsi:type="Wire" id="WIRE_94-c-0-2ebf6c" name="RE472GP" signalId="SIGNAL_99-36-0-15f7a1" cableType="WIRE-2UKD-0.35" wireName="BU" fromPinId="PIN_1e-18-0-13270" toPinId="PIN_b5-18-0-5557">
			<AppRef name="E3.Series" version="2.13.7.0" guid="34a77535-587a-413c-9302-aabfaac4d8c9"/>
			<Property id="PROPERTY_9426" name="WIRE_LENGTH" value="1460"/>
			<Property id="PROPERTY_9427" name="WIRE_END2_MATL" value="(SN)"/>
			<Property id="PROPERTY_9428" name="WIRE_CSA" value="0.35"/>
			<Property id="PROPERTY_9429" name="WIRE_MIN_BEND_RADIUS" value="3"/>
			<Property id="PROPERTY_9430" name="WIRE_OPTION" value="(B5WAZ | B5WBF | B5WBG) &amp; ! AAAD8"/>
			<Property id="PROPERTY_9431" name="WIRE_DEV_PIN_1" value="C23-D1:15"/>
			<Property id="PROPERTY_9432" name="WIRE_COLOR" value="BU"/>
			<Property id="PROPERTY_9433" name="WIRE_SPEC" value="2UKD"/>
			<Property id="PROPERTY_9434" name="WIRE_END1_MATL" value="(SN)"/>
			<Property id="PROPERTY_9435" name="WIRE_LEVEL" value="(A-STR)/(BEV)/CA/CC/CD/CE/DA/DC/XK/YJ/YK/YL/YM/YN/YP/YR/YS/YT"/>
			<Property id="PROPERTY_9436" name="WIRE_END1_TERM" value="BU5T-14474-UA"/>
			<Property id="PROPERTY_9437" name="WIRE_DEV_PIN_2" value="C12-B2:12"/>
			<Property id="PROPERTY_9438" name="WIRE_NAME" value="RE472GP"/>
			<Property id="PROPERTY_9439" name="WIRE_END2_TERM" value="9U5T-14474-DB"/>
			<Property id="PROPERTY_9440" name="WIRE_SIGNAL" value="RE472"/>
			<Property id="PROPERTY_9441" name="HRN_FAMILY" value="14401"/>
			<Property id="PROPERTY_9442" name="WIRE_FPN" value="WIRE-2UKD-0.35-BU"/>
			<Property id="PROPERTY_9443" name="WIRE_DIA_MAX" value="1.2"/>
			<Option id="OPTION_94-c-0-2ebf6c_1" value="(B5WAZ | B5WBF | B5WBG) &amp; ! AAAD8"/>
			<BranchRoute id="BRR_361">
				<StartBranchPosition id="BR_POS_985" branchId="BRANCH_c2-4e-0-4c0f19" branchNodeId="BN_19800-232" offset="0"/>
				<PassBranchId>BRANCH_c2-4e-0-4c1088</PassBranchId>
				<PassBranchId>BRANCH_c2-4e-0-4c1083</PassBranchId>
				<PassBranchId>BRANCH_c2-4e-0-4c1087</PassBranchId>
				<PassBranchId>BRANCH_c2-4e-0-4c106f</PassBranchId>
				<PassBranchId>BRANCH_c2-4e-0-4c1075</PassBranchId>
				<PassBranchId>BRANCH_c2-4e-0-4c0de4</PassBranchId>
				<PassBranchId>BRANCH_1a-4e-0-18e01d0</PassBranchId>
				<PassBranchId>BRANCH_c2-4e-0-4c10c8</PassBranchId>
				<PassBranchId>BRANCH_eb-4e-0-678fca</PassBranchId>
				<PassBranchId>BRANCH_c2-4e-0-4c0e87</PassBranchId>
				<PassBranchId>BRANCH_c2-4e-0-4c0e8c</PassBranchId>
				<PassBranchId>BRANCH_c2-4e-0-4c0e7f</PassBranchId>
				<PassBranchId>BRANCH_c2-4e-0-4c0ef9</PassBranchId>
				<PassBranchId>BRANCH_c2-4e-0-4c0e70</PassBranchId>
				<PassBranchId>BRANCH_c2-4e-0-4c0d66</PassBranchId>
				<PassBranchId>BRANCH_c2-4e-0-4c0fe2</PassBranchId>
				<PassBranchId>BRANCH_c2-4e-0-4c0d5d</PassBranchId>
				<PassBranchId>BRANCH_c2-4e-0-4c0e62</PassBranchId>
				<EndBranchPosition id="BR_POS_986" branchId="BRANCH_c2-4e-0-4c0d54" branchNodeId="BN_21712-184" offset="0"/>
			</BranchRoute>
		</WiringItem>
		<WiringItem xsi:type="Wire" id="WIRE_a2-c-0-aed31b" name="RE472RA" signalId="SIGNAL_99-36-0-15f7a1" cableType="WIRE-2UKD-0.35" wireName="BU" fromPinId="PIN_48-18-0-85d4e6" toPinId="PIN_b5-18-0-5557">
			<AppRef name="E3.Series" version="2.14.0.0" guid="57eaf69e-6c64-4285-b446-333f6987e9e0"/>
			<Property id="PROPERTY_9444" name="WIRE_LENGTH" value="2480"/>
			<Property id="PROPERTY_9445" name="WIRE_CSA" value="0.35"/>
			<Property id="PROPERTY_9446" name="WIRE_MIN_BEND_RADIUS" value="3"/>
			<Property id="PROPERTY_9447" name="WIRE_OPTION" value="AAAD8"/>
			<Property id="PROPERTY_9448" name="WIRE_DEV_PIN_1" value="C2AM01-A:7"/>
			<Property id="PROPERTY_9449" name="WIRE_COLOR" value="BU"/>
			<Property id="PROPERTY_9450" name="WIRE_SPEC" value="2UKD"/>
			<Property id="PROPERTY_9451" name="WIRE_END1_MATL" value="(SN)"/>
			<Property id="PROPERTY_9452" name="WIRE_LEVEL" value="CB/DB/DD/VA/XL/XM/XR"/>
			<Property id="PROPERTY_9453" name="WIRE_END1_TERM" value="3F2T-14474-SA"/>
			<Property id="PROPERTY_9454" name="WIRE_DEV_PIN_2" value="C12-B2:12"/>
			<Property id="PROPERTY_9455" name="WIRE_NAME" value="RE472RA"/>
			<Property id="PROPERTY_9456" name="WIRE_END_DC" value="2,9U5T-14474-EB,(SN),CB/DB/DD/VA/XL/XM/XR,RE472RB"/>
			<Property id="PROPERTY_9457" name="WIRE_SIGNAL" value="RE472"/>
			<Property id="PROPERTY_9458" name="HRN_FAMILY" value="14401"/>
			<Property id="PROPERTY_9459" name="WIRE_FPN" value="WIRE-2UKD-0.35-BU"/>
			<Property id="PROPERTY_9460" name="WIRE_DIA_MAX" value="1.2"/>
			<Option id="OPTION_a2-c-0-aed31b_1" value="AAAD8"/>
			<BranchRoute id="BRR_362">
				<StartBranchPosition id="BR_POS_987" branchId="BRANCH_c2-4e-0-4c0ee1" branchNodeId="BN_4390_25-206_156" offset="0"/>
				<PassBranchId>BRANCH_c2-4e-0-4c0ee0</PassBranchId>
				<PassBranchId>BRANCH_c2-4e-0-4c10ad</PassBranchId>
				<PassBranchId>BRANCH_c2-4e-0-4c0db1</PassBranchId>
				<PassBranchId>BRANCH_c2-4e-0-4c0d9b</PassBranchId>
				<PassBranchId>BRANCH_c2-4e-0-4c10b4</PassBranchId>
				<PassBranchId>BRANCH_c2-4e-0-4c10b7</PassBranchId>
				<PassBranchId>BRANCH_c2-4e-0-4c0fa1</PassBranchId>
				<PassBranchId>BRANCH_c2-4e-0-4c10b1</PassBranchId>
				<PassBranchId>BRANCH_c2-4e-0-4c0f9e</PassBranchId>
				<PassBranchId>BRANCH_c2-4e-0-4c0f9b</PassBranchId>
				<PassBranchId>BRANCH_c2-4e-0-4c10ae</PassBranchId>
				<PassBranchId>BRANCH_c2-4e-0-4c0d95</PassBranchId>
				<PassBranchId>BRANCH_c2-4e-0-4c101d</PassBranchId>
				<PassBranchId>BRANCH_c2-4e-0-4c101a</PassBranchId>
				<PassBranchId>BRANCH_c2-4e-0-4c0fce</PassBranchId>
				<PassBranchId>BRANCH_c2-4e-0-4c0d1d</PassBranchId>
				<PassBranchId>BRANCH_35-4e-0-2efaf8</PassBranchId>
				<PassBranchId>BRANCH_c2-4e-0-4c10c0</PassBranchId>
				<PassBranchId>BRANCH_c2-4e-0-4c0fc8</PassBranchId>
				<PassBranchId>BRANCH_c2-4e-0-4c108d</PassBranchId>
				<PassBranchId>BRANCH_c2-4e-0-4c0d88</PassBranchId>
				<PassBranchId>BRANCH_c2-4e-0-4c109a</PassBranchId>
				<PassBranchId>BRANCH_c2-4e-0-4c0e16</PassBranchId>
				<PassBranchId>BRANCH_c2-4e-0-4c0fcb</PassBranchId>
				<PassBranchId>BRANCH_c2-4e-0-4c0dea</PassBranchId>
				<PassBranchId>BRANCH_c2-4e-0-4c0fd1</PassBranchId>
				<PassBranchId>BRANCH_c2-4e-0-4c0fe8</PassBranchId>
				<PassBranchId>BRANCH_c2-4e-0-4c1009</PassBranchId>
				<PassBranchId>BRANCH_c2-4e-0-4c10cb</PassBranchId>
				<PassBranchId>BRANCH_c2-4e-0-4c10ec</PassBranchId>
				<PassBranchId>BRANCH_c2-4e-0-4c0de4</PassBranchId>
				<PassBranchId>BRANCH_1a-4e-0-18e01d0</PassBranchId>
				<PassBranchId>BRANCH_c2-4e-0-4c10c8</PassBranchId>
				<PassBranchId>BRANCH_eb-4e-0-678fca</PassBranchId>
				<PassBranchId>BRANCH_c2-4e-0-4c0e87</PassBranchId>
				<PassBranchId>BRANCH_c2-4e-0-4c0e8c</PassBranchId>
				<PassBranchId>BRANCH_c2-4e-0-4c0e7f</PassBranchId>
				<PassBranchId>BRANCH_c2-4e-0-4c0ef9</PassBranchId>
				<PassBranchId>BRANCH_c2-4e-0-4c0e70</PassBranchId>
				<PassBranchId>BRANCH_c2-4e-0-4c0d66</PassBranchId>
				<PassBranchId>BRANCH_c2-4e-0-4c0fe2</PassBranchId>
				<PassBranchId>BRANCH_c2-4e-0-4c0d5d</PassBranchId>
				<PassBranchId>BRANCH_c2-4e-0-4c0e62</PassBranchId>
				<EndBranchPosition id="BR_POS_988" branchId="BRANCH_c2-4e-0-4c0d54" branchNodeId="BN_21712-184" offset="0"/>
			</BranchRoute>
		</WiringItem>
		<WiringItem xsi:type="Wire" id="WIRE_a2-c-0-aed33a" name="RE472RB" signalId="SIGNAL_99-36-0-15f7a1" cableType="WIRE-2UKD-0.35" wireName="BU" fromPinId="PIN_1e-18-0-13270" toPinId="PIN_b5-18-0-5557">
			<AppRef name="E3.Series" version="2.14.0.0" guid="0dd6a223-8b5c-4d49-aa64-4632fd16a582"/>
			<Property id="PROPERTY_9461" name="WIRE_LENGTH" value="1460"/>
			<Property id="PROPERTY_9462" name="WIRE_CSA" value="0.35"/>
			<Property id="PROPERTY_9463" name="WIRE_MIN_BEND_RADIUS" value="3"/>
			<Property id="PROPERTY_9464" name="WIRE_OPTION" value="AAAD8"/>
			<Property id="PROPERTY_9465" name="WIRE_DEV_PIN_1" value="C23-D1:15"/>
			<Property id="PROPERTY_9466" name="WIRE_COLOR" value="BU"/>
			<Property id="PROPERTY_9467" name="WIRE_SPEC" value="2UKD"/>
			<Property id="PROPERTY_9468" name="WIRE_END1_MATL" value="(SN)"/>
			<Property id="PROPERTY_9469" name="WIRE_LEVEL" value="CB/DB/DD/VA/XL/XM/XR"/>
			<Property id="PROPERTY_9470" name="WIRE_END1_TERM" value="BU5T-14474-UA"/>
			<Property id="PROPERTY_9471" name="WIRE_DEV_PIN_2" value="C12-B2:12"/>
			<Property id="PROPERTY_9472" name="WIRE_NAME" value="RE472RB"/>
			<Property id="PROPERTY_9473" name="WIRE_END_DC" value="2,9U5T-14474-EB,(SN),CB/DB/DD/VA/XL/XM/XR,RE472RA"/>
			<Property id="PROPERTY_9474" name="WIRE_SIGNAL" value="RE472"/>
			<Property id="PROPERTY_9475" name="HRN_FAMILY" value="14401"/>
			<Property id="PROPERTY_9476" name="WIRE_FPN" value="WIRE-2UKD-0.35-BU"/>
			<Property id="PROPERTY_9477" name="WIRE_DIA_MAX" value="1.2"/>
			<Option id="OPTION_a2-c-0-aed33a_1" value="AAAD8"/>
			<BranchRoute id="BRR_363">
				<StartBranchPosition id="BR_POS_989" branchId="BRANCH_c2-4e-0-4c0f19" branchNodeId="BN_19800-232" offset="0"/>
				<PassBranchId>BRANCH_c2-4e-0-4c1088</PassBranchId>
				<PassBranchId>BRANCH_c2-4e-0-4c1083</PassBranchId>
				<PassBranchId>BRANCH_c2-4e-0-4c1087</PassBranchId>
				<PassBranchId>BRANCH_c2-4e-0-4c106f</PassBranchId>
				<PassBranchId>BRANCH_c2-4e-0-4c1075</PassBranchId>
				<PassBranchId>BRANCH_c2-4e-0-4c0de4</PassBranchId>
				<PassBranchId>BRANCH_1a-4e-0-18e01d0</PassBranchId>
				<PassBranchId>BRANCH_c2-4e-0-4c10c8</PassBranchId>
				<PassBranchId>BRANCH_eb-4e-0-678fca</PassBranchId>
				<PassBranchId>BRANCH_c2-4e-0-4c0e87</PassBranchId>
				<PassBranchId>BRANCH_c2-4e-0-4c0e8c</PassBranchId>
				<PassBranchId>BRANCH_c2-4e-0-4c0e7f</PassBranchId>
				<PassBranchId>BRANCH_c2-4e-0-4c0ef9</PassBranchId>
				<PassBranchId>BRANCH_c2-4e-0-4c0e70</PassBranchId>
				<PassBranchId>BRANCH_c2-4e-0-4c0d66</PassBranchId>
				<PassBranchId>BRANCH_c2-4e-0-4c0fe2</PassBranchId>
				<PassBranchId>BRANCH_c2-4e-0-4c0d5d</PassBranchId>
				<PassBranchId>BRANCH_c2-4e-0-4c0e62</PassBranchId>
				<EndBranchPosition id="BR_POS_990" branchId="BRANCH_c2-4e-0-4c0d54" branchNodeId="BN_21712-184" offset="0"/>
			</BranchRoute>
		</WiringItem>
		<WiringItem xsi:type="Wire" id="WIRE_1b-c-0-14c513" name="RE472Z" signalId="SIGNAL_99-36-0-15f7a1" cableType="WIRE-2UKD-0.35" wireName="BU" fromPinId="PIN_b5-18-0-5557" toPinId="PIN_c0-18-0-5002b6">
			<AppRef name="E3.Series" version="2.13.7.0" guid="2a4ec952-9038-4d4c-a17c-fa7f01c93899"/>
			<Property id="PROPERTY_9478" name="WIRE_LENGTH" value="2230"/>
			<Property id="PROPERTY_9479" name="WIRE_CSA" value="0.35"/>
			<Property id="PROPERTY_9480" name="WIRE_MIN_BEND_RADIUS" value="3"/>
			<Property id="PROPERTY_9481" name="WIRE_OPTION" value="B5WAA | B5WBK"/>
			<Property id="PROPERTY_9482" name="WIRE_DEV_PIN_1" value="C12-B2:12"/>
			<Property id="PROPERTY_9483" name="WIRE_COLOR" value="BU"/>
			<Property id="PROPERTY_9484" name="WIRE_SPEC" value="2UKD"/>
			<Property id="PROPERTY_9485" name="WIRE_END1_MATL" value="(SN)"/>
			<Property id="PROPERTY_9486" name="WIRE_LEVEL" value="(C-SHF)"/>
			<Property id="PROPERTY_9487" name="WIRE_END1_TERM" value="9U5T-14474-DB"/>
			<Property id="PROPERTY_9488" name="WIRE_DEV_PIN_2" value="C2ET76-P:9"/>
			<Property id="PROPERTY_9489" name="WIRE_NAME" value="RE472Z"/>
			<Property id="PROPERTY_9490" name="WIRE_END2_TERM" value="*DU5T-14474-GAA"/>
			<Property id="PROPERTY_9491" name="WIRE_SIGNAL" value="RE472"/>
			<Property id="PROPERTY_9492" name="HRN_FAMILY" value="14401"/>
			<Property id="PROPERTY_9493" name="WIRE_FPN" value="WIRE-2UKD-0.35-BU"/>
			<Property id="PROPERTY_9494" name="WIRE_DIA_MAX" value="1.2"/>
			<Option id="OPTION_1b-c-0-14c513_1" value="B5WAA | B5WBK"/>
			<BranchRoute id="BRR_364">
				<StartBranchPosition id="BR_POS_991" branchId="BRANCH_c2-4e-0-4c0e3e" branchNodeId="BN_5263_9-198_058" offset="0"/>
				<PassBranchId>BRANCH_c2-4e-0-4c0d92</PassBranchId>
				<PassBranchId>BRANCH_c2-4e-0-4c10b4</PassBranchId>
				<PassBranchId>BRANCH_c2-4e-0-4c10b7</PassBranchId>
				<PassBranchId>BRANCH_c2-4e-0-4c0fa1</PassBranchId>
				<PassBranchId>BRANCH_c2-4e-0-4c10b1</PassBranchId>
				<PassBranchId>BRANCH_c2-4e-0-4c0f9e</PassBranchId>
				<PassBranchId>BRANCH_c2-4e-0-4c0f9b</PassBranchId>
				<PassBranchId>BRANCH_c2-4e-0-4c10ae</PassBranchId>
				<PassBranchId>BRANCH_c2-4e-0-4c0d95</PassBranchId>
				<PassBranchId>BRANCH_c2-4e-0-4c101d</PassBranchId>
				<PassBranchId>BRANCH_c2-4e-0-4c101a</PassBranchId>
				<PassBranchId>BRANCH_c2-4e-0-4c0fce</PassBranchId>
				<PassBranchId>BRANCH_c2-4e-0-4c0d1d</PassBranchId>
				<PassBranchId>BRANCH_35-4e-0-2efaf8</PassBranchId>
				<PassBranchId>BRANCH_c2-4e-0-4c10c0</PassBranchId>
				<PassBranchId>BRANCH_c2-4e-0-4c0fc8</PassBranchId>
				<PassBranchId>BRANCH_c2-4e-0-4c108d</PassBranchId>
				<PassBranchId>BRANCH_c2-4e-0-4c0d88</PassBranchId>
				<PassBranchId>BRANCH_c2-4e-0-4c109a</PassBranchId>
				<PassBranchId>BRANCH_c2-4e-0-4c0e16</PassBranchId>
				<PassBranchId>BRANCH_c2-4e-0-4c0fcb</PassBranchId>
				<PassBranchId>BRANCH_c2-4e-0-4c0dea</PassBranchId>
				<PassBranchId>BRANCH_c2-4e-0-4c0fd1</PassBranchId>
				<PassBranchId>BRANCH_c2-4e-0-4c0fe8</PassBranchId>
				<PassBranchId>BRANCH_c2-4e-0-4c1009</PassBranchId>
				<PassBranchId>BRANCH_c2-4e-0-4c10cb</PassBranchId>
				<PassBranchId>BRANCH_c2-4e-0-4c10ec</PassBranchId>
				<PassBranchId>BRANCH_c2-4e-0-4c0de4</PassBranchId>
				<PassBranchId>BRANCH_1a-4e-0-18e01d0</PassBranchId>
				<PassBranchId>BRANCH_c2-4e-0-4c10c8</PassBranchId>
				<PassBranchId>BRANCH_eb-4e-0-678fca</PassBranchId>
				<PassBranchId>BRANCH_c2-4e-0-4c0e87</PassBranchId>
				<PassBranchId>BRANCH_c2-4e-0-4c0e8c</PassBranchId>
				<PassBranchId>BRANCH_c2-4e-0-4c0e7f</PassBranchId>
				<PassBranchId>BRANCH_c2-4e-0-4c0ef9</PassBranchId>
				<PassBranchId>BRANCH_c2-4e-0-4c0e70</PassBranchId>
				<PassBranchId>BRANCH_c2-4e-0-4c0d66</PassBranchId>
				<PassBranchId>BRANCH_c2-4e-0-4c0fe2</PassBranchId>
				<PassBranchId>BRANCH_c2-4e-0-4c0d5d</PassBranchId>
				<PassBranchId>BRANCH_c2-4e-0-4c0e62</PassBranchId>
				<EndBranchPosition id="BR_POS_992" branchId="BRANCH_c2-4e-0-4c0d54" branchNodeId="BN_21712-184" offset="0"/>
			</BranchRoute>
		</WiringItem>
		<WiringItem xsi:type="Wire" id="WIRE_95-c-0-e57cf" name="RH111A" signalId="SIGNAL_2-36-0-3c37" cableType="WIRE-2UKD-0.35" wireName="GY/BU" fromPinId="PIN_f-18-0-f5e4" toPinId="PIN_42-1e-0-8eba1">
			<AppRef name="E3.Series" version="2.13.7.0" guid="631ce8a6-03bf-4113-bcde-a0e658500b5f"/>
			<Property id="PROPERTY_9495" name="WIRE_LENGTH" value="980"/>
			<Property id="PROPERTY_9496" name="WIRE_CSA" value="0.35"/>
			<Property id="PROPERTY_9497" name="WIRE_MIN_BEND_RADIUS" value="3"/>
			<Property id="PROPERTY_9498" name="WIRE_OPTION" value="( AC_G | AC_B ) &amp; ( HJGAJ | HJGAX )"/>
			<Property id="PROPERTY_9499" name="WIRE_DEV_PIN_1" value="C2H101-A:2"/>
			<Property id="PROPERTY_9500" name="WIRE_COLOR" value="GY/BU"/>
			<Property id="PROPERTY_9501" name="WIRE_SPEC" value="2UKD"/>
			<Property id="PROPERTY_9502" name="WIRE_END1_MATL" value="(SN)"/>
			<Property id="PROPERTY_9503" name="WIRE_LEVEL" value="(D-CAM)/(C-SHF)/(KWINV)/VA/ZD/ZH"/>
			<Property id="PROPERTY_9504" name="WIRE_END1_TERM" value="9U5T-14474-DB"/>
			<Property id="PROPERTY_9505" name="WIRE_DEV_PIN_2" value="S2H111-RB:1"/>
			<Property id="PROPERTY_9506" name="WIRE_NAME" value="RH111A"/>
			<Property id="PROPERTY_9507" name="WIRE_SIGNAL" value="RH111"/>
			<Property id="PROPERTY_9508" name="HRN_FAMILY" value="14401"/>
			<Property id="PROPERTY_9509" name="WIRE_FPN" value="WIRE-2UKD-0.35-GY/BU"/>
			<Property id="PROPERTY_9510" name="WIRE_DIA_MAX" value="1.2"/>
			<Option id="OPTION_95-c-0-e57cf_1" value="( AC_G | AC_B ) &amp; ( HJGAJ | HJGAX )"/>
			<BranchRoute id="BRR_365">
				<StartBranchPosition id="BR_POS_993" branchId="BRANCH_c2-4e-0-4c0ded" branchNodeId="BN_13262_25-386_156" offset="0"/>
				<PassBranchId>BRANCH_c2-4e-0-4c0fd1</PassBranchId>
				<PassBranchId>BRANCH_c2-4e-0-4c0fe8</PassBranchId>
				<PassBranchId>BRANCH_c2-4e-0-4c1009</PassBranchId>
				<PassBranchId>BRANCH_c2-4e-0-4c10cb</PassBranchId>
				<PassBranchId>BRANCH_c2-4e-0-4c10ec</PassBranchId>
				<PassBranchId>BRANCH_c2-4e-0-4c1075</PassBranchId>
				<PassBranchId>BRANCH_c2-4e-0-4c106f</PassBranchId>
				<PassBranchId>BRANCH_c2-4e-0-4c1076</PassBranchId>
				<PassBranchId>BRANCH_c2-4e-0-4c0d05</PassBranchId>
				<PassBranchId>BRANCH_c2-4e-0-4c0f34</PassBranchId>
				<PassBranchId>BRANCH_c2-4e-0-4c0ff9</PassBranchId>
				<PassBranchId>BRANCH_c2-4e-0-4c10c3</PassBranchId>
				<PassBranchId>BRANCH_c2-4e-0-4c0f40</PassBranchId>
				<EndBranchPosition id="BR_POS_994" branchId="BRANCH_c2-4e-0-4c0f41" branchNodeId="BN_13944-224" offset="0"/>
			</BranchRoute>
		</WiringItem>
		<WiringItem xsi:type="Wire" id="WIRE_95-c-0-e4d2e" name="RH111B" signalId="SIGNAL_2-36-0-3c37" cableType="WIRE-2UKD-0.35" wireName="GY/BU" fromPinId="PIN_b5-18-0-54c0" toPinId="PIN_42-1e-0-8eba1">
			<AppRef name="E3.Series" version="2.13.7.0" guid="a95229fc-441f-4649-a394-48acf1776851"/>
			<Property id="PROPERTY_9511" name="WIRE_LENGTH" value="1205"/>
			<Property id="PROPERTY_9512" name="WIRE_CSA" value="0.35"/>
			<Property id="PROPERTY_9513" name="WIRE_MIN_BEND_RADIUS" value="3"/>
			<Property id="PROPERTY_9514" name="WIRE_OPTION" value="AC_G | AC_B"/>
			<Property id="PROPERTY_9515" name="WIRE_DEV_PIN_1" value="C23-B1:20"/>
			<Property id="PROPERTY_9516" name="WIRE_COLOR" value="GY/BU"/>
			<Property id="PROPERTY_9517" name="WIRE_SPEC" value="2UKD"/>
			<Property id="PROPERTY_9518" name="WIRE_END1_MATL" value="(SN)"/>
			<Property id="PROPERTY_9519" name="WIRE_LEVEL" value="(ALL)"/>
			<Property id="PROPERTY_9520" name="WIRE_END1_TERM" value="9U5T-14474-DB"/>
			<Property id="PROPERTY_9521" name="WIRE_DEV_PIN_2" value="S2H111-RB:1"/>
			<Property id="PROPERTY_9522" name="WIRE_NAME" value="RH111B"/>
			<Property id="PROPERTY_9523" name="WIRE_SIGNAL" value="RH111"/>
			<Property id="PROPERTY_9524" name="HRN_FAMILY" value="14401"/>
			<Property id="PROPERTY_9525" name="WIRE_FPN" value="WIRE-2UKD-0.35-GY/BU"/>
			<Property id="PROPERTY_9526" name="WIRE_DIA_MAX" value="1.2"/>
			<Option id="OPTION_95-c-0-e4d2e_1" value="AC_G | AC_B"/>
			<BranchRoute id="BRR_366">
				<StartBranchPosition id="BR_POS_995" branchId="BRANCH_c2-4e-0-4c0ded" branchNodeId="BN_13262_25-386_156" offset="0"/>
				<PassBranchId>BRANCH_c2-4e-0-4c0fd1</PassBranchId>
				<PassBranchId>BRANCH_c2-4e-0-4c0fe8</PassBranchId>
				<PassBranchId>BRANCH_c2-4e-0-4c1009</PassBranchId>
				<PassBranchId>BRANCH_c2-4e-0-4c10cb</PassBranchId>
				<PassBranchId>BRANCH_c2-4e-0-4c10ec</PassBranchId>
				<PassBranchId>BRANCH_c2-4e-0-4c0de4</PassBranchId>
				<PassBranchId>BRANCH_1a-4e-0-18e01d0</PassBranchId>
				<PassBranchId>BRANCH_c2-4e-0-4c10c8</PassBranchId>
				<PassBranchId>BRANCH_eb-4e-0-678fca</PassBranchId>
				<PassBranchId>BRANCH_c2-4e-0-4c0e87</PassBranchId>
				<PassBranchId>BRANCH_c2-4e-0-4c0e8c</PassBranchId>
				<PassBranchId>BRANCH_c2-4e-0-4c0e7f</PassBranchId>
				<PassBranchId>BRANCH_c2-4e-0-4c0ef9</PassBranchId>
				<PassBranchId>BRANCH_c2-4e-0-4c0e70</PassBranchId>
				<PassBranchId>BRANCH_c2-4e-0-4c0e5c</PassBranchId>
				<EndBranchPosition id="BR_POS_996" branchId="BRANCH_c2-4e-0-4c0d63" branchNodeId="BN_22204-180" offset="0"/>
			</BranchRoute>
		</WiringItem>
		<WiringItem xsi:type="Wire" id="WIRE_95-c-0-e699b" name="RH111C" signalId="SIGNAL_2-36-0-3c37" cableType="WIRE-2UKD-0.35" wireName="GY/BU" fromPinId="PIN_42-1e-0-8eba1" toPinId="PIN_2e-18-0-30616e">
			<AppRef name="E3.Series" version="2.13.7.0" guid="d5ebec93-bca8-4760-8127-01eddbd4e563"/>
			<Property id="PROPERTY_9527" name="WIRE_LENGTH" value="560"/>
			<Property id="PROPERTY_9528" name="WIRE_END2_MATL" value="(SN)"/>
			<Property id="PROPERTY_9529" name="WIRE_CSA" value="0.35"/>
			<Property id="PROPERTY_9530" name="WIRE_MIN_BEND_RADIUS" value="3"/>
			<Property id="PROPERTY_9531" name="WIRE_OPTION" value="(AC_G | AC_B)|(AC_B)|(AC_G)"/>
			<Property id="PROPERTY_9532" name="WIRE_DEV_PIN_1" value="S2H111-RB:1"/>
			<Property id="PROPERTY_9533" name="WIRE_COLOR" value="GY/BU"/>
			<Property id="PROPERTY_9534" name="WIRE_SPEC" value="2UKD"/>
			<Property id="PROPERTY_9535" name="WIRE_LEVEL" value="(ALL)"/>
			<Property id="PROPERTY_9536" name="WIRE_DEV_PIN_2" value="C2H409:3"/>
			<Property id="PROPERTY_9537" name="WIRE_NAME" value="RH111C"/>
			<Property id="PROPERTY_9538" name="WIRE_END2_TERM" value="3F2T-14474-SA"/>
			<Property id="PROPERTY_9539" name="WIRE_SIGNAL" value="RH111"/>
			<Property id="PROPERTY_9540" name="HRN_FAMILY" value="14401"/>
			<Property id="PROPERTY_9541" name="WIRE_FPN" value="WIRE-2UKD-0.35-GY/BU"/>
			<Property id="PROPERTY_9542" name="WIRE_DIA_MAX" value="1.2"/>
			<Option id="OPTION_95-c-0-e699b_1" value="AC_G | AC_B"/>
			<Option id="OPTION_95-c-0-e699b_2" value="AC_B"/>
			<Option id="OPTION_95-c-0-e699b_3" value="AC_G"/>
			<BranchRoute id="BRR_367">
				<StartBranchPosition id="BR_POS_997" branchId="BRANCH_c2-4e-0-4c0f69" branchNodeId="BN_11592-248" offset="0"/>
				<PassBranchId>BRANCH_c2-4e-0-4c0d2b</PassBranchId>
				<PassBranchId>BRANCH_c2-4e-0-4c104e</PassBranchId>
				<PassBranchId>BRANCH_c2-4e-0-4c10a4</PassBranchId>
				<PassBranchId>BRANCH_c2-4e-0-4c0f7a</PassBranchId>
				<PassBranchId>BRANCH_35-4e-0-350133</PassBranchId>
				<PassBranchId>BRANCH_c2-4e-0-4c0f60</PassBranchId>
				<PassBranchId>BRANCH_c2-4e-0-4c1005</PassBranchId>
				<PassBranchId>BRANCH_c2-4e-0-4c0f45</PassBranchId>
				<PassBranchId>BRANCH_c2-4e-0-4c0dea</PassBranchId>
				<EndBranchPosition id="BR_POS_998" branchId="BRANCH_c2-4e-0-4c0ded" branchNodeId="BN_13262_25-386_156" offset="0"/>
			</BranchRoute>
		</WiringItem>
		<WiringItem xsi:type="Wire" id="WIRE_95-c-0-e648c" name="RH111E" signalId="SIGNAL_2-36-0-3c37" cableType="WIRE-2UKD-0.35" wireName="GY/BU" fromPinId="PIN_b5-18-0-55eb" toPinId="PIN_42-1e-0-8eba1">
			<AppRef name="E3.Series" version="2.13.7.0" guid="7f40ad4c-8cad-4922-be06-e528fbdcfcfb"/>
			<Property id="PROPERTY_9543" name="WIRE_LENGTH" value="1340"/>
			<Property id="PROPERTY_9544" name="WIRE_CSA" value="0.35"/>
			<Property id="PROPERTY_9545" name="WIRE_MIN_BEND_RADIUS" value="3"/>
			<Property id="PROPERTY_9546" name="WIRE_OPTION" value="AC_G | AC_B"/>
			<Property id="PROPERTY_9547" name="WIRE_DEV_PIN_1" value="C22-A1:14"/>
			<Property id="PROPERTY_9548" name="WIRE_COLOR" value="GY/BU"/>
			<Property id="PROPERTY_9549" name="WIRE_SPEC" value="2UKD"/>
			<Property id="PROPERTY_9550" name="WIRE_END1_MATL" value="(SN)"/>
			<Property id="PROPERTY_9551" name="WIRE_LEVEL" value="(ALL)"/>
			<Property id="PROPERTY_9552" name="WIRE_END1_TERM" value="8U5T-14474-BB"/>
			<Property id="PROPERTY_9553" name="WIRE_DEV_PIN_2" value="S2H111-RB:1"/>
			<Property id="PROPERTY_9554" name="WIRE_NAME" value="RH111E"/>
			<Property id="PROPERTY_9555" name="WIRE_SIGNAL" value="RH111"/>
			<Property id="PROPERTY_9556" name="HRN_FAMILY" value="14401"/>
			<Property id="PROPERTY_9557" name="WIRE_FPN" value="WIRE-2UKD-0.35-GY/BU"/>
			<Property id="PROPERTY_9558" name="WIRE_DIA_MAX" value="1.2"/>
			<Option id="OPTION_95-c-0-e648c_1" value="AC_G | AC_B"/>
			<BranchRoute id="BRR_368">
				<StartBranchPosition id="BR_POS_999" branchId="BRANCH_c2-4e-0-4c0ded" branchNodeId="BN_13262_25-386_156" offset="0"/>
				<PassBranchId>BRANCH_c2-4e-0-4c0fd1</PassBranchId>
				<PassBranchId>BRANCH_c2-4e-0-4c0fe8</PassBranchId>
				<PassBranchId>BRANCH_c2-4e-0-4c1009</PassBranchId>
				<PassBranchId>BRANCH_c2-4e-0-4c10cb</PassBranchId>
				<PassBranchId>BRANCH_c2-4e-0-4c10ec</PassBranchId>
				<PassBranchId>BRANCH_c2-4e-0-4c0de4</PassBranchId>
				<PassBranchId>BRANCH_1a-4e-0-18e01d0</PassBranchId>
				<PassBranchId>BRANCH_c2-4e-0-4c10c8</PassBranchId>
				<PassBranchId>BRANCH_eb-4e-0-678fca</PassBranchId>
				<PassBranchId>BRANCH_c2-4e-0-4c0e87</PassBranchId>
				<PassBranchId>BRANCH_c2-4e-0-4c0e8c</PassBranchId>
				<PassBranchId>BRANCH_c2-4e-0-4c0e7f</PassBranchId>
				<PassBranchId>BRANCH_c2-4e-0-4c0ef9</PassBranchId>
				<PassBranchId>BRANCH_c2-4e-0-4c0e70</PassBranchId>
				<PassBranchId>BRANCH_c2-4e-0-4c0d66</PassBranchId>
				<PassBranchId>BRANCH_c2-4e-0-4c0fe2</PassBranchId>
				<PassBranchId>BRANCH_c2-4e-0-4c0d5d</PassBranchId>
				<PassBranchId>BRANCH_c2-4e-0-4c0d57</PassBranchId>
				<EndBranchPosition id="BR_POS_1000" branchId="BRANCH_c2-4e-0-4c0d5a" branchNodeId="BN_21404-188" offset="0"/>
			</BranchRoute>
		</WiringItem>
		<WiringItem xsi:type="Wire" id="WIRE_c2-c-0-48a8b3" name="RH111EVA" signalId="SIGNAL_2-36-0-3c37" cableType="WIRE-2UKD-0.35" wireName="GY/BU" fromPinId="PIN_ce-18-0-20681f" toPinId="PIN_42-1e-0-8eba1">
			<AppRef name="E3.Series" version="2.14.0.0" guid="68c7e087-9b71-494a-bc60-b5de27e2c6f1"/>
			<Property id="PROPERTY_9559" name="WIRE_LENGTH" value="1265"/>
			<Property id="PROPERTY_9560" name="WIRE_CSA" value="0.35"/>
			<Property id="PROPERTY_9561" name="WIRE_MIN_BEND_RADIUS" value="3"/>
			<Property id="PROPERTY_9562" name="WIRE_OPTION" value="AC_G &amp; HJGAY"/>
			<Property id="PROPERTY_9563" name="WIRE_DEV_PIN_1" value="C2H101-EVBA:2"/>
			<Property id="PROPERTY_9564" name="WIRE_COLOR" value="GY/BU"/>
			<Property id="PROPERTY_9565" name="WIRE_SPEC" value="2UKD"/>
			<Property id="PROPERTY_9566" name="WIRE_END1_MATL" value="(SN)"/>
			<Property id="PROPERTY_9567" name="WIRE_LEVEL" value="ZA/ZB/ZC/ZF"/>
			<Property id="PROPERTY_9568" name="WIRE_END1_TERM" value="9U5T-14474-DB"/>
			<Property id="PROPERTY_9569" name="WIRE_DEV_PIN_2" value="S2H111-RB:1"/>
			<Property id="PROPERTY_9570" name="WIRE_NAME" value="RH111EVA"/>
			<Property id="PROPERTY_9571" name="WIRE_SIGNAL" value="RH111"/>
			<Property id="PROPERTY_9572" name="HRN_FAMILY" value="14401"/>
			<Property id="PROPERTY_9573" name="WIRE_FPN" value="WIRE-2UKD-0.35-GY/BU"/>
			<Property id="PROPERTY_9574" name="WIRE_DIA_MAX" value="1.2"/>
			<Option id="OPTION_c2-c-0-48a8b3_1" value="AC_G &amp; HJGAY"/>
			<BranchRoute id="BRR_369">
				<StartBranchPosition id="BR_POS_1001" branchId="BRANCH_c2-4e-0-4c0ded" branchNodeId="BN_13262_25-386_156" offset="0"/>
				<PassBranchId>BRANCH_c2-4e-0-4c0fd1</PassBranchId>
				<PassBranchId>BRANCH_c2-4e-0-4c0fe8</PassBranchId>
				<PassBranchId>BRANCH_c2-4e-0-4c1009</PassBranchId>
				<PassBranchId>BRANCH_c2-4e-0-4c10cb</PassBranchId>
				<PassBranchId>BRANCH_c2-4e-0-4c10ec</PassBranchId>
				<PassBranchId>BRANCH_c2-4e-0-4c1075</PassBranchId>
				<PassBranchId>BRANCH_c2-4e-0-4c106f</PassBranchId>
				<PassBranchId>BRANCH_c2-4e-0-4c1076</PassBranchId>
				<PassBranchId>BRANCH_c2-4e-0-4c0d05</PassBranchId>
				<PassBranchId>BRANCH_c2-4e-0-4c0f34</PassBranchId>
				<PassBranchId>BRANCH_c2-4e-0-4c0ff9</PassBranchId>
				<PassBranchId>BRANCH_c2-4e-0-4c10c3</PassBranchId>
				<PassBranchId>BRANCH_ff-4e-0-936078</PassBranchId>
				<PassBranchId>BRANCH_ff-4e-0-93810b</PassBranchId>
				<PassBranchId>BRANCH_ff-4e-0-938110</PassBranchId>
				<PassBranchId>BRANCH_ff-4e-0-942c78</PassBranchId>
				<PassBranchId>BRANCH_35-4e-0-32eeb3</PassBranchId>
				<PassBranchId>BRANCH_ff-4e-0-959c9b</PassBranchId>
				<EndBranchPosition id="BR_POS_1002" branchId="BRANCH_ff-4e-0-938412" branchNodeId="BN_15124-272" offset="0"/>
			</BranchRoute>
		</WiringItem>
		<WiringItem xsi:type="Wire" id="WIRE_95-c-0-8880d4" name="CH123EVA" signalId="SIGNAL_2-36-0-3565" cableType="WIRE-2UKD-0.35" wireName="VT/GN" fromPinId="PIN_b5-18-0-5509" toPinId="PIN_ce-18-0-206847">
			<AppRef name="E3.Series" version="2.14.0.0" guid="a8271889-9edb-4c13-b03d-51b95ce68bee"/>
			<Property id="PROPERTY_6173" name="WIRE_LENGTH" value="1885"/>
			<Property id="PROPERTY_6174" name="WIRE_END2_MATL" value="(SN)"/>
			<Property id="PROPERTY_6175" name="WIRE_CSA" value="0.35"/>
			<Property id="PROPERTY_6176" name="WIRE_MIN_BEND_RADIUS" value="3"/>
			<Property id="PROPERTY_6177" name="WIRE_OPTION" value="AC_G &amp; HJGAY"/>
			<Property id="PROPERTY_6178" name="WIRE_DEV_PIN_1" value="C12-A2:11"/>
			<Property id="PROPERTY_6179" name="WIRE_COLOR" value="VT/GN"/>
			<Property id="PROPERTY_6180" name="WIRE_SPEC" value="2UKD"/>
			<Property id="PROPERTY_6181" name="WIRE_END1_MATL" value="(SN)"/>
			<Property id="PROPERTY_6182" name="WIRE_LEVEL" value="ZA/ZB/ZC/ZF"/>
			<Property id="PROPERTY_6183" name="WIRE_END1_TERM" value="EU5T-14474-BAA"/>
			<Property id="PROPERTY_6184" name="WIRE_DEV_PIN_2" value="C2H101-EVBA:11"/>
			<Property id="PROPERTY_6185" name="WIRE_NAME" value="CH123EVA"/>
			<Property id="PROPERTY_6186" name="WIRE_END2_TERM" value="9U5T-14474-DB"/>
			<Property id="PROPERTY_6187" name="WIRE_SIGNAL" value="CH123"/>
			<Property id="PROPERTY_6188" name="HRN_FAMILY" value="14401"/>
			<Property id="PROPERTY_6189" name="WIRE_FPN" value="WIRE-2UKD-0.35-VT/GN"/>
			<Property id="PROPERTY_6190" name="WIRE_DIA_MAX" value="1.2"/>
			<Option id="OPTION_95-c-0-8880d4_1" value="AC_G &amp; HJGAY"/>
			<BranchRoute id="BRR_177">
				<StartBranchPosition id="BR_POS_617" branchId="BRANCH_ff-4e-0-938412" branchNodeId="BN_15124-272" offset="0"/>
				<PassBranchId>BRANCH_ff-4e-0-959c9b</PassBranchId>
				<PassBranchId>BRANCH_35-4e-0-32eeb3</PassBranchId>
				<PassBranchId>BRANCH_ff-4e-0-942c78</PassBranchId>
				<PassBranchId>BRANCH_ff-4e-0-938110</PassBranchId>
				<PassBranchId>BRANCH_ff-4e-0-93810b</PassBranchId>
				<PassBranchId>BRANCH_ff-4e-0-936078</PassBranchId>
				<PassBranchId>BRANCH_c2-4e-0-4c10c3</PassBranchId>
				<PassBranchId>BRANCH_c2-4e-0-4c0ff9</PassBranchId>
				<PassBranchId>BRANCH_c2-4e-0-4c0f34</PassBranchId>
				<PassBranchId>BRANCH_c2-4e-0-4c0d05</PassBranchId>
				<PassBranchId>BRANCH_c2-4e-0-4c1076</PassBranchId>
				<PassBranchId>BRANCH_c2-4e-0-4c106f</PassBranchId>
				<PassBranchId>BRANCH_c2-4e-0-4c1075</PassBranchId>
				<PassBranchId>BRANCH_c2-4e-0-4c0de4</PassBranchId>
				<PassBranchId>BRANCH_1a-4e-0-18e01d0</PassBranchId>
				<PassBranchId>BRANCH_c2-4e-0-4c10c8</PassBranchId>
				<PassBranchId>BRANCH_eb-4e-0-678fca</PassBranchId>
				<PassBranchId>BRANCH_c2-4e-0-4c0e87</PassBranchId>
				<PassBranchId>BRANCH_c2-4e-0-4c0e8c</PassBranchId>
				<PassBranchId>BRANCH_c2-4e-0-4c0e7f</PassBranchId>
				<PassBranchId>BRANCH_c2-4e-0-4c0ef9</PassBranchId>
				<PassBranchId>BRANCH_c2-4e-0-4c0e70</PassBranchId>
				<PassBranchId>BRANCH_c2-4e-0-4c0d66</PassBranchId>
				<PassBranchId>BRANCH_c2-4e-0-4c0e5f</PassBranchId>
				<EndBranchPosition id="BR_POS_618" branchId="BRANCH_c2-4e-0-4c0d60" branchNodeId="BN_22052-256" offset="0"/>
			</BranchRoute>
		</WiringItem>
		<WiringItem xsi:type="Wire" id="WIRE_95-c-0-e5e5e" name="RH111T" signalId="SIGNAL_2-36-0-3c37" cableType="WIRE-2UKD-0.35" wireName="GY/BU" fromPinId="PIN_42-1e-0-8eba1" toPinId="PIN_b5-18-0-533a">
			<AppRef name="E3.Series" version="2.13.7.0" guid="60019a11-deb0-4dd7-bf06-80778aed3c97"/>
			<Property id="PROPERTY_9591" name="WIRE_LENGTH" value="930"/>
			<Property id="PROPERTY_9592" name="WIRE_END2_MATL" value="(SN)"/>
			<Property id="PROPERTY_9593" name="WIRE_CSA" value="0.35"/>
			<Property id="PROPERTY_9594" name="WIRE_MIN_BEND_RADIUS" value="3"/>
			<Property id="PROPERTY_9595" name="WIRE_OPTION" value="BY1AC"/>
			<Property id="PROPERTY_9596" name="WIRE_DEV_PIN_1" value="S2H111-RB:1"/>
			<Property id="PROPERTY_9597" name="WIRE_COLOR" value="GY/BU"/>
			<Property id="PROPERTY_9598" name="WIRE_SPEC" value="2UKD"/>
			<Property id="PROPERTY_9599" name="WIRE_LEVEL" value="AJ/AL/BH/BJ/CB/CC/XJ/XL/XS/YC/YD/YG/YH/YK/YL/ZD/ZH"/>
			<Property id="PROPERTY_9600" name="WIRE_DEV_PIN_2" value="C23-C1:3"/>
			<Property id="PROPERTY_9601" name="WIRE_NAME" value="RH111T"/>
			<Property id="PROPERTY_9602" name="WIRE_END2_TERM" value="3F2T-14474-SA"/>
			<Property id="PROPERTY_9603" name="WIRE_SIGNAL" value="RH111"/>
			<Property id="PROPERTY_9604" name="HRN_FAMILY" value="14401"/>
			<Property id="PROPERTY_9605" name="WIRE_FPN" value="WIRE-2UKD-0.35-GY/BU"/>
			<Property id="PROPERTY_9606" name="WIRE_DIA_MAX" value="1.2"/>
			<Option id="OPTION_95-c-0-e5e5e_1" value="BY1AC"/>
			<BranchRoute id="BRR_371">
				<StartBranchPosition id="BR_POS_1005" branchId="BRANCH_c2-4e-0-4c0de1" branchNodeId="BN_79_9-190_058" offset="0"/>
				<PassBranchId>BRANCH_c2-4e-0-4c0ddd</PassBranchId>
				<PassBranchId>BRANCH_c2-4e-0-4c10dd</PassBranchId>
				<PassBranchId>BRANCH_c2-4e-0-4c1020</PassBranchId>
				<PassBranchId>BRANCH_c2-4e-0-4c1021</PassBranchId>
				<PassBranchId>BRANCH_c2-4e-0-4c10e7</PassBranchId>
				<PassBranchId>BRANCH_c2-4e-0-4c0fc5</PassBranchId>
				<PassBranchId>BRANCH_c2-4e-0-4c0fce</PassBranchId>
				<PassBranchId>BRANCH_c2-4e-0-4c0d1d</PassBranchId>
				<PassBranchId>BRANCH_35-4e-0-2efaf8</PassBranchId>
				<PassBranchId>BRANCH_c2-4e-0-4c10c0</PassBranchId>
				<PassBranchId>BRANCH_c2-4e-0-4c0fc8</PassBranchId>
				<PassBranchId>BRANCH_c2-4e-0-4c108d</PassBranchId>
				<PassBranchId>BRANCH_c2-4e-0-4c0d88</PassBranchId>
				<PassBranchId>BRANCH_c2-4e-0-4c109a</PassBranchId>
				<PassBranchId>BRANCH_c2-4e-0-4c0e16</PassBranchId>
				<PassBranchId>BRANCH_c2-4e-0-4c0fcb</PassBranchId>
				<PassBranchId>BRANCH_c2-4e-0-4c0dea</PassBranchId>
				<EndBranchPosition id="BR_POS_1006" branchId="BRANCH_c2-4e-0-4c0ded" branchNodeId="BN_13262_25-386_156" offset="0"/>
			</BranchRoute>
		</WiringItem>
		<WiringItem xsi:type="Wire" id="WIRE_95-c-0-e6a2a" name="RHS05A" signalId="SIGNAL_2-36-0-3c46" cableType="WIRE-2UKD-0.35" wireName="YE/VT" fromPinId="PIN_3e-18-0-323be8" toPinId="PIN_f-18-0-f679">
			<AppRef name="E3.Series" version="2.13.7.0" guid="e1faaa52-44f1-4d83-b38c-fa3712b4626f"/>
			<Property id="PROPERTY_9607" name="WIRE_LENGTH" value="1687"/>
			<Property id="PROPERTY_9608" name="WIRE_END2_MATL" value="(SN)"/>
			<Property id="PROPERTY_9609" name="WIRE_CSA" value="0.35"/>
			<Property id="PROPERTY_9610" name="WIRE_MIN_BEND_RADIUS" value="3"/>
			<Property id="PROPERTY_9611" name="WIRE_OPTION" value="BY1AC &amp; ( HJGAJ | HJGAX )"/>
			<Property id="PROPERTY_9612" name="WIRE_DEV_PIN_1" value="C23-E1:13"/>
			<Property id="PROPERTY_9613" name="WIRE_COLOR" value="YE/VT"/>
			<Property id="PROPERTY_9614" name="WIRE_SPEC" value="2UKD"/>
			<Property id="PROPERTY_9615" name="WIRE_END1_MATL" value="(SN)"/>
			<Property id="PROPERTY_9616" name="WIRE_LEVEL" value="AJ/AL/BH/BJ/CB/CC/XJ/XL/XS/YC/YD/YG/YH/YK/YL/ZD/ZH"/>
			<Property id="PROPERTY_9617" name="WIRE_END1_TERM" value="9U5T-14474-DB"/>
			<Property id="PROPERTY_9618" name="WIRE_DEV_PIN_2" value="C2H101-B:30"/>
			<Property id="PROPERTY_9619" name="WIRE_NAME" value="RHS05A"/>
			<Property id="PROPERTY_9620" name="WIRE_END2_TERM" value="9U5T-14474-DB"/>
			<Property id="PROPERTY_9621" name="WIRE_SIGNAL" value="RHS05"/>
			<Property id="PROPERTY_9622" name="HRN_FAMILY" value="14401"/>
			<Property id="PROPERTY_9623" name="WIRE_FPN" value="WIRE-2UKD-0.35-YE/VT"/>
			<Property id="PROPERTY_9624" name="WIRE_DIA_MAX" value="1.2"/>
			<Option id="OPTION_95-c-0-e6a2a_1" value="BY1AC &amp; ( HJGAJ | HJGAX )"/>
			<BranchRoute id="BRR_372">
				<StartBranchPosition id="BR_POS_1007" branchId="BRANCH_c2-4e-0-4c0f3d" branchNodeId="BN_14728-219_961" offset="0"/>
				<PassBranchId>BRANCH_c2-4e-0-4c0f44</PassBranchId>
				<PassBranchId>BRANCH_c2-4e-0-4c10c3</PassBranchId>
				<PassBranchId>BRANCH_c2-4e-0-4c0ff9</PassBranchId>
				<PassBranchId>BRANCH_c2-4e-0-4c0f34</PassBranchId>
				<PassBranchId>BRANCH_c2-4e-0-4c0d05</PassBranchId>
				<PassBranchId>BRANCH_c2-4e-0-4c1076</PassBranchId>
				<PassBranchId>BRANCH_c2-4e-0-4c1087</PassBranchId>
				<PassBranchId>BRANCH_c2-4e-0-4c1083</PassBranchId>
				<PassBranchId>BRANCH_c2-4e-0-4c0f89</PassBranchId>
				<PassBranchId>BRANCH_c2-4e-0-4c0f18</PassBranchId>
				<PassBranchId>BRANCH_c2-4e-0-4c0f88</PassBranchId>
				<PassBranchId>BRANCH_c2-4e-0-4c0e97</PassBranchId>
				<PassBranchId>BRANCH_c2-4e-0-4c10ce</PassBranchId>
				<PassBranchId>BRANCH_c2-4e-0-4c0e9b</PassBranchId>
				<PassBranchId>BRANCH_c2-4e-0-4c10f5</PassBranchId>
				<PassBranchId>BRANCH_c2-4e-0-4c0dfa</PassBranchId>
				<EndBranchPosition id="BR_POS_1008" branchId="BRANCH_c2-4e-0-4c0f1c" branchNodeId="BN_18448-168" offset="0"/>
			</BranchRoute>
		</WiringItem>
		<WiringItem xsi:type="Wire" id="WIRE_95-c-0-e69fa" name="RHS10A" signalId="SIGNAL_2-36-0-3c4a" cableType="WIRE-2UKD-0.35" wireName="BU/OG" fromPinId="PIN_f-18-0-f67f" toPinId="PIN_3e-18-0-323bed">
			<AppRef name="E3.Series" version="2.13.7.0" guid="4358f727-d909-41f4-8e5c-88e2e379ce8f"/>
			<Property id="PROPERTY_9625" name="WIRE_LENGTH" value="1687"/>
			<Property id="PROPERTY_9626" name="WIRE_END2_MATL" value="(SN)"/>
			<Property id="PROPERTY_9627" name="WIRE_CSA" value="0.35"/>
			<Property id="PROPERTY_9628" name="WIRE_MIN_BEND_RADIUS" value="3"/>
			<Property id="PROPERTY_9629" name="WIRE_OPTION" value="BY1AC &amp; ( HJGAJ | HJGAX )"/>
			<Property id="PROPERTY_9630" name="WIRE_DEV_PIN_1" value="C2H101-B:15"/>
			<Property id="PROPERTY_9631" name="WIRE_COLOR" value="BU/OG"/>
			<Property id="PROPERTY_9632" name="WIRE_SPEC" value="2UKD"/>
			<Property id="PROPERTY_9633" name="WIRE_END1_MATL" value="(SN)"/>
			<Property id="PROPERTY_9634" name="WIRE_LEVEL" value="AJ/AL/BH/BJ/CB/CC/XJ/XL/XS/YC/YD/YG/YH/YK/YL/ZD/ZH"/>
			<Property id="PROPERTY_9635" name="WIRE_END1_TERM" value="9U5T-14474-DB"/>
			<Property id="PROPERTY_9636" name="WIRE_DEV_PIN_2" value="C23-E1:14"/>
			<Property id="PROPERTY_9637" name="WIRE_NAME" value="RHS10A"/>
			<Property id="PROPERTY_9638" name="WIRE_END2_TERM" value="9U5T-14474-DB"/>
			<Property id="PROPERTY_9639" name="WIRE_SIGNAL" value="RHS10"/>
			<Property id="PROPERTY_9640" name="HRN_FAMILY" value="14401"/>
			<Property id="PROPERTY_9641" name="WIRE_FPN" value="WIRE-2UKD-0.35-BU/OG"/>
			<Property id="PROPERTY_9642" name="WIRE_DIA_MAX" value="1.2"/>
			<Option id="OPTION_95-c-0-e69fa_1" value="BY1AC &amp; ( HJGAJ | HJGAX )"/>
			<BranchRoute id="BRR_373">
				<StartBranchPosition id="BR_POS_1009" branchId="BRANCH_c2-4e-0-4c0f3d" branchNodeId="BN_14728-219_961" offset="0"/>
				<PassBranchId>BRANCH_c2-4e-0-4c0f44</PassBranchId>
				<PassBranchId>BRANCH_c2-4e-0-4c10c3</PassBranchId>
				<PassBranchId>BRANCH_c2-4e-0-4c0ff9</PassBranchId>
				<PassBranchId>BRANCH_c2-4e-0-4c0f34</PassBranchId>
				<PassBranchId>BRANCH_c2-4e-0-4c0d05</PassBranchId>
				<PassBranchId>BRANCH_c2-4e-0-4c1076</PassBranchId>
				<PassBranchId>BRANCH_c2-4e-0-4c1087</PassBranchId>
				<PassBranchId>BRANCH_c2-4e-0-4c1083</PassBranchId>
				<PassBranchId>BRANCH_c2-4e-0-4c0f89</PassBranchId>
				<PassBranchId>BRANCH_c2-4e-0-4c0f18</PassBranchId>
				<PassBranchId>BRANCH_c2-4e-0-4c0f88</PassBranchId>
				<PassBranchId>BRANCH_c2-4e-0-4c0e97</PassBranchId>
				<PassBranchId>BRANCH_c2-4e-0-4c10ce</PassBranchId>
				<PassBranchId>BRANCH_c2-4e-0-4c0e9b</PassBranchId>
				<PassBranchId>BRANCH_c2-4e-0-4c10f5</PassBranchId>
				<PassBranchId>BRANCH_c2-4e-0-4c0dfa</PassBranchId>
				<EndBranchPosition id="BR_POS_1010" branchId="BRANCH_c2-4e-0-4c0f1c" branchNodeId="BN_18448-168" offset="0"/>
			</BranchRoute>
		</WiringItem>
		<WiringItem xsi:type="Wire" id="WIRE_95-c-0-e50ec" name="RLF14A" signalId="SIGNAL_2-36-0-3c60" cableType="WIRE-2UKD-0.50" wireName="GY/BN" fromPinId="PIN_f-18-0-dc35" toPinId="PIN_3b-18-0-1d708">
			<AppRef name="E3.Series" version="2.13.7.0" guid="522aaee8-4148-4536-8833-69b9940c6761"/>
			<Property id="PROPERTY_9643" name="WIRE_LENGTH" value="2375"/>
			<Property id="PROPERTY_9644" name="WIRE_END2_MATL" value="(SN)"/>
			<Property id="PROPERTY_9645" name="WIRE_CSA" value="0.5"/>
			<Property id="PROPERTY_9646" name="WIRE_MIN_BEND_RADIUS" value="3"/>
			<Property id="PROPERTY_9647" name="WIRE_OPTION" value="AC_B"/>
			<Property id="PROPERTY_9648" name="WIRE_DEV_PIN_1" value="C2AM02-B:22"/>
			<Property id="PROPERTY_9649" name="WIRE_COLOR" value="GY/BN"/>
			<Property id="PROPERTY_9650" name="WIRE_SPEC" value="2UKD"/>
			<Property id="PROPERTY_9651" name="WIRE_END1_MATL" value="(SN)"/>
			<Property id="PROPERTY_9652" name="WIRE_LEVEL" value="(S-ZN)"/>
			<Property id="PROPERTY_9653" name="WIRE_END1_TERM" value="9U5T-14474-DB"/>
			<Property id="PROPERTY_9654" name="WIRE_DEV_PIN_2" value="C2LF14:4"/>
			<Property id="PROPERTY_9655" name="WIRE_NAME" value="RLF14A"/>
			<Property id="PROPERTY_9656" name="WIRE_END2_TERM" value="9U5T-14474-MA"/>
			<Property id="PROPERTY_9657" name="WIRE_SIGNAL" value="RLF14"/>
			<Property id="PROPERTY_9658" name="HRN_FAMILY" value="14401"/>
			<Property id="PROPERTY_9659" name="WIRE_FPN" value="WIRE-2UKD-0.50-GY/BN"/>
			<Property id="PROPERTY_9660" name="WIRE_DIA_MAX" value="1.4"/>
			<Option id="OPTION_95-c-0-e50ec_1" value="AC_B"/>
			<BranchRoute id="BRR_374">
				<StartBranchPosition id="BR_POS_1011" branchId="BRANCH_c2-4e-0-4c0f63" branchNodeId="BN_11424-224" offset="0"/>
				<PassBranchId>BRANCH_c2-4e-0-4c0e50</PassBranchId>
				<PassBranchId>BRANCH_c2-4e-0-4c0ebc</PassBranchId>
				<PassBranchId>BRANCH_c2-4e-0-4c0eb6</PassBranchId>
				<PassBranchId>BRANCH_c2-4e-0-4c0fb7</PassBranchId>
				<PassBranchId>BRANCH_c2-4e-0-4c10a4</PassBranchId>
				<PassBranchId>BRANCH_c2-4e-0-4c0f7a</PassBranchId>
				<PassBranchId>BRANCH_35-4e-0-350133</PassBranchId>
				<PassBranchId>BRANCH_c2-4e-0-4c0f60</PassBranchId>
				<PassBranchId>BRANCH_c2-4e-0-4c1005</PassBranchId>
				<PassBranchId>BRANCH_c2-4e-0-4c0f45</PassBranchId>
				<PassBranchId>BRANCH_c2-4e-0-4c0dea</PassBranchId>
				<PassBranchId>BRANCH_c2-4e-0-4c0fd1</PassBranchId>
				<PassBranchId>BRANCH_c2-4e-0-4c0fe8</PassBranchId>
				<PassBranchId>BRANCH_c2-4e-0-4c1009</PassBranchId>
				<PassBranchId>BRANCH_c2-4e-0-4c10cb</PassBranchId>
				<PassBranchId>BRANCH_c2-4e-0-4c10ec</PassBranchId>
				<PassBranchId>BRANCH_c2-4e-0-4c0de4</PassBranchId>
				<PassBranchId>BRANCH_1a-4e-0-18e01d0</PassBranchId>
				<PassBranchId>BRANCH_c2-4e-0-4c10c8</PassBranchId>
				<PassBranchId>BRANCH_eb-4e-0-678fca</PassBranchId>
				<PassBranchId>BRANCH_c2-4e-0-4c0e87</PassBranchId>
				<PassBranchId>BRANCH_c2-4e-0-4c0e8c</PassBranchId>
				<PassBranchId>BRANCH_c2-4e-0-4c0e7f</PassBranchId>
				<PassBranchId>BRANCH_c2-4e-0-4c102d</PassBranchId>
				<PassBranchId>BRANCH_c2-4e-0-4c1030</PassBranchId>
				<PassBranchId>BRANCH_c2-4e-0-4c0e6d</PassBranchId>
				<PassBranchId>BRANCH_c2-4e-0-4c0fdc</PassBranchId>
				<PassBranchId>BRANCH_c2-4e-0-4c0efe</PassBranchId>
				<PassBranchId>BRANCH_c2-4e-0-4c0df1</PassBranchId>
				<EndBranchPosition id="BR_POS_1012" branchId="BRANCH_c2-4e-0-4c0f01" branchNodeId="BN_23840-236" offset="0"/>
			</BranchRoute>
		</WiringItem>
		<WiringItem xsi:type="Wire" id="WIRE_95-c-0-e511c" name="RLF14B" signalId="SIGNAL_2-36-0-3c60" cableType="WIRE-2UKD-0.50" wireName="GY/BN" fromPinId="PIN_f-18-0-dc35" toPinId="PIN_38-18-0-13c5f">
			<AppRef name="E3.Series" version="2.13.7.0" guid="683b8502-0da6-4e5c-ab27-81ba9734c082"/>
			<Property id="PROPERTY_9661" name="WIRE_LENGTH" value="2375"/>
			<Property id="PROPERTY_9662" name="WIRE_END2_MATL" value="(SN)"/>
			<Property id="PROPERTY_9663" name="WIRE_CSA" value="0.5"/>
			<Property id="PROPERTY_9664" name="WIRE_MIN_BEND_RADIUS" value="3"/>
			<Property id="PROPERTY_9665" name="WIRE_OPTION" value="AC_G"/>
			<Property id="PROPERTY_9666" name="WIRE_DEV_PIN_1" value="C2AM02-B:22"/>
			<Property id="PROPERTY_9667" name="WIRE_COLOR" value="GY/BN"/>
			<Property id="PROPERTY_9668" name="WIRE_SPEC" value="2UKD"/>
			<Property id="PROPERTY_9669" name="WIRE_END1_MATL" value="(SN)"/>
			<Property id="PROPERTY_9670" name="WIRE_LEVEL" value="(D-ZN)"/>
			<Property id="PROPERTY_9671" name="WIRE_END1_TERM" value="9U5T-14474-DB"/>
			<Property id="PROPERTY_9672" name="WIRE_DEV_PIN_2" value="C2H415:4"/>
			<Property id="PROPERTY_9673" name="WIRE_NAME" value="RLF14B"/>
			<Property id="PROPERTY_9674" name="WIRE_END2_TERM" value="9U5T-14474-MA"/>
			<Property id="PROPERTY_9675" name="WIRE_SIGNAL" value="RLF14"/>
			<Property id="PROPERTY_9676" name="HRN_FAMILY" value="14401"/>
			<Property id="PROPERTY_9677" name="WIRE_FPN" value="WIRE-2UKD-0.50-GY/BN"/>
			<Property id="PROPERTY_9678" name="WIRE_DIA_MAX" value="1.4"/>
			<Option id="OPTION_95-c-0-e511c_1" value="AC_G"/>
			<BranchRoute id="BRR_375">
				<StartBranchPosition id="BR_POS_1013" branchId="BRANCH_c2-4e-0-4c0eb2" branchNodeId="BN_11304-132" offset="0"/>
				<PassBranchId>BRANCH_c2-4e-0-4c0eb5</PassBranchId>
				<PassBranchId>BRANCH_c2-4e-0-4c0ebc</PassBranchId>
				<PassBranchId>BRANCH_c2-4e-0-4c0eb6</PassBranchId>
				<PassBranchId>BRANCH_c2-4e-0-4c0fb7</PassBranchId>
				<PassBranchId>BRANCH_c2-4e-0-4c10a4</PassBranchId>
				<PassBranchId>BRANCH_c2-4e-0-4c0f7a</PassBranchId>
				<PassBranchId>BRANCH_35-4e-0-350133</PassBranchId>
				<PassBranchId>BRANCH_c2-4e-0-4c0f60</PassBranchId>
				<PassBranchId>BRANCH_c2-4e-0-4c1005</PassBranchId>
				<PassBranchId>BRANCH_c2-4e-0-4c0f45</PassBranchId>
				<PassBranchId>BRANCH_c2-4e-0-4c0dea</PassBranchId>
				<PassBranchId>BRANCH_c2-4e-0-4c0fd1</PassBranchId>
				<PassBranchId>BRANCH_c2-4e-0-4c0fe8</PassBranchId>
				<PassBranchId>BRANCH_c2-4e-0-4c1009</PassBranchId>
				<PassBranchId>BRANCH_c2-4e-0-4c10cb</PassBranchId>
				<PassBranchId>BRANCH_c2-4e-0-4c10ec</PassBranchId>
				<PassBranchId>BRANCH_c2-4e-0-4c0de4</PassBranchId>
				<PassBranchId>BRANCH_1a-4e-0-18e01d0</PassBranchId>
				<PassBranchId>BRANCH_c2-4e-0-4c10c8</PassBranchId>
				<PassBranchId>BRANCH_eb-4e-0-678fca</PassBranchId>
				<PassBranchId>BRANCH_c2-4e-0-4c0e87</PassBranchId>
				<PassBranchId>BRANCH_c2-4e-0-4c0e8c</PassBranchId>
				<PassBranchId>BRANCH_c2-4e-0-4c0e7f</PassBranchId>
				<PassBranchId>BRANCH_c2-4e-0-4c102d</PassBranchId>
				<PassBranchId>BRANCH_c2-4e-0-4c1030</PassBranchId>
				<PassBranchId>BRANCH_c2-4e-0-4c0e6d</PassBranchId>
				<PassBranchId>BRANCH_c2-4e-0-4c0fdc</PassBranchId>
				<PassBranchId>BRANCH_c2-4e-0-4c0efe</PassBranchId>
				<PassBranchId>BRANCH_c2-4e-0-4c0df1</PassBranchId>
				<EndBranchPosition id="BR_POS_1014" branchId="BRANCH_c2-4e-0-4c0f01" branchNodeId="BN_23840-236" offset="0"/>
			</BranchRoute>
		</WiringItem>
		<WiringItem xsi:type="Wire" id="WIRE_91-c-0-27a1fc" name="RLF15A" signalId="SIGNAL_2-36-0-410b" cableType="WIRE-2UKD-0.35" wireName="GN/BU" fromPinId="PIN_7f-18-0-521308" toPinId="PIN_b5-18-0-550b">
			<AppRef name="E3.Series" version="2.13.7.0" guid="2f15d08e-ae32-48f2-9bcb-6adc9f4f5afa"/>
			<Property id="PROPERTY_9679" name="WIRE_LENGTH" value="1825"/>
			<Property id="PROPERTY_9680" name="WIRE_END2_MATL" value="(SN)"/>
			<Property id="PROPERTY_9681" name="WIRE_CSA" value="0.35"/>
			<Property id="PROPERTY_9682" name="WIRE_MIN_BEND_RADIUS" value="3"/>
			<Property id="PROPERTY_9683" name="WIRE_OPTION" value="JBBA8 | JBBBH | JBBBJ | JBBBN"/>
			<Property id="PROPERTY_9684" name="WIRE_DEV_PIN_1" value="C2LF44:15"/>
			<Property id="PROPERTY_9685" name="WIRE_COLOR" value="GN/BU"/>
			<Property id="PROPERTY_9686" name="WIRE_SPEC" value="2UKD"/>
			<Property id="PROPERTY_9687" name="WIRE_END1_MATL" value="(SN)"/>
			<Property id="PROPERTY_9688" name="WIRE_LEVEL" value="(CNSL-HI)/(A-STR)/VA/XM/YN"/>
			<Property id="PROPERTY_9689" name="WIRE_END1_TERM" value="DU5T-14474-BA"/>
			<Property id="PROPERTY_9690" name="WIRE_DEV_PIN_2" value="C12-A2:13"/>
			<Property id="PROPERTY_9691" name="WIRE_NAME" value="RLF15A"/>
			<Property id="PROPERTY_9692" name="WIRE_END2_TERM" value="BU5T-14474-UA"/>
			<Property id="PROPERTY_9693" name="WIRE_SIGNAL" value="VLF60"/>
			<Property id="PROPERTY_9694" name="HRN_FAMILY" value="14401"/>
			<Property id="PROPERTY_9695" name="WIRE_FPN" value="WIRE-2UKD-0.35-GN/BU"/>
			<Property id="PROPERTY_9696" name="WIRE_DIA_MAX" value="1.2"/>
			<Option id="OPTION_91-c-0-27a1fc_1" value="JBBA8 | JBBBH | JBBBJ | JBBBN"/>
			<BranchRoute id="BRR_376">
				<StartBranchPosition id="BR_POS_1015" branchId="BRANCH_c2-4e-0-4c0d7f" branchNodeId="BN_9256-192" offset="0"/>
				<PassBranchId>BRANCH_c2-4e-0-4c104c</PassBranchId>
				<PassBranchId>BRANCH_c2-4e-0-4c1049</PassBranchId>
				<PassBranchId>BRANCH_c2-4e-0-4c1046</PassBranchId>
				<PassBranchId>BRANCH_c2-4e-0-4c1044</PassBranchId>
				<PassBranchId>BRANCH_c2-4e-0-4c0fb4</PassBranchId>
				<PassBranchId>BRANCH_c2-4e-0-4c0f7e</PassBranchId>
				<PassBranchId>BRANCH_c2-4e-0-4c1005</PassBranchId>
				<PassBranchId>BRANCH_c2-4e-0-4c0f45</PassBranchId>
				<PassBranchId>BRANCH_c2-4e-0-4c0dea</PassBranchId>
				<PassBranchId>BRANCH_c2-4e-0-4c0fd1</PassBranchId>
				<PassBranchId>BRANCH_c2-4e-0-4c0fe8</PassBranchId>
				<PassBranchId>BRANCH_c2-4e-0-4c1009</PassBranchId>
				<PassBranchId>BRANCH_c2-4e-0-4c10cb</PassBranchId>
				<PassBranchId>BRANCH_c2-4e-0-4c10ec</PassBranchId>
				<PassBranchId>BRANCH_c2-4e-0-4c0de4</PassBranchId>
				<PassBranchId>BRANCH_1a-4e-0-18e01d0</PassBranchId>
				<PassBranchId>BRANCH_c2-4e-0-4c10c8</PassBranchId>
				<PassBranchId>BRANCH_eb-4e-0-678fca</PassBranchId>
				<PassBranchId>BRANCH_c2-4e-0-4c0e87</PassBranchId>
				<PassBranchId>BRANCH_c2-4e-0-4c0e8c</PassBranchId>
				<PassBranchId>BRANCH_c2-4e-0-4c0e7f</PassBranchId>
				<PassBranchId>BRANCH_c2-4e-0-4c0ef9</PassBranchId>
				<PassBranchId>BRANCH_c2-4e-0-4c0e70</PassBranchId>
				<PassBranchId>BRANCH_c2-4e-0-4c0d66</PassBranchId>
				<PassBranchId>BRANCH_c2-4e-0-4c0e5f</PassBranchId>
				<EndBranchPosition id="BR_POS_1016" branchId="BRANCH_c2-4e-0-4c0d60" branchNodeId="BN_22052-256" offset="0"/>
			</BranchRoute>
		</WiringItem>
		<WiringItem xsi:type="Wire" id="WIRE_91-c-0-2868b9" name="RLF16A" signalId="SIGNAL_2-36-0-3c62" cableType="WIRE-2UKD-0.35" wireName="VT/OG" fromPinId="PIN_7f-18-0-5212f6" toPinId="PIN_b5-18-0-535e">
			<AppRef name="E3.Series" version="2.13.7.0" guid="4e47718d-a2f7-4cea-a11d-a4a669ebd9d4"/>
			<Property id="PROPERTY_9697" name="WIRE_LENGTH" value="1385"/>
			<Property id="PROPERTY_9698" name="WIRE_END2_MATL" value="(SN)"/>
			<Property id="PROPERTY_9699" name="WIRE_CSA" value="0.35"/>
			<Property id="PROPERTY_9700" name="WIRE_MIN_BEND_RADIUS" value="3"/>
			<Property id="PROPERTY_9701" name="WIRE_OPTION" value="JBBA8 | JBBBH | JBBBJ | JBBBN"/>
			<Property id="PROPERTY_9702" name="WIRE_DEV_PIN_1" value="C2LF44:14"/>
			<Property id="PROPERTY_9703" name="WIRE_COLOR" value="VT/OG"/>
			<Property id="PROPERTY_9704" name="WIRE_SPEC" value="2UKD"/>
			<Property id="PROPERTY_9705" name="WIRE_END1_MATL" value="(SN)"/>
			<Property id="PROPERTY_9706" name="WIRE_LEVEL" value="(CNSL-HI)/(A-STR)/VA/XM/YN"/>
			<Property id="PROPERTY_9707" name="WIRE_END1_TERM" value="DU5T-14474-BA"/>
			<Property id="PROPERTY_9708" name="WIRE_DEV_PIN_2" value="C23-C1:21"/>
			<Property id="PROPERTY_9709" name="WIRE_NAME" value="RLF16A"/>
			<Property id="PROPERTY_9710" name="WIRE_END2_TERM" value="9U5T-14474-DB"/>
			<Property id="PROPERTY_9711" name="WIRE_SIGNAL" value="RLF16"/>
			<Property id="PROPERTY_9712" name="HRN_FAMILY" value="14401"/>
			<Property id="PROPERTY_9713" name="WIRE_FPN" value="WIRE-2UKD-0.35-VT/OG"/>
			<Property id="PROPERTY_9714" name="WIRE_DIA_MAX" value="1.2"/>
			<Option id="OPTION_91-c-0-2868b9_1" value="JBBA8 | JBBBH | JBBBJ | JBBBN"/>
			<BranchRoute id="BRR_377">
				<StartBranchPosition id="BR_POS_1017" branchId="BRANCH_c2-4e-0-4c0de1" branchNodeId="BN_79_9-190_058" offset="0"/>
				<PassBranchId>BRANCH_c2-4e-0-4c0ddd</PassBranchId>
				<PassBranchId>BRANCH_c2-4e-0-4c10dd</PassBranchId>
				<PassBranchId>BRANCH_c2-4e-0-4c1020</PassBranchId>
				<PassBranchId>BRANCH_c2-4e-0-4c1021</PassBranchId>
				<PassBranchId>BRANCH_c2-4e-0-4c10e7</PassBranchId>
				<PassBranchId>BRANCH_c2-4e-0-4c0fc5</PassBranchId>
				<PassBranchId>BRANCH_c2-4e-0-4c0fce</PassBranchId>
				<PassBranchId>BRANCH_c2-4e-0-4c0d1d</PassBranchId>
				<PassBranchId>BRANCH_35-4e-0-2efaf8</PassBranchId>
				<PassBranchId>BRANCH_c2-4e-0-4c10c0</PassBranchId>
				<PassBranchId>BRANCH_c2-4e-0-4c0fc8</PassBranchId>
				<PassBranchId>BRANCH_c2-4e-0-4c108d</PassBranchId>
				<PassBranchId>BRANCH_c2-4e-0-4c0d88</PassBranchId>
				<PassBranchId>BRANCH_c2-4e-0-4c109a</PassBranchId>
				<PassBranchId>BRANCH_c2-4e-0-4c0e16</PassBranchId>
				<PassBranchId>BRANCH_c2-4e-0-4c0fcb</PassBranchId>
				<PassBranchId>BRANCH_c2-4e-0-4c0f45</PassBranchId>
				<PassBranchId>BRANCH_c2-4e-0-4c1005</PassBranchId>
				<PassBranchId>BRANCH_c2-4e-0-4c0f7e</PassBranchId>
				<PassBranchId>BRANCH_c2-4e-0-4c0fb4</PassBranchId>
				<PassBranchId>BRANCH_c2-4e-0-4c1044</PassBranchId>
				<PassBranchId>BRANCH_c2-4e-0-4c1046</PassBranchId>
				<PassBranchId>BRANCH_c2-4e-0-4c1049</PassBranchId>
				<PassBranchId>BRANCH_c2-4e-0-4c104c</PassBranchId>
				<EndBranchPosition id="BR_POS_1018" branchId="BRANCH_c2-4e-0-4c0d7f" branchNodeId="BN_9256-192" offset="0"/>
			</BranchRoute>
		</WiringItem>
		<WiringItem xsi:type="Wire" id="WIRE_95-c-0-e4d45" name="RMC32C" signalId="SIGNAL_2-36-0-3c79" cableType="WIRE-2UKD-0.35" wireName="GN/BU" fromPinId="PIN_74-18-0-263ba0" toPinId="PIN_c4-18-0-124b">
			<AppRef name="E3.Series" version="2.13.7.0" guid="0b331ba6-d1a0-4d2a-b63b-5c59d3351152"/>
			<Property id="PROPERTY_9715" name="WIRE_LENGTH" value="1400"/>
			<Property id="PROPERTY_9716" name="WIRE_END2_MATL" value="(SN)"/>
			<Property id="PROPERTY_9717" name="WIRE_CSA" value="0.35"/>
			<Property id="PROPERTY_9718" name="WIRE_MIN_BEND_RADIUS" value="3"/>
			<Property id="PROPERTY_9719" name="WIRE_LEVEL" value="(ALL)"/>
			<Property id="PROPERTY_9720" name="WIRE_DEV_PIN_1" value="C23-C1:28"/>
			<Property id="PROPERTY_9721" name="WIRE_COLOR" value="GN/BU"/>
			<Property id="PROPERTY_9722" name="WIRE_SPEC" value="2UKD"/>
			<Property id="PROPERTY_9723" name="WIRE_END1_MATL" value="(SN)"/>
			<Property id="PROPERTY_9724" name="WIRE_END1_TERM" value="9U5T-14474-DB"/>
			<Property id="PROPERTY_9725" name="WIRE_DEV_PIN_2" value="C2MC01-A:2"/>
			<Property id="PROPERTY_9726" name="WIRE_NAME" value="RMC32C"/>
			<Property id="PROPERTY_9727" name="WIRE_END2_TERM" value="9U5T-14474-DB"/>
			<Property id="PROPERTY_9728" name="WIRE_SIGNAL" value="RMC32"/>
			<Property id="PROPERTY_9729" name="HRN_FAMILY" value="14401"/>
			<Property id="PROPERTY_9730" name="WIRE_FPN" value="WIRE-2UKD-0.35-GN/BU"/>
			<Property id="PROPERTY_9731" name="WIRE_DIA_MAX" value="1.2"/>
			<BranchRoute id="BRR_378">
				<StartBranchPosition id="BR_POS_1019" branchId="BRANCH_c2-4e-0-4c0de1" branchNodeId="BN_79_9-190_058" offset="0"/>
				<PassBranchId>BRANCH_c2-4e-0-4c0ddd</PassBranchId>
				<PassBranchId>BRANCH_c2-4e-0-4c10dd</PassBranchId>
				<PassBranchId>BRANCH_c2-4e-0-4c1020</PassBranchId>
				<PassBranchId>BRANCH_c2-4e-0-4c1021</PassBranchId>
				<PassBranchId>BRANCH_c2-4e-0-4c10e7</PassBranchId>
				<PassBranchId>BRANCH_c2-4e-0-4c0fc5</PassBranchId>
				<PassBranchId>BRANCH_c2-4e-0-4c0fce</PassBranchId>
				<PassBranchId>BRANCH_c2-4e-0-4c0d1d</PassBranchId>
				<PassBranchId>BRANCH_35-4e-0-2efaf8</PassBranchId>
				<PassBranchId>BRANCH_c2-4e-0-4c10c0</PassBranchId>
				<PassBranchId>BRANCH_c2-4e-0-4c0fc8</PassBranchId>
				<PassBranchId>BRANCH_c2-4e-0-4c108d</PassBranchId>
				<PassBranchId>BRANCH_c2-4e-0-4c0d88</PassBranchId>
				<PassBranchId>BRANCH_c2-4e-0-4c109a</PassBranchId>
				<PassBranchId>BRANCH_c2-4e-0-4c109d</PassBranchId>
				<PassBranchId>BRANCH_c2-4e-0-4c1002</PassBranchId>
				<PassBranchId>BRANCH_c2-4e-0-4c0f85</PassBranchId>
				<PassBranchId>BRANCH_ff-4e-0-9b280f</PassBranchId>
				<EndBranchPosition id="BR_POS_1020" branchId="BRANCH_c2-4e-0-4c0f51" branchNodeId="BN_7584-244" offset="0"/>
			</BranchRoute>
		</WiringItem>
		<WiringItem xsi:type="Wire" id="WIRE_61-c-0-260b51" name="RME89A" signalId="SIGNAL_2-36-0-3cbd" cableType="WIRE-2UKD-0.35" wireName="WH/BU" fromPinId="PIN_87-18-0-15250" toPinId="PIN_b5-18-0-5342">
			<AppRef name="E3.Series" version="2.13.7.0" guid="e990b153-7504-4e6f-a691-42eb416ad2f4"/>
			<Property id="PROPERTY_10314" name="WIRE_LENGTH" value="1760"/>
			<Property id="PROPERTY_10315" name="WIRE_END2_MATL" value="(SN)"/>
			<Property id="PROPERTY_10316" name="WIRE_CSA" value="0.35"/>
			<Property id="PROPERTY_10317" name="WIRE_MIN_BEND_RADIUS" value="3"/>
			<Property id="PROPERTY_10318" name="WIRE_OPTION" value="( B5WAZ | B5WBF | B5WBG | B5WBK ) &amp; ( IEVAQ | IEVAR )"/>
			<Property id="PROPERTY_10319" name="WIRE_DEV_PIN_1" value="C2MM01-A:38"/>
			<Property id="PROPERTY_10320" name="WIRE_COLOR" value="WH/BU"/>
			<Property id="PROPERTY_10321" name="WIRE_SPEC" value="2UKD"/>
			<Property id="PROPERTY_10322" name="WIRE_END1_MATL" value="(SN)"/>
			<Property id="PROPERTY_10323" name="WIRE_LEVEL" value="(CNSL-LO)/(F-SHF)/(CNSL-HI)/(A-STR)/(BEV)/XM/YN"/>
			<Property id="PROPERTY_10324" name="WIRE_END1_TERM" value="9U5T-14474-DB"/>
			<Property id="PROPERTY_10325" name="WIRE_DEV_PIN_2" value="C23-C1:7"/>
			<Property id="PROPERTY_10326" name="WIRE_NAME" value="RME89A"/>
			<Property id="PROPERTY_10327" name="WIRE_END2_TERM" value="9U5T-14474-DB"/>
			<Property id="PROPERTY_10328" name="WIRE_SIGNAL" value="RME89"/>
			<Property id="PROPERTY_10329" name="HRN_FAMILY" value="14401"/>
			<Property id="PROPERTY_10330" name="WIRE_FPN" value="WIRE-2UKD-0.35-WH/BU"/>
			<Property id="PROPERTY_10331" name="WIRE_DIA_MAX" value="1.2"/>
			<Option id="OPTION_61-c-0-260b51_1" value="( B5WAZ | B5WBF | B5WBG | B5WBK ) &amp; ( IEVAQ | IEVAR )"/>
			<BranchRoute id="BRR_409">
				<StartBranchPosition id="BR_POS_1081" branchId="BRANCH_c2-4e-0-4c0de1" branchNodeId="BN_79_9-190_058" offset="0"/>
				<PassBranchId>BRANCH_c2-4e-0-4c0ddd</PassBranchId>
				<PassBranchId>BRANCH_c2-4e-0-4c10dd</PassBranchId>
				<PassBranchId>BRANCH_c2-4e-0-4c1020</PassBranchId>
				<PassBranchId>BRANCH_c2-4e-0-4c1021</PassBranchId>
				<PassBranchId>BRANCH_c2-4e-0-4c10e7</PassBranchId>
				<PassBranchId>BRANCH_c2-4e-0-4c0fc5</PassBranchId>
				<PassBranchId>BRANCH_c2-4e-0-4c0fce</PassBranchId>
				<PassBranchId>BRANCH_c2-4e-0-4c0d1d</PassBranchId>
				<PassBranchId>BRANCH_35-4e-0-2efaf8</PassBranchId>
				<PassBranchId>BRANCH_c2-4e-0-4c10c0</PassBranchId>
				<PassBranchId>BRANCH_c2-4e-0-4c0fc8</PassBranchId>
				<PassBranchId>BRANCH_c2-4e-0-4c108d</PassBranchId>
				<PassBranchId>BRANCH_c2-4e-0-4c0d88</PassBranchId>
				<PassBranchId>BRANCH_c2-4e-0-4c109a</PassBranchId>
				<PassBranchId>BRANCH_c2-4e-0-4c0e16</PassBranchId>
				<PassBranchId>BRANCH_c2-4e-0-4c0fcb</PassBranchId>
				<PassBranchId>BRANCH_c2-4e-0-4c0dea</PassBranchId>
				<PassBranchId>BRANCH_c2-4e-0-4c0fd1</PassBranchId>
				<PassBranchId>BRANCH_c2-4e-0-4c0fe8</PassBranchId>
				<PassBranchId>BRANCH_c2-4e-0-4c1009</PassBranchId>
				<PassBranchId>BRANCH_c2-4e-0-4c10cb</PassBranchId>
				<PassBranchId>BRANCH_c2-4e-0-4c10ec</PassBranchId>
				<PassBranchId>BRANCH_c2-4e-0-4c1075</PassBranchId>
				<PassBranchId>BRANCH_c2-4e-0-4c106f</PassBranchId>
				<PassBranchId>BRANCH_c2-4e-0-4c1076</PassBranchId>
				<PassBranchId>BRANCH_c2-4e-0-4c0d05</PassBranchId>
				<PassBranchId>BRANCH_c2-4e-0-4c0f26</PassBranchId>
				<PassBranchId>BRANCH_c2-4e-0-4c0f29</PassBranchId>
				<EndBranchPosition id="BR_POS_1082" branchId="BRANCH_c2-4e-0-4c0f2a" branchNodeId="BN_17720-164" offset="0"/>
			</BranchRoute>
		</WiringItem>
		<WiringItem xsi:type="Wire" id="WIRE_bf-c-0-316e5f" name="RME89AD" signalId="SIGNAL_2-36-0-3cbd" cableType="WIRE-2UKD-0.35" wireName="WH/BU" fromPinId="PIN_a8-18-0-e8efc3" toPinId="PIN_b5-18-0-5342">
			<AppRef name="E3.Series" version="2.14.0.0" guid="ec998d84-4ee4-4435-bce5-10429e3f86d4"/>
			<Property id="PROPERTY_10332" name="WIRE_LENGTH" value="1645"/>
			<Property id="PROPERTY_10333" name="WIRE_END2_MATL" value="(SN)"/>
			<Property id="PROPERTY_10334" name="WIRE_CSA" value="0.35"/>
			<Property id="PROPERTY_10335" name="WIRE_MIN_BEND_RADIUS" value="3"/>
			<Property id="PROPERTY_10336" name="WIRE_OPTION" value="B5WBG &amp; IEVAT"/>
			<Property id="PROPERTY_10337" name="WIRE_DEV_PIN_1" value="C2MM01-DB:38"/>
			<Property id="PROPERTY_10338" name="WIRE_COLOR" value="WH/BU"/>
			<Property id="PROPERTY_10339" name="WIRE_SPEC" value="2UKD"/>
			<Property id="PROPERTY_10340" name="WIRE_END1_MATL" value="(SN)"/>
			<Property id="PROPERTY_10341" name="WIRE_LEVEL" value="VA"/>
			<Property id="PROPERTY_10342" name="WIRE_END1_TERM" value="9U5T-14474-DB"/>
			<Property id="PROPERTY_10343" name="WIRE_DEV_PIN_2" value="C23-C1:7"/>
			<Property id="PROPERTY_10344" name="WIRE_NAME" value="RME89AD"/>
			<Property id="PROPERTY_10345" name="WIRE_END2_TERM" value="9U5T-14474-DB"/>
			<Property id="PROPERTY_10346" name="WIRE_SIGNAL" value="RME89"/>
			<Property id="PROPERTY_10347" name="HRN_FAMILY" value="14401"/>
			<Property id="PROPERTY_10348" name="WIRE_FPN" value="WIRE-2UKD-0.35-WH/BU"/>
			<Property id="PROPERTY_10349" name="WIRE_DIA_MAX" value="1.2"/>
			<Option id="OPTION_bf-c-0-316e5f_1" value="B5WBG &amp; IEVAT"/>
			<BranchRoute id="BRR_410">
				<StartBranchPosition id="BR_POS_1083" branchId="BRANCH_c2-4e-0-4c0de1" branchNodeId="BN_79_9-190_058" offset="0"/>
				<PassBranchId>BRANCH_c2-4e-0-4c0ddd</PassBranchId>
				<PassBranchId>BRANCH_c2-4e-0-4c10dd</PassBranchId>
				<PassBranchId>BRANCH_c2-4e-0-4c1020</PassBranchId>
				<PassBranchId>BRANCH_c2-4e-0-4c1021</PassBranchId>
				<PassBranchId>BRANCH_c2-4e-0-4c10e7</PassBranchId>
				<PassBranchId>BRANCH_c2-4e-0-4c0fc5</PassBranchId>
				<PassBranchId>BRANCH_c2-4e-0-4c0fce</PassBranchId>
				<PassBranchId>BRANCH_c2-4e-0-4c0d1d</PassBranchId>
				<PassBranchId>BRANCH_35-4e-0-2efaf8</PassBranchId>
				<PassBranchId>BRANCH_c2-4e-0-4c10c0</PassBranchId>
				<PassBranchId>BRANCH_c2-4e-0-4c0fc8</PassBranchId>
				<PassBranchId>BRANCH_c2-4e-0-4c108d</PassBranchId>
				<PassBranchId>BRANCH_c2-4e-0-4c0d88</PassBranchId>
				<PassBranchId>BRANCH_c2-4e-0-4c109a</PassBranchId>
				<PassBranchId>BRANCH_c2-4e-0-4c0e16</PassBranchId>
				<PassBranchId>BRANCH_c2-4e-0-4c0fcb</PassBranchId>
				<PassBranchId>BRANCH_c2-4e-0-4c0f45</PassBranchId>
				<PassBranchId>BRANCH_c2-4e-0-4c1005</PassBranchId>
				<PassBranchId>BRANCH_c2-4e-0-4c0f60</PassBranchId>
				<PassBranchId>BRANCH_35-4e-0-350133</PassBranchId>
				<PassBranchId>BRANCH_c2-4e-0-4c0f7a</PassBranchId>
				<PassBranchId>BRANCH_c2-4e-0-4c10a4</PassBranchId>
				<PassBranchId>BRANCH_c2-4e-0-4c0fb7</PassBranchId>
				<PassBranchId>BRANCH_c2-4e-0-4c0f66</PassBranchId>
				<PassBranchId>BRANCH_c2-4e-0-4c0f6c</PassBranchId>
				<PassBranchId>BRANCH_c2-4e-0-4c0f6f</PassBranchId>
				<PassBranchId>BRANCH_22-4e-0-2ca187b</PassBranchId>
				<PassBranchId>BRANCH_ff-4e-0-9d2c5f</PassBranchId>
				<PassBranchId>BRANCH_da-4e-0-2503d5</PassBranchId>
				<EndBranchPosition id="BR_POS_1084" branchId="BRANCH_da-4e-0-25068e" branchNodeId="BN_9708-328" offset="0"/>
			</BranchRoute>
		</WiringItem>
		<WiringItem xsi:type="Wire" id="WIRE_95-c-0-e51f6" name="RME89E" signalId="SIGNAL_2-36-0-3cbd" cableType="WIRE-2UKD-0.35" wireName="WH/BU" fromPinId="PIN_95-18-0-e3f1f" toPinId="PIN_87-18-0-15250">
			<AppRef name="E3.Series" version="2.13.7.0" guid="9a3fba60-310f-4b7d-b526-2cb737bfd3a2"/>
			<Property id="PROPERTY_10350" name="WIRE_LENGTH" value="1450"/>
			<Property id="PROPERTY_10351" name="WIRE_END2_MATL" value="(SN)"/>
			<Property id="PROPERTY_10352" name="WIRE_CSA" value="0.35"/>
			<Property id="PROPERTY_10353" name="WIRE_MIN_BEND_RADIUS" value="3"/>
			<Property id="PROPERTY_10354" name="WIRE_OPTION" value="B5WAA &amp; ( IEVAQ | IEVAR )"/>
			<Property id="PROPERTY_10355" name="WIRE_DEV_PIN_1" value="C2ME89-C:4"/>
			<Property id="PROPERTY_10356" name="WIRE_COLOR" value="WH/BU"/>
			<Property id="PROPERTY_10357" name="WIRE_SPEC" value="2UKD"/>
			<Property id="PROPERTY_10358" name="WIRE_LEVEL" value="(20-ST)"/>
			<Property id="PROPERTY_10359" name="WIRE_END1_TERM" value="*GU5T-14474-AAB"/>
			<Property id="PROPERTY_10360" name="WIRE_DEV_PIN_2" value="C2MM01-A:38"/>
			<Property id="PROPERTY_10361" name="WIRE_NAME" value="RME89E"/>
			<Property id="PROPERTY_10362" name="WIRE_END2_TERM" value="9U5T-14474-DB"/>
			<Property id="PROPERTY_10363" name="WIRE_SIGNAL" value="RME89"/>
			<Property id="PROPERTY_10364" name="HRN_FAMILY" value="14401"/>
			<Property id="PROPERTY_10365" name="WIRE_FPN" value="WIRE-2UKD-0.35-WH/BU"/>
			<Property id="PROPERTY_10366" name="WIRE_DIA_MAX" value="1.2"/>
			<Option id="OPTION_95-c-0-e51f6_1" value="B5WAA &amp; ( IEVAQ | IEVAR )"/>
			<BranchRoute id="BRR_411">
				<StartBranchPosition id="BR_POS_1085" branchId="BRANCH_c2-4e-0-4c0fb1" branchNodeId="BN_9568-152" offset="0"/>
				<PassBranchId>BRANCH_c2-4e-0-4c1041</PassBranchId>
				<PassBranchId>BRANCH_c2-4e-0-4c103f</PassBranchId>
				<PassBranchId>BRANCH_c2-4e-0-4c0fb4</PassBranchId>
				<PassBranchId>BRANCH_c2-4e-0-4c0f7e</PassBranchId>
				<PassBranchId>BRANCH_c2-4e-0-4c1005</PassBranchId>
				<PassBranchId>BRANCH_c2-4e-0-4c0f45</PassBranchId>
				<PassBranchId>BRANCH_c2-4e-0-4c0dea</PassBranchId>
				<PassBranchId>BRANCH_c2-4e-0-4c0fd1</PassBranchId>
				<PassBranchId>BRANCH_c2-4e-0-4c0fe8</PassBranchId>
				<PassBranchId>BRANCH_c2-4e-0-4c1009</PassBranchId>
				<PassBranchId>BRANCH_c2-4e-0-4c10cb</PassBranchId>
				<PassBranchId>BRANCH_c2-4e-0-4c10ec</PassBranchId>
				<PassBranchId>BRANCH_c2-4e-0-4c1075</PassBranchId>
				<PassBranchId>BRANCH_c2-4e-0-4c106f</PassBranchId>
				<PassBranchId>BRANCH_c2-4e-0-4c1076</PassBranchId>
				<PassBranchId>BRANCH_c2-4e-0-4c0d05</PassBranchId>
				<PassBranchId>BRANCH_c2-4e-0-4c0f26</PassBranchId>
				<PassBranchId>BRANCH_c2-4e-0-4c0f29</PassBranchId>
				<EndBranchPosition id="BR_POS_1086" branchId="BRANCH_c2-4e-0-4c0f2a" branchNodeId="BN_17720-164" offset="0"/>
			</BranchRoute>
		</WiringItem>
		<WiringItem xsi:type="Wire" id="WIRE_b4-c-0-3e94d0" name="RMM13FD2" signalId="SIGNAL_2-36-0-3ccd" cableType="WIRE-2UKD-0.35" wireName="BU" fromPinId="PIN_b4-1e-0-3ea080" toPinId="PIN_a8-18-0-e8efd3">
			<AppRef name="E3.Series" version="2.14.0.0" guid="0c4f15a5-fe78-4975-875c-6d38b51639cd"/>
			<Property id="PROPERTY_10367" name="WIRE_LENGTH" value="100"/>
			<Property id="PROPERTY_10368" name="WIRE_END2_MATL" value="(SN)"/>
			<Property id="PROPERTY_10369" name="WIRE_MC_01_FOIL" value="ESBU5T-1A303-AA(AD)"/>
			<Property id="PROPERTY_10370" name="WIRE_CSA" value="0.35"/>
			<Property id="PROPERTY_10371" name="WIRE_MC_02_TAPE" value="ESAC3T-1A303-AA(A30-00)"/>
			<Property id="PROPERTY_10372" name="WIRE_END1_CAVSEAL" value="ESF-M3L66-A"/>
			<Property id="PROPERTY_10373" name="WIRE_MIN_BEND_RADIUS" value="3"/>
			<Property id="PROPERTY_10374" name="WIRE_OPTION" value="IEVAT"/>
			<Property id="PROPERTY_10375" name="WIRE_DEV_PIN_1" value="S2DMM13:1"/>
			<Property id="PROPERTY_10376" name="WIRE_COLOR" value="BU"/>
			<Property id="PROPERTY_10377" name="WIRE_SPEC" value="2UKD"/>
			<Property id="PROPERTY_10378" name="WIRE_END1_MATL" value="(SN)"/>
			<Property id="PROPERTY_10379" name="WIRE_LEVEL" value="VA"/>
			<Property id="PROPERTY_10380" name="WIRE_END1_TERM" value="9U5T-14474-MA"/>
			<Property id="PROPERTY_10381" name="WIRE_DEV_PIN_2" value="C2MM01-DB:13"/>
			<Property id="PROPERTY_10382" name="WIRE_NAME" value="RMM13FD2"/>
			<Property id="PROPERTY_10383" name="WIRE_END2_TERM" value="9U5T-14474-DB"/>
			<Property id="PROPERTY_10384" name="WIRE_SIGNAL" value="RMM13"/>
			<Property id="PROPERTY_10385" name="HRN_FAMILY" value="14401"/>
			<Property id="PROPERTY_10386" name="WIRE_FPN" value="WIRE-2UKD-0.35-BU"/>
			<Property id="PROPERTY_10387" name="WIRE_DIA_MAX" value="1.2"/>
			<Option id="OPTION_b4-c-0-3e94d0_1" value="IEVAT"/>
			<BranchRoute id="BRR_412">
				<StartBranchPosition id="BR_POS_1087" branchId="BRANCH_da-4e-0-25068e" branchNodeId="BN_9708-328" offset="0"/>
				<PassBranchId>BRANCH_da-4e-0-2503d5</PassBranchId>
				<EndBranchPosition id="BR_POS_1088" branchId="BRANCH_da-4e-0-346b13" branchNodeId="BN_9792-312" offset="0"/>
			</BranchRoute>
		</WiringItem>
		<WiringItem xsi:type="Wire" id="WIRE_b4-c-0-3e94b0" name="RMM15FD2" signalId="SIGNAL_2-36-0-3ccd" cableType="WIRE-2UKD-0.35" wireName="YE/RD" fromPinId="PIN_79-1e-0-5b3686" toPinId="PIN_a8-18-0-e8f053">
			<AppRef name="E3.Series" version="2.14.0.0" guid="96418069-0d1d-4ca3-9bea-14e873eeed93"/>
			<Property id="PROPERTY_10388" name="WIRE_LENGTH" value="100"/>
			<Property id="PROPERTY_10389" name="WIRE_END2_MATL" value="(SN)"/>
			<Property id="PROPERTY_10390" name="WIRE_CSA" value="0.35"/>
			<Property id="PROPERTY_10391" name="WIRE_MIN_BEND_RADIUS" value="3"/>
			<Property id="PROPERTY_10392" name="WIRE_OPTION" value="IEVAT"/>
			<Property id="PROPERTY_10393" name="WIRE_DEV_PIN_1" value="S2DMM15:1"/>
			<Property id="PROPERTY_10394" name="WIRE_COLOR" value="YE/RD"/>
			<Property id="PROPERTY_10395" name="WIRE_SPEC" value="2UKD"/>
			<Property id="PROPERTY_10396" name="WIRE_LEVEL" value="VA"/>
			<Property id="PROPERTY_10397" name="WIRE_DEV_PIN_2" value="C2MM01-DB:30"/>
			<Property id="PROPERTY_10398" name="WIRE_NAME" value="RMM15FD2"/>
			<Property id="PROPERTY_10399" name="WIRE_END2_TERM" value="9U5T-14474-DB"/>
			<Property id="PROPERTY_10400" name="WIRE_SIGNAL" value="RMM13"/>
			<Property id="PROPERTY_10401" name="HRN_FAMILY" value="14401"/>
			<Property id="PROPERTY_10402" name="WIRE_FPN" value="WIRE-2UKD-0.35-YE/RD"/>
			<Property id="PROPERTY_10403" name="WIRE_DIA_MAX" value="1.2"/>
			<Option id="OPTION_b4-c-0-3e94b0_1" value="IEVAT"/>
			<BranchRoute id="BRR_413">
				<StartBranchPosition id="BR_POS_1089" branchId="BRANCH_da-4e-0-25068e" branchNodeId="BN_9708-328" offset="0"/>
				<PassBranchId>BRANCH_da-4e-0-2503d5</PassBranchId>
				<EndBranchPosition id="BR_POS_1090" branchId="BRANCH_da-4e-0-34ad0b" branchNodeId="BN_9760-312" offset="0"/>
			</BranchRoute>
		</WiringItem>
		<WiringItem xsi:type="Wire" id="WIRE_95-c-0-e5cf1" name="RPP06C" signalId="SIGNAL_2-36-0-3d0d" cableType="WIRE-2UKD-0.35" wireName="GN" fromPinId="PIN_74-18-0-263b8c" toPinId="PIN_96-18-0-e595">
			<AppRef name="E3.Series" version="2.13.7.0" guid="deef9f03-40a7-42a3-8bf4-dc9dc709f1d8"/>
			<Property id="PROPERTY_10559" name="WIRE_LENGTH" value="975"/>
			<Property id="PROPERTY_10560" name="WIRE_END2_MATL" value="(SN)"/>
			<Property id="PROPERTY_10561" name="WIRE_CSA" value="0.35"/>
			<Property id="PROPERTY_10562" name="WIRE_MIN_BEND_RADIUS" value="3"/>
			<Property id="PROPERTY_10563" name="WIRE_OPTION" value="GRAAP"/>
			<Property id="PROPERTY_10564" name="WIRE_DEV_PIN_1" value="C23-C1:23"/>
			<Property id="PROPERTY_10565" name="WIRE_COLOR" value="GN"/>
			<Property id="PROPERTY_10566" name="WIRE_SPEC" value="2UKD"/>
			<Property id="PROPERTY_10567" name="WIRE_LEVEL" value="(P-COL)"/>
			<Property id="PROPERTY_10568" name="WIRE_DEV_PIN_2" value="C2PP04:3"/>
			<Property id="PROPERTY_10569" name="WIRE_NAME" value="RPP06C"/>
			<Property id="PROPERTY_10570" name="WIRE_END_DC" value="1,9U5T-14474-EB,(SN),(P-COL),RPP06E"/>
			<Property id="PROPERTY_10571" name="WIRE_END2_TERM" value="97BG-14474-AAB"/>
			<Property id="PROPERTY_10572" name="WIRE_SIGNAL" value="RPP06"/>
			<Property id="PROPERTY_10573" name="HRN_FAMILY" value="14401"/>
			<Property id="PROPERTY_10574" name="WIRE_FPN" value="WIRE-2UKD-0.35-GN"/>
			<Property id="PROPERTY_10575" name="WIRE_DIA_MAX" value="1.2"/>
			<Option id="OPTION_95-c-0-e5cf1_1" value="GRAAP"/>
			<BranchRoute id="BRR_422">
				<StartBranchPosition id="BR_POS_1107" branchId="BRANCH_c2-4e-0-4c0de1" branchNodeId="BN_79_9-190_058" offset="0"/>
				<PassBranchId>BRANCH_c2-4e-0-4c0ddd</PassBranchId>
				<PassBranchId>BRANCH_c2-4e-0-4c10dd</PassBranchId>
				<PassBranchId>BRANCH_c2-4e-0-4c1020</PassBranchId>
				<PassBranchId>BRANCH_c2-4e-0-4c1021</PassBranchId>
				<PassBranchId>BRANCH_c2-4e-0-4c10e7</PassBranchId>
				<PassBranchId>BRANCH_c2-4e-0-4c0fc5</PassBranchId>
				<PassBranchId>BRANCH_c2-4e-0-4c0fce</PassBranchId>
				<PassBranchId>BRANCH_c2-4e-0-4c0d1d</PassBranchId>
				<PassBranchId>BRANCH_35-4e-0-2efaf8</PassBranchId>
				<PassBranchId>BRANCH_c2-4e-0-4c10c0</PassBranchId>
				<PassBranchId>BRANCH_c2-4e-0-4c0fc8</PassBranchId>
				<PassBranchId>BRANCH_c2-4e-0-4c1090</PassBranchId>
				<PassBranchId>BRANCH_c2-4e-0-4c1093</PassBranchId>
				<PassBranchId>BRANCH_c2-4e-0-4c1096</PassBranchId>
				<EndBranchPosition id="BR_POS_1108" branchId="BRANCH_c2-4e-0-4c0d85" branchNodeId="BN_7290_25-62_156" offset="0"/>
			</BranchRoute>
		</WiringItem>
		<WiringItem xsi:type="Wire" id="WIRE_95-c-0-e482f" name="RPP06E" signalId="SIGNAL_2-36-0-3d0d" cableType="WIRE-2UKD-0.35" wireName="GN" fromPinId="PIN_96-18-0-e575" toPinId="PIN_74-18-0-263b8c">
			<AppRef name="E3.Series" version="2.13.7.0" guid="86db0c42-f09c-442b-bfd8-28ab9dc8401b"/>
			<Property id="PROPERTY_10576" name="WIRE_LENGTH" value="590"/>
			<Property id="PROPERTY_10577" name="WIRE_CSA" value="0.35"/>
			<Property id="PROPERTY_10578" name="WIRE_MIN_BEND_RADIUS" value="3"/>
			<Property id="PROPERTY_10579" name="WIRE_OPTION" value="GRAAP"/>
			<Property id="PROPERTY_10580" name="WIRE_DEV_PIN_1" value="C2PP03:3"/>
			<Property id="PROPERTY_10581" name="WIRE_COLOR" value="GN"/>
			<Property id="PROPERTY_10582" name="WIRE_SPEC" value="2UKD"/>
			<Property id="PROPERTY_10583" name="WIRE_END1_MATL" value="(SN)"/>
			<Property id="PROPERTY_10584" name="WIRE_LEVEL" value="(P-COL)"/>
			<Property id="PROPERTY_10585" name="WIRE_END1_TERM" value="97BG-14474-AAB"/>
			<Property id="PROPERTY_10586" name="WIRE_DEV_PIN_2" value="C23-C1:23"/>
			<Property id="PROPERTY_10587" name="WIRE_NAME" value="RPP06E"/>
			<Property id="PROPERTY_10588" name="WIRE_END_DC" value="2,9U5T-14474-EB,(SN),(P-COL),RPP06C"/>
			<Property id="PROPERTY_10589" name="WIRE_SIGNAL" value="RPP06"/>
			<Property id="PROPERTY_10590" name="HRN_FAMILY" value="14401"/>
			<Property id="PROPERTY_10591" name="WIRE_FPN" value="WIRE-2UKD-0.35-GN"/>
			<Property id="PROPERTY_10592" name="WIRE_DIA_MAX" value="1.2"/>
			<Option id="OPTION_95-c-0-e482f_1" value="GRAAP"/>
			<BranchRoute id="BRR_423">
				<StartBranchPosition id="BR_POS_1109" branchId="BRANCH_c2-4e-0-4c0de1" branchNodeId="BN_79_9-190_058" offset="0"/>
				<PassBranchId>BRANCH_c2-4e-0-4c0ddd</PassBranchId>
				<PassBranchId>BRANCH_c2-4e-0-4c10dd</PassBranchId>
				<PassBranchId>BRANCH_c2-4e-0-4c1020</PassBranchId>
				<PassBranchId>BRANCH_c2-4e-0-4c1021</PassBranchId>
				<PassBranchId>BRANCH_c2-4e-0-4c10e7</PassBranchId>
				<PassBranchId>BRANCH_c2-4e-0-4c0fc5</PassBranchId>
				<PassBranchId>BRANCH_c2-4e-0-4c101a</PassBranchId>
				<PassBranchId>BRANCH_c2-4e-0-4c102b</PassBranchId>
				<EndBranchPosition id="BR_POS_1110" branchId="BRANCH_c2-4e-0-4c0d8b" branchNodeId="BN_6402_25-78_156" offset="0"/>
			</BranchRoute>
		</WiringItem>
		<WiringItem xsi:type="Wire" id="WIRE_7-c-0-3624fb" name="RPW05B" signalId="SIGNAL_2-36-0-3d32" cableType="WIRE-2UKD-0.35" wireName="GN/BN" fromPinId="PIN_f5-18-0-3adbca" toPinId="PIN_6e-18-0-dc09">
			<AppRef name="E3.Series" version="2.13.7.0" guid="31b30468-545b-4b63-a6f1-02a7a42ac878"/>
			<Property id="PROPERTY_10593" name="WIRE_LENGTH" value="665"/>
			<Property id="PROPERTY_10594" name="WIRE_END2_MATL" value="(SN)"/>
			<Property id="PROPERTY_10595" name="WIRE_CSA" value="0.35"/>
			<Property id="PROPERTY_10596" name="WIRE_MIN_BEND_RADIUS" value="3"/>
			<Property id="PROPERTY_10597" name="WIRE_OPTION" value="JBMAB"/>
			<Property id="PROPERTY_10598" name="WIRE_DEV_PIN_1" value="C2LF70:3"/>
			<Property id="PROPERTY_10599" name="WIRE_COLOR" value="GN/BN"/>
			<Property id="PROPERTY_10600" name="WIRE_SPEC" value="2UKD"/>
			<Property id="PROPERTY_10601" name="WIRE_END1_MATL" value="(SN)"/>
			<Property id="PROPERTY_10602" name="WIRE_LEVEL" value="(D-CAM)/(C-SHF)/(KWINV)/(8SPKR)/(F-SHF)/(BEV)"/>
			<Property id="PROPERTY_10603" name="WIRE_END1_TERM" value="3F2T-14474-SA"/>
			<Property id="PROPERTY_10604" name="WIRE_DEV_PIN_2" value="C23-A1:1"/>
			<Property id="PROPERTY_10605" name="WIRE_NAME" value="RPW05B"/>
			<Property id="PROPERTY_10606" name="WIRE_END2_TERM" value="3F2T-14474-SA"/>
			<Property id="PROPERTY_10607" name="WIRE_SIGNAL" value="RPW05"/>
			<Property id="PROPERTY_10608" name="HRN_FAMILY" value="14401"/>
			<Property id="PROPERTY_10609" name="WIRE_FPN" value="WIRE-2UKD-0.35-GN/BN"/>
			<Property id="PROPERTY_10610" name="WIRE_DIA_MAX" value="1.2"/>
			<Option id="OPTION_7-c-0-3624fb_1" value="JBMAB"/>
			<BranchRoute id="BRR_424">
				<StartBranchPosition id="BR_POS_1111" branchId="BRANCH_c2-4e-0-4c0dda" branchNodeId="BN_695_9-190_058" offset="0"/>
				<PassBranchId>BRANCH_c2-4e-0-4c0fad</PassBranchId>
				<PassBranchId>BRANCH_c2-4e-0-4c10dd</PassBranchId>
				<PassBranchId>BRANCH_c2-4e-0-4c1020</PassBranchId>
				<PassBranchId>BRANCH_c2-4e-0-4c1021</PassBranchId>
				<PassBranchId>BRANCH_c2-4e-0-4c1056</PassBranchId>
				<PassBranchId>BRANCH_c2-4e-0-4c1055</PassBranchId>
				<PassBranchId>BRANCH_c2-4e-0-4c0dc5</PassBranchId>
				<PassBranchId>BRANCH_c2-4e-0-4c105c</PassBranchId>
				<PassBranchId>BRANCH_c2-4e-0-4c0e2c</PassBranchId>
				<EndBranchPosition id="BR_POS_1112" branchId="BRANCH_c2-4e-0-4c0dc8" branchNodeId="BN_3127_9-190_058" offset="0"/>
			</BranchRoute>
		</WiringItem>
		<WiringItem xsi:type="Wire" id="WIRE_95-c-0-e5bcc" name="RRH02C" signalId="SIGNAL_2-36-0-3d8f" cableType="WIRE-2UKD-0.35" wireName="GN/WH" fromPinId="PIN_f-18-0-dbcf" toPinId="PIN_48-18-0-85d4ee">
			<AppRef name="E3.Series" version="2.13.7.0" guid="b83e96ba-946f-493a-8e0b-9dd54779cb93"/>
			<Property id="PROPERTY_10801" name="WIRE_LENGTH" value="2730"/>
			<Property id="PROPERTY_10802" name="WIRE_END2_MATL" value="(SN)"/>
			<Property id="PROPERTY_10803" name="WIRE_CSA" value="0.35"/>
			<Property id="PROPERTY_10804" name="WIRE_MIN_BEND_RADIUS" value="3"/>
			<Property id="PROPERTY_10805" name="WIRE_OPTION" value="GPAAJ"/>
			<Property id="PROPERTY_10806" name="WIRE_DEV_PIN_1" value="C2AM02-B:18"/>
			<Property id="PROPERTY_10807" name="WIRE_COLOR" value="GN/WH"/>
			<Property id="PROPERTY_10808" name="WIRE_SPEC" value="2UKD"/>
			<Property id="PROPERTY_10809" name="WIRE_END1_MATL" value="(SN)"/>
			<Property id="PROPERTY_10810" name="WIRE_LEVEL" value="(E-STR)"/>
			<Property id="PROPERTY_10811" name="WIRE_END1_TERM" value="9U5T-14474-DB"/>
			<Property id="PROPERTY_10812" name="WIRE_DEV_PIN_2" value="C2AM01-A:9"/>
			<Property id="PROPERTY_10813" name="WIRE_NAME" value="RRH02C"/>
			<Property id="PROPERTY_10814" name="WIRE_END2_TERM" value="3F2T-14474-SA"/>
			<Property id="PROPERTY_10815" name="WIRE_SIGNAL" value="RRH02"/>
			<Property id="PROPERTY_10816" name="HRN_FAMILY" value="14401"/>
			<Property id="PROPERTY_10817" name="WIRE_FPN" value="WIRE-2UKD-0.35-GN/WH"/>
			<Property id="PROPERTY_10818" name="WIRE_DIA_MAX" value="1.2"/>
			<Option id="OPTION_95-c-0-e5bcc_1" value="GPAAJ"/>
			<BranchRoute id="BRR_435">
				<StartBranchPosition id="BR_POS_1133" branchId="BRANCH_c2-4e-0-4c0ee1" branchNodeId="BN_4390_25-206_156" offset="0"/>
				<PassBranchId>BRANCH_c2-4e-0-4c0ee0</PassBranchId>
				<PassBranchId>BRANCH_c2-4e-0-4c10ad</PassBranchId>
				<PassBranchId>BRANCH_c2-4e-0-4c0db1</PassBranchId>
				<PassBranchId>BRANCH_c2-4e-0-4c0d9b</PassBranchId>
				<PassBranchId>BRANCH_c2-4e-0-4c10b4</PassBranchId>
				<PassBranchId>BRANCH_c2-4e-0-4c10b7</PassBranchId>
				<PassBranchId>BRANCH_c2-4e-0-4c0fa1</PassBranchId>
				<PassBranchId>BRANCH_c2-4e-0-4c10b1</PassBranchId>
				<PassBranchId>BRANCH_c2-4e-0-4c0f9e</PassBranchId>
				<PassBranchId>BRANCH_c2-4e-0-4c0f9b</PassBranchId>
				<PassBranchId>BRANCH_c2-4e-0-4c10ae</PassBranchId>
				<PassBranchId>BRANCH_c2-4e-0-4c0d95</PassBranchId>
				<PassBranchId>BRANCH_c2-4e-0-4c101d</PassBranchId>
				<PassBranchId>BRANCH_c2-4e-0-4c101a</PassBranchId>
				<PassBranchId>BRANCH_c2-4e-0-4c0fce</PassBranchId>
				<PassBranchId>BRANCH_c2-4e-0-4c0d1d</PassBranchId>
				<PassBranchId>BRANCH_35-4e-0-2efaf8</PassBranchId>
				<PassBranchId>BRANCH_c2-4e-0-4c10c0</PassBranchId>
				<PassBranchId>BRANCH_c2-4e-0-4c0fc8</PassBranchId>
				<PassBranchId>BRANCH_c2-4e-0-4c108d</PassBranchId>
				<PassBranchId>BRANCH_c2-4e-0-4c0d88</PassBranchId>
				<PassBranchId>BRANCH_c2-4e-0-4c109a</PassBranchId>
				<PassBranchId>BRANCH_c2-4e-0-4c0e16</PassBranchId>
				<PassBranchId>BRANCH_c2-4e-0-4c0fcb</PassBranchId>
				<PassBranchId>BRANCH_c2-4e-0-4c0dea</PassBranchId>
				<PassBranchId>BRANCH_c2-4e-0-4c0fd1</PassBranchId>
				<PassBranchId>BRANCH_c2-4e-0-4c0fe8</PassBranchId>
				<PassBranchId>BRANCH_c2-4e-0-4c1009</PassBranchId>
				<PassBranchId>BRANCH_c2-4e-0-4c10cb</PassBranchId>
				<PassBranchId>BRANCH_c2-4e-0-4c10ec</PassBranchId>
				<PassBranchId>BRANCH_c2-4e-0-4c0de4</PassBranchId>
				<PassBranchId>BRANCH_1a-4e-0-18e01d0</PassBranchId>
				<PassBranchId>BRANCH_c2-4e-0-4c10c8</PassBranchId>
				<PassBranchId>BRANCH_eb-4e-0-678fca</PassBranchId>
				<PassBranchId>BRANCH_c2-4e-0-4c0e87</PassBranchId>
				<PassBranchId>BRANCH_c2-4e-0-4c0e8c</PassBranchId>
				<PassBranchId>BRANCH_c2-4e-0-4c0e7f</PassBranchId>
				<PassBranchId>BRANCH_c2-4e-0-4c102d</PassBranchId>
				<PassBranchId>BRANCH_c2-4e-0-4c1030</PassBranchId>
				<PassBranchId>BRANCH_c2-4e-0-4c0e6d</PassBranchId>
				<PassBranchId>BRANCH_c2-4e-0-4c0fdc</PassBranchId>
				<PassBranchId>BRANCH_c2-4e-0-4c0efe</PassBranchId>
				<PassBranchId>BRANCH_c2-4e-0-4c0df1</PassBranchId>
				<EndBranchPosition id="BR_POS_1134" branchId="BRANCH_c2-4e-0-4c0f01" branchNodeId="BN_23840-236" offset="0"/>
			</BranchRoute>
		</WiringItem>
		<WiringItem xsi:type="Wire" id="WIRE_6c-c-0-3f9e8d" name="RRH02C3" signalId="SIGNAL_2-36-0-3d8f" cableType="WIRE-2UKD-0.35" wireName="GN/WH" fromPinId="PIN_8c-18-0-3398a8" toPinId="PIN_f-18-0-dbcf">
			<AppRef name="E3.Series" version="2.13.7.0" guid="578b08e5-7c39-4f11-aace-fba11054bf49"/>
			<Property id="PROPERTY_10819" name="WIRE_LENGTH" value="2730"/>
			<Property id="PROPERTY_10820" name="WIRE_END2_MATL" value="(SN)"/>
			<Property id="PROPERTY_10821" name="WIRE_CSA" value="0.35"/>
			<Property id="PROPERTY_10822" name="WIRE_MIN_BEND_RADIUS" value="3"/>
			<Property id="PROPERTY_10823" name="WIRE_OPTION" value="GPAAW"/>
			<Property id="PROPERTY_10824" name="WIRE_DEV_PIN_1" value="C2R168-C:5"/>
			<Property id="PROPERTY_10825" name="WIRE_COLOR" value="GN/WH"/>
			<Property id="PROPERTY_10826" name="WIRE_SPEC" value="2UKD"/>
			<Property id="PROPERTY_10827" name="WIRE_END1_MATL" value="(SN)"/>
			<Property id="PROPERTY_10828" name="WIRE_LEVEL" value="(A-STR)"/>
			<Property id="PROPERTY_10829" name="WIRE_END1_TERM" value="3F2T-14474-SA"/>
			<Property id="PROPERTY_10830" name="WIRE_DEV_PIN_2" value="C2AM02-B:18"/>
			<Property id="PROPERTY_10831" name="WIRE_NAME" value="RRH02C3"/>
			<Property id="PROPERTY_10832" name="WIRE_END2_TERM" value="9U5T-14474-DB"/>
			<Property id="PROPERTY_10833" name="WIRE_SIGNAL" value="RRH02"/>
			<Property id="PROPERTY_10834" name="HRN_FAMILY" value="14401"/>
			<Property id="PROPERTY_10835" name="WIRE_FPN" value="WIRE-2UKD-0.35-GN/WH"/>
			<Property id="PROPERTY_10836" name="WIRE_DIA_MAX" value="1.2"/>
			<Option id="OPTION_6c-c-0-3f9e8d_1" value="GPAAW"/>
			<BranchRoute id="BRR_436">
				<StartBranchPosition id="BR_POS_1135" branchId="BRANCH_c2-4e-0-4c0dae" branchNodeId="BN_4478_25-182_156" offset="0"/>
				<PassBranchId>BRANCH_c2-4e-0-4c0edc</PassBranchId>
				<PassBranchId>BRANCH_c2-4e-0-4c10ad</PassBranchId>
				<PassBranchId>BRANCH_c2-4e-0-4c0db1</PassBranchId>
				<PassBranchId>BRANCH_c2-4e-0-4c0d9b</PassBranchId>
				<PassBranchId>BRANCH_c2-4e-0-4c10b4</PassBranchId>
				<PassBranchId>BRANCH_c2-4e-0-4c10b7</PassBranchId>
				<PassBranchId>BRANCH_c2-4e-0-4c0fa1</PassBranchId>
				<PassBranchId>BRANCH_c2-4e-0-4c10b1</PassBranchId>
				<PassBranchId>BRANCH_c2-4e-0-4c0f9e</PassBranchId>
				<PassBranchId>BRANCH_c2-4e-0-4c0f9b</PassBranchId>
				<PassBranchId>BRANCH_c2-4e-0-4c10ae</PassBranchId>
				<PassBranchId>BRANCH_c2-4e-0-4c0d95</PassBranchId>
				<PassBranchId>BRANCH_c2-4e-0-4c101d</PassBranchId>
				<PassBranchId>BRANCH_c2-4e-0-4c101a</PassBranchId>
				<PassBranchId>BRANCH_c2-4e-0-4c0fce</PassBranchId>
				<PassBranchId>BRANCH_c2-4e-0-4c0d1d</PassBranchId>
				<PassBranchId>BRANCH_35-4e-0-2efaf8</PassBranchId>
				<PassBranchId>BRANCH_c2-4e-0-4c10c0</PassBranchId>
				<PassBranchId>BRANCH_c2-4e-0-4c0fc8</PassBranchId>
				<PassBranchId>BRANCH_c2-4e-0-4c108d</PassBranchId>
				<PassBranchId>BRANCH_c2-4e-0-4c0d88</PassBranchId>
				<PassBranchId>BRANCH_c2-4e-0-4c109a</PassBranchId>
				<PassBranchId>BRANCH_c2-4e-0-4c0e16</PassBranchId>
				<PassBranchId>BRANCH_c2-4e-0-4c0fcb</PassBranchId>
				<PassBranchId>BRANCH_c2-4e-0-4c0dea</PassBranchId>
				<PassBranchId>BRANCH_c2-4e-0-4c0fd1</PassBranchId>
				<PassBranchId>BRANCH_c2-4e-0-4c0fe8</PassBranchId>
				<PassBranchId>BRANCH_c2-4e-0-4c1009</PassBranchId>
				<PassBranchId>BRANCH_c2-4e-0-4c10cb</PassBranchId>
				<PassBranchId>BRANCH_c2-4e-0-4c10ec</PassBranchId>
				<PassBranchId>BRANCH_c2-4e-0-4c0de4</PassBranchId>
				<PassBranchId>BRANCH_1a-4e-0-18e01d0</PassBranchId>
				<PassBranchId>BRANCH_c2-4e-0-4c10c8</PassBranchId>
				<PassBranchId>BRANCH_eb-4e-0-678fca</PassBranchId>
				<PassBranchId>BRANCH_c2-4e-0-4c0e87</PassBranchId>
				<PassBranchId>BRANCH_c2-4e-0-4c0e8c</PassBranchId>
				<PassBranchId>BRANCH_c2-4e-0-4c0e7f</PassBranchId>
				<PassBranchId>BRANCH_c2-4e-0-4c102d</PassBranchId>
				<PassBranchId>BRANCH_c2-4e-0-4c1030</PassBranchId>
				<PassBranchId>BRANCH_c2-4e-0-4c0e6d</PassBranchId>
				<PassBranchId>BRANCH_c2-4e-0-4c0fdc</PassBranchId>
				<PassBranchId>BRANCH_c2-4e-0-4c0efe</PassBranchId>
				<PassBranchId>BRANCH_c2-4e-0-4c0df1</PassBranchId>
				<EndBranchPosition id="BR_POS_1136" branchId="BRANCH_c2-4e-0-4c0f01" branchNodeId="BN_23840-236" offset="0"/>
			</BranchRoute>
		</WiringItem>
		<WiringItem xsi:type="Wire" id="WIRE_93-c-0-3a0368" name="RYA03CR" signalId="SIGNAL_2-36-0-3160" cableType="WIRE-2UKD-0.35" wireName="BU/BN" fromPinId="PIN_3e-18-0-323bf7" toPinId="PIN_93-18-0-3a0359">
			<AppRef name="E3.Series" version="2.14.0.0" guid="a44bfdd9-b042-4775-bc09-fe00c4081b9b"/>
			<Property id="PROPERTY_10837" name="WIRE_LENGTH" value="1577"/>
			<Property id="PROPERTY_10838" name="WIRE_END2_MATL" value="(SN)"/>
			<Property id="PROPERTY_10839" name="WIRE_CSA" value="0.35"/>
			<Property id="PROPERTY_10840" name="WIRE_MIN_BEND_RADIUS" value="3"/>
			<Property id="PROPERTY_10841" name="WIRE_OPTION" value="HUKAD"/>
			<Property id="PROPERTY_10842" name="WIRE_DEV_PIN_1" value="C23-E1:16"/>
			<Property id="PROPERTY_10843" name="WIRE_COLOR" value="BU/BN"/>
			<Property id="PROPERTY_10844" name="WIRE_SPEC" value="2UKD"/>
			<Property id="PROPERTY_10845" name="WIRE_END1_MATL" value="(SN)"/>
			<Property id="PROPERTY_10846" name="WIRE_LEVEL" value="VA"/>
			<Property id="PROPERTY_10847" name="WIRE_END1_TERM" value="9U5T-14474-DB"/>
			<Property id="PROPERTY_10848" name="WIRE_DEV_PIN_2" value="C2YA02-CR:4"/>
			<Property id="PROPERTY_10849" name="WIRE_NAME" value="RYA03CR"/>
			<Property id="PROPERTY_10850" name="WIRE_END2_TERM" value="AU5T-14474-DA"/>
			<Property id="PROPERTY_10851" name="WIRE_SIGNAL" value="CAC16"/>
			<Property id="PROPERTY_10852" name="HRN_FAMILY" value="14401"/>
			<Property id="PROPERTY_10853" name="WIRE_FPN" value="WIRE-2UKD-0.35-BU/BN"/>
			<Property id="PROPERTY_10854" name="WIRE_DIA_MAX" value="1.2"/>
			<Option id="OPTION_93-c-0-3a0368_1" value="HUKAD"/>
			<BranchRoute id="BRR_437">
				<StartBranchPosition id="BR_POS_1137" branchId="BRANCH_62-4e-0-c9509e" branchNodeId="BN_16856-268" offset="0"/>
				<PassBranchId>BRANCH_62-4e-0-c92d63</PassBranchId>
				<PassBranchId>BRANCH_c2-4e-0-4c0d46</PassBranchId>
				<PassBranchId>BRANCH_c2-4e-0-4c0f30</PassBranchId>
				<PassBranchId>BRANCH_c2-4e-0-4c0d05</PassBranchId>
				<PassBranchId>BRANCH_c2-4e-0-4c1076</PassBranchId>
				<PassBranchId>BRANCH_c2-4e-0-4c1087</PassBranchId>
				<PassBranchId>BRANCH_c2-4e-0-4c1083</PassBranchId>
				<PassBranchId>BRANCH_c2-4e-0-4c0f89</PassBranchId>
				<PassBranchId>BRANCH_c2-4e-0-4c0f18</PassBranchId>
				<PassBranchId>BRANCH_c2-4e-0-4c0f88</PassBranchId>
				<PassBranchId>BRANCH_c2-4e-0-4c0e97</PassBranchId>
				<PassBranchId>BRANCH_c2-4e-0-4c10ce</PassBranchId>
				<PassBranchId>BRANCH_c2-4e-0-4c0e9b</PassBranchId>
				<PassBranchId>BRANCH_c2-4e-0-4c10f5</PassBranchId>
				<PassBranchId>BRANCH_c2-4e-0-4c0dfa</PassBranchId>
				<EndBranchPosition id="BR_POS_1138" branchId="BRANCH_c2-4e-0-4c0f1c" branchNodeId="BN_18448-168" offset="0"/>
			</BranchRoute>
		</WiringItem>
		<WiringItem xsi:type="Wire" id="WIRE_25-c-0-312d2a" name="RYA09CA" signalId="SIGNAL_2-36-0-3160" cableType="WIRE-3TAH-3.0" wireName="GY" fromPinId="PIN_3b-18-0-125d282" toPinId="PIN_88-18-0-48d614">
			<AppRef name="E3.Series" version="2.13.7.0" guid="779abcbf-6d9a-4446-86e7-4df3ab302d78"/>
			<Property id="PROPERTY_10855" name="WIRE_LENGTH" value="1710"/>
			<Property id="PROPERTY_10856" name="WIRE_END2_MATL" value="(SN)"/>
			<Property id="PROPERTY_10857" name="WIRE_CSA" value="3"/>
			<Property id="PROPERTY_10858" name="WIRE_MIN_BEND_RADIUS" value="8.5"/>
			<Property id="PROPERTY_10859" name="WIRE_OPTION" value="HUKAJ | HUKAK | HUKAL | HUKAM | HUKAN | HUKAQ"/>
			<Property id="PROPERTY_10860" name="WIRE_DEV_PIN_1" value="C2YA02-C2:6"/>
			<Property id="PROPERTY_10861" name="WIRE_COLOR" value="GY"/>
			<Property id="PROPERTY_10862" name="WIRE_SPEC" value="3TAH"/>
			<Property id="PROPERTY_10863" name="WIRE_END1_MATL" value="(SN)"/>
			<Property id="PROPERTY_10864" name="WIRE_LEVEL" value="(400W)/(KWINV)/(ACBRKR)/(F-SHF)/(BEV)"/>
			<Property id="PROPERTY_10865" name="WIRE_END1_TERM" value="97BG-14474-CCA"/>
			<Property id="PROPERTY_10866" name="WIRE_DEV_PIN_2" value="C23-PT1:3"/>
			<Property id="PROPERTY_10867" name="WIRE_NAME" value="RYA09CA"/>
			<Property id="PROPERTY_10868" name="WIRE_END2_TERM" value="97BG-14474-CCA"/>
			<Property id="PROPERTY_10869" name="WIRE_SIGNAL" value="CAC16"/>
			<Property id="PROPERTY_10870" name="HRN_FAMILY" value="14401"/>
			<Property id="PROPERTY_10871" name="WIRE_FPN" value="WIRE-3TAH-3.0-GY"/>
			<Property id="PROPERTY_10872" name="WIRE_DIA_MAX" value="3.4"/>
			<Option id="OPTION_25-c-0-312d2a_1" value="HUKAJ | HUKAK | HUKAL | HUKAM | HUKAN | HUKAQ"/>
			<BranchRoute id="BRR_438">
				<StartBranchPosition id="BR_POS_1139" branchId="BRANCH_c2-4e-0-4c0f8c" branchNodeId="BN_1111_9-146_058" offset="0"/>
				<PassBranchId>BRANCH_c2-4e-0-4c0ed7</PassBranchId>
				<PassBranchId>BRANCH_c2-4e-0-4c10dd</PassBranchId>
				<PassBranchId>BRANCH_c2-4e-0-4c1020</PassBranchId>
				<PassBranchId>BRANCH_c2-4e-0-4c1021</PassBranchId>
				<PassBranchId>BRANCH_c2-4e-0-4c10e7</PassBranchId>
				<PassBranchId>BRANCH_c2-4e-0-4c0fc5</PassBranchId>
				<PassBranchId>BRANCH_c2-4e-0-4c0fce</PassBranchId>
				<PassBranchId>BRANCH_c2-4e-0-4c0d1d</PassBranchId>
				<PassBranchId>BRANCH_35-4e-0-2efaf8</PassBranchId>
				<PassBranchId>BRANCH_c2-4e-0-4c10c0</PassBranchId>
				<PassBranchId>BRANCH_c2-4e-0-4c0fc8</PassBranchId>
				<PassBranchId>BRANCH_c2-4e-0-4c108d</PassBranchId>
				<PassBranchId>BRANCH_c2-4e-0-4c0d88</PassBranchId>
				<PassBranchId>BRANCH_c2-4e-0-4c109a</PassBranchId>
				<PassBranchId>BRANCH_c2-4e-0-4c0e16</PassBranchId>
				<PassBranchId>BRANCH_c2-4e-0-4c0fcb</PassBranchId>
				<PassBranchId>BRANCH_c2-4e-0-4c0dea</PassBranchId>
				<PassBranchId>BRANCH_c2-4e-0-4c0fd1</PassBranchId>
				<PassBranchId>BRANCH_c2-4e-0-4c0fe8</PassBranchId>
				<PassBranchId>BRANCH_c2-4e-0-4c1009</PassBranchId>
				<PassBranchId>BRANCH_c2-4e-0-4c10cb</PassBranchId>
				<PassBranchId>BRANCH_c2-4e-0-4c10ec</PassBranchId>
				<PassBranchId>BRANCH_c2-4e-0-4c1075</PassBranchId>
				<PassBranchId>BRANCH_c2-4e-0-4c106f</PassBranchId>
				<PassBranchId>BRANCH_c2-4e-0-4c1076</PassBranchId>
				<PassBranchId>BRANCH_c2-4e-0-4c0d05</PassBranchId>
				<PassBranchId>BRANCH_c2-4e-0-4c0f30</PassBranchId>
				<PassBranchId>BRANCH_c2-4e-0-4c0d46</PassBranchId>
				<PassBranchId>BRANCH_c2-4e-0-4c0ec8</PassBranchId>
				<EndBranchPosition id="BR_POS_1140" branchId="BRANCH_c2-4e-0-4c0ecc" branchNodeId="BN_17032-72" offset="0"/>
			</BranchRoute>
		</WiringItem>
		<WiringItem xsi:type="Wire" id="WIRE_88-c-0-498dd0" name="RYA21TB" signalId="SIGNAL_2-36-0-3160" cableType="WIRE-2UKD-0.35" wireName="BN" fromPinId="PIN_3b-18-0-125d267" toPinId="PIN_3e-18-0-323bf7">
			<AppRef name="E3.Series" version="2.13.7.0" guid="c06d0dc7-d304-48b5-abd9-b69eec3a1fe1"/>
			<Property id="PROPERTY_10873" name="WIRE_LENGTH" value="1607"/>
			<Property id="PROPERTY_10874" name="WIRE_END2_MATL" value="(SN)"/>
			<Property id="PROPERTY_10875" name="WIRE_CSA" value="0.35"/>
			<Property id="PROPERTY_10876" name="WIRE_MIN_BEND_RADIUS" value="3"/>
			<Property id="PROPERTY_10877" name="WIRE_OPTION" value="HUKAJ | HUKAK | HUKAL | HUKAM | HUKAN | HUKAQ"/>
			<Property id="PROPERTY_10878" name="WIRE_DEV_PIN_1" value="C2YA02-C1:4"/>
			<Property id="PROPERTY_10879" name="WIRE_COLOR" value="BN"/>
			<Property id="PROPERTY_10880" name="WIRE_SPEC" value="2UKD"/>
			<Property id="PROPERTY_10881" name="WIRE_END1_MATL" value="(SN)"/>
			<Property id="PROPERTY_10882" name="WIRE_LEVEL" value="(400W)/(KWINV)/(ACBRKR)/(F-SHF)/(BEV)"/>
			<Property id="PROPERTY_10883" name="WIRE_END1_TERM" value="9U5T-14474-DB"/>
			<Property id="PROPERTY_10884" name="WIRE_DEV_PIN_2" value="C23-E1:16"/>
			<Property id="PROPERTY_10885" name="WIRE_NAME" value="RYA21TB"/>
			<Property id="PROPERTY_10886" name="WIRE_END2_TERM" value="9U5T-14474-DB"/>
			<Property id="PROPERTY_10887" name="WIRE_SIGNAL" value="CAC16"/>
			<Property id="PROPERTY_10888" name="HRN_FAMILY" value="14401"/>
			<Property id="PROPERTY_10889" name="WIRE_FPN" value="WIRE-2UKD-0.35-BN"/>
			<Property id="PROPERTY_10890" name="WIRE_DIA_MAX" value="1.2"/>
			<Option id="OPTION_88-c-0-498dd0_1" value="HUKAJ | HUKAK | HUKAL | HUKAM | HUKAN | HUKAQ"/>
			<BranchRoute id="BRR_439">
				<StartBranchPosition id="BR_POS_1141" branchId="BRANCH_c2-4e-0-4c0ec5" branchNodeId="BN_16936-148" offset="0"/>
				<PassBranchId>BRANCH_c2-4e-0-4c0ec1</PassBranchId>
				<PassBranchId>BRANCH_c2-4e-0-4c0d46</PassBranchId>
				<PassBranchId>BRANCH_c2-4e-0-4c0f30</PassBranchId>
				<PassBranchId>BRANCH_c2-4e-0-4c0d05</PassBranchId>
				<PassBranchId>BRANCH_c2-4e-0-4c1076</PassBranchId>
				<PassBranchId>BRANCH_c2-4e-0-4c1087</PassBranchId>
				<PassBranchId>BRANCH_c2-4e-0-4c1083</PassBranchId>
				<PassBranchId>BRANCH_c2-4e-0-4c0f89</PassBranchId>
				<PassBranchId>BRANCH_c2-4e-0-4c0f18</PassBranchId>
				<PassBranchId>BRANCH_c2-4e-0-4c0f88</PassBranchId>
				<PassBranchId>BRANCH_c2-4e-0-4c0e97</PassBranchId>
				<PassBranchId>BRANCH_c2-4e-0-4c10ce</PassBranchId>
				<PassBranchId>BRANCH_c2-4e-0-4c0e9b</PassBranchId>
				<PassBranchId>BRANCH_c2-4e-0-4c10f5</PassBranchId>
				<PassBranchId>BRANCH_c2-4e-0-4c0dfa</PassBranchId>
				<EndBranchPosition id="BR_POS_1142" branchId="BRANCH_c2-4e-0-4c0f1c" branchNodeId="BN_18448-168" offset="0"/>
			</BranchRoute>
		</WiringItem>
		<WiringItem xsi:type="Wire" id="WIRE_4d-c-0-36d29c" name="SBB38HB" signalId="SIGNAL_2-36-0-3e44" cableType="WIRE-3TAD-2.0" wireName="BN/RD" fromPinId="PIN_4d-1e-0-36e3e0" toPinId="PIN_b5-18-0-550c">
			<AppRef name="E3.Series" version="2.13.7.0" guid="5934d511-3239-4d5a-8650-fd767579dd82"/>
			<Property id="PROPERTY_10891" name="WIRE_LENGTH" value="1395"/>
			<Property id="PROPERTY_10892" name="WIRE_END2_MATL" value="(SN)"/>
			<Property id="PROPERTY_10893" name="WIRE_CSA" value="2"/>
			<Property id="PROPERTY_10894" name="WIRE_MIN_BEND_RADIUS" value="7"/>
			<Property id="PROPERTY_10895" name="WIRE_OPTION" value="BY1AC &amp; ( HJGAJ | HJGAX )"/>
			<Property id="PROPERTY_10896" name="WIRE_DEV_PIN_1" value="S2BB38:1"/>
			<Property id="PROPERTY_10897" name="WIRE_COLOR" value="BN/RD"/>
			<Property id="PROPERTY_10898" name="WIRE_SPEC" value="3TAD"/>
			<Property id="PROPERTY_10899" name="WIRE_LEVEL" value="AJ/AL/BH/BJ/CB/CC/XJ/XL/XS/YC/YD/YG/YH/YK/YL/ZD/ZH"/>
			<Property id="PROPERTY_10900" name="WIRE_DEV_PIN_2" value="C12-A2:14"/>
			<Property id="PROPERTY_10901" name="WIRE_NAME" value="SBB38HB"/>
			<Property id="PROPERTY_10902" name="WIRE_END2_TERM" value="EU5T-14474-FA"/>
			<Property id="PROPERTY_10903" name="WIRE_SIGNAL" value="SBB38"/>
			<Property id="PROPERTY_10904" name="HRN_FAMILY" value="14401"/>
			<Property id="PROPERTY_10905" name="WIRE_FPN" value="WIRE-3TAD-2.0-BN/RD"/>
			<Property id="PROPERTY_10906" name="WIRE_DIA_MAX" value="2.8"/>
			<Option id="OPTION_4d-c-0-36d29c_1" value="BY1AC &amp; ( HJGAJ | HJGAX )"/>
			<BranchRoute id="BRR_440">
				<StartBranchPosition id="BR_POS_1143" branchId="BRANCH_c2-4e-0-4c10c6" branchNodeId="BN_16228-360" offset="0"/>
				<PassBranchId>BRANCH_c2-4e-0-4c0ff9</PassBranchId>
				<PassBranchId>BRANCH_c2-4e-0-4c0f34</PassBranchId>
				<PassBranchId>BRANCH_c2-4e-0-4c0d05</PassBranchId>
				<PassBranchId>BRANCH_c2-4e-0-4c1076</PassBranchId>
				<PassBranchId>BRANCH_c2-4e-0-4c106f</PassBranchId>
				<PassBranchId>BRANCH_c2-4e-0-4c1075</PassBranchId>
				<PassBranchId>BRANCH_c2-4e-0-4c0de4</PassBranchId>
				<PassBranchId>BRANCH_1a-4e-0-18e01d0</PassBranchId>
				<PassBranchId>BRANCH_c2-4e-0-4c10c8</PassBranchId>
				<PassBranchId>BRANCH_eb-4e-0-678fca</PassBranchId>
				<PassBranchId>BRANCH_c2-4e-0-4c0e87</PassBranchId>
				<PassBranchId>BRANCH_c2-4e-0-4c0e8c</PassBranchId>
				<PassBranchId>BRANCH_c2-4e-0-4c0e7f</PassBranchId>
				<PassBranchId>BRANCH_c2-4e-0-4c0ef9</PassBranchId>
				<PassBranchId>BRANCH_c2-4e-0-4c0e70</PassBranchId>
				<PassBranchId>BRANCH_c2-4e-0-4c0d66</PassBranchId>
				<PassBranchId>BRANCH_c2-4e-0-4c0e5f</PassBranchId>
				<EndBranchPosition id="BR_POS_1144" branchId="BRANCH_c2-4e-0-4c0d60" branchNodeId="BN_22052-256" offset="0"/>
			</BranchRoute>
		</WiringItem>
		<WiringItem xsi:type="Wire" id="WIRE_4d-c-0-36d2ba" name="SBB38HD" signalId="SIGNAL_2-36-0-3e44" cableType="WIRE-3TAD-1.5" wireName="BN/RD" fromPinId="PIN_4d-1e-0-36e3e0" toPinId="PIN_f-18-0-f653">
			<AppRef name="E3.Series" version="2.13.7.0" guid="e121aed4-03df-4654-b15b-73fdc1791366"/>
			<Property id="PROPERTY_10907" name="WIRE_LENGTH" value="160"/>
			<Property id="PROPERTY_10908" name="WIRE_END2_MATL" value="(SN)"/>
			<Property id="PROPERTY_10909" name="WIRE_CSA" value="1.5"/>
			<Property id="PROPERTY_10910" name="WIRE_MIN_BEND_RADIUS" value="6"/>
			<Property id="PROPERTY_10911" name="WIRE_OPTION" value="BY1AC &amp; ( HJGAJ | HJGAX )"/>
			<Property id="PROPERTY_10912" name="WIRE_DEV_PIN_1" value="S2BB38:1"/>
			<Property id="PROPERTY_10913" name="WIRE_COLOR" value="BN/RD"/>
			<Property id="PROPERTY_10914" name="WIRE_SPEC" value="3TAD"/>
			<Property id="PROPERTY_10915" name="WIRE_LEVEL" value="AJ/AL/BH/BJ/CB/CC/XJ/XL/XS/YC/YD/YG/YH/YK/YL/ZD/ZH"/>
			<Property id="PROPERTY_10916" name="WIRE_DEV_PIN_2" value="C2H101-B:1"/>
			<Property id="PROPERTY_10917" name="WIRE_NAME" value="SBB38HD"/>
			<Property id="PROPERTY_10918" name="WIRE_END2_TERM" value="7C3T-14474-LA"/>
			<Property id="PROPERTY_10919" name="WIRE_SIGNAL" value="SBB38"/>
			<Property id="PROPERTY_10920" name="HRN_FAMILY" value="14401"/>
			<Property id="PROPERTY_10921" name="WIRE_FPN" value="WIRE-3TAD-1.5-BN/RD"/>
			<Property id="PROPERTY_10922" name="WIRE_DIA_MAX" value="2.4"/>
			<Option id="OPTION_4d-c-0-36d2ba_1" value="BY1AC &amp; ( HJGAJ | HJGAX )"/>
			<BranchRoute id="BRR_441">
				<StartBranchPosition id="BR_POS_1145" branchId="BRANCH_c2-4e-0-4c0f3d" branchNodeId="BN_14728-219_961" offset="0"/>
				<PassBranchId>BRANCH_c2-4e-0-4c0f44</PassBranchId>
				<PassBranchId>BRANCH_c2-4e-0-4c10c3</PassBranchId>
				<EndBranchPosition id="BR_POS_1146" branchId="BRANCH_c2-4e-0-4c10c6" branchNodeId="BN_16228-360" offset="0"/>
			</BranchRoute>
		</WiringItem>
		<WiringItem xsi:type="Wire" id="WIRE_4d-c-0-36bddc" name="SBB38HP" signalId="SIGNAL_2-36-0-3e44" cableType="WIRE-3TAD-1.5" wireName="BN/RD" fromPinId="PIN_f-18-0-f655" toPinId="PIN_4d-1e-0-36e3e0">
			<AppRef name="E3.Series" version="2.13.7.0" guid="08c8d367-36f4-44c0-8557-004c61a4ad3e"/>
			<Property id="PROPERTY_10923" name="WIRE_LENGTH" value="160"/>
			<Property id="PROPERTY_10924" name="WIRE_CSA" value="1.5"/>
			<Property id="PROPERTY_10925" name="WIRE_MIN_BEND_RADIUS" value="6"/>
			<Property id="PROPERTY_10926" name="WIRE_OPTION" value="BY1AC &amp; ( HJGAJ | HJGAX )"/>
			<Property id="PROPERTY_10927" name="WIRE_DEV_PIN_1" value="C2H101-B:2"/>
			<Property id="PROPERTY_10928" name="WIRE_COLOR" value="BN/RD"/>
			<Property id="PROPERTY_10929" name="WIRE_SPEC" value="3TAD"/>
			<Property id="PROPERTY_10930" name="WIRE_END1_MATL" value="(SN)"/>
			<Property id="PROPERTY_10931" name="WIRE_LEVEL" value="AJ/AL/BH/BJ/CB/CC/XJ/XL/XS/YC/YD/YG/YH/YK/YL/ZD/ZH"/>
			<Property id="PROPERTY_10932" name="WIRE_END1_TERM" value="7C3T-14474-LA"/>
			<Property id="PROPERTY_10933" name="WIRE_DEV_PIN_2" value="S2BB38:1"/>
			<Property id="PROPERTY_10934" name="WIRE_NAME" value="SBB38HP"/>
			<Property id="PROPERTY_10935" name="WIRE_SIGNAL" value="SBB38"/>
			<Property id="PROPERTY_10936" name="HRN_FAMILY" value="14401"/>
			<Property id="PROPERTY_10937" name="WIRE_FPN" value="WIRE-3TAD-1.5-BN/RD"/>
			<Property id="PROPERTY_10938" name="WIRE_DIA_MAX" value="2.4"/>
			<Option id="OPTION_4d-c-0-36bddc_1" value="BY1AC &amp; ( HJGAJ | HJGAX )"/>
			<BranchRoute id="BRR_442">
				<StartBranchPosition id="BR_POS_1147" branchId="BRANCH_c2-4e-0-4c0f3d" branchNodeId="BN_14728-219_961" offset="0"/>
				<PassBranchId>BRANCH_c2-4e-0-4c0f44</PassBranchId>
				<PassBranchId>BRANCH_c2-4e-0-4c10c3</PassBranchId>
				<EndBranchPosition id="BR_POS_1148" branchId="BRANCH_c2-4e-0-4c10c6" branchNodeId="BN_16228-360" offset="0"/>
			</BranchRoute>
		</WiringItem>
		<WiringItem xsi:type="Wire" id="WIRE_e8-c-0-a167f" name="SBBA5B" signalId="SIGNAL_2-36-0-3e87" cableType="WIRE-2TAD-4.0" wireName="RD" fromPinId="PIN_43-18-0-32bc0f" toPinId="PIN_b5-18-0-550f">
			<AppRef name="E3.Series" version="2.13.7.0" guid="b1e03eb2-c15d-43e1-bcdd-8e8390171fb9"/>
			<Property id="PROPERTY_10939" name="WIRE_LENGTH" value="2405"/>
			<Property id="PROPERTY_10940" name="WIRE_END2_MATL" value="(SN)"/>
			<Property id="PROPERTY_10941" name="WIRE_CSA" value="4"/>
			<Property id="PROPERTY_10942" name="WIRE_MIN_BEND_RADIUS" value="9.5"/>
			<Property id="PROPERTY_10943" name="WIRE_OPTION" value="GPAAW"/>
			<Property id="PROPERTY_10944" name="WIRE_DEV_PIN_1" value="C2R168-A:5"/>
			<Property id="PROPERTY_10945" name="WIRE_COLOR" value="RD"/>
			<Property id="PROPERTY_10946" name="WIRE_SPEC" value="2TAD"/>
			<Property id="PROPERTY_10947" name="WIRE_END1_MATL" value="(SN)"/>
			<Property id="PROPERTY_10948" name="WIRE_LEVEL" value="(A-STR)"/>
			<Property id="PROPERTY_10949" name="WIRE_END1_TERM" value="DU5T-14474-BBB"/>
			<Property id="PROPERTY_10950" name="WIRE_DEV_PIN_2" value="C12-A2:17"/>
			<Property id="PROPERTY_10951" name="WIRE_NAME" value="SBBA5B"/>
			<Property id="PROPERTY_10952" name="WIRE_END2_TERM" value="EU5T-14474-HA"/>
			<Property id="PROPERTY_10953" name="WIRE_SIGNAL" value="SBBA5"/>
			<Property id="PROPERTY_10954" name="HRN_FAMILY" value="14401"/>
			<Property id="PROPERTY_10955" name="WIRE_FPN" value="WIRE-2TAD-4.0-RD"/>
			<Property id="PROPERTY_10956" name="WIRE_DIA_MAX" value="3.7"/>
			<Option id="OPTION_e8-c-0-a167f_1" value="GPAAW"/>
			<BranchRoute id="BRR_443">
				<StartBranchPosition id="BR_POS_1149" branchId="BRANCH_c2-4e-0-4c0da8" branchNodeId="BN_4567_9-178_058" offset="0"/>
				<PassBranchId>BRANCH_c2-4e-0-4c0e37</PassBranchId>
				<PassBranchId>BRANCH_c2-4e-0-4c10ad</PassBranchId>
				<PassBranchId>BRANCH_c2-4e-0-4c0db1</PassBranchId>
				<PassBranchId>BRANCH_c2-4e-0-4c0d9b</PassBranchId>
				<PassBranchId>BRANCH_c2-4e-0-4c10b4</PassBranchId>
				<PassBranchId>BRANCH_c2-4e-0-4c10b7</PassBranchId>
				<PassBranchId>BRANCH_c2-4e-0-4c0fa1</PassBranchId>
				<PassBranchId>BRANCH_c2-4e-0-4c10b1</PassBranchId>
				<PassBranchId>BRANCH_c2-4e-0-4c0f9e</PassBranchId>
				<PassBranchId>BRANCH_c2-4e-0-4c0f9b</PassBranchId>
				<PassBranchId>BRANCH_c2-4e-0-4c10ae</PassBranchId>
				<PassBranchId>BRANCH_c2-4e-0-4c0d95</PassBranchId>
				<PassBranchId>BRANCH_c2-4e-0-4c101d</PassBranchId>
				<PassBranchId>BRANCH_c2-4e-0-4c101a</PassBranchId>
				<PassBranchId>BRANCH_c2-4e-0-4c0fce</PassBranchId>
				<PassBranchId>BRANCH_c2-4e-0-4c0d1d</PassBranchId>
				<PassBranchId>BRANCH_35-4e-0-2efaf8</PassBranchId>
				<PassBranchId>BRANCH_c2-4e-0-4c10c0</PassBranchId>
				<PassBranchId>BRANCH_c2-4e-0-4c0fc8</PassBranchId>
				<PassBranchId>BRANCH_c2-4e-0-4c108d</PassBranchId>
				<PassBranchId>BRANCH_c2-4e-0-4c0d88</PassBranchId>
				<PassBranchId>BRANCH_c2-4e-0-4c109a</PassBranchId>
				<PassBranchId>BRANCH_c2-4e-0-4c0e16</PassBranchId>
				<PassBranchId>BRANCH_c2-4e-0-4c0fcb</PassBranchId>
				<PassBranchId>BRANCH_c2-4e-0-4c0dea</PassBranchId>
				<PassBranchId>BRANCH_c2-4e-0-4c0fd1</PassBranchId>
				<PassBranchId>BRANCH_c2-4e-0-4c0fe8</PassBranchId>
				<PassBranchId>BRANCH_c2-4e-0-4c1009</PassBranchId>
				<PassBranchId>BRANCH_c2-4e-0-4c10cb</PassBranchId>
				<PassBranchId>BRANCH_c2-4e-0-4c10ec</PassBranchId>
				<PassBranchId>BRANCH_c2-4e-0-4c0de4</PassBranchId>
				<PassBranchId>BRANCH_1a-4e-0-18e01d0</PassBranchId>
				<PassBranchId>BRANCH_c2-4e-0-4c10c8</PassBranchId>
				<PassBranchId>BRANCH_eb-4e-0-678fca</PassBranchId>
				<PassBranchId>BRANCH_c2-4e-0-4c0e87</PassBranchId>
				<PassBranchId>BRANCH_c2-4e-0-4c0e8c</PassBranchId>
				<PassBranchId>BRANCH_c2-4e-0-4c0e7f</PassBranchId>
				<PassBranchId>BRANCH_c2-4e-0-4c0ef9</PassBranchId>
				<PassBranchId>BRANCH_c2-4e-0-4c0e70</PassBranchId>
				<PassBranchId>BRANCH_c2-4e-0-4c0d66</PassBranchId>
				<PassBranchId>BRANCH_c2-4e-0-4c0e5f</PassBranchId>
				<EndBranchPosition id="BR_POS_1150" branchId="BRANCH_c2-4e-0-4c0d60" branchNodeId="BN_22052-256" offset="0"/>
			</BranchRoute>
		</WiringItem>
		<WiringItem xsi:type="Wire" id="WIRE_6a-c-0-d2e33" name="SBBG0AB" signalId="SIGNAL_18-36-0-2516c2" cableType="WIRE-2UKD-0.35" wireName="VT/RD" fromPinId="PIN_b5-18-0-555d" toPinId="PIN_13-18-0-2ced11">
			<AppRef name="E3.Series" version="2.13.7.0" guid="3e5f5157-d5ab-495e-b5b1-9cfd32caac4e"/>
			<Property id="PROPERTY_10957" name="WIRE_LENGTH" value="2105"/>
			<Property id="PROPERTY_10958" name="WIRE_END2_MATL" value="(SN)"/>
			<Property id="PROPERTY_10959" name="WIRE_CSA" value="0.35"/>
			<Property id="PROPERTY_10960" name="WIRE_MIN_BEND_RADIUS" value="3"/>
			<Property id="PROPERTY_10961" name="WIRE_OPTION" value="HT2AA"/>
			<Property id="PROPERTY_10962" name="WIRE_DEV_PIN_1" value="C12-B2:15"/>
			<Property id="PROPERTY_10963" name="WIRE_COLOR" value="VT/RD"/>
			<Property id="PROPERTY_10964" name="WIRE_SPEC" value="2UKD"/>
			<Property id="PROPERTY_10965" name="WIRE_END1_MATL" value="(SN)"/>
			<Property id="PROPERTY_10966" name="WIRE_LEVEL" value="(C-SHF)/(400W)/(7SPKR)/(TACH-L0)/(ACBRKR)/VA"/>
			<Property id="PROPERTY_10967" name="WIRE_END1_TERM" value="9U5T-14474-DB"/>
			<Property id="PROPERTY_10968" name="WIRE_DEV_PIN_2" value="C2DB04:16"/>
			<Property id="PROPERTY_10969" name="WIRE_NAME" value="SBBG0AB"/>
			<Property id="PROPERTY_10970" name="WIRE_END2_TERM" value="*1X4T-14474-BA"/>
			<Property id="PROPERTY_10971" name="WIRE_SIGNAL" value="SBBG0"/>
			<Property id="PROPERTY_10972" name="HRN_FAMILY" value="14401"/>
			<Property id="PROPERTY_10973" name="WIRE_FPN" value="WIRE-2UKD-0.35-VT/RD"/>
			<Property id="PROPERTY_10974" name="WIRE_DIA_MAX" value="1.2"/>
			<Option id="OPTION_6a-c-0-d2e33_1" value="HT2AA"/>
			<BranchRoute id="BRR_444">
				<StartBranchPosition id="BR_POS_1151" branchId="BRANCH_c2-4e-0-4c0dd4" branchNodeId="BN_6087_9-210_058" offset="0"/>
				<PassBranchId>BRANCH_c2-4e-0-4c0cf5</PassBranchId>
				<PassBranchId>BRANCH_c2-4e-0-4c1021</PassBranchId>
				<PassBranchId>BRANCH_c2-4e-0-4c10e7</PassBranchId>
				<PassBranchId>BRANCH_c2-4e-0-4c0fc5</PassBranchId>
				<PassBranchId>BRANCH_c2-4e-0-4c0fce</PassBranchId>
				<PassBranchId>BRANCH_c2-4e-0-4c0d1d</PassBranchId>
				<PassBranchId>BRANCH_35-4e-0-2efaf8</PassBranchId>
				<PassBranchId>BRANCH_c2-4e-0-4c10c0</PassBranchId>
				<PassBranchId>BRANCH_c2-4e-0-4c0fc8</PassBranchId>
				<PassBranchId>BRANCH_c2-4e-0-4c108d</PassBranchId>
				<PassBranchId>BRANCH_c2-4e-0-4c0d88</PassBranchId>
				<PassBranchId>BRANCH_c2-4e-0-4c109a</PassBranchId>
				<PassBranchId>BRANCH_c2-4e-0-4c0e16</PassBranchId>
				<PassBranchId>BRANCH_c2-4e-0-4c0fcb</PassBranchId>
				<PassBranchId>BRANCH_c2-4e-0-4c0dea</PassBranchId>
				<PassBranchId>BRANCH_c2-4e-0-4c0fd1</PassBranchId>
				<PassBranchId>BRANCH_c2-4e-0-4c0fe8</PassBranchId>
				<PassBranchId>BRANCH_c2-4e-0-4c1009</PassBranchId>
				<PassBranchId>BRANCH_c2-4e-0-4c10cb</PassBranchId>
				<PassBranchId>BRANCH_c2-4e-0-4c10ec</PassBranchId>
				<PassBranchId>BRANCH_c2-4e-0-4c0de4</PassBranchId>
				<PassBranchId>BRANCH_1a-4e-0-18e01d0</PassBranchId>
				<PassBranchId>BRANCH_c2-4e-0-4c10c8</PassBranchId>
				<PassBranchId>BRANCH_eb-4e-0-678fca</PassBranchId>
				<PassBranchId>BRANCH_c2-4e-0-4c0e87</PassBranchId>
				<PassBranchId>BRANCH_c2-4e-0-4c0e8c</PassBranchId>
				<PassBranchId>BRANCH_c2-4e-0-4c0e7f</PassBranchId>
				<PassBranchId>BRANCH_c2-4e-0-4c0ef9</PassBranchId>
				<PassBranchId>BRANCH_c2-4e-0-4c0e70</PassBranchId>
				<PassBranchId>BRANCH_c2-4e-0-4c0d66</PassBranchId>
				<PassBranchId>BRANCH_c2-4e-0-4c0fe2</PassBranchId>
				<PassBranchId>BRANCH_c2-4e-0-4c0d5d</PassBranchId>
				<PassBranchId>BRANCH_c2-4e-0-4c0e62</PassBranchId>
				<EndBranchPosition id="BR_POS_1152" branchId="BRANCH_c2-4e-0-4c0d54" branchNodeId="BN_21712-184" offset="0"/>
			</BranchRoute>
		</WiringItem>
		<WiringItem xsi:type="Wire" id="WIRE_95-c-0-8c9694" name="SBBG0EVB" signalId="SIGNAL_18-36-0-2516c2" cableType="WIRE-2UKD-0.35" wireName="VT/RD" fromPinId="PIN_95-1e-0-8c75ca" toPinId="PIN_b5-18-0-555d">
			<AppRef name="E3.Series" version="2.14.0.0" guid="2c9d2629-b4aa-406e-8fb3-04fe214d6f8d"/>
			<Property id="PROPERTY_10975" name="WIRE_LENGTH" value="1650"/>
			<Property id="PROPERTY_10976" name="WIRE_END2_MATL" value="(SN)"/>
			<Property id="PROPERTY_10977" name="WIRE_CSA" value="0.35"/>
			<Property id="PROPERTY_10978" name="WIRE_MIN_BEND_RADIUS" value="3"/>
			<Property id="PROPERTY_10979" name="WIRE_OPTION" value="HT2AC"/>
			<Property id="PROPERTY_10980" name="WIRE_DEV_PIN_1" value="S2BBG0-A:1"/>
			<Property id="PROPERTY_10981" name="WIRE_COLOR" value="VT/RD"/>
			<Property id="PROPERTY_10982" name="WIRE_SPEC" value="2UKD"/>
			<Property id="PROPERTY_10983" name="WIRE_LEVEL" value="(BEV)"/>
			<Property id="PROPERTY_10984" name="WIRE_DEV_PIN_2" value="C12-B2:15"/>
			<Property id="PROPERTY_10985" name="WIRE_NAME" value="SBBG0EVB"/>
			<Property id="PROPERTY_10986" name="WIRE_END2_TERM" value="9U5T-14474-DB"/>
			<Property id="PROPERTY_10987" name="WIRE_SIGNAL" value="SBBG0"/>
			<Property id="PROPERTY_10988" name="HRN_FAMILY" value="14401"/>
			<Property id="PROPERTY_10989" name="WIRE_FPN" value="WIRE-2UKD-0.35-VT/RD"/>
			<Property id="PROPERTY_10990" name="WIRE_DIA_MAX" value="1.2"/>
			<Option id="OPTION_95-c-0-8c9694_1" value="HT2AC"/>
			<BranchRoute id="BRR_445">
				<StartBranchPosition id="BR_POS_1153" branchId="BRANCH_35-4e-0-2f77d6" branchNodeId="BN_6936-152" offset="0"/>
				<PassBranchId>BRANCH_c2-4e-0-4c10c0</PassBranchId>
				<PassBranchId>BRANCH_c2-4e-0-4c0fc8</PassBranchId>
				<PassBranchId>BRANCH_c2-4e-0-4c108d</PassBranchId>
				<PassBranchId>BRANCH_c2-4e-0-4c0d88</PassBranchId>
				<PassBranchId>BRANCH_c2-4e-0-4c109a</PassBranchId>
				<PassBranchId>BRANCH_c2-4e-0-4c0e16</PassBranchId>
				<PassBranchId>BRANCH_c2-4e-0-4c0fcb</PassBranchId>
				<PassBranchId>BRANCH_c2-4e-0-4c0dea</PassBranchId>
				<PassBranchId>BRANCH_c2-4e-0-4c0fd1</PassBranchId>
				<PassBranchId>BRANCH_c2-4e-0-4c0fe8</PassBranchId>
				<PassBranchId>BRANCH_c2-4e-0-4c1009</PassBranchId>
				<PassBranchId>BRANCH_c2-4e-0-4c10cb</PassBranchId>
				<PassBranchId>BRANCH_c2-4e-0-4c10ec</PassBranchId>
				<PassBranchId>BRANCH_c2-4e-0-4c0de4</PassBranchId>
				<PassBranchId>BRANCH_1a-4e-0-18e01d0</PassBranchId>
				<PassBranchId>BRANCH_c2-4e-0-4c10c8</PassBranchId>
				<PassBranchId>BRANCH_eb-4e-0-678fca</PassBranchId>
				<PassBranchId>BRANCH_c2-4e-0-4c0e87</PassBranchId>
				<PassBranchId>BRANCH_c2-4e-0-4c0e8c</PassBranchId>
				<PassBranchId>BRANCH_c2-4e-0-4c0e7f</PassBranchId>
				<PassBranchId>BRANCH_c2-4e-0-4c0ef9</PassBranchId>
				<PassBranchId>BRANCH_c2-4e-0-4c0e70</PassBranchId>
				<PassBranchId>BRANCH_c2-4e-0-4c0d66</PassBranchId>
				<PassBranchId>BRANCH_c2-4e-0-4c0fe2</PassBranchId>
				<PassBranchId>BRANCH_c2-4e-0-4c0d5d</PassBranchId>
				<PassBranchId>BRANCH_c2-4e-0-4c0e62</PassBranchId>
				<EndBranchPosition id="BR_POS_1154" branchId="BRANCH_c2-4e-0-4c0d54" branchNodeId="BN_21712-184" offset="0"/>
			</BranchRoute>
		</WiringItem>
		<WiringItem xsi:type="Wire" id="WIRE_95-c-0-8c93d5" name="SBBG0EVC" signalId="SIGNAL_18-36-0-2516c2" cableType="WIRE-2TAD-0.35" wireName="VT/RD" fromPinId="PIN_95-18-0-8c78c7" toPinId="PIN_95-1e-0-8c75ca">
			<AppRef name="E3.Series" version="2.14.0.0" guid="5e97c8ac-3d2f-468c-bc9d-e1b336353f06"/>
			<Property id="PROPERTY_10991" name="WIRE_LENGTH" value="235"/>
			<Property id="PROPERTY_10992" name="WIRE_CSA" value="0.35"/>
			<Property id="PROPERTY_10993" name="WIRE_MIN_BEND_RADIUS" value="3.5"/>
			<Property id="PROPERTY_10994" name="WIRE_OPTION" value="HT2AC"/>
			<Property id="PROPERTY_10995" name="WIRE_DEV_PIN_1" value="C2DB05-EVA:16"/>
			<Property id="PROPERTY_10996" name="WIRE_COLOR" value="VT/RD"/>
			<Property id="PROPERTY_10997" name="WIRE_SPEC" value="2TAD"/>
			<Property id="PROPERTY_10998" name="WIRE_END1_MATL" value="(SN)"/>
			<Property id="PROPERTY_10999" name="WIRE_LEVEL" value="(BEV)"/>
			<Property id="PROPERTY_11000" name="WIRE_END1_TERM" value="1X4T-14474-BA"/>
			<Property id="PROPERTY_11001" name="WIRE_DEV_PIN_2" value="S2BBG0-A:1"/>
			<Property id="PROPERTY_11002" name="WIRE_NAME" value="SBBG0EVC"/>
			<Property id="PROPERTY_11003" name="WIRE_SIGNAL" value="SBBG0"/>
			<Property id="PROPERTY_11004" name="HRN_FAMILY" value="14401"/>
			<Property id="PROPERTY_11005" name="WIRE_FPN" value="WIRE-2TAD-0.35-VT/RD"/>
			<Property id="PROPERTY_11006" name="WIRE_DIA_MAX" value="1.4"/>
			<Option id="OPTION_95-c-0-8c93d5_1" value="HT2AC"/>
			<BranchRoute id="BRR_446">
				<StartBranchPosition id="BR_POS_1155" branchId="BRANCH_36-4e-0-65ae7f" branchNodeId="BN_6856-336" offset="0"/>
				<PassBranchId>BRANCH_35-4e-0-30adeb</PassBranchId>
				<PassBranchId>BRANCH_c2-4e-0-4c0fce</PassBranchId>
				<PassBranchId>BRANCH_c2-4e-0-4c0d1d</PassBranchId>
				<PassBranchId>BRANCH_35-4e-0-2efaf8</PassBranchId>
				<EndBranchPosition id="BR_POS_1156" branchId="BRANCH_35-4e-0-2f77d6" branchNodeId="BN_6936-152" offset="0"/>
			</BranchRoute>
		</WiringItem>
		<WiringItem xsi:type="Wire" id="WIRE_95-c-0-8c93c5" name="SBBG0EVD" signalId="SIGNAL_18-36-0-2516c2" cableType="WIRE-2UKD-0.35" wireName="VT/RD" fromPinId="PIN_95-1e-0-8c75ca" toPinId="PIN_13-18-0-2ced11">
			<AppRef name="E3.Series" version="2.14.0.0" guid="f980767e-65ab-4f59-93e4-5aca0fb5cc3c"/>
			<Property id="PROPERTY_11007" name="WIRE_LENGTH" value="455"/>
			<Property id="PROPERTY_11008" name="WIRE_END2_MATL" value="(SN)"/>
			<Property id="PROPERTY_11009" name="WIRE_CSA" value="0.35"/>
			<Property id="PROPERTY_11010" name="WIRE_MIN_BEND_RADIUS" value="3"/>
			<Property id="PROPERTY_11011" name="WIRE_OPTION" value="HT2AC"/>
			<Property id="PROPERTY_11012" name="WIRE_DEV_PIN_1" value="S2BBG0-A:1"/>
			<Property id="PROPERTY_11013" name="WIRE_COLOR" value="VT/RD"/>
			<Property id="PROPERTY_11014" name="WIRE_SPEC" value="2UKD"/>
			<Property id="PROPERTY_11015" name="WIRE_LEVEL" value="(BEV)"/>
			<Property id="PROPERTY_11016" name="WIRE_DEV_PIN_2" value="C2DB04:16"/>
			<Property id="PROPERTY_11017" name="WIRE_NAME" value="SBBG0EVD"/>
			<Property id="PROPERTY_11018" name="WIRE_END2_TERM" value="*1X4T-14474-BA"/>
			<Property id="PROPERTY_11019" name="WIRE_SIGNAL" value="SBBG0"/>
			<Property id="PROPERTY_11020" name="HRN_FAMILY" value="14401"/>
			<Property id="PROPERTY_11021" name="WIRE_FPN" value="WIRE-2UKD-0.35-VT/RD"/>
			<Property id="PROPERTY_11022" name="WIRE_DIA_MAX" value="1.2"/>
			<Option id="OPTION_95-c-0-8c93c5_1" value="HT2AC"/>
			<BranchRoute id="BRR_447">
				<StartBranchPosition id="BR_POS_1157" branchId="BRANCH_c2-4e-0-4c0dd4" branchNodeId="BN_6087_9-210_058" offset="0"/>
				<PassBranchId>BRANCH_c2-4e-0-4c0cf5</PassBranchId>
				<PassBranchId>BRANCH_c2-4e-0-4c1021</PassBranchId>
				<PassBranchId>BRANCH_c2-4e-0-4c10e7</PassBranchId>
				<PassBranchId>BRANCH_c2-4e-0-4c0fc5</PassBranchId>
				<PassBranchId>BRANCH_c2-4e-0-4c0fce</PassBranchId>
				<PassBranchId>BRANCH_c2-4e-0-4c0d1d</PassBranchId>
				<PassBranchId>BRANCH_35-4e-0-2efaf8</PassBranchId>
				<EndBranchPosition id="BR_POS_1158" branchId="BRANCH_35-4e-0-2f77d6" branchNodeId="BN_6936-152" offset="0"/>
			</BranchRoute>
		</WiringItem>
		<WiringItem xsi:type="Wire" id="WIRE_47-c-0-3904ba" name="SBP03A" signalId="SIGNAL_2-36-0-3eb9" cableType="WIRE-2UKD-0.75" wireName="BU/RD" fromPinId="PIN_1e-18-0-13269" toPinId="PIN_b5-18-0-54b1">
			<AppRef name="E3.Series" version="2.13.7.0" guid="583b3a84-4feb-47d1-9763-89fb673b9afb"/>
			<Property id="PROPERTY_11023" name="WIRE_LENGTH" value="1345"/>
			<Property id="PROPERTY_11024" name="WIRE_END2_MATL" value="(SN)"/>
			<Property id="PROPERTY_11025" name="WIRE_CSA" value="0.75"/>
			<Property id="PROPERTY_11026" name="WIRE_MIN_BEND_RADIUS" value="3"/>
			<Property id="PROPERTY_11027" name="WIRE_OPTION" value="IEXAB"/>
			<Property id="PROPERTY_11028" name="WIRE_DEV_PIN_1" value="C23-D1:8"/>
			<Property id="PROPERTY_11029" name="WIRE_COLOR" value="BU/RD"/>
			<Property id="PROPERTY_11030" name="WIRE_SPEC" value="2UKD"/>
			<Property id="PROPERTY_11031" name="WIRE_END1_MATL" value="(SN)"/>
			<Property id="PROPERTY_11032" name="WIRE_LEVEL" value="(P-COL)/AH/AJ/AK/AL/AM/AN/AP/AR/CB/CC/CD/CE/YC/YD/YK/YL/YP/YR/YU/YV/ZC/ZF"/>
			<Property id="PROPERTY_11033" name="WIRE_END1_TERM" value="BU5T-14474-UA"/>
			<Property id="PROPERTY_11034" name="WIRE_DEV_PIN_2" value="C23-B1:5"/>
			<Property id="PROPERTY_11035" name="WIRE_NAME" value="SBP03A"/>
			<Property id="PROPERTY_11036" name="WIRE_END2_TERM" value="3F2T-14474-SA"/>
			<Property id="PROPERTY_11037" name="WIRE_SIGNAL" value="SBP03"/>
			<Property id="PROPERTY_11038" name="HRN_FAMILY" value="14401"/>
			<Property id="PROPERTY_11039" name="WIRE_FPN" value="WIRE-2UKD-0.75-BU/RD"/>
			<Property id="PROPERTY_11040" name="WIRE_DIA_MAX" value="1.6"/>
			<Option id="OPTION_47-c-0-3904ba_1" value="IEXAB"/>
			<BranchRoute id="BRR_448">
				<StartBranchPosition id="BR_POS_1159" branchId="BRANCH_c2-4e-0-4c0f19" branchNodeId="BN_19800-232" offset="0"/>
				<PassBranchId>BRANCH_c2-4e-0-4c1088</PassBranchId>
				<PassBranchId>BRANCH_c2-4e-0-4c1083</PassBranchId>
				<PassBranchId>BRANCH_c2-4e-0-4c1087</PassBranchId>
				<PassBranchId>BRANCH_c2-4e-0-4c106f</PassBranchId>
				<PassBranchId>BRANCH_c2-4e-0-4c1075</PassBranchId>
				<PassBranchId>BRANCH_c2-4e-0-4c0de4</PassBranchId>
				<PassBranchId>BRANCH_1a-4e-0-18e01d0</PassBranchId>
				<PassBranchId>BRANCH_c2-4e-0-4c10c8</PassBranchId>
				<PassBranchId>BRANCH_eb-4e-0-678fca</PassBranchId>
				<PassBranchId>BRANCH_c2-4e-0-4c0e87</PassBranchId>
				<PassBranchId>BRANCH_c2-4e-0-4c0e8c</PassBranchId>
				<PassBranchId>BRANCH_c2-4e-0-4c0e7f</PassBranchId>
				<PassBranchId>BRANCH_c2-4e-0-4c0ef9</PassBranchId>
				<PassBranchId>BRANCH_c2-4e-0-4c0e70</PassBranchId>
				<PassBranchId>BRANCH_c2-4e-0-4c0e5c</PassBranchId>
				<EndBranchPosition id="BR_POS_1160" branchId="BRANCH_c2-4e-0-4c0d63" branchNodeId="BN_22204-180" offset="0"/>
			</BranchRoute>
		</WiringItem>
		<WiringItem xsi:type="Wire" id="WIRE_9f-c-0-4e08f3" name="SBP07B1" signalId="SIGNAL_2-36-0-3ebd" cableType="WIRE-2UKD-0.35" wireName="WH/RD" fromPinId="PIN_b5-18-0-54ae" toPinId="PIN_c0-18-0-500292">
			<AppRef name="E3.Series" version="2.13.7.0" guid="70a05f87-bf38-413f-b121-279a0e2cd713"/>
			<Property id="PROPERTY_11041" name="WIRE_LENGTH" value="2115"/>
			<Property id="PROPERTY_11042" name="WIRE_CSA" value="0.35"/>
			<Property id="PROPERTY_11043" name="WIRE_MIN_BEND_RADIUS" value="3"/>
			<Property id="PROPERTY_11044" name="WIRE_OPTION" value="B5WAA | B5WBK"/>
			<Property id="PROPERTY_11045" name="WIRE_DEV_PIN_1" value="C23-B1:2"/>
			<Property id="PROPERTY_11046" name="WIRE_COLOR" value="WH/RD"/>
			<Property id="PROPERTY_11047" name="WIRE_SPEC" value="2UKD"/>
			<Property id="PROPERTY_11048" name="WIRE_END1_MATL" value="(SN)"/>
			<Property id="PROPERTY_11049" name="WIRE_LEVEL" value="(C-SHF)"/>
			<Property id="PROPERTY_11050" name="WIRE_END1_TERM" value="3F2T-14474-SA"/>
			<Property id="PROPERTY_11051" name="WIRE_DEV_PIN_2" value="C2ET76-P:1"/>
			<Property id="PROPERTY_11052" name="WIRE_NAME" value="SBP07B1"/>
			<Property id="PROPERTY_11053" name="WIRE_END2_TERM" value="*DU5T-14474-GAA"/>
			<Property id="PROPERTY_11054" name="WIRE_SIGNAL" value="SBP07"/>
			<Property id="PROPERTY_11055" name="HRN_FAMILY" value="14401"/>
			<Property id="PROPERTY_11056" name="WIRE_FPN" value="WIRE-2UKD-0.35-WH/RD"/>
			<Property id="PROPERTY_11057" name="WIRE_DIA_MAX" value="1.2"/>
			<Option id="OPTION_9f-c-0-4e08f3_1" value="B5WAA | B5WBK"/>
			<BranchRoute id="BRR_449">
				<StartBranchPosition id="BR_POS_1161" branchId="BRANCH_c2-4e-0-4c0e3e" branchNodeId="BN_5263_9-198_058" offset="0"/>
				<PassBranchId>BRANCH_c2-4e-0-4c0d92</PassBranchId>
				<PassBranchId>BRANCH_c2-4e-0-4c10b4</PassBranchId>
				<PassBranchId>BRANCH_c2-4e-0-4c10b7</PassBranchId>
				<PassBranchId>BRANCH_c2-4e-0-4c0fa1</PassBranchId>
				<PassBranchId>BRANCH_c2-4e-0-4c10b1</PassBranchId>
				<PassBranchId>BRANCH_c2-4e-0-4c0f9e</PassBranchId>
				<PassBranchId>BRANCH_c2-4e-0-4c0f9b</PassBranchId>
				<PassBranchId>BRANCH_c2-4e-0-4c10ae</PassBranchId>
				<PassBranchId>BRANCH_c2-4e-0-4c0d95</PassBranchId>
				<PassBranchId>BRANCH_c2-4e-0-4c101d</PassBranchId>
				<PassBranchId>BRANCH_c2-4e-0-4c101a</PassBranchId>
				<PassBranchId>BRANCH_c2-4e-0-4c0fce</PassBranchId>
				<PassBranchId>BRANCH_c2-4e-0-4c0d1d</PassBranchId>
				<PassBranchId>BRANCH_35-4e-0-2efaf8</PassBranchId>
				<PassBranchId>BRANCH_c2-4e-0-4c10c0</PassBranchId>
				<PassBranchId>BRANCH_c2-4e-0-4c0fc8</PassBranchId>
				<PassBranchId>BRANCH_c2-4e-0-4c108d</PassBranchId>
				<PassBranchId>BRANCH_c2-4e-0-4c0d88</PassBranchId>
				<PassBranchId>BRANCH_c2-4e-0-4c109a</PassBranchId>
				<PassBranchId>BRANCH_c2-4e-0-4c0e16</PassBranchId>
				<PassBranchId>BRANCH_c2-4e-0-4c0fcb</PassBranchId>
				<PassBranchId>BRANCH_c2-4e-0-4c0dea</PassBranchId>
				<PassBranchId>BRANCH_c2-4e-0-4c0fd1</PassBranchId>
				<PassBranchId>BRANCH_c2-4e-0-4c0fe8</PassBranchId>
				<PassBranchId>BRANCH_c2-4e-0-4c1009</PassBranchId>
				<PassBranchId>BRANCH_c2-4e-0-4c10cb</PassBranchId>
				<PassBranchId>BRANCH_c2-4e-0-4c10ec</PassBranchId>
				<PassBranchId>BRANCH_c2-4e-0-4c0de4</PassBranchId>
				<PassBranchId>BRANCH_1a-4e-0-18e01d0</PassBranchId>
				<PassBranchId>BRANCH_c2-4e-0-4c10c8</PassBranchId>
				<PassBranchId>BRANCH_eb-4e-0-678fca</PassBranchId>
				<PassBranchId>BRANCH_c2-4e-0-4c0e87</PassBranchId>
				<PassBranchId>BRANCH_c2-4e-0-4c0e8c</PassBranchId>
				<PassBranchId>BRANCH_c2-4e-0-4c0e7f</PassBranchId>
				<PassBranchId>BRANCH_c2-4e-0-4c0ef9</PassBranchId>
				<PassBranchId>BRANCH_c2-4e-0-4c0e70</PassBranchId>
				<PassBranchId>BRANCH_c2-4e-0-4c0e5c</PassBranchId>
				<EndBranchPosition id="BR_POS_1162" branchId="BRANCH_c2-4e-0-4c0d63" branchNodeId="BN_22204-180" offset="0"/>
			</BranchRoute>
		</WiringItem>
		<WiringItem xsi:type="Wire" id="WIRE_9f-c-0-4e0ed4" name="SBP07B2" signalId="SIGNAL_2-36-0-3ebd" cableType="WIRE-2UKD-0.50" wireName="WH/RD" fromPinId="PIN_b5-18-0-54ae" toPinId="PIN_1e-18-0-13273">
			<AppRef name="E3.Series" version="2.13.7.0" guid="3a37e7f0-e164-4786-bb9a-04706b752e0e"/>
			<Property id="PROPERTY_11058" name="WIRE_LENGTH" value="1345"/>
			<Property id="PROPERTY_11059" name="WIRE_END2_MATL" value="(SN)"/>
			<Property id="PROPERTY_11060" name="WIRE_CSA" value="0.5"/>
			<Property id="PROPERTY_11061" name="WIRE_MIN_BEND_RADIUS" value="3"/>
			<Property id="PROPERTY_11062" name="WIRE_OPTION" value="B5WAZ | B5WBF | B5WBG"/>
			<Property id="PROPERTY_11063" name="WIRE_DEV_PIN_1" value="C23-B1:2"/>
			<Property id="PROPERTY_11064" name="WIRE_COLOR" value="WH/RD"/>
			<Property id="PROPERTY_11065" name="WIRE_SPEC" value="2UKD"/>
			<Property id="PROPERTY_11066" name="WIRE_END1_MATL" value="(SN)"/>
			<Property id="PROPERTY_11067" name="WIRE_LEVEL" value="(CNSL-MID)/(P-COL)"/>
			<Property id="PROPERTY_11068" name="WIRE_END1_TERM" value="3F2T-14474-RA"/>
			<Property id="PROPERTY_11069" name="WIRE_DEV_PIN_2" value="C23-D1:18"/>
			<Property id="PROPERTY_11070" name="WIRE_NAME" value="SBP07B2"/>
			<Property id="PROPERTY_11071" name="WIRE_END2_TERM" value="BU5T-14474-UA"/>
			<Property id="PROPERTY_11072" name="WIRE_SIGNAL" value="SBP07"/>
			<Property id="PROPERTY_11073" name="HRN_FAMILY" value="14401"/>
			<Property id="PROPERTY_11074" name="WIRE_FPN" value="WIRE-2UKD-0.50-WH/RD"/>
			<Property id="PROPERTY_11075" name="WIRE_DIA_MAX" value="1.4"/>
			<Option id="OPTION_9f-c-0-4e0ed4_1" value="B5WAZ | B5WBF | B5WBG"/>
			<BranchRoute id="BRR_450">
				<StartBranchPosition id="BR_POS_1163" branchId="BRANCH_c2-4e-0-4c0f19" branchNodeId="BN_19800-232" offset="0"/>
				<PassBranchId>BRANCH_c2-4e-0-4c1088</PassBranchId>
				<PassBranchId>BRANCH_c2-4e-0-4c1083</PassBranchId>
				<PassBranchId>BRANCH_c2-4e-0-4c1087</PassBranchId>
				<PassBranchId>BRANCH_c2-4e-0-4c106f</PassBranchId>
				<PassBranchId>BRANCH_c2-4e-0-4c1075</PassBranchId>
				<PassBranchId>BRANCH_c2-4e-0-4c0de4</PassBranchId>
				<PassBranchId>BRANCH_1a-4e-0-18e01d0</PassBranchId>
				<PassBranchId>BRANCH_c2-4e-0-4c10c8</PassBranchId>
				<PassBranchId>BRANCH_eb-4e-0-678fca</PassBranchId>
				<PassBranchId>BRANCH_c2-4e-0-4c0e87</PassBranchId>
				<PassBranchId>BRANCH_c2-4e-0-4c0e8c</PassBranchId>
				<PassBranchId>BRANCH_c2-4e-0-4c0e7f</PassBranchId>
				<PassBranchId>BRANCH_c2-4e-0-4c0ef9</PassBranchId>
				<PassBranchId>BRANCH_c2-4e-0-4c0e70</PassBranchId>
				<PassBranchId>BRANCH_c2-4e-0-4c0e5c</PassBranchId>
				<EndBranchPosition id="BR_POS_1164" branchId="BRANCH_c2-4e-0-4c0d63" branchNodeId="BN_22204-180" offset="0"/>
			</BranchRoute>
		</WiringItem>
		<WiringItem xsi:type="Wire" id="WIRE_95-c-0-e5b3b" name="SBP12B" signalId="SIGNAL_2-36-0-3ed6" cableType="WIRE-2UKD-0.35" wireName="GN/RD" fromPinId="PIN_f-18-0-f5c3" toPinId="PIN_f-18-0-daff">
			<AppRef name="E3.Series" version="2.13.7.0" guid="ffca0e3b-b999-41c7-84ec-c9eeb6495f29"/>
			<Property id="PROPERTY_11076" name="WIRE_LENGTH" value="1945"/>
			<Property id="PROPERTY_11077" name="WIRE_END2_MATL" value="(SN)"/>
			<Property id="PROPERTY_11078" name="WIRE_CSA" value="0.35"/>
			<Property id="PROPERTY_11079" name="WIRE_MIN_BEND_RADIUS" value="3"/>
			<Property id="PROPERTY_11080" name="WIRE_OPTION" value="HJGAJ | HJGAX"/>
			<Property id="PROPERTY_11081" name="WIRE_DEV_PIN_1" value="C2H101-A:26"/>
			<Property id="PROPERTY_11082" name="WIRE_COLOR" value="GN/RD"/>
			<Property id="PROPERTY_11083" name="WIRE_SPEC" value="2UKD"/>
			<Property id="PROPERTY_11084" name="WIRE_END1_MATL" value="(SN)"/>
			<Property id="PROPERTY_11085" name="WIRE_LEVEL" value="(D-CAM)/(C-SHF)/(KWINV)/VA/ZD/ZH"/>
			<Property id="PROPERTY_11086" name="WIRE_END1_TERM" value="9U5T-14474-DB"/>
			<Property id="PROPERTY_11087" name="WIRE_DEV_PIN_2" value="C2AM02-A:10"/>
			<Property id="PROPERTY_11088" name="WIRE_NAME" value="SBP12B"/>
			<Property id="PROPERTY_11089" name="WIRE_END2_TERM" value="BU5T-14474-UA"/>
			<Property id="PROPERTY_11090" name="WIRE_SIGNAL" value="SBP32"/>
			<Property id="PROPERTY_11091" name="HRN_FAMILY" value="14401"/>
			<Property id="PROPERTY_11092" name="WIRE_FPN" value="WIRE-2UKD-0.35-GN/RD"/>
			<Property id="PROPERTY_11093" name="WIRE_DIA_MAX" value="1.2"/>
			<Option id="OPTION_95-c-0-e5b3b_1" value="HJGAJ | HJGAX"/>
			<BranchRoute id="BRR_451">
				<StartBranchPosition id="BR_POS_1165" branchId="BRANCH_c2-4e-0-4c0f41" branchNodeId="BN_13944-224" offset="0"/>
				<PassBranchId>BRANCH_c2-4e-0-4c0f40</PassBranchId>
				<PassBranchId>BRANCH_c2-4e-0-4c10c3</PassBranchId>
				<PassBranchId>BRANCH_c2-4e-0-4c0ff9</PassBranchId>
				<PassBranchId>BRANCH_c2-4e-0-4c0f34</PassBranchId>
				<PassBranchId>BRANCH_c2-4e-0-4c0d05</PassBranchId>
				<PassBranchId>BRANCH_c2-4e-0-4c1076</PassBranchId>
				<PassBranchId>BRANCH_c2-4e-0-4c106f</PassBranchId>
				<PassBranchId>BRANCH_c2-4e-0-4c1075</PassBranchId>
				<PassBranchId>BRANCH_c2-4e-0-4c0de4</PassBranchId>
				<PassBranchId>BRANCH_1a-4e-0-18e01d0</PassBranchId>
				<PassBranchId>BRANCH_c2-4e-0-4c10c8</PassBranchId>
				<PassBranchId>BRANCH_eb-4e-0-678fca</PassBranchId>
				<PassBranchId>BRANCH_c2-4e-0-4c0e87</PassBranchId>
				<PassBranchId>BRANCH_c2-4e-0-4c0e8c</PassBranchId>
				<PassBranchId>BRANCH_c2-4e-0-4c0e7f</PassBranchId>
				<PassBranchId>BRANCH_c2-4e-0-4c102d</PassBranchId>
				<PassBranchId>BRANCH_c2-4e-0-4c1030</PassBranchId>
				<PassBranchId>BRANCH_c2-4e-0-4c0e6d</PassBranchId>
				<PassBranchId>BRANCH_c2-4e-0-4c0fdc</PassBranchId>
				<PassBranchId>BRANCH_c2-4e-0-4c0efe</PassBranchId>
				<PassBranchId>BRANCH_eb-4e-0-5dd6fd</PassBranchId>
				<EndBranchPosition id="BR_POS_1166" branchId="BRANCH_c2-4e-0-4c0f05" branchNodeId="BN_24512-276" offset="0"/>
			</BranchRoute>
		</WiringItem>
		<WiringItem xsi:type="Wire" id="WIRE_ce-c-0-20bb84" name="SBP12EVB" signalId="SIGNAL_2-36-0-3ed6" cableType="WIRE-2UKD-0.35" wireName="GN/RD" fromPinId="PIN_f-18-0-daff" toPinId="PIN_ce-18-0-206877">
			<AppRef name="E3.Series" version="2.14.0.0" guid="1d224674-addc-4a58-9d89-a2840c8a693f"/>
			<Property id="PROPERTY_11094" name="WIRE_LENGTH" value="2230"/>
			<Property id="PROPERTY_11095" name="WIRE_END2_MATL" value="(SN)"/>
			<Property id="PROPERTY_11096" name="WIRE_CSA" value="0.35"/>
			<Property id="PROPERTY_11097" name="WIRE_MIN_BEND_RADIUS" value="3"/>
			<Property id="PROPERTY_11098" name="WIRE_OPTION" value="AC_G &amp; HJGAY"/>
			<Property id="PROPERTY_11099" name="WIRE_DEV_PIN_1" value="C2AM02-A:10"/>
			<Property id="PROPERTY_11100" name="WIRE_COLOR" value="GN/RD"/>
			<Property id="PROPERTY_11101" name="WIRE_SPEC" value="2UKD"/>
			<Property id="PROPERTY_11102" name="WIRE_END1_MATL" value="(SN)"/>
			<Property id="PROPERTY_11103" name="WIRE_LEVEL" value="ZA/ZB/ZC/ZF"/>
			<Property id="PROPERTY_11104" name="WIRE_END1_TERM" value="BU5T-14474-UA"/>
			<Property id="PROPERTY_11105" name="WIRE_DEV_PIN_2" value="C2H101-EVBA:32"/>
			<Property id="PROPERTY_11106" name="WIRE_NAME" value="SBP12EVB"/>
			<Property id="PROPERTY_11107" name="WIRE_END2_TERM" value="9U5T-14474-DB"/>
			<Property id="PROPERTY_11108" name="WIRE_SIGNAL" value="SBP32"/>
			<Property id="PROPERTY_11109" name="HRN_FAMILY" value="14401"/>
			<Property id="PROPERTY_11110" name="WIRE_FPN" value="WIRE-2UKD-0.35-GN/RD"/>
			<Property id="PROPERTY_11111" name="WIRE_DIA_MAX" value="1.2"/>
			<Option id="OPTION_ce-c-0-20bb84_1" value="AC_G &amp; HJGAY"/>
			<BranchRoute id="BRR_452">
				<StartBranchPosition id="BR_POS_1167" branchId="BRANCH_ff-4e-0-938412" branchNodeId="BN_15124-272" offset="0"/>
				<PassBranchId>BRANCH_ff-4e-0-959c9b</PassBranchId>
				<PassBranchId>BRANCH_35-4e-0-32eeb3</PassBranchId>
				<PassBranchId>BRANCH_ff-4e-0-942c78</PassBranchId>
				<PassBranchId>BRANCH_ff-4e-0-938110</PassBranchId>
				<PassBranchId>BRANCH_ff-4e-0-93810b</PassBranchId>
				<PassBranchId>BRANCH_ff-4e-0-936078</PassBranchId>
				<PassBranchId>BRANCH_c2-4e-0-4c10c3</PassBranchId>
				<PassBranchId>BRANCH_c2-4e-0-4c0ff9</PassBranchId>
				<PassBranchId>BRANCH_c2-4e-0-4c0f34</PassBranchId>
				<PassBranchId>BRANCH_c2-4e-0-4c0d05</PassBranchId>
				<PassBranchId>BRANCH_c2-4e-0-4c1076</PassBranchId>
				<PassBranchId>BRANCH_c2-4e-0-4c106f</PassBranchId>
				<PassBranchId>BRANCH_c2-4e-0-4c1075</PassBranchId>
				<PassBranchId>BRANCH_c2-4e-0-4c0de4</PassBranchId>
				<PassBranchId>BRANCH_1a-4e-0-18e01d0</PassBranchId>
				<PassBranchId>BRANCH_c2-4e-0-4c10c8</PassBranchId>
				<PassBranchId>BRANCH_eb-4e-0-678fca</PassBranchId>
				<PassBranchId>BRANCH_c2-4e-0-4c0e87</PassBranchId>
				<PassBranchId>BRANCH_c2-4e-0-4c0e8c</PassBranchId>
				<PassBranchId>BRANCH_c2-4e-0-4c0e7f</PassBranchId>
				<PassBranchId>BRANCH_c2-4e-0-4c102d</PassBranchId>
				<PassBranchId>BRANCH_c2-4e-0-4c1030</PassBranchId>
				<PassBranchId>BRANCH_c2-4e-0-4c0e6d</PassBranchId>
				<PassBranchId>BRANCH_c2-4e-0-4c0fdc</PassBranchId>
				<PassBranchId>BRANCH_c2-4e-0-4c0efe</PassBranchId>
				<PassBranchId>BRANCH_eb-4e-0-5dd6fd</PassBranchId>
				<EndBranchPosition id="BR_POS_1168" branchId="BRANCH_c2-4e-0-4c0f05" branchNodeId="BN_24512-276" offset="0"/>
			</BranchRoute>
		</WiringItem>
		<WiringItem xsi:type="Wire" id="WIRE_95-c-0-e4d5d" name="SBP13A" signalId="SIGNAL_2-36-0-3ec3" cableType="WIRE-2UKD-0.35" wireName="GY/RD" fromPinId="PIN_c4-18-0-1252" toPinId="PIN_f-18-0-daf5">
			<AppRef name="E3.Series" version="2.13.7.0" guid="97025641-5ae7-4213-a5a9-6e5521d55a31"/>
			<Property id="PROPERTY_11112" name="WIRE_LENGTH" value="2395"/>
			<Property id="PROPERTY_11113" name="WIRE_CSA" value="0.35"/>
			<Property id="PROPERTY_11114" name="WIRE_MIN_BEND_RADIUS" value="3"/>
			<Property id="PROPERTY_11115" name="WIRE_LEVEL" value="(ALL)"/>
			<Property id="PROPERTY_11116" name="WIRE_DEV_PIN_1" value="C2MC01-A:8"/>
			<Property id="PROPERTY_11117" name="WIRE_COLOR" value="GY/RD"/>
			<Property id="PROPERTY_11118" name="WIRE_SPEC" value="2UKD"/>
			<Property id="PROPERTY_11119" name="WIRE_END1_MATL" value="(SN)"/>
			<Property id="PROPERTY_11120" name="WIRE_END1_TERM" value="9U5T-14474-DB"/>
			<Property id="PROPERTY_11121" name="WIRE_DEV_PIN_2" value="C2AM02-A:8"/>
			<Property id="PROPERTY_11122" name="WIRE_NAME" value="SBP13A"/>
			<Property id="PROPERTY_11123" name="WIRE_END_DC" value="2,7C3T-14474-DA,(SN),(E-STR),SBP13E"/>
			<Property id="PROPERTY_11124" name="WIRE_END_DC" value="2,7C3T-14474-DA,(SN),(A-STR),SBP13FA"/>
			<Property id="PROPERTY_11125" name="WIRE_SIGNAL" value="SBP13"/>
			<Property id="PROPERTY_11126" name="HRN_FAMILY" value="14401"/>
			<Property id="PROPERTY_11127" name="WIRE_FPN" value="WIRE-2UKD-0.35-GY/RD"/>
			<Property id="PROPERTY_11128" name="WIRE_DIA_MAX" value="1.2"/>
			<BranchRoute id="BRR_453">
				<StartBranchPosition id="BR_POS_1169" branchId="BRANCH_c2-4e-0-4c0f51" branchNodeId="BN_7584-244" offset="0"/>
				<PassBranchId>BRANCH_ff-4e-0-9b280f</PassBranchId>
				<PassBranchId>BRANCH_c2-4e-0-4c0f85</PassBranchId>
				<PassBranchId>BRANCH_c2-4e-0-4c1002</PassBranchId>
				<PassBranchId>BRANCH_c2-4e-0-4c109d</PassBranchId>
				<PassBranchId>BRANCH_c2-4e-0-4c0e16</PassBranchId>
				<PassBranchId>BRANCH_c2-4e-0-4c0fcb</PassBranchId>
				<PassBranchId>BRANCH_c2-4e-0-4c0dea</PassBranchId>
				<PassBranchId>BRANCH_c2-4e-0-4c0fd1</PassBranchId>
				<PassBranchId>BRANCH_c2-4e-0-4c0fe8</PassBranchId>
				<PassBranchId>BRANCH_c2-4e-0-4c1009</PassBranchId>
				<PassBranchId>BRANCH_c2-4e-0-4c10cb</PassBranchId>
				<PassBranchId>BRANCH_c2-4e-0-4c10ec</PassBranchId>
				<PassBranchId>BRANCH_c2-4e-0-4c0de4</PassBranchId>
				<PassBranchId>BRANCH_1a-4e-0-18e01d0</PassBranchId>
				<PassBranchId>BRANCH_c2-4e-0-4c10c8</PassBranchId>
				<PassBranchId>BRANCH_eb-4e-0-678fca</PassBranchId>
				<PassBranchId>BRANCH_c2-4e-0-4c0e87</PassBranchId>
				<PassBranchId>BRANCH_c2-4e-0-4c0e8c</PassBranchId>
				<PassBranchId>BRANCH_c2-4e-0-4c0e7f</PassBranchId>
				<PassBranchId>BRANCH_c2-4e-0-4c102d</PassBranchId>
				<PassBranchId>BRANCH_c2-4e-0-4c1030</PassBranchId>
				<PassBranchId>BRANCH_c2-4e-0-4c0e6d</PassBranchId>
				<PassBranchId>BRANCH_c2-4e-0-4c0fdc</PassBranchId>
				<PassBranchId>BRANCH_c2-4e-0-4c0efe</PassBranchId>
				<PassBranchId>BRANCH_eb-4e-0-5dd6fd</PassBranchId>
				<EndBranchPosition id="BR_POS_1170" branchId="BRANCH_c2-4e-0-4c0f05" branchNodeId="BN_24512-276" offset="0"/>
			</BranchRoute>
		</WiringItem>
		<WiringItem xsi:type="Wire" id="WIRE_95-c-0-e5aed" name="SBP13E" signalId="SIGNAL_2-36-0-3ec3" cableType="WIRE-2UKD-0.35" wireName="GY/RD" fromPinId="PIN_48-18-0-85d56a" toPinId="PIN_f-18-0-daf5">
			<AppRef name="E3.Series" version="2.13.7.0" guid="b4651ae6-34f0-4244-9201-1b3217408c85"/>
			<Property id="PROPERTY_11129" name="WIRE_LENGTH" value="2640"/>
			<Property id="PROPERTY_11130" name="WIRE_CSA" value="0.35"/>
			<Property id="PROPERTY_11131" name="WIRE_MIN_BEND_RADIUS" value="3"/>
			<Property id="PROPERTY_11132" name="WIRE_OPTION" value="GPAAJ"/>
			<Property id="PROPERTY_11133" name="WIRE_DEV_PIN_1" value="C2AM01-B:2"/>
			<Property id="PROPERTY_11134" name="WIRE_COLOR" value="GY/RD"/>
			<Property id="PROPERTY_11135" name="WIRE_SPEC" value="2UKD"/>
			<Property id="PROPERTY_11136" name="WIRE_END1_MATL" value="(SN)"/>
			<Property id="PROPERTY_11137" name="WIRE_LEVEL" value="(E-STR)"/>
			<Property id="PROPERTY_11138" name="WIRE_END1_TERM" value="3F2T-14474-SA"/>
			<Property id="PROPERTY_11139" name="WIRE_DEV_PIN_2" value="C2AM02-A:8"/>
			<Property id="PROPERTY_11140" name="WIRE_NAME" value="SBP13E"/>
			<Property id="PROPERTY_11141" name="WIRE_END_DC" value="2,7C3T-14474-DA,(SN),(E-STR),SBP13A"/>
			<Property id="PROPERTY_11142" name="ROUTEPATH_1" value="RTE-14401-GRAAP"/>
			<Property id="PROPERTY_11143" name="WIRE_SIGNAL" value="SBP13"/>
			<Property id="PROPERTY_11144" name="HRN_FAMILY" value="14401"/>
			<Property id="PROPERTY_11145" name="ROUTEPATH_2" value="RTE-14401-GRBAA"/>
			<Property id="PROPERTY_11146" name="WIRE_FPN" value="WIRE-2UKD-0.35-GY/RD"/>
			<Property id="PROPERTY_11147" name="WIRE_DIA_MAX" value="1.2"/>
			<Option id="OPTION_95-c-0-e5aed_1" value="GPAAJ"/>
			<BranchRoute id="BRR_454">
				<StartBranchPosition id="BR_POS_1171" branchId="BRANCH_c2-4e-0-4c0da2" branchNodeId="BN_4919_9-222_058" offset="0"/>
				<PassBranchId>BRANCH_c2-4e-0-4c0f94</PassBranchId>
				<PassBranchId>BRANCH_c2-4e-0-4c0f96</PassBranchId>
				<PassBranchId>BRANCH_c2-4e-0-4c0f99</PassBranchId>
				<PassBranchId>BRANCH_c2-4e-0-4c0d9b</PassBranchId>
				<PassBranchId>BRANCH_c2-4e-0-4c10b4</PassBranchId>
				<PassBranchId>BRANCH_c2-4e-0-4c10b7</PassBranchId>
				<PassBranchId>BRANCH_c2-4e-0-4c0fa1</PassBranchId>
				<PassBranchId>BRANCH_c2-4e-0-4c10b1</PassBranchId>
				<PassBranchId>BRANCH_c2-4e-0-4c0f9e</PassBranchId>
				<PassBranchId>BRANCH_c2-4e-0-4c0f9b</PassBranchId>
				<PassBranchId>BRANCH_c2-4e-0-4c10ae</PassBranchId>
				<PassBranchId>BRANCH_c2-4e-0-4c0d95</PassBranchId>
				<PassBranchId>BRANCH_c2-4e-0-4c101d</PassBranchId>
				<PassBranchId>BRANCH_c2-4e-0-4c101a</PassBranchId>
				<PassBranchId>BRANCH_c2-4e-0-4c0fce</PassBranchId>
				<PassBranchId>BRANCH_c2-4e-0-4c0d1d</PassBranchId>
				<PassBranchId>BRANCH_35-4e-0-2efaf8</PassBranchId>
				<PassBranchId>BRANCH_c2-4e-0-4c10c0</PassBranchId>
				<PassBranchId>BRANCH_c2-4e-0-4c0fc8</PassBranchId>
				<PassBranchId>BRANCH_c2-4e-0-4c108d</PassBranchId>
				<PassBranchId>BRANCH_c2-4e-0-4c0d88</PassBranchId>
				<PassBranchId>BRANCH_c2-4e-0-4c109a</PassBranchId>
				<PassBranchId>BRANCH_c2-4e-0-4c0e16</PassBranchId>
				<PassBranchId>BRANCH_c2-4e-0-4c0fcb</PassBranchId>
				<PassBranchId>BRANCH_c2-4e-0-4c0dea</PassBranchId>
				<PassBranchId>BRANCH_c2-4e-0-4c0fd1</PassBranchId>
				<PassBranchId>BRANCH_c2-4e-0-4c0fe8</PassBranchId>
				<PassBranchId>BRANCH_c2-4e-0-4c1009</PassBranchId>
				<PassBranchId>BRANCH_c2-4e-0-4c10cb</PassBranchId>
				<PassBranchId>BRANCH_c2-4e-0-4c10ec</PassBranchId>
				<PassBranchId>BRANCH_c2-4e-0-4c0de4</PassBranchId>
				<PassBranchId>BRANCH_1a-4e-0-18e01d0</PassBranchId>
				<PassBranchId>BRANCH_c2-4e-0-4c10c8</PassBranchId>
				<PassBranchId>BRANCH_eb-4e-0-678fca</PassBranchId>
				<PassBranchId>BRANCH_c2-4e-0-4c0e87</PassBranchId>
				<PassBranchId>BRANCH_c2-4e-0-4c0e8c</PassBranchId>
				<PassBranchId>BRANCH_c2-4e-0-4c0e7f</PassBranchId>
				<PassBranchId>BRANCH_c2-4e-0-4c102d</PassBranchId>
				<PassBranchId>BRANCH_c2-4e-0-4c1030</PassBranchId>
				<PassBranchId>BRANCH_c2-4e-0-4c0e6d</PassBranchId>
				<PassBranchId>BRANCH_c2-4e-0-4c0fdc</PassBranchId>
				<PassBranchId>BRANCH_c2-4e-0-4c0efe</PassBranchId>
				<PassBranchId>BRANCH_eb-4e-0-5dd6fd</PassBranchId>
				<EndBranchPosition id="BR_POS_1172" branchId="BRANCH_c2-4e-0-4c0f05" branchNodeId="BN_24512-276" offset="0"/>
			</BranchRoute>
		</WiringItem>
		<WiringItem xsi:type="Wire" id="WIRE_6c-c-0-3ed495" name="SBP13FA" signalId="SIGNAL_2-36-0-3ec3" cableType="WIRE-2UKD-0.35" wireName="GY/RD" fromPinId="PIN_43-18-0-32be05" toPinId="PIN_f-18-0-daf5">
			<AppRef name="E3.Series" version="2.13.7.0" guid="853960c4-4aaf-4df8-aa39-2d2f8aa5ad09"/>
			<Property id="PROPERTY_11148" name="WIRE_LENGTH" value="2640"/>
			<Property id="PROPERTY_11149" name="WIRE_CSA" value="0.35"/>
			<Property id="PROPERTY_11150" name="WIRE_MIN_BEND_RADIUS" value="3"/>
			<Property id="PROPERTY_11151" name="WIRE_OPTION" value="GPAAW"/>
			<Property id="PROPERTY_11152" name="WIRE_DEV_PIN_1" value="C2AM01-B3:2"/>
			<Property id="PROPERTY_11153" name="WIRE_COLOR" value="GY/RD"/>
			<Property id="PROPERTY_11154" name="WIRE_SPEC" value="2UKD"/>
			<Property id="PROPERTY_11155" name="WIRE_END1_MATL" value="(SN)"/>
			<Property id="PROPERTY_11156" name="WIRE_LEVEL" value="(A-STR)"/>
			<Property id="PROPERTY_11157" name="WIRE_END1_TERM" value="3F2T-14474-SA"/>
			<Property id="PROPERTY_11158" name="WIRE_DEV_PIN_2" value="C2AM02-A:8"/>
			<Property id="PROPERTY_11159" name="WIRE_NAME" value="SBP13FA"/>
			<Property id="PROPERTY_11160" name="WIRE_END_DC" value="2,7C3T-14474-DA,(SN),(A-STR),SBP13A"/>
			<Property id="PROPERTY_11161" name="WIRE_SIGNAL" value="SBP13"/>
			<Property id="PROPERTY_11162" name="HRN_FAMILY" value="14401"/>
			<Property id="PROPERTY_11163" name="WIRE_FPN" value="WIRE-2UKD-0.35-GY/RD"/>
			<Property id="PROPERTY_11164" name="WIRE_DIA_MAX" value="1.2"/>
			<Option id="OPTION_6c-c-0-3ed495_1" value="GPAAW"/>
			<BranchRoute id="BRR_455">
				<StartBranchPosition id="BR_POS_1173" branchId="BRANCH_c2-4e-0-4c0da5" branchNodeId="BN_4783_9-170_058" offset="0"/>
				<PassBranchId>BRANCH_c2-4e-0-4c0d9e</PassBranchId>
				<PassBranchId>BRANCH_c2-4e-0-4c0d9b</PassBranchId>
				<PassBranchId>BRANCH_c2-4e-0-4c10b4</PassBranchId>
				<PassBranchId>BRANCH_c2-4e-0-4c10b7</PassBranchId>
				<PassBranchId>BRANCH_c2-4e-0-4c0fa1</PassBranchId>
				<PassBranchId>BRANCH_c2-4e-0-4c10b1</PassBranchId>
				<PassBranchId>BRANCH_c2-4e-0-4c0f9e</PassBranchId>
				<PassBranchId>BRANCH_c2-4e-0-4c0f9b</PassBranchId>
				<PassBranchId>BRANCH_c2-4e-0-4c10ae</PassBranchId>
				<PassBranchId>BRANCH_c2-4e-0-4c0d95</PassBranchId>
				<PassBranchId>BRANCH_c2-4e-0-4c101d</PassBranchId>
				<PassBranchId>BRANCH_c2-4e-0-4c101a</PassBranchId>
				<PassBranchId>BRANCH_c2-4e-0-4c0fce</PassBranchId>
				<PassBranchId>BRANCH_c2-4e-0-4c0d1d</PassBranchId>
				<PassBranchId>BRANCH_35-4e-0-2efaf8</PassBranchId>
				<PassBranchId>BRANCH_c2-4e-0-4c10c0</PassBranchId>
				<PassBranchId>BRANCH_c2-4e-0-4c0fc8</PassBranchId>
				<PassBranchId>BRANCH_c2-4e-0-4c108d</PassBranchId>
				<PassBranchId>BRANCH_c2-4e-0-4c0d88</PassBranchId>
				<PassBranchId>BRANCH_c2-4e-0-4c109a</PassBranchId>
				<PassBranchId>BRANCH_c2-4e-0-4c0e16</PassBranchId>
				<PassBranchId>BRANCH_c2-4e-0-4c0fcb</PassBranchId>
				<PassBranchId>BRANCH_c2-4e-0-4c0dea</PassBranchId>
				<PassBranchId>BRANCH_c2-4e-0-4c0fd1</PassBranchId>
				<PassBranchId>BRANCH_c2-4e-0-4c0fe8</PassBranchId>
				<PassBranchId>BRANCH_c2-4e-0-4c1009</PassBranchId>
				<PassBranchId>BRANCH_c2-4e-0-4c10cb</PassBranchId>
				<PassBranchId>BRANCH_c2-4e-0-4c10ec</PassBranchId>
				<PassBranchId>BRANCH_c2-4e-0-4c0de4</PassBranchId>
				<PassBranchId>BRANCH_1a-4e-0-18e01d0</PassBranchId>
				<PassBranchId>BRANCH_c2-4e-0-4c10c8</PassBranchId>
				<PassBranchId>BRANCH_eb-4e-0-678fca</PassBranchId>
				<PassBranchId>BRANCH_c2-4e-0-4c0e87</PassBranchId>
				<PassBranchId>BRANCH_c2-4e-0-4c0e8c</PassBranchId>
				<PassBranchId>BRANCH_c2-4e-0-4c0e7f</PassBranchId>
				<PassBranchId>BRANCH_c2-4e-0-4c102d</PassBranchId>
				<PassBranchId>BRANCH_c2-4e-0-4c1030</PassBranchId>
				<PassBranchId>BRANCH_c2-4e-0-4c0e6d</PassBranchId>
				<PassBranchId>BRANCH_c2-4e-0-4c0fdc</PassBranchId>
				<PassBranchId>BRANCH_c2-4e-0-4c0efe</PassBranchId>
				<PassBranchId>BRANCH_eb-4e-0-5dd6fd</PassBranchId>
				<EndBranchPosition id="BR_POS_1174" branchId="BRANCH_c2-4e-0-4c0f05" branchNodeId="BN_24512-276" offset="0"/>
			</BranchRoute>
		</WiringItem>
		<WiringItem xsi:type="Wire" id="WIRE_95-c-0-e5aa1" name="SBP15AA" signalId="SIGNAL_2-36-0-3ec5" cableType="WIRE-2UKD-0.35" wireName="WH/RD" fromPinId="PIN_f-18-0-db1d" toPinId="PIN_33-18-0-2aa99c">
			<AppRef name="E3.Series" version="2.13.7.0" guid="d7eb96ff-cdca-4f53-92a8-845e20ae3774"/>
			<Property id="PROPERTY_11165" name="WIRE_LENGTH" value="1930"/>
			<Property id="PROPERTY_11166" name="WIRE_END2_MATL" value="(SN)"/>
			<Property id="PROPERTY_11167" name="WIRE_CSA" value="0.35"/>
			<Property id="PROPERTY_11168" name="WIRE_MIN_BEND_RADIUS" value="3"/>
			<Property id="PROPERTY_11169" name="WIRE_OPTION" value="HJGAX"/>
			<Property id="PROPERTY_11170" name="WIRE_DEV_PIN_1" value="C2AM02-A:19"/>
			<Property id="PROPERTY_11171" name="WIRE_COLOR" value="WH/RD"/>
			<Property id="PROPERTY_11172" name="WIRE_SPEC" value="2UKD"/>
			<Property id="PROPERTY_11173" name="WIRE_END1_MATL" value="(SN)"/>
			<Property id="PROPERTY_11174" name="WIRE_LEVEL" value="(CNSL-HI)/(A-STR)/AH/AJ/AK/AL/AM/AN/AP/AR/BH/BJ/CB/CC/CD/CE/VA/XJ/XL/XM/XS/YC/YD/YG/YH/YK/YL/YN/YP"/>
			<Property id="PROPERTY_11175" name="WIRE_LEVEL" value="YR/YU/YV/ZD/ZE/ZG/ZH"/>
			<Property id="PROPERTY_11176" name="WIRE_END1_TERM" value="DU5T-14474-HBB"/>
			<Property id="PROPERTY_11177" name="WIRE_DEV_PIN_2" value="C2MC04-A:9"/>
			<Property id="PROPERTY_11178" name="WIRE_NAME" value="SBP15AA"/>
			<Property id="PROPERTY_11179" name="WIRE_END_DC" value="1,BU5T-14474-BAA,(SN),(CNSL-HI)/(A-STR)/AH/AJ/AK/AL/AM/AN/AP/AR/BH/BJ/CB/CC,SBP15B"/>
			<Property id="PROPERTY_11180" name="WIRE_END_DC" value="1,BU5T-14474-BAA,(SN),CD/CE/XJ/XL/XM/XS/YC/YD/YG/YH/YK/YL/YN/YP/YR/YU/YV/ZD,SBP15B"/>
			<Property id="PROPERTY_11181" name="WIRE_END_DC" value="1,BU5T-14474-BAA,(SN),ZE/ZG,SBP15B"/>
			<Property id="PROPERTY_11182" name="WIRE_END2_TERM" value="3F2T-14474-SA"/>
			<Property id="PROPERTY_11183" name="WIRE_SIGNAL" value="SBP15"/>
			<Property id="PROPERTY_11184" name="HRN_FAMILY" value="14401"/>
			<Property id="PROPERTY_11185" name="WIRE_FPN" value="WIRE-2UKD-0.35-WH/RD"/>
			<Property id="PROPERTY_11186" name="WIRE_DIA_MAX" value="1.2"/>
			<Option id="OPTION_95-c-0-e5aa1_1" value="HJGAX"/>
			<BranchRoute id="BRR_456">
				<StartBranchPosition id="BR_POS_1175" branchId="BRANCH_c2-4e-0-4c0f37" branchNodeId="BN_16144-216" offset="0"/>
				<PassBranchId>BRANCH_c2-4e-0-4c0e06</PassBranchId>
				<PassBranchId>BRANCH_c2-4e-0-4c10c3</PassBranchId>
				<PassBranchId>BRANCH_c2-4e-0-4c0ff9</PassBranchId>
				<PassBranchId>BRANCH_c2-4e-0-4c0f34</PassBranchId>
				<PassBranchId>BRANCH_c2-4e-0-4c0d05</PassBranchId>
				<PassBranchId>BRANCH_c2-4e-0-4c1076</PassBranchId>
				<PassBranchId>BRANCH_c2-4e-0-4c106f</PassBranchId>
				<PassBranchId>BRANCH_c2-4e-0-4c1075</PassBranchId>
				<PassBranchId>BRANCH_c2-4e-0-4c0de4</PassBranchId>
				<PassBranchId>BRANCH_1a-4e-0-18e01d0</PassBranchId>
				<PassBranchId>BRANCH_c2-4e-0-4c10c8</PassBranchId>
				<PassBranchId>BRANCH_eb-4e-0-678fca</PassBranchId>
				<PassBranchId>BRANCH_c2-4e-0-4c0e87</PassBranchId>
				<PassBranchId>BRANCH_c2-4e-0-4c0e8c</PassBranchId>
				<PassBranchId>BRANCH_c2-4e-0-4c0e7f</PassBranchId>
				<PassBranchId>BRANCH_c2-4e-0-4c102d</PassBranchId>
				<PassBranchId>BRANCH_c2-4e-0-4c1030</PassBranchId>
				<PassBranchId>BRANCH_c2-4e-0-4c0e6d</PassBranchId>
				<PassBranchId>BRANCH_c2-4e-0-4c0fdc</PassBranchId>
				<PassBranchId>BRANCH_c2-4e-0-4c0efe</PassBranchId>
				<PassBranchId>BRANCH_eb-4e-0-5dd6fd</PassBranchId>
				<EndBranchPosition id="BR_POS_1176" branchId="BRANCH_c2-4e-0-4c0f05" branchNodeId="BN_24512-276" offset="0"/>
			</BranchRoute>
		</WiringItem>
		<WiringItem xsi:type="Wire" id="WIRE_af-c-0-5a6739" name="SBP15AB" signalId="SIGNAL_2-36-0-3ec5" cableType="WIRE-2UKD-0.35" wireName="WH/RD" fromPinId="PIN_f-18-0-db1d" toPinId="PIN_9f-18-0-514011">
			<AppRef name="E3.Series" version="2.13.7.0" guid="8cf1bdae-cb9b-41c4-a449-676cc84ec9ae"/>
			<Property id="PROPERTY_11187" name="WIRE_LENGTH" value="1505"/>
			<Property id="PROPERTY_11188" name="WIRE_END2_MATL" value="(SN)"/>
			<Property id="PROPERTY_11189" name="WIRE_CSA" value="0.35"/>
			<Property id="PROPERTY_11190" name="WIRE_MIN_BEND_RADIUS" value="3"/>
			<Property id="PROPERTY_11191" name="WIRE_OPTION" value="HJGAJ"/>
			<Property id="PROPERTY_11192" name="WIRE_DEV_PIN_1" value="C2AM02-A:19"/>
			<Property id="PROPERTY_11193" name="WIRE_COLOR" value="WH/RD"/>
			<Property id="PROPERTY_11194" name="WIRE_SPEC" value="2UKD"/>
			<Property id="PROPERTY_11195" name="WIRE_LEVEL" value="(8DSP)"/>
			<Property id="PROPERTY_11196" name="WIRE_DEV_PIN_2" value="C22-SW1:18"/>
			<Property id="PROPERTY_11197" name="WIRE_NAME" value="SBP15AB"/>
			<Property id="PROPERTY_11198" name="WIRE_END_DC" value="1,BU5T-14474-BAA,(SN),(8DSP),SBP15B"/>
			<Property id="PROPERTY_11199" name="WIRE_END2_TERM" value="DU5T-14421-FA"/>
			<Property id="PROPERTY_11200" name="WIRE_SIGNAL" value="SBP15"/>
			<Property id="PROPERTY_11201" name="HRN_FAMILY" value="14401"/>
			<Property id="PROPERTY_11202" name="WIRE_FPN" value="WIRE-2UKD-0.35-WH/RD"/>
			<Property id="PROPERTY_11203" name="WIRE_DIA_MAX" value="1.2"/>
			<Option id="OPTION_af-c-0-5a6739_1" value="HJGAJ"/>
			<BranchRoute id="BRR_457">
				<StartBranchPosition id="BR_POS_1177" branchId="BRANCH_c2-4e-0-4c0f0b" branchNodeId="BN_20576-224" offset="0"/>
				<PassBranchId>BRANCH_c2-4e-0-4c0df7</PassBranchId>
				<PassBranchId>BRANCH_c2-4e-0-4c1068</PassBranchId>
				<PassBranchId>BRANCH_c2-4e-0-4c0de4</PassBranchId>
				<PassBranchId>BRANCH_1a-4e-0-18e01d0</PassBranchId>
				<PassBranchId>BRANCH_c2-4e-0-4c10c8</PassBranchId>
				<PassBranchId>BRANCH_eb-4e-0-678fca</PassBranchId>
				<PassBranchId>BRANCH_c2-4e-0-4c0e87</PassBranchId>
				<PassBranchId>BRANCH_c2-4e-0-4c0e8c</PassBranchId>
				<PassBranchId>BRANCH_c2-4e-0-4c0e7f</PassBranchId>
				<PassBranchId>BRANCH_c2-4e-0-4c102d</PassBranchId>
				<PassBranchId>BRANCH_c2-4e-0-4c1030</PassBranchId>
				<PassBranchId>BRANCH_c2-4e-0-4c0e6d</PassBranchId>
				<PassBranchId>BRANCH_c2-4e-0-4c0fdc</PassBranchId>
				<PassBranchId>BRANCH_c2-4e-0-4c0efe</PassBranchId>
				<PassBranchId>BRANCH_eb-4e-0-5dd6fd</PassBranchId>
				<EndBranchPosition id="BR_POS_1178" branchId="BRANCH_c2-4e-0-4c0f05" branchNodeId="BN_24512-276" offset="0"/>
			</BranchRoute>
		</WiringItem>
		<WiringItem xsi:type="Wire" id="WIRE_95-c-0-e52b6" name="SBP15B" signalId="SIGNAL_2-36-0-3ec5" cableType="WIRE-3TAD-0.50" wireName="WH/RD" fromPinId="PIN_87-18-0-152ea" toPinId="PIN_f-18-0-db1d">
			<AppRef name="E3.Series" version="2.13.7.0" guid="5a3d464d-170c-415d-873a-e1800bbdb5c1"/>
			<Property id="PROPERTY_11204" name="WIRE_LENGTH" value="1795"/>
			<Property id="PROPERTY_11205" name="WIRE_END2_MATL" value="(SN)"/>
			<Property id="PROPERTY_11206" name="WIRE_CSA" value="0.5"/>
			<Property id="PROPERTY_11207" name="WIRE_MIN_BEND_RADIUS" value="4.25"/>
			<Property id="PROPERTY_11208" name="WIRE_OPTION" value="IEVAQ | IEVAR"/>
			<Property id="PROPERTY_11209" name="WIRE_DEV_PIN_1" value="C2MM01-A:1"/>
			<Property id="PROPERTY_11210" name="WIRE_COLOR" value="WH/RD"/>
			<Property id="PROPERTY_11211" name="WIRE_SPEC" value="3TAD"/>
			<Property id="PROPERTY_11212" name="WIRE_END1_MATL" value="(SN)"/>
			<Property id="PROPERTY_11213" name="WIRE_LEVEL" value="(D-CAM)/(C-SHF)/(KWINV)/(8SPKR)/(F-SHF)/(BEV)"/>
			<Property id="PROPERTY_11214" name="WIRE_END1_TERM" value="9U5T-14474-DB"/>
			<Property id="PROPERTY_11215" name="WIRE_DEV_PIN_2" value="C2AM02-A:19"/>
			<Property id="PROPERTY_11216" name="WIRE_NAME" value="SBP15B"/>
			<Property id="PROPERTY_11217" name="WIRE_END_DC" value="2,BU5T-14474-BAA,(SN),(CNSL-HI)/(A-STR)/AH/AJ/AK/AL/AM/AN/AP/AR/BH/BJ/CB,SBP15AA"/>
			<Property id="PROPERTY_11218" name="WIRE_END_DC" value="2,BU5T-14474-BAA,(SN),CC/CD/CE/XJ/XL/XM/XS/YC/YD/YG/YH/YK/YL/YN/YP/YR/YU,SBP15AA"/>
			<Property id="PROPERTY_11219" name="WIRE_END_DC" value="2,BU5T-14474-BAA,(SN),YV/ZD/ZE/ZG,SBP15AA"/>
			<Property id="PROPERTY_11220" name="WIRE_END_DC" value="2,BU5T-14474-BAA,(SN),(8DSP),SBP15AB"/>
			<Property id="PROPERTY_11221" name="WIRE_END2_TERM" value="BU5T-14474-BAA"/>
			<Property id="PROPERTY_11222" name="WIRE_SIGNAL" value="SBP15"/>
			<Property id="PROPERTY_11223" name="HRN_FAMILY" value="14401"/>
			<Property id="PROPERTY_11224" name="WIRE_FPN" value="WIRE-3TAD-0.50-WH/RD"/>
			<Property id="PROPERTY_11225" name="WIRE_DIA_MAX" value="1.6"/>
			<Option id="OPTION_95-c-0-e52b6_1" value="IEVAQ | IEVAR"/>
			<BranchRoute id="BRR_458">
				<StartBranchPosition id="BR_POS_1179" branchId="BRANCH_c2-4e-0-4c0f2a" branchNodeId="BN_17720-164" offset="0"/>
				<PassBranchId>BRANCH_c2-4e-0-4c0f29</PassBranchId>
				<PassBranchId>BRANCH_c2-4e-0-4c0f26</PassBranchId>
				<PassBranchId>BRANCH_c2-4e-0-4c0d05</PassBranchId>
				<PassBranchId>BRANCH_c2-4e-0-4c1076</PassBranchId>
				<PassBranchId>BRANCH_c2-4e-0-4c106f</PassBranchId>
				<PassBranchId>BRANCH_c2-4e-0-4c1075</PassBranchId>
				<PassBranchId>BRANCH_c2-4e-0-4c0de4</PassBranchId>
				<PassBranchId>BRANCH_1a-4e-0-18e01d0</PassBranchId>
				<PassBranchId>BRANCH_c2-4e-0-4c10c8</PassBranchId>
				<PassBranchId>BRANCH_eb-4e-0-678fca</PassBranchId>
				<PassBranchId>BRANCH_c2-4e-0-4c0e87</PassBranchId>
				<PassBranchId>BRANCH_c2-4e-0-4c0e8c</PassBranchId>
				<PassBranchId>BRANCH_c2-4e-0-4c0e7f</PassBranchId>
				<PassBranchId>BRANCH_c2-4e-0-4c102d</PassBranchId>
				<PassBranchId>BRANCH_c2-4e-0-4c1030</PassBranchId>
				<PassBranchId>BRANCH_c2-4e-0-4c0e6d</PassBranchId>
				<PassBranchId>BRANCH_c2-4e-0-4c0fdc</PassBranchId>
				<PassBranchId>BRANCH_c2-4e-0-4c0efe</PassBranchId>
				<PassBranchId>BRANCH_eb-4e-0-5dd6fd</PassBranchId>
				<EndBranchPosition id="BR_POS_1180" branchId="BRANCH_c2-4e-0-4c0f05" branchNodeId="BN_24512-276" offset="0"/>
			</BranchRoute>
		</WiringItem>
		<WiringItem xsi:type="Wire" id="WIRE_7f-c-0-515a51" name="SBP19A" signalId="SIGNAL_2-36-0-3ccd" cableType="WIRE-2UKD-0.35" wireName="RD" fromPinId="PIN_f-18-0-db37" toPinId="PIN_3b-18-0-1d71c">
			<AppRef name="E3.Series" version="2.13.7.0" guid="312a88e4-e886-45fe-b021-c071e1cccf0d"/>
			<Property id="PROPERTY_11226" name="WIRE_LENGTH" value="2500"/>
			<Property id="PROPERTY_11227" name="WIRE_END2_MATL" value="(SN)"/>
			<Property id="PROPERTY_11228" name="WIRE_CSA" value="0.35"/>
			<Property id="PROPERTY_11229" name="WIRE_MIN_BEND_RADIUS" value="3"/>
			<Property id="PROPERTY_11230" name="WIRE_OPTION" value="HT2AA"/>
			<Property id="PROPERTY_11231" name="WIRE_DEV_PIN_1" value="C2AM02-A:11"/>
			<Property id="PROPERTY_11232" name="WIRE_COLOR" value="RD"/>
			<Property id="PROPERTY_11233" name="WIRE_SPEC" value="2UKD"/>
			<Property id="PROPERTY_11234" name="WIRE_END1_MATL" value="(SN)"/>
			<Property id="PROPERTY_11235" name="WIRE_LEVEL" value="(C-SHF)/(400W)/(7SPKR)/(TACH-L0)/(ACBRKR)/VA"/>
			<Property id="PROPERTY_11236" name="WIRE_END1_TERM" value="BU5T-14474-UA"/>
			<Property id="PROPERTY_11237" name="WIRE_DEV_PIN_2" value="C2LF23:8"/>
			<Property id="PROPERTY_11238" name="WIRE_NAME" value="SBP19A"/>
			<Property id="PROPERTY_11239" name="WIRE_END2_TERM" value="DU5T-14474-EAB"/>
			<Property id="PROPERTY_11240" name="WIRE_SIGNAL" value="RMM13"/>
			<Property id="PROPERTY_11241" name="HRN_FAMILY" value="14401"/>
			<Property id="PROPERTY_11242" name="WIRE_FPN" value="WIRE-2UKD-0.35-RD"/>
			<Property id="PROPERTY_11243" name="WIRE_DIA_MAX" value="1.2"/>
			<Option id="OPTION_7f-c-0-515a51_1" value="HT2AA"/>
			<BranchRoute id="BRR_459">
				<StartBranchPosition id="BR_POS_1181" branchId="BRANCH_c2-4e-0-4c0e2f" branchNodeId="BN_3231_9-198_058" offset="0"/>
				<PassBranchId>BRANCH_c2-4e-0-4c0e66</PassBranchId>
				<PassBranchId>BRANCH_c2-4e-0-4c0d3e</PassBranchId>
				<PassBranchId>BRANCH_c2-4e-0-4c1055</PassBranchId>
				<PassBranchId>BRANCH_c2-4e-0-4c1056</PassBranchId>
				<PassBranchId>BRANCH_c2-4e-0-4c10e7</PassBranchId>
				<PassBranchId>BRANCH_c2-4e-0-4c0fc5</PassBranchId>
				<PassBranchId>BRANCH_c2-4e-0-4c0fce</PassBranchId>
				<PassBranchId>BRANCH_c2-4e-0-4c0d1d</PassBranchId>
				<PassBranchId>BRANCH_35-4e-0-2efaf8</PassBranchId>
				<PassBranchId>BRANCH_c2-4e-0-4c10c0</PassBranchId>
				<PassBranchId>BRANCH_c2-4e-0-4c0fc8</PassBranchId>
				<PassBranchId>BRANCH_c2-4e-0-4c108d</PassBranchId>
				<PassBranchId>BRANCH_c2-4e-0-4c0d88</PassBranchId>
				<PassBranchId>BRANCH_c2-4e-0-4c109a</PassBranchId>
				<PassBranchId>BRANCH_c2-4e-0-4c0e16</PassBranchId>
				<PassBranchId>BRANCH_c2-4e-0-4c0fcb</PassBranchId>
				<PassBranchId>BRANCH_c2-4e-0-4c0dea</PassBranchId>
				<PassBranchId>BRANCH_c2-4e-0-4c0fd1</PassBranchId>
				<PassBranchId>BRANCH_c2-4e-0-4c0fe8</PassBranchId>
				<PassBranchId>BRANCH_c2-4e-0-4c1009</PassBranchId>
				<PassBranchId>BRANCH_c2-4e-0-4c10cb</PassBranchId>
				<PassBranchId>BRANCH_c2-4e-0-4c10ec</PassBranchId>
				<PassBranchId>BRANCH_c2-4e-0-4c0de4</PassBranchId>
				<PassBranchId>BRANCH_1a-4e-0-18e01d0</PassBranchId>
				<PassBranchId>BRANCH_c2-4e-0-4c10c8</PassBranchId>
				<PassBranchId>BRANCH_eb-4e-0-678fca</PassBranchId>
				<PassBranchId>BRANCH_c2-4e-0-4c0e87</PassBranchId>
				<PassBranchId>BRANCH_c2-4e-0-4c0e8c</PassBranchId>
				<PassBranchId>BRANCH_c2-4e-0-4c0e7f</PassBranchId>
				<PassBranchId>BRANCH_c2-4e-0-4c102d</PassBranchId>
				<PassBranchId>BRANCH_c2-4e-0-4c1030</PassBranchId>
				<PassBranchId>BRANCH_c2-4e-0-4c0e6d</PassBranchId>
				<PassBranchId>BRANCH_c2-4e-0-4c0fdc</PassBranchId>
				<PassBranchId>BRANCH_c2-4e-0-4c0efe</PassBranchId>
				<PassBranchId>BRANCH_eb-4e-0-5dd6fd</PassBranchId>
				<EndBranchPosition id="BR_POS_1182" branchId="BRANCH_c2-4e-0-4c0f05" branchNodeId="BN_24512-276" offset="0"/>
			</BranchRoute>
		</WiringItem>
		<WiringItem xsi:type="Wire" id="WIRE_c2-c-0-480c08" name="SBP19EVA" signalId="SIGNAL_2-36-0-3ccd" cableType="WIRE-2UKD-0.35" wireName="RD" fromPinId="PIN_3e-18-0-323bd9" toPinId="PIN_f-18-0-db37">
			<AppRef name="E3.Series" version="2.14.0.0" guid="7d2efa45-f2b7-484d-bf51-ddc209d5a87e"/>
			<Property id="PROPERTY_11244" name="WIRE_LENGTH" value="2657"/>
			<Property id="PROPERTY_11245" name="WIRE_CSA" value="0.35"/>
			<Property id="PROPERTY_11246" name="WIRE_MIN_BEND_RADIUS" value="3"/>
			<Property id="PROPERTY_11247" name="WIRE_OPTION" value="HT2AC"/>
			<Property id="PROPERTY_11248" name="WIRE_DEV_PIN_1" value="C23-E1:10"/>
			<Property id="PROPERTY_11249" name="WIRE_COLOR" value="RD"/>
			<Property id="PROPERTY_11250" name="WIRE_SPEC" value="2UKD"/>
			<Property id="PROPERTY_11251" name="WIRE_END1_MATL" value="(SN)"/>
			<Property id="PROPERTY_11252" name="WIRE_LEVEL" value="(BEV)"/>
			<Property id="PROPERTY_11253" name="WIRE_END1_TERM" value="9U5T-14474-DB"/>
			<Property id="PROPERTY_11254" name="WIRE_DEV_PIN_2" value="C2AM02-A:11"/>
			<Property id="PROPERTY_11255" name="WIRE_NAME" value="SBP19EVA"/>
			<Property id="PROPERTY_11256" name="WIRE_END_DC" value="2,7C3T-14474-DA,(SN),(BEV),SBP19EVB"/>
			<Property id="PROPERTY_11257" name="WIRE_SIGNAL" value="RMM13"/>
			<Property id="PROPERTY_11258" name="HRN_FAMILY" value="14401"/>
			<Property id="PROPERTY_11259" name="WIRE_FPN" value="WIRE-2UKD-0.35-RD"/>
			<Property id="PROPERTY_11260" name="WIRE_DIA_MAX" value="1.2"/>
			<Option id="OPTION_c2-c-0-480c08_1" value="HT2AC"/>
			<BranchRoute id="BRR_460">
				<StartBranchPosition id="BR_POS_1183" branchId="BRANCH_c2-4e-0-4c0f1c" branchNodeId="BN_18448-168" offset="0"/>
				<PassBranchId>BRANCH_c2-4e-0-4c0dfa</PassBranchId>
				<PassBranchId>BRANCH_c2-4e-0-4c10f5</PassBranchId>
				<PassBranchId>BRANCH_c2-4e-0-4c0e9b</PassBranchId>
				<PassBranchId>BRANCH_c2-4e-0-4c10ce</PassBranchId>
				<PassBranchId>BRANCH_c2-4e-0-4c0e97</PassBranchId>
				<PassBranchId>BRANCH_c2-4e-0-4c0f88</PassBranchId>
				<PassBranchId>BRANCH_c2-4e-0-4c0f18</PassBranchId>
				<PassBranchId>BRANCH_c2-4e-0-4c0f89</PassBranchId>
				<PassBranchId>BRANCH_c2-4e-0-4c1083</PassBranchId>
				<PassBranchId>BRANCH_c2-4e-0-4c1087</PassBranchId>
				<PassBranchId>BRANCH_c2-4e-0-4c106f</PassBranchId>
				<PassBranchId>BRANCH_c2-4e-0-4c1075</PassBranchId>
				<PassBranchId>BRANCH_c2-4e-0-4c0de4</PassBranchId>
				<PassBranchId>BRANCH_1a-4e-0-18e01d0</PassBranchId>
				<PassBranchId>BRANCH_c2-4e-0-4c10c8</PassBranchId>
				<PassBranchId>BRANCH_eb-4e-0-678fca</PassBranchId>
				<PassBranchId>BRANCH_c2-4e-0-4c0e87</PassBranchId>
				<PassBranchId>BRANCH_c2-4e-0-4c0e8c</PassBranchId>
				<PassBranchId>BRANCH_c2-4e-0-4c0e7f</PassBranchId>
				<PassBranchId>BRANCH_c2-4e-0-4c102d</PassBranchId>
				<PassBranchId>BRANCH_c2-4e-0-4c1030</PassBranchId>
				<PassBranchId>BRANCH_c2-4e-0-4c0e6d</PassBranchId>
				<PassBranchId>BRANCH_c2-4e-0-4c0fdc</PassBranchId>
				<PassBranchId>BRANCH_c2-4e-0-4c0efe</PassBranchId>
				<PassBranchId>BRANCH_eb-4e-0-5dd6fd</PassBranchId>
				<EndBranchPosition id="BR_POS_1184" branchId="BRANCH_c2-4e-0-4c0f05" branchNodeId="BN_24512-276" offset="0"/>
			</BranchRoute>
		</WiringItem>
		<WiringItem xsi:type="Wire" id="WIRE_c2-c-0-483967" name="SBP19EVB" signalId="SIGNAL_2-36-0-3ccd" cableType="WIRE-2UKD-0.35" wireName="RD" fromPinId="PIN_f-18-0-db37" toPinId="PIN_3b-18-0-1d71c">
			<AppRef name="E3.Series" version="2.14.0.0" guid="9be0a6ee-c8f8-4fe1-94b0-08844d988638"/>
			<Property id="PROPERTY_11261" name="WIRE_LENGTH" value="2500"/>
			<Property id="PROPERTY_11262" name="WIRE_END2_MATL" value="(SN)"/>
			<Property id="PROPERTY_11263" name="WIRE_CSA" value="0.35"/>
			<Property id="PROPERTY_11264" name="WIRE_MIN_BEND_RADIUS" value="3"/>
			<Property id="PROPERTY_11265" name="WIRE_OPTION" value="HT2AC"/>
			<Property id="PROPERTY_11266" name="WIRE_DEV_PIN_1" value="C2AM02-A:11"/>
			<Property id="PROPERTY_11267" name="WIRE_COLOR" value="RD"/>
			<Property id="PROPERTY_11268" name="WIRE_SPEC" value="2UKD"/>
			<Property id="PROPERTY_11269" name="WIRE_LEVEL" value="(BEV)"/>
			<Property id="PROPERTY_11270" name="WIRE_DEV_PIN_2" value="C2LF23:8"/>
			<Property id="PROPERTY_11271" name="WIRE_NAME" value="SBP19EVB"/>
			<Property id="PROPERTY_11272" name="WIRE_END_DC" value="1,7C3T-14474-DA,(SN),(BEV),SBP19EVA"/>
			<Property id="PROPERTY_11273" name="WIRE_END2_TERM" value="DU5T-14474-EAB"/>
			<Property id="PROPERTY_11274" name="WIRE_SIGNAL" value="RMM13"/>
			<Property id="PROPERTY_11275" name="HRN_FAMILY" value="14401"/>
			<Property id="PROPERTY_11276" name="WIRE_FPN" value="WIRE-2UKD-0.35-RD"/>
			<Property id="PROPERTY_11277" name="WIRE_DIA_MAX" value="1.2"/>
			<Option id="OPTION_c2-c-0-483967_1" value="HT2AC"/>
			<BranchRoute id="BRR_461">
				<StartBranchPosition id="BR_POS_1185" branchId="BRANCH_c2-4e-0-4c0e2f" branchNodeId="BN_3231_9-198_058" offset="0"/>
				<PassBranchId>BRANCH_c2-4e-0-4c0e66</PassBranchId>
				<PassBranchId>BRANCH_c2-4e-0-4c0d3e</PassBranchId>
				<PassBranchId>BRANCH_c2-4e-0-4c1055</PassBranchId>
				<PassBranchId>BRANCH_c2-4e-0-4c1056</PassBranchId>
				<PassBranchId>BRANCH_c2-4e-0-4c10e7</PassBranchId>
				<PassBranchId>BRANCH_c2-4e-0-4c0fc5</PassBranchId>
				<PassBranchId>BRANCH_c2-4e-0-4c0fce</PassBranchId>
				<PassBranchId>BRANCH_c2-4e-0-4c0d1d</PassBranchId>
				<PassBranchId>BRANCH_35-4e-0-2efaf8</PassBranchId>
				<PassBranchId>BRANCH_c2-4e-0-4c10c0</PassBranchId>
				<PassBranchId>BRANCH_c2-4e-0-4c0fc8</PassBranchId>
				<PassBranchId>BRANCH_c2-4e-0-4c108d</PassBranchId>
				<PassBranchId>BRANCH_c2-4e-0-4c0d88</PassBranchId>
				<PassBranchId>BRANCH_c2-4e-0-4c109a</PassBranchId>
				<PassBranchId>BRANCH_c2-4e-0-4c0e16</PassBranchId>
				<PassBranchId>BRANCH_c2-4e-0-4c0fcb</PassBranchId>
				<PassBranchId>BRANCH_c2-4e-0-4c0dea</PassBranchId>
				<PassBranchId>BRANCH_c2-4e-0-4c0fd1</PassBranchId>
				<PassBranchId>BRANCH_c2-4e-0-4c0fe8</PassBranchId>
				<PassBranchId>BRANCH_c2-4e-0-4c1009</PassBranchId>
				<PassBranchId>BRANCH_c2-4e-0-4c10cb</PassBranchId>
				<PassBranchId>BRANCH_c2-4e-0-4c10ec</PassBranchId>
				<PassBranchId>BRANCH_c2-4e-0-4c0de4</PassBranchId>
				<PassBranchId>BRANCH_1a-4e-0-18e01d0</PassBranchId>
				<PassBranchId>BRANCH_c2-4e-0-4c10c8</PassBranchId>
				<PassBranchId>BRANCH_eb-4e-0-678fca</PassBranchId>
				<PassBranchId>BRANCH_c2-4e-0-4c0e87</PassBranchId>
				<PassBranchId>BRANCH_c2-4e-0-4c0e8c</PassBranchId>
				<PassBranchId>BRANCH_c2-4e-0-4c0e7f</PassBranchId>
				<PassBranchId>BRANCH_c2-4e-0-4c102d</PassBranchId>
				<PassBranchId>BRANCH_c2-4e-0-4c1030</PassBranchId>
				<PassBranchId>BRANCH_c2-4e-0-4c0e6d</PassBranchId>
				<PassBranchId>BRANCH_c2-4e-0-4c0fdc</PassBranchId>
				<PassBranchId>BRANCH_c2-4e-0-4c0efe</PassBranchId>
				<PassBranchId>BRANCH_eb-4e-0-5dd6fd</PassBranchId>
				<EndBranchPosition id="BR_POS_1186" branchId="BRANCH_c2-4e-0-4c0f05" branchNodeId="BN_24512-276" offset="0"/>
			</BranchRoute>
		</WiringItem>
		<WiringItem xsi:type="Wire" id="WIRE_95-c-0-e4a50" name="SBP20A" signalId="SIGNAL_2-36-0-3eca" cableType="WIRE-2UKD-0.50" wireName="GN/RD" fromPinId="PIN_f-18-0-db04" toPinId="PIN_f-18-0-df13">
			<AppRef name="E3.Series" version="2.13.7.0" guid="e5d264ce-d952-428b-b540-d92dec0257db"/>
			<Property id="PROPERTY_11278" name="WIRE_LENGTH" value="2010"/>
			<Property id="PROPERTY_11279" name="WIRE_END2_MATL" value="(SN)"/>
			<Property id="PROPERTY_11280" name="WIRE_CSA" value="0.5"/>
			<Property id="PROPERTY_11281" name="WIRE_MIN_BEND_RADIUS" value="3"/>
			<Property id="PROPERTY_11282" name="WIRE_OPTION" value="CBGAA | CBGAD | CBGAE"/>
			<Property id="PROPERTY_11283" name="WIRE_DEV_PIN_1" value="C2AM02-A:12"/>
			<Property id="PROPERTY_11284" name="WIRE_COLOR" value="GN/RD"/>
			<Property id="PROPERTY_11285" name="WIRE_SPEC" value="2UKD"/>
			<Property id="PROPERTY_11286" name="WIRE_LEVEL" value="(8DSP)"/>
			<Property id="PROPERTY_11287" name="WIRE_DEV_PIN_2" value="C2DC32:4"/>
			<Property id="PROPERTY_11288" name="WIRE_NAME" value="SBP20A"/>
			<Property id="PROPERTY_11289" name="WIRE_END_DC" value="1,*7C3T-14474-DA,(SN),(8DSP),SBP20C"/>
			<Property id="PROPERTY_11290" name="WIRE_END2_TERM" value="9U5T-14474-DB"/>
			<Property id="PROPERTY_11291" name="WIRE_SIGNAL" value="SBP20"/>
			<Property id="PROPERTY_11292" name="HRN_FAMILY" value="14401"/>
			<Property id="PROPERTY_11293" name="WIRE_FPN" value="WIRE-2UKD-0.50-GN/RD"/>
			<Property id="PROPERTY_11294" name="WIRE_DIA_MAX" value="1.4"/>
			<Option id="OPTION_95-c-0-e4a50_1" value="CBGAA | CBGAD | CBGAE"/>
			<BranchRoute id="BRR_462">
				<StartBranchPosition id="BR_POS_1187" branchId="BRANCH_c2-4e-0-4c0f57" branchNodeId="BN_12206_25-278_156" offset="0"/>
				<PassBranchId>BRANCH_c2-4e-0-4c0ea5</PassBranchId>
				<PassBranchId>BRANCH_c2-4e-0-4c0ea2</PassBranchId>
				<PassBranchId>BRANCH_c2-4e-0-4c0f5d</PassBranchId>
				<PassBranchId>BRANCH_c2-4e-0-4c0f4c</PassBranchId>
				<PassBranchId>BRANCH_c2-4e-0-4c0dea</PassBranchId>
				<PassBranchId>BRANCH_c2-4e-0-4c0fd1</PassBranchId>
				<PassBranchId>BRANCH_c2-4e-0-4c0fe8</PassBranchId>
				<PassBranchId>BRANCH_c2-4e-0-4c1009</PassBranchId>
				<PassBranchId>BRANCH_c2-4e-0-4c10cb</PassBranchId>
				<PassBranchId>BRANCH_c2-4e-0-4c10ec</PassBranchId>
				<PassBranchId>BRANCH_c2-4e-0-4c0de4</PassBranchId>
				<PassBranchId>BRANCH_1a-4e-0-18e01d0</PassBranchId>
				<PassBranchId>BRANCH_c2-4e-0-4c10c8</PassBranchId>
				<PassBranchId>BRANCH_eb-4e-0-678fca</PassBranchId>
				<PassBranchId>BRANCH_c2-4e-0-4c0e87</PassBranchId>
				<PassBranchId>BRANCH_c2-4e-0-4c0e8c</PassBranchId>
				<PassBranchId>BRANCH_c2-4e-0-4c0e7f</PassBranchId>
				<PassBranchId>BRANCH_c2-4e-0-4c102d</PassBranchId>
				<PassBranchId>BRANCH_c2-4e-0-4c1030</PassBranchId>
				<PassBranchId>BRANCH_c2-4e-0-4c0e6d</PassBranchId>
				<PassBranchId>BRANCH_c2-4e-0-4c0fdc</PassBranchId>
				<PassBranchId>BRANCH_c2-4e-0-4c0efe</PassBranchId>
				<PassBranchId>BRANCH_eb-4e-0-5dd6fd</PassBranchId>
				<EndBranchPosition id="BR_POS_1188" branchId="BRANCH_c2-4e-0-4c0f05" branchNodeId="BN_24512-276" offset="0"/>
			</BranchRoute>
		</WiringItem>
		<WiringItem xsi:type="Wire" id="WIRE_95-c-0-e4712" name="SBP20B" signalId="SIGNAL_2-36-0-3eca" cableType="WIRE-2UKD-0.35" wireName="GN/RD" fromPinId="PIN_f-18-0-db04" toPinId="PIN_29-18-0-82ce">
			<AppRef name="E3.Series" version="2.13.7.0" guid="1677c2e9-d208-4db7-892e-d92061c9042f"/>
			<Property id="PROPERTY_11295" name="WIRE_LENGTH" value="2045"/>
			<Property id="PROPERTY_11296" name="WIRE_END2_MATL" value="(SN)"/>
			<Property id="PROPERTY_11297" name="WIRE_CSA" value="0.35"/>
			<Property id="PROPERTY_11298" name="WIRE_MIN_BEND_RADIUS" value="3"/>
			<Property id="PROPERTY_11299" name="WIRE_OPTION" value="CBGAL | CBGAJ | CBGAU | CBFAN"/>
			<Property id="PROPERTY_11300" name="WIRE_DEV_PIN_1" value="C2AM02-A:12"/>
			<Property id="PROPERTY_11301" name="WIRE_COLOR" value="GN/RD"/>
			<Property id="PROPERTY_11302" name="WIRE_SPEC" value="2UKD"/>
			<Property id="PROPERTY_11303" name="WIRE_END1_MATL" value="(SN)"/>
			<Property id="PROPERTY_11304" name="WIRE_LEVEL" value="(PEPS-12)/(BEV)"/>
			<Property id="PROPERTY_11305" name="WIRE_END1_TERM" value="BU5T-14474-UA"/>
			<Property id="PROPERTY_11306" name="WIRE_DEV_PIN_2" value="C2DC38:4"/>
			<Property id="PROPERTY_11307" name="WIRE_NAME" value="SBP20B"/>
			<Property id="PROPERTY_11308" name="WIRE_END2_TERM" value="3F2T-14474-SA"/>
			<Property id="PROPERTY_11309" name="WIRE_SIGNAL" value="SBP20"/>
			<Property id="PROPERTY_11310" name="HRN_FAMILY" value="14401"/>
			<Property id="PROPERTY_11311" name="WIRE_FPN" value="WIRE-2UKD-0.35-GN/RD"/>
			<Property id="PROPERTY_11312" name="WIRE_DIA_MAX" value="1.2"/>
			<Option id="OPTION_95-c-0-e4712_1" value="CBGAL | CBGAJ | CBGAU | CBFAN"/>
			<BranchRoute id="BRR_463">
				<StartBranchPosition id="BR_POS_1189" branchId="BRANCH_c2-4e-0-4c0eab" branchNodeId="BN_12382_25-194_156" offset="0"/>
				<PassBranchId>BRANCH_c2-4e-0-4c0ea8</PassBranchId>
				<PassBranchId>BRANCH_c2-4e-0-4c0ea2</PassBranchId>
				<PassBranchId>BRANCH_c2-4e-0-4c0f5d</PassBranchId>
				<PassBranchId>BRANCH_c2-4e-0-4c0f4c</PassBranchId>
				<PassBranchId>BRANCH_c2-4e-0-4c0dea</PassBranchId>
				<PassBranchId>BRANCH_c2-4e-0-4c0fd1</PassBranchId>
				<PassBranchId>BRANCH_c2-4e-0-4c0fe8</PassBranchId>
				<PassBranchId>BRANCH_c2-4e-0-4c1009</PassBranchId>
				<PassBranchId>BRANCH_c2-4e-0-4c10cb</PassBranchId>
				<PassBranchId>BRANCH_c2-4e-0-4c10ec</PassBranchId>
				<PassBranchId>BRANCH_c2-4e-0-4c0de4</PassBranchId>
				<PassBranchId>BRANCH_1a-4e-0-18e01d0</PassBranchId>
				<PassBranchId>BRANCH_c2-4e-0-4c10c8</PassBranchId>
				<PassBranchId>BRANCH_eb-4e-0-678fca</PassBranchId>
				<PassBranchId>BRANCH_c2-4e-0-4c0e87</PassBranchId>
				<PassBranchId>BRANCH_c2-4e-0-4c0e8c</PassBranchId>
				<PassBranchId>BRANCH_c2-4e-0-4c0e7f</PassBranchId>
				<PassBranchId>BRANCH_c2-4e-0-4c102d</PassBranchId>
				<PassBranchId>BRANCH_c2-4e-0-4c1030</PassBranchId>
				<PassBranchId>BRANCH_c2-4e-0-4c0e6d</PassBranchId>
				<PassBranchId>BRANCH_c2-4e-0-4c0fdc</PassBranchId>
				<PassBranchId>BRANCH_c2-4e-0-4c0efe</PassBranchId>
				<PassBranchId>BRANCH_eb-4e-0-5dd6fd</PassBranchId>
				<EndBranchPosition id="BR_POS_1190" branchId="BRANCH_c2-4e-0-4c0f05" branchNodeId="BN_24512-276" offset="0"/>
			</BranchRoute>
		</WiringItem>
		<WiringItem xsi:type="Wire" id="WIRE_96-c-0-3735f7" name="SBP20C" signalId="SIGNAL_2-36-0-3eca" cableType="WIRE-2UKD-0.50" wireName="GN/RD" fromPinId="PIN_f-18-0-db04" toPinId="PIN_96-18-0-364a0e">
			<AppRef name="E3.Series" version="2.13.7.0" guid="e2809e4f-4272-45e8-a907-07d09bff8fef"/>
			<Property id="PROPERTY_11313" name="WIRE_LENGTH" value="2070"/>
			<Property id="PROPERTY_11314" name="WIRE_END2_MATL" value="(SN)"/>
			<Property id="PROPERTY_11315" name="WIRE_CSA" value="0.5"/>
			<Property id="PROPERTY_11316" name="WIRE_MIN_BEND_RADIUS" value="3"/>
			<Property id="PROPERTY_11317" name="WIRE_OPTION" value="CBGAA | CBGAD | CBGAE"/>
			<Property id="PROPERTY_11318" name="WIRE_DEV_PIN_1" value="C2AM02-A:12"/>
			<Property id="PROPERTY_11319" name="WIRE_COLOR" value="GN/RD"/>
			<Property id="PROPERTY_11320" name="WIRE_SPEC" value="2UKD"/>
			<Property id="PROPERTY_11321" name="WIRE_LEVEL" value="(8DSP)"/>
			<Property id="PROPERTY_11322" name="WIRE_DEV_PIN_2" value="C2DC41:1"/>
			<Property id="PROPERTY_11323" name="WIRE_NAME" value="SBP20C"/>
			<Property id="PROPERTY_11324" name="WIRE_END_DC" value="1,*7C3T-14474-DA,(SN),(8DSP),SBP20A"/>
			<Property id="PROPERTY_11325" name="WIRE_END2_TERM" value="CU5T-14474-EB"/>
			<Property id="PROPERTY_11326" name="WIRE_SIGNAL" value="SBP20"/>
			<Property id="PROPERTY_11327" name="HRN_FAMILY" value="14401"/>
			<Property id="PROPERTY_11328" name="WIRE_FPN" value="WIRE-2UKD-0.50-GN/RD"/>
			<Property id="PROPERTY_11329" name="WIRE_DIA_MAX" value="1.4"/>
			<Option id="OPTION_96-c-0-3735f7_1" value="CBGAA | CBGAD | CBGAE"/>
			<BranchRoute id="BRR_464">
				<StartBranchPosition id="BR_POS_1191" branchId="BRANCH_c2-4e-0-4c1012" branchNodeId="BN_12094_25-114_156" offset="0"/>
				<PassBranchId>BRANCH_c2-4e-0-4c100f</PassBranchId>
				<PassBranchId>BRANCH_c2-4e-0-4c100d</PassBranchId>
				<PassBranchId>BRANCH_c2-4e-0-4c0ea5</PassBranchId>
				<PassBranchId>BRANCH_c2-4e-0-4c0ea2</PassBranchId>
				<PassBranchId>BRANCH_c2-4e-0-4c0f5d</PassBranchId>
				<PassBranchId>BRANCH_c2-4e-0-4c0f4c</PassBranchId>
				<PassBranchId>BRANCH_c2-4e-0-4c0dea</PassBranchId>
				<PassBranchId>BRANCH_c2-4e-0-4c0fd1</PassBranchId>
				<PassBranchId>BRANCH_c2-4e-0-4c0fe8</PassBranchId>
				<PassBranchId>BRANCH_c2-4e-0-4c1009</PassBranchId>
				<PassBranchId>BRANCH_c2-4e-0-4c10cb</PassBranchId>
				<PassBranchId>BRANCH_c2-4e-0-4c10ec</PassBranchId>
				<PassBranchId>BRANCH_c2-4e-0-4c0de4</PassBranchId>
				<PassBranchId>BRANCH_1a-4e-0-18e01d0</PassBranchId>
				<PassBranchId>BRANCH_c2-4e-0-4c10c8</PassBranchId>
				<PassBranchId>BRANCH_eb-4e-0-678fca</PassBranchId>
				<PassBranchId>BRANCH_c2-4e-0-4c0e87</PassBranchId>
				<PassBranchId>BRANCH_c2-4e-0-4c0e8c</PassBranchId>
				<PassBranchId>BRANCH_c2-4e-0-4c0e7f</PassBranchId>
				<PassBranchId>BRANCH_c2-4e-0-4c102d</PassBranchId>
				<PassBranchId>BRANCH_c2-4e-0-4c1030</PassBranchId>
				<PassBranchId>BRANCH_c2-4e-0-4c0e6d</PassBranchId>
				<PassBranchId>BRANCH_c2-4e-0-4c0fdc</PassBranchId>
				<PassBranchId>BRANCH_c2-4e-0-4c0efe</PassBranchId>
				<PassBranchId>BRANCH_eb-4e-0-5dd6fd</PassBranchId>
				<EndBranchPosition id="BR_POS_1192" branchId="BRANCH_c2-4e-0-4c0f05" branchNodeId="BN_24512-276" offset="0"/>
			</BranchRoute>
		</WiringItem>
		<WiringItem xsi:type="Wire" id="WIRE_95-c-0-e5a06" name="SBP29A" signalId="SIGNAL_2-36-0-3ed5" cableType="WIRE-3TAD-0.75" wireName="WH/RD" fromPinId="PIN_f-18-0-db2f" toPinId="PIN_7b-18-0-1a1aa">
			<AppRef name="E3.Series" version="2.13.7.0" guid="b5fe6d4b-cdb4-4f36-a2ae-6da8257750c2"/>
			<Property id="PROPERTY_11330" name="WIRE_LENGTH" value="2485"/>
			<Property id="PROPERTY_11331" name="WIRE_END2_MATL" value="(SN)"/>
			<Property id="PROPERTY_11332" name="WIRE_CSA" value="0.75"/>
			<Property id="PROPERTY_11333" name="WIRE_MIN_BEND_RADIUS" value="4.75"/>
			<Property id="PROPERTY_11334" name="WIRE_OPTION" value="BB7AC | BB7AD"/>
			<Property id="PROPERTY_11335" name="WIRE_DEV_PIN_1" value="C2AM02-A:21"/>
			<Property id="PROPERTY_11336" name="WIRE_COLOR" value="WH/RD"/>
			<Property id="PROPERTY_11337" name="WIRE_SPEC" value="3TAD"/>
			<Property id="PROPERTY_11338" name="WIRE_END1_MATL" value="(SN)"/>
			<Property id="PROPERTY_11339" name="WIRE_LEVEL" value="(PEPS-12)/(TACH-L0)/ZE"/>
			<Property id="PROPERTY_11340" name="WIRE_END1_TERM" value="DU5T-14474-PBB"/>
			<Property id="PROPERTY_11341" name="WIRE_DEV_PIN_2" value="C2PP09:2"/>
			<Property id="PROPERTY_11342" name="WIRE_NAME" value="SBP29A"/>
			<Property id="PROPERTY_11343" name="WIRE_END2_TERM" value="3M5T-14474-HBA"/>
			<Property id="PROPERTY_11344" name="WIRE_SIGNAL" value="SBP31"/>
			<Property id="PROPERTY_11345" name="HRN_FAMILY" value="14401"/>
			<Property id="PROPERTY_11346" name="WIRE_FPN" value="WIRE-3TAD-0.75-WH/RD"/>
			<Property id="PROPERTY_11347" name="WIRE_DIA_MAX" value="1.9"/>
			<Option id="OPTION_95-c-0-e5a06_1" value="BB7AC | BB7AD"/>
			<BranchRoute id="BRR_465">
				<StartBranchPosition id="BR_POS_1193" branchId="BRANCH_c2-4e-0-4c0dbf" branchNodeId="BN_3734_25-198_156" offset="0"/>
				<PassBranchId>BRANCH_c2-4e-0-4c0dbb</PassBranchId>
				<PassBranchId>BRANCH_c2-4e-0-4c1055</PassBranchId>
				<PassBranchId>BRANCH_c2-4e-0-4c1056</PassBranchId>
				<PassBranchId>BRANCH_c2-4e-0-4c10e7</PassBranchId>
				<PassBranchId>BRANCH_c2-4e-0-4c0fc5</PassBranchId>
				<PassBranchId>BRANCH_c2-4e-0-4c0fce</PassBranchId>
				<PassBranchId>BRANCH_c2-4e-0-4c0d1d</PassBranchId>
				<PassBranchId>BRANCH_35-4e-0-2efaf8</PassBranchId>
				<PassBranchId>BRANCH_c2-4e-0-4c10c0</PassBranchId>
				<PassBranchId>BRANCH_c2-4e-0-4c0fc8</PassBranchId>
				<PassBranchId>BRANCH_c2-4e-0-4c108d</PassBranchId>
				<PassBranchId>BRANCH_c2-4e-0-4c0d88</PassBranchId>
				<PassBranchId>BRANCH_c2-4e-0-4c109a</PassBranchId>
				<PassBranchId>BRANCH_c2-4e-0-4c0e16</PassBranchId>
				<PassBranchId>BRANCH_c2-4e-0-4c0fcb</PassBranchId>
				<PassBranchId>BRANCH_c2-4e-0-4c0dea</PassBranchId>
				<PassBranchId>BRANCH_c2-4e-0-4c0fd1</PassBranchId>
				<PassBranchId>BRANCH_c2-4e-0-4c0fe8</PassBranchId>
				<PassBranchId>BRANCH_c2-4e-0-4c1009</PassBranchId>
				<PassBranchId>BRANCH_c2-4e-0-4c10cb</PassBranchId>
				<PassBranchId>BRANCH_c2-4e-0-4c10ec</PassBranchId>
				<PassBranchId>BRANCH_c2-4e-0-4c0de4</PassBranchId>
				<PassBranchId>BRANCH_1a-4e-0-18e01d0</PassBranchId>
				<PassBranchId>BRANCH_c2-4e-0-4c10c8</PassBranchId>
				<PassBranchId>BRANCH_eb-4e-0-678fca</PassBranchId>
				<PassBranchId>BRANCH_c2-4e-0-4c0e87</PassBranchId>
				<PassBranchId>BRANCH_c2-4e-0-4c0e8c</PassBranchId>
				<PassBranchId>BRANCH_c2-4e-0-4c0e7f</PassBranchId>
				<PassBranchId>BRANCH_c2-4e-0-4c102d</PassBranchId>
				<PassBranchId>BRANCH_c2-4e-0-4c1030</PassBranchId>
				<PassBranchId>BRANCH_c2-4e-0-4c0e6d</PassBranchId>
				<PassBranchId>BRANCH_c2-4e-0-4c0fdc</PassBranchId>
				<PassBranchId>BRANCH_c2-4e-0-4c0efe</PassBranchId>
				<PassBranchId>BRANCH_eb-4e-0-5dd6fd</PassBranchId>
				<EndBranchPosition id="BR_POS_1194" branchId="BRANCH_c2-4e-0-4c0f05" branchNodeId="BN_24512-276" offset="0"/>
			</BranchRoute>
		</WiringItem>
		<WiringItem xsi:type="Wire" id="WIRE_10-c-0-3cdb70" name="SBP31M" signalId="SIGNAL_2-36-0-3ec5" cableType="WIRE-2UKD-0.35" wireName="WH/RD" fromPinId="PIN_f-18-0-db3f" toPinId="PIN_10-18-0-3ca21d">
			<AppRef name="E3.Series" version="2.13.7.0" guid="7edc2fcf-f404-4729-8afe-70bf395bfc88"/>
			<Property id="PROPERTY_11348" name="WIRE_LENGTH" value="1730"/>
			<Property id="PROPERTY_11349" name="WIRE_END2_MATL" value="(SN)"/>
			<Property id="PROPERTY_11350" name="WIRE_CSA" value="0.35"/>
			<Property id="PROPERTY_11351" name="WIRE_MIN_BEND_RADIUS" value="3"/>
			<Property id="PROPERTY_11352" name="WIRE_OPTION" value="GTDAW | HNSAC | HLNAF"/>
			<Property id="PROPERTY_11353" name="WIRE_DEV_PIN_1" value="C2AM02-A:20"/>
			<Property id="PROPERTY_11354" name="WIRE_COLOR" value="WH/RD"/>
			<Property id="PROPERTY_11355" name="WIRE_SPEC" value="2UKD"/>
			<Property id="PROPERTY_11356" name="WIRE_END1_MATL" value="(SN)"/>
			<Property id="PROPERTY_11357" name="WIRE_LEVEL" value="(CNSL-HI)/(A-STR)/XM/YN/ZA/ZB/ZC"/>
			<Property id="PROPERTY_11358" name="WIRE_END1_TERM" value="DU5T-14474-HBB"/>
			<Property id="PROPERTY_11359" name="WIRE_DEV_PIN_2" value="C2RC01-A:1"/>
			<Property id="PROPERTY_11360" name="WIRE_NAME" value="SBP31M"/>
			<Property id="PROPERTY_11361" name="WIRE_END2_TERM" value="DU5T-14474-BA"/>
			<Property id="PROPERTY_11362" name="WIRE_SIGNAL" value="SBP15"/>
			<Property id="PROPERTY_11363" name="HRN_FAMILY" value="14401"/>
			<Property id="PROPERTY_11364" name="WIRE_FPN" value="WIRE-2UKD-0.35-WH/RD"/>
			<Property id="PROPERTY_11365" name="WIRE_DIA_MAX" value="1.2"/>
			<Option id="OPTION_10-c-0-3cdb70_1" value="GTDAW | HNSAC | HLNAF"/>
			<BranchRoute id="BRR_466">
				<StartBranchPosition id="BR_POS_1195" branchId="BRANCH_c2-4e-0-4c0d1a" branchNodeId="BN_21064-160" offset="0"/>
				<PassBranchId>BRANCH_c2-4e-0-4c0d28</PassBranchId>
				<PassBranchId>BRANCH_c2-4e-0-4c0d17</PassBranchId>
				<PassBranchId>BRANCH_c2-4e-0-4c1068</PassBranchId>
				<PassBranchId>BRANCH_c2-4e-0-4c0de4</PassBranchId>
				<PassBranchId>BRANCH_1a-4e-0-18e01d0</PassBranchId>
				<PassBranchId>BRANCH_c2-4e-0-4c10c8</PassBranchId>
				<PassBranchId>BRANCH_eb-4e-0-678fca</PassBranchId>
				<PassBranchId>BRANCH_c2-4e-0-4c0e87</PassBranchId>
				<PassBranchId>BRANCH_c2-4e-0-4c0e8c</PassBranchId>
				<PassBranchId>BRANCH_c2-4e-0-4c0e7f</PassBranchId>
				<PassBranchId>BRANCH_c2-4e-0-4c102d</PassBranchId>
				<PassBranchId>BRANCH_c2-4e-0-4c1030</PassBranchId>
				<PassBranchId>BRANCH_c2-4e-0-4c0e6d</PassBranchId>
				<PassBranchId>BRANCH_c2-4e-0-4c0fdc</PassBranchId>
				<PassBranchId>BRANCH_c2-4e-0-4c0efe</PassBranchId>
				<PassBranchId>BRANCH_eb-4e-0-5dd6fd</PassBranchId>
				<EndBranchPosition id="BR_POS_1196" branchId="BRANCH_c2-4e-0-4c0f05" branchNodeId="BN_24512-276" offset="0"/>
			</BranchRoute>
		</WiringItem>
		<WiringItem xsi:type="Wire" id="WIRE_95-c-0-e5b6e" name="SBP32A" signalId="SIGNAL_2-36-0-3ed6" cableType="WIRE-2TAD-2.5" wireName="VT/RD" fromPinId="PIN_f-18-0-db22" toPinId="PIN_4a-1e-0-49cb13">
			<AppRef name="E3.Series" version="2.13.7.0" guid="ea4f30b0-d26c-4737-abd8-a692a2b60f92"/>
			<Property id="PROPERTY_11366" name="WIRE_LENGTH" value="1200"/>
			<Property id="PROPERTY_11367" name="WIRE_CSA" value="2.5"/>
			<Property id="PROPERTY_11368" name="WIRE_MIN_BEND_RADIUS" value="7.5"/>
			<Property id="PROPERTY_11369" name="WIRE_LEVEL" value="(ALL)"/>
			<Property id="PROPERTY_11370" name="WIRE_DEV_PIN_1" value="C2AM02-A:22"/>
			<Property id="PROPERTY_11371" name="WIRE_COLOR" value="VT/RD"/>
			<Property id="PROPERTY_11372" name="WIRE_SPEC" value="2TAD"/>
			<Property id="PROPERTY_11373" name="WIRE_END1_MATL" value="(SN)"/>
			<Property id="PROPERTY_11374" name="WIRE_END1_TERM" value="DU5T-14474-RBB"/>
			<Property id="PROPERTY_11375" name="WIRE_DEV_PIN_2" value="S2BP32-A:1"/>
			<Property id="PROPERTY_11376" name="WIRE_NAME" value="SBP32A"/>
			<Property id="PROPERTY_11377" name="WIRE_SIGNAL" value="SBP32"/>
			<Property id="PROPERTY_11378" name="HRN_FAMILY" value="14401"/>
			<Property id="PROPERTY_11379" name="WIRE_FPN" value="WIRE-2TAD-2.5-VT/RD"/>
			<Property id="PROPERTY_11380" name="WIRE_DIA_MAX" value="3"/>
			<BranchRoute id="BRR_467">
				<StartBranchPosition id="BR_POS_1197" branchId="BRANCH_a1-4e-0-b1b17d" branchNodeId="BN_21592-376" offset="0"/>
				<PassBranchId>BRANCH_c2-4e-0-4c10c8</PassBranchId>
				<PassBranchId>BRANCH_eb-4e-0-678fca</PassBranchId>
				<PassBranchId>BRANCH_c2-4e-0-4c0e87</PassBranchId>
				<PassBranchId>BRANCH_c2-4e-0-4c0e8c</PassBranchId>
				<PassBranchId>BRANCH_c2-4e-0-4c0e7f</PassBranchId>
				<PassBranchId>BRANCH_c2-4e-0-4c102d</PassBranchId>
				<PassBranchId>BRANCH_c2-4e-0-4c1030</PassBranchId>
				<PassBranchId>BRANCH_c2-4e-0-4c0e6d</PassBranchId>
				<PassBranchId>BRANCH_c2-4e-0-4c0fdc</PassBranchId>
				<PassBranchId>BRANCH_c2-4e-0-4c0efe</PassBranchId>
				<PassBranchId>BRANCH_eb-4e-0-5dd6fd</PassBranchId>
				<EndBranchPosition id="BR_POS_1198" branchId="BRANCH_c2-4e-0-4c0f05" branchNodeId="BN_24512-276" offset="0"/>
			</BranchRoute>
		</WiringItem>
		<WiringItem xsi:type="Wire" id="WIRE_b4-c-0-35e2ae" name="SBP32B" signalId="SIGNAL_2-36-0-3ed6" cableType="WIRE-2TAD-2.5" wireName="VT/RD" fromPinId="PIN_a8-18-0-e8f0a4" toPinId="PIN_4a-1e-0-49cb13">
			<AppRef name="E3.Series" version="2.14.0.0" guid="713f10a7-e654-4fbe-97d8-e4a4ad288264"/>
			<Property id="PROPERTY_11381" name="WIRE_LENGTH" value="1260"/>
			<Property id="PROPERTY_11382" name="WIRE_CSA" value="2.5"/>
			<Property id="PROPERTY_11383" name="WIRE_MIN_BEND_RADIUS" value="7.5"/>
			<Property id="PROPERTY_11384" name="WIRE_OPTION" value="IEVAT"/>
			<Property id="PROPERTY_11385" name="WIRE_DEV_PIN_1" value="C2MM01-DA:2"/>
			<Property id="PROPERTY_11386" name="WIRE_COLOR" value="VT/RD"/>
			<Property id="PROPERTY_11387" name="WIRE_SPEC" value="2TAD"/>
			<Property id="PROPERTY_11388" name="WIRE_END1_MATL" value="(SN)"/>
			<Property id="PROPERTY_11389" name="WIRE_LEVEL" value="VA"/>
			<Property id="PROPERTY_11390" name="WIRE_END1_TERM" value="3M5T-14474-HCA"/>
			<Property id="PROPERTY_11391" name="WIRE_DEV_PIN_2" value="S2BP32-A:1"/>
			<Property id="PROPERTY_11392" name="WIRE_NAME" value="SBP32B"/>
			<Property id="PROPERTY_11393" name="WIRE_SIGNAL" value="SBP32"/>
			<Property id="PROPERTY_11394" name="HRN_FAMILY" value="14401"/>
			<Property id="PROPERTY_11395" name="WIRE_FPN" value="WIRE-2TAD-2.5-VT/RD"/>
			<Property id="PROPERTY_11396" name="WIRE_DIA_MAX" value="3"/>
			<Option id="OPTION_b4-c-0-35e2ae_1" value="IEVAT"/>
			<BranchRoute id="BRR_468">
				<StartBranchPosition id="BR_POS_1199" branchId="BRANCH_da-4e-0-30f11d" branchNodeId="BN_9764-28" offset="0"/>
				<PassBranchId>BRANCH_da-4e-0-30cfc6</PassBranchId>
				<PassBranchId>BRANCH_e9-4e-0-33d393</PassBranchId>
				<PassBranchId>BRANCH_22-4e-0-2ca187b</PassBranchId>
				<PassBranchId>BRANCH_c2-4e-0-4c0f6f</PassBranchId>
				<PassBranchId>BRANCH_c2-4e-0-4c0f6c</PassBranchId>
				<PassBranchId>BRANCH_c2-4e-0-4c0f66</PassBranchId>
				<PassBranchId>BRANCH_c2-4e-0-4c0fb7</PassBranchId>
				<PassBranchId>BRANCH_c2-4e-0-4c10a4</PassBranchId>
				<PassBranchId>BRANCH_c2-4e-0-4c0f7a</PassBranchId>
				<PassBranchId>BRANCH_35-4e-0-350133</PassBranchId>
				<PassBranchId>BRANCH_c2-4e-0-4c0f60</PassBranchId>
				<PassBranchId>BRANCH_c2-4e-0-4c1005</PassBranchId>
				<PassBranchId>BRANCH_c2-4e-0-4c0f45</PassBranchId>
				<PassBranchId>BRANCH_c2-4e-0-4c0dea</PassBranchId>
				<PassBranchId>BRANCH_c2-4e-0-4c0fd1</PassBranchId>
				<PassBranchId>BRANCH_c2-4e-0-4c0fe8</PassBranchId>
				<PassBranchId>BRANCH_c2-4e-0-4c1009</PassBranchId>
				<PassBranchId>BRANCH_c2-4e-0-4c10cb</PassBranchId>
				<PassBranchId>BRANCH_c2-4e-0-4c10ec</PassBranchId>
				<PassBranchId>BRANCH_c2-4e-0-4c0de4</PassBranchId>
				<PassBranchId>BRANCH_1a-4e-0-18e01d0</PassBranchId>
				<EndBranchPosition id="BR_POS_1200" branchId="BRANCH_a1-4e-0-b1b17d" branchNodeId="BN_21592-376" offset="0"/>
			</BranchRoute>
		</WiringItem>
		<WiringItem xsi:type="Wire" id="WIRE_95-c-0-e5757" name="SBP32C" signalId="SIGNAL_2-36-0-3ed5" cableType="WIRE-2UKD-0.35" wireName="VT/RD" fromPinId="PIN_e4-18-0-103303" toPinId="PIN_f-18-0-dafa">
			<AppRef name="E3.Series" version="2.13.7.0" guid="1704f6e1-f913-4b5b-8b2e-80d6cffd2161"/>
			<Property id="PROPERTY_11397" name="WIRE_LENGTH" value="2145"/>
			<Property id="PROPERTY_11398" name="WIRE_END2_MATL" value="(SN)"/>
			<Property id="PROPERTY_11399" name="WIRE_CSA" value="0.35"/>
			<Property id="PROPERTY_11400" name="WIRE_MIN_BEND_RADIUS" value="3"/>
			<Property id="PROPERTY_11401" name="WIRE_OPTION" value="HT2AA"/>
			<Property id="PROPERTY_11402" name="WIRE_DEV_PIN_1" value="C2CF40:1"/>
			<Property id="PROPERTY_11403" name="WIRE_COLOR" value="VT/RD"/>
			<Property id="PROPERTY_11404" name="WIRE_SPEC" value="2UKD"/>
			<Property id="PROPERTY_11405" name="WIRE_END1_MATL" value="(SN)"/>
			<Property id="PROPERTY_11406" name="WIRE_LEVEL" value="(C-SHF)/(400W)/(7SPKR)/(TACH-L0)/(ACBRKR)/VA"/>
			<Property id="PROPERTY_11407" name="WIRE_END1_TERM" value="3F2T-14474-SA"/>
			<Property id="PROPERTY_11408" name="WIRE_DEV_PIN_2" value="C2AM02-A:9"/>
			<Property id="PROPERTY_11409" name="WIRE_NAME" value="SBP32C"/>
			<Property id="PROPERTY_11410" name="WIRE_END2_TERM" value="BU5T-14474-UA"/>
			<Property id="PROPERTY_11411" name="WIRE_SIGNAL" value="SBP31"/>
			<Property id="PROPERTY_11412" name="HRN_FAMILY" value="14401"/>
			<Property id="PROPERTY_11413" name="WIRE_FPN" value="WIRE-2UKD-0.35-VT/RD"/>
			<Property id="PROPERTY_11414" name="WIRE_DIA_MAX" value="1.2"/>
			<Option id="OPTION_95-c-0-e5757_1" value="HT2AA"/>
			<BranchRoute id="BRR_469">
				<StartBranchPosition id="BR_POS_1201" branchId="BRANCH_c2-4e-0-4c0e9f" branchNodeId="BN_8520-248" offset="0"/>
				<PassBranchId>BRANCH_c2-4e-0-4c0fba</PassBranchId>
				<PassBranchId>BRANCH_c2-4e-0-4c0fc2</PassBranchId>
				<PassBranchId>BRANCH_c2-4e-0-4c0d7c</PassBranchId>
				<PassBranchId>BRANCH_c2-4e-0-4c0fb4</PassBranchId>
				<PassBranchId>BRANCH_c2-4e-0-4c0f7e</PassBranchId>
				<PassBranchId>BRANCH_c2-4e-0-4c1005</PassBranchId>
				<PassBranchId>BRANCH_c2-4e-0-4c0f45</PassBranchId>
				<PassBranchId>BRANCH_c2-4e-0-4c0dea</PassBranchId>
				<PassBranchId>BRANCH_c2-4e-0-4c0fd1</PassBranchId>
				<PassBranchId>BRANCH_c2-4e-0-4c0fe8</PassBranchId>
				<PassBranchId>BRANCH_c2-4e-0-4c1009</PassBranchId>
				<PassBranchId>BRANCH_c2-4e-0-4c10cb</PassBranchId>
				<PassBranchId>BRANCH_c2-4e-0-4c10ec</PassBranchId>
				<PassBranchId>BRANCH_c2-4e-0-4c0de4</PassBranchId>
				<PassBranchId>BRANCH_1a-4e-0-18e01d0</PassBranchId>
				<PassBranchId>BRANCH_c2-4e-0-4c10c8</PassBranchId>
				<PassBranchId>BRANCH_eb-4e-0-678fca</PassBranchId>
				<PassBranchId>BRANCH_c2-4e-0-4c0e87</PassBranchId>
				<PassBranchId>BRANCH_c2-4e-0-4c0e8c</PassBranchId>
				<PassBranchId>BRANCH_c2-4e-0-4c0e7f</PassBranchId>
				<PassBranchId>BRANCH_c2-4e-0-4c102d</PassBranchId>
				<PassBranchId>BRANCH_c2-4e-0-4c1030</PassBranchId>
				<PassBranchId>BRANCH_c2-4e-0-4c0e6d</PassBranchId>
				<PassBranchId>BRANCH_c2-4e-0-4c0fdc</PassBranchId>
				<PassBranchId>BRANCH_c2-4e-0-4c0efe</PassBranchId>
				<PassBranchId>BRANCH_eb-4e-0-5dd6fd</PassBranchId>
				<EndBranchPosition id="BR_POS_1202" branchId="BRANCH_c2-4e-0-4c0f05" branchNodeId="BN_24512-276" offset="0"/>
			</BranchRoute>
		</WiringItem>
		<WiringItem xsi:type="Wire" id="WIRE_4a-c-0-49d647" name="SBP32D" signalId="SIGNAL_2-36-0-3ed6" cableType="WIRE-2TAD-2.5" wireName="VT/RD" fromPinId="PIN_4a-1e-0-49cb13" toPinId="PIN_b-18-0-11905">
			<AppRef name="E3.Series" version="2.14.0.0" guid="14495644-f951-485f-8194-bdf4884e515b"/>
			<Property id="PROPERTY_11415" name="WIRE_LENGTH" value="1230"/>
			<Property id="PROPERTY_11416" name="WIRE_END2_MATL" value="(SN)"/>
			<Property id="PROPERTY_11417" name="WIRE_CSA" value="2.5"/>
			<Property id="PROPERTY_11418" name="WIRE_MIN_BEND_RADIUS" value="7.5"/>
			<Property id="PROPERTY_11419" name="WIRE_OPTION" value="IEVAQ | IEVAR"/>
			<Property id="PROPERTY_11420" name="WIRE_DEV_PIN_1" value="S2BP32-A:1"/>
			<Property id="PROPERTY_11421" name="WIRE_COLOR" value="VT/RD"/>
			<Property id="PROPERTY_11422" name="WIRE_SPEC" value="2TAD"/>
			<Property id="PROPERTY_11423" name="WIRE_LEVEL" value="(D-CAM)/(C-SHF)/(KWINV)/(8SPKR)/(F-SHF)/(BEV)"/>
			<Property id="PROPERTY_11424" name="WIRE_DEV_PIN_2" value="C2ME03-A:1"/>
			<Property id="PROPERTY_11425" name="WIRE_NAME" value="SBP32D"/>
			<Property id="PROPERTY_11426" name="WIRE_END2_TERM" value="97BG-14474-BCA"/>
			<Property id="PROPERTY_11427" name="WIRE_SIGNAL" value="SBP32"/>
			<Property id="PROPERTY_11428" name="HRN_FAMILY" value="14401"/>
			<Property id="PROPERTY_11429" name="WIRE_FPN" value="WIRE-2TAD-2.5-VT/RD"/>
			<Property id="PROPERTY_11430" name="WIRE_DIA_MAX" value="3"/>
			<Option id="OPTION_4a-c-0-49d647_1" value="IEVAQ | IEVAR"/>
			<BranchRoute id="BRR_470">
				<StartBranchPosition id="BR_POS_1203" branchId="BRANCH_c2-4e-0-4c0f76" branchNodeId="BN_10584-132" offset="0"/>
				<PassBranchId>BRANCH_ff-4e-0-9d8f85</PassBranchId>
				<PassBranchId>BRANCH_22-4e-0-2ca187b</PassBranchId>
				<PassBranchId>BRANCH_c2-4e-0-4c0f6f</PassBranchId>
				<PassBranchId>BRANCH_c2-4e-0-4c0f6c</PassBranchId>
				<PassBranchId>BRANCH_c2-4e-0-4c0f66</PassBranchId>
				<PassBranchId>BRANCH_c2-4e-0-4c0fb7</PassBranchId>
				<PassBranchId>BRANCH_c2-4e-0-4c10a4</PassBranchId>
				<PassBranchId>BRANCH_c2-4e-0-4c0f7a</PassBranchId>
				<PassBranchId>BRANCH_35-4e-0-350133</PassBranchId>
				<PassBranchId>BRANCH_c2-4e-0-4c0f60</PassBranchId>
				<PassBranchId>BRANCH_c2-4e-0-4c1005</PassBranchId>
				<PassBranchId>BRANCH_c2-4e-0-4c0f45</PassBranchId>
				<PassBranchId>BRANCH_c2-4e-0-4c0dea</PassBranchId>
				<PassBranchId>BRANCH_c2-4e-0-4c0fd1</PassBranchId>
				<PassBranchId>BRANCH_c2-4e-0-4c0fe8</PassBranchId>
				<PassBranchId>BRANCH_c2-4e-0-4c1009</PassBranchId>
				<PassBranchId>BRANCH_c2-4e-0-4c10cb</PassBranchId>
				<PassBranchId>BRANCH_c2-4e-0-4c10ec</PassBranchId>
				<PassBranchId>BRANCH_c2-4e-0-4c0de4</PassBranchId>
				<PassBranchId>BRANCH_1a-4e-0-18e01d0</PassBranchId>
				<EndBranchPosition id="BR_POS_1204" branchId="BRANCH_a1-4e-0-b1b17d" branchNodeId="BN_21592-376" offset="0"/>
			</BranchRoute>
		</WiringItem>
		<WiringItem xsi:type="Wire" id="WIRE_4a-c-0-4a2d2d" name="SBP32E" signalId="SIGNAL_2-36-0-3ed6" cableType="WIRE-2TAD-0.50" wireName="VT/RD" fromPinId="PIN_4a-1e-0-49cb13" toPinId="PIN_13-18-0-2ceb5c">
			<AppRef name="E3.Series" version="2.14.0.0" guid="ba1b93ce-b8ad-4642-af94-a3aee877a697"/>
			<Property id="PROPERTY_11431" name="WIRE_LENGTH" value="410"/>
			<Property id="PROPERTY_11432" name="WIRE_END2_MATL" value="(SN)"/>
			<Property id="PROPERTY_11433" name="WIRE_CSA" value="0.5"/>
			<Property id="PROPERTY_11434" name="WIRE_MIN_BEND_RADIUS" value="4.25"/>
			<Property id="PROPERTY_11435" name="WIRE_LEVEL" value="(ALL)"/>
			<Property id="PROPERTY_11436" name="WIRE_DEV_PIN_1" value="S2BP32-A:1"/>
			<Property id="PROPERTY_11437" name="WIRE_COLOR" value="VT/RD"/>
			<Property id="PROPERTY_11438" name="WIRE_SPEC" value="2TAD"/>
			<Property id="PROPERTY_11439" name="WIRE_DEV_PIN_2" value="C2DB02-A:13"/>
			<Property id="PROPERTY_11440" name="WIRE_NAME" value="SBP32E"/>
			<Property id="PROPERTY_11441" name="WIRE_END2_TERM" value="9U5T-14474-DB"/>
			<Property id="PROPERTY_11442" name="WIRE_SIGNAL" value="SBP32"/>
			<Property id="PROPERTY_11443" name="HRN_FAMILY" value="14401"/>
			<Property id="PROPERTY_11444" name="WIRE_FPN" value="WIRE-2TAD-0.50-VT/RD"/>
			<Property id="PROPERTY_11445" name="WIRE_DIA_MAX" value="1.6"/>
			<BranchRoute id="BRR_471">
				<StartBranchPosition id="BR_POS_1205" branchId="BRANCH_c2-4e-0-4c0f12" branchNodeId="BN_20144-60" offset="0"/>
				<PassBranchId>BRANCH_c2-4e-0-4c107e</PassBranchId>
				<PassBranchId>BRANCH_c2-4e-0-4c106f</PassBranchId>
				<PassBranchId>BRANCH_c2-4e-0-4c1075</PassBranchId>
				<PassBranchId>BRANCH_c2-4e-0-4c0de4</PassBranchId>
				<PassBranchId>BRANCH_1a-4e-0-18e01d0</PassBranchId>
				<EndBranchPosition id="BR_POS_1206" branchId="BRANCH_a1-4e-0-b1b17d" branchNodeId="BN_21592-376" offset="0"/>
			</BranchRoute>
		</WiringItem>
		<WiringItem xsi:type="Wire" id="WIRE_95-c-0-e6793" name="VAT30A" signalId="SIGNAL_2-36-0-3f80" cableType="WIRE-2UKD-0.35" wireName="VT/GN" fromPinId="PIN_6e-18-0-dc3b" toPinId="PIN_95-18-0-e3ee3">
			<AppRef name="E3.Series" version="2.13.7.0" guid="15595460-e7de-4ada-988d-7ea7c89d2ac1"/>
			<Property id="PROPERTY_11446" name="WIRE_LENGTH" value="1175"/>
			<Property id="PROPERTY_11447" name="WIRE_END2_MATL" value="(SN)"/>
			<Property id="PROPERTY_11448" name="WIRE_CSA" value="0.35"/>
			<Property id="PROPERTY_11449" name="WIRE_MIN_BEND_RADIUS" value="3"/>
			<Property id="PROPERTY_11450" name="WIRE_OPTION" value="DAXAC"/>
			<Property id="PROPERTY_11451" name="WIRE_DEV_PIN_1" value="C23-A1:11"/>
			<Property id="PROPERTY_11452" name="WIRE_COLOR" value="VT/GN"/>
			<Property id="PROPERTY_11453" name="WIRE_SPEC" value="2UKD"/>
			<Property id="PROPERTY_11454" name="WIRE_END1_MATL" value="(SN)"/>
			<Property id="PROPERTY_11455" name="WIRE_LEVEL" value="(D-CAM)/(8SPKR)/(F-SHF)/(BEV)"/>
			<Property id="PROPERTY_11456" name="WIRE_END1_TERM" value="9U5T-14474-DB"/>
			<Property id="PROPERTY_11457" name="WIRE_DEV_PIN_2" value="C2AT30:2"/>
			<Property id="PROPERTY_11458" name="WIRE_NAME" value="VAT30A"/>
			<Property id="PROPERTY_11459" name="WIRE_END2_TERM" value="3F2T-14474-SA"/>
			<Property id="PROPERTY_11460" name="WIRE_SIGNAL" value="VAT30"/>
			<Property id="PROPERTY_11461" name="HRN_FAMILY" value="14401"/>
			<Property id="PROPERTY_11462" name="WIRE_FPN" value="WIRE-2UKD-0.35-VT/GN"/>
			<Property id="PROPERTY_11463" name="WIRE_DIA_MAX" value="1.2"/>
			<Option id="OPTION_95-c-0-e6793_1" value="DAXAC"/>
			<BranchRoute id="BRR_472">
				<StartBranchPosition id="BR_POS_1207" branchId="BRANCH_c2-4e-0-4c0dda" branchNodeId="BN_695_9-190_058" offset="0"/>
				<PassBranchId>BRANCH_c2-4e-0-4c0fad</PassBranchId>
				<PassBranchId>BRANCH_c2-4e-0-4c10dd</PassBranchId>
				<PassBranchId>BRANCH_c2-4e-0-4c1020</PassBranchId>
				<PassBranchId>BRANCH_c2-4e-0-4c1021</PassBranchId>
				<PassBranchId>BRANCH_c2-4e-0-4c10e7</PassBranchId>
				<PassBranchId>BRANCH_c2-4e-0-4c0fc5</PassBranchId>
				<PassBranchId>BRANCH_c2-4e-0-4c0fce</PassBranchId>
				<PassBranchId>BRANCH_c2-4e-0-4c0d1d</PassBranchId>
				<PassBranchId>BRANCH_35-4e-0-2efaf8</PassBranchId>
				<PassBranchId>BRANCH_c2-4e-0-4c10c0</PassBranchId>
				<PassBranchId>BRANCH_c2-4e-0-4c0fc8</PassBranchId>
				<PassBranchId>BRANCH_c2-4e-0-4c108d</PassBranchId>
				<PassBranchId>BRANCH_c2-4e-0-4c0d88</PassBranchId>
				<PassBranchId>BRANCH_c2-4e-0-4c109a</PassBranchId>
				<PassBranchId>BRANCH_c2-4e-0-4c0e16</PassBranchId>
				<PassBranchId>BRANCH_c2-4e-0-4c0fcb</PassBranchId>
				<PassBranchId>BRANCH_c2-4e-0-4c0f4c</PassBranchId>
				<PassBranchId>BRANCH_c2-4e-0-4c0e56</PassBranchId>
				<EndBranchPosition id="BR_POS_1208" branchId="BRANCH_c2-4e-0-4c0f54" branchNodeId="BN_12528-176" offset="0"/>
			</BranchRoute>
		</WiringItem>
		<WiringItem xsi:type="Wire" id="WIRE_53-c-0-3fa69d" name="VAT37A" signalId="SIGNAL_d-36-0-e26d9" cableType="WIRE-2UKD-0.35" wireName="BN/WH" fromPinId="PIN_49-18-0-350622" toPinId="PIN_6e-18-0-dc13">
			<AppRef name="E3.Series" version="2.13.7.0" guid="3eacdc2d-05b0-401c-b660-9099da044c7d"/>
			<Property id="PROPERTY_11464" name="WIRE_LENGTH" value="1370"/>
			<Property id="PROPERTY_11465" name="WIRE_END2_MATL" value="(SN)"/>
			<Property id="PROPERTY_11466" name="WIRE_CSA" value="0.35"/>
			<Property id="PROPERTY_11467" name="WIRE_MIN_BEND_RADIUS" value="3"/>
			<Property id="PROPERTY_11468" name="WIRE_LEVEL" value="(ALL)"/>
			<Property id="PROPERTY_11469" name="WIRE_DEV_PIN_1" value="C2AT50:2"/>
			<Property id="PROPERTY_11470" name="WIRE_COLOR" value="BN/WH"/>
			<Property id="PROPERTY_11471" name="WIRE_SPEC" value="2UKD"/>
			<Property id="PROPERTY_11472" name="WIRE_END1_MATL" value="(SN)"/>
			<Property id="PROPERTY_11473" name="WIRE_END1_TERM" value="DU5T-14474-BA"/>
			<Property id="PROPERTY_11474" name="WIRE_DEV_PIN_2" value="C23-A1:3"/>
			<Property id="PROPERTY_11475" name="WIRE_NAME" value="VAT37A"/>
			<Property id="PROPERTY_11476" name="WIRE_END2_TERM" value="3F2T-14474-SA"/>
			<Property id="PROPERTY_11477" name="WIRE_SIGNAL" value="VAT37"/>
			<Property id="PROPERTY_11478" name="HRN_FAMILY" value="14401"/>
			<Property id="PROPERTY_11479" name="WIRE_FPN" value="WIRE-2UKD-0.35-BN/WH"/>
			<Property id="PROPERTY_11480" name="WIRE_DIA_MAX" value="1.2"/>
			<BranchRoute id="BRR_473">
				<StartBranchPosition id="BR_POS_1209" branchId="BRANCH_c2-4e-0-4c0dda" branchNodeId="BN_695_9-190_058" offset="0"/>
				<PassBranchId>BRANCH_c2-4e-0-4c0fad</PassBranchId>
				<PassBranchId>BRANCH_c2-4e-0-4c10dd</PassBranchId>
				<PassBranchId>BRANCH_c2-4e-0-4c1020</PassBranchId>
				<PassBranchId>BRANCH_c2-4e-0-4c1021</PassBranchId>
				<PassBranchId>BRANCH_c2-4e-0-4c10e7</PassBranchId>
				<PassBranchId>BRANCH_c2-4e-0-4c0fc5</PassBranchId>
				<PassBranchId>BRANCH_c2-4e-0-4c0fce</PassBranchId>
				<PassBranchId>BRANCH_c2-4e-0-4c0d1d</PassBranchId>
				<PassBranchId>BRANCH_35-4e-0-2efaf8</PassBranchId>
				<PassBranchId>BRANCH_c2-4e-0-4c10c0</PassBranchId>
				<PassBranchId>BRANCH_c2-4e-0-4c0fc8</PassBranchId>
				<PassBranchId>BRANCH_c2-4e-0-4c108d</PassBranchId>
				<PassBranchId>BRANCH_c2-4e-0-4c0d88</PassBranchId>
				<PassBranchId>BRANCH_c2-4e-0-4c109a</PassBranchId>
				<PassBranchId>BRANCH_c2-4e-0-4c0e16</PassBranchId>
				<PassBranchId>BRANCH_c2-4e-0-4c0fcb</PassBranchId>
				<PassBranchId>BRANCH_c2-4e-0-4c0f45</PassBranchId>
				<PassBranchId>BRANCH_c2-4e-0-4c1005</PassBranchId>
				<PassBranchId>BRANCH_c2-4e-0-4c0f7e</PassBranchId>
				<PassBranchId>BRANCH_c2-4e-0-4c0fb4</PassBranchId>
				<PassBranchId>BRANCH_c2-4e-0-4c0d7c</PassBranchId>
				<PassBranchId>BRANCH_c2-4e-0-4c0fc2</PassBranchId>
				<PassBranchId>BRANCH_c2-4e-0-4c0fbd</PassBranchId>
				<EndBranchPosition id="BR_POS_1210" branchId="BRANCH_c2-4e-0-4c0d82" branchNodeId="BN_8352_25-141_156" offset="0"/>
			</BranchRoute>
		</WiringItem>
		<WiringItem xsi:type="Wire" id="WIRE_ce-c-0-2c9296" name="VH421EVC" signalId="SIGNAL_42-36-0-18a61d1" cableType="WIRE-2UKD-0.35" wireName="VT/GN" fromPinId="PIN_b5-18-0-55de" toPinId="PIN_ce-18-0-2068c5">
			<AppRef name="E3.Series" version="2.14.0.0" guid="5cc94d7c-3e03-41ec-b623-6ad78cfcc49c"/>
			<Property id="PROPERTY_13978" name="WIRE_LENGTH" value="1955"/>
			<Property id="PROPERTY_13979" name="WIRE_END2_MATL" value="(SN)"/>
			<Property id="PROPERTY_13980" name="WIRE_CSA" value="0.35"/>
			<Property id="PROPERTY_13981" name="WIRE_MIN_BEND_RADIUS" value="3"/>
			<Property id="PROPERTY_13982" name="WIRE_OPTION" value="AC_G &amp; HJGAY"/>
			<Property id="PROPERTY_13983" name="WIRE_DEV_PIN_1" value="C22-A1:1"/>
			<Property id="PROPERTY_13984" name="WIRE_COLOR" value="VT/GN"/>
			<Property id="PROPERTY_13985" name="WIRE_SPEC" value="2UKD"/>
			<Property id="PROPERTY_13986" name="WIRE_END1_MATL" value="(SN)"/>
			<Property id="PROPERTY_13987" name="WIRE_LEVEL" value="ZA/ZB/ZC/ZF"/>
			<Property id="PROPERTY_13988" name="WIRE_END1_TERM" value="8U5T-14474-BB"/>
			<Property id="PROPERTY_13989" name="WIRE_DEV_PIN_2" value="C2H101-EVBA:31"/>
			<Property id="PROPERTY_13990" name="WIRE_NAME" value="VH421EVC"/>
			<Property id="PROPERTY_13991" name="WIRE_END2_TERM" value="9U5T-14474-DB"/>
			<Property id="PROPERTY_13992" name="WIRE_SIGNAL" value="VH421"/>
			<Property id="PROPERTY_13993" name="HRN_FAMILY" value="14401"/>
			<Property id="PROPERTY_13994" name="WIRE_FPN" value="WIRE-2UKD-0.35-VT/GN"/>
			<Property id="PROPERTY_13995" name="WIRE_DIA_MAX" value="1.2"/>
			<Option id="OPTION_ce-c-0-2c9296_1" value="AC_G &amp; HJGAY"/>
			<BranchRoute id="BRR_611">
				<StartBranchPosition id="BR_POS_1485" branchId="BRANCH_ff-4e-0-938412" branchNodeId="BN_15124-272" offset="0"/>
				<PassBranchId>BRANCH_ff-4e-0-959c9b</PassBranchId>
				<PassBranchId>BRANCH_35-4e-0-32eeb3</PassBranchId>
				<PassBranchId>BRANCH_ff-4e-0-942c78</PassBranchId>
				<PassBranchId>BRANCH_ff-4e-0-938110</PassBranchId>
				<PassBranchId>BRANCH_ff-4e-0-93810b</PassBranchId>
				<PassBranchId>BRANCH_ff-4e-0-936078</PassBranchId>
				<PassBranchId>BRANCH_c2-4e-0-4c10c3</PassBranchId>
				<PassBranchId>BRANCH_c2-4e-0-4c0ff9</PassBranchId>
				<PassBranchId>BRANCH_c2-4e-0-4c0f34</PassBranchId>
				<PassBranchId>BRANCH_c2-4e-0-4c0d05</PassBranchId>
				<PassBranchId>BRANCH_c2-4e-0-4c1076</PassBranchId>
				<PassBranchId>BRANCH_c2-4e-0-4c106f</PassBranchId>
				<PassBranchId>BRANCH_c2-4e-0-4c1075</PassBranchId>
				<PassBranchId>BRANCH_c2-4e-0-4c0de4</PassBranchId>
				<PassBranchId>BRANCH_1a-4e-0-18e01d0</PassBranchId>
				<PassBranchId>BRANCH_c2-4e-0-4c10c8</PassBranchId>
				<PassBranchId>BRANCH_eb-4e-0-678fca</PassBranchId>
				<PassBranchId>BRANCH_c2-4e-0-4c0e87</PassBranchId>
				<PassBranchId>BRANCH_c2-4e-0-4c0e8c</PassBranchId>
				<PassBranchId>BRANCH_c2-4e-0-4c0e7f</PassBranchId>
				<PassBranchId>BRANCH_c2-4e-0-4c0ef9</PassBranchId>
				<PassBranchId>BRANCH_c2-4e-0-4c0e70</PassBranchId>
				<PassBranchId>BRANCH_c2-4e-0-4c0d66</PassBranchId>
				<PassBranchId>BRANCH_c2-4e-0-4c0fe2</PassBranchId>
				<PassBranchId>BRANCH_c2-4e-0-4c0d5d</PassBranchId>
				<PassBranchId>BRANCH_c2-4e-0-4c0d57</PassBranchId>
				<EndBranchPosition id="BR_POS_1486" branchId="BRANCH_c2-4e-0-4c0d5a" branchNodeId="BN_21404-188" offset="0"/>
			</BranchRoute>
		</WiringItem>
		<WiringItem xsi:type="Wire" id="WIRE_5d-c-0-aa4b3" name="VDB41A" signalId="SIGNAL_18-36-0-251c4d" cableType="WIRE-2TAD-0.13" wireName="GN" fromPinId="PIN_5d-18-0-a9ae9" toPinId="PIN_33-18-0-2ba7ae">
			<AppRef name="E3.Series" version="2.13.7.0" guid="483a1872-341c-40bc-8a34-093e82b6ebb7"/>
			<Property id="PROPERTY_12855" name="WIRE_LENGTH" value="1145"/>
			<Property id="PROPERTY_12856" name="WIRE_END2_MATL" value="(AU)"/>
			<Property id="PROPERTY_12857" name="WIRE_CSA" value="0.13"/>
			<Property id="PROPERTY_12858" name="WIRE_END1_MATL" value="(AU)"/>
			<Property id="PROPERTY_12859" name="WIRE_MIN_BEND_RADIUS" value="2.625"/>
			<Property id="PROPERTY_12860" name="WIRE_OPTION" value="HKRAC | HKRAD"/>
			<Property id="PROPERTY_12861" name="WIRE_DEV_PIN_1" value="C2DB02-C3E:2"/>
			<Property id="PROPERTY_12862" name="WIRE_COLOR" value="GN"/>
			<Property id="PROPERTY_12863" name="WIRE_SPEC" value="2TAD"/>
			<Property id="PROPERTY_12864" name="WIRE_NOTE" value="[$14&gt;"/>
			<Property id="PROPERTY_12865" name="WIRE_LEVEL" value="(PEPS-12)/(CNSL-MID)/(TACH-L0)"/>
			<Property id="PROPERTY_12866" name="WIRE_END1_TERM" value="*P/O ASSY"/>
			<Property id="PROPERTY_12867" name="WIRE_DEV_PIN_2" value="C2MC01-B:1"/>
			<Property id="PROPERTY_12868" name="WIRE_NAME" value="VDB41A"/>
			<Property id="PROPERTY_12869" name="WIRE_END2_TERM" value="*P/O ASSY"/>
			<Property id="PROPERTY_12870" name="WIRE_SIGNAL" value="VDB41"/>
			<Property id="PROPERTY_12871" name="HRN_FAMILY" value="14401"/>
			<Property id="PROPERTY_12872" name="WIRE_FPN" value="WIRE-2TAD-0.13-GN"/>
			<Property id="PROPERTY_12873" name="WIRE_DIA_MAX" value="1.05"/>
			<Option id="OPTION_5d-c-0-aa4b3_1" value="HKRAC | HKRAD"/>
			<BranchRoute id="BRR_550">
				<StartBranchPosition id="BR_POS_1363" branchId="BRANCH_c2-4e-0-4c0f4d" branchNodeId="BN_7807_9-226_058" offset="0"/>
				<PassBranchId>BRANCH_44-4e-0-255d041</PassBranchId>
				<PassBranchId>BRANCH_c2-4e-0-4c0f85</PassBranchId>
				<PassBranchId>BRANCH_c2-4e-0-4c1002</PassBranchId>
				<PassBranchId>BRANCH_c2-4e-0-4c109d</PassBranchId>
				<PassBranchId>BRANCH_c2-4e-0-4c0e16</PassBranchId>
				<PassBranchId>BRANCH_c2-4e-0-4c0fcb</PassBranchId>
				<PassBranchId>BRANCH_c2-4e-0-4c0f45</PassBranchId>
				<PassBranchId>BRANCH_c2-4e-0-4c1005</PassBranchId>
				<PassBranchId>BRANCH_c2-4e-0-4c0f7e</PassBranchId>
				<PassBranchId>BRANCH_c2-4e-0-4c0fb4</PassBranchId>
				<PassBranchId>BRANCH_c2-4e-0-4c1016</PassBranchId>
				<EndBranchPosition id="BR_POS_1364" branchId="BRANCH_c2-4e-0-4c1017" branchNodeId="BN_9040-280" offset="0"/>
			</BranchRoute>
		</WiringItem>
		<WiringItem xsi:type="Wire" id="WIRE_5d-c-0-aa4d4" name="VDB42A" signalId="SIGNAL_18-36-0-251c5a" cableType="WIRE-2TAD-0.13" wireName="VT/GY" fromPinId="PIN_5d-18-0-a9ae5" toPinId="PIN_33-18-0-2ba7b5">
			<AppRef name="E3.Series" version="2.13.7.0" guid="ecc4da2b-1868-4f18-8e9d-81c56034af76"/>
			<Property id="PROPERTY_12874" name="WIRE_LENGTH" value="1145"/>
			<Property id="PROPERTY_12875" name="WIRE_END2_MATL" value="(AU)"/>
			<Property id="PROPERTY_12876" name="WIRE_CSA" value="0.13"/>
			<Property id="PROPERTY_12877" name="WIRE_END1_MATL" value="(AU)"/>
			<Property id="PROPERTY_12878" name="WIRE_MIN_BEND_RADIUS" value="2.625"/>
			<Property id="PROPERTY_12879" name="WIRE_OPTION" value="HKRAC | HKRAD"/>
			<Property id="PROPERTY_12880" name="WIRE_DEV_PIN_1" value="C2DB02-C3E:1"/>
			<Property id="PROPERTY_12881" name="WIRE_COLOR" value="VT/GY"/>
			<Property id="PROPERTY_12882" name="WIRE_SPEC" value="2TAD"/>
			<Property id="PROPERTY_12883" name="WIRE_NOTE" value="[$14&gt;"/>
			<Property id="PROPERTY_12884" name="WIRE_LEVEL" value="(PEPS-12)/(CNSL-MID)/(TACH-L0)"/>
			<Property id="PROPERTY_12885" name="WIRE_END1_TERM" value="*P/O ASSY"/>
			<Property id="PROPERTY_12886" name="WIRE_DEV_PIN_2" value="C2MC01-B:2"/>
			<Property id="PROPERTY_12887" name="WIRE_NAME" value="VDB42A"/>
			<Property id="PROPERTY_12888" name="WIRE_END2_TERM" value="*P/O ASSY"/>
			<Property id="PROPERTY_12889" name="WIRE_SIGNAL" value="VDB42"/>
			<Property id="PROPERTY_12890" name="HRN_FAMILY" value="14401"/>
			<Property id="PROPERTY_12891" name="WIRE_FPN" value="WIRE-2TAD-0.13-VT/GY"/>
			<Property id="PROPERTY_12892" name="WIRE_DIA_MAX" value="1.05"/>
			<Option id="OPTION_5d-c-0-aa4d4_1" value="HKRAC | HKRAD"/>
			<BranchRoute id="BRR_551">
				<StartBranchPosition id="BR_POS_1365" branchId="BRANCH_c2-4e-0-4c0f4d" branchNodeId="BN_7807_9-226_058" offset="0"/>
				<PassBranchId>BRANCH_44-4e-0-255d041</PassBranchId>
				<PassBranchId>BRANCH_c2-4e-0-4c0f85</PassBranchId>
				<PassBranchId>BRANCH_c2-4e-0-4c1002</PassBranchId>
				<PassBranchId>BRANCH_c2-4e-0-4c109d</PassBranchId>
				<PassBranchId>BRANCH_c2-4e-0-4c0e16</PassBranchId>
				<PassBranchId>BRANCH_c2-4e-0-4c0fcb</PassBranchId>
				<PassBranchId>BRANCH_c2-4e-0-4c0f45</PassBranchId>
				<PassBranchId>BRANCH_c2-4e-0-4c1005</PassBranchId>
				<PassBranchId>BRANCH_c2-4e-0-4c0f7e</PassBranchId>
				<PassBranchId>BRANCH_c2-4e-0-4c0fb4</PassBranchId>
				<PassBranchId>BRANCH_c2-4e-0-4c1016</PassBranchId>
				<EndBranchPosition id="BR_POS_1366" branchId="BRANCH_c2-4e-0-4c1017" branchNodeId="BN_9040-280" offset="0"/>
			</BranchRoute>
		</WiringItem>
		<WiringItem xsi:type="Wire" id="WIRE_5d-c-0-a8b2d" name="VDB45A" signalId="SIGNAL_18-36-0-251c81" cableType="WIRE-2TAD-0.13" wireName="BN/WH" fromPinId="PIN_5d-18-0-a883e" toPinId="PIN_5d-18-0-a88cb">
			<AppRef name="E3.Series" version="2.13.7.0" guid="02fadb41-8147-493c-aba2-587f2e50b09c"/>
			<Property id="PROPERTY_12973" name="WIRE_LENGTH" value="2170"/>
			<Property id="PROPERTY_12974" name="WIRE_END2_MATL" value="(AU)"/>
			<Property id="PROPERTY_12975" name="WIRE_CSA" value="0.13"/>
			<Property id="PROPERTY_12976" name="WIRE_END1_MATL" value="(AU)"/>
			<Property id="PROPERTY_12977" name="WIRE_MIN_BEND_RADIUS" value="2.625"/>
			<Property id="PROPERTY_12978" name="WIRE_LEVEL" value="(ALL)"/>
			<Property id="PROPERTY_12979" name="WIRE_DEV_PIN_1" value="C2DB02-C3C:2"/>
			<Property id="PROPERTY_12980" name="WIRE_COLOR" value="BN/WH"/>
			<Property id="PROPERTY_12981" name="WIRE_SPEC" value="2TAD"/>
			<Property id="PROPERTY_12982" name="WIRE_NOTE" value="[$14&gt;"/>
			<Property id="PROPERTY_12983" name="WIRE_END1_TERM" value="*P/O ASSY"/>
			<Property id="PROPERTY_12984" name="WIRE_DEV_PIN_2" value="C23-ECG-TCU_IP:1"/>
			<Property id="PROPERTY_12985" name="WIRE_NAME" value="VDB45A"/>
			<Property id="PROPERTY_12986" name="WIRE_END2_TERM" value="*P/O ASSY"/>
			<Property id="PROPERTY_12987" name="WIRE_SIGNAL" value="VDB45"/>
			<Property id="PROPERTY_12988" name="HRN_FAMILY" value="14401"/>
			<Property id="PROPERTY_12989" name="WIRE_FPN" value="WIRE-2TAD-0.13-BN/WH"/>
			<Property id="PROPERTY_12990" name="WIRE_DIA_MAX" value="1.05"/>
			<BranchRoute id="BRR_556">
				<StartBranchPosition id="BR_POS_1375" branchId="BRANCH_c2-4e-0-4c0e49" branchNodeId="BN_9120-272" offset="0"/>
				<PassBranchId>BRANCH_c2-4e-0-4c1016</PassBranchId>
				<PassBranchId>BRANCH_c2-4e-0-4c0fb4</PassBranchId>
				<PassBranchId>BRANCH_c2-4e-0-4c0f7e</PassBranchId>
				<PassBranchId>BRANCH_c2-4e-0-4c1005</PassBranchId>
				<PassBranchId>BRANCH_c2-4e-0-4c0f45</PassBranchId>
				<PassBranchId>BRANCH_c2-4e-0-4c0dea</PassBranchId>
				<PassBranchId>BRANCH_c2-4e-0-4c0fd1</PassBranchId>
				<PassBranchId>BRANCH_c2-4e-0-4c0fe8</PassBranchId>
				<PassBranchId>BRANCH_c2-4e-0-4c1009</PassBranchId>
				<PassBranchId>BRANCH_c2-4e-0-4c10cb</PassBranchId>
				<PassBranchId>BRANCH_c2-4e-0-4c10ec</PassBranchId>
				<PassBranchId>BRANCH_c2-4e-0-4c1075</PassBranchId>
				<PassBranchId>BRANCH_c2-4e-0-4c106f</PassBranchId>
				<PassBranchId>BRANCH_c2-4e-0-4c1087</PassBranchId>
				<PassBranchId>BRANCH_c2-4e-0-4c1083</PassBranchId>
				<PassBranchId>BRANCH_c2-4e-0-4c0f89</PassBranchId>
				<PassBranchId>BRANCH_c2-4e-0-4c0f18</PassBranchId>
				<PassBranchId>BRANCH_c2-4e-0-4c0f88</PassBranchId>
				<PassBranchId>BRANCH_c2-4e-0-4c0e97</PassBranchId>
				<PassBranchId>BRANCH_c2-4e-0-4c10ce</PassBranchId>
				<PassBranchId>BRANCH_c2-4e-0-4c0e9b</PassBranchId>
				<PassBranchId>BRANCH_c2-4e-0-4c10f4</PassBranchId>
				<EndBranchPosition id="BR_POS_1376" branchId="BRANCH_c2-4e-0-4c10a7" branchNodeId="BN_18928-156" offset="0"/>
			</BranchRoute>
		</WiringItem>
		<WiringItem xsi:type="Wire" id="WIRE_5d-c-0-a8b18" name="VDB46A" signalId="SIGNAL_18-36-0-251c8e" cableType="WIRE-2TAD-0.13" wireName="WH/OG" fromPinId="PIN_5d-18-0-a88cf" toPinId="PIN_5d-18-0-a883a">
			<AppRef name="E3.Series" version="2.13.7.0" guid="042e88f4-ebe6-44fe-8610-c101018f7739"/>
			<Property id="PROPERTY_12991" name="WIRE_LENGTH" value="2170"/>
			<Property id="PROPERTY_12992" name="WIRE_END2_MATL" value="(AU)"/>
			<Property id="PROPERTY_12993" name="WIRE_CSA" value="0.13"/>
			<Property id="PROPERTY_12994" name="WIRE_END1_MATL" value="(AU)"/>
			<Property id="PROPERTY_12995" name="WIRE_MIN_BEND_RADIUS" value="2.625"/>
			<Property id="PROPERTY_12996" name="WIRE_LEVEL" value="(ALL)"/>
			<Property id="PROPERTY_12997" name="WIRE_DEV_PIN_1" value="C23-ECG-TCU_IP:2"/>
			<Property id="PROPERTY_12998" name="WIRE_COLOR" value="WH/OG"/>
			<Property id="PROPERTY_12999" name="WIRE_SPEC" value="2TAD"/>
			<Property id="PROPERTY_13000" name="WIRE_NOTE" value="[$14&gt;"/>
			<Property id="PROPERTY_13001" name="WIRE_END1_TERM" value="*P/O ASSY"/>
			<Property id="PROPERTY_13002" name="WIRE_DEV_PIN_2" value="C2DB02-C3C:1"/>
			<Property id="PROPERTY_13003" name="WIRE_NAME" value="VDB46A"/>
			<Property id="PROPERTY_13004" name="WIRE_END2_TERM" value="*P/O ASSY"/>
			<Property id="PROPERTY_13005" name="WIRE_SIGNAL" value="VDB46"/>
			<Property id="PROPERTY_13006" name="HRN_FAMILY" value="14401"/>
			<Property id="PROPERTY_13007" name="WIRE_FPN" value="WIRE-2TAD-0.13-WH/OG"/>
			<Property id="PROPERTY_13008" name="WIRE_DIA_MAX" value="1.05"/>
			<BranchRoute id="BRR_557">
				<StartBranchPosition id="BR_POS_1377" branchId="BRANCH_c2-4e-0-4c0e49" branchNodeId="BN_9120-272" offset="0"/>
				<PassBranchId>BRANCH_c2-4e-0-4c1016</PassBranchId>
				<PassBranchId>BRANCH_c2-4e-0-4c0fb4</PassBranchId>
				<PassBranchId>BRANCH_c2-4e-0-4c0f7e</PassBranchId>
				<PassBranchId>BRANCH_c2-4e-0-4c1005</PassBranchId>
				<PassBranchId>BRANCH_c2-4e-0-4c0f45</PassBranchId>
				<PassBranchId>BRANCH_c2-4e-0-4c0dea</PassBranchId>
				<PassBranchId>BRANCH_c2-4e-0-4c0fd1</PassBranchId>
				<PassBranchId>BRANCH_c2-4e-0-4c0fe8</PassBranchId>
				<PassBranchId>BRANCH_c2-4e-0-4c1009</PassBranchId>
				<PassBranchId>BRANCH_c2-4e-0-4c10cb</PassBranchId>
				<PassBranchId>BRANCH_c2-4e-0-4c10ec</PassBranchId>
				<PassBranchId>BRANCH_c2-4e-0-4c1075</PassBranchId>
				<PassBranchId>BRANCH_c2-4e-0-4c106f</PassBranchId>
				<PassBranchId>BRANCH_c2-4e-0-4c1087</PassBranchId>
				<PassBranchId>BRANCH_c2-4e-0-4c1083</PassBranchId>
				<PassBranchId>BRANCH_c2-4e-0-4c0f89</PassBranchId>
				<PassBranchId>BRANCH_c2-4e-0-4c0f18</PassBranchId>
				<PassBranchId>BRANCH_c2-4e-0-4c0f88</PassBranchId>
				<PassBranchId>BRANCH_c2-4e-0-4c0e97</PassBranchId>
				<PassBranchId>BRANCH_c2-4e-0-4c10ce</PassBranchId>
				<PassBranchId>BRANCH_c2-4e-0-4c0e9b</PassBranchId>
				<PassBranchId>BRANCH_c2-4e-0-4c10f4</PassBranchId>
				<EndBranchPosition id="BR_POS_1378" branchId="BRANCH_c2-4e-0-4c10a7" branchNodeId="BN_18928-156" offset="0"/>
			</BranchRoute>
		</WiringItem>
		<WiringItem xsi:type="Wire" id="WIRE_5d-c-0-aa17f" name="VDB51A" signalId="SIGNAL_13-36-0-2cd271" cableType="WIRE-2TAD-0.13" wireName="BN/BU" fromPinId="PIN_5d-18-0-a9d19" toPinId="PIN_33-18-0-2b1c35">
			<AppRef name="E3.Series" version="2.13.7.0" guid="9940bec6-3f4f-4fbb-90d0-9826f95ebabb"/>
			<Property id="PROPERTY_13421" name="WIRE_LENGTH" value="1280"/>
			<Property id="PROPERTY_13422" name="WIRE_END2_MATL" value="(AU)"/>
			<Property id="PROPERTY_13423" name="WIRE_CSA" value="0.13"/>
			<Property id="PROPERTY_13424" name="WIRE_END1_MATL" value="(AU)"/>
			<Property id="PROPERTY_13425" name="WIRE_MIN_BEND_RADIUS" value="2.625"/>
			<Property id="PROPERTY_13426" name="WIRE_LEVEL" value="(ALL)"/>
			<Property id="PROPERTY_13427" name="WIRE_DEV_PIN_1" value="C2DB02-C3A:2"/>
			<Property id="PROPERTY_13428" name="WIRE_COLOR" value="BN/BU"/>
			<Property id="PROPERTY_13429" name="WIRE_SPEC" value="2TAD"/>
			<Property id="PROPERTY_13430" name="WIRE_NOTE" value="[$14&gt;"/>
			<Property id="PROPERTY_13431" name="WIRE_END1_TERM" value="*P/O ASSY"/>
			<Property id="PROPERTY_13432" name="WIRE_DEV_PIN_2" value="C2MF03-G:1"/>
			<Property id="PROPERTY_13433" name="WIRE_NAME" value="VDB51A"/>
			<Property id="PROPERTY_13434" name="WIRE_END2_TERM" value="*P/O ASSY"/>
			<Property id="PROPERTY_13435" name="WIRE_SIGNAL" value="VDB51"/>
			<Property id="PROPERTY_13436" name="HRN_FAMILY" value="14401"/>
			<Property id="PROPERTY_13437" name="WIRE_FPN" value="WIRE-2TAD-0.13-BN/BU"/>
			<Property id="PROPERTY_13438" name="WIRE_DIA_MAX" value="1.05"/>
			<BranchRoute id="BRR_580">
				<StartBranchPosition id="BR_POS_1423" branchId="BRANCH_c2-4e-0-4c10e0" branchNodeId="BN_2107_9-214_058" offset="0"/>
				<PassBranchId>BRANCH_c2-4e-0-4c1020</PassBranchId>
				<PassBranchId>BRANCH_c2-4e-0-4c1021</PassBranchId>
				<PassBranchId>BRANCH_c2-4e-0-4c10e7</PassBranchId>
				<PassBranchId>BRANCH_c2-4e-0-4c0fc5</PassBranchId>
				<PassBranchId>BRANCH_c2-4e-0-4c0fce</PassBranchId>
				<PassBranchId>BRANCH_c2-4e-0-4c0d1d</PassBranchId>
				<PassBranchId>BRANCH_35-4e-0-2efaf8</PassBranchId>
				<PassBranchId>BRANCH_c2-4e-0-4c10c0</PassBranchId>
				<PassBranchId>BRANCH_c2-4e-0-4c0fc8</PassBranchId>
				<PassBranchId>BRANCH_c2-4e-0-4c108d</PassBranchId>
				<PassBranchId>BRANCH_c2-4e-0-4c0d88</PassBranchId>
				<PassBranchId>BRANCH_c2-4e-0-4c109a</PassBranchId>
				<PassBranchId>BRANCH_c2-4e-0-4c0e16</PassBranchId>
				<PassBranchId>BRANCH_c2-4e-0-4c0fcb</PassBranchId>
				<PassBranchId>BRANCH_c2-4e-0-4c0f45</PassBranchId>
				<PassBranchId>BRANCH_c2-4e-0-4c1005</PassBranchId>
				<PassBranchId>BRANCH_c2-4e-0-4c0f7e</PassBranchId>
				<PassBranchId>BRANCH_c2-4e-0-4c0fb4</PassBranchId>
				<PassBranchId>BRANCH_c2-4e-0-4c1016</PassBranchId>
				<EndBranchPosition id="BR_POS_1424" branchId="BRANCH_c2-4e-0-4c0d75" branchNodeId="BN_8976-264" offset="0"/>
			</BranchRoute>
		</WiringItem>
		<WiringItem xsi:type="Wire" id="WIRE_5d-c-0-aa1a0" name="VDB52A" signalId="SIGNAL_13-36-0-2cd25c" cableType="WIRE-2TAD-0.13" wireName="GY/BN" fromPinId="PIN_5d-18-0-a9d15" toPinId="PIN_33-18-0-2b1c39">
			<AppRef name="E3.Series" version="2.13.7.0" guid="a19e3eb9-7d2c-49f5-90e0-898abfe00c8d"/>
			<Property id="PROPERTY_13439" name="WIRE_LENGTH" value="1280"/>
			<Property id="PROPERTY_13440" name="WIRE_END2_MATL" value="(AU)"/>
			<Property id="PROPERTY_13441" name="WIRE_CSA" value="0.13"/>
			<Property id="PROPERTY_13442" name="WIRE_END1_MATL" value="(AU)"/>
			<Property id="PROPERTY_13443" name="WIRE_MIN_BEND_RADIUS" value="2.625"/>
			<Property id="PROPERTY_13444" name="WIRE_LEVEL" value="(ALL)"/>
			<Property id="PROPERTY_13445" name="WIRE_DEV_PIN_1" value="C2DB02-C3A:1"/>
			<Property id="PROPERTY_13446" name="WIRE_COLOR" value="GY/BN"/>
			<Property id="PROPERTY_13447" name="WIRE_SPEC" value="2TAD"/>
			<Property id="PROPERTY_13448" name="WIRE_NOTE" value="[$14&gt;"/>
			<Property id="PROPERTY_13449" name="WIRE_END1_TERM" value="*P/O ASSY"/>
			<Property id="PROPERTY_13450" name="WIRE_DEV_PIN_2" value="C2MF03-G:2"/>
			<Property id="PROPERTY_13451" name="WIRE_NAME" value="VDB52A"/>
			<Property id="PROPERTY_13452" name="WIRE_END2_TERM" value="*P/O ASSY"/>
			<Property id="PROPERTY_13453" name="WIRE_SIGNAL" value="VDB52"/>
			<Property id="PROPERTY_13454" name="HRN_FAMILY" value="14401"/>
			<Property id="PROPERTY_13455" name="WIRE_FPN" value="WIRE-2TAD-0.13-GY/BN"/>
			<Property id="PROPERTY_13456" name="WIRE_DIA_MAX" value="1.05"/>
			<BranchRoute id="BRR_581">
				<StartBranchPosition id="BR_POS_1425" branchId="BRANCH_c2-4e-0-4c10e0" branchNodeId="BN_2107_9-214_058" offset="0"/>
				<PassBranchId>BRANCH_c2-4e-0-4c1020</PassBranchId>
				<PassBranchId>BRANCH_c2-4e-0-4c1021</PassBranchId>
				<PassBranchId>BRANCH_c2-4e-0-4c10e7</PassBranchId>
				<PassBranchId>BRANCH_c2-4e-0-4c0fc5</PassBranchId>
				<PassBranchId>BRANCH_c2-4e-0-4c0fce</PassBranchId>
				<PassBranchId>BRANCH_c2-4e-0-4c0d1d</PassBranchId>
				<PassBranchId>BRANCH_35-4e-0-2efaf8</PassBranchId>
				<PassBranchId>BRANCH_c2-4e-0-4c10c0</PassBranchId>
				<PassBranchId>BRANCH_c2-4e-0-4c0fc8</PassBranchId>
				<PassBranchId>BRANCH_c2-4e-0-4c108d</PassBranchId>
				<PassBranchId>BRANCH_c2-4e-0-4c0d88</PassBranchId>
				<PassBranchId>BRANCH_c2-4e-0-4c109a</PassBranchId>
				<PassBranchId>BRANCH_c2-4e-0-4c0e16</PassBranchId>
				<PassBranchId>BRANCH_c2-4e-0-4c0fcb</PassBranchId>
				<PassBranchId>BRANCH_c2-4e-0-4c0f45</PassBranchId>
				<PassBranchId>BRANCH_c2-4e-0-4c1005</PassBranchId>
				<PassBranchId>BRANCH_c2-4e-0-4c0f7e</PassBranchId>
				<PassBranchId>BRANCH_c2-4e-0-4c0fb4</PassBranchId>
				<PassBranchId>BRANCH_c2-4e-0-4c1016</PassBranchId>
				<EndBranchPosition id="BR_POS_1426" branchId="BRANCH_c2-4e-0-4c0d75" branchNodeId="BN_8976-264" offset="0"/>
			</BranchRoute>
		</WiringItem>
		<WiringItem xsi:type="Wire" id="WIRE_95-c-0-e49aa" name="VDN01A" signalId="SIGNAL_2-36-0-3fe1" cableType="WIRE-2UKD-0.35" wireName="BU/WH" fromPinId="PIN_f-18-0-dc32" toPinId="PIN_dc-18-0-71b4">
			<AppRef name="E3.Series" version="2.13.7.0" guid="3b54070a-0fe7-40fb-8c84-8ccbc849c1d5"/>
			<Property id="PROPERTY_13457" name="WIRE_LENGTH" value="2050"/>
			<Property id="PROPERTY_13458" name="WIRE_END2_MATL" value="(SN)"/>
			<Property id="PROPERTY_13459" name="WIRE_CSA" value="0.35"/>
			<Property id="PROPERTY_13460" name="WIRE_MIN_BEND_RADIUS" value="3"/>
			<Property id="PROPERTY_13461" name="WIRE_OPTION" value="(CBGAA | CBGAD | CBGAE) &amp; ABEAA"/>
			<Property id="PROPERTY_13462" name="WIRE_DEV_PIN_1" value="C2AM02-B:52"/>
			<Property id="PROPERTY_13463" name="WIRE_COLOR" value="BU/WH"/>
			<Property id="PROPERTY_13464" name="WIRE_SPEC" value="2UKD"/>
			<Property id="PROPERTY_13465" name="WIRE_END1_MATL" value="(SN)"/>
			<Property id="PROPERTY_13466" name="WIRE_LEVEL" value="(A-CAM)/AD/AE/AF/AG/BD/BE/BF/BG/CA/XA/XB/XC/XD/XE/XF/XG/XH/XK/YB/YF/YJ"/>
			<Property id="PROPERTY_13467" name="WIRE_END1_TERM" value="9U5T-14474-DB"/>
			<Property id="PROPERTY_13468" name="WIRE_DEV_PIN_2" value="C2RT03:3"/>
			<Property id="PROPERTY_13469" name="WIRE_NAME" value="VDN01A"/>
			<Property id="PROPERTY_13470" name="WIRE_END2_TERM" value="3F2T-14474-SA"/>
			<Property id="PROPERTY_13471" name="WIRE_SIGNAL" value="VDN01"/>
			<Property id="PROPERTY_13472" name="HRN_FAMILY" value="14401"/>
			<Property id="PROPERTY_13473" name="WIRE_FPN" value="WIRE-2UKD-0.35-BU/WH"/>
			<Property id="PROPERTY_13474" name="WIRE_DIA_MAX" value="1.2"/>
			<Option id="OPTION_95-c-0-e49aa_1" value="(CBGAA | CBGAD | CBGAE) &amp; ABEAA"/>
			<BranchRoute id="BRR_582">
				<StartBranchPosition id="BR_POS_1427" branchId="BRANCH_c2-4e-0-4c0e53" branchNodeId="BN_11974_25-210_156" offset="0"/>
				<PassBranchId>BRANCH_c2-4e-0-4c0f79</PassBranchId>
				<PassBranchId>BRANCH_c2-4e-0-4c0ea5</PassBranchId>
				<PassBranchId>BRANCH_c2-4e-0-4c0ea2</PassBranchId>
				<PassBranchId>BRANCH_c2-4e-0-4c0f5d</PassBranchId>
				<PassBranchId>BRANCH_c2-4e-0-4c0f4c</PassBranchId>
				<PassBranchId>BRANCH_c2-4e-0-4c0dea</PassBranchId>
				<PassBranchId>BRANCH_c2-4e-0-4c0fd1</PassBranchId>
				<PassBranchId>BRANCH_c2-4e-0-4c0fe8</PassBranchId>
				<PassBranchId>BRANCH_c2-4e-0-4c1009</PassBranchId>
				<PassBranchId>BRANCH_c2-4e-0-4c10cb</PassBranchId>
				<PassBranchId>BRANCH_c2-4e-0-4c10ec</PassBranchId>
				<PassBranchId>BRANCH_c2-4e-0-4c0de4</PassBranchId>
				<PassBranchId>BRANCH_1a-4e-0-18e01d0</PassBranchId>
				<PassBranchId>BRANCH_c2-4e-0-4c10c8</PassBranchId>
				<PassBranchId>BRANCH_eb-4e-0-678fca</PassBranchId>
				<PassBranchId>BRANCH_c2-4e-0-4c0e87</PassBranchId>
				<PassBranchId>BRANCH_c2-4e-0-4c0e8c</PassBranchId>
				<PassBranchId>BRANCH_c2-4e-0-4c0e7f</PassBranchId>
				<PassBranchId>BRANCH_c2-4e-0-4c102d</PassBranchId>
				<PassBranchId>BRANCH_c2-4e-0-4c1030</PassBranchId>
				<PassBranchId>BRANCH_c2-4e-0-4c0e6d</PassBranchId>
				<PassBranchId>BRANCH_c2-4e-0-4c0fdc</PassBranchId>
				<PassBranchId>BRANCH_c2-4e-0-4c0efe</PassBranchId>
				<PassBranchId>BRANCH_c2-4e-0-4c0df1</PassBranchId>
				<EndBranchPosition id="BR_POS_1428" branchId="BRANCH_c2-4e-0-4c0f01" branchNodeId="BN_23840-236" offset="0"/>
			</BranchRoute>
		</WiringItem>
		<WiringItem xsi:type="Wire" id="WIRE_95-c-0-e5bb5" name="VDN15A" signalId="SIGNAL_d-36-0-e2ad6" cableType="WIRE-2UKD-0.35" wireName="BU/GY" fromPinId="PIN_3b-18-0-1ae9d" toPinId="PIN_3b-18-0-1ae85">
			<AppRef name="E3.Series" version="2.13.7.0" guid="e90573be-0ceb-4951-99fc-bd90071ef83f"/>
			<Property id="PROPERTY_13475" name="WIRE_LENGTH" value="2170"/>
			<Property id="PROPERTY_13476" name="WIRE_CSA" value="0.35"/>
			<Property id="PROPERTY_13477" name="WIRE_MIN_BEND_RADIUS" value="3"/>
			<Property id="PROPERTY_13478" name="WIRE_OPTION" value="JCBAD"/>
			<Property id="PROPERTY_13479" name="WIRE_DEV_PIN_1" value="C2LN84:2"/>
			<Property id="PROPERTY_13480" name="WIRE_COLOR" value="BU/GY"/>
			<Property id="PROPERTY_13481" name="WIRE_SPEC" value="2UKD"/>
			<Property id="PROPERTY_13482" name="WIRE_END1_MATL" value="(SN)"/>
			<Property id="PROPERTY_13483" name="WIRE_LEVEL" value="(P-COL)/AH/AJ/AK/AL/AM/AN/AP/AR/CB/CC/CD/CE/XL/YC/YD/YK/YL/YP/YR/YU/YV/ZC/ZF"/>
			<Property id="PROPERTY_13484" name="WIRE_END1_TERM" value="1L2T-14421-BA"/>
			<Property id="PROPERTY_13485" name="WIRE_DEV_PIN_2" value="C2LN85:2"/>
			<Property id="PROPERTY_13486" name="WIRE_NAME" value="VDN15A"/>
			<Property id="PROPERTY_13487" name="WIRE_END_DC" value="2,3F2T-14474-RA,(SN),(P-COL)/AH/AJ/AK/AL/AM/AN/AP/AR/CB/CC/CD/CE/XL/YC/YD/YK/YL/YP/YR/YU/YV/ZC/ZF,VDN15H"/>
			<Property id="PROPERTY_13488" name="WIRE_SIGNAL" value="VDN15"/>
			<Property id="PROPERTY_13489" name="HRN_FAMILY" value="14401"/>
			<Property id="PROPERTY_13490" name="WIRE_FPN" value="WIRE-2UKD-0.35-BU/GY"/>
			<Property id="PROPERTY_13491" name="WIRE_DIA_MAX" value="1.2"/>
			<Option id="OPTION_95-c-0-e5bb5_1" value="JCBAD"/>
			<BranchRoute id="BRR_583">
				<StartBranchPosition id="BR_POS_1429" branchId="BRANCH_c2-4e-0-4c10da" branchNodeId="BN_6350_25-298_156" offset="0"/>
				<PassBranchId>BRANCH_c2-4e-0-4c10d5</PassBranchId>
				<PassBranchId>BRANCH_c2-4e-0-4c10e7</PassBranchId>
				<PassBranchId>BRANCH_c2-4e-0-4c0fc5</PassBranchId>
				<PassBranchId>BRANCH_c2-4e-0-4c0fce</PassBranchId>
				<PassBranchId>BRANCH_c2-4e-0-4c0d1d</PassBranchId>
				<PassBranchId>BRANCH_35-4e-0-2efaf8</PassBranchId>
				<PassBranchId>BRANCH_c2-4e-0-4c10c0</PassBranchId>
				<PassBranchId>BRANCH_c2-4e-0-4c0fc8</PassBranchId>
				<PassBranchId>BRANCH_c2-4e-0-4c108d</PassBranchId>
				<PassBranchId>BRANCH_c2-4e-0-4c0d88</PassBranchId>
				<PassBranchId>BRANCH_c2-4e-0-4c109a</PassBranchId>
				<PassBranchId>BRANCH_c2-4e-0-4c0e16</PassBranchId>
				<PassBranchId>BRANCH_c2-4e-0-4c0fcb</PassBranchId>
				<PassBranchId>BRANCH_c2-4e-0-4c0dea</PassBranchId>
				<PassBranchId>BRANCH_c2-4e-0-4c0fd1</PassBranchId>
				<PassBranchId>BRANCH_c2-4e-0-4c0fe8</PassBranchId>
				<PassBranchId>BRANCH_c2-4e-0-4c1009</PassBranchId>
				<PassBranchId>BRANCH_c2-4e-0-4c10cb</PassBranchId>
				<PassBranchId>BRANCH_c2-4e-0-4c10ec</PassBranchId>
				<PassBranchId>BRANCH_c2-4e-0-4c0de4</PassBranchId>
				<PassBranchId>BRANCH_1a-4e-0-18e01d0</PassBranchId>
				<PassBranchId>BRANCH_c2-4e-0-4c10c8</PassBranchId>
				<PassBranchId>BRANCH_eb-4e-0-678fca</PassBranchId>
				<PassBranchId>BRANCH_c2-4e-0-4c0e87</PassBranchId>
				<PassBranchId>BRANCH_c2-4e-0-4c0e8c</PassBranchId>
				<PassBranchId>BRANCH_c2-4e-0-4c0e7f</PassBranchId>
				<PassBranchId>BRANCH_c2-4e-0-4c102d</PassBranchId>
				<PassBranchId>BRANCH_c2-4e-0-4c1030</PassBranchId>
				<PassBranchId>BRANCH_c2-4e-0-4c1038</PassBranchId>
				<EndBranchPosition id="BR_POS_1430" branchId="BRANCH_c2-4e-0-4c0d31" branchNodeId="BN_22812-48" offset="0"/>
			</BranchRoute>
		</WiringItem>
		<WiringItem xsi:type="Wire" id="WIRE_95-c-0-e59aa" name="VDN15H" signalId="SIGNAL_d-36-0-e2ad6" cableType="WIRE-2UKD-0.35" wireName="BU/GY" fromPinId="PIN_3b-18-0-1ae85" toPinId="PIN_f-18-0-dbc0">
			<AppRef name="E3.Series" version="2.13.7.0" guid="405e49ea-b941-4f25-b5d6-1358409e6309"/>
			<Property id="PROPERTY_13492" name="WIRE_LENGTH" value="615"/>
			<Property id="PROPERTY_13493" name="WIRE_END2_MATL" value="(SN)"/>
			<Property id="PROPERTY_13494" name="WIRE_CSA" value="0.35"/>
			<Property id="PROPERTY_13495" name="WIRE_MIN_BEND_RADIUS" value="3"/>
			<Property id="PROPERTY_13496" name="WIRE_OPTION" value="JCBAD"/>
			<Property id="PROPERTY_13497" name="WIRE_DEV_PIN_1" value="C2LN85:2"/>
			<Property id="PROPERTY_13498" name="WIRE_COLOR" value="BU/GY"/>
			<Property id="PROPERTY_13499" name="WIRE_SPEC" value="2UKD"/>
			<Property id="PROPERTY_13500" name="WIRE_LEVEL" value="(P-COL)/AH/AJ/AK/AL/AM/AN/AP/AR/CB/CC/CD/CE/XL/YC/YD/YK/YL/YP/YR/YU/YV/ZC/ZF"/>
			<Property id="PROPERTY_13501" name="WIRE_DEV_PIN_2" value="C2AM02-B:13"/>
			<Property id="PROPERTY_13502" name="WIRE_NAME" value="VDN15H"/>
			<Property id="PROPERTY_13503" name="WIRE_END_DC" value="1,3F2T-14474-RA,(SN),(P-COL)/AH/AJ/AK/AL/AM/AN/AP/AR/CB/CC/CD/CE/XL/YC/YD/YK/YL/YP/YR/YU/YV/ZC/ZF,VDN15A"/>
			<Property id="PROPERTY_13504" name="WIRE_END2_TERM" value="9U5T-14474-DB"/>
			<Property id="PROPERTY_13505" name="WIRE_SIGNAL" value="VDN15"/>
			<Property id="PROPERTY_13506" name="HRN_FAMILY" value="14401"/>
			<Property id="PROPERTY_13507" name="WIRE_FPN" value="WIRE-2UKD-0.35-BU/GY"/>
			<Property id="PROPERTY_13508" name="WIRE_DIA_MAX" value="1.2"/>
			<Option id="OPTION_95-c-0-e59aa_1" value="JCBAD"/>
			<BranchRoute id="BRR_584">
				<StartBranchPosition id="BR_POS_1431" branchId="BRANCH_c2-4e-0-4c0d31" branchNodeId="BN_22812-48" offset="0"/>
				<PassBranchId>BRANCH_c2-4e-0-4c1038</PassBranchId>
				<PassBranchId>BRANCH_c2-4e-0-4c0e6d</PassBranchId>
				<PassBranchId>BRANCH_c2-4e-0-4c0fdc</PassBranchId>
				<PassBranchId>BRANCH_c2-4e-0-4c0efe</PassBranchId>
				<PassBranchId>BRANCH_c2-4e-0-4c0df1</PassBranchId>
				<EndBranchPosition id="BR_POS_1432" branchId="BRANCH_c2-4e-0-4c0f01" branchNodeId="BN_23840-236" offset="0"/>
			</BranchRoute>
		</WiringItem>
		<WiringItem xsi:type="Wire" id="WIRE_7f-c-0-515a18" name="VDN17A" signalId="SIGNAL_99-36-0-15f6fe" cableType="WIRE-2UKD-0.35" wireName="GY" fromPinId="PIN_3b-18-0-1d72f" toPinId="PIN_f-18-0-dc29">
			<AppRef name="E3.Series" version="2.13.7.0" guid="94269d58-33b3-4327-bae3-d4065a594856"/>
			<Property id="PROPERTY_13509" name="WIRE_LENGTH" value="2455"/>
			<Property id="PROPERTY_13510" name="WIRE_END2_MATL" value="(SN)"/>
			<Property id="PROPERTY_13511" name="WIRE_CSA" value="0.35"/>
			<Property id="PROPERTY_13512" name="WIRE_MIN_BEND_RADIUS" value="3"/>
			<Property id="PROPERTY_13513" name="WIRE_LEVEL" value="(ALL)"/>
			<Property id="PROPERTY_13514" name="WIRE_DEV_PIN_1" value="C2LF23:6"/>
			<Property id="PROPERTY_13515" name="WIRE_COLOR" value="GY"/>
			<Property id="PROPERTY_13516" name="WIRE_SPEC" value="2UKD"/>
			<Property id="PROPERTY_13517" name="WIRE_END1_MATL" value="(SN)"/>
			<Property id="PROPERTY_13518" name="WIRE_END1_TERM" value="DU5T-14474-EAB"/>
			<Property id="PROPERTY_13519" name="WIRE_DEV_PIN_2" value="C2AM02-B:49"/>
			<Property id="PROPERTY_13520" name="WIRE_NAME" value="VDN17A"/>
			<Property id="PROPERTY_13521" name="WIRE_END2_TERM" value="9U5T-14474-DB"/>
			<Property id="PROPERTY_13522" name="WIRE_SIGNAL" value="VDN17"/>
			<Property id="PROPERTY_13523" name="HRN_FAMILY" value="14401"/>
			<Property id="PROPERTY_13524" name="WIRE_FPN" value="WIRE-2UKD-0.35-GY"/>
			<Property id="PROPERTY_13525" name="WIRE_DIA_MAX" value="1.2"/>
			<BranchRoute id="BRR_585">
				<StartBranchPosition id="BR_POS_1433" branchId="BRANCH_c2-4e-0-4c0e2f" branchNodeId="BN_3231_9-198_058" offset="0"/>
				<PassBranchId>BRANCH_c2-4e-0-4c0e66</PassBranchId>
				<PassBranchId>BRANCH_c2-4e-0-4c0d3e</PassBranchId>
				<PassBranchId>BRANCH_c2-4e-0-4c1055</PassBranchId>
				<PassBranchId>BRANCH_c2-4e-0-4c1056</PassBranchId>
				<PassBranchId>BRANCH_c2-4e-0-4c10e7</PassBranchId>
				<PassBranchId>BRANCH_c2-4e-0-4c0fc5</PassBranchId>
				<PassBranchId>BRANCH_c2-4e-0-4c0fce</PassBranchId>
				<PassBranchId>BRANCH_c2-4e-0-4c0d1d</PassBranchId>
				<PassBranchId>BRANCH_35-4e-0-2efaf8</PassBranchId>
				<PassBranchId>BRANCH_c2-4e-0-4c10c0</PassBranchId>
				<PassBranchId>BRANCH_c2-4e-0-4c0fc8</PassBranchId>
				<PassBranchId>BRANCH_c2-4e-0-4c108d</PassBranchId>
				<PassBranchId>BRANCH_c2-4e-0-4c0d88</PassBranchId>
				<PassBranchId>BRANCH_c2-4e-0-4c109a</PassBranchId>
				<PassBranchId>BRANCH_c2-4e-0-4c0e16</PassBranchId>
				<PassBranchId>BRANCH_c2-4e-0-4c0fcb</PassBranchId>
				<PassBranchId>BRANCH_c2-4e-0-4c0dea</PassBranchId>
				<PassBranchId>BRANCH_c2-4e-0-4c0fd1</PassBranchId>
				<PassBranchId>BRANCH_c2-4e-0-4c0fe8</PassBranchId>
				<PassBranchId>BRANCH_c2-4e-0-4c1009</PassBranchId>
				<PassBranchId>BRANCH_c2-4e-0-4c10cb</PassBranchId>
				<PassBranchId>BRANCH_c2-4e-0-4c10ec</PassBranchId>
				<PassBranchId>BRANCH_c2-4e-0-4c0de4</PassBranchId>
				<PassBranchId>BRANCH_1a-4e-0-18e01d0</PassBranchId>
				<PassBranchId>BRANCH_c2-4e-0-4c10c8</PassBranchId>
				<PassBranchId>BRANCH_eb-4e-0-678fca</PassBranchId>
				<PassBranchId>BRANCH_c2-4e-0-4c0e87</PassBranchId>
				<PassBranchId>BRANCH_c2-4e-0-4c0e8c</PassBranchId>
				<PassBranchId>BRANCH_c2-4e-0-4c0e7f</PassBranchId>
				<PassBranchId>BRANCH_c2-4e-0-4c102d</PassBranchId>
				<PassBranchId>BRANCH_c2-4e-0-4c1030</PassBranchId>
				<PassBranchId>BRANCH_c2-4e-0-4c0e6d</PassBranchId>
				<PassBranchId>BRANCH_c2-4e-0-4c0fdc</PassBranchId>
				<PassBranchId>BRANCH_c2-4e-0-4c0efe</PassBranchId>
				<PassBranchId>BRANCH_c2-4e-0-4c0df1</PassBranchId>
				<EndBranchPosition id="BR_POS_1434" branchId="BRANCH_c2-4e-0-4c0f01" branchNodeId="BN_23840-236" offset="0"/>
			</BranchRoute>
		</WiringItem>
		<WiringItem xsi:type="Wire" id="WIRE_95-c-0-e4569" name="VH101B" signalId="SIGNAL_2-36-0-40b3" cableType="WIRE-2UKD-0.35" wireName="WH/VT" fromPinId="PIN_b5-18-0-5506" toPinId="PIN_f-18-0-f5e0">
			<AppRef name="E3.Series" version="2.13.7.0" guid="5746bcce-7c4e-4e38-b09a-0b199a85abd8"/>
			<Property id="PROPERTY_13600" name="WIRE_LENGTH" value="1600"/>
			<Property id="PROPERTY_13601" name="WIRE_END2_MATL" value="(SN)"/>
			<Property id="PROPERTY_13602" name="WIRE_CSA" value="0.35"/>
			<Property id="PROPERTY_13603" name="WIRE_MIN_BEND_RADIUS" value="3"/>
			<Property id="PROPERTY_13604" name="WIRE_OPTION" value="( AC_G | AC_B ) &amp; ( HJGAJ | HJGAX )"/>
			<Property id="PROPERTY_13605" name="WIRE_DEV_PIN_1" value="C12-A2:8"/>
			<Property id="PROPERTY_13606" name="WIRE_COLOR" value="WH/VT"/>
			<Property id="PROPERTY_13607" name="WIRE_SPEC" value="2UKD"/>
			<Property id="PROPERTY_13608" name="WIRE_END1_MATL" value="(SN)"/>
			<Property id="PROPERTY_13609" name="WIRE_LEVEL" value="(D-CAM)/(C-SHF)/(KWINV)/VA/ZD/ZH"/>
			<Property id="PROPERTY_13610" name="WIRE_END1_TERM" value="8U5T-14474-BB"/>
			<Property id="PROPERTY_13611" name="WIRE_DEV_PIN_2" value="C2H101-A:23"/>
			<Property id="PROPERTY_13612" name="WIRE_NAME" value="VH101B"/>
			<Property id="PROPERTY_13613" name="WIRE_END2_TERM" value="9U5T-14474-DB"/>
			<Property id="PROPERTY_13614" name="WIRE_SIGNAL" value="VH101"/>
			<Property id="PROPERTY_13615" name="HRN_FAMILY" value="14401"/>
			<Property id="PROPERTY_13616" name="WIRE_FPN" value="WIRE-2UKD-0.35-WH/VT"/>
			<Property id="PROPERTY_13617" name="WIRE_DIA_MAX" value="1.2"/>
			<Option id="OPTION_95-c-0-e4569_1" value="( AC_G | AC_B ) &amp; ( HJGAJ | HJGAX )"/>
			<BranchRoute id="BRR_590">
				<StartBranchPosition id="BR_POS_1443" branchId="BRANCH_c2-4e-0-4c0f41" branchNodeId="BN_13944-224" offset="0"/>
				<PassBranchId>BRANCH_c2-4e-0-4c0f40</PassBranchId>
				<PassBranchId>BRANCH_c2-4e-0-4c10c3</PassBranchId>
				<PassBranchId>BRANCH_c2-4e-0-4c0ff9</PassBranchId>
				<PassBranchId>BRANCH_c2-4e-0-4c0f34</PassBranchId>
				<PassBranchId>BRANCH_c2-4e-0-4c0d05</PassBranchId>
				<PassBranchId>BRANCH_c2-4e-0-4c1076</PassBranchId>
				<PassBranchId>BRANCH_c2-4e-0-4c106f</PassBranchId>
				<PassBranchId>BRANCH_c2-4e-0-4c1075</PassBranchId>
				<PassBranchId>BRANCH_c2-4e-0-4c0de4</PassBranchId>
				<PassBranchId>BRANCH_1a-4e-0-18e01d0</PassBranchId>
				<PassBranchId>BRANCH_c2-4e-0-4c10c8</PassBranchId>
				<PassBranchId>BRANCH_eb-4e-0-678fca</PassBranchId>
				<PassBranchId>BRANCH_c2-4e-0-4c0e87</PassBranchId>
				<PassBranchId>BRANCH_c2-4e-0-4c0e8c</PassBranchId>
				<PassBranchId>BRANCH_c2-4e-0-4c0e7f</PassBranchId>
				<PassBranchId>BRANCH_c2-4e-0-4c0ef9</PassBranchId>
				<PassBranchId>BRANCH_c2-4e-0-4c0e70</PassBranchId>
				<PassBranchId>BRANCH_c2-4e-0-4c0d66</PassBranchId>
				<PassBranchId>BRANCH_c2-4e-0-4c0e5f</PassBranchId>
				<EndBranchPosition id="BR_POS_1444" branchId="BRANCH_c2-4e-0-4c0d60" branchNodeId="BN_22052-256" offset="0"/>
			</BranchRoute>
		</WiringItem>
		<WiringItem xsi:type="Wire" id="WIRE_ce-c-0-28be38" name="VH101EVB" signalId="SIGNAL_2-36-0-40b3" cableType="WIRE-2UKD-0.35" wireName="WH/VT" fromPinId="PIN_b5-18-0-5506" toPinId="PIN_ce-18-0-2068b1">
			<AppRef name="E3.Series" version="2.14.0.0" guid="f942c191-31ac-4b19-b3da-af38d6baaa4d"/>
			<Property id="PROPERTY_13618" name="WIRE_LENGTH" value="1885"/>
			<Property id="PROPERTY_13619" name="WIRE_END2_MATL" value="(SN)"/>
			<Property id="PROPERTY_13620" name="WIRE_CSA" value="0.35"/>
			<Property id="PROPERTY_13621" name="WIRE_MIN_BEND_RADIUS" value="3"/>
			<Property id="PROPERTY_13622" name="WIRE_OPTION" value="AC_G &amp; HJGAY"/>
			<Property id="PROPERTY_13623" name="WIRE_DEV_PIN_1" value="C12-A2:8"/>
			<Property id="PROPERTY_13624" name="WIRE_COLOR" value="WH/VT"/>
			<Property id="PROPERTY_13625" name="WIRE_SPEC" value="2UKD"/>
			<Property id="PROPERTY_13626" name="WIRE_END1_MATL" value="(SN)"/>
			<Property id="PROPERTY_13627" name="WIRE_LEVEL" value="ZA/ZB/ZC/ZF"/>
			<Property id="PROPERTY_13628" name="WIRE_END1_TERM" value="8U5T-14474-BB"/>
			<Property id="PROPERTY_13629" name="WIRE_DEV_PIN_2" value="C2H101-EVBA:26"/>
			<Property id="PROPERTY_13630" name="WIRE_NAME" value="VH101EVB"/>
			<Property id="PROPERTY_13631" name="WIRE_END2_TERM" value="9U5T-14474-DB"/>
			<Property id="PROPERTY_13632" name="WIRE_SIGNAL" value="VH101"/>
			<Property id="PROPERTY_13633" name="HRN_FAMILY" value="14401"/>
			<Property id="PROPERTY_13634" name="WIRE_FPN" value="WIRE-2UKD-0.35-WH/VT"/>
			<Property id="PROPERTY_13635" name="WIRE_DIA_MAX" value="1.2"/>
			<Option id="OPTION_ce-c-0-28be38_1" value="AC_G &amp; HJGAY"/>
			<BranchRoute id="BRR_591">
				<StartBranchPosition id="BR_POS_1445" branchId="BRANCH_ff-4e-0-938412" branchNodeId="BN_15124-272" offset="0"/>
				<PassBranchId>BRANCH_ff-4e-0-959c9b</PassBranchId>
				<PassBranchId>BRANCH_35-4e-0-32eeb3</PassBranchId>
				<PassBranchId>BRANCH_ff-4e-0-942c78</PassBranchId>
				<PassBranchId>BRANCH_ff-4e-0-938110</PassBranchId>
				<PassBranchId>BRANCH_ff-4e-0-93810b</PassBranchId>
				<PassBranchId>BRANCH_ff-4e-0-936078</PassBranchId>
				<PassBranchId>BRANCH_c2-4e-0-4c10c3</PassBranchId>
				<PassBranchId>BRANCH_c2-4e-0-4c0ff9</PassBranchId>
				<PassBranchId>BRANCH_c2-4e-0-4c0f34</PassBranchId>
				<PassBranchId>BRANCH_c2-4e-0-4c0d05</PassBranchId>
				<PassBranchId>BRANCH_c2-4e-0-4c1076</PassBranchId>
				<PassBranchId>BRANCH_c2-4e-0-4c106f</PassBranchId>
				<PassBranchId>BRANCH_c2-4e-0-4c1075</PassBranchId>
				<PassBranchId>BRANCH_c2-4e-0-4c0de4</PassBranchId>
				<PassBranchId>BRANCH_1a-4e-0-18e01d0</PassBranchId>
				<PassBranchId>BRANCH_c2-4e-0-4c10c8</PassBranchId>
				<PassBranchId>BRANCH_eb-4e-0-678fca</PassBranchId>
				<PassBranchId>BRANCH_c2-4e-0-4c0e87</PassBranchId>
				<PassBranchId>BRANCH_c2-4e-0-4c0e8c</PassBranchId>
				<PassBranchId>BRANCH_c2-4e-0-4c0e7f</PassBranchId>
				<PassBranchId>BRANCH_c2-4e-0-4c0ef9</PassBranchId>
				<PassBranchId>BRANCH_c2-4e-0-4c0e70</PassBranchId>
				<PassBranchId>BRANCH_c2-4e-0-4c0d66</PassBranchId>
				<PassBranchId>BRANCH_c2-4e-0-4c0e5f</PassBranchId>
				<EndBranchPosition id="BR_POS_1446" branchId="BRANCH_c2-4e-0-4c0d60" branchNodeId="BN_22052-256" offset="0"/>
			</BranchRoute>
		</WiringItem>
		<WiringItem xsi:type="Wire" id="WIRE_95-c-0-e585e" name="VH406B" signalId="SIGNAL_2-36-0-40ba" cableType="WIRE-2UKD-0.35" wireName="VT/BN" fromPinId="PIN_f-18-0-f5d2" toPinId="PIN_b5-18-0-55e9">
			<AppRef name="E3.Series" version="2.13.7.0" guid="8b95f03e-0dba-419e-99de-7d85b3af72d8"/>
			<Property id="PROPERTY_13636" name="WIRE_LENGTH" value="1670"/>
			<Property id="PROPERTY_13637" name="WIRE_END2_MATL" value="(SN)"/>
			<Property id="PROPERTY_13638" name="WIRE_CSA" value="0.35"/>
			<Property id="PROPERTY_13639" name="WIRE_MIN_BEND_RADIUS" value="3"/>
			<Property id="PROPERTY_13640" name="WIRE_OPTION" value="HJGAJ | HJGAX"/>
			<Property id="PROPERTY_13641" name="WIRE_DEV_PIN_1" value="C2H101-A:19"/>
			<Property id="PROPERTY_13642" name="WIRE_COLOR" value="VT/BN"/>
			<Property id="PROPERTY_13643" name="WIRE_SPEC" value="2UKD"/>
			<Property id="PROPERTY_13644" name="WIRE_END1_MATL" value="(SN)"/>
			<Property id="PROPERTY_13645" name="WIRE_LEVEL" value="(D-CAM)/(C-SHF)/(KWINV)/VA/ZD/ZH"/>
			<Property id="PROPERTY_13646" name="WIRE_END1_TERM" value="9U5T-14474-DB"/>
			<Property id="PROPERTY_13647" name="WIRE_DEV_PIN_2" value="C22-A1:12"/>
			<Property id="PROPERTY_13648" name="WIRE_NAME" value="VH406B"/>
			<Property id="PROPERTY_13649" name="WIRE_END2_TERM" value="8U5T-14474-BB"/>
			<Property id="PROPERTY_13650" name="WIRE_SIGNAL" value="VH406"/>
			<Property id="PROPERTY_13651" name="HRN_FAMILY" value="14401"/>
			<Property id="PROPERTY_13652" name="WIRE_FPN" value="WIRE-2UKD-0.35-VT/BN"/>
			<Property id="PROPERTY_13653" name="WIRE_DIA_MAX" value="1.2"/>
			<Option id="OPTION_95-c-0-e585e_1" value="HJGAJ | HJGAX"/>
			<BranchRoute id="BRR_592">
				<StartBranchPosition id="BR_POS_1447" branchId="BRANCH_c2-4e-0-4c0f41" branchNodeId="BN_13944-224" offset="0"/>
				<PassBranchId>BRANCH_c2-4e-0-4c0f40</PassBranchId>
				<PassBranchId>BRANCH_c2-4e-0-4c10c3</PassBranchId>
				<PassBranchId>BRANCH_c2-4e-0-4c0ff9</PassBranchId>
				<PassBranchId>BRANCH_c2-4e-0-4c0f34</PassBranchId>
				<PassBranchId>BRANCH_c2-4e-0-4c0d05</PassBranchId>
				<PassBranchId>BRANCH_c2-4e-0-4c1076</PassBranchId>
				<PassBranchId>BRANCH_c2-4e-0-4c106f</PassBranchId>
				<PassBranchId>BRANCH_c2-4e-0-4c1075</PassBranchId>
				<PassBranchId>BRANCH_c2-4e-0-4c0de4</PassBranchId>
				<PassBranchId>BRANCH_1a-4e-0-18e01d0</PassBranchId>
				<PassBranchId>BRANCH_c2-4e-0-4c10c8</PassBranchId>
				<PassBranchId>BRANCH_eb-4e-0-678fca</PassBranchId>
				<PassBranchId>BRANCH_c2-4e-0-4c0e87</PassBranchId>
				<PassBranchId>BRANCH_c2-4e-0-4c0e8c</PassBranchId>
				<PassBranchId>BRANCH_c2-4e-0-4c0e7f</PassBranchId>
				<PassBranchId>BRANCH_c2-4e-0-4c0ef9</PassBranchId>
				<PassBranchId>BRANCH_c2-4e-0-4c0e70</PassBranchId>
				<PassBranchId>BRANCH_c2-4e-0-4c0d66</PassBranchId>
				<PassBranchId>BRANCH_c2-4e-0-4c0fe2</PassBranchId>
				<PassBranchId>BRANCH_c2-4e-0-4c0d5d</PassBranchId>
				<PassBranchId>BRANCH_c2-4e-0-4c0d57</PassBranchId>
				<EndBranchPosition id="BR_POS_1448" branchId="BRANCH_c2-4e-0-4c0d5a" branchNodeId="BN_21404-188" offset="0"/>
			</BranchRoute>
		</WiringItem>
		<WiringItem xsi:type="Wire" id="WIRE_ce-c-0-28fd9f" name="VH406EVB" signalId="SIGNAL_2-36-0-40ba" cableType="WIRE-2UKD-0.35" wireName="VT/BN" fromPinId="PIN_b5-18-0-55e9" toPinId="PIN_ce-18-0-206867">
			<AppRef name="E3.Series" version="2.14.0.0" guid="3d95a66f-5c79-4566-9476-f5527df15179"/>
			<Property id="PROPERTY_13654" name="WIRE_LENGTH" value="1955"/>
			<Property id="PROPERTY_13655" name="WIRE_END2_MATL" value="(SN)"/>
			<Property id="PROPERTY_13656" name="WIRE_CSA" value="0.35"/>
			<Property id="PROPERTY_13657" name="WIRE_MIN_BEND_RADIUS" value="3"/>
			<Property id="PROPERTY_13658" name="WIRE_OPTION" value="AC_G &amp; HJGAY"/>
			<Property id="PROPERTY_13659" name="WIRE_DEV_PIN_1" value="C22-A1:12"/>
			<Property id="PROPERTY_13660" name="WIRE_COLOR" value="VT/BN"/>
			<Property id="PROPERTY_13661" name="WIRE_SPEC" value="2UKD"/>
			<Property id="PROPERTY_13662" name="WIRE_END1_MATL" value="(SN)"/>
			<Property id="PROPERTY_13663" name="WIRE_LEVEL" value="ZA/ZB/ZC/ZF"/>
			<Property id="PROPERTY_13664" name="WIRE_END1_TERM" value="8U5T-14474-BB"/>
			<Property id="PROPERTY_13665" name="WIRE_DEV_PIN_2" value="C2H101-EVBA:22"/>
			<Property id="PROPERTY_13666" name="WIRE_NAME" value="VH406EVB"/>
			<Property id="PROPERTY_13667" name="WIRE_END2_TERM" value="9U5T-14474-DB"/>
			<Property id="PROPERTY_13668" name="WIRE_SIGNAL" value="VH406"/>
			<Property id="PROPERTY_13669" name="HRN_FAMILY" value="14401"/>
			<Property id="PROPERTY_13670" name="WIRE_FPN" value="WIRE-2UKD-0.35-VT/BN"/>
			<Property id="PROPERTY_13671" name="WIRE_DIA_MAX" value="1.2"/>
			<Option id="OPTION_ce-c-0-28fd9f_1" value="AC_G &amp; HJGAY"/>
			<BranchRoute id="BRR_593">
				<StartBranchPosition id="BR_POS_1449" branchId="BRANCH_ff-4e-0-938412" branchNodeId="BN_15124-272" offset="0"/>
				<PassBranchId>BRANCH_ff-4e-0-959c9b</PassBranchId>
				<PassBranchId>BRANCH_35-4e-0-32eeb3</PassBranchId>
				<PassBranchId>BRANCH_ff-4e-0-942c78</PassBranchId>
				<PassBranchId>BRANCH_ff-4e-0-938110</PassBranchId>
				<PassBranchId>BRANCH_ff-4e-0-93810b</PassBranchId>
				<PassBranchId>BRANCH_ff-4e-0-936078</PassBranchId>
				<PassBranchId>BRANCH_c2-4e-0-4c10c3</PassBranchId>
				<PassBranchId>BRANCH_c2-4e-0-4c0ff9</PassBranchId>
				<PassBranchId>BRANCH_c2-4e-0-4c0f34</PassBranchId>
				<PassBranchId>BRANCH_c2-4e-0-4c0d05</PassBranchId>
				<PassBranchId>BRANCH_c2-4e-0-4c1076</PassBranchId>
				<PassBranchId>BRANCH_c2-4e-0-4c106f</PassBranchId>
				<PassBranchId>BRANCH_c2-4e-0-4c1075</PassBranchId>
				<PassBranchId>BRANCH_c2-4e-0-4c0de4</PassBranchId>
				<PassBranchId>BRANCH_1a-4e-0-18e01d0</PassBranchId>
				<PassBranchId>BRANCH_c2-4e-0-4c10c8</PassBranchId>
				<PassBranchId>BRANCH_eb-4e-0-678fca</PassBranchId>
				<PassBranchId>BRANCH_c2-4e-0-4c0e87</PassBranchId>
				<PassBranchId>BRANCH_c2-4e-0-4c0e8c</PassBranchId>
				<PassBranchId>BRANCH_c2-4e-0-4c0e7f</PassBranchId>
				<PassBranchId>BRANCH_c2-4e-0-4c0ef9</PassBranchId>
				<PassBranchId>BRANCH_c2-4e-0-4c0e70</PassBranchId>
				<PassBranchId>BRANCH_c2-4e-0-4c0d66</PassBranchId>
				<PassBranchId>BRANCH_c2-4e-0-4c0fe2</PassBranchId>
				<PassBranchId>BRANCH_c2-4e-0-4c0d5d</PassBranchId>
				<PassBranchId>BRANCH_c2-4e-0-4c0d57</PassBranchId>
				<EndBranchPosition id="BR_POS_1450" branchId="BRANCH_c2-4e-0-4c0d5a" branchNodeId="BN_21404-188" offset="0"/>
			</BranchRoute>
		</WiringItem>
		<WiringItem xsi:type="Wire" id="WIRE_95-c-0-e6983" name="VH409A" signalId="SIGNAL_2-36-0-40bd" cableType="WIRE-2UKD-0.35" wireName="WH" fromPinId="PIN_38-18-0-13965" toPinId="PIN_f-18-0-f691">
			<AppRef name="E3.Series" version="2.13.7.0" guid="ead39f58-1ccf-4ec1-b2a4-f8e95a578291"/>
			<Property id="PROPERTY_13672" name="WIRE_LENGTH" value="1495"/>
			<Property id="PROPERTY_13673" name="WIRE_END2_MATL" value="(SN)"/>
			<Property id="PROPERTY_13674" name="WIRE_CSA" value="0.35"/>
			<Property id="PROPERTY_13675" name="WIRE_MIN_BEND_RADIUS" value="3"/>
			<Property id="PROPERTY_13676" name="WIRE_OPTION" value="( AC_G | AC_B ) &amp; ( HJGAJ | HJGAX )"/>
			<Property id="PROPERTY_13677" name="WIRE_DEV_PIN_1" value="C2H409:1"/>
			<Property id="PROPERTY_13678" name="WIRE_COLOR" value="WH"/>
			<Property id="PROPERTY_13679" name="WIRE_SPEC" value="2UKD"/>
			<Property id="PROPERTY_13680" name="WIRE_END1_MATL" value="(SN)"/>
			<Property id="PROPERTY_13681" name="WIRE_LEVEL" value="(D-CAM)/(C-SHF)/(KWINV)/VA/ZD/ZH"/>
			<Property id="PROPERTY_13682" name="WIRE_END1_TERM" value="3F2T-14474-SA"/>
			<Property id="PROPERTY_13683" name="WIRE_DEV_PIN_2" value="C2H101-B:4"/>
			<Property id="PROPERTY_13684" name="WIRE_NAME" value="VH409A"/>
			<Property id="PROPERTY_13685" name="WIRE_END2_TERM" value="9U5T-14474-DB"/>
			<Property id="PROPERTY_13686" name="WIRE_SIGNAL" value="VH409"/>
			<Property id="PROPERTY_13687" name="HRN_FAMILY" value="14401"/>
			<Property id="PROPERTY_13688" name="WIRE_FPN" value="WIRE-2UKD-0.35-WH"/>
			<Property id="PROPERTY_13689" name="WIRE_DIA_MAX" value="1.2"/>
			<Option id="OPTION_95-c-0-e6983_1" value="( AC_G | AC_B ) &amp; ( HJGAJ | HJGAX )"/>
			<BranchRoute id="BRR_594">
				<StartBranchPosition id="BR_POS_1451" branchId="BRANCH_c2-4e-0-4c0f69" branchNodeId="BN_11592-248" offset="0"/>
				<PassBranchId>BRANCH_c2-4e-0-4c0d2b</PassBranchId>
				<PassBranchId>BRANCH_c2-4e-0-4c104e</PassBranchId>
				<PassBranchId>BRANCH_c2-4e-0-4c10a4</PassBranchId>
				<PassBranchId>BRANCH_c2-4e-0-4c0f7a</PassBranchId>
				<PassBranchId>BRANCH_35-4e-0-350133</PassBranchId>
				<PassBranchId>BRANCH_c2-4e-0-4c0f60</PassBranchId>
				<PassBranchId>BRANCH_c2-4e-0-4c1005</PassBranchId>
				<PassBranchId>BRANCH_c2-4e-0-4c0f45</PassBranchId>
				<PassBranchId>BRANCH_c2-4e-0-4c0dea</PassBranchId>
				<PassBranchId>BRANCH_c2-4e-0-4c0fd1</PassBranchId>
				<PassBranchId>BRANCH_c2-4e-0-4c0fe8</PassBranchId>
				<PassBranchId>BRANCH_c2-4e-0-4c1009</PassBranchId>
				<PassBranchId>BRANCH_c2-4e-0-4c10cb</PassBranchId>
				<PassBranchId>BRANCH_c2-4e-0-4c10ec</PassBranchId>
				<PassBranchId>BRANCH_c2-4e-0-4c1075</PassBranchId>
				<PassBranchId>BRANCH_c2-4e-0-4c106f</PassBranchId>
				<PassBranchId>BRANCH_c2-4e-0-4c1076</PassBranchId>
				<PassBranchId>BRANCH_c2-4e-0-4c0d05</PassBranchId>
				<PassBranchId>BRANCH_c2-4e-0-4c0f34</PassBranchId>
				<PassBranchId>BRANCH_c2-4e-0-4c0ff9</PassBranchId>
				<PassBranchId>BRANCH_c2-4e-0-4c10c3</PassBranchId>
				<PassBranchId>BRANCH_c2-4e-0-4c0f44</PassBranchId>
				<EndBranchPosition id="BR_POS_1452" branchId="BRANCH_c2-4e-0-4c0f3d" branchNodeId="BN_14728-219_961" offset="0"/>
			</BranchRoute>
		</WiringItem>
		<WiringItem xsi:type="Wire" id="WIRE_ce-c-0-28fd6c" name="VH409EVA" signalId="SIGNAL_2-36-0-40bd" cableType="WIRE-2UKD-0.50" wireName="WH" fromPinId="PIN_38-18-0-13965" toPinId="PIN_ce-18-0-20690e">
			<AppRef name="E3.Series" version="2.14.0.0" guid="f0fb72c0-3e98-4e19-89e5-1b66fccf1f7b"/>
			<Property id="PROPERTY_13690" name="WIRE_LENGTH" value="1790"/>
			<Property id="PROPERTY_13691" name="WIRE_END2_MATL" value="(SN)"/>
			<Property id="PROPERTY_13692" name="WIRE_CSA" value="0.5"/>
			<Property id="PROPERTY_13693" name="WIRE_MIN_BEND_RADIUS" value="3"/>
			<Property id="PROPERTY_13694" name="WIRE_OPTION" value="AC_G &amp; HJGAY"/>
			<Property id="PROPERTY_13695" name="WIRE_DEV_PIN_1" value="C2H409:1"/>
			<Property id="PROPERTY_13696" name="WIRE_COLOR" value="WH"/>
			<Property id="PROPERTY_13697" name="WIRE_SPEC" value="2UKD"/>
			<Property id="PROPERTY_13698" name="WIRE_END1_MATL" value="(SN)"/>
			<Property id="PROPERTY_13699" name="WIRE_LEVEL" value="ZA/ZB/ZC/ZF"/>
			<Property id="PROPERTY_13700" name="WIRE_END1_TERM" value="9U5T-14474-MA"/>
			<Property id="PROPERTY_13701" name="WIRE_DEV_PIN_2" value="C2H101-EVBB:4"/>
			<Property id="PROPERTY_13702" name="WIRE_NAME" value="VH409EVA"/>
			<Property id="PROPERTY_13703" name="WIRE_END2_TERM" value="9U5T-14474-DB"/>
			<Property id="PROPERTY_13704" name="WIRE_SIGNAL" value="VH409"/>
			<Property id="PROPERTY_13705" name="HRN_FAMILY" value="14401"/>
			<Property id="PROPERTY_13706" name="WIRE_FPN" value="WIRE-2UKD-0.50-WH"/>
			<Property id="PROPERTY_13707" name="WIRE_DIA_MAX" value="1.4"/>
			<Option id="OPTION_ce-c-0-28fd6c_1" value="AC_G &amp; HJGAY"/>
			<BranchRoute id="BRR_595">
				<StartBranchPosition id="BR_POS_1453" branchId="BRANCH_c2-4e-0-4c0f69" branchNodeId="BN_11592-248" offset="0"/>
				<PassBranchId>BRANCH_c2-4e-0-4c0d2b</PassBranchId>
				<PassBranchId>BRANCH_c2-4e-0-4c104e</PassBranchId>
				<PassBranchId>BRANCH_c2-4e-0-4c10a4</PassBranchId>
				<PassBranchId>BRANCH_c2-4e-0-4c0f7a</PassBranchId>
				<PassBranchId>BRANCH_35-4e-0-350133</PassBranchId>
				<PassBranchId>BRANCH_c2-4e-0-4c0f60</PassBranchId>
				<PassBranchId>BRANCH_c2-4e-0-4c1005</PassBranchId>
				<PassBranchId>BRANCH_c2-4e-0-4c0f45</PassBranchId>
				<PassBranchId>BRANCH_c2-4e-0-4c0dea</PassBranchId>
				<PassBranchId>BRANCH_c2-4e-0-4c0fd1</PassBranchId>
				<PassBranchId>BRANCH_c2-4e-0-4c0fe8</PassBranchId>
				<PassBranchId>BRANCH_c2-4e-0-4c1009</PassBranchId>
				<PassBranchId>BRANCH_c2-4e-0-4c10cb</PassBranchId>
				<PassBranchId>BRANCH_c2-4e-0-4c10ec</PassBranchId>
				<PassBranchId>BRANCH_c2-4e-0-4c1075</PassBranchId>
				<PassBranchId>BRANCH_c2-4e-0-4c106f</PassBranchId>
				<PassBranchId>BRANCH_c2-4e-0-4c1076</PassBranchId>
				<PassBranchId>BRANCH_c2-4e-0-4c0d05</PassBranchId>
				<PassBranchId>BRANCH_c2-4e-0-4c0f34</PassBranchId>
				<PassBranchId>BRANCH_c2-4e-0-4c0ff9</PassBranchId>
				<PassBranchId>BRANCH_c2-4e-0-4c10c3</PassBranchId>
				<PassBranchId>BRANCH_ff-4e-0-936078</PassBranchId>
				<PassBranchId>BRANCH_ff-4e-0-93810b</PassBranchId>
				<PassBranchId>BRANCH_ff-4e-0-938110</PassBranchId>
				<PassBranchId>BRANCH_ff-4e-0-93c7ce</PassBranchId>
				<PassBranchId>BRANCH_ff-4e-0-966b71</PassBranchId>
				<EndBranchPosition id="BR_POS_1454" branchId="BRANCH_ff-4e-0-93e855" branchNodeId="BN_15376-136" offset="0"/>
			</BranchRoute>
		</WiringItem>
		<WiringItem xsi:type="Wire" id="WIRE_95-c-0-e64a3" name="VH410B" signalId="SIGNAL_2-36-0-40be" cableType="WIRE-2UKD-0.35" wireName="GY/BU" fromPinId="PIN_b5-18-0-55e6" toPinId="PIN_f-18-0-f6b6">
			<AppRef name="E3.Series" version="2.13.7.0" guid="e20ce666-98e5-4b61-81df-cc05a970f874"/>
			<Property id="PROPERTY_13708" name="WIRE_LENGTH" value="1625"/>
			<Property id="PROPERTY_13709" name="WIRE_END2_MATL" value="(SN)"/>
			<Property id="PROPERTY_13710" name="WIRE_CSA" value="0.35"/>
			<Property id="PROPERTY_13711" name="WIRE_MIN_BEND_RADIUS" value="3"/>
			<Property id="PROPERTY_13712" name="WIRE_OPTION" value="( AC_G | AC_B ) &amp; ( HJGAJ | HJGAX )"/>
			<Property id="PROPERTY_13713" name="WIRE_DEV_PIN_1" value="C22-A1:9"/>
			<Property id="PROPERTY_13714" name="WIRE_COLOR" value="GY/BU"/>
			<Property id="PROPERTY_13715" name="WIRE_SPEC" value="2UKD"/>
			<Property id="PROPERTY_13716" name="WIRE_END1_MATL" value="(SN)"/>
			<Property id="PROPERTY_13717" name="WIRE_LEVEL" value="(D-CAM)/(C-SHF)/(KWINV)/VA/ZD/ZH"/>
			<Property id="PROPERTY_13718" name="WIRE_END1_TERM" value="8U5T-14474-BB"/>
			<Property id="PROPERTY_13719" name="WIRE_DEV_PIN_2" value="C2H101-B:5"/>
			<Property id="PROPERTY_13720" name="WIRE_NAME" value="VH410B"/>
			<Property id="PROPERTY_13721" name="WIRE_END2_TERM" value="9U5T-14474-DB"/>
			<Property id="PROPERTY_13722" name="WIRE_SIGNAL" value="VH410"/>
			<Property id="PROPERTY_13723" name="HRN_FAMILY" value="14401"/>
			<Property id="PROPERTY_13724" name="WIRE_FPN" value="WIRE-2UKD-0.35-GY/BU"/>
			<Property id="PROPERTY_13725" name="WIRE_DIA_MAX" value="1.2"/>
			<Option id="OPTION_95-c-0-e64a3_1" value="( AC_G | AC_B ) &amp; ( HJGAJ | HJGAX )"/>
			<BranchRoute id="BRR_596">
				<StartBranchPosition id="BR_POS_1455" branchId="BRANCH_c2-4e-0-4c0f3d" branchNodeId="BN_14728-219_961" offset="0"/>
				<PassBranchId>BRANCH_c2-4e-0-4c0f44</PassBranchId>
				<PassBranchId>BRANCH_c2-4e-0-4c10c3</PassBranchId>
				<PassBranchId>BRANCH_c2-4e-0-4c0ff9</PassBranchId>
				<PassBranchId>BRANCH_c2-4e-0-4c0f34</PassBranchId>
				<PassBranchId>BRANCH_c2-4e-0-4c0d05</PassBranchId>
				<PassBranchId>BRANCH_c2-4e-0-4c1076</PassBranchId>
				<PassBranchId>BRANCH_c2-4e-0-4c106f</PassBranchId>
				<PassBranchId>BRANCH_c2-4e-0-4c1075</PassBranchId>
				<PassBranchId>BRANCH_c2-4e-0-4c0de4</PassBranchId>
				<PassBranchId>BRANCH_1a-4e-0-18e01d0</PassBranchId>
				<PassBranchId>BRANCH_c2-4e-0-4c10c8</PassBranchId>
				<PassBranchId>BRANCH_eb-4e-0-678fca</PassBranchId>
				<PassBranchId>BRANCH_c2-4e-0-4c0e87</PassBranchId>
				<PassBranchId>BRANCH_c2-4e-0-4c0e8c</PassBranchId>
				<PassBranchId>BRANCH_c2-4e-0-4c0e7f</PassBranchId>
				<PassBranchId>BRANCH_c2-4e-0-4c0ef9</PassBranchId>
				<PassBranchId>BRANCH_c2-4e-0-4c0e70</PassBranchId>
				<PassBranchId>BRANCH_c2-4e-0-4c0d66</PassBranchId>
				<PassBranchId>BRANCH_c2-4e-0-4c0fe2</PassBranchId>
				<PassBranchId>BRANCH_c2-4e-0-4c0d5d</PassBranchId>
				<PassBranchId>BRANCH_c2-4e-0-4c0d57</PassBranchId>
				<EndBranchPosition id="BR_POS_1456" branchId="BRANCH_c2-4e-0-4c0d5a" branchNodeId="BN_21404-188" offset="0"/>
			</BranchRoute>
		</WiringItem>
		<WiringItem xsi:type="Wire" id="WIRE_ce-c-0-28fdb0" name="VH410EVB" signalId="SIGNAL_2-36-0-40be" cableType="WIRE-2UKD-0.35" wireName="GY/BU" fromPinId="PIN_b5-18-0-55e6" toPinId="PIN_ce-18-0-206916">
			<AppRef name="E3.Series" version="2.14.0.0" guid="21f7d578-a96d-4e69-bff0-ff8a60554503"/>
			<Property id="PROPERTY_13726" name="WIRE_LENGTH" value="1920"/>
			<Property id="PROPERTY_13727" name="WIRE_END2_MATL" value="(SN)"/>
			<Property id="PROPERTY_13728" name="WIRE_CSA" value="0.35"/>
			<Property id="PROPERTY_13729" name="WIRE_MIN_BEND_RADIUS" value="3"/>
			<Property id="PROPERTY_13730" name="WIRE_OPTION" value="AC_G &amp; HJGAY"/>
			<Property id="PROPERTY_13731" name="WIRE_DEV_PIN_1" value="C22-A1:9"/>
			<Property id="PROPERTY_13732" name="WIRE_COLOR" value="GY/BU"/>
			<Property id="PROPERTY_13733" name="WIRE_SPEC" value="2UKD"/>
			<Property id="PROPERTY_13734" name="WIRE_END1_MATL" value="(SN)"/>
			<Property id="PROPERTY_13735" name="WIRE_LEVEL" value="ZA/ZB/ZC/ZF"/>
			<Property id="PROPERTY_13736" name="WIRE_END1_TERM" value="8U5T-14474-BB"/>
			<Property id="PROPERTY_13737" name="WIRE_DEV_PIN_2" value="C2H101-EVBB:5"/>
			<Property id="PROPERTY_13738" name="WIRE_NAME" value="VH410EVB"/>
			<Property id="PROPERTY_13739" name="WIRE_END2_TERM" value="9U5T-14474-DB"/>
			<Property id="PROPERTY_13740" name="WIRE_SIGNAL" value="VH410"/>
			<Property id="PROPERTY_13741" name="HRN_FAMILY" value="14401"/>
			<Property id="PROPERTY_13742" name="WIRE_FPN" value="WIRE-2UKD-0.35-GY/BU"/>
			<Property id="PROPERTY_13743" name="WIRE_DIA_MAX" value="1.2"/>
			<Option id="OPTION_ce-c-0-28fdb0_1" value="AC_G &amp; HJGAY"/>
			<BranchRoute id="BRR_597">
				<StartBranchPosition id="BR_POS_1457" branchId="BRANCH_ff-4e-0-93e855" branchNodeId="BN_15376-136" offset="0"/>
				<PassBranchId>BRANCH_ff-4e-0-966b71</PassBranchId>
				<PassBranchId>BRANCH_ff-4e-0-93c7ce</PassBranchId>
				<PassBranchId>BRANCH_ff-4e-0-938110</PassBranchId>
				<PassBranchId>BRANCH_ff-4e-0-93810b</PassBranchId>
				<PassBranchId>BRANCH_ff-4e-0-936078</PassBranchId>
				<PassBranchId>BRANCH_c2-4e-0-4c10c3</PassBranchId>
				<PassBranchId>BRANCH_c2-4e-0-4c0ff9</PassBranchId>
				<PassBranchId>BRANCH_c2-4e-0-4c0f34</PassBranchId>
				<PassBranchId>BRANCH_c2-4e-0-4c0d05</PassBranchId>
				<PassBranchId>BRANCH_c2-4e-0-4c1076</PassBranchId>
				<PassBranchId>BRANCH_c2-4e-0-4c106f</PassBranchId>
				<PassBranchId>BRANCH_c2-4e-0-4c1075</PassBranchId>
				<PassBranchId>BRANCH_c2-4e-0-4c0de4</PassBranchId>
				<PassBranchId>BRANCH_1a-4e-0-18e01d0</PassBranchId>
				<PassBranchId>BRANCH_c2-4e-0-4c10c8</PassBranchId>
				<PassBranchId>BRANCH_eb-4e-0-678fca</PassBranchId>
				<PassBranchId>BRANCH_c2-4e-0-4c0e87</PassBranchId>
				<PassBranchId>BRANCH_c2-4e-0-4c0e8c</PassBranchId>
				<PassBranchId>BRANCH_c2-4e-0-4c0e7f</PassBranchId>
				<PassBranchId>BRANCH_c2-4e-0-4c0ef9</PassBranchId>
				<PassBranchId>BRANCH_c2-4e-0-4c0e70</PassBranchId>
				<PassBranchId>BRANCH_c2-4e-0-4c0d66</PassBranchId>
				<PassBranchId>BRANCH_c2-4e-0-4c0fe2</PassBranchId>
				<PassBranchId>BRANCH_c2-4e-0-4c0d5d</PassBranchId>
				<PassBranchId>BRANCH_c2-4e-0-4c0d57</PassBranchId>
				<EndBranchPosition id="BR_POS_1458" branchId="BRANCH_c2-4e-0-4c0d5a" branchNodeId="BN_21404-188" offset="0"/>
			</BranchRoute>
		</WiringItem>
		<WiringItem xsi:type="Wire" id="WIRE_95-c-0-e69b2" name="VH411A" signalId="SIGNAL_2-36-0-40bf" cableType="WIRE-2UKD-0.35" wireName="VT/GN" fromPinId="PIN_38-18-0-13c27" toPinId="PIN_f-18-0-f6a0">
			<AppRef name="E3.Series" version="2.13.7.0" guid="7232db99-0820-4d22-9f57-75e6a4bccd04"/>
			<Property id="PROPERTY_13744" name="WIRE_LENGTH" value="1590"/>
			<Property id="PROPERTY_13745" name="WIRE_END2_MATL" value="(SN)"/>
			<Property id="PROPERTY_13746" name="WIRE_CSA" value="0.35"/>
			<Property id="PROPERTY_13747" name="WIRE_MIN_BEND_RADIUS" value="3"/>
			<Property id="PROPERTY_13748" name="WIRE_OPTION" value="AC_G &amp; ( HJGAJ | HJGAX )"/>
			<Property id="PROPERTY_13749" name="WIRE_DEV_PIN_1" value="C2H411:1"/>
			<Property id="PROPERTY_13750" name="WIRE_COLOR" value="VT/GN"/>
			<Property id="PROPERTY_13751" name="WIRE_SPEC" value="2UKD"/>
			<Property id="PROPERTY_13752" name="WIRE_END1_MATL" value="(SN)"/>
			<Property id="PROPERTY_13753" name="WIRE_LEVEL" value="(TACH-L0)/(KWINV)/(ACBRKR)/(CNSL-HI)/(A-STR)/AH/AK/AM/AP/VA/XM/ZD/ZH"/>
			<Property id="PROPERTY_13754" name="WIRE_END1_TERM" value="3F2T-14474-SA"/>
			<Property id="PROPERTY_13755" name="WIRE_DEV_PIN_2" value="C2H101-B:10"/>
			<Property id="PROPERTY_13756" name="WIRE_NAME" value="VH411A"/>
			<Property id="PROPERTY_13757" name="WIRE_END2_TERM" value="9U5T-14474-DB"/>
			<Property id="PROPERTY_13758" name="WIRE_SIGNAL" value="VH411"/>
			<Property id="PROPERTY_13759" name="HRN_FAMILY" value="14401"/>
			<Property id="PROPERTY_13760" name="WIRE_FPN" value="WIRE-2UKD-0.35-VT/GN"/>
			<Property id="PROPERTY_13761" name="WIRE_DIA_MAX" value="1.2"/>
			<Option id="OPTION_95-c-0-e69b2_1" value="AC_G &amp; ( HJGAJ | HJGAX )"/>
			<BranchRoute id="BRR_598">
				<StartBranchPosition id="BR_POS_1459" branchId="BRANCH_c2-4e-0-4c0f82" branchNodeId="BN_11248-244" offset="0"/>
				<PassBranchId>BRANCH_c2-4e-0-4c0d2e</PassBranchId>
				<PassBranchId>BRANCH_c2-4e-0-4c0f66</PassBranchId>
				<PassBranchId>BRANCH_c2-4e-0-4c0fb7</PassBranchId>
				<PassBranchId>BRANCH_c2-4e-0-4c10a4</PassBranchId>
				<PassBranchId>BRANCH_c2-4e-0-4c0f7a</PassBranchId>
				<PassBranchId>BRANCH_35-4e-0-350133</PassBranchId>
				<PassBranchId>BRANCH_c2-4e-0-4c0f60</PassBranchId>
				<PassBranchId>BRANCH_c2-4e-0-4c1005</PassBranchId>
				<PassBranchId>BRANCH_c2-4e-0-4c0f45</PassBranchId>
				<PassBranchId>BRANCH_c2-4e-0-4c0dea</PassBranchId>
				<PassBranchId>BRANCH_c2-4e-0-4c0fd1</PassBranchId>
				<PassBranchId>BRANCH_c2-4e-0-4c0fe8</PassBranchId>
				<PassBranchId>BRANCH_c2-4e-0-4c1009</PassBranchId>
				<PassBranchId>BRANCH_c2-4e-0-4c10cb</PassBranchId>
				<PassBranchId>BRANCH_c2-4e-0-4c10ec</PassBranchId>
				<PassBranchId>BRANCH_c2-4e-0-4c1075</PassBranchId>
				<PassBranchId>BRANCH_c2-4e-0-4c106f</PassBranchId>
				<PassBranchId>BRANCH_c2-4e-0-4c1076</PassBranchId>
				<PassBranchId>BRANCH_c2-4e-0-4c0d05</PassBranchId>
				<PassBranchId>BRANCH_c2-4e-0-4c0f34</PassBranchId>
				<PassBranchId>BRANCH_c2-4e-0-4c0ff9</PassBranchId>
				<PassBranchId>BRANCH_c2-4e-0-4c10c3</PassBranchId>
				<PassBranchId>BRANCH_c2-4e-0-4c0f44</PassBranchId>
				<EndBranchPosition id="BR_POS_1460" branchId="BRANCH_c2-4e-0-4c0f3d" branchNodeId="BN_14728-219_961" offset="0"/>
			</BranchRoute>
		</WiringItem>
		<WiringItem xsi:type="Wire" id="WIRE_ce-c-0-28fd7d" name="VH411EVA" signalId="SIGNAL_2-36-0-40bf" cableType="WIRE-2UKD-0.50" wireName="VT/GN" fromPinId="PIN_38-18-0-13c27" toPinId="PIN_ce-18-0-20691e">
			<AppRef name="E3.Series" version="2.14.0.0" guid="7288221a-0696-433e-bb3d-bd38413cd19b"/>
			<Property id="PROPERTY_13762" name="WIRE_LENGTH" value="1885"/>
			<Property id="PROPERTY_13763" name="WIRE_END2_MATL" value="(SN)"/>
			<Property id="PROPERTY_13764" name="WIRE_CSA" value="0.5"/>
			<Property id="PROPERTY_13765" name="WIRE_MIN_BEND_RADIUS" value="3"/>
			<Property id="PROPERTY_13766" name="WIRE_OPTION" value="AC_G &amp; HJGAY"/>
			<Property id="PROPERTY_13767" name="WIRE_DEV_PIN_1" value="C2H411:1"/>
			<Property id="PROPERTY_13768" name="WIRE_COLOR" value="VT/GN"/>
			<Property id="PROPERTY_13769" name="WIRE_SPEC" value="2UKD"/>
			<Property id="PROPERTY_13770" name="WIRE_END1_MATL" value="(SN)"/>
			<Property id="PROPERTY_13771" name="WIRE_LEVEL" value="ZA/ZB/ZC/ZF"/>
			<Property id="PROPERTY_13772" name="WIRE_END1_TERM" value="9U5T-14474-MA"/>
			<Property id="PROPERTY_13773" name="WIRE_DEV_PIN_2" value="C2H101-EVBB:10"/>
			<Property id="PROPERTY_13774" name="WIRE_NAME" value="VH411EVA"/>
			<Property id="PROPERTY_13775" name="WIRE_END2_TERM" value="9U5T-14474-DB"/>
			<Property id="PROPERTY_13776" name="WIRE_SIGNAL" value="VH411"/>
			<Property id="PROPERTY_13777" name="HRN_FAMILY" value="14401"/>
			<Property id="PROPERTY_13778" name="WIRE_FPN" value="WIRE-2UKD-0.50-VT/GN"/>
			<Property id="PROPERTY_13779" name="WIRE_DIA_MAX" value="1.4"/>
			<Option id="OPTION_ce-c-0-28fd7d_1" value="AC_G &amp; HJGAY"/>
			<BranchRoute id="BRR_599">
				<StartBranchPosition id="BR_POS_1461" branchId="BRANCH_c2-4e-0-4c0f82" branchNodeId="BN_11248-244" offset="0"/>
				<PassBranchId>BRANCH_c2-4e-0-4c0d2e</PassBranchId>
				<PassBranchId>BRANCH_c2-4e-0-4c0f66</PassBranchId>
				<PassBranchId>BRANCH_c2-4e-0-4c0fb7</PassBranchId>
				<PassBranchId>BRANCH_c2-4e-0-4c10a4</PassBranchId>
				<PassBranchId>BRANCH_c2-4e-0-4c0f7a</PassBranchId>
				<PassBranchId>BRANCH_35-4e-0-350133</PassBranchId>
				<PassBranchId>BRANCH_c2-4e-0-4c0f60</PassBranchId>
				<PassBranchId>BRANCH_c2-4e-0-4c1005</PassBranchId>
				<PassBranchId>BRANCH_c2-4e-0-4c0f45</PassBranchId>
				<PassBranchId>BRANCH_c2-4e-0-4c0dea</PassBranchId>
				<PassBranchId>BRANCH_c2-4e-0-4c0fd1</PassBranchId>
				<PassBranchId>BRANCH_c2-4e-0-4c0fe8</PassBranchId>
				<PassBranchId>BRANCH_c2-4e-0-4c1009</PassBranchId>
				<PassBranchId>BRANCH_c2-4e-0-4c10cb</PassBranchId>
				<PassBranchId>BRANCH_c2-4e-0-4c10ec</PassBranchId>
				<PassBranchId>BRANCH_c2-4e-0-4c1075</PassBranchId>
				<PassBranchId>BRANCH_c2-4e-0-4c106f</PassBranchId>
				<PassBranchId>BRANCH_c2-4e-0-4c1076</PassBranchId>
				<PassBranchId>BRANCH_c2-4e-0-4c0d05</PassBranchId>
				<PassBranchId>BRANCH_c2-4e-0-4c0f34</PassBranchId>
				<PassBranchId>BRANCH_c2-4e-0-4c0ff9</PassBranchId>
				<PassBranchId>BRANCH_c2-4e-0-4c10c3</PassBranchId>
				<PassBranchId>BRANCH_ff-4e-0-936078</PassBranchId>
				<PassBranchId>BRANCH_ff-4e-0-93810b</PassBranchId>
				<PassBranchId>BRANCH_ff-4e-0-938110</PassBranchId>
				<PassBranchId>BRANCH_ff-4e-0-93c7ce</PassBranchId>
				<PassBranchId>BRANCH_ff-4e-0-966b71</PassBranchId>
				<EndBranchPosition id="BR_POS_1462" branchId="BRANCH_ff-4e-0-93e855" branchNodeId="BN_15376-136" offset="0"/>
			</BranchRoute>
		</WiringItem>
		<WiringItem xsi:type="Wire" id="WIRE_95-c-0-e64bb" name="VH412B" signalId="SIGNAL_2-36-0-40c0" cableType="WIRE-2UKD-0.35" wireName="YE/GY" fromPinId="PIN_f-18-0-f69d" toPinId="PIN_b5-18-0-55f1">
			<AppRef name="E3.Series" version="2.13.7.0" guid="ea968b90-f625-4431-a441-ef2b5e21d1a1"/>
			<Property id="PROPERTY_13780" name="WIRE_LENGTH" value="1625"/>
			<Property id="PROPERTY_13781" name="WIRE_END2_MATL" value="(SN)"/>
			<Property id="PROPERTY_13782" name="WIRE_CSA" value="0.35"/>
			<Property id="PROPERTY_13783" name="WIRE_MIN_BEND_RADIUS" value="3"/>
			<Property id="PROPERTY_13784" name="WIRE_OPTION" value="AC_G &amp; ( HJGAJ | HJGAX )"/>
			<Property id="PROPERTY_13785" name="WIRE_DEV_PIN_1" value="C2H101-B:11"/>
			<Property id="PROPERTY_13786" name="WIRE_COLOR" value="YE/GY"/>
			<Property id="PROPERTY_13787" name="WIRE_SPEC" value="2UKD"/>
			<Property id="PROPERTY_13788" name="WIRE_END1_MATL" value="(SN)"/>
			<Property id="PROPERTY_13789" name="WIRE_LEVEL" value="(TACH-L0)/(KWINV)/(ACBRKR)/(CNSL-HI)/(A-STR)/AH/AK/AM/AP/VA/XM/ZD/ZH"/>
			<Property id="PROPERTY_13790" name="WIRE_END1_TERM" value="9U5T-14474-DB"/>
			<Property id="PROPERTY_13791" name="WIRE_DEV_PIN_2" value="C22-A1:20"/>
			<Property id="PROPERTY_13792" name="WIRE_NAME" value="VH412B"/>
			<Property id="PROPERTY_13793" name="WIRE_END2_TERM" value="8U5T-14474-BB"/>
			<Property id="PROPERTY_13794" name="WIRE_SIGNAL" value="VH412"/>
			<Property id="PROPERTY_13795" name="HRN_FAMILY" value="14401"/>
			<Property id="PROPERTY_13796" name="WIRE_FPN" value="WIRE-2UKD-0.35-YE/GY"/>
			<Property id="PROPERTY_13797" name="WIRE_DIA_MAX" value="1.2"/>
			<Option id="OPTION_95-c-0-e64bb_1" value="AC_G &amp; ( HJGAJ | HJGAX )"/>
			<BranchRoute id="BRR_600">
				<StartBranchPosition id="BR_POS_1463" branchId="BRANCH_c2-4e-0-4c0f3d" branchNodeId="BN_14728-219_961" offset="0"/>
				<PassBranchId>BRANCH_c2-4e-0-4c0f44</PassBranchId>
				<PassBranchId>BRANCH_c2-4e-0-4c10c3</PassBranchId>
				<PassBranchId>BRANCH_c2-4e-0-4c0ff9</PassBranchId>
				<PassBranchId>BRANCH_c2-4e-0-4c0f34</PassBranchId>
				<PassBranchId>BRANCH_c2-4e-0-4c0d05</PassBranchId>
				<PassBranchId>BRANCH_c2-4e-0-4c1076</PassBranchId>
				<PassBranchId>BRANCH_c2-4e-0-4c106f</PassBranchId>
				<PassBranchId>BRANCH_c2-4e-0-4c1075</PassBranchId>
				<PassBranchId>BRANCH_c2-4e-0-4c0de4</PassBranchId>
				<PassBranchId>BRANCH_1a-4e-0-18e01d0</PassBranchId>
				<PassBranchId>BRANCH_c2-4e-0-4c10c8</PassBranchId>
				<PassBranchId>BRANCH_eb-4e-0-678fca</PassBranchId>
				<PassBranchId>BRANCH_c2-4e-0-4c0e87</PassBranchId>
				<PassBranchId>BRANCH_c2-4e-0-4c0e8c</PassBranchId>
				<PassBranchId>BRANCH_c2-4e-0-4c0e7f</PassBranchId>
				<PassBranchId>BRANCH_c2-4e-0-4c0ef9</PassBranchId>
				<PassBranchId>BRANCH_c2-4e-0-4c0e70</PassBranchId>
				<PassBranchId>BRANCH_c2-4e-0-4c0d66</PassBranchId>
				<PassBranchId>BRANCH_c2-4e-0-4c0fe2</PassBranchId>
				<PassBranchId>BRANCH_c2-4e-0-4c0d5d</PassBranchId>
				<PassBranchId>BRANCH_c2-4e-0-4c0d57</PassBranchId>
				<EndBranchPosition id="BR_POS_1464" branchId="BRANCH_c2-4e-0-4c0d5a" branchNodeId="BN_21404-188" offset="0"/>
			</BranchRoute>
		</WiringItem>
		<WiringItem xsi:type="Wire" id="WIRE_ce-c-0-28fdc0" name="VH412EVB" signalId="SIGNAL_2-36-0-40c0" cableType="WIRE-2UKD-0.35" wireName="YE/GY" fromPinId="PIN_b5-18-0-55f1" toPinId="PIN_ce-18-0-206926">
			<AppRef name="E3.Series" version="2.14.0.0" guid="84c746c3-3cc1-44f1-a982-ef183ba2b6eb"/>
			<Property id="PROPERTY_13798" name="WIRE_LENGTH" value="1920"/>
			<Property id="PROPERTY_13799" name="WIRE_END2_MATL" value="(SN)"/>
			<Property id="PROPERTY_13800" name="WIRE_CSA" value="0.35"/>
			<Property id="PROPERTY_13801" name="WIRE_MIN_BEND_RADIUS" value="3"/>
			<Property id="PROPERTY_13802" name="WIRE_OPTION" value="AC_G &amp; HJGAY"/>
			<Property id="PROPERTY_13803" name="WIRE_DEV_PIN_1" value="C22-A1:20"/>
			<Property id="PROPERTY_13804" name="WIRE_COLOR" value="YE/GY"/>
			<Property id="PROPERTY_13805" name="WIRE_SPEC" value="2UKD"/>
			<Property id="PROPERTY_13806" name="WIRE_END1_MATL" value="(SN)"/>
			<Property id="PROPERTY_13807" name="WIRE_LEVEL" value="ZA/ZB/ZC/ZF"/>
			<Property id="PROPERTY_13808" name="WIRE_END1_TERM" value="8U5T-14474-BB"/>
			<Property id="PROPERTY_13809" name="WIRE_DEV_PIN_2" value="C2H101-EVBB:11"/>
			<Property id="PROPERTY_13810" name="WIRE_NAME" value="VH412EVB"/>
			<Property id="PROPERTY_13811" name="WIRE_END2_TERM" value="9U5T-14474-DB"/>
			<Property id="PROPERTY_13812" name="WIRE_SIGNAL" value="VH412"/>
			<Property id="PROPERTY_13813" name="HRN_FAMILY" value="14401"/>
			<Property id="PROPERTY_13814" name="WIRE_FPN" value="WIRE-2UKD-0.35-YE/GY"/>
			<Property id="PROPERTY_13815" name="WIRE_DIA_MAX" value="1.2"/>
			<Option id="OPTION_ce-c-0-28fdc0_1" value="AC_G &amp; HJGAY"/>
			<BranchRoute id="BRR_601">
				<StartBranchPosition id="BR_POS_1465" branchId="BRANCH_ff-4e-0-93e855" branchNodeId="BN_15376-136" offset="0"/>
				<PassBranchId>BRANCH_ff-4e-0-966b71</PassBranchId>
				<PassBranchId>BRANCH_ff-4e-0-93c7ce</PassBranchId>
				<PassBranchId>BRANCH_ff-4e-0-938110</PassBranchId>
				<PassBranchId>BRANCH_ff-4e-0-93810b</PassBranchId>
				<PassBranchId>BRANCH_ff-4e-0-936078</PassBranchId>
				<PassBranchId>BRANCH_c2-4e-0-4c10c3</PassBranchId>
				<PassBranchId>BRANCH_c2-4e-0-4c0ff9</PassBranchId>
				<PassBranchId>BRANCH_c2-4e-0-4c0f34</PassBranchId>
				<PassBranchId>BRANCH_c2-4e-0-4c0d05</PassBranchId>
				<PassBranchId>BRANCH_c2-4e-0-4c1076</PassBranchId>
				<PassBranchId>BRANCH_c2-4e-0-4c106f</PassBranchId>
				<PassBranchId>BRANCH_c2-4e-0-4c1075</PassBranchId>
				<PassBranchId>BRANCH_c2-4e-0-4c0de4</PassBranchId>
				<PassBranchId>BRANCH_1a-4e-0-18e01d0</PassBranchId>
				<PassBranchId>BRANCH_c2-4e-0-4c10c8</PassBranchId>
				<PassBranchId>BRANCH_eb-4e-0-678fca</PassBranchId>
				<PassBranchId>BRANCH_c2-4e-0-4c0e87</PassBranchId>
				<PassBranchId>BRANCH_c2-4e-0-4c0e8c</PassBranchId>
				<PassBranchId>BRANCH_c2-4e-0-4c0e7f</PassBranchId>
				<PassBranchId>BRANCH_c2-4e-0-4c0ef9</PassBranchId>
				<PassBranchId>BRANCH_c2-4e-0-4c0e70</PassBranchId>
				<PassBranchId>BRANCH_c2-4e-0-4c0d66</PassBranchId>
				<PassBranchId>BRANCH_c2-4e-0-4c0fe2</PassBranchId>
				<PassBranchId>BRANCH_c2-4e-0-4c0d5d</PassBranchId>
				<PassBranchId>BRANCH_c2-4e-0-4c0d57</PassBranchId>
				<EndBranchPosition id="BR_POS_1466" branchId="BRANCH_c2-4e-0-4c0d5a" branchNodeId="BN_21404-188" offset="0"/>
			</BranchRoute>
		</WiringItem>
		<WiringItem xsi:type="Wire" id="WIRE_95-c-0-e4ccc" name="VH413A" signalId="SIGNAL_2-36-0-40c1" cableType="WIRE-2UKD-0.35" wireName="WH/BU" fromPinId="PIN_f-18-0-f6ae" toPinId="PIN_b5-18-0-54b9">
			<AppRef name="E3.Series" version="2.13.7.0" guid="faaf1f89-2c6a-453f-b66d-6d9d6973f194"/>
			<Property id="PROPERTY_13816" name="WIRE_LENGTH" value="1490"/>
			<Property id="PROPERTY_13817" name="WIRE_END2_MATL" value="(SN)"/>
			<Property id="PROPERTY_13818" name="WIRE_CSA" value="0.35"/>
			<Property id="PROPERTY_13819" name="WIRE_MIN_BEND_RADIUS" value="3"/>
			<Property id="PROPERTY_13820" name="WIRE_OPTION" value="( AC_G | AC_B ) &amp; ( HJGAJ | HJGAX )"/>
			<Property id="PROPERTY_13821" name="WIRE_DEV_PIN_1" value="C2H101-B:19"/>
			<Property id="PROPERTY_13822" name="WIRE_COLOR" value="WH/BU"/>
			<Property id="PROPERTY_13823" name="WIRE_SPEC" value="2UKD"/>
			<Property id="PROPERTY_13824" name="WIRE_END1_MATL" value="(SN)"/>
			<Property id="PROPERTY_13825" name="WIRE_LEVEL" value="(D-CAM)/(C-SHF)/(KWINV)/VA/ZD/ZH"/>
			<Property id="PROPERTY_13826" name="WIRE_END1_TERM" value="9U5T-14474-DB"/>
			<Property id="PROPERTY_13827" name="WIRE_DEV_PIN_2" value="C23-B1:13"/>
			<Property id="PROPERTY_13828" name="WIRE_NAME" value="VH413A"/>
			<Property id="PROPERTY_13829" name="WIRE_END2_TERM" value="9U5T-14474-DB"/>
			<Property id="PROPERTY_13830" name="WIRE_SIGNAL" value="VH413"/>
			<Property id="PROPERTY_13831" name="HRN_FAMILY" value="14401"/>
			<Property id="PROPERTY_13832" name="WIRE_FPN" value="WIRE-2UKD-0.35-WH/BU"/>
			<Property id="PROPERTY_13833" name="WIRE_DIA_MAX" value="1.2"/>
			<Option id="OPTION_95-c-0-e4ccc_1" value="( AC_G | AC_B ) &amp; ( HJGAJ | HJGAX )"/>
			<BranchRoute id="BRR_602">
				<StartBranchPosition id="BR_POS_1467" branchId="BRANCH_c2-4e-0-4c0f3d" branchNodeId="BN_14728-219_961" offset="0"/>
				<PassBranchId>BRANCH_c2-4e-0-4c0f44</PassBranchId>
				<PassBranchId>BRANCH_c2-4e-0-4c10c3</PassBranchId>
				<PassBranchId>BRANCH_c2-4e-0-4c0ff9</PassBranchId>
				<PassBranchId>BRANCH_c2-4e-0-4c0f34</PassBranchId>
				<PassBranchId>BRANCH_c2-4e-0-4c0d05</PassBranchId>
				<PassBranchId>BRANCH_c2-4e-0-4c1076</PassBranchId>
				<PassBranchId>BRANCH_c2-4e-0-4c106f</PassBranchId>
				<PassBranchId>BRANCH_c2-4e-0-4c1075</PassBranchId>
				<PassBranchId>BRANCH_c2-4e-0-4c0de4</PassBranchId>
				<PassBranchId>BRANCH_1a-4e-0-18e01d0</PassBranchId>
				<PassBranchId>BRANCH_c2-4e-0-4c10c8</PassBranchId>
				<PassBranchId>BRANCH_eb-4e-0-678fca</PassBranchId>
				<PassBranchId>BRANCH_c2-4e-0-4c0e87</PassBranchId>
				<PassBranchId>BRANCH_c2-4e-0-4c0e8c</PassBranchId>
				<PassBranchId>BRANCH_c2-4e-0-4c0e7f</PassBranchId>
				<PassBranchId>BRANCH_c2-4e-0-4c0ef9</PassBranchId>
				<PassBranchId>BRANCH_c2-4e-0-4c0e70</PassBranchId>
				<PassBranchId>BRANCH_c2-4e-0-4c0e5c</PassBranchId>
				<EndBranchPosition id="BR_POS_1468" branchId="BRANCH_c2-4e-0-4c0d63" branchNodeId="BN_22204-180" offset="0"/>
			</BranchRoute>
		</WiringItem>
		<WiringItem xsi:type="Wire" id="WIRE_c2-c-0-48a8d3" name="VH413EVA" signalId="SIGNAL_2-36-0-40c1" cableType="WIRE-2UKD-0.35" wireName="WH/BU" fromPinId="PIN_b5-18-0-54b9" toPinId="PIN_ce-18-0-20695e">
			<AppRef name="E3.Series" version="2.14.0.0" guid="57136a49-dc49-4a62-9f95-5cf49b81dc6d"/>
			<Property id="PROPERTY_13834" name="WIRE_LENGTH" value="1785"/>
			<Property id="PROPERTY_13835" name="WIRE_END2_MATL" value="(SN)"/>
			<Property id="PROPERTY_13836" name="WIRE_CSA" value="0.35"/>
			<Property id="PROPERTY_13837" name="WIRE_MIN_BEND_RADIUS" value="3"/>
			<Property id="PROPERTY_13838" name="WIRE_OPTION" value="AC_G &amp; HJGAY"/>
			<Property id="PROPERTY_13839" name="WIRE_DEV_PIN_1" value="C23-B1:13"/>
			<Property id="PROPERTY_13840" name="WIRE_COLOR" value="WH/BU"/>
			<Property id="PROPERTY_13841" name="WIRE_SPEC" value="2UKD"/>
			<Property id="PROPERTY_13842" name="WIRE_END1_MATL" value="(SN)"/>
			<Property id="PROPERTY_13843" name="WIRE_LEVEL" value="ZA/ZB/ZC/ZF"/>
			<Property id="PROPERTY_13844" name="WIRE_END1_TERM" value="9U5T-14474-DB"/>
			<Property id="PROPERTY_13845" name="WIRE_DEV_PIN_2" value="C2H101-EVBB:19"/>
			<Property id="PROPERTY_13846" name="WIRE_NAME" value="VH413EVA"/>
			<Property id="PROPERTY_13847" name="WIRE_END2_TERM" value="9U5T-14474-DB"/>
			<Property id="PROPERTY_13848" name="WIRE_SIGNAL" value="VH413"/>
			<Property id="PROPERTY_13849" name="HRN_FAMILY" value="14401"/>
			<Property id="PROPERTY_13850" name="WIRE_FPN" value="WIRE-2UKD-0.35-WH/BU"/>
			<Property id="PROPERTY_13851" name="WIRE_DIA_MAX" value="1.2"/>
			<Option id="OPTION_c2-c-0-48a8d3_1" value="AC_G &amp; HJGAY"/>
			<BranchRoute id="BRR_603">
				<StartBranchPosition id="BR_POS_1469" branchId="BRANCH_ff-4e-0-93e855" branchNodeId="BN_15376-136" offset="0"/>
				<PassBranchId>BRANCH_ff-4e-0-966b71</PassBranchId>
				<PassBranchId>BRANCH_ff-4e-0-93c7ce</PassBranchId>
				<PassBranchId>BRANCH_ff-4e-0-938110</PassBranchId>
				<PassBranchId>BRANCH_ff-4e-0-93810b</PassBranchId>
				<PassBranchId>BRANCH_ff-4e-0-936078</PassBranchId>
				<PassBranchId>BRANCH_c2-4e-0-4c10c3</PassBranchId>
				<PassBranchId>BRANCH_c2-4e-0-4c0ff9</PassBranchId>
				<PassBranchId>BRANCH_c2-4e-0-4c0f34</PassBranchId>
				<PassBranchId>BRANCH_c2-4e-0-4c0d05</PassBranchId>
				<PassBranchId>BRANCH_c2-4e-0-4c1076</PassBranchId>
				<PassBranchId>BRANCH_c2-4e-0-4c106f</PassBranchId>
				<PassBranchId>BRANCH_c2-4e-0-4c1075</PassBranchId>
				<PassBranchId>BRANCH_c2-4e-0-4c0de4</PassBranchId>
				<PassBranchId>BRANCH_1a-4e-0-18e01d0</PassBranchId>
				<PassBranchId>BRANCH_c2-4e-0-4c10c8</PassBranchId>
				<PassBranchId>BRANCH_eb-4e-0-678fca</PassBranchId>
				<PassBranchId>BRANCH_c2-4e-0-4c0e87</PassBranchId>
				<PassBranchId>BRANCH_c2-4e-0-4c0e8c</PassBranchId>
				<PassBranchId>BRANCH_c2-4e-0-4c0e7f</PassBranchId>
				<PassBranchId>BRANCH_c2-4e-0-4c0ef9</PassBranchId>
				<PassBranchId>BRANCH_c2-4e-0-4c0e70</PassBranchId>
				<PassBranchId>BRANCH_c2-4e-0-4c0e5c</PassBranchId>
				<EndBranchPosition id="BR_POS_1470" branchId="BRANCH_c2-4e-0-4c0d63" branchNodeId="BN_22204-180" offset="0"/>
			</BranchRoute>
		</WiringItem>
		<WiringItem xsi:type="Wire" id="WIRE_95-c-0-e4cb4" name="VH414A" signalId="SIGNAL_2-36-0-40c2" cableType="WIRE-2UKD-0.35" wireName="GN/BU" fromPinId="PIN_b5-18-0-54c1" toPinId="PIN_f-18-0-f6aa">
			<AppRef name="E3.Series" version="2.13.7.0" guid="2a7e69a6-e720-4f1d-95ef-fb2f495a2cf4"/>
			<Property id="PROPERTY_13852" name="WIRE_LENGTH" value="1490"/>
			<Property id="PROPERTY_13853" name="WIRE_END2_MATL" value="(SN)"/>
			<Property id="PROPERTY_13854" name="WIRE_CSA" value="0.35"/>
			<Property id="PROPERTY_13855" name="WIRE_MIN_BEND_RADIUS" value="3"/>
			<Property id="PROPERTY_13856" name="WIRE_OPTION" value="( AC_G | AC_B ) &amp; ( HJGAJ | HJGAX )"/>
			<Property id="PROPERTY_13857" name="WIRE_DEV_PIN_1" value="C23-B1:21"/>
			<Property id="PROPERTY_13858" name="WIRE_COLOR" value="GN/BU"/>
			<Property id="PROPERTY_13859" name="WIRE_SPEC" value="2UKD"/>
			<Property id="PROPERTY_13860" name="WIRE_END1_MATL" value="(SN)"/>
			<Property id="PROPERTY_13861" name="WIRE_LEVEL" value="(D-CAM)/(C-SHF)/(KWINV)/VA/ZD/ZH"/>
			<Property id="PROPERTY_13862" name="WIRE_END1_TERM" value="9U5T-14474-DB"/>
			<Property id="PROPERTY_13863" name="WIRE_DEV_PIN_2" value="C2H101-B:29"/>
			<Property id="PROPERTY_13864" name="WIRE_NAME" value="VH414A"/>
			<Property id="PROPERTY_13865" name="WIRE_END2_TERM" value="9U5T-14474-DB"/>
			<Property id="PROPERTY_13866" name="WIRE_SIGNAL" value="VH414"/>
			<Property id="PROPERTY_13867" name="HRN_FAMILY" value="14401"/>
			<Property id="PROPERTY_13868" name="WIRE_FPN" value="WIRE-2UKD-0.35-GN/BU"/>
			<Property id="PROPERTY_13869" name="WIRE_DIA_MAX" value="1.2"/>
			<Option id="OPTION_95-c-0-e4cb4_1" value="( AC_G | AC_B ) &amp; ( HJGAJ | HJGAX )"/>
			<BranchRoute id="BRR_604">
				<StartBranchPosition id="BR_POS_1471" branchId="BRANCH_c2-4e-0-4c0f3d" branchNodeId="BN_14728-219_961" offset="0"/>
				<PassBranchId>BRANCH_c2-4e-0-4c0f44</PassBranchId>
				<PassBranchId>BRANCH_c2-4e-0-4c10c3</PassBranchId>
				<PassBranchId>BRANCH_c2-4e-0-4c0ff9</PassBranchId>
				<PassBranchId>BRANCH_c2-4e-0-4c0f34</PassBranchId>
				<PassBranchId>BRANCH_c2-4e-0-4c0d05</PassBranchId>
				<PassBranchId>BRANCH_c2-4e-0-4c1076</PassBranchId>
				<PassBranchId>BRANCH_c2-4e-0-4c106f</PassBranchId>
				<PassBranchId>BRANCH_c2-4e-0-4c1075</PassBranchId>
				<PassBranchId>BRANCH_c2-4e-0-4c0de4</PassBranchId>
				<PassBranchId>BRANCH_1a-4e-0-18e01d0</PassBranchId>
				<PassBranchId>BRANCH_c2-4e-0-4c10c8</PassBranchId>
				<PassBranchId>BRANCH_eb-4e-0-678fca</PassBranchId>
				<PassBranchId>BRANCH_c2-4e-0-4c0e87</PassBranchId>
				<PassBranchId>BRANCH_c2-4e-0-4c0e8c</PassBranchId>
				<PassBranchId>BRANCH_c2-4e-0-4c0e7f</PassBranchId>
				<PassBranchId>BRANCH_c2-4e-0-4c0ef9</PassBranchId>
				<PassBranchId>BRANCH_c2-4e-0-4c0e70</PassBranchId>
				<PassBranchId>BRANCH_c2-4e-0-4c0e5c</PassBranchId>
				<EndBranchPosition id="BR_POS_1472" branchId="BRANCH_c2-4e-0-4c0d63" branchNodeId="BN_22204-180" offset="0"/>
			</BranchRoute>
		</WiringItem>
		<WiringItem xsi:type="Wire" id="WIRE_c2-c-0-48a8f4" name="VH414EVA" signalId="SIGNAL_2-36-0-40c2" cableType="WIRE-2UKD-0.35" wireName="GN/BU" fromPinId="PIN_b5-18-0-54c1" toPinId="PIN_ce-18-0-20697e">
			<AppRef name="E3.Series" version="2.14.0.0" guid="52767bb9-850f-459d-8114-01afa473a3ce"/>
			<Property id="PROPERTY_13870" name="WIRE_LENGTH" value="1785"/>
			<Property id="PROPERTY_13871" name="WIRE_END2_MATL" value="(SN)"/>
			<Property id="PROPERTY_13872" name="WIRE_CSA" value="0.35"/>
			<Property id="PROPERTY_13873" name="WIRE_MIN_BEND_RADIUS" value="3"/>
			<Property id="PROPERTY_13874" name="WIRE_OPTION" value="AC_G &amp; HJGAY"/>
			<Property id="PROPERTY_13875" name="WIRE_DEV_PIN_1" value="C23-B1:21"/>
			<Property id="PROPERTY_13876" name="WIRE_COLOR" value="GN/BU"/>
			<Property id="PROPERTY_13877" name="WIRE_SPEC" value="2UKD"/>
			<Property id="PROPERTY_13878" name="WIRE_END1_MATL" value="(SN)"/>
			<Property id="PROPERTY_13879" name="WIRE_LEVEL" value="ZA/ZB/ZC/ZF"/>
			<Property id="PROPERTY_13880" name="WIRE_END1_TERM" value="9U5T-14474-DB"/>
			<Property id="PROPERTY_13881" name="WIRE_DEV_PIN_2" value="C2H101-EVBB:29"/>
			<Property id="PROPERTY_13882" name="WIRE_NAME" value="VH414EVA"/>
			<Property id="PROPERTY_13883" name="WIRE_END2_TERM" value="9U5T-14474-DB"/>
			<Property id="PROPERTY_13884" name="WIRE_SIGNAL" value="VH414"/>
			<Property id="PROPERTY_13885" name="HRN_FAMILY" value="14401"/>
			<Property id="PROPERTY_13886" name="WIRE_FPN" value="WIRE-2UKD-0.35-GN/BU"/>
			<Property id="PROPERTY_13887" name="WIRE_DIA_MAX" value="1.2"/>
			<Option id="OPTION_c2-c-0-48a8f4_1" value="AC_G &amp; HJGAY"/>
			<BranchRoute id="BRR_605">
				<StartBranchPosition id="BR_POS_1473" branchId="BRANCH_ff-4e-0-93e855" branchNodeId="BN_15376-136" offset="0"/>
				<PassBranchId>BRANCH_ff-4e-0-966b71</PassBranchId>
				<PassBranchId>BRANCH_ff-4e-0-93c7ce</PassBranchId>
				<PassBranchId>BRANCH_ff-4e-0-938110</PassBranchId>
				<PassBranchId>BRANCH_ff-4e-0-93810b</PassBranchId>
				<PassBranchId>BRANCH_ff-4e-0-936078</PassBranchId>
				<PassBranchId>BRANCH_c2-4e-0-4c10c3</PassBranchId>
				<PassBranchId>BRANCH_c2-4e-0-4c0ff9</PassBranchId>
				<PassBranchId>BRANCH_c2-4e-0-4c0f34</PassBranchId>
				<PassBranchId>BRANCH_c2-4e-0-4c0d05</PassBranchId>
				<PassBranchId>BRANCH_c2-4e-0-4c1076</PassBranchId>
				<PassBranchId>BRANCH_c2-4e-0-4c106f</PassBranchId>
				<PassBranchId>BRANCH_c2-4e-0-4c1075</PassBranchId>
				<PassBranchId>BRANCH_c2-4e-0-4c0de4</PassBranchId>
				<PassBranchId>BRANCH_1a-4e-0-18e01d0</PassBranchId>
				<PassBranchId>BRANCH_c2-4e-0-4c10c8</PassBranchId>
				<PassBranchId>BRANCH_eb-4e-0-678fca</PassBranchId>
				<PassBranchId>BRANCH_c2-4e-0-4c0e87</PassBranchId>
				<PassBranchId>BRANCH_c2-4e-0-4c0e8c</PassBranchId>
				<PassBranchId>BRANCH_c2-4e-0-4c0e7f</PassBranchId>
				<PassBranchId>BRANCH_c2-4e-0-4c0ef9</PassBranchId>
				<PassBranchId>BRANCH_c2-4e-0-4c0e70</PassBranchId>
				<PassBranchId>BRANCH_c2-4e-0-4c0e5c</PassBranchId>
				<EndBranchPosition id="BR_POS_1474" branchId="BRANCH_c2-4e-0-4c0d63" branchNodeId="BN_22204-180" offset="0"/>
			</BranchRoute>
		</WiringItem>
		<WiringItem xsi:type="Wire" id="WIRE_95-c-0-e5134" name="VH416A" signalId="SIGNAL_2-36-0-40c4" cableType="WIRE-2UKD-0.35" wireName="VT/GY" fromPinId="PIN_38-18-0-13c4f" toPinId="PIN_f-18-0-f688">
			<AppRef name="E3.Series" version="2.13.7.0" guid="f0974263-9e70-4083-b172-8d346c7c276f"/>
			<Property id="PROPERTY_13888" name="WIRE_LENGTH" value="1740"/>
			<Property id="PROPERTY_13889" name="WIRE_END2_MATL" value="(SN)"/>
			<Property id="PROPERTY_13890" name="WIRE_CSA" value="0.35"/>
			<Property id="PROPERTY_13891" name="WIRE_MIN_BEND_RADIUS" value="3"/>
			<Property id="PROPERTY_13892" name="WIRE_OPTION" value="AC_G &amp; ( HJGAJ | HJGAX )"/>
			<Property id="PROPERTY_13893" name="WIRE_DEV_PIN_1" value="C2H415:3"/>
			<Property id="PROPERTY_13894" name="WIRE_COLOR" value="VT/GY"/>
			<Property id="PROPERTY_13895" name="WIRE_SPEC" value="2UKD"/>
			<Property id="PROPERTY_13896" name="WIRE_END1_MATL" value="(SN)"/>
			<Property id="PROPERTY_13897" name="WIRE_LEVEL" value="(TACH-L0)/(KWINV)/(ACBRKR)/(CNSL-HI)/(A-STR)/AH/AK/AM/AP/VA/XM/ZD/ZH"/>
			<Property id="PROPERTY_13898" name="WIRE_END1_TERM" value="3F2T-14474-SA"/>
			<Property id="PROPERTY_13899" name="WIRE_DEV_PIN_2" value="C2H101-B:21"/>
			<Property id="PROPERTY_13900" name="WIRE_NAME" value="VH416A"/>
			<Property id="PROPERTY_13901" name="WIRE_END2_TERM" value="9U5T-14474-DB"/>
			<Property id="PROPERTY_13902" name="WIRE_SIGNAL" value="VH416"/>
			<Property id="PROPERTY_13903" name="HRN_FAMILY" value="14401"/>
			<Property id="PROPERTY_13904" name="WIRE_FPN" value="WIRE-2UKD-0.35-VT/GY"/>
			<Property id="PROPERTY_13905" name="WIRE_DIA_MAX" value="1.2"/>
			<Option id="OPTION_95-c-0-e5134_1" value="AC_G &amp; ( HJGAJ | HJGAX )"/>
			<BranchRoute id="BRR_606">
				<StartBranchPosition id="BR_POS_1475" branchId="BRANCH_c2-4e-0-4c0eb2" branchNodeId="BN_11304-132" offset="0"/>
				<PassBranchId>BRANCH_c2-4e-0-4c0eb5</PassBranchId>
				<PassBranchId>BRANCH_c2-4e-0-4c0ebc</PassBranchId>
				<PassBranchId>BRANCH_c2-4e-0-4c0eb6</PassBranchId>
				<PassBranchId>BRANCH_c2-4e-0-4c0fb7</PassBranchId>
				<PassBranchId>BRANCH_c2-4e-0-4c10a4</PassBranchId>
				<PassBranchId>BRANCH_c2-4e-0-4c0f7a</PassBranchId>
				<PassBranchId>BRANCH_35-4e-0-350133</PassBranchId>
				<PassBranchId>BRANCH_c2-4e-0-4c0f60</PassBranchId>
				<PassBranchId>BRANCH_c2-4e-0-4c1005</PassBranchId>
				<PassBranchId>BRANCH_c2-4e-0-4c0f45</PassBranchId>
				<PassBranchId>BRANCH_c2-4e-0-4c0dea</PassBranchId>
				<PassBranchId>BRANCH_c2-4e-0-4c0fd1</PassBranchId>
				<PassBranchId>BRANCH_c2-4e-0-4c0fe8</PassBranchId>
				<PassBranchId>BRANCH_c2-4e-0-4c1009</PassBranchId>
				<PassBranchId>BRANCH_c2-4e-0-4c10cb</PassBranchId>
				<PassBranchId>BRANCH_c2-4e-0-4c10ec</PassBranchId>
				<PassBranchId>BRANCH_c2-4e-0-4c1075</PassBranchId>
				<PassBranchId>BRANCH_c2-4e-0-4c106f</PassBranchId>
				<PassBranchId>BRANCH_c2-4e-0-4c1076</PassBranchId>
				<PassBranchId>BRANCH_c2-4e-0-4c0d05</PassBranchId>
				<PassBranchId>BRANCH_c2-4e-0-4c0f34</PassBranchId>
				<PassBranchId>BRANCH_c2-4e-0-4c0ff9</PassBranchId>
				<PassBranchId>BRANCH_c2-4e-0-4c10c3</PassBranchId>
				<PassBranchId>BRANCH_c2-4e-0-4c0f44</PassBranchId>
				<EndBranchPosition id="BR_POS_1476" branchId="BRANCH_c2-4e-0-4c0f3d" branchNodeId="BN_14728-219_961" offset="0"/>
			</BranchRoute>
		</WiringItem>
		<WiringItem xsi:type="Wire" id="WIRE_ce-c-0-244607" name="VH416EVA" signalId="SIGNAL_2-36-0-40c4" cableType="WIRE-2UKD-0.35" wireName="VT/GY" fromPinId="PIN_38-18-0-13c4f" toPinId="PIN_ce-18-0-206966">
			<AppRef name="E3.Series" version="2.14.0.0" guid="f5b5c584-fcb2-4874-b393-f9322f5293dd"/>
			<Property id="PROPERTY_13906" name="WIRE_LENGTH" value="2035"/>
			<Property id="PROPERTY_13907" name="WIRE_END2_MATL" value="(SN)"/>
			<Property id="PROPERTY_13908" name="WIRE_CSA" value="0.35"/>
			<Property id="PROPERTY_13909" name="WIRE_MIN_BEND_RADIUS" value="3"/>
			<Property id="PROPERTY_13910" name="WIRE_OPTION" value="AC_G &amp; HJGAY"/>
			<Property id="PROPERTY_13911" name="WIRE_DEV_PIN_1" value="C2H415:3"/>
			<Property id="PROPERTY_13912" name="WIRE_COLOR" value="VT/GY"/>
			<Property id="PROPERTY_13913" name="WIRE_SPEC" value="2UKD"/>
			<Property id="PROPERTY_13914" name="WIRE_END1_MATL" value="(SN)"/>
			<Property id="PROPERTY_13915" name="WIRE_LEVEL" value="ZA/ZB/ZC/ZF"/>
			<Property id="PROPERTY_13916" name="WIRE_END1_TERM" value="3F2T-14474-SA"/>
			<Property id="PROPERTY_13917" name="WIRE_DEV_PIN_2" value="C2H101-EVBB:21"/>
			<Property id="PROPERTY_13918" name="WIRE_NAME" value="VH416EVA"/>
			<Property id="PROPERTY_13919" name="WIRE_END2_TERM" value="9U5T-14474-DB"/>
			<Property id="PROPERTY_13920" name="WIRE_SIGNAL" value="VH416"/>
			<Property id="PROPERTY_13921" name="HRN_FAMILY" value="14401"/>
			<Property id="PROPERTY_13922" name="WIRE_FPN" value="WIRE-2UKD-0.35-VT/GY"/>
			<Property id="PROPERTY_13923" name="WIRE_DIA_MAX" value="1.2"/>
			<Option id="OPTION_ce-c-0-244607_1" value="AC_G &amp; HJGAY"/>
			<BranchRoute id="BRR_607">
				<StartBranchPosition id="BR_POS_1477" branchId="BRANCH_c2-4e-0-4c0eb2" branchNodeId="BN_11304-132" offset="0"/>
				<PassBranchId>BRANCH_c2-4e-0-4c0eb5</PassBranchId>
				<PassBranchId>BRANCH_c2-4e-0-4c0ebc</PassBranchId>
				<PassBranchId>BRANCH_c2-4e-0-4c0eb6</PassBranchId>
				<PassBranchId>BRANCH_c2-4e-0-4c0fb7</PassBranchId>
				<PassBranchId>BRANCH_c2-4e-0-4c10a4</PassBranchId>
				<PassBranchId>BRANCH_c2-4e-0-4c0f7a</PassBranchId>
				<PassBranchId>BRANCH_35-4e-0-350133</PassBranchId>
				<PassBranchId>BRANCH_c2-4e-0-4c0f60</PassBranchId>
				<PassBranchId>BRANCH_c2-4e-0-4c1005</PassBranchId>
				<PassBranchId>BRANCH_c2-4e-0-4c0f45</PassBranchId>
				<PassBranchId>BRANCH_c2-4e-0-4c0dea</PassBranchId>
				<PassBranchId>BRANCH_c2-4e-0-4c0fd1</PassBranchId>
				<PassBranchId>BRANCH_c2-4e-0-4c0fe8</PassBranchId>
				<PassBranchId>BRANCH_c2-4e-0-4c1009</PassBranchId>
				<PassBranchId>BRANCH_c2-4e-0-4c10cb</PassBranchId>
				<PassBranchId>BRANCH_c2-4e-0-4c10ec</PassBranchId>
				<PassBranchId>BRANCH_c2-4e-0-4c1075</PassBranchId>
				<PassBranchId>BRANCH_c2-4e-0-4c106f</PassBranchId>
				<PassBranchId>BRANCH_c2-4e-0-4c1076</PassBranchId>
				<PassBranchId>BRANCH_c2-4e-0-4c0d05</PassBranchId>
				<PassBranchId>BRANCH_c2-4e-0-4c0f34</PassBranchId>
				<PassBranchId>BRANCH_c2-4e-0-4c0ff9</PassBranchId>
				<PassBranchId>BRANCH_c2-4e-0-4c10c3</PassBranchId>
				<PassBranchId>BRANCH_ff-4e-0-936078</PassBranchId>
				<PassBranchId>BRANCH_ff-4e-0-93810b</PassBranchId>
				<PassBranchId>BRANCH_ff-4e-0-938110</PassBranchId>
				<PassBranchId>BRANCH_ff-4e-0-93c7ce</PassBranchId>
				<PassBranchId>BRANCH_ff-4e-0-966b71</PassBranchId>
				<EndBranchPosition id="BR_POS_1478" branchId="BRANCH_ff-4e-0-93e855" branchNodeId="BN_15376-136" offset="0"/>
			</BranchRoute>
		</WiringItem>
		<WiringItem xsi:type="Wire" id="WIRE_95-c-0-e514c" name="VH417A" signalId="SIGNAL_2-36-0-40c5" cableType="WIRE-2UKD-0.50" wireName="YE/OG" fromPinId="PIN_38-18-0-13c47" toPinId="PIN_f-18-0-f685">
			<AppRef name="E3.Series" version="2.13.7.0" guid="ebf118d8-4162-453e-a8b1-11ec8ed2239c"/>
			<Property id="PROPERTY_13924" name="WIRE_LENGTH" value="1740"/>
			<Property id="PROPERTY_13925" name="WIRE_END2_MATL" value="(SN)"/>
			<Property id="PROPERTY_13926" name="WIRE_CSA" value="0.5"/>
			<Property id="PROPERTY_13927" name="WIRE_MIN_BEND_RADIUS" value="3"/>
			<Property id="PROPERTY_13928" name="WIRE_OPTION" value="AC_G &amp; ( HJGAJ | HJGAX )"/>
			<Property id="PROPERTY_13929" name="WIRE_DEV_PIN_1" value="C2H415:1"/>
			<Property id="PROPERTY_13930" name="WIRE_COLOR" value="YE/OG"/>
			<Property id="PROPERTY_13931" name="WIRE_SPEC" value="2UKD"/>
			<Property id="PROPERTY_13932" name="WIRE_END1_MATL" value="(SN)"/>
			<Property id="PROPERTY_13933" name="WIRE_LEVEL" value="(TACH-L0)/(KWINV)/(ACBRKR)/(CNSL-HI)/(A-STR)/AH/AK/AM/AP/VA/XM/ZD/ZH"/>
			<Property id="PROPERTY_13934" name="WIRE_END1_TERM" value="9U5T-14474-MA"/>
			<Property id="PROPERTY_13935" name="WIRE_DEV_PIN_2" value="C2H101-B:22"/>
			<Property id="PROPERTY_13936" name="WIRE_NAME" value="VH417A"/>
			<Property id="PROPERTY_13937" name="WIRE_END2_TERM" value="9U5T-14474-DB"/>
			<Property id="PROPERTY_13938" name="WIRE_SIGNAL" value="VH417"/>
			<Property id="PROPERTY_13939" name="HRN_FAMILY" value="14401"/>
			<Property id="PROPERTY_13940" name="WIRE_FPN" value="WIRE-2UKD-0.50-YE/OG"/>
			<Property id="PROPERTY_13941" name="WIRE_DIA_MAX" value="1.4"/>
			<Option id="OPTION_95-c-0-e514c_1" value="AC_G &amp; ( HJGAJ | HJGAX )"/>
			<BranchRoute id="BRR_608">
				<StartBranchPosition id="BR_POS_1479" branchId="BRANCH_c2-4e-0-4c0eb2" branchNodeId="BN_11304-132" offset="0"/>
				<PassBranchId>BRANCH_c2-4e-0-4c0eb5</PassBranchId>
				<PassBranchId>BRANCH_c2-4e-0-4c0ebc</PassBranchId>
				<PassBranchId>BRANCH_c2-4e-0-4c0eb6</PassBranchId>
				<PassBranchId>BRANCH_c2-4e-0-4c0fb7</PassBranchId>
				<PassBranchId>BRANCH_c2-4e-0-4c10a4</PassBranchId>
				<PassBranchId>BRANCH_c2-4e-0-4c0f7a</PassBranchId>
				<PassBranchId>BRANCH_35-4e-0-350133</PassBranchId>
				<PassBranchId>BRANCH_c2-4e-0-4c0f60</PassBranchId>
				<PassBranchId>BRANCH_c2-4e-0-4c1005</PassBranchId>
				<PassBranchId>BRANCH_c2-4e-0-4c0f45</PassBranchId>
				<PassBranchId>BRANCH_c2-4e-0-4c0dea</PassBranchId>
				<PassBranchId>BRANCH_c2-4e-0-4c0fd1</PassBranchId>
				<PassBranchId>BRANCH_c2-4e-0-4c0fe8</PassBranchId>
				<PassBranchId>BRANCH_c2-4e-0-4c1009</PassBranchId>
				<PassBranchId>BRANCH_c2-4e-0-4c10cb</PassBranchId>
				<PassBranchId>BRANCH_c2-4e-0-4c10ec</PassBranchId>
				<PassBranchId>BRANCH_c2-4e-0-4c1075</PassBranchId>
				<PassBranchId>BRANCH_c2-4e-0-4c106f</PassBranchId>
				<PassBranchId>BRANCH_c2-4e-0-4c1076</PassBranchId>
				<PassBranchId>BRANCH_c2-4e-0-4c0d05</PassBranchId>
				<PassBranchId>BRANCH_c2-4e-0-4c0f34</PassBranchId>
				<PassBranchId>BRANCH_c2-4e-0-4c0ff9</PassBranchId>
				<PassBranchId>BRANCH_c2-4e-0-4c10c3</PassBranchId>
				<PassBranchId>BRANCH_c2-4e-0-4c0f44</PassBranchId>
				<EndBranchPosition id="BR_POS_1480" branchId="BRANCH_c2-4e-0-4c0f3d" branchNodeId="BN_14728-219_961" offset="0"/>
			</BranchRoute>
		</WiringItem>
		<WiringItem xsi:type="Wire" id="WIRE_ce-c-0-244617" name="VH417EVA" signalId="SIGNAL_2-36-0-40c5" cableType="WIRE-2UKD-0.50" wireName="YE/OG" fromPinId="PIN_38-18-0-13c47" toPinId="PIN_ce-18-0-20696e">
			<AppRef name="E3.Series" version="2.14.0.0" guid="654d7104-eaa2-45f8-b891-42703b552245"/>
			<Property id="PROPERTY_13942" name="WIRE_LENGTH" value="2035"/>
			<Property id="PROPERTY_13943" name="WIRE_END2_MATL" value="(SN)"/>
			<Property id="PROPERTY_13944" name="WIRE_CSA" value="0.5"/>
			<Property id="PROPERTY_13945" name="WIRE_MIN_BEND_RADIUS" value="3"/>
			<Property id="PROPERTY_13946" name="WIRE_OPTION" value="AC_G &amp; HJGAY"/>
			<Property id="PROPERTY_13947" name="WIRE_DEV_PIN_1" value="C2H415:1"/>
			<Property id="PROPERTY_13948" name="WIRE_COLOR" value="YE/OG"/>
			<Property id="PROPERTY_13949" name="WIRE_SPEC" value="2UKD"/>
			<Property id="PROPERTY_13950" name="WIRE_END1_MATL" value="(SN)"/>
			<Property id="PROPERTY_13951" name="WIRE_LEVEL" value="ZA/ZB/ZC/ZF"/>
			<Property id="PROPERTY_13952" name="WIRE_END1_TERM" value="9U5T-14474-MA"/>
			<Property id="PROPERTY_13953" name="WIRE_DEV_PIN_2" value="C2H101-EVBB:22"/>
			<Property id="PROPERTY_13954" name="WIRE_NAME" value="VH417EVA"/>
			<Property id="PROPERTY_13955" name="WIRE_END2_TERM" value="9U5T-14474-DB"/>
			<Property id="PROPERTY_13956" name="WIRE_SIGNAL" value="VH417"/>
			<Property id="PROPERTY_13957" name="HRN_FAMILY" value="14401"/>
			<Property id="PROPERTY_13958" name="WIRE_FPN" value="WIRE-2UKD-0.50-YE/OG"/>
			<Property id="PROPERTY_13959" name="WIRE_DIA_MAX" value="1.4"/>
			<Option id="OPTION_ce-c-0-244617_1" value="AC_G &amp; HJGAY"/>
			<BranchRoute id="BRR_609">
				<StartBranchPosition id="BR_POS_1481" branchId="BRANCH_c2-4e-0-4c0eb2" branchNodeId="BN_11304-132" offset="0"/>
				<PassBranchId>BRANCH_c2-4e-0-4c0eb5</PassBranchId>
				<PassBranchId>BRANCH_c2-4e-0-4c0ebc</PassBranchId>
				<PassBranchId>BRANCH_c2-4e-0-4c0eb6</PassBranchId>
				<PassBranchId>BRANCH_c2-4e-0-4c0fb7</PassBranchId>
				<PassBranchId>BRANCH_c2-4e-0-4c10a4</PassBranchId>
				<PassBranchId>BRANCH_c2-4e-0-4c0f7a</PassBranchId>
				<PassBranchId>BRANCH_35-4e-0-350133</PassBranchId>
				<PassBranchId>BRANCH_c2-4e-0-4c0f60</PassBranchId>
				<PassBranchId>BRANCH_c2-4e-0-4c1005</PassBranchId>
				<PassBranchId>BRANCH_c2-4e-0-4c0f45</PassBranchId>
				<PassBranchId>BRANCH_c2-4e-0-4c0dea</PassBranchId>
				<PassBranchId>BRANCH_c2-4e-0-4c0fd1</PassBranchId>
				<PassBranchId>BRANCH_c2-4e-0-4c0fe8</PassBranchId>
				<PassBranchId>BRANCH_c2-4e-0-4c1009</PassBranchId>
				<PassBranchId>BRANCH_c2-4e-0-4c10cb</PassBranchId>
				<PassBranchId>BRANCH_c2-4e-0-4c10ec</PassBranchId>
				<PassBranchId>BRANCH_c2-4e-0-4c1075</PassBranchId>
				<PassBranchId>BRANCH_c2-4e-0-4c106f</PassBranchId>
				<PassBranchId>BRANCH_c2-4e-0-4c1076</PassBranchId>
				<PassBranchId>BRANCH_c2-4e-0-4c0d05</PassBranchId>
				<PassBranchId>BRANCH_c2-4e-0-4c0f34</PassBranchId>
				<PassBranchId>BRANCH_c2-4e-0-4c0ff9</PassBranchId>
				<PassBranchId>BRANCH_c2-4e-0-4c10c3</PassBranchId>
				<PassBranchId>BRANCH_ff-4e-0-936078</PassBranchId>
				<PassBranchId>BRANCH_ff-4e-0-93810b</PassBranchId>
				<PassBranchId>BRANCH_ff-4e-0-938110</PassBranchId>
				<PassBranchId>BRANCH_ff-4e-0-93c7ce</PassBranchId>
				<PassBranchId>BRANCH_ff-4e-0-966b71</PassBranchId>
				<EndBranchPosition id="BR_POS_1482" branchId="BRANCH_ff-4e-0-93e855" branchNodeId="BN_15376-136" offset="0"/>
			</BranchRoute>
		</WiringItem>
		<WiringItem xsi:type="Wire" id="WIRE_df-c-0-50be42" name="VH421EVA" signalId="SIGNAL_42-36-0-18a61d1" cableType="WIRE-2UKD-0.35" wireName="VT/GN" fromPinId="PIN_b5-18-0-55de" toPinId="PIN_f-18-0-f6a6">
			<AppRef name="E3.Series" version="2.14.0.0" guid="6aed5cca-7ae2-47f2-b66e-557736b6e019"/>
			<Property id="PROPERTY_13960" name="WIRE_LENGTH" value="1625"/>
			<Property id="PROPERTY_13961" name="WIRE_END2_MATL" value="(SN)"/>
			<Property id="PROPERTY_13962" name="WIRE_CSA" value="0.35"/>
			<Property id="PROPERTY_13963" name="WIRE_MIN_BEND_RADIUS" value="3"/>
			<Property id="PROPERTY_13964" name="WIRE_OPTION" value="HT2AC &amp; HJGAX"/>
			<Property id="PROPERTY_13965" name="WIRE_DEV_PIN_1" value="C22-A1:1"/>
			<Property id="PROPERTY_13966" name="WIRE_COLOR" value="VT/GN"/>
			<Property id="PROPERTY_13967" name="WIRE_SPEC" value="2UKD"/>
			<Property id="PROPERTY_13968" name="WIRE_END1_MATL" value="(SN)"/>
			<Property id="PROPERTY_13969" name="WIRE_LEVEL" value="ZD/ZE/ZG/ZH"/>
			<Property id="PROPERTY_13970" name="WIRE_END1_TERM" value="8U5T-14474-BB"/>
			<Property id="PROPERTY_13971" name="WIRE_DEV_PIN_2" value="C2H101-B:8"/>
			<Property id="PROPERTY_13972" name="WIRE_NAME" value="VH421EVA"/>
			<Property id="PROPERTY_13973" name="WIRE_END2_TERM" value="9U5T-14474-DB"/>
			<Property id="PROPERTY_13974" name="WIRE_SIGNAL" value="VH421"/>
			<Property id="PROPERTY_13975" name="HRN_FAMILY" value="14401"/>
			<Property id="PROPERTY_13976" name="WIRE_FPN" value="WIRE-2UKD-0.35-VT/GN"/>
			<Property id="PROPERTY_13977" name="WIRE_DIA_MAX" value="1.2"/>
			<Option id="OPTION_df-c-0-50be42_1" value="HT2AC &amp; HJGAX"/>
			<BranchRoute id="BRR_610">
				<StartBranchPosition id="BR_POS_1483" branchId="BRANCH_c2-4e-0-4c0f3d" branchNodeId="BN_14728-219_961" offset="0"/>
				<PassBranchId>BRANCH_c2-4e-0-4c0f44</PassBranchId>
				<PassBranchId>BRANCH_c2-4e-0-4c10c3</PassBranchId>
				<PassBranchId>BRANCH_c2-4e-0-4c0ff9</PassBranchId>
				<PassBranchId>BRANCH_c2-4e-0-4c0f34</PassBranchId>
				<PassBranchId>BRANCH_c2-4e-0-4c0d05</PassBranchId>
				<PassBranchId>BRANCH_c2-4e-0-4c1076</PassBranchId>
				<PassBranchId>BRANCH_c2-4e-0-4c106f</PassBranchId>
				<PassBranchId>BRANCH_c2-4e-0-4c1075</PassBranchId>
				<PassBranchId>BRANCH_c2-4e-0-4c0de4</PassBranchId>
				<PassBranchId>BRANCH_1a-4e-0-18e01d0</PassBranchId>
				<PassBranchId>BRANCH_c2-4e-0-4c10c8</PassBranchId>
				<PassBranchId>BRANCH_eb-4e-0-678fca</PassBranchId>
				<PassBranchId>BRANCH_c2-4e-0-4c0e87</PassBranchId>
				<PassBranchId>BRANCH_c2-4e-0-4c0e8c</PassBranchId>
				<PassBranchId>BRANCH_c2-4e-0-4c0e7f</PassBranchId>
				<PassBranchId>BRANCH_c2-4e-0-4c0ef9</PassBranchId>
				<PassBranchId>BRANCH_c2-4e-0-4c0e70</PassBranchId>
				<PassBranchId>BRANCH_c2-4e-0-4c0d66</PassBranchId>
				<PassBranchId>BRANCH_c2-4e-0-4c0fe2</PassBranchId>
				<PassBranchId>BRANCH_c2-4e-0-4c0d5d</PassBranchId>
				<PassBranchId>BRANCH_c2-4e-0-4c0d57</PassBranchId>
				<EndBranchPosition id="BR_POS_1484" branchId="BRANCH_c2-4e-0-4c0d5a" branchNodeId="BN_21404-188" offset="0"/>
			</BranchRoute>
		</WiringItem>
		<WiringItem xsi:type="Wire" id="WIRE_a4-c-0-32ba27" name="GD215EVC" signalId="SIGNAL_2-36-0-3a84" cableType="WIRE-2UKD-0.50" wireName="BK/GY" fromPinId="PIN_5f-18-0-d13d0" toPinId="PIN_f-18-0-ecaa">
			<AppRef name="E3.Series" version="2.14.5.0" guid="76eef171-1f8a-47ae-bbb4-72de0b2d063d"/>
			<Property id="PROPERTY_14971" name="WIRE_LENGTH" value="1567"/>
			<Property id="PROPERTY_14972" name="WIRE_CSA" value="0.5"/>
			<Property id="PROPERTY_14973" name="WIRE_MIN_BEND_RADIUS" value="3"/>
			<Property id="PROPERTY_14974" name="WIRE_OPTION" value="HT2AC"/>
			<Property id="PROPERTY_14975" name="WIRE_DEV_PIN_1" value="C23-E1:20"/>
			<Property id="PROPERTY_14976" name="WIRE_COLOR" value="BK/GY"/>
			<Property id="PROPERTY_14977" name="WIRE_SPEC" value="2UKD"/>
			<Property id="PROPERTY_14978" name="WIRE_END1_MATL" value="(SN)"/>
			<Property id="PROPERTY_14979" name="WIRE_LEVEL" value="(BEV)"/>
			<Property id="PROPERTY_14980" name="WIRE_END1_TERM" value="9U5T-14474-DB"/>
			<Property id="PROPERTY_14981" name="WIRE_DEV_PIN_2" value="G2D215:1"/>
			<Property id="PROPERTY_14982" name="WIRE_NAME" value="GD215EVC"/>
			<Property id="PROPERTY_14983" name="WIRE_SIGNAL" value="GD215"/>
			<Property id="PROPERTY_14984" name="HRN_FAMILY" value="14401"/>
			<Property id="PROPERTY_14985" name="WIRE_FPN" value="WIRE-2UKD-0.50-BK/GY"/>
			<Property id="PROPERTY_14986" name="WIRE_DIA_MAX" value="1.4"/>
			<Option id="OPTION_a4-c-0-32ba27_1" value="HT2AC"/>
			<BranchRoute id="BRR_668">
				<StartBranchPosition id="BR_POS_1599" branchId="BRANCH_c2-4e-0-4c0f1c" branchNodeId="BN_18448-168" offset="0"/>
				<PassBranchId>BRANCH_c2-4e-0-4c0dfa</PassBranchId>
				<PassBranchId>BRANCH_c2-4e-0-4c10f5</PassBranchId>
				<PassBranchId>BRANCH_c2-4e-0-4c0e9b</PassBranchId>
				<PassBranchId>BRANCH_c2-4e-0-4c10ce</PassBranchId>
				<PassBranchId>BRANCH_c2-4e-0-4c0e97</PassBranchId>
				<PassBranchId>BRANCH_c2-4e-0-4c0f88</PassBranchId>
				<PassBranchId>BRANCH_c2-4e-0-4c0f18</PassBranchId>
				<PassBranchId>BRANCH_c2-4e-0-4c0f89</PassBranchId>
				<PassBranchId>BRANCH_c2-4e-0-4c1083</PassBranchId>
				<PassBranchId>BRANCH_c2-4e-0-4c1087</PassBranchId>
				<PassBranchId>BRANCH_c2-4e-0-4c106f</PassBranchId>
				<PassBranchId>BRANCH_c2-4e-0-4c1075</PassBranchId>
				<PassBranchId>BRANCH_c2-4e-0-4c1078</PassBranchId>
				<EndBranchPosition id="BR_POS_1600" branchId="BRANCH_c2-4e-0-4c0f0e" branchNodeId="BN_21072-320" offset="0"/>
			</BranchRoute>
		</WiringItem>
		<WiringItem xsi:type="Wire" id="WIRE_95-c-0-e58d6" name="VH436A" signalId="SIGNAL_2-36-0-40c8" cableType="WIRE-2UKD-0.35" wireName="YE/VT" fromPinId="PIN_f-18-0-f5f8" toPinId="PIN_b5-18-0-55e4">
			<AppRef name="E3.Series" version="2.13.7.0" guid="abfc343e-32d4-427e-b6d7-6b2c1c7efea0"/>
			<Property id="PROPERTY_13996" name="WIRE_LENGTH" value="1670"/>
			<Property id="PROPERTY_13997" name="WIRE_END2_MATL" value="(SN)"/>
			<Property id="PROPERTY_13998" name="WIRE_CSA" value="0.35"/>
			<Property id="PROPERTY_13999" name="WIRE_MIN_BEND_RADIUS" value="3"/>
			<Property id="PROPERTY_14000" name="WIRE_OPTION" value="( AC_G | AC_B ) &amp; ( HJGAJ | HJGAX )"/>
			<Property id="PROPERTY_14001" name="WIRE_DEV_PIN_1" value="C2H101-A:22"/>
			<Property id="PROPERTY_14002" name="WIRE_COLOR" value="YE/VT"/>
			<Property id="PROPERTY_14003" name="WIRE_SPEC" value="2UKD"/>
			<Property id="PROPERTY_14004" name="WIRE_END1_MATL" value="(SN)"/>
			<Property id="PROPERTY_14005" name="WIRE_LEVEL" value="(D-CAM)/(C-SHF)/(KWINV)/VA/ZD/ZH"/>
			<Property id="PROPERTY_14006" name="WIRE_END1_TERM" value="9U5T-14474-DB"/>
			<Property id="PROPERTY_14007" name="WIRE_DEV_PIN_2" value="C22-A1:7"/>
			<Property id="PROPERTY_14008" name="WIRE_NAME" value="VH436A"/>
			<Property id="PROPERTY_14009" name="WIRE_END2_TERM" value="8U5T-14474-BB"/>
			<Property id="PROPERTY_14010" name="WIRE_SIGNAL" value="VH436"/>
			<Property id="PROPERTY_14011" name="HRN_FAMILY" value="14401"/>
			<Property id="PROPERTY_14012" name="WIRE_FPN" value="WIRE-2UKD-0.35-YE/VT"/>
			<Property id="PROPERTY_14013" name="WIRE_DIA_MAX" value="1.2"/>
			<Option id="OPTION_95-c-0-e58d6_1" value="( AC_G | AC_B ) &amp; ( HJGAJ | HJGAX )"/>
			<BranchRoute id="BRR_612">
				<StartBranchPosition id="BR_POS_1487" branchId="BRANCH_c2-4e-0-4c0f41" branchNodeId="BN_13944-224" offset="0"/>
				<PassBranchId>BRANCH_c2-4e-0-4c0f40</PassBranchId>
				<PassBranchId>BRANCH_c2-4e-0-4c10c3</PassBranchId>
				<PassBranchId>BRANCH_c2-4e-0-4c0ff9</PassBranchId>
				<PassBranchId>BRANCH_c2-4e-0-4c0f34</PassBranchId>
				<PassBranchId>BRANCH_c2-4e-0-4c0d05</PassBranchId>
				<PassBranchId>BRANCH_c2-4e-0-4c1076</PassBranchId>
				<PassBranchId>BRANCH_c2-4e-0-4c106f</PassBranchId>
				<PassBranchId>BRANCH_c2-4e-0-4c1075</PassBranchId>
				<PassBranchId>BRANCH_c2-4e-0-4c0de4</PassBranchId>
				<PassBranchId>BRANCH_1a-4e-0-18e01d0</PassBranchId>
				<PassBranchId>BRANCH_c2-4e-0-4c10c8</PassBranchId>
				<PassBranchId>BRANCH_eb-4e-0-678fca</PassBranchId>
				<PassBranchId>BRANCH_c2-4e-0-4c0e87</PassBranchId>
				<PassBranchId>BRANCH_c2-4e-0-4c0e8c</PassBranchId>
				<PassBranchId>BRANCH_c2-4e-0-4c0e7f</PassBranchId>
				<PassBranchId>BRANCH_c2-4e-0-4c0ef9</PassBranchId>
				<PassBranchId>BRANCH_c2-4e-0-4c0e70</PassBranchId>
				<PassBranchId>BRANCH_c2-4e-0-4c0d66</PassBranchId>
				<PassBranchId>BRANCH_c2-4e-0-4c0fe2</PassBranchId>
				<PassBranchId>BRANCH_c2-4e-0-4c0d5d</PassBranchId>
				<PassBranchId>BRANCH_c2-4e-0-4c0d57</PassBranchId>
				<EndBranchPosition id="BR_POS_1488" branchId="BRANCH_c2-4e-0-4c0d5a" branchNodeId="BN_21404-188" offset="0"/>
			</BranchRoute>
		</WiringItem>
		<WiringItem xsi:type="Wire" id="WIRE_ce-c-0-2c9275" name="VH436EVA" signalId="SIGNAL_2-36-0-40c8" cableType="WIRE-2UKD-0.35" wireName="YE/VT" fromPinId="PIN_ce-18-0-2068a1" toPinId="PIN_b5-18-0-55e4">
			<AppRef name="E3.Series" version="2.14.0.0" guid="93876e90-d040-47b6-97c7-5518129365cc"/>
			<Property id="PROPERTY_14014" name="WIRE_LENGTH" value="1955"/>
			<Property id="PROPERTY_14015" name="WIRE_END2_MATL" value="(SN)"/>
			<Property id="PROPERTY_14016" name="WIRE_CSA" value="0.35"/>
			<Property id="PROPERTY_14017" name="WIRE_MIN_BEND_RADIUS" value="3"/>
			<Property id="PROPERTY_14018" name="WIRE_OPTION" value="AC_G &amp; HJGAY"/>
			<Property id="PROPERTY_14019" name="WIRE_DEV_PIN_1" value="C2H101-EVBA:25"/>
			<Property id="PROPERTY_14020" name="WIRE_COLOR" value="YE/VT"/>
			<Property id="PROPERTY_14021" name="WIRE_SPEC" value="2UKD"/>
			<Property id="PROPERTY_14022" name="WIRE_END1_MATL" value="(SN)"/>
			<Property id="PROPERTY_14023" name="WIRE_LEVEL" value="ZA/ZB/ZC/ZF"/>
			<Property id="PROPERTY_14024" name="WIRE_END1_TERM" value="9U5T-14474-DB"/>
			<Property id="PROPERTY_14025" name="WIRE_DEV_PIN_2" value="C22-A1:7"/>
			<Property id="PROPERTY_14026" name="WIRE_NAME" value="VH436EVA"/>
			<Property id="PROPERTY_14027" name="WIRE_END2_TERM" value="8U5T-14474-BB"/>
			<Property id="PROPERTY_14028" name="WIRE_SIGNAL" value="VH436"/>
			<Property id="PROPERTY_14029" name="HRN_FAMILY" value="14401"/>
			<Property id="PROPERTY_14030" name="WIRE_FPN" value="WIRE-2UKD-0.35-YE/VT"/>
			<Property id="PROPERTY_14031" name="WIRE_DIA_MAX" value="1.2"/>
			<Option id="OPTION_ce-c-0-2c9275_1" value="AC_G &amp; HJGAY"/>
			<BranchRoute id="BRR_613">
				<StartBranchPosition id="BR_POS_1489" branchId="BRANCH_ff-4e-0-938412" branchNodeId="BN_15124-272" offset="0"/>
				<PassBranchId>BRANCH_ff-4e-0-959c9b</PassBranchId>
				<PassBranchId>BRANCH_35-4e-0-32eeb3</PassBranchId>
				<PassBranchId>BRANCH_ff-4e-0-942c78</PassBranchId>
				<PassBranchId>BRANCH_ff-4e-0-938110</PassBranchId>
				<PassBranchId>BRANCH_ff-4e-0-93810b</PassBranchId>
				<PassBranchId>BRANCH_ff-4e-0-936078</PassBranchId>
				<PassBranchId>BRANCH_c2-4e-0-4c10c3</PassBranchId>
				<PassBranchId>BRANCH_c2-4e-0-4c0ff9</PassBranchId>
				<PassBranchId>BRANCH_c2-4e-0-4c0f34</PassBranchId>
				<PassBranchId>BRANCH_c2-4e-0-4c0d05</PassBranchId>
				<PassBranchId>BRANCH_c2-4e-0-4c1076</PassBranchId>
				<PassBranchId>BRANCH_c2-4e-0-4c106f</PassBranchId>
				<PassBranchId>BRANCH_c2-4e-0-4c1075</PassBranchId>
				<PassBranchId>BRANCH_c2-4e-0-4c0de4</PassBranchId>
				<PassBranchId>BRANCH_1a-4e-0-18e01d0</PassBranchId>
				<PassBranchId>BRANCH_c2-4e-0-4c10c8</PassBranchId>
				<PassBranchId>BRANCH_eb-4e-0-678fca</PassBranchId>
				<PassBranchId>BRANCH_c2-4e-0-4c0e87</PassBranchId>
				<PassBranchId>BRANCH_c2-4e-0-4c0e8c</PassBranchId>
				<PassBranchId>BRANCH_c2-4e-0-4c0e7f</PassBranchId>
				<PassBranchId>BRANCH_c2-4e-0-4c0ef9</PassBranchId>
				<PassBranchId>BRANCH_c2-4e-0-4c0e70</PassBranchId>
				<PassBranchId>BRANCH_c2-4e-0-4c0d66</PassBranchId>
				<PassBranchId>BRANCH_c2-4e-0-4c0fe2</PassBranchId>
				<PassBranchId>BRANCH_c2-4e-0-4c0d5d</PassBranchId>
				<PassBranchId>BRANCH_c2-4e-0-4c0d57</PassBranchId>
				<EndBranchPosition id="BR_POS_1490" branchId="BRANCH_c2-4e-0-4c0d5a" branchNodeId="BN_21404-188" offset="0"/>
			</BranchRoute>
		</WiringItem>
		<WiringItem xsi:type="Wire" id="WIRE_95-c-0-e582e" name="VH438A" signalId="SIGNAL_2-36-0-40ca" cableType="WIRE-2UKD-0.35" wireName="GN/VT" fromPinId="PIN_f-18-0-f5a2" toPinId="PIN_b5-18-0-55e7">
			<AppRef name="E3.Series" version="2.13.7.0" guid="4d9f7b98-f502-47d7-be59-4514cef5e081"/>
			<Property id="PROPERTY_14032" name="WIRE_LENGTH" value="1670"/>
			<Property id="PROPERTY_14033" name="WIRE_END2_MATL" value="(SN)"/>
			<Property id="PROPERTY_14034" name="WIRE_CSA" value="0.35"/>
			<Property id="PROPERTY_14035" name="WIRE_MIN_BEND_RADIUS" value="3"/>
			<Property id="PROPERTY_14036" name="WIRE_OPTION" value="( AC_G | AC_B ) &amp; ( HJGAJ | HJGAX )"/>
			<Property id="PROPERTY_14037" name="WIRE_DEV_PIN_1" value="C2H101-A:16"/>
			<Property id="PROPERTY_14038" name="WIRE_COLOR" value="GN/VT"/>
			<Property id="PROPERTY_14039" name="WIRE_SPEC" value="2UKD"/>
			<Property id="PROPERTY_14040" name="WIRE_END1_MATL" value="(SN)"/>
			<Property id="PROPERTY_14041" name="WIRE_LEVEL" value="(D-CAM)/(C-SHF)/(KWINV)/VA/ZD/ZH"/>
			<Property id="PROPERTY_14042" name="WIRE_END1_TERM" value="9U5T-14474-DB"/>
			<Property id="PROPERTY_14043" name="WIRE_DEV_PIN_2" value="C22-A1:10"/>
			<Property id="PROPERTY_14044" name="WIRE_NAME" value="VH438A"/>
			<Property id="PROPERTY_14045" name="WIRE_END2_TERM" value="8U5T-14474-BB"/>
			<Property id="PROPERTY_14046" name="WIRE_SIGNAL" value="VH438"/>
			<Property id="PROPERTY_14047" name="HRN_FAMILY" value="14401"/>
			<Property id="PROPERTY_14048" name="WIRE_FPN" value="WIRE-2UKD-0.35-GN/VT"/>
			<Property id="PROPERTY_14049" name="WIRE_DIA_MAX" value="1.2"/>
			<Option id="OPTION_95-c-0-e582e_1" value="( AC_G | AC_B ) &amp; ( HJGAJ | HJGAX )"/>
			<BranchRoute id="BRR_614">
				<StartBranchPosition id="BR_POS_1491" branchId="BRANCH_c2-4e-0-4c0f41" branchNodeId="BN_13944-224" offset="0"/>
				<PassBranchId>BRANCH_c2-4e-0-4c0f40</PassBranchId>
				<PassBranchId>BRANCH_c2-4e-0-4c10c3</PassBranchId>
				<PassBranchId>BRANCH_c2-4e-0-4c0ff9</PassBranchId>
				<PassBranchId>BRANCH_c2-4e-0-4c0f34</PassBranchId>
				<PassBranchId>BRANCH_c2-4e-0-4c0d05</PassBranchId>
				<PassBranchId>BRANCH_c2-4e-0-4c1076</PassBranchId>
				<PassBranchId>BRANCH_c2-4e-0-4c106f</PassBranchId>
				<PassBranchId>BRANCH_c2-4e-0-4c1075</PassBranchId>
				<PassBranchId>BRANCH_c2-4e-0-4c0de4</PassBranchId>
				<PassBranchId>BRANCH_1a-4e-0-18e01d0</PassBranchId>
				<PassBranchId>BRANCH_c2-4e-0-4c10c8</PassBranchId>
				<PassBranchId>BRANCH_eb-4e-0-678fca</PassBranchId>
				<PassBranchId>BRANCH_c2-4e-0-4c0e87</PassBranchId>
				<PassBranchId>BRANCH_c2-4e-0-4c0e8c</PassBranchId>
				<PassBranchId>BRANCH_c2-4e-0-4c0e7f</PassBranchId>
				<PassBranchId>BRANCH_c2-4e-0-4c0ef9</PassBranchId>
				<PassBranchId>BRANCH_c2-4e-0-4c0e70</PassBranchId>
				<PassBranchId>BRANCH_c2-4e-0-4c0d66</PassBranchId>
				<PassBranchId>BRANCH_c2-4e-0-4c0fe2</PassBranchId>
				<PassBranchId>BRANCH_c2-4e-0-4c0d5d</PassBranchId>
				<PassBranchId>BRANCH_c2-4e-0-4c0d57</PassBranchId>
				<EndBranchPosition id="BR_POS_1492" branchId="BRANCH_c2-4e-0-4c0d5a" branchNodeId="BN_21404-188" offset="0"/>
			</BranchRoute>
		</WiringItem>
		<WiringItem xsi:type="Wire" id="WIRE_ce-c-0-2c9224" name="VH438EVA" signalId="SIGNAL_2-36-0-40ca" cableType="WIRE-2UKD-0.35" wireName="GN/VT" fromPinId="PIN_ce-18-0-20684f" toPinId="PIN_b5-18-0-55e7">
			<AppRef name="E3.Series" version="2.14.0.0" guid="e3e28c15-90b4-4283-b6b2-f6e9e8354bec"/>
			<Property id="PROPERTY_14050" name="WIRE_LENGTH" value="1955"/>
			<Property id="PROPERTY_14051" name="WIRE_END2_MATL" value="(SN)"/>
			<Property id="PROPERTY_14052" name="WIRE_CSA" value="0.35"/>
			<Property id="PROPERTY_14053" name="WIRE_MIN_BEND_RADIUS" value="3"/>
			<Property id="PROPERTY_14054" name="WIRE_OPTION" value="AC_G &amp; HJGAY"/>
			<Property id="PROPERTY_14055" name="WIRE_DEV_PIN_1" value="C2H101-EVBA:19"/>
			<Property id="PROPERTY_14056" name="WIRE_COLOR" value="GN/VT"/>
			<Property id="PROPERTY_14057" name="WIRE_SPEC" value="2UKD"/>
			<Property id="PROPERTY_14058" name="WIRE_END1_MATL" value="(SN)"/>
			<Property id="PROPERTY_14059" name="WIRE_LEVEL" value="ZA/ZB/ZC/ZF"/>
			<Property id="PROPERTY_14060" name="WIRE_END1_TERM" value="9U5T-14474-DB"/>
			<Property id="PROPERTY_14061" name="WIRE_DEV_PIN_2" value="C22-A1:10"/>
			<Property id="PROPERTY_14062" name="WIRE_NAME" value="VH438EVA"/>
			<Property id="PROPERTY_14063" name="WIRE_END2_TERM" value="8U5T-14474-BB"/>
			<Property id="PROPERTY_14064" name="WIRE_SIGNAL" value="VH438"/>
			<Property id="PROPERTY_14065" name="HRN_FAMILY" value="14401"/>
			<Property id="PROPERTY_14066" name="WIRE_FPN" value="WIRE-2UKD-0.35-GN/VT"/>
			<Property id="PROPERTY_14067" name="WIRE_DIA_MAX" value="1.2"/>
			<Option id="OPTION_ce-c-0-2c9224_1" value="AC_G &amp; HJGAY"/>
			<BranchRoute id="BRR_615">
				<StartBranchPosition id="BR_POS_1493" branchId="BRANCH_ff-4e-0-938412" branchNodeId="BN_15124-272" offset="0"/>
				<PassBranchId>BRANCH_ff-4e-0-959c9b</PassBranchId>
				<PassBranchId>BRANCH_35-4e-0-32eeb3</PassBranchId>
				<PassBranchId>BRANCH_ff-4e-0-942c78</PassBranchId>
				<PassBranchId>BRANCH_ff-4e-0-938110</PassBranchId>
				<PassBranchId>BRANCH_ff-4e-0-93810b</PassBranchId>
				<PassBranchId>BRANCH_ff-4e-0-936078</PassBranchId>
				<PassBranchId>BRANCH_c2-4e-0-4c10c3</PassBranchId>
				<PassBranchId>BRANCH_c2-4e-0-4c0ff9</PassBranchId>
				<PassBranchId>BRANCH_c2-4e-0-4c0f34</PassBranchId>
				<PassBranchId>BRANCH_c2-4e-0-4c0d05</PassBranchId>
				<PassBranchId>BRANCH_c2-4e-0-4c1076</PassBranchId>
				<PassBranchId>BRANCH_c2-4e-0-4c106f</PassBranchId>
				<PassBranchId>BRANCH_c2-4e-0-4c1075</PassBranchId>
				<PassBranchId>BRANCH_c2-4e-0-4c0de4</PassBranchId>
				<PassBranchId>BRANCH_1a-4e-0-18e01d0</PassBranchId>
				<PassBranchId>BRANCH_c2-4e-0-4c10c8</PassBranchId>
				<PassBranchId>BRANCH_eb-4e-0-678fca</PassBranchId>
				<PassBranchId>BRANCH_c2-4e-0-4c0e87</PassBranchId>
				<PassBranchId>BRANCH_c2-4e-0-4c0e8c</PassBranchId>
				<PassBranchId>BRANCH_c2-4e-0-4c0e7f</PassBranchId>
				<PassBranchId>BRANCH_c2-4e-0-4c0ef9</PassBranchId>
				<PassBranchId>BRANCH_c2-4e-0-4c0e70</PassBranchId>
				<PassBranchId>BRANCH_c2-4e-0-4c0d66</PassBranchId>
				<PassBranchId>BRANCH_c2-4e-0-4c0fe2</PassBranchId>
				<PassBranchId>BRANCH_c2-4e-0-4c0d5d</PassBranchId>
				<PassBranchId>BRANCH_c2-4e-0-4c0d57</PassBranchId>
				<EndBranchPosition id="BR_POS_1494" branchId="BRANCH_c2-4e-0-4c0d5a" branchNodeId="BN_21404-188" offset="0"/>
			</BranchRoute>
		</WiringItem>
		<WiringItem xsi:type="Wire" id="WIRE_95-c-0-e57b7" name="VH440A" signalId="SIGNAL_2-36-0-40cc" cableType="WIRE-2UKD-0.35" wireName="BU/BN" fromPinId="PIN_f-18-0-f59a" toPinId="PIN_b5-18-0-55df">
			<AppRef name="E3.Series" version="2.13.7.0" guid="b1cf376c-505b-4da5-a4fb-db1331568afe"/>
			<Property id="PROPERTY_14068" name="WIRE_LENGTH" value="1670"/>
			<Property id="PROPERTY_14069" name="WIRE_END2_MATL" value="(SN)"/>
			<Property id="PROPERTY_14070" name="WIRE_CSA" value="0.35"/>
			<Property id="PROPERTY_14071" name="WIRE_MIN_BEND_RADIUS" value="3"/>
			<Property id="PROPERTY_14072" name="WIRE_OPTION" value="( AC_G | AC_B ) &amp; ( HJGAJ | HJGAX )"/>
			<Property id="PROPERTY_14073" name="WIRE_DEV_PIN_1" value="C2H101-A:10"/>
			<Property id="PROPERTY_14074" name="WIRE_COLOR" value="BU/BN"/>
			<Property id="PROPERTY_14075" name="WIRE_SPEC" value="2UKD"/>
			<Property id="PROPERTY_14076" name="WIRE_END1_MATL" value="(SN)"/>
			<Property id="PROPERTY_14077" name="WIRE_LEVEL" value="(D-CAM)/(C-SHF)/(KWINV)/VA/ZD/ZH"/>
			<Property id="PROPERTY_14078" name="WIRE_END1_TERM" value="9U5T-14474-DB"/>
			<Property id="PROPERTY_14079" name="WIRE_DEV_PIN_2" value="C22-A1:2"/>
			<Property id="PROPERTY_14080" name="WIRE_NAME" value="VH440A"/>
			<Property id="PROPERTY_14081" name="WIRE_END2_TERM" value="8U5T-14474-BB"/>
			<Property id="PROPERTY_14082" name="WIRE_SIGNAL" value="VH440"/>
			<Property id="PROPERTY_14083" name="HRN_FAMILY" value="14401"/>
			<Property id="PROPERTY_14084" name="WIRE_FPN" value="WIRE-2UKD-0.35-BU/BN"/>
			<Property id="PROPERTY_14085" name="WIRE_DIA_MAX" value="1.2"/>
			<Option id="OPTION_95-c-0-e57b7_1" value="( AC_G | AC_B ) &amp; ( HJGAJ | HJGAX )"/>
			<BranchRoute id="BRR_616">
				<StartBranchPosition id="BR_POS_1495" branchId="BRANCH_c2-4e-0-4c0f41" branchNodeId="BN_13944-224" offset="0"/>
				<PassBranchId>BRANCH_c2-4e-0-4c0f40</PassBranchId>
				<PassBranchId>BRANCH_c2-4e-0-4c10c3</PassBranchId>
				<PassBranchId>BRANCH_c2-4e-0-4c0ff9</PassBranchId>
				<PassBranchId>BRANCH_c2-4e-0-4c0f34</PassBranchId>
				<PassBranchId>BRANCH_c2-4e-0-4c0d05</PassBranchId>
				<PassBranchId>BRANCH_c2-4e-0-4c1076</PassBranchId>
				<PassBranchId>BRANCH_c2-4e-0-4c106f</PassBranchId>
				<PassBranchId>BRANCH_c2-4e-0-4c1075</PassBranchId>
				<PassBranchId>BRANCH_c2-4e-0-4c0de4</PassBranchId>
				<PassBranchId>BRANCH_1a-4e-0-18e01d0</PassBranchId>
				<PassBranchId>BRANCH_c2-4e-0-4c10c8</PassBranchId>
				<PassBranchId>BRANCH_eb-4e-0-678fca</PassBranchId>
				<PassBranchId>BRANCH_c2-4e-0-4c0e87</PassBranchId>
				<PassBranchId>BRANCH_c2-4e-0-4c0e8c</PassBranchId>
				<PassBranchId>BRANCH_c2-4e-0-4c0e7f</PassBranchId>
				<PassBranchId>BRANCH_c2-4e-0-4c0ef9</PassBranchId>
				<PassBranchId>BRANCH_c2-4e-0-4c0e70</PassBranchId>
				<PassBranchId>BRANCH_c2-4e-0-4c0d66</PassBranchId>
				<PassBranchId>BRANCH_c2-4e-0-4c0fe2</PassBranchId>
				<PassBranchId>BRANCH_c2-4e-0-4c0d5d</PassBranchId>
				<PassBranchId>BRANCH_c2-4e-0-4c0d57</PassBranchId>
				<EndBranchPosition id="BR_POS_1496" branchId="BRANCH_c2-4e-0-4c0d5a" branchNodeId="BN_21404-188" offset="0"/>
			</BranchRoute>
		</WiringItem>
		<WiringItem xsi:type="Wire" id="WIRE_ce-c-0-2c9213" name="VH440EVA" signalId="SIGNAL_2-36-0-40cc" cableType="WIRE-2UKD-0.35" wireName="BU/BN" fromPinId="PIN_ce-18-0-20683f" toPinId="PIN_b5-18-0-55df">
			<AppRef name="E3.Series" version="2.14.0.0" guid="a19854f8-b985-4357-b3f3-202939fe997a"/>
			<Property id="PROPERTY_14086" name="WIRE_LENGTH" value="1955"/>
			<Property id="PROPERTY_14087" name="WIRE_END2_MATL" value="(SN)"/>
			<Property id="PROPERTY_14088" name="WIRE_CSA" value="0.35"/>
			<Property id="PROPERTY_14089" name="WIRE_MIN_BEND_RADIUS" value="3"/>
			<Property id="PROPERTY_14090" name="WIRE_OPTION" value="AC_G &amp; HJGAY"/>
			<Property id="PROPERTY_14091" name="WIRE_DEV_PIN_1" value="C2H101-EVBA:10"/>
			<Property id="PROPERTY_14092" name="WIRE_COLOR" value="BU/BN"/>
			<Property id="PROPERTY_14093" name="WIRE_SPEC" value="2UKD"/>
			<Property id="PROPERTY_14094" name="WIRE_END1_MATL" value="(SN)"/>
			<Property id="PROPERTY_14095" name="WIRE_LEVEL" value="ZA/ZB/ZC/ZF"/>
			<Property id="PROPERTY_14096" name="WIRE_END1_TERM" value="9U5T-14474-DB"/>
			<Property id="PROPERTY_14097" name="WIRE_DEV_PIN_2" value="C22-A1:2"/>
			<Property id="PROPERTY_14098" name="WIRE_NAME" value="VH440EVA"/>
			<Property id="PROPERTY_14099" name="WIRE_END2_TERM" value="8U5T-14474-BB"/>
			<Property id="PROPERTY_14100" name="WIRE_SIGNAL" value="VH440"/>
			<Property id="PROPERTY_14101" name="HRN_FAMILY" value="14401"/>
			<Property id="PROPERTY_14102" name="WIRE_FPN" value="WIRE-2UKD-0.35-BU/BN"/>
			<Property id="PROPERTY_14103" name="WIRE_DIA_MAX" value="1.2"/>
			<Option id="OPTION_ce-c-0-2c9213_1" value="AC_G &amp; HJGAY"/>
			<BranchRoute id="BRR_617">
				<StartBranchPosition id="BR_POS_1497" branchId="BRANCH_ff-4e-0-938412" branchNodeId="BN_15124-272" offset="0"/>
				<PassBranchId>BRANCH_ff-4e-0-959c9b</PassBranchId>
				<PassBranchId>BRANCH_35-4e-0-32eeb3</PassBranchId>
				<PassBranchId>BRANCH_ff-4e-0-942c78</PassBranchId>
				<PassBranchId>BRANCH_ff-4e-0-938110</PassBranchId>
				<PassBranchId>BRANCH_ff-4e-0-93810b</PassBranchId>
				<PassBranchId>BRANCH_ff-4e-0-936078</PassBranchId>
				<PassBranchId>BRANCH_c2-4e-0-4c10c3</PassBranchId>
				<PassBranchId>BRANCH_c2-4e-0-4c0ff9</PassBranchId>
				<PassBranchId>BRANCH_c2-4e-0-4c0f34</PassBranchId>
				<PassBranchId>BRANCH_c2-4e-0-4c0d05</PassBranchId>
				<PassBranchId>BRANCH_c2-4e-0-4c1076</PassBranchId>
				<PassBranchId>BRANCH_c2-4e-0-4c106f</PassBranchId>
				<PassBranchId>BRANCH_c2-4e-0-4c1075</PassBranchId>
				<PassBranchId>BRANCH_c2-4e-0-4c0de4</PassBranchId>
				<PassBranchId>BRANCH_1a-4e-0-18e01d0</PassBranchId>
				<PassBranchId>BRANCH_c2-4e-0-4c10c8</PassBranchId>
				<PassBranchId>BRANCH_eb-4e-0-678fca</PassBranchId>
				<PassBranchId>BRANCH_c2-4e-0-4c0e87</PassBranchId>
				<PassBranchId>BRANCH_c2-4e-0-4c0e8c</PassBranchId>
				<PassBranchId>BRANCH_c2-4e-0-4c0e7f</PassBranchId>
				<PassBranchId>BRANCH_c2-4e-0-4c0ef9</PassBranchId>
				<PassBranchId>BRANCH_c2-4e-0-4c0e70</PassBranchId>
				<PassBranchId>BRANCH_c2-4e-0-4c0d66</PassBranchId>
				<PassBranchId>BRANCH_c2-4e-0-4c0fe2</PassBranchId>
				<PassBranchId>BRANCH_c2-4e-0-4c0d5d</PassBranchId>
				<PassBranchId>BRANCH_c2-4e-0-4c0d57</PassBranchId>
				<EndBranchPosition id="BR_POS_1498" branchId="BRANCH_c2-4e-0-4c0d5a" branchNodeId="BN_21404-188" offset="0"/>
			</BranchRoute>
		</WiringItem>
		<WiringItem xsi:type="Wire" id="WIRE_95-c-0-e6474" name="VH441A" signalId="SIGNAL_2-36-0-40cd" cableType="WIRE-2UKD-0.35" wireName="WH/BN" fromPinId="PIN_f-18-0-f65d" toPinId="PIN_b5-18-0-55f0">
			<AppRef name="E3.Series" version="2.13.7.0" guid="0bff6e76-42b0-44f9-8745-2805da85b252"/>
			<Property id="PROPERTY_14104" name="WIRE_LENGTH" value="1625"/>
			<Property id="PROPERTY_14105" name="WIRE_END2_MATL" value="(SN)"/>
			<Property id="PROPERTY_14106" name="WIRE_CSA" value="0.35"/>
			<Property id="PROPERTY_14107" name="WIRE_MIN_BEND_RADIUS" value="3"/>
			<Property id="PROPERTY_14108" name="WIRE_OPTION" value="AC_G &amp; ( HJGAJ | HJGAX )"/>
			<Property id="PROPERTY_14109" name="WIRE_DEV_PIN_1" value="C2H101-B:18"/>
			<Property id="PROPERTY_14110" name="WIRE_COLOR" value="WH/BN"/>
			<Property id="PROPERTY_14111" name="WIRE_SPEC" value="2UKD"/>
			<Property id="PROPERTY_14112" name="WIRE_END1_MATL" value="(SN)"/>
			<Property id="PROPERTY_14113" name="WIRE_LEVEL" value="(TACH-L0)/(KWINV)/(ACBRKR)/(CNSL-HI)/(A-STR)/AH/AK/AM/AP/VA/XM/ZD/ZH"/>
			<Property id="PROPERTY_14114" name="WIRE_END1_TERM" value="9U5T-14474-DB"/>
			<Property id="PROPERTY_14115" name="WIRE_DEV_PIN_2" value="C22-A1:19"/>
			<Property id="PROPERTY_14116" name="WIRE_NAME" value="VH441A"/>
			<Property id="PROPERTY_14117" name="WIRE_END2_TERM" value="8U5T-14474-BB"/>
			<Property id="PROPERTY_14118" name="WIRE_SIGNAL" value="VH441"/>
			<Property id="PROPERTY_14119" name="HRN_FAMILY" value="14401"/>
			<Property id="PROPERTY_14120" name="WIRE_FPN" value="WIRE-2UKD-0.35-WH/BN"/>
			<Property id="PROPERTY_14121" name="WIRE_DIA_MAX" value="1.2"/>
			<Option id="OPTION_95-c-0-e6474_1" value="AC_G &amp; ( HJGAJ | HJGAX )"/>
			<BranchRoute id="BRR_618">
				<StartBranchPosition id="BR_POS_1499" branchId="BRANCH_c2-4e-0-4c0f3d" branchNodeId="BN_14728-219_961" offset="0"/>
				<PassBranchId>BRANCH_c2-4e-0-4c0f44</PassBranchId>
				<PassBranchId>BRANCH_c2-4e-0-4c10c3</PassBranchId>
				<PassBranchId>BRANCH_c2-4e-0-4c0ff9</PassBranchId>
				<PassBranchId>BRANCH_c2-4e-0-4c0f34</PassBranchId>
				<PassBranchId>BRANCH_c2-4e-0-4c0d05</PassBranchId>
				<PassBranchId>BRANCH_c2-4e-0-4c1076</PassBranchId>
				<PassBranchId>BRANCH_c2-4e-0-4c106f</PassBranchId>
				<PassBranchId>BRANCH_c2-4e-0-4c1075</PassBranchId>
				<PassBranchId>BRANCH_c2-4e-0-4c0de4</PassBranchId>
				<PassBranchId>BRANCH_1a-4e-0-18e01d0</PassBranchId>
				<PassBranchId>BRANCH_c2-4e-0-4c10c8</PassBranchId>
				<PassBranchId>BRANCH_eb-4e-0-678fca</PassBranchId>
				<PassBranchId>BRANCH_c2-4e-0-4c0e87</PassBranchId>
				<PassBranchId>BRANCH_c2-4e-0-4c0e8c</PassBranchId>
				<PassBranchId>BRANCH_c2-4e-0-4c0e7f</PassBranchId>
				<PassBranchId>BRANCH_c2-4e-0-4c0ef9</PassBranchId>
				<PassBranchId>BRANCH_c2-4e-0-4c0e70</PassBranchId>
				<PassBranchId>BRANCH_c2-4e-0-4c0d66</PassBranchId>
				<PassBranchId>BRANCH_c2-4e-0-4c0fe2</PassBranchId>
				<PassBranchId>BRANCH_c2-4e-0-4c0d5d</PassBranchId>
				<PassBranchId>BRANCH_c2-4e-0-4c0d57</PassBranchId>
				<EndBranchPosition id="BR_POS_1500" branchId="BRANCH_c2-4e-0-4c0d5a" branchNodeId="BN_21404-188" offset="0"/>
			</BranchRoute>
		</WiringItem>
		<WiringItem xsi:type="Wire" id="WIRE_ce-c-0-2c92c8" name="VH441EVA" signalId="SIGNAL_2-36-0-40cd" cableType="WIRE-2UKD-0.35" wireName="WH/BN" fromPinId="PIN_ce-18-0-206956" toPinId="PIN_b5-18-0-55f0">
			<AppRef name="E3.Series" version="2.14.0.0" guid="2e7fd546-b4e4-4364-b6df-9ad5b1776977"/>
			<Property id="PROPERTY_14122" name="WIRE_LENGTH" value="1920"/>
			<Property id="PROPERTY_14123" name="WIRE_END2_MATL" value="(SN)"/>
			<Property id="PROPERTY_14124" name="WIRE_CSA" value="0.35"/>
			<Property id="PROPERTY_14125" name="WIRE_MIN_BEND_RADIUS" value="3"/>
			<Property id="PROPERTY_14126" name="WIRE_OPTION" value="AC_G &amp; HJGAY"/>
			<Property id="PROPERTY_14127" name="WIRE_DEV_PIN_1" value="C2H101-EVBB:18"/>
			<Property id="PROPERTY_14128" name="WIRE_COLOR" value="WH/BN"/>
			<Property id="PROPERTY_14129" name="WIRE_SPEC" value="2UKD"/>
			<Property id="PROPERTY_14130" name="WIRE_END1_MATL" value="(SN)"/>
			<Property id="PROPERTY_14131" name="WIRE_LEVEL" value="ZA/ZB/ZC/ZF"/>
			<Property id="PROPERTY_14132" name="WIRE_END1_TERM" value="9U5T-14474-DB"/>
			<Property id="PROPERTY_14133" name="WIRE_DEV_PIN_2" value="C22-A1:19"/>
			<Property id="PROPERTY_14134" name="WIRE_NAME" value="VH441EVA"/>
			<Property id="PROPERTY_14135" name="WIRE_END2_TERM" value="8U5T-14474-BB"/>
			<Property id="PROPERTY_14136" name="WIRE_SIGNAL" value="VH441"/>
			<Property id="PROPERTY_14137" name="HRN_FAMILY" value="14401"/>
			<Property id="PROPERTY_14138" name="WIRE_FPN" value="WIRE-2UKD-0.35-WH/BN"/>
			<Property id="PROPERTY_14139" name="WIRE_DIA_MAX" value="1.2"/>
			<Option id="OPTION_ce-c-0-2c92c8_1" value="AC_G &amp; HJGAY"/>
			<BranchRoute id="BRR_619">
				<StartBranchPosition id="BR_POS_1501" branchId="BRANCH_ff-4e-0-93e855" branchNodeId="BN_15376-136" offset="0"/>
				<PassBranchId>BRANCH_ff-4e-0-966b71</PassBranchId>
				<PassBranchId>BRANCH_ff-4e-0-93c7ce</PassBranchId>
				<PassBranchId>BRANCH_ff-4e-0-938110</PassBranchId>
				<PassBranchId>BRANCH_ff-4e-0-93810b</PassBranchId>
				<PassBranchId>BRANCH_ff-4e-0-936078</PassBranchId>
				<PassBranchId>BRANCH_c2-4e-0-4c10c3</PassBranchId>
				<PassBranchId>BRANCH_c2-4e-0-4c0ff9</PassBranchId>
				<PassBranchId>BRANCH_c2-4e-0-4c0f34</PassBranchId>
				<PassBranchId>BRANCH_c2-4e-0-4c0d05</PassBranchId>
				<PassBranchId>BRANCH_c2-4e-0-4c1076</PassBranchId>
				<PassBranchId>BRANCH_c2-4e-0-4c106f</PassBranchId>
				<PassBranchId>BRANCH_c2-4e-0-4c1075</PassBranchId>
				<PassBranchId>BRANCH_c2-4e-0-4c0de4</PassBranchId>
				<PassBranchId>BRANCH_1a-4e-0-18e01d0</PassBranchId>
				<PassBranchId>BRANCH_c2-4e-0-4c10c8</PassBranchId>
				<PassBranchId>BRANCH_eb-4e-0-678fca</PassBranchId>
				<PassBranchId>BRANCH_c2-4e-0-4c0e87</PassBranchId>
				<PassBranchId>BRANCH_c2-4e-0-4c0e8c</PassBranchId>
				<PassBranchId>BRANCH_c2-4e-0-4c0e7f</PassBranchId>
				<PassBranchId>BRANCH_c2-4e-0-4c0ef9</PassBranchId>
				<PassBranchId>BRANCH_c2-4e-0-4c0e70</PassBranchId>
				<PassBranchId>BRANCH_c2-4e-0-4c0d66</PassBranchId>
				<PassBranchId>BRANCH_c2-4e-0-4c0fe2</PassBranchId>
				<PassBranchId>BRANCH_c2-4e-0-4c0d5d</PassBranchId>
				<PassBranchId>BRANCH_c2-4e-0-4c0d57</PassBranchId>
				<EndBranchPosition id="BR_POS_1502" branchId="BRANCH_c2-4e-0-4c0d5a" branchNodeId="BN_21404-188" offset="0"/>
			</BranchRoute>
		</WiringItem>
		<WiringItem xsi:type="Wire" id="WIRE_b3-c-0-2a2c8a" name="VH451AT" signalId="SIGNAL_18-36-0-25311d" cableType="WIRE-2UKD-0.35" wireName="WH/GN" fromPinId="PIN_f-18-0-f5c0" toPinId="PIN_b5-18-0-5500">
			<AppRef name="E3.Series" version="2.14.0.0" guid="a2fc4305-57d2-4118-b305-59124266229b"/>
			<Property id="PROPERTY_14140" name="WIRE_LENGTH" value="1600"/>
			<Property id="PROPERTY_14141" name="WIRE_END2_MATL" value="(SN)"/>
			<Property id="PROPERTY_14142" name="WIRE_CSA" value="0.35"/>
			<Property id="PROPERTY_14143" name="WIRE_MIN_BEND_RADIUS" value="3"/>
			<Property id="PROPERTY_14144" name="WIRE_OPTION" value="G1DAG"/>
			<Property id="PROPERTY_14145" name="WIRE_DEV_PIN_1" value="C2H101-A:15"/>
			<Property id="PROPERTY_14146" name="WIRE_COLOR" value="WH/GN"/>
			<Property id="PROPERTY_14147" name="WIRE_SPEC" value="2UKD"/>
			<Property id="PROPERTY_14148" name="WIRE_END1_MATL" value="(SN)"/>
			<Property id="PROPERTY_14149" name="WIRE_LEVEL" value="VA"/>
			<Property id="PROPERTY_14150" name="WIRE_END1_TERM" value="9U5T-14474-DB"/>
			<Property id="PROPERTY_14151" name="WIRE_DEV_PIN_2" value="C12-A2:2"/>
			<Property id="PROPERTY_14152" name="WIRE_NAME" value="VH451AT"/>
			<Property id="PROPERTY_14153" name="WIRE_END2_TERM" value="8U5T-14474-BB"/>
			<Property id="PROPERTY_14154" name="WIRE_SIGNAL" value="VMM36"/>
			<Property id="PROPERTY_14155" name="HRN_FAMILY" value="14401"/>
			<Property id="PROPERTY_14156" name="WIRE_FPN" value="WIRE-2UKD-0.35-WH/GN"/>
			<Property id="PROPERTY_14157" name="WIRE_DIA_MAX" value="1.2"/>
			<Option id="OPTION_b3-c-0-2a2c8a_1" value="G1DAG"/>
			<BranchRoute id="BRR_620">
				<StartBranchPosition id="BR_POS_1503" branchId="BRANCH_c2-4e-0-4c0f41" branchNodeId="BN_13944-224" offset="0"/>
				<PassBranchId>BRANCH_c2-4e-0-4c0f40</PassBranchId>
				<PassBranchId>BRANCH_c2-4e-0-4c10c3</PassBranchId>
				<PassBranchId>BRANCH_c2-4e-0-4c0ff9</PassBranchId>
				<PassBranchId>BRANCH_c2-4e-0-4c0f34</PassBranchId>
				<PassBranchId>BRANCH_c2-4e-0-4c0d05</PassBranchId>
				<PassBranchId>BRANCH_c2-4e-0-4c1076</PassBranchId>
				<PassBranchId>BRANCH_c2-4e-0-4c106f</PassBranchId>
				<PassBranchId>BRANCH_c2-4e-0-4c1075</PassBranchId>
				<PassBranchId>BRANCH_c2-4e-0-4c0de4</PassBranchId>
				<PassBranchId>BRANCH_1a-4e-0-18e01d0</PassBranchId>
				<PassBranchId>BRANCH_c2-4e-0-4c10c8</PassBranchId>
				<PassBranchId>BRANCH_eb-4e-0-678fca</PassBranchId>
				<PassBranchId>BRANCH_c2-4e-0-4c0e87</PassBranchId>
				<PassBranchId>BRANCH_c2-4e-0-4c0e8c</PassBranchId>
				<PassBranchId>BRANCH_c2-4e-0-4c0e7f</PassBranchId>
				<PassBranchId>BRANCH_c2-4e-0-4c0ef9</PassBranchId>
				<PassBranchId>BRANCH_c2-4e-0-4c0e70</PassBranchId>
				<PassBranchId>BRANCH_c2-4e-0-4c0d66</PassBranchId>
				<PassBranchId>BRANCH_c2-4e-0-4c0e5f</PassBranchId>
				<EndBranchPosition id="BR_POS_1504" branchId="BRANCH_c2-4e-0-4c0d60" branchNodeId="BN_22052-256" offset="0"/>
			</BranchRoute>
		</WiringItem>
		<WiringItem xsi:type="Wire" id="WIRE_95-c-0-e4cff" name="VH469A" signalId="SIGNAL_18-36-0-2529a8" cableType="WIRE-2UKD-0.35" wireName="GN/BN" fromPinId="PIN_5f-18-0-126c23" toPinId="PIN_f-18-0-f6b2">
			<AppRef name="E3.Series" version="2.13.7.0" guid="c595a9ff-c838-412c-b257-a3f817434785"/>
			<Property id="PROPERTY_14158" name="WIRE_LENGTH" value="1490"/>
			<Property id="PROPERTY_14159" name="WIRE_END2_MATL" value="(SN)"/>
			<Property id="PROPERTY_14160" name="WIRE_CSA" value="0.35"/>
			<Property id="PROPERTY_14161" name="WIRE_MIN_BEND_RADIUS" value="3"/>
			<Property id="PROPERTY_14162" name="WIRE_OPTION" value="( AC_G | AC_B ) &amp; ( HJGAJ | HJGAX )"/>
			<Property id="PROPERTY_14163" name="WIRE_DEV_PIN_1" value="C23-B1:22"/>
			<Property id="PROPERTY_14164" name="WIRE_COLOR" value="GN/BN"/>
			<Property id="PROPERTY_14165" name="WIRE_SPEC" value="2UKD"/>
			<Property id="PROPERTY_14166" name="WIRE_END1_MATL" value="(SN)"/>
			<Property id="PROPERTY_14167" name="WIRE_LEVEL" value="(D-CAM)/(C-SHF)/(KWINV)/VA/ZD/ZH"/>
			<Property id="PROPERTY_14168" name="WIRE_END1_TERM" value="9U5T-14474-DB"/>
			<Property id="PROPERTY_14169" name="WIRE_DEV_PIN_2" value="C2H101-B:27"/>
			<Property id="PROPERTY_14170" name="WIRE_NAME" value="VH469A"/>
			<Property id="PROPERTY_14171" name="WIRE_END2_TERM" value="9U5T-14474-DB"/>
			<Property id="PROPERTY_14172" name="WIRE_SIGNAL" value="VH469"/>
			<Property id="PROPERTY_14173" name="HRN_FAMILY" value="14401"/>
			<Property id="PROPERTY_14174" name="WIRE_FPN" value="WIRE-2UKD-0.35-GN/BN"/>
			<Property id="PROPERTY_14175" name="WIRE_DIA_MAX" value="1.2"/>
			<Option id="OPTION_95-c-0-e4cff_1" value="( AC_G | AC_B ) &amp; ( HJGAJ | HJGAX )"/>
			<BranchRoute id="BRR_621">
				<StartBranchPosition id="BR_POS_1505" branchId="BRANCH_c2-4e-0-4c0f3d" branchNodeId="BN_14728-219_961" offset="0"/>
				<PassBranchId>BRANCH_c2-4e-0-4c0f44</PassBranchId>
				<PassBranchId>BRANCH_c2-4e-0-4c10c3</PassBranchId>
				<PassBranchId>BRANCH_c2-4e-0-4c0ff9</PassBranchId>
				<PassBranchId>BRANCH_c2-4e-0-4c0f34</PassBranchId>
				<PassBranchId>BRANCH_c2-4e-0-4c0d05</PassBranchId>
				<PassBranchId>BRANCH_c2-4e-0-4c1076</PassBranchId>
				<PassBranchId>BRANCH_c2-4e-0-4c106f</PassBranchId>
				<PassBranchId>BRANCH_c2-4e-0-4c1075</PassBranchId>
				<PassBranchId>BRANCH_c2-4e-0-4c0de4</PassBranchId>
				<PassBranchId>BRANCH_1a-4e-0-18e01d0</PassBranchId>
				<PassBranchId>BRANCH_c2-4e-0-4c10c8</PassBranchId>
				<PassBranchId>BRANCH_eb-4e-0-678fca</PassBranchId>
				<PassBranchId>BRANCH_c2-4e-0-4c0e87</PassBranchId>
				<PassBranchId>BRANCH_c2-4e-0-4c0e8c</PassBranchId>
				<PassBranchId>BRANCH_c2-4e-0-4c0e7f</PassBranchId>
				<PassBranchId>BRANCH_c2-4e-0-4c0ef9</PassBranchId>
				<PassBranchId>BRANCH_c2-4e-0-4c0e70</PassBranchId>
				<PassBranchId>BRANCH_c2-4e-0-4c0e5c</PassBranchId>
				<EndBranchPosition id="BR_POS_1506" branchId="BRANCH_c2-4e-0-4c0d63" branchNodeId="BN_22204-180" offset="0"/>
			</BranchRoute>
		</WiringItem>
		<WiringItem xsi:type="Wire" id="WIRE_c2-c-0-48a8e3" name="VH469EVA" signalId="SIGNAL_18-36-0-2529a8" cableType="WIRE-2UKD-0.35" wireName="GN/BN" fromPinId="PIN_5f-18-0-126c23" toPinId="PIN_ce-18-0-206976">
			<AppRef name="E3.Series" version="2.14.0.0" guid="2032350c-bb70-42a0-b688-8bb42c9ace1e"/>
			<Property id="PROPERTY_14176" name="WIRE_LENGTH" value="1785"/>
			<Property id="PROPERTY_14177" name="WIRE_END2_MATL" value="(SN)"/>
			<Property id="PROPERTY_14178" name="WIRE_CSA" value="0.35"/>
			<Property id="PROPERTY_14179" name="WIRE_MIN_BEND_RADIUS" value="3"/>
			<Property id="PROPERTY_14180" name="WIRE_OPTION" value="AC_G &amp; HJGAY"/>
			<Property id="PROPERTY_14181" name="WIRE_DEV_PIN_1" value="C23-B1:22"/>
			<Property id="PROPERTY_14182" name="WIRE_COLOR" value="GN/BN"/>
			<Property id="PROPERTY_14183" name="WIRE_SPEC" value="2UKD"/>
			<Property id="PROPERTY_14184" name="WIRE_END1_MATL" value="(SN)"/>
			<Property id="PROPERTY_14185" name="WIRE_LEVEL" value="ZA/ZB/ZC/ZF"/>
			<Property id="PROPERTY_14186" name="WIRE_END1_TERM" value="9U5T-14474-DB"/>
			<Property id="PROPERTY_14187" name="WIRE_DEV_PIN_2" value="C2H101-EVBB:27"/>
			<Property id="PROPERTY_14188" name="WIRE_NAME" value="VH469EVA"/>
			<Property id="PROPERTY_14189" name="WIRE_END2_TERM" value="9U5T-14474-DB"/>
			<Property id="PROPERTY_14190" name="WIRE_SIGNAL" value="VH469"/>
			<Property id="PROPERTY_14191" name="HRN_FAMILY" value="14401"/>
			<Property id="PROPERTY_14192" name="WIRE_FPN" value="WIRE-2UKD-0.35-GN/BN"/>
			<Property id="PROPERTY_14193" name="WIRE_DIA_MAX" value="1.2"/>
			<Option id="OPTION_c2-c-0-48a8e3_1" value="AC_G &amp; HJGAY"/>
			<BranchRoute id="BRR_622">
				<StartBranchPosition id="BR_POS_1507" branchId="BRANCH_ff-4e-0-93e855" branchNodeId="BN_15376-136" offset="0"/>
				<PassBranchId>BRANCH_ff-4e-0-966b71</PassBranchId>
				<PassBranchId>BRANCH_ff-4e-0-93c7ce</PassBranchId>
				<PassBranchId>BRANCH_ff-4e-0-938110</PassBranchId>
				<PassBranchId>BRANCH_ff-4e-0-93810b</PassBranchId>
				<PassBranchId>BRANCH_ff-4e-0-936078</PassBranchId>
				<PassBranchId>BRANCH_c2-4e-0-4c10c3</PassBranchId>
				<PassBranchId>BRANCH_c2-4e-0-4c0ff9</PassBranchId>
				<PassBranchId>BRANCH_c2-4e-0-4c0f34</PassBranchId>
				<PassBranchId>BRANCH_c2-4e-0-4c0d05</PassBranchId>
				<PassBranchId>BRANCH_c2-4e-0-4c1076</PassBranchId>
				<PassBranchId>BRANCH_c2-4e-0-4c106f</PassBranchId>
				<PassBranchId>BRANCH_c2-4e-0-4c1075</PassBranchId>
				<PassBranchId>BRANCH_c2-4e-0-4c0de4</PassBranchId>
				<PassBranchId>BRANCH_1a-4e-0-18e01d0</PassBranchId>
				<PassBranchId>BRANCH_c2-4e-0-4c10c8</PassBranchId>
				<PassBranchId>BRANCH_eb-4e-0-678fca</PassBranchId>
				<PassBranchId>BRANCH_c2-4e-0-4c0e87</PassBranchId>
				<PassBranchId>BRANCH_c2-4e-0-4c0e8c</PassBranchId>
				<PassBranchId>BRANCH_c2-4e-0-4c0e7f</PassBranchId>
				<PassBranchId>BRANCH_c2-4e-0-4c0ef9</PassBranchId>
				<PassBranchId>BRANCH_c2-4e-0-4c0e70</PassBranchId>
				<PassBranchId>BRANCH_c2-4e-0-4c0e5c</PassBranchId>
				<EndBranchPosition id="BR_POS_1508" branchId="BRANCH_c2-4e-0-4c0d63" branchNodeId="BN_22204-180" offset="0"/>
			</BranchRoute>
		</WiringItem>
		<WiringItem xsi:type="Wire" id="WIRE_4d-c-0-3719ef" name="VH470A" signalId="SIGNAL_18-36-0-2529b4" cableType="WIRE-2UKD-0.35" wireName="WH/OG" fromPinId="PIN_b5-18-0-54b8" toPinId="PIN_f-18-0-f6a3">
			<AppRef name="E3.Series" version="2.13.7.0" guid="398035d9-83e9-412c-b807-6e11808d7f33"/>
			<Property id="PROPERTY_14194" name="WIRE_LENGTH" value="1490"/>
			<Property id="PROPERTY_14195" name="WIRE_END2_MATL" value="(SN)"/>
			<Property id="PROPERTY_14196" name="WIRE_CSA" value="0.35"/>
			<Property id="PROPERTY_14197" name="WIRE_MIN_BEND_RADIUS" value="3"/>
			<Property id="PROPERTY_14198" name="WIRE_OPTION" value="( AC_G | AC_B ) &amp; ( HJGAJ | HJGAX )"/>
			<Property id="PROPERTY_14199" name="WIRE_DEV_PIN_1" value="C23-B1:12"/>
			<Property id="PROPERTY_14200" name="WIRE_COLOR" value="WH/OG"/>
			<Property id="PROPERTY_14201" name="WIRE_SPEC" value="2UKD"/>
			<Property id="PROPERTY_14202" name="WIRE_END1_MATL" value="(SN)"/>
			<Property id="PROPERTY_14203" name="WIRE_LEVEL" value="(D-CAM)/(C-SHF)/(KWINV)/VA/ZD/ZH"/>
			<Property id="PROPERTY_14204" name="WIRE_END1_TERM" value="9U5T-14474-DB"/>
			<Property id="PROPERTY_14205" name="WIRE_DEV_PIN_2" value="C2H101-B:9"/>
			<Property id="PROPERTY_14206" name="WIRE_NAME" value="VH470A"/>
			<Property id="PROPERTY_14207" name="WIRE_END2_TERM" value="9U5T-14474-DB"/>
			<Property id="PROPERTY_14208" name="WIRE_SIGNAL" value="VH470"/>
			<Property id="PROPERTY_14209" name="HRN_FAMILY" value="14401"/>
			<Property id="PROPERTY_14210" name="WIRE_FPN" value="WIRE-2UKD-0.35-WH/OG"/>
			<Property id="PROPERTY_14211" name="WIRE_DIA_MAX" value="1.2"/>
			<Option id="OPTION_4d-c-0-3719ef_1" value="( AC_G | AC_B ) &amp; ( HJGAJ | HJGAX )"/>
			<BranchRoute id="BRR_623">
				<StartBranchPosition id="BR_POS_1509" branchId="BRANCH_c2-4e-0-4c0f3d" branchNodeId="BN_14728-219_961" offset="0"/>
				<PassBranchId>BRANCH_c2-4e-0-4c0f44</PassBranchId>
				<PassBranchId>BRANCH_c2-4e-0-4c10c3</PassBranchId>
				<PassBranchId>BRANCH_c2-4e-0-4c0ff9</PassBranchId>
				<PassBranchId>BRANCH_c2-4e-0-4c0f34</PassBranchId>
				<PassBranchId>BRANCH_c2-4e-0-4c0d05</PassBranchId>
				<PassBranchId>BRANCH_c2-4e-0-4c1076</PassBranchId>
				<PassBranchId>BRANCH_c2-4e-0-4c106f</PassBranchId>
				<PassBranchId>BRANCH_c2-4e-0-4c1075</PassBranchId>
				<PassBranchId>BRANCH_c2-4e-0-4c0de4</PassBranchId>
				<PassBranchId>BRANCH_1a-4e-0-18e01d0</PassBranchId>
				<PassBranchId>BRANCH_c2-4e-0-4c10c8</PassBranchId>
				<PassBranchId>BRANCH_eb-4e-0-678fca</PassBranchId>
				<PassBranchId>BRANCH_c2-4e-0-4c0e87</PassBranchId>
				<PassBranchId>BRANCH_c2-4e-0-4c0e8c</PassBranchId>
				<PassBranchId>BRANCH_c2-4e-0-4c0e7f</PassBranchId>
				<PassBranchId>BRANCH_c2-4e-0-4c0ef9</PassBranchId>
				<PassBranchId>BRANCH_c2-4e-0-4c0e70</PassBranchId>
				<PassBranchId>BRANCH_c2-4e-0-4c0e5c</PassBranchId>
				<EndBranchPosition id="BR_POS_1510" branchId="BRANCH_c2-4e-0-4c0d63" branchNodeId="BN_22204-180" offset="0"/>
			</BranchRoute>
		</WiringItem>
		<WiringItem xsi:type="Wire" id="WIRE_c2-c-0-48a904" name="VH470EVA" signalId="SIGNAL_18-36-0-2529b4" cableType="WIRE-2UKD-0.35" wireName="WH/OG" fromPinId="PIN_b5-18-0-54b8" toPinId="PIN_ce-18-0-20699e">
			<AppRef name="E3.Series" version="2.14.0.0" guid="0516c900-18f7-4eed-89ce-80e8097e229c"/>
			<Property id="PROPERTY_14212" name="WIRE_LENGTH" value="1785"/>
			<Property id="PROPERTY_14213" name="WIRE_END2_MATL" value="(SN)"/>
			<Property id="PROPERTY_14214" name="WIRE_CSA" value="0.35"/>
			<Property id="PROPERTY_14215" name="WIRE_MIN_BEND_RADIUS" value="3"/>
			<Property id="PROPERTY_14216" name="WIRE_OPTION" value="AC_G &amp; HJGAY"/>
			<Property id="PROPERTY_14217" name="WIRE_DEV_PIN_1" value="C23-B1:12"/>
			<Property id="PROPERTY_14218" name="WIRE_COLOR" value="WH/OG"/>
			<Property id="PROPERTY_14219" name="WIRE_SPEC" value="2UKD"/>
			<Property id="PROPERTY_14220" name="WIRE_END1_MATL" value="(SN)"/>
			<Property id="PROPERTY_14221" name="WIRE_LEVEL" value="ZA/ZB/ZC/ZF"/>
			<Property id="PROPERTY_14222" name="WIRE_END1_TERM" value="9U5T-14474-DB"/>
			<Property id="PROPERTY_14223" name="WIRE_DEV_PIN_2" value="C2H101-EVBB:9"/>
			<Property id="PROPERTY_14224" name="WIRE_NAME" value="VH470EVA"/>
			<Property id="PROPERTY_14225" name="WIRE_END2_TERM" value="9U5T-14474-DB"/>
			<Property id="PROPERTY_14226" name="WIRE_SIGNAL" value="VH470"/>
			<Property id="PROPERTY_14227" name="HRN_FAMILY" value="14401"/>
			<Property id="PROPERTY_14228" name="WIRE_FPN" value="WIRE-2UKD-0.35-WH/OG"/>
			<Property id="PROPERTY_14229" name="WIRE_DIA_MAX" value="1.2"/>
			<Option id="OPTION_c2-c-0-48a904_1" value="AC_G &amp; HJGAY"/>
			<BranchRoute id="BRR_624">
				<StartBranchPosition id="BR_POS_1511" branchId="BRANCH_ff-4e-0-93e855" branchNodeId="BN_15376-136" offset="0"/>
				<PassBranchId>BRANCH_ff-4e-0-966b71</PassBranchId>
				<PassBranchId>BRANCH_ff-4e-0-93c7ce</PassBranchId>
				<PassBranchId>BRANCH_ff-4e-0-938110</PassBranchId>
				<PassBranchId>BRANCH_ff-4e-0-93810b</PassBranchId>
				<PassBranchId>BRANCH_ff-4e-0-936078</PassBranchId>
				<PassBranchId>BRANCH_c2-4e-0-4c10c3</PassBranchId>
				<PassBranchId>BRANCH_c2-4e-0-4c0ff9</PassBranchId>
				<PassBranchId>BRANCH_c2-4e-0-4c0f34</PassBranchId>
				<PassBranchId>BRANCH_c2-4e-0-4c0d05</PassBranchId>
				<PassBranchId>BRANCH_c2-4e-0-4c1076</PassBranchId>
				<PassBranchId>BRANCH_c2-4e-0-4c106f</PassBranchId>
				<PassBranchId>BRANCH_c2-4e-0-4c1075</PassBranchId>
				<PassBranchId>BRANCH_c2-4e-0-4c0de4</PassBranchId>
				<PassBranchId>BRANCH_1a-4e-0-18e01d0</PassBranchId>
				<PassBranchId>BRANCH_c2-4e-0-4c10c8</PassBranchId>
				<PassBranchId>BRANCH_eb-4e-0-678fca</PassBranchId>
				<PassBranchId>BRANCH_c2-4e-0-4c0e87</PassBranchId>
				<PassBranchId>BRANCH_c2-4e-0-4c0e8c</PassBranchId>
				<PassBranchId>BRANCH_c2-4e-0-4c0e7f</PassBranchId>
				<PassBranchId>BRANCH_c2-4e-0-4c0ef9</PassBranchId>
				<PassBranchId>BRANCH_c2-4e-0-4c0e70</PassBranchId>
				<PassBranchId>BRANCH_c2-4e-0-4c0e5c</PassBranchId>
				<EndBranchPosition id="BR_POS_1512" branchId="BRANCH_c2-4e-0-4c0d63" branchNodeId="BN_22204-180" offset="0"/>
			</BranchRoute>
		</WiringItem>
		<WiringItem xsi:type="Wire" id="WIRE_b3-c-0-2b5c28" name="VH478AT" signalId="SIGNAL_18-36-0-25311d" cableType="WIRE-2UKD-0.35" wireName="BN/YE" fromPinId="PIN_f-18-0-f598" toPinId="PIN_b5-18-0-54b3">
			<AppRef name="E3.Series" version="2.14.0.0" guid="c227f094-b18a-4aac-af17-c2f4ed2226be"/>
			<Property id="PROPERTY_14230" name="WIRE_LENGTH" value="1535"/>
			<Property id="PROPERTY_14231" name="WIRE_END2_MATL" value="(SN)"/>
			<Property id="PROPERTY_14232" name="WIRE_CSA" value="0.35"/>
			<Property id="PROPERTY_14233" name="WIRE_MIN_BEND_RADIUS" value="3"/>
			<Property id="PROPERTY_14234" name="WIRE_OPTION" value="G1DAG"/>
			<Property id="PROPERTY_14235" name="WIRE_DEV_PIN_1" value="C2H101-A:7"/>
			<Property id="PROPERTY_14236" name="WIRE_COLOR" value="BN/YE"/>
			<Property id="PROPERTY_14237" name="WIRE_SPEC" value="2UKD"/>
			<Property id="PROPERTY_14238" name="WIRE_END1_MATL" value="(SN)"/>
			<Property id="PROPERTY_14239" name="WIRE_LEVEL" value="VA"/>
			<Property id="PROPERTY_14240" name="WIRE_END1_TERM" value="9U5T-14474-DB"/>
			<Property id="PROPERTY_14241" name="WIRE_DEV_PIN_2" value="C23-B1:7"/>
			<Property id="PROPERTY_14242" name="WIRE_NAME" value="VH478AT"/>
			<Property id="PROPERTY_14243" name="WIRE_END2_TERM" value="9U5T-14474-DB"/>
			<Property id="PROPERTY_14244" name="WIRE_SIGNAL" value="VMM36"/>
			<Property id="PROPERTY_14245" name="HRN_FAMILY" value="14401"/>
			<Property id="PROPERTY_14246" name="WIRE_FPN" value="WIRE-2UKD-0.35-BN/YE"/>
			<Property id="PROPERTY_14247" name="WIRE_DIA_MAX" value="1.2"/>
			<Option id="OPTION_b3-c-0-2b5c28_1" value="G1DAG"/>
			<BranchRoute id="BRR_625">
				<StartBranchPosition id="BR_POS_1513" branchId="BRANCH_c2-4e-0-4c0f41" branchNodeId="BN_13944-224" offset="0"/>
				<PassBranchId>BRANCH_c2-4e-0-4c0f40</PassBranchId>
				<PassBranchId>BRANCH_c2-4e-0-4c10c3</PassBranchId>
				<PassBranchId>BRANCH_c2-4e-0-4c0ff9</PassBranchId>
				<PassBranchId>BRANCH_c2-4e-0-4c0f34</PassBranchId>
				<PassBranchId>BRANCH_c2-4e-0-4c0d05</PassBranchId>
				<PassBranchId>BRANCH_c2-4e-0-4c1076</PassBranchId>
				<PassBranchId>BRANCH_c2-4e-0-4c106f</PassBranchId>
				<PassBranchId>BRANCH_c2-4e-0-4c1075</PassBranchId>
				<PassBranchId>BRANCH_c2-4e-0-4c0de4</PassBranchId>
				<PassBranchId>BRANCH_1a-4e-0-18e01d0</PassBranchId>
				<PassBranchId>BRANCH_c2-4e-0-4c10c8</PassBranchId>
				<PassBranchId>BRANCH_eb-4e-0-678fca</PassBranchId>
				<PassBranchId>BRANCH_c2-4e-0-4c0e87</PassBranchId>
				<PassBranchId>BRANCH_c2-4e-0-4c0e8c</PassBranchId>
				<PassBranchId>BRANCH_c2-4e-0-4c0e7f</PassBranchId>
				<PassBranchId>BRANCH_c2-4e-0-4c0ef9</PassBranchId>
				<PassBranchId>BRANCH_c2-4e-0-4c0e70</PassBranchId>
				<PassBranchId>BRANCH_c2-4e-0-4c0e5c</PassBranchId>
				<EndBranchPosition id="BR_POS_1514" branchId="BRANCH_c2-4e-0-4c0d63" branchNodeId="BN_22204-180" offset="0"/>
			</BranchRoute>
		</WiringItem>
		<WiringItem xsi:type="Wire" id="WIRE_95-c-0-e50d4" name="VLF14A" signalId="SIGNAL_2-36-0-4103" cableType="WIRE-2UKD-0.50" wireName="BU/BN" fromPinId="PIN_f-18-0-dbde" toPinId="PIN_3b-18-0-1d700">
			<AppRef name="E3.Series" version="2.13.7.0" guid="a4141a77-307d-40fa-97e5-33caf66e0b09"/>
			<Property id="PROPERTY_14248" name="WIRE_LENGTH" value="2375"/>
			<Property id="PROPERTY_14249" name="WIRE_END2_MATL" value="(SN)"/>
			<Property id="PROPERTY_14250" name="WIRE_CSA" value="0.5"/>
			<Property id="PROPERTY_14251" name="WIRE_MIN_BEND_RADIUS" value="3"/>
			<Property id="PROPERTY_14252" name="WIRE_OPTION" value="AC_B"/>
			<Property id="PROPERTY_14253" name="WIRE_DEV_PIN_1" value="C2AM02-B:24"/>
			<Property id="PROPERTY_14254" name="WIRE_COLOR" value="BU/BN"/>
			<Property id="PROPERTY_14255" name="WIRE_SPEC" value="2UKD"/>
			<Property id="PROPERTY_14256" name="WIRE_END1_MATL" value="(SN)"/>
			<Property id="PROPERTY_14257" name="WIRE_LEVEL" value="(S-ZN)"/>
			<Property id="PROPERTY_14258" name="WIRE_END1_TERM" value="9U5T-14474-DB"/>
			<Property id="PROPERTY_14259" name="WIRE_DEV_PIN_2" value="C2LF14:2"/>
			<Property id="PROPERTY_14260" name="WIRE_NAME" value="VLF14A"/>
			<Property id="PROPERTY_14261" name="WIRE_END2_TERM" value="9U5T-14474-MA"/>
			<Property id="PROPERTY_14262" name="WIRE_SIGNAL" value="VLF14"/>
			<Property id="PROPERTY_14263" name="HRN_FAMILY" value="14401"/>
			<Property id="PROPERTY_14264" name="WIRE_FPN" value="WIRE-2UKD-0.50-BU/BN"/>
			<Property id="PROPERTY_14265" name="WIRE_DIA_MAX" value="1.4"/>
			<Option id="OPTION_95-c-0-e50d4_1" value="AC_B"/>
			<BranchRoute id="BRR_626">
				<StartBranchPosition id="BR_POS_1515" branchId="BRANCH_c2-4e-0-4c0f63" branchNodeId="BN_11424-224" offset="0"/>
				<PassBranchId>BRANCH_c2-4e-0-4c0e50</PassBranchId>
				<PassBranchId>BRANCH_c2-4e-0-4c0ebc</PassBranchId>
				<PassBranchId>BRANCH_c2-4e-0-4c0eb6</PassBranchId>
				<PassBranchId>BRANCH_c2-4e-0-4c0fb7</PassBranchId>
				<PassBranchId>BRANCH_c2-4e-0-4c10a4</PassBranchId>
				<PassBranchId>BRANCH_c2-4e-0-4c0f7a</PassBranchId>
				<PassBranchId>BRANCH_35-4e-0-350133</PassBranchId>
				<PassBranchId>BRANCH_c2-4e-0-4c0f60</PassBranchId>
				<PassBranchId>BRANCH_c2-4e-0-4c1005</PassBranchId>
				<PassBranchId>BRANCH_c2-4e-0-4c0f45</PassBranchId>
				<PassBranchId>BRANCH_c2-4e-0-4c0dea</PassBranchId>
				<PassBranchId>BRANCH_c2-4e-0-4c0fd1</PassBranchId>
				<PassBranchId>BRANCH_c2-4e-0-4c0fe8</PassBranchId>
				<PassBranchId>BRANCH_c2-4e-0-4c1009</PassBranchId>
				<PassBranchId>BRANCH_c2-4e-0-4c10cb</PassBranchId>
				<PassBranchId>BRANCH_c2-4e-0-4c10ec</PassBranchId>
				<PassBranchId>BRANCH_c2-4e-0-4c0de4</PassBranchId>
				<PassBranchId>BRANCH_1a-4e-0-18e01d0</PassBranchId>
				<PassBranchId>BRANCH_c2-4e-0-4c10c8</PassBranchId>
				<PassBranchId>BRANCH_eb-4e-0-678fca</PassBranchId>
				<PassBranchId>BRANCH_c2-4e-0-4c0e87</PassBranchId>
				<PassBranchId>BRANCH_c2-4e-0-4c0e8c</PassBranchId>
				<PassBranchId>BRANCH_c2-4e-0-4c0e7f</PassBranchId>
				<PassBranchId>BRANCH_c2-4e-0-4c102d</PassBranchId>
				<PassBranchId>BRANCH_c2-4e-0-4c1030</PassBranchId>
				<PassBranchId>BRANCH_c2-4e-0-4c0e6d</PassBranchId>
				<PassBranchId>BRANCH_c2-4e-0-4c0fdc</PassBranchId>
				<PassBranchId>BRANCH_c2-4e-0-4c0efe</PassBranchId>
				<PassBranchId>BRANCH_c2-4e-0-4c0df1</PassBranchId>
				<EndBranchPosition id="BR_POS_1516" branchId="BRANCH_c2-4e-0-4c0f01" branchNodeId="BN_23840-236" offset="0"/>
			</BranchRoute>
		</WiringItem>
		<WiringItem xsi:type="Wire" id="WIRE_95-c-0-e5104" name="VLF14B" signalId="SIGNAL_2-36-0-4103" cableType="WIRE-2UKD-0.35" wireName="BU/BN" fromPinId="PIN_38-18-0-13c57" toPinId="PIN_f-18-0-dbde">
			<AppRef name="E3.Series" version="2.13.7.0" guid="b27cdf10-4df1-41b7-afb1-3400c7cefc02"/>
			<Property id="PROPERTY_14266" name="WIRE_LENGTH" value="2375"/>
			<Property id="PROPERTY_14267" name="WIRE_END2_MATL" value="(SN)"/>
			<Property id="PROPERTY_14268" name="WIRE_CSA" value="0.35"/>
			<Property id="PROPERTY_14269" name="WIRE_MIN_BEND_RADIUS" value="3"/>
			<Property id="PROPERTY_14270" name="WIRE_OPTION" value="AC_G"/>
			<Property id="PROPERTY_14271" name="WIRE_DEV_PIN_1" value="C2H415:2"/>
			<Property id="PROPERTY_14272" name="WIRE_COLOR" value="BU/BN"/>
			<Property id="PROPERTY_14273" name="WIRE_SPEC" value="2UKD"/>
			<Property id="PROPERTY_14274" name="WIRE_END1_MATL" value="(SN)"/>
			<Property id="PROPERTY_14275" name="WIRE_LEVEL" value="(D-ZN)"/>
			<Property id="PROPERTY_14276" name="WIRE_END1_TERM" value="3F2T-14474-SA"/>
			<Property id="PROPERTY_14277" name="WIRE_DEV_PIN_2" value="C2AM02-B:24"/>
			<Property id="PROPERTY_14278" name="WIRE_NAME" value="VLF14B"/>
			<Property id="PROPERTY_14279" name="WIRE_END2_TERM" value="9U5T-14474-DB"/>
			<Property id="PROPERTY_14280" name="WIRE_SIGNAL" value="VLF14"/>
			<Property id="PROPERTY_14281" name="HRN_FAMILY" value="14401"/>
			<Property id="PROPERTY_14282" name="WIRE_FPN" value="WIRE-2UKD-0.35-BU/BN"/>
			<Property id="PROPERTY_14283" name="WIRE_DIA_MAX" value="1.2"/>
			<Option id="OPTION_95-c-0-e5104_1" value="AC_G"/>
			<BranchRoute id="BRR_627">
				<StartBranchPosition id="BR_POS_1517" branchId="BRANCH_c2-4e-0-4c0eb2" branchNodeId="BN_11304-132" offset="0"/>
				<PassBranchId>BRANCH_c2-4e-0-4c0eb5</PassBranchId>
				<PassBranchId>BRANCH_c2-4e-0-4c0ebc</PassBranchId>
				<PassBranchId>BRANCH_c2-4e-0-4c0eb6</PassBranchId>
				<PassBranchId>BRANCH_c2-4e-0-4c0fb7</PassBranchId>
				<PassBranchId>BRANCH_c2-4e-0-4c10a4</PassBranchId>
				<PassBranchId>BRANCH_c2-4e-0-4c0f7a</PassBranchId>
				<PassBranchId>BRANCH_35-4e-0-350133</PassBranchId>
				<PassBranchId>BRANCH_c2-4e-0-4c0f60</PassBranchId>
				<PassBranchId>BRANCH_c2-4e-0-4c1005</PassBranchId>
				<PassBranchId>BRANCH_c2-4e-0-4c0f45</PassBranchId>
				<PassBranchId>BRANCH_c2-4e-0-4c0dea</PassBranchId>
				<PassBranchId>BRANCH_c2-4e-0-4c0fd1</PassBranchId>
				<PassBranchId>BRANCH_c2-4e-0-4c0fe8</PassBranchId>
				<PassBranchId>BRANCH_c2-4e-0-4c1009</PassBranchId>
				<PassBranchId>BRANCH_c2-4e-0-4c10cb</PassBranchId>
				<PassBranchId>BRANCH_c2-4e-0-4c10ec</PassBranchId>
				<PassBranchId>BRANCH_c2-4e-0-4c0de4</PassBranchId>
				<PassBranchId>BRANCH_1a-4e-0-18e01d0</PassBranchId>
				<PassBranchId>BRANCH_c2-4e-0-4c10c8</PassBranchId>
				<PassBranchId>BRANCH_eb-4e-0-678fca</PassBranchId>
				<PassBranchId>BRANCH_c2-4e-0-4c0e87</PassBranchId>
				<PassBranchId>BRANCH_c2-4e-0-4c0e8c</PassBranchId>
				<PassBranchId>BRANCH_c2-4e-0-4c0e7f</PassBranchId>
				<PassBranchId>BRANCH_c2-4e-0-4c102d</PassBranchId>
				<PassBranchId>BRANCH_c2-4e-0-4c1030</PassBranchId>
				<PassBranchId>BRANCH_c2-4e-0-4c0e6d</PassBranchId>
				<PassBranchId>BRANCH_c2-4e-0-4c0fdc</PassBranchId>
				<PassBranchId>BRANCH_c2-4e-0-4c0efe</PassBranchId>
				<PassBranchId>BRANCH_c2-4e-0-4c0df1</PassBranchId>
				<EndBranchPosition id="BR_POS_1518" branchId="BRANCH_c2-4e-0-4c0f01" branchNodeId="BN_23840-236" offset="0"/>
			</BranchRoute>
		</WiringItem>
		<WiringItem xsi:type="Wire" id="WIRE_91-c-0-27a215" name="VLF15A" signalId="SIGNAL_2-36-0-4104" cableType="WIRE-2UKD-0.35" wireName="GN" fromPinId="PIN_7f-18-0-521302" toPinId="PIN_b5-18-0-5563">
			<AppRef name="E3.Series" version="2.13.7.0" guid="27a11262-798f-4ba8-8f7a-fc4f5093cb24"/>
			<Property id="PROPERTY_14284" name="WIRE_LENGTH" value="1875"/>
			<Property id="PROPERTY_14285" name="WIRE_END2_MATL" value="(SN)"/>
			<Property id="PROPERTY_14286" name="WIRE_CSA" value="0.35"/>
			<Property id="PROPERTY_14287" name="WIRE_MIN_BEND_RADIUS" value="3"/>
			<Property id="PROPERTY_14288" name="WIRE_OPTION" value="JBBA8 | JBBBH | JBBBJ | JBBBN"/>
			<Property id="PROPERTY_14289" name="WIRE_DEV_PIN_1" value="C2LF44:12"/>
			<Property id="PROPERTY_14290" name="WIRE_COLOR" value="GN"/>
			<Property id="PROPERTY_14291" name="WIRE_SPEC" value="2UKD"/>
			<Property id="PROPERTY_14292" name="WIRE_END1_MATL" value="(SN)"/>
			<Property id="PROPERTY_14293" name="WIRE_LEVEL" value="(CNSL-HI)/(A-STR)/VA/XM/YN"/>
			<Property id="PROPERTY_14294" name="WIRE_END1_TERM" value="DU5T-14474-BA"/>
			<Property id="PROPERTY_14295" name="WIRE_DEV_PIN_2" value="C12-B2:18"/>
			<Property id="PROPERTY_14296" name="WIRE_NAME" value="VLF15A"/>
			<Property id="PROPERTY_14297" name="WIRE_END2_TERM" value="9U5T-14474-DB"/>
			<Property id="PROPERTY_14298" name="WIRE_SIGNAL" value="VLF15"/>
			<Property id="PROPERTY_14299" name="HRN_FAMILY" value="14401"/>
			<Property id="PROPERTY_14300" name="WIRE_FPN" value="WIRE-2UKD-0.35-GN"/>
			<Property id="PROPERTY_14301" name="WIRE_DIA_MAX" value="1.2"/>
			<Option id="OPTION_91-c-0-27a215_1" value="JBBA8 | JBBBH | JBBBJ | JBBBN"/>
			<BranchRoute id="BRR_628">
				<StartBranchPosition id="BR_POS_1519" branchId="BRANCH_c2-4e-0-4c0d7f" branchNodeId="BN_9256-192" offset="0"/>
				<PassBranchId>BRANCH_c2-4e-0-4c104c</PassBranchId>
				<PassBranchId>BRANCH_c2-4e-0-4c1049</PassBranchId>
				<PassBranchId>BRANCH_c2-4e-0-4c1046</PassBranchId>
				<PassBranchId>BRANCH_c2-4e-0-4c1044</PassBranchId>
				<PassBranchId>BRANCH_c2-4e-0-4c0fb4</PassBranchId>
				<PassBranchId>BRANCH_c2-4e-0-4c0f7e</PassBranchId>
				<PassBranchId>BRANCH_c2-4e-0-4c1005</PassBranchId>
				<PassBranchId>BRANCH_c2-4e-0-4c0f45</PassBranchId>
				<PassBranchId>BRANCH_c2-4e-0-4c0dea</PassBranchId>
				<PassBranchId>BRANCH_c2-4e-0-4c0fd1</PassBranchId>
				<PassBranchId>BRANCH_c2-4e-0-4c0fe8</PassBranchId>
				<PassBranchId>BRANCH_c2-4e-0-4c1009</PassBranchId>
				<PassBranchId>BRANCH_c2-4e-0-4c10cb</PassBranchId>
				<PassBranchId>BRANCH_c2-4e-0-4c10ec</PassBranchId>
				<PassBranchId>BRANCH_c2-4e-0-4c0de4</PassBranchId>
				<PassBranchId>BRANCH_1a-4e-0-18e01d0</PassBranchId>
				<PassBranchId>BRANCH_c2-4e-0-4c10c8</PassBranchId>
				<PassBranchId>BRANCH_eb-4e-0-678fca</PassBranchId>
				<PassBranchId>BRANCH_c2-4e-0-4c0e87</PassBranchId>
				<PassBranchId>BRANCH_c2-4e-0-4c0e8c</PassBranchId>
				<PassBranchId>BRANCH_c2-4e-0-4c0e7f</PassBranchId>
				<PassBranchId>BRANCH_c2-4e-0-4c0ef9</PassBranchId>
				<PassBranchId>BRANCH_c2-4e-0-4c0e70</PassBranchId>
				<PassBranchId>BRANCH_c2-4e-0-4c0d66</PassBranchId>
				<PassBranchId>BRANCH_c2-4e-0-4c0fe2</PassBranchId>
				<PassBranchId>BRANCH_c2-4e-0-4c0d5d</PassBranchId>
				<PassBranchId>BRANCH_c2-4e-0-4c0e62</PassBranchId>
				<EndBranchPosition id="BR_POS_1520" branchId="BRANCH_c2-4e-0-4c0d54" branchNodeId="BN_21712-184" offset="0"/>
			</BranchRoute>
		</WiringItem>
		<WiringItem xsi:type="Wire" id="WIRE_91-c-0-2868d2" name="VLF16A" signalId="SIGNAL_2-36-0-4105" cableType="WIRE-2UKD-0.35" wireName="WH/BN" fromPinId="PIN_7f-18-0-5212f0" toPinId="PIN_b5-18-0-5350">
			<AppRef name="E3.Series" version="2.13.7.0" guid="0ced8c73-9afe-47fd-8a29-27b64422cade"/>
			<Property id="PROPERTY_14302" name="WIRE_LENGTH" value="1385"/>
			<Property id="PROPERTY_14303" name="WIRE_END2_MATL" value="(SN)"/>
			<Property id="PROPERTY_14304" name="WIRE_CSA" value="0.35"/>
			<Property id="PROPERTY_14305" name="WIRE_MIN_BEND_RADIUS" value="3"/>
			<Property id="PROPERTY_14306" name="WIRE_OPTION" value="JBBA8 | JBBBH | JBBBJ | JBBBN"/>
			<Property id="PROPERTY_14307" name="WIRE_DEV_PIN_1" value="C2LF44:11"/>
			<Property id="PROPERTY_14308" name="WIRE_COLOR" value="WH/BN"/>
			<Property id="PROPERTY_14309" name="WIRE_SPEC" value="2UKD"/>
			<Property id="PROPERTY_14310" name="WIRE_END1_MATL" value="(SN)"/>
			<Property id="PROPERTY_14311" name="WIRE_LEVEL" value="(CNSL-HI)/(A-STR)/VA/XM/YN"/>
			<Property id="PROPERTY_14312" name="WIRE_END1_TERM" value="DU5T-14474-BA"/>
			<Property id="PROPERTY_14313" name="WIRE_DEV_PIN_2" value="C23-C1:14"/>
			<Property id="PROPERTY_14314" name="WIRE_NAME" value="VLF16A"/>
			<Property id="PROPERTY_14315" name="WIRE_END2_TERM" value="9U5T-14474-DB"/>
			<Property id="PROPERTY_14316" name="WIRE_SIGNAL" value="VLF16"/>
			<Property id="PROPERTY_14317" name="HRN_FAMILY" value="14401"/>
			<Property id="PROPERTY_14318" name="WIRE_FPN" value="WIRE-2UKD-0.35-WH/BN"/>
			<Property id="PROPERTY_14319" name="WIRE_DIA_MAX" value="1.2"/>
			<Option id="OPTION_91-c-0-2868d2_1" value="JBBA8 | JBBBH | JBBBJ | JBBBN"/>
			<BranchRoute id="BRR_629">
				<StartBranchPosition id="BR_POS_1521" branchId="BRANCH_c2-4e-0-4c0de1" branchNodeId="BN_79_9-190_058" offset="0"/>
				<PassBranchId>BRANCH_c2-4e-0-4c0ddd</PassBranchId>
				<PassBranchId>BRANCH_c2-4e-0-4c10dd</PassBranchId>
				<PassBranchId>BRANCH_c2-4e-0-4c1020</PassBranchId>
				<PassBranchId>BRANCH_c2-4e-0-4c1021</PassBranchId>
				<PassBranchId>BRANCH_c2-4e-0-4c10e7</PassBranchId>
				<PassBranchId>BRANCH_c2-4e-0-4c0fc5</PassBranchId>
				<PassBranchId>BRANCH_c2-4e-0-4c0fce</PassBranchId>
				<PassBranchId>BRANCH_c2-4e-0-4c0d1d</PassBranchId>
				<PassBranchId>BRANCH_35-4e-0-2efaf8</PassBranchId>
				<PassBranchId>BRANCH_c2-4e-0-4c10c0</PassBranchId>
				<PassBranchId>BRANCH_c2-4e-0-4c0fc8</PassBranchId>
				<PassBranchId>BRANCH_c2-4e-0-4c108d</PassBranchId>
				<PassBranchId>BRANCH_c2-4e-0-4c0d88</PassBranchId>
				<PassBranchId>BRANCH_c2-4e-0-4c109a</PassBranchId>
				<PassBranchId>BRANCH_c2-4e-0-4c0e16</PassBranchId>
				<PassBranchId>BRANCH_c2-4e-0-4c0fcb</PassBranchId>
				<PassBranchId>BRANCH_c2-4e-0-4c0f45</PassBranchId>
				<PassBranchId>BRANCH_c2-4e-0-4c1005</PassBranchId>
				<PassBranchId>BRANCH_c2-4e-0-4c0f7e</PassBranchId>
				<PassBranchId>BRANCH_c2-4e-0-4c0fb4</PassBranchId>
				<PassBranchId>BRANCH_c2-4e-0-4c1044</PassBranchId>
				<PassBranchId>BRANCH_c2-4e-0-4c1046</PassBranchId>
				<PassBranchId>BRANCH_c2-4e-0-4c1049</PassBranchId>
				<PassBranchId>BRANCH_c2-4e-0-4c104c</PassBranchId>
				<EndBranchPosition id="BR_POS_1522" branchId="BRANCH_c2-4e-0-4c0d7f" branchNodeId="BN_9256-192" offset="0"/>
			</BranchRoute>
		</WiringItem>
		<WiringItem xsi:type="Wire" id="WIRE_87-c-0-1b9958" name="VLF32D" signalId="SIGNAL_2-36-0-4108" cableType="WIRE-2UKD-0.35" wireName="YE" fromPinId="PIN_b5-18-0-5502" toPinId="PIN_7f-18-0-5212d2">
			<AppRef name="E3.Series" version="2.13.7.0" guid="04828686-82d0-45df-aba1-8a3f9feec8b8"/>
			<Property id="PROPERTY_14320" name="WIRE_LENGTH" value="1825"/>
			<Property id="PROPERTY_14321" name="WIRE_END2_MATL" value="(SN)"/>
			<Property id="PROPERTY_14322" name="WIRE_CSA" value="0.35"/>
			<Property id="PROPERTY_14323" name="WIRE_MIN_BEND_RADIUS" value="3"/>
			<Property id="PROPERTY_14324" name="WIRE_OPTION" value="JBBA8 | JBBBH | JBBBJ | JBBBN"/>
			<Property id="PROPERTY_14325" name="WIRE_DEV_PIN_1" value="C12-A2:4"/>
			<Property id="PROPERTY_14326" name="WIRE_COLOR" value="YE"/>
			<Property id="PROPERTY_14327" name="WIRE_SPEC" value="2UKD"/>
			<Property id="PROPERTY_14328" name="WIRE_END1_MATL" value="(SN)"/>
			<Property id="PROPERTY_14329" name="WIRE_LEVEL" value="(CNSL-HI)/(A-STR)/VA/XM/YN"/>
			<Property id="PROPERTY_14330" name="WIRE_END1_TERM" value="8U5T-14474-BB"/>
			<Property id="PROPERTY_14331" name="WIRE_DEV_PIN_2" value="C2LF44:1"/>
			<Property id="PROPERTY_14332" name="WIRE_NAME" value="VLF32D"/>
			<Property id="PROPERTY_14333" name="WIRE_END2_TERM" value="DU5T-14474-BA"/>
			<Property id="PROPERTY_14334" name="WIRE_SIGNAL" value="VLF32"/>
			<Property id="PROPERTY_14335" name="HRN_FAMILY" value="14401"/>
			<Property id="PROPERTY_14336" name="WIRE_FPN" value="WIRE-2UKD-0.35-YE"/>
			<Property id="PROPERTY_14337" name="WIRE_DIA_MAX" value="1.2"/>
			<Option id="OPTION_87-c-0-1b9958_1" value="JBBA8 | JBBBH | JBBBJ | JBBBN"/>
			<BranchRoute id="BRR_630">
				<StartBranchPosition id="BR_POS_1523" branchId="BRANCH_c2-4e-0-4c0d7f" branchNodeId="BN_9256-192" offset="0"/>
				<PassBranchId>BRANCH_c2-4e-0-4c104c</PassBranchId>
				<PassBranchId>BRANCH_c2-4e-0-4c1049</PassBranchId>
				<PassBranchId>BRANCH_c2-4e-0-4c1046</PassBranchId>
				<PassBranchId>BRANCH_c2-4e-0-4c1044</PassBranchId>
				<PassBranchId>BRANCH_c2-4e-0-4c0fb4</PassBranchId>
				<PassBranchId>BRANCH_c2-4e-0-4c0f7e</PassBranchId>
				<PassBranchId>BRANCH_c2-4e-0-4c1005</PassBranchId>
				<PassBranchId>BRANCH_c2-4e-0-4c0f45</PassBranchId>
				<PassBranchId>BRANCH_c2-4e-0-4c0dea</PassBranchId>
				<PassBranchId>BRANCH_c2-4e-0-4c0fd1</PassBranchId>
				<PassBranchId>BRANCH_c2-4e-0-4c0fe8</PassBranchId>
				<PassBranchId>BRANCH_c2-4e-0-4c1009</PassBranchId>
				<PassBranchId>BRANCH_c2-4e-0-4c10cb</PassBranchId>
				<PassBranchId>BRANCH_c2-4e-0-4c10ec</PassBranchId>
				<PassBranchId>BRANCH_c2-4e-0-4c0de4</PassBranchId>
				<PassBranchId>BRANCH_1a-4e-0-18e01d0</PassBranchId>
				<PassBranchId>BRANCH_c2-4e-0-4c10c8</PassBranchId>
				<PassBranchId>BRANCH_eb-4e-0-678fca</PassBranchId>
				<PassBranchId>BRANCH_c2-4e-0-4c0e87</PassBranchId>
				<PassBranchId>BRANCH_c2-4e-0-4c0e8c</PassBranchId>
				<PassBranchId>BRANCH_c2-4e-0-4c0e7f</PassBranchId>
				<PassBranchId>BRANCH_c2-4e-0-4c0ef9</PassBranchId>
				<PassBranchId>BRANCH_c2-4e-0-4c0e70</PassBranchId>
				<PassBranchId>BRANCH_c2-4e-0-4c0d66</PassBranchId>
				<PassBranchId>BRANCH_c2-4e-0-4c0e5f</PassBranchId>
				<EndBranchPosition id="BR_POS_1524" branchId="BRANCH_c2-4e-0-4c0d60" branchNodeId="BN_22052-256" offset="0"/>
			</BranchRoute>
		</WiringItem>
		<WiringItem xsi:type="Wire" id="WIRE_87-c-0-1c3495" name="VLF33D" signalId="SIGNAL_2-36-0-4109" cableType="WIRE-2UKD-0.35" wireName="BU" fromPinId="PIN_b5-18-0-5504" toPinId="PIN_7f-18-0-521314">
			<AppRef name="E3.Series" version="2.13.7.0" guid="d76a94f1-9ff5-4863-b78b-077f1bc0ccae"/>
			<Property id="PROPERTY_14338" name="WIRE_LENGTH" value="1825"/>
			<Property id="PROPERTY_14339" name="WIRE_END2_MATL" value="(SN)"/>
			<Property id="PROPERTY_14340" name="WIRE_CSA" value="0.35"/>
			<Property id="PROPERTY_14341" name="WIRE_MIN_BEND_RADIUS" value="3"/>
			<Property id="PROPERTY_14342" name="WIRE_OPTION" value="JBBA8 | JBBBH | JBBBJ | JBBBN"/>
			<Property id="PROPERTY_14343" name="WIRE_DEV_PIN_1" value="C12-A2:6"/>
			<Property id="PROPERTY_14344" name="WIRE_COLOR" value="BU"/>
			<Property id="PROPERTY_14345" name="WIRE_SPEC" value="2UKD"/>
			<Property id="PROPERTY_14346" name="WIRE_END1_MATL" value="(SN)"/>
			<Property id="PROPERTY_14347" name="WIRE_LEVEL" value="(CNSL-HI)/(A-STR)/VA/XM/YN"/>
			<Property id="PROPERTY_14348" name="WIRE_END1_TERM" value="8U5T-14474-BB"/>
			<Property id="PROPERTY_14349" name="WIRE_DEV_PIN_2" value="C2LF44:6"/>
			<Property id="PROPERTY_14350" name="WIRE_NAME" value="VLF33D"/>
			<Property id="PROPERTY_14351" name="WIRE_END2_TERM" value="DU5T-14474-BA"/>
			<Property id="PROPERTY_14352" name="WIRE_SIGNAL" value="VLF33"/>
			<Property id="PROPERTY_14353" name="HRN_FAMILY" value="14401"/>
			<Property id="PROPERTY_14354" name="WIRE_FPN" value="WIRE-2UKD-0.35-BU"/>
			<Property id="PROPERTY_14355" name="WIRE_DIA_MAX" value="1.2"/>
			<Option id="OPTION_87-c-0-1c3495_1" value="JBBA8 | JBBBH | JBBBJ | JBBBN"/>
			<BranchRoute id="BRR_631">
				<StartBranchPosition id="BR_POS_1525" branchId="BRANCH_c2-4e-0-4c0d7f" branchNodeId="BN_9256-192" offset="0"/>
				<PassBranchId>BRANCH_c2-4e-0-4c104c</PassBranchId>
				<PassBranchId>BRANCH_c2-4e-0-4c1049</PassBranchId>
				<PassBranchId>BRANCH_c2-4e-0-4c1046</PassBranchId>
				<PassBranchId>BRANCH_c2-4e-0-4c1044</PassBranchId>
				<PassBranchId>BRANCH_c2-4e-0-4c0fb4</PassBranchId>
				<PassBranchId>BRANCH_c2-4e-0-4c0f7e</PassBranchId>
				<PassBranchId>BRANCH_c2-4e-0-4c1005</PassBranchId>
				<PassBranchId>BRANCH_c2-4e-0-4c0f45</PassBranchId>
				<PassBranchId>BRANCH_c2-4e-0-4c0dea</PassBranchId>
				<PassBranchId>BRANCH_c2-4e-0-4c0fd1</PassBranchId>
				<PassBranchId>BRANCH_c2-4e-0-4c0fe8</PassBranchId>
				<PassBranchId>BRANCH_c2-4e-0-4c1009</PassBranchId>
				<PassBranchId>BRANCH_c2-4e-0-4c10cb</PassBranchId>
				<PassBranchId>BRANCH_c2-4e-0-4c10ec</PassBranchId>
				<PassBranchId>BRANCH_c2-4e-0-4c0de4</PassBranchId>
				<PassBranchId>BRANCH_1a-4e-0-18e01d0</PassBranchId>
				<PassBranchId>BRANCH_c2-4e-0-4c10c8</PassBranchId>
				<PassBranchId>BRANCH_eb-4e-0-678fca</PassBranchId>
				<PassBranchId>BRANCH_c2-4e-0-4c0e87</PassBranchId>
				<PassBranchId>BRANCH_c2-4e-0-4c0e8c</PassBranchId>
				<PassBranchId>BRANCH_c2-4e-0-4c0e7f</PassBranchId>
				<PassBranchId>BRANCH_c2-4e-0-4c0ef9</PassBranchId>
				<PassBranchId>BRANCH_c2-4e-0-4c0e70</PassBranchId>
				<PassBranchId>BRANCH_c2-4e-0-4c0d66</PassBranchId>
				<PassBranchId>BRANCH_c2-4e-0-4c0e5f</PassBranchId>
				<EndBranchPosition id="BR_POS_1526" branchId="BRANCH_c2-4e-0-4c0d60" branchNodeId="BN_22052-256" offset="0"/>
			</BranchRoute>
		</WiringItem>
		<WiringItem xsi:type="Wire" id="WIRE_95-c-0-e5b9e" name="VLN04A" signalId="SIGNAL_2-36-0-4111" cableType="WIRE-2UKD-0.35" wireName="VT/GY" fromPinId="PIN_f-18-0-dc1d" toPinId="PIN_42-1e-0-8eb55">
			<AppRef name="E3.Series" version="2.13.7.0" guid="09fe9086-8b93-4acb-ad2b-7f457c194f2b"/>
			<Property id="PROPERTY_14394" name="WIRE_LENGTH" value="1740"/>
			<Property id="PROPERTY_14395" name="WIRE_CSA" value="0.35"/>
			<Property id="PROPERTY_14396" name="WIRE_MIN_BEND_RADIUS" value="3"/>
			<Property id="PROPERTY_14397" name="WIRE_LEVEL" value="(ALL)"/>
			<Property id="PROPERTY_14398" name="WIRE_DEV_PIN_1" value="C2AM02-B:45"/>
			<Property id="PROPERTY_14399" name="WIRE_COLOR" value="VT/GY"/>
			<Property id="PROPERTY_14400" name="WIRE_SPEC" value="2UKD"/>
			<Property id="PROPERTY_14401" name="WIRE_END1_MATL" value="(SN)"/>
			<Property id="PROPERTY_14402" name="WIRE_END1_TERM" value="9U5T-14474-DB"/>
			<Property id="PROPERTY_14403" name="WIRE_DEV_PIN_2" value="S2LN04-A:1"/>
			<Property id="PROPERTY_14404" name="WIRE_NAME" value="VLN04A"/>
			<Property id="PROPERTY_14405" name="WIRE_SIGNAL" value="VLN04"/>
			<Property id="PROPERTY_14406" name="HRN_FAMILY" value="14401"/>
			<Property id="PROPERTY_14407" name="WIRE_FPN" value="WIRE-2UKD-0.35-VT/GY"/>
			<Property id="PROPERTY_14408" name="WIRE_DIA_MAX" value="1.2"/>
			<BranchRoute id="BRR_634">
				<StartBranchPosition id="BR_POS_1531" branchId="BRANCH_c2-4e-0-4c0def" branchNodeId="BN_7639_9-134_058" offset="0"/>
				<PassBranchId>BRANCH_c2-4e-0-4c109a</PassBranchId>
				<PassBranchId>BRANCH_c2-4e-0-4c0e16</PassBranchId>
				<PassBranchId>BRANCH_c2-4e-0-4c0fcb</PassBranchId>
				<PassBranchId>BRANCH_c2-4e-0-4c0dea</PassBranchId>
				<PassBranchId>BRANCH_c2-4e-0-4c0fd1</PassBranchId>
				<PassBranchId>BRANCH_c2-4e-0-4c0fe8</PassBranchId>
				<PassBranchId>BRANCH_c2-4e-0-4c1009</PassBranchId>
				<PassBranchId>BRANCH_c2-4e-0-4c10cb</PassBranchId>
				<PassBranchId>BRANCH_c2-4e-0-4c10ec</PassBranchId>
				<PassBranchId>BRANCH_c2-4e-0-4c0de4</PassBranchId>
				<PassBranchId>BRANCH_1a-4e-0-18e01d0</PassBranchId>
				<PassBranchId>BRANCH_c2-4e-0-4c10c8</PassBranchId>
				<PassBranchId>BRANCH_eb-4e-0-678fca</PassBranchId>
				<PassBranchId>BRANCH_c2-4e-0-4c0e87</PassBranchId>
				<PassBranchId>BRANCH_c2-4e-0-4c0e8c</PassBranchId>
				<PassBranchId>BRANCH_c2-4e-0-4c0e7f</PassBranchId>
				<PassBranchId>BRANCH_c2-4e-0-4c102d</PassBranchId>
				<PassBranchId>BRANCH_c2-4e-0-4c1030</PassBranchId>
				<PassBranchId>BRANCH_c2-4e-0-4c0e6d</PassBranchId>
				<PassBranchId>BRANCH_c2-4e-0-4c0fdc</PassBranchId>
				<PassBranchId>BRANCH_c2-4e-0-4c0efe</PassBranchId>
				<PassBranchId>BRANCH_c2-4e-0-4c0df1</PassBranchId>
				<EndBranchPosition id="BR_POS_1532" branchId="BRANCH_c2-4e-0-4c0f01" branchNodeId="BN_23840-236" offset="0"/>
			</BranchRoute>
		</WiringItem>
		<WiringItem xsi:type="Wire" id="WIRE_3b-c-0-1269756" name="A_SBP29A" signalId="SIGNAL_13-36-0-2cd34d" cableType="WIRE-2UKD-0.75" wireName="GY/RD" fromPinId="PIN_ff-18-0-49203e" toPinId="PIN_f-18-0-db33">
			<AppRef name="E3.Series" version="2.13.7.0" guid="7757865b-db47-47e6-a514-e88d79e3cd6b"/>
			<Property id="PROPERTY_5223" name="WIRE_LENGTH" value="1505"/>
			<Property id="PROPERTY_5224" name="WIRE_END2_MATL" value="(SN)"/>
			<Property id="PROPERTY_5225" name="WIRE_CSA" value="0.75"/>
			<Property id="PROPERTY_5226" name="WIRE_MIN_BEND_RADIUS" value="3"/>
			<Property id="PROPERTY_5227" name="WIRE_OPTION" value="HJGAX"/>
			<Property id="PROPERTY_5228" name="WIRE_DEV_PIN_1" value="C22-SW1:16"/>
			<Property id="PROPERTY_5229" name="WIRE_COLOR" value="GY/RD"/>
			<Property id="PROPERTY_5230" name="WIRE_SPEC" value="2UKD"/>
			<Property id="PROPERTY_5231" name="WIRE_END1_MATL" value="(SN)"/>
			<Property id="PROPERTY_5232" name="WIRE_LEVEL" value="(CNSL-HI)/(A-STR)/AH/AJ/AK/AL/AM/AN/AP/AR/BH/BJ/CB/CC/CD/CE/VA/XJ/XL/XM/XS/YC/YD/YG/YH/YK/YL/YN/YP"/>
			<Property id="PROPERTY_5233" name="WIRE_LEVEL" value="YR/YU/YV/ZD/ZE/ZG/ZH"/>
			<Property id="PROPERTY_5234" name="WIRE_END1_TERM" value="9U5T-14421-CA"/>
			<Property id="PROPERTY_5235" name="WIRE_DEV_PIN_2" value="C2AM02-A:17"/>
			<Property id="PROPERTY_5236" name="WIRE_NAME" value="A_SBP29A"/>
			<Property id="PROPERTY_5237" name="WIRE_END2_TERM" value="*DU5T-14474-PBB"/>
			<Property id="PROPERTY_5238" name="WIRE_SIGNAL" value="A_SBP29"/>
			<Property id="PROPERTY_5239" name="HRN_FAMILY" value="14401"/>
			<Property id="PROPERTY_5240" name="WIRE_FPN" value="WIRE-2UKD-0.75-GY/RD"/>
			<Property id="PROPERTY_5241" name="WIRE_DIA_MAX" value="1.6"/>
			<Option id="OPTION_3b-c-0-1269756_1" value="HJGAX"/>
			<BranchRoute id="BRR_123">
				<StartBranchPosition id="BR_POS_509" branchId="BRANCH_c2-4e-0-4c0f0b" branchNodeId="BN_20576-224" offset="0"/>
				<PassBranchId>BRANCH_c2-4e-0-4c0df7</PassBranchId>
				<PassBranchId>BRANCH_c2-4e-0-4c1068</PassBranchId>
				<PassBranchId>BRANCH_c2-4e-0-4c0de4</PassBranchId>
				<PassBranchId>BRANCH_1a-4e-0-18e01d0</PassBranchId>
				<PassBranchId>BRANCH_c2-4e-0-4c10c8</PassBranchId>
				<PassBranchId>BRANCH_eb-4e-0-678fca</PassBranchId>
				<PassBranchId>BRANCH_c2-4e-0-4c0e87</PassBranchId>
				<PassBranchId>BRANCH_c2-4e-0-4c0e8c</PassBranchId>
				<PassBranchId>BRANCH_c2-4e-0-4c0e7f</PassBranchId>
				<PassBranchId>BRANCH_c2-4e-0-4c102d</PassBranchId>
				<PassBranchId>BRANCH_c2-4e-0-4c1030</PassBranchId>
				<PassBranchId>BRANCH_c2-4e-0-4c0e6d</PassBranchId>
				<PassBranchId>BRANCH_c2-4e-0-4c0fdc</PassBranchId>
				<PassBranchId>BRANCH_c2-4e-0-4c0efe</PassBranchId>
				<PassBranchId>BRANCH_eb-4e-0-5dd6fd</PassBranchId>
				<EndBranchPosition id="BR_POS_510" branchId="BRANCH_c2-4e-0-4c0f05" branchNodeId="BN_24512-276" offset="0"/>
			</BranchRoute>
		</WiringItem>
		<WiringItem xsi:type="Wire" id="WIRE_5d-c-0-ca75c" name="VLN04AP" signalId="SIGNAL_2-36-0-4111" cableType="WIRE-2UKD-0.35" wireName="VT/GY" fromPinId="PIN_5d-18-0-c8303" toPinId="PIN_42-1e-0-8eb55">
			<AppRef name="E3.Series" version="2.13.7.0" guid="f6845760-3664-416a-b8f8-a59efe354582"/>
			<Property id="PROPERTY_14427" name="WIRE_LENGTH" value="830"/>
			<Property id="PROPERTY_14428" name="WIRE_CSA" value="0.35"/>
			<Property id="PROPERTY_14429" name="WIRE_MIN_BEND_RADIUS" value="3"/>
			<Property id="PROPERTY_14430" name="WIRE_LEVEL" value="(ALL)"/>
			<Property id="PROPERTY_14431" name="WIRE_DEV_PIN_1" value="C2X212:5"/>
			<Property id="PROPERTY_14432" name="WIRE_COLOR" value="VT/GY"/>
			<Property id="PROPERTY_14433" name="WIRE_SPEC" value="2UKD"/>
			<Property id="PROPERTY_14434" name="WIRE_END1_MATL" value="(SN)"/>
			<Property id="PROPERTY_14435" name="WIRE_END1_TERM" value="3F2T-14474-SA"/>
			<Property id="PROPERTY_14436" name="WIRE_DEV_PIN_2" value="S2LN04-A:1"/>
			<Property id="PROPERTY_14437" name="WIRE_NAME" value="VLN04AP"/>
			<Property id="PROPERTY_14438" name="WIRE_SIGNAL" value="VLN04"/>
			<Property id="PROPERTY_14439" name="HRN_FAMILY" value="14401"/>
			<Property id="PROPERTY_14440" name="WIRE_FPN" value="WIRE-2UKD-0.35-VT/GY"/>
			<Property id="PROPERTY_14441" name="WIRE_DIA_MAX" value="1.2"/>
			<BranchRoute id="BRR_636">
				<StartBranchPosition id="BR_POS_1535" branchId="BRANCH_c2-4e-0-4c0dce" branchNodeId="BN_2863_9-198_058" offset="0"/>
				<PassBranchId>BRANCH_c2-4e-0-4c0dcb</PassBranchId>
				<PassBranchId>BRANCH_c2-4e-0-4c105c</PassBranchId>
				<PassBranchId>BRANCH_c2-4e-0-4c0dc5</PassBranchId>
				<PassBranchId>BRANCH_c2-4e-0-4c1055</PassBranchId>
				<PassBranchId>BRANCH_c2-4e-0-4c1056</PassBranchId>
				<PassBranchId>BRANCH_c2-4e-0-4c10e7</PassBranchId>
				<PassBranchId>BRANCH_c2-4e-0-4c0fc5</PassBranchId>
				<PassBranchId>BRANCH_c2-4e-0-4c0fce</PassBranchId>
				<PassBranchId>BRANCH_c2-4e-0-4c0d1d</PassBranchId>
				<PassBranchId>BRANCH_35-4e-0-2efaf8</PassBranchId>
				<PassBranchId>BRANCH_c2-4e-0-4c10c0</PassBranchId>
				<PassBranchId>BRANCH_c2-4e-0-4c0fc8</PassBranchId>
				<PassBranchId>BRANCH_c2-4e-0-4c108d</PassBranchId>
				<PassBranchId>BRANCH_c2-4e-0-4c0d88</PassBranchId>
				<EndBranchPosition id="BR_POS_1536" branchId="BRANCH_c2-4e-0-4c0def" branchNodeId="BN_7639_9-134_058" offset="0"/>
			</BranchRoute>
		</WiringItem>
		<WiringItem xsi:type="Wire" id="WIRE_95-c-0-e4742" name="VLN04C" signalId="SIGNAL_2-36-0-4111" cableType="WIRE-2UKD-0.35" wireName="VT/GY" fromPinId="PIN_42-1e-0-8eb69" toPinId="PIN_29-18-0-82de">
			<AppRef name="E3.Series" version="2.13.7.0" guid="c22c512f-30a5-4e17-b802-f1e068a96793"/>
			<Property id="PROPERTY_14442" name="WIRE_LENGTH" value="870"/>
			<Property id="PROPERTY_14443" name="WIRE_END2_MATL" value="(SN)"/>
			<Property id="PROPERTY_14444" name="WIRE_CSA" value="0.35"/>
			<Property id="PROPERTY_14445" name="WIRE_MIN_BEND_RADIUS" value="3"/>
			<Property id="PROPERTY_14446" name="WIRE_OPTION" value="CBGAL | CBGAJ | CBGAU | CBFAN"/>
			<Property id="PROPERTY_14447" name="WIRE_DEV_PIN_1" value="S2LN04-B:1"/>
			<Property id="PROPERTY_14448" name="WIRE_COLOR" value="VT/GY"/>
			<Property id="PROPERTY_14449" name="WIRE_SPEC" value="2UKD"/>
			<Property id="PROPERTY_14450" name="WIRE_LEVEL" value="(PEPS-12)/(BEV)"/>
			<Property id="PROPERTY_14451" name="WIRE_DEV_PIN_2" value="C2DC38:5"/>
			<Property id="PROPERTY_14452" name="WIRE_NAME" value="VLN04C"/>
			<Property id="PROPERTY_14453" name="WIRE_END2_TERM" value="3F2T-14474-SA"/>
			<Property id="PROPERTY_14454" name="WIRE_SIGNAL" value="VLN04"/>
			<Property id="PROPERTY_14455" name="HRN_FAMILY" value="14401"/>
			<Property id="PROPERTY_14456" name="WIRE_FPN" value="WIRE-2UKD-0.35-VT/GY"/>
			<Property id="PROPERTY_14457" name="WIRE_DIA_MAX" value="1.2"/>
			<Option id="OPTION_95-c-0-e4742_1" value="CBGAL | CBGAJ | CBGAU | CBFAN"/>
			<BranchRoute id="BRR_637">
				<StartBranchPosition id="BR_POS_1537" branchId="BRANCH_c2-4e-0-4c10ea" branchNodeId="BN_6734_25-230_156" offset="0"/>
				<PassBranchId>BRANCH_c2-4e-0-4c0fc5</PassBranchId>
				<PassBranchId>BRANCH_c2-4e-0-4c0fce</PassBranchId>
				<PassBranchId>BRANCH_c2-4e-0-4c0d1d</PassBranchId>
				<PassBranchId>BRANCH_35-4e-0-2efaf8</PassBranchId>
				<PassBranchId>BRANCH_c2-4e-0-4c10c0</PassBranchId>
				<PassBranchId>BRANCH_c2-4e-0-4c0fc8</PassBranchId>
				<PassBranchId>BRANCH_c2-4e-0-4c108d</PassBranchId>
				<PassBranchId>BRANCH_c2-4e-0-4c0d88</PassBranchId>
				<PassBranchId>BRANCH_c2-4e-0-4c109a</PassBranchId>
				<PassBranchId>BRANCH_c2-4e-0-4c0e16</PassBranchId>
				<PassBranchId>BRANCH_c2-4e-0-4c0fcb</PassBranchId>
				<PassBranchId>BRANCH_c2-4e-0-4c0f4c</PassBranchId>
				<PassBranchId>BRANCH_c2-4e-0-4c0f5d</PassBranchId>
				<PassBranchId>BRANCH_c2-4e-0-4c0ea2</PassBranchId>
				<PassBranchId>BRANCH_c2-4e-0-4c0ea8</PassBranchId>
				<EndBranchPosition id="BR_POS_1538" branchId="BRANCH_c2-4e-0-4c0eab" branchNodeId="BN_12382_25-194_156" offset="0"/>
			</BranchRoute>
		</WiringItem>
		<WiringItem xsi:type="Wire" id="WIRE_4c-c-0-68b028" name="VLN04D" signalId="SIGNAL_2-36-0-4111" cableType="WIRE-2UKD-0.35" wireName="VT/GY" fromPinId="PIN_42-1e-0-8eb55" toPinId="PIN_49-18-0-350630">
			<AppRef name="E3.Series" version="2.13.7.0" guid="3221fbe7-c3a6-4b56-ba2d-f2b14ed98d92"/>
			<Property id="PROPERTY_14458" name="WIRE_LENGTH" value="645"/>
			<Property id="PROPERTY_14459" name="WIRE_END2_MATL" value="(SN)"/>
			<Property id="PROPERTY_14460" name="WIRE_CSA" value="0.35"/>
			<Property id="PROPERTY_14461" name="WIRE_MIN_BEND_RADIUS" value="3"/>
			<Property id="PROPERTY_14462" name="WIRE_LEVEL" value="(ALL)"/>
			<Property id="PROPERTY_14463" name="WIRE_DEV_PIN_1" value="S2LN04-A:1"/>
			<Property id="PROPERTY_14464" name="WIRE_COLOR" value="VT/GY"/>
			<Property id="PROPERTY_14465" name="WIRE_SPEC" value="2UKD"/>
			<Property id="PROPERTY_14466" name="WIRE_DEV_PIN_2" value="C2AT50:3"/>
			<Property id="PROPERTY_14467" name="WIRE_NAME" value="VLN04D"/>
			<Property id="PROPERTY_14468" name="WIRE_END2_TERM" value="DU5T-14474-BA"/>
			<Property id="PROPERTY_14469" name="WIRE_SIGNAL" value="VLN04"/>
			<Property id="PROPERTY_14470" name="HRN_FAMILY" value="14401"/>
			<Property id="PROPERTY_14471" name="WIRE_FPN" value="WIRE-2UKD-0.35-VT/GY"/>
			<Property id="PROPERTY_14472" name="WIRE_DIA_MAX" value="1.2"/>
			<BranchRoute id="BRR_638">
				<StartBranchPosition id="BR_POS_1539" branchId="BRANCH_c2-4e-0-4c0def" branchNodeId="BN_7639_9-134_058" offset="0"/>
				<PassBranchId>BRANCH_c2-4e-0-4c109a</PassBranchId>
				<PassBranchId>BRANCH_c2-4e-0-4c0e16</PassBranchId>
				<PassBranchId>BRANCH_c2-4e-0-4c0fcb</PassBranchId>
				<PassBranchId>BRANCH_c2-4e-0-4c0f45</PassBranchId>
				<PassBranchId>BRANCH_c2-4e-0-4c1005</PassBranchId>
				<PassBranchId>BRANCH_c2-4e-0-4c0f7e</PassBranchId>
				<PassBranchId>BRANCH_c2-4e-0-4c0fb4</PassBranchId>
				<PassBranchId>BRANCH_c2-4e-0-4c0d7c</PassBranchId>
				<PassBranchId>BRANCH_c2-4e-0-4c0fc2</PassBranchId>
				<PassBranchId>BRANCH_c2-4e-0-4c0fbd</PassBranchId>
				<EndBranchPosition id="BR_POS_1540" branchId="BRANCH_c2-4e-0-4c0d82" branchNodeId="BN_8352_25-141_156" offset="0"/>
			</BranchRoute>
		</WiringItem>
		<WiringItem xsi:type="Wire" id="WIRE_ac-c-0-8c3493" name="VLN04EVA" signalId="SIGNAL_2-36-0-4111" cableType="WIRE-2UKD-0.35" wireName="VT/GY" fromPinId="PIN_42-1e-0-8eb55" toPinId="PIN_ac-18-0-8bc0be">
			<AppRef name="E3.Series" version="2.14.0.0" guid="a898e18c-c7a2-45fc-ba04-37b15097a901"/>
			<Property id="PROPERTY_14473" name="WIRE_LENGTH" value="1150"/>
			<Property id="PROPERTY_14474" name="WIRE_END2_MATL" value="(SN)"/>
			<Property id="PROPERTY_14475" name="WIRE_CSA" value="0.35"/>
			<Property id="PROPERTY_14476" name="WIRE_MIN_BEND_RADIUS" value="3"/>
			<Property id="PROPERTY_14477" name="WIRE_OPTION" value="HT2AC &amp; HJGAY"/>
			<Property id="PROPERTY_14478" name="WIRE_DEV_PIN_1" value="S2LN04-A:1"/>
			<Property id="PROPERTY_14479" name="WIRE_COLOR" value="VT/GY"/>
			<Property id="PROPERTY_14480" name="WIRE_SPEC" value="2UKD"/>
			<Property id="PROPERTY_14481" name="WIRE_LEVEL" value="ZA/ZB/ZC/ZF"/>
			<Property id="PROPERTY_14482" name="WIRE_DEV_PIN_2" value="C2X212-EVB:5"/>
			<Property id="PROPERTY_14483" name="WIRE_NAME" value="VLN04EVA"/>
			<Property id="PROPERTY_14484" name="WIRE_END2_TERM" value="3F2T-14474-SA"/>
			<Property id="PROPERTY_14485" name="WIRE_SIGNAL" value="VLN04"/>
			<Property id="PROPERTY_14486" name="HRN_FAMILY" value="14401"/>
			<Property id="PROPERTY_14487" name="WIRE_FPN" value="WIRE-2UKD-0.35-VT/GY"/>
			<Property id="PROPERTY_14488" name="WIRE_DIA_MAX" value="1.2"/>
			<Option id="OPTION_ac-c-0-8c3493_1" value="HT2AC &amp; HJGAY"/>
			<BranchRoute id="BRR_639">
				<StartBranchPosition id="BR_POS_1541" branchId="BRANCH_c2-4e-0-4c0def" branchNodeId="BN_7639_9-134_058" offset="0"/>
				<PassBranchId>BRANCH_c2-4e-0-4c109a</PassBranchId>
				<PassBranchId>BRANCH_c2-4e-0-4c0e16</PassBranchId>
				<PassBranchId>BRANCH_c2-4e-0-4c0fcb</PassBranchId>
				<PassBranchId>BRANCH_c2-4e-0-4c0dea</PassBranchId>
				<PassBranchId>BRANCH_c2-4e-0-4c0fd1</PassBranchId>
				<PassBranchId>BRANCH_c2-4e-0-4c0fe8</PassBranchId>
				<PassBranchId>BRANCH_c2-4e-0-4c1009</PassBranchId>
				<PassBranchId>BRANCH_c2-4e-0-4c10cb</PassBranchId>
				<PassBranchId>BRANCH_c2-4e-0-4c10ec</PassBranchId>
				<PassBranchId>BRANCH_c2-4e-0-4c1075</PassBranchId>
				<PassBranchId>BRANCH_c2-4e-0-4c106f</PassBranchId>
				<PassBranchId>BRANCH_c2-4e-0-4c1076</PassBranchId>
				<PassBranchId>BRANCH_c2-4e-0-4c0d05</PassBranchId>
				<PassBranchId>BRANCH_c2-4e-0-4c0f34</PassBranchId>
				<PassBranchId>BRANCH_c2-4e-0-4c0ff9</PassBranchId>
				<PassBranchId>BRANCH_c2-4e-0-4c10c3</PassBranchId>
				<PassBranchId>BRANCH_1a-4e-0-1a7080e</PassBranchId>
				<PassBranchId>BRANCH_1a-4e-0-1a72824</PassBranchId>
				<PassBranchId>BRANCH_1a-4e-0-1a78dfd</PassBranchId>
				<EndBranchPosition id="BR_POS_1542" branchId="BRANCH_1a-4e-0-1a7ae35" branchNodeId="BN_15712-168" offset="0"/>
			</BranchRoute>
		</WiringItem>
		<WiringItem xsi:type="Wire" id="WIRE_ac-c-0-8c376c" name="VLN04EVB" signalId="SIGNAL_2-36-0-4111" cableType="WIRE-2UKD-0.35" wireName="VT/GY" fromPinId="PIN_42-1e-0-8eb55" toPinId="PIN_ac-18-0-8bc103">
			<AppRef name="E3.Series" version="2.14.0.0" guid="1d9be855-8bd5-4c69-84f6-d41f1c08f1e5"/>
			<Property id="PROPERTY_14489" name="WIRE_LENGTH" value="1150"/>
			<Property id="PROPERTY_14490" name="WIRE_END2_MATL" value="(SN)"/>
			<Property id="PROPERTY_14491" name="WIRE_CSA" value="0.35"/>
			<Property id="PROPERTY_14492" name="WIRE_MIN_BEND_RADIUS" value="3"/>
			<Property id="PROPERTY_14493" name="WIRE_OPTION" value="HT2AC &amp; HJGAY"/>
			<Property id="PROPERTY_14494" name="WIRE_DEV_PIN_1" value="S2LN04-A:1"/>
			<Property id="PROPERTY_14495" name="WIRE_COLOR" value="VT/GY"/>
			<Property id="PROPERTY_14496" name="WIRE_SPEC" value="2UKD"/>
			<Property id="PROPERTY_14497" name="WIRE_LEVEL" value="ZA/ZB/ZC/ZF"/>
			<Property id="PROPERTY_14498" name="WIRE_DEV_PIN_2" value="C2X212-EVC:5"/>
			<Property id="PROPERTY_14499" name="WIRE_NAME" value="VLN04EVB"/>
			<Property id="PROPERTY_14500" name="WIRE_END2_TERM" value="3F2T-14474-SA"/>
			<Property id="PROPERTY_14501" name="WIRE_SIGNAL" value="VLN04"/>
			<Property id="PROPERTY_14502" name="HRN_FAMILY" value="14401"/>
			<Property id="PROPERTY_14503" name="WIRE_FPN" value="WIRE-2UKD-0.35-VT/GY"/>
			<Property id="PROPERTY_14504" name="WIRE_DIA_MAX" value="1.2"/>
			<Option id="OPTION_ac-c-0-8c376c_1" value="HT2AC &amp; HJGAY"/>
			<BranchRoute id="BRR_640">
				<StartBranchPosition id="BR_POS_1543" branchId="BRANCH_c2-4e-0-4c0def" branchNodeId="BN_7639_9-134_058" offset="0"/>
				<PassBranchId>BRANCH_c2-4e-0-4c109a</PassBranchId>
				<PassBranchId>BRANCH_c2-4e-0-4c0e16</PassBranchId>
				<PassBranchId>BRANCH_c2-4e-0-4c0fcb</PassBranchId>
				<PassBranchId>BRANCH_c2-4e-0-4c0dea</PassBranchId>
				<PassBranchId>BRANCH_c2-4e-0-4c0fd1</PassBranchId>
				<PassBranchId>BRANCH_c2-4e-0-4c0fe8</PassBranchId>
				<PassBranchId>BRANCH_c2-4e-0-4c1009</PassBranchId>
				<PassBranchId>BRANCH_c2-4e-0-4c10cb</PassBranchId>
				<PassBranchId>BRANCH_c2-4e-0-4c10ec</PassBranchId>
				<PassBranchId>BRANCH_c2-4e-0-4c1075</PassBranchId>
				<PassBranchId>BRANCH_c2-4e-0-4c106f</PassBranchId>
				<PassBranchId>BRANCH_c2-4e-0-4c1076</PassBranchId>
				<PassBranchId>BRANCH_c2-4e-0-4c0d05</PassBranchId>
				<PassBranchId>BRANCH_c2-4e-0-4c0f34</PassBranchId>
				<PassBranchId>BRANCH_c2-4e-0-4c0ff9</PassBranchId>
				<PassBranchId>BRANCH_c2-4e-0-4c10c3</PassBranchId>
				<PassBranchId>BRANCH_1a-4e-0-1a7080e</PassBranchId>
				<PassBranchId>BRANCH_1a-4e-0-1a72824</PassBranchId>
				<PassBranchId>BRANCH_1a-4e-0-1a74b21</PassBranchId>
				<EndBranchPosition id="BR_POS_1544" branchId="BRANCH_1a-4e-0-1a76b0d" branchNodeId="BN_15880-168" offset="0"/>
			</BranchRoute>
		</WiringItem>
		<WiringItem xsi:type="Wire" id="WIRE_10-c-0-3b8b1f" name="VLN04F" signalId="SIGNAL_2-36-0-4111" cableType="WIRE-2UKD-0.35" wireName="VT/GY" fromPinId="PIN_42-1e-0-8eb55" toPinId="PIN_ff-18-0-492024">
			<AppRef name="E3.Series" version="2.13.7.0" guid="5c883a43-86ee-4469-972c-4e6dc432a5de"/>
			<Property id="PROPERTY_14505" name="WIRE_LENGTH" value="710"/>
			<Property id="PROPERTY_14506" name="WIRE_END2_MATL" value="(SN)"/>
			<Property id="PROPERTY_14507" name="WIRE_CSA" value="0.35"/>
			<Property id="PROPERTY_14508" name="WIRE_MIN_BEND_RADIUS" value="3"/>
			<Property id="PROPERTY_14509" name="WIRE_OPTION" value="HJGAJ | HJGAX"/>
			<Property id="PROPERTY_14510" name="WIRE_DEV_PIN_1" value="S2LN04-A:1"/>
			<Property id="PROPERTY_14511" name="WIRE_COLOR" value="VT/GY"/>
			<Property id="PROPERTY_14512" name="WIRE_SPEC" value="2UKD"/>
			<Property id="PROPERTY_14513" name="WIRE_LEVEL" value="(D-CAM)/(C-SHF)/(KWINV)/VA/ZD/ZH"/>
			<Property id="PROPERTY_14514" name="WIRE_DEV_PIN_2" value="C22-SW1:3"/>
			<Property id="PROPERTY_14515" name="WIRE_NAME" value="VLN04F"/>
			<Property id="PROPERTY_14516" name="WIRE_END2_TERM" value="DU5T-14421-FA"/>
			<Property id="PROPERTY_14517" name="WIRE_SIGNAL" value="VLN04"/>
			<Property id="PROPERTY_14518" name="HRN_FAMILY" value="14401"/>
			<Property id="PROPERTY_14519" name="WIRE_FPN" value="WIRE-2UKD-0.35-VT/GY"/>
			<Property id="PROPERTY_14520" name="WIRE_DIA_MAX" value="1.2"/>
			<Option id="OPTION_10-c-0-3b8b1f_1" value="HJGAJ | HJGAX"/>
			<BranchRoute id="BRR_641">
				<StartBranchPosition id="BR_POS_1545" branchId="BRANCH_c2-4e-0-4c0def" branchNodeId="BN_7639_9-134_058" offset="0"/>
				<PassBranchId>BRANCH_c2-4e-0-4c109a</PassBranchId>
				<PassBranchId>BRANCH_c2-4e-0-4c0e16</PassBranchId>
				<PassBranchId>BRANCH_c2-4e-0-4c0fcb</PassBranchId>
				<PassBranchId>BRANCH_c2-4e-0-4c0dea</PassBranchId>
				<PassBranchId>BRANCH_c2-4e-0-4c0fd1</PassBranchId>
				<PassBranchId>BRANCH_c2-4e-0-4c0fe8</PassBranchId>
				<PassBranchId>BRANCH_c2-4e-0-4c1009</PassBranchId>
				<PassBranchId>BRANCH_c2-4e-0-4c10cb</PassBranchId>
				<PassBranchId>BRANCH_c2-4e-0-4c10ec</PassBranchId>
				<PassBranchId>BRANCH_c2-4e-0-4c1068</PassBranchId>
				<PassBranchId>BRANCH_c2-4e-0-4c0df7</PassBranchId>
				<EndBranchPosition id="BR_POS_1546" branchId="BRANCH_c2-4e-0-4c0f0b" branchNodeId="BN_20576-224" offset="0"/>
			</BranchRoute>
		</WiringItem>
		<WiringItem xsi:type="Wire" id="WIRE_95-c-0-e48a6" name="VLN04H" signalId="SIGNAL_2-36-0-4111" cableType="WIRE-2UKD-0.35" wireName="VT/GY" fromPinId="PIN_42-1e-0-8eb69" toPinId="PIN_48-18-0-85d57e">
			<AppRef name="E3.Series" version="2.13.7.0" guid="4a5ca766-5c25-4676-9776-3f2adb9e54b4"/>
			<Property id="PROPERTY_14521" name="WIRE_LENGTH" value="635"/>
			<Property id="PROPERTY_14522" name="WIRE_END2_MATL" value="(SN)"/>
			<Property id="PROPERTY_14523" name="WIRE_LEVEL" value="(E-STR)"/>
			<Property id="PROPERTY_14524" name="WIRE_CSA" value="0.35"/>
			<Property id="PROPERTY_14525" name="WIRE_MIN_BEND_RADIUS" value="3"/>
			<Property id="PROPERTY_14526" name="WIRE_OPTION" value="GPAAJ"/>
			<Property id="PROPERTY_14527" name="WIRE_DEV_PIN_1" value="S2LN04-B:1"/>
			<Property id="PROPERTY_14528" name="WIRE_COLOR" value="VT/GY"/>
			<Property id="PROPERTY_14529" name="WIRE_SPEC" value="2UKD"/>
			<Property id="PROPERTY_14530" name="WIRE_END2_TERM" value="3F2T-14474-SA"/>
			<Property id="PROPERTY_14531" name="WIRE_DEV_PIN_2" value="C2AM01-B:7"/>
			<Property id="PROPERTY_14532" name="WIRE_NAME" value="VLN04H"/>
			<Property id="PROPERTY_14533" name="ROUTEPATH_1" value="RTE-14401-GRAAP"/>
			<Property id="PROPERTY_14534" name="WIRE_SIGNAL" value="VLN04"/>
			<Property id="PROPERTY_14535" name="HRN_FAMILY" value="14401"/>
			<Property id="PROPERTY_14536" name="ROUTEPATH_2" value="RTE-14401-GRAAP-2"/>
			<Property id="PROPERTY_14537" name="WIRE_FPN" value="WIRE-2UKD-0.35-VT/GY"/>
			<Property id="PROPERTY_14538" name="WIRE_DIA_MAX" value="1.2"/>
			<Option id="OPTION_95-c-0-e48a6_1" value="GPAAJ"/>
			<BranchRoute id="BRR_642">
				<StartBranchPosition id="BR_POS_1547" branchId="BRANCH_c2-4e-0-4c0da2" branchNodeId="BN_4919_9-222_058" offset="0"/>
				<PassBranchId>BRANCH_c2-4e-0-4c0f94</PassBranchId>
				<PassBranchId>BRANCH_c2-4e-0-4c0f96</PassBranchId>
				<PassBranchId>BRANCH_c2-4e-0-4c0f99</PassBranchId>
				<PassBranchId>BRANCH_c2-4e-0-4c0d9b</PassBranchId>
				<PassBranchId>BRANCH_c2-4e-0-4c10b4</PassBranchId>
				<PassBranchId>BRANCH_c2-4e-0-4c10b7</PassBranchId>
				<PassBranchId>BRANCH_c2-4e-0-4c0fa1</PassBranchId>
				<PassBranchId>BRANCH_c2-4e-0-4c10b1</PassBranchId>
				<PassBranchId>BRANCH_c2-4e-0-4c0f9e</PassBranchId>
				<PassBranchId>BRANCH_c2-4e-0-4c0f9b</PassBranchId>
				<PassBranchId>BRANCH_c2-4e-0-4c10ae</PassBranchId>
				<PassBranchId>BRANCH_c2-4e-0-4c0d95</PassBranchId>
				<PassBranchId>BRANCH_c2-4e-0-4c101d</PassBranchId>
				<PassBranchId>BRANCH_c2-4e-0-4c101a</PassBranchId>
				<PassBranchId>BRANCH_c2-4e-0-4c0fc5</PassBranchId>
				<EndBranchPosition id="BR_POS_1548" branchId="BRANCH_c2-4e-0-4c10ea" branchNodeId="BN_6734_25-230_156" offset="0"/>
			</BranchRoute>
		</WiringItem>
		<WiringItem xsi:type="Wire" id="WIRE_95-c-0-e5fc7" name="VLN04J" signalId="SIGNAL_2-36-0-4111" cableType="WIRE-2UKD-0.35" wireName="VT/GY" fromPinId="PIN_42-1e-0-8eb69" toPinId="PIN_f-18-0-f294">
			<AppRef name="E3.Series" version="2.13.7.0" guid="2133b81b-e48a-4706-8f38-5ce79908bb5d"/>
			<Property id="PROPERTY_14539" name="WIRE_LENGTH" value="315"/>
			<Property id="PROPERTY_14540" name="WIRE_END2_MATL" value="(SN)"/>
			<Property id="PROPERTY_14541" name="WIRE_CSA" value="0.35"/>
			<Property id="PROPERTY_14542" name="WIRE_MIN_BEND_RADIUS" value="3"/>
			<Property id="PROPERTY_14543" name="WIRE_LEVEL" value="(ALL)"/>
			<Property id="PROPERTY_14544" name="WIRE_DEV_PIN_1" value="S2LN04-B:1"/>
			<Property id="PROPERTY_14545" name="WIRE_COLOR" value="VT/GY"/>
			<Property id="PROPERTY_14546" name="WIRE_SPEC" value="2UKD"/>
			<Property id="PROPERTY_14547" name="WIRE_DEV_PIN_2" value="C2CB09:1"/>
			<Property id="PROPERTY_14548" name="WIRE_NAME" value="VLN04J"/>
			<Property id="PROPERTY_14549" name="WIRE_END2_TERM" value="*3F2T-14474-SA"/>
			<Property id="PROPERTY_14550" name="WIRE_SIGNAL" value="VLN04"/>
			<Property id="PROPERTY_14551" name="HRN_FAMILY" value="14401"/>
			<Property id="PROPERTY_14552" name="WIRE_FPN" value="WIRE-2UKD-0.35-VT/GY"/>
			<Property id="PROPERTY_14553" name="WIRE_DIA_MAX" value="1.2"/>
			<BranchRoute id="BRR_643">
				<StartBranchPosition id="BR_POS_1549" branchId="BRANCH_c2-4e-0-4c0db8" branchNodeId="BN_3870_25-198_156" offset="0"/>
				<PassBranchId>BRANCH_c2-4e-0-4c0e33</PassBranchId>
				<PassBranchId>BRANCH_c2-4e-0-4c1055</PassBranchId>
				<PassBranchId>BRANCH_c2-4e-0-4c1056</PassBranchId>
				<PassBranchId>BRANCH_c2-4e-0-4c10e7</PassBranchId>
				<EndBranchPosition id="BR_POS_1550" branchId="BRANCH_c2-4e-0-4c10ea" branchNodeId="BN_6734_25-230_156" offset="0"/>
			</BranchRoute>
		</WiringItem>
		<WiringItem xsi:type="Wire" id="WIRE_95-c-0-e6c21" name="VLN04K" signalId="SIGNAL_2-36-0-4111" cableType="WIRE-2UKD-0.35" wireName="VT/GY" fromPinId="PIN_42-1e-0-8eb69" toPinId="PIN_42-1e-0-8eb55">
			<AppRef name="E3.Series" version="2.13.7.0" guid="b0150cee-5e34-4d6a-b40b-e505ec4ea54d"/>
			<Property id="PROPERTY_14554" name="WIRE_LENGTH" value="370"/>
			<Property id="PROPERTY_14555" name="WIRE_CSA" value="0.35"/>
			<Property id="PROPERTY_14556" name="WIRE_MIN_BEND_RADIUS" value="3"/>
			<Property id="PROPERTY_14557" name="WIRE_LEVEL" value="(ALL)"/>
			<Property id="PROPERTY_14558" name="WIRE_DEV_PIN_1" value="S2LN04-B:1"/>
			<Property id="PROPERTY_14559" name="WIRE_COLOR" value="VT/GY"/>
			<Property id="PROPERTY_14560" name="WIRE_SPEC" value="2UKD"/>
			<Property id="PROPERTY_14561" name="WIRE_DEV_PIN_2" value="S2LN04-A:1"/>
			<Property id="PROPERTY_14562" name="WIRE_NAME" value="VLN04K"/>
			<Property id="PROPERTY_14563" name="WIRE_SIGNAL" value="VLN04"/>
			<Property id="PROPERTY_14564" name="HRN_FAMILY" value="14401"/>
			<Property id="PROPERTY_14565" name="WIRE_FPN" value="WIRE-2UKD-0.35-VT/GY"/>
			<Property id="PROPERTY_14566" name="WIRE_DIA_MAX" value="1.2"/>
			<BranchRoute id="BRR_644">
				<StartBranchPosition id="BR_POS_1551" branchId="BRANCH_c2-4e-0-4c10ea" branchNodeId="BN_6734_25-230_156" offset="0"/>
				<PassBranchId>BRANCH_c2-4e-0-4c0fc5</PassBranchId>
				<PassBranchId>BRANCH_c2-4e-0-4c0fce</PassBranchId>
				<PassBranchId>BRANCH_c2-4e-0-4c0d1d</PassBranchId>
				<PassBranchId>BRANCH_35-4e-0-2efaf8</PassBranchId>
				<PassBranchId>BRANCH_c2-4e-0-4c10c0</PassBranchId>
				<PassBranchId>BRANCH_c2-4e-0-4c0fc8</PassBranchId>
				<PassBranchId>BRANCH_c2-4e-0-4c108d</PassBranchId>
				<PassBranchId>BRANCH_c2-4e-0-4c0d88</PassBranchId>
				<EndBranchPosition id="BR_POS_1552" branchId="BRANCH_c2-4e-0-4c0def" branchNodeId="BN_7639_9-134_058" offset="0"/>
			</BranchRoute>
		</WiringItem>
		<WiringItem xsi:type="Wire" id="WIRE_f9-c-0-3e66b8" name="A_SBP29EVA" signalId="SIGNAL_13-36-0-2cd34d" cableType="WIRE-2UKD-0.75" wireName="GY/RD" fromPinId="PIN_f-18-0-db33" toPinId="PIN_f9-18-0-3e6537">
			<AppRef name="E3.Series" version="2.14.0.0" guid="3184e041-c795-4542-9497-2ff4dc891b1a"/>
			<Property id="PROPERTY_5242" name="WIRE_LENGTH" value="2325"/>
			<Property id="PROPERTY_5243" name="WIRE_END2_MATL" value="(SN)"/>
			<Property id="PROPERTY_5244" name="WIRE_CSA" value="0.75"/>
			<Property id="PROPERTY_5245" name="WIRE_MIN_BEND_RADIUS" value="3"/>
			<Property id="PROPERTY_5246" name="WIRE_OPTION" value="HJGAY"/>
			<Property id="PROPERTY_5247" name="WIRE_DEV_PIN_1" value="C2AM02-A:17"/>
			<Property id="PROPERTY_5248" name="WIRE_COLOR" value="GY/RD"/>
			<Property id="PROPERTY_5249" name="WIRE_SPEC" value="2UKD"/>
			<Property id="PROPERTY_5250" name="WIRE_END1_MATL" value="(SN)"/>
			<Property id="PROPERTY_5251" name="WIRE_LEVEL" value="ZA/ZB/ZC/ZF"/>
			<Property id="PROPERTY_5252" name="WIRE_END1_TERM" value="*DU5T-14474-PBB"/>
			<Property id="PROPERTY_5253" name="WIRE_DEV_PIN_2" value="C2MM08-EVB:1"/>
			<Property id="PROPERTY_5254" name="WIRE_NAME" value="A_SBP29EVA"/>
			<Property id="PROPERTY_5255" name="WIRE_END2_TERM" value="9U5T-14474-MA"/>
			<Property id="PROPERTY_5256" name="WIRE_SIGNAL" value="A_SBP29"/>
			<Property id="PROPERTY_5257" name="HRN_FAMILY" value="14401"/>
			<Property id="PROPERTY_5258" name="WIRE_FPN" value="WIRE-2UKD-0.75-GY/RD"/>
			<Property id="PROPERTY_5259" name="WIRE_DIA_MAX" value="1.6"/>
			<Option id="OPTION_f9-c-0-3e66b8_1" value="HJGAY"/>
			<BranchRoute id="BRR_124">
				<StartBranchPosition id="BR_POS_511" branchId="BRANCH_35-4e-0-337f4f" branchNodeId="BN_15012-80" offset="0"/>
				<PassBranchId>BRANCH_35-4e-0-33c53a</PassBranchId>
				<PassBranchId>BRANCH_35-4e-0-335d76</PassBranchId>
				<PassBranchId>BRANCH_35-4e-0-32eeb3</PassBranchId>
				<PassBranchId>BRANCH_ff-4e-0-942c78</PassBranchId>
				<PassBranchId>BRANCH_ff-4e-0-938110</PassBranchId>
				<PassBranchId>BRANCH_ff-4e-0-93810b</PassBranchId>
				<PassBranchId>BRANCH_ff-4e-0-936078</PassBranchId>
				<PassBranchId>BRANCH_c2-4e-0-4c10c3</PassBranchId>
				<PassBranchId>BRANCH_c2-4e-0-4c0ff9</PassBranchId>
				<PassBranchId>BRANCH_c2-4e-0-4c0f34</PassBranchId>
				<PassBranchId>BRANCH_c2-4e-0-4c0d05</PassBranchId>
				<PassBranchId>BRANCH_c2-4e-0-4c1076</PassBranchId>
				<PassBranchId>BRANCH_c2-4e-0-4c106f</PassBranchId>
				<PassBranchId>BRANCH_c2-4e-0-4c1075</PassBranchId>
				<PassBranchId>BRANCH_c2-4e-0-4c0de4</PassBranchId>
				<PassBranchId>BRANCH_1a-4e-0-18e01d0</PassBranchId>
				<PassBranchId>BRANCH_c2-4e-0-4c10c8</PassBranchId>
				<PassBranchId>BRANCH_eb-4e-0-678fca</PassBranchId>
				<PassBranchId>BRANCH_c2-4e-0-4c0e87</PassBranchId>
				<PassBranchId>BRANCH_c2-4e-0-4c0e8c</PassBranchId>
				<PassBranchId>BRANCH_c2-4e-0-4c0e7f</PassBranchId>
				<PassBranchId>BRANCH_c2-4e-0-4c102d</PassBranchId>
				<PassBranchId>BRANCH_c2-4e-0-4c1030</PassBranchId>
				<PassBranchId>BRANCH_c2-4e-0-4c0e6d</PassBranchId>
				<PassBranchId>BRANCH_c2-4e-0-4c0fdc</PassBranchId>
				<PassBranchId>BRANCH_c2-4e-0-4c0efe</PassBranchId>
				<PassBranchId>BRANCH_eb-4e-0-5dd6fd</PassBranchId>
				<EndBranchPosition id="BR_POS_512" branchId="BRANCH_c2-4e-0-4c0f05" branchNodeId="BN_24512-276" offset="0"/>
			</BranchRoute>
		</WiringItem>
		<WiringItem xsi:type="Wire" id="WIRE_bf-c-0-33af3f" name="BMM06D" signalId="SIGNAL_2-36-0-413c" cableType="WIRE-2UKD-0.35" wireName="VT/GY" fromPinId="PIN_a8-18-0-e8f00b" toPinId="PIN_33-18-0-2aa9a8">
			<AppRef name="E3.Series" version="2.14.0.0" guid="a35bc1d2-7172-41c4-a63e-3a5887daafbf"/>
			<Property id="PROPERTY_5260" name="WIRE_LENGTH" value="1780"/>
			<Property id="PROPERTY_5261" name="WIRE_END2_MATL" value="(SN)"/>
			<Property id="PROPERTY_5262" name="WIRE_CSA" value="0.35"/>
			<Property id="PROPERTY_5263" name="WIRE_MIN_BEND_RADIUS" value="3"/>
			<Property id="PROPERTY_5264" name="WIRE_OPTION" value="HJGAX &amp; IEVAT"/>
			<Property id="PROPERTY_5265" name="WIRE_DEV_PIN_1" value="C2MM01-DB:40"/>
			<Property id="PROPERTY_5266" name="WIRE_COLOR" value="VT/GY"/>
			<Property id="PROPERTY_5267" name="WIRE_SPEC" value="2UKD"/>
			<Property id="PROPERTY_5268" name="WIRE_END1_MATL" value="(SN)"/>
			<Property id="PROPERTY_5269" name="WIRE_LEVEL" value="VA"/>
			<Property id="PROPERTY_5270" name="WIRE_END1_TERM" value="9U5T-14474-DB"/>
			<Property id="PROPERTY_5271" name="WIRE_DEV_PIN_2" value="C2MC04-A:2"/>
			<Property id="PROPERTY_5272" name="WIRE_NAME" value="BMM06D"/>
			<Property id="PROPERTY_5273" name="WIRE_END2_TERM" value="3F2T-14474-SA"/>
			<Property id="PROPERTY_5274" name="WIRE_SIGNAL" value="VMC49"/>
			<Property id="PROPERTY_5275" name="HRN_FAMILY" value="14401"/>
			<Property id="PROPERTY_5276" name="WIRE_FPN" value="WIRE-2UKD-0.35-VT/GY"/>
			<Property id="PROPERTY_5277" name="WIRE_DIA_MAX" value="1.2"/>
			<Option id="OPTION_bf-c-0-33af3f_1" value="HJGAX &amp; IEVAT"/>
			<BranchRoute id="BRR_125">
				<StartBranchPosition id="BR_POS_513" branchId="BRANCH_da-4e-0-25068e" branchNodeId="BN_9708-328" offset="0"/>
				<PassBranchId>BRANCH_da-4e-0-2503d5</PassBranchId>
				<PassBranchId>BRANCH_ff-4e-0-9d2c5f</PassBranchId>
				<PassBranchId>BRANCH_22-4e-0-2ca187b</PassBranchId>
				<PassBranchId>BRANCH_c2-4e-0-4c0f6f</PassBranchId>
				<PassBranchId>BRANCH_c2-4e-0-4c0f6c</PassBranchId>
				<PassBranchId>BRANCH_c2-4e-0-4c0f66</PassBranchId>
				<PassBranchId>BRANCH_c2-4e-0-4c0fb7</PassBranchId>
				<PassBranchId>BRANCH_c2-4e-0-4c10a4</PassBranchId>
				<PassBranchId>BRANCH_c2-4e-0-4c0f7a</PassBranchId>
				<PassBranchId>BRANCH_35-4e-0-350133</PassBranchId>
				<PassBranchId>BRANCH_c2-4e-0-4c0f60</PassBranchId>
				<PassBranchId>BRANCH_c2-4e-0-4c1005</PassBranchId>
				<PassBranchId>BRANCH_c2-4e-0-4c0f45</PassBranchId>
				<PassBranchId>BRANCH_c2-4e-0-4c0dea</PassBranchId>
				<PassBranchId>BRANCH_c2-4e-0-4c0fd1</PassBranchId>
				<PassBranchId>BRANCH_c2-4e-0-4c0fe8</PassBranchId>
				<PassBranchId>BRANCH_c2-4e-0-4c1009</PassBranchId>
				<PassBranchId>BRANCH_c2-4e-0-4c10cb</PassBranchId>
				<PassBranchId>BRANCH_c2-4e-0-4c10ec</PassBranchId>
				<PassBranchId>BRANCH_c2-4e-0-4c1075</PassBranchId>
				<PassBranchId>BRANCH_c2-4e-0-4c106f</PassBranchId>
				<PassBranchId>BRANCH_c2-4e-0-4c1076</PassBranchId>
				<PassBranchId>BRANCH_c2-4e-0-4c0d05</PassBranchId>
				<PassBranchId>BRANCH_c2-4e-0-4c0f34</PassBranchId>
				<PassBranchId>BRANCH_c2-4e-0-4c0ff9</PassBranchId>
				<PassBranchId>BRANCH_c2-4e-0-4c10c3</PassBranchId>
				<PassBranchId>BRANCH_c2-4e-0-4c0e06</PassBranchId>
				<EndBranchPosition id="BR_POS_514" branchId="BRANCH_c2-4e-0-4c0f37" branchNodeId="BN_16144-216" offset="0"/>
			</BranchRoute>
		</WiringItem>
		<WiringItem xsi:type="Wire" id="WIRE_2a-c-0-26d21b6" name="CAP47A" signalId="SIGNAL_18-36-0-253129" cableType="WIRE-2UKD-0.35" wireName="GN" fromPinId="PIN_3b-18-0-1d767" toPinId="PIN_b5-18-0-54b4">
			<AppRef name="E3.Series" version="2.13.12.0" guid="1e1d5344-39ca-4dd8-b268-369f0bdee56c"/>
			<Property id="PROPERTY_5278" name="WIRE_LENGTH" value="2090"/>
			<Property id="PROPERTY_5279" name="WIRE_END2_MATL" value="(SN)"/>
			<Property id="PROPERTY_5280" name="WIRE_CSA" value="0.35"/>
			<Property id="PROPERTY_5281" name="WIRE_MIN_BEND_RADIUS" value="3"/>
			<Property id="PROPERTY_5282" name="WIRE_OPTION" value="AAEAC"/>
			<Property id="PROPERTY_5283" name="WIRE_DEV_PIN_1" value="C2LF23:4"/>
			<Property id="PROPERTY_5284" name="WIRE_COLOR" value="GN"/>
			<Property id="PROPERTY_5285" name="WIRE_SPEC" value="2UKD"/>
			<Property id="PROPERTY_5286" name="WIRE_END1_MATL" value="(SN)"/>
			<Property id="PROPERTY_5287" name="WIRE_LEVEL" value="UA/UB"/>
			<Property id="PROPERTY_5288" name="WIRE_END1_TERM" value="DU5T-14474-EAB"/>
			<Property id="PROPERTY_5289" name="WIRE_DEV_PIN_2" value="C23-B1:8"/>
			<Property id="PROPERTY_5290" name="WIRE_NAME" value="CAP47A"/>
			<Property id="PROPERTY_5291" name="WIRE_END_DC" value="1,8U5T-14474-CB,(SN),(NO_LEVELS_ASSIGNED),CPL24A"/>
			<Property id="PROPERTY_5292" name="WIRE_END2_TERM" value="9U5T-14474-DB"/>
			<Property id="PROPERTY_5293" name="WIRE_SIGNAL" value="VMM37"/>
			<Property id="PROPERTY_5294" name="HRN_FAMILY" value="14401"/>
			<Property id="PROPERTY_5295" name="WIRE_FPN" value="WIRE-2UKD-0.35-GN"/>
			<Property id="PROPERTY_5296" name="WIRE_DIA_MAX" value="1.2"/>
			<Option id="OPTION_2a-c-0-26d21b6_1" value="AAEAC"/>
			<BranchRoute id="BRR_126">
				<StartBranchPosition id="BR_POS_515" branchId="BRANCH_c2-4e-0-4c0e2f" branchNodeId="BN_3231_9-198_058" offset="0"/>
				<PassBranchId>BRANCH_c2-4e-0-4c0e66</PassBranchId>
				<PassBranchId>BRANCH_c2-4e-0-4c0d3e</PassBranchId>
				<PassBranchId>BRANCH_c2-4e-0-4c1055</PassBranchId>
				<PassBranchId>BRANCH_c2-4e-0-4c1056</PassBranchId>
				<PassBranchId>BRANCH_c2-4e-0-4c10e7</PassBranchId>
				<PassBranchId>BRANCH_c2-4e-0-4c0fc5</PassBranchId>
				<PassBranchId>BRANCH_c2-4e-0-4c0fce</PassBranchId>
				<PassBranchId>BRANCH_c2-4e-0-4c0d1d</PassBranchId>
				<PassBranchId>BRANCH_35-4e-0-2efaf8</PassBranchId>
				<PassBranchId>BRANCH_c2-4e-0-4c10c0</PassBranchId>
				<PassBranchId>BRANCH_c2-4e-0-4c0fc8</PassBranchId>
				<PassBranchId>BRANCH_c2-4e-0-4c108d</PassBranchId>
				<PassBranchId>BRANCH_c2-4e-0-4c0d88</PassBranchId>
				<PassBranchId>BRANCH_c2-4e-0-4c109a</PassBranchId>
				<PassBranchId>BRANCH_c2-4e-0-4c0e16</PassBranchId>
				<PassBranchId>BRANCH_c2-4e-0-4c0fcb</PassBranchId>
				<PassBranchId>BRANCH_c2-4e-0-4c0dea</PassBranchId>
				<PassBranchId>BRANCH_c2-4e-0-4c0fd1</PassBranchId>
				<PassBranchId>BRANCH_c2-4e-0-4c0fe8</PassBranchId>
				<PassBranchId>BRANCH_c2-4e-0-4c1009</PassBranchId>
				<PassBranchId>BRANCH_c2-4e-0-4c10cb</PassBranchId>
				<PassBranchId>BRANCH_c2-4e-0-4c10ec</PassBranchId>
				<PassBranchId>BRANCH_c2-4e-0-4c0de4</PassBranchId>
				<PassBranchId>BRANCH_1a-4e-0-18e01d0</PassBranchId>
				<PassBranchId>BRANCH_c2-4e-0-4c10c8</PassBranchId>
				<PassBranchId>BRANCH_eb-4e-0-678fca</PassBranchId>
				<PassBranchId>BRANCH_c2-4e-0-4c0e87</PassBranchId>
				<PassBranchId>BRANCH_c2-4e-0-4c0e8c</PassBranchId>
				<PassBranchId>BRANCH_c2-4e-0-4c0e7f</PassBranchId>
				<PassBranchId>BRANCH_c2-4e-0-4c0ef9</PassBranchId>
				<PassBranchId>BRANCH_c2-4e-0-4c0e70</PassBranchId>
				<PassBranchId>BRANCH_c2-4e-0-4c0e5c</PassBranchId>
				<EndBranchPosition id="BR_POS_516" branchId="BRANCH_c2-4e-0-4c0d63" branchNodeId="BN_22204-180" offset="0"/>
			</BranchRoute>
		</WiringItem>
		<WiringItem xsi:type="Wire" id="WIRE_95-c-0-e6619" name="CAT39A" signalId="SIGNAL_99-36-0-15f160" cableType="WIRE-2UKD-0.35" wireName="GN/VT" fromPinId="PIN_b5-18-0-5358" toPinId="PIN_95-18-0-e3ef1">
			<AppRef name="E3.Series" version="2.13.7.0" guid="0faa9b25-9bdc-44b0-b492-74909ca2cbac"/>
			<Property id="PROPERTY_5297" name="WIRE_LENGTH" value="1210"/>
			<Property id="PROPERTY_5298" name="WIRE_END2_MATL" value="(SN)"/>
			<Property id="PROPERTY_5299" name="WIRE_CSA" value="0.35"/>
			<Property id="PROPERTY_5300" name="WIRE_MIN_BEND_RADIUS" value="3"/>
			<Property id="PROPERTY_5301" name="WIRE_OPTION" value="DAXAC"/>
			<Property id="PROPERTY_5302" name="WIRE_DEV_PIN_1" value="C23-C1:18"/>
			<Property id="PROPERTY_5303" name="WIRE_COLOR" value="GN/VT"/>
			<Property id="PROPERTY_5304" name="WIRE_SPEC" value="2UKD"/>
			<Property id="PROPERTY_5305" name="WIRE_END1_MATL" value="(SN)"/>
			<Property id="PROPERTY_5306" name="WIRE_LEVEL" value="(D-CAM)/(8SPKR)/(F-SHF)/(BEV)"/>
			<Property id="PROPERTY_5307" name="WIRE_END1_TERM" value="9U5T-14474-DB"/>
			<Property id="PROPERTY_5308" name="WIRE_DEV_PIN_2" value="C2AT30:7"/>
			<Property id="PROPERTY_5309" name="WIRE_NAME" value="CAT39A"/>
			<Property id="PROPERTY_5310" name="WIRE_END2_TERM" value="3F2T-14474-SA"/>
			<Property id="PROPERTY_5311" name="WIRE_SIGNAL" value="CAT39"/>
			<Property id="PROPERTY_5312" name="HRN_FAMILY" value="14401"/>
			<Property id="PROPERTY_5313" name="WIRE_FPN" value="WIRE-2UKD-0.35-GN/VT"/>
			<Property id="PROPERTY_5314" name="WIRE_DIA_MAX" value="1.2"/>
			<Option id="OPTION_95-c-0-e6619_1" value="DAXAC"/>
			<BranchRoute id="BRR_127">
				<StartBranchPosition id="BR_POS_517" branchId="BRANCH_c2-4e-0-4c0de1" branchNodeId="BN_79_9-190_058" offset="0"/>
				<PassBranchId>BRANCH_c2-4e-0-4c0ddd</PassBranchId>
				<PassBranchId>BRANCH_c2-4e-0-4c10dd</PassBranchId>
				<PassBranchId>BRANCH_c2-4e-0-4c1020</PassBranchId>
				<PassBranchId>BRANCH_c2-4e-0-4c1021</PassBranchId>
				<PassBranchId>BRANCH_c2-4e-0-4c10e7</PassBranchId>
				<PassBranchId>BRANCH_c2-4e-0-4c0fc5</PassBranchId>
				<PassBranchId>BRANCH_c2-4e-0-4c0fce</PassBranchId>
				<PassBranchId>BRANCH_c2-4e-0-4c0d1d</PassBranchId>
				<PassBranchId>BRANCH_35-4e-0-2efaf8</PassBranchId>
				<PassBranchId>BRANCH_c2-4e-0-4c10c0</PassBranchId>
				<PassBranchId>BRANCH_c2-4e-0-4c0fc8</PassBranchId>
				<PassBranchId>BRANCH_c2-4e-0-4c108d</PassBranchId>
				<PassBranchId>BRANCH_c2-4e-0-4c0d88</PassBranchId>
				<PassBranchId>BRANCH_c2-4e-0-4c109a</PassBranchId>
				<PassBranchId>BRANCH_c2-4e-0-4c0e16</PassBranchId>
				<PassBranchId>BRANCH_c2-4e-0-4c0fcb</PassBranchId>
				<PassBranchId>BRANCH_c2-4e-0-4c0f4c</PassBranchId>
				<PassBranchId>BRANCH_c2-4e-0-4c0e56</PassBranchId>
				<EndBranchPosition id="BR_POS_518" branchId="BRANCH_c2-4e-0-4c0f54" branchNodeId="BN_12528-176" offset="0"/>
			</BranchRoute>
		</WiringItem>
		<WiringItem xsi:type="Wire" id="WIRE_c7-c-0-5753d8" name="CBB21EVB" signalId="SIGNAL_2-36-0-3215" cableType="WIRE-3TAD-0.35" wireName="BN/GN" fromPinId="PIN_c4-18-0-404d13" toPinId="PIN_6a-18-0-f7b4e">
			<AppRef name="E3.Series" version="2.14.0.0" guid="deae7c96-cfe8-451c-803e-3f2f0f282930"/>
			<Property id="PROPERTY_5315" name="WIRE_LENGTH" value="1795"/>
			<Property id="PROPERTY_5316" name="WIRE_END2_MATL" value="(SN)"/>
			<Property id="PROPERTY_5317" name="WIRE_CSA" value="0.35"/>
			<Property id="PROPERTY_5318" name="WIRE_MIN_BEND_RADIUS" value="3.5"/>
			<Property id="PROPERTY_5319" name="WIRE_OPTION" value="HT2AC"/>
			<Property id="PROPERTY_5320" name="WIRE_DEV_PIN_1" value="C2LF44EV:13"/>
			<Property id="PROPERTY_5321" name="WIRE_COLOR" value="BN/GN"/>
			<Property id="PROPERTY_5322" name="WIRE_SPEC" value="3TAD"/>
			<Property id="PROPERTY_5323" name="WIRE_END1_MATL" value="(SN)"/>
			<Property id="PROPERTY_5324" name="WIRE_LEVEL" value="(BEV)"/>
			<Property id="PROPERTY_5325" name="WIRE_END1_TERM" value="GU5T-14474-KA"/>
			<Property id="PROPERTY_5326" name="WIRE_DEV_PIN_2" value="C12-B2:23"/>
			<Property id="PROPERTY_5327" name="WIRE_NAME" value="CBB21EVB"/>
			<Property id="PROPERTY_5328" name="WIRE_END2_TERM" value="FU5T-14474-LB"/>
			<Property id="PROPERTY_5329" name="WIRE_SIGNAL" value="CBB21"/>
			<Property id="PROPERTY_5330" name="HRN_FAMILY" value="14401"/>
			<Property id="PROPERTY_5331" name="WIRE_FPN" value="WIRE-3TAD-0.35-BN/GN"/>
			<Property id="PROPERTY_5332" name="WIRE_DIA_MAX" value="1.4"/>
			<Option id="OPTION_c7-c-0-5753d8_1" value="HT2AC"/>
			<BranchRoute id="BRR_128">
				<StartBranchPosition id="BR_POS_519" branchId="BRANCH_34-4e-0-81674d" branchNodeId="BN_8848-168" offset="0"/>
				<PassBranchId>BRANCH_34-4e-0-821a96</PassBranchId>
				<PassBranchId>BRANCH_34-4e-0-816749</PassBranchId>
				<PassBranchId>BRANCH_34-4e-0-816744</PassBranchId>
				<PassBranchId>BRANCH_34-4e-0-814498</PassBranchId>
				<PassBranchId>BRANCH_c2-4e-0-4c0fb4</PassBranchId>
				<PassBranchId>BRANCH_c2-4e-0-4c0f7e</PassBranchId>
				<PassBranchId>BRANCH_c2-4e-0-4c1005</PassBranchId>
				<PassBranchId>BRANCH_c2-4e-0-4c0f45</PassBranchId>
				<PassBranchId>BRANCH_c2-4e-0-4c0dea</PassBranchId>
				<PassBranchId>BRANCH_c2-4e-0-4c0fd1</PassBranchId>
				<PassBranchId>BRANCH_c2-4e-0-4c0fe8</PassBranchId>
				<PassBranchId>BRANCH_c2-4e-0-4c1009</PassBranchId>
				<PassBranchId>BRANCH_c2-4e-0-4c10cb</PassBranchId>
				<PassBranchId>BRANCH_c2-4e-0-4c10ec</PassBranchId>
				<PassBranchId>BRANCH_c2-4e-0-4c0de4</PassBranchId>
				<PassBranchId>BRANCH_1a-4e-0-18e01d0</PassBranchId>
				<PassBranchId>BRANCH_c2-4e-0-4c10c8</PassBranchId>
				<PassBranchId>BRANCH_eb-4e-0-678fca</PassBranchId>
				<PassBranchId>BRANCH_c2-4e-0-4c0e87</PassBranchId>
				<PassBranchId>BRANCH_c2-4e-0-4c0e8c</PassBranchId>
				<PassBranchId>BRANCH_c2-4e-0-4c0e7f</PassBranchId>
				<PassBranchId>BRANCH_c2-4e-0-4c0ef9</PassBranchId>
				<PassBranchId>BRANCH_c2-4e-0-4c0e70</PassBranchId>
				<PassBranchId>BRANCH_c2-4e-0-4c0d66</PassBranchId>
				<PassBranchId>BRANCH_c2-4e-0-4c0fe2</PassBranchId>
				<PassBranchId>BRANCH_c2-4e-0-4c0d5d</PassBranchId>
				<PassBranchId>BRANCH_c2-4e-0-4c0e62</PassBranchId>
				<EndBranchPosition id="BR_POS_520" branchId="BRANCH_c2-4e-0-4c0d54" branchNodeId="BN_21712-184" offset="0"/>
			</BranchRoute>
		</WiringItem>
		<WiringItem xsi:type="Wire" id="WIRE_71-c-0-224763" name="CBB32TA" signalId="SIGNAL_2-36-0-3220" cableType="WIRE-2TAD-1.0" wireName="WH/BN" fromPinId="PIN_b5-18-0-550d" toPinId="PIN_71-18-0-224750">
			<AppRef name="E3.Series" version="2.13.7.0" guid="98146df6-4554-43a0-9b2b-a9b858014c59"/>
			<Property id="PROPERTY_5333" name="WIRE_LENGTH" value="1445"/>
			<Property id="PROPERTY_5334" name="WIRE_END2_MATL" value="(SN)"/>
			<Property id="PROPERTY_5335" name="WIRE_CSA" value="1"/>
			<Property id="PROPERTY_5336" name="WIRE_MIN_BEND_RADIUS" value="5.25"/>
			<Property id="PROPERTY_5337" name="WIRE_OPTION" value="HUKAA | HUKAJ | HUKAK | HUKAL | HUKAN | HUKAQ | HUKAD | HUKAH"/>
			<Property id="PROPERTY_5338" name="WIRE_DEV_PIN_1" value="C12-A2:15"/>
			<Property id="PROPERTY_5339" name="WIRE_COLOR" value="WH/BN"/>
			<Property id="PROPERTY_5340" name="WIRE_SPEC" value="2TAD"/>
			<Property id="PROPERTY_5341" name="WIRE_END1_MATL" value="(SN)"/>
			<Property id="PROPERTY_5342" name="WIRE_LEVEL" value="(400W)/(KWINV)/(S-ZN)/(EXPORT)/(N-INV)/(BEV)/VA"/>
			<Property id="PROPERTY_5343" name="WIRE_END1_TERM" value="EU5T-14474-EA"/>
			<Property id="PROPERTY_5344" name="WIRE_DEV_PIN_2" value="C2DC08:A"/>
			<Property id="PROPERTY_5345" name="WIRE_NAME" value="CBB32TA"/>
			<Property id="PROPERTY_5346" name="WIRE_END2_TERM" value="F8VB-14474-BA"/>
			<Property id="PROPERTY_5347" name="WIRE_SIGNAL" value="CBB32"/>
			<Property id="PROPERTY_5348" name="HRN_FAMILY" value="14401"/>
			<Property id="PROPERTY_5349" name="WIRE_FPN" value="WIRE-2TAD-1.0-WH/BN"/>
			<Property id="PROPERTY_5350" name="WIRE_DIA_MAX" value="2.1"/>
			<Option id="OPTION_71-c-0-224763_1" value="HUKAA | HUKAJ | HUKAK | HUKAL | HUKAN | HUKAQ | HUKAD | HUKAH"/>
			<BranchRoute id="BRR_129">
				<StartBranchPosition id="BR_POS_521" branchId="BRANCH_c2-4e-0-4c0eee" branchNodeId="BN_16568_25-124_156" offset="0"/>
				<PassBranchId>BRANCH_c2-4e-0-4c0eeb</PassBranchId>
				<PassBranchId>BRANCH_c2-4e-0-4c0d46</PassBranchId>
				<PassBranchId>BRANCH_c2-4e-0-4c0f30</PassBranchId>
				<PassBranchId>BRANCH_c2-4e-0-4c0d05</PassBranchId>
				<PassBranchId>BRANCH_c2-4e-0-4c1076</PassBranchId>
				<PassBranchId>BRANCH_c2-4e-0-4c106f</PassBranchId>
				<PassBranchId>BRANCH_c2-4e-0-4c1075</PassBranchId>
				<PassBranchId>BRANCH_c2-4e-0-4c0de4</PassBranchId>
				<PassBranchId>BRANCH_1a-4e-0-18e01d0</PassBranchId>
				<PassBranchId>BRANCH_c2-4e-0-4c10c8</PassBranchId>
				<PassBranchId>BRANCH_eb-4e-0-678fca</PassBranchId>
				<PassBranchId>BRANCH_c2-4e-0-4c0e87</PassBranchId>
				<PassBranchId>BRANCH_c2-4e-0-4c0e8c</PassBranchId>
				<PassBranchId>BRANCH_c2-4e-0-4c0e7f</PassBranchId>
				<PassBranchId>BRANCH_c2-4e-0-4c0ef9</PassBranchId>
				<PassBranchId>BRANCH_c2-4e-0-4c0e70</PassBranchId>
				<PassBranchId>BRANCH_c2-4e-0-4c0d66</PassBranchId>
				<PassBranchId>BRANCH_c2-4e-0-4c0e5f</PassBranchId>
				<EndBranchPosition id="BR_POS_522" branchId="BRANCH_c2-4e-0-4c0d60" branchNodeId="BN_22052-256" offset="0"/>
			</BranchRoute>
		</WiringItem>
		<WiringItem xsi:type="Wire" id="WIRE_95-c-0-e45cb" name="CBB33B" signalId="SIGNAL_2-36-0-3221" cableType="WIRE-2TAD-1.0" wireName="WH/BN" fromPinId="PIN_b5-18-0-550e" toPinId="PIN_e8-18-0-36bf">
			<AppRef name="E3.Series" version="2.13.7.0" guid="b000e7e9-aa4e-4658-a4af-162cfcdac213"/>
			<Property id="PROPERTY_5351" name="WIRE_LENGTH" value="1550"/>
			<Property id="PROPERTY_5352" name="WIRE_END2_MATL" value="(SN)"/>
			<Property id="PROPERTY_5353" name="WIRE_CSA" value="1"/>
			<Property id="PROPERTY_5354" name="WIRE_MIN_BEND_RADIUS" value="5.25"/>
			<Property id="PROPERTY_5355" name="WIRE_OPTION" value="B5WAA &amp; HUKAM"/>
			<Property id="PROPERTY_5356" name="WIRE_DEV_PIN_1" value="C12-A2:16"/>
			<Property id="PROPERTY_5357" name="WIRE_COLOR" value="WH/BN"/>
			<Property id="PROPERTY_5358" name="WIRE_SPEC" value="2TAD"/>
			<Property id="PROPERTY_5359" name="WIRE_END1_MATL" value="(SN)"/>
			<Property id="PROPERTY_5360" name="WIRE_LEVEL" value="YA/YB/YC/YD/YU/YV"/>
			<Property id="PROPERTY_5361" name="WIRE_END1_TERM" value="EU5T-14474-EA"/>
			<Property id="PROPERTY_5362" name="WIRE_DEV_PIN_2" value="C2DC09:A"/>
			<Property id="PROPERTY_5363" name="WIRE_NAME" value="CBB33B"/>
			<Property id="PROPERTY_5364" name="WIRE_END2_TERM" value="F8VB-14474-BA"/>
			<Property id="PROPERTY_5365" name="WIRE_SIGNAL" value="CBB33"/>
			<Property id="PROPERTY_5366" name="HRN_FAMILY" value="14401"/>
			<Property id="PROPERTY_5367" name="WIRE_FPN" value="WIRE-2TAD-1.0-WH/BN"/>
			<Property id="PROPERTY_5368" name="WIRE_DIA_MAX" value="2.1"/>
			<Option id="OPTION_95-c-0-e45cb_1" value="B5WAA &amp; HUKAM"/>
			<BranchRoute id="BRR_130">
				<StartBranchPosition id="BR_POS_523" branchId="BRANCH_c2-4e-0-4c0f31" branchNodeId="BN_16496-216" offset="0"/>
				<PassBranchId>BRANCH_c2-4e-0-4c0ffc</PassBranchId>
				<PassBranchId>BRANCH_c2-4e-0-4c0f34</PassBranchId>
				<PassBranchId>BRANCH_c2-4e-0-4c0d05</PassBranchId>
				<PassBranchId>BRANCH_c2-4e-0-4c1076</PassBranchId>
				<PassBranchId>BRANCH_c2-4e-0-4c106f</PassBranchId>
				<PassBranchId>BRANCH_c2-4e-0-4c1075</PassBranchId>
				<PassBranchId>BRANCH_c2-4e-0-4c0de4</PassBranchId>
				<PassBranchId>BRANCH_1a-4e-0-18e01d0</PassBranchId>
				<PassBranchId>BRANCH_c2-4e-0-4c10c8</PassBranchId>
				<PassBranchId>BRANCH_eb-4e-0-678fca</PassBranchId>
				<PassBranchId>BRANCH_c2-4e-0-4c0e87</PassBranchId>
				<PassBranchId>BRANCH_c2-4e-0-4c0e8c</PassBranchId>
				<PassBranchId>BRANCH_c2-4e-0-4c0e7f</PassBranchId>
				<PassBranchId>BRANCH_c2-4e-0-4c0ef9</PassBranchId>
				<PassBranchId>BRANCH_c2-4e-0-4c0e70</PassBranchId>
				<PassBranchId>BRANCH_c2-4e-0-4c0d66</PassBranchId>
				<PassBranchId>BRANCH_c2-4e-0-4c0e5f</PassBranchId>
				<EndBranchPosition id="BR_POS_524" branchId="BRANCH_c2-4e-0-4c0d60" branchNodeId="BN_22052-256" offset="0"/>
			</BranchRoute>
		</WiringItem>
		<WiringItem xsi:type="Wire" id="WIRE_23-c-0-39b484" name="CBBC5CP" signalId="SIGNAL_2-36-0-327d" cableType="WIRE-2UKD-0.35" wireName="YE" fromPinId="PIN_b5-18-0-5508" toPinId="PIN_23-18-0-39b464">
			<AppRef name="E3.Series" version="2.13.7.0" guid="b36a82aa-cccd-4b90-bd29-8c7e54ee7847"/>
			<Property id="PROPERTY_5369" name="WIRE_LENGTH" value="1440"/>
			<Property id="PROPERTY_5370" name="WIRE_END2_MATL" value="(SN)"/>
			<Property id="PROPERTY_5371" name="WIRE_CSA" value="0.35"/>
			<Property id="PROPERTY_5372" name="WIRE_MIN_BEND_RADIUS" value="3"/>
			<Property id="PROPERTY_5373" name="WIRE_OPTION" value="HUKAA | HUKAH"/>
			<Property id="PROPERTY_5374" name="WIRE_DEV_PIN_1" value="C12-A2:10"/>
			<Property id="PROPERTY_5375" name="WIRE_COLOR" value="YE"/>
			<Property id="PROPERTY_5376" name="WIRE_SPEC" value="2UKD"/>
			<Property id="PROPERTY_5377" name="WIRE_END1_MATL" value="(SN)"/>
			<Property id="PROPERTY_5378" name="WIRE_LEVEL" value="(N-INV)/UA/UB/UC/UD"/>
			<Property id="PROPERTY_5379" name="WIRE_END1_TERM" value="8U5T-14474-BB"/>
			<Property id="PROPERTY_5380" name="WIRE_DEV_PIN_2" value="C2DC44-P:1"/>
			<Property id="PROPERTY_5381" name="WIRE_NAME" value="CBBC5CP"/>
			<Property id="PROPERTY_5382" name="WIRE_END2_TERM" value="DU5T-14474-BA"/>
			<Property id="PROPERTY_5383" name="WIRE_SIGNAL" value="CBBC5"/>
			<Property id="PROPERTY_5384" name="HRN_FAMILY" value="14401"/>
			<Property id="PROPERTY_5385" name="WIRE_FPN" value="WIRE-2UKD-0.35-YE"/>
			<Property id="PROPERTY_5386" name="WIRE_DIA_MAX" value="1.2"/>
			<Option id="OPTION_23-c-0-39b484_1" value="HUKAA | HUKAH"/>
			<BranchRoute id="BRR_131">
				<StartBranchPosition id="BR_POS_525" branchId="BRANCH_c2-4e-0-4c0d3b" branchNodeId="BN_16720-240" offset="0"/>
				<PassBranchId>BRANCH_c2-4e-0-4c0ebe</PassBranchId>
				<PassBranchId>BRANCH_c2-4e-0-4c0d46</PassBranchId>
				<PassBranchId>BRANCH_c2-4e-0-4c0f30</PassBranchId>
				<PassBranchId>BRANCH_c2-4e-0-4c0d05</PassBranchId>
				<PassBranchId>BRANCH_c2-4e-0-4c1076</PassBranchId>
				<PassBranchId>BRANCH_c2-4e-0-4c106f</PassBranchId>
				<PassBranchId>BRANCH_c2-4e-0-4c1075</PassBranchId>
				<PassBranchId>BRANCH_c2-4e-0-4c0de4</PassBranchId>
				<PassBranchId>BRANCH_1a-4e-0-18e01d0</PassBranchId>
				<PassBranchId>BRANCH_c2-4e-0-4c10c8</PassBranchId>
				<PassBranchId>BRANCH_eb-4e-0-678fca</PassBranchId>
				<PassBranchId>BRANCH_c2-4e-0-4c0e87</PassBranchId>
				<PassBranchId>BRANCH_c2-4e-0-4c0e8c</PassBranchId>
				<PassBranchId>BRANCH_c2-4e-0-4c0e7f</PassBranchId>
				<PassBranchId>BRANCH_c2-4e-0-4c0ef9</PassBranchId>
				<PassBranchId>BRANCH_c2-4e-0-4c0e70</PassBranchId>
				<PassBranchId>BRANCH_c2-4e-0-4c0d66</PassBranchId>
				<PassBranchId>BRANCH_c2-4e-0-4c0e5f</PassBranchId>
				<EndBranchPosition id="BR_POS_526" branchId="BRANCH_c2-4e-0-4c0d60" branchNodeId="BN_22052-256" offset="0"/>
			</BranchRoute>
		</WiringItem>
		<WiringItem xsi:type="Wire" id="WIRE_7f-c-0-52550f" name="CBP17A" signalId="SIGNAL_2-36-0-3299" cableType="WIRE-2UKD-0.35" wireName="BN/GN" fromPinId="PIN_f-18-0-dae6" toPinId="PIN_7f-18-0-52130e">
			<AppRef name="E3.Series" version="2.13.7.0" guid="ab460c40-4e23-4b24-82fd-0c1325ec15c8"/>
			<Property id="PROPERTY_5387" name="WIRE_LENGTH" value="2170"/>
			<Property id="PROPERTY_5388" name="WIRE_END2_MATL" value="(SN)"/>
			<Property id="PROPERTY_5389" name="WIRE_CSA" value="0.35"/>
			<Property id="PROPERTY_5390" name="WIRE_MIN_BEND_RADIUS" value="3"/>
			<Property id="PROPERTY_5391" name="WIRE_OPTION" value="JBBA8 | JBBBH | JBBBJ | JBBBN"/>
			<Property id="PROPERTY_5392" name="WIRE_DEV_PIN_1" value="C2AM02-A:5"/>
			<Property id="PROPERTY_5393" name="WIRE_COLOR" value="BN/GN"/>
			<Property id="PROPERTY_5394" name="WIRE_SPEC" value="2UKD"/>
			<Property id="PROPERTY_5395" name="WIRE_END1_MATL" value="(SN)"/>
			<Property id="PROPERTY_5396" name="WIRE_LEVEL" value="(CNSL-HI)/(A-STR)/VA/XM/YN"/>
			<Property id="PROPERTY_5397" name="WIRE_END1_TERM" value="BU5T-14474-UA"/>
			<Property id="PROPERTY_5398" name="WIRE_DEV_PIN_2" value="C2LF44:10"/>
			<Property id="PROPERTY_5399" name="WIRE_NAME" value="CBP17A"/>
			<Property id="PROPERTY_5400" name="WIRE_END2_TERM" value="DU5T-14474-BA"/>
			<Property id="PROPERTY_5401" name="WIRE_SIGNAL" value="CBP17"/>
			<Property id="PROPERTY_5402" name="HRN_FAMILY" value="14401"/>
			<Property id="PROPERTY_5403" name="WIRE_FPN" value="WIRE-2UKD-0.35-BN/GN"/>
			<Property id="PROPERTY_5404" name="WIRE_DIA_MAX" value="1.2"/>
			<Option id="OPTION_7f-c-0-52550f_1" value="JBBA8 | JBBBH | JBBBJ | JBBBN"/>
			<BranchRoute id="BRR_132">
				<StartBranchPosition id="BR_POS_527" branchId="BRANCH_c2-4e-0-4c0d7f" branchNodeId="BN_9256-192" offset="0"/>
				<PassBranchId>BRANCH_c2-4e-0-4c104c</PassBranchId>
				<PassBranchId>BRANCH_c2-4e-0-4c1049</PassBranchId>
				<PassBranchId>BRANCH_c2-4e-0-4c1046</PassBranchId>
				<PassBranchId>BRANCH_c2-4e-0-4c1044</PassBranchId>
				<PassBranchId>BRANCH_c2-4e-0-4c0fb4</PassBranchId>
				<PassBranchId>BRANCH_c2-4e-0-4c0f7e</PassBranchId>
				<PassBranchId>BRANCH_c2-4e-0-4c1005</PassBranchId>
				<PassBranchId>BRANCH_c2-4e-0-4c0f45</PassBranchId>
				<PassBranchId>BRANCH_c2-4e-0-4c0dea</PassBranchId>
				<PassBranchId>BRANCH_c2-4e-0-4c0fd1</PassBranchId>
				<PassBranchId>BRANCH_c2-4e-0-4c0fe8</PassBranchId>
				<PassBranchId>BRANCH_c2-4e-0-4c1009</PassBranchId>
				<PassBranchId>BRANCH_c2-4e-0-4c10cb</PassBranchId>
				<PassBranchId>BRANCH_c2-4e-0-4c10ec</PassBranchId>
				<PassBranchId>BRANCH_c2-4e-0-4c0de4</PassBranchId>
				<PassBranchId>BRANCH_1a-4e-0-18e01d0</PassBranchId>
				<PassBranchId>BRANCH_c2-4e-0-4c10c8</PassBranchId>
				<PassBranchId>BRANCH_eb-4e-0-678fca</PassBranchId>
				<PassBranchId>BRANCH_c2-4e-0-4c0e87</PassBranchId>
				<PassBranchId>BRANCH_c2-4e-0-4c0e8c</PassBranchId>
				<PassBranchId>BRANCH_c2-4e-0-4c0e7f</PassBranchId>
				<PassBranchId>BRANCH_c2-4e-0-4c102d</PassBranchId>
				<PassBranchId>BRANCH_c2-4e-0-4c1030</PassBranchId>
				<PassBranchId>BRANCH_c2-4e-0-4c0e6d</PassBranchId>
				<PassBranchId>BRANCH_c2-4e-0-4c0fdc</PassBranchId>
				<PassBranchId>BRANCH_c2-4e-0-4c0efe</PassBranchId>
				<PassBranchId>BRANCH_eb-4e-0-5dd6fd</PassBranchId>
				<EndBranchPosition id="BR_POS_528" branchId="BRANCH_c2-4e-0-4c0f05" branchNodeId="BN_24512-276" offset="0"/>
			</BranchRoute>
		</WiringItem>
		<WiringItem xsi:type="Wire" id="WIRE_f9-c-0-11bd8b" name="CBP21A" signalId="SIGNAL_18-36-0-253129" cableType="WIRE-2UKD-0.35" wireName="BU/GY" fromPinId="PIN_49-18-0-35061b" toPinId="PIN_f-18-0-daeb">
			<AppRef name="E3.Series" version="2.13.7.0" guid="292f3aa0-9933-4ad2-8962-3712ce7c44af"/>
			<Property id="PROPERTY_5405" name="WIRE_LENGTH" value="2190"/>
			<Property id="PROPERTY_5406" name="WIRE_END2_MATL" value="(SN)"/>
			<Property id="PROPERTY_5407" name="WIRE_CSA" value="0.35"/>
			<Property id="PROPERTY_5408" name="WIRE_MIN_BEND_RADIUS" value="3"/>
			<Property id="PROPERTY_5409" name="WIRE_OPTION" value="G1DAA"/>
			<Property id="PROPERTY_5410" name="WIRE_DEV_PIN_1" value="C2AT50:1"/>
			<Property id="PROPERTY_5411" name="WIRE_COLOR" value="BU/GY"/>
			<Property id="PROPERTY_5412" name="WIRE_SPEC" value="2UKD"/>
			<Property id="PROPERTY_5413" name="WIRE_END1_MATL" value="(SN)"/>
			<Property id="PROPERTY_5414" name="WIRE_LEVEL" value="(D-CAM)/(C-SHF)/(KWINV)/(8SPKR)/(F-SHF)/(BEV)"/>
			<Property id="PROPERTY_5415" name="WIRE_END1_TERM" value="DU5T-14474-BA"/>
			<Property id="PROPERTY_5416" name="WIRE_DEV_PIN_2" value="C2AM02-A:6"/>
			<Property id="PROPERTY_5417" name="WIRE_NAME" value="CBP21A"/>
			<Property id="PROPERTY_5418" name="WIRE_END_DC" value="2,7C3T-14474-DA,(SN),(NO_LEVELS_ASSIGNED),CBP21AT"/>
			<Property id="PROPERTY_5419" name="WIRE_END_DC" value="2,7C3T-14474-DA,(SN),(NO_LEVELS_ASSIGNED),CBP21AA"/>
			<Property id="PROPERTY_5420" name="WIRE_END_DC" value="1,*DU5T-14474-BA,(SN),(NO_LEVELS_ASSIGNED),CBP21AA"/>
			<Property id="PROPERTY_5421" name="WIRE_END2_TERM" value="BU5T-14474-UA"/>
			<Property id="PROPERTY_5422" name="WIRE_SIGNAL" value="VMM37"/>
			<Property id="PROPERTY_5423" name="HRN_FAMILY" value="14401"/>
			<Property id="PROPERTY_5424" name="WIRE_FPN" value="WIRE-2UKD-0.35-BU/GY"/>
			<Property id="PROPERTY_5425" name="WIRE_DIA_MAX" value="1.2"/>
			<Option id="OPTION_f9-c-0-11bd8b_1" value="G1DAA"/>
			<BranchRoute id="BRR_133">
				<StartBranchPosition id="BR_POS_529" branchId="BRANCH_c2-4e-0-4c0d82" branchNodeId="BN_8352_25-141_156" offset="0"/>
				<PassBranchId>BRANCH_c2-4e-0-4c0fbd</PassBranchId>
				<PassBranchId>BRANCH_c2-4e-0-4c0fc2</PassBranchId>
				<PassBranchId>BRANCH_c2-4e-0-4c0d7c</PassBranchId>
				<PassBranchId>BRANCH_c2-4e-0-4c0fb4</PassBranchId>
				<PassBranchId>BRANCH_c2-4e-0-4c0f7e</PassBranchId>
				<PassBranchId>BRANCH_c2-4e-0-4c1005</PassBranchId>
				<PassBranchId>BRANCH_c2-4e-0-4c0f45</PassBranchId>
				<PassBranchId>BRANCH_c2-4e-0-4c0dea</PassBranchId>
				<PassBranchId>BRANCH_c2-4e-0-4c0fd1</PassBranchId>
				<PassBranchId>BRANCH_c2-4e-0-4c0fe8</PassBranchId>
				<PassBranchId>BRANCH_c2-4e-0-4c1009</PassBranchId>
				<PassBranchId>BRANCH_c2-4e-0-4c10cb</PassBranchId>
				<PassBranchId>BRANCH_c2-4e-0-4c10ec</PassBranchId>
				<PassBranchId>BRANCH_c2-4e-0-4c0de4</PassBranchId>
				<PassBranchId>BRANCH_1a-4e-0-18e01d0</PassBranchId>
				<PassBranchId>BRANCH_c2-4e-0-4c10c8</PassBranchId>
				<PassBranchId>BRANCH_eb-4e-0-678fca</PassBranchId>
				<PassBranchId>BRANCH_c2-4e-0-4c0e87</PassBranchId>
				<PassBranchId>BRANCH_c2-4e-0-4c0e8c</PassBranchId>
				<PassBranchId>BRANCH_c2-4e-0-4c0e7f</PassBranchId>
				<PassBranchId>BRANCH_c2-4e-0-4c102d</PassBranchId>
				<PassBranchId>BRANCH_c2-4e-0-4c1030</PassBranchId>
				<PassBranchId>BRANCH_c2-4e-0-4c0e6d</PassBranchId>
				<PassBranchId>BRANCH_c2-4e-0-4c0fdc</PassBranchId>
				<PassBranchId>BRANCH_c2-4e-0-4c0efe</PassBranchId>
				<PassBranchId>BRANCH_eb-4e-0-5dd6fd</PassBranchId>
				<EndBranchPosition id="BR_POS_530" branchId="BRANCH_c2-4e-0-4c0f05" branchNodeId="BN_24512-276" offset="0"/>
			</BranchRoute>
		</WiringItem>
		<WiringItem xsi:type="Wire" id="WIRE_b3-c-0-2c4c13" name="CBP21AA" signalId="SIGNAL_18-36-0-253129" cableType="WIRE-2UKD-0.35" wireName="BU/GY" fromPinId="PIN_f-18-0-daeb" toPinId="PIN_49-18-0-35061b">
			<AppRef name="E3.Series" version="2.14.0.0" guid="8a543649-8ec5-474d-aa15-594e2a10961a"/>
			<Property id="PROPERTY_5426" name="WIRE_LENGTH" value="2190"/>
			<Property id="PROPERTY_5427" name="WIRE_END2_MATL" value="(SN)"/>
			<Property id="PROPERTY_5428" name="WIRE_CSA" value="0.35"/>
			<Property id="PROPERTY_5429" name="WIRE_MIN_BEND_RADIUS" value="3"/>
			<Property id="PROPERTY_5430" name="WIRE_OPTION" value="G1DAG"/>
			<Property id="PROPERTY_5431" name="WIRE_DEV_PIN_1" value="C2AM02-A:6"/>
			<Property id="PROPERTY_5432" name="WIRE_COLOR" value="BU/GY"/>
			<Property id="PROPERTY_5433" name="WIRE_SPEC" value="2UKD"/>
			<Property id="PROPERTY_5434" name="WIRE_LEVEL" value="VA"/>
			<Property id="PROPERTY_5435" name="WIRE_DEV_PIN_2" value="C2AT50:1"/>
			<Property id="PROPERTY_5436" name="WIRE_NAME" value="CBP21AA"/>
			<Property id="PROPERTY_5437" name="WIRE_END_DC" value="1,7C3T-14474-DA,(SN),VA,CBP21AT"/>
			<Property id="PROPERTY_5438" name="WIRE_END2_TERM" value="DU5T-14474-BA"/>
			<Property id="PROPERTY_5439" name="WIRE_SIGNAL" value="VMM37"/>
			<Property id="PROPERTY_5440" name="HRN_FAMILY" value="14401"/>
			<Property id="PROPERTY_5441" name="WIRE_FPN" value="WIRE-2UKD-0.35-BU/GY"/>
			<Property id="PROPERTY_5442" name="WIRE_DIA_MAX" value="1.2"/>
			<Option id="OPTION_b3-c-0-2c4c13_1" value="G1DAG"/>
			<BranchRoute id="BRR_134">
				<StartBranchPosition id="BR_POS_531" branchId="BRANCH_c2-4e-0-4c0d82" branchNodeId="BN_8352_25-141_156" offset="0"/>
				<PassBranchId>BRANCH_c2-4e-0-4c0fbd</PassBranchId>
				<PassBranchId>BRANCH_c2-4e-0-4c0fc2</PassBranchId>
				<PassBranchId>BRANCH_c2-4e-0-4c0d7c</PassBranchId>
				<PassBranchId>BRANCH_c2-4e-0-4c0fb4</PassBranchId>
				<PassBranchId>BRANCH_c2-4e-0-4c0f7e</PassBranchId>
				<PassBranchId>BRANCH_c2-4e-0-4c1005</PassBranchId>
				<PassBranchId>BRANCH_c2-4e-0-4c0f45</PassBranchId>
				<PassBranchId>BRANCH_c2-4e-0-4c0dea</PassBranchId>
				<PassBranchId>BRANCH_c2-4e-0-4c0fd1</PassBranchId>
				<PassBranchId>BRANCH_c2-4e-0-4c0fe8</PassBranchId>
				<PassBranchId>BRANCH_c2-4e-0-4c1009</PassBranchId>
				<PassBranchId>BRANCH_c2-4e-0-4c10cb</PassBranchId>
				<PassBranchId>BRANCH_c2-4e-0-4c10ec</PassBranchId>
				<PassBranchId>BRANCH_c2-4e-0-4c0de4</PassBranchId>
				<PassBranchId>BRANCH_1a-4e-0-18e01d0</PassBranchId>
				<PassBranchId>BRANCH_c2-4e-0-4c10c8</PassBranchId>
				<PassBranchId>BRANCH_eb-4e-0-678fca</PassBranchId>
				<PassBranchId>BRANCH_c2-4e-0-4c0e87</PassBranchId>
				<PassBranchId>BRANCH_c2-4e-0-4c0e8c</PassBranchId>
				<PassBranchId>BRANCH_c2-4e-0-4c0e7f</PassBranchId>
				<PassBranchId>BRANCH_c2-4e-0-4c102d</PassBranchId>
				<PassBranchId>BRANCH_c2-4e-0-4c1030</PassBranchId>
				<PassBranchId>BRANCH_c2-4e-0-4c0e6d</PassBranchId>
				<PassBranchId>BRANCH_c2-4e-0-4c0fdc</PassBranchId>
				<PassBranchId>BRANCH_c2-4e-0-4c0efe</PassBranchId>
				<PassBranchId>BRANCH_eb-4e-0-5dd6fd</PassBranchId>
				<EndBranchPosition id="BR_POS_532" branchId="BRANCH_c2-4e-0-4c0f05" branchNodeId="BN_24512-276" offset="0"/>
			</BranchRoute>
		</WiringItem>
		<WiringItem xsi:type="Wire" id="WIRE_b3-c-0-2b0cf4" name="CBP21AT" signalId="SIGNAL_18-36-0-253129" cableType="WIRE-2UKD-0.35" wireName="BU/GY" fromPinId="PIN_b5-18-0-54ff" toPinId="PIN_f-18-0-daeb">
			<AppRef name="E3.Series" version="2.14.0.0" guid="1b7f4bf8-2116-445c-8fa3-d5ad7403dfaf"/>
			<Property id="PROPERTY_5443" name="WIRE_LENGTH" value="805"/>
			<Property id="PROPERTY_5444" name="WIRE_CSA" value="0.35"/>
			<Property id="PROPERTY_5445" name="WIRE_MIN_BEND_RADIUS" value="3"/>
			<Property id="PROPERTY_5446" name="WIRE_OPTION" value="G1DAG"/>
			<Property id="PROPERTY_5447" name="WIRE_DEV_PIN_1" value="C12-A2:1"/>
			<Property id="PROPERTY_5448" name="WIRE_COLOR" value="BU/GY"/>
			<Property id="PROPERTY_5449" name="WIRE_SPEC" value="2UKD"/>
			<Property id="PROPERTY_5450" name="WIRE_END1_MATL" value="(SN)"/>
			<Property id="PROPERTY_5451" name="WIRE_LEVEL" value="VA"/>
			<Property id="PROPERTY_5452" name="WIRE_END1_TERM" value="8U5T-14474-BB"/>
			<Property id="PROPERTY_5453" name="WIRE_DEV_PIN_2" value="C2AM02-A:6"/>
			<Property id="PROPERTY_5454" name="WIRE_NAME" value="CBP21AT"/>
			<Property id="PROPERTY_5455" name="WIRE_END_DC" value="2,7C3T-14474-DA,(SN),VA,CBP21AA"/>
			<Property id="PROPERTY_5456" name="WIRE_SIGNAL" value="VMM37"/>
			<Property id="PROPERTY_5457" name="HRN_FAMILY" value="14401"/>
			<Property id="PROPERTY_5458" name="WIRE_FPN" value="WIRE-2UKD-0.35-BU/GY"/>
			<Property id="PROPERTY_5459" name="WIRE_DIA_MAX" value="1.2"/>
			<Option id="OPTION_b3-c-0-2b0cf4_1" value="G1DAG"/>
			<BranchRoute id="BRR_135">
				<StartBranchPosition id="BR_POS_533" branchId="BRANCH_c2-4e-0-4c0d60" branchNodeId="BN_22052-256" offset="0"/>
				<PassBranchId>BRANCH_c2-4e-0-4c0e5f</PassBranchId>
				<PassBranchId>BRANCH_c2-4e-0-4c0d66</PassBranchId>
				<PassBranchId>BRANCH_c2-4e-0-4c0e70</PassBranchId>
				<PassBranchId>BRANCH_c2-4e-0-4c0ef9</PassBranchId>
				<PassBranchId>BRANCH_c2-4e-0-4c102d</PassBranchId>
				<PassBranchId>BRANCH_c2-4e-0-4c1030</PassBranchId>
				<PassBranchId>BRANCH_c2-4e-0-4c0e6d</PassBranchId>
				<PassBranchId>BRANCH_c2-4e-0-4c0fdc</PassBranchId>
				<PassBranchId>BRANCH_c2-4e-0-4c0efe</PassBranchId>
				<PassBranchId>BRANCH_eb-4e-0-5dd6fd</PassBranchId>
				<EndBranchPosition id="BR_POS_534" branchId="BRANCH_c2-4e-0-4c0f05" branchNodeId="BN_24512-276" offset="0"/>
			</BranchRoute>
		</WiringItem>
		<WiringItem xsi:type="Wire" id="WIRE_95-c-0-e5a89" name="CBP35A" signalId="SIGNAL_2-36-0-32ab" cableType="WIRE-2UKD-0.35" wireName="YE/GY" fromPinId="PIN_b5-18-0-54b2" toPinId="PIN_f-18-0-dae1">
			<AppRef name="E3.Series" version="2.13.7.0" guid="fb938ba1-ef55-4c4e-a470-bd964f737682"/>
			<Property id="PROPERTY_5460" name="WIRE_LENGTH" value="740"/>
			<Property id="PROPERTY_5461" name="WIRE_END2_MATL" value="(SN)"/>
			<Property id="PROPERTY_5462" name="WIRE_CSA" value="0.35"/>
			<Property id="PROPERTY_5463" name="WIRE_MIN_BEND_RADIUS" value="3"/>
			<Property id="PROPERTY_5464" name="WIRE_OPTION" value="HT2AA"/>
			<Property id="PROPERTY_5465" name="WIRE_DEV_PIN_1" value="C23-B1:6"/>
			<Property id="PROPERTY_5466" name="WIRE_COLOR" value="YE/GY"/>
			<Property id="PROPERTY_5467" name="WIRE_SPEC" value="2UKD"/>
			<Property id="PROPERTY_5468" name="WIRE_END1_MATL" value="(SN)"/>
			<Property id="PROPERTY_5469" name="WIRE_LEVEL" value="(C-SHF)/(400W)/(7SPKR)/(TACH-L0)/(ACBRKR)/VA"/>
			<Property id="PROPERTY_5470" name="WIRE_END1_TERM" value="3F2T-14474-SA"/>
			<Property id="PROPERTY_5471" name="WIRE_DEV_PIN_2" value="C2AM02-A:4"/>
			<Property id="PROPERTY_5472" name="WIRE_NAME" value="CBP35A"/>
			<Property id="PROPERTY_5473" name="WIRE_END2_TERM" value="BU5T-14474-UA"/>
			<Property id="PROPERTY_5474" name="WIRE_SIGNAL" value="CBP35"/>
			<Property id="PROPERTY_5475" name="HRN_FAMILY" value="14401"/>
			<Property id="PROPERTY_5476" name="WIRE_FPN" value="WIRE-2UKD-0.35-YE/GY"/>
			<Property id="PROPERTY_5477" name="WIRE_DIA_MAX" value="1.2"/>
			<Option id="OPTION_95-c-0-e5a89_1" value="HT2AA"/>
			<BranchRoute id="BRR_136">
				<StartBranchPosition id="BR_POS_535" branchId="BRANCH_c2-4e-0-4c0d63" branchNodeId="BN_22204-180" offset="0"/>
				<PassBranchId>BRANCH_c2-4e-0-4c0e5c</PassBranchId>
				<PassBranchId>BRANCH_c2-4e-0-4c0e70</PassBranchId>
				<PassBranchId>BRANCH_c2-4e-0-4c0ef9</PassBranchId>
				<PassBranchId>BRANCH_c2-4e-0-4c102d</PassBranchId>
				<PassBranchId>BRANCH_c2-4e-0-4c1030</PassBranchId>
				<PassBranchId>BRANCH_c2-4e-0-4c0e6d</PassBranchId>
				<PassBranchId>BRANCH_c2-4e-0-4c0fdc</PassBranchId>
				<PassBranchId>BRANCH_c2-4e-0-4c0efe</PassBranchId>
				<PassBranchId>BRANCH_eb-4e-0-5dd6fd</PassBranchId>
				<EndBranchPosition id="BR_POS_536" branchId="BRANCH_c2-4e-0-4c0f05" branchNodeId="BN_24512-276" offset="0"/>
			</BranchRoute>
		</WiringItem>
		<WiringItem xsi:type="Wire" id="WIRE_be-c-0-59101a" name="CBP35EVA" signalId="SIGNAL_2-36-0-32ab" cableType="WIRE-2UKD-0.35" wireName="YE/GY" fromPinId="PIN_ac-18-0-8bc0ca" toPinId="PIN_f-18-0-dae1">
			<AppRef name="E3.Series" version="2.14.0.0" guid="1d61d526-a589-4972-8c27-31c18f2df701"/>
			<Property id="PROPERTY_5478" name="WIRE_LENGTH" value="1945"/>
			<Property id="PROPERTY_5479" name="WIRE_END2_MATL" value="(SN)"/>
			<Property id="PROPERTY_5480" name="WIRE_CSA" value="0.35"/>
			<Property id="PROPERTY_5481" name="WIRE_MIN_BEND_RADIUS" value="3"/>
			<Property id="PROPERTY_5482" name="WIRE_OPTION" value="HT2AC &amp; HJGAY"/>
			<Property id="PROPERTY_5483" name="WIRE_DEV_PIN_1" value="C2X212-EVB:1"/>
			<Property id="PROPERTY_5484" name="WIRE_COLOR" value="YE/GY"/>
			<Property id="PROPERTY_5485" name="WIRE_SPEC" value="2UKD"/>
			<Property id="PROPERTY_5486" name="WIRE_END1_MATL" value="(SN)"/>
			<Property id="PROPERTY_5487" name="WIRE_LEVEL" value="ZA/ZB/ZC/ZF"/>
			<Property id="PROPERTY_5488" name="WIRE_END1_TERM" value="3F2T-14474-SA"/>
			<Property id="PROPERTY_5489" name="WIRE_DEV_PIN_2" value="C2AM02-A:4"/>
			<Property id="PROPERTY_5490" name="WIRE_NAME" value="CBP35EVA"/>
			<Property id="PROPERTY_5491" name="WIRE_END2_TERM" value="BU5T-14474-UA"/>
			<Property id="PROPERTY_5492" name="WIRE_SIGNAL" value="CBP35"/>
			<Property id="PROPERTY_5493" name="HRN_FAMILY" value="14401"/>
			<Property id="PROPERTY_5494" name="WIRE_FPN" value="WIRE-2UKD-0.35-YE/GY"/>
			<Property id="PROPERTY_5495" name="WIRE_DIA_MAX" value="1.2"/>
			<Option id="OPTION_be-c-0-59101a_1" value="HT2AC &amp; HJGAY"/>
			<BranchRoute id="BRR_137">
				<StartBranchPosition id="BR_POS_537" branchId="BRANCH_1a-4e-0-1a7ae35" branchNodeId="BN_15712-168" offset="0"/>
				<PassBranchId>BRANCH_1a-4e-0-1a78dfd</PassBranchId>
				<PassBranchId>BRANCH_1a-4e-0-1a72824</PassBranchId>
				<PassBranchId>BRANCH_1a-4e-0-1a7080e</PassBranchId>
				<PassBranchId>BRANCH_c2-4e-0-4c10c3</PassBranchId>
				<PassBranchId>BRANCH_c2-4e-0-4c0ff9</PassBranchId>
				<PassBranchId>BRANCH_c2-4e-0-4c0f34</PassBranchId>
				<PassBranchId>BRANCH_c2-4e-0-4c0d05</PassBranchId>
				<PassBranchId>BRANCH_c2-4e-0-4c1076</PassBranchId>
				<PassBranchId>BRANCH_c2-4e-0-4c106f</PassBranchId>
				<PassBranchId>BRANCH_c2-4e-0-4c1075</PassBranchId>
				<PassBranchId>BRANCH_c2-4e-0-4c0de4</PassBranchId>
				<PassBranchId>BRANCH_1a-4e-0-18e01d0</PassBranchId>
				<PassBranchId>BRANCH_c2-4e-0-4c10c8</PassBranchId>
				<PassBranchId>BRANCH_eb-4e-0-678fca</PassBranchId>
				<PassBranchId>BRANCH_c2-4e-0-4c0e87</PassBranchId>
				<PassBranchId>BRANCH_c2-4e-0-4c0e8c</PassBranchId>
				<PassBranchId>BRANCH_c2-4e-0-4c0e7f</PassBranchId>
				<PassBranchId>BRANCH_c2-4e-0-4c102d</PassBranchId>
				<PassBranchId>BRANCH_c2-4e-0-4c1030</PassBranchId>
				<PassBranchId>BRANCH_c2-4e-0-4c0e6d</PassBranchId>
				<PassBranchId>BRANCH_c2-4e-0-4c0fdc</PassBranchId>
				<PassBranchId>BRANCH_c2-4e-0-4c0efe</PassBranchId>
				<PassBranchId>BRANCH_eb-4e-0-5dd6fd</PassBranchId>
				<EndBranchPosition id="BR_POS_538" branchId="BRANCH_c2-4e-0-4c0f05" branchNodeId="BN_24512-276" offset="0"/>
			</BranchRoute>
		</WiringItem>
		<WiringItem xsi:type="Wire" id="WIRE_88-c-0-4a2d3d" name="CBP35TD" signalId="SIGNAL_2-36-0-32ab" cableType="WIRE-2UKD-0.50" wireName="YE/GY" fromPinId="PIN_3e-18-0-323bf2" toPinId="PIN_3b-18-0-125d25b">
			<AppRef name="E3.Series" version="2.13.7.0" guid="56ae556f-9c8f-45cc-a27a-e054c1cfc6be"/>
			<Property id="PROPERTY_5496" name="WIRE_LENGTH" value="1607"/>
			<Property id="PROPERTY_5497" name="WIRE_END2_MATL" value="(SN)"/>
			<Property id="PROPERTY_5498" name="WIRE_CSA" value="0.5"/>
			<Property id="PROPERTY_5499" name="WIRE_MIN_BEND_RADIUS" value="3"/>
			<Property id="PROPERTY_5500" name="WIRE_OPTION" value="HUKAJ | HUKAK | HUKAL | HUKAM | HUKAN | HUKAQ"/>
			<Property id="PROPERTY_5501" name="WIRE_DEV_PIN_1" value="C23-E1:15"/>
			<Property id="PROPERTY_5502" name="WIRE_COLOR" value="YE/GY"/>
			<Property id="PROPERTY_5503" name="WIRE_SPEC" value="2UKD"/>
			<Property id="PROPERTY_5504" name="WIRE_END1_MATL" value="(SN)"/>
			<Property id="PROPERTY_5505" name="WIRE_LEVEL" value="(400W)/(KWINV)/(ACBRKR)/(F-SHF)/(BEV)"/>
			<Property id="PROPERTY_5506" name="WIRE_END1_TERM" value="9U5T-14474-DB"/>
			<Property id="PROPERTY_5507" name="WIRE_DEV_PIN_2" value="C2YA02-C1:1"/>
			<Property id="PROPERTY_5508" name="WIRE_NAME" value="CBP35TD"/>
			<Property id="PROPERTY_5509" name="WIRE_END2_TERM" value="9U5T-14474-DB"/>
			<Property id="PROPERTY_5510" name="WIRE_SIGNAL" value="CBP35"/>
			<Property id="PROPERTY_5511" name="HRN_FAMILY" value="14401"/>
			<Property id="PROPERTY_5512" name="WIRE_FPN" value="WIRE-2UKD-0.50-YE/GY"/>
			<Property id="PROPERTY_5513" name="WIRE_DIA_MAX" value="1.4"/>
			<Option id="OPTION_88-c-0-4a2d3d_1" value="HUKAJ | HUKAK | HUKAL | HUKAM | HUKAN | HUKAQ"/>
			<BranchRoute id="BRR_138">
				<StartBranchPosition id="BR_POS_539" branchId="BRANCH_c2-4e-0-4c0ec5" branchNodeId="BN_16936-148" offset="0"/>
				<PassBranchId>BRANCH_c2-4e-0-4c0ec1</PassBranchId>
				<PassBranchId>BRANCH_c2-4e-0-4c0d46</PassBranchId>
				<PassBranchId>BRANCH_c2-4e-0-4c0f30</PassBranchId>
				<PassBranchId>BRANCH_c2-4e-0-4c0d05</PassBranchId>
				<PassBranchId>BRANCH_c2-4e-0-4c1076</PassBranchId>
				<PassBranchId>BRANCH_c2-4e-0-4c1087</PassBranchId>
				<PassBranchId>BRANCH_c2-4e-0-4c1083</PassBranchId>
				<PassBranchId>BRANCH_c2-4e-0-4c0f89</PassBranchId>
				<PassBranchId>BRANCH_c2-4e-0-4c0f18</PassBranchId>
				<PassBranchId>BRANCH_c2-4e-0-4c0f88</PassBranchId>
				<PassBranchId>BRANCH_c2-4e-0-4c0e97</PassBranchId>
				<PassBranchId>BRANCH_c2-4e-0-4c10ce</PassBranchId>
				<PassBranchId>BRANCH_c2-4e-0-4c0e9b</PassBranchId>
				<PassBranchId>BRANCH_c2-4e-0-4c10f5</PassBranchId>
				<PassBranchId>BRANCH_c2-4e-0-4c0dfa</PassBranchId>
				<EndBranchPosition id="BR_POS_540" branchId="BRANCH_c2-4e-0-4c0f1c" branchNodeId="BN_18448-168" offset="0"/>
			</BranchRoute>
		</WiringItem>
		<WiringItem xsi:type="Wire" id="WIRE_48-c-0-866745" name="CBP36HW1" signalId="SIGNAL_2-36-0-32ac" cableType="WIRE-2UKD-0.75" wireName="BU/BN" fromPinId="PIN_f-18-0-db27" toPinId="PIN_48-18-0-85d785">
			<AppRef name="E3.Series" version="2.13.7.0" guid="2c25796d-cd1c-4bc6-970e-91274149f8fb"/>
			<Property id="PROPERTY_5514" name="WIRE_LENGTH" value="2630"/>
			<Property id="PROPERTY_5515" name="WIRE_END2_MATL" value="(SN)"/>
			<Property id="PROPERTY_5516" name="WIRE_CSA" value="0.75"/>
			<Property id="PROPERTY_5517" name="WIRE_MIN_BEND_RADIUS" value="3"/>
			<Property id="PROPERTY_5518" name="WIRE_OPTION" value="GTBAB &amp; GPAAJ"/>
			<Property id="PROPERTY_5519" name="WIRE_DEV_PIN_1" value="C2AM02-A:15"/>
			<Property id="PROPERTY_5520" name="WIRE_COLOR" value="BU/BN"/>
			<Property id="PROPERTY_5521" name="WIRE_SPEC" value="2UKD"/>
			<Property id="PROPERTY_5522" name="WIRE_END1_MATL" value="(SN)"/>
			<Property id="PROPERTY_5523" name="WIRE_LEVEL" value="DA/DB/DC/DD/VA/XM/XR/YM/YN/YS/YT/ZA/ZB/ZC/ZD/ZF/ZH"/>
			<Property id="PROPERTY_5524" name="WIRE_END1_TERM" value="DU5T-14474-JBB"/>
			<Property id="PROPERTY_5525" name="WIRE_DEV_PIN_2" value="C2AM01-F:2"/>
			<Property id="PROPERTY_5526" name="WIRE_NAME" value="CBP36HW1"/>
			<Property id="PROPERTY_5527" name="WIRE_END2_TERM" value="3F2T-14474-MA"/>
			<Property id="PROPERTY_5528" name="WIRE_SIGNAL" value="CBP36"/>
			<Property id="PROPERTY_5529" name="HRN_FAMILY" value="14401"/>
			<Property id="PROPERTY_5530" name="WIRE_FPN" value="WIRE-2UKD-0.75-BU/BN"/>
			<Property id="PROPERTY_5531" name="WIRE_DIA_MAX" value="1.6"/>
			<Option id="OPTION_48-c-0-866745_1" value="GTBAB &amp; GPAAJ"/>
			<BranchRoute id="BRR_139">
				<StartBranchPosition id="BR_POS_541" branchId="BRANCH_c2-4e-0-4c0d98" branchNodeId="BN_5135_9-222_058" offset="0"/>
				<PassBranchId>BRANCH_c2-4e-0-4c0e3b</PassBranchId>
				<PassBranchId>BRANCH_c2-4e-0-4c0d9b</PassBranchId>
				<PassBranchId>BRANCH_c2-4e-0-4c10b4</PassBranchId>
				<PassBranchId>BRANCH_c2-4e-0-4c10b7</PassBranchId>
				<PassBranchId>BRANCH_c2-4e-0-4c0fa1</PassBranchId>
				<PassBranchId>BRANCH_c2-4e-0-4c10b1</PassBranchId>
				<PassBranchId>BRANCH_c2-4e-0-4c0f9e</PassBranchId>
				<PassBranchId>BRANCH_c2-4e-0-4c0f9b</PassBranchId>
				<PassBranchId>BRANCH_c2-4e-0-4c10ae</PassBranchId>
				<PassBranchId>BRANCH_c2-4e-0-4c0d95</PassBranchId>
				<PassBranchId>BRANCH_c2-4e-0-4c101d</PassBranchId>
				<PassBranchId>BRANCH_c2-4e-0-4c101a</PassBranchId>
				<PassBranchId>BRANCH_c2-4e-0-4c0fce</PassBranchId>
				<PassBranchId>BRANCH_c2-4e-0-4c0d1d</PassBranchId>
				<PassBranchId>BRANCH_35-4e-0-2efaf8</PassBranchId>
				<PassBranchId>BRANCH_c2-4e-0-4c10c0</PassBranchId>
				<PassBranchId>BRANCH_c2-4e-0-4c0fc8</PassBranchId>
				<PassBranchId>BRANCH_c2-4e-0-4c108d</PassBranchId>
				<PassBranchId>BRANCH_c2-4e-0-4c0d88</PassBranchId>
				<PassBranchId>BRANCH_c2-4e-0-4c109a</PassBranchId>
				<PassBranchId>BRANCH_c2-4e-0-4c0e16</PassBranchId>
				<PassBranchId>BRANCH_c2-4e-0-4c0fcb</PassBranchId>
				<PassBranchId>BRANCH_c2-4e-0-4c0dea</PassBranchId>
				<PassBranchId>BRANCH_c2-4e-0-4c0fd1</PassBranchId>
				<PassBranchId>BRANCH_c2-4e-0-4c0fe8</PassBranchId>
				<PassBranchId>BRANCH_c2-4e-0-4c1009</PassBranchId>
				<PassBranchId>BRANCH_c2-4e-0-4c10cb</PassBranchId>
				<PassBranchId>BRANCH_c2-4e-0-4c10ec</PassBranchId>
				<PassBranchId>BRANCH_c2-4e-0-4c0de4</PassBranchId>
				<PassBranchId>BRANCH_1a-4e-0-18e01d0</PassBranchId>
				<PassBranchId>BRANCH_c2-4e-0-4c10c8</PassBranchId>
				<PassBranchId>BRANCH_eb-4e-0-678fca</PassBranchId>
				<PassBranchId>BRANCH_c2-4e-0-4c0e87</PassBranchId>
				<PassBranchId>BRANCH_c2-4e-0-4c0e8c</PassBranchId>
				<PassBranchId>BRANCH_c2-4e-0-4c0e7f</PassBranchId>
				<PassBranchId>BRANCH_c2-4e-0-4c102d</PassBranchId>
				<PassBranchId>BRANCH_c2-4e-0-4c1030</PassBranchId>
				<PassBranchId>BRANCH_c2-4e-0-4c0e6d</PassBranchId>
				<PassBranchId>BRANCH_c2-4e-0-4c0fdc</PassBranchId>
				<PassBranchId>BRANCH_c2-4e-0-4c0efe</PassBranchId>
				<PassBranchId>BRANCH_eb-4e-0-5dd6fd</PassBranchId>
				<EndBranchPosition id="BR_POS_542" branchId="BRANCH_c2-4e-0-4c0f05" branchNodeId="BN_24512-276" offset="0"/>
			</BranchRoute>
		</WiringItem>
		<WiringItem xsi:type="Wire" id="WIRE_4-c-0-b2d903" name="CBP36HW2" signalId="SIGNAL_2-36-0-32ac" cableType="WIRE-2UKD-0.75" wireName="BU/BN" fromPinId="PIN_43-18-0-32bc07" toPinId="PIN_f-18-0-db27">
			<AppRef name="E3.Series" version="2.13.7.0" guid="597e9103-67cf-452e-9a31-14696a9eea37"/>
			<Property id="PROPERTY_5532" name="WIRE_LENGTH" value="2750"/>
			<Property id="PROPERTY_5533" name="WIRE_END2_MATL" value="(SN)"/>
			<Property id="PROPERTY_5534" name="WIRE_CSA" value="0.75"/>
			<Property id="PROPERTY_5535" name="WIRE_MIN_BEND_RADIUS" value="3"/>
			<Property id="PROPERTY_5536" name="WIRE_OPTION" value="GPAAW"/>
			<Property id="PROPERTY_5537" name="WIRE_DEV_PIN_1" value="C2R168-A:4"/>
			<Property id="PROPERTY_5538" name="WIRE_COLOR" value="BU/BN"/>
			<Property id="PROPERTY_5539" name="WIRE_SPEC" value="2UKD"/>
			<Property id="PROPERTY_5540" name="WIRE_END1_MATL" value="(SN)"/>
			<Property id="PROPERTY_5541" name="WIRE_LEVEL" value="(A-STR)"/>
			<Property id="PROPERTY_5542" name="WIRE_END1_TERM" value="*LU5T-14474-ANA"/>
			<Property id="PROPERTY_5543" name="WIRE_DEV_PIN_2" value="C2AM02-A:15"/>
			<Property id="PROPERTY_5544" name="WIRE_NAME" value="CBP36HW2"/>
			<Property id="PROPERTY_5545" name="WIRE_END2_TERM" value="DU5T-14474-JBB"/>
			<Property id="PROPERTY_5546" name="WIRE_SIGNAL" value="CBP36"/>
			<Property id="PROPERTY_5547" name="HRN_FAMILY" value="14401"/>
			<Property id="PROPERTY_5548" name="WIRE_FPN" value="WIRE-2UKD-0.75-BU/BN"/>
			<Property id="PROPERTY_5549" name="WIRE_DIA_MAX" value="1.6"/>
			<Option id="OPTION_4-c-0-b2d903_1" value="GPAAW"/>
			<BranchRoute id="BRR_140">
				<StartBranchPosition id="BR_POS_543" branchId="BRANCH_c2-4e-0-4c0da8" branchNodeId="BN_4567_9-178_058" offset="0"/>
				<PassBranchId>BRANCH_c2-4e-0-4c0e37</PassBranchId>
				<PassBranchId>BRANCH_c2-4e-0-4c10ad</PassBranchId>
				<PassBranchId>BRANCH_c2-4e-0-4c0db1</PassBranchId>
				<PassBranchId>BRANCH_c2-4e-0-4c0d9b</PassBranchId>
				<PassBranchId>BRANCH_c2-4e-0-4c10b4</PassBranchId>
				<PassBranchId>BRANCH_c2-4e-0-4c10b7</PassBranchId>
				<PassBranchId>BRANCH_c2-4e-0-4c0fa1</PassBranchId>
				<PassBranchId>BRANCH_c2-4e-0-4c10b1</PassBranchId>
				<PassBranchId>BRANCH_c2-4e-0-4c0f9e</PassBranchId>
				<PassBranchId>BRANCH_c2-4e-0-4c0f9b</PassBranchId>
				<PassBranchId>BRANCH_c2-4e-0-4c10ae</PassBranchId>
				<PassBranchId>BRANCH_c2-4e-0-4c0d95</PassBranchId>
				<PassBranchId>BRANCH_c2-4e-0-4c101d</PassBranchId>
				<PassBranchId>BRANCH_c2-4e-0-4c101a</PassBranchId>
				<PassBranchId>BRANCH_c2-4e-0-4c0fce</PassBranchId>
				<PassBranchId>BRANCH_c2-4e-0-4c0d1d</PassBranchId>
				<PassBranchId>BRANCH_35-4e-0-2efaf8</PassBranchId>
				<PassBranchId>BRANCH_c2-4e-0-4c10c0</PassBranchId>
				<PassBranchId>BRANCH_c2-4e-0-4c0fc8</PassBranchId>
				<PassBranchId>BRANCH_c2-4e-0-4c108d</PassBranchId>
				<PassBranchId>BRANCH_c2-4e-0-4c0d88</PassBranchId>
				<PassBranchId>BRANCH_c2-4e-0-4c109a</PassBranchId>
				<PassBranchId>BRANCH_c2-4e-0-4c0e16</PassBranchId>
				<PassBranchId>BRANCH_c2-4e-0-4c0fcb</PassBranchId>
				<PassBranchId>BRANCH_c2-4e-0-4c0dea</PassBranchId>
				<PassBranchId>BRANCH_c2-4e-0-4c0fd1</PassBranchId>
				<PassBranchId>BRANCH_c2-4e-0-4c0fe8</PassBranchId>
				<PassBranchId>BRANCH_c2-4e-0-4c1009</PassBranchId>
				<PassBranchId>BRANCH_c2-4e-0-4c10cb</PassBranchId>
				<PassBranchId>BRANCH_c2-4e-0-4c10ec</PassBranchId>
				<PassBranchId>BRANCH_c2-4e-0-4c0de4</PassBranchId>
				<PassBranchId>BRANCH_1a-4e-0-18e01d0</PassBranchId>
				<PassBranchId>BRANCH_c2-4e-0-4c10c8</PassBranchId>
				<PassBranchId>BRANCH_eb-4e-0-678fca</PassBranchId>
				<PassBranchId>BRANCH_c2-4e-0-4c0e87</PassBranchId>
				<PassBranchId>BRANCH_c2-4e-0-4c0e8c</PassBranchId>
				<PassBranchId>BRANCH_c2-4e-0-4c0e7f</PassBranchId>
				<PassBranchId>BRANCH_c2-4e-0-4c102d</PassBranchId>
				<PassBranchId>BRANCH_c2-4e-0-4c1030</PassBranchId>
				<PassBranchId>BRANCH_c2-4e-0-4c0e6d</PassBranchId>
				<PassBranchId>BRANCH_c2-4e-0-4c0fdc</PassBranchId>
				<PassBranchId>BRANCH_c2-4e-0-4c0efe</PassBranchId>
				<PassBranchId>BRANCH_eb-4e-0-5dd6fd</PassBranchId>
				<EndBranchPosition id="BR_POS_544" branchId="BRANCH_c2-4e-0-4c0f05" branchNodeId="BN_24512-276" offset="0"/>
			</BranchRoute>
		</WiringItem>
		<WiringItem xsi:type="Wire" id="WIRE_65-c-0-3aec4c" name="CBP37A" signalId="SIGNAL_2-36-0-3225" cableType="WIRE-2UKD-0.75" wireName="WH" fromPinId="PIN_b5-18-0-534a" toPinId="PIN_f-18-0-db13">
			<AppRef name="E3.Series" version="2.13.7.0" guid="715e79e8-d938-4faa-a748-c3af88be08ba"/>
			<Property id="PROPERTY_5550" name="WIRE_LENGTH" value="2545"/>
			<Property id="PROPERTY_5551" name="WIRE_END2_MATL" value="(SN)"/>
			<Property id="PROPERTY_5552" name="WIRE_CSA" value="0.75"/>
			<Property id="PROPERTY_5553" name="WIRE_MIN_BEND_RADIUS" value="3"/>
			<Property id="PROPERTY_5554" name="WIRE_LEVEL" value="(ALL)"/>
			<Property id="PROPERTY_5555" name="WIRE_DEV_PIN_1" value="C23-C1:11"/>
			<Property id="PROPERTY_5556" name="WIRE_COLOR" value="WH"/>
			<Property id="PROPERTY_5557" name="WIRE_SPEC" value="2UKD"/>
			<Property id="PROPERTY_5558" name="WIRE_END1_MATL" value="(SN)"/>
			<Property id="PROPERTY_5559" name="WIRE_END1_TERM" value="9U5T-14474-EB"/>
			<Property id="PROPERTY_5560" name="WIRE_DEV_PIN_2" value="C2AM02-A:16"/>
			<Property id="PROPERTY_5561" name="WIRE_NAME" value="CBP37A"/>
			<Property id="PROPERTY_5562" name="WIRE_END2_TERM" value="DU5T-14474-JBB"/>
			<Property id="PROPERTY_5563" name="WIRE_SIGNAL" value="CBB37"/>
			<Property id="PROPERTY_5564" name="HRN_FAMILY" value="14401"/>
			<Property id="PROPERTY_5565" name="WIRE_FPN" value="WIRE-2UKD-0.75-WH"/>
			<Property id="PROPERTY_5566" name="WIRE_DIA_MAX" value="1.6"/>
			<BranchRoute id="BRR_141">
				<StartBranchPosition id="BR_POS_545" branchId="BRANCH_c2-4e-0-4c0de1" branchNodeId="BN_79_9-190_058" offset="0"/>
				<PassBranchId>BRANCH_c2-4e-0-4c0ddd</PassBranchId>
				<PassBranchId>BRANCH_c2-4e-0-4c10dd</PassBranchId>
				<PassBranchId>BRANCH_c2-4e-0-4c1020</PassBranchId>
				<PassBranchId>BRANCH_c2-4e-0-4c1021</PassBranchId>
				<PassBranchId>BRANCH_c2-4e-0-4c10e7</PassBranchId>
				<PassBranchId>BRANCH_c2-4e-0-4c0fc5</PassBranchId>
				<PassBranchId>BRANCH_c2-4e-0-4c0fce</PassBranchId>
				<PassBranchId>BRANCH_c2-4e-0-4c0d1d</PassBranchId>
				<PassBranchId>BRANCH_35-4e-0-2efaf8</PassBranchId>
				<PassBranchId>BRANCH_c2-4e-0-4c10c0</PassBranchId>
				<PassBranchId>BRANCH_c2-4e-0-4c0fc8</PassBranchId>
				<PassBranchId>BRANCH_c2-4e-0-4c108d</PassBranchId>
				<PassBranchId>BRANCH_c2-4e-0-4c0d88</PassBranchId>
				<PassBranchId>BRANCH_c2-4e-0-4c109a</PassBranchId>
				<PassBranchId>BRANCH_c2-4e-0-4c0e16</PassBranchId>
				<PassBranchId>BRANCH_c2-4e-0-4c0fcb</PassBranchId>
				<PassBranchId>BRANCH_c2-4e-0-4c0dea</PassBranchId>
				<PassBranchId>BRANCH_c2-4e-0-4c0fd1</PassBranchId>
				<PassBranchId>BRANCH_c2-4e-0-4c0fe8</PassBranchId>
				<PassBranchId>BRANCH_c2-4e-0-4c1009</PassBranchId>
				<PassBranchId>BRANCH_c2-4e-0-4c10cb</PassBranchId>
				<PassBranchId>BRANCH_c2-4e-0-4c10ec</PassBranchId>
				<PassBranchId>BRANCH_c2-4e-0-4c0de4</PassBranchId>
				<PassBranchId>BRANCH_1a-4e-0-18e01d0</PassBranchId>
				<PassBranchId>BRANCH_c2-4e-0-4c10c8</PassBranchId>
				<PassBranchId>BRANCH_eb-4e-0-678fca</PassBranchId>
				<PassBranchId>BRANCH_c2-4e-0-4c0e87</PassBranchId>
				<PassBranchId>BRANCH_c2-4e-0-4c0e8c</PassBranchId>
				<PassBranchId>BRANCH_c2-4e-0-4c0e7f</PassBranchId>
				<PassBranchId>BRANCH_c2-4e-0-4c102d</PassBranchId>
				<PassBranchId>BRANCH_c2-4e-0-4c1030</PassBranchId>
				<PassBranchId>BRANCH_c2-4e-0-4c0e6d</PassBranchId>
				<PassBranchId>BRANCH_c2-4e-0-4c0fdc</PassBranchId>
				<PassBranchId>BRANCH_c2-4e-0-4c0efe</PassBranchId>
				<PassBranchId>BRANCH_eb-4e-0-5dd6fd</PassBranchId>
				<EndBranchPosition id="BR_POS_546" branchId="BRANCH_c2-4e-0-4c0f05" branchNodeId="BN_24512-276" offset="0"/>
			</BranchRoute>
		</WiringItem>
		<WiringItem xsi:type="Wire" id="WIRE_95-c-0-e5ff4" name="CBX07P" signalId="SIGNAL_2-36-0-3330" cableType="WIRE-2UKD-0.35" wireName="GN/RD" fromPinId="PIN_5f-18-0-126c43" toPinId="PIN_42-1e-0-8ebd7">
			<AppRef name="E3.Series" version="2.13.7.0" guid="e6724619-90fb-4aaa-9185-878252c585c6"/>
			<Property id="PROPERTY_5567" name="WIRE_LENGTH" value="460"/>
			<Property id="PROPERTY_5568" name="WIRE_CSA" value="0.35"/>
			<Property id="PROPERTY_5569" name="WIRE_MIN_BEND_RADIUS" value="3"/>
			<Property id="PROPERTY_5570" name="WIRE_OPTION" value="JCBAD"/>
			<Property id="PROPERTY_5571" name="WIRE_DEV_PIN_1" value="C23-B1:30"/>
			<Property id="PROPERTY_5572" name="WIRE_COLOR" value="GN/RD"/>
			<Property id="PROPERTY_5573" name="WIRE_SPEC" value="2UKD"/>
			<Property id="PROPERTY_5574" name="WIRE_END1_MATL" value="(SN)"/>
			<Property id="PROPERTY_5575" name="WIRE_LEVEL" value="(P-COL)/AH/AJ/AK/AL/AM/AN/AP/AR/CB/CC/CD/CE/XL/YC/YD/YK/YL/YP/YR/YU/YV/ZC/ZF"/>
			<Property id="PROPERTY_5576" name="WIRE_END1_TERM" value="9U5T-14474-DB"/>
			<Property id="PROPERTY_5577" name="WIRE_DEV_PIN_2" value="S2BX07-B:1"/>
			<Property id="PROPERTY_5578" name="WIRE_NAME" value="CBX07P"/>
			<Property id="PROPERTY_5579" name="WIRE_SIGNAL" value="CBX07"/>
			<Property id="PROPERTY_5580" name="HRN_FAMILY" value="14401"/>
			<Property id="PROPERTY_5581" name="WIRE_FPN" value="WIRE-2UKD-0.35-GN/RD"/>
			<Property id="PROPERTY_5582" name="WIRE_DIA_MAX" value="1.2"/>
			<Option id="OPTION_95-c-0-e5ff4_1" value="JCBAD"/>
			<BranchRoute id="BRR_142">
				<StartBranchPosition id="BR_POS_547" branchId="BRANCH_c2-4e-0-4c0d63" branchNodeId="BN_22204-180" offset="0"/>
				<PassBranchId>BRANCH_c2-4e-0-4c0e5c</PassBranchId>
				<PassBranchId>BRANCH_c2-4e-0-4c0e70</PassBranchId>
				<PassBranchId>BRANCH_c2-4e-0-4c0ef9</PassBranchId>
				<PassBranchId>BRANCH_c2-4e-0-4c0e7f</PassBranchId>
				<PassBranchId>BRANCH_c2-4e-0-4c0e8c</PassBranchId>
				<EndBranchPosition id="BR_POS_548" branchId="BRANCH_c2-4e-0-4c10be" branchNodeId="BN_22968-320" offset="0"/>
			</BranchRoute>
		</WiringItem>
		<WiringItem xsi:type="Wire" id="WIRE_95-c-0-e59c1" name="CBX07T" signalId="SIGNAL_2-36-0-3330" cableType="WIRE-2UKD-0.35" wireName="GN/RD" fromPinId="PIN_42-1e-0-8ebd7" toPinId="PIN_3b-18-0-1ae7d">
			<AppRef name="E3.Series" version="2.13.7.0" guid="6ca8ab13-2159-4699-86f0-9e45dc10147a"/>
			<Property id="PROPERTY_5583" name="WIRE_LENGTH" value="660"/>
			<Property id="PROPERTY_5584" name="WIRE_END2_MATL" value="(SN)"/>
			<Property id="PROPERTY_5585" name="WIRE_CSA" value="0.35"/>
			<Property id="PROPERTY_5586" name="WIRE_MIN_BEND_RADIUS" value="3"/>
			<Property id="PROPERTY_5587" name="WIRE_OPTION" value="JCBAD"/>
			<Property id="PROPERTY_5588" name="WIRE_DEV_PIN_1" value="S2BX07-B:1"/>
			<Property id="PROPERTY_5589" name="WIRE_COLOR" value="GN/RD"/>
			<Property id="PROPERTY_5590" name="WIRE_SPEC" value="2UKD"/>
			<Property id="PROPERTY_5591" name="WIRE_LEVEL" value="(P-COL)/AH/AJ/AK/AL/AM/AN/AP/AR/CB/CC/CD/CE/XL/YC/YD/YK/YL/YP/YR/YU/YV/ZC/ZF"/>
			<Property id="PROPERTY_5592" name="WIRE_DEV_PIN_2" value="C2LN85:1"/>
			<Property id="PROPERTY_5593" name="WIRE_NAME" value="CBX07T"/>
			<Property id="PROPERTY_5594" name="WIRE_END2_TERM" value="3F2T-14474-SA"/>
			<Property id="PROPERTY_5595" name="WIRE_SIGNAL" value="CBX07"/>
			<Property id="PROPERTY_5596" name="HRN_FAMILY" value="14401"/>
			<Property id="PROPERTY_5597" name="WIRE_FPN" value="WIRE-2UKD-0.35-GN/RD"/>
			<Property id="PROPERTY_5598" name="WIRE_DIA_MAX" value="1.2"/>
			<Option id="OPTION_95-c-0-e59c1_1" value="JCBAD"/>
			<BranchRoute id="BRR_143">
				<StartBranchPosition id="BR_POS_549" branchId="BRANCH_c2-4e-0-4c0d31" branchNodeId="BN_22812-48" offset="0"/>
				<PassBranchId>BRANCH_c2-4e-0-4c1038</PassBranchId>
				<PassBranchId>BRANCH_c2-4e-0-4c1030</PassBranchId>
				<PassBranchId>BRANCH_c2-4e-0-4c102d</PassBranchId>
				<PassBranchId>BRANCH_c2-4e-0-4c0e7f</PassBranchId>
				<PassBranchId>BRANCH_c2-4e-0-4c0e8c</PassBranchId>
				<EndBranchPosition id="BR_POS_550" branchId="BRANCH_c2-4e-0-4c10be" branchNodeId="BN_22968-320" offset="0"/>
			</BranchRoute>
		</WiringItem>
		<WiringItem xsi:type="Wire" id="WIRE_95-c-0-e6a88" name="CBX07U" signalId="SIGNAL_2-36-0-3330" cableType="WIRE-2UKD-0.35" wireName="GN/RD" fromPinId="PIN_42-1e-0-8ebd7" toPinId="PIN_3b-18-0-1ae95">
			<AppRef name="E3.Series" version="2.13.7.0" guid="d6d11be2-6208-4047-a439-3b47e7437b45"/>
			<Property id="PROPERTY_5599" name="WIRE_LENGTH" value="1510"/>
			<Property id="PROPERTY_5600" name="WIRE_END2_MATL" value="(SN)"/>
			<Property id="PROPERTY_5601" name="WIRE_CSA" value="0.35"/>
			<Property id="PROPERTY_5602" name="WIRE_MIN_BEND_RADIUS" value="3"/>
			<Property id="PROPERTY_5603" name="WIRE_OPTION" value="JCBAD"/>
			<Property id="PROPERTY_5604" name="WIRE_DEV_PIN_1" value="S2BX07-B:1"/>
			<Property id="PROPERTY_5605" name="WIRE_COLOR" value="GN/RD"/>
			<Property id="PROPERTY_5606" name="WIRE_SPEC" value="2UKD"/>
			<Property id="PROPERTY_5607" name="WIRE_LEVEL" value="(P-COL)/AH/AJ/AK/AL/AM/AN/AP/AR/CB/CC/CD/CE/XL/YC/YD/YK/YL/YP/YR/YU/YV/ZC/ZF"/>
			<Property id="PROPERTY_5608" name="WIRE_DEV_PIN_2" value="C2LN84:1"/>
			<Property id="PROPERTY_5609" name="WIRE_NAME" value="CBX07U"/>
			<Property id="PROPERTY_5610" name="WIRE_END2_TERM" value="1L2T-14421-BA"/>
			<Property id="PROPERTY_5611" name="WIRE_SIGNAL" value="CBX07"/>
			<Property id="PROPERTY_5612" name="HRN_FAMILY" value="14401"/>
			<Property id="PROPERTY_5613" name="WIRE_FPN" value="WIRE-2UKD-0.35-GN/RD"/>
			<Property id="PROPERTY_5614" name="WIRE_DIA_MAX" value="1.2"/>
			<Option id="OPTION_95-c-0-e6a88_1" value="JCBAD"/>
			<BranchRoute id="BRR_144">
				<StartBranchPosition id="BR_POS_551" branchId="BRANCH_c2-4e-0-4c10da" branchNodeId="BN_6350_25-298_156" offset="0"/>
				<PassBranchId>BRANCH_c2-4e-0-4c10d5</PassBranchId>
				<PassBranchId>BRANCH_c2-4e-0-4c10e7</PassBranchId>
				<PassBranchId>BRANCH_c2-4e-0-4c0fc5</PassBranchId>
				<PassBranchId>BRANCH_c2-4e-0-4c0fce</PassBranchId>
				<PassBranchId>BRANCH_c2-4e-0-4c0d1d</PassBranchId>
				<PassBranchId>BRANCH_35-4e-0-2efaf8</PassBranchId>
				<PassBranchId>BRANCH_c2-4e-0-4c10c0</PassBranchId>
				<PassBranchId>BRANCH_c2-4e-0-4c0fc8</PassBranchId>
				<PassBranchId>BRANCH_c2-4e-0-4c108d</PassBranchId>
				<PassBranchId>BRANCH_c2-4e-0-4c0d88</PassBranchId>
				<PassBranchId>BRANCH_c2-4e-0-4c109a</PassBranchId>
				<PassBranchId>BRANCH_c2-4e-0-4c0e16</PassBranchId>
				<PassBranchId>BRANCH_c2-4e-0-4c0fcb</PassBranchId>
				<PassBranchId>BRANCH_c2-4e-0-4c0dea</PassBranchId>
				<PassBranchId>BRANCH_c2-4e-0-4c0fd1</PassBranchId>
				<PassBranchId>BRANCH_c2-4e-0-4c0fe8</PassBranchId>
				<PassBranchId>BRANCH_c2-4e-0-4c1009</PassBranchId>
				<PassBranchId>BRANCH_c2-4e-0-4c10cb</PassBranchId>
				<PassBranchId>BRANCH_c2-4e-0-4c10ec</PassBranchId>
				<PassBranchId>BRANCH_c2-4e-0-4c0de4</PassBranchId>
				<PassBranchId>BRANCH_1a-4e-0-18e01d0</PassBranchId>
				<PassBranchId>BRANCH_c2-4e-0-4c10c8</PassBranchId>
				<PassBranchId>BRANCH_eb-4e-0-678fca</PassBranchId>
				<PassBranchId>BRANCH_c2-4e-0-4c0e87</PassBranchId>
				<EndBranchPosition id="BR_POS_552" branchId="BRANCH_c2-4e-0-4c10be" branchNodeId="BN_22968-320" offset="0"/>
			</BranchRoute>
		</WiringItem>
		<WiringItem xsi:type="Wire" id="WIRE_5d-c-0-b2e06" name="CCA15AD" signalId="SIGNAL_2-36-0-3336" cableType="WIRE-2UKD-0.35" wireName="YE/GY" fromPinId="PIN_c4-18-0-1275" toPinId="PIN_ff-18-0-49202a">
			<AppRef name="E3.Series" version="2.13.7.0" guid="6cb772ee-1fdb-4599-8271-c8b2674f08cb"/>
			<Property id="PROPERTY_5615" name="WIRE_LENGTH" value="1320"/>
			<Property id="PROPERTY_5616" name="WIRE_END2_MATL" value="(SN)"/>
			<Property id="PROPERTY_5617" name="WIRE_CSA" value="0.35"/>
			<Property id="PROPERTY_5618" name="WIRE_MIN_BEND_RADIUS" value="3"/>
			<Property id="PROPERTY_5619" name="WIRE_OPTION" value="HJGAJ | HJGAX"/>
			<Property id="PROPERTY_5620" name="WIRE_DEV_PIN_1" value="C2MC01-A:6"/>
			<Property id="PROPERTY_5621" name="WIRE_COLOR" value="YE/GY"/>
			<Property id="PROPERTY_5622" name="WIRE_SPEC" value="2UKD"/>
			<Property id="PROPERTY_5623" name="WIRE_END1_MATL" value="(SN)"/>
			<Property id="PROPERTY_5624" name="WIRE_LEVEL" value="(D-CAM)/(C-SHF)/(KWINV)/VA/ZD/ZH"/>
			<Property id="PROPERTY_5625" name="WIRE_END1_TERM" value="9U5T-14474-DB"/>
			<Property id="PROPERTY_5626" name="WIRE_DEV_PIN_2" value="C22-SW1:6"/>
			<Property id="PROPERTY_5627" name="WIRE_NAME" value="CCA15AD"/>
			<Property id="PROPERTY_5628" name="WIRE_END2_TERM" value="DU5T-14421-FA"/>
			<Property id="PROPERTY_5629" name="WIRE_SIGNAL" value="CCA15"/>
			<Property id="PROPERTY_5630" name="HRN_FAMILY" value="14401"/>
			<Property id="PROPERTY_5631" name="WIRE_FPN" value="WIRE-2UKD-0.35-YE/GY"/>
			<Property id="PROPERTY_5632" name="WIRE_DIA_MAX" value="1.2"/>
			<Option id="OPTION_5d-c-0-b2e06_1" value="HJGAJ | HJGAX"/>
			<BranchRoute id="BRR_145">
				<StartBranchPosition id="BR_POS_553" branchId="BRANCH_c2-4e-0-4c0f51" branchNodeId="BN_7584-244" offset="0"/>
				<PassBranchId>BRANCH_ff-4e-0-9b280f</PassBranchId>
				<PassBranchId>BRANCH_c2-4e-0-4c0f85</PassBranchId>
				<PassBranchId>BRANCH_c2-4e-0-4c1002</PassBranchId>
				<PassBranchId>BRANCH_c2-4e-0-4c109d</PassBranchId>
				<PassBranchId>BRANCH_c2-4e-0-4c0e16</PassBranchId>
				<PassBranchId>BRANCH_c2-4e-0-4c0fcb</PassBranchId>
				<PassBranchId>BRANCH_c2-4e-0-4c0dea</PassBranchId>
				<PassBranchId>BRANCH_c2-4e-0-4c0fd1</PassBranchId>
				<PassBranchId>BRANCH_c2-4e-0-4c0fe8</PassBranchId>
				<PassBranchId>BRANCH_c2-4e-0-4c1009</PassBranchId>
				<PassBranchId>BRANCH_c2-4e-0-4c10cb</PassBranchId>
				<PassBranchId>BRANCH_c2-4e-0-4c10ec</PassBranchId>
				<PassBranchId>BRANCH_c2-4e-0-4c1068</PassBranchId>
				<PassBranchId>BRANCH_c2-4e-0-4c0df7</PassBranchId>
				<EndBranchPosition id="BR_POS_554" branchId="BRANCH_c2-4e-0-4c0f0b" branchNodeId="BN_20576-224" offset="0"/>
			</BranchRoute>
		</WiringItem>
		<WiringItem xsi:type="Wire" id="WIRE_ac-c-0-8c1c49" name="CCA15EVA" signalId="SIGNAL_2-36-0-3336" cableType="WIRE-2UKD-0.35" wireName="YE/GY" fromPinId="PIN_c4-18-0-1275" toPinId="PIN_ac-18-0-8bc10f">
			<AppRef name="E3.Series" version="2.14.0.0" guid="ea84719b-2918-41c9-8f2f-fdbd5b69c315"/>
			<Property id="PROPERTY_5633" name="WIRE_LENGTH" value="1760"/>
			<Property id="PROPERTY_5634" name="WIRE_END2_MATL" value="(SN)"/>
			<Property id="PROPERTY_5635" name="WIRE_CSA" value="0.35"/>
			<Property id="PROPERTY_5636" name="WIRE_MIN_BEND_RADIUS" value="3"/>
			<Property id="PROPERTY_5637" name="WIRE_OPTION" value="HT2AC &amp; HJGAY"/>
			<Property id="PROPERTY_5638" name="WIRE_DEV_PIN_1" value="C2MC01-A:6"/>
			<Property id="PROPERTY_5639" name="WIRE_COLOR" value="YE/GY"/>
			<Property id="PROPERTY_5640" name="WIRE_SPEC" value="2UKD"/>
			<Property id="PROPERTY_5641" name="WIRE_END1_MATL" value="(SN)"/>
			<Property id="PROPERTY_5642" name="WIRE_LEVEL" value="ZA/ZB/ZC/ZF"/>
			<Property id="PROPERTY_5643" name="WIRE_END1_TERM" value="9U5T-14474-DB"/>
			<Property id="PROPERTY_5644" name="WIRE_DEV_PIN_2" value="C2X212-EVC:2"/>
			<Property id="PROPERTY_5645" name="WIRE_NAME" value="CCA15EVA"/>
			<Property id="PROPERTY_5646" name="WIRE_END2_TERM" value="3F2T-14474-SA"/>
			<Property id="PROPERTY_5647" name="WIRE_SIGNAL" value="CCA15"/>
			<Property id="PROPERTY_5648" name="HRN_FAMILY" value="14401"/>
			<Property id="PROPERTY_5649" name="WIRE_FPN" value="WIRE-2UKD-0.35-YE/GY"/>
			<Property id="PROPERTY_5650" name="WIRE_DIA_MAX" value="1.2"/>
			<Option id="OPTION_ac-c-0-8c1c49_1" value="HT2AC &amp; HJGAY"/>
			<BranchRoute id="BRR_146">
				<StartBranchPosition id="BR_POS_555" branchId="BRANCH_c2-4e-0-4c0f51" branchNodeId="BN_7584-244" offset="0"/>
				<PassBranchId>BRANCH_ff-4e-0-9b280f</PassBranchId>
				<PassBranchId>BRANCH_c2-4e-0-4c0f85</PassBranchId>
				<PassBranchId>BRANCH_c2-4e-0-4c1002</PassBranchId>
				<PassBranchId>BRANCH_c2-4e-0-4c109d</PassBranchId>
				<PassBranchId>BRANCH_c2-4e-0-4c0e16</PassBranchId>
				<PassBranchId>BRANCH_c2-4e-0-4c0fcb</PassBranchId>
				<PassBranchId>BRANCH_c2-4e-0-4c0dea</PassBranchId>
				<PassBranchId>BRANCH_c2-4e-0-4c0fd1</PassBranchId>
				<PassBranchId>BRANCH_c2-4e-0-4c0fe8</PassBranchId>
				<PassBranchId>BRANCH_c2-4e-0-4c1009</PassBranchId>
				<PassBranchId>BRANCH_c2-4e-0-4c10cb</PassBranchId>
				<PassBranchId>BRANCH_c2-4e-0-4c10ec</PassBranchId>
				<PassBranchId>BRANCH_c2-4e-0-4c1075</PassBranchId>
				<PassBranchId>BRANCH_c2-4e-0-4c106f</PassBranchId>
				<PassBranchId>BRANCH_c2-4e-0-4c1076</PassBranchId>
				<PassBranchId>BRANCH_c2-4e-0-4c0d05</PassBranchId>
				<PassBranchId>BRANCH_c2-4e-0-4c0f34</PassBranchId>
				<PassBranchId>BRANCH_c2-4e-0-4c0ff9</PassBranchId>
				<PassBranchId>BRANCH_c2-4e-0-4c10c3</PassBranchId>
				<PassBranchId>BRANCH_1a-4e-0-1a7080e</PassBranchId>
				<PassBranchId>BRANCH_1a-4e-0-1a72824</PassBranchId>
				<PassBranchId>BRANCH_1a-4e-0-1a74b21</PassBranchId>
				<EndBranchPosition id="BR_POS_556" branchId="BRANCH_1a-4e-0-1a76b0d" branchNodeId="BN_15880-168" offset="0"/>
			</BranchRoute>
		</WiringItem>
		<WiringItem xsi:type="Wire" id="WIRE_95-c-0-e5dce" name="CCB20B" signalId="SIGNAL_2-36-0-335b" cableType="WIRE-2UKD-0.35" wireName="BU/WH" fromPinId="PIN_6e-18-0-dc63" toPinId="PIN_f-18-0-f288">
			<AppRef name="E3.Series" version="2.13.7.0" guid="5c36ec41-01f0-4fef-8e01-91f7bddb9c9d"/>
			<Property id="PROPERTY_5651" name="WIRE_LENGTH" value="520"/>
			<Property id="PROPERTY_5652" name="WIRE_END2_MATL" value="(SN)"/>
			<Property id="PROPERTY_5653" name="WIRE_CSA" value="0.35"/>
			<Property id="PROPERTY_5654" name="WIRE_MIN_BEND_RADIUS" value="3"/>
			<Property id="PROPERTY_5655" name="WIRE_LEVEL" value="(ALL)"/>
			<Property id="PROPERTY_5656" name="WIRE_DEV_PIN_1" value="C23-A1:19"/>
			<Property id="PROPERTY_5657" name="WIRE_COLOR" value="BU/WH"/>
			<Property id="PROPERTY_5658" name="WIRE_SPEC" value="2UKD"/>
			<Property id="PROPERTY_5659" name="WIRE_END1_MATL" value="(SN)"/>
			<Property id="PROPERTY_5660" name="WIRE_END1_TERM" value="9U5T-14474-DB"/>
			<Property id="PROPERTY_5661" name="WIRE_DEV_PIN_2" value="C2CB09:3"/>
			<Property id="PROPERTY_5662" name="WIRE_NAME" value="CCB20B"/>
			<Property id="PROPERTY_5663" name="WIRE_END2_TERM" value="*3F2T-14474-SA"/>
			<Property id="PROPERTY_5664" name="WIRE_SIGNAL" value="CCB20"/>
			<Property id="PROPERTY_5665" name="HRN_FAMILY" value="14401"/>
			<Property id="PROPERTY_5666" name="WIRE_FPN" value="WIRE-2UKD-0.35-BU/WH"/>
			<Property id="PROPERTY_5667" name="WIRE_DIA_MAX" value="1.2"/>
			<BranchRoute id="BRR_147">
				<StartBranchPosition id="BR_POS_557" branchId="BRANCH_c2-4e-0-4c0dda" branchNodeId="BN_695_9-190_058" offset="0"/>
				<PassBranchId>BRANCH_c2-4e-0-4c0fad</PassBranchId>
				<PassBranchId>BRANCH_c2-4e-0-4c10dd</PassBranchId>
				<PassBranchId>BRANCH_c2-4e-0-4c1020</PassBranchId>
				<PassBranchId>BRANCH_c2-4e-0-4c1021</PassBranchId>
				<PassBranchId>BRANCH_c2-4e-0-4c1056</PassBranchId>
				<PassBranchId>BRANCH_c2-4e-0-4c1055</PassBranchId>
				<PassBranchId>BRANCH_c2-4e-0-4c0e33</PassBranchId>
				<EndBranchPosition id="BR_POS_558" branchId="BRANCH_c2-4e-0-4c0db8" branchNodeId="BN_3870_25-198_156" offset="0"/>
			</BranchRoute>
		</WiringItem>
		<WiringItem xsi:type="Wire" id="WIRE_95-c-0-e5dfe" name="CCB21B" signalId="SIGNAL_2-36-0-335c" cableType="WIRE-2UKD-0.35" wireName="GN/VT" fromPinId="PIN_6e-18-0-dc6d" toPinId="PIN_f-18-0-f28c">
			<AppRef name="E3.Series" version="2.13.7.0" guid="fe5acd31-08f1-4532-b244-1ac77ee0d9c7"/>
			<Property id="PROPERTY_5668" name="WIRE_LENGTH" value="520"/>
			<Property id="PROPERTY_5669" name="WIRE_END2_MATL" value="(SN)"/>
			<Property id="PROPERTY_5670" name="WIRE_CSA" value="0.35"/>
			<Property id="PROPERTY_5671" name="WIRE_MIN_BEND_RADIUS" value="3"/>
			<Property id="PROPERTY_5672" name="WIRE_LEVEL" value="(ALL)"/>
			<Property id="PROPERTY_5673" name="WIRE_DEV_PIN_1" value="C23-A1:21"/>
			<Property id="PROPERTY_5674" name="WIRE_COLOR" value="GN/VT"/>
			<Property id="PROPERTY_5675" name="WIRE_SPEC" value="2UKD"/>
			<Property id="PROPERTY_5676" name="WIRE_END1_MATL" value="(SN)"/>
			<Property id="PROPERTY_5677" name="WIRE_END1_TERM" value="9U5T-14474-DB"/>
			<Property id="PROPERTY_5678" name="WIRE_DEV_PIN_2" value="C2CB09:8"/>
			<Property id="PROPERTY_5679" name="WIRE_NAME" value="CCB21B"/>
			<Property id="PROPERTY_5680" name="WIRE_END2_TERM" value="*3F2T-14474-SA"/>
			<Property id="PROPERTY_5681" name="WIRE_SIGNAL" value="CCB21"/>
			<Property id="PROPERTY_5682" name="HRN_FAMILY" value="14401"/>
			<Property id="PROPERTY_5683" name="WIRE_FPN" value="WIRE-2UKD-0.35-GN/VT"/>
			<Property id="PROPERTY_5684" name="WIRE_DIA_MAX" value="1.2"/>
			<BranchRoute id="BRR_148">
				<StartBranchPosition id="BR_POS_559" branchId="BRANCH_c2-4e-0-4c0dda" branchNodeId="BN_695_9-190_058" offset="0"/>
				<PassBranchId>BRANCH_c2-4e-0-4c0fad</PassBranchId>
				<PassBranchId>BRANCH_c2-4e-0-4c10dd</PassBranchId>
				<PassBranchId>BRANCH_c2-4e-0-4c1020</PassBranchId>
				<PassBranchId>BRANCH_c2-4e-0-4c1021</PassBranchId>
				<PassBranchId>BRANCH_c2-4e-0-4c1056</PassBranchId>
				<PassBranchId>BRANCH_c2-4e-0-4c1055</PassBranchId>
				<PassBranchId>BRANCH_c2-4e-0-4c0e33</PassBranchId>
				<EndBranchPosition id="BR_POS_560" branchId="BRANCH_c2-4e-0-4c0db8" branchNodeId="BN_3870_25-198_156" offset="0"/>
			</BranchRoute>
		</WiringItem>
		<WiringItem xsi:type="Wire" id="WIRE_95-c-0-e5e2e" name="CCB22B" signalId="SIGNAL_2-36-0-335d" cableType="WIRE-2UKD-0.35" wireName="WH/BN" fromPinId="PIN_43-18-0-192e52" toPinId="PIN_f-18-0-f290">
			<AppRef name="E3.Series" version="2.13.7.0" guid="0d0995a8-1ece-46aa-a4eb-4b77d9606866"/>
			<Property id="PROPERTY_5685" name="WIRE_LENGTH" value="520"/>
			<Property id="PROPERTY_5686" name="WIRE_END2_MATL" value="(SN)"/>
			<Property id="PROPERTY_5687" name="WIRE_CSA" value="0.35"/>
			<Property id="PROPERTY_5688" name="WIRE_MIN_BEND_RADIUS" value="3"/>
			<Property id="PROPERTY_5689" name="WIRE_LEVEL" value="(ALL)"/>
			<Property id="PROPERTY_5690" name="WIRE_DEV_PIN_1" value="C23-A1:27"/>
			<Property id="PROPERTY_5691" name="WIRE_COLOR" value="WH/BN"/>
			<Property id="PROPERTY_5692" name="WIRE_SPEC" value="2UKD"/>
			<Property id="PROPERTY_5693" name="WIRE_END1_MATL" value="(SN)"/>
			<Property id="PROPERTY_5694" name="WIRE_END1_TERM" value="9U5T-14474-DB"/>
			<Property id="PROPERTY_5695" name="WIRE_DEV_PIN_2" value="C2CB09:7"/>
			<Property id="PROPERTY_5696" name="WIRE_NAME" value="CCB22B"/>
			<Property id="PROPERTY_5697" name="WIRE_END2_TERM" value="*3F2T-14474-SA"/>
			<Property id="PROPERTY_5698" name="WIRE_SIGNAL" value="CCB22"/>
			<Property id="PROPERTY_5699" name="HRN_FAMILY" value="14401"/>
			<Property id="PROPERTY_5700" name="WIRE_FPN" value="WIRE-2UKD-0.35-WH/BN"/>
			<Property id="PROPERTY_5701" name="WIRE_DIA_MAX" value="1.2"/>
			<BranchRoute id="BRR_149">
				<StartBranchPosition id="BR_POS_561" branchId="BRANCH_c2-4e-0-4c0dda" branchNodeId="BN_695_9-190_058" offset="0"/>
				<PassBranchId>BRANCH_c2-4e-0-4c0fad</PassBranchId>
				<PassBranchId>BRANCH_c2-4e-0-4c10dd</PassBranchId>
				<PassBranchId>BRANCH_c2-4e-0-4c1020</PassBranchId>
				<PassBranchId>BRANCH_c2-4e-0-4c1021</PassBranchId>
				<PassBranchId>BRANCH_c2-4e-0-4c1056</PassBranchId>
				<PassBranchId>BRANCH_c2-4e-0-4c1055</PassBranchId>
				<PassBranchId>BRANCH_c2-4e-0-4c0e33</PassBranchId>
				<EndBranchPosition id="BR_POS_562" branchId="BRANCH_c2-4e-0-4c0db8" branchNodeId="BN_3870_25-198_156" offset="0"/>
			</BranchRoute>
		</WiringItem>
		<WiringItem xsi:type="Wire" id="WIRE_95-c-0-e5de6" name="CCB23B" signalId="SIGNAL_2-36-0-335e" cableType="WIRE-2UKD-0.35" wireName="VT/GN" fromPinId="PIN_6e-18-0-dc68" toPinId="PIN_f-18-0-f27c">
			<AppRef name="E3.Series" version="2.13.7.0" guid="82f200c1-223f-4106-bf1f-8decf3c878b6"/>
			<Property id="PROPERTY_5702" name="WIRE_LENGTH" value="520"/>
			<Property id="PROPERTY_5703" name="WIRE_END2_MATL" value="(SN)"/>
			<Property id="PROPERTY_5704" name="WIRE_CSA" value="0.35"/>
			<Property id="PROPERTY_5705" name="WIRE_MIN_BEND_RADIUS" value="3"/>
			<Property id="PROPERTY_5706" name="WIRE_LEVEL" value="(ALL)"/>
			<Property id="PROPERTY_5707" name="WIRE_DEV_PIN_1" value="C23-A1:20"/>
			<Property id="PROPERTY_5708" name="WIRE_COLOR" value="VT/GN"/>
			<Property id="PROPERTY_5709" name="WIRE_SPEC" value="2UKD"/>
			<Property id="PROPERTY_5710" name="WIRE_END1_MATL" value="(SN)"/>
			<Property id="PROPERTY_5711" name="WIRE_END1_TERM" value="9U5T-14474-DB"/>
			<Property id="PROPERTY_5712" name="WIRE_DEV_PIN_2" value="C2CB09:4"/>
			<Property id="PROPERTY_5713" name="WIRE_NAME" value="CCB23B"/>
			<Property id="PROPERTY_5714" name="WIRE_END2_TERM" value="*3F2T-14474-SA"/>
			<Property id="PROPERTY_5715" name="WIRE_SIGNAL" value="CCB23"/>
			<Property id="PROPERTY_5716" name="HRN_FAMILY" value="14401"/>
			<Property id="PROPERTY_5717" name="WIRE_FPN" value="WIRE-2UKD-0.35-VT/GN"/>
			<Property id="PROPERTY_5718" name="WIRE_DIA_MAX" value="1.2"/>
			<BranchRoute id="BRR_150">
				<StartBranchPosition id="BR_POS_563" branchId="BRANCH_c2-4e-0-4c0dda" branchNodeId="BN_695_9-190_058" offset="0"/>
				<PassBranchId>BRANCH_c2-4e-0-4c0fad</PassBranchId>
				<PassBranchId>BRANCH_c2-4e-0-4c10dd</PassBranchId>
				<PassBranchId>BRANCH_c2-4e-0-4c1020</PassBranchId>
				<PassBranchId>BRANCH_c2-4e-0-4c1021</PassBranchId>
				<PassBranchId>BRANCH_c2-4e-0-4c1056</PassBranchId>
				<PassBranchId>BRANCH_c2-4e-0-4c1055</PassBranchId>
				<PassBranchId>BRANCH_c2-4e-0-4c0e33</PassBranchId>
				<EndBranchPosition id="BR_POS_564" branchId="BRANCH_c2-4e-0-4c0db8" branchNodeId="BN_3870_25-198_156" offset="0"/>
			</BranchRoute>
		</WiringItem>
		<WiringItem xsi:type="Wire" id="WIRE_95-c-0-e5e16" name="CCB24B" signalId="SIGNAL_2-36-0-335f" cableType="WIRE-2UKD-0.35" wireName="YE/OG" fromPinId="PIN_43-18-0-192e3e" toPinId="PIN_f-18-0-f280">
			<AppRef name="E3.Series" version="2.13.7.0" guid="3c62c5de-6af1-4837-be8d-48d314792907"/>
			<Property id="PROPERTY_5719" name="WIRE_LENGTH" value="520"/>
			<Property id="PROPERTY_5720" name="WIRE_END2_MATL" value="(SN)"/>
			<Property id="PROPERTY_5721" name="WIRE_CSA" value="0.35"/>
			<Property id="PROPERTY_5722" name="WIRE_MIN_BEND_RADIUS" value="3"/>
			<Property id="PROPERTY_5723" name="WIRE_LEVEL" value="(ALL)"/>
			<Property id="PROPERTY_5724" name="WIRE_DEV_PIN_1" value="C23-A1:22"/>
			<Property id="PROPERTY_5725" name="WIRE_COLOR" value="YE/OG"/>
			<Property id="PROPERTY_5726" name="WIRE_SPEC" value="2UKD"/>
			<Property id="PROPERTY_5727" name="WIRE_END1_MATL" value="(SN)"/>
			<Property id="PROPERTY_5728" name="WIRE_END1_TERM" value="9U5T-14474-DB"/>
			<Property id="PROPERTY_5729" name="WIRE_DEV_PIN_2" value="C2CB09:6"/>
			<Property id="PROPERTY_5730" name="WIRE_NAME" value="CCB24B"/>
			<Property id="PROPERTY_5731" name="WIRE_END2_TERM" value="*3F2T-14474-SA"/>
			<Property id="PROPERTY_5732" name="WIRE_SIGNAL" value="CCB24"/>
			<Property id="PROPERTY_5733" name="HRN_FAMILY" value="14401"/>
			<Property id="PROPERTY_5734" name="WIRE_FPN" value="WIRE-2UKD-0.35-YE/OG"/>
			<Property id="PROPERTY_5735" name="WIRE_DIA_MAX" value="1.2"/>
			<BranchRoute id="BRR_151">
				<StartBranchPosition id="BR_POS_565" branchId="BRANCH_c2-4e-0-4c0dda" branchNodeId="BN_695_9-190_058" offset="0"/>
				<PassBranchId>BRANCH_c2-4e-0-4c0fad</PassBranchId>
				<PassBranchId>BRANCH_c2-4e-0-4c10dd</PassBranchId>
				<PassBranchId>BRANCH_c2-4e-0-4c1020</PassBranchId>
				<PassBranchId>BRANCH_c2-4e-0-4c1021</PassBranchId>
				<PassBranchId>BRANCH_c2-4e-0-4c1056</PassBranchId>
				<PassBranchId>BRANCH_c2-4e-0-4c1055</PassBranchId>
				<PassBranchId>BRANCH_c2-4e-0-4c0e33</PassBranchId>
				<EndBranchPosition id="BR_POS_566" branchId="BRANCH_c2-4e-0-4c0db8" branchNodeId="BN_3870_25-198_156" offset="0"/>
			</BranchRoute>
		</WiringItem>
		<WiringItem xsi:type="Wire" id="WIRE_95-c-0-e5e46" name="CCB25B" signalId="SIGNAL_2-36-0-3360" cableType="WIRE-2UKD-0.35" wireName="BN" fromPinId="PIN_43-18-0-192e56" toPinId="PIN_f-18-0-f284">
			<AppRef name="E3.Series" version="2.13.7.0" guid="a9dd6eda-5b0a-4680-bbed-0336316691cc"/>
			<Property id="PROPERTY_5736" name="WIRE_LENGTH" value="520"/>
			<Property id="PROPERTY_5737" name="WIRE_END2_MATL" value="(SN)"/>
			<Property id="PROPERTY_5738" name="WIRE_CSA" value="0.35"/>
			<Property id="PROPERTY_5739" name="WIRE_MIN_BEND_RADIUS" value="3"/>
			<Property id="PROPERTY_5740" name="WIRE_LEVEL" value="(ALL)"/>
			<Property id="PROPERTY_5741" name="WIRE_DEV_PIN_1" value="C23-A1:28"/>
			<Property id="PROPERTY_5742" name="WIRE_COLOR" value="BN"/>
			<Property id="PROPERTY_5743" name="WIRE_SPEC" value="2UKD"/>
			<Property id="PROPERTY_5744" name="WIRE_END1_MATL" value="(SN)"/>
			<Property id="PROPERTY_5745" name="WIRE_END1_TERM" value="9U5T-14474-DB"/>
			<Property id="PROPERTY_5746" name="WIRE_DEV_PIN_2" value="C2CB09:5"/>
			<Property id="PROPERTY_5747" name="WIRE_NAME" value="CCB25B"/>
			<Property id="PROPERTY_5748" name="WIRE_END2_TERM" value="*3F2T-14474-SA"/>
			<Property id="PROPERTY_5749" name="WIRE_SIGNAL" value="CCB25"/>
			<Property id="PROPERTY_5750" name="HRN_FAMILY" value="14401"/>
			<Property id="PROPERTY_5751" name="WIRE_FPN" value="WIRE-2UKD-0.35-BN"/>
			<Property id="PROPERTY_5752" name="WIRE_DIA_MAX" value="1.2"/>
			<BranchRoute id="BRR_152">
				<StartBranchPosition id="BR_POS_567" branchId="BRANCH_c2-4e-0-4c0dda" branchNodeId="BN_695_9-190_058" offset="0"/>
				<PassBranchId>BRANCH_c2-4e-0-4c0fad</PassBranchId>
				<PassBranchId>BRANCH_c2-4e-0-4c10dd</PassBranchId>
				<PassBranchId>BRANCH_c2-4e-0-4c1020</PassBranchId>
				<PassBranchId>BRANCH_c2-4e-0-4c1021</PassBranchId>
				<PassBranchId>BRANCH_c2-4e-0-4c1056</PassBranchId>
				<PassBranchId>BRANCH_c2-4e-0-4c1055</PassBranchId>
				<PassBranchId>BRANCH_c2-4e-0-4c0e33</PassBranchId>
				<EndBranchPosition id="BR_POS_568" branchId="BRANCH_c2-4e-0-4c0db8" branchNodeId="BN_3870_25-198_156" offset="0"/>
			</BranchRoute>
		</WiringItem>
		<WiringItem xsi:type="Wire" id="WIRE_95-c-0-e44d0" name="CCB61C" signalId="SIGNAL_18-36-0-251a43" cableType="WIRE-2UKD-0.35" wireName="GY/OG" fromPinId="PIN_f-18-0-dadc" toPinId="PIN_b5-18-0-5501">
			<AppRef name="E3.Series" version="2.13.7.0" guid="8013532c-c448-4f61-9476-9cbb66882f91"/>
			<Property id="PROPERTY_5753" name="WIRE_LENGTH" value="805"/>
			<Property id="PROPERTY_5754" name="WIRE_END2_MATL" value="(SN)"/>
			<Property id="PROPERTY_5755" name="WIRE_CSA" value="0.35"/>
			<Property id="PROPERTY_5756" name="WIRE_MIN_BEND_RADIUS" value="3"/>
			<Property id="PROPERTY_5757" name="WIRE_LEVEL" value="(ALL)"/>
			<Property id="PROPERTY_5758" name="WIRE_DEV_PIN_1" value="C2AM02-A:1"/>
			<Property id="PROPERTY_5759" name="WIRE_COLOR" value="GY/OG"/>
			<Property id="PROPERTY_5760" name="WIRE_SPEC" value="2UKD"/>
			<Property id="PROPERTY_5761" name="WIRE_END1_MATL" value="(SN)"/>
			<Property id="PROPERTY_5762" name="WIRE_END1_TERM" value="BU5T-14474-UA"/>
			<Property id="PROPERTY_5763" name="WIRE_DEV_PIN_2" value="C12-A2:3"/>
			<Property id="PROPERTY_5764" name="WIRE_NAME" value="CCB61C"/>
			<Property id="PROPERTY_5765" name="WIRE_END2_TERM" value="8U5T-14474-BB"/>
			<Property id="PROPERTY_5766" name="WIRE_SIGNAL" value="CCB61"/>
			<Property id="PROPERTY_5767" name="HRN_FAMILY" value="14401"/>
			<Property id="PROPERTY_5768" name="WIRE_FPN" value="WIRE-2UKD-0.35-GY/OG"/>
			<Property id="PROPERTY_5769" name="WIRE_DIA_MAX" value="1.2"/>
			<BranchRoute id="BRR_153">
				<StartBranchPosition id="BR_POS_569" branchId="BRANCH_c2-4e-0-4c0d60" branchNodeId="BN_22052-256" offset="0"/>
				<PassBranchId>BRANCH_c2-4e-0-4c0e5f</PassBranchId>
				<PassBranchId>BRANCH_c2-4e-0-4c0d66</PassBranchId>
				<PassBranchId>BRANCH_c2-4e-0-4c0e70</PassBranchId>
				<PassBranchId>BRANCH_c2-4e-0-4c0ef9</PassBranchId>
				<PassBranchId>BRANCH_c2-4e-0-4c102d</PassBranchId>
				<PassBranchId>BRANCH_c2-4e-0-4c1030</PassBranchId>
				<PassBranchId>BRANCH_c2-4e-0-4c0e6d</PassBranchId>
				<PassBranchId>BRANCH_c2-4e-0-4c0fdc</PassBranchId>
				<PassBranchId>BRANCH_c2-4e-0-4c0efe</PassBranchId>
				<PassBranchId>BRANCH_eb-4e-0-5dd6fd</PassBranchId>
				<EndBranchPosition id="BR_POS_570" branchId="BRANCH_c2-4e-0-4c0f05" branchNodeId="BN_24512-276" offset="0"/>
			</BranchRoute>
		</WiringItem>
		<WiringItem xsi:type="Wire" id="WIRE_96-c-0-36ab0f" name="CDC26A" signalId="SIGNAL_2-36-0-33c4" cableType="WIRE-2UKD-0.35" wireName="GY/OG" fromPinId="PIN_96-18-0-364a15" toPinId="PIN_f-18-0-dbbd">
			<AppRef name="E3.Series" version="2.13.7.0" guid="36061128-e512-4d26-b9af-a77950613f48"/>
			<Property id="PROPERTY_5770" name="WIRE_LENGTH" value="2025"/>
			<Property id="PROPERTY_5771" name="WIRE_END2_MATL" value="(SN)"/>
			<Property id="PROPERTY_5772" name="WIRE_CSA" value="0.35"/>
			<Property id="PROPERTY_5773" name="WIRE_MIN_BEND_RADIUS" value="3"/>
			<Property id="PROPERTY_5774" name="WIRE_OPTION" value="CBGAA | CBGAD | CBGAE"/>
			<Property id="PROPERTY_5775" name="WIRE_DEV_PIN_1" value="C2DC41:2"/>
			<Property id="PROPERTY_5776" name="WIRE_COLOR" value="GY/OG"/>
			<Property id="PROPERTY_5777" name="WIRE_SPEC" value="2UKD"/>
			<Property id="PROPERTY_5778" name="WIRE_END1_MATL" value="(SN)"/>
			<Property id="PROPERTY_5779" name="WIRE_LEVEL" value="(8DSP)"/>
			<Property id="PROPERTY_5780" name="WIRE_END1_TERM" value="DU5T-14474-TAB"/>
			<Property id="PROPERTY_5781" name="WIRE_DEV_PIN_2" value="C2AM02-B:12"/>
			<Property id="PROPERTY_5782" name="WIRE_NAME" value="CDC26A"/>
			<Property id="PROPERTY_5783" name="WIRE_END2_TERM" value="9U5T-14474-DB"/>
			<Property id="PROPERTY_5784" name="WIRE_SIGNAL" value="CDC26"/>
			<Property id="PROPERTY_5785" name="HRN_FAMILY" value="14401"/>
			<Property id="PROPERTY_5786" name="WIRE_FPN" value="WIRE-2UKD-0.35-GY/OG"/>
			<Property id="PROPERTY_5787" name="WIRE_DIA_MAX" value="1.2"/>
			<Option id="OPTION_96-c-0-36ab0f_1" value="CBGAA | CBGAD | CBGAE"/>
			<BranchRoute id="BRR_154">
				<StartBranchPosition id="BR_POS_571" branchId="BRANCH_c2-4e-0-4c1012" branchNodeId="BN_12094_25-114_156" offset="0"/>
				<PassBranchId>BRANCH_c2-4e-0-4c100f</PassBranchId>
				<PassBranchId>BRANCH_c2-4e-0-4c100d</PassBranchId>
				<PassBranchId>BRANCH_c2-4e-0-4c0ea5</PassBranchId>
				<PassBranchId>BRANCH_c2-4e-0-4c0ea2</PassBranchId>
				<PassBranchId>BRANCH_c2-4e-0-4c0f5d</PassBranchId>
				<PassBranchId>BRANCH_c2-4e-0-4c0f4c</PassBranchId>
				<PassBranchId>BRANCH_c2-4e-0-4c0dea</PassBranchId>
				<PassBranchId>BRANCH_c2-4e-0-4c0fd1</PassBranchId>
				<PassBranchId>BRANCH_c2-4e-0-4c0fe8</PassBranchId>
				<PassBranchId>BRANCH_c2-4e-0-4c1009</PassBranchId>
				<PassBranchId>BRANCH_c2-4e-0-4c10cb</PassBranchId>
				<PassBranchId>BRANCH_c2-4e-0-4c10ec</PassBranchId>
				<PassBranchId>BRANCH_c2-4e-0-4c0de4</PassBranchId>
				<PassBranchId>BRANCH_1a-4e-0-18e01d0</PassBranchId>
				<PassBranchId>BRANCH_c2-4e-0-4c10c8</PassBranchId>
				<PassBranchId>BRANCH_eb-4e-0-678fca</PassBranchId>
				<PassBranchId>BRANCH_c2-4e-0-4c0e87</PassBranchId>
				<PassBranchId>BRANCH_c2-4e-0-4c0e8c</PassBranchId>
				<PassBranchId>BRANCH_c2-4e-0-4c0e7f</PassBranchId>
				<PassBranchId>BRANCH_c2-4e-0-4c102d</PassBranchId>
				<PassBranchId>BRANCH_c2-4e-0-4c1030</PassBranchId>
				<PassBranchId>BRANCH_c2-4e-0-4c0e6d</PassBranchId>
				<PassBranchId>BRANCH_c2-4e-0-4c0fdc</PassBranchId>
				<PassBranchId>BRANCH_c2-4e-0-4c0efe</PassBranchId>
				<PassBranchId>BRANCH_c2-4e-0-4c0df1</PassBranchId>
				<EndBranchPosition id="BR_POS_572" branchId="BRANCH_c2-4e-0-4c0f01" branchNodeId="BN_23840-236" offset="0"/>
			</BranchRoute>
		</WiringItem>
		<WiringItem xsi:type="Wire" id="WIRE_95-c-0-e4a38" name="CDC30A" signalId="SIGNAL_2-36-0-33c7" cableType="WIRE-2UKD-0.35" wireName="BU/GY" fromPinId="PIN_f-18-0-df17" toPinId="PIN_f-18-0-dc08">
			<AppRef name="E3.Series" version="2.13.7.0" guid="665972c9-8d48-454a-9a73-154cb31faa40"/>
			<Property id="PROPERTY_5788" name="WIRE_LENGTH" value="1965"/>
			<Property id="PROPERTY_5789" name="WIRE_END2_MATL" value="(SN)"/>
			<Property id="PROPERTY_5790" name="WIRE_CSA" value="0.35"/>
			<Property id="PROPERTY_5791" name="WIRE_MIN_BEND_RADIUS" value="3"/>
			<Property id="PROPERTY_5792" name="WIRE_OPTION" value="CBGAA | CBGAD | CBGAE"/>
			<Property id="PROPERTY_5793" name="WIRE_DEV_PIN_1" value="C2DC32:3"/>
			<Property id="PROPERTY_5794" name="WIRE_COLOR" value="BU/GY"/>
			<Property id="PROPERTY_5795" name="WIRE_SPEC" value="2UKD"/>
			<Property id="PROPERTY_5796" name="WIRE_END1_MATL" value="(SN)"/>
			<Property id="PROPERTY_5797" name="WIRE_LEVEL" value="(8DSP)"/>
			<Property id="PROPERTY_5798" name="WIRE_END1_TERM" value="9U5T-14474-DB"/>
			<Property id="PROPERTY_5799" name="WIRE_DEV_PIN_2" value="C2AM02-B:38"/>
			<Property id="PROPERTY_5800" name="WIRE_NAME" value="CDC30A"/>
			<Property id="PROPERTY_5801" name="WIRE_END2_TERM" value="9U5T-14474-DB"/>
			<Property id="PROPERTY_5802" name="WIRE_SIGNAL" value="CDC30"/>
			<Property id="PROPERTY_5803" name="HRN_FAMILY" value="14401"/>
			<Property id="PROPERTY_5804" name="WIRE_FPN" value="WIRE-2UKD-0.35-BU/GY"/>
			<Property id="PROPERTY_5805" name="WIRE_DIA_MAX" value="1.2"/>
			<Option id="OPTION_95-c-0-e4a38_1" value="CBGAA | CBGAD | CBGAE"/>
			<BranchRoute id="BRR_155">
				<StartBranchPosition id="BR_POS_573" branchId="BRANCH_c2-4e-0-4c0f57" branchNodeId="BN_12206_25-278_156" offset="0"/>
				<PassBranchId>BRANCH_c2-4e-0-4c0ea5</PassBranchId>
				<PassBranchId>BRANCH_c2-4e-0-4c0ea2</PassBranchId>
				<PassBranchId>BRANCH_c2-4e-0-4c0f5d</PassBranchId>
				<PassBranchId>BRANCH_c2-4e-0-4c0f4c</PassBranchId>
				<PassBranchId>BRANCH_c2-4e-0-4c0dea</PassBranchId>
				<PassBranchId>BRANCH_c2-4e-0-4c0fd1</PassBranchId>
				<PassBranchId>BRANCH_c2-4e-0-4c0fe8</PassBranchId>
				<PassBranchId>BRANCH_c2-4e-0-4c1009</PassBranchId>
				<PassBranchId>BRANCH_c2-4e-0-4c10cb</PassBranchId>
				<PassBranchId>BRANCH_c2-4e-0-4c10ec</PassBranchId>
				<PassBranchId>BRANCH_c2-4e-0-4c0de4</PassBranchId>
				<PassBranchId>BRANCH_1a-4e-0-18e01d0</PassBranchId>
				<PassBranchId>BRANCH_c2-4e-0-4c10c8</PassBranchId>
				<PassBranchId>BRANCH_eb-4e-0-678fca</PassBranchId>
				<PassBranchId>BRANCH_c2-4e-0-4c0e87</PassBranchId>
				<PassBranchId>BRANCH_c2-4e-0-4c0e8c</PassBranchId>
				<PassBranchId>BRANCH_c2-4e-0-4c0e7f</PassBranchId>
				<PassBranchId>BRANCH_c2-4e-0-4c102d</PassBranchId>
				<PassBranchId>BRANCH_c2-4e-0-4c1030</PassBranchId>
				<PassBranchId>BRANCH_c2-4e-0-4c0e6d</PassBranchId>
				<PassBranchId>BRANCH_c2-4e-0-4c0fdc</PassBranchId>
				<PassBranchId>BRANCH_c2-4e-0-4c0efe</PassBranchId>
				<PassBranchId>BRANCH_c2-4e-0-4c0df1</PassBranchId>
				<EndBranchPosition id="BR_POS_574" branchId="BRANCH_c2-4e-0-4c0f01" branchNodeId="BN_23840-236" offset="0"/>
			</BranchRoute>
		</WiringItem>
		<WiringItem xsi:type="Wire" id="WIRE_95-c-0-e4a20" name="CDC33A" signalId="SIGNAL_2-36-0-33ca" cableType="WIRE-2UKD-0.35" wireName="VT/GN" fromPinId="PIN_f-18-0-df27" toPinId="PIN_f-18-0-dc2c">
			<AppRef name="E3.Series" version="2.13.7.0" guid="7e189d28-f541-4913-9f27-a99da53c5661"/>
			<Property id="PROPERTY_5806" name="WIRE_LENGTH" value="1965"/>
			<Property id="PROPERTY_5807" name="WIRE_END2_MATL" value="(SN)"/>
			<Property id="PROPERTY_5808" name="WIRE_CSA" value="0.35"/>
			<Property id="PROPERTY_5809" name="WIRE_MIN_BEND_RADIUS" value="3"/>
			<Property id="PROPERTY_5810" name="WIRE_OPTION" value="CBGAA | CBGAD | CBGAE"/>
			<Property id="PROPERTY_5811" name="WIRE_DEV_PIN_1" value="C2DC32:6"/>
			<Property id="PROPERTY_5812" name="WIRE_COLOR" value="VT/GN"/>
			<Property id="PROPERTY_5813" name="WIRE_SPEC" value="2UKD"/>
			<Property id="PROPERTY_5814" name="WIRE_END1_MATL" value="(SN)"/>
			<Property id="PROPERTY_5815" name="WIRE_LEVEL" value="(8DSP)"/>
			<Property id="PROPERTY_5816" name="WIRE_END1_TERM" value="9U5T-14474-DB"/>
			<Property id="PROPERTY_5817" name="WIRE_DEV_PIN_2" value="C2AM02-B:50"/>
			<Property id="PROPERTY_5818" name="WIRE_NAME" value="CDC33A"/>
			<Property id="PROPERTY_5819" name="WIRE_END2_TERM" value="9U5T-14474-DB"/>
			<Property id="PROPERTY_5820" name="WIRE_SIGNAL" value="CDC33"/>
			<Property id="PROPERTY_5821" name="HRN_FAMILY" value="14401"/>
			<Property id="PROPERTY_5822" name="WIRE_FPN" value="WIRE-2UKD-0.35-VT/GN"/>
			<Property id="PROPERTY_5823" name="WIRE_DIA_MAX" value="1.2"/>
			<Option id="OPTION_95-c-0-e4a20_1" value="CBGAA | CBGAD | CBGAE"/>
			<BranchRoute id="BRR_156">
				<StartBranchPosition id="BR_POS_575" branchId="BRANCH_c2-4e-0-4c0f57" branchNodeId="BN_12206_25-278_156" offset="0"/>
				<PassBranchId>BRANCH_c2-4e-0-4c0ea5</PassBranchId>
				<PassBranchId>BRANCH_c2-4e-0-4c0ea2</PassBranchId>
				<PassBranchId>BRANCH_c2-4e-0-4c0f5d</PassBranchId>
				<PassBranchId>BRANCH_c2-4e-0-4c0f4c</PassBranchId>
				<PassBranchId>BRANCH_c2-4e-0-4c0dea</PassBranchId>
				<PassBranchId>BRANCH_c2-4e-0-4c0fd1</PassBranchId>
				<PassBranchId>BRANCH_c2-4e-0-4c0fe8</PassBranchId>
				<PassBranchId>BRANCH_c2-4e-0-4c1009</PassBranchId>
				<PassBranchId>BRANCH_c2-4e-0-4c10cb</PassBranchId>
				<PassBranchId>BRANCH_c2-4e-0-4c10ec</PassBranchId>
				<PassBranchId>BRANCH_c2-4e-0-4c0de4</PassBranchId>
				<PassBranchId>BRANCH_1a-4e-0-18e01d0</PassBranchId>
				<PassBranchId>BRANCH_c2-4e-0-4c10c8</PassBranchId>
				<PassBranchId>BRANCH_eb-4e-0-678fca</PassBranchId>
				<PassBranchId>BRANCH_c2-4e-0-4c0e87</PassBranchId>
				<PassBranchId>BRANCH_c2-4e-0-4c0e8c</PassBranchId>
				<PassBranchId>BRANCH_c2-4e-0-4c0e7f</PassBranchId>
				<PassBranchId>BRANCH_c2-4e-0-4c102d</PassBranchId>
				<PassBranchId>BRANCH_c2-4e-0-4c1030</PassBranchId>
				<PassBranchId>BRANCH_c2-4e-0-4c0e6d</PassBranchId>
				<PassBranchId>BRANCH_c2-4e-0-4c0fdc</PassBranchId>
				<PassBranchId>BRANCH_c2-4e-0-4c0efe</PassBranchId>
				<PassBranchId>BRANCH_c2-4e-0-4c0df1</PassBranchId>
				<EndBranchPosition id="BR_POS_576" branchId="BRANCH_c2-4e-0-4c0f01" branchNodeId="BN_23840-236" offset="0"/>
			</BranchRoute>
		</WiringItem>
		<WiringItem xsi:type="Wire" id="WIRE_95-c-0-e4a08" name="CDC34A" signalId="SIGNAL_2-36-0-33cb" cableType="WIRE-2UKD-0.50" wireName="WH/OG" fromPinId="PIN_f-18-0-df2b" toPinId="PIN_f-18-0-dc05">
			<AppRef name="E3.Series" version="2.13.7.0" guid="376592e8-1db2-43c1-92f2-45330848ca60"/>
			<Property id="PROPERTY_5824" name="WIRE_LENGTH" value="1965"/>
			<Property id="PROPERTY_5825" name="WIRE_END2_MATL" value="(SN)"/>
			<Property id="PROPERTY_5826" name="WIRE_CSA" value="0.5"/>
			<Property id="PROPERTY_5827" name="WIRE_MIN_BEND_RADIUS" value="3"/>
			<Property id="PROPERTY_5828" name="WIRE_OPTION" value="CBGAA | CBGAD | CBGAE"/>
			<Property id="PROPERTY_5829" name="WIRE_DEV_PIN_1" value="C2DC32:2"/>
			<Property id="PROPERTY_5830" name="WIRE_COLOR" value="WH/OG"/>
			<Property id="PROPERTY_5831" name="WIRE_SPEC" value="2UKD"/>
			<Property id="PROPERTY_5832" name="WIRE_END1_MATL" value="(SN)"/>
			<Property id="PROPERTY_5833" name="WIRE_LEVEL" value="(8DSP)"/>
			<Property id="PROPERTY_5834" name="WIRE_END1_TERM" value="9U5T-14474-DB"/>
			<Property id="PROPERTY_5835" name="WIRE_DEV_PIN_2" value="C2AM02-B:37"/>
			<Property id="PROPERTY_5836" name="WIRE_NAME" value="CDC34A"/>
			<Property id="PROPERTY_5837" name="WIRE_END2_TERM" value="9U5T-14474-DB"/>
			<Property id="PROPERTY_5838" name="WIRE_SIGNAL" value="CDC34"/>
			<Property id="PROPERTY_5839" name="HRN_FAMILY" value="14401"/>
			<Property id="PROPERTY_5840" name="WIRE_FPN" value="WIRE-2UKD-0.50-WH/OG"/>
			<Property id="PROPERTY_5841" name="WIRE_DIA_MAX" value="1.4"/>
			<Option id="OPTION_95-c-0-e4a08_1" value="CBGAA | CBGAD | CBGAE"/>
			<BranchRoute id="BRR_157">
				<StartBranchPosition id="BR_POS_577" branchId="BRANCH_c2-4e-0-4c0f57" branchNodeId="BN_12206_25-278_156" offset="0"/>
				<PassBranchId>BRANCH_c2-4e-0-4c0ea5</PassBranchId>
				<PassBranchId>BRANCH_c2-4e-0-4c0ea2</PassBranchId>
				<PassBranchId>BRANCH_c2-4e-0-4c0f5d</PassBranchId>
				<PassBranchId>BRANCH_c2-4e-0-4c0f4c</PassBranchId>
				<PassBranchId>BRANCH_c2-4e-0-4c0dea</PassBranchId>
				<PassBranchId>BRANCH_c2-4e-0-4c0fd1</PassBranchId>
				<PassBranchId>BRANCH_c2-4e-0-4c0fe8</PassBranchId>
				<PassBranchId>BRANCH_c2-4e-0-4c1009</PassBranchId>
				<PassBranchId>BRANCH_c2-4e-0-4c10cb</PassBranchId>
				<PassBranchId>BRANCH_c2-4e-0-4c10ec</PassBranchId>
				<PassBranchId>BRANCH_c2-4e-0-4c0de4</PassBranchId>
				<PassBranchId>BRANCH_1a-4e-0-18e01d0</PassBranchId>
				<PassBranchId>BRANCH_c2-4e-0-4c10c8</PassBranchId>
				<PassBranchId>BRANCH_eb-4e-0-678fca</PassBranchId>
				<PassBranchId>BRANCH_c2-4e-0-4c0e87</PassBranchId>
				<PassBranchId>BRANCH_c2-4e-0-4c0e8c</PassBranchId>
				<PassBranchId>BRANCH_c2-4e-0-4c0e7f</PassBranchId>
				<PassBranchId>BRANCH_c2-4e-0-4c102d</PassBranchId>
				<PassBranchId>BRANCH_c2-4e-0-4c1030</PassBranchId>
				<PassBranchId>BRANCH_c2-4e-0-4c0e6d</PassBranchId>
				<PassBranchId>BRANCH_c2-4e-0-4c0fdc</PassBranchId>
				<PassBranchId>BRANCH_c2-4e-0-4c0efe</PassBranchId>
				<PassBranchId>BRANCH_c2-4e-0-4c0df1</PassBranchId>
				<EndBranchPosition id="BR_POS_578" branchId="BRANCH_c2-4e-0-4c0f01" branchNodeId="BN_23840-236" offset="0"/>
			</BranchRoute>
		</WiringItem>
		<WiringItem xsi:type="Wire" id="WIRE_95-c-0-e49f0" name="CDC35C" signalId="SIGNAL_2-36-0-33cc" cableType="WIRE-2UKD-0.35" wireName="BU/WH" fromPinId="PIN_b5-18-0-5555" toPinId="PIN_f-18-0-df23">
			<AppRef name="E3.Series" version="2.13.7.0" guid="e1f5eb03-e421-4833-90fd-0c0113320051"/>
			<Property id="PROPERTY_5842" name="WIRE_LENGTH" value="1715"/>
			<Property id="PROPERTY_5843" name="WIRE_END2_MATL" value="(SN)"/>
			<Property id="PROPERTY_5844" name="WIRE_CSA" value="0.35"/>
			<Property id="PROPERTY_5845" name="WIRE_MIN_BEND_RADIUS" value="3"/>
			<Property id="PROPERTY_5846" name="WIRE_OPTION" value="CBGAA | CBGAD | CBGAE"/>
			<Property id="PROPERTY_5847" name="WIRE_DEV_PIN_1" value="C12-B2:11"/>
			<Property id="PROPERTY_5848" name="WIRE_COLOR" value="BU/WH"/>
			<Property id="PROPERTY_5849" name="WIRE_SPEC" value="2UKD"/>
			<Property id="PROPERTY_5850" name="WIRE_LEVEL" value="(8DSP)"/>
			<Property id="PROPERTY_5851" name="WIRE_DEV_PIN_2" value="C2DC32:1"/>
			<Property id="PROPERTY_5852" name="WIRE_NAME" value="CDC35C"/>
			<Property id="PROPERTY_5853" name="WIRE_END_DC" value="1,*9U5T-14474-EB,(SN),(8DSP),CDC35E"/>
			<Property id="PROPERTY_5854" name="WIRE_END2_TERM" value="*9U5T-14474-DB"/>
			<Property id="PROPERTY_5855" name="WIRE_SIGNAL" value="CDC35"/>
			<Property id="PROPERTY_5856" name="HRN_FAMILY" value="14401"/>
			<Property id="PROPERTY_5857" name="WIRE_FPN" value="WIRE-2UKD-0.35-BU/WH"/>
			<Property id="PROPERTY_5858" name="WIRE_DIA_MAX" value="1.2"/>
			<Option id="OPTION_95-c-0-e49f0_1" value="CBGAA | CBGAD | CBGAE"/>
			<BranchRoute id="BRR_158">
				<StartBranchPosition id="BR_POS_579" branchId="BRANCH_c2-4e-0-4c0f57" branchNodeId="BN_12206_25-278_156" offset="0"/>
				<PassBranchId>BRANCH_c2-4e-0-4c0ea5</PassBranchId>
				<PassBranchId>BRANCH_c2-4e-0-4c0ea2</PassBranchId>
				<PassBranchId>BRANCH_c2-4e-0-4c0f5d</PassBranchId>
				<PassBranchId>BRANCH_c2-4e-0-4c0f4c</PassBranchId>
				<PassBranchId>BRANCH_c2-4e-0-4c0dea</PassBranchId>
				<PassBranchId>BRANCH_c2-4e-0-4c0fd1</PassBranchId>
				<PassBranchId>BRANCH_c2-4e-0-4c0fe8</PassBranchId>
				<PassBranchId>BRANCH_c2-4e-0-4c1009</PassBranchId>
				<PassBranchId>BRANCH_c2-4e-0-4c10cb</PassBranchId>
				<PassBranchId>BRANCH_c2-4e-0-4c10ec</PassBranchId>
				<PassBranchId>BRANCH_c2-4e-0-4c0de4</PassBranchId>
				<PassBranchId>BRANCH_1a-4e-0-18e01d0</PassBranchId>
				<PassBranchId>BRANCH_c2-4e-0-4c10c8</PassBranchId>
				<PassBranchId>BRANCH_eb-4e-0-678fca</PassBranchId>
				<PassBranchId>BRANCH_c2-4e-0-4c0e87</PassBranchId>
				<PassBranchId>BRANCH_c2-4e-0-4c0e8c</PassBranchId>
				<PassBranchId>BRANCH_c2-4e-0-4c0e7f</PassBranchId>
				<PassBranchId>BRANCH_c2-4e-0-4c0ef9</PassBranchId>
				<PassBranchId>BRANCH_c2-4e-0-4c0e70</PassBranchId>
				<PassBranchId>BRANCH_c2-4e-0-4c0d66</PassBranchId>
				<PassBranchId>BRANCH_c2-4e-0-4c0fe2</PassBranchId>
				<PassBranchId>BRANCH_c2-4e-0-4c0d5d</PassBranchId>
				<PassBranchId>BRANCH_c2-4e-0-4c0e62</PassBranchId>
				<EndBranchPosition id="BR_POS_580" branchId="BRANCH_c2-4e-0-4c0d54" branchNodeId="BN_21712-184" offset="0"/>
			</BranchRoute>
		</WiringItem>
		<WiringItem xsi:type="Wire" id="WIRE_95-c-0-e5b56" name="CDC35E" signalId="SIGNAL_2-36-0-33cc" cableType="WIRE-2UKD-0.35" wireName="BU/WH" fromPinId="PIN_b5-18-0-5555" toPinId="PIN_f-18-0-db0e">
			<AppRef name="E3.Series" version="2.13.7.0" guid="ad0a6bf0-5450-46d7-9d52-1bd10ed62354"/>
			<Property id="PROPERTY_5859" name="WIRE_LENGTH" value="855"/>
			<Property id="PROPERTY_5860" name="WIRE_END2_MATL" value="(SN)"/>
			<Property id="PROPERTY_5861" name="WIRE_CSA" value="0.35"/>
			<Property id="PROPERTY_5862" name="WIRE_MIN_BEND_RADIUS" value="3"/>
			<Property id="PROPERTY_5863" name="WIRE_OPTION" value="CBGAA | CBGAD | CBGAE"/>
			<Property id="PROPERTY_5864" name="WIRE_DEV_PIN_1" value="C12-B2:11"/>
			<Property id="PROPERTY_5865" name="WIRE_COLOR" value="BU/WH"/>
			<Property id="PROPERTY_5866" name="WIRE_SPEC" value="2UKD"/>
			<Property id="PROPERTY_5867" name="WIRE_LEVEL" value="(8DSP)"/>
			<Property id="PROPERTY_5868" name="WIRE_DEV_PIN_2" value="C2AM02-A:14"/>
			<Property id="PROPERTY_5869" name="WIRE_NAME" value="CDC35E"/>
			<Property id="PROPERTY_5870" name="WIRE_END_DC" value="1,*9U5T-14474-EB,(SN),(8DSP),CDC35C"/>
			<Property id="PROPERTY_5871" name="WIRE_END2_TERM" value="DU5T-14474-HBB"/>
			<Property id="PROPERTY_5872" name="WIRE_SIGNAL" value="CDC35"/>
			<Property id="PROPERTY_5873" name="HRN_FAMILY" value="14401"/>
			<Property id="PROPERTY_5874" name="WIRE_FPN" value="WIRE-2UKD-0.35-BU/WH"/>
			<Property id="PROPERTY_5875" name="WIRE_DIA_MAX" value="1.2"/>
			<Option id="OPTION_95-c-0-e5b56_1" value="CBGAA | CBGAD | CBGAE"/>
			<BranchRoute id="BRR_159">
				<StartBranchPosition id="BR_POS_581" branchId="BRANCH_c2-4e-0-4c0d54" branchNodeId="BN_21712-184" offset="0"/>
				<PassBranchId>BRANCH_c2-4e-0-4c0e62</PassBranchId>
				<PassBranchId>BRANCH_c2-4e-0-4c0d5d</PassBranchId>
				<PassBranchId>BRANCH_c2-4e-0-4c0fe2</PassBranchId>
				<PassBranchId>BRANCH_c2-4e-0-4c0d66</PassBranchId>
				<PassBranchId>BRANCH_c2-4e-0-4c0e70</PassBranchId>
				<PassBranchId>BRANCH_c2-4e-0-4c0ef9</PassBranchId>
				<PassBranchId>BRANCH_c2-4e-0-4c102d</PassBranchId>
				<PassBranchId>BRANCH_c2-4e-0-4c1030</PassBranchId>
				<PassBranchId>BRANCH_c2-4e-0-4c0e6d</PassBranchId>
				<PassBranchId>BRANCH_c2-4e-0-4c0fdc</PassBranchId>
				<PassBranchId>BRANCH_c2-4e-0-4c0efe</PassBranchId>
				<PassBranchId>BRANCH_eb-4e-0-5dd6fd</PassBranchId>
				<EndBranchPosition id="BR_POS_582" branchId="BRANCH_c2-4e-0-4c0f05" branchNodeId="BN_24512-276" offset="0"/>
			</BranchRoute>
		</WiringItem>
		<WiringItem xsi:type="Wire" id="WIRE_95-c-0-e4771" name="CDC35H" signalId="SIGNAL_2-36-0-33cc" cableType="WIRE-2UKD-0.35" wireName="BU/WH" fromPinId="PIN_f-18-0-dc2f" toPinId="PIN_29-18-0-82be">
			<AppRef name="E3.Series" version="2.13.7.0" guid="935f4a57-9b22-45b2-9761-a0ed0e714b33"/>
			<Property id="PROPERTY_5876" name="WIRE_LENGTH" value="2000"/>
			<Property id="PROPERTY_5877" name="WIRE_END2_MATL" value="(SN)"/>
			<Property id="PROPERTY_5878" name="WIRE_CSA" value="0.35"/>
			<Property id="PROPERTY_5879" name="WIRE_MIN_BEND_RADIUS" value="3"/>
			<Property id="PROPERTY_5880" name="WIRE_OPTION" value="CBGAL | CBGAJ | CBGAU | CBFAN"/>
			<Property id="PROPERTY_5881" name="WIRE_DEV_PIN_1" value="C2AM02-B:51"/>
			<Property id="PROPERTY_5882" name="WIRE_COLOR" value="BU/WH"/>
			<Property id="PROPERTY_5883" name="WIRE_SPEC" value="2UKD"/>
			<Property id="PROPERTY_5884" name="WIRE_LEVEL" value="(PEPS-12)/(BEV)"/>
			<Property id="PROPERTY_5885" name="WIRE_DEV_PIN_2" value="C2DC38:1"/>
			<Property id="PROPERTY_5886" name="WIRE_NAME" value="CDC35H"/>
			<Property id="PROPERTY_5887" name="WIRE_END_DC" value="1,*9U5T-14474-EB,(SN),(PEPS-12)/(BEV),CDC35J"/>
			<Property id="PROPERTY_5888" name="WIRE_END2_TERM" value="3F2T-14474-SA"/>
			<Property id="PROPERTY_5889" name="WIRE_SIGNAL" value="CDC35"/>
			<Property id="PROPERTY_5890" name="HRN_FAMILY" value="14401"/>
			<Property id="PROPERTY_5891" name="WIRE_FPN" value="WIRE-2UKD-0.35-BU/WH"/>
			<Property id="PROPERTY_5892" name="WIRE_DIA_MAX" value="1.2"/>
			<Option id="OPTION_95-c-0-e4771_1" value="CBGAL | CBGAJ | CBGAU | CBFAN"/>
			<BranchRoute id="BRR_160">
				<StartBranchPosition id="BR_POS_583" branchId="BRANCH_c2-4e-0-4c0eab" branchNodeId="BN_12382_25-194_156" offset="0"/>
				<PassBranchId>BRANCH_c2-4e-0-4c0ea8</PassBranchId>
				<PassBranchId>BRANCH_c2-4e-0-4c0ea2</PassBranchId>
				<PassBranchId>BRANCH_c2-4e-0-4c0f5d</PassBranchId>
				<PassBranchId>BRANCH_c2-4e-0-4c0f4c</PassBranchId>
				<PassBranchId>BRANCH_c2-4e-0-4c0dea</PassBranchId>
				<PassBranchId>BRANCH_c2-4e-0-4c0fd1</PassBranchId>
				<PassBranchId>BRANCH_c2-4e-0-4c0fe8</PassBranchId>
				<PassBranchId>BRANCH_c2-4e-0-4c1009</PassBranchId>
				<PassBranchId>BRANCH_c2-4e-0-4c10cb</PassBranchId>
				<PassBranchId>BRANCH_c2-4e-0-4c10ec</PassBranchId>
				<PassBranchId>BRANCH_c2-4e-0-4c0de4</PassBranchId>
				<PassBranchId>BRANCH_1a-4e-0-18e01d0</PassBranchId>
				<PassBranchId>BRANCH_c2-4e-0-4c10c8</PassBranchId>
				<PassBranchId>BRANCH_eb-4e-0-678fca</PassBranchId>
				<PassBranchId>BRANCH_c2-4e-0-4c0e87</PassBranchId>
				<PassBranchId>BRANCH_c2-4e-0-4c0e8c</PassBranchId>
				<PassBranchId>BRANCH_c2-4e-0-4c0e7f</PassBranchId>
				<PassBranchId>BRANCH_c2-4e-0-4c102d</PassBranchId>
				<PassBranchId>BRANCH_c2-4e-0-4c1030</PassBranchId>
				<PassBranchId>BRANCH_c2-4e-0-4c0e6d</PassBranchId>
				<PassBranchId>BRANCH_c2-4e-0-4c0fdc</PassBranchId>
				<PassBranchId>BRANCH_c2-4e-0-4c0efe</PassBranchId>
				<PassBranchId>BRANCH_c2-4e-0-4c0df1</PassBranchId>
				<EndBranchPosition id="BR_POS_584" branchId="BRANCH_c2-4e-0-4c0f01" branchNodeId="BN_23840-236" offset="0"/>
			</BranchRoute>
		</WiringItem>
		<WiringItem xsi:type="Wire" id="WIRE_95-c-0-e5c8f" name="CDC35J" signalId="SIGNAL_2-36-0-33cc" cableType="WIRE-2UKD-0.35" wireName="BU/WH" fromPinId="PIN_b5-18-0-5555" toPinId="PIN_f-18-0-dc2f">
			<AppRef name="E3.Series" version="2.13.7.0" guid="8b29e3bb-a820-40b9-9b23-7591c4db78eb"/>
			<Property id="PROPERTY_5893" name="WIRE_LENGTH" value="810"/>
			<Property id="PROPERTY_5894" name="WIRE_CSA" value="0.35"/>
			<Property id="PROPERTY_5895" name="WIRE_MIN_BEND_RADIUS" value="3"/>
			<Property id="PROPERTY_5896" name="WIRE_OPTION" value="CBGAL | CBGAJ | CBGAU"/>
			<Property id="PROPERTY_5897" name="WIRE_DEV_PIN_1" value="C12-B2:11"/>
			<Property id="PROPERTY_5898" name="WIRE_COLOR" value="BU/WH"/>
			<Property id="PROPERTY_5899" name="WIRE_SPEC" value="2UKD"/>
			<Property id="PROPERTY_5900" name="WIRE_END1_MATL" value="(SN)"/>
			<Property id="PROPERTY_5901" name="WIRE_LEVEL" value="(PEPS-12)/(BEV)"/>
			<Property id="PROPERTY_5902" name="WIRE_END1_TERM" value="9U5T-14474-DB"/>
			<Property id="PROPERTY_5903" name="WIRE_DEV_PIN_2" value="C2AM02-B:51"/>
			<Property id="PROPERTY_5904" name="WIRE_NAME" value="CDC35J"/>
			<Property id="PROPERTY_5905" name="WIRE_END_DC" value="2,*9U5T-14474-EB,(SN),(PEPS-12)/(BEV),CDC35H"/>
			<Property id="PROPERTY_5906" name="WIRE_SIGNAL" value="CDC35"/>
			<Property id="PROPERTY_5907" name="HRN_FAMILY" value="14401"/>
			<Property id="PROPERTY_5908" name="WIRE_FPN" value="WIRE-2UKD-0.35-BU/WH"/>
			<Property id="PROPERTY_5909" name="WIRE_DIA_MAX" value="1.2"/>
			<Option id="OPTION_95-c-0-e5c8f_1" value="CBGAL | CBGAJ | CBGAU"/>
			<BranchRoute id="BRR_161">
				<StartBranchPosition id="BR_POS_585" branchId="BRANCH_c2-4e-0-4c0d54" branchNodeId="BN_21712-184" offset="0"/>
				<PassBranchId>BRANCH_c2-4e-0-4c0e62</PassBranchId>
				<PassBranchId>BRANCH_c2-4e-0-4c0d5d</PassBranchId>
				<PassBranchId>BRANCH_c2-4e-0-4c0fe2</PassBranchId>
				<PassBranchId>BRANCH_c2-4e-0-4c0d66</PassBranchId>
				<PassBranchId>BRANCH_c2-4e-0-4c0e70</PassBranchId>
				<PassBranchId>BRANCH_c2-4e-0-4c0ef9</PassBranchId>
				<PassBranchId>BRANCH_c2-4e-0-4c102d</PassBranchId>
				<PassBranchId>BRANCH_c2-4e-0-4c1030</PassBranchId>
				<PassBranchId>BRANCH_c2-4e-0-4c0e6d</PassBranchId>
				<PassBranchId>BRANCH_c2-4e-0-4c0fdc</PassBranchId>
				<PassBranchId>BRANCH_c2-4e-0-4c0efe</PassBranchId>
				<PassBranchId>BRANCH_c2-4e-0-4c0df1</PassBranchId>
				<EndBranchPosition id="BR_POS_586" branchId="BRANCH_c2-4e-0-4c0f01" branchNodeId="BN_23840-236" offset="0"/>
			</BranchRoute>
		</WiringItem>
		<WiringItem xsi:type="Wire" id="WIRE_95-c-0-e4992" name="CE436A" signalId="SIGNAL_2-36-0-34b9" cableType="WIRE-2UKD-0.35" wireName="VT/OG" fromPinId="PIN_b5-18-0-5507" toPinId="PIN_dc-18-0-71bc">
			<AppRef name="E3.Series" version="2.13.7.0" guid="6f26ccb9-fae2-4f09-8472-dbdf39024489"/>
			<Property id="PROPERTY_5910" name="WIRE_LENGTH" value="1750"/>
			<Property id="PROPERTY_5911" name="WIRE_END2_MATL" value="(SN)"/>
			<Property id="PROPERTY_5912" name="WIRE_CSA" value="0.35"/>
			<Property id="PROPERTY_5913" name="WIRE_MIN_BEND_RADIUS" value="3"/>
			<Property id="PROPERTY_5914" name="WIRE_OPTION" value="(CBGAA | CBGAD | CBGAE) &amp; ABEAA"/>
			<Property id="PROPERTY_5915" name="WIRE_DEV_PIN_1" value="C12-A2:9"/>
			<Property id="PROPERTY_5916" name="WIRE_COLOR" value="VT/OG"/>
			<Property id="PROPERTY_5917" name="WIRE_SPEC" value="2UKD"/>
			<Property id="PROPERTY_5918" name="WIRE_LEVEL" value="(A-CAM)/AD/AE/AF/AG/BD/BE/BF/BG/CA/XA/XB/XC/XD/XE/XF/XG/XH/XK/YB/YF/YJ"/>
			<Property id="PROPERTY_5919" name="WIRE_DEV_PIN_2" value="C2RT03:1"/>
			<Property id="PROPERTY_5920" name="WIRE_NAME" value="CE436A"/>
			<Property id="PROPERTY_5921" name="WIRE_END_DC" value="1,8U5T-14474-CB,(SN),AA/AB/AC/AD/AE/AF/AG/BA/BB/BC/BD/BE/BF/BG/CA/XA/XB/XC/XD/XE/XF/XG/XH/XK/YA/YB/YE/YF/YJ,CE436G1"/>
			<Property id="PROPERTY_5922" name="WIRE_END2_TERM" value="3F2T-14474-SA"/>
			<Property id="PROPERTY_5923" name="WIRE_SIGNAL" value="CE436"/>
			<Property id="PROPERTY_5924" name="HRN_FAMILY" value="14401"/>
			<Property id="PROPERTY_5925" name="WIRE_FPN" value="WIRE-2UKD-0.35-VT/OG"/>
			<Property id="PROPERTY_5926" name="WIRE_DIA_MAX" value="1.2"/>
			<Option id="OPTION_95-c-0-e4992_1" value="(CBGAA | CBGAD | CBGAE) &amp; ABEAA"/>
			<BranchRoute id="BRR_162">
				<StartBranchPosition id="BR_POS_587" branchId="BRANCH_c2-4e-0-4c0e53" branchNodeId="BN_11974_25-210_156" offset="0"/>
				<PassBranchId>BRANCH_c2-4e-0-4c0f79</PassBranchId>
				<PassBranchId>BRANCH_c2-4e-0-4c0ea5</PassBranchId>
				<PassBranchId>BRANCH_c2-4e-0-4c0ea2</PassBranchId>
				<PassBranchId>BRANCH_c2-4e-0-4c0f5d</PassBranchId>
				<PassBranchId>BRANCH_c2-4e-0-4c0f4c</PassBranchId>
				<PassBranchId>BRANCH_c2-4e-0-4c0dea</PassBranchId>
				<PassBranchId>BRANCH_c2-4e-0-4c0fd1</PassBranchId>
				<PassBranchId>BRANCH_c2-4e-0-4c0fe8</PassBranchId>
				<PassBranchId>BRANCH_c2-4e-0-4c1009</PassBranchId>
				<PassBranchId>BRANCH_c2-4e-0-4c10cb</PassBranchId>
				<PassBranchId>BRANCH_c2-4e-0-4c10ec</PassBranchId>
				<PassBranchId>BRANCH_c2-4e-0-4c0de4</PassBranchId>
				<PassBranchId>BRANCH_1a-4e-0-18e01d0</PassBranchId>
				<PassBranchId>BRANCH_c2-4e-0-4c10c8</PassBranchId>
				<PassBranchId>BRANCH_eb-4e-0-678fca</PassBranchId>
				<PassBranchId>BRANCH_c2-4e-0-4c0e87</PassBranchId>
				<PassBranchId>BRANCH_c2-4e-0-4c0e8c</PassBranchId>
				<PassBranchId>BRANCH_c2-4e-0-4c0e7f</PassBranchId>
				<PassBranchId>BRANCH_c2-4e-0-4c0ef9</PassBranchId>
				<PassBranchId>BRANCH_c2-4e-0-4c0e70</PassBranchId>
				<PassBranchId>BRANCH_c2-4e-0-4c0d66</PassBranchId>
				<PassBranchId>BRANCH_c2-4e-0-4c0e5f</PassBranchId>
				<EndBranchPosition id="BR_POS_588" branchId="BRANCH_c2-4e-0-4c0d60" branchNodeId="BN_22052-256" offset="0"/>
			</BranchRoute>
		</WiringItem>
		<WiringItem xsi:type="Wire" id="WIRE_31-c-0-155d7d" name="CE436G1" signalId="SIGNAL_2-36-0-34b9" cableType="WIRE-2UKD-0.35" wireName="VT/OG" fromPinId="PIN_f-18-0-dc23" toPinId="PIN_b5-18-0-5507">
			<AppRef name="E3.Series" version="2.13.7.0" guid="a3c7c0c8-47d1-4eb4-a23c-db190d156190"/>
			<Property id="PROPERTY_5927" name="WIRE_LENGTH" value="760"/>
			<Property id="PROPERTY_5928" name="WIRE_CSA" value="0.35"/>
			<Property id="PROPERTY_5929" name="WIRE_MIN_BEND_RADIUS" value="3"/>
			<Property id="PROPERTY_5930" name="WIRE_OPTION" value="(CBGAA | CBGAD | CBGAE) &amp; ABEAA"/>
			<Property id="PROPERTY_5931" name="WIRE_DEV_PIN_1" value="C2AM02-B:47"/>
			<Property id="PROPERTY_5932" name="WIRE_COLOR" value="VT/OG"/>
			<Property id="PROPERTY_5933" name="WIRE_SPEC" value="2UKD"/>
			<Property id="PROPERTY_5934" name="WIRE_END1_MATL" value="(SN)"/>
			<Property id="PROPERTY_5935" name="WIRE_LEVEL" value="(A-CAM)/AD/AE/AF/AG/BD/BE/BF/BG/CA/XA/XB/XC/XD/XE/XF/XG/XH/XK/YB/YF/YJ"/>
			<Property id="PROPERTY_5936" name="WIRE_END1_TERM" value="9U5T-14474-DB"/>
			<Property id="PROPERTY_5937" name="WIRE_DEV_PIN_2" value="C12-A2:9"/>
			<Property id="PROPERTY_5938" name="WIRE_NAME" value="CE436G1"/>
			<Property id="PROPERTY_5939" name="WIRE_END_DC" value="2,8U5T-14474-CB,(SN),AA/AB/AC/AD/AE/AF/AG/BA/BB/BC/BD/BE/BF/BG/CA/XA/XB/XC/XD/XE/XF/XG/XH/XK/YA/YB/YE/YF/YJ,CE436A"/>
			<Property id="PROPERTY_5940" name="WIRE_SIGNAL" value="CE436"/>
			<Property id="PROPERTY_5941" name="HRN_FAMILY" value="14401"/>
			<Property id="PROPERTY_5942" name="WIRE_FPN" value="WIRE-2UKD-0.35-VT/OG"/>
			<Property id="PROPERTY_5943" name="WIRE_DIA_MAX" value="1.2"/>
			<Option id="OPTION_31-c-0-155d7d_1" value="(CBGAA | CBGAD | CBGAE) &amp; ABEAA"/>
			<BranchRoute id="BRR_163">
				<StartBranchPosition id="BR_POS_589" branchId="BRANCH_c2-4e-0-4c0d60" branchNodeId="BN_22052-256" offset="0"/>
				<PassBranchId>BRANCH_c2-4e-0-4c0e5f</PassBranchId>
				<PassBranchId>BRANCH_c2-4e-0-4c0d66</PassBranchId>
				<PassBranchId>BRANCH_c2-4e-0-4c0e70</PassBranchId>
				<PassBranchId>BRANCH_c2-4e-0-4c0ef9</PassBranchId>
				<PassBranchId>BRANCH_c2-4e-0-4c102d</PassBranchId>
				<PassBranchId>BRANCH_c2-4e-0-4c1030</PassBranchId>
				<PassBranchId>BRANCH_c2-4e-0-4c0e6d</PassBranchId>
				<PassBranchId>BRANCH_c2-4e-0-4c0fdc</PassBranchId>
				<PassBranchId>BRANCH_c2-4e-0-4c0efe</PassBranchId>
				<PassBranchId>BRANCH_c2-4e-0-4c0df1</PassBranchId>
				<EndBranchPosition id="BR_POS_590" branchId="BRANCH_c2-4e-0-4c0f01" branchNodeId="BN_23840-236" offset="0"/>
			</BranchRoute>
		</WiringItem>
		<WiringItem xsi:type="Wire" id="WIRE_cb-c-0-6c503c" name="CE436G1A" signalId="SIGNAL_2-36-0-34b9" cableType="WIRE-2UKD-0.35" wireName="VT/OG" fromPinId="PIN_b5-18-0-5507" toPinId="PIN_f-18-0-dc23">
			<AppRef name="E3.Series" version="2.14.0.0" guid="77d9f994-ec52-469e-a697-fa5080cb12cb"/>
			<Property id="PROPERTY_5944" name="WIRE_LENGTH" value="760"/>
			<Property id="PROPERTY_5945" name="WIRE_END2_MATL" value="(SN)"/>
			<Property id="PROPERTY_5946" name="WIRE_CSA" value="0.35"/>
			<Property id="PROPERTY_5947" name="WIRE_MIN_BEND_RADIUS" value="3"/>
			<Property id="PROPERTY_5948" name="WIRE_OPTION" value="(CBGAA | CBGAD | CBGAE) &amp; (ABECH &amp; ! ABEAA)"/>
			<Property id="PROPERTY_5949" name="WIRE_DEV_PIN_1" value="C12-A2:9"/>
			<Property id="PROPERTY_5950" name="WIRE_COLOR" value="VT/OG"/>
			<Property id="PROPERTY_5951" name="WIRE_SPEC" value="2UKD"/>
			<Property id="PROPERTY_5952" name="WIRE_END1_MATL" value="(SN)"/>
			<Property id="PROPERTY_5953" name="WIRE_LEVEL" value="UA/UB/UC/UD/UE/UF"/>
			<Property id="PROPERTY_5954" name="WIRE_END1_TERM" value="9U5T-14474-DB"/>
			<Property id="PROPERTY_5955" name="WIRE_DEV_PIN_2" value="C2AM02-B:47"/>
			<Property id="PROPERTY_5956" name="WIRE_NAME" value="CE436G1A"/>
			<Property id="PROPERTY_5957" name="WIRE_END2_TERM" value="9U5T-14474-DB"/>
			<Property id="PROPERTY_5958" name="WIRE_SIGNAL" value="CE436"/>
			<Property id="PROPERTY_5959" name="HRN_FAMILY" value="14401"/>
			<Property id="PROPERTY_5960" name="WIRE_FPN" value="WIRE-2UKD-0.35-VT/OG"/>
			<Property id="PROPERTY_5961" name="WIRE_DIA_MAX" value="1.2"/>
			<Option id="OPTION_cb-c-0-6c503c_1" value="(CBGAA | CBGAD | CBGAE) &amp; (ABECH &amp; ! ABEAA)"/>
			<BranchRoute id="BRR_164">
				<StartBranchPosition id="BR_POS_591" branchId="BRANCH_c2-4e-0-4c0d60" branchNodeId="BN_22052-256" offset="0"/>
				<PassBranchId>BRANCH_c2-4e-0-4c0e5f</PassBranchId>
				<PassBranchId>BRANCH_c2-4e-0-4c0d66</PassBranchId>
				<PassBranchId>BRANCH_c2-4e-0-4c0e70</PassBranchId>
				<PassBranchId>BRANCH_c2-4e-0-4c0ef9</PassBranchId>
				<PassBranchId>BRANCH_c2-4e-0-4c102d</PassBranchId>
				<PassBranchId>BRANCH_c2-4e-0-4c1030</PassBranchId>
				<PassBranchId>BRANCH_c2-4e-0-4c0e6d</PassBranchId>
				<PassBranchId>BRANCH_c2-4e-0-4c0fdc</PassBranchId>
				<PassBranchId>BRANCH_c2-4e-0-4c0efe</PassBranchId>
				<PassBranchId>BRANCH_c2-4e-0-4c0df1</PassBranchId>
				<EndBranchPosition id="BR_POS_592" branchId="BRANCH_c2-4e-0-4c0f01" branchNodeId="BN_23840-236" offset="0"/>
			</BranchRoute>
		</WiringItem>
		<WiringItem xsi:type="Wire" id="WIRE_7a-c-0-258cec" name="CE436G2" signalId="SIGNAL_2-36-0-34b9" cableType="WIRE-2UKD-0.35" wireName="VT/OG" fromPinId="PIN_f-18-0-dc23" toPinId="PIN_b5-18-0-5507">
			<AppRef name="E3.Series" version="2.13.7.0" guid="7374ce1b-db50-4404-a766-12d19d5d32bb"/>
			<Property id="PROPERTY_5962" name="WIRE_LENGTH" value="760"/>
			<Property id="PROPERTY_5963" name="WIRE_END2_MATL" value="(SN)"/>
			<Property id="PROPERTY_5964" name="WIRE_CSA" value="0.35"/>
			<Property id="PROPERTY_5965" name="WIRE_MIN_BEND_RADIUS" value="3"/>
			<Property id="PROPERTY_5966" name="WIRE_OPTION" value="CBGAL &amp; HT2AA"/>
			<Property id="PROPERTY_5967" name="WIRE_DEV_PIN_1" value="C2AM02-B:47"/>
			<Property id="PROPERTY_5968" name="WIRE_COLOR" value="VT/OG"/>
			<Property id="PROPERTY_5969" name="WIRE_SPEC" value="2UKD"/>
			<Property id="PROPERTY_5970" name="WIRE_END1_MATL" value="(SN)"/>
			<Property id="PROPERTY_5971" name="WIRE_LEVEL" value="(CNSL-HI)/(A-STR)/AH/AJ/AK/AL/AM/AN/AP/AR/BH/BJ/CB/CC/CD/CE/VA/XJ/XL/XM/XS/YC/YD/YG/YH/YK/YL/YN/YP"/>
			<Property id="PROPERTY_5972" name="WIRE_LEVEL" value="YR/YU/YV"/>
			<Property id="PROPERTY_5973" name="WIRE_END1_TERM" value="9U5T-14474-DB"/>
			<Property id="PROPERTY_5974" name="WIRE_DEV_PIN_2" value="C12-A2:9"/>
			<Property id="PROPERTY_5975" name="WIRE_NAME" value="CE436G2"/>
			<Property id="PROPERTY_5976" name="WIRE_END2_TERM" value="8U5T-14474-BB"/>
			<Property id="PROPERTY_5977" name="WIRE_SIGNAL" value="CE436"/>
			<Property id="PROPERTY_5978" name="HRN_FAMILY" value="14401"/>
			<Property id="PROPERTY_5979" name="WIRE_FPN" value="WIRE-2UKD-0.35-VT/OG"/>
			<Property id="PROPERTY_5980" name="WIRE_DIA_MAX" value="1.2"/>
			<Option id="OPTION_7a-c-0-258cec_1" value="CBGAL &amp; HT2AA"/>
			<BranchRoute id="BRR_165">
				<StartBranchPosition id="BR_POS_593" branchId="BRANCH_c2-4e-0-4c0d60" branchNodeId="BN_22052-256" offset="0"/>
				<PassBranchId>BRANCH_c2-4e-0-4c0e5f</PassBranchId>
				<PassBranchId>BRANCH_c2-4e-0-4c0d66</PassBranchId>
				<PassBranchId>BRANCH_c2-4e-0-4c0e70</PassBranchId>
				<PassBranchId>BRANCH_c2-4e-0-4c0ef9</PassBranchId>
				<PassBranchId>BRANCH_c2-4e-0-4c102d</PassBranchId>
				<PassBranchId>BRANCH_c2-4e-0-4c1030</PassBranchId>
				<PassBranchId>BRANCH_c2-4e-0-4c0e6d</PassBranchId>
				<PassBranchId>BRANCH_c2-4e-0-4c0fdc</PassBranchId>
				<PassBranchId>BRANCH_c2-4e-0-4c0efe</PassBranchId>
				<PassBranchId>BRANCH_c2-4e-0-4c0df1</PassBranchId>
				<EndBranchPosition id="BR_POS_594" branchId="BRANCH_c2-4e-0-4c0f01" branchNodeId="BN_23840-236" offset="0"/>
			</BranchRoute>
		</WiringItem>
		<WiringItem xsi:type="Wire" id="WIRE_63-c-0-1f22c2" name="CE469AD" signalId="SIGNAL_2-36-0-34c9" cableType="WIRE-2UKD-0.35" wireName="BN" fromPinId="PIN_ff-18-0-492022" toPinId="PIN_f-18-0-f59e">
			<AppRef name="E3.Series" version="2.13.7.0" guid="5316ba20-5b4a-451d-a5d1-221f4253e134"/>
			<Property id="PROPERTY_5981" name="WIRE_LENGTH" value="870"/>
			<Property id="PROPERTY_5982" name="WIRE_END2_MATL" value="(SN)"/>
			<Property id="PROPERTY_5983" name="WIRE_CSA" value="0.35"/>
			<Property id="PROPERTY_5984" name="WIRE_MIN_BEND_RADIUS" value="3"/>
			<Property id="PROPERTY_5985" name="WIRE_OPTION" value="HJGAJ | HJGAX"/>
			<Property id="PROPERTY_5986" name="WIRE_DEV_PIN_1" value="C22-SW1:2"/>
			<Property id="PROPERTY_5987" name="WIRE_COLOR" value="BN"/>
			<Property id="PROPERTY_5988" name="WIRE_SPEC" value="2UKD"/>
			<Property id="PROPERTY_5989" name="WIRE_END1_MATL" value="(SN)"/>
			<Property id="PROPERTY_5990" name="WIRE_LEVEL" value="(D-CAM)/(C-SHF)/(KWINV)/VA/ZD/ZH"/>
			<Property id="PROPERTY_5991" name="WIRE_END1_TERM" value="DU5T-14421-FA"/>
			<Property id="PROPERTY_5992" name="WIRE_DEV_PIN_2" value="C2H101-A:13"/>
			<Property id="PROPERTY_5993" name="WIRE_NAME" value="CE469AD"/>
			<Property id="PROPERTY_5994" name="WIRE_END2_TERM" value="9U5T-14474-DB"/>
			<Property id="PROPERTY_5995" name="WIRE_SIGNAL" value="CE469"/>
			<Property id="PROPERTY_5996" name="HRN_FAMILY" value="14401"/>
			<Property id="PROPERTY_5997" name="WIRE_FPN" value="WIRE-2UKD-0.35-BN"/>
			<Property id="PROPERTY_5998" name="WIRE_DIA_MAX" value="1.2"/>
			<Option id="OPTION_63-c-0-1f22c2_1" value="HJGAJ | HJGAX"/>
			<BranchRoute id="BRR_166">
				<StartBranchPosition id="BR_POS_595" branchId="BRANCH_c2-4e-0-4c0f41" branchNodeId="BN_13944-224" offset="0"/>
				<PassBranchId>BRANCH_c2-4e-0-4c0f40</PassBranchId>
				<PassBranchId>BRANCH_c2-4e-0-4c10c3</PassBranchId>
				<PassBranchId>BRANCH_c2-4e-0-4c0ff9</PassBranchId>
				<PassBranchId>BRANCH_c2-4e-0-4c0f34</PassBranchId>
				<PassBranchId>BRANCH_c2-4e-0-4c0d05</PassBranchId>
				<PassBranchId>BRANCH_c2-4e-0-4c1076</PassBranchId>
				<PassBranchId>BRANCH_c2-4e-0-4c106f</PassBranchId>
				<PassBranchId>BRANCH_c2-4e-0-4c1075</PassBranchId>
				<PassBranchId>BRANCH_c2-4e-0-4c1068</PassBranchId>
				<PassBranchId>BRANCH_c2-4e-0-4c0df7</PassBranchId>
				<EndBranchPosition id="BR_POS_596" branchId="BRANCH_c2-4e-0-4c0f0b" branchNodeId="BN_20576-224" offset="0"/>
			</BranchRoute>
		</WiringItem>
		<WiringItem xsi:type="Wire" id="WIRE_94-c-0-2ebf27" name="CET42GP" signalId="SIGNAL_2-36-0-3548" cableType="WIRE-2UKD-0.35" wireName="GN/VT" fromPinId="PIN_1e-18-0-1326f" toPinId="PIN_b5-18-0-555b">
			<AppRef name="E3.Series" version="2.13.7.0" guid="35514c33-b5a4-449c-857b-714d4ad2b1a6"/>
			<Property id="PROPERTY_5999" name="WIRE_LENGTH" value="1460"/>
			<Property id="PROPERTY_6000" name="WIRE_END2_MATL" value="(SN)"/>
			<Property id="PROPERTY_6001" name="WIRE_CSA" value="0.35"/>
			<Property id="PROPERTY_6002" name="WIRE_MIN_BEND_RADIUS" value="3"/>
			<Property id="PROPERTY_6003" name="WIRE_OPTION" value="(B5WAZ | B5WBF | B5WBG) &amp; ! AAAD8"/>
			<Property id="PROPERTY_6004" name="WIRE_DEV_PIN_1" value="C23-D1:14"/>
			<Property id="PROPERTY_6005" name="WIRE_COLOR" value="GN/VT"/>
			<Property id="PROPERTY_6006" name="WIRE_SPEC" value="2UKD"/>
			<Property id="PROPERTY_6007" name="WIRE_END1_MATL" value="(SN)"/>
			<Property id="PROPERTY_6008" name="WIRE_LEVEL" value="(A-STR)/(BEV)/CA/CC/CD/CE/DA/DC/XK/YJ/YK/YL/YM/YN/YP/YR/YS/YT"/>
			<Property id="PROPERTY_6009" name="WIRE_END1_TERM" value="BU5T-14474-UA"/>
			<Property id="PROPERTY_6010" name="WIRE_DEV_PIN_2" value="C12-B2:14"/>
			<Property id="PROPERTY_6011" name="WIRE_NAME" value="CET42GP"/>
			<Property id="PROPERTY_6012" name="WIRE_END2_TERM" value="9U5T-14474-DB"/>
			<Property id="PROPERTY_6013" name="WIRE_SIGNAL" value="CET42"/>
			<Property id="PROPERTY_6014" name="HRN_FAMILY" value="14401"/>
			<Property id="PROPERTY_6015" name="WIRE_FPN" value="WIRE-2UKD-0.35-GN/VT"/>
			<Property id="PROPERTY_6016" name="WIRE_DIA_MAX" value="1.2"/>
			<Option id="OPTION_94-c-0-2ebf27_1" value="(B5WAZ | B5WBF | B5WBG) &amp; ! AAAD8"/>
			<BranchRoute id="BRR_167">
				<StartBranchPosition id="BR_POS_597" branchId="BRANCH_c2-4e-0-4c0f19" branchNodeId="BN_19800-232" offset="0"/>
				<PassBranchId>BRANCH_c2-4e-0-4c1088</PassBranchId>
				<PassBranchId>BRANCH_c2-4e-0-4c1083</PassBranchId>
				<PassBranchId>BRANCH_c2-4e-0-4c1087</PassBranchId>
				<PassBranchId>BRANCH_c2-4e-0-4c106f</PassBranchId>
				<PassBranchId>BRANCH_c2-4e-0-4c1075</PassBranchId>
				<PassBranchId>BRANCH_c2-4e-0-4c0de4</PassBranchId>
				<PassBranchId>BRANCH_1a-4e-0-18e01d0</PassBranchId>
				<PassBranchId>BRANCH_c2-4e-0-4c10c8</PassBranchId>
				<PassBranchId>BRANCH_eb-4e-0-678fca</PassBranchId>
				<PassBranchId>BRANCH_c2-4e-0-4c0e87</PassBranchId>
				<PassBranchId>BRANCH_c2-4e-0-4c0e8c</PassBranchId>
				<PassBranchId>BRANCH_c2-4e-0-4c0e7f</PassBranchId>
				<PassBranchId>BRANCH_c2-4e-0-4c0ef9</PassBranchId>
				<PassBranchId>BRANCH_c2-4e-0-4c0e70</PassBranchId>
				<PassBranchId>BRANCH_c2-4e-0-4c0d66</PassBranchId>
				<PassBranchId>BRANCH_c2-4e-0-4c0fe2</PassBranchId>
				<PassBranchId>BRANCH_c2-4e-0-4c0d5d</PassBranchId>
				<PassBranchId>BRANCH_c2-4e-0-4c0e62</PassBranchId>
				<EndBranchPosition id="BR_POS_598" branchId="BRANCH_c2-4e-0-4c0d54" branchNodeId="BN_21712-184" offset="0"/>
			</BranchRoute>
		</WiringItem>
		<WiringItem xsi:type="Wire" id="WIRE_95-c-0-e69ca" name="RH111R" signalId="SIGNAL_2-36-0-3c37" cableType="WIRE-2UKD-0.35" wireName="GY/BU" fromPinId="PIN_42-1e-0-8eba1" toPinId="PIN_2e-18-0-3066b6">
			<AppRef name="E3.Series" version="2.13.7.0" guid="8c187b15-12fd-4658-a46a-9d5808cd1b37"/>
			<Property id="PROPERTY_9575" name="WIRE_LENGTH" value="655"/>
			<Property id="PROPERTY_9576" name="WIRE_END2_MATL" value="(SN)"/>
			<Property id="PROPERTY_9577" name="WIRE_CSA" value="0.35"/>
			<Property id="PROPERTY_9578" name="WIRE_MIN_BEND_RADIUS" value="3"/>
			<Property id="PROPERTY_9579" name="WIRE_OPTION" value="AC_G"/>
			<Property id="PROPERTY_9580" name="WIRE_DEV_PIN_1" value="S2H111-RB:1"/>
			<Property id="PROPERTY_9581" name="WIRE_COLOR" value="GY/BU"/>
			<Property id="PROPERTY_9582" name="WIRE_SPEC" value="2UKD"/>
			<Property id="PROPERTY_9583" name="WIRE_LEVEL" value="(D-ZN)"/>
			<Property id="PROPERTY_9584" name="WIRE_DEV_PIN_2" value="C2H411:3"/>
			<Property id="PROPERTY_9585" name="WIRE_NAME" value="RH111R"/>
			<Property id="PROPERTY_9586" name="WIRE_END2_TERM" value="3F2T-14474-SA"/>
			<Property id="PROPERTY_9587" name="WIRE_SIGNAL" value="RH111"/>
			<Property id="PROPERTY_9588" name="HRN_FAMILY" value="14401"/>
			<Property id="PROPERTY_9589" name="WIRE_FPN" value="WIRE-2UKD-0.35-GY/BU"/>
			<Property id="PROPERTY_9590" name="WIRE_DIA_MAX" value="1.2"/>
			<Option id="OPTION_95-c-0-e69ca_1" value="AC_G"/>
			<BranchRoute id="BRR_370">
				<StartBranchPosition id="BR_POS_1003" branchId="BRANCH_c2-4e-0-4c0f82" branchNodeId="BN_11248-244" offset="0"/>
				<PassBranchId>BRANCH_c2-4e-0-4c0d2e</PassBranchId>
				<PassBranchId>BRANCH_c2-4e-0-4c0f66</PassBranchId>
				<PassBranchId>BRANCH_c2-4e-0-4c0fb7</PassBranchId>
				<PassBranchId>BRANCH_c2-4e-0-4c10a4</PassBranchId>
				<PassBranchId>BRANCH_c2-4e-0-4c0f7a</PassBranchId>
				<PassBranchId>BRANCH_35-4e-0-350133</PassBranchId>
				<PassBranchId>BRANCH_c2-4e-0-4c0f60</PassBranchId>
				<PassBranchId>BRANCH_c2-4e-0-4c1005</PassBranchId>
				<PassBranchId>BRANCH_c2-4e-0-4c0f45</PassBranchId>
				<PassBranchId>BRANCH_c2-4e-0-4c0dea</PassBranchId>
				<EndBranchPosition id="BR_POS_1004" branchId="BRANCH_c2-4e-0-4c0ded" branchNodeId="BN_13262_25-386_156" offset="0"/>
			</BranchRoute>
		</WiringItem>
		<WiringItem xsi:type="Wire" id="WIRE_a2-c-0-aed2e0" name="CET42RA" signalId="SIGNAL_2-36-0-3548" cableType="WIRE-2UKD-0.35" wireName="GN/VT" fromPinId="PIN_48-18-0-85d4e2" toPinId="PIN_b5-18-0-555b">
			<AppRef name="E3.Series" version="2.14.0.0" guid="069ad405-9518-4673-89e3-9d7070b8367c"/>
			<Property id="PROPERTY_6017" name="WIRE_LENGTH" value="2480"/>
			<Property id="PROPERTY_6018" name="WIRE_CSA" value="0.35"/>
			<Property id="PROPERTY_6019" name="WIRE_MIN_BEND_RADIUS" value="3"/>
			<Property id="PROPERTY_6020" name="WIRE_OPTION" value="AAAD8"/>
			<Property id="PROPERTY_6021" name="WIRE_DEV_PIN_1" value="C2AM01-A:6"/>
			<Property id="PROPERTY_6022" name="WIRE_COLOR" value="GN/VT"/>
			<Property id="PROPERTY_6023" name="WIRE_SPEC" value="2UKD"/>
			<Property id="PROPERTY_6024" name="WIRE_END1_MATL" value="(SN)"/>
			<Property id="PROPERTY_6025" name="WIRE_LEVEL" value="CB/DB/DD/VA/XL/XM/XR"/>
			<Property id="PROPERTY_6026" name="WIRE_END1_TERM" value="3F2T-14474-SA"/>
			<Property id="PROPERTY_6027" name="WIRE_DEV_PIN_2" value="C12-B2:14"/>
			<Property id="PROPERTY_6028" name="WIRE_NAME" value="CET42RA"/>
			<Property id="PROPERTY_6029" name="WIRE_END_DC" value="2,9U5T-14474-EB,(SN),CB/DB/DD/VA/XL/XM/XR,CET42RB"/>
			<Property id="PROPERTY_6030" name="WIRE_SIGNAL" value="CET42"/>
			<Property id="PROPERTY_6031" name="HRN_FAMILY" value="14401"/>
			<Property id="PROPERTY_6032" name="WIRE_FPN" value="WIRE-2UKD-0.35-GN/VT"/>
			<Property id="PROPERTY_6033" name="WIRE_DIA_MAX" value="1.2"/>
			<Option id="OPTION_a2-c-0-aed2e0_1" value="AAAD8"/>
			<BranchRoute id="BRR_168">
				<StartBranchPosition id="BR_POS_599" branchId="BRANCH_c2-4e-0-4c0ee1" branchNodeId="BN_4390_25-206_156" offset="0"/>
				<PassBranchId>BRANCH_c2-4e-0-4c0ee0</PassBranchId>
				<PassBranchId>BRANCH_c2-4e-0-4c10ad</PassBranchId>
				<PassBranchId>BRANCH_c2-4e-0-4c0db1</PassBranchId>
				<PassBranchId>BRANCH_c2-4e-0-4c0d9b</PassBranchId>
				<PassBranchId>BRANCH_c2-4e-0-4c10b4</PassBranchId>
				<PassBranchId>BRANCH_c2-4e-0-4c10b7</PassBranchId>
				<PassBranchId>BRANCH_c2-4e-0-4c0fa1</PassBranchId>
				<PassBranchId>BRANCH_c2-4e-0-4c10b1</PassBranchId>
				<PassBranchId>BRANCH_c2-4e-0-4c0f9e</PassBranchId>
				<PassBranchId>BRANCH_c2-4e-0-4c0f9b</PassBranchId>
				<PassBranchId>BRANCH_c2-4e-0-4c10ae</PassBranchId>
				<PassBranchId>BRANCH_c2-4e-0-4c0d95</PassBranchId>
				<PassBranchId>BRANCH_c2-4e-0-4c101d</PassBranchId>
				<PassBranchId>BRANCH_c2-4e-0-4c101a</PassBranchId>
				<PassBranchId>BRANCH_c2-4e-0-4c0fce</PassBranchId>
				<PassBranchId>BRANCH_c2-4e-0-4c0d1d</PassBranchId>
				<PassBranchId>BRANCH_35-4e-0-2efaf8</PassBranchId>
				<PassBranchId>BRANCH_c2-4e-0-4c10c0</PassBranchId>
				<PassBranchId>BRANCH_c2-4e-0-4c0fc8</PassBranchId>
				<PassBranchId>BRANCH_c2-4e-0-4c108d</PassBranchId>
				<PassBranchId>BRANCH_c2-4e-0-4c0d88</PassBranchId>
				<PassBranchId>BRANCH_c2-4e-0-4c109a</PassBranchId>
				<PassBranchId>BRANCH_c2-4e-0-4c0e16</PassBranchId>
				<PassBranchId>BRANCH_c2-4e-0-4c0fcb</PassBranchId>
				<PassBranchId>BRANCH_c2-4e-0-4c0dea</PassBranchId>
				<PassBranchId>BRANCH_c2-4e-0-4c0fd1</PassBranchId>
				<PassBranchId>BRANCH_c2-4e-0-4c0fe8</PassBranchId>
				<PassBranchId>BRANCH_c2-4e-0-4c1009</PassBranchId>
				<PassBranchId>BRANCH_c2-4e-0-4c10cb</PassBranchId>
				<PassBranchId>BRANCH_c2-4e-0-4c10ec</PassBranchId>
				<PassBranchId>BRANCH_c2-4e-0-4c0de4</PassBranchId>
				<PassBranchId>BRANCH_1a-4e-0-18e01d0</PassBranchId>
				<PassBranchId>BRANCH_c2-4e-0-4c10c8</PassBranchId>
				<PassBranchId>BRANCH_eb-4e-0-678fca</PassBranchId>
				<PassBranchId>BRANCH_c2-4e-0-4c0e87</PassBranchId>
				<PassBranchId>BRANCH_c2-4e-0-4c0e8c</PassBranchId>
				<PassBranchId>BRANCH_c2-4e-0-4c0e7f</PassBranchId>
				<PassBranchId>BRANCH_c2-4e-0-4c0ef9</PassBranchId>
				<PassBranchId>BRANCH_c2-4e-0-4c0e70</PassBranchId>
				<PassBranchId>BRANCH_c2-4e-0-4c0d66</PassBranchId>
				<PassBranchId>BRANCH_c2-4e-0-4c0fe2</PassBranchId>
				<PassBranchId>BRANCH_c2-4e-0-4c0d5d</PassBranchId>
				<PassBranchId>BRANCH_c2-4e-0-4c0e62</PassBranchId>
				<EndBranchPosition id="BR_POS_600" branchId="BRANCH_c2-4e-0-4c0d54" branchNodeId="BN_21712-184" offset="0"/>
			</BranchRoute>
		</WiringItem>
		<WiringItem xsi:type="Wire" id="WIRE_a2-c-0-aed2ff" name="CET42RB" signalId="SIGNAL_2-36-0-3548" cableType="WIRE-2UKD-0.35" wireName="GN/VT" fromPinId="PIN_1e-18-0-1326f" toPinId="PIN_b5-18-0-555b">
			<AppRef name="E3.Series" version="2.14.0.0" guid="18f3d52f-28e5-4fa1-a8c5-3edc08fc893b"/>
			<Property id="PROPERTY_6034" name="WIRE_LENGTH" value="1460"/>
			<Property id="PROPERTY_6035" name="WIRE_CSA" value="0.35"/>
			<Property id="PROPERTY_6036" name="WIRE_MIN_BEND_RADIUS" value="3"/>
			<Property id="PROPERTY_6037" name="WIRE_OPTION" value="AAAD8"/>
			<Property id="PROPERTY_6038" name="WIRE_DEV_PIN_1" value="C23-D1:14"/>
			<Property id="PROPERTY_6039" name="WIRE_COLOR" value="GN/VT"/>
			<Property id="PROPERTY_6040" name="WIRE_SPEC" value="2UKD"/>
			<Property id="PROPERTY_6041" name="WIRE_END1_MATL" value="(SN)"/>
			<Property id="PROPERTY_6042" name="WIRE_LEVEL" value="CB/DB/DD/VA/XL/XM/XR"/>
			<Property id="PROPERTY_6043" name="WIRE_END1_TERM" value="BU5T-14474-UA"/>
			<Property id="PROPERTY_6044" name="WIRE_DEV_PIN_2" value="C12-B2:14"/>
			<Property id="PROPERTY_6045" name="WIRE_NAME" value="CET42RB"/>
			<Property id="PROPERTY_6046" name="WIRE_END_DC" value="2,9U5T-14474-EB,(SN),CB/DB/DD/VA/XL/XM/XR,CET42RA"/>
			<Property id="PROPERTY_6047" name="WIRE_SIGNAL" value="CET42"/>
			<Property id="PROPERTY_6048" name="HRN_FAMILY" value="14401"/>
			<Property id="PROPERTY_6049" name="WIRE_FPN" value="WIRE-2UKD-0.35-GN/VT"/>
			<Property id="PROPERTY_6050" name="WIRE_DIA_MAX" value="1.2"/>
			<Option id="OPTION_a2-c-0-aed2ff_1" value="AAAD8"/>
			<BranchRoute id="BRR_169">
				<StartBranchPosition id="BR_POS_601" branchId="BRANCH_c2-4e-0-4c0f19" branchNodeId="BN_19800-232" offset="0"/>
				<PassBranchId>BRANCH_c2-4e-0-4c1088</PassBranchId>
				<PassBranchId>BRANCH_c2-4e-0-4c1083</PassBranchId>
				<PassBranchId>BRANCH_c2-4e-0-4c1087</PassBranchId>
				<PassBranchId>BRANCH_c2-4e-0-4c106f</PassBranchId>
				<PassBranchId>BRANCH_c2-4e-0-4c1075</PassBranchId>
				<PassBranchId>BRANCH_c2-4e-0-4c0de4</PassBranchId>
				<PassBranchId>BRANCH_1a-4e-0-18e01d0</PassBranchId>
				<PassBranchId>BRANCH_c2-4e-0-4c10c8</PassBranchId>
				<PassBranchId>BRANCH_eb-4e-0-678fca</PassBranchId>
				<PassBranchId>BRANCH_c2-4e-0-4c0e87</PassBranchId>
				<PassBranchId>BRANCH_c2-4e-0-4c0e8c</PassBranchId>
				<PassBranchId>BRANCH_c2-4e-0-4c0e7f</PassBranchId>
				<PassBranchId>BRANCH_c2-4e-0-4c0ef9</PassBranchId>
				<PassBranchId>BRANCH_c2-4e-0-4c0e70</PassBranchId>
				<PassBranchId>BRANCH_c2-4e-0-4c0d66</PassBranchId>
				<PassBranchId>BRANCH_c2-4e-0-4c0fe2</PassBranchId>
				<PassBranchId>BRANCH_c2-4e-0-4c0d5d</PassBranchId>
				<PassBranchId>BRANCH_c2-4e-0-4c0e62</PassBranchId>
				<EndBranchPosition id="BR_POS_602" branchId="BRANCH_c2-4e-0-4c0d54" branchNodeId="BN_21712-184" offset="0"/>
			</BranchRoute>
		</WiringItem>
		<WiringItem xsi:type="Wire" id="WIRE_1b-c-0-14c4fe" name="CET42Z" signalId="SIGNAL_2-36-0-3548" cableType="WIRE-2UKD-0.35" wireName="GN/VT" fromPinId="PIN_b5-18-0-555b" toPinId="PIN_c0-18-0-500281">
			<AppRef name="E3.Series" version="2.13.7.0" guid="c3c870a4-0b01-40e2-a3a0-e8feb663a488"/>
			<Property id="PROPERTY_6051" name="WIRE_LENGTH" value="2230"/>
			<Property id="PROPERTY_6052" name="WIRE_CSA" value="0.35"/>
			<Property id="PROPERTY_6053" name="WIRE_MIN_BEND_RADIUS" value="3"/>
			<Property id="PROPERTY_6054" name="WIRE_OPTION" value="B5WAA | B5WBK"/>
			<Property id="PROPERTY_6055" name="WIRE_DEV_PIN_1" value="C12-B2:14"/>
			<Property id="PROPERTY_6056" name="WIRE_COLOR" value="GN/VT"/>
			<Property id="PROPERTY_6057" name="WIRE_SPEC" value="2UKD"/>
			<Property id="PROPERTY_6058" name="WIRE_END1_MATL" value="(SN)"/>
			<Property id="PROPERTY_6059" name="WIRE_LEVEL" value="(C-SHF)"/>
			<Property id="PROPERTY_6060" name="WIRE_END1_TERM" value="9U5T-14474-DB"/>
			<Property id="PROPERTY_6061" name="WIRE_DEV_PIN_2" value="C2ET76-P:12"/>
			<Property id="PROPERTY_6062" name="WIRE_NAME" value="CET42Z"/>
			<Property id="PROPERTY_6063" name="WIRE_END2_TERM" value="*DU5T-14474-GAA"/>
			<Property id="PROPERTY_6064" name="WIRE_SIGNAL" value="CET42"/>
			<Property id="PROPERTY_6065" name="HRN_FAMILY" value="14401"/>
			<Property id="PROPERTY_6066" name="WIRE_FPN" value="WIRE-2UKD-0.35-GN/VT"/>
			<Property id="PROPERTY_6067" name="WIRE_DIA_MAX" value="1.2"/>
			<Option id="OPTION_1b-c-0-14c4fe_1" value="B5WAA | B5WBK"/>
			<BranchRoute id="BRR_170">
				<StartBranchPosition id="BR_POS_603" branchId="BRANCH_c2-4e-0-4c0e3e" branchNodeId="BN_5263_9-198_058" offset="0"/>
				<PassBranchId>BRANCH_c2-4e-0-4c0d92</PassBranchId>
				<PassBranchId>BRANCH_c2-4e-0-4c10b4</PassBranchId>
				<PassBranchId>BRANCH_c2-4e-0-4c10b7</PassBranchId>
				<PassBranchId>BRANCH_c2-4e-0-4c0fa1</PassBranchId>
				<PassBranchId>BRANCH_c2-4e-0-4c10b1</PassBranchId>
				<PassBranchId>BRANCH_c2-4e-0-4c0f9e</PassBranchId>
				<PassBranchId>BRANCH_c2-4e-0-4c0f9b</PassBranchId>
				<PassBranchId>BRANCH_c2-4e-0-4c10ae</PassBranchId>
				<PassBranchId>BRANCH_c2-4e-0-4c0d95</PassBranchId>
				<PassBranchId>BRANCH_c2-4e-0-4c101d</PassBranchId>
				<PassBranchId>BRANCH_c2-4e-0-4c101a</PassBranchId>
				<PassBranchId>BRANCH_c2-4e-0-4c0fce</PassBranchId>
				<PassBranchId>BRANCH_c2-4e-0-4c0d1d</PassBranchId>
				<PassBranchId>BRANCH_35-4e-0-2efaf8</PassBranchId>
				<PassBranchId>BRANCH_c2-4e-0-4c10c0</PassBranchId>
				<PassBranchId>BRANCH_c2-4e-0-4c0fc8</PassBranchId>
				<PassBranchId>BRANCH_c2-4e-0-4c108d</PassBranchId>
				<PassBranchId>BRANCH_c2-4e-0-4c0d88</PassBranchId>
				<PassBranchId>BRANCH_c2-4e-0-4c109a</PassBranchId>
				<PassBranchId>BRANCH_c2-4e-0-4c0e16</PassBranchId>
				<PassBranchId>BRANCH_c2-4e-0-4c0fcb</PassBranchId>
				<PassBranchId>BRANCH_c2-4e-0-4c0dea</PassBranchId>
				<PassBranchId>BRANCH_c2-4e-0-4c0fd1</PassBranchId>
				<PassBranchId>BRANCH_c2-4e-0-4c0fe8</PassBranchId>
				<PassBranchId>BRANCH_c2-4e-0-4c1009</PassBranchId>
				<PassBranchId>BRANCH_c2-4e-0-4c10cb</PassBranchId>
				<PassBranchId>BRANCH_c2-4e-0-4c10ec</PassBranchId>
				<PassBranchId>BRANCH_c2-4e-0-4c0de4</PassBranchId>
				<PassBranchId>BRANCH_1a-4e-0-18e01d0</PassBranchId>
				<PassBranchId>BRANCH_c2-4e-0-4c10c8</PassBranchId>
				<PassBranchId>BRANCH_eb-4e-0-678fca</PassBranchId>
				<PassBranchId>BRANCH_c2-4e-0-4c0e87</PassBranchId>
				<PassBranchId>BRANCH_c2-4e-0-4c0e8c</PassBranchId>
				<PassBranchId>BRANCH_c2-4e-0-4c0e7f</PassBranchId>
				<PassBranchId>BRANCH_c2-4e-0-4c0ef9</PassBranchId>
				<PassBranchId>BRANCH_c2-4e-0-4c0e70</PassBranchId>
				<PassBranchId>BRANCH_c2-4e-0-4c0d66</PassBranchId>
				<PassBranchId>BRANCH_c2-4e-0-4c0fe2</PassBranchId>
				<PassBranchId>BRANCH_c2-4e-0-4c0d5d</PassBranchId>
				<PassBranchId>BRANCH_c2-4e-0-4c0e62</PassBranchId>
				<EndBranchPosition id="BR_POS_604" branchId="BRANCH_c2-4e-0-4c0d54" branchNodeId="BN_21712-184" offset="0"/>
			</BranchRoute>
		</WiringItem>
		<WiringItem xsi:type="Wire" id="WIRE_94-c-0-2ebf7b" name="CET43GP" signalId="SIGNAL_2-36-0-3549" cableType="WIRE-2UKD-0.35" wireName="GY" fromPinId="PIN_1e-18-0-13266" toPinId="PIN_b5-18-0-5559">
			<AppRef name="E3.Series" version="2.13.7.0" guid="29c8f6a8-8b7a-43be-b7f2-438bff34cc51"/>
			<Property id="PROPERTY_6068" name="WIRE_LENGTH" value="1460"/>
			<Property id="PROPERTY_6069" name="WIRE_END2_MATL" value="(SN)"/>
			<Property id="PROPERTY_6070" name="WIRE_CSA" value="0.35"/>
			<Property id="PROPERTY_6071" name="WIRE_MIN_BEND_RADIUS" value="3"/>
			<Property id="PROPERTY_6072" name="WIRE_OPTION" value="(B5WAZ | B5WBF | B5WBG) &amp; ! AAAD8"/>
			<Property id="PROPERTY_6073" name="WIRE_DEV_PIN_1" value="C23-D1:5"/>
			<Property id="PROPERTY_6074" name="WIRE_COLOR" value="GY"/>
			<Property id="PROPERTY_6075" name="WIRE_SPEC" value="2UKD"/>
			<Property id="PROPERTY_6076" name="WIRE_END1_MATL" value="(SN)"/>
			<Property id="PROPERTY_6077" name="WIRE_LEVEL" value="(A-STR)/(BEV)/CA/CC/CD/CE/DA/DC/XK/YJ/YK/YL/YM/YN/YP/YR/YS/YT"/>
			<Property id="PROPERTY_6078" name="WIRE_END1_TERM" value="BU5T-14474-UA"/>
			<Property id="PROPERTY_6079" name="WIRE_DEV_PIN_2" value="C12-B2:13"/>
			<Property id="PROPERTY_6080" name="WIRE_NAME" value="CET43GP"/>
			<Property id="PROPERTY_6081" name="WIRE_END2_TERM" value="9U5T-14474-DB"/>
			<Property id="PROPERTY_6082" name="WIRE_SIGNAL" value="CET43"/>
			<Property id="PROPERTY_6083" name="HRN_FAMILY" value="14401"/>
			<Property id="PROPERTY_6084" name="WIRE_FPN" value="WIRE-2UKD-0.35-GY"/>
			<Property id="PROPERTY_6085" name="WIRE_DIA_MAX" value="1.2"/>
			<Option id="OPTION_94-c-0-2ebf7b_1" value="(B5WAZ | B5WBF | B5WBG) &amp; ! AAAD8"/>
			<BranchRoute id="BRR_171">
				<StartBranchPosition id="BR_POS_605" branchId="BRANCH_c2-4e-0-4c0f19" branchNodeId="BN_19800-232" offset="0"/>
				<PassBranchId>BRANCH_c2-4e-0-4c1088</PassBranchId>
				<PassBranchId>BRANCH_c2-4e-0-4c1083</PassBranchId>
				<PassBranchId>BRANCH_c2-4e-0-4c1087</PassBranchId>
				<PassBranchId>BRANCH_c2-4e-0-4c106f</PassBranchId>
				<PassBranchId>BRANCH_c2-4e-0-4c1075</PassBranchId>
				<PassBranchId>BRANCH_c2-4e-0-4c0de4</PassBranchId>
				<PassBranchId>BRANCH_1a-4e-0-18e01d0</PassBranchId>
				<PassBranchId>BRANCH_c2-4e-0-4c10c8</PassBranchId>
				<PassBranchId>BRANCH_eb-4e-0-678fca</PassBranchId>
				<PassBranchId>BRANCH_c2-4e-0-4c0e87</PassBranchId>
				<PassBranchId>BRANCH_c2-4e-0-4c0e8c</PassBranchId>
				<PassBranchId>BRANCH_c2-4e-0-4c0e7f</PassBranchId>
				<PassBranchId>BRANCH_c2-4e-0-4c0ef9</PassBranchId>
				<PassBranchId>BRANCH_c2-4e-0-4c0e70</PassBranchId>
				<PassBranchId>BRANCH_c2-4e-0-4c0d66</PassBranchId>
				<PassBranchId>BRANCH_c2-4e-0-4c0fe2</PassBranchId>
				<PassBranchId>BRANCH_c2-4e-0-4c0d5d</PassBranchId>
				<PassBranchId>BRANCH_c2-4e-0-4c0e62</PassBranchId>
				<EndBranchPosition id="BR_POS_606" branchId="BRANCH_c2-4e-0-4c0d54" branchNodeId="BN_21712-184" offset="0"/>
			</BranchRoute>
		</WiringItem>
		<WiringItem xsi:type="Wire" id="WIRE_a2-c-0-aed356" name="CET43RA" signalId="SIGNAL_2-36-0-3549" cableType="WIRE-2UKD-0.35" wireName="GY" fromPinId="PIN_48-18-0-85d4de" toPinId="PIN_b5-18-0-5559">
			<AppRef name="E3.Series" version="2.14.0.0" guid="ddcee987-79da-4505-8824-d7adc21eb1ad"/>
			<Property id="PROPERTY_6086" name="WIRE_LENGTH" value="2480"/>
			<Property id="PROPERTY_6087" name="WIRE_CSA" value="0.35"/>
			<Property id="PROPERTY_6088" name="WIRE_MIN_BEND_RADIUS" value="3"/>
			<Property id="PROPERTY_6089" name="WIRE_OPTION" value="AAAD8"/>
			<Property id="PROPERTY_6090" name="WIRE_DEV_PIN_1" value="C2AM01-A:5"/>
			<Property id="PROPERTY_6091" name="WIRE_COLOR" value="GY"/>
			<Property id="PROPERTY_6092" name="WIRE_SPEC" value="2UKD"/>
			<Property id="PROPERTY_6093" name="WIRE_END1_MATL" value="(SN)"/>
			<Property id="PROPERTY_6094" name="WIRE_LEVEL" value="CB/DB/DD/VA/XL/XM/XR"/>
			<Property id="PROPERTY_6095" name="WIRE_END1_TERM" value="3F2T-14474-SA"/>
			<Property id="PROPERTY_6096" name="WIRE_DEV_PIN_2" value="C12-B2:13"/>
			<Property id="PROPERTY_6097" name="WIRE_NAME" value="CET43RA"/>
			<Property id="PROPERTY_6098" name="WIRE_END_DC" value="2,9U5T-14474-EB,(SN),CB/DB/DD/VA/XL/XM/XR,CET43RB"/>
			<Property id="PROPERTY_6099" name="WIRE_SIGNAL" value="CET43"/>
			<Property id="PROPERTY_6100" name="HRN_FAMILY" value="14401"/>
			<Property id="PROPERTY_6101" name="WIRE_FPN" value="WIRE-2UKD-0.35-GY"/>
			<Property id="PROPERTY_6102" name="WIRE_DIA_MAX" value="1.2"/>
			<Option id="OPTION_a2-c-0-aed356_1" value="AAAD8"/>
			<BranchRoute id="BRR_172">
				<StartBranchPosition id="BR_POS_607" branchId="BRANCH_c2-4e-0-4c0ee1" branchNodeId="BN_4390_25-206_156" offset="0"/>
				<PassBranchId>BRANCH_c2-4e-0-4c0ee0</PassBranchId>
				<PassBranchId>BRANCH_c2-4e-0-4c10ad</PassBranchId>
				<PassBranchId>BRANCH_c2-4e-0-4c0db1</PassBranchId>
				<PassBranchId>BRANCH_c2-4e-0-4c0d9b</PassBranchId>
				<PassBranchId>BRANCH_c2-4e-0-4c10b4</PassBranchId>
				<PassBranchId>BRANCH_c2-4e-0-4c10b7</PassBranchId>
				<PassBranchId>BRANCH_c2-4e-0-4c0fa1</PassBranchId>
				<PassBranchId>BRANCH_c2-4e-0-4c10b1</PassBranchId>
				<PassBranchId>BRANCH_c2-4e-0-4c0f9e</PassBranchId>
				<PassBranchId>BRANCH_c2-4e-0-4c0f9b</PassBranchId>
				<PassBranchId>BRANCH_c2-4e-0-4c10ae</PassBranchId>
				<PassBranchId>BRANCH_c2-4e-0-4c0d95</PassBranchId>
				<PassBranchId>BRANCH_c2-4e-0-4c101d</PassBranchId>
				<PassBranchId>BRANCH_c2-4e-0-4c101a</PassBranchId>
				<PassBranchId>BRANCH_c2-4e-0-4c0fce</PassBranchId>
				<PassBranchId>BRANCH_c2-4e-0-4c0d1d</PassBranchId>
				<PassBranchId>BRANCH_35-4e-0-2efaf8</PassBranchId>
				<PassBranchId>BRANCH_c2-4e-0-4c10c0</PassBranchId>
				<PassBranchId>BRANCH_c2-4e-0-4c0fc8</PassBranchId>
				<PassBranchId>BRANCH_c2-4e-0-4c108d</PassBranchId>
				<PassBranchId>BRANCH_c2-4e-0-4c0d88</PassBranchId>
				<PassBranchId>BRANCH_c2-4e-0-4c109a</PassBranchId>
				<PassBranchId>BRANCH_c2-4e-0-4c0e16</PassBranchId>
				<PassBranchId>BRANCH_c2-4e-0-4c0fcb</PassBranchId>
				<PassBranchId>BRANCH_c2-4e-0-4c0dea</PassBranchId>
				<PassBranchId>BRANCH_c2-4e-0-4c0fd1</PassBranchId>
				<PassBranchId>BRANCH_c2-4e-0-4c0fe8</PassBranchId>
				<PassBranchId>BRANCH_c2-4e-0-4c1009</PassBranchId>
				<PassBranchId>BRANCH_c2-4e-0-4c10cb</PassBranchId>
				<PassBranchId>BRANCH_c2-4e-0-4c10ec</PassBranchId>
				<PassBranchId>BRANCH_c2-4e-0-4c0de4</PassBranchId>
				<PassBranchId>BRANCH_1a-4e-0-18e01d0</PassBranchId>
				<PassBranchId>BRANCH_c2-4e-0-4c10c8</PassBranchId>
				<PassBranchId>BRANCH_eb-4e-0-678fca</PassBranchId>
				<PassBranchId>BRANCH_c2-4e-0-4c0e87</PassBranchId>
				<PassBranchId>BRANCH_c2-4e-0-4c0e8c</PassBranchId>
				<PassBranchId>BRANCH_c2-4e-0-4c0e7f</PassBranchId>
				<PassBranchId>BRANCH_c2-4e-0-4c0ef9</PassBranchId>
				<PassBranchId>BRANCH_c2-4e-0-4c0e70</PassBranchId>
				<PassBranchId>BRANCH_c2-4e-0-4c0d66</PassBranchId>
				<PassBranchId>BRANCH_c2-4e-0-4c0fe2</PassBranchId>
				<PassBranchId>BRANCH_c2-4e-0-4c0d5d</PassBranchId>
				<PassBranchId>BRANCH_c2-4e-0-4c0e62</PassBranchId>
				<EndBranchPosition id="BR_POS_608" branchId="BRANCH_c2-4e-0-4c0d54" branchNodeId="BN_21712-184" offset="0"/>
			</BranchRoute>
		</WiringItem>
		<WiringItem xsi:type="Wire" id="WIRE_a2-c-0-aed375" name="CET43RB" signalId="SIGNAL_2-36-0-3549" cableType="WIRE-2UKD-0.35" wireName="GY" fromPinId="PIN_1e-18-0-13266" toPinId="PIN_b5-18-0-5559">
			<AppRef name="E3.Series" version="2.14.0.0" guid="ba643141-96d7-486e-b12a-f80048f5e11f"/>
			<Property id="PROPERTY_6103" name="WIRE_LENGTH" value="1460"/>
			<Property id="PROPERTY_6104" name="WIRE_CSA" value="0.35"/>
			<Property id="PROPERTY_6105" name="WIRE_MIN_BEND_RADIUS" value="3"/>
			<Property id="PROPERTY_6106" name="WIRE_OPTION" value="AAAD8"/>
			<Property id="PROPERTY_6107" name="WIRE_DEV_PIN_1" value="C23-D1:5"/>
			<Property id="PROPERTY_6108" name="WIRE_COLOR" value="GY"/>
			<Property id="PROPERTY_6109" name="WIRE_SPEC" value="2UKD"/>
			<Property id="PROPERTY_6110" name="WIRE_END1_MATL" value="(SN)"/>
			<Property id="PROPERTY_6111" name="WIRE_LEVEL" value="CB/DB/DD/VA/XL/XM/XR"/>
			<Property id="PROPERTY_6112" name="WIRE_END1_TERM" value="BU5T-14474-UA"/>
			<Property id="PROPERTY_6113" name="WIRE_DEV_PIN_2" value="C12-B2:13"/>
			<Property id="PROPERTY_6114" name="WIRE_NAME" value="CET43RB"/>
			<Property id="PROPERTY_6115" name="WIRE_END_DC" value="2,9U5T-14474-EB,(SN),CB/DB/DD/VA/XL/XM/XR,CET43RA"/>
			<Property id="PROPERTY_6116" name="WIRE_SIGNAL" value="CET43"/>
			<Property id="PROPERTY_6117" name="HRN_FAMILY" value="14401"/>
			<Property id="PROPERTY_6118" name="WIRE_FPN" value="WIRE-2UKD-0.35-GY"/>
			<Property id="PROPERTY_6119" name="WIRE_DIA_MAX" value="1.2"/>
			<Option id="OPTION_a2-c-0-aed375_1" value="AAAD8"/>
			<BranchRoute id="BRR_173">
				<StartBranchPosition id="BR_POS_609" branchId="BRANCH_c2-4e-0-4c0f19" branchNodeId="BN_19800-232" offset="0"/>
				<PassBranchId>BRANCH_c2-4e-0-4c1088</PassBranchId>
				<PassBranchId>BRANCH_c2-4e-0-4c1083</PassBranchId>
				<PassBranchId>BRANCH_c2-4e-0-4c1087</PassBranchId>
				<PassBranchId>BRANCH_c2-4e-0-4c106f</PassBranchId>
				<PassBranchId>BRANCH_c2-4e-0-4c1075</PassBranchId>
				<PassBranchId>BRANCH_c2-4e-0-4c0de4</PassBranchId>
				<PassBranchId>BRANCH_1a-4e-0-18e01d0</PassBranchId>
				<PassBranchId>BRANCH_c2-4e-0-4c10c8</PassBranchId>
				<PassBranchId>BRANCH_eb-4e-0-678fca</PassBranchId>
				<PassBranchId>BRANCH_c2-4e-0-4c0e87</PassBranchId>
				<PassBranchId>BRANCH_c2-4e-0-4c0e8c</PassBranchId>
				<PassBranchId>BRANCH_c2-4e-0-4c0e7f</PassBranchId>
				<PassBranchId>BRANCH_c2-4e-0-4c0ef9</PassBranchId>
				<PassBranchId>BRANCH_c2-4e-0-4c0e70</PassBranchId>
				<PassBranchId>BRANCH_c2-4e-0-4c0d66</PassBranchId>
				<PassBranchId>BRANCH_c2-4e-0-4c0fe2</PassBranchId>
				<PassBranchId>BRANCH_c2-4e-0-4c0d5d</PassBranchId>
				<PassBranchId>BRANCH_c2-4e-0-4c0e62</PassBranchId>
				<EndBranchPosition id="BR_POS_610" branchId="BRANCH_c2-4e-0-4c0d54" branchNodeId="BN_21712-184" offset="0"/>
			</BranchRoute>
		</WiringItem>
		<WiringItem xsi:type="Wire" id="WIRE_1b-c-0-14c4e9" name="CET43Z" signalId="SIGNAL_2-36-0-3549" cableType="WIRE-2UKD-0.35" wireName="GY" fromPinId="PIN_c0-18-0-50027c" toPinId="PIN_b5-18-0-5559">
			<AppRef name="E3.Series" version="2.13.7.0" guid="78546f8d-b6a5-4374-bdd0-47dd14ee7bf2"/>
			<Property id="PROPERTY_6120" name="WIRE_LENGTH" value="2230"/>
			<Property id="PROPERTY_6121" name="WIRE_END2_MATL" value="(SN)"/>
			<Property id="PROPERTY_6122" name="WIRE_CSA" value="0.35"/>
			<Property id="PROPERTY_6123" name="WIRE_MIN_BEND_RADIUS" value="3"/>
			<Property id="PROPERTY_6124" name="WIRE_OPTION" value="B5WAA | B5WBK"/>
			<Property id="PROPERTY_6125" name="WIRE_DEV_PIN_1" value="C2ET76-P:11"/>
			<Property id="PROPERTY_6126" name="WIRE_COLOR" value="GY"/>
			<Property id="PROPERTY_6127" name="WIRE_SPEC" value="2UKD"/>
			<Property id="PROPERTY_6128" name="WIRE_LEVEL" value="(C-SHF)"/>
			<Property id="PROPERTY_6129" name="WIRE_END1_TERM" value="*DU5T-14474-GAA"/>
			<Property id="PROPERTY_6130" name="WIRE_DEV_PIN_2" value="C12-B2:13"/>
			<Property id="PROPERTY_6131" name="WIRE_NAME" value="CET43Z"/>
			<Property id="PROPERTY_6132" name="WIRE_END2_TERM" value="9U5T-14474-DB"/>
			<Property id="PROPERTY_6133" name="WIRE_SIGNAL" value="CET43"/>
			<Property id="PROPERTY_6134" name="HRN_FAMILY" value="14401"/>
			<Property id="PROPERTY_6135" name="WIRE_FPN" value="WIRE-2UKD-0.35-GY"/>
			<Property id="PROPERTY_6136" name="WIRE_DIA_MAX" value="1.2"/>
			<Option id="OPTION_1b-c-0-14c4e9_1" value="B5WAA | B5WBK"/>
			<BranchRoute id="BRR_174">
				<StartBranchPosition id="BR_POS_611" branchId="BRANCH_c2-4e-0-4c0e3e" branchNodeId="BN_5263_9-198_058" offset="0"/>
				<PassBranchId>BRANCH_c2-4e-0-4c0d92</PassBranchId>
				<PassBranchId>BRANCH_c2-4e-0-4c10b4</PassBranchId>
				<PassBranchId>BRANCH_c2-4e-0-4c10b7</PassBranchId>
				<PassBranchId>BRANCH_c2-4e-0-4c0fa1</PassBranchId>
				<PassBranchId>BRANCH_c2-4e-0-4c10b1</PassBranchId>
				<PassBranchId>BRANCH_c2-4e-0-4c0f9e</PassBranchId>
				<PassBranchId>BRANCH_c2-4e-0-4c0f9b</PassBranchId>
				<PassBranchId>BRANCH_c2-4e-0-4c10ae</PassBranchId>
				<PassBranchId>BRANCH_c2-4e-0-4c0d95</PassBranchId>
				<PassBranchId>BRANCH_c2-4e-0-4c101d</PassBranchId>
				<PassBranchId>BRANCH_c2-4e-0-4c101a</PassBranchId>
				<PassBranchId>BRANCH_c2-4e-0-4c0fce</PassBranchId>
				<PassBranchId>BRANCH_c2-4e-0-4c0d1d</PassBranchId>
				<PassBranchId>BRANCH_35-4e-0-2efaf8</PassBranchId>
				<PassBranchId>BRANCH_c2-4e-0-4c10c0</PassBranchId>
				<PassBranchId>BRANCH_c2-4e-0-4c0fc8</PassBranchId>
				<PassBranchId>BRANCH_c2-4e-0-4c108d</PassBranchId>
				<PassBranchId>BRANCH_c2-4e-0-4c0d88</PassBranchId>
				<PassBranchId>BRANCH_c2-4e-0-4c109a</PassBranchId>
				<PassBranchId>BRANCH_c2-4e-0-4c0e16</PassBranchId>
				<PassBranchId>BRANCH_c2-4e-0-4c0fcb</PassBranchId>
				<PassBranchId>BRANCH_c2-4e-0-4c0dea</PassBranchId>
				<PassBranchId>BRANCH_c2-4e-0-4c0fd1</PassBranchId>
				<PassBranchId>BRANCH_c2-4e-0-4c0fe8</PassBranchId>
				<PassBranchId>BRANCH_c2-4e-0-4c1009</PassBranchId>
				<PassBranchId>BRANCH_c2-4e-0-4c10cb</PassBranchId>
				<PassBranchId>BRANCH_c2-4e-0-4c10ec</PassBranchId>
				<PassBranchId>BRANCH_c2-4e-0-4c0de4</PassBranchId>
				<PassBranchId>BRANCH_1a-4e-0-18e01d0</PassBranchId>
				<PassBranchId>BRANCH_c2-4e-0-4c10c8</PassBranchId>
				<PassBranchId>BRANCH_eb-4e-0-678fca</PassBranchId>
				<PassBranchId>BRANCH_c2-4e-0-4c0e87</PassBranchId>
				<PassBranchId>BRANCH_c2-4e-0-4c0e8c</PassBranchId>
				<PassBranchId>BRANCH_c2-4e-0-4c0e7f</PassBranchId>
				<PassBranchId>BRANCH_c2-4e-0-4c0ef9</PassBranchId>
				<PassBranchId>BRANCH_c2-4e-0-4c0e70</PassBranchId>
				<PassBranchId>BRANCH_c2-4e-0-4c0d66</PassBranchId>
				<PassBranchId>BRANCH_c2-4e-0-4c0fe2</PassBranchId>
				<PassBranchId>BRANCH_c2-4e-0-4c0d5d</PassBranchId>
				<PassBranchId>BRANCH_c2-4e-0-4c0e62</PassBranchId>
				<EndBranchPosition id="BR_POS_612" branchId="BRANCH_c2-4e-0-4c0d54" branchNodeId="BN_21712-184" offset="0"/>
			</BranchRoute>
		</WiringItem>
		<WiringItem xsi:type="Wire" id="WIRE_5d-c-0-b536e" name="CET59AA" signalId="SIGNAL_2-36-0-3554" cableType="WIRE-2UKD-0.35" wireName="GY/VT" fromPinId="PIN_c4-18-0-126e" toPinId="PIN_ff-18-0-492036">
			<AppRef name="E3.Series" version="2.13.7.0" guid="48c2f708-5446-4315-a6b8-dfe1fb88973d"/>
			<Property id="PROPERTY_6137" name="WIRE_LENGTH" value="1320"/>
			<Property id="PROPERTY_6138" name="WIRE_END2_MATL" value="(SN)"/>
			<Property id="PROPERTY_6139" name="WIRE_CSA" value="0.35"/>
			<Property id="PROPERTY_6140" name="WIRE_MIN_BEND_RADIUS" value="3"/>
			<Property id="PROPERTY_6141" name="WIRE_OPTION" value="HJGAJ | HJGAX"/>
			<Property id="PROPERTY_6142" name="WIRE_DEV_PIN_1" value="C2MC01-A:7"/>
			<Property id="PROPERTY_6143" name="WIRE_COLOR" value="GY/VT"/>
			<Property id="PROPERTY_6144" name="WIRE_SPEC" value="2UKD"/>
			<Property id="PROPERTY_6145" name="WIRE_END1_MATL" value="(SN)"/>
			<Property id="PROPERTY_6146" name="WIRE_LEVEL" value="(D-CAM)/(C-SHF)/(KWINV)/VA/ZD/ZH"/>
			<Property id="PROPERTY_6147" name="WIRE_END1_TERM" value="9U5T-14474-DB"/>
			<Property id="PROPERTY_6148" name="WIRE_DEV_PIN_2" value="C22-SW1:12"/>
			<Property id="PROPERTY_6149" name="WIRE_NAME" value="CET59AA"/>
			<Property id="PROPERTY_6150" name="WIRE_END2_TERM" value="DU5T-14421-FA"/>
			<Property id="PROPERTY_6151" name="WIRE_SIGNAL" value="CET59"/>
			<Property id="PROPERTY_6152" name="HRN_FAMILY" value="14401"/>
			<Property id="PROPERTY_6153" name="WIRE_FPN" value="WIRE-2UKD-0.35-GY/VT"/>
			<Property id="PROPERTY_6154" name="WIRE_DIA_MAX" value="1.2"/>
			<Option id="OPTION_5d-c-0-b536e_1" value="HJGAJ | HJGAX"/>
			<BranchRoute id="BRR_175">
				<StartBranchPosition id="BR_POS_613" branchId="BRANCH_c2-4e-0-4c0f51" branchNodeId="BN_7584-244" offset="0"/>
				<PassBranchId>BRANCH_ff-4e-0-9b280f</PassBranchId>
				<PassBranchId>BRANCH_c2-4e-0-4c0f85</PassBranchId>
				<PassBranchId>BRANCH_c2-4e-0-4c1002</PassBranchId>
				<PassBranchId>BRANCH_c2-4e-0-4c109d</PassBranchId>
				<PassBranchId>BRANCH_c2-4e-0-4c0e16</PassBranchId>
				<PassBranchId>BRANCH_c2-4e-0-4c0fcb</PassBranchId>
				<PassBranchId>BRANCH_c2-4e-0-4c0dea</PassBranchId>
				<PassBranchId>BRANCH_c2-4e-0-4c0fd1</PassBranchId>
				<PassBranchId>BRANCH_c2-4e-0-4c0fe8</PassBranchId>
				<PassBranchId>BRANCH_c2-4e-0-4c1009</PassBranchId>
				<PassBranchId>BRANCH_c2-4e-0-4c10cb</PassBranchId>
				<PassBranchId>BRANCH_c2-4e-0-4c10ec</PassBranchId>
				<PassBranchId>BRANCH_c2-4e-0-4c1068</PassBranchId>
				<PassBranchId>BRANCH_c2-4e-0-4c0df7</PassBranchId>
				<EndBranchPosition id="BR_POS_614" branchId="BRANCH_c2-4e-0-4c0f0b" branchNodeId="BN_20576-224" offset="0"/>
			</BranchRoute>
		</WiringItem>
		<WiringItem xsi:type="Wire" id="WIRE_95-c-0-e4503" name="CH123A" signalId="SIGNAL_2-36-0-3565" cableType="WIRE-2UKD-0.35" wireName="VT/GN" fromPinId="PIN_f-18-0-f5c6" toPinId="PIN_b5-18-0-5509">
			<AppRef name="E3.Series" version="2.13.7.0" guid="2d4cb2fa-f013-4749-a558-2e3efa2eb680"/>
			<Property id="PROPERTY_6155" name="WIRE_LENGTH" value="1600"/>
			<Property id="PROPERTY_6156" name="WIRE_END2_MATL" value="(SN)"/>
			<Property id="PROPERTY_6157" name="WIRE_CSA" value="0.35"/>
			<Property id="PROPERTY_6158" name="WIRE_MIN_BEND_RADIUS" value="3"/>
			<Property id="PROPERTY_6159" name="WIRE_OPTION" value="( AC_G | AC_B ) &amp; ( HJGAJ | HJGAX )"/>
			<Property id="PROPERTY_6160" name="WIRE_DEV_PIN_1" value="C2H101-A:11"/>
			<Property id="PROPERTY_6161" name="WIRE_COLOR" value="VT/GN"/>
			<Property id="PROPERTY_6162" name="WIRE_SPEC" value="2UKD"/>
			<Property id="PROPERTY_6163" name="WIRE_END1_MATL" value="(SN)"/>
			<Property id="PROPERTY_6164" name="WIRE_LEVEL" value="(D-CAM)/(C-SHF)/(KWINV)/VA/ZD/ZH"/>
			<Property id="PROPERTY_6165" name="WIRE_END1_TERM" value="9U5T-14474-DB"/>
			<Property id="PROPERTY_6166" name="WIRE_DEV_PIN_2" value="C12-A2:11"/>
			<Property id="PROPERTY_6167" name="WIRE_NAME" value="CH123A"/>
			<Property id="PROPERTY_6168" name="WIRE_END2_TERM" value="EU5T-14474-BAA"/>
			<Property id="PROPERTY_6169" name="WIRE_SIGNAL" value="CH123"/>
			<Property id="PROPERTY_6170" name="HRN_FAMILY" value="14401"/>
			<Property id="PROPERTY_6171" name="WIRE_FPN" value="WIRE-2UKD-0.35-VT/GN"/>
			<Property id="PROPERTY_6172" name="WIRE_DIA_MAX" value="1.2"/>
			<Option id="OPTION_95-c-0-e4503_1" value="( AC_G | AC_B ) &amp; ( HJGAJ | HJGAX )"/>
			<BranchRoute id="BRR_176">
				<StartBranchPosition id="BR_POS_615" branchId="BRANCH_c2-4e-0-4c0f41" branchNodeId="BN_13944-224" offset="0"/>
				<PassBranchId>BRANCH_c2-4e-0-4c0f40</PassBranchId>
				<PassBranchId>BRANCH_c2-4e-0-4c10c3</PassBranchId>
				<PassBranchId>BRANCH_c2-4e-0-4c0ff9</PassBranchId>
				<PassBranchId>BRANCH_c2-4e-0-4c0f34</PassBranchId>
				<PassBranchId>BRANCH_c2-4e-0-4c0d05</PassBranchId>
				<PassBranchId>BRANCH_c2-4e-0-4c1076</PassBranchId>
				<PassBranchId>BRANCH_c2-4e-0-4c106f</PassBranchId>
				<PassBranchId>BRANCH_c2-4e-0-4c1075</PassBranchId>
				<PassBranchId>BRANCH_c2-4e-0-4c0de4</PassBranchId>
				<PassBranchId>BRANCH_1a-4e-0-18e01d0</PassBranchId>
				<PassBranchId>BRANCH_c2-4e-0-4c10c8</PassBranchId>
				<PassBranchId>BRANCH_eb-4e-0-678fca</PassBranchId>
				<PassBranchId>BRANCH_c2-4e-0-4c0e87</PassBranchId>
				<PassBranchId>BRANCH_c2-4e-0-4c0e8c</PassBranchId>
				<PassBranchId>BRANCH_c2-4e-0-4c0e7f</PassBranchId>
				<PassBranchId>BRANCH_c2-4e-0-4c0ef9</PassBranchId>
				<PassBranchId>BRANCH_c2-4e-0-4c0e70</PassBranchId>
				<PassBranchId>BRANCH_c2-4e-0-4c0d66</PassBranchId>
				<PassBranchId>BRANCH_c2-4e-0-4c0e5f</PassBranchId>
				<EndBranchPosition id="BR_POS_616" branchId="BRANCH_c2-4e-0-4c0d60" branchNodeId="BN_22052-256" offset="0"/>
			</BranchRoute>
		</WiringItem>
		<WiringItem xsi:type="Wire" id="WIRE_ac-c-0-8bc210" name="CH133EVA" signalId="SIGNAL_2-36-0-32ab" cableType="WIRE-2UKD-0.35" wireName="YE/OG" fromPinId="PIN_ac-18-0-8bc0b9" toPinId="PIN_ce-18-0-20687d">
			<AppRef name="E3.Series" version="2.14.0.0" guid="3d04fd9f-10c8-4ec3-8751-8b98c0d7c80f"/>
			<Property id="PROPERTY_6191" name="WIRE_LENGTH" value="545"/>
			<Property id="PROPERTY_6192" name="WIRE_END2_MATL" value="(SN)"/>
			<Property id="PROPERTY_6193" name="WIRE_CSA" value="0.35"/>
			<Property id="PROPERTY_6194" name="WIRE_MIN_BEND_RADIUS" value="3"/>
			<Property id="PROPERTY_6195" name="WIRE_OPTION" value="HT2AC &amp; HJGAY"/>
			<Property id="PROPERTY_6196" name="WIRE_DEV_PIN_1" value="C2X212-EVB:6"/>
			<Property id="PROPERTY_6197" name="WIRE_COLOR" value="YE/OG"/>
			<Property id="PROPERTY_6198" name="WIRE_SPEC" value="2UKD"/>
			<Property id="PROPERTY_6199" name="WIRE_END1_MATL" value="(SN)"/>
			<Property id="PROPERTY_6200" name="WIRE_LEVEL" value="ZA/ZB/ZC/ZF"/>
			<Property id="PROPERTY_6201" name="WIRE_END1_TERM" value="3F2T-14474-SA"/>
			<Property id="PROPERTY_6202" name="WIRE_DEV_PIN_2" value="C2H101-EVBA:15"/>
			<Property id="PROPERTY_6203" name="WIRE_NAME" value="CH133EVA"/>
			<Property id="PROPERTY_6204" name="WIRE_END2_TERM" value="9U5T-14474-DB"/>
			<Property id="PROPERTY_6205" name="WIRE_SIGNAL" value="CBP35"/>
			<Property id="PROPERTY_6206" name="HRN_FAMILY" value="14401"/>
			<Property id="PROPERTY_6207" name="WIRE_FPN" value="WIRE-2UKD-0.35-YE/OG"/>
			<Property id="PROPERTY_6208" name="WIRE_DIA_MAX" value="1.2"/>
			<Option id="OPTION_ac-c-0-8bc210_1" value="HT2AC &amp; HJGAY"/>
			<BranchRoute id="BRR_178">
				<StartBranchPosition id="BR_POS_619" branchId="BRANCH_ff-4e-0-938412" branchNodeId="BN_15124-272" offset="0"/>
				<PassBranchId>BRANCH_ff-4e-0-959c9b</PassBranchId>
				<PassBranchId>BRANCH_35-4e-0-32eeb3</PassBranchId>
				<PassBranchId>BRANCH_ff-4e-0-942c78</PassBranchId>
				<PassBranchId>BRANCH_ff-4e-0-938110</PassBranchId>
				<PassBranchId>BRANCH_ff-4e-0-93810b</PassBranchId>
				<PassBranchId>BRANCH_ff-4e-0-936078</PassBranchId>
				<PassBranchId>BRANCH_1a-4e-0-1a7080e</PassBranchId>
				<PassBranchId>BRANCH_1a-4e-0-1a72824</PassBranchId>
				<PassBranchId>BRANCH_1a-4e-0-1a78dfd</PassBranchId>
				<EndBranchPosition id="BR_POS_620" branchId="BRANCH_1a-4e-0-1a7ae35" branchNodeId="BN_15712-168" offset="0"/>
			</BranchRoute>
		</WiringItem>
		<WiringItem xsi:type="Wire" id="WIRE_95-c-0-e57fe" name="CH202A" signalId="SIGNAL_2-36-0-3567" cableType="WIRE-2UKD-0.35" wireName="BU/GN" fromPinId="PIN_f-18-0-f5cf" toPinId="PIN_b5-18-0-55e3">
			<AppRef name="E3.Series" version="2.13.7.0" guid="75632fb7-d20b-4f97-ae47-18302befdb3d"/>
			<Property id="PROPERTY_6209" name="WIRE_LENGTH" value="1670"/>
			<Property id="PROPERTY_6210" name="WIRE_END2_MATL" value="(SN)"/>
			<Property id="PROPERTY_6211" name="WIRE_CSA" value="0.35"/>
			<Property id="PROPERTY_6212" name="WIRE_MIN_BEND_RADIUS" value="3"/>
			<Property id="PROPERTY_6213" name="WIRE_OPTION" value="( AC_G | AC_B ) &amp; ( HJGAJ | HJGAX )"/>
			<Property id="PROPERTY_6214" name="WIRE_DEV_PIN_1" value="C2H101-A:20"/>
			<Property id="PROPERTY_6215" name="WIRE_COLOR" value="BU/GN"/>
			<Property id="PROPERTY_6216" name="WIRE_SPEC" value="2UKD"/>
			<Property id="PROPERTY_6217" name="WIRE_END1_MATL" value="(SN)"/>
			<Property id="PROPERTY_6218" name="WIRE_LEVEL" value="(D-CAM)/(C-SHF)/(KWINV)/VA/ZD/ZH"/>
			<Property id="PROPERTY_6219" name="WIRE_END1_TERM" value="9U5T-14474-DB"/>
			<Property id="PROPERTY_6220" name="WIRE_DEV_PIN_2" value="C22-A1:6"/>
			<Property id="PROPERTY_6221" name="WIRE_NAME" value="CH202A"/>
			<Property id="PROPERTY_6222" name="WIRE_END2_TERM" value="8U5T-14474-BB"/>
			<Property id="PROPERTY_6223" name="WIRE_SIGNAL" value="CH202"/>
			<Property id="PROPERTY_6224" name="HRN_FAMILY" value="14401"/>
			<Property id="PROPERTY_6225" name="WIRE_FPN" value="WIRE-2UKD-0.35-BU/GN"/>
			<Property id="PROPERTY_6226" name="WIRE_DIA_MAX" value="1.2"/>
			<Option id="OPTION_95-c-0-e57fe_1" value="( AC_G | AC_B ) &amp; ( HJGAJ | HJGAX )"/>
			<BranchRoute id="BRR_179">
				<StartBranchPosition id="BR_POS_621" branchId="BRANCH_c2-4e-0-4c0f41" branchNodeId="BN_13944-224" offset="0"/>
				<PassBranchId>BRANCH_c2-4e-0-4c0f40</PassBranchId>
				<PassBranchId>BRANCH_c2-4e-0-4c10c3</PassBranchId>
				<PassBranchId>BRANCH_c2-4e-0-4c0ff9</PassBranchId>
				<PassBranchId>BRANCH_c2-4e-0-4c0f34</PassBranchId>
				<PassBranchId>BRANCH_c2-4e-0-4c0d05</PassBranchId>
				<PassBranchId>BRANCH_c2-4e-0-4c1076</PassBranchId>
				<PassBranchId>BRANCH_c2-4e-0-4c106f</PassBranchId>
				<PassBranchId>BRANCH_c2-4e-0-4c1075</PassBranchId>
				<PassBranchId>BRANCH_c2-4e-0-4c0de4</PassBranchId>
				<PassBranchId>BRANCH_1a-4e-0-18e01d0</PassBranchId>
				<PassBranchId>BRANCH_c2-4e-0-4c10c8</PassBranchId>
				<PassBranchId>BRANCH_eb-4e-0-678fca</PassBranchId>
				<PassBranchId>BRANCH_c2-4e-0-4c0e87</PassBranchId>
				<PassBranchId>BRANCH_c2-4e-0-4c0e8c</PassBranchId>
				<PassBranchId>BRANCH_c2-4e-0-4c0e7f</PassBranchId>
				<PassBranchId>BRANCH_c2-4e-0-4c0ef9</PassBranchId>
				<PassBranchId>BRANCH_c2-4e-0-4c0e70</PassBranchId>
				<PassBranchId>BRANCH_c2-4e-0-4c0d66</PassBranchId>
				<PassBranchId>BRANCH_c2-4e-0-4c0fe2</PassBranchId>
				<PassBranchId>BRANCH_c2-4e-0-4c0d5d</PassBranchId>
				<PassBranchId>BRANCH_c2-4e-0-4c0d57</PassBranchId>
				<EndBranchPosition id="BR_POS_622" branchId="BRANCH_c2-4e-0-4c0d5a" branchNodeId="BN_21404-188" offset="0"/>
			</BranchRoute>
		</WiringItem>
		<WiringItem xsi:type="Wire" id="WIRE_ce-c-0-2c9265" name="CH202EVA" signalId="SIGNAL_2-36-0-3567" cableType="WIRE-2UKD-0.35" wireName="BU/GN" fromPinId="PIN_ce-18-0-206899" toPinId="PIN_b5-18-0-55e3">
			<AppRef name="E3.Series" version="2.14.0.0" guid="c1db1c07-7ae2-43da-82c1-9d02c7799406"/>
			<Property id="PROPERTY_6227" name="WIRE_LENGTH" value="1955"/>
			<Property id="PROPERTY_6228" name="WIRE_END2_MATL" value="(SN)"/>
			<Property id="PROPERTY_6229" name="WIRE_CSA" value="0.35"/>
			<Property id="PROPERTY_6230" name="WIRE_MIN_BEND_RADIUS" value="3"/>
			<Property id="PROPERTY_6231" name="WIRE_OPTION" value="AC_G &amp; HJGAY"/>
			<Property id="PROPERTY_6232" name="WIRE_DEV_PIN_1" value="C2H101-EVBA:24"/>
			<Property id="PROPERTY_6233" name="WIRE_COLOR" value="BU/GN"/>
			<Property id="PROPERTY_6234" name="WIRE_SPEC" value="2UKD"/>
			<Property id="PROPERTY_6235" name="WIRE_END1_MATL" value="(SN)"/>
			<Property id="PROPERTY_6236" name="WIRE_LEVEL" value="ZA/ZB/ZC/ZF"/>
			<Property id="PROPERTY_6237" name="WIRE_END1_TERM" value="9U5T-14474-DB"/>
			<Property id="PROPERTY_6238" name="WIRE_DEV_PIN_2" value="C22-A1:6"/>
			<Property id="PROPERTY_6239" name="WIRE_NAME" value="CH202EVA"/>
			<Property id="PROPERTY_6240" name="WIRE_END2_TERM" value="8U5T-14474-BB"/>
			<Property id="PROPERTY_6241" name="WIRE_SIGNAL" value="CH202"/>
			<Property id="PROPERTY_6242" name="HRN_FAMILY" value="14401"/>
			<Property id="PROPERTY_6243" name="WIRE_FPN" value="WIRE-2UKD-0.35-BU/GN"/>
			<Property id="PROPERTY_6244" name="WIRE_DIA_MAX" value="1.2"/>
			<Option id="OPTION_ce-c-0-2c9265_1" value="AC_G &amp; HJGAY"/>
			<BranchRoute id="BRR_180">
				<StartBranchPosition id="BR_POS_623" branchId="BRANCH_ff-4e-0-938412" branchNodeId="BN_15124-272" offset="0"/>
				<PassBranchId>BRANCH_ff-4e-0-959c9b</PassBranchId>
				<PassBranchId>BRANCH_35-4e-0-32eeb3</PassBranchId>
				<PassBranchId>BRANCH_ff-4e-0-942c78</PassBranchId>
				<PassBranchId>BRANCH_ff-4e-0-938110</PassBranchId>
				<PassBranchId>BRANCH_ff-4e-0-93810b</PassBranchId>
				<PassBranchId>BRANCH_ff-4e-0-936078</PassBranchId>
				<PassBranchId>BRANCH_c2-4e-0-4c10c3</PassBranchId>
				<PassBranchId>BRANCH_c2-4e-0-4c0ff9</PassBranchId>
				<PassBranchId>BRANCH_c2-4e-0-4c0f34</PassBranchId>
				<PassBranchId>BRANCH_c2-4e-0-4c0d05</PassBranchId>
				<PassBranchId>BRANCH_c2-4e-0-4c1076</PassBranchId>
				<PassBranchId>BRANCH_c2-4e-0-4c106f</PassBranchId>
				<PassBranchId>BRANCH_c2-4e-0-4c1075</PassBranchId>
				<PassBranchId>BRANCH_c2-4e-0-4c0de4</PassBranchId>
				<PassBranchId>BRANCH_1a-4e-0-18e01d0</PassBranchId>
				<PassBranchId>BRANCH_c2-4e-0-4c10c8</PassBranchId>
				<PassBranchId>BRANCH_eb-4e-0-678fca</PassBranchId>
				<PassBranchId>BRANCH_c2-4e-0-4c0e87</PassBranchId>
				<PassBranchId>BRANCH_c2-4e-0-4c0e8c</PassBranchId>
				<PassBranchId>BRANCH_c2-4e-0-4c0e7f</PassBranchId>
				<PassBranchId>BRANCH_c2-4e-0-4c0ef9</PassBranchId>
				<PassBranchId>BRANCH_c2-4e-0-4c0e70</PassBranchId>
				<PassBranchId>BRANCH_c2-4e-0-4c0d66</PassBranchId>
				<PassBranchId>BRANCH_c2-4e-0-4c0fe2</PassBranchId>
				<PassBranchId>BRANCH_c2-4e-0-4c0d5d</PassBranchId>
				<PassBranchId>BRANCH_c2-4e-0-4c0d57</PassBranchId>
				<EndBranchPosition id="BR_POS_624" branchId="BRANCH_c2-4e-0-4c0d5a" branchNodeId="BN_21404-188" offset="0"/>
			</BranchRoute>
		</WiringItem>
		<WiringItem xsi:type="Wire" id="WIRE_95-c-0-e5816" name="CH203A" signalId="SIGNAL_2-36-0-3568" cableType="WIRE-2UKD-0.35" wireName="GN/BN" fromPinId="PIN_f-18-0-f5d8" toPinId="PIN_b5-18-0-55e2">
			<AppRef name="E3.Series" version="2.13.7.0" guid="25ae2b9b-310b-4944-b0d9-41f2b6c2ac4e"/>
			<Property id="PROPERTY_6245" name="WIRE_LENGTH" value="1670"/>
			<Property id="PROPERTY_6246" name="WIRE_END2_MATL" value="(SN)"/>
			<Property id="PROPERTY_6247" name="WIRE_CSA" value="0.35"/>
			<Property id="PROPERTY_6248" name="WIRE_MIN_BEND_RADIUS" value="3"/>
			<Property id="PROPERTY_6249" name="WIRE_OPTION" value="( AC_G | AC_B ) &amp; ( HJGAJ | HJGAX )"/>
			<Property id="PROPERTY_6250" name="WIRE_DEV_PIN_1" value="C2H101-A:21"/>
			<Property id="PROPERTY_6251" name="WIRE_COLOR" value="GN/BN"/>
			<Property id="PROPERTY_6252" name="WIRE_SPEC" value="2UKD"/>
			<Property id="PROPERTY_6253" name="WIRE_END1_MATL" value="(SN)"/>
			<Property id="PROPERTY_6254" name="WIRE_LEVEL" value="(D-CAM)/(C-SHF)/(KWINV)/VA/ZD/ZH"/>
			<Property id="PROPERTY_6255" name="WIRE_END1_TERM" value="9U5T-14474-DB"/>
			<Property id="PROPERTY_6256" name="WIRE_DEV_PIN_2" value="C22-A1:5"/>
			<Property id="PROPERTY_6257" name="WIRE_NAME" value="CH203A"/>
			<Property id="PROPERTY_6258" name="WIRE_END2_TERM" value="8U5T-14474-BB"/>
			<Property id="PROPERTY_6259" name="WIRE_SIGNAL" value="CH203"/>
			<Property id="PROPERTY_6260" name="HRN_FAMILY" value="14401"/>
			<Property id="PROPERTY_6261" name="WIRE_FPN" value="WIRE-2UKD-0.35-GN/BN"/>
			<Property id="PROPERTY_6262" name="WIRE_DIA_MAX" value="1.2"/>
			<Option id="OPTION_95-c-0-e5816_1" value="( AC_G | AC_B ) &amp; ( HJGAJ | HJGAX )"/>
			<BranchRoute id="BRR_181">
				<StartBranchPosition id="BR_POS_625" branchId="BRANCH_c2-4e-0-4c0f41" branchNodeId="BN_13944-224" offset="0"/>
				<PassBranchId>BRANCH_c2-4e-0-4c0f40</PassBranchId>
				<PassBranchId>BRANCH_c2-4e-0-4c10c3</PassBranchId>
				<PassBranchId>BRANCH_c2-4e-0-4c0ff9</PassBranchId>
				<PassBranchId>BRANCH_c2-4e-0-4c0f34</PassBranchId>
				<PassBranchId>BRANCH_c2-4e-0-4c0d05</PassBranchId>
				<PassBranchId>BRANCH_c2-4e-0-4c1076</PassBranchId>
				<PassBranchId>BRANCH_c2-4e-0-4c106f</PassBranchId>
				<PassBranchId>BRANCH_c2-4e-0-4c1075</PassBranchId>
				<PassBranchId>BRANCH_c2-4e-0-4c0de4</PassBranchId>
				<PassBranchId>BRANCH_1a-4e-0-18e01d0</PassBranchId>
				<PassBranchId>BRANCH_c2-4e-0-4c10c8</PassBranchId>
				<PassBranchId>BRANCH_eb-4e-0-678fca</PassBranchId>
				<PassBranchId>BRANCH_c2-4e-0-4c0e87</PassBranchId>
				<PassBranchId>BRANCH_c2-4e-0-4c0e8c</PassBranchId>
				<PassBranchId>BRANCH_c2-4e-0-4c0e7f</PassBranchId>
				<PassBranchId>BRANCH_c2-4e-0-4c0ef9</PassBranchId>
				<PassBranchId>BRANCH_c2-4e-0-4c0e70</PassBranchId>
				<PassBranchId>BRANCH_c2-4e-0-4c0d66</PassBranchId>
				<PassBranchId>BRANCH_c2-4e-0-4c0fe2</PassBranchId>
				<PassBranchId>BRANCH_c2-4e-0-4c0d5d</PassBranchId>
				<PassBranchId>BRANCH_c2-4e-0-4c0d57</PassBranchId>
				<EndBranchPosition id="BR_POS_626" branchId="BRANCH_c2-4e-0-4c0d5a" branchNodeId="BN_21404-188" offset="0"/>
			</BranchRoute>
		</WiringItem>
		<WiringItem xsi:type="Wire" id="WIRE_ce-c-0-2c9254" name="CH203EVA" signalId="SIGNAL_2-36-0-3568" cableType="WIRE-2UKD-0.35" wireName="GN/BN" fromPinId="PIN_ce-18-0-206891" toPinId="PIN_b5-18-0-55e2">
			<AppRef name="E3.Series" version="2.14.0.0" guid="20f6fa16-1ccd-433c-91a1-09a4efb85cf6"/>
			<Property id="PROPERTY_6263" name="WIRE_LENGTH" value="1955"/>
			<Property id="PROPERTY_6264" name="WIRE_END2_MATL" value="(SN)"/>
			<Property id="PROPERTY_6265" name="WIRE_CSA" value="0.35"/>
			<Property id="PROPERTY_6266" name="WIRE_MIN_BEND_RADIUS" value="3"/>
			<Property id="PROPERTY_6267" name="WIRE_OPTION" value="AC_G &amp; HJGAY"/>
			<Property id="PROPERTY_6268" name="WIRE_DEV_PIN_1" value="C2H101-EVBA:23"/>
			<Property id="PROPERTY_6269" name="WIRE_COLOR" value="GN/BN"/>
			<Property id="PROPERTY_6270" name="WIRE_SPEC" value="2UKD"/>
			<Property id="PROPERTY_6271" name="WIRE_END1_MATL" value="(SN)"/>
			<Property id="PROPERTY_6272" name="WIRE_LEVEL" value="ZA/ZB/ZC/ZF"/>
			<Property id="PROPERTY_6273" name="WIRE_END1_TERM" value="9U5T-14474-DB"/>
			<Property id="PROPERTY_6274" name="WIRE_DEV_PIN_2" value="C22-A1:5"/>
			<Property id="PROPERTY_6275" name="WIRE_NAME" value="CH203EVA"/>
			<Property id="PROPERTY_6276" name="WIRE_END2_TERM" value="8U5T-14474-BB"/>
			<Property id="PROPERTY_6277" name="WIRE_SIGNAL" value="CH203"/>
			<Property id="PROPERTY_6278" name="HRN_FAMILY" value="14401"/>
			<Property id="PROPERTY_6279" name="WIRE_FPN" value="WIRE-2UKD-0.35-GN/BN"/>
			<Property id="PROPERTY_6280" name="WIRE_DIA_MAX" value="1.2"/>
			<Option id="OPTION_ce-c-0-2c9254_1" value="AC_G &amp; HJGAY"/>
			<BranchRoute id="BRR_182">
				<StartBranchPosition id="BR_POS_627" branchId="BRANCH_ff-4e-0-938412" branchNodeId="BN_15124-272" offset="0"/>
				<PassBranchId>BRANCH_ff-4e-0-959c9b</PassBranchId>
				<PassBranchId>BRANCH_35-4e-0-32eeb3</PassBranchId>
				<PassBranchId>BRANCH_ff-4e-0-942c78</PassBranchId>
				<PassBranchId>BRANCH_ff-4e-0-938110</PassBranchId>
				<PassBranchId>BRANCH_ff-4e-0-93810b</PassBranchId>
				<PassBranchId>BRANCH_ff-4e-0-936078</PassBranchId>
				<PassBranchId>BRANCH_c2-4e-0-4c10c3</PassBranchId>
				<PassBranchId>BRANCH_c2-4e-0-4c0ff9</PassBranchId>
				<PassBranchId>BRANCH_c2-4e-0-4c0f34</PassBranchId>
				<PassBranchId>BRANCH_c2-4e-0-4c0d05</PassBranchId>
				<PassBranchId>BRANCH_c2-4e-0-4c1076</PassBranchId>
				<PassBranchId>BRANCH_c2-4e-0-4c106f</PassBranchId>
				<PassBranchId>BRANCH_c2-4e-0-4c1075</PassBranchId>
				<PassBranchId>BRANCH_c2-4e-0-4c0de4</PassBranchId>
				<PassBranchId>BRANCH_1a-4e-0-18e01d0</PassBranchId>
				<PassBranchId>BRANCH_c2-4e-0-4c10c8</PassBranchId>
				<PassBranchId>BRANCH_eb-4e-0-678fca</PassBranchId>
				<PassBranchId>BRANCH_c2-4e-0-4c0e87</PassBranchId>
				<PassBranchId>BRANCH_c2-4e-0-4c0e8c</PassBranchId>
				<PassBranchId>BRANCH_c2-4e-0-4c0e7f</PassBranchId>
				<PassBranchId>BRANCH_c2-4e-0-4c0ef9</PassBranchId>
				<PassBranchId>BRANCH_c2-4e-0-4c0e70</PassBranchId>
				<PassBranchId>BRANCH_c2-4e-0-4c0d66</PassBranchId>
				<PassBranchId>BRANCH_c2-4e-0-4c0fe2</PassBranchId>
				<PassBranchId>BRANCH_c2-4e-0-4c0d5d</PassBranchId>
				<PassBranchId>BRANCH_c2-4e-0-4c0d57</PassBranchId>
				<EndBranchPosition id="BR_POS_628" branchId="BRANCH_c2-4e-0-4c0d5a" branchNodeId="BN_21404-188" offset="0"/>
			</BranchRoute>
		</WiringItem>
		<WiringItem xsi:type="Wire" id="WIRE_95-c-0-e58ee" name="CH207A" signalId="SIGNAL_2-36-0-356c" cableType="WIRE-2UKD-0.35" wireName="BU/GY" fromPinId="PIN_f-18-0-f5ec" toPinId="PIN_b5-18-0-55ec">
			<AppRef name="E3.Series" version="2.13.7.0" guid="3631c240-e822-4ee8-8a73-6b21c901db88"/>
			<Property id="PROPERTY_6281" name="WIRE_LENGTH" value="1670"/>
			<Property id="PROPERTY_6282" name="WIRE_END2_MATL" value="(SN)"/>
			<Property id="PROPERTY_6283" name="WIRE_CSA" value="0.35"/>
			<Property id="PROPERTY_6284" name="WIRE_MIN_BEND_RADIUS" value="3"/>
			<Property id="PROPERTY_6285" name="WIRE_OPTION" value="( AC_G | AC_B ) &amp; ( HJGAJ | HJGAX )"/>
			<Property id="PROPERTY_6286" name="WIRE_DEV_PIN_1" value="C2H101-A:25"/>
			<Property id="PROPERTY_6287" name="WIRE_COLOR" value="BU/GY"/>
			<Property id="PROPERTY_6288" name="WIRE_SPEC" value="2UKD"/>
			<Property id="PROPERTY_6289" name="WIRE_END1_MATL" value="(SN)"/>
			<Property id="PROPERTY_6290" name="WIRE_LEVEL" value="(D-CAM)/(C-SHF)/(KWINV)/VA/ZD/ZH"/>
			<Property id="PROPERTY_6291" name="WIRE_END1_TERM" value="9U5T-14474-DB"/>
			<Property id="PROPERTY_6292" name="WIRE_DEV_PIN_2" value="C22-A1:15"/>
			<Property id="PROPERTY_6293" name="WIRE_NAME" value="CH207A"/>
			<Property id="PROPERTY_6294" name="WIRE_END2_TERM" value="8U5T-14474-BB"/>
			<Property id="PROPERTY_6295" name="WIRE_SIGNAL" value="CH207"/>
			<Property id="PROPERTY_6296" name="HRN_FAMILY" value="14401"/>
			<Property id="PROPERTY_6297" name="WIRE_FPN" value="WIRE-2UKD-0.35-BU/GY"/>
			<Property id="PROPERTY_6298" name="WIRE_DIA_MAX" value="1.2"/>
			<Option id="OPTION_95-c-0-e58ee_1" value="( AC_G | AC_B ) &amp; ( HJGAJ | HJGAX )"/>
			<BranchRoute id="BRR_183">
				<StartBranchPosition id="BR_POS_629" branchId="BRANCH_c2-4e-0-4c0f41" branchNodeId="BN_13944-224" offset="0"/>
				<PassBranchId>BRANCH_c2-4e-0-4c0f40</PassBranchId>
				<PassBranchId>BRANCH_c2-4e-0-4c10c3</PassBranchId>
				<PassBranchId>BRANCH_c2-4e-0-4c0ff9</PassBranchId>
				<PassBranchId>BRANCH_c2-4e-0-4c0f34</PassBranchId>
				<PassBranchId>BRANCH_c2-4e-0-4c0d05</PassBranchId>
				<PassBranchId>BRANCH_c2-4e-0-4c1076</PassBranchId>
				<PassBranchId>BRANCH_c2-4e-0-4c106f</PassBranchId>
				<PassBranchId>BRANCH_c2-4e-0-4c1075</PassBranchId>
				<PassBranchId>BRANCH_c2-4e-0-4c0de4</PassBranchId>
				<PassBranchId>BRANCH_1a-4e-0-18e01d0</PassBranchId>
				<PassBranchId>BRANCH_c2-4e-0-4c10c8</PassBranchId>
				<PassBranchId>BRANCH_eb-4e-0-678fca</PassBranchId>
				<PassBranchId>BRANCH_c2-4e-0-4c0e87</PassBranchId>
				<PassBranchId>BRANCH_c2-4e-0-4c0e8c</PassBranchId>
				<PassBranchId>BRANCH_c2-4e-0-4c0e7f</PassBranchId>
				<PassBranchId>BRANCH_c2-4e-0-4c0ef9</PassBranchId>
				<PassBranchId>BRANCH_c2-4e-0-4c0e70</PassBranchId>
				<PassBranchId>BRANCH_c2-4e-0-4c0d66</PassBranchId>
				<PassBranchId>BRANCH_c2-4e-0-4c0fe2</PassBranchId>
				<PassBranchId>BRANCH_c2-4e-0-4c0d5d</PassBranchId>
				<PassBranchId>BRANCH_c2-4e-0-4c0d57</PassBranchId>
				<EndBranchPosition id="BR_POS_630" branchId="BRANCH_c2-4e-0-4c0d5a" branchNodeId="BN_21404-188" offset="0"/>
			</BranchRoute>
		</WiringItem>
		<WiringItem xsi:type="Wire" id="WIRE_ce-c-0-2c9234" name="CH207EVA" signalId="SIGNAL_2-36-0-356c" cableType="WIRE-2UKD-0.35" wireName="BU/GY" fromPinId="PIN_ce-18-0-206885" toPinId="PIN_b5-18-0-55ec">
			<AppRef name="E3.Series" version="2.14.0.0" guid="be20b48e-1fc4-4c21-ba0f-952b40e1a3ad"/>
			<Property id="PROPERTY_6299" name="WIRE_LENGTH" value="1955"/>
			<Property id="PROPERTY_6300" name="WIRE_END2_MATL" value="(SN)"/>
			<Property id="PROPERTY_6301" name="WIRE_CSA" value="0.35"/>
			<Property id="PROPERTY_6302" name="WIRE_MIN_BEND_RADIUS" value="3"/>
			<Property id="PROPERTY_6303" name="WIRE_OPTION" value="AC_G &amp; HJGAY"/>
			<Property id="PROPERTY_6304" name="WIRE_DEV_PIN_1" value="C2H101-EVBA:28"/>
			<Property id="PROPERTY_6305" name="WIRE_COLOR" value="BU/GY"/>
			<Property id="PROPERTY_6306" name="WIRE_SPEC" value="2UKD"/>
			<Property id="PROPERTY_6307" name="WIRE_END1_MATL" value="(SN)"/>
			<Property id="PROPERTY_6308" name="WIRE_LEVEL" value="ZA/ZB/ZC/ZF"/>
			<Property id="PROPERTY_6309" name="WIRE_END1_TERM" value="9U5T-14474-DB"/>
			<Property id="PROPERTY_6310" name="WIRE_DEV_PIN_2" value="C22-A1:15"/>
			<Property id="PROPERTY_6311" name="WIRE_NAME" value="CH207EVA"/>
			<Property id="PROPERTY_6312" name="WIRE_END2_TERM" value="8U5T-14474-BB"/>
			<Property id="PROPERTY_6313" name="WIRE_SIGNAL" value="CH207"/>
			<Property id="PROPERTY_6314" name="HRN_FAMILY" value="14401"/>
			<Property id="PROPERTY_6315" name="WIRE_FPN" value="WIRE-2UKD-0.35-BU/GY"/>
			<Property id="PROPERTY_6316" name="WIRE_DIA_MAX" value="1.2"/>
			<Option id="OPTION_ce-c-0-2c9234_1" value="AC_G &amp; HJGAY"/>
			<BranchRoute id="BRR_184">
				<StartBranchPosition id="BR_POS_631" branchId="BRANCH_ff-4e-0-938412" branchNodeId="BN_15124-272" offset="0"/>
				<PassBranchId>BRANCH_ff-4e-0-959c9b</PassBranchId>
				<PassBranchId>BRANCH_35-4e-0-32eeb3</PassBranchId>
				<PassBranchId>BRANCH_ff-4e-0-942c78</PassBranchId>
				<PassBranchId>BRANCH_ff-4e-0-938110</PassBranchId>
				<PassBranchId>BRANCH_ff-4e-0-93810b</PassBranchId>
				<PassBranchId>BRANCH_ff-4e-0-936078</PassBranchId>
				<PassBranchId>BRANCH_c2-4e-0-4c10c3</PassBranchId>
				<PassBranchId>BRANCH_c2-4e-0-4c0ff9</PassBranchId>
				<PassBranchId>BRANCH_c2-4e-0-4c0f34</PassBranchId>
				<PassBranchId>BRANCH_c2-4e-0-4c0d05</PassBranchId>
				<PassBranchId>BRANCH_c2-4e-0-4c1076</PassBranchId>
				<PassBranchId>BRANCH_c2-4e-0-4c106f</PassBranchId>
				<PassBranchId>BRANCH_c2-4e-0-4c1075</PassBranchId>
				<PassBranchId>BRANCH_c2-4e-0-4c0de4</PassBranchId>
				<PassBranchId>BRANCH_1a-4e-0-18e01d0</PassBranchId>
				<PassBranchId>BRANCH_c2-4e-0-4c10c8</PassBranchId>
				<PassBranchId>BRANCH_eb-4e-0-678fca</PassBranchId>
				<PassBranchId>BRANCH_c2-4e-0-4c0e87</PassBranchId>
				<PassBranchId>BRANCH_c2-4e-0-4c0e8c</PassBranchId>
				<PassBranchId>BRANCH_c2-4e-0-4c0e7f</PassBranchId>
				<PassBranchId>BRANCH_c2-4e-0-4c0ef9</PassBranchId>
				<PassBranchId>BRANCH_c2-4e-0-4c0e70</PassBranchId>
				<PassBranchId>BRANCH_c2-4e-0-4c0d66</PassBranchId>
				<PassBranchId>BRANCH_c2-4e-0-4c0fe2</PassBranchId>
				<PassBranchId>BRANCH_c2-4e-0-4c0d5d</PassBranchId>
				<PassBranchId>BRANCH_c2-4e-0-4c0d57</PassBranchId>
				<EndBranchPosition id="BR_POS_632" branchId="BRANCH_c2-4e-0-4c0d5a" branchNodeId="BN_21404-188" offset="0"/>
			</BranchRoute>
		</WiringItem>
		<WiringItem xsi:type="Wire" id="WIRE_95-c-0-e5846" name="CH208A" signalId="SIGNAL_2-36-0-356d" cableType="WIRE-2UKD-0.35" wireName="GN/OG" fromPinId="PIN_f-18-0-f5e8" toPinId="PIN_b5-18-0-55ea">
			<AppRef name="E3.Series" version="2.13.7.0" guid="5ca92469-41e6-408c-885a-3dadcd538eac"/>
			<Property id="PROPERTY_6317" name="WIRE_LENGTH" value="1670"/>
			<Property id="PROPERTY_6318" name="WIRE_END2_MATL" value="(SN)"/>
			<Property id="PROPERTY_6319" name="WIRE_CSA" value="0.35"/>
			<Property id="PROPERTY_6320" name="WIRE_MIN_BEND_RADIUS" value="3"/>
			<Property id="PROPERTY_6321" name="WIRE_OPTION" value="( AC_G | AC_B ) &amp; ( HJGAJ | HJGAX )"/>
			<Property id="PROPERTY_6322" name="WIRE_DEV_PIN_1" value="C2H101-A:24"/>
			<Property id="PROPERTY_6323" name="WIRE_COLOR" value="GN/OG"/>
			<Property id="PROPERTY_6324" name="WIRE_SPEC" value="2UKD"/>
			<Property id="PROPERTY_6325" name="WIRE_END1_MATL" value="(SN)"/>
			<Property id="PROPERTY_6326" name="WIRE_LEVEL" value="(D-CAM)/(C-SHF)/(KWINV)/VA/ZD/ZH"/>
			<Property id="PROPERTY_6327" name="WIRE_END1_TERM" value="9U5T-14474-DB"/>
			<Property id="PROPERTY_6328" name="WIRE_DEV_PIN_2" value="C22-A1:13"/>
			<Property id="PROPERTY_6329" name="WIRE_NAME" value="CH208A"/>
			<Property id="PROPERTY_6330" name="WIRE_END2_TERM" value="8U5T-14474-BB"/>
			<Property id="PROPERTY_6331" name="WIRE_SIGNAL" value="CH208"/>
			<Property id="PROPERTY_6332" name="HRN_FAMILY" value="14401"/>
			<Property id="PROPERTY_6333" name="WIRE_FPN" value="WIRE-2UKD-0.35-GN/OG"/>
			<Property id="PROPERTY_6334" name="WIRE_DIA_MAX" value="1.2"/>
			<Option id="OPTION_95-c-0-e5846_1" value="( AC_G | AC_B ) &amp; ( HJGAJ | HJGAX )"/>
			<BranchRoute id="BRR_185">
				<StartBranchPosition id="BR_POS_633" branchId="BRANCH_c2-4e-0-4c0f41" branchNodeId="BN_13944-224" offset="0"/>
				<PassBranchId>BRANCH_c2-4e-0-4c0f40</PassBranchId>
				<PassBranchId>BRANCH_c2-4e-0-4c10c3</PassBranchId>
				<PassBranchId>BRANCH_c2-4e-0-4c0ff9</PassBranchId>
				<PassBranchId>BRANCH_c2-4e-0-4c0f34</PassBranchId>
				<PassBranchId>BRANCH_c2-4e-0-4c0d05</PassBranchId>
				<PassBranchId>BRANCH_c2-4e-0-4c1076</PassBranchId>
				<PassBranchId>BRANCH_c2-4e-0-4c106f</PassBranchId>
				<PassBranchId>BRANCH_c2-4e-0-4c1075</PassBranchId>
				<PassBranchId>BRANCH_c2-4e-0-4c0de4</PassBranchId>
				<PassBranchId>BRANCH_1a-4e-0-18e01d0</PassBranchId>
				<PassBranchId>BRANCH_c2-4e-0-4c10c8</PassBranchId>
				<PassBranchId>BRANCH_eb-4e-0-678fca</PassBranchId>
				<PassBranchId>BRANCH_c2-4e-0-4c0e87</PassBranchId>
				<PassBranchId>BRANCH_c2-4e-0-4c0e8c</PassBranchId>
				<PassBranchId>BRANCH_c2-4e-0-4c0e7f</PassBranchId>
				<PassBranchId>BRANCH_c2-4e-0-4c0ef9</PassBranchId>
				<PassBranchId>BRANCH_c2-4e-0-4c0e70</PassBranchId>
				<PassBranchId>BRANCH_c2-4e-0-4c0d66</PassBranchId>
				<PassBranchId>BRANCH_c2-4e-0-4c0fe2</PassBranchId>
				<PassBranchId>BRANCH_c2-4e-0-4c0d5d</PassBranchId>
				<PassBranchId>BRANCH_c2-4e-0-4c0d57</PassBranchId>
				<EndBranchPosition id="BR_POS_634" branchId="BRANCH_c2-4e-0-4c0d5a" branchNodeId="BN_21404-188" offset="0"/>
			</BranchRoute>
		</WiringItem>
		<WiringItem xsi:type="Wire" id="WIRE_ce-c-0-2c9244" name="CH208EVA" signalId="SIGNAL_2-36-0-356d" cableType="WIRE-2UKD-0.35" wireName="GN/OG" fromPinId="PIN_ce-18-0-20688b" toPinId="PIN_b5-18-0-55ea">
			<AppRef name="E3.Series" version="2.14.0.0" guid="f8861bd9-3c98-402a-9bd7-58df97786113"/>
			<Property id="PROPERTY_6335" name="WIRE_LENGTH" value="1955"/>
			<Property id="PROPERTY_6336" name="WIRE_END2_MATL" value="(SN)"/>
			<Property id="PROPERTY_6337" name="WIRE_CSA" value="0.35"/>
			<Property id="PROPERTY_6338" name="WIRE_MIN_BEND_RADIUS" value="3"/>
			<Property id="PROPERTY_6339" name="WIRE_OPTION" value="AC_G &amp; HJGAY"/>
			<Property id="PROPERTY_6340" name="WIRE_DEV_PIN_1" value="C2H101-EVBA:27"/>
			<Property id="PROPERTY_6341" name="WIRE_COLOR" value="GN/OG"/>
			<Property id="PROPERTY_6342" name="WIRE_SPEC" value="2UKD"/>
			<Property id="PROPERTY_6343" name="WIRE_END1_MATL" value="(SN)"/>
			<Property id="PROPERTY_6344" name="WIRE_LEVEL" value="ZA/ZB/ZC/ZF"/>
			<Property id="PROPERTY_6345" name="WIRE_END1_TERM" value="9U5T-14474-DB"/>
			<Property id="PROPERTY_6346" name="WIRE_DEV_PIN_2" value="C22-A1:13"/>
			<Property id="PROPERTY_6347" name="WIRE_NAME" value="CH208EVA"/>
			<Property id="PROPERTY_6348" name="WIRE_END2_TERM" value="8U5T-14474-BB"/>
			<Property id="PROPERTY_6349" name="WIRE_SIGNAL" value="CH208"/>
			<Property id="PROPERTY_6350" name="HRN_FAMILY" value="14401"/>
			<Property id="PROPERTY_6351" name="WIRE_FPN" value="WIRE-2UKD-0.35-GN/OG"/>
			<Property id="PROPERTY_6352" name="WIRE_DIA_MAX" value="1.2"/>
			<Option id="OPTION_ce-c-0-2c9244_1" value="AC_G &amp; HJGAY"/>
			<BranchRoute id="BRR_186">
				<StartBranchPosition id="BR_POS_635" branchId="BRANCH_ff-4e-0-938412" branchNodeId="BN_15124-272" offset="0"/>
				<PassBranchId>BRANCH_ff-4e-0-959c9b</PassBranchId>
				<PassBranchId>BRANCH_35-4e-0-32eeb3</PassBranchId>
				<PassBranchId>BRANCH_ff-4e-0-942c78</PassBranchId>
				<PassBranchId>BRANCH_ff-4e-0-938110</PassBranchId>
				<PassBranchId>BRANCH_ff-4e-0-93810b</PassBranchId>
				<PassBranchId>BRANCH_ff-4e-0-936078</PassBranchId>
				<PassBranchId>BRANCH_c2-4e-0-4c10c3</PassBranchId>
				<PassBranchId>BRANCH_c2-4e-0-4c0ff9</PassBranchId>
				<PassBranchId>BRANCH_c2-4e-0-4c0f34</PassBranchId>
				<PassBranchId>BRANCH_c2-4e-0-4c0d05</PassBranchId>
				<PassBranchId>BRANCH_c2-4e-0-4c1076</PassBranchId>
				<PassBranchId>BRANCH_c2-4e-0-4c106f</PassBranchId>
				<PassBranchId>BRANCH_c2-4e-0-4c1075</PassBranchId>
				<PassBranchId>BRANCH_c2-4e-0-4c0de4</PassBranchId>
				<PassBranchId>BRANCH_1a-4e-0-18e01d0</PassBranchId>
				<PassBranchId>BRANCH_c2-4e-0-4c10c8</PassBranchId>
				<PassBranchId>BRANCH_eb-4e-0-678fca</PassBranchId>
				<PassBranchId>BRANCH_c2-4e-0-4c0e87</PassBranchId>
				<PassBranchId>BRANCH_c2-4e-0-4c0e8c</PassBranchId>
				<PassBranchId>BRANCH_c2-4e-0-4c0e7f</PassBranchId>
				<PassBranchId>BRANCH_c2-4e-0-4c0ef9</PassBranchId>
				<PassBranchId>BRANCH_c2-4e-0-4c0e70</PassBranchId>
				<PassBranchId>BRANCH_c2-4e-0-4c0d66</PassBranchId>
				<PassBranchId>BRANCH_c2-4e-0-4c0fe2</PassBranchId>
				<PassBranchId>BRANCH_c2-4e-0-4c0d5d</PassBranchId>
				<PassBranchId>BRANCH_c2-4e-0-4c0d57</PassBranchId>
				<EndBranchPosition id="BR_POS_636" branchId="BRANCH_c2-4e-0-4c0d5a" branchNodeId="BN_21404-188" offset="0"/>
			</BranchRoute>
		</WiringItem>
		<WiringItem xsi:type="Wire" id="WIRE_95-c-0-e645c" name="CH212A" signalId="SIGNAL_2-36-0-3571" cableType="WIRE-2UKD-0.35" wireName="BU/OG" fromPinId="PIN_f-18-0-f694" toPinId="PIN_b5-18-0-55ef">
			<AppRef name="E3.Series" version="2.13.7.0" guid="5a02b467-9ac9-4816-a895-c1e9fdeb2d5a"/>
			<Property id="PROPERTY_6353" name="WIRE_LENGTH" value="1625"/>
			<Property id="PROPERTY_6354" name="WIRE_END2_MATL" value="(SN)"/>
			<Property id="PROPERTY_6355" name="WIRE_CSA" value="0.35"/>
			<Property id="PROPERTY_6356" name="WIRE_MIN_BEND_RADIUS" value="3"/>
			<Property id="PROPERTY_6357" name="WIRE_OPTION" value="AC_G &amp; ( HJGAJ | HJGAX )"/>
			<Property id="PROPERTY_6358" name="WIRE_DEV_PIN_1" value="C2H101-B:13"/>
			<Property id="PROPERTY_6359" name="WIRE_COLOR" value="BU/OG"/>
			<Property id="PROPERTY_6360" name="WIRE_SPEC" value="2UKD"/>
			<Property id="PROPERTY_6361" name="WIRE_END1_MATL" value="(SN)"/>
			<Property id="PROPERTY_6362" name="WIRE_LEVEL" value="(TACH-L0)/(KWINV)/(ACBRKR)/(CNSL-HI)/(A-STR)/AH/AK/AM/AP/VA/XM/ZD/ZH"/>
			<Property id="PROPERTY_6363" name="WIRE_END1_TERM" value="9U5T-14474-DB"/>
			<Property id="PROPERTY_6364" name="WIRE_DEV_PIN_2" value="C22-A1:18"/>
			<Property id="PROPERTY_6365" name="WIRE_NAME" value="CH212A"/>
			<Property id="PROPERTY_6366" name="WIRE_END2_TERM" value="8U5T-14474-BB"/>
			<Property id="PROPERTY_6367" name="WIRE_SIGNAL" value="CH212"/>
			<Property id="PROPERTY_6368" name="HRN_FAMILY" value="14401"/>
			<Property id="PROPERTY_6369" name="WIRE_FPN" value="WIRE-2UKD-0.35-BU/OG"/>
			<Property id="PROPERTY_6370" name="WIRE_DIA_MAX" value="1.2"/>
			<Option id="OPTION_95-c-0-e645c_1" value="AC_G &amp; ( HJGAJ | HJGAX )"/>
			<BranchRoute id="BRR_187">
				<StartBranchPosition id="BR_POS_637" branchId="BRANCH_c2-4e-0-4c0f3d" branchNodeId="BN_14728-219_961" offset="0"/>
				<PassBranchId>BRANCH_c2-4e-0-4c0f44</PassBranchId>
				<PassBranchId>BRANCH_c2-4e-0-4c10c3</PassBranchId>
				<PassBranchId>BRANCH_c2-4e-0-4c0ff9</PassBranchId>
				<PassBranchId>BRANCH_c2-4e-0-4c0f34</PassBranchId>
				<PassBranchId>BRANCH_c2-4e-0-4c0d05</PassBranchId>
				<PassBranchId>BRANCH_c2-4e-0-4c1076</PassBranchId>
				<PassBranchId>BRANCH_c2-4e-0-4c106f</PassBranchId>
				<PassBranchId>BRANCH_c2-4e-0-4c1075</PassBranchId>
				<PassBranchId>BRANCH_c2-4e-0-4c0de4</PassBranchId>
				<PassBranchId>BRANCH_1a-4e-0-18e01d0</PassBranchId>
				<PassBranchId>BRANCH_c2-4e-0-4c10c8</PassBranchId>
				<PassBranchId>BRANCH_eb-4e-0-678fca</PassBranchId>
				<PassBranchId>BRANCH_c2-4e-0-4c0e87</PassBranchId>
				<PassBranchId>BRANCH_c2-4e-0-4c0e8c</PassBranchId>
				<PassBranchId>BRANCH_c2-4e-0-4c0e7f</PassBranchId>
				<PassBranchId>BRANCH_c2-4e-0-4c0ef9</PassBranchId>
				<PassBranchId>BRANCH_c2-4e-0-4c0e70</PassBranchId>
				<PassBranchId>BRANCH_c2-4e-0-4c0d66</PassBranchId>
				<PassBranchId>BRANCH_c2-4e-0-4c0fe2</PassBranchId>
				<PassBranchId>BRANCH_c2-4e-0-4c0d5d</PassBranchId>
				<PassBranchId>BRANCH_c2-4e-0-4c0d57</PassBranchId>
				<EndBranchPosition id="BR_POS_638" branchId="BRANCH_c2-4e-0-4c0d5a" branchNodeId="BN_21404-188" offset="0"/>
			</BranchRoute>
		</WiringItem>
		<WiringItem xsi:type="Wire" id="WIRE_ce-c-0-2c92a7" name="CH212EVA" signalId="SIGNAL_2-36-0-3571" cableType="WIRE-2UKD-0.35" wireName="BU/OG" fromPinId="PIN_ce-18-0-20692e" toPinId="PIN_b5-18-0-55ef">
			<AppRef name="E3.Series" version="2.14.0.0" guid="11956300-c362-4939-8713-95c19f74c8f0"/>
			<Property id="PROPERTY_6371" name="WIRE_LENGTH" value="1920"/>
			<Property id="PROPERTY_6372" name="WIRE_END2_MATL" value="(SN)"/>
			<Property id="PROPERTY_6373" name="WIRE_CSA" value="0.35"/>
			<Property id="PROPERTY_6374" name="WIRE_MIN_BEND_RADIUS" value="3"/>
			<Property id="PROPERTY_6375" name="WIRE_OPTION" value="AC_G &amp; HJGAY"/>
			<Property id="PROPERTY_6376" name="WIRE_DEV_PIN_1" value="C2H101-EVBB:13"/>
			<Property id="PROPERTY_6377" name="WIRE_COLOR" value="BU/OG"/>
			<Property id="PROPERTY_6378" name="WIRE_SPEC" value="2UKD"/>
			<Property id="PROPERTY_6379" name="WIRE_END1_MATL" value="(SN)"/>
			<Property id="PROPERTY_6380" name="WIRE_LEVEL" value="ZA/ZB/ZC/ZF"/>
			<Property id="PROPERTY_6381" name="WIRE_END1_TERM" value="9U5T-14474-DB"/>
			<Property id="PROPERTY_6382" name="WIRE_DEV_PIN_2" value="C22-A1:18"/>
			<Property id="PROPERTY_6383" name="WIRE_NAME" value="CH212EVA"/>
			<Property id="PROPERTY_6384" name="WIRE_END2_TERM" value="8U5T-14474-BB"/>
			<Property id="PROPERTY_6385" name="WIRE_SIGNAL" value="CH212"/>
			<Property id="PROPERTY_6386" name="HRN_FAMILY" value="14401"/>
			<Property id="PROPERTY_6387" name="WIRE_FPN" value="WIRE-2UKD-0.35-BU/OG"/>
			<Property id="PROPERTY_6388" name="WIRE_DIA_MAX" value="1.2"/>
			<Option id="OPTION_ce-c-0-2c92a7_1" value="AC_G &amp; HJGAY"/>
			<BranchRoute id="BRR_188">
				<StartBranchPosition id="BR_POS_639" branchId="BRANCH_ff-4e-0-93e855" branchNodeId="BN_15376-136" offset="0"/>
				<PassBranchId>BRANCH_ff-4e-0-966b71</PassBranchId>
				<PassBranchId>BRANCH_ff-4e-0-93c7ce</PassBranchId>
				<PassBranchId>BRANCH_ff-4e-0-938110</PassBranchId>
				<PassBranchId>BRANCH_ff-4e-0-93810b</PassBranchId>
				<PassBranchId>BRANCH_ff-4e-0-936078</PassBranchId>
				<PassBranchId>BRANCH_c2-4e-0-4c10c3</PassBranchId>
				<PassBranchId>BRANCH_c2-4e-0-4c0ff9</PassBranchId>
				<PassBranchId>BRANCH_c2-4e-0-4c0f34</PassBranchId>
				<PassBranchId>BRANCH_c2-4e-0-4c0d05</PassBranchId>
				<PassBranchId>BRANCH_c2-4e-0-4c1076</PassBranchId>
				<PassBranchId>BRANCH_c2-4e-0-4c106f</PassBranchId>
				<PassBranchId>BRANCH_c2-4e-0-4c1075</PassBranchId>
				<PassBranchId>BRANCH_c2-4e-0-4c0de4</PassBranchId>
				<PassBranchId>BRANCH_1a-4e-0-18e01d0</PassBranchId>
				<PassBranchId>BRANCH_c2-4e-0-4c10c8</PassBranchId>
				<PassBranchId>BRANCH_eb-4e-0-678fca</PassBranchId>
				<PassBranchId>BRANCH_c2-4e-0-4c0e87</PassBranchId>
				<PassBranchId>BRANCH_c2-4e-0-4c0e8c</PassBranchId>
				<PassBranchId>BRANCH_c2-4e-0-4c0e7f</PassBranchId>
				<PassBranchId>BRANCH_c2-4e-0-4c0ef9</PassBranchId>
				<PassBranchId>BRANCH_c2-4e-0-4c0e70</PassBranchId>
				<PassBranchId>BRANCH_c2-4e-0-4c0d66</PassBranchId>
				<PassBranchId>BRANCH_c2-4e-0-4c0fe2</PassBranchId>
				<PassBranchId>BRANCH_c2-4e-0-4c0d5d</PassBranchId>
				<PassBranchId>BRANCH_c2-4e-0-4c0d57</PassBranchId>
				<EndBranchPosition id="BR_POS_640" branchId="BRANCH_c2-4e-0-4c0d5a" branchNodeId="BN_21404-188" offset="0"/>
			</BranchRoute>
		</WiringItem>
		<WiringItem xsi:type="Wire" id="WIRE_95-c-0-e6444" name="CH213A" signalId="SIGNAL_2-36-0-3572" cableType="WIRE-2UKD-0.35" wireName="BN/GN" fromPinId="PIN_f-18-0-f69a" toPinId="PIN_b5-18-0-55ee">
			<AppRef name="E3.Series" version="2.13.7.0" guid="8d71d710-f47f-4aa5-b8b3-b93b148c4870"/>
			<Property id="PROPERTY_6389" name="WIRE_LENGTH" value="1625"/>
			<Property id="PROPERTY_6390" name="WIRE_END2_MATL" value="(SN)"/>
			<Property id="PROPERTY_6391" name="WIRE_CSA" value="0.35"/>
			<Property id="PROPERTY_6392" name="WIRE_MIN_BEND_RADIUS" value="3"/>
			<Property id="PROPERTY_6393" name="WIRE_OPTION" value="AC_G &amp; ( HJGAJ | HJGAX )"/>
			<Property id="PROPERTY_6394" name="WIRE_DEV_PIN_1" value="C2H101-B:14"/>
			<Property id="PROPERTY_6395" name="WIRE_COLOR" value="BN/GN"/>
			<Property id="PROPERTY_6396" name="WIRE_SPEC" value="2UKD"/>
			<Property id="PROPERTY_6397" name="WIRE_END1_MATL" value="(SN)"/>
			<Property id="PROPERTY_6398" name="WIRE_LEVEL" value="(TACH-L0)/(KWINV)/(ACBRKR)/(CNSL-HI)/(A-STR)/AH/AK/AM/AP/VA/XM/ZD/ZH"/>
			<Property id="PROPERTY_6399" name="WIRE_END1_TERM" value="9U5T-14474-DB"/>
			<Property id="PROPERTY_6400" name="WIRE_DEV_PIN_2" value="C22-A1:17"/>
			<Property id="PROPERTY_6401" name="WIRE_NAME" value="CH213A"/>
			<Property id="PROPERTY_6402" name="WIRE_END2_TERM" value="8U5T-14474-BB"/>
			<Property id="PROPERTY_6403" name="WIRE_SIGNAL" value="CH213"/>
			<Property id="PROPERTY_6404" name="HRN_FAMILY" value="14401"/>
			<Property id="PROPERTY_6405" name="WIRE_FPN" value="WIRE-2UKD-0.35-BN/GN"/>
			<Property id="PROPERTY_6406" name="WIRE_DIA_MAX" value="1.2"/>
			<Option id="OPTION_95-c-0-e6444_1" value="AC_G &amp; ( HJGAJ | HJGAX )"/>
			<BranchRoute id="BRR_189">
				<StartBranchPosition id="BR_POS_641" branchId="BRANCH_c2-4e-0-4c0f3d" branchNodeId="BN_14728-219_961" offset="0"/>
				<PassBranchId>BRANCH_c2-4e-0-4c0f44</PassBranchId>
				<PassBranchId>BRANCH_c2-4e-0-4c10c3</PassBranchId>
				<PassBranchId>BRANCH_c2-4e-0-4c0ff9</PassBranchId>
				<PassBranchId>BRANCH_c2-4e-0-4c0f34</PassBranchId>
				<PassBranchId>BRANCH_c2-4e-0-4c0d05</PassBranchId>
				<PassBranchId>BRANCH_c2-4e-0-4c1076</PassBranchId>
				<PassBranchId>BRANCH_c2-4e-0-4c106f</PassBranchId>
				<PassBranchId>BRANCH_c2-4e-0-4c1075</PassBranchId>
				<PassBranchId>BRANCH_c2-4e-0-4c0de4</PassBranchId>
				<PassBranchId>BRANCH_1a-4e-0-18e01d0</PassBranchId>
				<PassBranchId>BRANCH_c2-4e-0-4c10c8</PassBranchId>
				<PassBranchId>BRANCH_eb-4e-0-678fca</PassBranchId>
				<PassBranchId>BRANCH_c2-4e-0-4c0e87</PassBranchId>
				<PassBranchId>BRANCH_c2-4e-0-4c0e8c</PassBranchId>
				<PassBranchId>BRANCH_c2-4e-0-4c0e7f</PassBranchId>
				<PassBranchId>BRANCH_c2-4e-0-4c0ef9</PassBranchId>
				<PassBranchId>BRANCH_c2-4e-0-4c0e70</PassBranchId>
				<PassBranchId>BRANCH_c2-4e-0-4c0d66</PassBranchId>
				<PassBranchId>BRANCH_c2-4e-0-4c0fe2</PassBranchId>
				<PassBranchId>BRANCH_c2-4e-0-4c0d5d</PassBranchId>
				<PassBranchId>BRANCH_c2-4e-0-4c0d57</PassBranchId>
				<EndBranchPosition id="BR_POS_642" branchId="BRANCH_c2-4e-0-4c0d5a" branchNodeId="BN_21404-188" offset="0"/>
			</BranchRoute>
		</WiringItem>
		<WiringItem xsi:type="Wire" id="WIRE_ce-c-0-2c92b7" name="CH213EVA" signalId="SIGNAL_2-36-0-3572" cableType="WIRE-2UKD-0.35" wireName="BN/GN" fromPinId="PIN_ce-18-0-206936" toPinId="PIN_b5-18-0-55ee">
			<AppRef name="E3.Series" version="2.14.0.0" guid="0f38de76-4a33-4577-a419-f826bd23873c"/>
			<Property id="PROPERTY_6407" name="WIRE_LENGTH" value="1920"/>
			<Property id="PROPERTY_6408" name="WIRE_END2_MATL" value="(SN)"/>
			<Property id="PROPERTY_6409" name="WIRE_CSA" value="0.35"/>
			<Property id="PROPERTY_6410" name="WIRE_MIN_BEND_RADIUS" value="3"/>
			<Property id="PROPERTY_6411" name="WIRE_OPTION" value="AC_G &amp; HJGAY"/>
			<Property id="PROPERTY_6412" name="WIRE_DEV_PIN_1" value="C2H101-EVBB:14"/>
			<Property id="PROPERTY_6413" name="WIRE_COLOR" value="BN/GN"/>
			<Property id="PROPERTY_6414" name="WIRE_SPEC" value="2UKD"/>
			<Property id="PROPERTY_6415" name="WIRE_END1_MATL" value="(SN)"/>
			<Property id="PROPERTY_6416" name="WIRE_LEVEL" value="ZA/ZB/ZC/ZF"/>
			<Property id="PROPERTY_6417" name="WIRE_END1_TERM" value="9U5T-14474-DB"/>
			<Property id="PROPERTY_6418" name="WIRE_DEV_PIN_2" value="C22-A1:17"/>
			<Property id="PROPERTY_6419" name="WIRE_NAME" value="CH213EVA"/>
			<Property id="PROPERTY_6420" name="WIRE_END2_TERM" value="8U5T-14474-BB"/>
			<Property id="PROPERTY_6421" name="WIRE_SIGNAL" value="CH213"/>
			<Property id="PROPERTY_6422" name="HRN_FAMILY" value="14401"/>
			<Property id="PROPERTY_6423" name="WIRE_FPN" value="WIRE-2UKD-0.35-BN/GN"/>
			<Property id="PROPERTY_6424" name="WIRE_DIA_MAX" value="1.2"/>
			<Option id="OPTION_ce-c-0-2c92b7_1" value="AC_G &amp; HJGAY"/>
			<BranchRoute id="BRR_190">
				<StartBranchPosition id="BR_POS_643" branchId="BRANCH_ff-4e-0-93e855" branchNodeId="BN_15376-136" offset="0"/>
				<PassBranchId>BRANCH_ff-4e-0-966b71</PassBranchId>
				<PassBranchId>BRANCH_ff-4e-0-93c7ce</PassBranchId>
				<PassBranchId>BRANCH_ff-4e-0-938110</PassBranchId>
				<PassBranchId>BRANCH_ff-4e-0-93810b</PassBranchId>
				<PassBranchId>BRANCH_ff-4e-0-936078</PassBranchId>
				<PassBranchId>BRANCH_c2-4e-0-4c10c3</PassBranchId>
				<PassBranchId>BRANCH_c2-4e-0-4c0ff9</PassBranchId>
				<PassBranchId>BRANCH_c2-4e-0-4c0f34</PassBranchId>
				<PassBranchId>BRANCH_c2-4e-0-4c0d05</PassBranchId>
				<PassBranchId>BRANCH_c2-4e-0-4c1076</PassBranchId>
				<PassBranchId>BRANCH_c2-4e-0-4c106f</PassBranchId>
				<PassBranchId>BRANCH_c2-4e-0-4c1075</PassBranchId>
				<PassBranchId>BRANCH_c2-4e-0-4c0de4</PassBranchId>
				<PassBranchId>BRANCH_1a-4e-0-18e01d0</PassBranchId>
				<PassBranchId>BRANCH_c2-4e-0-4c10c8</PassBranchId>
				<PassBranchId>BRANCH_eb-4e-0-678fca</PassBranchId>
				<PassBranchId>BRANCH_c2-4e-0-4c0e87</PassBranchId>
				<PassBranchId>BRANCH_c2-4e-0-4c0e8c</PassBranchId>
				<PassBranchId>BRANCH_c2-4e-0-4c0e7f</PassBranchId>
				<PassBranchId>BRANCH_c2-4e-0-4c0ef9</PassBranchId>
				<PassBranchId>BRANCH_c2-4e-0-4c0e70</PassBranchId>
				<PassBranchId>BRANCH_c2-4e-0-4c0d66</PassBranchId>
				<PassBranchId>BRANCH_c2-4e-0-4c0fe2</PassBranchId>
				<PassBranchId>BRANCH_c2-4e-0-4c0d5d</PassBranchId>
				<PassBranchId>BRANCH_c2-4e-0-4c0d57</PassBranchId>
				<EndBranchPosition id="BR_POS_644" branchId="BRANCH_c2-4e-0-4c0d5a" branchNodeId="BN_21404-188" offset="0"/>
			</BranchRoute>
		</WiringItem>
		<WiringItem xsi:type="Wire" id="WIRE_95-c-0-e58be" name="CH238A" signalId="SIGNAL_2-36-0-3588" cableType="WIRE-2UKD-0.35" wireName="YE/OG" fromPinId="PIN_f-18-0-f5f4" toPinId="PIN_b5-18-0-55e1">
			<AppRef name="E3.Series" version="2.13.7.0" guid="51b3743b-c265-4c7c-b652-0b1fd8fb9d5f"/>
			<Property id="PROPERTY_6425" name="WIRE_LENGTH" value="1670"/>
			<Property id="PROPERTY_6426" name="WIRE_END2_MATL" value="(SN)"/>
			<Property id="PROPERTY_6427" name="WIRE_CSA" value="0.35"/>
			<Property id="PROPERTY_6428" name="WIRE_MIN_BEND_RADIUS" value="3"/>
			<Property id="PROPERTY_6429" name="WIRE_OPTION" value="( AC_G | AC_B ) &amp; ( HJGAJ | HJGAX )"/>
			<Property id="PROPERTY_6430" name="WIRE_DEV_PIN_1" value="C2H101-A:9"/>
			<Property id="PROPERTY_6431" name="WIRE_COLOR" value="YE/OG"/>
			<Property id="PROPERTY_6432" name="WIRE_SPEC" value="2UKD"/>
			<Property id="PROPERTY_6433" name="WIRE_END1_MATL" value="(SN)"/>
			<Property id="PROPERTY_6434" name="WIRE_LEVEL" value="(D-CAM)/(C-SHF)/(KWINV)/VA/ZD/ZH"/>
			<Property id="PROPERTY_6435" name="WIRE_END1_TERM" value="9U5T-14474-DB"/>
			<Property id="PROPERTY_6436" name="WIRE_DEV_PIN_2" value="C22-A1:4"/>
			<Property id="PROPERTY_6437" name="WIRE_NAME" value="CH238A"/>
			<Property id="PROPERTY_6438" name="WIRE_END2_TERM" value="8U5T-14474-BB"/>
			<Property id="PROPERTY_6439" name="WIRE_SIGNAL" value="CH238"/>
			<Property id="PROPERTY_6440" name="HRN_FAMILY" value="14401"/>
			<Property id="PROPERTY_6441" name="WIRE_FPN" value="WIRE-2UKD-0.35-YE/OG"/>
			<Property id="PROPERTY_6442" name="WIRE_DIA_MAX" value="1.2"/>
			<Option id="OPTION_95-c-0-e58be_1" value="( AC_G | AC_B ) &amp; ( HJGAJ | HJGAX )"/>
			<BranchRoute id="BRR_191">
				<StartBranchPosition id="BR_POS_645" branchId="BRANCH_c2-4e-0-4c0f41" branchNodeId="BN_13944-224" offset="0"/>
				<PassBranchId>BRANCH_c2-4e-0-4c0f40</PassBranchId>
				<PassBranchId>BRANCH_c2-4e-0-4c10c3</PassBranchId>
				<PassBranchId>BRANCH_c2-4e-0-4c0ff9</PassBranchId>
				<PassBranchId>BRANCH_c2-4e-0-4c0f34</PassBranchId>
				<PassBranchId>BRANCH_c2-4e-0-4c0d05</PassBranchId>
				<PassBranchId>BRANCH_c2-4e-0-4c1076</PassBranchId>
				<PassBranchId>BRANCH_c2-4e-0-4c106f</PassBranchId>
				<PassBranchId>BRANCH_c2-4e-0-4c1075</PassBranchId>
				<PassBranchId>BRANCH_c2-4e-0-4c0de4</PassBranchId>
				<PassBranchId>BRANCH_1a-4e-0-18e01d0</PassBranchId>
				<PassBranchId>BRANCH_c2-4e-0-4c10c8</PassBranchId>
				<PassBranchId>BRANCH_eb-4e-0-678fca</PassBranchId>
				<PassBranchId>BRANCH_c2-4e-0-4c0e87</PassBranchId>
				<PassBranchId>BRANCH_c2-4e-0-4c0e8c</PassBranchId>
				<PassBranchId>BRANCH_c2-4e-0-4c0e7f</PassBranchId>
				<PassBranchId>BRANCH_c2-4e-0-4c0ef9</PassBranchId>
				<PassBranchId>BRANCH_c2-4e-0-4c0e70</PassBranchId>
				<PassBranchId>BRANCH_c2-4e-0-4c0d66</PassBranchId>
				<PassBranchId>BRANCH_c2-4e-0-4c0fe2</PassBranchId>
				<PassBranchId>BRANCH_c2-4e-0-4c0d5d</PassBranchId>
				<PassBranchId>BRANCH_c2-4e-0-4c0d57</PassBranchId>
				<EndBranchPosition id="BR_POS_646" branchId="BRANCH_c2-4e-0-4c0d5a" branchNodeId="BN_21404-188" offset="0"/>
			</BranchRoute>
		</WiringItem>
		<WiringItem xsi:type="Wire" id="WIRE_ce-c-0-2c9203" name="CH238EVA" signalId="SIGNAL_2-36-0-3588" cableType="WIRE-2UKD-0.35" wireName="YE/OG" fromPinId="PIN_ce-18-0-206837" toPinId="PIN_b5-18-0-55e1">
			<AppRef name="E3.Series" version="2.14.0.0" guid="6ca83fe1-6eeb-4e73-9e09-187923f2bac1"/>
			<Property id="PROPERTY_6443" name="WIRE_LENGTH" value="1955"/>
			<Property id="PROPERTY_6444" name="WIRE_END2_MATL" value="(SN)"/>
			<Property id="PROPERTY_6445" name="WIRE_CSA" value="0.35"/>
			<Property id="PROPERTY_6446" name="WIRE_MIN_BEND_RADIUS" value="3"/>
			<Property id="PROPERTY_6447" name="WIRE_OPTION" value="AC_G &amp; HJGAY"/>
			<Property id="PROPERTY_6448" name="WIRE_DEV_PIN_1" value="C2H101-EVBA:9"/>
			<Property id="PROPERTY_6449" name="WIRE_COLOR" value="YE/OG"/>
			<Property id="PROPERTY_6450" name="WIRE_SPEC" value="2UKD"/>
			<Property id="PROPERTY_6451" name="WIRE_END1_MATL" value="(SN)"/>
			<Property id="PROPERTY_6452" name="WIRE_LEVEL" value="ZA/ZB/ZC/ZF"/>
			<Property id="PROPERTY_6453" name="WIRE_END1_TERM" value="9U5T-14474-DB"/>
			<Property id="PROPERTY_6454" name="WIRE_DEV_PIN_2" value="C22-A1:4"/>
			<Property id="PROPERTY_6455" name="WIRE_NAME" value="CH238EVA"/>
			<Property id="PROPERTY_6456" name="WIRE_END2_TERM" value="8U5T-14474-BB"/>
			<Property id="PROPERTY_6457" name="WIRE_SIGNAL" value="CH238"/>
			<Property id="PROPERTY_6458" name="HRN_FAMILY" value="14401"/>
			<Property id="PROPERTY_6459" name="WIRE_FPN" value="WIRE-2UKD-0.35-YE/OG"/>
			<Property id="PROPERTY_6460" name="WIRE_DIA_MAX" value="1.2"/>
			<Option id="OPTION_ce-c-0-2c9203_1" value="AC_G &amp; HJGAY"/>
			<BranchRoute id="BRR_192">
				<StartBranchPosition id="BR_POS_647" branchId="BRANCH_ff-4e-0-938412" branchNodeId="BN_15124-272" offset="0"/>
				<PassBranchId>BRANCH_ff-4e-0-959c9b</PassBranchId>
				<PassBranchId>BRANCH_35-4e-0-32eeb3</PassBranchId>
				<PassBranchId>BRANCH_ff-4e-0-942c78</PassBranchId>
				<PassBranchId>BRANCH_ff-4e-0-938110</PassBranchId>
				<PassBranchId>BRANCH_ff-4e-0-93810b</PassBranchId>
				<PassBranchId>BRANCH_ff-4e-0-936078</PassBranchId>
				<PassBranchId>BRANCH_c2-4e-0-4c10c3</PassBranchId>
				<PassBranchId>BRANCH_c2-4e-0-4c0ff9</PassBranchId>
				<PassBranchId>BRANCH_c2-4e-0-4c0f34</PassBranchId>
				<PassBranchId>BRANCH_c2-4e-0-4c0d05</PassBranchId>
				<PassBranchId>BRANCH_c2-4e-0-4c1076</PassBranchId>
				<PassBranchId>BRANCH_c2-4e-0-4c106f</PassBranchId>
				<PassBranchId>BRANCH_c2-4e-0-4c1075</PassBranchId>
				<PassBranchId>BRANCH_c2-4e-0-4c0de4</PassBranchId>
				<PassBranchId>BRANCH_1a-4e-0-18e01d0</PassBranchId>
				<PassBranchId>BRANCH_c2-4e-0-4c10c8</PassBranchId>
				<PassBranchId>BRANCH_eb-4e-0-678fca</PassBranchId>
				<PassBranchId>BRANCH_c2-4e-0-4c0e87</PassBranchId>
				<PassBranchId>BRANCH_c2-4e-0-4c0e8c</PassBranchId>
				<PassBranchId>BRANCH_c2-4e-0-4c0e7f</PassBranchId>
				<PassBranchId>BRANCH_c2-4e-0-4c0ef9</PassBranchId>
				<PassBranchId>BRANCH_c2-4e-0-4c0e70</PassBranchId>
				<PassBranchId>BRANCH_c2-4e-0-4c0d66</PassBranchId>
				<PassBranchId>BRANCH_c2-4e-0-4c0fe2</PassBranchId>
				<PassBranchId>BRANCH_c2-4e-0-4c0d5d</PassBranchId>
				<PassBranchId>BRANCH_c2-4e-0-4c0d57</PassBranchId>
				<EndBranchPosition id="BR_POS_648" branchId="BRANCH_c2-4e-0-4c0d5a" branchNodeId="BN_21404-188" offset="0"/>
			</BranchRoute>
		</WiringItem>
		<WiringItem xsi:type="Wire" id="WIRE_95-c-0-e57e6" name="CH239A" signalId="SIGNAL_2-36-0-3589" cableType="WIRE-2UKD-0.35" wireName="BU/WH" fromPinId="PIN_f-18-0-f5f0" toPinId="PIN_b5-18-0-55e0">
			<AppRef name="E3.Series" version="2.13.7.0" guid="932d8809-bd71-4bc9-a051-ed878463f034"/>
			<Property id="PROPERTY_6461" name="WIRE_LENGTH" value="1670"/>
			<Property id="PROPERTY_6462" name="WIRE_END2_MATL" value="(SN)"/>
			<Property id="PROPERTY_6463" name="WIRE_CSA" value="0.35"/>
			<Property id="PROPERTY_6464" name="WIRE_MIN_BEND_RADIUS" value="3"/>
			<Property id="PROPERTY_6465" name="WIRE_OPTION" value="( AC_G | AC_B ) &amp; ( HJGAJ | HJGAX )"/>
			<Property id="PROPERTY_6466" name="WIRE_DEV_PIN_1" value="C2H101-A:8"/>
			<Property id="PROPERTY_6467" name="WIRE_COLOR" value="BU/WH"/>
			<Property id="PROPERTY_6468" name="WIRE_SPEC" value="2UKD"/>
			<Property id="PROPERTY_6469" name="WIRE_END1_MATL" value="(SN)"/>
			<Property id="PROPERTY_6470" name="WIRE_LEVEL" value="(D-CAM)/(C-SHF)/(KWINV)/VA/ZD/ZH"/>
			<Property id="PROPERTY_6471" name="WIRE_END1_TERM" value="9U5T-14474-DB"/>
			<Property id="PROPERTY_6472" name="WIRE_DEV_PIN_2" value="C22-A1:3"/>
			<Property id="PROPERTY_6473" name="WIRE_NAME" value="CH239A"/>
			<Property id="PROPERTY_6474" name="WIRE_END2_TERM" value="8U5T-14474-BB"/>
			<Property id="PROPERTY_6475" name="WIRE_SIGNAL" value="CH239"/>
			<Property id="PROPERTY_6476" name="HRN_FAMILY" value="14401"/>
			<Property id="PROPERTY_6477" name="WIRE_FPN" value="WIRE-2UKD-0.35-BU/WH"/>
			<Property id="PROPERTY_6478" name="WIRE_DIA_MAX" value="1.2"/>
			<Option id="OPTION_95-c-0-e57e6_1" value="( AC_G | AC_B ) &amp; ( HJGAJ | HJGAX )"/>
			<BranchRoute id="BRR_193">
				<StartBranchPosition id="BR_POS_649" branchId="BRANCH_c2-4e-0-4c0f41" branchNodeId="BN_13944-224" offset="0"/>
				<PassBranchId>BRANCH_c2-4e-0-4c0f40</PassBranchId>
				<PassBranchId>BRANCH_c2-4e-0-4c10c3</PassBranchId>
				<PassBranchId>BRANCH_c2-4e-0-4c0ff9</PassBranchId>
				<PassBranchId>BRANCH_c2-4e-0-4c0f34</PassBranchId>
				<PassBranchId>BRANCH_c2-4e-0-4c0d05</PassBranchId>
				<PassBranchId>BRANCH_c2-4e-0-4c1076</PassBranchId>
				<PassBranchId>BRANCH_c2-4e-0-4c106f</PassBranchId>
				<PassBranchId>BRANCH_c2-4e-0-4c1075</PassBranchId>
				<PassBranchId>BRANCH_c2-4e-0-4c0de4</PassBranchId>
				<PassBranchId>BRANCH_1a-4e-0-18e01d0</PassBranchId>
				<PassBranchId>BRANCH_c2-4e-0-4c10c8</PassBranchId>
				<PassBranchId>BRANCH_eb-4e-0-678fca</PassBranchId>
				<PassBranchId>BRANCH_c2-4e-0-4c0e87</PassBranchId>
				<PassBranchId>BRANCH_c2-4e-0-4c0e8c</PassBranchId>
				<PassBranchId>BRANCH_c2-4e-0-4c0e7f</PassBranchId>
				<PassBranchId>BRANCH_c2-4e-0-4c0ef9</PassBranchId>
				<PassBranchId>BRANCH_c2-4e-0-4c0e70</PassBranchId>
				<PassBranchId>BRANCH_c2-4e-0-4c0d66</PassBranchId>
				<PassBranchId>BRANCH_c2-4e-0-4c0fe2</PassBranchId>
				<PassBranchId>BRANCH_c2-4e-0-4c0d5d</PassBranchId>
				<PassBranchId>BRANCH_c2-4e-0-4c0d57</PassBranchId>
				<EndBranchPosition id="BR_POS_650" branchId="BRANCH_c2-4e-0-4c0d5a" branchNodeId="BN_21404-188" offset="0"/>
			</BranchRoute>
		</WiringItem>
		<WiringItem xsi:type="Wire" id="WIRE_ce-c-0-2c91f2" name="CH239EVA" signalId="SIGNAL_2-36-0-3589" cableType="WIRE-2UKD-0.35" wireName="BU/WH" fromPinId="PIN_ce-18-0-20682f" toPinId="PIN_b5-18-0-55e0">
			<AppRef name="E3.Series" version="2.14.0.0" guid="c71dae84-cedf-4410-86cd-97a36742c3c0"/>
			<Property id="PROPERTY_6479" name="WIRE_LENGTH" value="1955"/>
			<Property id="PROPERTY_6480" name="WIRE_END2_MATL" value="(SN)"/>
			<Property id="PROPERTY_6481" name="WIRE_CSA" value="0.35"/>
			<Property id="PROPERTY_6482" name="WIRE_MIN_BEND_RADIUS" value="3"/>
			<Property id="PROPERTY_6483" name="WIRE_OPTION" value="AC_G &amp; HJGAY"/>
			<Property id="PROPERTY_6484" name="WIRE_DEV_PIN_1" value="C2H101-EVBA:8"/>
			<Property id="PROPERTY_6485" name="WIRE_COLOR" value="BU/WH"/>
			<Property id="PROPERTY_6486" name="WIRE_SPEC" value="2UKD"/>
			<Property id="PROPERTY_6487" name="WIRE_END1_MATL" value="(SN)"/>
			<Property id="PROPERTY_6488" name="WIRE_LEVEL" value="ZA/ZB/ZC/ZF"/>
			<Property id="PROPERTY_6489" name="WIRE_END1_TERM" value="9U5T-14474-DB"/>
			<Property id="PROPERTY_6490" name="WIRE_DEV_PIN_2" value="C22-A1:3"/>
			<Property id="PROPERTY_6491" name="WIRE_NAME" value="CH239EVA"/>
			<Property id="PROPERTY_6492" name="WIRE_END2_TERM" value="8U5T-14474-BB"/>
			<Property id="PROPERTY_6493" name="WIRE_SIGNAL" value="CH239"/>
			<Property id="PROPERTY_6494" name="HRN_FAMILY" value="14401"/>
			<Property id="PROPERTY_6495" name="WIRE_FPN" value="WIRE-2UKD-0.35-BU/WH"/>
			<Property id="PROPERTY_6496" name="WIRE_DIA_MAX" value="1.2"/>
			<Option id="OPTION_ce-c-0-2c91f2_1" value="AC_G &amp; HJGAY"/>
			<BranchRoute id="BRR_194">
				<StartBranchPosition id="BR_POS_651" branchId="BRANCH_ff-4e-0-938412" branchNodeId="BN_15124-272" offset="0"/>
				<PassBranchId>BRANCH_ff-4e-0-959c9b</PassBranchId>
				<PassBranchId>BRANCH_35-4e-0-32eeb3</PassBranchId>
				<PassBranchId>BRANCH_ff-4e-0-942c78</PassBranchId>
				<PassBranchId>BRANCH_ff-4e-0-938110</PassBranchId>
				<PassBranchId>BRANCH_ff-4e-0-93810b</PassBranchId>
				<PassBranchId>BRANCH_ff-4e-0-936078</PassBranchId>
				<PassBranchId>BRANCH_c2-4e-0-4c10c3</PassBranchId>
				<PassBranchId>BRANCH_c2-4e-0-4c0ff9</PassBranchId>
				<PassBranchId>BRANCH_c2-4e-0-4c0f34</PassBranchId>
				<PassBranchId>BRANCH_c2-4e-0-4c0d05</PassBranchId>
				<PassBranchId>BRANCH_c2-4e-0-4c1076</PassBranchId>
				<PassBranchId>BRANCH_c2-4e-0-4c106f</PassBranchId>
				<PassBranchId>BRANCH_c2-4e-0-4c1075</PassBranchId>
				<PassBranchId>BRANCH_c2-4e-0-4c0de4</PassBranchId>
				<PassBranchId>BRANCH_1a-4e-0-18e01d0</PassBranchId>
				<PassBranchId>BRANCH_c2-4e-0-4c10c8</PassBranchId>
				<PassBranchId>BRANCH_eb-4e-0-678fca</PassBranchId>
				<PassBranchId>BRANCH_c2-4e-0-4c0e87</PassBranchId>
				<PassBranchId>BRANCH_c2-4e-0-4c0e8c</PassBranchId>
				<PassBranchId>BRANCH_c2-4e-0-4c0e7f</PassBranchId>
				<PassBranchId>BRANCH_c2-4e-0-4c0ef9</PassBranchId>
				<PassBranchId>BRANCH_c2-4e-0-4c0e70</PassBranchId>
				<PassBranchId>BRANCH_c2-4e-0-4c0d66</PassBranchId>
				<PassBranchId>BRANCH_c2-4e-0-4c0fe2</PassBranchId>
				<PassBranchId>BRANCH_c2-4e-0-4c0d5d</PassBranchId>
				<PassBranchId>BRANCH_c2-4e-0-4c0d57</PassBranchId>
				<EndBranchPosition id="BR_POS_652" branchId="BRANCH_c2-4e-0-4c0d5a" branchNodeId="BN_21404-188" offset="0"/>
			</BranchRoute>
		</WiringItem>
		<WiringItem xsi:type="Wire" id="WIRE_63-c-0-1eff53" name="CH253AB" signalId="SIGNAL_2-36-0-3703" cableType="WIRE-2UKD-0.35" wireName="WH/BN" fromPinId="PIN_93-18-0-2cc6f4" toPinId="PIN_f-18-0-f594">
			<AppRef name="E3.Series" version="2.13.7.0" guid="e8a488c6-7d02-4f1c-b5fd-c92ec46e1f9b"/>
			<Property id="PROPERTY_6497" name="WIRE_LENGTH" value="870"/>
			<Property id="PROPERTY_6498" name="WIRE_END2_MATL" value="(SN)"/>
			<Property id="PROPERTY_6499" name="WIRE_CSA" value="0.35"/>
			<Property id="PROPERTY_6500" name="WIRE_MIN_BEND_RADIUS" value="3"/>
			<Property id="PROPERTY_6501" name="WIRE_OPTION" value="HJGAJ | HJGAX"/>
			<Property id="PROPERTY_6502" name="WIRE_DEV_PIN_1" value="C22-SW1:24"/>
			<Property id="PROPERTY_6503" name="WIRE_COLOR" value="WH/BN"/>
			<Property id="PROPERTY_6504" name="WIRE_SPEC" value="2UKD"/>
			<Property id="PROPERTY_6505" name="WIRE_END1_MATL" value="(SN)"/>
			<Property id="PROPERTY_6506" name="WIRE_LEVEL" value="(D-CAM)/(C-SHF)/(KWINV)/VA/ZD/ZH"/>
			<Property id="PROPERTY_6507" name="WIRE_END1_TERM" value="DU5T-14421-FA"/>
			<Property id="PROPERTY_6508" name="WIRE_DEV_PIN_2" value="C2H101-A:5"/>
			<Property id="PROPERTY_6509" name="WIRE_NAME" value="CH253AB"/>
			<Property id="PROPERTY_6510" name="WIRE_END2_TERM" value="9U5T-14474-DB"/>
			<Property id="PROPERTY_6511" name="WIRE_SIGNAL" value="CMF11"/>
			<Property id="PROPERTY_6512" name="HRN_FAMILY" value="14401"/>
			<Property id="PROPERTY_6513" name="WIRE_FPN" value="WIRE-2UKD-0.35-WH/BN"/>
			<Property id="PROPERTY_6514" name="WIRE_DIA_MAX" value="1.2"/>
			<Option id="OPTION_63-c-0-1eff53_1" value="HJGAJ | HJGAX"/>
			<BranchRoute id="BRR_195">
				<StartBranchPosition id="BR_POS_653" branchId="BRANCH_c2-4e-0-4c0f41" branchNodeId="BN_13944-224" offset="0"/>
				<PassBranchId>BRANCH_c2-4e-0-4c0f40</PassBranchId>
				<PassBranchId>BRANCH_c2-4e-0-4c10c3</PassBranchId>
				<PassBranchId>BRANCH_c2-4e-0-4c0ff9</PassBranchId>
				<PassBranchId>BRANCH_c2-4e-0-4c0f34</PassBranchId>
				<PassBranchId>BRANCH_c2-4e-0-4c0d05</PassBranchId>
				<PassBranchId>BRANCH_c2-4e-0-4c1076</PassBranchId>
				<PassBranchId>BRANCH_c2-4e-0-4c106f</PassBranchId>
				<PassBranchId>BRANCH_c2-4e-0-4c1075</PassBranchId>
				<PassBranchId>BRANCH_c2-4e-0-4c1068</PassBranchId>
				<PassBranchId>BRANCH_c2-4e-0-4c0df7</PassBranchId>
				<EndBranchPosition id="BR_POS_654" branchId="BRANCH_c2-4e-0-4c0f0b" branchNodeId="BN_20576-224" offset="0"/>
			</BranchRoute>
		</WiringItem>
		<WiringItem xsi:type="Wire" id="WIRE_df-c-0-50be53" name="CH260EVA" signalId="SIGNAL_42-36-0-18a6199" cableType="WIRE-2UKD-0.35" wireName="BN/BU" fromPinId="PIN_b5-18-0-55e8" toPinId="PIN_f-18-0-f697">
			<AppRef name="E3.Series" version="2.14.0.0" guid="ed833f35-6b3c-406c-aac5-1177676419a3"/>
			<Property id="PROPERTY_6515" name="WIRE_LENGTH" value="1625"/>
			<Property id="PROPERTY_6516" name="WIRE_END2_MATL" value="(SN)"/>
			<Property id="PROPERTY_6517" name="WIRE_CSA" value="0.35"/>
			<Property id="PROPERTY_6518" name="WIRE_MIN_BEND_RADIUS" value="3"/>
			<Property id="PROPERTY_6519" name="WIRE_OPTION" value="HT2AC &amp; HJGAX"/>
			<Property id="PROPERTY_6520" name="WIRE_DEV_PIN_1" value="C22-A1:11"/>
			<Property id="PROPERTY_6521" name="WIRE_COLOR" value="BN/BU"/>
			<Property id="PROPERTY_6522" name="WIRE_SPEC" value="2UKD"/>
			<Property id="PROPERTY_6523" name="WIRE_END1_MATL" value="(SN)"/>
			<Property id="PROPERTY_6524" name="WIRE_LEVEL" value="ZD/ZE/ZG/ZH"/>
			<Property id="PROPERTY_6525" name="WIRE_END1_TERM" value="BU5T-14474-UA"/>
			<Property id="PROPERTY_6526" name="WIRE_DEV_PIN_2" value="C2H101-B:7"/>
			<Property id="PROPERTY_6527" name="WIRE_NAME" value="CH260EVA"/>
			<Property id="PROPERTY_6528" name="WIRE_END2_TERM" value="9U5T-14474-DB"/>
			<Property id="PROPERTY_6529" name="WIRE_SIGNAL" value="CH260"/>
			<Property id="PROPERTY_6530" name="HRN_FAMILY" value="14401"/>
			<Property id="PROPERTY_6531" name="WIRE_FPN" value="WIRE-2UKD-0.35-BN/BU"/>
			<Property id="PROPERTY_6532" name="WIRE_DIA_MAX" value="1.2"/>
			<Option id="OPTION_df-c-0-50be53_1" value="HT2AC &amp; HJGAX"/>
			<BranchRoute id="BRR_196">
				<StartBranchPosition id="BR_POS_655" branchId="BRANCH_c2-4e-0-4c0f3d" branchNodeId="BN_14728-219_961" offset="0"/>
				<PassBranchId>BRANCH_c2-4e-0-4c0f44</PassBranchId>
				<PassBranchId>BRANCH_c2-4e-0-4c10c3</PassBranchId>
				<PassBranchId>BRANCH_c2-4e-0-4c0ff9</PassBranchId>
				<PassBranchId>BRANCH_c2-4e-0-4c0f34</PassBranchId>
				<PassBranchId>BRANCH_c2-4e-0-4c0d05</PassBranchId>
				<PassBranchId>BRANCH_c2-4e-0-4c1076</PassBranchId>
				<PassBranchId>BRANCH_c2-4e-0-4c106f</PassBranchId>
				<PassBranchId>BRANCH_c2-4e-0-4c1075</PassBranchId>
				<PassBranchId>BRANCH_c2-4e-0-4c0de4</PassBranchId>
				<PassBranchId>BRANCH_1a-4e-0-18e01d0</PassBranchId>
				<PassBranchId>BRANCH_c2-4e-0-4c10c8</PassBranchId>
				<PassBranchId>BRANCH_eb-4e-0-678fca</PassBranchId>
				<PassBranchId>BRANCH_c2-4e-0-4c0e87</PassBranchId>
				<PassBranchId>BRANCH_c2-4e-0-4c0e8c</PassBranchId>
				<PassBranchId>BRANCH_c2-4e-0-4c0e7f</PassBranchId>
				<PassBranchId>BRANCH_c2-4e-0-4c0ef9</PassBranchId>
				<PassBranchId>BRANCH_c2-4e-0-4c0e70</PassBranchId>
				<PassBranchId>BRANCH_c2-4e-0-4c0d66</PassBranchId>
				<PassBranchId>BRANCH_c2-4e-0-4c0fe2</PassBranchId>
				<PassBranchId>BRANCH_c2-4e-0-4c0d5d</PassBranchId>
				<PassBranchId>BRANCH_c2-4e-0-4c0d57</PassBranchId>
				<EndBranchPosition id="BR_POS_656" branchId="BRANCH_c2-4e-0-4c0d5a" branchNodeId="BN_21404-188" offset="0"/>
			</BranchRoute>
		</WiringItem>
		<WiringItem xsi:type="Wire" id="WIRE_ce-c-0-2c9285" name="CH260EVC" signalId="SIGNAL_42-36-0-18a6199" cableType="WIRE-2UKD-0.35" wireName="BN/BU" fromPinId="PIN_b5-18-0-55e8" toPinId="PIN_ce-18-0-2068bf">
			<AppRef name="E3.Series" version="2.14.0.0" guid="acce9fd3-2f0a-4a4b-a182-12c71f9359a2"/>
			<Property id="PROPERTY_6533" name="WIRE_LENGTH" value="1955"/>
			<Property id="PROPERTY_6534" name="WIRE_END2_MATL" value="(SN)"/>
			<Property id="PROPERTY_6535" name="WIRE_CSA" value="0.35"/>
			<Property id="PROPERTY_6536" name="WIRE_MIN_BEND_RADIUS" value="3"/>
			<Property id="PROPERTY_6537" name="WIRE_OPTION" value="AC_G &amp; HJGAY"/>
			<Property id="PROPERTY_6538" name="WIRE_DEV_PIN_1" value="C22-A1:11"/>
			<Property id="PROPERTY_6539" name="WIRE_COLOR" value="BN/BU"/>
			<Property id="PROPERTY_6540" name="WIRE_SPEC" value="2UKD"/>
			<Property id="PROPERTY_6541" name="WIRE_END1_MATL" value="(SN)"/>
			<Property id="PROPERTY_6542" name="WIRE_LEVEL" value="ZA/ZB/ZC/ZF"/>
			<Property id="PROPERTY_6543" name="WIRE_END1_TERM" value="BU5T-14474-UA"/>
			<Property id="PROPERTY_6544" name="WIRE_DEV_PIN_2" value="C2H101-EVBA:30"/>
			<Property id="PROPERTY_6545" name="WIRE_NAME" value="CH260EVC"/>
			<Property id="PROPERTY_6546" name="WIRE_END2_TERM" value="9U5T-14474-DB"/>
			<Property id="PROPERTY_6547" name="WIRE_SIGNAL" value="CH260"/>
			<Property id="PROPERTY_6548" name="HRN_FAMILY" value="14401"/>
			<Property id="PROPERTY_6549" name="WIRE_FPN" value="WIRE-2UKD-0.35-BN/BU"/>
			<Property id="PROPERTY_6550" name="WIRE_DIA_MAX" value="1.2"/>
			<Option id="OPTION_ce-c-0-2c9285_1" value="AC_G &amp; HJGAY"/>
			<BranchRoute id="BRR_197">
				<StartBranchPosition id="BR_POS_657" branchId="BRANCH_ff-4e-0-938412" branchNodeId="BN_15124-272" offset="0"/>
				<PassBranchId>BRANCH_ff-4e-0-959c9b</PassBranchId>
				<PassBranchId>BRANCH_35-4e-0-32eeb3</PassBranchId>
				<PassBranchId>BRANCH_ff-4e-0-942c78</PassBranchId>
				<PassBranchId>BRANCH_ff-4e-0-938110</PassBranchId>
				<PassBranchId>BRANCH_ff-4e-0-93810b</PassBranchId>
				<PassBranchId>BRANCH_ff-4e-0-936078</PassBranchId>
				<PassBranchId>BRANCH_c2-4e-0-4c10c3</PassBranchId>
				<PassBranchId>BRANCH_c2-4e-0-4c0ff9</PassBranchId>
				<PassBranchId>BRANCH_c2-4e-0-4c0f34</PassBranchId>
				<PassBranchId>BRANCH_c2-4e-0-4c0d05</PassBranchId>
				<PassBranchId>BRANCH_c2-4e-0-4c1076</PassBranchId>
				<PassBranchId>BRANCH_c2-4e-0-4c106f</PassBranchId>
				<PassBranchId>BRANCH_c2-4e-0-4c1075</PassBranchId>
				<PassBranchId>BRANCH_c2-4e-0-4c0de4</PassBranchId>
				<PassBranchId>BRANCH_1a-4e-0-18e01d0</PassBranchId>
				<PassBranchId>BRANCH_c2-4e-0-4c10c8</PassBranchId>
				<PassBranchId>BRANCH_eb-4e-0-678fca</PassBranchId>
				<PassBranchId>BRANCH_c2-4e-0-4c0e87</PassBranchId>
				<PassBranchId>BRANCH_c2-4e-0-4c0e8c</PassBranchId>
				<PassBranchId>BRANCH_c2-4e-0-4c0e7f</PassBranchId>
				<PassBranchId>BRANCH_c2-4e-0-4c0ef9</PassBranchId>
				<PassBranchId>BRANCH_c2-4e-0-4c0e70</PassBranchId>
				<PassBranchId>BRANCH_c2-4e-0-4c0d66</PassBranchId>
				<PassBranchId>BRANCH_c2-4e-0-4c0fe2</PassBranchId>
				<PassBranchId>BRANCH_c2-4e-0-4c0d5d</PassBranchId>
				<PassBranchId>BRANCH_c2-4e-0-4c0d57</PassBranchId>
				<EndBranchPosition id="BR_POS_658" branchId="BRANCH_c2-4e-0-4c0d5a" branchNodeId="BN_21404-188" offset="0"/>
			</BranchRoute>
		</WiringItem>
		<WiringItem xsi:type="Wire" id="WIRE_df-c-0-50be64" name="CH261EVA" signalId="SIGNAL_42-36-0-18a61a5" cableType="WIRE-2UKD-0.35" wireName="GN/WH" fromPinId="PIN_b5-18-0-55f2" toPinId="PIN_f-18-0-f659">
			<AppRef name="E3.Series" version="2.14.0.0" guid="bb4ff0a1-c2e6-4c93-96cc-1e49be9508ff"/>
			<Property id="PROPERTY_6551" name="WIRE_LENGTH" value="1625"/>
			<Property id="PROPERTY_6552" name="WIRE_END2_MATL" value="(SN)"/>
			<Property id="PROPERTY_6553" name="WIRE_CSA" value="0.35"/>
			<Property id="PROPERTY_6554" name="WIRE_MIN_BEND_RADIUS" value="3"/>
			<Property id="PROPERTY_6555" name="WIRE_OPTION" value="HT2AC &amp; HJGAX"/>
			<Property id="PROPERTY_6556" name="WIRE_DEV_PIN_1" value="C22-A1:21"/>
			<Property id="PROPERTY_6557" name="WIRE_COLOR" value="GN/WH"/>
			<Property id="PROPERTY_6558" name="WIRE_SPEC" value="2UKD"/>
			<Property id="PROPERTY_6559" name="WIRE_END1_MATL" value="(SN)"/>
			<Property id="PROPERTY_6560" name="WIRE_LEVEL" value="ZD/ZE/ZG/ZH"/>
			<Property id="PROPERTY_6561" name="WIRE_END1_TERM" value="EU5T-14474-BAA"/>
			<Property id="PROPERTY_6562" name="WIRE_DEV_PIN_2" value="C2H101-B:6"/>
			<Property id="PROPERTY_6563" name="WIRE_NAME" value="CH261EVA"/>
			<Property id="PROPERTY_6564" name="WIRE_END2_TERM" value="9U5T-14474-DB"/>
			<Property id="PROPERTY_6565" name="WIRE_SIGNAL" value="CH261"/>
			<Property id="PROPERTY_6566" name="HRN_FAMILY" value="14401"/>
			<Property id="PROPERTY_6567" name="WIRE_FPN" value="WIRE-2UKD-0.35-GN/WH"/>
			<Property id="PROPERTY_6568" name="WIRE_DIA_MAX" value="1.2"/>
			<Option id="OPTION_df-c-0-50be64_1" value="HT2AC &amp; HJGAX"/>
			<BranchRoute id="BRR_198">
				<StartBranchPosition id="BR_POS_659" branchId="BRANCH_c2-4e-0-4c0f3d" branchNodeId="BN_14728-219_961" offset="0"/>
				<PassBranchId>BRANCH_c2-4e-0-4c0f44</PassBranchId>
				<PassBranchId>BRANCH_c2-4e-0-4c10c3</PassBranchId>
				<PassBranchId>BRANCH_c2-4e-0-4c0ff9</PassBranchId>
				<PassBranchId>BRANCH_c2-4e-0-4c0f34</PassBranchId>
				<PassBranchId>BRANCH_c2-4e-0-4c0d05</PassBranchId>
				<PassBranchId>BRANCH_c2-4e-0-4c1076</PassBranchId>
				<PassBranchId>BRANCH_c2-4e-0-4c106f</PassBranchId>
				<PassBranchId>BRANCH_c2-4e-0-4c1075</PassBranchId>
				<PassBranchId>BRANCH_c2-4e-0-4c0de4</PassBranchId>
				<PassBranchId>BRANCH_1a-4e-0-18e01d0</PassBranchId>
				<PassBranchId>BRANCH_c2-4e-0-4c10c8</PassBranchId>
				<PassBranchId>BRANCH_eb-4e-0-678fca</PassBranchId>
				<PassBranchId>BRANCH_c2-4e-0-4c0e87</PassBranchId>
				<PassBranchId>BRANCH_c2-4e-0-4c0e8c</PassBranchId>
				<PassBranchId>BRANCH_c2-4e-0-4c0e7f</PassBranchId>
				<PassBranchId>BRANCH_c2-4e-0-4c0ef9</PassBranchId>
				<PassBranchId>BRANCH_c2-4e-0-4c0e70</PassBranchId>
				<PassBranchId>BRANCH_c2-4e-0-4c0d66</PassBranchId>
				<PassBranchId>BRANCH_c2-4e-0-4c0fe2</PassBranchId>
				<PassBranchId>BRANCH_c2-4e-0-4c0d5d</PassBranchId>
				<PassBranchId>BRANCH_c2-4e-0-4c0d57</PassBranchId>
				<EndBranchPosition id="BR_POS_660" branchId="BRANCH_c2-4e-0-4c0d5a" branchNodeId="BN_21404-188" offset="0"/>
			</BranchRoute>
		</WiringItem>
		<WiringItem xsi:type="Wire" id="WIRE_ce-c-0-2cacd2" name="CH261EVC" signalId="SIGNAL_42-36-0-18a61a5" cableType="WIRE-2UKD-0.35" wireName="GN/WH" fromPinId="PIN_b5-18-0-55f2" toPinId="PIN_ce-18-0-2068b9">
			<AppRef name="E3.Series" version="2.14.0.0" guid="ad2c98ca-9ef0-423a-829e-3102d129a71d"/>
			<Property id="PROPERTY_6569" name="WIRE_LENGTH" value="1955"/>
			<Property id="PROPERTY_6570" name="WIRE_END2_MATL" value="(SN)"/>
			<Property id="PROPERTY_6571" name="WIRE_CSA" value="0.35"/>
			<Property id="PROPERTY_6572" name="WIRE_MIN_BEND_RADIUS" value="3"/>
			<Property id="PROPERTY_6573" name="WIRE_OPTION" value="AC_G &amp; HJGAY"/>
			<Property id="PROPERTY_6574" name="WIRE_DEV_PIN_1" value="C22-A1:21"/>
			<Property id="PROPERTY_6575" name="WIRE_COLOR" value="GN/WH"/>
			<Property id="PROPERTY_6576" name="WIRE_SPEC" value="2UKD"/>
			<Property id="PROPERTY_6577" name="WIRE_END1_MATL" value="(SN)"/>
			<Property id="PROPERTY_6578" name="WIRE_LEVEL" value="ZA/ZB/ZC/ZF"/>
			<Property id="PROPERTY_6579" name="WIRE_END1_TERM" value="EU5T-14474-BAA"/>
			<Property id="PROPERTY_6580" name="WIRE_DEV_PIN_2" value="C2H101-EVBA:29"/>
			<Property id="PROPERTY_6581" name="WIRE_NAME" value="CH261EVC"/>
			<Property id="PROPERTY_6582" name="WIRE_END2_TERM" value="9U5T-14474-DB"/>
			<Property id="PROPERTY_6583" name="WIRE_SIGNAL" value="CH261"/>
			<Property id="PROPERTY_6584" name="HRN_FAMILY" value="14401"/>
			<Property id="PROPERTY_6585" name="WIRE_FPN" value="WIRE-2UKD-0.35-GN/WH"/>
			<Property id="PROPERTY_6586" name="WIRE_DIA_MAX" value="1.2"/>
			<Option id="OPTION_ce-c-0-2cacd2_1" value="AC_G &amp; HJGAY"/>
			<BranchRoute id="BRR_199">
				<StartBranchPosition id="BR_POS_661" branchId="BRANCH_ff-4e-0-938412" branchNodeId="BN_15124-272" offset="0"/>
				<PassBranchId>BRANCH_ff-4e-0-959c9b</PassBranchId>
				<PassBranchId>BRANCH_35-4e-0-32eeb3</PassBranchId>
				<PassBranchId>BRANCH_ff-4e-0-942c78</PassBranchId>
				<PassBranchId>BRANCH_ff-4e-0-938110</PassBranchId>
				<PassBranchId>BRANCH_ff-4e-0-93810b</PassBranchId>
				<PassBranchId>BRANCH_ff-4e-0-936078</PassBranchId>
				<PassBranchId>BRANCH_c2-4e-0-4c10c3</PassBranchId>
				<PassBranchId>BRANCH_c2-4e-0-4c0ff9</PassBranchId>
				<PassBranchId>BRANCH_c2-4e-0-4c0f34</PassBranchId>
				<PassBranchId>BRANCH_c2-4e-0-4c0d05</PassBranchId>
				<PassBranchId>BRANCH_c2-4e-0-4c1076</PassBranchId>
				<PassBranchId>BRANCH_c2-4e-0-4c106f</PassBranchId>
				<PassBranchId>BRANCH_c2-4e-0-4c1075</PassBranchId>
				<PassBranchId>BRANCH_c2-4e-0-4c0de4</PassBranchId>
				<PassBranchId>BRANCH_1a-4e-0-18e01d0</PassBranchId>
				<PassBranchId>BRANCH_c2-4e-0-4c10c8</PassBranchId>
				<PassBranchId>BRANCH_eb-4e-0-678fca</PassBranchId>
				<PassBranchId>BRANCH_c2-4e-0-4c0e87</PassBranchId>
				<PassBranchId>BRANCH_c2-4e-0-4c0e8c</PassBranchId>
				<PassBranchId>BRANCH_c2-4e-0-4c0e7f</PassBranchId>
				<PassBranchId>BRANCH_c2-4e-0-4c0ef9</PassBranchId>
				<PassBranchId>BRANCH_c2-4e-0-4c0e70</PassBranchId>
				<PassBranchId>BRANCH_c2-4e-0-4c0d66</PassBranchId>
				<PassBranchId>BRANCH_c2-4e-0-4c0fe2</PassBranchId>
				<PassBranchId>BRANCH_c2-4e-0-4c0d5d</PassBranchId>
				<PassBranchId>BRANCH_c2-4e-0-4c0d57</PassBranchId>
				<EndBranchPosition id="BR_POS_662" branchId="BRANCH_c2-4e-0-4c0d5a" branchNodeId="BN_21404-188" offset="0"/>
			</BranchRoute>
		</WiringItem>
		<WiringItem xsi:type="Wire" id="WIRE_ac-c-0-8bc220" name="CH433EVA" signalId="SIGNAL_42-36-0-18a61de" cableType="WIRE-2UKD-0.35" wireName="BU/GY" fromPinId="PIN_ce-18-0-20686f" toPinId="PIN_ac-18-0-8bc0d0">
			<AppRef name="E3.Series" version="2.14.0.0" guid="5eb94621-5a55-4150-a855-b0c3a8663c32"/>
			<Property id="PROPERTY_6587" name="WIRE_LENGTH" value="545"/>
			<Property id="PROPERTY_6588" name="WIRE_END2_MATL" value="(SN)"/>
			<Property id="PROPERTY_6589" name="WIRE_CSA" value="0.35"/>
			<Property id="PROPERTY_6590" name="WIRE_MIN_BEND_RADIUS" value="3"/>
			<Property id="PROPERTY_6591" name="WIRE_OPTION" value="HT2AC &amp; HJGAY"/>
			<Property id="PROPERTY_6592" name="WIRE_DEV_PIN_1" value="C2H101-EVBA:14"/>
			<Property id="PROPERTY_6593" name="WIRE_COLOR" value="BU/GY"/>
			<Property id="PROPERTY_6594" name="WIRE_SPEC" value="2UKD"/>
			<Property id="PROPERTY_6595" name="WIRE_END1_MATL" value="(SN)"/>
			<Property id="PROPERTY_6596" name="WIRE_LEVEL" value="ZA/ZB/ZC/ZF"/>
			<Property id="PROPERTY_6597" name="WIRE_END1_TERM" value="9U5T-14474-DB"/>
			<Property id="PROPERTY_6598" name="WIRE_DEV_PIN_2" value="C2X212-EVB:2"/>
			<Property id="PROPERTY_6599" name="WIRE_NAME" value="CH433EVA"/>
			<Property id="PROPERTY_6600" name="WIRE_END2_TERM" value="3F2T-14474-SA"/>
			<Property id="PROPERTY_6601" name="WIRE_SIGNAL" value="CH433"/>
			<Property id="PROPERTY_6602" name="HRN_FAMILY" value="14401"/>
			<Property id="PROPERTY_6603" name="WIRE_FPN" value="WIRE-2UKD-0.35-BU/GY"/>
			<Property id="PROPERTY_6604" name="WIRE_DIA_MAX" value="1.2"/>
			<Option id="OPTION_ac-c-0-8bc220_1" value="HT2AC &amp; HJGAY"/>
			<BranchRoute id="BRR_200">
				<StartBranchPosition id="BR_POS_663" branchId="BRANCH_ff-4e-0-938412" branchNodeId="BN_15124-272" offset="0"/>
				<PassBranchId>BRANCH_ff-4e-0-959c9b</PassBranchId>
				<PassBranchId>BRANCH_35-4e-0-32eeb3</PassBranchId>
				<PassBranchId>BRANCH_ff-4e-0-942c78</PassBranchId>
				<PassBranchId>BRANCH_ff-4e-0-938110</PassBranchId>
				<PassBranchId>BRANCH_ff-4e-0-93810b</PassBranchId>
				<PassBranchId>BRANCH_ff-4e-0-936078</PassBranchId>
				<PassBranchId>BRANCH_1a-4e-0-1a7080e</PassBranchId>
				<PassBranchId>BRANCH_1a-4e-0-1a72824</PassBranchId>
				<PassBranchId>BRANCH_1a-4e-0-1a78dfd</PassBranchId>
				<EndBranchPosition id="BR_POS_664" branchId="BRANCH_1a-4e-0-1a7ae35" branchNodeId="BN_15712-168" offset="0"/>
			</BranchRoute>
		</WiringItem>
		<WiringItem xsi:type="Wire" id="WIRE_95-c-0-e6a12" name="CHS87A" signalId="SIGNAL_99-36-0-15f902" cableType="WIRE-3TAD-0.35" wireName="GN/OG" fromPinId="PIN_3e-18-0-323be3" toPinId="PIN_f-18-0-f67c">
			<AppRef name="E3.Series" version="2.13.7.0" guid="35b8047a-e671-4532-8c90-b4c7f5862530"/>
			<Property id="PROPERTY_6605" name="WIRE_LENGTH" value="1687"/>
			<Property id="PROPERTY_6606" name="WIRE_END2_MATL" value="(SN)"/>
			<Property id="PROPERTY_6607" name="WIRE_CSA" value="0.35"/>
			<Property id="PROPERTY_6608" name="WIRE_MIN_BEND_RADIUS" value="3.5"/>
			<Property id="PROPERTY_6609" name="WIRE_OPTION" value="BY1AC &amp; ( HJGAJ | HJGAX )"/>
			<Property id="PROPERTY_6610" name="WIRE_DEV_PIN_1" value="C23-E1:12"/>
			<Property id="PROPERTY_6611" name="WIRE_COLOR" value="GN/OG"/>
			<Property id="PROPERTY_6612" name="WIRE_SPEC" value="3TAD"/>
			<Property id="PROPERTY_6613" name="WIRE_END1_MATL" value="(SN)"/>
			<Property id="PROPERTY_6614" name="WIRE_LEVEL" value="AJ/AL/BH/BJ/CB/CC/XJ/XL/XS/YC/YD/YG/YH/YK/YL/ZD/ZH"/>
			<Property id="PROPERTY_6615" name="WIRE_END1_TERM" value="FU5T-14474-LB"/>
			<Property id="PROPERTY_6616" name="WIRE_DEV_PIN_2" value="C2H101-B:16"/>
			<Property id="PROPERTY_6617" name="WIRE_NAME" value="CHS87A"/>
			<Property id="PROPERTY_6618" name="WIRE_END2_TERM" value="7C3T-14474-JA"/>
			<Property id="PROPERTY_6619" name="WIRE_SIGNAL" value="CHS87"/>
			<Property id="PROPERTY_6620" name="HRN_FAMILY" value="14401"/>
			<Property id="PROPERTY_6621" name="WIRE_FPN" value="WIRE-3TAD-0.35-GN/OG"/>
			<Property id="PROPERTY_6622" name="WIRE_DIA_MAX" value="1.4"/>
			<Option id="OPTION_95-c-0-e6a12_1" value="BY1AC &amp; ( HJGAJ | HJGAX )"/>
			<BranchRoute id="BRR_201">
				<StartBranchPosition id="BR_POS_665" branchId="BRANCH_c2-4e-0-4c0f3d" branchNodeId="BN_14728-219_961" offset="0"/>
				<PassBranchId>BRANCH_c2-4e-0-4c0f44</PassBranchId>
				<PassBranchId>BRANCH_c2-4e-0-4c10c3</PassBranchId>
				<PassBranchId>BRANCH_c2-4e-0-4c0ff9</PassBranchId>
				<PassBranchId>BRANCH_c2-4e-0-4c0f34</PassBranchId>
				<PassBranchId>BRANCH_c2-4e-0-4c0d05</PassBranchId>
				<PassBranchId>BRANCH_c2-4e-0-4c1076</PassBranchId>
				<PassBranchId>BRANCH_c2-4e-0-4c1087</PassBranchId>
				<PassBranchId>BRANCH_c2-4e-0-4c1083</PassBranchId>
				<PassBranchId>BRANCH_c2-4e-0-4c0f89</PassBranchId>
				<PassBranchId>BRANCH_c2-4e-0-4c0f18</PassBranchId>
				<PassBranchId>BRANCH_c2-4e-0-4c0f88</PassBranchId>
				<PassBranchId>BRANCH_c2-4e-0-4c0e97</PassBranchId>
				<PassBranchId>BRANCH_c2-4e-0-4c10ce</PassBranchId>
				<PassBranchId>BRANCH_c2-4e-0-4c0e9b</PassBranchId>
				<PassBranchId>BRANCH_c2-4e-0-4c10f5</PassBranchId>
				<PassBranchId>BRANCH_c2-4e-0-4c0dfa</PassBranchId>
				<EndBranchPosition id="BR_POS_666" branchId="BRANCH_c2-4e-0-4c0f1c" branchNodeId="BN_18448-168" offset="0"/>
			</BranchRoute>
		</WiringItem>
		<WiringItem xsi:type="Wire" id="WIRE_95-c-0-e6a42" name="CHS88A" signalId="SIGNAL_99-36-0-15f9b2" cableType="WIRE-3TAD-0.35" wireName="BN/GN" fromPinId="PIN_f-18-0-f682" toPinId="PIN_3e-18-0-323bde">
			<AppRef name="E3.Series" version="2.13.7.0" guid="a30e0d6e-58ce-4204-a51a-bb9fa2e41ed5"/>
			<Property id="PROPERTY_6623" name="WIRE_LENGTH" value="1687"/>
			<Property id="PROPERTY_6624" name="WIRE_END2_MATL" value="(SN)"/>
			<Property id="PROPERTY_6625" name="WIRE_CSA" value="0.35"/>
			<Property id="PROPERTY_6626" name="WIRE_MIN_BEND_RADIUS" value="3.5"/>
			<Property id="PROPERTY_6627" name="WIRE_OPTION" value="BY1AC &amp; ( HJGAJ | HJGAX )"/>
			<Property id="PROPERTY_6628" name="WIRE_DEV_PIN_1" value="C2H101-B:17"/>
			<Property id="PROPERTY_6629" name="WIRE_COLOR" value="BN/GN"/>
			<Property id="PROPERTY_6630" name="WIRE_SPEC" value="3TAD"/>
			<Property id="PROPERTY_6631" name="WIRE_END1_MATL" value="(SN)"/>
			<Property id="PROPERTY_6632" name="WIRE_LEVEL" value="AJ/AL/BH/BJ/CB/CC/XJ/XL/XS/YC/YD/YG/YH/YK/YL/ZD/ZH"/>
			<Property id="PROPERTY_6633" name="WIRE_END1_TERM" value="7C3T-14474-JA"/>
			<Property id="PROPERTY_6634" name="WIRE_DEV_PIN_2" value="C23-E1:11"/>
			<Property id="PROPERTY_6635" name="WIRE_NAME" value="CHS88A"/>
			<Property id="PROPERTY_6636" name="WIRE_END2_TERM" value="FU5T-14474-LB"/>
			<Property id="PROPERTY_6637" name="WIRE_SIGNAL" value="CHS88"/>
			<Property id="PROPERTY_6638" name="HRN_FAMILY" value="14401"/>
			<Property id="PROPERTY_6639" name="WIRE_FPN" value="WIRE-3TAD-0.35-BN/GN"/>
			<Property id="PROPERTY_6640" name="WIRE_DIA_MAX" value="1.4"/>
			<Option id="OPTION_95-c-0-e6a42_1" value="BY1AC &amp; ( HJGAJ | HJGAX )"/>
			<BranchRoute id="BRR_202">
				<StartBranchPosition id="BR_POS_667" branchId="BRANCH_c2-4e-0-4c0f3d" branchNodeId="BN_14728-219_961" offset="0"/>
				<PassBranchId>BRANCH_c2-4e-0-4c0f44</PassBranchId>
				<PassBranchId>BRANCH_c2-4e-0-4c10c3</PassBranchId>
				<PassBranchId>BRANCH_c2-4e-0-4c0ff9</PassBranchId>
				<PassBranchId>BRANCH_c2-4e-0-4c0f34</PassBranchId>
				<PassBranchId>BRANCH_c2-4e-0-4c0d05</PassBranchId>
				<PassBranchId>BRANCH_c2-4e-0-4c1076</PassBranchId>
				<PassBranchId>BRANCH_c2-4e-0-4c1087</PassBranchId>
				<PassBranchId>BRANCH_c2-4e-0-4c1083</PassBranchId>
				<PassBranchId>BRANCH_c2-4e-0-4c0f89</PassBranchId>
				<PassBranchId>BRANCH_c2-4e-0-4c0f18</PassBranchId>
				<PassBranchId>BRANCH_c2-4e-0-4c0f88</PassBranchId>
				<PassBranchId>BRANCH_c2-4e-0-4c0e97</PassBranchId>
				<PassBranchId>BRANCH_c2-4e-0-4c10ce</PassBranchId>
				<PassBranchId>BRANCH_c2-4e-0-4c0e9b</PassBranchId>
				<PassBranchId>BRANCH_c2-4e-0-4c10f5</PassBranchId>
				<PassBranchId>BRANCH_c2-4e-0-4c0dfa</PassBranchId>
				<EndBranchPosition id="BR_POS_668" branchId="BRANCH_c2-4e-0-4c0f1c" branchNodeId="BN_18448-168" offset="0"/>
			</BranchRoute>
		</WiringItem>
		<WiringItem xsi:type="Wire" id="WIRE_1a-c-0-17c08c0" name="CLF70B" signalId="SIGNAL_2-36-0-3652" cableType="WIRE-2UKD-0.35" wireName="GN" fromPinId="PIN_f5-18-0-3adbb2" toPinId="PIN_b5-18-0-54be">
			<AppRef name="E3.Series" version="2.13.7.0" guid="e38a4293-f951-4b73-9c5e-3b5deca0d417"/>
			<Property id="PROPERTY_6641" name="WIRE_LENGTH" value="2205"/>
			<Property id="PROPERTY_6642" name="WIRE_END2_MATL" value="(SN)"/>
			<Property id="PROPERTY_6643" name="WIRE_CSA" value="0.35"/>
			<Property id="PROPERTY_6644" name="WIRE_MIN_BEND_RADIUS" value="3"/>
			<Property id="PROPERTY_6645" name="WIRE_OPTION" value="JBMAB"/>
			<Property id="PROPERTY_6646" name="WIRE_DEV_PIN_1" value="C2LF70:2"/>
			<Property id="PROPERTY_6647" name="WIRE_COLOR" value="GN"/>
			<Property id="PROPERTY_6648" name="WIRE_SPEC" value="2UKD"/>
			<Property id="PROPERTY_6649" name="WIRE_END1_MATL" value="(SN)"/>
			<Property id="PROPERTY_6650" name="WIRE_LEVEL" value="(D-CAM)/(C-SHF)/(KWINV)/(8SPKR)/(F-SHF)/(BEV)"/>
			<Property id="PROPERTY_6651" name="WIRE_END1_TERM" value="3F2T-14474-SA"/>
			<Property id="PROPERTY_6652" name="WIRE_DEV_PIN_2" value="C23-B1:18"/>
			<Property id="PROPERTY_6653" name="WIRE_NAME" value="CLF70B"/>
			<Property id="PROPERTY_6654" name="WIRE_END2_TERM" value="9U5T-14474-DB"/>
			<Property id="PROPERTY_6655" name="WIRE_SIGNAL" value="CLF70"/>
			<Property id="PROPERTY_6656" name="HRN_FAMILY" value="14401"/>
			<Property id="PROPERTY_6657" name="WIRE_FPN" value="WIRE-2UKD-0.35-GN"/>
			<Property id="PROPERTY_6658" name="WIRE_DIA_MAX" value="1.2"/>
			<Option id="OPTION_1a-c-0-17c08c0_1" value="JBMAB"/>
			<BranchRoute id="BRR_203">
				<StartBranchPosition id="BR_POS_669" branchId="BRANCH_c2-4e-0-4c0dc8" branchNodeId="BN_3127_9-190_058" offset="0"/>
				<PassBranchId>BRANCH_c2-4e-0-4c0e2c</PassBranchId>
				<PassBranchId>BRANCH_c2-4e-0-4c105c</PassBranchId>
				<PassBranchId>BRANCH_c2-4e-0-4c0dc5</PassBranchId>
				<PassBranchId>BRANCH_c2-4e-0-4c1055</PassBranchId>
				<PassBranchId>BRANCH_c2-4e-0-4c1056</PassBranchId>
				<PassBranchId>BRANCH_c2-4e-0-4c10e7</PassBranchId>
				<PassBranchId>BRANCH_c2-4e-0-4c0fc5</PassBranchId>
				<PassBranchId>BRANCH_c2-4e-0-4c0fce</PassBranchId>
				<PassBranchId>BRANCH_c2-4e-0-4c0d1d</PassBranchId>
				<PassBranchId>BRANCH_35-4e-0-2efaf8</PassBranchId>
				<PassBranchId>BRANCH_c2-4e-0-4c10c0</PassBranchId>
				<PassBranchId>BRANCH_c2-4e-0-4c0fc8</PassBranchId>
				<PassBranchId>BRANCH_c2-4e-0-4c108d</PassBranchId>
				<PassBranchId>BRANCH_c2-4e-0-4c0d88</PassBranchId>
				<PassBranchId>BRANCH_c2-4e-0-4c109a</PassBranchId>
				<PassBranchId>BRANCH_c2-4e-0-4c0e16</PassBranchId>
				<PassBranchId>BRANCH_c2-4e-0-4c0fcb</PassBranchId>
				<PassBranchId>BRANCH_c2-4e-0-4c0dea</PassBranchId>
				<PassBranchId>BRANCH_c2-4e-0-4c0fd1</PassBranchId>
				<PassBranchId>BRANCH_c2-4e-0-4c0fe8</PassBranchId>
				<PassBranchId>BRANCH_c2-4e-0-4c1009</PassBranchId>
				<PassBranchId>BRANCH_c2-4e-0-4c10cb</PassBranchId>
				<PassBranchId>BRANCH_c2-4e-0-4c10ec</PassBranchId>
				<PassBranchId>BRANCH_c2-4e-0-4c0de4</PassBranchId>
				<PassBranchId>BRANCH_1a-4e-0-18e01d0</PassBranchId>
				<PassBranchId>BRANCH_c2-4e-0-4c10c8</PassBranchId>
				<PassBranchId>BRANCH_eb-4e-0-678fca</PassBranchId>
				<PassBranchId>BRANCH_c2-4e-0-4c0e87</PassBranchId>
				<PassBranchId>BRANCH_c2-4e-0-4c0e8c</PassBranchId>
				<PassBranchId>BRANCH_c2-4e-0-4c0e7f</PassBranchId>
				<PassBranchId>BRANCH_c2-4e-0-4c0ef9</PassBranchId>
				<PassBranchId>BRANCH_c2-4e-0-4c0e70</PassBranchId>
				<PassBranchId>BRANCH_c2-4e-0-4c0e5c</PassBranchId>
				<EndBranchPosition id="BR_POS_670" branchId="BRANCH_c2-4e-0-4c0d63" branchNodeId="BN_22204-180" offset="0"/>
			</BranchRoute>
		</WiringItem>
		<WiringItem xsi:type="Wire" id="WIRE_1a-c-0-17c1f2f" name="CLF71B" signalId="SIGNAL_2-36-0-3653" cableType="WIRE-2UKD-0.35" wireName="VT/WH" fromPinId="PIN_b5-18-0-54bf" toPinId="PIN_f5-18-0-3adbb8">
			<AppRef name="E3.Series" version="2.13.7.0" guid="6f6b6288-e2cb-4df1-90b8-330a6015e08b"/>
			<Property id="PROPERTY_6659" name="WIRE_LENGTH" value="2205"/>
			<Property id="PROPERTY_6660" name="WIRE_END2_MATL" value="(SN)"/>
			<Property id="PROPERTY_6661" name="WIRE_CSA" value="0.35"/>
			<Property id="PROPERTY_6662" name="WIRE_MIN_BEND_RADIUS" value="3"/>
			<Property id="PROPERTY_6663" name="WIRE_OPTION" value="JBMAB"/>
			<Property id="PROPERTY_6664" name="WIRE_DEV_PIN_1" value="C23-B1:19"/>
			<Property id="PROPERTY_6665" name="WIRE_COLOR" value="VT/WH"/>
			<Property id="PROPERTY_6666" name="WIRE_SPEC" value="2UKD"/>
			<Property id="PROPERTY_6667" name="WIRE_END1_MATL" value="(SN)"/>
			<Property id="PROPERTY_6668" name="WIRE_LEVEL" value="(D-CAM)/(C-SHF)/(KWINV)/(8SPKR)/(F-SHF)/(BEV)"/>
			<Property id="PROPERTY_6669" name="WIRE_END1_TERM" value="9U5T-14474-DB"/>
			<Property id="PROPERTY_6670" name="WIRE_DEV_PIN_2" value="C2LF70:1"/>
			<Property id="PROPERTY_6671" name="WIRE_NAME" value="CLF71B"/>
			<Property id="PROPERTY_6672" name="WIRE_END2_TERM" value="3F2T-14474-SA"/>
			<Property id="PROPERTY_6673" name="WIRE_SIGNAL" value="CLF71"/>
			<Property id="PROPERTY_6674" name="HRN_FAMILY" value="14401"/>
			<Property id="PROPERTY_6675" name="WIRE_FPN" value="WIRE-2UKD-0.35-VT/WH"/>
			<Property id="PROPERTY_6676" name="WIRE_DIA_MAX" value="1.2"/>
			<Option id="OPTION_1a-c-0-17c1f2f_1" value="JBMAB"/>
			<BranchRoute id="BRR_204">
				<StartBranchPosition id="BR_POS_671" branchId="BRANCH_c2-4e-0-4c0dc8" branchNodeId="BN_3127_9-190_058" offset="0"/>
				<PassBranchId>BRANCH_c2-4e-0-4c0e2c</PassBranchId>
				<PassBranchId>BRANCH_c2-4e-0-4c105c</PassBranchId>
				<PassBranchId>BRANCH_c2-4e-0-4c0dc5</PassBranchId>
				<PassBranchId>BRANCH_c2-4e-0-4c1055</PassBranchId>
				<PassBranchId>BRANCH_c2-4e-0-4c1056</PassBranchId>
				<PassBranchId>BRANCH_c2-4e-0-4c10e7</PassBranchId>
				<PassBranchId>BRANCH_c2-4e-0-4c0fc5</PassBranchId>
				<PassBranchId>BRANCH_c2-4e-0-4c0fce</PassBranchId>
				<PassBranchId>BRANCH_c2-4e-0-4c0d1d</PassBranchId>
				<PassBranchId>BRANCH_35-4e-0-2efaf8</PassBranchId>
				<PassBranchId>BRANCH_c2-4e-0-4c10c0</PassBranchId>
				<PassBranchId>BRANCH_c2-4e-0-4c0fc8</PassBranchId>
				<PassBranchId>BRANCH_c2-4e-0-4c108d</PassBranchId>
				<PassBranchId>BRANCH_c2-4e-0-4c0d88</PassBranchId>
				<PassBranchId>BRANCH_c2-4e-0-4c109a</PassBranchId>
				<PassBranchId>BRANCH_c2-4e-0-4c0e16</PassBranchId>
				<PassBranchId>BRANCH_c2-4e-0-4c0fcb</PassBranchId>
				<PassBranchId>BRANCH_c2-4e-0-4c0dea</PassBranchId>
				<PassBranchId>BRANCH_c2-4e-0-4c0fd1</PassBranchId>
				<PassBranchId>BRANCH_c2-4e-0-4c0fe8</PassBranchId>
				<PassBranchId>BRANCH_c2-4e-0-4c1009</PassBranchId>
				<PassBranchId>BRANCH_c2-4e-0-4c10cb</PassBranchId>
				<PassBranchId>BRANCH_c2-4e-0-4c10ec</PassBranchId>
				<PassBranchId>BRANCH_c2-4e-0-4c0de4</PassBranchId>
				<PassBranchId>BRANCH_1a-4e-0-18e01d0</PassBranchId>
				<PassBranchId>BRANCH_c2-4e-0-4c10c8</PassBranchId>
				<PassBranchId>BRANCH_eb-4e-0-678fca</PassBranchId>
				<PassBranchId>BRANCH_c2-4e-0-4c0e87</PassBranchId>
				<PassBranchId>BRANCH_c2-4e-0-4c0e8c</PassBranchId>
				<PassBranchId>BRANCH_c2-4e-0-4c0e7f</PassBranchId>
				<PassBranchId>BRANCH_c2-4e-0-4c0ef9</PassBranchId>
				<PassBranchId>BRANCH_c2-4e-0-4c0e70</PassBranchId>
				<PassBranchId>BRANCH_c2-4e-0-4c0e5c</PassBranchId>
				<EndBranchPosition id="BR_POS_672" branchId="BRANCH_c2-4e-0-4c0d63" branchNodeId="BN_22204-180" offset="0"/>
			</BranchRoute>
		</WiringItem>
		<WiringItem xsi:type="Wire" id="WIRE_1a-c-0-17c2992" name="CLF73B" signalId="SIGNAL_2-36-0-3655" cableType="WIRE-2UKD-0.35" wireName="BN/GN" fromPinId="PIN_b5-18-0-54b6" toPinId="PIN_f5-18-0-3adbbe">
			<AppRef name="E3.Series" version="2.13.7.0" guid="3d03a071-6f7b-4439-8a60-46de82f545cc"/>
			<Property id="PROPERTY_6677" name="WIRE_LENGTH" value="2205"/>
			<Property id="PROPERTY_6678" name="WIRE_END2_MATL" value="(SN)"/>
			<Property id="PROPERTY_6679" name="WIRE_CSA" value="0.35"/>
			<Property id="PROPERTY_6680" name="WIRE_MIN_BEND_RADIUS" value="3"/>
			<Property id="PROPERTY_6681" name="WIRE_OPTION" value="JBMAB"/>
			<Property id="PROPERTY_6682" name="WIRE_DEV_PIN_1" value="C23-B1:10"/>
			<Property id="PROPERTY_6683" name="WIRE_COLOR" value="BN/GN"/>
			<Property id="PROPERTY_6684" name="WIRE_SPEC" value="2UKD"/>
			<Property id="PROPERTY_6685" name="WIRE_END1_MATL" value="(SN)"/>
			<Property id="PROPERTY_6686" name="WIRE_LEVEL" value="(D-CAM)/(C-SHF)/(KWINV)/(8SPKR)/(F-SHF)/(BEV)"/>
			<Property id="PROPERTY_6687" name="WIRE_END1_TERM" value="9U5T-14474-DB"/>
			<Property id="PROPERTY_6688" name="WIRE_DEV_PIN_2" value="C2LF70:4"/>
			<Property id="PROPERTY_6689" name="WIRE_NAME" value="CLF73B"/>
			<Property id="PROPERTY_6690" name="WIRE_END2_TERM" value="3F2T-14474-SA"/>
			<Property id="PROPERTY_6691" name="WIRE_SIGNAL" value="CLF73"/>
			<Property id="PROPERTY_6692" name="HRN_FAMILY" value="14401"/>
			<Property id="PROPERTY_6693" name="WIRE_FPN" value="WIRE-2UKD-0.35-BN/GN"/>
			<Property id="PROPERTY_6694" name="WIRE_DIA_MAX" value="1.2"/>
			<Option id="OPTION_1a-c-0-17c2992_1" value="JBMAB"/>
			<BranchRoute id="BRR_205">
				<StartBranchPosition id="BR_POS_673" branchId="BRANCH_c2-4e-0-4c0dc8" branchNodeId="BN_3127_9-190_058" offset="0"/>
				<PassBranchId>BRANCH_c2-4e-0-4c0e2c</PassBranchId>
				<PassBranchId>BRANCH_c2-4e-0-4c105c</PassBranchId>
				<PassBranchId>BRANCH_c2-4e-0-4c0dc5</PassBranchId>
				<PassBranchId>BRANCH_c2-4e-0-4c1055</PassBranchId>
				<PassBranchId>BRANCH_c2-4e-0-4c1056</PassBranchId>
				<PassBranchId>BRANCH_c2-4e-0-4c10e7</PassBranchId>
				<PassBranchId>BRANCH_c2-4e-0-4c0fc5</PassBranchId>
				<PassBranchId>BRANCH_c2-4e-0-4c0fce</PassBranchId>
				<PassBranchId>BRANCH_c2-4e-0-4c0d1d</PassBranchId>
				<PassBranchId>BRANCH_35-4e-0-2efaf8</PassBranchId>
				<PassBranchId>BRANCH_c2-4e-0-4c10c0</PassBranchId>
				<PassBranchId>BRANCH_c2-4e-0-4c0fc8</PassBranchId>
				<PassBranchId>BRANCH_c2-4e-0-4c108d</PassBranchId>
				<PassBranchId>BRANCH_c2-4e-0-4c0d88</PassBranchId>
				<PassBranchId>BRANCH_c2-4e-0-4c109a</PassBranchId>
				<PassBranchId>BRANCH_c2-4e-0-4c0e16</PassBranchId>
				<PassBranchId>BRANCH_c2-4e-0-4c0fcb</PassBranchId>
				<PassBranchId>BRANCH_c2-4e-0-4c0dea</PassBranchId>
				<PassBranchId>BRANCH_c2-4e-0-4c0fd1</PassBranchId>
				<PassBranchId>BRANCH_c2-4e-0-4c0fe8</PassBranchId>
				<PassBranchId>BRANCH_c2-4e-0-4c1009</PassBranchId>
				<PassBranchId>BRANCH_c2-4e-0-4c10cb</PassBranchId>
				<PassBranchId>BRANCH_c2-4e-0-4c10ec</PassBranchId>
				<PassBranchId>BRANCH_c2-4e-0-4c0de4</PassBranchId>
				<PassBranchId>BRANCH_1a-4e-0-18e01d0</PassBranchId>
				<PassBranchId>BRANCH_c2-4e-0-4c10c8</PassBranchId>
				<PassBranchId>BRANCH_eb-4e-0-678fca</PassBranchId>
				<PassBranchId>BRANCH_c2-4e-0-4c0e87</PassBranchId>
				<PassBranchId>BRANCH_c2-4e-0-4c0e8c</PassBranchId>
				<PassBranchId>BRANCH_c2-4e-0-4c0e7f</PassBranchId>
				<PassBranchId>BRANCH_c2-4e-0-4c0ef9</PassBranchId>
				<PassBranchId>BRANCH_c2-4e-0-4c0e70</PassBranchId>
				<PassBranchId>BRANCH_c2-4e-0-4c0e5c</PassBranchId>
				<EndBranchPosition id="BR_POS_674" branchId="BRANCH_c2-4e-0-4c0d63" branchNodeId="BN_22204-180" offset="0"/>
			</BranchRoute>
		</WiringItem>
		<WiringItem xsi:type="Wire" id="WIRE_1a-c-0-17c2a22" name="CLF74B" signalId="SIGNAL_2-36-0-3656" cableType="WIRE-2UKD-0.35" wireName="WH/GN" fromPinId="PIN_b5-18-0-54b7" toPinId="PIN_f5-18-0-3adbc4">
			<AppRef name="E3.Series" version="2.13.7.0" guid="ebe26850-2d93-4ba5-b9d1-c922a3f58fc8"/>
			<Property id="PROPERTY_6695" name="WIRE_LENGTH" value="2205"/>
			<Property id="PROPERTY_6696" name="WIRE_END2_MATL" value="(SN)"/>
			<Property id="PROPERTY_6697" name="WIRE_CSA" value="0.35"/>
			<Property id="PROPERTY_6698" name="WIRE_MIN_BEND_RADIUS" value="3"/>
			<Property id="PROPERTY_6699" name="WIRE_OPTION" value="JBMAB"/>
			<Property id="PROPERTY_6700" name="WIRE_DEV_PIN_1" value="C23-B1:11"/>
			<Property id="PROPERTY_6701" name="WIRE_COLOR" value="WH/GN"/>
			<Property id="PROPERTY_6702" name="WIRE_SPEC" value="2UKD"/>
			<Property id="PROPERTY_6703" name="WIRE_END1_MATL" value="(SN)"/>
			<Property id="PROPERTY_6704" name="WIRE_LEVEL" value="(D-CAM)/(C-SHF)/(KWINV)/(8SPKR)/(F-SHF)/(BEV)"/>
			<Property id="PROPERTY_6705" name="WIRE_END1_TERM" value="9U5T-14474-DB"/>
			<Property id="PROPERTY_6706" name="WIRE_DEV_PIN_2" value="C2LF70:6"/>
			<Property id="PROPERTY_6707" name="WIRE_NAME" value="CLF74B"/>
			<Property id="PROPERTY_6708" name="WIRE_END2_TERM" value="3F2T-14474-SA"/>
			<Property id="PROPERTY_6709" name="WIRE_SIGNAL" value="CLF74"/>
			<Property id="PROPERTY_6710" name="HRN_FAMILY" value="14401"/>
			<Property id="PROPERTY_6711" name="WIRE_FPN" value="WIRE-2UKD-0.35-WH/GN"/>
			<Property id="PROPERTY_6712" name="WIRE_DIA_MAX" value="1.2"/>
			<Option id="OPTION_1a-c-0-17c2a22_1" value="JBMAB"/>
			<BranchRoute id="BRR_206">
				<StartBranchPosition id="BR_POS_675" branchId="BRANCH_c2-4e-0-4c0dc8" branchNodeId="BN_3127_9-190_058" offset="0"/>
				<PassBranchId>BRANCH_c2-4e-0-4c0e2c</PassBranchId>
				<PassBranchId>BRANCH_c2-4e-0-4c105c</PassBranchId>
				<PassBranchId>BRANCH_c2-4e-0-4c0dc5</PassBranchId>
				<PassBranchId>BRANCH_c2-4e-0-4c1055</PassBranchId>
				<PassBranchId>BRANCH_c2-4e-0-4c1056</PassBranchId>
				<PassBranchId>BRANCH_c2-4e-0-4c10e7</PassBranchId>
				<PassBranchId>BRANCH_c2-4e-0-4c0fc5</PassBranchId>
				<PassBranchId>BRANCH_c2-4e-0-4c0fce</PassBranchId>
				<PassBranchId>BRANCH_c2-4e-0-4c0d1d</PassBranchId>
				<PassBranchId>BRANCH_35-4e-0-2efaf8</PassBranchId>
				<PassBranchId>BRANCH_c2-4e-0-4c10c0</PassBranchId>
				<PassBranchId>BRANCH_c2-4e-0-4c0fc8</PassBranchId>
				<PassBranchId>BRANCH_c2-4e-0-4c108d</PassBranchId>
				<PassBranchId>BRANCH_c2-4e-0-4c0d88</PassBranchId>
				<PassBranchId>BRANCH_c2-4e-0-4c109a</PassBranchId>
				<PassBranchId>BRANCH_c2-4e-0-4c0e16</PassBranchId>
				<PassBranchId>BRANCH_c2-4e-0-4c0fcb</PassBranchId>
				<PassBranchId>BRANCH_c2-4e-0-4c0dea</PassBranchId>
				<PassBranchId>BRANCH_c2-4e-0-4c0fd1</PassBranchId>
				<PassBranchId>BRANCH_c2-4e-0-4c0fe8</PassBranchId>
				<PassBranchId>BRANCH_c2-4e-0-4c1009</PassBranchId>
				<PassBranchId>BRANCH_c2-4e-0-4c10cb</PassBranchId>
				<PassBranchId>BRANCH_c2-4e-0-4c10ec</PassBranchId>
				<PassBranchId>BRANCH_c2-4e-0-4c0de4</PassBranchId>
				<PassBranchId>BRANCH_1a-4e-0-18e01d0</PassBranchId>
				<PassBranchId>BRANCH_c2-4e-0-4c10c8</PassBranchId>
				<PassBranchId>BRANCH_eb-4e-0-678fca</PassBranchId>
				<PassBranchId>BRANCH_c2-4e-0-4c0e87</PassBranchId>
				<PassBranchId>BRANCH_c2-4e-0-4c0e8c</PassBranchId>
				<PassBranchId>BRANCH_c2-4e-0-4c0e7f</PassBranchId>
				<PassBranchId>BRANCH_c2-4e-0-4c0ef9</PassBranchId>
				<PassBranchId>BRANCH_c2-4e-0-4c0e70</PassBranchId>
				<PassBranchId>BRANCH_c2-4e-0-4c0e5c</PassBranchId>
				<EndBranchPosition id="BR_POS_676" branchId="BRANCH_c2-4e-0-4c0d63" branchNodeId="BN_22204-180" offset="0"/>
			</BranchRoute>
		</WiringItem>
		<WiringItem xsi:type="Wire" id="WIRE_95-c-0-e46fa" name="CLN13A" signalId="SIGNAL_2-36-0-3664" cableType="WIRE-2UKD-0.35" wireName="WH/BU" fromPinId="PIN_6e-18-0-dc18" toPinId="PIN_3b-18-0-1d747">
			<AppRef name="E3.Series" version="2.13.7.0" guid="c611a141-9caf-4e4a-a329-a306fe503d49"/>
			<Property id="PROPERTY_6713" name="WIRE_LENGTH" value="550"/>
			<Property id="PROPERTY_6714" name="WIRE_END2_MATL" value="(SN)"/>
			<Property id="PROPERTY_6715" name="WIRE_CSA" value="0.35"/>
			<Property id="PROPERTY_6716" name="WIRE_MIN_BEND_RADIUS" value="3"/>
			<Property id="PROPERTY_6717" name="WIRE_LEVEL" value="(ALL)"/>
			<Property id="PROPERTY_6718" name="WIRE_DEV_PIN_1" value="C23-A1:4"/>
			<Property id="PROPERTY_6719" name="WIRE_COLOR" value="WH/BU"/>
			<Property id="PROPERTY_6720" name="WIRE_SPEC" value="2UKD"/>
			<Property id="PROPERTY_6721" name="WIRE_END1_MATL" value="(SN)"/>
			<Property id="PROPERTY_6722" name="WIRE_END1_TERM" value="3F2T-14474-SA"/>
			<Property id="PROPERTY_6723" name="WIRE_DEV_PIN_2" value="C2LF23:12"/>
			<Property id="PROPERTY_6724" name="WIRE_NAME" value="CLN13A"/>
			<Property id="PROPERTY_6725" name="WIRE_END2_TERM" value="DU5T-14474-EAB"/>
			<Property id="PROPERTY_6726" name="WIRE_SIGNAL" value="CLN13"/>
			<Property id="PROPERTY_6727" name="HRN_FAMILY" value="14401"/>
			<Property id="PROPERTY_6728" name="WIRE_FPN" value="WIRE-2UKD-0.35-WH/BU"/>
			<Property id="PROPERTY_6729" name="WIRE_DIA_MAX" value="1.2"/>
			<BranchRoute id="BRR_207">
				<StartBranchPosition id="BR_POS_677" branchId="BRANCH_c2-4e-0-4c0dda" branchNodeId="BN_695_9-190_058" offset="0"/>
				<PassBranchId>BRANCH_c2-4e-0-4c0fad</PassBranchId>
				<PassBranchId>BRANCH_c2-4e-0-4c10dd</PassBranchId>
				<PassBranchId>BRANCH_c2-4e-0-4c1020</PassBranchId>
				<PassBranchId>BRANCH_c2-4e-0-4c1021</PassBranchId>
				<PassBranchId>BRANCH_c2-4e-0-4c1056</PassBranchId>
				<PassBranchId>BRANCH_c2-4e-0-4c1055</PassBranchId>
				<PassBranchId>BRANCH_c2-4e-0-4c0d3e</PassBranchId>
				<PassBranchId>BRANCH_c2-4e-0-4c0e66</PassBranchId>
				<EndBranchPosition id="BR_POS_678" branchId="BRANCH_c2-4e-0-4c0e2f" branchNodeId="BN_3231_9-198_058" offset="0"/>
			</BranchRoute>
		</WiringItem>
		<WiringItem xsi:type="Wire" id="WIRE_63-c-0-1f696b" name="CLS32AA" signalId="SIGNAL_2-36-0-36b9" cableType="WIRE-2UKD-0.35" wireName="BN/YE" fromPinId="PIN_ff-18-0-492026" toPinId="PIN_f-18-0-dbd2">
			<AppRef name="E3.Series" version="2.13.7.0" guid="3499d88b-c0d8-468b-a9fb-f771aa2d03cd"/>
			<Property id="PROPERTY_6730" name="WIRE_LENGTH" value="1460"/>
			<Property id="PROPERTY_6731" name="WIRE_END2_MATL" value="(SN)"/>
			<Property id="PROPERTY_6732" name="WIRE_CSA" value="0.35"/>
			<Property id="PROPERTY_6733" name="WIRE_MIN_BEND_RADIUS" value="3"/>
			<Property id="PROPERTY_6734" name="WIRE_OPTION" value="HJGAJ | HJGAX"/>
			<Property id="PROPERTY_6735" name="WIRE_DEV_PIN_1" value="C22-SW1:4"/>
			<Property id="PROPERTY_6736" name="WIRE_COLOR" value="BN/YE"/>
			<Property id="PROPERTY_6737" name="WIRE_SPEC" value="2UKD"/>
			<Property id="PROPERTY_6738" name="WIRE_END1_MATL" value="(SN)"/>
			<Property id="PROPERTY_6739" name="WIRE_LEVEL" value="(D-CAM)/(C-SHF)/(KWINV)/VA/ZD/ZH"/>
			<Property id="PROPERTY_6740" name="WIRE_END1_TERM" value="DU5T-14421-FA"/>
			<Property id="PROPERTY_6741" name="WIRE_DEV_PIN_2" value="C2AM02-B:19"/>
			<Property id="PROPERTY_6742" name="WIRE_NAME" value="CLS32AA"/>
			<Property id="PROPERTY_6743" name="WIRE_END2_TERM" value="9U5T-14474-DB"/>
			<Property id="PROPERTY_6744" name="WIRE_SIGNAL" value="CLS32"/>
			<Property id="PROPERTY_6745" name="HRN_FAMILY" value="14401"/>
			<Property id="PROPERTY_6746" name="WIRE_FPN" value="WIRE-2UKD-0.35-BN/YE"/>
			<Property id="PROPERTY_6747" name="WIRE_DIA_MAX" value="1.2"/>
			<Option id="OPTION_63-c-0-1f696b_1" value="HJGAJ | HJGAX"/>
			<BranchRoute id="BRR_208">
				<StartBranchPosition id="BR_POS_679" branchId="BRANCH_c2-4e-0-4c0f0b" branchNodeId="BN_20576-224" offset="0"/>
				<PassBranchId>BRANCH_c2-4e-0-4c0df7</PassBranchId>
				<PassBranchId>BRANCH_c2-4e-0-4c1068</PassBranchId>
				<PassBranchId>BRANCH_c2-4e-0-4c0de4</PassBranchId>
				<PassBranchId>BRANCH_1a-4e-0-18e01d0</PassBranchId>
				<PassBranchId>BRANCH_c2-4e-0-4c10c8</PassBranchId>
				<PassBranchId>BRANCH_eb-4e-0-678fca</PassBranchId>
				<PassBranchId>BRANCH_c2-4e-0-4c0e87</PassBranchId>
				<PassBranchId>BRANCH_c2-4e-0-4c0e8c</PassBranchId>
				<PassBranchId>BRANCH_c2-4e-0-4c0e7f</PassBranchId>
				<PassBranchId>BRANCH_c2-4e-0-4c102d</PassBranchId>
				<PassBranchId>BRANCH_c2-4e-0-4c1030</PassBranchId>
				<PassBranchId>BRANCH_c2-4e-0-4c0e6d</PassBranchId>
				<PassBranchId>BRANCH_c2-4e-0-4c0fdc</PassBranchId>
				<PassBranchId>BRANCH_c2-4e-0-4c0efe</PassBranchId>
				<PassBranchId>BRANCH_c2-4e-0-4c0df1</PassBranchId>
				<EndBranchPosition id="BR_POS_680" branchId="BRANCH_c2-4e-0-4c0f01" branchNodeId="BN_23840-236" offset="0"/>
			</BranchRoute>
		</WiringItem>
		<WiringItem xsi:type="Wire" id="WIRE_ac-c-0-8c3ca2" name="CLS32EVA" signalId="SIGNAL_2-36-0-36b9" cableType="WIRE-2UKD-0.35" wireName="BN/YE" fromPinId="PIN_f-18-0-dbd2" toPinId="PIN_ac-18-0-8bc0d6">
			<AppRef name="E3.Series" version="2.14.0.0" guid="10ea799d-1a05-4793-9c92-a3731566057f"/>
			<Property id="PROPERTY_6748" name="WIRE_LENGTH" value="1900"/>
			<Property id="PROPERTY_6749" name="WIRE_END2_MATL" value="(SN)"/>
			<Property id="PROPERTY_6750" name="WIRE_CSA" value="0.35"/>
			<Property id="PROPERTY_6751" name="WIRE_MIN_BEND_RADIUS" value="3"/>
			<Property id="PROPERTY_6752" name="WIRE_OPTION" value="HT2AC &amp; HJGAY"/>
			<Property id="PROPERTY_6753" name="WIRE_DEV_PIN_1" value="C2AM02-B:19"/>
			<Property id="PROPERTY_6754" name="WIRE_COLOR" value="BN/YE"/>
			<Property id="PROPERTY_6755" name="WIRE_SPEC" value="2UKD"/>
			<Property id="PROPERTY_6756" name="WIRE_END1_MATL" value="(SN)"/>
			<Property id="PROPERTY_6757" name="WIRE_LEVEL" value="ZA/ZB/ZC/ZF"/>
			<Property id="PROPERTY_6758" name="WIRE_END1_TERM" value="9U5T-14474-DB"/>
			<Property id="PROPERTY_6759" name="WIRE_DEV_PIN_2" value="C2X212-EVB:4"/>
			<Property id="PROPERTY_6760" name="WIRE_NAME" value="CLS32EVA"/>
			<Property id="PROPERTY_6761" name="WIRE_END2_TERM" value="3F2T-14474-SA"/>
			<Property id="PROPERTY_6762" name="WIRE_SIGNAL" value="CLS32"/>
			<Property id="PROPERTY_6763" name="HRN_FAMILY" value="14401"/>
			<Property id="PROPERTY_6764" name="WIRE_FPN" value="WIRE-2UKD-0.35-BN/YE"/>
			<Property id="PROPERTY_6765" name="WIRE_DIA_MAX" value="1.2"/>
			<Option id="OPTION_ac-c-0-8c3ca2_1" value="HT2AC &amp; HJGAY"/>
			<BranchRoute id="BRR_209">
				<StartBranchPosition id="BR_POS_681" branchId="BRANCH_1a-4e-0-1a7ae35" branchNodeId="BN_15712-168" offset="0"/>
				<PassBranchId>BRANCH_1a-4e-0-1a78dfd</PassBranchId>
				<PassBranchId>BRANCH_1a-4e-0-1a72824</PassBranchId>
				<PassBranchId>BRANCH_1a-4e-0-1a7080e</PassBranchId>
				<PassBranchId>BRANCH_c2-4e-0-4c10c3</PassBranchId>
				<PassBranchId>BRANCH_c2-4e-0-4c0ff9</PassBranchId>
				<PassBranchId>BRANCH_c2-4e-0-4c0f34</PassBranchId>
				<PassBranchId>BRANCH_c2-4e-0-4c0d05</PassBranchId>
				<PassBranchId>BRANCH_c2-4e-0-4c1076</PassBranchId>
				<PassBranchId>BRANCH_c2-4e-0-4c106f</PassBranchId>
				<PassBranchId>BRANCH_c2-4e-0-4c1075</PassBranchId>
				<PassBranchId>BRANCH_c2-4e-0-4c0de4</PassBranchId>
				<PassBranchId>BRANCH_1a-4e-0-18e01d0</PassBranchId>
				<PassBranchId>BRANCH_c2-4e-0-4c10c8</PassBranchId>
				<PassBranchId>BRANCH_eb-4e-0-678fca</PassBranchId>
				<PassBranchId>BRANCH_c2-4e-0-4c0e87</PassBranchId>
				<PassBranchId>BRANCH_c2-4e-0-4c0e8c</PassBranchId>
				<PassBranchId>BRANCH_c2-4e-0-4c0e7f</PassBranchId>
				<PassBranchId>BRANCH_c2-4e-0-4c102d</PassBranchId>
				<PassBranchId>BRANCH_c2-4e-0-4c1030</PassBranchId>
				<PassBranchId>BRANCH_c2-4e-0-4c0e6d</PassBranchId>
				<PassBranchId>BRANCH_c2-4e-0-4c0fdc</PassBranchId>
				<PassBranchId>BRANCH_c2-4e-0-4c0efe</PassBranchId>
				<PassBranchId>BRANCH_c2-4e-0-4c0df1</PassBranchId>
				<EndBranchPosition id="BR_POS_682" branchId="BRANCH_c2-4e-0-4c0f01" branchNodeId="BN_23840-236" offset="0"/>
			</BranchRoute>
		</WiringItem>
		<WiringItem xsi:type="Wire" id="WIRE_f8-c-0-25f276" name="CMC20A" signalId="SIGNAL_2-36-0-36e5" cableType="WIRE-2UKD-0.35" wireName="GY/VT" fromPinId="PIN_b5-18-0-5561" toPinId="PIN_c4-18-0-1227">
			<AppRef name="E3.Series" version="2.13.7.0" guid="9f87e6c7-f8dd-4b57-8ee8-b5f0f78bb944"/>
			<Property id="PROPERTY_6766" name="WIRE_LENGTH" value="2100"/>
			<Property id="PROPERTY_6767" name="WIRE_END2_MATL" value="(SN)"/>
			<Property id="PROPERTY_6768" name="WIRE_CSA" value="0.35"/>
			<Property id="PROPERTY_6769" name="WIRE_MIN_BEND_RADIUS" value="3"/>
			<Property id="PROPERTY_6770" name="WIRE_LEVEL" value="(ALL)"/>
			<Property id="PROPERTY_6771" name="WIRE_DEV_PIN_1" value="C12-B2:17"/>
			<Property id="PROPERTY_6772" name="WIRE_COLOR" value="GY/VT"/>
			<Property id="PROPERTY_6773" name="WIRE_SPEC" value="2UKD"/>
			<Property id="PROPERTY_6774" name="WIRE_END1_MATL" value="(SN)"/>
			<Property id="PROPERTY_6775" name="WIRE_END1_TERM" value="9U5T-14474-DB"/>
			<Property id="PROPERTY_6776" name="WIRE_DEV_PIN_2" value="C2MC01-A:11"/>
			<Property id="PROPERTY_6777" name="WIRE_NAME" value="CMC20A"/>
			<Property id="PROPERTY_6778" name="WIRE_END2_TERM" value="9U5T-14474-DB"/>
			<Property id="PROPERTY_6779" name="WIRE_SIGNAL" value="CMC20"/>
			<Property id="PROPERTY_6780" name="HRN_FAMILY" value="14401"/>
			<Property id="PROPERTY_6781" name="WIRE_FPN" value="WIRE-2UKD-0.35-GY/VT"/>
			<Property id="PROPERTY_6782" name="WIRE_DIA_MAX" value="1.2"/>
			<BranchRoute id="BRR_210">
				<StartBranchPosition id="BR_POS_683" branchId="BRANCH_c2-4e-0-4c0f51" branchNodeId="BN_7584-244" offset="0"/>
				<PassBranchId>BRANCH_ff-4e-0-9b280f</PassBranchId>
				<PassBranchId>BRANCH_c2-4e-0-4c0f85</PassBranchId>
				<PassBranchId>BRANCH_c2-4e-0-4c1002</PassBranchId>
				<PassBranchId>BRANCH_c2-4e-0-4c109d</PassBranchId>
				<PassBranchId>BRANCH_c2-4e-0-4c0e16</PassBranchId>
				<PassBranchId>BRANCH_c2-4e-0-4c0fcb</PassBranchId>
				<PassBranchId>BRANCH_c2-4e-0-4c0dea</PassBranchId>
				<PassBranchId>BRANCH_c2-4e-0-4c0fd1</PassBranchId>
				<PassBranchId>BRANCH_c2-4e-0-4c0fe8</PassBranchId>
				<PassBranchId>BRANCH_c2-4e-0-4c1009</PassBranchId>
				<PassBranchId>BRANCH_c2-4e-0-4c10cb</PassBranchId>
				<PassBranchId>BRANCH_c2-4e-0-4c10ec</PassBranchId>
				<PassBranchId>BRANCH_c2-4e-0-4c0de4</PassBranchId>
				<PassBranchId>BRANCH_1a-4e-0-18e01d0</PassBranchId>
				<PassBranchId>BRANCH_c2-4e-0-4c10c8</PassBranchId>
				<PassBranchId>BRANCH_eb-4e-0-678fca</PassBranchId>
				<PassBranchId>BRANCH_c2-4e-0-4c0e87</PassBranchId>
				<PassBranchId>BRANCH_c2-4e-0-4c0e8c</PassBranchId>
				<PassBranchId>BRANCH_c2-4e-0-4c0e7f</PassBranchId>
				<PassBranchId>BRANCH_c2-4e-0-4c0ef9</PassBranchId>
				<PassBranchId>BRANCH_c2-4e-0-4c0e70</PassBranchId>
				<PassBranchId>BRANCH_c2-4e-0-4c0d66</PassBranchId>
				<PassBranchId>BRANCH_c2-4e-0-4c0fe2</PassBranchId>
				<PassBranchId>BRANCH_c2-4e-0-4c0d5d</PassBranchId>
				<PassBranchId>BRANCH_c2-4e-0-4c0e62</PassBranchId>
				<EndBranchPosition id="BR_POS_684" branchId="BRANCH_c2-4e-0-4c0d54" branchNodeId="BN_21712-184" offset="0"/>
			</BranchRoute>
		</WiringItem>
		<WiringItem xsi:type="Wire" id="WIRE_95-c-0-e6309" name="CME27A" signalId="SIGNAL_2-36-0-36f5" cableType="WIRE-2UKD-0.35" wireName="YE/VT" fromPinId="PIN_3e-18-0-323bd4" toPinId="PIN_b-18-0-117d2">
			<AppRef name="E3.Series" version="2.13.7.0" guid="6538056e-148d-4ceb-bd0a-ce9780682ba9"/>
			<Property id="PROPERTY_6783" name="WIRE_LENGTH" value="2482"/>
			<Property id="PROPERTY_6784" name="WIRE_END2_MATL" value="(SN)"/>
			<Property id="PROPERTY_6785" name="WIRE_CSA" value="0.35"/>
			<Property id="PROPERTY_6786" name="WIRE_MIN_BEND_RADIUS" value="3"/>
			<Property id="PROPERTY_6787" name="WIRE_OPTION" value="(IDBAF | IDBBQ) &amp; (IEVAQ | IEVAR)"/>
			<Property id="PROPERTY_6788" name="WIRE_DEV_PIN_1" value="C23-E1:9"/>
			<Property id="PROPERTY_6789" name="WIRE_COLOR" value="YE/VT"/>
			<Property id="PROPERTY_6790" name="WIRE_SPEC" value="2UKD"/>
			<Property id="PROPERTY_6791" name="WIRE_END1_MATL" value="(SN)"/>
			<Property id="PROPERTY_6792" name="WIRE_LEVEL" value="(8SPKR)/(CNSL-HI)/(A-STR)/XM/YN/ZB"/>
			<Property id="PROPERTY_6793" name="WIRE_END1_TERM" value="9U5T-14474-DB"/>
			<Property id="PROPERTY_6794" name="WIRE_DEV_PIN_2" value="C2ME03-B:23"/>
			<Property id="PROPERTY_6795" name="WIRE_NAME" value="CME27A"/>
			<Property id="PROPERTY_6796" name="WIRE_END2_TERM" value="DU5T-14474-EAB"/>
			<Property id="PROPERTY_6797" name="WIRE_SIGNAL" value="CME27"/>
			<Property id="PROPERTY_6798" name="HRN_FAMILY" value="14401"/>
			<Property id="PROPERTY_6799" name="WIRE_FPN" value="WIRE-2UKD-0.35-YE/VT"/>
			<Property id="PROPERTY_6800" name="WIRE_DIA_MAX" value="1.2"/>
			<Option id="OPTION_95-c-0-e6309_1" value="(IDBAF | IDBBQ) &amp; (IEVAQ | IEVAR)"/>
			<BranchRoute id="BRR_211">
				<StartBranchPosition id="BR_POS_685" branchId="BRANCH_c2-4e-0-4c0f72" branchNodeId="BN_10856-120" offset="0"/>
				<PassBranchId>BRANCH_c2-4e-0-4c0e4d</PassBranchId>
				<PassBranchId>BRANCH_c2-4e-0-4c0e21</PassBranchId>
				<PassBranchId>BRANCH_22-4e-0-2ca187b</PassBranchId>
				<PassBranchId>BRANCH_c2-4e-0-4c0f6f</PassBranchId>
				<PassBranchId>BRANCH_c2-4e-0-4c0f6c</PassBranchId>
				<PassBranchId>BRANCH_c2-4e-0-4c0f66</PassBranchId>
				<PassBranchId>BRANCH_c2-4e-0-4c0fb7</PassBranchId>
				<PassBranchId>BRANCH_c2-4e-0-4c10a4</PassBranchId>
				<PassBranchId>BRANCH_c2-4e-0-4c0f7a</PassBranchId>
				<PassBranchId>BRANCH_35-4e-0-350133</PassBranchId>
				<PassBranchId>BRANCH_c2-4e-0-4c0f60</PassBranchId>
				<PassBranchId>BRANCH_c2-4e-0-4c1005</PassBranchId>
				<PassBranchId>BRANCH_c2-4e-0-4c0f45</PassBranchId>
				<PassBranchId>BRANCH_c2-4e-0-4c0dea</PassBranchId>
				<PassBranchId>BRANCH_c2-4e-0-4c0fd1</PassBranchId>
				<PassBranchId>BRANCH_c2-4e-0-4c0fe8</PassBranchId>
				<PassBranchId>BRANCH_c2-4e-0-4c1009</PassBranchId>
				<PassBranchId>BRANCH_c2-4e-0-4c10cb</PassBranchId>
				<PassBranchId>BRANCH_c2-4e-0-4c10ec</PassBranchId>
				<PassBranchId>BRANCH_c2-4e-0-4c1075</PassBranchId>
				<PassBranchId>BRANCH_c2-4e-0-4c106f</PassBranchId>
				<PassBranchId>BRANCH_c2-4e-0-4c1087</PassBranchId>
				<PassBranchId>BRANCH_c2-4e-0-4c1083</PassBranchId>
				<PassBranchId>BRANCH_c2-4e-0-4c0f89</PassBranchId>
				<PassBranchId>BRANCH_c2-4e-0-4c0f18</PassBranchId>
				<PassBranchId>BRANCH_c2-4e-0-4c0f88</PassBranchId>
				<PassBranchId>BRANCH_c2-4e-0-4c0e97</PassBranchId>
				<PassBranchId>BRANCH_c2-4e-0-4c10ce</PassBranchId>
				<PassBranchId>BRANCH_c2-4e-0-4c0e9b</PassBranchId>
				<PassBranchId>BRANCH_c2-4e-0-4c10f5</PassBranchId>
				<PassBranchId>BRANCH_c2-4e-0-4c0dfa</PassBranchId>
				<EndBranchPosition id="BR_POS_686" branchId="BRANCH_c2-4e-0-4c0f1c" branchNodeId="BN_18448-168" offset="0"/>
			</BranchRoute>
		</WiringItem>
		<WiringItem xsi:type="Wire" id="WIRE_bf-c-0-33af22" name="CME27AD" signalId="SIGNAL_2-36-0-36f5" cableType="WIRE-2UKD-0.35" wireName="YE/VT" fromPinId="PIN_a8-18-0-e8f003" toPinId="PIN_3e-18-0-323bd4">
			<AppRef name="E3.Series" version="2.14.0.0" guid="c9dda548-ad65-48a2-a568-7c9988030d7f"/>
			<Property id="PROPERTY_6801" name="WIRE_LENGTH" value="2507"/>
			<Property id="PROPERTY_6802" name="WIRE_END2_MATL" value="(SN)"/>
			<Property id="PROPERTY_6803" name="WIRE_CSA" value="0.35"/>
			<Property id="PROPERTY_6804" name="WIRE_MIN_BEND_RADIUS" value="3"/>
			<Property id="PROPERTY_6805" name="WIRE_OPTION" value="IEVAT &amp; IDBBQ"/>
			<Property id="PROPERTY_6806" name="WIRE_DEV_PIN_1" value="C2MM01-DB:23"/>
			<Property id="PROPERTY_6807" name="WIRE_COLOR" value="YE/VT"/>
			<Property id="PROPERTY_6808" name="WIRE_SPEC" value="2UKD"/>
			<Property id="PROPERTY_6809" name="WIRE_END1_MATL" value="(SN)"/>
			<Property id="PROPERTY_6810" name="WIRE_LEVEL" value="VA"/>
			<Property id="PROPERTY_6811" name="WIRE_END1_TERM" value="9U5T-14474-DB"/>
			<Property id="PROPERTY_6812" name="WIRE_DEV_PIN_2" value="C23-E1:9"/>
			<Property id="PROPERTY_6813" name="WIRE_NAME" value="CME27AD"/>
			<Property id="PROPERTY_6814" name="WIRE_END2_TERM" value="9U5T-14474-DB"/>
			<Property id="PROPERTY_6815" name="WIRE_SIGNAL" value="CME27"/>
			<Property id="PROPERTY_6816" name="HRN_FAMILY" value="14401"/>
			<Property id="PROPERTY_6817" name="WIRE_FPN" value="WIRE-2UKD-0.35-YE/VT"/>
			<Property id="PROPERTY_6818" name="WIRE_DIA_MAX" value="1.2"/>
			<Option id="OPTION_bf-c-0-33af22_1" value="IEVAT &amp; IDBBQ"/>
			<BranchRoute id="BRR_212">
				<StartBranchPosition id="BR_POS_687" branchId="BRANCH_da-4e-0-25068e" branchNodeId="BN_9708-328" offset="0"/>
				<PassBranchId>BRANCH_da-4e-0-2503d5</PassBranchId>
				<PassBranchId>BRANCH_ff-4e-0-9d2c5f</PassBranchId>
				<PassBranchId>BRANCH_22-4e-0-2ca187b</PassBranchId>
				<PassBranchId>BRANCH_c2-4e-0-4c0f6f</PassBranchId>
				<PassBranchId>BRANCH_c2-4e-0-4c0f6c</PassBranchId>
				<PassBranchId>BRANCH_c2-4e-0-4c0f66</PassBranchId>
				<PassBranchId>BRANCH_c2-4e-0-4c0fb7</PassBranchId>
				<PassBranchId>BRANCH_c2-4e-0-4c10a4</PassBranchId>
				<PassBranchId>BRANCH_c2-4e-0-4c0f7a</PassBranchId>
				<PassBranchId>BRANCH_35-4e-0-350133</PassBranchId>
				<PassBranchId>BRANCH_c2-4e-0-4c0f60</PassBranchId>
				<PassBranchId>BRANCH_c2-4e-0-4c1005</PassBranchId>
				<PassBranchId>BRANCH_c2-4e-0-4c0f45</PassBranchId>
				<PassBranchId>BRANCH_c2-4e-0-4c0dea</PassBranchId>
				<PassBranchId>BRANCH_c2-4e-0-4c0fd1</PassBranchId>
				<PassBranchId>BRANCH_c2-4e-0-4c0fe8</PassBranchId>
				<PassBranchId>BRANCH_c2-4e-0-4c1009</PassBranchId>
				<PassBranchId>BRANCH_c2-4e-0-4c10cb</PassBranchId>
				<PassBranchId>BRANCH_c2-4e-0-4c10ec</PassBranchId>
				<PassBranchId>BRANCH_c2-4e-0-4c1075</PassBranchId>
				<PassBranchId>BRANCH_c2-4e-0-4c106f</PassBranchId>
				<PassBranchId>BRANCH_c2-4e-0-4c1087</PassBranchId>
				<PassBranchId>BRANCH_c2-4e-0-4c1083</PassBranchId>
				<PassBranchId>BRANCH_c2-4e-0-4c0f89</PassBranchId>
				<PassBranchId>BRANCH_c2-4e-0-4c0f18</PassBranchId>
				<PassBranchId>BRANCH_c2-4e-0-4c0f88</PassBranchId>
				<PassBranchId>BRANCH_c2-4e-0-4c0e97</PassBranchId>
				<PassBranchId>BRANCH_c2-4e-0-4c10ce</PassBranchId>
				<PassBranchId>BRANCH_c2-4e-0-4c0e9b</PassBranchId>
				<PassBranchId>BRANCH_c2-4e-0-4c10f5</PassBranchId>
				<PassBranchId>BRANCH_c2-4e-0-4c0dfa</PassBranchId>
				<EndBranchPosition id="BR_POS_688" branchId="BRANCH_c2-4e-0-4c0f1c" branchNodeId="BN_18448-168" offset="0"/>
			</BranchRoute>
		</WiringItem>
		<WiringItem xsi:type="Wire" id="WIRE_5e-c-0-5944f6" name="CMF11C" signalId="SIGNAL_2-36-0-3703" cableType="WIRE-2UKD-0.35" wireName="BU/OG" fromPinId="PIN_93-18-0-2cc6f8" toPinId="PIN_6e-18-0-dc0e">
			<AppRef name="E3.Series" version="2.13.7.0" guid="18273092-3c52-48d7-a914-2725c5424241"/>
			<Property id="PROPERTY_6819" name="WIRE_LENGTH" value="1435"/>
			<Property id="PROPERTY_6820" name="WIRE_END2_MATL" value="(SN)"/>
			<Property id="PROPERTY_6821" name="WIRE_CSA" value="0.35"/>
			<Property id="PROPERTY_6822" name="WIRE_MIN_BEND_RADIUS" value="3"/>
			<Property id="PROPERTY_6823" name="WIRE_OPTION" value="AAEAC &amp; ( HJGAJ | HJGAX )"/>
			<Property id="PROPERTY_6824" name="WIRE_DEV_PIN_1" value="C22-SW1:25"/>
			<Property id="PROPERTY_6825" name="WIRE_COLOR" value="BU/OG"/>
			<Property id="PROPERTY_6826" name="WIRE_SPEC" value="2UKD"/>
			<Property id="PROPERTY_6827" name="WIRE_END1_MATL" value="(SN)"/>
			<Property id="PROPERTY_6828" name="WIRE_LEVEL" value="UA/UB"/>
			<Property id="PROPERTY_6829" name="WIRE_END1_TERM" value="DU5T-14421-FA"/>
			<Property id="PROPERTY_6830" name="WIRE_DEV_PIN_2" value="C23-A1:2"/>
			<Property id="PROPERTY_6831" name="WIRE_NAME" value="CMF11C"/>
			<Property id="PROPERTY_6832" name="WIRE_END2_TERM" value="3F2T-14474-SA"/>
			<Property id="PROPERTY_6833" name="WIRE_SIGNAL" value="CMF11"/>
			<Property id="PROPERTY_6834" name="HRN_FAMILY" value="14401"/>
			<Property id="PROPERTY_6835" name="WIRE_FPN" value="WIRE-2UKD-0.35-BU/OG"/>
			<Property id="PROPERTY_6836" name="WIRE_DIA_MAX" value="1.2"/>
			<Option id="OPTION_5e-c-0-5944f6_1" value="AAEAC &amp; ( HJGAJ | HJGAX )"/>
			<BranchRoute id="BRR_213">
				<StartBranchPosition id="BR_POS_689" branchId="BRANCH_c2-4e-0-4c0dda" branchNodeId="BN_695_9-190_058" offset="0"/>
				<PassBranchId>BRANCH_c2-4e-0-4c0fad</PassBranchId>
				<PassBranchId>BRANCH_c2-4e-0-4c10dd</PassBranchId>
				<PassBranchId>BRANCH_c2-4e-0-4c1020</PassBranchId>
				<PassBranchId>BRANCH_c2-4e-0-4c1021</PassBranchId>
				<PassBranchId>BRANCH_c2-4e-0-4c10e7</PassBranchId>
				<PassBranchId>BRANCH_c2-4e-0-4c0fc5</PassBranchId>
				<PassBranchId>BRANCH_c2-4e-0-4c0fce</PassBranchId>
				<PassBranchId>BRANCH_c2-4e-0-4c0d1d</PassBranchId>
				<PassBranchId>BRANCH_35-4e-0-2efaf8</PassBranchId>
				<PassBranchId>BRANCH_c2-4e-0-4c10c0</PassBranchId>
				<PassBranchId>BRANCH_c2-4e-0-4c0fc8</PassBranchId>
				<PassBranchId>BRANCH_c2-4e-0-4c108d</PassBranchId>
				<PassBranchId>BRANCH_c2-4e-0-4c0d88</PassBranchId>
				<PassBranchId>BRANCH_c2-4e-0-4c109a</PassBranchId>
				<PassBranchId>BRANCH_c2-4e-0-4c0e16</PassBranchId>
				<PassBranchId>BRANCH_c2-4e-0-4c0fcb</PassBranchId>
				<PassBranchId>BRANCH_c2-4e-0-4c0dea</PassBranchId>
				<PassBranchId>BRANCH_c2-4e-0-4c0fd1</PassBranchId>
				<PassBranchId>BRANCH_c2-4e-0-4c0fe8</PassBranchId>
				<PassBranchId>BRANCH_c2-4e-0-4c1009</PassBranchId>
				<PassBranchId>BRANCH_c2-4e-0-4c10cb</PassBranchId>
				<PassBranchId>BRANCH_c2-4e-0-4c10ec</PassBranchId>
				<PassBranchId>BRANCH_c2-4e-0-4c1068</PassBranchId>
				<PassBranchId>BRANCH_c2-4e-0-4c0df7</PassBranchId>
				<EndBranchPosition id="BR_POS_690" branchId="BRANCH_c2-4e-0-4c0f0b" branchNodeId="BN_20576-224" offset="0"/>
			</BranchRoute>
		</WiringItem>
		<WiringItem xsi:type="Wire" id="WIRE_66-c-0-71ae49" name="CMP02B" signalId="SIGNAL_d-36-0-e2d43" cableType="WIRE-2UKD-0.35" wireName="GN/BU" fromPinId="PIN_6e-18-0-dc36" toPinId="PIN_ff-18-0-492034">
			<AppRef name="E3.Series" version="2.13.7.0" guid="1a40e734-72bc-407c-82e7-45a63778baec"/>
			<Property id="PROPERTY_6837" name="WIRE_LENGTH" value="1435"/>
			<Property id="PROPERTY_6838" name="WIRE_END2_MATL" value="(SN)"/>
			<Property id="PROPERTY_6839" name="WIRE_CSA" value="0.35"/>
			<Property id="PROPERTY_6840" name="WIRE_MIN_BEND_RADIUS" value="3"/>
			<Property id="PROPERTY_6841" name="WIRE_OPTION" value="HJGAJ | HJGAX"/>
			<Property id="PROPERTY_6842" name="WIRE_DEV_PIN_1" value="C23-A1:10"/>
			<Property id="PROPERTY_6843" name="WIRE_COLOR" value="GN/BU"/>
			<Property id="PROPERTY_6844" name="WIRE_SPEC" value="2UKD"/>
			<Property id="PROPERTY_6845" name="WIRE_END1_MATL" value="(SN)"/>
			<Property id="PROPERTY_6846" name="WIRE_LEVEL" value="(D-CAM)/(C-SHF)/(KWINV)/VA/ZD/ZH"/>
			<Property id="PROPERTY_6847" name="WIRE_END1_TERM" value="9U5T-14474-DB"/>
			<Property id="PROPERTY_6848" name="WIRE_DEV_PIN_2" value="C22-SW1:11"/>
			<Property id="PROPERTY_6849" name="WIRE_NAME" value="CMP02B"/>
			<Property id="PROPERTY_6850" name="WIRE_END2_TERM" value="DU5T-14421-FA"/>
			<Property id="PROPERTY_6851" name="WIRE_SIGNAL" value="CPD02"/>
			<Property id="PROPERTY_6852" name="HRN_FAMILY" value="14401"/>
			<Property id="PROPERTY_6853" name="WIRE_FPN" value="WIRE-2UKD-0.35-GN/BU"/>
			<Property id="PROPERTY_6854" name="WIRE_DIA_MAX" value="1.2"/>
			<Option id="OPTION_66-c-0-71ae49_1" value="HJGAJ | HJGAX"/>
			<BranchRoute id="BRR_214">
				<StartBranchPosition id="BR_POS_691" branchId="BRANCH_c2-4e-0-4c0dda" branchNodeId="BN_695_9-190_058" offset="0"/>
				<PassBranchId>BRANCH_c2-4e-0-4c0fad</PassBranchId>
				<PassBranchId>BRANCH_c2-4e-0-4c10dd</PassBranchId>
				<PassBranchId>BRANCH_c2-4e-0-4c1020</PassBranchId>
				<PassBranchId>BRANCH_c2-4e-0-4c1021</PassBranchId>
				<PassBranchId>BRANCH_c2-4e-0-4c10e7</PassBranchId>
				<PassBranchId>BRANCH_c2-4e-0-4c0fc5</PassBranchId>
				<PassBranchId>BRANCH_c2-4e-0-4c0fce</PassBranchId>
				<PassBranchId>BRANCH_c2-4e-0-4c0d1d</PassBranchId>
				<PassBranchId>BRANCH_35-4e-0-2efaf8</PassBranchId>
				<PassBranchId>BRANCH_c2-4e-0-4c10c0</PassBranchId>
				<PassBranchId>BRANCH_c2-4e-0-4c0fc8</PassBranchId>
				<PassBranchId>BRANCH_c2-4e-0-4c108d</PassBranchId>
				<PassBranchId>BRANCH_c2-4e-0-4c0d88</PassBranchId>
				<PassBranchId>BRANCH_c2-4e-0-4c109a</PassBranchId>
				<PassBranchId>BRANCH_c2-4e-0-4c0e16</PassBranchId>
				<PassBranchId>BRANCH_c2-4e-0-4c0fcb</PassBranchId>
				<PassBranchId>BRANCH_c2-4e-0-4c0dea</PassBranchId>
				<PassBranchId>BRANCH_c2-4e-0-4c0fd1</PassBranchId>
				<PassBranchId>BRANCH_c2-4e-0-4c0fe8</PassBranchId>
				<PassBranchId>BRANCH_c2-4e-0-4c1009</PassBranchId>
				<PassBranchId>BRANCH_c2-4e-0-4c10cb</PassBranchId>
				<PassBranchId>BRANCH_c2-4e-0-4c10ec</PassBranchId>
				<PassBranchId>BRANCH_c2-4e-0-4c1068</PassBranchId>
				<PassBranchId>BRANCH_c2-4e-0-4c0df7</PassBranchId>
				<EndBranchPosition id="BR_POS_692" branchId="BRANCH_c2-4e-0-4c0f0b" branchNodeId="BN_20576-224" offset="0"/>
			</BranchRoute>
		</WiringItem>
		<WiringItem xsi:type="Wire" id="WIRE_6a-c-0-d6fc7" name="CMP18A" signalId="SIGNAL_2-36-0-371b" cableType="WIRE-2UKD-0.35" wireName="GN" fromPinId="PIN_6e-18-0-dc22" toPinId="PIN_ff-18-0-492032">
			<AppRef name="E3.Series" version="2.13.7.0" guid="42bd58db-cb7c-4311-a07c-d30ba57ba8c7"/>
			<Property id="PROPERTY_6855" name="WIRE_LENGTH" value="1435"/>
			<Property id="PROPERTY_6856" name="WIRE_END2_MATL" value="(SN)"/>
			<Property id="PROPERTY_6857" name="WIRE_CSA" value="0.35"/>
			<Property id="PROPERTY_6858" name="WIRE_MIN_BEND_RADIUS" value="3"/>
			<Property id="PROPERTY_6859" name="WIRE_OPTION" value="HJGAJ | HJGAX"/>
			<Property id="PROPERTY_6860" name="WIRE_DEV_PIN_1" value="C23-A1:6"/>
			<Property id="PROPERTY_6861" name="WIRE_COLOR" value="GN"/>
			<Property id="PROPERTY_6862" name="WIRE_SPEC" value="2UKD"/>
			<Property id="PROPERTY_6863" name="WIRE_END1_MATL" value="(SN)"/>
			<Property id="PROPERTY_6864" name="WIRE_LEVEL" value="(D-CAM)/(C-SHF)/(KWINV)/VA/ZD/ZH"/>
			<Property id="PROPERTY_6865" name="WIRE_END1_TERM" value="3F2T-14474-SA"/>
			<Property id="PROPERTY_6866" name="WIRE_DEV_PIN_2" value="C22-SW1:10"/>
			<Property id="PROPERTY_6867" name="WIRE_NAME" value="CMP18A"/>
			<Property id="PROPERTY_6868" name="WIRE_END2_TERM" value="DU5T-14421-FA"/>
			<Property id="PROPERTY_6869" name="WIRE_SIGNAL" value="CMP18"/>
			<Property id="PROPERTY_6870" name="HRN_FAMILY" value="14401"/>
			<Property id="PROPERTY_6871" name="WIRE_FPN" value="WIRE-2UKD-0.35-GN"/>
			<Property id="PROPERTY_6872" name="WIRE_DIA_MAX" value="1.2"/>
			<Option id="OPTION_6a-c-0-d6fc7_1" value="HJGAJ | HJGAX"/>
			<BranchRoute id="BRR_215">
				<StartBranchPosition id="BR_POS_693" branchId="BRANCH_c2-4e-0-4c0dda" branchNodeId="BN_695_9-190_058" offset="0"/>
				<PassBranchId>BRANCH_c2-4e-0-4c0fad</PassBranchId>
				<PassBranchId>BRANCH_c2-4e-0-4c10dd</PassBranchId>
				<PassBranchId>BRANCH_c2-4e-0-4c1020</PassBranchId>
				<PassBranchId>BRANCH_c2-4e-0-4c1021</PassBranchId>
				<PassBranchId>BRANCH_c2-4e-0-4c10e7</PassBranchId>
				<PassBranchId>BRANCH_c2-4e-0-4c0fc5</PassBranchId>
				<PassBranchId>BRANCH_c2-4e-0-4c0fce</PassBranchId>
				<PassBranchId>BRANCH_c2-4e-0-4c0d1d</PassBranchId>
				<PassBranchId>BRANCH_35-4e-0-2efaf8</PassBranchId>
				<PassBranchId>BRANCH_c2-4e-0-4c10c0</PassBranchId>
				<PassBranchId>BRANCH_c2-4e-0-4c0fc8</PassBranchId>
				<PassBranchId>BRANCH_c2-4e-0-4c108d</PassBranchId>
				<PassBranchId>BRANCH_c2-4e-0-4c0d88</PassBranchId>
				<PassBranchId>BRANCH_c2-4e-0-4c109a</PassBranchId>
				<PassBranchId>BRANCH_c2-4e-0-4c0e16</PassBranchId>
				<PassBranchId>BRANCH_c2-4e-0-4c0fcb</PassBranchId>
				<PassBranchId>BRANCH_c2-4e-0-4c0dea</PassBranchId>
				<PassBranchId>BRANCH_c2-4e-0-4c0fd1</PassBranchId>
				<PassBranchId>BRANCH_c2-4e-0-4c0fe8</PassBranchId>
				<PassBranchId>BRANCH_c2-4e-0-4c1009</PassBranchId>
				<PassBranchId>BRANCH_c2-4e-0-4c10cb</PassBranchId>
				<PassBranchId>BRANCH_c2-4e-0-4c10ec</PassBranchId>
				<PassBranchId>BRANCH_c2-4e-0-4c1068</PassBranchId>
				<PassBranchId>BRANCH_c2-4e-0-4c0df7</PassBranchId>
				<EndBranchPosition id="BR_POS_694" branchId="BRANCH_c2-4e-0-4c0f0b" branchNodeId="BN_20576-224" offset="0"/>
			</BranchRoute>
		</WiringItem>
		<WiringItem xsi:type="Wire" id="WIRE_df-c-0-536e69" name="CMP18EVA" signalId="SIGNAL_2-36-0-371b" cableType="WIRE-2UKD-0.35" wireName="GN/BN" fromPinId="PIN_ac-18-0-8bc115" toPinId="PIN_6e-18-0-dc22">
			<AppRef name="E3.Series" version="2.14.0.0" guid="1a9e6985-4ca3-4d83-aa63-c02c3a66f336"/>
			<Property id="PROPERTY_6873" name="WIRE_LENGTH" value="1875"/>
			<Property id="PROPERTY_6874" name="WIRE_END2_MATL" value="(SN)"/>
			<Property id="PROPERTY_6875" name="WIRE_CSA" value="0.35"/>
			<Property id="PROPERTY_6876" name="WIRE_MIN_BEND_RADIUS" value="3"/>
			<Property id="PROPERTY_6877" name="WIRE_OPTION" value="HT2AC &amp; HJGAY"/>
			<Property id="PROPERTY_6878" name="WIRE_DEV_PIN_1" value="C2X212-EVC:4"/>
			<Property id="PROPERTY_6879" name="WIRE_COLOR" value="GN/BN"/>
			<Property id="PROPERTY_6880" name="WIRE_SPEC" value="2UKD"/>
			<Property id="PROPERTY_6881" name="WIRE_END1_MATL" value="(SN)"/>
			<Property id="PROPERTY_6882" name="WIRE_LEVEL" value="ZA/ZB/ZC/ZF"/>
			<Property id="PROPERTY_6883" name="WIRE_END1_TERM" value="3F2T-14474-SA"/>
			<Property id="PROPERTY_6884" name="WIRE_DEV_PIN_2" value="C23-A1:6"/>
			<Property id="PROPERTY_6885" name="WIRE_NAME" value="CMP18EVA"/>
			<Property id="PROPERTY_6886" name="WIRE_END2_TERM" value="3F2T-14474-SA"/>
			<Property id="PROPERTY_6887" name="WIRE_SIGNAL" value="CMP18"/>
			<Property id="PROPERTY_6888" name="HRN_FAMILY" value="14401"/>
			<Property id="PROPERTY_6889" name="WIRE_FPN" value="WIRE-2UKD-0.35-GN/BN"/>
			<Property id="PROPERTY_6890" name="WIRE_DIA_MAX" value="1.2"/>
			<Option id="OPTION_df-c-0-536e69_1" value="HT2AC &amp; HJGAY"/>
			<BranchRoute id="BRR_216">
				<StartBranchPosition id="BR_POS_695" branchId="BRANCH_c2-4e-0-4c0dda" branchNodeId="BN_695_9-190_058" offset="0"/>
				<PassBranchId>BRANCH_c2-4e-0-4c0fad</PassBranchId>
				<PassBranchId>BRANCH_c2-4e-0-4c10dd</PassBranchId>
				<PassBranchId>BRANCH_c2-4e-0-4c1020</PassBranchId>
				<PassBranchId>BRANCH_c2-4e-0-4c1021</PassBranchId>
				<PassBranchId>BRANCH_c2-4e-0-4c10e7</PassBranchId>
				<PassBranchId>BRANCH_c2-4e-0-4c0fc5</PassBranchId>
				<PassBranchId>BRANCH_c2-4e-0-4c0fce</PassBranchId>
				<PassBranchId>BRANCH_c2-4e-0-4c0d1d</PassBranchId>
				<PassBranchId>BRANCH_35-4e-0-2efaf8</PassBranchId>
				<PassBranchId>BRANCH_c2-4e-0-4c10c0</PassBranchId>
				<PassBranchId>BRANCH_c2-4e-0-4c0fc8</PassBranchId>
				<PassBranchId>BRANCH_c2-4e-0-4c108d</PassBranchId>
				<PassBranchId>BRANCH_c2-4e-0-4c0d88</PassBranchId>
				<PassBranchId>BRANCH_c2-4e-0-4c109a</PassBranchId>
				<PassBranchId>BRANCH_c2-4e-0-4c0e16</PassBranchId>
				<PassBranchId>BRANCH_c2-4e-0-4c0fcb</PassBranchId>
				<PassBranchId>BRANCH_c2-4e-0-4c0dea</PassBranchId>
				<PassBranchId>BRANCH_c2-4e-0-4c0fd1</PassBranchId>
				<PassBranchId>BRANCH_c2-4e-0-4c0fe8</PassBranchId>
				<PassBranchId>BRANCH_c2-4e-0-4c1009</PassBranchId>
				<PassBranchId>BRANCH_c2-4e-0-4c10cb</PassBranchId>
				<PassBranchId>BRANCH_c2-4e-0-4c10ec</PassBranchId>
				<PassBranchId>BRANCH_c2-4e-0-4c1075</PassBranchId>
				<PassBranchId>BRANCH_c2-4e-0-4c106f</PassBranchId>
				<PassBranchId>BRANCH_c2-4e-0-4c1076</PassBranchId>
				<PassBranchId>BRANCH_c2-4e-0-4c0d05</PassBranchId>
				<PassBranchId>BRANCH_c2-4e-0-4c0f34</PassBranchId>
				<PassBranchId>BRANCH_c2-4e-0-4c0ff9</PassBranchId>
				<PassBranchId>BRANCH_c2-4e-0-4c10c3</PassBranchId>
				<PassBranchId>BRANCH_1a-4e-0-1a7080e</PassBranchId>
				<PassBranchId>BRANCH_1a-4e-0-1a72824</PassBranchId>
				<PassBranchId>BRANCH_1a-4e-0-1a74b21</PassBranchId>
				<EndBranchPosition id="BR_POS_696" branchId="BRANCH_1a-4e-0-1a76b0d" branchNodeId="BN_15880-168" offset="0"/>
			</BranchRoute>
		</WiringItem>
		<WiringItem xsi:type="Wire" id="WIRE_63-c-0-1fbc0a" name="CMP40AA" signalId="SIGNAL_2-36-0-3336" cableType="WIRE-2UKD-0.35" wireName="WH/GN" fromPinId="PIN_6e-18-0-dc1d" toPinId="PIN_ff-18-0-49202c">
			<AppRef name="E3.Series" version="2.13.7.0" guid="82b6956d-72a6-4004-acd7-6fbd4723b848"/>
			<Property id="PROPERTY_6891" name="WIRE_LENGTH" value="1435"/>
			<Property id="PROPERTY_6892" name="WIRE_END2_MATL" value="(SN)"/>
			<Property id="PROPERTY_6893" name="WIRE_CSA" value="0.35"/>
			<Property id="PROPERTY_6894" name="WIRE_MIN_BEND_RADIUS" value="3"/>
			<Property id="PROPERTY_6895" name="WIRE_OPTION" value="HJGAJ | HJGAX"/>
			<Property id="PROPERTY_6896" name="WIRE_DEV_PIN_1" value="C23-A1:5"/>
			<Property id="PROPERTY_6897" name="WIRE_COLOR" value="WH/GN"/>
			<Property id="PROPERTY_6898" name="WIRE_SPEC" value="2UKD"/>
			<Property id="PROPERTY_6899" name="WIRE_END1_MATL" value="(SN)"/>
			<Property id="PROPERTY_6900" name="WIRE_LEVEL" value="(D-CAM)/(C-SHF)/(KWINV)/VA/ZD/ZH"/>
			<Property id="PROPERTY_6901" name="WIRE_END1_TERM" value="3F2T-14474-SA"/>
			<Property id="PROPERTY_6902" name="WIRE_DEV_PIN_2" value="C22-SW1:7"/>
			<Property id="PROPERTY_6903" name="WIRE_NAME" value="CMP40AA"/>
			<Property id="PROPERTY_6904" name="WIRE_END2_TERM" value="DU5T-14421-FA"/>
			<Property id="PROPERTY_6905" name="WIRE_SIGNAL" value="CCA15"/>
			<Property id="PROPERTY_6906" name="HRN_FAMILY" value="14401"/>
			<Property id="PROPERTY_6907" name="WIRE_FPN" value="WIRE-2UKD-0.35-WH/GN"/>
			<Property id="PROPERTY_6908" name="WIRE_DIA_MAX" value="1.2"/>
			<Option id="OPTION_63-c-0-1fbc0a_1" value="HJGAJ | HJGAX"/>
			<BranchRoute id="BRR_217">
				<StartBranchPosition id="BR_POS_697" branchId="BRANCH_c2-4e-0-4c0dda" branchNodeId="BN_695_9-190_058" offset="0"/>
				<PassBranchId>BRANCH_c2-4e-0-4c0fad</PassBranchId>
				<PassBranchId>BRANCH_c2-4e-0-4c10dd</PassBranchId>
				<PassBranchId>BRANCH_c2-4e-0-4c1020</PassBranchId>
				<PassBranchId>BRANCH_c2-4e-0-4c1021</PassBranchId>
				<PassBranchId>BRANCH_c2-4e-0-4c10e7</PassBranchId>
				<PassBranchId>BRANCH_c2-4e-0-4c0fc5</PassBranchId>
				<PassBranchId>BRANCH_c2-4e-0-4c0fce</PassBranchId>
				<PassBranchId>BRANCH_c2-4e-0-4c0d1d</PassBranchId>
				<PassBranchId>BRANCH_35-4e-0-2efaf8</PassBranchId>
				<PassBranchId>BRANCH_c2-4e-0-4c10c0</PassBranchId>
				<PassBranchId>BRANCH_c2-4e-0-4c0fc8</PassBranchId>
				<PassBranchId>BRANCH_c2-4e-0-4c108d</PassBranchId>
				<PassBranchId>BRANCH_c2-4e-0-4c0d88</PassBranchId>
				<PassBranchId>BRANCH_c2-4e-0-4c109a</PassBranchId>
				<PassBranchId>BRANCH_c2-4e-0-4c0e16</PassBranchId>
				<PassBranchId>BRANCH_c2-4e-0-4c0fcb</PassBranchId>
				<PassBranchId>BRANCH_c2-4e-0-4c0dea</PassBranchId>
				<PassBranchId>BRANCH_c2-4e-0-4c0fd1</PassBranchId>
				<PassBranchId>BRANCH_c2-4e-0-4c0fe8</PassBranchId>
				<PassBranchId>BRANCH_c2-4e-0-4c1009</PassBranchId>
				<PassBranchId>BRANCH_c2-4e-0-4c10cb</PassBranchId>
				<PassBranchId>BRANCH_c2-4e-0-4c10ec</PassBranchId>
				<PassBranchId>BRANCH_c2-4e-0-4c1068</PassBranchId>
				<PassBranchId>BRANCH_c2-4e-0-4c0df7</PassBranchId>
				<EndBranchPosition id="BR_POS_698" branchId="BRANCH_c2-4e-0-4c0f0b" branchNodeId="BN_20576-224" offset="0"/>
			</BranchRoute>
		</WiringItem>
		<WiringItem xsi:type="Wire" id="WIRE_10-c-0-3bead5" name="CPD01AB" signalId="SIGNAL_2-36-0-3336" cableType="WIRE-2UKD-0.35" wireName="GN/BN" fromPinId="PIN_f-18-0-f596" toPinId="PIN_93-18-0-2cc6f0">
			<AppRef name="E3.Series" version="2.13.7.0" guid="41a0f84f-32b8-45d8-a411-c4128012c92c"/>
			<Property id="PROPERTY_6909" name="WIRE_LENGTH" value="870"/>
			<Property id="PROPERTY_6910" name="WIRE_END2_MATL" value="(SN)"/>
			<Property id="PROPERTY_6911" name="WIRE_CSA" value="0.35"/>
			<Property id="PROPERTY_6912" name="WIRE_MIN_BEND_RADIUS" value="3"/>
			<Property id="PROPERTY_6913" name="WIRE_OPTION" value="AALAK &amp; ( HJGAJ | HJGAX )"/>
			<Property id="PROPERTY_6914" name="WIRE_DEV_PIN_1" value="C2H101-A:6"/>
			<Property id="PROPERTY_6915" name="WIRE_COLOR" value="GN/BN"/>
			<Property id="PROPERTY_6916" name="WIRE_SPEC" value="2UKD"/>
			<Property id="PROPERTY_6917" name="WIRE_END1_MATL" value="(SN)"/>
			<Property id="PROPERTY_6918" name="WIRE_LEVEL" value="AA/AB/AD/AE/AF/AG/AH/AJ/AK/AL/AM/AN/AP/AR/BA/BB/BD/BE/BF/BG/BH/BJ/CA/CB/CC/CD/CE/UC/UD/UE/UF"/>
			<Property id="PROPERTY_6919" name="WIRE_END1_TERM" value="9U5T-14474-DB"/>
			<Property id="PROPERTY_6920" name="WIRE_DEV_PIN_2" value="C22-SW1:23"/>
			<Property id="PROPERTY_6921" name="WIRE_NAME" value="CPD01AB"/>
			<Property id="PROPERTY_6922" name="WIRE_END2_TERM" value="DU5T-14421-FA"/>
			<Property id="PROPERTY_6923" name="WIRE_SIGNAL" value="CCA15"/>
			<Property id="PROPERTY_6924" name="HRN_FAMILY" value="14401"/>
			<Property id="PROPERTY_6925" name="WIRE_FPN" value="WIRE-2UKD-0.35-GN/BN"/>
			<Property id="PROPERTY_6926" name="WIRE_DIA_MAX" value="1.2"/>
			<Option id="OPTION_10-c-0-3bead5_1" value="AALAK &amp; ( HJGAJ | HJGAX )"/>
			<BranchRoute id="BRR_218">
				<StartBranchPosition id="BR_POS_699" branchId="BRANCH_c2-4e-0-4c0f41" branchNodeId="BN_13944-224" offset="0"/>
				<PassBranchId>BRANCH_c2-4e-0-4c0f40</PassBranchId>
				<PassBranchId>BRANCH_c2-4e-0-4c10c3</PassBranchId>
				<PassBranchId>BRANCH_c2-4e-0-4c0ff9</PassBranchId>
				<PassBranchId>BRANCH_c2-4e-0-4c0f34</PassBranchId>
				<PassBranchId>BRANCH_c2-4e-0-4c0d05</PassBranchId>
				<PassBranchId>BRANCH_c2-4e-0-4c1076</PassBranchId>
				<PassBranchId>BRANCH_c2-4e-0-4c106f</PassBranchId>
				<PassBranchId>BRANCH_c2-4e-0-4c1075</PassBranchId>
				<PassBranchId>BRANCH_c2-4e-0-4c1068</PassBranchId>
				<PassBranchId>BRANCH_c2-4e-0-4c0df7</PassBranchId>
				<EndBranchPosition id="BR_POS_700" branchId="BRANCH_c2-4e-0-4c0f0b" branchNodeId="BN_20576-224" offset="0"/>
			</BranchRoute>
		</WiringItem>
		<WiringItem xsi:type="Wire" id="WIRE_63-c-0-201eff" name="CPD02AB" signalId="SIGNAL_d-36-0-e2d43" cableType="WIRE-2UKD-0.35" wireName="GY/BU" fromPinId="PIN_9f-18-0-51400d" toPinId="PIN_f-18-0-f5a0">
			<AppRef name="E3.Series" version="2.13.7.0" guid="1f353341-d9f1-4cb0-8681-cefca774ace9"/>
			<Property id="PROPERTY_6927" name="WIRE_LENGTH" value="870"/>
			<Property id="PROPERTY_6928" name="WIRE_END2_MATL" value="(SN)"/>
			<Property id="PROPERTY_6929" name="WIRE_CSA" value="0.35"/>
			<Property id="PROPERTY_6930" name="WIRE_MIN_BEND_RADIUS" value="3"/>
			<Property id="PROPERTY_6931" name="WIRE_OPTION" value="AALAK &amp; ( HJGAJ | HJGAX )"/>
			<Property id="PROPERTY_6932" name="WIRE_DEV_PIN_1" value="C22-SW1:17"/>
			<Property id="PROPERTY_6933" name="WIRE_COLOR" value="GY/BU"/>
			<Property id="PROPERTY_6934" name="WIRE_SPEC" value="2UKD"/>
			<Property id="PROPERTY_6935" name="WIRE_END1_MATL" value="(SN)"/>
			<Property id="PROPERTY_6936" name="WIRE_LEVEL" value="AA/AB/AD/AE/AF/AG/AH/AJ/AK/AL/AM/AN/AP/AR/BA/BB/BD/BE/BF/BG/BH/BJ/CA/CB/CC/CD/CE/UC/UD/UE/UF"/>
			<Property id="PROPERTY_6937" name="WIRE_END1_TERM" value="DU5T-14421-FA"/>
			<Property id="PROPERTY_6938" name="WIRE_DEV_PIN_2" value="C2H101-A:14"/>
			<Property id="PROPERTY_6939" name="WIRE_NAME" value="CPD02AB"/>
			<Property id="PROPERTY_6940" name="WIRE_END2_TERM" value="9U5T-14474-DB"/>
			<Property id="PROPERTY_6941" name="WIRE_SIGNAL" value="CPD02"/>
			<Property id="PROPERTY_6942" name="HRN_FAMILY" value="14401"/>
			<Property id="PROPERTY_6943" name="WIRE_FPN" value="WIRE-2UKD-0.35-GY/BU"/>
			<Property id="PROPERTY_6944" name="WIRE_DIA_MAX" value="1.2"/>
			<Option id="OPTION_63-c-0-201eff_1" value="AALAK &amp; ( HJGAJ | HJGAX )"/>
			<BranchRoute id="BRR_219">
				<StartBranchPosition id="BR_POS_701" branchId="BRANCH_c2-4e-0-4c0f41" branchNodeId="BN_13944-224" offset="0"/>
				<PassBranchId>BRANCH_c2-4e-0-4c0f40</PassBranchId>
				<PassBranchId>BRANCH_c2-4e-0-4c10c3</PassBranchId>
				<PassBranchId>BRANCH_c2-4e-0-4c0ff9</PassBranchId>
				<PassBranchId>BRANCH_c2-4e-0-4c0f34</PassBranchId>
				<PassBranchId>BRANCH_c2-4e-0-4c0d05</PassBranchId>
				<PassBranchId>BRANCH_c2-4e-0-4c1076</PassBranchId>
				<PassBranchId>BRANCH_c2-4e-0-4c106f</PassBranchId>
				<PassBranchId>BRANCH_c2-4e-0-4c1075</PassBranchId>
				<PassBranchId>BRANCH_c2-4e-0-4c1068</PassBranchId>
				<PassBranchId>BRANCH_c2-4e-0-4c0df7</PassBranchId>
				<EndBranchPosition id="BR_POS_702" branchId="BRANCH_c2-4e-0-4c0f0b" branchNodeId="BN_20576-224" offset="0"/>
			</BranchRoute>
		</WiringItem>
		<WiringItem xsi:type="Wire" id="WIRE_95-c-0-e64e8" name="CPD03B" signalId="SIGNAL_d-36-0-e2d4f" cableType="WIRE-2UKD-0.75" wireName="WH" fromPinId="PIN_b5-18-0-555f" toPinId="PIN_9d-1e-0-dde2f">
			<AppRef name="E3.Series" version="2.13.7.0" guid="08409e81-01f9-47fe-ac35-f6648bc46798"/>
			<Property id="PROPERTY_6945" name="WIRE_LENGTH" value="2270"/>
			<Property id="PROPERTY_6946" name="WIRE_CSA" value="0.75"/>
			<Property id="PROPERTY_6947" name="WIRE_MIN_BEND_RADIUS" value="3"/>
			<Property id="PROPERTY_6948" name="WIRE_OPTION" value="AALAK"/>
			<Property id="PROPERTY_6949" name="WIRE_DEV_PIN_1" value="C12-B2:16"/>
			<Property id="PROPERTY_6950" name="WIRE_COLOR" value="WH"/>
			<Property id="PROPERTY_6951" name="WIRE_SPEC" value="2UKD"/>
			<Property id="PROPERTY_6952" name="WIRE_END1_MATL" value="(SN)"/>
			<Property id="PROPERTY_6953" name="WIRE_LEVEL" value="AA/AB/AD/AE/AF/AG/AH/AJ/AK/AL/AM/AN/AP/AR/BA/BB/BD/BE/BF/BG/BH/BJ/CA/CB/CC/CD/CE/UC/UD/UE/UF"/>
			<Property id="PROPERTY_6954" name="WIRE_END1_TERM" value="9U5T-14474-EB"/>
			<Property id="PROPERTY_6955" name="WIRE_DEV_PIN_2" value="BC14-Splice:1"/>
			<Property id="PROPERTY_6956" name="WIRE_NAME" value="CPD03B"/>
			<Property id="PROPERTY_6957" name="WIRE_SIGNAL" value="CPD03"/>
			<Property id="PROPERTY_6958" name="HRN_FAMILY" value="14401"/>
			<Property id="PROPERTY_6959" name="WIRE_FPN" value="WIRE-2UKD-0.75-WH"/>
			<Property id="PROPERTY_6960" name="WIRE_DIA_MAX" value="1.6"/>
			<Option id="OPTION_95-c-0-e64e8_1" value="AALAK"/>
			<BranchRoute id="BRR_220">
				<StartBranchPosition id="BR_POS_703" branchId="BRANCH_c2-4e-0-4c0e67" branchNodeId="BN_3390_25-302_156" offset="0"/>
				<PassBranchId>BRANCH_c2-4e-0-4c0d3e</PassBranchId>
				<PassBranchId>BRANCH_c2-4e-0-4c1055</PassBranchId>
				<PassBranchId>BRANCH_c2-4e-0-4c1056</PassBranchId>
				<PassBranchId>BRANCH_c2-4e-0-4c10e7</PassBranchId>
				<PassBranchId>BRANCH_c2-4e-0-4c0fc5</PassBranchId>
				<PassBranchId>BRANCH_c2-4e-0-4c0fce</PassBranchId>
				<PassBranchId>BRANCH_c2-4e-0-4c0d1d</PassBranchId>
				<PassBranchId>BRANCH_35-4e-0-2efaf8</PassBranchId>
				<PassBranchId>BRANCH_c2-4e-0-4c10c0</PassBranchId>
				<PassBranchId>BRANCH_c2-4e-0-4c0fc8</PassBranchId>
				<PassBranchId>BRANCH_c2-4e-0-4c108d</PassBranchId>
				<PassBranchId>BRANCH_c2-4e-0-4c0d88</PassBranchId>
				<PassBranchId>BRANCH_c2-4e-0-4c109a</PassBranchId>
				<PassBranchId>BRANCH_c2-4e-0-4c0e16</PassBranchId>
				<PassBranchId>BRANCH_c2-4e-0-4c0fcb</PassBranchId>
				<PassBranchId>BRANCH_c2-4e-0-4c0dea</PassBranchId>
				<PassBranchId>BRANCH_c2-4e-0-4c0fd1</PassBranchId>
				<PassBranchId>BRANCH_c2-4e-0-4c0fe8</PassBranchId>
				<PassBranchId>BRANCH_c2-4e-0-4c1009</PassBranchId>
				<PassBranchId>BRANCH_c2-4e-0-4c10cb</PassBranchId>
				<PassBranchId>BRANCH_c2-4e-0-4c10ec</PassBranchId>
				<PassBranchId>BRANCH_c2-4e-0-4c0de4</PassBranchId>
				<PassBranchId>BRANCH_1a-4e-0-18e01d0</PassBranchId>
				<PassBranchId>BRANCH_c2-4e-0-4c10c8</PassBranchId>
				<PassBranchId>BRANCH_eb-4e-0-678fca</PassBranchId>
				<PassBranchId>BRANCH_c2-4e-0-4c0e87</PassBranchId>
				<PassBranchId>BRANCH_c2-4e-0-4c0e8c</PassBranchId>
				<PassBranchId>BRANCH_c2-4e-0-4c0e7f</PassBranchId>
				<PassBranchId>BRANCH_c2-4e-0-4c0ef9</PassBranchId>
				<PassBranchId>BRANCH_c2-4e-0-4c0e70</PassBranchId>
				<PassBranchId>BRANCH_c2-4e-0-4c0d66</PassBranchId>
				<PassBranchId>BRANCH_c2-4e-0-4c0fe2</PassBranchId>
				<PassBranchId>BRANCH_c2-4e-0-4c0d5d</PassBranchId>
				<PassBranchId>BRANCH_c2-4e-0-4c0e62</PassBranchId>
				<EndBranchPosition id="BR_POS_704" branchId="BRANCH_c2-4e-0-4c0d54" branchNodeId="BN_21712-184" offset="0"/>
			</BranchRoute>
		</WiringItem>
		<WiringItem xsi:type="Wire" id="WIRE_95-c-0-e472a" name="CPK35B" signalId="SIGNAL_2-36-0-3758" cableType="WIRE-2UKD-0.35" wireName="YE/OG" fromPinId="PIN_f-18-0-dba8" toPinId="PIN_29-18-0-82d6">
			<AppRef name="E3.Series" version="2.13.7.0" guid="23e5e050-3a00-48ea-80db-31890e658bd3"/>
			<Property id="PROPERTY_6961" name="WIRE_LENGTH" value="2000"/>
			<Property id="PROPERTY_6962" name="WIRE_END2_MATL" value="(SN)"/>
			<Property id="PROPERTY_6963" name="WIRE_CSA" value="0.35"/>
			<Property id="PROPERTY_6964" name="WIRE_MIN_BEND_RADIUS" value="3"/>
			<Property id="PROPERTY_6965" name="WIRE_OPTION" value="CBGAL | CBGAJ | CBGAU | CBFAN"/>
			<Property id="PROPERTY_6966" name="WIRE_DEV_PIN_1" value="C2AM02-B:5"/>
			<Property id="PROPERTY_6967" name="WIRE_COLOR" value="YE/OG"/>
			<Property id="PROPERTY_6968" name="WIRE_SPEC" value="2UKD"/>
			<Property id="PROPERTY_6969" name="WIRE_END1_MATL" value="(SN)"/>
			<Property id="PROPERTY_6970" name="WIRE_LEVEL" value="(PEPS-12)/(BEV)"/>
			<Property id="PROPERTY_6971" name="WIRE_END1_TERM" value="9U5T-14474-DB"/>
			<Property id="PROPERTY_6972" name="WIRE_DEV_PIN_2" value="C2DC38:6"/>
			<Property id="PROPERTY_6973" name="WIRE_NAME" value="CPK35B"/>
			<Property id="PROPERTY_6974" name="WIRE_END2_TERM" value="3F2T-14474-SA"/>
			<Property id="PROPERTY_6975" name="WIRE_SIGNAL" value="CPK35"/>
			<Property id="PROPERTY_6976" name="HRN_FAMILY" value="14401"/>
			<Property id="PROPERTY_6977" name="WIRE_FPN" value="WIRE-2UKD-0.35-YE/OG"/>
			<Property id="PROPERTY_6978" name="WIRE_DIA_MAX" value="1.2"/>
			<Option id="OPTION_95-c-0-e472a_1" value="CBGAL | CBGAJ | CBGAU | CBFAN"/>
			<BranchRoute id="BRR_221">
				<StartBranchPosition id="BR_POS_705" branchId="BRANCH_c2-4e-0-4c0eab" branchNodeId="BN_12382_25-194_156" offset="0"/>
				<PassBranchId>BRANCH_c2-4e-0-4c0ea8</PassBranchId>
				<PassBranchId>BRANCH_c2-4e-0-4c0ea2</PassBranchId>
				<PassBranchId>BRANCH_c2-4e-0-4c0f5d</PassBranchId>
				<PassBranchId>BRANCH_c2-4e-0-4c0f4c</PassBranchId>
				<PassBranchId>BRANCH_c2-4e-0-4c0dea</PassBranchId>
				<PassBranchId>BRANCH_c2-4e-0-4c0fd1</PassBranchId>
				<PassBranchId>BRANCH_c2-4e-0-4c0fe8</PassBranchId>
				<PassBranchId>BRANCH_c2-4e-0-4c1009</PassBranchId>
				<PassBranchId>BRANCH_c2-4e-0-4c10cb</PassBranchId>
				<PassBranchId>BRANCH_c2-4e-0-4c10ec</PassBranchId>
				<PassBranchId>BRANCH_c2-4e-0-4c0de4</PassBranchId>
				<PassBranchId>BRANCH_1a-4e-0-18e01d0</PassBranchId>
				<PassBranchId>BRANCH_c2-4e-0-4c10c8</PassBranchId>
				<PassBranchId>BRANCH_eb-4e-0-678fca</PassBranchId>
				<PassBranchId>BRANCH_c2-4e-0-4c0e87</PassBranchId>
				<PassBranchId>BRANCH_c2-4e-0-4c0e8c</PassBranchId>
				<PassBranchId>BRANCH_c2-4e-0-4c0e7f</PassBranchId>
				<PassBranchId>BRANCH_c2-4e-0-4c102d</PassBranchId>
				<PassBranchId>BRANCH_c2-4e-0-4c1030</PassBranchId>
				<PassBranchId>BRANCH_c2-4e-0-4c0e6d</PassBranchId>
				<PassBranchId>BRANCH_c2-4e-0-4c0fdc</PassBranchId>
				<PassBranchId>BRANCH_c2-4e-0-4c0efe</PassBranchId>
				<PassBranchId>BRANCH_c2-4e-0-4c0df1</PassBranchId>
				<EndBranchPosition id="BR_POS_706" branchId="BRANCH_c2-4e-0-4c0f01" branchNodeId="BN_23840-236" offset="0"/>
			</BranchRoute>
		</WiringItem>
		<WiringItem xsi:type="Wire" id="WIRE_1a-c-0-183fe19" name="VLN04AF" signalId="SIGNAL_2-36-0-4111" cableType="WIRE-2UKD-0.35" wireName="VT/GY" fromPinId="PIN_42-1e-0-8eb69" toPinId="PIN_8c-18-0-3398bd">
			<AppRef name="E3.Series" version="2.13.7.0" guid="d3b8f1d1-e2e0-4b42-8960-a128a03c2608"/>
			<Property id="PROPERTY_14409" name="WIRE_LENGTH" value="770"/>
			<Property id="PROPERTY_14410" name="WIRE_END2_MATL" value="(SN)"/>
			<Property id="PROPERTY_14411" name="WIRE_LEVEL" value="(A-STR)"/>
			<Property id="PROPERTY_14412" name="WIRE_CSA" value="0.35"/>
			<Property id="PROPERTY_14413" name="WIRE_MIN_BEND_RADIUS" value="3"/>
			<Property id="PROPERTY_14414" name="WIRE_OPTION" value="GPAAW"/>
			<Property id="PROPERTY_14415" name="WIRE_DEV_PIN_1" value="S2LN04-B:1"/>
			<Property id="PROPERTY_14416" name="WIRE_COLOR" value="VT/GY"/>
			<Property id="PROPERTY_14417" name="WIRE_SPEC" value="2UKD"/>
			<Property id="PROPERTY_14418" name="WIRE_END2_TERM" value="3F2T-14474-SA"/>
			<Property id="PROPERTY_14419" name="WIRE_DEV_PIN_2" value="C2R168-C:6"/>
			<Property id="PROPERTY_14420" name="WIRE_NAME" value="VLN04AF"/>
			<Property id="PROPERTY_14421" name="ROUTEPATH_1" value="RTE-14401-GRAAP"/>
			<Property id="PROPERTY_14422" name="WIRE_SIGNAL" value="VLN04"/>
			<Property id="PROPERTY_14423" name="HRN_FAMILY" value="14401"/>
			<Property id="PROPERTY_14424" name="ROUTEPATH_2" value="RTE-14401-GRAAP-2"/>
			<Property id="PROPERTY_14425" name="WIRE_FPN" value="WIRE-2UKD-0.35-VT/GY"/>
			<Property id="PROPERTY_14426" name="WIRE_DIA_MAX" value="1.2"/>
			<Option id="OPTION_1a-c-0-183fe19_1" value="GPAAW"/>
			<BranchRoute id="BRR_635">
				<StartBranchPosition id="BR_POS_1533" branchId="BRANCH_c2-4e-0-4c0dae" branchNodeId="BN_4478_25-182_156" offset="0"/>
				<PassBranchId>BRANCH_c2-4e-0-4c0edc</PassBranchId>
				<PassBranchId>BRANCH_c2-4e-0-4c10ad</PassBranchId>
				<PassBranchId>BRANCH_c2-4e-0-4c0db1</PassBranchId>
				<PassBranchId>BRANCH_c2-4e-0-4c0d9b</PassBranchId>
				<PassBranchId>BRANCH_c2-4e-0-4c10b4</PassBranchId>
				<PassBranchId>BRANCH_c2-4e-0-4c10b7</PassBranchId>
				<PassBranchId>BRANCH_c2-4e-0-4c0fa1</PassBranchId>
				<PassBranchId>BRANCH_c2-4e-0-4c10b1</PassBranchId>
				<PassBranchId>BRANCH_c2-4e-0-4c0f9e</PassBranchId>
				<PassBranchId>BRANCH_c2-4e-0-4c0f9b</PassBranchId>
				<PassBranchId>BRANCH_c2-4e-0-4c10ae</PassBranchId>
				<PassBranchId>BRANCH_c2-4e-0-4c0d95</PassBranchId>
				<PassBranchId>BRANCH_c2-4e-0-4c101d</PassBranchId>
				<PassBranchId>BRANCH_c2-4e-0-4c101a</PassBranchId>
				<PassBranchId>BRANCH_c2-4e-0-4c0fc5</PassBranchId>
				<EndBranchPosition id="BR_POS_1534" branchId="BRANCH_c2-4e-0-4c10ea" branchNodeId="BN_6734_25-230_156" offset="0"/>
			</BranchRoute>
		</WiringItem>
	</HarnessItem>
	<SignalClass id="SIGNAL_CLASS_f9-36-0-38a747" name="CAC16_CE623_CYT45">
		<AppRef name="E3.Series" version="2.14.5.0" guid="1c2d4702-ab32-44a5-a1a2-33e3a43a0299"/>
	</SignalClass>
	<SignalClass id="SIGNAL_CLASS_69-36-0-c84952" name="CAT11&amp;CBB53&amp;CAT09">
		<AppRef name="E3.Series" version="2.14.5.0" guid="5d73b8a3-d2aa-4d96-a890-7d5fd85cab02"/>
	</SignalClass>
	<SignalClass id="SIGNAL_CLASS_4e-36-0-55f8ed" name="CBBD7_CBP37">
		<AppRef name="E3.Series" version="2.14.5.0" guid="52b70160-c925-4668-b22e-50f4249ac56c"/>
	</SignalClass>
	<SignalClass id="SIGNAL_CLASS_f6-36-0-63284b" name="CBP35&amp;CBP37">
		<AppRef name="E3.Series" version="2.14.5.0" guid="ab73697d-734f-444d-aeb4-0c939f676c5b"/>
	</SignalClass>
	<SignalClass id="SIGNAL_CLASS_8a-36-0-10aa6" name="CBP36&amp;CBB77">
		<AppRef name="E3.Series" version="2.14.5.0" guid="e362abf5-49b5-4d18-9c56-f7e7f58c676c"/>
	</SignalClass>
	<SignalClass id="SIGNAL_CLASS_f1-36-0-5d213d" name="CLN13&amp;CLF57">
		<AppRef name="E3.Series" version="2.14.5.0" guid="fefddce4-3668-46a5-afda-24392d906749"/>
	</SignalClass>
	<SignalClass id="SIGNAL_CLASS_e4-36-0-d8e94" name="CPL44&amp;CLS64">
		<AppRef name="E3.Series" version="2.14.5.0" guid="290e4a84-cf79-4571-a6ab-770f19b505bb"/>
	</SignalClass>
	<SignalClass id="SIGNAL_CLASS_23-36-0-1d97c" name="CPM40&amp;CPM42&amp;CPM44">
		<AppRef name="E3.Series" version="2.14.5.0" guid="a6f1fb4d-88bb-45ab-92c7-0e76196efb5c"/>
	</SignalClass>
	<SignalClass id="SIGNAL_CLASS_b8-36-0-3f10e2" name="CYA17_CPL91">
		<AppRef name="E3.Series" version="2.14.5.0" guid="36b686f1-921c-4bd6-82ea-6416a3811dc9"/>
	</SignalClass>
	<SignalClass id="SIGNAL_CLASS_c0-36-0-1831b" name="GD216&amp;DMP19">
		<AppRef name="E3.Series" version="2.14.5.0" guid="222cfb72-a362-485a-bade-98bbcdd4aa6f"/>
	</SignalClass>
	<SignalClass id="SIGNAL_CLASS_13-36-0-2db767" name="RMM13_RMT02">
		<AppRef name="E3.Series" version="2.14.5.0" guid="2261b775-a707-44df-bfae-36171df75533"/>
	</SignalClass>
	<SignalClass id="SIGNAL_CLASS_95-36-0-8c08cb" name="RPK07_RPK63">
		<AppRef name="E3.Series" version="2.14.5.0" guid="537e52e5-f740-4b44-b104-5feee6bd5e53"/>
	</SignalClass>
	<SignalClass id="SIGNAL_CLASS_95-36-0-87eb76" name="VCD10_VLF15">
		<AppRef name="E3.Series" version="2.14.5.0" guid="940040da-553b-4f7b-a947-184a05dd133b"/>
	</SignalClass>
	<SignalClass id="SIGNAL_CLASS_f6-36-0-632676" name="VDB25&amp;VMF04">
		<AppRef name="E3.Series" version="2.14.5.0" guid="2504f56a-f574-4270-a813-904587027f8f"/>
	</SignalClass>
	<SignalClass id="SIGNAL_CLASS_f6-36-0-632685" name="VDB26&amp;VMF05">
		<AppRef name="E3.Series" version="2.14.5.0" guid="21f15909-e4d2-490d-b727-1facf5a4f55f"/>
	</SignalClass>
	<SignalClass id="SIGNAL_CLASS_a6-36-0-34f6a" name="VDB29&amp;VMP24&amp;VLN04">
		<AppRef name="E3.Series" version="2.14.5.0" guid="e1783cc8-573f-4bbb-bdd8-9b3f4dd4faf0"/>
	</SignalClass>
	<SignalClass id="SIGNAL_CLASS_95-36-0-8e577e" name="VLN37_VLN74">
		<AppRef name="E3.Series" version="2.14.5.0" guid="498c1281-c923-4b7f-b7ba-40423d18f11b"/>
	</SignalClass>
	<SignalClass id="SIGNAL_CLASS_13-36-0-2db77a" name="VMM13_VMT02">
		<AppRef name="E3.Series" version="2.14.5.0" guid="60d2829b-488a-4203-bc19-63e03d66a225"/>
	</SignalClass>
	<SignalClass id="SIGNAL_CLASS_cb-36-0-6172e6" name="VMM36_VRA02">
		<AppRef name="E3.Series" version="2.14.5.0" guid="2b4095f8-c8eb-4bca-b566-b3a1f4710254"/>
	</SignalClass>
	<SignalClass id="SIGNAL_CLASS_cb-36-0-6172d8" name="VMM37_VRA01">
		<AppRef name="E3.Series" version="2.14.5.0" guid="77298486-2cca-4699-850d-a560510b7b56"/>
	</SignalClass>
	<SignalClass id="SIGNAL_CLASS_95-36-0-8c08da" name="VPK07_EPK63">
		<AppRef name="E3.Series" version="2.14.5.0" guid="0f533bcf-53bb-44d9-85c8-141b18afab09"/>
	</SignalClass>
	<Signal id="SIGNAL_EMPTY" name=""/>
	<Signal id="SIGNAL_f9-36-0-3e82ec" name="#234078">
		<AppRef name="E3.Series" version="2.14.5.0" guid="9c0ef0a6-4dc2-4bb4-b30b-8d8daa179e2d"/>
	</Signal>
	<Signal id="SIGNAL_6b-36-0-2702b2" name="#7826">
		<AppRef name="E3.Series" version="2.14.5.0" guid="7bc1baac-7bb7-46f9-97e4-c49ae8705f91"/>
	</Signal>
	<Signal id="SIGNAL_13-36-0-2cb691" name="A_CBP02">
		<AppRef name="E3.Series" version="2.14.5.0" guid="1edbfb04-ff22-4293-9075-9615089af76d"/>
	</Signal>
	<Signal id="SIGNAL_13-36-0-2cd34d" name="A_SBP29">
		<AppRef name="E3.Series" version="2.14.5.0" guid="817807ff-a8b2-4c86-9f73-6ebdf3c832f9"/>
	</Signal>
	<Signal id="SIGNAL_2-36-0-3160" signalClassId="SIGNAL_CLASS_f9-36-0-38a747" name="CAC16">
		<AppRef name="E3.Series" version="2.14.5.0" guid="bd98d4bc-b6af-47e4-a0be-2f0e20b6e675"/>
	</Signal>
	<Signal id="SIGNAL_99-36-0-15f160" name="CAT39">
		<AppRef name="E3.Series" version="2.14.5.0" guid="00c70fa4-71a8-48dd-a3a0-a5788baf86c0"/>
	</Signal>
	<Signal id="SIGNAL_2-36-0-3215" name="CBB21">
		<AppRef name="E3.Series" version="2.14.5.0" guid="9afd29e4-b827-428b-b164-3285308583c2"/>
	</Signal>
	<Signal id="SIGNAL_2-36-0-3220" name="CBB32">
		<AppRef name="E3.Series" version="2.14.5.0" guid="45eb5e44-f57d-4619-8c72-e570b29abd84"/>
	</Signal>
	<Signal id="SIGNAL_2-36-0-3221" name="CBB33">
		<AppRef name="E3.Series" version="2.14.5.0" guid="0a42a27e-06d5-4964-a822-4e419157febc"/>
	</Signal>
	<Signal id="SIGNAL_2-36-0-3225" signalClassId="SIGNAL_CLASS_4e-36-0-55f8ed" name="CBB37">
		<AppRef name="E3.Series" version="2.14.5.0" guid="45e8f003-d663-4d7f-b358-8fb2505a4523"/>
	</Signal>
	<Signal id="SIGNAL_2-36-0-327d" name="CBBC5">
		<AppRef name="E3.Series" version="2.14.5.0" guid="eb3c3974-cda3-41ec-8355-cbcdd7d18116"/>
	</Signal>
	<Signal id="SIGNAL_2-36-0-328c" signalClassId="SIGNAL_CLASS_69-36-0-c84952" name="CBP04">
		<AppRef name="E3.Series" version="2.14.5.0" guid="6e45da9b-2b73-486c-b01e-9a56a9553eb8"/>
	</Signal>
	<Signal id="SIGNAL_2-36-0-3299" name="CBP17">
		<AppRef name="E3.Series" version="2.14.5.0" guid="ec178e10-9549-461a-a767-9044e10b0a72"/>
	</Signal>
	<Signal id="SIGNAL_2-36-0-329a" name="CBP18">
		<AppRef name="E3.Series" version="2.14.5.0" guid="5b4a6ac2-5035-4e8b-ab80-d4d623502880"/>
	</Signal>
	<Signal id="SIGNAL_2-36-0-32ab" signalClassId="SIGNAL_CLASS_f6-36-0-63284b" name="CBP35">
		<AppRef name="E3.Series" version="2.14.5.0" guid="5c5bbde2-2177-45d1-a13e-f84ce7246da3"/>
	</Signal>
	<Signal id="SIGNAL_2-36-0-32ac" signalClassId="SIGNAL_CLASS_8a-36-0-10aa6" name="CBP36">
		<AppRef name="E3.Series" version="2.14.5.0" guid="21bfb86e-02cd-4540-8c47-7e61727ca920"/>
	</Signal>
	<Signal id="SIGNAL_2-36-0-3330" name="CBX07">
		<AppRef name="E3.Series" version="2.14.5.0" guid="a07315d6-812f-4401-8185-da1af4d209b3"/>
	</Signal>
	<Signal id="SIGNAL_2-36-0-3336" name="CCA15">
		<AppRef name="E3.Series" version="2.14.5.0" guid="9186f774-a97b-41ee-b1a3-86c7fe1c9020"/>
	</Signal>
	<Signal id="SIGNAL_2-36-0-335b" name="CCB20">
		<AppRef name="E3.Series" version="2.14.5.0" guid="1a747366-3809-4dff-9db6-ebb9f14cf18a"/>
	</Signal>
	<Signal id="SIGNAL_2-36-0-335c" name="CCB21">
		<AppRef name="E3.Series" version="2.14.5.0" guid="2f82583a-32be-48d0-a0fa-dfdd0ba91a75"/>
	</Signal>
	<Signal id="SIGNAL_2-36-0-335d" name="CCB22">
		<AppRef name="E3.Series" version="2.14.5.0" guid="68417b07-ffe0-4507-b5d1-a324c9154895"/>
	</Signal>
	<Signal id="SIGNAL_2-36-0-335e" name="CCB23">
		<AppRef name="E3.Series" version="2.14.5.0" guid="c432987b-dc41-49c9-9ccf-1a1691974b93"/>
	</Signal>
	<Signal id="SIGNAL_2-36-0-335f" name="CCB24">
		<AppRef name="E3.Series" version="2.14.5.0" guid="c8d8811a-21c1-4099-b38f-b8b44d2e5c2f"/>
	</Signal>
	<Signal id="SIGNAL_2-36-0-3360" name="CCB25">
		<AppRef name="E3.Series" version="2.14.5.0" guid="4579e805-4415-4dac-9b5e-206920733cc4"/>
	</Signal>
	<Signal id="SIGNAL_18-36-0-251a43" name="CCB61">
		<AppRef name="E3.Series" version="2.14.5.0" guid="74fb9b69-46df-4aa2-a3b6-e46e3d06d799"/>
	</Signal>
	<Signal id="SIGNAL_2-36-0-33c4" name="CDC26">
		<AppRef name="E3.Series" version="2.14.5.0" guid="4316266b-81a4-4c96-b18e-10586b875dcd"/>
	</Signal>
	<Signal id="SIGNAL_2-36-0-33c7" name="CDC30">
		<AppRef name="E3.Series" version="2.14.5.0" guid="a8782d83-446b-4ab0-9619-dd791757cbfc"/>
	</Signal>
	<Signal id="SIGNAL_2-36-0-33ca" name="CDC33">
		<AppRef name="E3.Series" version="2.14.5.0" guid="25191307-bfdd-41fd-adf5-9ecd52a12b3e"/>
	</Signal>
	<Signal id="SIGNAL_2-36-0-33cb" name="CDC34">
		<AppRef name="E3.Series" version="2.14.5.0" guid="ced3c87e-e8f7-4448-88df-da4d039230f8"/>
	</Signal>
	<Signal id="SIGNAL_2-36-0-33cc" name="CDC35">
		<AppRef name="E3.Series" version="2.14.5.0" guid="90d25f0b-9ebe-4b5e-b5de-2ec8c48bb0c6"/>
	</Signal>
	<Signal id="SIGNAL_2-36-0-34b9" name="CE436">
		<AppRef name="E3.Series" version="2.14.5.0" guid="3a097cb8-7431-4f43-b823-195684c1decf"/>
	</Signal>
	<Signal id="SIGNAL_2-36-0-34c9" name="CE469">
		<AppRef name="E3.Series" version="2.14.5.0" guid="9a1c3020-5c83-487b-90d9-83dbf978f107"/>
	</Signal>
	<Signal id="SIGNAL_2-36-0-3548" name="CET42">
		<AppRef name="E3.Series" version="2.14.5.0" guid="86c07947-4711-4cdb-8f57-83c28a3beee2"/>
	</Signal>
	<Signal id="SIGNAL_2-36-0-3549" name="CET43">
		<AppRef name="E3.Series" version="2.14.5.0" guid="e6a6fa8a-e869-4761-b14f-cc5d3b6328ca"/>
	</Signal>
	<Signal id="SIGNAL_2-36-0-3552" name="CET53">
		<AppRef name="E3.Series" version="2.14.5.0" guid="ad289511-0078-46c3-b3b6-de57a381d5e1"/>
	</Signal>
	<Signal id="SIGNAL_2-36-0-3554" name="CET59">
		<AppRef name="E3.Series" version="2.14.5.0" guid="36c63917-96e5-44f8-bc1a-3976a26ed0da"/>
	</Signal>
	<Signal id="SIGNAL_2-36-0-3565" name="CH123">
		<AppRef name="E3.Series" version="2.14.5.0" guid="ae93e3ba-b67f-40f6-b3af-5d5d4b8b873b"/>
	</Signal>
	<Signal id="SIGNAL_42-36-0-18a6161" signalClassId="SIGNAL_CLASS_f6-36-0-63284b" name="CH133">
		<AppRef name="E3.Series" version="2.14.5.0" guid="2ebaea9a-ba86-4f60-ae5b-3a9628e8c744"/>
	</Signal>
	<Signal id="SIGNAL_2-36-0-3567" name="CH202">
		<AppRef name="E3.Series" version="2.14.5.0" guid="742fa2b6-a74a-4f7e-b84f-aee9d3eda09f"/>
	</Signal>
	<Signal id="SIGNAL_2-36-0-3568" name="CH203">
		<AppRef name="E3.Series" version="2.14.5.0" guid="854a3ab7-d031-463e-902e-69b1685266a1"/>
	</Signal>
	<Signal id="SIGNAL_2-36-0-356c" name="CH207">
		<AppRef name="E3.Series" version="2.14.5.0" guid="64ca1225-18f9-45d8-8b3c-fa7192c894fe"/>
	</Signal>
	<Signal id="SIGNAL_2-36-0-356d" name="CH208">
		<AppRef name="E3.Series" version="2.14.5.0" guid="5170706a-16a1-421b-b684-628079f492ab"/>
	</Signal>
	<Signal id="SIGNAL_2-36-0-3571" name="CH212">
		<AppRef name="E3.Series" version="2.14.5.0" guid="122ed90f-3078-4485-80ee-0d6034b29c2f"/>
	</Signal>
	<Signal id="SIGNAL_2-36-0-3572" name="CH213">
		<AppRef name="E3.Series" version="2.14.5.0" guid="2e540662-e966-4618-9f35-ec0ac1728f62"/>
	</Signal>
	<Signal id="SIGNAL_2-36-0-3588" name="CH238">
		<AppRef name="E3.Series" version="2.14.5.0" guid="4f74cc4b-f5a4-4d1a-8205-7a886b73c976"/>
	</Signal>
	<Signal id="SIGNAL_2-36-0-3589" name="CH239">
		<AppRef name="E3.Series" version="2.14.5.0" guid="4b9eae46-cb0c-45d0-91d7-07faff45a333"/>
	</Signal>
	<Signal id="SIGNAL_2-36-0-3597" name="CH253">
		<AppRef name="E3.Series" version="2.14.5.0" guid="d043d4f3-9190-4840-a5d3-100f38d3c097"/>
	</Signal>
	<Signal id="SIGNAL_42-36-0-18a6199" name="CH260">
		<AppRef name="E3.Series" version="2.14.5.0" guid="915afb9a-0eb0-419d-a71c-ba93c9cf3913"/>
	</Signal>
	<Signal id="SIGNAL_42-36-0-18a61a5" name="CH261">
		<AppRef name="E3.Series" version="2.14.5.0" guid="7ef6e3e8-6de7-48f6-aff8-8b3d54f721de"/>
	</Signal>
	<Signal id="SIGNAL_42-36-0-18a61de" name="CH433">
		<AppRef name="E3.Series" version="2.14.5.0" guid="79a412d1-21e6-4b3c-9531-9ad5a6014b60"/>
	</Signal>
	<Signal id="SIGNAL_99-36-0-15f902" name="CHS87">
		<AppRef name="E3.Series" version="2.14.5.0" guid="7226fda0-ae95-44cf-9c9c-4e3abf3bcf54"/>
	</Signal>
	<Signal id="SIGNAL_99-36-0-15f9b2" name="CHS88">
		<AppRef name="E3.Series" version="2.14.5.0" guid="57d1da06-4964-4c49-9c95-7fdae14e6683"/>
	</Signal>
	<Signal id="SIGNAL_2-36-0-3652" name="CLF70">
		<AppRef name="E3.Series" version="2.14.5.0" guid="6a8c97a9-1a60-48bf-83a2-a861cf3e414d"/>
	</Signal>
	<Signal id="SIGNAL_2-36-0-3653" name="CLF71">
		<AppRef name="E3.Series" version="2.14.5.0" guid="4a866d44-20e0-4041-a94a-330caac28c97"/>
	</Signal>
	<Signal id="SIGNAL_2-36-0-3655" name="CLF73">
		<AppRef name="E3.Series" version="2.14.5.0" guid="76669b95-073f-4562-83b1-e4fb715439d8"/>
	</Signal>
	<Signal id="SIGNAL_2-36-0-3656" name="CLF74">
		<AppRef name="E3.Series" version="2.14.5.0" guid="b94d45e6-c1d5-4b6d-8089-351223ea6a84"/>
	</Signal>
	<Signal id="SIGNAL_2-36-0-3660" name="CLN09">
		<AppRef name="E3.Series" version="2.14.5.0" guid="a74bb48e-2e6f-43ba-a06c-bf6402796533"/>
	</Signal>
	<Signal id="SIGNAL_2-36-0-3664" signalClassId="SIGNAL_CLASS_f1-36-0-5d213d" name="CLN13">
		<AppRef name="E3.Series" version="2.14.5.0" guid="61fde301-ed06-433c-93e8-590714ba9335"/>
	</Signal>
	<Signal id="SIGNAL_2-36-0-36b9" name="CLS32">
		<AppRef name="E3.Series" version="2.14.5.0" guid="a30db503-c0fd-4176-bc55-72c82786f10b"/>
	</Signal>
	<Signal id="SIGNAL_2-36-0-36e5" name="CMC20">
		<AppRef name="E3.Series" version="2.14.5.0" guid="7a8c4f1f-6415-4a0b-b023-c31ac9334f22"/>
	</Signal>
	<Signal id="SIGNAL_2-36-0-36f5" name="CME27">
		<AppRef name="E3.Series" version="2.14.5.0" guid="a837df61-ad03-4425-8bfb-b238e9d64741"/>
	</Signal>
	<Signal id="SIGNAL_2-36-0-3703" name="CMF11">
		<AppRef name="E3.Series" version="2.14.5.0" guid="7a545658-a8a4-456e-9e49-4b7328774f31"/>
	</Signal>
	<Signal id="SIGNAL_2-36-0-371b" name="CMP18">
		<AppRef name="E3.Series" version="2.14.5.0" guid="05fa63ca-cdf2-42c0-97cb-a8d3e57b0113"/>
	</Signal>
	<Signal id="SIGNAL_2-36-0-371d" name="CMP32">
		<AppRef name="E3.Series" version="2.14.5.0" guid="f0856795-fb03-4cc5-a020-3d1702868ab6"/>
	</Signal>
	<Signal id="SIGNAL_d-36-0-e2d43" name="CPD02">
		<AppRef name="E3.Series" version="2.14.5.0" guid="a5508e1f-b82f-42d5-ba69-6936765bfee9"/>
	</Signal>
	<Signal id="SIGNAL_d-36-0-e2d4f" signalClassId="SIGNAL_CLASS_23-36-0-1d97c" name="CPD03">
		<AppRef name="E3.Series" version="2.14.5.0" guid="6ec2f483-6ba6-43e9-9c21-d8f4c6b6c22a"/>
	</Signal>
	<Signal id="SIGNAL_2-36-0-3758" name="CPK35">
		<AppRef name="E3.Series" version="2.14.5.0" guid="28276d03-2a01-4fbc-8e76-f21814da2d65"/>
	</Signal>
	<Signal id="SIGNAL_2-36-0-3759" name="CPK36">
		<AppRef name="E3.Series" version="2.14.5.0" guid="33bf9514-eaf4-431f-86d8-317e7935f2e9"/>
	</Signal>
	<Signal id="SIGNAL_2-36-0-377b" name="CPL26">
		<AppRef name="E3.Series" version="2.14.5.0" guid="ff1acdce-7611-443e-bb56-6d92bf60b6cf"/>
	</Signal>
	<Signal id="SIGNAL_42-36-0-18a6a3f" signalClassId="SIGNAL_CLASS_b8-36-0-3f10e2" name="CPL91">
		<AppRef name="E3.Series" version="2.14.5.0" guid="ca4c0d73-55e9-487e-9e79-bbb87b1ec34f"/>
	</Signal>
	<Signal id="SIGNAL_2-36-0-37b5" name="CPL93">
		<AppRef name="E3.Series" version="2.14.5.0" guid="5334d604-2c8d-4d42-b2e3-fd0bca2849dd"/>
	</Signal>
	<Signal id="SIGNAL_18-36-0-2532db" name="CPLB5">
		<AppRef name="E3.Series" version="2.14.5.0" guid="7b2db2ee-4286-451f-ba5c-bf2c74854d47"/>
	</Signal>
	<Signal id="SIGNAL_2-36-0-37e3" name="CPP03">
		<AppRef name="E3.Series" version="2.14.5.0" guid="16f769db-cc41-4d37-b01f-0e7f9bb9bf04"/>
	</Signal>
	<Signal id="SIGNAL_2-36-0-37e4" name="CPP04">
		<AppRef name="E3.Series" version="2.14.5.0" guid="12c5d08f-c1a1-4f35-a79d-5d30c1cdf5f3"/>
	</Signal>
	<Signal id="SIGNAL_2-36-0-37e6" name="CPP09">
		<AppRef name="E3.Series" version="2.14.5.0" guid="6a8cdeb7-61b9-4f73-9eab-c2d7ef42bebe"/>
	</Signal>
	<Signal id="SIGNAL_2-36-0-37e7" name="CPP10">
		<AppRef name="E3.Series" version="2.14.5.0" guid="bd490978-fcca-4937-89b0-d951ad1bb57e"/>
	</Signal>
	<Signal id="SIGNAL_2-36-0-37ef" name="CPP22">
		<AppRef name="E3.Series" version="2.14.5.0" guid="0c29afd1-4283-4020-889d-0d9edca28f8e"/>
	</Signal>
	<Signal id="SIGNAL_2-36-0-37f0" name="CPP23">
		<AppRef name="E3.Series" version="2.14.5.0" guid="f046f0d7-f1d6-4301-b2a6-5ee35e31da82"/>
	</Signal>
	<Signal id="SIGNAL_2-36-0-3825" name="CPR63">
		<AppRef name="E3.Series" version="2.14.5.0" guid="0a121c8b-24f7-46bb-97b6-b75c26a4b9a8"/>
	</Signal>
	<Signal id="SIGNAL_2-36-0-38f5" name="CR101">
		<AppRef name="E3.Series" version="2.14.5.0" guid="efa12c2a-d019-4e83-a4ae-4e41d215b965"/>
	</Signal>
	<Signal id="SIGNAL_2-36-0-38f6" name="CR102">
		<AppRef name="E3.Series" version="2.14.5.0" guid="f4b912f2-a13c-40be-a0ab-1f6f7fa1f351"/>
	</Signal>
	<Signal id="SIGNAL_2-36-0-38f7" name="CR103">
		<AppRef name="E3.Series" version="2.14.5.0" guid="68261641-c537-4856-bdf6-2e9f6707c17d"/>
	</Signal>
	<Signal id="SIGNAL_2-36-0-38f8" name="CR104">
		<AppRef name="E3.Series" version="2.14.5.0" guid="4e51d32f-ba98-4407-8739-723c045099af"/>
	</Signal>
	<Signal id="SIGNAL_2-36-0-3912" name="CR139">
		<AppRef name="E3.Series" version="2.14.5.0" guid="5ae0b10e-086e-470b-89c3-52e6538cb58c"/>
	</Signal>
	<Signal id="SIGNAL_2-36-0-3916" name="CR144">
		<AppRef name="E3.Series" version="2.14.5.0" guid="e9fa328e-a15d-4eab-9c7f-4cbb90559020"/>
	</Signal>
	<Signal id="SIGNAL_2-36-0-3926" name="CR168">
		<AppRef name="E3.Series" version="2.14.5.0" guid="4d142f4f-bf64-4389-aacc-58ba28c52bf1"/>
	</Signal>
	<Signal id="SIGNAL_2-36-0-3927" name="CR169">
		<AppRef name="E3.Series" version="2.14.5.0" guid="0694c08d-4479-4400-8295-231c606d9993"/>
	</Signal>
	<Signal id="SIGNAL_d-36-0-e301f" name="CR189">
		<AppRef name="E3.Series" version="2.14.5.0" guid="3f88a0be-a9d7-4fa8-8682-6c9dd0e58cc5"/>
	</Signal>
	<Signal id="SIGNAL_d-36-0-e3013" name="CR190">
		<AppRef name="E3.Series" version="2.14.5.0" guid="688e2ab6-9dc7-4eaf-bb58-9cd5dd8f4017"/>
	</Signal>
	<Signal id="SIGNAL_18-36-0-1a6df6" name="CR194">
		<AppRef name="E3.Series" version="2.14.5.0" guid="c963d473-e77e-4253-92d1-22eb6ef91845"/>
	</Signal>
	<Signal id="SIGNAL_18-36-0-25383a" name="CRT36">
		<AppRef name="E3.Series" version="2.14.5.0" guid="6aa45ba6-df2f-4830-8a8b-404bc43097cf"/>
	</Signal>
	<Signal id="SIGNAL_2-36-0-3989" name="CRW15">
		<AppRef name="E3.Series" version="2.14.5.0" guid="810e9e69-27c9-4627-bd4a-db269b96ac9a"/>
	</Signal>
	<Signal id="SIGNAL_5d-36-0-c7b94" signalClassId="SIGNAL_CLASS_b8-36-0-3f10e2" name="CYA17">
		<AppRef name="E3.Series" version="2.14.5.0" guid="00a0ff1d-6466-482e-8aa3-a55f52a343e8"/>
	</Signal>
	<Signal id="SIGNAL_2-36-0-39d6" name="DLF32">
		<AppRef name="E3.Series" version="2.14.5.0" guid="b96bfad7-8046-4bf9-8dff-8189f7a367da"/>
	</Signal>
	<Signal id="SIGNAL_2-36-0-39d7" name="DLF33">
		<AppRef name="E3.Series" version="2.14.5.0" guid="4b1a48e1-5590-4a84-9fca-efbaecefc69b"/>
	</Signal>
	<Signal id="SIGNAL_2-36-0-39f2" name="DME80">
		<AppRef name="E3.Series" version="2.14.5.0" guid="039ec25e-1a9b-47bf-bc8b-cf0d5128cb97"/>
	</Signal>
	<Signal id="SIGNAL_2-36-0-3a83" name="GD214">
		<AppRef name="E3.Series" version="2.14.5.0" guid="dfbfed87-513a-47ba-a1dd-d2b4995ecd68"/>
	</Signal>
	<Signal id="SIGNAL_2-36-0-3a84" name="GD215">
		<AppRef name="E3.Series" version="2.14.5.0" guid="f91743da-c0b2-46e0-9003-1560095a40a5"/>
	</Signal>
	<Signal id="SIGNAL_2-36-0-3a85" signalClassId="SIGNAL_CLASS_c0-36-0-1831b" name="GD216">
		<AppRef name="E3.Series" version="2.14.5.0" guid="bda7fe47-755e-41a8-ad53-b5946e67636b"/>
	</Signal>
	<Signal id="SIGNAL_18-36-0-253f0a" name="HYA10">
		<AppRef name="E3.Series" version="2.14.5.0" guid="ddab8e9f-92e0-43b1-bff9-a4c169aff8e9"/>
	</Signal>
	<Signal id="SIGNAL_18-36-0-253f24" name="HYA12">
		<AppRef name="E3.Series" version="2.14.5.0" guid="7dfd429a-b5cc-47a1-b1e9-b21e07232e7d"/>
	</Signal>
	<Signal id="SIGNAL_2-36-0-3afb" name="LAT30">
		<AppRef name="E3.Series" version="2.14.5.0" guid="d4bcd0ea-d316-481c-8856-e7afc00f3501"/>
	</Signal>
	<Signal id="SIGNAL_99-36-0-15f16c" name="LAT38">
		<AppRef name="E3.Series" version="2.14.5.0" guid="b06a0dc1-3fd6-49eb-ab8c-f8eadeef556a"/>
	</Signal>
	<Signal id="SIGNAL_2-36-0-3b44" name="LH111">
		<AppRef name="E3.Series" version="2.14.5.0" guid="51b15be3-a05a-4187-867d-d8b9df305c5b"/>
	</Signal>
	<Signal id="SIGNAL_2-36-0-3b47" name="LLF16">
		<AppRef name="E3.Series" version="2.14.5.0" guid="7cb0a65e-3563-4c7a-b87d-428e8488bd7a"/>
	</Signal>
	<Signal id="SIGNAL_2-36-0-3b4b" name="LME89">
		<AppRef name="E3.Series" version="2.14.5.0" guid="64aec172-03c8-4cbe-adfb-50831c452310"/>
	</Signal>
	<Signal id="SIGNAL_99-36-0-15fd1f" name="LMEC9">
		<AppRef name="E3.Series" version="2.14.5.0" guid="1d92505a-37cf-46fb-84fd-85af9487b969"/>
	</Signal>
	<Signal id="SIGNAL_2-36-0-3b7e" name="RAT30">
		<AppRef name="E3.Series" version="2.14.5.0" guid="cfe7437d-2fef-4c94-a05e-d0a27619287d"/>
	</Signal>
	<Signal id="SIGNAL_99-36-0-15f7a1" name="RE472">
		<AppRef name="E3.Series" version="2.14.5.0" guid="dc596416-07ac-40d9-a486-164cba38b8e2"/>
	</Signal>
	<Signal id="SIGNAL_2-36-0-3c37" name="RH111">
		<AppRef name="E3.Series" version="2.14.5.0" guid="d30beffe-0580-4a9b-a35a-9c7c29b800bb"/>
	</Signal>
	<Signal id="SIGNAL_2-36-0-3c46" name="RHS05">
		<AppRef name="E3.Series" version="2.14.5.0" guid="109e9316-b0c8-4a7c-af4f-bca1bd33be57"/>
	</Signal>
	<Signal id="SIGNAL_2-36-0-3c4a" name="RHS10">
		<AppRef name="E3.Series" version="2.14.5.0" guid="54cc3f33-2c54-4a5d-a086-b2734f54bcb4"/>
	</Signal>
	<Signal id="SIGNAL_2-36-0-3c60" name="RLF14">
		<AppRef name="E3.Series" version="2.14.5.0" guid="e165e597-85ea-4c2f-949a-e67d12d281eb"/>
	</Signal>
	<Signal id="SIGNAL_2-36-0-3c62" name="RLF16">
		<AppRef name="E3.Series" version="2.14.5.0" guid="81d9ded1-feed-40d0-9771-460a9859d9ef"/>
	</Signal>
	<Signal id="SIGNAL_2-36-0-3c79" name="RMC32">
		<AppRef name="E3.Series" version="2.14.5.0" guid="2c749997-25f3-461d-b516-8e269def28d8"/>
	</Signal>
	<Signal id="SIGNAL_2-36-0-3c82" name="RME06">
		<AppRef name="E3.Series" version="2.14.5.0" guid="1870c50e-9ebf-4502-8e12-2f94f49048a0"/>
	</Signal>
	<Signal id="SIGNAL_4c-36-0-75879f" name="RME07_RME12">
		<AppRef name="E3.Series" version="2.14.5.0" guid="2324bf9c-4f98-4e60-994c-a09af3e3a677"/>
	</Signal>
	<Signal id="SIGNAL_2-36-0-3c8a" name="RME15">
		<AppRef name="E3.Series" version="2.14.5.0" guid="4a4cb32d-39de-4a66-8df7-1e6c04ba6ed6"/>
	</Signal>
	<Signal id="SIGNAL_2-36-0-3c8b" name="RME16">
		<AppRef name="E3.Series" version="2.14.5.0" guid="eabc1552-363f-4a5a-8194-b3383d0acd68"/>
	</Signal>
	<Signal id="SIGNAL_2-36-0-3c9f" name="RME52">
		<AppRef name="E3.Series" version="2.14.5.0" guid="df470c52-eed9-45c3-9dfb-54336b4d416b"/>
	</Signal>
	<Signal id="SIGNAL_2-36-0-3ca0" name="RME53">
		<AppRef name="E3.Series" version="2.14.5.0" guid="93a295ea-7c1d-4a26-b5c2-16e8cf2177ad"/>
	</Signal>
	<Signal id="SIGNAL_2-36-0-3cb6" name="RME80">
		<AppRef name="E3.Series" version="2.14.5.0" guid="7607efde-c508-4a35-bde8-66c44329cca5"/>
	</Signal>
	<Signal id="SIGNAL_2-36-0-3cbd" name="RME89">
		<AppRef name="E3.Series" version="2.14.5.0" guid="505ef9e9-9d1b-4aa2-b038-0cb760c2f6bd"/>
	</Signal>
	<Signal id="SIGNAL_2-36-0-3ccd" signalClassId="SIGNAL_CLASS_13-36-0-2db767" name="RMM13">
		<AppRef name="E3.Series" version="2.14.5.0" guid="22a300d5-f5ae-4657-9a74-9458ed7626b6"/>
	</Signal>
	<Signal id="SIGNAL_2-36-0-3cf1" signalClassId="SIGNAL_CLASS_95-36-0-8c08cb" name="RPK08">
		<AppRef name="E3.Series" version="2.14.5.0" guid="c1590b31-3ffb-4423-80d8-ccca9397ae12"/>
	</Signal>
	<Signal id="SIGNAL_2-36-0-3d0d" name="RPP06">
		<AppRef name="E3.Series" version="2.14.5.0" guid="3ca2dc36-4151-4e9c-a35b-b46b8929ef39"/>
	</Signal>
	<Signal id="SIGNAL_2-36-0-3d32" name="RPW05">
		<AppRef name="E3.Series" version="2.14.5.0" guid="96759b0f-6cda-4a92-a057-05eef545995f"/>
	</Signal>
	<Signal id="SIGNAL_2-36-0-3d3a" name="RR101">
		<AppRef name="E3.Series" version="2.14.5.0" guid="2bcfdeac-9042-4076-8afb-e7dc66c7f3d5"/>
	</Signal>
	<Signal id="SIGNAL_2-36-0-3d3b" name="RR102">
		<AppRef name="E3.Series" version="2.14.5.0" guid="47051831-d635-4809-94b2-6283fc0e12fc"/>
	</Signal>
	<Signal id="SIGNAL_2-36-0-3d3c" name="RR103">
		<AppRef name="E3.Series" version="2.14.5.0" guid="a67ed308-b42e-4c8d-a4e6-858111058540"/>
	</Signal>
	<Signal id="SIGNAL_2-36-0-3d3d" name="RR104">
		<AppRef name="E3.Series" version="2.14.5.0" guid="e3821331-83f4-48ec-8289-743b3412dafa"/>
	</Signal>
	<Signal id="SIGNAL_2-36-0-3d52" name="RR129">
		<AppRef name="E3.Series" version="2.14.5.0" guid="fc45f09f-3d67-48c7-b466-0ff1181f381d"/>
	</Signal>
	<Signal id="SIGNAL_2-36-0-3d53" name="RR130">
		<AppRef name="E3.Series" version="2.14.5.0" guid="1337da73-3424-4d35-b5aa-6d02220437ed"/>
	</Signal>
	<Signal id="SIGNAL_2-36-0-3d5c" name="RR139">
		<AppRef name="E3.Series" version="2.14.5.0" guid="a5b808c8-92e5-47c5-af76-8b08cd6562fb"/>
	</Signal>
	<Signal id="SIGNAL_2-36-0-3d61" name="RR144">
		<AppRef name="E3.Series" version="2.14.5.0" guid="9317aabc-7951-406d-820f-44206e2f3469"/>
	</Signal>
	<Signal id="SIGNAL_2-36-0-3d74" name="RR168">
		<AppRef name="E3.Series" version="2.14.5.0" guid="d92573b4-988a-49b3-b565-6234e20a32d0"/>
	</Signal>
	<Signal id="SIGNAL_2-36-0-3d75" name="RR169">
		<AppRef name="E3.Series" version="2.14.5.0" guid="35f90e1d-369d-46c1-aba4-900b42c2b17a"/>
	</Signal>
	<Signal id="SIGNAL_10-36-0-3c975c" name="RRC07">
		<AppRef name="E3.Series" version="2.14.5.0" guid="5a5c09bf-be62-4104-9093-56cbbba066f0"/>
	</Signal>
	<Signal id="SIGNAL_10-36-0-3c975a" name="RRC08">
		<AppRef name="E3.Series" version="2.14.5.0" guid="4b01631e-2c22-42de-86c4-baa9aae1e6a8"/>
	</Signal>
	<Signal id="SIGNAL_2-36-0-3d8f" name="RRH02">
		<AppRef name="E3.Series" version="2.14.5.0" guid="35bcd79e-6456-4e18-ae3e-7997b771a722"/>
	</Signal>
	<Signal id="SIGNAL_2-36-0-3e44" name="SBB38">
		<AppRef name="E3.Series" version="2.14.5.0" guid="c73fa851-d799-444e-81e3-69032097f135"/>
	</Signal>
	<Signal id="SIGNAL_2-36-0-3e87" name="SBBA5">
		<AppRef name="E3.Series" version="2.14.5.0" guid="db5731f5-a91a-4711-8255-15b91a112430"/>
	</Signal>
	<Signal id="SIGNAL_18-36-0-2516c2" name="SBBG0">
		<AppRef name="E3.Series" version="2.14.5.0" guid="02d6d8df-6781-4d09-9cbc-c2667a5b805d"/>
	</Signal>
	<Signal id="SIGNAL_2-36-0-3eb9" name="SBP03">
		<AppRef name="E3.Series" version="2.14.5.0" guid="845925d5-a7a3-4af3-80b2-6416f4d3a9c6"/>
	</Signal>
	<Signal id="SIGNAL_2-36-0-3ebd" name="SBP07">
		<AppRef name="E3.Series" version="2.14.5.0" guid="5d349cc6-035e-440c-971b-4d377c32d9ea"/>
	</Signal>
	<Signal id="SIGNAL_2-36-0-3ec3" name="SBP13">
		<AppRef name="E3.Series" version="2.14.5.0" guid="65fcd559-1351-4d65-9ae5-5e292ac9e9e2"/>
	</Signal>
	<Signal id="SIGNAL_2-36-0-3ec5" name="SBP15">
		<AppRef name="E3.Series" version="2.14.5.0" guid="665f3898-8c5a-4004-83b6-50adaf27aad3"/>
	</Signal>
	<Signal id="SIGNAL_2-36-0-3ec9" name="SBP19">
		<AppRef name="E3.Series" version="2.14.5.0" guid="503e6c98-cca3-4ebf-a654-62be8f2fc51e"/>
	</Signal>
	<Signal id="SIGNAL_2-36-0-3eca" name="SBP20">
		<AppRef name="E3.Series" version="2.14.5.0" guid="47779ab1-7b6f-48ee-99b9-83547508f25c"/>
	</Signal>
	<Signal id="SIGNAL_2-36-0-3ed5" name="SBP31">
		<AppRef name="E3.Series" version="2.14.5.0" guid="b0489bf7-33fe-439f-8e35-719d79b3c70a"/>
	</Signal>
	<Signal id="SIGNAL_2-36-0-3ed6" name="SBP32">
		<AppRef name="E3.Series" version="2.14.5.0" guid="2fd3e69e-7900-4e24-a1c2-5cfadefbfd68"/>
	</Signal>
	<Signal id="SIGNAL_2-36-0-3f80" name="VAT30">
		<AppRef name="E3.Series" version="2.14.5.0" guid="55a8c26d-3d71-4f65-a520-9417802ed42b"/>
	</Signal>
	<Signal id="SIGNAL_d-36-0-e26d9" name="VAT37">
		<AppRef name="E3.Series" version="2.14.5.0" guid="c4f9c1b6-8ba0-4950-9d13-a32dcd5a04fe"/>
	</Signal>
	<Signal id="SIGNAL_18-36-0-251462" name="VAT41">
		<AppRef name="E3.Series" version="2.14.5.0" guid="5c607dce-47fc-41cf-87af-c631cc922fa4"/>
	</Signal>
	<Signal id="SIGNAL_2-36-0-3fc0" name="VDB04">
		<AppRef name="E3.Series" version="2.14.5.0" guid="f7743a14-1e34-4c09-8aee-707403822ef1"/>
	</Signal>
	<Signal id="SIGNAL_2-36-0-3fc1" name="VDB05">
		<AppRef name="E3.Series" version="2.14.5.0" guid="19d67ab2-e824-4271-8c06-3cf0f21eec9f"/>
	</Signal>
	<Signal id="SIGNAL_2-36-0-3fc2" signalClassId="SIGNAL_CLASS_e4-36-0-d8e94" name="VDB06">
		<AppRef name="E3.Series" version="2.14.5.0" guid="75ee8cae-4fa2-434d-ae79-85a2dc0e6b74"/>
	</Signal>
	<Signal id="SIGNAL_2-36-0-3fc3" name="VDB07">
		<AppRef name="E3.Series" version="2.14.5.0" guid="c604900c-e41a-4744-8ce5-293051ea0fc5"/>
	</Signal>
	<Signal id="SIGNAL_2-36-0-3fd3" signalClassId="SIGNAL_CLASS_f6-36-0-632676" name="VDB25">
		<AppRef name="E3.Series" version="2.14.5.0" guid="4fd52b57-a0c8-4239-9fb3-a3be932c8f3f"/>
	</Signal>
	<Signal id="SIGNAL_2-36-0-3fd4" signalClassId="SIGNAL_CLASS_f6-36-0-632685" name="VDB26">
		<AppRef name="E3.Series" version="2.14.5.0" guid="e4a6a72f-75fb-453f-907d-1367fbb644ac"/>
	</Signal>
	<Signal id="SIGNAL_2-36-0-3fd5" name="VDB27">
		<AppRef name="E3.Series" version="2.14.5.0" guid="9cbe23e1-7804-441b-ba8d-f3c5b8ec3953"/>
	</Signal>
	<Signal id="SIGNAL_2-36-0-3fd6" name="VDB28">
		<AppRef name="E3.Series" version="2.14.5.0" guid="44f14f07-9c72-492b-a931-860f56c61218"/>
	</Signal>
	<Signal id="SIGNAL_2-36-0-3fd7" signalClassId="SIGNAL_CLASS_a6-36-0-34f6a" name="VDB29">
		<AppRef name="E3.Series" version="2.14.5.0" guid="5b749aad-d94c-4939-94ca-7e12ec2a76bd"/>
	</Signal>
	<Signal id="SIGNAL_2-36-0-3fd8" name="VDB30">
		<AppRef name="E3.Series" version="2.14.5.0" guid="6f5e8f18-1349-483a-8ceb-4f4043f7a2b3"/>
	</Signal>
	<Signal id="SIGNAL_18-36-0-251beb" name="VDB31">
		<AppRef name="E3.Series" version="2.14.5.0" guid="c4f587b1-7249-4341-9290-c9141592b0e5"/>
	</Signal>
	<Signal id="SIGNAL_18-36-0-251bf8" name="VDB32">
		<AppRef name="E3.Series" version="2.14.5.0" guid="09839802-7f65-4114-b934-28ef70431de0"/>
	</Signal>
	<Signal id="SIGNAL_18-36-0-251c05" name="VDB33">
		<AppRef name="E3.Series" version="2.14.5.0" guid="9e402c43-a445-4a85-b478-a1349746ad66"/>
	</Signal>
	<Signal id="SIGNAL_18-36-0-251c11" name="VDB34">
		<AppRef name="E3.Series" version="2.14.5.0" guid="e0c074fc-7c6b-4288-8103-42d8e1b8e0eb"/>
	</Signal>
	<Signal id="SIGNAL_18-36-0-251c1d" name="VDB35">
		<AppRef name="E3.Series" version="2.14.5.0" guid="e405845b-16f4-4086-8350-54ceb62019a2"/>
	</Signal>
	<Signal id="SIGNAL_18-36-0-251c29" name="VDB36">
		<AppRef name="E3.Series" version="2.14.5.0" guid="6cbffbbe-fb4e-4797-8d6c-f8801de977c0"/>
	</Signal>
	<Signal id="SIGNAL_18-36-0-251c4d" name="VDB41">
		<AppRef name="E3.Series" version="2.14.5.0" guid="634068e5-3db9-42c1-9c65-d5ba71ee64c4"/>
	</Signal>
	<Signal id="SIGNAL_18-36-0-251c5a" name="VDB42">
		<AppRef name="E3.Series" version="2.14.5.0" guid="eb5ac82e-ff6f-4ced-862a-6e1649197a79"/>
	</Signal>
	<Signal id="SIGNAL_18-36-0-251c67" name="VDB43">
		<AppRef name="E3.Series" version="2.14.5.0" guid="aa681eea-3e65-4d49-bfda-566e892e3068"/>
	</Signal>
	<Signal id="SIGNAL_18-36-0-251c74" name="VDB44">
		<AppRef name="E3.Series" version="2.14.5.0" guid="9f19647c-fc89-4f7e-a57d-2866081cecc0"/>
	</Signal>
	<Signal id="SIGNAL_18-36-0-251c81" name="VDB45">
		<AppRef name="E3.Series" version="2.14.5.0" guid="323ac605-b146-4ce2-9487-f43fc977eb12"/>
	</Signal>
	<Signal id="SIGNAL_18-36-0-251c8e" name="VDB46">
		<AppRef name="E3.Series" version="2.14.5.0" guid="64dce94e-5670-4996-9c9d-bacc3ed18bbd"/>
	</Signal>
	<Signal id="SIGNAL_18-36-0-251cb5" name="VDB49">
		<AppRef name="E3.Series" version="2.14.5.0" guid="6597c825-f85d-46bf-87c5-396b86e6ccb1"/>
	</Signal>
	<Signal id="SIGNAL_18-36-0-251cc2" name="VDB50">
		<AppRef name="E3.Series" version="2.14.5.0" guid="58617bfd-9828-4d02-9cca-bca07817c809"/>
	</Signal>
	<Signal id="SIGNAL_13-36-0-2cd271" name="VDB51">
		<AppRef name="E3.Series" version="2.14.5.0" guid="9786b84c-69a9-49a0-adeb-17bee172236e"/>
	</Signal>
	<Signal id="SIGNAL_13-36-0-2cd25c" name="VDB52">
		<AppRef name="E3.Series" version="2.14.5.0" guid="65a1b212-deb8-4ca5-8ce2-cb141e02fd58"/>
	</Signal>
	<Signal id="SIGNAL_2-36-0-3fe1" name="VDN01">
		<AppRef name="E3.Series" version="2.14.5.0" guid="72eb0cc0-82db-4cc4-b70f-dab0061023b8"/>
	</Signal>
	<Signal id="SIGNAL_2-36-0-3fe2" name="VDN02">
		<AppRef name="E3.Series" version="2.14.5.0" guid="9825b992-aa6c-4b7c-905f-78338925909a"/>
	</Signal>
	<Signal id="SIGNAL_d-36-0-e2ad6" name="VDN15">
		<AppRef name="E3.Series" version="2.14.5.0" guid="43f88378-2124-4633-a447-9f1c5fb39879"/>
	</Signal>
	<Signal id="SIGNAL_99-36-0-15f6fe" name="VDN17">
		<AppRef name="E3.Series" version="2.14.5.0" guid="7a86ef7c-dcdf-48e9-82f1-0842393b567c"/>
	</Signal>
	<Signal id="SIGNAL_56-36-0-8325a" name="VE474">
		<AppRef name="E3.Series" version="2.14.5.0" guid="12da1086-ab6a-48c3-8aa2-74435ebacd68"/>
	</Signal>
	<Signal id="SIGNAL_56-36-0-8325b" name="VE475">
		<AppRef name="E3.Series" version="2.14.5.0" guid="67d420f3-0a8f-4fa7-a385-246a3d5bf881"/>
	</Signal>
	<Signal id="SIGNAL_2-36-0-40b3" name="VH101">
		<AppRef name="E3.Series" version="2.14.5.0" guid="15aa91aa-2bc3-4e56-84f3-a581a7d3a418"/>
	</Signal>
	<Signal id="SIGNAL_2-36-0-40ba" name="VH406">
		<AppRef name="E3.Series" version="2.14.5.0" guid="93ba0cb3-3a5e-4854-a2c4-496a3cb1cdc5"/>
	</Signal>
	<Signal id="SIGNAL_2-36-0-40bd" name="VH409">
		<AppRef name="E3.Series" version="2.14.5.0" guid="b437524f-6044-4fa9-8aa9-a509e6fb3e6f"/>
	</Signal>
	<Signal id="SIGNAL_2-36-0-40be" name="VH410">
		<AppRef name="E3.Series" version="2.14.5.0" guid="2e0ad544-3f35-4d67-9650-9323e07125b2"/>
	</Signal>
	<Signal id="SIGNAL_2-36-0-40bf" name="VH411">
		<AppRef name="E3.Series" version="2.14.5.0" guid="4bc8fccf-3ea8-4d4e-b5db-02db6222ff3f"/>
	</Signal>
	<Signal id="SIGNAL_2-36-0-40c0" name="VH412">
		<AppRef name="E3.Series" version="2.14.5.0" guid="c1195263-8a79-4c33-aa96-49ddbf300990"/>
	</Signal>
	<Signal id="SIGNAL_2-36-0-40c1" name="VH413">
		<AppRef name="E3.Series" version="2.14.5.0" guid="973a8f91-52d9-42f2-9767-e8df4792121d"/>
	</Signal>
	<Signal id="SIGNAL_2-36-0-40c2" name="VH414">
		<AppRef name="E3.Series" version="2.14.5.0" guid="58faee79-c377-4f8e-b868-f453eff69f23"/>
	</Signal>
	<Signal id="SIGNAL_2-36-0-40c4" name="VH416">
		<AppRef name="E3.Series" version="2.14.5.0" guid="c548bdee-7344-492f-8a99-7b37d6b30132"/>
	</Signal>
	<Signal id="SIGNAL_2-36-0-40c5" name="VH417">
		<AppRef name="E3.Series" version="2.14.5.0" guid="c8d4f8b0-a03e-4167-b7b2-df6858169590"/>
	</Signal>
	<Signal id="SIGNAL_42-36-0-18a61d1" name="VH421">
		<AppRef name="E3.Series" version="2.14.5.0" guid="b0e11fc0-b77d-4246-83f2-32119e839207"/>
	</Signal>
	<Signal id="SIGNAL_2-36-0-40c8" name="VH436">
		<AppRef name="E3.Series" version="2.14.5.0" guid="e238324e-031f-4935-836f-13347b725b67"/>
	</Signal>
	<Signal id="SIGNAL_2-36-0-40ca" name="VH438">
		<AppRef name="E3.Series" version="2.14.5.0" guid="6e030c6a-b254-4a0b-9462-7896f88ce020"/>
	</Signal>
	<Signal id="SIGNAL_2-36-0-40cc" name="VH440">
		<AppRef name="E3.Series" version="2.14.5.0" guid="9f269143-550b-4b5a-9841-22b841150890"/>
	</Signal>
	<Signal id="SIGNAL_2-36-0-40cd" name="VH441">
		<AppRef name="E3.Series" version="2.14.5.0" guid="f4449111-18eb-4eea-baae-417890365448"/>
	</Signal>
	<Signal id="SIGNAL_18-36-0-2529a8" name="VH469">
		<AppRef name="E3.Series" version="2.14.5.0" guid="53c47492-247a-48d5-be71-2ce50825c67b"/>
	</Signal>
	<Signal id="SIGNAL_18-36-0-2529b4" name="VH470">
		<AppRef name="E3.Series" version="2.14.5.0" guid="826ff97e-4fb2-427a-a415-306b346ce291"/>
	</Signal>
	<Signal id="SIGNAL_2-36-0-4103" name="VLF14">
		<AppRef name="E3.Series" version="2.14.5.0" guid="b6ecf64c-6148-405c-bc47-f55b1a4eb0c8"/>
	</Signal>
	<Signal id="SIGNAL_2-36-0-4104" signalClassId="SIGNAL_CLASS_95-36-0-87eb76" name="VLF15">
		<AppRef name="E3.Series" version="2.14.5.0" guid="24212937-2835-45d1-a574-41cdb5381b6c"/>
	</Signal>
	<Signal id="SIGNAL_2-36-0-4105" name="VLF16">
		<AppRef name="E3.Series" version="2.14.5.0" guid="3c74297a-e797-4f68-ab5f-ceb5121922ba"/>
	</Signal>
	<Signal id="SIGNAL_2-36-0-4108" name="VLF32">
		<AppRef name="E3.Series" version="2.14.5.0" guid="81c28454-d10b-4c86-885b-a958d81bc4c4"/>
	</Signal>
	<Signal id="SIGNAL_2-36-0-4109" name="VLF33">
		<AppRef name="E3.Series" version="2.14.5.0" guid="eee7d804-30e4-43c1-94a3-cf25a3de8c89"/>
	</Signal>
	<Signal id="SIGNAL_2-36-0-410a" name="VLF59">
		<AppRef name="E3.Series" version="2.14.5.0" guid="64f22cae-d907-4ec3-86df-1bed9778fe42"/>
	</Signal>
	<Signal id="SIGNAL_2-36-0-410b" name="VLF60">
		<AppRef name="E3.Series" version="2.14.5.0" guid="6623120d-82a5-40a8-853e-e93468c38ddb"/>
	</Signal>
	<Signal id="SIGNAL_2-36-0-4111" signalClassId="SIGNAL_CLASS_a6-36-0-34f6a" name="VLN04">
		<AppRef name="E3.Series" version="2.14.5.0" guid="93444767-ff79-4d0c-a800-4861fd2584d8"/>
	</Signal>
	<Signal id="SIGNAL_cb-36-0-20ef6" signalClassId="SIGNAL_CLASS_95-36-0-8e577e" name="VLN74">
		<AppRef name="E3.Series" version="2.14.5.0" guid="7bf2195e-844e-400b-9ca1-2dcdbda14891"/>
	</Signal>
	<Signal id="SIGNAL_2-36-0-4128" name="VMC11">
		<AppRef name="E3.Series" version="2.14.5.0" guid="f57961b2-efe0-4183-8e59-a0fae3af8b8a"/>
	</Signal>
	<Signal id="SIGNAL_2-36-0-413c" name="VMC49">
		<AppRef name="E3.Series" version="2.14.5.0" guid="d36240f0-9bb6-4345-b698-7dea26662a76"/>
	</Signal>
	<Signal id="SIGNAL_2-36-0-413f" name="VME06">
		<AppRef name="E3.Series" version="2.14.5.0" guid="1eba2835-d733-4332-b4e6-ecff43787856"/>
	</Signal>
	<Signal id="SIGNAL_4c-36-0-777d7f" name="VME07_VME12">
		<AppRef name="E3.Series" version="2.14.5.0" guid="511e1511-1213-4f50-8059-b0175e88d23f"/>
	</Signal>
	<Signal id="SIGNAL_2-36-0-4147" name="VME15">
		<AppRef name="E3.Series" version="2.14.5.0" guid="ad646687-d9d5-4c09-b270-53f285dc8b5d"/>
	</Signal>
	<Signal id="SIGNAL_2-36-0-4148" name="VME16">
		<AppRef name="E3.Series" version="2.14.5.0" guid="28337e02-653b-4a44-b6c7-e2254a328268"/>
	</Signal>
	<Signal id="SIGNAL_2-36-0-4163" name="VME52">
		<AppRef name="E3.Series" version="2.14.5.0" guid="2904aeee-93c0-4f12-a8aa-8fb562a7dde6"/>
	</Signal>
	<Signal id="SIGNAL_2-36-0-4164" name="VME53">
		<AppRef name="E3.Series" version="2.14.5.0" guid="4b647b83-9fc0-4ad1-b411-c244ecebeccc"/>
	</Signal>
	<Signal id="SIGNAL_2-36-0-417e" name="VME80">
		<AppRef name="E3.Series" version="2.14.5.0" guid="ced9d8e2-d1f2-46aa-b6c6-286000b48bb8"/>
	</Signal>
	<Signal id="SIGNAL_18-36-0-252dac" name="VMEF7">
		<AppRef name="E3.Series" version="2.14.5.0" guid="11d42385-9200-4207-9769-9af9de9c88c1"/>
	</Signal>
	<Signal id="SIGNAL_18-36-0-252db8" name="VMEF8">
		<AppRef name="E3.Series" version="2.14.5.0" guid="c49fa62b-d3e6-46a7-8ed3-10057631af1b"/>
	</Signal>
	<Signal id="SIGNAL_18-36-0-252ddc" name="VMEG1">
		<AppRef name="E3.Series" version="2.14.5.0" guid="d9001f1a-97da-4bbb-a6ec-f97f398e341d"/>
	</Signal>
	<Signal id="SIGNAL_18-36-0-252de8" name="VMEG2">
		<AppRef name="E3.Series" version="2.14.5.0" guid="8bd9848f-ba28-4c59-96fe-9640964405e8"/>
	</Signal>
	<Signal id="SIGNAL_33-36-0-2adb14" name="VMF14">
		<AppRef name="E3.Series" version="2.14.5.0" guid="87c65283-0309-4b35-b48b-acafd12156dc"/>
	</Signal>
	<Signal id="SIGNAL_2-36-0-41ad" signalClassId="SIGNAL_CLASS_13-36-0-2db77a" name="VMM13">
		<AppRef name="E3.Series" version="2.14.5.0" guid="64d5e8d1-6c5c-4da1-ae3c-e4245da8d9db"/>
	</Signal>
	<Signal id="SIGNAL_18-36-0-25311d" signalClassId="SIGNAL_CLASS_cb-36-0-6172e6" name="VMM36">
		<AppRef name="E3.Series" version="2.14.5.0" guid="71b8b819-e4bd-4b3e-b277-8265d584789e"/>
	</Signal>
	<Signal id="SIGNAL_18-36-0-253129" signalClassId="SIGNAL_CLASS_cb-36-0-6172d8" name="VMM37">
		<AppRef name="E3.Series" version="2.14.5.0" guid="36ded036-0d3c-40c8-9a65-040526dde0f8"/>
	</Signal>
	<Signal id="SIGNAL_2-36-0-41d7" signalClassId="SIGNAL_CLASS_a6-36-0-34f6a" name="VMP24">
		<AppRef name="E3.Series" version="2.14.5.0" guid="8cce4d7a-714a-4fbb-938a-d62e888b5d41"/>
	</Signal>
	<Signal id="SIGNAL_2-36-0-420b" signalClassId="SIGNAL_CLASS_95-36-0-8c08da" name="VPK08">
		<AppRef name="E3.Series" version="2.14.5.0" guid="4710595f-a72f-42bf-99f4-f45981b73c17"/>
	</Signal>
	<Signal id="SIGNAL_2-36-0-4216" name="VPL56">
		<AppRef name="E3.Series" version="2.14.5.0" guid="e46af23c-f06f-4dcb-9e90-0c27fe2e9060"/>
	</Signal>
	<Signal id="SIGNAL_2-36-0-421b" name="VPP08">
		<AppRef name="E3.Series" version="2.14.5.0" guid="6d7ae79c-204c-48e8-a975-a45524595c7e"/>
	</Signal>
	<Signal id="SIGNAL_2-36-0-421d" name="VPP17">
		<AppRef name="E3.Series" version="2.14.5.0" guid="679eb39e-f49f-4cbf-b837-1f3bb9fe5b6b"/>
	</Signal>
	<Signal id="SIGNAL_2-36-0-424a" name="VR213">
		<AppRef name="E3.Series" version="2.14.5.0" guid="67b3010f-aee7-4215-ba8d-a801f6a79c25"/>
	</Signal>
	<Signal id="SIGNAL_2-36-0-424b" name="VR214">
		<AppRef name="E3.Series" version="2.14.5.0" guid="20e336d0-afee-4a09-adcb-238a2139a079"/>
	</Signal>
	<Signal id="SIGNAL_10-36-0-3c975b" name="VRC07">
		<AppRef name="E3.Series" version="2.14.5.0" guid="09d07896-f403-4877-bff2-b63326a922ae"/>
	</Signal>
	<Signal id="SIGNAL_10-36-0-3c9759" name="VRC08">
		<AppRef name="E3.Series" version="2.14.5.0" guid="ce7a0b10-d418-4caa-91a2-5eb2002c51cc"/>
	</Signal>
	<Signal id="SIGNAL_d-36-0-e3067" name="VX107">
		<AppRef name="E3.Series" version="2.14.5.0" guid="29702250-9240-4076-a9f8-b833b0c48987"/>
	</Signal>
	<Signal id="SIGNAL_51-36-0-126ccb" name="VYA21">
		<AppRef name="E3.Series" version="2.14.5.0" guid="142ec387-58f0-4615-8a96-99d3423faed9"/>
	</Signal>
	<Signal id="SIGNAL_2-36-0-4434" name="ZA501">
		<AppRef name="E3.Series" version="2.14.5.0" guid="7b8e6328-d677-4ed6-ab24-162db26ff533"/>
	</Signal>
	<Signal id="SIGNAL_18-36-0-25321b" name="ZNG02">
		<AppRef name="E3.Series" version="2.14.5.0" guid="9c2f555e-6d4b-4846-92cf-1fd0311a8e40"/>
	</Signal>
</Harness>
